2025-12-23 13:34:45,192 - INFO - Matplotlib 字体设置：使用回退字体列表，首选可用字体: Noto Sans CJK JP
2025-12-23 13:34:46,652 - INFO - 使用 ChromeDriver: /usr/bin/chromedriver
2025-12-23 13:34:46,652 - WARNING - Using CPU. Note: This module is much faster with a GPU.
2025-12-23 13:34:48,259 - INFO - OCR识别器初始化成功
2025-12-23 13:34:48,259 - INFO - 开始南京大学电费监控流程（自动无头模式）
2025-12-23 13:34:48,259 - INFO - 正在打开页面: https://epay.nju.edu.cn/epay/h5/nju/electric/index
2025-12-23 13:34:58,844 - INFO - 等待登录表单加载...
2025-12-23 13:34:58,854 - INFO - 登录表单已加载
2025-12-23 13:34:58,854 - INFO - 开始填写登录表单...
2025-12-23 13:34:58,915 - INFO - 用户名填写完成
2025-12-23 13:34:58,979 - INFO - 密码填写完成
2025-12-23 13:34:58,980 - INFO - 检查是否有验证码...
2025-12-23 13:34:58,980 - INFO - 查找验证码图片...
2025-12-23 13:34:58,998 - INFO - 找到验证码图片，开始截图...
2025-12-23 13:34:59,047 - INFO - 验证码图片截取成功
2025-12-23 13:34:59,047 - INFO - 开始填写登录表单...
2025-12-23 13:34:59,110 - INFO - 用户名填写完成
2025-12-23 13:34:59,169 - INFO - 密码填写完成
2025-12-23 13:34:59,169 - INFO - 验证码图片已保存到 /home/runner/work/nju_electric_monitor/nju_electric_monitor/src/../data/captcha_debug.png
2025-12-23 13:34:59,170 - INFO - 验证码识别尝试 1/30
2025-12-23 13:34:59,170 - INFO - 开始识别验证码...（easyocr + pytesseract）
2025-12-23 13:34:59,330 - INFO - easyocr 结果: ['4C3Y(0.76)']
2025-12-23 13:34:59,535 - INFO - tesseract 结果: 4C3Y
2025-12-23 13:34:59,598 - INFO - easyocr alt1 结果: ['4C3Y(0.59)']
2025-12-23 13:34:59,692 - INFO - tesseract alt1 结果: 463Y
2025-12-23 13:34:59,747 - INFO - easyocr alt2 结果: ['463(0.67)']
2025-12-23 13:34:59,840 - INFO - tesseract alt2 结果: 463Y
2025-12-23 13:34:59,999 - INFO - easyocr alt3 结果: ['4C3Y(0.71)']
2025-12-23 13:35:00,107 - INFO - tesseract alt3 结果: 4C3Y
2025-12-23 13:35:00,166 - INFO - easyocr alt4 结果: ['4C3Y(0.91)']
2025-12-23 13:35:00,262 - INFO - tesseract alt4 结果: 4E3Y
2025-12-23 13:35:00,320 - INFO - easyocr alt5 结果: ['4C3(0.43)']
2025-12-23 13:35:00,414 - INFO - tesseract alt5 结果: 4E3Y
2025-12-23 13:35:00,414 - INFO - 最终验证码识别结果: 4C3Y (engine=easyocr_alt4, prob=0.9074644221626649)
2025-12-23 13:35:00,414 - INFO - 查找验证码输入框...
2025-12-23 13:35:00,472 - INFO - 验证码填写完成
2025-12-23 13:35:00,472 - INFO - 验证码填写完成，点击登录按钮...
2025-12-23 13:35:00,472 - INFO - 查找并点击登录按钮...
2025-12-23 13:35:04,178 - INFO - 已点击登录按钮
2025-12-23 13:35:11,188 - INFO - 未检测到无效验证码提示，验证码通过
2025-12-23 13:35:11,189 - INFO - 查找并点击登录按钮...
2025-12-23 13:35:11,194 - ERROR - 未找到登录按钮
2025-12-23 13:35:11,194 - ERROR - 点击登录按钮失败
2025-12-23 13:35:11,194 - INFO - 等待登录成功...
2025-12-23 13:35:16,198 - INFO - 登录可能成功，继续下一步...
2025-12-23 13:35:16,198 - INFO - 查找'去充值'按钮...
2025-12-23 13:35:17,772 - INFO - 已点击充值按钮
2025-12-23 13:35:20,772 - INFO - 开始提取剩余电量信息...
2025-12-23 13:35:20,776 - INFO - 页面源码已保存到 /home/runner/work/nju_electric_monitor/nju_electric_monitor/src/../data/debug_page_source.html
2025-12-23 13:35:20,794 - INFO - 找到电量信息元素: 持卡人姓名：吴相民
2025-12-23 13:35:20,794 - WARNING - 未在元素中找到标准格式的电量信息
2025-12-23 13:35:20,807 - INFO - 找到i标签中的电量信息: 吴相民
2025-12-23 13:35:20,807 - WARNING - i标签中未找到标准格式的电量信息
2025-12-23 13:35:20,807 - WARNING - 未找到i标签中的电量信息
2025-12-23 13:35:20,809 - INFO - 在页面源码中查找电量信息...
2025-12-23 13:35:20,810 - INFO - 从页面源码中提取到剩余电量: 241.33 度
2025-12-23 13:35:20,834 - INFO - 数据已保存: 241.33 度
2025-12-23 13:35:21,142 - INFO - 电量变化曲线图已保存到: /home/runner/work/nju_electric_monitor/nju_electric_monitor/src/../data/electricity_trend.png
2025-12-23 13:35:21,409 - INFO - 最近20次电量变化曲线图已保存到: /home/runner/work/nju_electric_monitor/nju_electric_monitor/src/../data/recent_20_changes.png
2025-12-23 13:35:21,409 - INFO - 监控流程完成
