2025-12-02 02:03:20,450 - INFO - Matplotlib 字体设置：使用回退字体列表，首选可用字体: Noto Sans CJK JP
2025-12-02 02:03:21,980 - INFO - 使用 ChromeDriver: /usr/bin/chromedriver
2025-12-02 02:03:21,980 - WARNING - Using CPU. Note: This module is much faster with a GPU.
2025-12-02 02:03:23,654 - INFO - OCR识别器初始化成功
2025-12-02 02:03:23,654 - INFO - 开始南京大学电费监控流程（自动无头模式）
2025-12-02 02:03:23,654 - INFO - 正在打开页面: https://epay.nju.edu.cn/epay/h5/nju/electric/index
2025-12-02 02:03:33,994 - INFO - 等待登录表单加载...
2025-12-02 02:03:34,003 - INFO - 登录表单已加载
2025-12-02 02:03:34,004 - INFO - 开始填写登录表单...
2025-12-02 02:03:34,070 - INFO - 用户名填写完成
2025-12-02 02:03:34,139 - INFO - 密码填写完成
2025-12-02 02:03:34,140 - INFO - 检查是否有验证码...
2025-12-02 02:03:34,140 - INFO - 查找验证码图片...
2025-12-02 02:03:34,159 - INFO - 找到验证码图片，开始截图...
2025-12-02 02:03:34,222 - INFO - 验证码图片截取成功
2025-12-02 02:03:34,222 - INFO - 开始填写登录表单...
2025-12-02 02:03:34,290 - INFO - 用户名填写完成
2025-12-02 02:03:34,354 - INFO - 密码填写完成
2025-12-02 02:03:34,355 - INFO - 验证码图片已保存到 /home/runner/work/nju_electric_monitor/nju_electric_monitor/src/../data/captcha_debug.png
2025-12-02 02:03:34,355 - INFO - 验证码识别尝试 1/30
2025-12-02 02:03:34,355 - INFO - 开始识别验证码...
2025-12-02 02:03:34,482 - INFO - 验证码识别结果: BIXX
2025-12-02 02:03:34,482 - INFO - 查找验证码输入框...
2025-12-02 02:03:34,545 - INFO - 验证码填写完成
2025-12-02 02:03:34,545 - INFO - 验证码填写完成，点击登录按钮...
2025-12-02 02:03:34,545 - INFO - 查找并点击登录按钮...
2025-12-02 02:03:34,942 - INFO - 已点击登录按钮
2025-12-02 02:03:41,972 - INFO - 开始填写登录表单...
2025-12-02 02:03:42,035 - INFO - 用户名填写完成
2025-12-02 02:03:42,097 - INFO - 密码填写完成
2025-12-02 02:03:42,097 - INFO - 验证码图片已保存到 /home/runner/work/nju_electric_monitor/nju_electric_monitor/src/../data/captcha_debug.png
2025-12-02 02:03:42,097 - INFO - 验证码识别尝试 2/30
2025-12-02 02:03:42,097 - INFO - 开始识别验证码...
2025-12-02 02:03:42,199 - INFO - 验证码识别结果: BIXX
2025-12-02 02:03:42,199 - INFO - 查找验证码输入框...
2025-12-02 02:03:42,259 - INFO - 验证码填写完成
2025-12-02 02:03:42,259 - INFO - 验证码填写完成，点击登录按钮...
2025-12-02 02:03:42,259 - INFO - 查找并点击登录按钮...
2025-12-02 02:03:42,638 - INFO - 已点击登录按钮
2025-12-02 02:03:49,658 - INFO - 开始填写登录表单...
2025-12-02 02:03:49,721 - INFO - 用户名填写完成
2025-12-02 02:03:49,781 - INFO - 密码填写完成
2025-12-02 02:03:49,781 - INFO - 验证码图片已保存到 /home/runner/work/nju_electric_monitor/nju_electric_monitor/src/../data/captcha_debug.png
2025-12-02 02:03:49,782 - INFO - 验证码识别尝试 3/30
2025-12-02 02:03:49,782 - INFO - 开始识别验证码...
2025-12-02 02:03:49,880 - INFO - 验证码识别结果: BIXX
2025-12-02 02:03:49,880 - INFO - 查找验证码输入框...
2025-12-02 02:03:49,939 - INFO - 验证码填写完成
2025-12-02 02:03:49,939 - INFO - 验证码填写完成，点击登录按钮...
2025-12-02 02:03:49,939 - INFO - 查找并点击登录按钮...
2025-12-02 02:03:50,326 - INFO - 已点击登录按钮
2025-12-02 02:03:57,347 - INFO - 开始填写登录表单...
2025-12-02 02:03:57,409 - INFO - 用户名填写完成
2025-12-02 02:03:57,469 - INFO - 密码填写完成
2025-12-02 02:03:57,470 - INFO - 验证码图片已保存到 /home/runner/work/nju_electric_monitor/nju_electric_monitor/src/../data/captcha_debug.png
2025-12-02 02:03:57,470 - INFO - 验证码识别尝试 4/30
2025-12-02 02:03:57,470 - INFO - 开始识别验证码...
2025-12-02 02:03:57,567 - INFO - 验证码识别结果: BIXX
2025-12-02 02:03:57,568 - INFO - 查找验证码输入框...
2025-12-02 02:03:57,625 - INFO - 验证码填写完成
2025-12-02 02:03:57,625 - INFO - 验证码填写完成，点击登录按钮...
2025-12-02 02:03:57,625 - INFO - 查找并点击登录按钮...
2025-12-02 02:03:58,005 - INFO - 已点击登录按钮
2025-12-02 02:04:05,030 - INFO - 开始填写登录表单...
2025-12-02 02:04:05,092 - INFO - 用户名填写完成
2025-12-02 02:04:05,151 - INFO - 密码填写完成
2025-12-02 02:04:05,151 - INFO - 验证码图片已保存到 /home/runner/work/nju_electric_monitor/nju_electric_monitor/src/../data/captcha_debug.png
2025-12-02 02:04:05,152 - INFO - 验证码识别尝试 5/30
2025-12-02 02:04:05,152 - INFO - 开始识别验证码...
2025-12-02 02:04:05,249 - INFO - 验证码识别结果: BIXX
2025-12-02 02:04:05,249 - INFO - 查找验证码输入框...
2025-12-02 02:04:05,306 - INFO - 验证码填写完成
2025-12-02 02:04:05,306 - INFO - 验证码填写完成，点击登录按钮...
2025-12-02 02:04:05,306 - INFO - 查找并点击登录按钮...
2025-12-02 02:04:05,365 - INFO - 已点击登录按钮
2025-12-02 02:04:12,385 - INFO - 开始填写登录表单...
2025-12-02 02:04:12,447 - INFO - 用户名填写完成
2025-12-02 02:04:12,507 - INFO - 密码填写完成
2025-12-02 02:04:12,508 - INFO - 验证码图片已保存到 /home/runner/work/nju_electric_monitor/nju_electric_monitor/src/../data/captcha_debug.png
2025-12-02 02:04:12,508 - INFO - 验证码识别尝试 6/30
2025-12-02 02:04:12,508 - INFO - 开始识别验证码...
2025-12-02 02:04:12,606 - INFO - 验证码识别结果: BIXX
2025-12-02 02:04:12,606 - INFO - 查找验证码输入框...
2025-12-02 02:04:12,664 - INFO - 验证码填写完成
2025-12-02 02:04:12,664 - INFO - 验证码填写完成，点击登录按钮...
2025-12-02 02:04:12,664 - INFO - 查找并点击登录按钮...
2025-12-02 02:04:13,045 - INFO - 已点击登录按钮
2025-12-02 02:04:20,066 - INFO - 开始填写登录表单...
2025-12-02 02:04:20,129 - INFO - 用户名填写完成
2025-12-02 02:04:20,191 - INFO - 密码填写完成
2025-12-02 02:04:20,191 - INFO - 验证码图片已保存到 /home/runner/work/nju_electric_monitor/nju_electric_monitor/src/../data/captcha_debug.png
2025-12-02 02:04:20,191 - INFO - 验证码识别尝试 7/30
2025-12-02 02:04:20,191 - INFO - 开始识别验证码...
2025-12-02 02:04:20,291 - INFO - 验证码识别结果: BIXX
2025-12-02 02:04:20,291 - INFO - 查找验证码输入框...
2025-12-02 02:04:20,351 - INFO - 验证码填写完成
2025-12-02 02:04:20,351 - INFO - 验证码填写完成，点击登录按钮...
2025-12-02 02:04:20,351 - INFO - 查找并点击登录按钮...
2025-12-02 02:04:20,411 - INFO - 已点击登录按钮
2025-12-02 02:04:27,435 - INFO - 开始填写登录表单...
2025-12-02 02:04:27,496 - INFO - 用户名填写完成
2025-12-02 02:04:27,556 - INFO - 密码填写完成
2025-12-02 02:04:27,557 - INFO - 验证码图片已保存到 /home/runner/work/nju_electric_monitor/nju_electric_monitor/src/../data/captcha_debug.png
2025-12-02 02:04:27,557 - INFO - 验证码识别尝试 8/30
2025-12-02 02:04:27,557 - INFO - 开始识别验证码...
2025-12-02 02:04:27,665 - INFO - 验证码识别结果: BIXX
2025-12-02 02:04:27,665 - INFO - 查找验证码输入框...
2025-12-02 02:04:27,724 - INFO - 验证码填写完成
2025-12-02 02:04:27,724 - INFO - 验证码填写完成，点击登录按钮...
2025-12-02 02:04:27,724 - INFO - 查找并点击登录按钮...
2025-12-02 02:04:28,130 - INFO - 已点击登录按钮
2025-12-02 02:04:35,150 - INFO - 开始填写登录表单...
2025-12-02 02:04:35,212 - INFO - 用户名填写完成
2025-12-02 02:04:35,273 - INFO - 密码填写完成
2025-12-02 02:04:35,274 - INFO - 验证码图片已保存到 /home/runner/work/nju_electric_monitor/nju_electric_monitor/src/../data/captcha_debug.png
2025-12-02 02:04:35,274 - INFO - 验证码识别尝试 9/30
2025-12-02 02:04:35,274 - INFO - 开始识别验证码...
2025-12-02 02:04:35,376 - INFO - 验证码识别结果: BIXX
2025-12-02 02:04:35,376 - INFO - 查找验证码输入框...
2025-12-02 02:04:35,437 - INFO - 验证码填写完成
2025-12-02 02:04:35,437 - INFO - 验证码填写完成，点击登录按钮...
2025-12-02 02:04:35,437 - INFO - 查找并点击登录按钮...
2025-12-02 02:04:35,814 - INFO - 已点击登录按钮
2025-12-02 02:04:42,835 - INFO - 开始填写登录表单...
2025-12-02 02:04:42,899 - INFO - 用户名填写完成
2025-12-02 02:04:42,961 - INFO - 密码填写完成
2025-12-02 02:04:42,962 - INFO - 验证码图片已保存到 /home/runner/work/nju_electric_monitor/nju_electric_monitor/src/../data/captcha_debug.png
2025-12-02 02:04:42,962 - INFO - 验证码识别尝试 10/30
2025-12-02 02:04:42,962 - INFO - 开始识别验证码...
2025-12-02 02:04:43,062 - INFO - 验证码识别结果: BIXX
2025-12-02 02:04:43,062 - INFO - 查找验证码输入框...
2025-12-02 02:04:43,122 - INFO - 验证码填写完成
2025-12-02 02:04:43,122 - INFO - 验证码填写完成，点击登录按钮...
2025-12-02 02:04:43,122 - INFO - 查找并点击登录按钮...
2025-12-02 02:04:45,331 - INFO - 已点击登录按钮
2025-12-02 02:04:52,352 - INFO - 开始填写登录表单...
2025-12-02 02:04:52,417 - INFO - 用户名填写完成
2025-12-02 02:04:52,479 - INFO - 密码填写完成
2025-12-02 02:04:52,480 - INFO - 验证码图片已保存到 /home/runner/work/nju_electric_monitor/nju_electric_monitor/src/../data/captcha_debug.png
2025-12-02 02:04:52,480 - INFO - 验证码识别尝试 11/30
2025-12-02 02:04:52,480 - INFO - 开始识别验证码...
2025-12-02 02:04:52,579 - INFO - 验证码识别结果: BIXX
2025-12-02 02:04:52,580 - INFO - 查找验证码输入框...
2025-12-02 02:04:52,639 - INFO - 验证码填写完成
2025-12-02 02:04:52,639 - INFO - 验证码填写完成，点击登录按钮...
2025-12-02 02:04:52,639 - INFO - 查找并点击登录按钮...
2025-12-02 02:04:53,009 - INFO - 已点击登录按钮
2025-12-02 02:05:00,031 - INFO - 开始填写登录表单...
2025-12-02 02:05:00,096 - INFO - 用户名填写完成
2025-12-02 02:05:00,159 - INFO - 密码填写完成
2025-12-02 02:05:00,160 - INFO - 验证码图片已保存到 /home/runner/work/nju_electric_monitor/nju_electric_monitor/src/../data/captcha_debug.png
2025-12-02 02:05:00,160 - INFO - 验证码识别尝试 12/30
2025-12-02 02:05:00,160 - INFO - 开始识别验证码...
2025-12-02 02:05:00,265 - INFO - 验证码识别结果: BIXX
2025-12-02 02:05:00,265 - INFO - 查找验证码输入框...
2025-12-02 02:05:00,328 - INFO - 验证码填写完成
2025-12-02 02:05:00,328 - INFO - 验证码填写完成，点击登录按钮...
2025-12-02 02:05:00,328 - INFO - 查找并点击登录按钮...
2025-12-02 02:05:00,709 - INFO - 已点击登录按钮
2025-12-02 02:05:07,732 - INFO - 开始填写登录表单...
2025-12-02 02:05:07,800 - INFO - 用户名填写完成
2025-12-02 02:05:07,864 - INFO - 密码填写完成
2025-12-02 02:05:07,865 - INFO - 验证码图片已保存到 /home/runner/work/nju_electric_monitor/nju_electric_monitor/src/../data/captcha_debug.png
2025-12-02 02:05:07,865 - INFO - 验证码识别尝试 13/30
2025-12-02 02:05:07,865 - INFO - 开始识别验证码...
2025-12-02 02:05:07,968 - INFO - 验证码识别结果: BIXX
2025-12-02 02:05:07,969 - INFO - 查找验证码输入框...
2025-12-02 02:05:08,032 - INFO - 验证码填写完成
2025-12-02 02:05:08,032 - INFO - 验证码填写完成，点击登录按钮...
2025-12-02 02:05:08,032 - INFO - 查找并点击登录按钮...
2025-12-02 02:05:08,407 - INFO - 已点击登录按钮
2025-12-02 02:05:15,430 - INFO - 开始填写登录表单...
2025-12-02 02:05:15,498 - INFO - 用户名填写完成
2025-12-02 02:05:15,564 - INFO - 密码填写完成
2025-12-02 02:05:15,564 - INFO - 验证码图片已保存到 /home/runner/work/nju_electric_monitor/nju_electric_monitor/src/../data/captcha_debug.png
2025-12-02 02:05:15,564 - INFO - 验证码识别尝试 14/30
2025-12-02 02:05:15,564 - INFO - 开始识别验证码...
2025-12-02 02:05:15,666 - INFO - 验证码识别结果: BIXX
2025-12-02 02:05:15,666 - INFO - 查找验证码输入框...
2025-12-02 02:05:15,726 - INFO - 验证码填写完成
2025-12-02 02:05:15,726 - INFO - 验证码填写完成，点击登录按钮...
2025-12-02 02:05:15,726 - INFO - 查找并点击登录按钮...
2025-12-02 02:05:16,106 - INFO - 已点击登录按钮
2025-12-02 02:05:23,129 - INFO - 开始填写登录表单...
2025-12-02 02:05:23,194 - INFO - 用户名填写完成
2025-12-02 02:05:23,257 - INFO - 密码填写完成
2025-12-02 02:05:23,258 - INFO - 验证码图片已保存到 /home/runner/work/nju_electric_monitor/nju_electric_monitor/src/../data/captcha_debug.png
2025-12-02 02:05:23,258 - INFO - 验证码识别尝试 15/30
2025-12-02 02:05:23,258 - INFO - 开始识别验证码...
2025-12-02 02:05:23,371 - INFO - 验证码识别结果: BIXX
2025-12-02 02:05:23,371 - INFO - 查找验证码输入框...
2025-12-02 02:05:23,433 - INFO - 验证码填写完成
2025-12-02 02:05:23,433 - INFO - 验证码填写完成，点击登录按钮...
2025-12-02 02:05:23,433 - INFO - 查找并点击登录按钮...
2025-12-02 02:05:23,812 - INFO - 已点击登录按钮
2025-12-02 02:05:30,834 - INFO - 开始填写登录表单...
2025-12-02 02:05:30,900 - INFO - 用户名填写完成
2025-12-02 02:05:30,964 - INFO - 密码填写完成
2025-12-02 02:05:30,964 - INFO - 验证码图片已保存到 /home/runner/work/nju_electric_monitor/nju_electric_monitor/src/../data/captcha_debug.png
2025-12-02 02:05:30,965 - INFO - 验证码识别尝试 16/30
2025-12-02 02:05:30,965 - INFO - 开始识别验证码...
2025-12-02 02:05:31,068 - INFO - 验证码识别结果: BIXX
2025-12-02 02:05:31,068 - INFO - 查找验证码输入框...
2025-12-02 02:05:31,130 - INFO - 验证码填写完成
2025-12-02 02:05:31,130 - INFO - 验证码填写完成，点击登录按钮...
2025-12-02 02:05:31,130 - INFO - 查找并点击登录按钮...
2025-12-02 02:05:31,512 - INFO - 已点击登录按钮
2025-12-02 02:05:38,534 - INFO - 开始填写登录表单...
2025-12-02 02:05:38,598 - INFO - 用户名填写完成
2025-12-02 02:05:38,660 - INFO - 密码填写完成
2025-12-02 02:05:38,661 - INFO - 验证码图片已保存到 /home/runner/work/nju_electric_monitor/nju_electric_monitor/src/../data/captcha_debug.png
2025-12-02 02:05:38,661 - INFO - 验证码识别尝试 17/30
2025-12-02 02:05:38,661 - INFO - 开始识别验证码...
2025-12-02 02:05:38,775 - INFO - 验证码识别结果: BIXX
2025-12-02 02:05:38,775 - INFO - 查找验证码输入框...
2025-12-02 02:05:38,838 - INFO - 验证码填写完成
2025-12-02 02:05:38,838 - INFO - 验证码填写完成，点击登录按钮...
2025-12-02 02:05:38,838 - INFO - 查找并点击登录按钮...
2025-12-02 02:05:39,216 - INFO - 已点击登录按钮
2025-12-02 02:05:46,237 - INFO - 开始填写登录表单...
2025-12-02 02:05:46,302 - INFO - 用户名填写完成
2025-12-02 02:05:46,366 - INFO - 密码填写完成
2025-12-02 02:05:46,366 - INFO - 验证码图片已保存到 /home/runner/work/nju_electric_monitor/nju_electric_monitor/src/../data/captcha_debug.png
2025-12-02 02:05:46,367 - INFO - 验证码识别尝试 18/30
2025-12-02 02:05:46,367 - INFO - 开始识别验证码...
2025-12-02 02:05:46,479 - INFO - 验证码识别结果: BIXX
2025-12-02 02:05:46,479 - INFO - 查找验证码输入框...
2025-12-02 02:05:46,540 - INFO - 验证码填写完成
2025-12-02 02:05:46,540 - INFO - 验证码填写完成，点击登录按钮...
2025-12-02 02:05:46,540 - INFO - 查找并点击登录按钮...
2025-12-02 02:05:46,980 - INFO - 已点击登录按钮
2025-12-02 02:05:54,002 - INFO - 开始填写登录表单...
2025-12-02 02:05:54,068 - INFO - 用户名填写完成
2025-12-02 02:05:54,132 - INFO - 密码填写完成
2025-12-02 02:05:54,133 - INFO - 验证码图片已保存到 /home/runner/work/nju_electric_monitor/nju_electric_monitor/src/../data/captcha_debug.png
2025-12-02 02:05:54,133 - INFO - 验证码识别尝试 19/30
2025-12-02 02:05:54,133 - INFO - 开始识别验证码...
2025-12-02 02:05:54,235 - INFO - 验证码识别结果: BIXX
2025-12-02 02:05:54,236 - INFO - 查找验证码输入框...
2025-12-02 02:05:54,295 - INFO - 验证码填写完成
2025-12-02 02:05:54,295 - INFO - 验证码填写完成，点击登录按钮...
2025-12-02 02:05:54,295 - INFO - 查找并点击登录按钮...
2025-12-02 02:05:54,669 - INFO - 已点击登录按钮
2025-12-02 02:06:01,691 - INFO - 开始填写登录表单...
2025-12-02 02:06:01,757 - INFO - 用户名填写完成
2025-12-02 02:06:01,822 - INFO - 密码填写完成
2025-12-02 02:06:01,823 - INFO - 验证码图片已保存到 /home/runner/work/nju_electric_monitor/nju_electric_monitor/src/../data/captcha_debug.png
2025-12-02 02:06:01,823 - INFO - 验证码识别尝试 20/30
2025-12-02 02:06:01,823 - INFO - 开始识别验证码...
2025-12-02 02:06:01,924 - INFO - 验证码识别结果: BIXX
2025-12-02 02:06:01,924 - INFO - 查找验证码输入框...
2025-12-02 02:06:01,984 - INFO - 验证码填写完成
2025-12-02 02:06:01,984 - INFO - 验证码填写完成，点击登录按钮...
2025-12-02 02:06:01,984 - INFO - 查找并点击登录按钮...
2025-12-02 02:06:02,356 - INFO - 已点击登录按钮
2025-12-02 02:06:09,379 - INFO - 开始填写登录表单...
2025-12-02 02:06:09,447 - INFO - 用户名填写完成
2025-12-02 02:06:09,511 - INFO - 密码填写完成
2025-12-02 02:06:09,512 - INFO - 验证码图片已保存到 /home/runner/work/nju_electric_monitor/nju_electric_monitor/src/../data/captcha_debug.png
2025-12-02 02:06:09,512 - INFO - 验证码识别尝试 21/30
2025-12-02 02:06:09,512 - INFO - 开始识别验证码...
2025-12-02 02:06:09,618 - INFO - 验证码识别结果: BIXX
2025-12-02 02:06:09,618 - INFO - 查找验证码输入框...
2025-12-02 02:06:09,682 - INFO - 验证码填写完成
2025-12-02 02:06:09,682 - INFO - 验证码填写完成，点击登录按钮...
2025-12-02 02:06:09,682 - INFO - 查找并点击登录按钮...
2025-12-02 02:06:10,053 - INFO - 已点击登录按钮
2025-12-02 02:06:17,075 - INFO - 开始填写登录表单...
2025-12-02 02:06:17,152 - INFO - 用户名填写完成
2025-12-02 02:06:17,215 - INFO - 密码填写完成
2025-12-02 02:06:17,216 - INFO - 验证码图片已保存到 /home/runner/work/nju_electric_monitor/nju_electric_monitor/src/../data/captcha_debug.png
2025-12-02 02:06:17,216 - INFO - 验证码识别尝试 22/30
2025-12-02 02:06:17,216 - INFO - 开始识别验证码...
2025-12-02 02:06:17,322 - INFO - 验证码识别结果: BIXX
2025-12-02 02:06:17,322 - INFO - 查找验证码输入框...
2025-12-02 02:06:17,382 - INFO - 验证码填写完成
2025-12-02 02:06:17,383 - INFO - 验证码填写完成，点击登录按钮...
2025-12-02 02:06:17,383 - INFO - 查找并点击登录按钮...
2025-12-02 02:06:17,443 - INFO - 已点击登录按钮
2025-12-02 02:06:24,463 - INFO - 开始填写登录表单...
2025-12-02 02:06:24,525 - INFO - 用户名填写完成
2025-12-02 02:06:24,585 - INFO - 密码填写完成
2025-12-02 02:06:24,586 - INFO - 验证码图片已保存到 /home/runner/work/nju_electric_monitor/nju_electric_monitor/src/../data/captcha_debug.png
2025-12-02 02:06:24,586 - INFO - 验证码识别尝试 23/30
2025-12-02 02:06:24,586 - INFO - 开始识别验证码...
2025-12-02 02:06:24,683 - INFO - 验证码识别结果: BIXX
2025-12-02 02:06:24,684 - INFO - 查找验证码输入框...
2025-12-02 02:06:24,743 - INFO - 验证码填写完成
2025-12-02 02:06:24,743 - INFO - 验证码填写完成，点击登录按钮...
2025-12-02 02:06:24,743 - INFO - 查找并点击登录按钮...
2025-12-02 02:06:25,130 - INFO - 已点击登录按钮
2025-12-02 02:06:32,151 - INFO - 开始填写登录表单...
2025-12-02 02:06:32,212 - INFO - 用户名填写完成
2025-12-02 02:06:32,270 - INFO - 密码填写完成
2025-12-02 02:06:32,271 - INFO - 验证码图片已保存到 /home/runner/work/nju_electric_monitor/nju_electric_monitor/src/../data/captcha_debug.png
2025-12-02 02:06:32,271 - INFO - 验证码识别尝试 24/30
2025-12-02 02:06:32,271 - INFO - 开始识别验证码...
2025-12-02 02:06:32,369 - INFO - 验证码识别结果: BIXX
2025-12-02 02:06:32,369 - INFO - 查找验证码输入框...
2025-12-02 02:06:32,428 - INFO - 验证码填写完成
2025-12-02 02:06:32,428 - INFO - 验证码填写完成，点击登录按钮...
2025-12-02 02:06:32,428 - INFO - 查找并点击登录按钮...
2025-12-02 02:06:32,486 - INFO - 已点击登录按钮
2025-12-02 02:06:39,506 - INFO - 开始填写登录表单...
2025-12-02 02:06:39,569 - INFO - 用户名填写完成
2025-12-02 02:06:39,629 - INFO - 密码填写完成
2025-12-02 02:06:39,630 - INFO - 验证码图片已保存到 /home/runner/work/nju_electric_monitor/nju_electric_monitor/src/../data/captcha_debug.png
2025-12-02 02:06:39,630 - INFO - 验证码识别尝试 25/30
2025-12-02 02:06:39,630 - INFO - 开始识别验证码...
2025-12-02 02:06:39,727 - INFO - 验证码识别结果: BIXX
2025-12-02 02:06:39,727 - INFO - 查找验证码输入框...
2025-12-02 02:06:39,786 - INFO - 验证码填写完成
2025-12-02 02:06:39,786 - INFO - 验证码填写完成，点击登录按钮...
2025-12-02 02:06:39,786 - INFO - 查找并点击登录按钮...
2025-12-02 02:06:40,174 - INFO - 已点击登录按钮
2025-12-02 02:06:47,195 - INFO - 开始填写登录表单...
2025-12-02 02:06:47,257 - INFO - 用户名填写完成
2025-12-02 02:06:47,318 - INFO - 密码填写完成
2025-12-02 02:06:47,318 - INFO - 验证码图片已保存到 /home/runner/work/nju_electric_monitor/nju_electric_monitor/src/../data/captcha_debug.png
2025-12-02 02:06:47,318 - INFO - 验证码识别尝试 26/30
2025-12-02 02:06:47,319 - INFO - 开始识别验证码...
2025-12-02 02:06:47,431 - INFO - 验证码识别结果: BIXX
2025-12-02 02:06:47,431 - INFO - 查找验证码输入框...
2025-12-02 02:06:47,491 - INFO - 验证码填写完成
2025-12-02 02:06:47,491 - INFO - 验证码填写完成，点击登录按钮...
2025-12-02 02:06:47,491 - INFO - 查找并点击登录按钮...
2025-12-02 02:06:47,867 - INFO - 已点击登录按钮
2025-12-02 02:06:54,888 - INFO - 开始填写登录表单...
2025-12-02 02:06:54,951 - INFO - 用户名填写完成
2025-12-02 02:06:55,011 - INFO - 密码填写完成
2025-12-02 02:06:55,012 - INFO - 验证码图片已保存到 /home/runner/work/nju_electric_monitor/nju_electric_monitor/src/../data/captcha_debug.png
2025-12-02 02:06:55,012 - INFO - 验证码识别尝试 27/30
2025-12-02 02:06:55,012 - INFO - 开始识别验证码...
2025-12-02 02:06:55,124 - INFO - 验证码识别结果: BIXX
2025-12-02 02:06:55,124 - INFO - 查找验证码输入框...
2025-12-02 02:06:55,182 - INFO - 验证码填写完成
2025-12-02 02:06:55,183 - INFO - 验证码填写完成，点击登录按钮...
2025-12-02 02:06:55,183 - INFO - 查找并点击登录按钮...
2025-12-02 02:06:55,241 - INFO - 已点击登录按钮
2025-12-02 02:07:02,263 - INFO - 开始填写登录表单...
2025-12-02 02:07:02,324 - INFO - 用户名填写完成
2025-12-02 02:07:02,385 - INFO - 密码填写完成
2025-12-02 02:07:02,386 - INFO - 验证码图片已保存到 /home/runner/work/nju_electric_monitor/nju_electric_monitor/src/../data/captcha_debug.png
2025-12-02 02:07:02,386 - INFO - 验证码识别尝试 28/30
2025-12-02 02:07:02,386 - INFO - 开始识别验证码...
2025-12-02 02:07:02,485 - INFO - 验证码识别结果: BIXX
2025-12-02 02:07:02,485 - INFO - 查找验证码输入框...
2025-12-02 02:07:02,543 - INFO - 验证码填写完成
2025-12-02 02:07:02,543 - INFO - 验证码填写完成，点击登录按钮...
2025-12-02 02:07:02,543 - INFO - 查找并点击登录按钮...
2025-12-02 02:07:02,931 - INFO - 已点击登录按钮
2025-12-02 02:07:09,952 - INFO - 开始填写登录表单...
2025-12-02 02:07:10,014 - INFO - 用户名填写完成
2025-12-02 02:07:10,073 - INFO - 密码填写完成
2025-12-02 02:07:10,074 - INFO - 验证码图片已保存到 /home/runner/work/nju_electric_monitor/nju_electric_monitor/src/../data/captcha_debug.png
2025-12-02 02:07:10,074 - INFO - 验证码识别尝试 29/30
2025-12-02 02:07:10,074 - INFO - 开始识别验证码...
2025-12-02 02:07:10,173 - INFO - 验证码识别结果: BIXX
2025-12-02 02:07:10,173 - INFO - 查找验证码输入框...
2025-12-02 02:07:10,231 - INFO - 验证码填写完成
2025-12-02 02:07:10,231 - INFO - 验证码填写完成，点击登录按钮...
2025-12-02 02:07:10,231 - INFO - 查找并点击登录按钮...
2025-12-02 02:07:10,290 - INFO - 已点击登录按钮
2025-12-02 02:07:17,310 - INFO - 开始填写登录表单...
2025-12-02 02:07:17,372 - INFO - 用户名填写完成
2025-12-02 02:07:17,431 - INFO - 密码填写完成
2025-12-02 02:07:17,432 - INFO - 验证码图片已保存到 /home/runner/work/nju_electric_monitor/nju_electric_monitor/src/../data/captcha_debug.png
2025-12-02 02:07:17,432 - INFO - 验证码识别尝试 30/30
2025-12-02 02:07:17,432 - INFO - 开始识别验证码...
2025-12-02 02:07:17,530 - INFO - 验证码识别结果: BIXX
2025-12-02 02:07:17,530 - INFO - 查找验证码输入框...
2025-12-02 02:07:17,588 - INFO - 验证码填写完成
2025-12-02 02:07:17,588 - INFO - 验证码填写完成，点击登录按钮...
2025-12-02 02:07:17,588 - INFO - 查找并点击登录按钮...
2025-12-02 02:07:17,989 - INFO - 已点击登录按钮
2025-12-02 02:07:25,009 - WARNING - 自动验证码识别失败，请手动输入
2025-12-02 02:07:25,010 - ERROR - 处理验证码时出错: EOF when reading a line
2025-12-02 02:07:25,010 - WARNING - 验证码处理失败，但继续尝试登录
2025-12-02 02:07:25,010 - INFO - 查找并点击登录按钮...
2025-12-02 02:07:25,067 - INFO - 已点击登录按钮
2025-12-02 02:07:30,067 - INFO - 等待登录成功...
2025-12-02 02:07:35,072 - INFO - 登录可能成功，继续下一步...
2025-12-02 02:07:35,072 - INFO - 查找'去充值'按钮...
2025-12-02 02:07:35,138 - INFO - 已点击充值按钮
2025-12-02 02:07:38,138 - INFO - 开始提取剩余电量信息...
2025-12-02 02:07:38,143 - INFO - 页面源码已保存到 /home/runner/work/nju_electric_monitor/nju_electric_monitor/src/../data/debug_page_source.html
2025-12-02 02:07:38,153 - WARNING - 未找到电量信息元素，尝试其他方法...
2025-12-02 02:07:38,161 - WARNING - 未找到i标签中的电量信息，尝试其他方法...
2025-12-02 02:07:38,164 - INFO - 在页面源码中查找电量信息...
2025-12-02 02:07:38,176 - WARNING - 未能提取到剩余电量信息
2025-12-02 02:07:38,176 - WARNING - 没有电量数据可保存
2025-12-02 02:07:38,176 - INFO - 监控流程完成
