2025-12-13 07:14:06,844 - INFO - Matplotlib 字体设置：使用回退字体列表，首选可用字体: Noto Sans CJK JP
2025-12-13 07:14:08,325 - INFO - 使用 ChromeDriver: /usr/bin/chromedriver
2025-12-13 07:14:08,326 - WARNING - Using CPU. Note: This module is much faster with a GPU.
2025-12-13 07:14:09,920 - INFO - OCR识别器初始化成功
2025-12-13 07:14:09,921 - INFO - 开始南京大学电费监控流程（自动无头模式）
2025-12-13 07:14:09,921 - INFO - 正在打开页面: https://epay.nju.edu.cn/epay/h5/nju/electric/index
2025-12-13 07:14:23,995 - INFO - 等待登录表单加载...
2025-12-13 07:14:24,006 - INFO - 登录表单已加载
2025-12-13 07:14:24,006 - INFO - 开始填写登录表单...
2025-12-13 07:14:24,071 - INFO - 用户名填写完成
2025-12-13 07:14:24,143 - INFO - 密码填写完成
2025-12-13 07:14:24,143 - INFO - 检查是否有验证码...
2025-12-13 07:14:24,143 - INFO - 查找验证码图片...
2025-12-13 07:14:24,163 - INFO - 找到验证码图片，开始截图...
2025-12-13 07:14:24,213 - INFO - 验证码图片截取成功
2025-12-13 07:14:24,213 - INFO - 开始填写登录表单...
2025-12-13 07:14:24,279 - INFO - 用户名填写完成
2025-12-13 07:14:24,342 - INFO - 密码填写完成
2025-12-13 07:14:24,343 - INFO - 验证码图片已保存到 /home/runner/work/nju_electric_monitor/nju_electric_monitor/src/../data/captcha_debug.png
2025-12-13 07:14:24,343 - INFO - 验证码识别尝试 1/30
2025-12-13 07:14:24,343 - INFO - 开始识别验证码...（easyocr + pytesseract）
2025-12-13 07:14:24,470 - INFO - easyocr 结果: ['FE37(0.47)']
2025-12-13 07:14:24,752 - INFO - tesseract 结果: FE37
2025-12-13 07:14:24,817 - INFO - easyocr alt1 结果: ['F37(0.23)']
2025-12-13 07:14:24,918 - INFO - tesseract alt1 结果: FEST
2025-12-13 07:14:24,977 - INFO - easyocr alt2 结果: ['F37(0.24)']
2025-12-13 07:14:25,077 - INFO - tesseract alt2 结果: FEST
2025-12-13 07:14:25,241 - INFO - easyocr alt3 结果: ['F37(0.45)']
2025-12-13 07:14:25,349 - INFO - tesseract alt3 结果: PEST
2025-12-13 07:14:25,410 - INFO - easyocr alt4 结果: ['F37(0.39)']
2025-12-13 07:14:25,506 - INFO - tesseract alt4 结果: FE37
2025-12-13 07:14:25,567 - INFO - easyocr alt5 结果: ['F37(0.41)']
2025-12-13 07:14:25,664 - INFO - tesseract alt5 结果: FEST
2025-12-13 07:14:25,665 - INFO - 最终验证码识别结果: FE37 (engine=tesseract, prob=0.5)
2025-12-13 07:14:25,665 - INFO - 查找验证码输入框...
2025-12-13 07:14:25,728 - INFO - 验证码填写完成
2025-12-13 07:14:25,728 - INFO - 验证码填写完成，点击登录按钮...
2025-12-13 07:14:25,728 - INFO - 查找并点击登录按钮...
2025-12-13 07:14:30,962 - INFO - 已点击登录按钮
2025-12-13 07:14:37,972 - INFO - 未检测到无效验证码提示，验证码通过
2025-12-13 07:14:37,972 - INFO - 查找并点击登录按钮...
2025-12-13 07:14:37,977 - ERROR - 未找到登录按钮
2025-12-13 07:14:37,977 - ERROR - 点击登录按钮失败
2025-12-13 07:14:37,977 - INFO - 等待登录成功...
2025-12-13 07:14:42,982 - INFO - 登录可能成功，继续下一步...
2025-12-13 07:14:42,982 - INFO - 查找'去充值'按钮...
2025-12-13 07:14:44,715 - INFO - 已点击充值按钮
2025-12-13 07:14:47,715 - INFO - 开始提取剩余电量信息...
2025-12-13 07:14:47,719 - INFO - 页面源码已保存到 /home/runner/work/nju_electric_monitor/nju_electric_monitor/src/../data/debug_page_source.html
2025-12-13 07:14:47,738 - INFO - 找到电量信息元素: 持卡人姓名：***
2025-12-13 07:14:47,738 - WARNING - 未在元素中找到标准格式的电量信息
2025-12-13 07:14:47,752 - INFO - 找到i标签中的电量信息: 吴相民
2025-12-13 07:14:47,752 - WARNING - i标签中未找到标准格式的电量信息
2025-12-13 07:14:47,752 - WARNING - 未找到i标签中的电量信息
2025-12-13 07:14:47,755 - INFO - 在页面源码中查找电量信息...
2025-12-13 07:14:47,755 - INFO - 从页面源码中提取到剩余电量: 294.16 度
2025-12-13 07:14:47,781 - INFO - 数据已保存: 294.16 度
2025-12-13 07:14:48,102 - INFO - 电量变化曲线图已保存到: /home/runner/work/nju_electric_monitor/nju_electric_monitor/src/../data/electricity_trend.png
2025-12-13 07:14:48,350 - INFO - 最近20次电量变化曲线图已保存到: /home/runner/work/nju_electric_monitor/nju_electric_monitor/src/../data/recent_20_changes.png
2025-12-13 07:14:48,350 - INFO - 监控流程完成
