2026-01-10 02:50:06,565 - INFO - Matplotlib 字体设置：使用回退字体列表，首选可用字体: Noto Sans CJK JP
2026-01-10 02:50:08,025 - INFO - 使用 ChromeDriver: /usr/bin/chromedriver
2026-01-10 02:50:08,025 - WARNING - Using CPU. Note: This module is much faster with a GPU.
2026-01-10 02:50:09,640 - INFO - OCR识别器初始化成功
2026-01-10 02:50:09,640 - INFO - 开始南京大学电费监控流程（自动无头模式）
2026-01-10 02:50:09,640 - INFO - 正在打开页面: https://epay.nju.edu.cn/epay/h5/nju/electric/index
2026-01-10 02:50:20,183 - INFO - 等待登录表单加载...
2026-01-10 02:50:20,193 - INFO - 登录表单已加载
2026-01-10 02:50:20,193 - INFO - 开始填写登录表单...
2026-01-10 02:50:20,258 - INFO - 用户名填写完成
2026-01-10 02:50:20,328 - INFO - 密码填写完成
2026-01-10 02:50:20,328 - INFO - 检查是否有验证码...
2026-01-10 02:50:20,328 - INFO - 查找验证码图片...
2026-01-10 02:50:20,348 - INFO - 找到验证码图片，开始截图...
2026-01-10 02:50:20,413 - INFO - 验证码图片截取成功
2026-01-10 02:50:20,413 - INFO - 开始填写登录表单...
2026-01-10 02:50:20,480 - INFO - 用户名填写完成
2026-01-10 02:50:20,546 - INFO - 密码填写完成
2026-01-10 02:50:20,547 - INFO - 验证码图片已保存到 /home/runner/work/nju_electric_monitor/nju_electric_monitor/src/../data/captcha_debug.png
2026-01-10 02:50:20,547 - INFO - 验证码识别尝试 1/30
2026-01-10 02:50:20,547 - INFO - 开始识别验证码...（easyocr + pytesseract）
2026-01-10 02:50:20,680 - INFO - easyocr 结果: ['BXDC(0.94)']
2026-01-10 02:50:20,909 - INFO - tesseract 结果: BxDc
2026-01-10 02:50:20,975 - INFO - easyocr alt1 结果: ['BXDC(0.49)']
2026-01-10 02:50:21,069 - INFO - tesseract alt1 结果: Bxbe
2026-01-10 02:50:21,129 - INFO - easyocr alt2 结果: ['BxDc(0.80)']
2026-01-10 02:50:21,222 - INFO - tesseract alt2 结果: BxDe
2026-01-10 02:50:21,384 - INFO - easyocr alt3 结果: ['BXDC(0.73)']
2026-01-10 02:50:21,493 - INFO - tesseract alt3 结果: Bxde
2026-01-10 02:50:21,552 - INFO - easyocr alt4 结果: ['BxDc(0.52)']
2026-01-10 02:50:21,652 - INFO - tesseract alt4 结果: Bxbe
2026-01-10 02:50:21,713 - INFO - easyocr alt5 结果: ['BxDc(0.55)']
2026-01-10 02:50:21,811 - INFO - tesseract alt5 结果: Bxbe
2026-01-10 02:50:21,811 - INFO - 最终验证码识别结果: BXDC (engine=easyocr, prob=0.9352857668971561)
2026-01-10 02:50:21,811 - INFO - 查找验证码输入框...
2026-01-10 02:50:21,871 - INFO - 验证码填写完成
2026-01-10 02:50:21,871 - INFO - 验证码填写完成，点击登录按钮...
2026-01-10 02:50:21,871 - INFO - 查找并点击登录按钮...
2026-01-10 02:50:25,800 - INFO - 已点击登录按钮
2026-01-10 02:50:32,810 - INFO - 未检测到无效验证码提示，验证码通过
2026-01-10 02:50:32,810 - INFO - 查找并点击登录按钮...
2026-01-10 02:50:32,816 - ERROR - 未找到登录按钮
2026-01-10 02:50:32,816 - ERROR - 点击登录按钮失败
2026-01-10 02:50:32,816 - INFO - 等待登录成功...
2026-01-10 02:50:37,821 - INFO - 登录可能成功，继续下一步...
2026-01-10 02:50:37,821 - INFO - 查找'去充值'按钮...
2026-01-10 02:50:39,577 - INFO - 已点击充值按钮
2026-01-10 02:50:42,577 - INFO - 开始提取剩余电量信息...
2026-01-10 02:50:42,581 - INFO - 页面源码已保存到 /home/runner/work/nju_electric_monitor/nju_electric_monitor/src/../data/debug_page_source.html
2026-01-10 02:50:42,599 - INFO - 找到电量信息元素: 持卡人姓名：***
2026-01-10 02:50:42,599 - WARNING - 未在元素中找到标准格式的电量信息
2026-01-10 02:50:42,612 - INFO - 找到i标签中的电量信息: ***
2026-01-10 02:50:42,612 - WARNING - i标签中未找到标准格式的电量信息
2026-01-10 02:50:42,612 - WARNING - 未找到i标签中的电量信息
2026-01-10 02:50:42,615 - INFO - 在页面源码中查找电量信息...
2026-01-10 02:50:42,615 - INFO - 从页面源码中提取到剩余电量: 151.32 度
2026-01-10 02:50:42,639 - INFO - 数据已保存: 151.32 度
2026-01-10 02:50:42,979 - INFO - 电量变化曲线图已保存到: /home/runner/work/nju_electric_monitor/nju_electric_monitor/src/../data/electricity_trend.png
2026-01-10 02:50:43,219 - INFO - 最近20次电量变化曲线图已保存到: /home/runner/work/nju_electric_monitor/nju_electric_monitor/src/../data/recent_20_changes.png
2026-01-10 02:50:43,220 - INFO - 监控流程完成
