2026-01-18 03:09:02,842 - INFO - Matplotlib 字体设置：使用回退字体列表，首选可用字体: Noto Sans CJK JP
2026-01-18 03:09:04,239 - INFO - 使用 ChromeDriver: /usr/bin/chromedriver
2026-01-18 03:09:04,239 - WARNING - Using CPU. Note: This module is much faster with a GPU.
2026-01-18 03:09:05,889 - INFO - OCR识别器初始化成功
2026-01-18 03:09:05,889 - INFO - 开始南京大学电费监控流程（自动无头模式）
2026-01-18 03:09:05,889 - INFO - 正在打开页面: https://epay.nju.edu.cn/epay/h5/nju/electric/index
2026-01-18 03:09:15,683 - INFO - 等待登录表单加载...
2026-01-18 03:09:15,692 - INFO - 登录表单已加载
2026-01-18 03:09:15,693 - INFO - 开始填写登录表单...
2026-01-18 03:09:15,750 - INFO - 用户名填写完成
2026-01-18 03:09:15,810 - INFO - 密码填写完成
2026-01-18 03:09:15,810 - INFO - 检查是否有验证码...
2026-01-18 03:09:15,810 - INFO - 查找验证码图片...
2026-01-18 03:09:15,829 - INFO - 找到验证码图片，开始截图...
2026-01-18 03:09:15,890 - INFO - 验证码图片截取成功
2026-01-18 03:09:15,890 - INFO - 开始填写登录表单...
2026-01-18 03:09:15,949 - INFO - 用户名填写完成
2026-01-18 03:09:16,003 - INFO - 密码填写完成
2026-01-18 03:09:16,003 - INFO - 验证码图片已保存到 /home/runner/work/nju_electric_monitor/nju_electric_monitor/src/../data/captcha_debug.png
2026-01-18 03:09:16,003 - INFO - 验证码识别尝试 1/30
2026-01-18 03:09:16,004 - INFO - 开始识别验证码...（easyocr + pytesseract）
2026-01-18 03:09:16,122 - INFO - easyocr 结果: ['f670(0.67)']
2026-01-18 03:09:16,258 - INFO - tesseract 结果: f67Q
2026-01-18 03:09:16,328 - INFO - easyocr alt1 结果: ['f670(0.52)']
2026-01-18 03:09:16,406 - INFO - tesseract alt1 结果: fe7o
2026-01-18 03:09:16,471 - INFO - easyocr alt2 结果: ['f670(0.50)']
2026-01-18 03:09:16,549 - INFO - tesseract alt2 结果: f670
2026-01-18 03:09:16,698 - INFO - easyocr alt3 结果: ['670(0.51)']
2026-01-18 03:09:16,787 - INFO - tesseract alt3 结果: F670
2026-01-18 03:09:16,847 - INFO - easyocr alt4 结果: ['F670(0.50)']
2026-01-18 03:09:16,925 - INFO - tesseract alt4 结果: fe7o
2026-01-18 03:09:16,981 - INFO - easyocr alt5 结果: ['6(0.32)']
2026-01-18 03:09:17,055 - INFO - tesseract alt5 结果: 
2026-01-18 03:09:17,055 - INFO - 最终验证码识别结果: f670 (engine=easyocr, prob=0.6696383953094482)
2026-01-18 03:09:17,055 - INFO - 查找验证码输入框...
2026-01-18 03:09:17,110 - INFO - 验证码填写完成
2026-01-18 03:09:17,110 - INFO - 验证码填写完成，点击登录按钮...
2026-01-18 03:09:17,110 - INFO - 查找并点击登录按钮...
2026-01-18 03:09:17,459 - INFO - 已点击登录按钮
2026-01-18 03:09:24,485 - INFO - 开始填写登录表单...
2026-01-18 03:09:24,539 - INFO - 用户名填写完成
2026-01-18 03:09:24,594 - INFO - 密码填写完成
2026-01-18 03:09:24,595 - INFO - 验证码图片已保存到 /home/runner/work/nju_electric_monitor/nju_electric_monitor/src/../data/captcha_debug.png
2026-01-18 03:09:24,595 - INFO - 验证码识别尝试 2/30
2026-01-18 03:09:24,595 - INFO - 开始识别验证码...（easyocr + pytesseract）
2026-01-18 03:09:24,686 - INFO - easyocr 结果: ['f670(0.67)']
2026-01-18 03:09:24,763 - INFO - tesseract 结果: f67Q
2026-01-18 03:09:24,826 - INFO - easyocr alt1 结果: ['f670(0.52)']
2026-01-18 03:09:24,907 - INFO - tesseract alt1 结果: fe7o
2026-01-18 03:09:24,967 - INFO - easyocr alt2 结果: ['f670(0.50)']
2026-01-18 03:09:25,047 - INFO - tesseract alt2 结果: f670
2026-01-18 03:09:25,185 - INFO - easyocr alt3 结果: ['670(0.51)']
2026-01-18 03:09:25,277 - INFO - tesseract alt3 结果: F670
2026-01-18 03:09:25,338 - INFO - easyocr alt4 结果: ['F670(0.50)']
2026-01-18 03:09:25,419 - INFO - tesseract alt4 结果: fe7o
2026-01-18 03:09:25,472 - INFO - easyocr alt5 结果: ['6(0.32)']
2026-01-18 03:09:25,548 - INFO - tesseract alt5 结果: 
2026-01-18 03:09:25,548 - INFO - 最终验证码识别结果: f670 (engine=easyocr, prob=0.6696383953094482)
2026-01-18 03:09:25,548 - INFO - 查找验证码输入框...
2026-01-18 03:09:25,602 - INFO - 验证码填写完成
2026-01-18 03:09:25,602 - INFO - 验证码填写完成，点击登录按钮...
2026-01-18 03:09:25,602 - INFO - 查找并点击登录按钮...
2026-01-18 03:09:25,940 - INFO - 已点击登录按钮
2026-01-18 03:09:32,960 - INFO - 开始填写登录表单...
2026-01-18 03:09:33,016 - INFO - 用户名填写完成
2026-01-18 03:09:33,071 - INFO - 密码填写完成
2026-01-18 03:09:33,071 - INFO - 验证码图片已保存到 /home/runner/work/nju_electric_monitor/nju_electric_monitor/src/../data/captcha_debug.png
2026-01-18 03:09:33,071 - INFO - 验证码识别尝试 3/30
2026-01-18 03:09:33,071 - INFO - 开始识别验证码...（easyocr + pytesseract）
2026-01-18 03:09:33,157 - INFO - easyocr 结果: ['f670(0.67)']
2026-01-18 03:09:33,237 - INFO - tesseract 结果: f67Q
2026-01-18 03:09:33,294 - INFO - easyocr alt1 结果: ['f670(0.52)']
2026-01-18 03:09:33,373 - INFO - tesseract alt1 结果: fe7o
2026-01-18 03:09:33,431 - INFO - easyocr alt2 结果: ['f670(0.50)']
2026-01-18 03:09:33,512 - INFO - tesseract alt2 结果: f670
2026-01-18 03:09:33,646 - INFO - easyocr alt3 结果: ['670(0.51)']
2026-01-18 03:09:33,737 - INFO - tesseract alt3 结果: F670
2026-01-18 03:09:33,806 - INFO - easyocr alt4 结果: ['F670(0.50)']
2026-01-18 03:09:33,887 - INFO - tesseract alt4 结果: fe7o
2026-01-18 03:09:33,941 - INFO - easyocr alt5 结果: ['6(0.32)']
2026-01-18 03:09:34,016 - INFO - tesseract alt5 结果: 
2026-01-18 03:09:34,016 - INFO - 最终验证码识别结果: f670 (engine=easyocr, prob=0.6696383953094482)
2026-01-18 03:09:34,016 - INFO - 查找验证码输入框...
2026-01-18 03:09:34,067 - INFO - 验证码填写完成
2026-01-18 03:09:34,067 - INFO - 验证码填写完成，点击登录按钮...
2026-01-18 03:09:34,067 - INFO - 查找并点击登录按钮...
2026-01-18 03:09:34,120 - INFO - 已点击登录按钮
2026-01-18 03:09:41,140 - INFO - 开始填写登录表单...
2026-01-18 03:09:41,195 - INFO - 用户名填写完成
2026-01-18 03:09:41,250 - INFO - 密码填写完成
2026-01-18 03:09:41,251 - INFO - 验证码图片已保存到 /home/runner/work/nju_electric_monitor/nju_electric_monitor/src/../data/captcha_debug.png
2026-01-18 03:09:41,251 - INFO - 验证码识别尝试 4/30
2026-01-18 03:09:41,251 - INFO - 开始识别验证码...（easyocr + pytesseract）
2026-01-18 03:09:41,341 - INFO - easyocr 结果: ['f670(0.67)']
2026-01-18 03:09:41,419 - INFO - tesseract 结果: f67Q
2026-01-18 03:09:41,478 - INFO - easyocr alt1 结果: ['f670(0.52)']
2026-01-18 03:09:41,557 - INFO - tesseract alt1 结果: fe7o
2026-01-18 03:09:41,615 - INFO - easyocr alt2 结果: ['f670(0.50)']
2026-01-18 03:09:41,693 - INFO - tesseract alt2 结果: f670
2026-01-18 03:09:41,830 - INFO - easyocr alt3 结果: ['670(0.51)']
2026-01-18 03:09:41,920 - INFO - tesseract alt3 结果: F670
2026-01-18 03:09:41,977 - INFO - easyocr alt4 结果: ['F670(0.50)']
2026-01-18 03:09:42,056 - INFO - tesseract alt4 结果: fe7o
2026-01-18 03:09:42,110 - INFO - easyocr alt5 结果: ['6(0.32)']
2026-01-18 03:09:42,185 - INFO - tesseract alt5 结果: 
2026-01-18 03:09:42,185 - INFO - 最终验证码识别结果: f670 (engine=easyocr, prob=0.6696383953094482)
2026-01-18 03:09:42,185 - INFO - 查找验证码输入框...
2026-01-18 03:09:42,237 - INFO - 验证码填写完成
2026-01-18 03:09:42,237 - INFO - 验证码填写完成，点击登录按钮...
2026-01-18 03:09:42,237 - INFO - 查找并点击登录按钮...
2026-01-18 03:09:42,289 - INFO - 已点击登录按钮
2026-01-18 03:09:49,309 - INFO - 开始填写登录表单...
2026-01-18 03:09:49,367 - INFO - 用户名填写完成
2026-01-18 03:09:49,422 - INFO - 密码填写完成
2026-01-18 03:09:49,423 - INFO - 验证码图片已保存到 /home/runner/work/nju_electric_monitor/nju_electric_monitor/src/../data/captcha_debug.png
2026-01-18 03:09:49,423 - INFO - 验证码识别尝试 5/30
2026-01-18 03:09:49,423 - INFO - 开始识别验证码...（easyocr + pytesseract）
2026-01-18 03:09:49,511 - INFO - easyocr 结果: ['f670(0.67)']
2026-01-18 03:09:49,594 - INFO - tesseract 结果: f67Q
2026-01-18 03:09:49,656 - INFO - easyocr alt1 结果: ['f670(0.52)']
2026-01-18 03:09:49,736 - INFO - tesseract alt1 结果: fe7o
2026-01-18 03:09:49,796 - INFO - easyocr alt2 结果: ['f670(0.50)']
2026-01-18 03:09:49,879 - INFO - tesseract alt2 结果: f670
2026-01-18 03:09:50,023 - INFO - easyocr alt3 结果: ['670(0.51)']
2026-01-18 03:09:50,119 - INFO - tesseract alt3 结果: F670
2026-01-18 03:09:50,177 - INFO - easyocr alt4 结果: ['F670(0.50)']
2026-01-18 03:09:50,260 - INFO - tesseract alt4 结果: fe7o
2026-01-18 03:09:50,314 - INFO - easyocr alt5 结果: ['6(0.32)']
2026-01-18 03:09:50,391 - INFO - tesseract alt5 结果: 
2026-01-18 03:09:50,391 - INFO - 最终验证码识别结果: f670 (engine=easyocr, prob=0.6696383953094482)
2026-01-18 03:09:50,391 - INFO - 查找验证码输入框...
2026-01-18 03:09:50,444 - INFO - 验证码填写完成
2026-01-18 03:09:50,445 - INFO - 验证码填写完成，点击登录按钮...
2026-01-18 03:09:50,445 - INFO - 查找并点击登录按钮...
2026-01-18 03:09:50,791 - INFO - 已点击登录按钮
2026-01-18 03:09:57,810 - INFO - 开始填写登录表单...
2026-01-18 03:09:57,868 - INFO - 用户名填写完成
2026-01-18 03:09:57,922 - INFO - 密码填写完成
2026-01-18 03:09:57,923 - INFO - 验证码图片已保存到 /home/runner/work/nju_electric_monitor/nju_electric_monitor/src/../data/captcha_debug.png
2026-01-18 03:09:57,923 - INFO - 验证码识别尝试 6/30
2026-01-18 03:09:57,923 - INFO - 开始识别验证码...（easyocr + pytesseract）
2026-01-18 03:09:58,012 - INFO - easyocr 结果: ['f670(0.67)']
2026-01-18 03:09:58,093 - INFO - tesseract 结果: f67Q
2026-01-18 03:09:58,151 - INFO - easyocr alt1 结果: ['f670(0.52)']
2026-01-18 03:09:58,232 - INFO - tesseract alt1 结果: fe7o
2026-01-18 03:09:58,291 - INFO - easyocr alt2 结果: ['f670(0.50)']
2026-01-18 03:09:58,369 - INFO - tesseract alt2 结果: f670
2026-01-18 03:09:58,504 - INFO - easyocr alt3 结果: ['670(0.51)']
2026-01-18 03:09:58,593 - INFO - tesseract alt3 结果: F670
2026-01-18 03:09:58,652 - INFO - easyocr alt4 结果: ['F670(0.50)']
2026-01-18 03:09:58,736 - INFO - tesseract alt4 结果: fe7o
2026-01-18 03:09:58,789 - INFO - easyocr alt5 结果: ['6(0.32)']
2026-01-18 03:09:58,864 - INFO - tesseract alt5 结果: 
2026-01-18 03:09:58,864 - INFO - 最终验证码识别结果: f670 (engine=easyocr, prob=0.6696383953094482)
2026-01-18 03:09:58,864 - INFO - 查找验证码输入框...
2026-01-18 03:09:58,916 - INFO - 验证码填写完成
2026-01-18 03:09:58,916 - INFO - 验证码填写完成，点击登录按钮...
2026-01-18 03:09:58,916 - INFO - 查找并点击登录按钮...
2026-01-18 03:10:03,980 - INFO - 已点击登录按钮
2026-01-18 03:10:11,000 - INFO - 开始填写登录表单...
2026-01-18 03:10:11,058 - INFO - 用户名填写完成
2026-01-18 03:10:11,113 - INFO - 密码填写完成
2026-01-18 03:10:11,113 - INFO - 验证码图片已保存到 /home/runner/work/nju_electric_monitor/nju_electric_monitor/src/../data/captcha_debug.png
2026-01-18 03:10:11,113 - INFO - 验证码识别尝试 7/30
2026-01-18 03:10:11,113 - INFO - 开始识别验证码...（easyocr + pytesseract）
2026-01-18 03:10:11,200 - INFO - easyocr 结果: ['f670(0.67)']
2026-01-18 03:10:11,281 - INFO - tesseract 结果: f67Q
2026-01-18 03:10:11,341 - INFO - easyocr alt1 结果: ['f670(0.52)']
2026-01-18 03:10:11,425 - INFO - tesseract alt1 结果: fe7o
2026-01-18 03:10:11,494 - INFO - easyocr alt2 结果: ['f670(0.50)']
2026-01-18 03:10:11,574 - INFO - tesseract alt2 结果: f670
2026-01-18 03:10:11,711 - INFO - easyocr alt3 结果: ['670(0.51)']
2026-01-18 03:10:11,802 - INFO - tesseract alt3 结果: F670
2026-01-18 03:10:11,864 - INFO - easyocr alt4 结果: ['F670(0.50)']
2026-01-18 03:10:11,945 - INFO - tesseract alt4 结果: fe7o
2026-01-18 03:10:12,000 - INFO - easyocr alt5 结果: ['6(0.32)']
2026-01-18 03:10:12,075 - INFO - tesseract alt5 结果: 
2026-01-18 03:10:12,075 - INFO - 最终验证码识别结果: f670 (engine=easyocr, prob=0.6696383953094482)
2026-01-18 03:10:12,075 - INFO - 查找验证码输入框...
2026-01-18 03:10:12,129 - INFO - 验证码填写完成
2026-01-18 03:10:12,129 - INFO - 验证码填写完成，点击登录按钮...
2026-01-18 03:10:12,130 - INFO - 查找并点击登录按钮...
2026-01-18 03:10:12,466 - INFO - 已点击登录按钮
2026-01-18 03:10:19,487 - INFO - 开始填写登录表单...
2026-01-18 03:10:19,544 - INFO - 用户名填写完成
2026-01-18 03:10:19,600 - INFO - 密码填写完成
2026-01-18 03:10:19,601 - INFO - 验证码图片已保存到 /home/runner/work/nju_electric_monitor/nju_electric_monitor/src/../data/captcha_debug.png
2026-01-18 03:10:19,601 - INFO - 验证码识别尝试 8/30
2026-01-18 03:10:19,601 - INFO - 开始识别验证码...（easyocr + pytesseract）
2026-01-18 03:10:19,687 - INFO - easyocr 结果: ['f670(0.67)']
2026-01-18 03:10:19,767 - INFO - tesseract 结果: f67Q
2026-01-18 03:10:19,835 - INFO - easyocr alt1 结果: ['f670(0.52)']
2026-01-18 03:10:19,915 - INFO - tesseract alt1 结果: fe7o
2026-01-18 03:10:19,972 - INFO - easyocr alt2 结果: ['f670(0.50)']
2026-01-18 03:10:20,050 - INFO - tesseract alt2 结果: f670
2026-01-18 03:10:20,186 - INFO - easyocr alt3 结果: ['670(0.51)']
2026-01-18 03:10:20,279 - INFO - tesseract alt3 结果: F670
2026-01-18 03:10:20,337 - INFO - easyocr alt4 结果: ['F670(0.50)']
2026-01-18 03:10:20,418 - INFO - tesseract alt4 结果: fe7o
2026-01-18 03:10:20,472 - INFO - easyocr alt5 结果: ['6(0.32)']
2026-01-18 03:10:20,547 - INFO - tesseract alt5 结果: 
2026-01-18 03:10:20,547 - INFO - 最终验证码识别结果: f670 (engine=easyocr, prob=0.6696383953094482)
2026-01-18 03:10:20,547 - INFO - 查找验证码输入框...
2026-01-18 03:10:20,599 - INFO - 验证码填写完成
2026-01-18 03:10:20,599 - INFO - 验证码填写完成，点击登录按钮...
2026-01-18 03:10:20,599 - INFO - 查找并点击登录按钮...
2026-01-18 03:10:20,652 - INFO - 已点击登录按钮
2026-01-18 03:10:27,671 - INFO - 开始填写登录表单...
2026-01-18 03:10:27,727 - INFO - 用户名填写完成
2026-01-18 03:10:27,782 - INFO - 密码填写完成
2026-01-18 03:10:27,782 - INFO - 验证码图片已保存到 /home/runner/work/nju_electric_monitor/nju_electric_monitor/src/../data/captcha_debug.png
2026-01-18 03:10:27,782 - INFO - 验证码识别尝试 9/30
2026-01-18 03:10:27,782 - INFO - 开始识别验证码...（easyocr + pytesseract）
2026-01-18 03:10:27,871 - INFO - easyocr 结果: ['f670(0.67)']
2026-01-18 03:10:27,950 - INFO - tesseract 结果: f67Q
2026-01-18 03:10:28,008 - INFO - easyocr alt1 结果: ['f670(0.52)']
2026-01-18 03:10:28,091 - INFO - tesseract alt1 结果: fe7o
2026-01-18 03:10:28,147 - INFO - easyocr alt2 结果: ['f670(0.50)']
2026-01-18 03:10:28,225 - INFO - tesseract alt2 结果: f670
2026-01-18 03:10:28,357 - INFO - easyocr alt3 结果: ['670(0.51)']
2026-01-18 03:10:28,447 - INFO - tesseract alt3 结果: F670
2026-01-18 03:10:28,506 - INFO - easyocr alt4 结果: ['F670(0.50)']
2026-01-18 03:10:28,584 - INFO - tesseract alt4 结果: fe7o
2026-01-18 03:10:28,637 - INFO - easyocr alt5 结果: ['6(0.32)']
2026-01-18 03:10:28,712 - INFO - tesseract alt5 结果: 
2026-01-18 03:10:28,713 - INFO - 最终验证码识别结果: f670 (engine=easyocr, prob=0.6696383953094482)
2026-01-18 03:10:28,713 - INFO - 查找验证码输入框...
2026-01-18 03:10:28,765 - INFO - 验证码填写完成
2026-01-18 03:10:28,765 - INFO - 验证码填写完成，点击登录按钮...
2026-01-18 03:10:28,765 - INFO - 查找并点击登录按钮...
2026-01-18 03:10:29,099 - INFO - 已点击登录按钮
2026-01-18 03:10:36,118 - INFO - 开始填写登录表单...
2026-01-18 03:10:36,175 - INFO - 用户名填写完成
2026-01-18 03:10:36,230 - INFO - 密码填写完成
2026-01-18 03:10:36,230 - INFO - 验证码图片已保存到 /home/runner/work/nju_electric_monitor/nju_electric_monitor/src/../data/captcha_debug.png
2026-01-18 03:10:36,230 - INFO - 验证码识别尝试 10/30
2026-01-18 03:10:36,231 - INFO - 开始识别验证码...（easyocr + pytesseract）
2026-01-18 03:10:36,315 - INFO - easyocr 结果: ['f670(0.67)']
2026-01-18 03:10:36,394 - INFO - tesseract 结果: f67Q
2026-01-18 03:10:36,469 - INFO - easyocr alt1 结果: ['f670(0.52)']
2026-01-18 03:10:36,551 - INFO - tesseract alt1 结果: fe7o
2026-01-18 03:10:36,610 - INFO - easyocr alt2 结果: ['f670(0.50)']
2026-01-18 03:10:36,689 - INFO - tesseract alt2 结果: f670
2026-01-18 03:10:36,825 - INFO - easyocr alt3 结果: ['670(0.51)']
2026-01-18 03:10:36,915 - INFO - tesseract alt3 结果: F670
2026-01-18 03:10:36,971 - INFO - easyocr alt4 结果: ['F670(0.50)']
2026-01-18 03:10:37,049 - INFO - tesseract alt4 结果: fe7o
2026-01-18 03:10:37,103 - INFO - easyocr alt5 结果: ['6(0.32)']
2026-01-18 03:10:37,179 - INFO - tesseract alt5 结果: 
2026-01-18 03:10:37,179 - INFO - 最终验证码识别结果: f670 (engine=easyocr, prob=0.6696383953094482)
2026-01-18 03:10:37,179 - INFO - 查找验证码输入框...
2026-01-18 03:10:37,231 - INFO - 验证码填写完成
2026-01-18 03:10:37,231 - INFO - 验证码填写完成，点击登录按钮...
2026-01-18 03:10:37,231 - INFO - 查找并点击登录按钮...
2026-01-18 03:10:37,284 - INFO - 已点击登录按钮
2026-01-18 03:10:44,304 - INFO - 开始填写登录表单...
2026-01-18 03:10:44,361 - INFO - 用户名填写完成
2026-01-18 03:10:44,417 - INFO - 密码填写完成
2026-01-18 03:10:44,418 - INFO - 验证码图片已保存到 /home/runner/work/nju_electric_monitor/nju_electric_monitor/src/../data/captcha_debug.png
2026-01-18 03:10:44,418 - INFO - 验证码识别尝试 11/30
2026-01-18 03:10:44,418 - INFO - 开始识别验证码...（easyocr + pytesseract）
2026-01-18 03:10:44,509 - INFO - easyocr 结果: ['f670(0.67)']
2026-01-18 03:10:44,589 - INFO - tesseract 结果: f67Q
2026-01-18 03:10:44,648 - INFO - easyocr alt1 结果: ['f670(0.52)']
2026-01-18 03:10:44,727 - INFO - tesseract alt1 结果: fe7o
2026-01-18 03:10:44,786 - INFO - easyocr alt2 结果: ['f670(0.50)']
2026-01-18 03:10:44,867 - INFO - tesseract alt2 结果: f670
2026-01-18 03:10:45,003 - INFO - easyocr alt3 结果: ['670(0.51)']
2026-01-18 03:10:45,095 - INFO - tesseract alt3 结果: F670
2026-01-18 03:10:45,155 - INFO - easyocr alt4 结果: ['F670(0.50)']
2026-01-18 03:10:45,233 - INFO - tesseract alt4 结果: fe7o
2026-01-18 03:10:45,286 - INFO - easyocr alt5 结果: ['6(0.32)']
2026-01-18 03:10:45,367 - INFO - tesseract alt5 结果: 
2026-01-18 03:10:45,367 - INFO - 最终验证码识别结果: f670 (engine=easyocr, prob=0.6696383953094482)
2026-01-18 03:10:45,367 - INFO - 查找验证码输入框...
2026-01-18 03:10:45,421 - INFO - 验证码填写完成
2026-01-18 03:10:45,421 - INFO - 验证码填写完成，点击登录按钮...
2026-01-18 03:10:45,421 - INFO - 查找并点击登录按钮...
2026-01-18 03:10:45,475 - INFO - 已点击登录按钮
2026-01-18 03:10:52,495 - INFO - 开始填写登录表单...
2026-01-18 03:10:52,551 - INFO - 用户名填写完成
2026-01-18 03:10:52,605 - INFO - 密码填写完成
2026-01-18 03:10:52,606 - INFO - 验证码图片已保存到 /home/runner/work/nju_electric_monitor/nju_electric_monitor/src/../data/captcha_debug.png
2026-01-18 03:10:52,606 - INFO - 验证码识别尝试 12/30
2026-01-18 03:10:52,606 - INFO - 开始识别验证码...（easyocr + pytesseract）
2026-01-18 03:10:52,694 - INFO - easyocr 结果: ['f670(0.67)']
2026-01-18 03:10:52,773 - INFO - tesseract 结果: f67Q
2026-01-18 03:10:52,833 - INFO - easyocr alt1 结果: ['f670(0.52)']
2026-01-18 03:10:52,914 - INFO - tesseract alt1 结果: fe7o
2026-01-18 03:10:52,974 - INFO - easyocr alt2 结果: ['f670(0.50)']
2026-01-18 03:10:53,054 - INFO - tesseract alt2 结果: f670
2026-01-18 03:10:53,188 - INFO - easyocr alt3 结果: ['670(0.51)']
2026-01-18 03:10:53,279 - INFO - tesseract alt3 结果: F670
2026-01-18 03:10:53,337 - INFO - easyocr alt4 结果: ['F670(0.50)']
2026-01-18 03:10:53,416 - INFO - tesseract alt4 结果: fe7o
2026-01-18 03:10:53,470 - INFO - easyocr alt5 结果: ['6(0.32)']
2026-01-18 03:10:53,547 - INFO - tesseract alt5 结果: 
2026-01-18 03:10:53,547 - INFO - 最终验证码识别结果: f670 (engine=easyocr, prob=0.6696383953094482)
2026-01-18 03:10:53,547 - INFO - 查找验证码输入框...
2026-01-18 03:10:53,601 - INFO - 验证码填写完成
2026-01-18 03:10:53,601 - INFO - 验证码填写完成，点击登录按钮...
2026-01-18 03:10:53,601 - INFO - 查找并点击登录按钮...
2026-01-18 03:10:53,653 - INFO - 已点击登录按钮
2026-01-18 03:11:00,672 - INFO - 开始填写登录表单...
2026-01-18 03:11:00,729 - INFO - 用户名填写完成
2026-01-18 03:11:00,784 - INFO - 密码填写完成
2026-01-18 03:11:00,784 - INFO - 验证码图片已保存到 /home/runner/work/nju_electric_monitor/nju_electric_monitor/src/../data/captcha_debug.png
2026-01-18 03:11:00,785 - INFO - 验证码识别尝试 13/30
2026-01-18 03:11:00,785 - INFO - 开始识别验证码...（easyocr + pytesseract）
2026-01-18 03:11:00,872 - INFO - easyocr 结果: ['f670(0.67)']
2026-01-18 03:11:00,951 - INFO - tesseract 结果: f67Q
2026-01-18 03:11:01,011 - INFO - easyocr alt1 结果: ['f670(0.52)']
2026-01-18 03:11:01,092 - INFO - tesseract alt1 结果: fe7o
2026-01-18 03:11:01,153 - INFO - easyocr alt2 结果: ['f670(0.50)']
2026-01-18 03:11:01,233 - INFO - tesseract alt2 结果: f670
2026-01-18 03:11:01,370 - INFO - easyocr alt3 结果: ['670(0.51)']
2026-01-18 03:11:01,462 - INFO - tesseract alt3 结果: F670
2026-01-18 03:11:01,522 - INFO - easyocr alt4 结果: ['F670(0.50)']
2026-01-18 03:11:01,604 - INFO - tesseract alt4 结果: fe7o
2026-01-18 03:11:01,657 - INFO - easyocr alt5 结果: ['6(0.32)']
2026-01-18 03:11:01,736 - INFO - tesseract alt5 结果: 
2026-01-18 03:11:01,736 - INFO - 最终验证码识别结果: f670 (engine=easyocr, prob=0.6696383953094482)
2026-01-18 03:11:01,736 - INFO - 查找验证码输入框...
2026-01-18 03:11:01,788 - INFO - 验证码填写完成
2026-01-18 03:11:01,788 - INFO - 验证码填写完成，点击登录按钮...
2026-01-18 03:11:01,788 - INFO - 查找并点击登录按钮...
2026-01-18 03:11:01,841 - INFO - 已点击登录按钮
2026-01-18 03:11:08,861 - INFO - 开始填写登录表单...
2026-01-18 03:11:08,924 - INFO - 用户名填写完成
2026-01-18 03:11:08,980 - INFO - 密码填写完成
2026-01-18 03:11:08,981 - INFO - 验证码图片已保存到 /home/runner/work/nju_electric_monitor/nju_electric_monitor/src/../data/captcha_debug.png
2026-01-18 03:11:08,981 - INFO - 验证码识别尝试 14/30
2026-01-18 03:11:08,981 - INFO - 开始识别验证码...（easyocr + pytesseract）
2026-01-18 03:11:09,067 - INFO - easyocr 结果: ['f670(0.67)']
2026-01-18 03:11:09,145 - INFO - tesseract 结果: f67Q
2026-01-18 03:11:09,203 - INFO - easyocr alt1 结果: ['f670(0.52)']
2026-01-18 03:11:09,287 - INFO - tesseract alt1 结果: fe7o
2026-01-18 03:11:09,353 - INFO - easyocr alt2 结果: ['f670(0.50)']
2026-01-18 03:11:09,434 - INFO - tesseract alt2 结果: f670
2026-01-18 03:11:09,568 - INFO - easyocr alt3 结果: ['670(0.51)']
2026-01-18 03:11:09,658 - INFO - tesseract alt3 结果: F670
2026-01-18 03:11:09,715 - INFO - easyocr alt4 结果: ['F670(0.50)']
2026-01-18 03:11:09,795 - INFO - tesseract alt4 结果: fe7o
2026-01-18 03:11:09,859 - INFO - easyocr alt5 结果: ['6(0.32)']
2026-01-18 03:11:09,937 - INFO - tesseract alt5 结果: 
2026-01-18 03:11:09,937 - INFO - 最终验证码识别结果: f670 (engine=easyocr, prob=0.6696383953094482)
2026-01-18 03:11:09,937 - INFO - 查找验证码输入框...
2026-01-18 03:11:09,994 - INFO - 验证码填写完成
2026-01-18 03:11:09,994 - INFO - 验证码填写完成，点击登录按钮...
2026-01-18 03:11:09,994 - INFO - 查找并点击登录按钮...
2026-01-18 03:11:10,345 - INFO - 已点击登录按钮
2026-01-18 03:11:17,363 - INFO - 开始填写登录表单...
2026-01-18 03:11:17,419 - INFO - 用户名填写完成
2026-01-18 03:11:17,473 - INFO - 密码填写完成
2026-01-18 03:11:17,474 - INFO - 验证码图片已保存到 /home/runner/work/nju_electric_monitor/nju_electric_monitor/src/../data/captcha_debug.png
2026-01-18 03:11:17,474 - INFO - 验证码识别尝试 15/30
2026-01-18 03:11:17,474 - INFO - 开始识别验证码...（easyocr + pytesseract）
2026-01-18 03:11:17,564 - INFO - easyocr 结果: ['f670(0.67)']
2026-01-18 03:11:17,642 - INFO - tesseract 结果: f67Q
2026-01-18 03:11:17,703 - INFO - easyocr alt1 结果: ['f670(0.52)']
2026-01-18 03:11:17,783 - INFO - tesseract alt1 结果: fe7o
2026-01-18 03:11:17,839 - INFO - easyocr alt2 结果: ['f670(0.50)']
2026-01-18 03:11:17,917 - INFO - tesseract alt2 结果: f670
2026-01-18 03:11:18,051 - INFO - easyocr alt3 结果: ['670(0.51)']
2026-01-18 03:11:18,141 - INFO - tesseract alt3 结果: F670
2026-01-18 03:11:18,198 - INFO - easyocr alt4 结果: ['F670(0.50)']
2026-01-18 03:11:18,277 - INFO - tesseract alt4 结果: fe7o
2026-01-18 03:11:18,330 - INFO - easyocr alt5 结果: ['6(0.32)']
2026-01-18 03:11:18,406 - INFO - tesseract alt5 结果: 
2026-01-18 03:11:18,406 - INFO - 最终验证码识别结果: f670 (engine=easyocr, prob=0.6696383953094482)
2026-01-18 03:11:18,406 - INFO - 查找验证码输入框...
2026-01-18 03:11:18,462 - INFO - 验证码填写完成
2026-01-18 03:11:18,462 - INFO - 验证码填写完成，点击登录按钮...
2026-01-18 03:11:18,462 - INFO - 查找并点击登录按钮...
2026-01-18 03:11:18,808 - INFO - 已点击登录按钮
2026-01-18 03:11:25,828 - INFO - 开始填写登录表单...
2026-01-18 03:11:25,883 - INFO - 用户名填写完成
2026-01-18 03:11:25,937 - INFO - 密码填写完成
2026-01-18 03:11:25,938 - INFO - 验证码图片已保存到 /home/runner/work/nju_electric_monitor/nju_electric_monitor/src/../data/captcha_debug.png
2026-01-18 03:11:25,938 - INFO - 验证码识别尝试 16/30
2026-01-18 03:11:25,938 - INFO - 开始识别验证码...（easyocr + pytesseract）
2026-01-18 03:11:26,026 - INFO - easyocr 结果: ['f670(0.67)']
2026-01-18 03:11:26,107 - INFO - tesseract 结果: f67Q
2026-01-18 03:11:26,170 - INFO - easyocr alt1 结果: ['f670(0.52)']
2026-01-18 03:11:26,251 - INFO - tesseract alt1 结果: fe7o
2026-01-18 03:11:26,308 - INFO - easyocr alt2 结果: ['f670(0.50)']
2026-01-18 03:11:26,386 - INFO - tesseract alt2 结果: f670
2026-01-18 03:11:26,519 - INFO - easyocr alt3 结果: ['670(0.51)']
2026-01-18 03:11:26,608 - INFO - tesseract alt3 结果: F670
2026-01-18 03:11:26,666 - INFO - easyocr alt4 结果: ['F670(0.50)']
2026-01-18 03:11:26,745 - INFO - tesseract alt4 结果: fe7o
2026-01-18 03:11:26,797 - INFO - easyocr alt5 结果: ['6(0.32)']
2026-01-18 03:11:26,871 - INFO - tesseract alt5 结果: 
2026-01-18 03:11:26,871 - INFO - 最终验证码识别结果: f670 (engine=easyocr, prob=0.6696383953094482)
2026-01-18 03:11:26,871 - INFO - 查找验证码输入框...
2026-01-18 03:11:26,923 - INFO - 验证码填写完成
2026-01-18 03:11:26,923 - INFO - 验证码填写完成，点击登录按钮...
2026-01-18 03:11:26,923 - INFO - 查找并点击登录按钮...
2026-01-18 03:11:26,974 - INFO - 已点击登录按钮
2026-01-18 03:11:33,993 - INFO - 开始填写登录表单...
2026-01-18 03:11:34,048 - INFO - 用户名填写完成
2026-01-18 03:11:34,100 - INFO - 密码填写完成
2026-01-18 03:11:34,101 - INFO - 验证码图片已保存到 /home/runner/work/nju_electric_monitor/nju_electric_monitor/src/../data/captcha_debug.png
2026-01-18 03:11:34,101 - INFO - 验证码识别尝试 17/30
2026-01-18 03:11:34,101 - INFO - 开始识别验证码...（easyocr + pytesseract）
2026-01-18 03:11:34,192 - INFO - easyocr 结果: ['f670(0.67)']
2026-01-18 03:11:34,271 - INFO - tesseract 结果: f67Q
2026-01-18 03:11:34,340 - INFO - easyocr alt1 结果: ['f670(0.52)']
2026-01-18 03:11:34,418 - INFO - tesseract alt1 结果: fe7o
2026-01-18 03:11:34,475 - INFO - easyocr alt2 结果: ['f670(0.50)']
2026-01-18 03:11:34,552 - INFO - tesseract alt2 结果: f670
2026-01-18 03:11:34,680 - INFO - easyocr alt3 结果: ['670(0.51)']
2026-01-18 03:11:34,769 - INFO - tesseract alt3 结果: F670
2026-01-18 03:11:34,826 - INFO - easyocr alt4 结果: ['F670(0.50)']
2026-01-18 03:11:34,904 - INFO - tesseract alt4 结果: fe7o
2026-01-18 03:11:34,955 - INFO - easyocr alt5 结果: ['6(0.32)']
2026-01-18 03:11:35,031 - INFO - tesseract alt5 结果: 
2026-01-18 03:11:35,031 - INFO - 最终验证码识别结果: f670 (engine=easyocr, prob=0.6696383953094482)
2026-01-18 03:11:35,031 - INFO - 查找验证码输入框...
2026-01-18 03:11:35,082 - INFO - 验证码填写完成
2026-01-18 03:11:35,082 - INFO - 验证码填写完成，点击登录按钮...
2026-01-18 03:11:35,082 - INFO - 查找并点击登录按钮...
2026-01-18 03:11:35,133 - INFO - 已点击登录按钮
2026-01-18 03:11:42,152 - INFO - 开始填写登录表单...
2026-01-18 03:11:42,206 - INFO - 用户名填写完成
2026-01-18 03:11:42,258 - INFO - 密码填写完成
2026-01-18 03:11:42,259 - INFO - 验证码图片已保存到 /home/runner/work/nju_electric_monitor/nju_electric_monitor/src/../data/captcha_debug.png
2026-01-18 03:11:42,259 - INFO - 验证码识别尝试 18/30
2026-01-18 03:11:42,259 - INFO - 开始识别验证码...（easyocr + pytesseract）
2026-01-18 03:11:42,342 - INFO - easyocr 结果: ['f670(0.67)']
2026-01-18 03:11:42,418 - INFO - tesseract 结果: f67Q
2026-01-18 03:11:42,476 - INFO - easyocr alt1 结果: ['f670(0.52)']
2026-01-18 03:11:42,557 - INFO - tesseract alt1 结果: fe7o
2026-01-18 03:11:42,617 - INFO - easyocr alt2 结果: ['f670(0.50)']
2026-01-18 03:11:42,696 - INFO - tesseract alt2 结果: f670
2026-01-18 03:11:42,829 - INFO - easyocr alt3 结果: ['670(0.51)']
2026-01-18 03:11:42,922 - INFO - tesseract alt3 结果: F670
2026-01-18 03:11:42,980 - INFO - easyocr alt4 结果: ['F670(0.50)']
2026-01-18 03:11:43,062 - INFO - tesseract alt4 结果: fe7o
2026-01-18 03:11:43,116 - INFO - easyocr alt5 结果: ['6(0.32)']
2026-01-18 03:11:43,192 - INFO - tesseract alt5 结果: 
2026-01-18 03:11:43,192 - INFO - 最终验证码识别结果: f670 (engine=easyocr, prob=0.6696383953094482)
2026-01-18 03:11:43,192 - INFO - 查找验证码输入框...
2026-01-18 03:11:43,244 - INFO - 验证码填写完成
2026-01-18 03:11:43,244 - INFO - 验证码填写完成，点击登录按钮...
2026-01-18 03:11:43,244 - INFO - 查找并点击登录按钮...
2026-01-18 03:11:43,577 - INFO - 已点击登录按钮
2026-01-18 03:11:50,595 - INFO - 开始填写登录表单...
2026-01-18 03:11:50,650 - INFO - 用户名填写完成
2026-01-18 03:11:50,703 - INFO - 密码填写完成
2026-01-18 03:11:50,703 - INFO - 验证码图片已保存到 /home/runner/work/nju_electric_monitor/nju_electric_monitor/src/../data/captcha_debug.png
2026-01-18 03:11:50,704 - INFO - 验证码识别尝试 19/30
2026-01-18 03:11:50,704 - INFO - 开始识别验证码...（easyocr + pytesseract）
2026-01-18 03:11:50,789 - INFO - easyocr 结果: ['f670(0.67)']
2026-01-18 03:11:50,868 - INFO - tesseract 结果: f67Q
2026-01-18 03:11:50,926 - INFO - easyocr alt1 结果: ['f670(0.52)']
2026-01-18 03:11:51,005 - INFO - tesseract alt1 结果: fe7o
2026-01-18 03:11:51,064 - INFO - easyocr alt2 结果: ['f670(0.50)']
2026-01-18 03:11:51,143 - INFO - tesseract alt2 结果: f670
2026-01-18 03:11:51,276 - INFO - easyocr alt3 结果: ['670(0.51)']
2026-01-18 03:11:51,367 - INFO - tesseract alt3 结果: F670
2026-01-18 03:11:51,424 - INFO - easyocr alt4 结果: ['F670(0.50)']
2026-01-18 03:11:51,503 - INFO - tesseract alt4 结果: fe7o
2026-01-18 03:11:51,555 - INFO - easyocr alt5 结果: ['6(0.32)']
2026-01-18 03:11:51,633 - INFO - tesseract alt5 结果: 
2026-01-18 03:11:51,633 - INFO - 最终验证码识别结果: f670 (engine=easyocr, prob=0.6696383953094482)
2026-01-18 03:11:51,633 - INFO - 查找验证码输入框...
2026-01-18 03:11:51,685 - INFO - 验证码填写完成
2026-01-18 03:11:51,685 - INFO - 验证码填写完成，点击登录按钮...
2026-01-18 03:11:51,685 - INFO - 查找并点击登录按钮...
2026-01-18 03:11:51,737 - INFO - 已点击登录按钮
2026-01-18 03:11:58,756 - INFO - 开始填写登录表单...
2026-01-18 03:11:58,812 - INFO - 用户名填写完成
2026-01-18 03:11:58,866 - INFO - 密码填写完成
2026-01-18 03:11:58,867 - INFO - 验证码图片已保存到 /home/runner/work/nju_electric_monitor/nju_electric_monitor/src/../data/captcha_debug.png
2026-01-18 03:11:58,867 - INFO - 验证码识别尝试 20/30
2026-01-18 03:11:58,867 - INFO - 开始识别验证码...（easyocr + pytesseract）
2026-01-18 03:11:58,956 - INFO - easyocr 结果: ['f670(0.67)']
2026-01-18 03:11:59,040 - INFO - tesseract 结果: f67Q
2026-01-18 03:11:59,099 - INFO - easyocr alt1 结果: ['f670(0.52)']
2026-01-18 03:11:59,181 - INFO - tesseract alt1 结果: fe7o
2026-01-18 03:11:59,241 - INFO - easyocr alt2 结果: ['f670(0.50)']
2026-01-18 03:11:59,322 - INFO - tesseract alt2 结果: f670
2026-01-18 03:11:59,463 - INFO - easyocr alt3 结果: ['670(0.51)']
2026-01-18 03:11:59,556 - INFO - tesseract alt3 结果: F670
2026-01-18 03:11:59,614 - INFO - easyocr alt4 结果: ['F670(0.50)']
2026-01-18 03:11:59,696 - INFO - tesseract alt4 结果: fe7o
2026-01-18 03:11:59,750 - INFO - easyocr alt5 结果: ['6(0.32)']
2026-01-18 03:11:59,825 - INFO - tesseract alt5 结果: 
2026-01-18 03:11:59,825 - INFO - 最终验证码识别结果: f670 (engine=easyocr, prob=0.6696383953094482)
2026-01-18 03:11:59,825 - INFO - 查找验证码输入框...
2026-01-18 03:11:59,878 - INFO - 验证码填写完成
2026-01-18 03:11:59,878 - INFO - 验证码填写完成，点击登录按钮...
2026-01-18 03:11:59,878 - INFO - 查找并点击登录按钮...
2026-01-18 03:12:00,226 - INFO - 已点击登录按钮
2026-01-18 03:12:07,245 - INFO - 开始填写登录表单...
2026-01-18 03:12:07,300 - INFO - 用户名填写完成
2026-01-18 03:12:07,353 - INFO - 密码填写完成
2026-01-18 03:12:07,354 - INFO - 验证码图片已保存到 /home/runner/work/nju_electric_monitor/nju_electric_monitor/src/../data/captcha_debug.png
2026-01-18 03:12:07,354 - INFO - 验证码识别尝试 21/30
2026-01-18 03:12:07,354 - INFO - 开始识别验证码...（easyocr + pytesseract）
2026-01-18 03:12:07,442 - INFO - easyocr 结果: ['f670(0.67)']
2026-01-18 03:12:07,524 - INFO - tesseract 结果: f67Q
2026-01-18 03:12:07,582 - INFO - easyocr alt1 结果: ['f670(0.52)']
2026-01-18 03:12:07,661 - INFO - tesseract alt1 结果: fe7o
2026-01-18 03:12:07,717 - INFO - easyocr alt2 结果: ['f670(0.50)']
2026-01-18 03:12:07,798 - INFO - tesseract alt2 结果: f670
2026-01-18 03:12:07,928 - INFO - easyocr alt3 结果: ['670(0.51)']
2026-01-18 03:12:08,018 - INFO - tesseract alt3 结果: F670
2026-01-18 03:12:08,082 - INFO - easyocr alt4 结果: ['F670(0.50)']
2026-01-18 03:12:08,161 - INFO - tesseract alt4 结果: fe7o
2026-01-18 03:12:08,216 - INFO - easyocr alt5 结果: ['6(0.32)']
2026-01-18 03:12:08,291 - INFO - tesseract alt5 结果: 
2026-01-18 03:12:08,291 - INFO - 最终验证码识别结果: f670 (engine=easyocr, prob=0.6696383953094482)
2026-01-18 03:12:08,291 - INFO - 查找验证码输入框...
2026-01-18 03:12:08,344 - INFO - 验证码填写完成
2026-01-18 03:12:08,344 - INFO - 验证码填写完成，点击登录按钮...
2026-01-18 03:12:08,344 - INFO - 查找并点击登录按钮...
2026-01-18 03:12:08,690 - INFO - 已点击登录按钮
2026-01-18 03:12:15,709 - INFO - 开始填写登录表单...
2026-01-18 03:12:15,765 - INFO - 用户名填写完成
2026-01-18 03:12:15,817 - INFO - 密码填写完成
2026-01-18 03:12:15,818 - INFO - 验证码图片已保存到 /home/runner/work/nju_electric_monitor/nju_electric_monitor/src/../data/captcha_debug.png
2026-01-18 03:12:15,818 - INFO - 验证码识别尝试 22/30
2026-01-18 03:12:15,818 - INFO - 开始识别验证码...（easyocr + pytesseract）
2026-01-18 03:12:15,903 - INFO - easyocr 结果: ['f670(0.67)']
2026-01-18 03:12:15,982 - INFO - tesseract 结果: f67Q
2026-01-18 03:12:16,041 - INFO - easyocr alt1 结果: ['f670(0.52)']
2026-01-18 03:12:16,125 - INFO - tesseract alt1 结果: fe7o
2026-01-18 03:12:16,186 - INFO - easyocr alt2 结果: ['f670(0.50)']
2026-01-18 03:12:16,265 - INFO - tesseract alt2 结果: f670
2026-01-18 03:12:16,399 - INFO - easyocr alt3 结果: ['670(0.51)']
2026-01-18 03:12:16,490 - INFO - tesseract alt3 结果: F670
2026-01-18 03:12:16,552 - INFO - easyocr alt4 结果: ['F670(0.50)']
2026-01-18 03:12:16,630 - INFO - tesseract alt4 结果: fe7o
2026-01-18 03:12:16,683 - INFO - easyocr alt5 结果: ['6(0.32)']
2026-01-18 03:12:16,758 - INFO - tesseract alt5 结果: 
2026-01-18 03:12:16,758 - INFO - 最终验证码识别结果: f670 (engine=easyocr, prob=0.6696383953094482)
2026-01-18 03:12:16,758 - INFO - 查找验证码输入框...
2026-01-18 03:12:16,810 - INFO - 验证码填写完成
2026-01-18 03:12:16,810 - INFO - 验证码填写完成，点击登录按钮...
2026-01-18 03:12:16,810 - INFO - 查找并点击登录按钮...
2026-01-18 03:12:17,157 - INFO - 已点击登录按钮
2026-01-18 03:12:24,176 - INFO - 开始填写登录表单...
2026-01-18 03:12:24,230 - INFO - 用户名填写完成
2026-01-18 03:12:24,283 - INFO - 密码填写完成
2026-01-18 03:12:24,284 - INFO - 验证码图片已保存到 /home/runner/work/nju_electric_monitor/nju_electric_monitor/src/../data/captcha_debug.png
2026-01-18 03:12:24,284 - INFO - 验证码识别尝试 23/30
2026-01-18 03:12:24,284 - INFO - 开始识别验证码...（easyocr + pytesseract）
2026-01-18 03:12:24,370 - INFO - easyocr 结果: ['f670(0.67)']
2026-01-18 03:12:24,449 - INFO - tesseract 结果: f67Q
2026-01-18 03:12:24,509 - INFO - easyocr alt1 结果: ['f670(0.52)']
2026-01-18 03:12:24,587 - INFO - tesseract alt1 结果: fe7o
2026-01-18 03:12:24,646 - INFO - easyocr alt2 结果: ['f670(0.50)']
2026-01-18 03:12:24,725 - INFO - tesseract alt2 结果: f670
2026-01-18 03:12:24,862 - INFO - easyocr alt3 结果: ['670(0.51)']
2026-01-18 03:12:24,951 - INFO - tesseract alt3 结果: F670
2026-01-18 03:12:25,010 - INFO - easyocr alt4 结果: ['F670(0.50)']
2026-01-18 03:12:25,089 - INFO - tesseract alt4 结果: fe7o
2026-01-18 03:12:25,142 - INFO - easyocr alt5 结果: ['6(0.32)']
2026-01-18 03:12:25,216 - INFO - tesseract alt5 结果: 
2026-01-18 03:12:25,216 - INFO - 最终验证码识别结果: f670 (engine=easyocr, prob=0.6696383953094482)
2026-01-18 03:12:25,216 - INFO - 查找验证码输入框...
2026-01-18 03:12:25,267 - INFO - 验证码填写完成
2026-01-18 03:12:25,268 - INFO - 验证码填写完成，点击登录按钮...
2026-01-18 03:12:25,268 - INFO - 查找并点击登录按钮...
2026-01-18 03:12:25,319 - INFO - 已点击登录按钮
2026-01-18 03:12:32,339 - INFO - 开始填写登录表单...
2026-01-18 03:12:32,396 - INFO - 用户名填写完成
2026-01-18 03:12:32,451 - INFO - 密码填写完成
2026-01-18 03:12:32,452 - INFO - 验证码图片已保存到 /home/runner/work/nju_electric_monitor/nju_electric_monitor/src/../data/captcha_debug.png
2026-01-18 03:12:32,452 - INFO - 验证码识别尝试 24/30
2026-01-18 03:12:32,452 - INFO - 开始识别验证码...（easyocr + pytesseract）
2026-01-18 03:12:32,538 - INFO - easyocr 结果: ['f670(0.67)']
2026-01-18 03:12:32,618 - INFO - tesseract 结果: f67Q
2026-01-18 03:12:32,676 - INFO - easyocr alt1 结果: ['f670(0.52)']
2026-01-18 03:12:32,758 - INFO - tesseract alt1 结果: fe7o
2026-01-18 03:12:32,817 - INFO - easyocr alt2 结果: ['f670(0.50)']
2026-01-18 03:12:32,896 - INFO - tesseract alt2 结果: f670
2026-01-18 03:12:33,027 - INFO - easyocr alt3 结果: ['670(0.51)']
2026-01-18 03:12:33,117 - INFO - tesseract alt3 结果: F670
2026-01-18 03:12:33,173 - INFO - easyocr alt4 结果: ['F670(0.50)']
2026-01-18 03:12:33,253 - INFO - tesseract alt4 结果: fe7o
2026-01-18 03:12:33,304 - INFO - easyocr alt5 结果: ['6(0.32)']
2026-01-18 03:12:33,379 - INFO - tesseract alt5 结果: 
2026-01-18 03:12:33,379 - INFO - 最终验证码识别结果: f670 (engine=easyocr, prob=0.6696383953094482)
2026-01-18 03:12:33,379 - INFO - 查找验证码输入框...
2026-01-18 03:12:33,430 - INFO - 验证码填写完成
2026-01-18 03:12:33,431 - INFO - 验证码填写完成，点击登录按钮...
2026-01-18 03:12:33,431 - INFO - 查找并点击登录按钮...
2026-01-18 03:12:33,484 - INFO - 已点击登录按钮
2026-01-18 03:12:40,503 - INFO - 开始填写登录表单...
2026-01-18 03:12:40,561 - INFO - 用户名填写完成
2026-01-18 03:12:40,614 - INFO - 密码填写完成
2026-01-18 03:12:40,615 - INFO - 验证码图片已保存到 /home/runner/work/nju_electric_monitor/nju_electric_monitor/src/../data/captcha_debug.png
2026-01-18 03:12:40,615 - INFO - 验证码识别尝试 25/30
2026-01-18 03:12:40,615 - INFO - 开始识别验证码...（easyocr + pytesseract）
2026-01-18 03:12:40,699 - INFO - easyocr 结果: ['f670(0.67)']
2026-01-18 03:12:40,778 - INFO - tesseract 结果: f67Q
2026-01-18 03:12:40,835 - INFO - easyocr alt1 结果: ['f670(0.52)']
2026-01-18 03:12:40,915 - INFO - tesseract alt1 结果: fe7o
2026-01-18 03:12:40,972 - INFO - easyocr alt2 结果: ['f670(0.50)']
2026-01-18 03:12:41,050 - INFO - tesseract alt2 结果: f670
2026-01-18 03:12:41,182 - INFO - easyocr alt3 结果: ['670(0.51)']
2026-01-18 03:12:41,274 - INFO - tesseract alt3 结果: F670
2026-01-18 03:12:41,330 - INFO - easyocr alt4 结果: ['F670(0.50)']
2026-01-18 03:12:41,408 - INFO - tesseract alt4 结果: fe7o
2026-01-18 03:12:41,460 - INFO - easyocr alt5 结果: ['6(0.32)']
2026-01-18 03:12:41,537 - INFO - tesseract alt5 结果: 
2026-01-18 03:12:41,537 - INFO - 最终验证码识别结果: f670 (engine=easyocr, prob=0.6696383953094482)
2026-01-18 03:12:41,537 - INFO - 查找验证码输入框...
2026-01-18 03:12:41,590 - INFO - 验证码填写完成
2026-01-18 03:12:41,590 - INFO - 验证码填写完成，点击登录按钮...
2026-01-18 03:12:41,590 - INFO - 查找并点击登录按钮...
2026-01-18 03:12:41,936 - INFO - 已点击登录按钮
2026-01-18 03:12:48,955 - INFO - 开始填写登录表单...
2026-01-18 03:12:49,012 - INFO - 用户名填写完成
2026-01-18 03:12:49,068 - INFO - 密码填写完成
2026-01-18 03:12:49,068 - INFO - 验证码图片已保存到 /home/runner/work/nju_electric_monitor/nju_electric_monitor/src/../data/captcha_debug.png
2026-01-18 03:12:49,068 - INFO - 验证码识别尝试 26/30
2026-01-18 03:12:49,069 - INFO - 开始识别验证码...（easyocr + pytesseract）
2026-01-18 03:12:49,166 - INFO - easyocr 结果: ['f670(0.67)']
2026-01-18 03:12:49,247 - INFO - tesseract 结果: f67Q
2026-01-18 03:12:49,305 - INFO - easyocr alt1 结果: ['f670(0.52)']
2026-01-18 03:12:49,385 - INFO - tesseract alt1 结果: fe7o
2026-01-18 03:12:49,443 - INFO - easyocr alt2 结果: ['f670(0.50)']
2026-01-18 03:12:49,522 - INFO - tesseract alt2 结果: f670
2026-01-18 03:12:49,656 - INFO - easyocr alt3 结果: ['670(0.51)']
2026-01-18 03:12:49,746 - INFO - tesseract alt3 结果: F670
2026-01-18 03:12:49,804 - INFO - easyocr alt4 结果: ['F670(0.50)']
2026-01-18 03:12:49,884 - INFO - tesseract alt4 结果: fe7o
2026-01-18 03:12:49,937 - INFO - easyocr alt5 结果: ['6(0.32)']
2026-01-18 03:12:50,013 - INFO - tesseract alt5 结果: 
2026-01-18 03:12:50,013 - INFO - 最终验证码识别结果: f670 (engine=easyocr, prob=0.6696383953094482)
2026-01-18 03:12:50,013 - INFO - 查找验证码输入框...
2026-01-18 03:12:50,065 - INFO - 验证码填写完成
2026-01-18 03:12:50,065 - INFO - 验证码填写完成，点击登录按钮...
2026-01-18 03:12:50,065 - INFO - 查找并点击登录按钮...
2026-01-18 03:12:50,119 - INFO - 已点击登录按钮
2026-01-18 03:12:57,138 - INFO - 开始填写登录表单...
2026-01-18 03:12:57,194 - INFO - 用户名填写完成
2026-01-18 03:12:57,247 - INFO - 密码填写完成
2026-01-18 03:12:57,248 - INFO - 验证码图片已保存到 /home/runner/work/nju_electric_monitor/nju_electric_monitor/src/../data/captcha_debug.png
2026-01-18 03:12:57,248 - INFO - 验证码识别尝试 27/30
2026-01-18 03:12:57,248 - INFO - 开始识别验证码...（easyocr + pytesseract）
2026-01-18 03:12:57,334 - INFO - easyocr 结果: ['f670(0.67)']
2026-01-18 03:12:57,414 - INFO - tesseract 结果: f67Q
2026-01-18 03:12:57,471 - INFO - easyocr alt1 结果: ['f670(0.52)']
2026-01-18 03:12:57,551 - INFO - tesseract alt1 结果: fe7o
2026-01-18 03:12:57,606 - INFO - easyocr alt2 结果: ['f670(0.50)']
2026-01-18 03:12:57,684 - INFO - tesseract alt2 结果: f670
2026-01-18 03:12:57,822 - INFO - easyocr alt3 结果: ['670(0.51)']
2026-01-18 03:12:57,912 - INFO - tesseract alt3 结果: F670
2026-01-18 03:12:57,968 - INFO - easyocr alt4 结果: ['F670(0.50)']
2026-01-18 03:12:58,047 - INFO - tesseract alt4 结果: fe7o
2026-01-18 03:12:58,098 - INFO - easyocr alt5 结果: ['6(0.32)']
2026-01-18 03:12:58,175 - INFO - tesseract alt5 结果: 
2026-01-18 03:12:58,175 - INFO - 最终验证码识别结果: f670 (engine=easyocr, prob=0.6696383953094482)
2026-01-18 03:12:58,175 - INFO - 查找验证码输入框...
2026-01-18 03:12:58,228 - INFO - 验证码填写完成
2026-01-18 03:12:58,229 - INFO - 验证码填写完成，点击登录按钮...
2026-01-18 03:12:58,229 - INFO - 查找并点击登录按钮...
2026-01-18 03:12:58,280 - INFO - 已点击登录按钮
2026-01-18 03:13:05,299 - INFO - 开始填写登录表单...
2026-01-18 03:13:05,354 - INFO - 用户名填写完成
2026-01-18 03:13:05,409 - INFO - 密码填写完成
2026-01-18 03:13:05,409 - INFO - 验证码图片已保存到 /home/runner/work/nju_electric_monitor/nju_electric_monitor/src/../data/captcha_debug.png
2026-01-18 03:13:05,409 - INFO - 验证码识别尝试 28/30
2026-01-18 03:13:05,410 - INFO - 开始识别验证码...（easyocr + pytesseract）
2026-01-18 03:13:05,494 - INFO - easyocr 结果: ['f670(0.67)']
2026-01-18 03:13:05,575 - INFO - tesseract 结果: f67Q
2026-01-18 03:13:05,631 - INFO - easyocr alt1 结果: ['f670(0.52)']
2026-01-18 03:13:05,710 - INFO - tesseract alt1 结果: fe7o
2026-01-18 03:13:05,768 - INFO - easyocr alt2 结果: ['f670(0.50)']
2026-01-18 03:13:05,846 - INFO - tesseract alt2 结果: f670
2026-01-18 03:13:05,974 - INFO - easyocr alt3 结果: ['670(0.51)']
2026-01-18 03:13:06,063 - INFO - tesseract alt3 结果: F670
2026-01-18 03:13:06,121 - INFO - easyocr alt4 结果: ['F670(0.50)']
2026-01-18 03:13:06,200 - INFO - tesseract alt4 结果: fe7o
2026-01-18 03:13:06,253 - INFO - easyocr alt5 结果: ['6(0.32)']
2026-01-18 03:13:06,331 - INFO - tesseract alt5 结果: 
2026-01-18 03:13:06,331 - INFO - 最终验证码识别结果: f670 (engine=easyocr, prob=0.6696383953094482)
2026-01-18 03:13:06,331 - INFO - 查找验证码输入框...
2026-01-18 03:13:06,383 - INFO - 验证码填写完成
2026-01-18 03:13:06,383 - INFO - 验证码填写完成，点击登录按钮...
2026-01-18 03:13:06,383 - INFO - 查找并点击登录按钮...
2026-01-18 03:13:06,434 - INFO - 已点击登录按钮
2026-01-18 03:13:13,452 - INFO - 开始填写登录表单...
2026-01-18 03:13:13,508 - INFO - 用户名填写完成
2026-01-18 03:13:13,560 - INFO - 密码填写完成
2026-01-18 03:13:13,561 - INFO - 验证码图片已保存到 /home/runner/work/nju_electric_monitor/nju_electric_monitor/src/../data/captcha_debug.png
2026-01-18 03:13:13,561 - INFO - 验证码识别尝试 29/30
2026-01-18 03:13:13,561 - INFO - 开始识别验证码...（easyocr + pytesseract）
2026-01-18 03:13:13,644 - INFO - easyocr 结果: ['f670(0.67)']
2026-01-18 03:13:13,722 - INFO - tesseract 结果: f67Q
2026-01-18 03:13:13,779 - INFO - easyocr alt1 结果: ['f670(0.52)']
2026-01-18 03:13:13,861 - INFO - tesseract alt1 结果: fe7o
2026-01-18 03:13:13,920 - INFO - easyocr alt2 结果: ['f670(0.50)']
2026-01-18 03:13:14,001 - INFO - tesseract alt2 结果: f670
2026-01-18 03:13:14,133 - INFO - easyocr alt3 结果: ['670(0.51)']
2026-01-18 03:13:14,222 - INFO - tesseract alt3 结果: F670
2026-01-18 03:13:14,279 - INFO - easyocr alt4 结果: ['F670(0.50)']
2026-01-18 03:13:14,358 - INFO - tesseract alt4 结果: fe7o
2026-01-18 03:13:14,410 - INFO - easyocr alt5 结果: ['6(0.32)']
2026-01-18 03:13:14,484 - INFO - tesseract alt5 结果: 
2026-01-18 03:13:14,484 - INFO - 最终验证码识别结果: f670 (engine=easyocr, prob=0.6696383953094482)
2026-01-18 03:13:14,484 - INFO - 查找验证码输入框...
2026-01-18 03:13:14,536 - INFO - 验证码填写完成
2026-01-18 03:13:14,536 - INFO - 验证码填写完成，点击登录按钮...
2026-01-18 03:13:14,536 - INFO - 查找并点击登录按钮...
2026-01-18 03:13:14,877 - INFO - 已点击登录按钮
2026-01-18 03:13:21,895 - INFO - 开始填写登录表单...
2026-01-18 03:13:21,949 - INFO - 用户名填写完成
2026-01-18 03:13:22,002 - INFO - 密码填写完成
2026-01-18 03:13:22,002 - INFO - 验证码图片已保存到 /home/runner/work/nju_electric_monitor/nju_electric_monitor/src/../data/captcha_debug.png
2026-01-18 03:13:22,002 - INFO - 验证码识别尝试 30/30
2026-01-18 03:13:22,002 - INFO - 开始识别验证码...（easyocr + pytesseract）
2026-01-18 03:13:22,086 - INFO - easyocr 结果: ['f670(0.67)']
2026-01-18 03:13:22,168 - INFO - tesseract 结果: f67Q
2026-01-18 03:13:22,226 - INFO - easyocr alt1 结果: ['f670(0.52)']
2026-01-18 03:13:22,307 - INFO - tesseract alt1 结果: fe7o
2026-01-18 03:13:22,364 - INFO - easyocr alt2 结果: ['f670(0.50)']
2026-01-18 03:13:22,442 - INFO - tesseract alt2 结果: f670
2026-01-18 03:13:22,575 - INFO - easyocr alt3 结果: ['670(0.51)']
2026-01-18 03:13:22,664 - INFO - tesseract alt3 结果: F670
2026-01-18 03:13:22,721 - INFO - easyocr alt4 结果: ['F670(0.50)']
2026-01-18 03:13:22,800 - INFO - tesseract alt4 结果: fe7o
2026-01-18 03:13:22,853 - INFO - easyocr alt5 结果: ['6(0.32)']
2026-01-18 03:13:22,930 - INFO - tesseract alt5 结果: 
2026-01-18 03:13:22,930 - INFO - 最终验证码识别结果: f670 (engine=easyocr, prob=0.6696383953094482)
2026-01-18 03:13:22,930 - INFO - 查找验证码输入框...
2026-01-18 03:13:22,983 - INFO - 验证码填写完成
2026-01-18 03:13:22,983 - INFO - 验证码填写完成，点击登录按钮...
2026-01-18 03:13:22,983 - INFO - 查找并点击登录按钮...
2026-01-18 03:13:23,330 - INFO - 已点击登录按钮
2026-01-18 03:13:30,349 - WARNING - 自动验证码识别失败，请手动输入
2026-01-18 03:13:30,350 - ERROR - 处理验证码时出错: EOF when reading a line
2026-01-18 03:13:30,350 - WARNING - 验证码处理失败，但继续尝试登录
2026-01-18 03:13:30,350 - INFO - 查找并点击登录按钮...
2026-01-18 03:13:30,403 - INFO - 已点击登录按钮
2026-01-18 03:13:35,403 - INFO - 等待登录成功...
2026-01-18 03:13:40,407 - INFO - 登录可能成功，继续下一步...
2026-01-18 03:13:40,408 - INFO - 查找'去充值'按钮...
2026-01-18 03:13:40,465 - INFO - 已点击充值按钮
2026-01-18 03:13:43,466 - INFO - 开始提取剩余电量信息...
2026-01-18 03:13:43,470 - INFO - 页面源码已保存到 /home/runner/work/nju_electric_monitor/nju_electric_monitor/src/../data/debug_page_source.html
2026-01-18 03:13:43,478 - WARNING - 未找到电量信息元素，尝试其他方法...
2026-01-18 03:13:43,486 - WARNING - 未找到i标签中的电量信息，尝试其他方法...
2026-01-18 03:13:43,489 - INFO - 在页面源码中查找电量信息...
2026-01-18 03:13:43,500 - WARNING - 未能提取到剩余电量信息
2026-01-18 03:13:43,500 - WARNING - 没有电量数据可保存
2026-01-18 03:13:43,500 - INFO - 监控流程完成
