2025-12-26 07:18:51,715 - INFO - Matplotlib 字体设置：使用回退字体列表，首选可用字体: Noto Sans CJK JP
2025-12-26 07:18:53,195 - INFO - 使用 ChromeDriver: /usr/bin/chromedriver
2025-12-26 07:18:53,195 - WARNING - Using CPU. Note: This module is much faster with a GPU.
2025-12-26 07:18:54,788 - INFO - OCR识别器初始化成功
2025-12-26 07:18:54,788 - INFO - 开始南京大学电费监控流程（自动无头模式）
2025-12-26 07:18:54,788 - INFO - 正在打开页面: https://epay.nju.edu.cn/epay/h5/nju/electric/index
2025-12-26 07:19:03,078 - INFO - 等待登录表单加载...
2025-12-26 07:19:03,088 - INFO - 登录表单已加载
2025-12-26 07:19:03,088 - INFO - 开始填写登录表单...
2025-12-26 07:19:03,150 - INFO - 用户名填写完成
2025-12-26 07:19:03,217 - INFO - 密码填写完成
2025-12-26 07:19:03,217 - INFO - 检查是否有验证码...
2025-12-26 07:19:03,217 - INFO - 查找验证码图片...
2025-12-26 07:19:03,235 - INFO - 找到验证码图片，开始截图...
2025-12-26 07:19:03,292 - INFO - 验证码图片截取成功
2025-12-26 07:19:03,292 - INFO - 开始填写登录表单...
2025-12-26 07:19:03,355 - INFO - 用户名填写完成
2025-12-26 07:19:03,413 - INFO - 密码填写完成
2025-12-26 07:19:03,414 - INFO - 验证码图片已保存到 /home/runner/work/nju_electric_monitor/nju_electric_monitor/src/../data/captcha_debug.png
2025-12-26 07:19:03,414 - INFO - 验证码识别尝试 1/30
2025-12-26 07:19:03,414 - INFO - 开始识别验证码...（easyocr + pytesseract）
2025-12-26 07:19:03,563 - INFO - easyocr 结果: ['ZkHp(0.56)']
2025-12-26 07:19:03,721 - INFO - tesseract 结果: ZkHP
2025-12-26 07:19:03,785 - INFO - easyocr alt1 结果: ['ZHP(0.85)']
2025-12-26 07:19:03,882 - INFO - tesseract alt1 结果: ZkHP
2025-12-26 07:19:03,940 - INFO - easyocr alt2 结果: ['ZkHP(0.60)']
2025-12-26 07:19:04,036 - INFO - tesseract alt2 结果: ZkHP
2025-12-26 07:19:04,197 - INFO - easyocr alt3 结果: ['ZHP(0.70)']
2025-12-26 07:19:04,304 - INFO - tesseract alt3 结果: ZkHP
2025-12-26 07:19:04,364 - INFO - easyocr alt4 结果: ['ZHP(0.11)']
2025-12-26 07:19:04,458 - INFO - tesseract alt4 结果: ZkHP
2025-12-26 07:19:04,516 - INFO - easyocr alt5 结果: ['ZHP(0.42)']
2025-12-26 07:19:04,613 - INFO - tesseract alt5 结果: ZkHP
2025-12-26 07:19:04,613 - INFO - 最终验证码识别结果: ZkHP (engine=easyocr_alt2, prob=0.6022262573242188)
2025-12-26 07:19:04,613 - INFO - 查找验证码输入框...
2025-12-26 07:19:04,673 - INFO - 验证码填写完成
2025-12-26 07:19:04,673 - INFO - 验证码填写完成，点击登录按钮...
2025-12-26 07:19:04,674 - INFO - 查找并点击登录按钮...
2025-12-26 07:19:08,554 - INFO - 已点击登录按钮
2025-12-26 07:19:15,564 - INFO - 未检测到无效验证码提示，验证码通过
2025-12-26 07:19:15,564 - INFO - 查找并点击登录按钮...
2025-12-26 07:19:15,570 - ERROR - 未找到登录按钮
2025-12-26 07:19:15,570 - ERROR - 点击登录按钮失败
2025-12-26 07:19:15,570 - INFO - 等待登录成功...
2025-12-26 07:19:20,574 - INFO - 登录可能成功，继续下一步...
2025-12-26 07:19:20,575 - INFO - 查找'去充值'按钮...
2025-12-26 07:19:22,239 - INFO - 已点击充值按钮
2025-12-26 07:19:25,239 - INFO - 开始提取剩余电量信息...
2025-12-26 07:19:25,243 - INFO - 页面源码已保存到 /home/runner/work/nju_electric_monitor/nju_electric_monitor/src/../data/debug_page_source.html
2025-12-26 07:19:25,260 - INFO - 找到电量信息元素: 持卡人姓名：***
2025-12-26 07:19:25,261 - WARNING - 未在元素中找到标准格式的电量信息
2025-12-26 07:19:25,273 - INFO - 找到i标签中的电量信息: 吴相民
2025-12-26 07:19:25,273 - WARNING - i标签中未找到标准格式的电量信息
2025-12-26 07:19:25,273 - WARNING - 未找到i标签中的电量信息
2025-12-26 07:19:25,275 - INFO - 在页面源码中查找电量信息...
2025-12-26 07:19:25,276 - INFO - 从页面源码中提取到剩余电量: 224.54 度
2025-12-26 07:19:25,300 - INFO - 数据已保存: 224.54 度
2025-12-26 07:19:25,625 - INFO - 电量变化曲线图已保存到: /home/runner/work/nju_electric_monitor/nju_electric_monitor/src/../data/electricity_trend.png
2025-12-26 07:19:25,883 - INFO - 最近20次电量变化曲线图已保存到: /home/runner/work/nju_electric_monitor/nju_electric_monitor/src/../data/recent_20_changes.png
2025-12-26 07:19:25,884 - INFO - 监控流程完成
