2026-03-01 06:18:04,963 - INFO - Matplotlib 字体设置：使用回退字体列表，首选可用字体: Noto Sans CJK JP
2026-03-01 06:18:06,228 - INFO - 使用 ChromeDriver: /usr/bin/chromedriver
2026-03-01 06:18:06,299 - INFO - ddddocr 识别器初始化成功
2026-03-01 06:18:06,299 - INFO - 开始南京大学电费监控流程（自动无头模式）
2026-03-01 06:18:06,299 - INFO - 正在打开页面: https://epay.nju.edu.cn/epay/h5/nju/electric/index
2026-03-01 06:18:14,123 - INFO - 等待登录表单加载...
2026-03-01 06:18:14,134 - INFO - 登录表单已加载
2026-03-01 06:18:14,134 - INFO - 开始填写登录表单...
2026-03-01 06:18:14,223 - INFO - 用户名填写完成
2026-03-01 06:18:14,296 - INFO - 密码填写完成
2026-03-01 06:18:14,296 - INFO - 开始处理验证码（两层嵌套重试）...
2026-03-01 06:18:14,296 - INFO - 外层页面重试 1/5
2026-03-01 06:18:14,296 - INFO - 等待登录表单加载...
2026-03-01 06:18:14,303 - INFO - 登录表单已加载
2026-03-01 06:18:14,303 - INFO - 开始填写登录表单...
2026-03-01 06:18:14,371 - INFO - 用户名填写完成
2026-03-01 06:18:14,442 - INFO - 密码填写完成
2026-03-01 06:18:14,442 - INFO - 查找验证码图片...
2026-03-01 06:18:14,463 - INFO - 找到验证码图片，开始截图...
2026-03-01 06:18:14,521 - INFO - 验证码图片截取成功
2026-03-01 06:18:14,522 - INFO - 验证码图片已保存到 /home/runner/work/nju_electric_monitor/nju_electric_monitor/src/../data/captcha_debug.png
2026-03-01 06:18:14,522 - INFO - 验证码识别（同一图片）尝试 1/3，外层 1/5
2026-03-01 06:18:14,522 - INFO - 开始使用 ddddocr 识别验证码...
2026-03-01 06:18:14,533 - INFO - ddddocr 最终验证码识别结果: MKNW
2026-03-01 06:18:14,533 - INFO - 查找验证码输入框...
2026-03-01 06:18:14,590 - INFO - 通过 XPath 找到 1 个验证码候选输入框，使用第一个。
2026-03-01 06:18:14,645 - INFO - 验证码填写完成
2026-03-01 06:18:14,645 - INFO - 验证码填写完成，点击登录按钮...
2026-03-01 06:18:14,645 - INFO - 查找并点击登录按钮...
2026-03-01 06:18:14,670 - INFO - 通过 ID=login_submit 找到登录按钮
2026-03-01 06:18:15,006 - INFO - 已点击登录按钮
2026-03-01 06:18:22,079 - INFO - 检测到英文验证码错误提示: 'Verification code error \n\t\t\t\t\t\tVerification code error'
2026-03-01 06:18:22,079 - WARNING - 检测到验证码错误提示，将重新加载页面获取新验证码
2026-03-01 06:18:22,079 - INFO - 外层页面重试 2/5
2026-03-01 06:18:26,440 - INFO - 等待登录表单加载...
2026-03-01 06:18:26,447 - INFO - 登录表单已加载
2026-03-01 06:18:26,447 - INFO - 开始填写登录表单...
2026-03-01 06:18:26,518 - INFO - 用户名填写完成
2026-03-01 06:18:26,586 - INFO - 密码填写完成
2026-03-01 06:18:26,586 - INFO - 查找验证码图片...
2026-03-01 06:18:26,602 - INFO - 找到验证码图片，开始截图...
2026-03-01 06:18:26,651 - INFO - 验证码图片截取成功
2026-03-01 06:18:26,652 - INFO - 验证码图片已保存到 /home/runner/work/nju_electric_monitor/nju_electric_monitor/src/../data/captcha_debug.png
2026-03-01 06:18:26,652 - INFO - 验证码识别（同一图片）尝试 1/3，外层 2/5
2026-03-01 06:18:26,652 - INFO - 开始使用 ddddocr 识别验证码...
2026-03-01 06:18:26,662 - INFO - ddddocr 最终验证码识别结果: NB2D
2026-03-01 06:18:26,662 - INFO - 查找验证码输入框...
2026-03-01 06:18:26,714 - INFO - 通过 XPath 找到 1 个验证码候选输入框，使用第一个。
2026-03-01 06:18:26,773 - INFO - 验证码填写完成
2026-03-01 06:18:26,773 - INFO - 验证码填写完成，点击登录按钮...
2026-03-01 06:18:26,773 - INFO - 查找并点击登录按钮...
2026-03-01 06:18:26,794 - INFO - 通过 ID=login_submit 找到登录按钮
2026-03-01 06:18:26,838 - INFO - 已点击登录按钮
2026-03-01 06:18:33,888 - INFO - 检测到英文验证码错误提示: 'Verification code error \n\t\t\t\t\t\tVerification code error'
2026-03-01 06:18:33,888 - WARNING - 检测到验证码错误提示，将重新加载页面获取新验证码
2026-03-01 06:18:33,888 - INFO - 外层页面重试 3/5
2026-03-01 06:18:38,261 - INFO - 等待登录表单加载...
2026-03-01 06:18:38,268 - INFO - 登录表单已加载
2026-03-01 06:18:38,268 - INFO - 开始填写登录表单...
2026-03-01 06:18:38,340 - INFO - 用户名填写完成
2026-03-01 06:18:38,408 - INFO - 密码填写完成
2026-03-01 06:18:38,408 - INFO - 查找验证码图片...
2026-03-01 06:18:38,426 - INFO - 找到验证码图片，开始截图...
2026-03-01 06:18:38,467 - INFO - 验证码图片截取成功
2026-03-01 06:18:38,468 - INFO - 验证码图片已保存到 /home/runner/work/nju_electric_monitor/nju_electric_monitor/src/../data/captcha_debug.png
2026-03-01 06:18:38,468 - INFO - 验证码识别（同一图片）尝试 1/3，外层 3/5
2026-03-01 06:18:38,468 - INFO - 开始使用 ddddocr 识别验证码...
2026-03-01 06:18:38,477 - INFO - ddddocr 最终验证码识别结果: FYVA
2026-03-01 06:18:38,478 - INFO - 查找验证码输入框...
2026-03-01 06:18:38,534 - INFO - 通过 XPath 找到 1 个验证码候选输入框，使用第一个。
2026-03-01 06:18:38,605 - INFO - 验证码填写完成
2026-03-01 06:18:38,605 - INFO - 验证码填写完成，点击登录按钮...
2026-03-01 06:18:38,605 - INFO - 查找并点击登录按钮...
2026-03-01 06:18:38,626 - INFO - 通过 ID=login_submit 找到登录按钮
2026-03-01 06:18:38,669 - INFO - 已点击登录按钮
2026-03-01 06:18:45,721 - INFO - 检测到英文验证码错误提示: 'Verification code error \n\t\t\t\t\t\tVerification code error'
2026-03-01 06:18:45,721 - WARNING - 检测到验证码错误提示，将重新加载页面获取新验证码
2026-03-01 06:18:45,722 - INFO - 外层页面重试 4/5
2026-03-01 06:18:50,089 - INFO - 等待登录表单加载...
2026-03-01 06:18:50,097 - INFO - 登录表单已加载
2026-03-01 06:18:50,097 - INFO - 开始填写登录表单...
2026-03-01 06:18:50,166 - INFO - 用户名填写完成
2026-03-01 06:18:50,234 - INFO - 密码填写完成
2026-03-01 06:18:50,234 - INFO - 查找验证码图片...
2026-03-01 06:18:50,248 - INFO - 找到验证码图片，开始截图...
2026-03-01 06:18:50,302 - INFO - 验证码图片截取成功
2026-03-01 06:18:50,303 - INFO - 验证码图片已保存到 /home/runner/work/nju_electric_monitor/nju_electric_monitor/src/../data/captcha_debug.png
2026-03-01 06:18:50,303 - INFO - 验证码识别（同一图片）尝试 1/3，外层 4/5
2026-03-01 06:18:50,303 - INFO - 开始使用 ddddocr 识别验证码...
2026-03-01 06:18:50,313 - INFO - ddddocr 最终验证码识别结果: PD7X
2026-03-01 06:18:50,314 - INFO - 查找验证码输入框...
2026-03-01 06:18:50,368 - INFO - 通过 XPath 找到 1 个验证码候选输入框，使用第一个。
2026-03-01 06:18:50,423 - INFO - 验证码填写完成
2026-03-01 06:18:50,423 - INFO - 验证码填写完成，点击登录按钮...
2026-03-01 06:18:50,423 - INFO - 查找并点击登录按钮...
2026-03-01 06:18:50,445 - INFO - 通过 ID=login_submit 找到登录按钮
2026-03-01 06:18:50,489 - INFO - 已点击登录按钮
2026-03-01 06:18:57,541 - INFO - 检测到英文验证码错误提示: 'Verification code error \n\t\t\t\t\t\tVerification code error'
2026-03-01 06:18:57,542 - WARNING - 检测到验证码错误提示，将重新加载页面获取新验证码
2026-03-01 06:18:57,542 - INFO - 外层页面重试 5/5
2026-03-01 06:19:01,936 - INFO - 等待登录表单加载...
2026-03-01 06:19:01,943 - INFO - 登录表单已加载
2026-03-01 06:19:01,943 - INFO - 开始填写登录表单...
2026-03-01 06:19:02,010 - INFO - 用户名填写完成
2026-03-01 06:19:02,077 - INFO - 密码填写完成
2026-03-01 06:19:02,077 - INFO - 查找验证码图片...
2026-03-01 06:19:02,092 - INFO - 找到验证码图片，开始截图...
2026-03-01 06:19:02,133 - INFO - 验证码图片截取成功
2026-03-01 06:19:02,134 - INFO - 验证码图片已保存到 /home/runner/work/nju_electric_monitor/nju_electric_monitor/src/../data/captcha_debug.png
2026-03-01 06:19:02,134 - INFO - 验证码识别（同一图片）尝试 1/3，外层 5/5
2026-03-01 06:19:02,134 - INFO - 开始使用 ddddocr 识别验证码...
2026-03-01 06:19:02,147 - INFO - ddddocr 最终验证码识别结果: F7NW
2026-03-01 06:19:02,147 - INFO - 查找验证码输入框...
2026-03-01 06:19:02,199 - INFO - 通过 XPath 找到 1 个验证码候选输入框，使用第一个。
2026-03-01 06:19:02,254 - INFO - 验证码填写完成
2026-03-01 06:19:02,254 - INFO - 验证码填写完成，点击登录按钮...
2026-03-01 06:19:02,254 - INFO - 查找并点击登录按钮...
2026-03-01 06:19:02,274 - INFO - 通过 ID=login_submit 找到登录按钮
2026-03-01 06:19:04,918 - INFO - 已点击登录按钮
2026-03-01 06:19:11,970 - INFO - 检测到英文验证码错误提示: 'Verification code error \n\t\t\t\t\t\tVerification code error'
2026-03-01 06:19:11,970 - WARNING - 检测到验证码错误提示，将重新加载页面获取新验证码
2026-03-01 06:19:11,970 - ERROR - 自动验证码识别失败，且当前为非交互环境，无法手动输入验证码，本次监控流程失败
2026-03-01 06:19:11,970 - ERROR - 验证码处理或登录过程失败
