2026-02-21 03:18:57,224 - INFO - Matplotlib 字体设置：使用回退字体列表，首选可用字体: Noto Sans CJK JP
2026-02-21 03:18:58,676 - INFO - 使用 ChromeDriver: /usr/bin/chromedriver
2026-02-21 03:18:58,676 - WARNING - Using CPU. Note: This module is much faster with a GPU.
2026-02-21 03:19:00,505 - INFO - OCR识别器初始化成功
2026-02-21 03:19:00,505 - INFO - 开始南京大学电费监控流程（自动无头模式）
2026-02-21 03:19:00,505 - INFO - 正在打开页面: https://epay.nju.edu.cn/epay/h5/nju/electric/index
2026-02-21 03:19:09,148 - INFO - 等待登录表单加载...
2026-02-21 03:19:09,268 - INFO - 登录表单已加载
2026-02-21 03:19:09,268 - INFO - 开始填写登录表单...
2026-02-21 03:19:09,361 - INFO - 用户名填写完成
2026-02-21 03:19:09,430 - INFO - 密码填写完成
2026-02-21 03:19:09,430 - INFO - 检查是否有验证码...
2026-02-21 03:19:09,430 - INFO - 查找验证码图片...
2026-02-21 03:19:09,450 - INFO - 找到验证码图片，开始截图...
2026-02-21 03:19:09,492 - INFO - 验证码图片截取成功
2026-02-21 03:19:09,492 - INFO - 开始填写登录表单...
2026-02-21 03:19:09,558 - INFO - 用户名填写完成
2026-02-21 03:19:09,621 - INFO - 密码填写完成
2026-02-21 03:19:09,622 - INFO - 验证码图片已保存到 /home/runner/work/nju_electric_monitor/nju_electric_monitor/src/../data/captcha_debug.png
2026-02-21 03:19:09,622 - INFO - 验证码识别尝试 1/30
2026-02-21 03:19:09,622 - INFO - 开始识别验证码...（easyocr + pytesseract）
2026-02-21 03:19:09,740 - INFO - easyocr 结果: ['5(0.00)']
2026-02-21 03:19:10,055 - INFO - tesseract 结果: AFR
2026-02-21 03:19:10,125 - INFO - easyocr alt1 结果: ['5(0.00)']
2026-02-21 03:19:10,224 - INFO - tesseract alt1 结果: fFR
2026-02-21 03:19:10,300 - INFO - easyocr alt2 结果: ['(0.00)']
2026-02-21 03:19:10,404 - INFO - tesseract alt2 结果: FR
2026-02-21 03:19:10,595 - INFO - easyocr alt3 结果: ['5(0.00)']
2026-02-21 03:19:10,710 - INFO - tesseract alt3 结果: SFR
2026-02-21 03:19:10,775 - INFO - easyocr alt4 结果: ['5(0.00)']
2026-02-21 03:19:10,878 - INFO - tesseract alt4 结果: ALSFR
2026-02-21 03:19:10,942 - INFO - easyocr alt5 结果: ['(0.00)']
2026-02-21 03:19:11,040 - INFO - tesseract alt5 结果: 35K
2026-02-21 03:19:11,040 - INFO - 最终验证码识别结果: AFR (engine=tesseract, prob=0.5)
2026-02-21 03:19:11,040 - INFO - 查找验证码输入框...
2026-02-21 03:19:11,050 - ERROR - 未找到验证码输入框
2026-02-21 03:19:11,050 - WARNING - 验证码填写失败
2026-02-21 03:19:11,050 - INFO - 开始填写登录表单...
2026-02-21 03:19:11,110 - INFO - 用户名填写完成
2026-02-21 03:19:11,181 - INFO - 密码填写完成
2026-02-21 03:19:11,182 - INFO - 验证码图片已保存到 /home/runner/work/nju_electric_monitor/nju_electric_monitor/src/../data/captcha_debug.png
2026-02-21 03:19:11,182 - INFO - 验证码识别尝试 2/30
2026-02-21 03:19:11,182 - INFO - 开始识别验证码...（easyocr + pytesseract）
2026-02-21 03:19:11,290 - INFO - easyocr 结果: ['5(0.00)']
2026-02-21 03:19:11,387 - INFO - tesseract 结果: AFR
2026-02-21 03:19:11,452 - INFO - easyocr alt1 结果: ['5(0.00)']
2026-02-21 03:19:11,551 - INFO - tesseract alt1 结果: fFR
2026-02-21 03:19:11,626 - INFO - easyocr alt2 结果: ['(0.00)']
2026-02-21 03:19:11,724 - INFO - tesseract alt2 结果: FR
2026-02-21 03:19:11,889 - INFO - easyocr alt3 结果: ['5(0.00)']
2026-02-21 03:19:11,998 - INFO - tesseract alt3 结果: SFR
2026-02-21 03:19:12,062 - INFO - easyocr alt4 结果: ['5(0.00)']
2026-02-21 03:19:12,161 - INFO - tesseract alt4 结果: ALSFR
2026-02-21 03:19:12,227 - INFO - easyocr alt5 结果: ['(0.00)']
2026-02-21 03:19:12,328 - INFO - tesseract alt5 结果: 35K
2026-02-21 03:19:12,328 - INFO - 最终验证码识别结果: AFR (engine=tesseract, prob=0.5)
2026-02-21 03:19:12,328 - INFO - 查找验证码输入框...
2026-02-21 03:19:12,335 - ERROR - 未找到验证码输入框
2026-02-21 03:19:12,335 - WARNING - 验证码填写失败
2026-02-21 03:19:12,335 - INFO - 开始填写登录表单...
2026-02-21 03:19:12,395 - INFO - 用户名填写完成
2026-02-21 03:19:12,457 - INFO - 密码填写完成
2026-02-21 03:19:12,458 - INFO - 验证码图片已保存到 /home/runner/work/nju_electric_monitor/nju_electric_monitor/src/../data/captcha_debug.png
2026-02-21 03:19:12,458 - INFO - 验证码识别尝试 3/30
2026-02-21 03:19:12,458 - INFO - 开始识别验证码...（easyocr + pytesseract）
2026-02-21 03:19:12,565 - INFO - easyocr 结果: ['5(0.00)']
2026-02-21 03:19:12,664 - INFO - tesseract 结果: AFR
2026-02-21 03:19:12,740 - INFO - easyocr alt1 结果: ['5(0.00)']
2026-02-21 03:19:12,840 - INFO - tesseract alt1 结果: fFR
2026-02-21 03:19:12,923 - INFO - easyocr alt2 结果: ['(0.00)']
2026-02-21 03:19:13,021 - INFO - tesseract alt2 结果: FR
2026-02-21 03:19:13,194 - INFO - easyocr alt3 结果: ['5(0.00)']
2026-02-21 03:19:13,304 - INFO - tesseract alt3 结果: SFR
2026-02-21 03:19:13,368 - INFO - easyocr alt4 结果: ['5(0.00)']
2026-02-21 03:19:13,467 - INFO - tesseract alt4 结果: ALSFR
2026-02-21 03:19:13,539 - INFO - easyocr alt5 结果: ['(0.00)']
2026-02-21 03:19:13,640 - INFO - tesseract alt5 结果: 35K
2026-02-21 03:19:13,640 - INFO - 最终验证码识别结果: AFR (engine=tesseract, prob=0.5)
2026-02-21 03:19:13,640 - INFO - 查找验证码输入框...
2026-02-21 03:19:13,647 - ERROR - 未找到验证码输入框
2026-02-21 03:19:13,647 - WARNING - 验证码填写失败
2026-02-21 03:19:13,647 - INFO - 开始填写登录表单...
2026-02-21 03:19:13,707 - INFO - 用户名填写完成
2026-02-21 03:19:13,767 - INFO - 密码填写完成
2026-02-21 03:19:13,768 - INFO - 验证码图片已保存到 /home/runner/work/nju_electric_monitor/nju_electric_monitor/src/../data/captcha_debug.png
2026-02-21 03:19:13,768 - INFO - 验证码识别尝试 4/30
2026-02-21 03:19:13,768 - INFO - 开始识别验证码...（easyocr + pytesseract）
2026-02-21 03:19:13,890 - INFO - easyocr 结果: ['5(0.00)']
2026-02-21 03:19:13,989 - INFO - tesseract 结果: AFR
2026-02-21 03:19:14,056 - INFO - easyocr alt1 结果: ['5(0.00)']
2026-02-21 03:19:14,159 - INFO - tesseract alt1 结果: fFR
2026-02-21 03:19:14,233 - INFO - easyocr alt2 结果: ['(0.00)']
2026-02-21 03:19:14,333 - INFO - tesseract alt2 结果: FR
2026-02-21 03:19:14,497 - INFO - easyocr alt3 结果: ['5(0.00)']
2026-02-21 03:19:14,609 - INFO - tesseract alt3 结果: SFR
2026-02-21 03:19:14,673 - INFO - easyocr alt4 结果: ['5(0.00)']
2026-02-21 03:19:14,773 - INFO - tesseract alt4 结果: ALSFR
2026-02-21 03:19:14,837 - INFO - easyocr alt5 结果: ['(0.00)']
2026-02-21 03:19:14,937 - INFO - tesseract alt5 结果: 35K
2026-02-21 03:19:14,937 - INFO - 最终验证码识别结果: AFR (engine=tesseract, prob=0.5)
2026-02-21 03:19:14,937 - INFO - 查找验证码输入框...
2026-02-21 03:19:14,947 - ERROR - 未找到验证码输入框
2026-02-21 03:19:14,947 - WARNING - 验证码填写失败
2026-02-21 03:19:14,947 - INFO - 开始填写登录表单...
2026-02-21 03:19:15,010 - INFO - 用户名填写完成
2026-02-21 03:19:15,071 - INFO - 密码填写完成
2026-02-21 03:19:15,071 - INFO - 验证码图片已保存到 /home/runner/work/nju_electric_monitor/nju_electric_monitor/src/../data/captcha_debug.png
2026-02-21 03:19:15,071 - INFO - 验证码识别尝试 5/30
2026-02-21 03:19:15,072 - INFO - 开始识别验证码...（easyocr + pytesseract）
2026-02-21 03:19:15,191 - INFO - easyocr 结果: ['5(0.00)']
2026-02-21 03:19:15,289 - INFO - tesseract 结果: AFR
2026-02-21 03:19:15,354 - INFO - easyocr alt1 结果: ['5(0.00)']
2026-02-21 03:19:15,457 - INFO - tesseract alt1 结果: fFR
2026-02-21 03:19:15,532 - INFO - easyocr alt2 结果: ['(0.00)']
2026-02-21 03:19:15,631 - INFO - tesseract alt2 结果: FR
2026-02-21 03:19:15,803 - INFO - easyocr alt3 结果: ['5(0.00)']
2026-02-21 03:19:15,913 - INFO - tesseract alt3 结果: SFR
2026-02-21 03:19:15,978 - INFO - easyocr alt4 结果: ['5(0.00)']
2026-02-21 03:19:16,078 - INFO - tesseract alt4 结果: ALSFR
2026-02-21 03:19:16,143 - INFO - easyocr alt5 结果: ['(0.00)']
2026-02-21 03:19:16,243 - INFO - tesseract alt5 结果: 35K
2026-02-21 03:19:16,243 - INFO - 最终验证码识别结果: AFR (engine=tesseract, prob=0.5)
2026-02-21 03:19:16,243 - INFO - 查找验证码输入框...
2026-02-21 03:19:16,249 - ERROR - 未找到验证码输入框
2026-02-21 03:19:16,250 - WARNING - 验证码填写失败
2026-02-21 03:19:16,250 - INFO - 开始填写登录表单...
2026-02-21 03:19:16,310 - INFO - 用户名填写完成
2026-02-21 03:19:16,372 - INFO - 密码填写完成
2026-02-21 03:19:16,373 - INFO - 验证码图片已保存到 /home/runner/work/nju_electric_monitor/nju_electric_monitor/src/../data/captcha_debug.png
2026-02-21 03:19:16,373 - INFO - 验证码识别尝试 6/30
2026-02-21 03:19:16,373 - INFO - 开始识别验证码...（easyocr + pytesseract）
2026-02-21 03:19:16,488 - INFO - easyocr 结果: ['5(0.00)']
2026-02-21 03:19:16,586 - INFO - tesseract 结果: AFR
2026-02-21 03:19:16,650 - INFO - easyocr alt1 结果: ['5(0.00)']
2026-02-21 03:19:16,749 - INFO - tesseract alt1 结果: fFR
2026-02-21 03:19:16,833 - INFO - easyocr alt2 结果: ['(0.00)']
2026-02-21 03:19:16,942 - INFO - tesseract alt2 结果: FR
2026-02-21 03:19:17,109 - INFO - easyocr alt3 结果: ['5(0.00)']
2026-02-21 03:19:17,222 - INFO - tesseract alt3 结果: SFR
2026-02-21 03:19:17,287 - INFO - easyocr alt4 结果: ['5(0.00)']
2026-02-21 03:19:17,383 - INFO - tesseract alt4 结果: ALSFR
2026-02-21 03:19:17,456 - INFO - easyocr alt5 结果: ['(0.00)']
2026-02-21 03:19:17,554 - INFO - tesseract alt5 结果: 35K
2026-02-21 03:19:17,554 - INFO - 最终验证码识别结果: AFR (engine=tesseract, prob=0.5)
2026-02-21 03:19:17,554 - INFO - 查找验证码输入框...
2026-02-21 03:19:17,561 - ERROR - 未找到验证码输入框
2026-02-21 03:19:17,561 - WARNING - 验证码填写失败
2026-02-21 03:19:17,561 - INFO - 开始填写登录表单...
2026-02-21 03:19:17,621 - INFO - 用户名填写完成
2026-02-21 03:19:17,681 - INFO - 密码填写完成
2026-02-21 03:19:17,682 - INFO - 验证码图片已保存到 /home/runner/work/nju_electric_monitor/nju_electric_monitor/src/../data/captcha_debug.png
2026-02-21 03:19:17,682 - INFO - 验证码识别尝试 7/30
2026-02-21 03:19:17,682 - INFO - 开始识别验证码...（easyocr + pytesseract）
2026-02-21 03:19:17,801 - INFO - easyocr 结果: ['5(0.00)']
2026-02-21 03:19:17,898 - INFO - tesseract 结果: AFR
2026-02-21 03:19:17,964 - INFO - easyocr alt1 结果: ['5(0.00)']
2026-02-21 03:19:18,067 - INFO - tesseract alt1 结果: fFR
2026-02-21 03:19:18,141 - INFO - easyocr alt2 结果: ['(0.00)']
2026-02-21 03:19:18,239 - INFO - tesseract alt2 结果: FR
2026-02-21 03:19:18,402 - INFO - easyocr alt3 结果: ['5(0.00)']
2026-02-21 03:19:18,514 - INFO - tesseract alt3 结果: SFR
2026-02-21 03:19:18,577 - INFO - easyocr alt4 结果: ['5(0.00)']
2026-02-21 03:19:18,676 - INFO - tesseract alt4 结果: ALSFR
2026-02-21 03:19:18,756 - INFO - easyocr alt5 结果: ['(0.00)']
2026-02-21 03:19:18,857 - INFO - tesseract alt5 结果: 35K
2026-02-21 03:19:18,857 - INFO - 最终验证码识别结果: AFR (engine=tesseract, prob=0.5)
2026-02-21 03:19:18,857 - INFO - 查找验证码输入框...
2026-02-21 03:19:18,864 - ERROR - 未找到验证码输入框
2026-02-21 03:19:18,864 - WARNING - 验证码填写失败
2026-02-21 03:19:18,864 - INFO - 开始填写登录表单...
2026-02-21 03:19:18,923 - INFO - 用户名填写完成
2026-02-21 03:19:18,980 - INFO - 密码填写完成
2026-02-21 03:19:18,981 - INFO - 验证码图片已保存到 /home/runner/work/nju_electric_monitor/nju_electric_monitor/src/../data/captcha_debug.png
2026-02-21 03:19:18,981 - INFO - 验证码识别尝试 8/30
2026-02-21 03:19:18,981 - INFO - 开始识别验证码...（easyocr + pytesseract）
2026-02-21 03:19:19,086 - INFO - easyocr 结果: ['5(0.00)']
2026-02-21 03:19:19,184 - INFO - tesseract 结果: AFR
2026-02-21 03:19:19,250 - INFO - easyocr alt1 结果: ['5(0.00)']
2026-02-21 03:19:19,349 - INFO - tesseract alt1 结果: fFR
2026-02-21 03:19:19,422 - INFO - easyocr alt2 结果: ['(0.00)']
2026-02-21 03:19:19,524 - INFO - tesseract alt2 结果: FR
2026-02-21 03:19:19,688 - INFO - easyocr alt3 结果: ['5(0.00)']
2026-02-21 03:19:19,801 - INFO - tesseract alt3 结果: SFR
2026-02-21 03:19:19,865 - INFO - easyocr alt4 结果: ['5(0.00)']
2026-02-21 03:19:19,964 - INFO - tesseract alt4 结果: ALSFR
2026-02-21 03:19:20,029 - INFO - easyocr alt5 结果: ['(0.00)']
2026-02-21 03:19:20,129 - INFO - tesseract alt5 结果: 35K
2026-02-21 03:19:20,129 - INFO - 最终验证码识别结果: AFR (engine=tesseract, prob=0.5)
2026-02-21 03:19:20,130 - INFO - 查找验证码输入框...
2026-02-21 03:19:20,136 - ERROR - 未找到验证码输入框
2026-02-21 03:19:20,136 - WARNING - 验证码填写失败
2026-02-21 03:19:20,136 - INFO - 开始填写登录表单...
2026-02-21 03:19:20,197 - INFO - 用户名填写完成
2026-02-21 03:19:20,258 - INFO - 密码填写完成
2026-02-21 03:19:20,259 - INFO - 验证码图片已保存到 /home/runner/work/nju_electric_monitor/nju_electric_monitor/src/../data/captcha_debug.png
2026-02-21 03:19:20,259 - INFO - 验证码识别尝试 9/30
2026-02-21 03:19:20,259 - INFO - 开始识别验证码...（easyocr + pytesseract）
2026-02-21 03:19:20,381 - INFO - easyocr 结果: ['5(0.00)']
2026-02-21 03:19:20,478 - INFO - tesseract 结果: AFR
2026-02-21 03:19:20,544 - INFO - easyocr alt1 结果: ['5(0.00)']
2026-02-21 03:19:20,647 - INFO - tesseract alt1 结果: fFR
2026-02-21 03:19:20,720 - INFO - easyocr alt2 结果: ['(0.00)']
2026-02-21 03:19:20,819 - INFO - tesseract alt2 结果: FR
2026-02-21 03:19:20,983 - INFO - easyocr alt3 结果: ['5(0.00)']
2026-02-21 03:19:21,092 - INFO - tesseract alt3 结果: SFR
2026-02-21 03:19:21,157 - INFO - easyocr alt4 结果: ['5(0.00)']
2026-02-21 03:19:21,256 - INFO - tesseract alt4 结果: ALSFR
2026-02-21 03:19:21,322 - INFO - easyocr alt5 结果: ['(0.00)']
2026-02-21 03:19:21,421 - INFO - tesseract alt5 结果: 35K
2026-02-21 03:19:21,421 - INFO - 最终验证码识别结果: AFR (engine=tesseract, prob=0.5)
2026-02-21 03:19:21,421 - INFO - 查找验证码输入框...
2026-02-21 03:19:21,427 - ERROR - 未找到验证码输入框
2026-02-21 03:19:21,427 - WARNING - 验证码填写失败
2026-02-21 03:19:21,427 - INFO - 开始填写登录表单...
2026-02-21 03:19:21,486 - INFO - 用户名填写完成
2026-02-21 03:19:21,545 - INFO - 密码填写完成
2026-02-21 03:19:21,546 - INFO - 验证码图片已保存到 /home/runner/work/nju_electric_monitor/nju_electric_monitor/src/../data/captcha_debug.png
2026-02-21 03:19:21,546 - INFO - 验证码识别尝试 10/30
2026-02-21 03:19:21,546 - INFO - 开始识别验证码...（easyocr + pytesseract）
2026-02-21 03:19:21,660 - INFO - easyocr 结果: ['5(0.00)']
2026-02-21 03:19:21,763 - INFO - tesseract 结果: AFR
2026-02-21 03:19:21,827 - INFO - easyocr alt1 结果: ['5(0.00)']
2026-02-21 03:19:21,928 - INFO - tesseract alt1 结果: fFR
2026-02-21 03:19:22,003 - INFO - easyocr alt2 结果: ['(0.00)']
2026-02-21 03:19:22,101 - INFO - tesseract alt2 结果: FR
2026-02-21 03:19:22,265 - INFO - easyocr alt3 结果: ['5(0.00)']
2026-02-21 03:19:22,374 - INFO - tesseract alt3 结果: SFR
2026-02-21 03:19:22,437 - INFO - easyocr alt4 结果: ['5(0.00)']
2026-02-21 03:19:22,535 - INFO - tesseract alt4 结果: ALSFR
2026-02-21 03:19:22,600 - INFO - easyocr alt5 结果: ['(0.00)']
2026-02-21 03:19:22,699 - INFO - tesseract alt5 结果: 35K
2026-02-21 03:19:22,699 - INFO - 最终验证码识别结果: AFR (engine=tesseract, prob=0.5)
2026-02-21 03:19:22,699 - INFO - 查找验证码输入框...
2026-02-21 03:19:22,705 - ERROR - 未找到验证码输入框
2026-02-21 03:19:22,705 - WARNING - 验证码填写失败
2026-02-21 03:19:22,705 - INFO - 开始填写登录表单...
2026-02-21 03:19:22,764 - INFO - 用户名填写完成
2026-02-21 03:19:22,823 - INFO - 密码填写完成
2026-02-21 03:19:22,824 - INFO - 验证码图片已保存到 /home/runner/work/nju_electric_monitor/nju_electric_monitor/src/../data/captcha_debug.png
2026-02-21 03:19:22,824 - INFO - 验证码识别尝试 11/30
2026-02-21 03:19:22,824 - INFO - 开始识别验证码...（easyocr + pytesseract）
2026-02-21 03:19:22,939 - INFO - easyocr 结果: ['5(0.00)']
2026-02-21 03:19:23,036 - INFO - tesseract 结果: AFR
2026-02-21 03:19:23,102 - INFO - easyocr alt1 结果: ['5(0.00)']
2026-02-21 03:19:23,203 - INFO - tesseract alt1 结果: fFR
2026-02-21 03:19:23,277 - INFO - easyocr alt2 结果: ['(0.00)']
2026-02-21 03:19:23,376 - INFO - tesseract alt2 结果: FR
2026-02-21 03:19:23,539 - INFO - easyocr alt3 结果: ['5(0.00)']
2026-02-21 03:19:23,649 - INFO - tesseract alt3 结果: SFR
2026-02-21 03:19:23,712 - INFO - easyocr alt4 结果: ['5(0.00)']
2026-02-21 03:19:23,811 - INFO - tesseract alt4 结果: ALSFR
2026-02-21 03:19:23,882 - INFO - easyocr alt5 结果: ['(0.00)']
2026-02-21 03:19:23,981 - INFO - tesseract alt5 结果: 35K
2026-02-21 03:19:23,981 - INFO - 最终验证码识别结果: AFR (engine=tesseract, prob=0.5)
2026-02-21 03:19:23,981 - INFO - 查找验证码输入框...
2026-02-21 03:19:23,988 - ERROR - 未找到验证码输入框
2026-02-21 03:19:23,988 - WARNING - 验证码填写失败
2026-02-21 03:19:23,988 - INFO - 开始填写登录表单...
2026-02-21 03:19:24,047 - INFO - 用户名填写完成
2026-02-21 03:19:24,106 - INFO - 密码填写完成
2026-02-21 03:19:24,107 - INFO - 验证码图片已保存到 /home/runner/work/nju_electric_monitor/nju_electric_monitor/src/../data/captcha_debug.png
2026-02-21 03:19:24,107 - INFO - 验证码识别尝试 12/30
2026-02-21 03:19:24,107 - INFO - 开始识别验证码...（easyocr + pytesseract）
2026-02-21 03:19:24,216 - INFO - easyocr 结果: ['5(0.00)']
2026-02-21 03:19:24,314 - INFO - tesseract 结果: AFR
2026-02-21 03:19:24,379 - INFO - easyocr alt1 结果: ['5(0.00)']
2026-02-21 03:19:24,480 - INFO - tesseract alt1 结果: fFR
2026-02-21 03:19:24,554 - INFO - easyocr alt2 结果: ['(0.00)']
2026-02-21 03:19:24,652 - INFO - tesseract alt2 结果: FR
2026-02-21 03:19:24,815 - INFO - easyocr alt3 结果: ['5(0.00)']
2026-02-21 03:19:24,925 - INFO - tesseract alt3 结果: SFR
2026-02-21 03:19:24,988 - INFO - easyocr alt4 结果: ['5(0.00)']
2026-02-21 03:19:25,085 - INFO - tesseract alt4 结果: ALSFR
2026-02-21 03:19:25,149 - INFO - easyocr alt5 结果: ['(0.00)']
2026-02-21 03:19:25,248 - INFO - tesseract alt5 结果: 35K
2026-02-21 03:19:25,248 - INFO - 最终验证码识别结果: AFR (engine=tesseract, prob=0.5)
2026-02-21 03:19:25,248 - INFO - 查找验证码输入框...
2026-02-21 03:19:25,255 - ERROR - 未找到验证码输入框
2026-02-21 03:19:25,255 - WARNING - 验证码填写失败
2026-02-21 03:19:25,255 - INFO - 开始填写登录表单...
2026-02-21 03:19:25,313 - INFO - 用户名填写完成
2026-02-21 03:19:25,373 - INFO - 密码填写完成
2026-02-21 03:19:25,374 - INFO - 验证码图片已保存到 /home/runner/work/nju_electric_monitor/nju_electric_monitor/src/../data/captcha_debug.png
2026-02-21 03:19:25,374 - INFO - 验证码识别尝试 13/30
2026-02-21 03:19:25,374 - INFO - 开始识别验证码...（easyocr + pytesseract）
2026-02-21 03:19:25,476 - INFO - easyocr 结果: ['5(0.00)']
2026-02-21 03:19:25,573 - INFO - tesseract 结果: AFR
2026-02-21 03:19:25,637 - INFO - easyocr alt1 结果: ['5(0.00)']
2026-02-21 03:19:25,740 - INFO - tesseract alt1 结果: fFR
2026-02-21 03:19:25,814 - INFO - easyocr alt2 结果: ['(0.00)']
2026-02-21 03:19:25,913 - INFO - tesseract alt2 结果: FR
2026-02-21 03:19:26,077 - INFO - easyocr alt3 结果: ['5(0.00)']
2026-02-21 03:19:26,191 - INFO - tesseract alt3 结果: SFR
2026-02-21 03:19:26,254 - INFO - easyocr alt4 结果: ['5(0.00)']
2026-02-21 03:19:26,352 - INFO - tesseract alt4 结果: ALSFR
2026-02-21 03:19:26,416 - INFO - easyocr alt5 结果: ['(0.00)']
2026-02-21 03:19:26,513 - INFO - tesseract alt5 结果: 35K
2026-02-21 03:19:26,513 - INFO - 最终验证码识别结果: AFR (engine=tesseract, prob=0.5)
2026-02-21 03:19:26,513 - INFO - 查找验证码输入框...
2026-02-21 03:19:26,520 - ERROR - 未找到验证码输入框
2026-02-21 03:19:26,520 - WARNING - 验证码填写失败
2026-02-21 03:19:26,520 - INFO - 开始填写登录表单...
2026-02-21 03:19:26,579 - INFO - 用户名填写完成
2026-02-21 03:19:26,642 - INFO - 密码填写完成
2026-02-21 03:19:26,642 - INFO - 验证码图片已保存到 /home/runner/work/nju_electric_monitor/nju_electric_monitor/src/../data/captcha_debug.png
2026-02-21 03:19:26,642 - INFO - 验证码识别尝试 14/30
2026-02-21 03:19:26,642 - INFO - 开始识别验证码...（easyocr + pytesseract）
2026-02-21 03:19:26,748 - INFO - easyocr 结果: ['5(0.00)']
2026-02-21 03:19:26,846 - INFO - tesseract 结果: AFR
2026-02-21 03:19:26,911 - INFO - easyocr alt1 结果: ['5(0.00)']
2026-02-21 03:19:27,010 - INFO - tesseract alt1 结果: fFR
2026-02-21 03:19:27,083 - INFO - easyocr alt2 结果: ['(0.00)']
2026-02-21 03:19:27,180 - INFO - tesseract alt2 结果: FR
2026-02-21 03:19:27,343 - INFO - easyocr alt3 结果: ['5(0.00)']
2026-02-21 03:19:27,456 - INFO - tesseract alt3 结果: SFR
2026-02-21 03:19:27,519 - INFO - easyocr alt4 结果: ['5(0.00)']
2026-02-21 03:19:27,622 - INFO - tesseract alt4 结果: ALSFR
2026-02-21 03:19:27,687 - INFO - easyocr alt5 结果: ['(0.00)']
2026-02-21 03:19:27,787 - INFO - tesseract alt5 结果: 35K
2026-02-21 03:19:27,787 - INFO - 最终验证码识别结果: AFR (engine=tesseract, prob=0.5)
2026-02-21 03:19:27,787 - INFO - 查找验证码输入框...
2026-02-21 03:19:27,793 - ERROR - 未找到验证码输入框
2026-02-21 03:19:27,794 - WARNING - 验证码填写失败
2026-02-21 03:19:27,794 - INFO - 开始填写登录表单...
2026-02-21 03:19:27,852 - INFO - 用户名填写完成
2026-02-21 03:19:27,910 - INFO - 密码填写完成
2026-02-21 03:19:27,911 - INFO - 验证码图片已保存到 /home/runner/work/nju_electric_monitor/nju_electric_monitor/src/../data/captcha_debug.png
2026-02-21 03:19:27,911 - INFO - 验证码识别尝试 15/30
2026-02-21 03:19:27,911 - INFO - 开始识别验证码...（easyocr + pytesseract）
2026-02-21 03:19:28,024 - INFO - easyocr 结果: ['5(0.00)']
2026-02-21 03:19:28,121 - INFO - tesseract 结果: AFR
2026-02-21 03:19:28,186 - INFO - easyocr alt1 结果: ['5(0.00)']
2026-02-21 03:19:28,284 - INFO - tesseract alt1 结果: fFR
2026-02-21 03:19:28,359 - INFO - easyocr alt2 结果: ['(0.00)']
2026-02-21 03:19:28,456 - INFO - tesseract alt2 结果: FR
2026-02-21 03:19:28,626 - INFO - easyocr alt3 结果: ['5(0.00)']
2026-02-21 03:19:28,735 - INFO - tesseract alt3 结果: SFR
2026-02-21 03:19:28,799 - INFO - easyocr alt4 结果: ['5(0.00)']
2026-02-21 03:19:28,896 - INFO - tesseract alt4 结果: ALSFR
2026-02-21 03:19:28,961 - INFO - easyocr alt5 结果: ['(0.00)']
2026-02-21 03:19:29,061 - INFO - tesseract alt5 结果: 35K
2026-02-21 03:19:29,061 - INFO - 最终验证码识别结果: AFR (engine=tesseract, prob=0.5)
2026-02-21 03:19:29,062 - INFO - 查找验证码输入框...
2026-02-21 03:19:29,068 - ERROR - 未找到验证码输入框
2026-02-21 03:19:29,068 - WARNING - 验证码填写失败
2026-02-21 03:19:29,068 - INFO - 开始填写登录表单...
2026-02-21 03:19:29,129 - INFO - 用户名填写完成
2026-02-21 03:19:29,192 - INFO - 密码填写完成
2026-02-21 03:19:29,192 - INFO - 验证码图片已保存到 /home/runner/work/nju_electric_monitor/nju_electric_monitor/src/../data/captcha_debug.png
2026-02-21 03:19:29,192 - INFO - 验证码识别尝试 16/30
2026-02-21 03:19:29,193 - INFO - 开始识别验证码...（easyocr + pytesseract）
2026-02-21 03:19:29,296 - INFO - easyocr 结果: ['5(0.00)']
2026-02-21 03:19:29,394 - INFO - tesseract 结果: AFR
2026-02-21 03:19:29,460 - INFO - easyocr alt1 结果: ['5(0.00)']
2026-02-21 03:19:29,561 - INFO - tesseract alt1 结果: fFR
2026-02-21 03:19:29,635 - INFO - easyocr alt2 结果: ['(0.00)']
2026-02-21 03:19:29,738 - INFO - tesseract alt2 结果: FR
2026-02-21 03:19:29,901 - INFO - easyocr alt3 结果: ['5(0.00)']
2026-02-21 03:19:30,011 - INFO - tesseract alt3 结果: SFR
2026-02-21 03:19:30,075 - INFO - easyocr alt4 结果: ['5(0.00)']
2026-02-21 03:19:30,171 - INFO - tesseract alt4 结果: ALSFR
2026-02-21 03:19:30,235 - INFO - easyocr alt5 结果: ['(0.00)']
2026-02-21 03:19:30,334 - INFO - tesseract alt5 结果: 35K
2026-02-21 03:19:30,334 - INFO - 最终验证码识别结果: AFR (engine=tesseract, prob=0.5)
2026-02-21 03:19:30,334 - INFO - 查找验证码输入框...
2026-02-21 03:19:30,341 - ERROR - 未找到验证码输入框
2026-02-21 03:19:30,341 - WARNING - 验证码填写失败
2026-02-21 03:19:30,341 - INFO - 开始填写登录表单...
2026-02-21 03:19:30,399 - INFO - 用户名填写完成
2026-02-21 03:19:30,458 - INFO - 密码填写完成
2026-02-21 03:19:30,459 - INFO - 验证码图片已保存到 /home/runner/work/nju_electric_monitor/nju_electric_monitor/src/../data/captcha_debug.png
2026-02-21 03:19:30,459 - INFO - 验证码识别尝试 17/30
2026-02-21 03:19:30,459 - INFO - 开始识别验证码...（easyocr + pytesseract）
2026-02-21 03:19:30,573 - INFO - easyocr 结果: ['5(0.00)']
2026-02-21 03:19:30,681 - INFO - tesseract 结果: AFR
2026-02-21 03:19:30,755 - INFO - easyocr alt1 结果: ['5(0.00)']
2026-02-21 03:19:30,854 - INFO - tesseract alt1 结果: fFR
2026-02-21 03:19:30,928 - INFO - easyocr alt2 结果: ['(0.00)']
2026-02-21 03:19:31,033 - INFO - tesseract alt2 结果: FR
2026-02-21 03:19:31,196 - INFO - easyocr alt3 结果: ['5(0.00)']
2026-02-21 03:19:31,304 - INFO - tesseract alt3 结果: SFR
2026-02-21 03:19:31,368 - INFO - easyocr alt4 结果: ['5(0.00)']
2026-02-21 03:19:31,466 - INFO - tesseract alt4 结果: ALSFR
2026-02-21 03:19:31,531 - INFO - easyocr alt5 结果: ['(0.00)']
2026-02-21 03:19:31,629 - INFO - tesseract alt5 结果: 35K
2026-02-21 03:19:31,629 - INFO - 最终验证码识别结果: AFR (engine=tesseract, prob=0.5)
2026-02-21 03:19:31,629 - INFO - 查找验证码输入框...
2026-02-21 03:19:31,636 - ERROR - 未找到验证码输入框
2026-02-21 03:19:31,636 - WARNING - 验证码填写失败
2026-02-21 03:19:31,636 - INFO - 开始填写登录表单...
2026-02-21 03:19:31,695 - INFO - 用户名填写完成
2026-02-21 03:19:31,754 - INFO - 密码填写完成
2026-02-21 03:19:31,755 - INFO - 验证码图片已保存到 /home/runner/work/nju_electric_monitor/nju_electric_monitor/src/../data/captcha_debug.png
2026-02-21 03:19:31,755 - INFO - 验证码识别尝试 18/30
2026-02-21 03:19:31,755 - INFO - 开始识别验证码...（easyocr + pytesseract）
2026-02-21 03:19:31,864 - INFO - easyocr 结果: ['5(0.00)']
2026-02-21 03:19:31,968 - INFO - tesseract 结果: AFR
2026-02-21 03:19:32,034 - INFO - easyocr alt1 结果: ['5(0.00)']
2026-02-21 03:19:32,133 - INFO - tesseract alt1 结果: fFR
2026-02-21 03:19:32,207 - INFO - easyocr alt2 结果: ['(0.00)']
2026-02-21 03:19:32,308 - INFO - tesseract alt2 结果: FR
2026-02-21 03:19:32,471 - INFO - easyocr alt3 结果: ['5(0.00)']
2026-02-21 03:19:32,579 - INFO - tesseract alt3 结果: SFR
2026-02-21 03:19:32,643 - INFO - easyocr alt4 结果: ['5(0.00)']
2026-02-21 03:19:32,748 - INFO - tesseract alt4 结果: ALSFR
2026-02-21 03:19:32,812 - INFO - easyocr alt5 结果: ['(0.00)']
2026-02-21 03:19:32,910 - INFO - tesseract alt5 结果: 35K
2026-02-21 03:19:32,910 - INFO - 最终验证码识别结果: AFR (engine=tesseract, prob=0.5)
2026-02-21 03:19:32,910 - INFO - 查找验证码输入框...
2026-02-21 03:19:32,917 - ERROR - 未找到验证码输入框
2026-02-21 03:19:32,917 - WARNING - 验证码填写失败
2026-02-21 03:19:32,917 - INFO - 开始填写登录表单...
2026-02-21 03:19:32,978 - INFO - 用户名填写完成
2026-02-21 03:19:33,039 - INFO - 密码填写完成
2026-02-21 03:19:33,040 - INFO - 验证码图片已保存到 /home/runner/work/nju_electric_monitor/nju_electric_monitor/src/../data/captcha_debug.png
2026-02-21 03:19:33,040 - INFO - 验证码识别尝试 19/30
2026-02-21 03:19:33,040 - INFO - 开始识别验证码...（easyocr + pytesseract）
2026-02-21 03:19:33,144 - INFO - easyocr 结果: ['5(0.00)']
2026-02-21 03:19:33,246 - INFO - tesseract 结果: AFR
2026-02-21 03:19:33,318 - INFO - easyocr alt1 结果: ['5(0.00)']
2026-02-21 03:19:33,418 - INFO - tesseract alt1 结果: fFR
2026-02-21 03:19:33,491 - INFO - easyocr alt2 结果: ['(0.00)']
2026-02-21 03:19:33,591 - INFO - tesseract alt2 结果: FR
2026-02-21 03:19:33,754 - INFO - easyocr alt3 结果: ['5(0.00)']
2026-02-21 03:19:33,862 - INFO - tesseract alt3 结果: SFR
2026-02-21 03:19:33,933 - INFO - easyocr alt4 结果: ['5(0.00)']
2026-02-21 03:19:34,032 - INFO - tesseract alt4 结果: ALSFR
2026-02-21 03:19:34,096 - INFO - easyocr alt5 结果: ['(0.00)']
2026-02-21 03:19:34,201 - INFO - tesseract alt5 结果: 35K
2026-02-21 03:19:34,201 - INFO - 最终验证码识别结果: AFR (engine=tesseract, prob=0.5)
2026-02-21 03:19:34,201 - INFO - 查找验证码输入框...
2026-02-21 03:19:34,207 - ERROR - 未找到验证码输入框
2026-02-21 03:19:34,207 - WARNING - 验证码填写失败
2026-02-21 03:19:34,207 - INFO - 开始填写登录表单...
2026-02-21 03:19:34,267 - INFO - 用户名填写完成
2026-02-21 03:19:34,329 - INFO - 密码填写完成
2026-02-21 03:19:34,330 - INFO - 验证码图片已保存到 /home/runner/work/nju_electric_monitor/nju_electric_monitor/src/../data/captcha_debug.png
2026-02-21 03:19:34,330 - INFO - 验证码识别尝试 20/30
2026-02-21 03:19:34,330 - INFO - 开始识别验证码...（easyocr + pytesseract）
2026-02-21 03:19:34,448 - INFO - easyocr 结果: ['5(0.00)']
2026-02-21 03:19:34,546 - INFO - tesseract 结果: AFR
2026-02-21 03:19:34,612 - INFO - easyocr alt1 结果: ['5(0.00)']
2026-02-21 03:19:34,711 - INFO - tesseract alt1 结果: fFR
2026-02-21 03:19:34,784 - INFO - easyocr alt2 结果: ['(0.00)']
2026-02-21 03:19:34,882 - INFO - tesseract alt2 结果: FR
2026-02-21 03:19:35,046 - INFO - easyocr alt3 结果: ['5(0.00)']
2026-02-21 03:19:35,156 - INFO - tesseract alt3 结果: SFR
2026-02-21 03:19:35,219 - INFO - easyocr alt4 结果: ['5(0.00)']
2026-02-21 03:19:35,319 - INFO - tesseract alt4 结果: ALSFR
2026-02-21 03:19:35,384 - INFO - easyocr alt5 结果: ['(0.00)']
2026-02-21 03:19:35,489 - INFO - tesseract alt5 结果: 35K
2026-02-21 03:19:35,489 - INFO - 最终验证码识别结果: AFR (engine=tesseract, prob=0.5)
2026-02-21 03:19:35,490 - INFO - 查找验证码输入框...
2026-02-21 03:19:35,497 - ERROR - 未找到验证码输入框
2026-02-21 03:19:35,497 - WARNING - 验证码填写失败
2026-02-21 03:19:35,497 - INFO - 开始填写登录表单...
2026-02-21 03:19:35,558 - INFO - 用户名填写完成
2026-02-21 03:19:35,619 - INFO - 密码填写完成
2026-02-21 03:19:35,620 - INFO - 验证码图片已保存到 /home/runner/work/nju_electric_monitor/nju_electric_monitor/src/../data/captcha_debug.png
2026-02-21 03:19:35,620 - INFO - 验证码识别尝试 21/30
2026-02-21 03:19:35,620 - INFO - 开始识别验证码...（easyocr + pytesseract）
2026-02-21 03:19:35,725 - INFO - easyocr 结果: ['5(0.00)']
2026-02-21 03:19:35,826 - INFO - tesseract 结果: AFR
2026-02-21 03:19:35,893 - INFO - easyocr alt1 结果: ['5(0.00)']
2026-02-21 03:19:35,996 - INFO - tesseract alt1 结果: fFR
2026-02-21 03:19:36,070 - INFO - easyocr alt2 结果: ['(0.00)']
2026-02-21 03:19:36,174 - INFO - tesseract alt2 结果: FR
2026-02-21 03:19:36,344 - INFO - easyocr alt3 结果: ['5(0.00)']
2026-02-21 03:19:36,455 - INFO - tesseract alt3 结果: SFR
2026-02-21 03:19:36,522 - INFO - easyocr alt4 结果: ['5(0.00)']
2026-02-21 03:19:36,625 - INFO - tesseract alt4 结果: ALSFR
2026-02-21 03:19:36,693 - INFO - easyocr alt5 结果: ['(0.00)']
2026-02-21 03:19:36,797 - INFO - tesseract alt5 结果: 35K
2026-02-21 03:19:36,797 - INFO - 最终验证码识别结果: AFR (engine=tesseract, prob=0.5)
2026-02-21 03:19:36,797 - INFO - 查找验证码输入框...
2026-02-21 03:19:36,805 - ERROR - 未找到验证码输入框
2026-02-21 03:19:36,805 - WARNING - 验证码填写失败
2026-02-21 03:19:36,806 - INFO - 开始填写登录表单...
2026-02-21 03:19:36,867 - INFO - 用户名填写完成
2026-02-21 03:19:36,927 - INFO - 密码填写完成
2026-02-21 03:19:36,961 - INFO - 验证码图片已保存到 /home/runner/work/nju_electric_monitor/nju_electric_monitor/src/../data/captcha_debug.png
2026-02-21 03:19:36,961 - INFO - 验证码识别尝试 22/30
2026-02-21 03:19:36,961 - INFO - 开始识别验证码...（easyocr + pytesseract）
2026-02-21 03:19:37,070 - INFO - easyocr 结果: ['5(0.00)']
2026-02-21 03:19:37,175 - INFO - tesseract 结果: AFR
2026-02-21 03:19:37,240 - INFO - easyocr alt1 结果: ['5(0.00)']
2026-02-21 03:19:37,340 - INFO - tesseract alt1 结果: fFR
2026-02-21 03:19:37,417 - INFO - easyocr alt2 结果: ['(0.00)']
2026-02-21 03:19:37,518 - INFO - tesseract alt2 结果: FR
2026-02-21 03:19:37,690 - INFO - easyocr alt3 结果: ['5(0.00)']
2026-02-21 03:19:37,801 - INFO - tesseract alt3 结果: SFR
2026-02-21 03:19:37,866 - INFO - easyocr alt4 结果: ['5(0.00)']
2026-02-21 03:19:37,967 - INFO - tesseract alt4 结果: ALSFR
2026-02-21 03:19:38,034 - INFO - easyocr alt5 结果: ['(0.00)']
2026-02-21 03:19:38,133 - INFO - tesseract alt5 结果: 35K
2026-02-21 03:19:38,133 - INFO - 最终验证码识别结果: AFR (engine=tesseract, prob=0.5)
2026-02-21 03:19:38,133 - INFO - 查找验证码输入框...
2026-02-21 03:19:38,140 - ERROR - 未找到验证码输入框
2026-02-21 03:19:38,140 - WARNING - 验证码填写失败
2026-02-21 03:19:38,140 - INFO - 开始填写登录表单...
2026-02-21 03:19:38,201 - INFO - 用户名填写完成
2026-02-21 03:19:38,262 - INFO - 密码填写完成
2026-02-21 03:19:38,263 - INFO - 验证码图片已保存到 /home/runner/work/nju_electric_monitor/nju_electric_monitor/src/../data/captcha_debug.png
2026-02-21 03:19:38,263 - INFO - 验证码识别尝试 23/30
2026-02-21 03:19:38,263 - INFO - 开始识别验证码...（easyocr + pytesseract）
2026-02-21 03:19:38,372 - INFO - easyocr 结果: ['5(0.00)']
2026-02-21 03:19:38,474 - INFO - tesseract 结果: AFR
2026-02-21 03:19:38,541 - INFO - easyocr alt1 结果: ['5(0.00)']
2026-02-21 03:19:38,643 - INFO - tesseract alt1 结果: fFR
2026-02-21 03:19:38,720 - INFO - easyocr alt2 结果: ['(0.00)']
2026-02-21 03:19:38,822 - INFO - tesseract alt2 结果: FR
2026-02-21 03:19:38,988 - INFO - easyocr alt3 结果: ['5(0.00)']
2026-02-21 03:19:39,100 - INFO - tesseract alt3 结果: SFR
2026-02-21 03:19:39,166 - INFO - easyocr alt4 结果: ['5(0.00)']
2026-02-21 03:19:39,266 - INFO - tesseract alt4 结果: ALSFR
2026-02-21 03:19:39,341 - INFO - easyocr alt5 结果: ['(0.00)']
2026-02-21 03:19:39,440 - INFO - tesseract alt5 结果: 35K
2026-02-21 03:19:39,440 - INFO - 最终验证码识别结果: AFR (engine=tesseract, prob=0.5)
2026-02-21 03:19:39,440 - INFO - 查找验证码输入框...
2026-02-21 03:19:39,446 - ERROR - 未找到验证码输入框
2026-02-21 03:19:39,446 - WARNING - 验证码填写失败
2026-02-21 03:19:39,446 - INFO - 开始填写登录表单...
2026-02-21 03:19:39,506 - INFO - 用户名填写完成
2026-02-21 03:19:39,569 - INFO - 密码填写完成
2026-02-21 03:19:39,570 - INFO - 验证码图片已保存到 /home/runner/work/nju_electric_monitor/nju_electric_monitor/src/../data/captcha_debug.png
2026-02-21 03:19:39,570 - INFO - 验证码识别尝试 24/30
2026-02-21 03:19:39,570 - INFO - 开始识别验证码...（easyocr + pytesseract）
2026-02-21 03:19:39,675 - INFO - easyocr 结果: ['5(0.00)']
2026-02-21 03:19:39,775 - INFO - tesseract 结果: AFR
2026-02-21 03:19:39,842 - INFO - easyocr alt1 结果: ['5(0.00)']
2026-02-21 03:19:39,941 - INFO - tesseract alt1 结果: fFR
2026-02-21 03:19:40,017 - INFO - easyocr alt2 结果: ['(0.00)']
2026-02-21 03:19:40,117 - INFO - tesseract alt2 结果: FR
2026-02-21 03:19:40,283 - INFO - easyocr alt3 结果: ['5(0.00)']
2026-02-21 03:19:40,397 - INFO - tesseract alt3 结果: SFR
2026-02-21 03:19:40,464 - INFO - easyocr alt4 结果: ['5(0.00)']
2026-02-21 03:19:40,566 - INFO - tesseract alt4 结果: ALSFR
2026-02-21 03:19:40,640 - INFO - easyocr alt5 结果: ['(0.00)']
2026-02-21 03:19:40,747 - INFO - tesseract alt5 结果: 35K
2026-02-21 03:19:40,747 - INFO - 最终验证码识别结果: AFR (engine=tesseract, prob=0.5)
2026-02-21 03:19:40,747 - INFO - 查找验证码输入框...
2026-02-21 03:19:40,754 - ERROR - 未找到验证码输入框
2026-02-21 03:19:40,754 - WARNING - 验证码填写失败
2026-02-21 03:19:40,754 - INFO - 开始填写登录表单...
2026-02-21 03:19:40,816 - INFO - 用户名填写完成
2026-02-21 03:19:40,878 - INFO - 密码填写完成
2026-02-21 03:19:40,878 - INFO - 验证码图片已保存到 /home/runner/work/nju_electric_monitor/nju_electric_monitor/src/../data/captcha_debug.png
2026-02-21 03:19:40,878 - INFO - 验证码识别尝试 25/30
2026-02-21 03:19:40,878 - INFO - 开始识别验证码...（easyocr + pytesseract）
2026-02-21 03:19:40,984 - INFO - easyocr 结果: ['5(0.00)']
2026-02-21 03:19:41,083 - INFO - tesseract 结果: AFR
2026-02-21 03:19:41,150 - INFO - easyocr alt1 结果: ['5(0.00)']
2026-02-21 03:19:41,247 - INFO - tesseract alt1 结果: fFR
2026-02-21 03:19:41,323 - INFO - easyocr alt2 结果: ['(0.00)']
2026-02-21 03:19:41,422 - INFO - tesseract alt2 结果: FR
2026-02-21 03:19:41,585 - INFO - easyocr alt3 结果: ['5(0.00)']
2026-02-21 03:19:41,694 - INFO - tesseract alt3 结果: SFR
2026-02-21 03:19:41,756 - INFO - easyocr alt4 结果: ['5(0.00)']
2026-02-21 03:19:41,858 - INFO - tesseract alt4 结果: ALSFR
2026-02-21 03:19:41,922 - INFO - easyocr alt5 结果: ['(0.00)']
2026-02-21 03:19:42,020 - INFO - tesseract alt5 结果: 35K
2026-02-21 03:19:42,020 - INFO - 最终验证码识别结果: AFR (engine=tesseract, prob=0.5)
2026-02-21 03:19:42,020 - INFO - 查找验证码输入框...
2026-02-21 03:19:42,027 - ERROR - 未找到验证码输入框
2026-02-21 03:19:42,027 - WARNING - 验证码填写失败
2026-02-21 03:19:42,027 - INFO - 开始填写登录表单...
2026-02-21 03:19:42,087 - INFO - 用户名填写完成
2026-02-21 03:19:42,146 - INFO - 密码填写完成
2026-02-21 03:19:42,147 - INFO - 验证码图片已保存到 /home/runner/work/nju_electric_monitor/nju_electric_monitor/src/../data/captcha_debug.png
2026-02-21 03:19:42,147 - INFO - 验证码识别尝试 26/30
2026-02-21 03:19:42,147 - INFO - 开始识别验证码...（easyocr + pytesseract）
2026-02-21 03:19:42,253 - INFO - easyocr 结果: ['5(0.00)']
2026-02-21 03:19:42,351 - INFO - tesseract 结果: AFR
2026-02-21 03:19:42,419 - INFO - easyocr alt1 结果: ['5(0.00)']
2026-02-21 03:19:42,525 - INFO - tesseract alt1 结果: fFR
2026-02-21 03:19:42,601 - INFO - easyocr alt2 结果: ['(0.00)']
2026-02-21 03:19:42,701 - INFO - tesseract alt2 结果: FR
2026-02-21 03:19:42,870 - INFO - easyocr alt3 结果: ['5(0.00)']
2026-02-21 03:19:42,981 - INFO - tesseract alt3 结果: SFR
2026-02-21 03:19:43,048 - INFO - easyocr alt4 结果: ['5(0.00)']
2026-02-21 03:19:43,147 - INFO - tesseract alt4 结果: ALSFR
2026-02-21 03:19:43,213 - INFO - easyocr alt5 结果: ['(0.00)']
2026-02-21 03:19:43,316 - INFO - tesseract alt5 结果: 35K
2026-02-21 03:19:43,316 - INFO - 最终验证码识别结果: AFR (engine=tesseract, prob=0.5)
2026-02-21 03:19:43,316 - INFO - 查找验证码输入框...
2026-02-21 03:19:43,323 - ERROR - 未找到验证码输入框
2026-02-21 03:19:43,323 - WARNING - 验证码填写失败
2026-02-21 03:19:43,323 - INFO - 开始填写登录表单...
2026-02-21 03:19:43,383 - INFO - 用户名填写完成
2026-02-21 03:19:43,444 - INFO - 密码填写完成
2026-02-21 03:19:43,445 - INFO - 验证码图片已保存到 /home/runner/work/nju_electric_monitor/nju_electric_monitor/src/../data/captcha_debug.png
2026-02-21 03:19:43,445 - INFO - 验证码识别尝试 27/30
2026-02-21 03:19:43,445 - INFO - 开始识别验证码...（easyocr + pytesseract）
2026-02-21 03:19:43,550 - INFO - easyocr 结果: ['5(0.00)']
2026-02-21 03:19:43,650 - INFO - tesseract 结果: AFR
2026-02-21 03:19:43,717 - INFO - easyocr alt1 结果: ['5(0.00)']
2026-02-21 03:19:43,818 - INFO - tesseract alt1 结果: fFR
2026-02-21 03:19:43,901 - INFO - easyocr alt2 结果: ['(0.00)']
2026-02-21 03:19:44,002 - INFO - tesseract alt2 结果: FR
2026-02-21 03:19:44,168 - INFO - easyocr alt3 结果: ['5(0.00)']
2026-02-21 03:19:44,278 - INFO - tesseract alt3 结果: SFR
2026-02-21 03:19:44,343 - INFO - easyocr alt4 结果: ['5(0.00)']
2026-02-21 03:19:44,444 - INFO - tesseract alt4 结果: ALSFR
2026-02-21 03:19:44,512 - INFO - easyocr alt5 结果: ['(0.00)']
2026-02-21 03:19:44,613 - INFO - tesseract alt5 结果: 35K
2026-02-21 03:19:44,614 - INFO - 最终验证码识别结果: AFR (engine=tesseract, prob=0.5)
2026-02-21 03:19:44,614 - INFO - 查找验证码输入框...
2026-02-21 03:19:44,621 - ERROR - 未找到验证码输入框
2026-02-21 03:19:44,621 - WARNING - 验证码填写失败
2026-02-21 03:19:44,621 - INFO - 开始填写登录表单...
2026-02-21 03:19:44,681 - INFO - 用户名填写完成
2026-02-21 03:19:44,744 - INFO - 密码填写完成
2026-02-21 03:19:44,745 - INFO - 验证码图片已保存到 /home/runner/work/nju_electric_monitor/nju_electric_monitor/src/../data/captcha_debug.png
2026-02-21 03:19:44,745 - INFO - 验证码识别尝试 28/30
2026-02-21 03:19:44,745 - INFO - 开始识别验证码...（easyocr + pytesseract）
2026-02-21 03:19:44,850 - INFO - easyocr 结果: ['5(0.00)']
2026-02-21 03:19:44,951 - INFO - tesseract 结果: AFR
2026-02-21 03:19:45,017 - INFO - easyocr alt1 结果: ['5(0.00)']
2026-02-21 03:19:45,117 - INFO - tesseract alt1 结果: fFR
2026-02-21 03:19:45,193 - INFO - easyocr alt2 结果: ['(0.00)']
2026-02-21 03:19:45,295 - INFO - tesseract alt2 结果: FR
2026-02-21 03:19:45,461 - INFO - easyocr alt3 结果: ['5(0.00)']
2026-02-21 03:19:45,571 - INFO - tesseract alt3 结果: SFR
2026-02-21 03:19:45,637 - INFO - easyocr alt4 结果: ['5(0.00)']
2026-02-21 03:19:45,739 - INFO - tesseract alt4 结果: ALSFR
2026-02-21 03:19:45,805 - INFO - easyocr alt5 结果: ['(0.00)']
2026-02-21 03:19:45,905 - INFO - tesseract alt5 结果: 35K
2026-02-21 03:19:45,905 - INFO - 最终验证码识别结果: AFR (engine=tesseract, prob=0.5)
2026-02-21 03:19:45,905 - INFO - 查找验证码输入框...
2026-02-21 03:19:45,912 - ERROR - 未找到验证码输入框
2026-02-21 03:19:45,912 - WARNING - 验证码填写失败
2026-02-21 03:19:45,912 - INFO - 开始填写登录表单...
2026-02-21 03:19:45,971 - INFO - 用户名填写完成
2026-02-21 03:19:46,031 - INFO - 密码填写完成
2026-02-21 03:19:46,031 - INFO - 验证码图片已保存到 /home/runner/work/nju_electric_monitor/nju_electric_monitor/src/../data/captcha_debug.png
2026-02-21 03:19:46,031 - INFO - 验证码识别尝试 29/30
2026-02-21 03:19:46,031 - INFO - 开始识别验证码...（easyocr + pytesseract）
2026-02-21 03:19:46,137 - INFO - easyocr 结果: ['5(0.00)']
2026-02-21 03:19:46,240 - INFO - tesseract 结果: AFR
2026-02-21 03:19:46,306 - INFO - easyocr alt1 结果: ['5(0.00)']
2026-02-21 03:19:46,403 - INFO - tesseract alt1 结果: fFR
2026-02-21 03:19:46,479 - INFO - easyocr alt2 结果: ['(0.00)']
2026-02-21 03:19:46,577 - INFO - tesseract alt2 结果: FR
2026-02-21 03:19:46,744 - INFO - easyocr alt3 结果: ['5(0.00)']
2026-02-21 03:19:46,854 - INFO - tesseract alt3 结果: SFR
2026-02-21 03:19:46,919 - INFO - easyocr alt4 结果: ['5(0.00)']
2026-02-21 03:19:47,019 - INFO - tesseract alt4 结果: ALSFR
2026-02-21 03:19:47,085 - INFO - easyocr alt5 结果: ['(0.00)']
2026-02-21 03:19:47,184 - INFO - tesseract alt5 结果: 35K
2026-02-21 03:19:47,184 - INFO - 最终验证码识别结果: AFR (engine=tesseract, prob=0.5)
2026-02-21 03:19:47,184 - INFO - 查找验证码输入框...
2026-02-21 03:19:47,191 - ERROR - 未找到验证码输入框
2026-02-21 03:19:47,191 - WARNING - 验证码填写失败
2026-02-21 03:19:47,191 - INFO - 开始填写登录表单...
2026-02-21 03:19:47,250 - INFO - 用户名填写完成
2026-02-21 03:19:47,311 - INFO - 密码填写完成
2026-02-21 03:19:47,311 - INFO - 验证码图片已保存到 /home/runner/work/nju_electric_monitor/nju_electric_monitor/src/../data/captcha_debug.png
2026-02-21 03:19:47,312 - INFO - 验证码识别尝试 30/30
2026-02-21 03:19:47,312 - INFO - 开始识别验证码...（easyocr + pytesseract）
2026-02-21 03:19:47,417 - INFO - easyocr 结果: ['5(0.00)']
2026-02-21 03:19:47,519 - INFO - tesseract 结果: AFR
2026-02-21 03:19:47,588 - INFO - easyocr alt1 结果: ['5(0.00)']
2026-02-21 03:19:47,696 - INFO - tesseract alt1 结果: fFR
2026-02-21 03:19:47,773 - INFO - easyocr alt2 结果: ['(0.00)']
2026-02-21 03:19:47,874 - INFO - tesseract alt2 结果: FR
2026-02-21 03:19:48,042 - INFO - easyocr alt3 结果: ['5(0.00)']
2026-02-21 03:19:48,154 - INFO - tesseract alt3 结果: SFR
2026-02-21 03:19:48,222 - INFO - easyocr alt4 结果: ['5(0.00)']
2026-02-21 03:19:48,327 - INFO - tesseract alt4 结果: ALSFR
2026-02-21 03:19:48,393 - INFO - easyocr alt5 结果: ['(0.00)']
2026-02-21 03:19:48,495 - INFO - tesseract alt5 结果: 35K
2026-02-21 03:19:48,495 - INFO - 最终验证码识别结果: AFR (engine=tesseract, prob=0.5)
2026-02-21 03:19:48,495 - INFO - 查找验证码输入框...
2026-02-21 03:19:48,501 - ERROR - 未找到验证码输入框
2026-02-21 03:19:48,502 - WARNING - 验证码填写失败
2026-02-21 03:19:48,502 - WARNING - 自动验证码识别失败，请手动输入
2026-02-21 03:19:48,502 - ERROR - 处理验证码时出错: EOF when reading a line
2026-02-21 03:19:48,502 - WARNING - 验证码处理失败，但继续尝试登录
2026-02-21 03:19:48,502 - INFO - 查找并点击登录按钮...
2026-02-21 03:19:48,510 - ERROR - 未找到登录按钮
2026-02-21 03:19:48,510 - ERROR - 点击登录按钮失败
2026-02-21 03:19:48,510 - INFO - 等待登录成功...
2026-02-21 03:19:53,515 - INFO - 登录可能成功，继续下一步...
2026-02-21 03:19:53,515 - INFO - 查找'去充值'按钮...
2026-02-21 03:19:53,524 - ERROR - 未找到'去充值'按钮
2026-02-21 03:19:53,524 - WARNING - 点击充值按钮失败，尝试直接提取数据
2026-02-21 03:19:53,524 - INFO - 开始提取剩余电量信息...
2026-02-21 03:19:53,533 - INFO - 页面源码已保存到 /home/runner/work/nju_electric_monitor/nju_electric_monitor/src/../data/debug_page_source.html
2026-02-21 03:19:53,542 - WARNING - 未找到电量信息元素，尝试其他方法...
2026-02-21 03:19:53,550 - WARNING - 未找到i标签中的电量信息，尝试其他方法...
2026-02-21 03:19:53,559 - INFO - 在页面源码中查找电量信息...
2026-02-21 03:19:53,571 - WARNING - 未能提取到剩余电量信息
2026-02-21 03:19:53,571 - WARNING - 没有电量数据可保存
2026-02-21 03:19:53,571 - INFO - 监控流程完成
