2026-01-01 13:31:10,140 - INFO - Matplotlib 字体设置：使用回退字体列表，首选可用字体: Noto Sans CJK JP
2026-01-01 13:31:11,630 - INFO - 使用 ChromeDriver: /usr/bin/chromedriver
2026-01-01 13:31:11,630 - WARNING - Using CPU. Note: This module is much faster with a GPU.
2026-01-01 13:31:13,312 - INFO - OCR识别器初始化成功
2026-01-01 13:31:13,312 - INFO - 开始南京大学电费监控流程（自动无头模式）
2026-01-01 13:31:13,312 - INFO - 正在打开页面: https://epay.nju.edu.cn/epay/h5/nju/electric/index
2026-01-01 13:31:21,888 - INFO - 等待登录表单加载...
2026-01-01 13:31:21,897 - INFO - 登录表单已加载
2026-01-01 13:31:21,897 - INFO - 开始填写登录表单...
2026-01-01 13:31:21,960 - INFO - 用户名填写完成
2026-01-01 13:31:22,027 - INFO - 密码填写完成
2026-01-01 13:31:22,027 - INFO - 检查是否有验证码...
2026-01-01 13:31:22,027 - INFO - 查找验证码图片...
2026-01-01 13:31:22,046 - INFO - 找到验证码图片，开始截图...
2026-01-01 13:31:22,088 - INFO - 验证码图片截取成功
2026-01-01 13:31:22,088 - INFO - 开始填写登录表单...
2026-01-01 13:31:22,152 - INFO - 用户名填写完成
2026-01-01 13:31:22,212 - INFO - 密码填写完成
2026-01-01 13:31:22,213 - INFO - 验证码图片已保存到 /home/runner/work/nju_electric_monitor/nju_electric_monitor/src/../data/captcha_debug.png
2026-01-01 13:31:22,213 - INFO - 验证码识别尝试 1/30
2026-01-01 13:31:22,213 - INFO - 开始识别验证码...（easyocr + pytesseract）
2026-01-01 13:31:22,340 - INFO - easyocr 结果: ['AYaX(0.91)']
2026-01-01 13:31:22,502 - INFO - tesseract 结果: AYaXx
2026-01-01 13:31:22,564 - INFO - easyocr alt1 结果: ['AYa(0.99)']
2026-01-01 13:31:22,674 - INFO - tesseract alt1 结果: AYax
2026-01-01 13:31:22,731 - INFO - easyocr alt2 结果: ['AYa(0.99)']
2026-01-01 13:31:22,827 - INFO - tesseract alt2 结果: AYax
2026-01-01 13:31:22,983 - INFO - easyocr alt3 结果: ['AYa(0.99)']
2026-01-01 13:31:23,091 - INFO - tesseract alt3 结果: AYax
2026-01-01 13:31:23,163 - INFO - easyocr alt4 结果: ['AYa(0.98)']
2026-01-01 13:31:23,259 - INFO - tesseract alt4 结果: AYax
2026-01-01 13:31:23,320 - INFO - easyocr alt5 结果: ['AYa(0.98)']
2026-01-01 13:31:23,414 - INFO - tesseract alt5 结果: AYax
2026-01-01 13:31:23,414 - INFO - 最终验证码识别结果: AYaX (engine=easyocr, prob=0.9086090922355652)
2026-01-01 13:31:23,414 - INFO - 查找验证码输入框...
2026-01-01 13:31:23,475 - INFO - 验证码填写完成
2026-01-01 13:31:23,475 - INFO - 验证码填写完成，点击登录按钮...
2026-01-01 13:31:23,475 - INFO - 查找并点击登录按钮...
2026-01-01 13:31:27,747 - INFO - 已点击登录按钮
2026-01-01 13:31:34,758 - INFO - 未检测到无效验证码提示，验证码通过
2026-01-01 13:31:34,758 - INFO - 查找并点击登录按钮...
2026-01-01 13:31:34,764 - ERROR - 未找到登录按钮
2026-01-01 13:31:34,764 - ERROR - 点击登录按钮失败
2026-01-01 13:31:34,764 - INFO - 等待登录成功...
2026-01-01 13:31:39,769 - INFO - 登录可能成功，继续下一步...
2026-01-01 13:31:39,769 - INFO - 查找'去充值'按钮...
2026-01-01 13:31:41,483 - INFO - 已点击充值按钮
2026-01-01 13:31:44,483 - INFO - 开始提取剩余电量信息...
2026-01-01 13:31:44,487 - INFO - 页面源码已保存到 /home/runner/work/nju_electric_monitor/nju_electric_monitor/src/../data/debug_page_source.html
2026-01-01 13:31:44,505 - INFO - 找到电量信息元素: 持卡人姓名：***
2026-01-01 13:31:44,506 - WARNING - 未在元素中找到标准格式的电量信息
2026-01-01 13:31:44,518 - INFO - 找到i标签中的电量信息: ***
2026-01-01 13:31:44,518 - WARNING - i标签中未找到标准格式的电量信息
2026-01-01 13:31:44,518 - WARNING - 未找到i标签中的电量信息
2026-01-01 13:31:44,521 - INFO - 在页面源码中查找电量信息...
2026-01-01 13:31:44,521 - INFO - 从页面源码中提取到剩余电量: 195.18 度
2026-01-01 13:31:44,545 - INFO - 数据已保存: 195.18 度
2026-01-01 13:31:44,871 - INFO - 电量变化曲线图已保存到: /home/runner/work/nju_electric_monitor/nju_electric_monitor/src/../data/electricity_trend.png
2026-01-01 13:31:45,116 - INFO - 最近20次电量变化曲线图已保存到: /home/runner/work/nju_electric_monitor/nju_electric_monitor/src/../data/recent_20_changes.png
2026-01-01 13:31:45,116 - INFO - 监控流程完成
