2026-06-03 17:56:15,326 - INFO - Matplotlib 字体设置：使用回退字体列表，首选可用字体: Noto Sans CJK JP
2026-06-03 17:56:16,682 - INFO - 使用指定 ChromeDriver: /usr/bin/chromedriver
2026-06-03 17:56:16,736 - INFO - ddddocr 识别器初始化成功
2026-06-03 17:56:16,736 - INFO - 开始南京大学电费监控流程（自动无头模式）
2026-06-03 17:56:16,737 - INFO - 已初始化并清空验证码图片目录: /home/runner/work/nju_electric_monitor/nju_electric_monitor/src/../data/captcha_workflow
2026-06-03 17:56:16,737 - INFO - 正在打开页面: https://epay.nju.edu.cn/epay/h5/nju/electric/index
2026-06-03 17:56:27,690 - INFO - 等待登录表单加载...
2026-06-03 17:56:27,700 - INFO - 登录表单已加载
2026-06-03 17:56:27,700 - INFO - 开始填写登录表单...
2026-06-03 17:56:27,783 - INFO - 用户名填写完成
2026-06-03 17:56:27,847 - INFO - 密码填写完成
2026-06-03 17:56:27,847 - INFO - 开始处理验证码（两层嵌套重试）...
2026-06-03 17:56:27,847 - INFO - 外层页面重试 1/4
2026-06-03 17:56:27,847 - INFO - 等待登录表单加载...
2026-06-03 17:56:27,853 - INFO - 登录表单已加载
2026-06-03 17:56:27,853 - INFO - 开始填写登录表单...
2026-06-03 17:56:27,914 - INFO - 用户名填写完成
2026-06-03 17:56:27,975 - INFO - 密码填写完成
2026-06-03 17:56:28,975 - INFO - 查找验证码图片...
2026-06-03 17:56:28,995 - INFO - 找到验证码图片，开始截图...
2026-06-03 17:56:29,040 - INFO - 验证码图片截取成功
2026-06-03 17:56:29,052 - INFO - 验证码图片已保存到 /home/runner/work/nju_electric_monitor/nju_electric_monitor/src/../data/captcha_debug.png
2026-06-03 17:56:29,052 - INFO - 验证码图片已保存到 /home/runner/work/nju_electric_monitor/nju_electric_monitor/src/../data/captcha_workflow/captcha_outer1.png
2026-06-03 17:56:29,052 - INFO - 验证码识别（同一图片）尝试 1/3，外层 1/4
2026-06-03 17:56:29,052 - INFO - 开始使用 ddddocr 识别验证码...
2026-06-03 17:56:29,065 - INFO - ddddocr 最终验证码识别结果: KR45
2026-06-03 17:56:29,065 - INFO - 已将验证码图片重命名为: /home/runner/work/nju_electric_monitor/nju_electric_monitor/src/../data/captcha_workflow/KR45.png
2026-06-03 17:56:29,065 - INFO - 查找验证码输入框...
2026-06-03 17:56:29,113 - INFO - 通过 XPath 找到 1 个验证码候选输入框，使用第一个。
2026-06-03 17:56:29,160 - INFO - 验证码填写完成
2026-06-03 17:56:30,160 - INFO - 验证码填写完成，点击登录按钮...
2026-06-03 17:56:30,160 - INFO - 查找并点击登录按钮...
2026-06-03 17:56:30,181 - INFO - 通过 ID=login_submit 找到登录按钮
2026-06-03 17:56:33,336 - INFO - 已点击登录按钮
2026-06-03 17:56:42,402 - INFO - 检测到英文验证码错误提示: 'Verification code error \n\t\t\t\t\t\tVerification code error'
2026-06-03 17:56:42,402 - WARNING - 检测到验证码错误提示，将重新加载页面获取新验证码
2026-06-03 17:56:42,402 - INFO - 本轮登录未成功，等待 5 秒后进行下一轮验证码重试...
2026-06-03 17:56:47,402 - INFO - 外层页面重试 2/4
2026-06-03 17:56:52,094 - INFO - 等待登录表单加载...
2026-06-03 17:56:52,100 - INFO - 登录表单已加载
2026-06-03 17:56:52,100 - INFO - 开始填写登录表单...
2026-06-03 17:56:52,158 - INFO - 用户名填写完成
2026-06-03 17:56:52,216 - INFO - 密码填写完成
2026-06-03 17:56:53,216 - INFO - 查找验证码图片...
2026-06-03 17:56:53,229 - INFO - 找到验证码图片，开始截图...
2026-06-03 17:56:53,286 - INFO - 验证码图片截取成功
2026-06-03 17:56:53,287 - INFO - 验证码图片已保存到 /home/runner/work/nju_electric_monitor/nju_electric_monitor/src/../data/captcha_debug.png
2026-06-03 17:56:53,288 - INFO - 验证码图片已保存到 /home/runner/work/nju_electric_monitor/nju_electric_monitor/src/../data/captcha_workflow/captcha_outer2.png
2026-06-03 17:56:53,288 - INFO - 验证码识别（同一图片）尝试 1/3，外层 2/4
2026-06-03 17:56:53,288 - INFO - 开始使用 ddddocr 识别验证码...
2026-06-03 17:56:53,297 - INFO - ddddocr 最终验证码识别结果: IYDJ
2026-06-03 17:56:53,297 - INFO - 已将验证码图片重命名为: /home/runner/work/nju_electric_monitor/nju_electric_monitor/src/../data/captcha_workflow/IYDJ.png
2026-06-03 17:56:53,297 - INFO - 查找验证码输入框...
2026-06-03 17:56:53,340 - INFO - 通过 XPath 找到 1 个验证码候选输入框，使用第一个。
2026-06-03 17:56:53,390 - INFO - 验证码填写完成
2026-06-03 17:56:54,390 - INFO - 验证码填写完成，点击登录按钮...
2026-06-03 17:56:54,390 - INFO - 查找并点击登录按钮...
2026-06-03 17:56:54,409 - INFO - 通过 ID=login_submit 找到登录按钮
2026-06-03 17:56:54,447 - INFO - 已点击登录按钮
2026-06-03 17:57:03,472 - INFO - 未检测到验证码错误提示，验证码可能通过
2026-06-03 17:57:03,472 - INFO - 等待登录成功...
2026-06-03 17:57:03,481 - INFO - 检测到已跳转到电费页面: https://epay.nju.edu.cn/epay/h5/nju/electric/index
2026-06-03 17:57:03,481 - INFO - 查找'去充值'按钮...
2026-06-03 17:57:03,502 - INFO - 通过文本包含 '去充值' 找到充值按钮
2026-06-03 17:57:05,315 - INFO - 已点击充值按钮
2026-06-03 17:57:08,315 - INFO - 开始提取剩余电量信息...
2026-06-03 17:57:08,331 - INFO - 找到电量信息元素（已省略具体文本以保护隐私）
2026-06-03 17:57:08,331 - WARNING - 未在元素中找到标准格式的电量信息
2026-06-03 17:57:08,344 - INFO - 找到 i 标签中的电量信息（已省略具体文本）
2026-06-03 17:57:08,344 - WARNING - i标签中未找到标准格式的电量信息
2026-06-03 17:57:08,344 - WARNING - 未找到i标签中的电量信息
2026-06-03 17:57:08,347 - INFO - 在页面源码中查找电量信息...
2026-06-03 17:57:08,347 - INFO - 从页面源码中提取到剩余电量: 16.96 度
2026-06-03 17:57:08,360 - INFO - 数据已保存: 16.96 度
2026-06-03 17:57:08,574 - INFO - 电量变化曲线图已保存到: /home/runner/work/nju_electric_monitor/nju_electric_monitor/src/../data/electricity_trend.png
2026-06-03 17:57:08,780 - INFO - 最近20次电量变化曲线图已保存到: /home/runner/work/nju_electric_monitor/nju_electric_monitor/src/../data/recent_20_changes.png
2026-06-03 17:57:08,782 - INFO - 已将最近20次电费曲线图以内嵌方式添加到邮件: /home/runner/work/nju_electric_monitor/nju_electric_monitor/src/../data/recent_20_changes.png
2026-06-03 17:57:12,108 - INFO - 电量低于阈值（16.96 度），已发送邮件提醒到: ['1615372377@qq.com']
2026-06-03 17:57:12,297 - INFO - 监控流程完成
