2026-01-31 07:24:49,519 - INFO - Matplotlib 字体设置：使用回退字体列表，首选可用字体: Noto Sans CJK JP
2026-01-31 07:24:50,929 - INFO - 使用 ChromeDriver: /usr/bin/chromedriver
2026-01-31 07:24:50,929 - WARNING - Using CPU. Note: This module is much faster with a GPU.
2026-01-31 07:24:52,480 - INFO - OCR识别器初始化成功
2026-01-31 07:24:52,480 - INFO - 开始南京大学电费监控流程（自动无头模式）
2026-01-31 07:24:52,481 - INFO - 正在打开页面: https://epay.nju.edu.cn/epay/h5/nju/electric/index
2026-01-31 07:25:02,581 - INFO - 等待登录表单加载...
2026-01-31 07:25:02,590 - INFO - 登录表单已加载
2026-01-31 07:25:02,590 - INFO - 开始填写登录表单...
2026-01-31 07:25:02,653 - INFO - 用户名填写完成
2026-01-31 07:25:02,721 - INFO - 密码填写完成
2026-01-31 07:25:02,721 - INFO - 检查是否有验证码...
2026-01-31 07:25:02,721 - INFO - 查找验证码图片...
2026-01-31 07:25:02,740 - INFO - 找到验证码图片，开始截图...
2026-01-31 07:25:02,806 - INFO - 验证码图片截取成功
2026-01-31 07:25:02,806 - INFO - 开始填写登录表单...
2026-01-31 07:25:02,875 - INFO - 用户名填写完成
2026-01-31 07:25:02,939 - INFO - 密码填写完成
2026-01-31 07:25:02,940 - INFO - 验证码图片已保存到 /home/runner/work/nju_electric_monitor/nju_electric_monitor/src/../data/captcha_debug.png
2026-01-31 07:25:02,940 - INFO - 验证码识别尝试 1/30
2026-01-31 07:25:02,940 - INFO - 开始识别验证码...（easyocr + pytesseract）
2026-01-31 07:25:03,068 - INFO - easyocr 结果: ['hDeA(1.00)']
2026-01-31 07:25:03,252 - INFO - tesseract 结果: hDeA
2026-01-31 07:25:03,316 - INFO - easyocr alt1 结果: ['hDeA(0.97)']
2026-01-31 07:25:03,410 - INFO - tesseract alt1 结果: hDeA
2026-01-31 07:25:03,468 - INFO - easyocr alt2 结果: ['hDeA(0.97)']
2026-01-31 07:25:03,567 - INFO - tesseract alt2 结果: hDeA
2026-01-31 07:25:03,729 - INFO - easyocr alt3 结果: ['hDeA(0.99)']
2026-01-31 07:25:03,842 - INFO - tesseract alt3 结果: hDeA
2026-01-31 07:25:03,903 - INFO - easyocr alt4 结果: ['hDeA(0.94)']
2026-01-31 07:25:04,000 - INFO - tesseract alt4 结果: hDeA
2026-01-31 07:25:04,059 - INFO - easyocr alt5 结果: ['hDeA(0.90)']
2026-01-31 07:25:04,155 - INFO - tesseract alt5 结果: hDeA
2026-01-31 07:25:04,155 - INFO - 最终验证码识别结果: hDeA (engine=easyocr, prob=0.9980494379997253)
2026-01-31 07:25:04,155 - INFO - 查找验证码输入框...
2026-01-31 07:25:04,215 - INFO - 验证码填写完成
2026-01-31 07:25:04,215 - INFO - 验证码填写完成，点击登录按钮...
2026-01-31 07:25:04,215 - INFO - 查找并点击登录按钮...
2026-01-31 07:25:07,972 - INFO - 已点击登录按钮
2026-01-31 07:25:14,982 - INFO - 未检测到无效验证码提示，验证码通过
2026-01-31 07:25:14,983 - INFO - 查找并点击登录按钮...
2026-01-31 07:25:14,988 - ERROR - 未找到登录按钮
2026-01-31 07:25:14,988 - ERROR - 点击登录按钮失败
2026-01-31 07:25:14,988 - INFO - 等待登录成功...
2026-01-31 07:25:19,992 - INFO - 登录可能成功，继续下一步...
2026-01-31 07:25:19,992 - INFO - 查找'去充值'按钮...
2026-01-31 07:25:21,646 - INFO - 已点击充值按钮
2026-01-31 07:25:24,646 - INFO - 开始提取剩余电量信息...
2026-01-31 07:25:24,650 - INFO - 页面源码已保存到 /home/runner/work/nju_electric_monitor/nju_electric_monitor/src/../data/debug_page_source.html
2026-01-31 07:25:24,668 - INFO - 找到电量信息元素: 持卡人姓名：吴相民
2026-01-31 07:25:24,668 - WARNING - 未在元素中找到标准格式的电量信息
2026-01-31 07:25:24,680 - INFO - 找到i标签中的电量信息: 吴相民
2026-01-31 07:25:24,680 - WARNING - i标签中未找到标准格式的电量信息
2026-01-31 07:25:24,680 - WARNING - 未找到i标签中的电量信息
2026-01-31 07:25:24,683 - INFO - 在页面源码中查找电量信息...
2026-01-31 07:25:24,683 - INFO - 从页面源码中提取到剩余电量: 45.1 度
2026-01-31 07:25:24,698 - INFO - 数据已保存: 45.1 度
2026-01-31 07:25:24,973 - INFO - 电量变化曲线图已保存到: /home/runner/work/nju_electric_monitor/nju_electric_monitor/src/../data/electricity_trend.png
2026-01-31 07:25:25,251 - INFO - 最近20次电量变化曲线图已保存到: /home/runner/work/nju_electric_monitor/nju_electric_monitor/src/../data/recent_20_changes.png
2026-01-31 07:25:25,252 - INFO - 监控流程完成
