2026-01-29 03:25:01,346 - INFO - Matplotlib 字体设置：使用回退字体列表，首选可用字体: Noto Sans CJK JP
2026-01-29 03:25:02,596 - INFO - 使用 ChromeDriver: /usr/bin/chromedriver
2026-01-29 03:25:02,596 - WARNING - Using CPU. Note: This module is much faster with a GPU.
2026-01-29 03:25:04,098 - INFO - OCR识别器初始化成功
2026-01-29 03:25:04,098 - INFO - 开始南京大学电费监控流程（自动无头模式）
2026-01-29 03:25:04,099 - INFO - 正在打开页面: https://epay.nju.edu.cn/epay/h5/nju/electric/index
2026-01-29 03:25:15,251 - INFO - 等待登录表单加载...
2026-01-29 03:25:15,261 - INFO - 登录表单已加载
2026-01-29 03:25:15,262 - INFO - 开始填写登录表单...
2026-01-29 03:25:15,325 - INFO - 用户名填写完成
2026-01-29 03:25:15,392 - INFO - 密码填写完成
2026-01-29 03:25:15,392 - INFO - 检查是否有验证码...
2026-01-29 03:25:15,392 - INFO - 查找验证码图片...
2026-01-29 03:25:15,413 - INFO - 找到验证码图片，开始截图...
2026-01-29 03:25:15,469 - INFO - 验证码图片截取成功
2026-01-29 03:25:15,470 - INFO - 开始填写登录表单...
2026-01-29 03:25:15,534 - INFO - 用户名填写完成
2026-01-29 03:25:15,597 - INFO - 密码填写完成
2026-01-29 03:25:15,598 - INFO - 验证码图片已保存到 /home/runner/work/nju_electric_monitor/nju_electric_monitor/src/../data/captcha_debug.png
2026-01-29 03:25:15,598 - INFO - 验证码识别尝试 1/30
2026-01-29 03:25:15,598 - INFO - 开始识别验证码...（easyocr + pytesseract）
2026-01-29 03:25:15,725 - INFO - easyocr 结果: ['ZpAD(0.97)']
2026-01-29 03:25:16,066 - INFO - tesseract 结果: ZpAD
2026-01-29 03:25:16,131 - INFO - easyocr alt1 结果: ['ZpAD(0.90)']
2026-01-29 03:25:16,228 - INFO - tesseract alt1 结果: ZpAD
2026-01-29 03:25:16,288 - INFO - easyocr alt2 结果: ['ZpAD(0.82)']
2026-01-29 03:25:16,385 - INFO - tesseract alt2 结果: ZpAD
2026-01-29 03:25:16,548 - INFO - easyocr alt3 结果: ['ZpAD(0.88)']
2026-01-29 03:25:16,663 - INFO - tesseract alt3 结果: ZpAD
2026-01-29 03:25:16,723 - INFO - easyocr alt4 结果: ['ZpAD(0.62)']
2026-01-29 03:25:16,821 - INFO - tesseract alt4 结果: ZpAD
2026-01-29 03:25:16,882 - INFO - easyocr alt5 结果: ['ZpAD(0.36)']
2026-01-29 03:25:16,980 - INFO - tesseract alt5 结果: ZDAD
2026-01-29 03:25:16,980 - INFO - 最终验证码识别结果: ZpAD (engine=easyocr, prob=0.9749334454536438)
2026-01-29 03:25:16,980 - INFO - 查找验证码输入框...
2026-01-29 03:25:17,039 - INFO - 验证码填写完成
2026-01-29 03:25:17,039 - INFO - 验证码填写完成，点击登录按钮...
2026-01-29 03:25:17,040 - INFO - 查找并点击登录按钮...
2026-01-29 03:25:20,875 - INFO - 已点击登录按钮
2026-01-29 03:25:27,886 - INFO - 未检测到无效验证码提示，验证码通过
2026-01-29 03:25:27,886 - INFO - 查找并点击登录按钮...
2026-01-29 03:25:27,891 - ERROR - 未找到登录按钮
2026-01-29 03:25:27,891 - ERROR - 点击登录按钮失败
2026-01-29 03:25:27,891 - INFO - 等待登录成功...
2026-01-29 03:25:32,896 - INFO - 登录可能成功，继续下一步...
2026-01-29 03:25:32,896 - INFO - 查找'去充值'按钮...
2026-01-29 03:25:34,649 - INFO - 已点击充值按钮
2026-01-29 03:25:37,650 - INFO - 开始提取剩余电量信息...
2026-01-29 03:25:37,654 - INFO - 页面源码已保存到 /home/runner/work/nju_electric_monitor/nju_electric_monitor/src/../data/debug_page_source.html
2026-01-29 03:25:37,672 - INFO - 找到电量信息元素: 持卡人姓名：***
2026-01-29 03:25:37,672 - WARNING - 未在元素中找到标准格式的电量信息
2026-01-29 03:25:37,685 - INFO - 找到i标签中的电量信息: 吴相民
2026-01-29 03:25:37,685 - WARNING - i标签中未找到标准格式的电量信息
2026-01-29 03:25:37,685 - WARNING - 未找到i标签中的电量信息
2026-01-29 03:25:37,688 - INFO - 在页面源码中查找电量信息...
2026-01-29 03:25:37,688 - INFO - 从页面源码中提取到剩余电量: 53.71 度
2026-01-29 03:25:37,709 - INFO - 数据已保存: 53.71 度
2026-01-29 03:25:37,993 - INFO - 电量变化曲线图已保存到: /home/runner/work/nju_electric_monitor/nju_electric_monitor/src/../data/electricity_trend.png
2026-01-29 03:25:38,277 - INFO - 最近20次电量变化曲线图已保存到: /home/runner/work/nju_electric_monitor/nju_electric_monitor/src/../data/recent_20_changes.png
2026-01-29 03:25:38,277 - INFO - 监控流程完成
