2025-12-04 13:34:12,975 - INFO - Matplotlib 字体设置：使用回退字体列表，首选可用字体: Noto Sans CJK JP
2025-12-04 13:34:14,499 - INFO - 使用 ChromeDriver: /usr/bin/chromedriver
2025-12-04 13:34:14,500 - WARNING - Using CPU. Note: This module is much faster with a GPU.
2025-12-04 13:34:16,217 - INFO - OCR识别器初始化成功
2025-12-04 13:34:16,217 - INFO - 开始南京大学电费监控流程（自动无头模式）
2025-12-04 13:34:16,217 - INFO - 正在打开页面: https://epay.nju.edu.cn/epay/h5/nju/electric/index
2025-12-04 13:34:26,293 - INFO - 等待登录表单加载...
2025-12-04 13:34:26,305 - INFO - 登录表单已加载
2025-12-04 13:34:26,306 - INFO - 开始填写登录表单...
2025-12-04 13:34:26,383 - INFO - 用户名填写完成
2025-12-04 13:34:26,462 - INFO - 密码填写完成
2025-12-04 13:34:26,462 - INFO - 检查是否有验证码...
2025-12-04 13:34:26,462 - INFO - 查找验证码图片...
2025-12-04 13:34:26,486 - INFO - 找到验证码图片，开始截图...
2025-12-04 13:34:26,547 - INFO - 验证码图片截取成功
2025-12-04 13:34:26,547 - INFO - 开始填写登录表单...
2025-12-04 13:34:26,621 - INFO - 用户名填写完成
2025-12-04 13:34:26,694 - INFO - 密码填写完成
2025-12-04 13:34:26,695 - INFO - 验证码图片已保存到 /home/runner/work/nju_electric_monitor/nju_electric_monitor/src/../data/captcha_debug.png
2025-12-04 13:34:26,695 - INFO - 验证码识别尝试 1/30
2025-12-04 13:34:26,696 - INFO - 开始识别验证码...（easyocr + pytesseract）
2025-12-04 13:34:26,843 - INFO - easyocr 结果: ['5CZ5(0.45)']
2025-12-04 13:34:27,038 - INFO - tesseract 结果: 5cZ5
2025-12-04 13:34:27,110 - INFO - easyocr alt1 结果: ['5cZ5(0.29)']
2025-12-04 13:34:27,214 - INFO - tesseract alt1 结果: eva
2025-12-04 13:34:27,287 - INFO - easyocr alt2 结果: ['5cZ5(0.27)']
2025-12-04 13:34:27,398 - INFO - tesseract alt2 结果: SciZs
2025-12-04 13:34:27,574 - INFO - easyocr alt3 结果: ['5CZ5(0.43)']
2025-12-04 13:34:27,692 - INFO - tesseract alt3 结果: 5cZ5
2025-12-04 13:34:27,759 - INFO - easyocr alt4 结果: ['5CZ5(0.25)']
2025-12-04 13:34:27,851 - INFO - tesseract alt4 结果: 
2025-12-04 13:34:27,917 - INFO - easyocr alt5 结果: ['5cZ5(0.48)']
2025-12-04 13:34:28,011 - INFO - tesseract alt5 结果: 
2025-12-04 13:34:28,011 - INFO - 最终验证码识别结果: 5cZ5 (engine=tesseract, prob=0.5)
2025-12-04 13:34:28,011 - INFO - 查找验证码输入框...
2025-12-04 13:34:28,084 - INFO - 验证码填写完成
2025-12-04 13:34:28,084 - INFO - 验证码填写完成，点击登录按钮...
2025-12-04 13:34:28,084 - INFO - 查找并点击登录按钮...
2025-12-04 13:34:32,116 - INFO - 已点击登录按钮
2025-12-04 13:34:39,128 - INFO - 未检测到无效验证码提示，验证码通过
2025-12-04 13:34:39,128 - INFO - 查找并点击登录按钮...
2025-12-04 13:34:39,134 - ERROR - 未找到登录按钮
2025-12-04 13:34:39,134 - ERROR - 点击登录按钮失败
2025-12-04 13:34:39,135 - INFO - 等待登录成功...
2025-12-04 13:34:44,140 - INFO - 登录可能成功，继续下一步...
2025-12-04 13:34:44,140 - INFO - 查找'去充值'按钮...
2025-12-04 13:34:45,679 - INFO - 已点击充值按钮
2025-12-04 13:34:48,680 - INFO - 开始提取剩余电量信息...
2025-12-04 13:34:48,684 - INFO - 页面源码已保存到 /home/runner/work/nju_electric_monitor/nju_electric_monitor/src/../data/debug_page_source.html
2025-12-04 13:34:48,705 - INFO - 找到电量信息元素: 持卡人姓名：吴相民
2025-12-04 13:34:48,705 - WARNING - 未在元素中找到标准格式的电量信息
2025-12-04 13:34:48,722 - INFO - 找到i标签中的电量信息: 吴相民
2025-12-04 13:34:48,722 - WARNING - i标签中未找到标准格式的电量信息
2025-12-04 13:34:48,722 - WARNING - 未找到i标签中的电量信息
2025-12-04 13:34:48,725 - INFO - 在页面源码中查找电量信息...
2025-12-04 13:34:48,725 - INFO - 从页面源码中提取到剩余电量: 346.51 度
2025-12-04 13:34:48,753 - INFO - 数据已保存: 346.51 度
2025-12-04 13:34:48,797 - WARNING - findfont: Font family 'Microsoft YaHei' not found.
2025-12-04 13:34:48,799 - WARNING - findfont: Font family 'Microsoft YaHei' not found.
2025-12-04 13:34:48,814 - WARNING - findfont: Font family 'Microsoft YaHei' not found.
2025-12-04 13:34:48,821 - WARNING - findfont: Font family 'Microsoft YaHei' not found.
2025-12-04 13:34:48,823 - WARNING - findfont: Font family 'Microsoft YaHei' not found.
2025-12-04 13:34:48,906 - WARNING - findfont: Font family 'Microsoft YaHei' not found.
2025-12-04 13:34:48,906 - WARNING - findfont: Font family 'Microsoft YaHei' not found.
2025-12-04 13:34:48,907 - WARNING - findfont: Font family 'Microsoft YaHei' not found.
2025-12-04 13:34:48,908 - WARNING - findfont: Font family 'Microsoft YaHei' not found.
2025-12-04 13:34:48,938 - WARNING - findfont: Font family 'Microsoft YaHei' not found.
2025-12-04 13:34:48,938 - WARNING - findfont: Font family 'Microsoft YaHei' not found.
2025-12-04 13:34:48,951 - WARNING - findfont: Font family 'Microsoft YaHei' not found.
2025-12-04 13:34:48,954 - WARNING - findfont: Font family 'Microsoft YaHei' not found.
2025-12-04 13:34:49,018 - WARNING - findfont: Font family 'Microsoft YaHei' not found.
2025-12-04 13:34:49,019 - WARNING - findfont: Font family 'Microsoft YaHei' not found.
2025-12-04 13:34:49,020 - WARNING - findfont: Font family 'Microsoft YaHei' not found.
2025-12-04 13:34:49,020 - WARNING - findfont: Font family 'Microsoft YaHei' not found.
2025-12-04 13:34:49,049 - WARNING - findfont: Font family 'Microsoft YaHei' not found.
2025-12-04 13:34:49,050 - WARNING - findfont: Font family 'Microsoft YaHei' not found.
2025-12-04 13:34:49,062 - WARNING - findfont: Font family 'Microsoft YaHei' not found.
2025-12-04 13:34:49,065 - WARNING - findfont: Font family 'Microsoft YaHei' not found.
2025-12-04 13:34:49,066 - INFO - 电量变化曲线图已保存到: /home/runner/work/nju_electric_monitor/nju_electric_monitor/src/../data/electricity_trend.png
2025-12-04 13:34:49,093 - WARNING - findfont: Font family 'Microsoft YaHei' not found.
2025-12-04 13:34:49,093 - WARNING - findfont: Font family 'Microsoft YaHei' not found.
2025-12-04 13:34:49,109 - WARNING - findfont: Font family 'Microsoft YaHei' not found.
2025-12-04 13:34:49,114 - WARNING - findfont: Font family 'Microsoft YaHei' not found.
2025-12-04 13:34:49,115 - WARNING - findfont: Font family 'Microsoft YaHei' not found.
2025-12-04 13:34:49,188 - WARNING - findfont: Font family 'Microsoft YaHei' not found.
2025-12-04 13:34:49,188 - WARNING - findfont: Font family 'Microsoft YaHei' not found.
2025-12-04 13:34:49,189 - WARNING - findfont: Font family 'Microsoft YaHei' not found.
2025-12-04 13:34:49,190 - WARNING - findfont: Font family 'Microsoft YaHei' not found.
2025-12-04 13:34:49,215 - WARNING - findfont: Font family 'Microsoft YaHei' not found.
2025-12-04 13:34:49,215 - WARNING - findfont: Font family 'Microsoft YaHei' not found.
2025-12-04 13:34:49,228 - WARNING - findfont: Font family 'Microsoft YaHei' not found.
2025-12-04 13:34:49,230 - WARNING - findfont: Font family 'Microsoft YaHei' not found.
2025-12-04 13:34:49,294 - WARNING - findfont: Font family 'Microsoft YaHei' not found.
2025-12-04 13:34:49,294 - WARNING - findfont: Font family 'Microsoft YaHei' not found.
2025-12-04 13:34:49,295 - WARNING - findfont: Font family 'Microsoft YaHei' not found.
2025-12-04 13:34:49,296 - WARNING - findfont: Font family 'Microsoft YaHei' not found.
2025-12-04 13:34:49,321 - WARNING - findfont: Font family 'Microsoft YaHei' not found.
2025-12-04 13:34:49,322 - WARNING - findfont: Font family 'Microsoft YaHei' not found.
2025-12-04 13:34:49,335 - WARNING - findfont: Font family 'Microsoft YaHei' not found.
2025-12-04 13:34:49,337 - WARNING - findfont: Font family 'Microsoft YaHei' not found.
2025-12-04 13:34:49,338 - INFO - 最近20次电量变化曲线图已保存到: /home/runner/work/nju_electric_monitor/nju_electric_monitor/src/../data/recent_20_changes.png
2025-12-04 13:34:49,339 - INFO - 监控流程完成
