2026-01-27 13:42:51,425 - INFO - Matplotlib 字体设置：使用回退字体列表，首选可用字体: Noto Sans CJK JP
2026-01-27 13:42:52,790 - INFO - 使用 ChromeDriver: /usr/bin/chromedriver
2026-01-27 13:42:52,791 - WARNING - Using CPU. Note: This module is much faster with a GPU.
2026-01-27 13:42:54,314 - INFO - OCR识别器初始化成功
2026-01-27 13:42:54,314 - INFO - 开始南京大学电费监控流程（自动无头模式）
2026-01-27 13:42:54,314 - INFO - 正在打开页面: https://epay.nju.edu.cn/epay/h5/nju/electric/index
2026-01-27 13:43:07,231 - INFO - 等待登录表单加载...
2026-01-27 13:43:07,241 - INFO - 登录表单已加载
2026-01-27 13:43:07,241 - INFO - 开始填写登录表单...
2026-01-27 13:43:07,303 - INFO - 用户名填写完成
2026-01-27 13:43:07,369 - INFO - 密码填写完成
2026-01-27 13:43:07,369 - INFO - 检查是否有验证码...
2026-01-27 13:43:07,369 - INFO - 查找验证码图片...
2026-01-27 13:43:07,388 - INFO - 找到验证码图片，开始截图...
2026-01-27 13:43:07,446 - INFO - 验证码图片截取成功
2026-01-27 13:43:07,447 - INFO - 开始填写登录表单...
2026-01-27 13:43:07,510 - INFO - 用户名填写完成
2026-01-27 13:43:07,570 - INFO - 密码填写完成
2026-01-27 13:43:07,571 - INFO - 验证码图片已保存到 /home/runner/work/nju_electric_monitor/nju_electric_monitor/src/../data/captcha_debug.png
2026-01-27 13:43:07,571 - INFO - 验证码识别尝试 1/30
2026-01-27 13:43:07,571 - INFO - 开始识别验证码...（easyocr + pytesseract）
2026-01-27 13:43:07,703 - INFO - easyocr 结果: ['b8yC(0.65)']
2026-01-27 13:43:07,859 - INFO - tesseract 结果: b8yC
2026-01-27 13:43:07,927 - INFO - easyocr alt1 结果: ['bgyC(0.53)']
2026-01-27 13:43:08,018 - INFO - tesseract alt1 结果: b8yC
2026-01-27 13:43:08,080 - INFO - easyocr alt2 结果: ['bgyC(0.49)']
2026-01-27 13:43:08,173 - INFO - tesseract alt2 结果: b8yC
2026-01-27 13:43:08,342 - INFO - easyocr alt3 结果: ['b8yC(0.26)']
2026-01-27 13:43:08,448 - INFO - tesseract alt3 结果: bayC
2026-01-27 13:43:08,509 - INFO - easyocr alt4 结果: ['bgyC(0.22)']
2026-01-27 13:43:08,605 - INFO - tesseract alt4 结果: b8yG
2026-01-27 13:43:08,680 - INFO - easyocr alt5 结果: ['DgyC(0.13)']
2026-01-27 13:43:08,772 - INFO - tesseract alt5 结果: b8yC
2026-01-27 13:43:08,772 - INFO - 最终验证码识别结果: b8yC (engine=easyocr, prob=0.6542560194118396)
2026-01-27 13:43:08,772 - INFO - 查找验证码输入框...
2026-01-27 13:43:08,830 - INFO - 验证码填写完成
2026-01-27 13:43:08,830 - INFO - 验证码填写完成，点击登录按钮...
2026-01-27 13:43:08,830 - INFO - 查找并点击登录按钮...
2026-01-27 13:43:12,851 - INFO - 已点击登录按钮
2026-01-27 13:43:19,862 - INFO - 未检测到无效验证码提示，验证码通过
2026-01-27 13:43:19,862 - INFO - 查找并点击登录按钮...
2026-01-27 13:43:19,867 - ERROR - 未找到登录按钮
2026-01-27 13:43:19,867 - ERROR - 点击登录按钮失败
2026-01-27 13:43:19,867 - INFO - 等待登录成功...
2026-01-27 13:43:24,872 - INFO - 登录可能成功，继续下一步...
2026-01-27 13:43:24,872 - INFO - 查找'去充值'按钮...
2026-01-27 13:43:26,609 - INFO - 已点击充值按钮
2026-01-27 13:43:29,610 - INFO - 开始提取剩余电量信息...
2026-01-27 13:43:29,614 - INFO - 页面源码已保存到 /home/runner/work/nju_electric_monitor/nju_electric_monitor/src/../data/debug_page_source.html
2026-01-27 13:43:29,631 - INFO - 找到电量信息元素: 持卡人姓名：***
2026-01-27 13:43:29,632 - WARNING - 未在元素中找到标准格式的电量信息
2026-01-27 13:43:29,644 - INFO - 找到i标签中的电量信息: ***
2026-01-27 13:43:29,644 - WARNING - i标签中未找到标准格式的电量信息
2026-01-27 13:43:29,644 - WARNING - 未找到i标签中的电量信息
2026-01-27 13:43:29,647 - INFO - 在页面源码中查找电量信息...
2026-01-27 13:43:29,647 - INFO - 从页面源码中提取到剩余电量: 61.03 度
2026-01-27 13:43:29,664 - INFO - 数据已保存: 61.03 度
2026-01-27 13:43:29,922 - INFO - 电量变化曲线图已保存到: /home/runner/work/nju_electric_monitor/nju_electric_monitor/src/../data/electricity_trend.png
2026-01-27 13:43:30,175 - INFO - 最近20次电量变化曲线图已保存到: /home/runner/work/nju_electric_monitor/nju_electric_monitor/src/../data/recent_20_changes.png
2026-01-27 13:43:30,175 - INFO - 监控流程完成
