2026-02-28 13:08:44,384 - INFO - Matplotlib 字体设置：使用回退字体列表，首选可用字体: Noto Sans CJK JP
2026-02-28 13:08:45,641 - INFO - 使用 ChromeDriver: /usr/bin/chromedriver
2026-02-28 13:08:45,715 - INFO - ddddocr 识别器初始化成功
2026-02-28 13:08:45,715 - INFO - 开始南京大学电费监控流程（自动无头模式）
2026-02-28 13:08:45,715 - INFO - 正在打开页面: https://epay.nju.edu.cn/epay/h5/nju/electric/index
2026-02-28 13:08:54,393 - INFO - 等待登录表单加载...
2026-02-28 13:08:54,404 - INFO - 登录表单已加载
2026-02-28 13:08:54,404 - INFO - 开始填写登录表单...
2026-02-28 13:08:54,491 - INFO - 用户名填写完成
2026-02-28 13:08:54,562 - INFO - 密码填写完成
2026-02-28 13:08:54,562 - INFO - 检查是否有验证码...
2026-02-28 13:08:54,562 - INFO - 查找验证码图片...
2026-02-28 13:08:54,581 - INFO - 找到验证码图片，开始截图...
2026-02-28 13:08:54,631 - INFO - 验证码图片截取成功
2026-02-28 13:08:54,631 - INFO - 开始填写登录表单...
2026-02-28 13:08:54,703 - INFO - 用户名填写完成
2026-02-28 13:08:54,768 - INFO - 密码填写完成
2026-02-28 13:08:54,769 - INFO - 验证码图片已保存到 /home/runner/work/nju_electric_monitor/nju_electric_monitor/src/../data/captcha_debug.png
2026-02-28 13:08:54,769 - INFO - 验证码识别尝试 1/30
2026-02-28 13:08:54,769 - INFO - 开始使用 ddddocr 识别验证码...
2026-02-28 13:08:54,779 - INFO - ddddocr 最终验证码识别结果: LUGG
2026-02-28 13:08:54,779 - INFO - 查找验证码输入框...
2026-02-28 13:08:54,838 - INFO - 通过 XPath 找到 1 个验证码候选输入框，使用第一个。
2026-02-28 13:08:54,891 - INFO - 验证码填写完成
2026-02-28 13:08:54,891 - INFO - 验证码填写完成，点击登录按钮...
2026-02-28 13:08:54,891 - INFO - 查找并点击登录按钮...
2026-02-28 13:08:54,912 - INFO - 通过 ID=login_submit 找到登录按钮
2026-02-28 13:08:55,276 - INFO - 已点击登录按钮
2026-02-28 13:09:02,287 - INFO - 未检测到无效验证码提示，验证码通过
2026-02-28 13:09:02,287 - INFO - 查找并点击登录按钮...
2026-02-28 13:09:02,305 - INFO - 通过 ID=login_submit 找到登录按钮
2026-02-28 13:09:02,350 - INFO - 已点击登录按钮
2026-02-28 13:09:07,350 - INFO - 等待登录成功...
2026-02-28 13:09:12,354 - INFO - 登录可能成功，继续下一步...
2026-02-28 13:09:12,355 - INFO - 查找'去充值'按钮...
2026-02-28 13:09:12,364 - ERROR - 未找到'去充值'按钮
2026-02-28 13:09:12,364 - WARNING - 点击充值按钮失败，尝试直接提取数据
2026-02-28 13:09:12,364 - INFO - 开始提取剩余电量信息...
2026-02-28 13:09:12,373 - INFO - 页面源码已保存到 /home/runner/work/nju_electric_monitor/nju_electric_monitor/src/../data/debug_page_source.html
2026-02-28 13:09:12,381 - WARNING - 未找到电量信息元素，尝试其他方法...
2026-02-28 13:09:12,390 - WARNING - 未找到i标签中的电量信息，尝试其他方法...
2026-02-28 13:09:12,398 - INFO - 在页面源码中查找电量信息...
2026-02-28 13:09:12,409 - WARNING - 未能提取到剩余电量信息
2026-02-28 13:09:12,409 - WARNING - 没有电量数据可保存
2026-02-28 13:09:12,409 - INFO - 监控流程完成
