2026-03-01 10:05:57,473 - INFO - Matplotlib 字体设置：使用回退字体列表，首选可用字体: Noto Sans CJK JP
2026-03-01 10:05:58,754 - INFO - 使用 ChromeDriver: /usr/bin/chromedriver
2026-03-01 10:05:58,823 - INFO - ddddocr 识别器初始化成功
2026-03-01 10:05:58,823 - INFO - 开始南京大学电费监控流程（自动无头模式）
2026-03-01 10:05:58,823 - INFO - 已初始化并清空验证码图片目录: /home/runner/work/nju_electric_monitor/nju_electric_monitor/src/../data/qr_pics_workflow
2026-03-01 10:05:58,823 - INFO - 正在打开页面: https://epay.nju.edu.cn/epay/h5/nju/electric/index
2026-03-01 10:06:07,949 - INFO - 等待登录表单加载...
2026-03-01 10:06:08,023 - INFO - 登录表单已加载
2026-03-01 10:06:08,023 - INFO - 开始填写登录表单...
2026-03-01 10:06:08,174 - INFO - 用户名填写完成
2026-03-01 10:06:08,255 - INFO - 密码填写完成
2026-03-01 10:06:08,255 - INFO - 开始处理验证码（两层嵌套重试）...
2026-03-01 10:06:08,255 - INFO - 外层页面重试 1/5
2026-03-01 10:06:08,255 - INFO - 等待登录表单加载...
2026-03-01 10:06:08,261 - INFO - 登录表单已加载
2026-03-01 10:06:08,286 - INFO - 开始填写登录表单...
2026-03-01 10:06:08,360 - INFO - 用户名填写完成
2026-03-01 10:06:08,432 - INFO - 密码填写完成
2026-03-01 10:06:08,432 - INFO - 查找验证码图片...
2026-03-01 10:06:08,454 - INFO - 找到验证码图片，开始截图...
2026-03-01 10:06:08,506 - INFO - 验证码图片截取成功
2026-03-01 10:06:08,539 - INFO - 验证码图片已保存到 /home/runner/work/nju_electric_monitor/nju_electric_monitor/src/../data/captcha_debug.png
2026-03-01 10:06:08,540 - INFO - 验证码图片已保存到 /home/runner/work/nju_electric_monitor/nju_electric_monitor/src/../data/qr_pics_workflow/captcha_outer1.png
2026-03-01 10:06:08,540 - INFO - 验证码识别（同一图片）尝试 1/3，外层 1/5
2026-03-01 10:06:08,540 - INFO - 开始使用 ddddocr 识别验证码...
2026-03-01 10:06:08,552 - INFO - ddddocr 最终验证码识别结果: ACJA
2026-03-01 10:06:08,552 - INFO - 已将验证码图片重命名为: /home/runner/work/nju_electric_monitor/nju_electric_monitor/src/../data/qr_pics_workflow/ACJA.png
2026-03-01 10:06:08,552 - INFO - 查找验证码输入框...
2026-03-01 10:06:08,610 - INFO - 通过 XPath 找到 1 个验证码候选输入框，使用第一个。
2026-03-01 10:06:08,664 - INFO - 验证码填写完成
2026-03-01 10:06:08,664 - INFO - 验证码填写完成，点击登录按钮...
2026-03-01 10:06:08,664 - INFO - 查找并点击登录按钮...
2026-03-01 10:06:08,686 - INFO - 通过 ID=login_submit 找到登录按钮
2026-03-01 10:06:09,081 - INFO - 已点击登录按钮
2026-03-01 10:06:16,149 - INFO - 检测到英文验证码错误提示: 'Verification code error \n\t\t\t\t\t\tVerification code error'
2026-03-01 10:06:16,149 - WARNING - 检测到验证码错误提示，将重新加载页面获取新验证码
2026-03-01 10:06:16,149 - INFO - 外层页面重试 2/5
2026-03-01 10:06:21,106 - INFO - 等待登录表单加载...
2026-03-01 10:06:21,112 - INFO - 登录表单已加载
2026-03-01 10:06:21,112 - INFO - 开始填写登录表单...
2026-03-01 10:06:21,180 - INFO - 用户名填写完成
2026-03-01 10:06:21,243 - INFO - 密码填写完成
2026-03-01 10:06:21,243 - INFO - 查找验证码图片...
2026-03-01 10:06:21,257 - INFO - 找到验证码图片，开始截图...
2026-03-01 10:06:21,302 - INFO - 验证码图片截取成功
2026-03-01 10:06:21,303 - INFO - 验证码图片已保存到 /home/runner/work/nju_electric_monitor/nju_electric_monitor/src/../data/captcha_debug.png
2026-03-01 10:06:21,303 - INFO - 验证码图片已保存到 /home/runner/work/nju_electric_monitor/nju_electric_monitor/src/../data/qr_pics_workflow/captcha_outer2.png
2026-03-01 10:06:21,304 - INFO - 验证码识别（同一图片）尝试 1/3，外层 2/5
2026-03-01 10:06:21,304 - INFO - 开始使用 ddddocr 识别验证码...
2026-03-01 10:06:21,317 - INFO - ddddocr 最终验证码识别结果: E7KJ
2026-03-01 10:06:21,317 - INFO - 已将验证码图片重命名为: /home/runner/work/nju_electric_monitor/nju_electric_monitor/src/../data/qr_pics_workflow/E7KJ.png
2026-03-01 10:06:21,317 - INFO - 查找验证码输入框...
2026-03-01 10:06:21,371 - INFO - 通过 XPath 找到 1 个验证码候选输入框，使用第一个。
2026-03-01 10:06:21,424 - INFO - 验证码填写完成
2026-03-01 10:06:21,424 - INFO - 验证码填写完成，点击登录按钮...
2026-03-01 10:06:21,424 - INFO - 查找并点击登录按钮...
2026-03-01 10:06:21,444 - INFO - 通过 ID=login_submit 找到登录按钮
2026-03-01 10:06:24,385 - INFO - 已点击登录按钮
2026-03-01 10:06:31,433 - INFO - 检测到英文验证码错误提示: 'Verification code error \n\t\t\t\t\t\tVerification code error'
2026-03-01 10:06:31,433 - WARNING - 检测到验证码错误提示，将重新加载页面获取新验证码
2026-03-01 10:06:31,433 - INFO - 外层页面重试 3/5
2026-03-01 10:06:36,065 - INFO - 等待登录表单加载...
2026-03-01 10:06:36,072 - INFO - 登录表单已加载
2026-03-01 10:06:36,072 - INFO - 开始填写登录表单...
2026-03-01 10:06:36,142 - INFO - 用户名填写完成
2026-03-01 10:06:36,212 - INFO - 密码填写完成
2026-03-01 10:06:36,212 - INFO - 查找验证码图片...
2026-03-01 10:06:36,227 - INFO - 找到验证码图片，开始截图...
2026-03-01 10:06:36,269 - INFO - 验证码图片截取成功
2026-03-01 10:06:36,270 - INFO - 验证码图片已保存到 /home/runner/work/nju_electric_monitor/nju_electric_monitor/src/../data/captcha_debug.png
2026-03-01 10:06:36,270 - INFO - 验证码图片已保存到 /home/runner/work/nju_electric_monitor/nju_electric_monitor/src/../data/qr_pics_workflow/captcha_outer3.png
2026-03-01 10:06:36,270 - INFO - 验证码识别（同一图片）尝试 1/3，外层 3/5
2026-03-01 10:06:36,270 - INFO - 开始使用 ddddocr 识别验证码...
2026-03-01 10:06:36,281 - INFO - ddddocr 最终验证码识别结果: RJTY
2026-03-01 10:06:36,281 - INFO - 已将验证码图片重命名为: /home/runner/work/nju_electric_monitor/nju_electric_monitor/src/../data/qr_pics_workflow/RJTY.png
2026-03-01 10:06:36,281 - INFO - 查找验证码输入框...
2026-03-01 10:06:36,332 - INFO - 通过 XPath 找到 1 个验证码候选输入框，使用第一个。
2026-03-01 10:06:36,388 - INFO - 验证码填写完成
2026-03-01 10:06:36,388 - INFO - 验证码填写完成，点击登录按钮...
2026-03-01 10:06:36,388 - INFO - 查找并点击登录按钮...
2026-03-01 10:06:36,407 - INFO - 通过 ID=login_submit 找到登录按钮
2026-03-01 10:06:39,310 - INFO - 已点击登录按钮
2026-03-01 10:06:46,357 - INFO - 检测到英文验证码错误提示: 'Verification code error \n\t\t\t\t\t\tVerification code error'
2026-03-01 10:06:46,358 - WARNING - 检测到验证码错误提示，将重新加载页面获取新验证码
2026-03-01 10:06:46,358 - INFO - 外层页面重试 4/5
2026-03-01 10:06:50,972 - INFO - 等待登录表单加载...
2026-03-01 10:06:50,978 - INFO - 登录表单已加载
2026-03-01 10:06:50,979 - INFO - 开始填写登录表单...
2026-03-01 10:06:51,045 - INFO - 用户名填写完成
2026-03-01 10:06:51,109 - INFO - 密码填写完成
2026-03-01 10:06:51,109 - INFO - 查找验证码图片...
2026-03-01 10:06:51,122 - INFO - 找到验证码图片，开始截图...
2026-03-01 10:06:51,168 - INFO - 验证码图片截取成功
2026-03-01 10:06:51,169 - INFO - 验证码图片已保存到 /home/runner/work/nju_electric_monitor/nju_electric_monitor/src/../data/captcha_debug.png
2026-03-01 10:06:51,169 - INFO - 验证码图片已保存到 /home/runner/work/nju_electric_monitor/nju_electric_monitor/src/../data/qr_pics_workflow/captcha_outer4.png
2026-03-01 10:06:51,169 - INFO - 验证码识别（同一图片）尝试 1/3，外层 4/5
2026-03-01 10:06:51,169 - INFO - 开始使用 ddddocr 识别验证码...
2026-03-01 10:06:51,182 - INFO - ddddocr 最终验证码识别结果: ECBR
2026-03-01 10:06:51,184 - INFO - 已将验证码图片重命名为: /home/runner/work/nju_electric_monitor/nju_electric_monitor/src/../data/qr_pics_workflow/ECBR.png
2026-03-01 10:06:51,184 - INFO - 查找验证码输入框...
2026-03-01 10:06:51,232 - INFO - 通过 XPath 找到 1 个验证码候选输入框，使用第一个。
2026-03-01 10:06:51,287 - INFO - 验证码填写完成
2026-03-01 10:06:51,287 - INFO - 验证码填写完成，点击登录按钮...
2026-03-01 10:06:51,287 - INFO - 查找并点击登录按钮...
2026-03-01 10:06:51,306 - INFO - 通过 ID=login_submit 找到登录按钮
2026-03-01 10:06:51,347 - INFO - 已点击登录按钮
2026-03-01 10:06:58,395 - INFO - 检测到英文验证码错误提示: 'Verification code error \n\t\t\t\t\t\tVerification code error'
2026-03-01 10:06:58,395 - WARNING - 检测到验证码错误提示，将重新加载页面获取新验证码
2026-03-01 10:06:58,395 - INFO - 外层页面重试 5/5
2026-03-01 10:07:02,948 - INFO - 等待登录表单加载...
2026-03-01 10:07:02,954 - INFO - 登录表单已加载
2026-03-01 10:07:02,954 - INFO - 开始填写登录表单...
2026-03-01 10:07:03,025 - INFO - 用户名填写完成
2026-03-01 10:07:03,093 - INFO - 密码填写完成
2026-03-01 10:07:03,093 - INFO - 查找验证码图片...
2026-03-01 10:07:03,107 - INFO - 找到验证码图片，开始截图...
2026-03-01 10:07:03,151 - INFO - 验证码图片截取成功
2026-03-01 10:07:03,152 - INFO - 验证码图片已保存到 /home/runner/work/nju_electric_monitor/nju_electric_monitor/src/../data/captcha_debug.png
2026-03-01 10:07:03,152 - INFO - 验证码图片已保存到 /home/runner/work/nju_electric_monitor/nju_electric_monitor/src/../data/qr_pics_workflow/captcha_outer5.png
2026-03-01 10:07:03,152 - INFO - 验证码识别（同一图片）尝试 1/3，外层 5/5
2026-03-01 10:07:03,152 - INFO - 开始使用 ddddocr 识别验证码...
2026-03-01 10:07:03,161 - INFO - ddddocr 最终验证码识别结果: AWS6
2026-03-01 10:07:03,161 - INFO - 已将验证码图片重命名为: /home/runner/work/nju_electric_monitor/nju_electric_monitor/src/../data/qr_pics_workflow/AWS6.png
2026-03-01 10:07:03,161 - INFO - 查找验证码输入框...
2026-03-01 10:07:03,212 - INFO - 通过 XPath 找到 1 个验证码候选输入框，使用第一个。
2026-03-01 10:07:03,267 - INFO - 验证码填写完成
2026-03-01 10:07:03,267 - INFO - 验证码填写完成，点击登录按钮...
2026-03-01 10:07:03,267 - INFO - 查找并点击登录按钮...
2026-03-01 10:07:03,286 - INFO - 通过 ID=login_submit 找到登录按钮
2026-03-01 10:07:06,812 - INFO - 已点击登录按钮
2026-03-01 10:07:13,860 - INFO - 检测到英文验证码错误提示: 'Verification code error \n\t\t\t\t\t\tVerification code error'
2026-03-01 10:07:13,861 - WARNING - 检测到验证码错误提示，将重新加载页面获取新验证码
2026-03-01 10:07:13,861 - ERROR - 自动验证码识别失败，且当前为非交互环境，无法手动输入验证码，本次监控流程失败
2026-03-01 10:07:13,861 - ERROR - 验证码处理或登录过程失败
2026-03-01 18:59:16,899 - INFO - 使用本地ChromeDriver: D:\Documents\Github\nju_electric_monitor\src\..\chromedriver-win64\chromedriver.exe
2026-03-01 18:59:16,949 - INFO - ddddocr 识别器初始化成功
2026-03-01 18:59:16,949 - INFO - 开始南京大学电费监控流程（自动无头模式）
2026-03-01 18:59:16,949 - INFO - 已初始化并清空本地验证码图片目录: D:\Documents\Github\nju_electric_monitor\src\..\data\captcha_auto
2026-03-01 18:59:16,949 - INFO - 已获取登录凭据
2026-03-01 18:59:16,950 - INFO - 正在打开页面: https://epay.nju.edu.cn/epay/h5/nju/electric/index
2026-03-01 18:59:20,402 - INFO - 测试模式已开启，本次页面快照目录: D:\Documents\Github\nju_electric_monitor\src\..\data\test_snapshots_auto\20260301_185920
2026-03-01 18:59:20,922 - INFO - [测试模式] 已保存页面快照: D:\Documents\Github\nju_electric_monitor\src\..\data\test_snapshots_auto\20260301_185920\01_01_login_page_loaded.png
2026-03-01 18:59:20,922 - INFO - 等待登录表单加载...
2026-03-01 18:59:20,949 - INFO - 登录表单已加载
2026-03-01 18:59:21,458 - INFO - [测试模式] 已保存页面快照: D:\Documents\Github\nju_electric_monitor\src\..\data\test_snapshots_auto\20260301_185920\02_02_login_form_ready.png
2026-03-01 18:59:21,458 - INFO - 开始填写登录表单...
2026-03-01 18:59:21,526 - INFO - 用户名填写完成
2026-03-01 18:59:21,571 - INFO - 密码填写完成
2026-03-01 18:59:22,105 - INFO - [测试模式] 已保存页面快照: D:\Documents\Github\nju_electric_monitor\src\..\data\test_snapshots_auto\20260301_185920\03_03_form_filled_initial.png
2026-03-01 18:59:22,105 - INFO - 开始处理验证码（两层嵌套重试）...
2026-03-01 18:59:22,105 - INFO - 外层页面重试 1/4
2026-03-01 18:59:22,105 - INFO - 等待登录表单加载...
2026-03-01 18:59:22,110 - INFO - 登录表单已加载
2026-03-01 18:59:22,110 - INFO - 开始填写登录表单...
2026-03-01 18:59:22,154 - INFO - 用户名填写完成
2026-03-01 18:59:22,199 - INFO - 密码填写完成
2026-03-01 18:59:22,733 - INFO - [测试模式] 已保存页面快照: D:\Documents\Github\nju_electric_monitor\src\..\data\test_snapshots_auto\20260301_185920\04_10_outer1_form_filled.png
2026-03-01 18:59:22,733 - INFO - 查找验证码图片...
2026-03-01 18:59:22,771 - INFO - 找到验证码图片，开始截图...
2026-03-01 18:59:22,829 - INFO - 验证码图片截取成功
2026-03-01 18:59:22,829 - INFO - 验证码图片已保存到 D:\Documents\Github\nju_electric_monitor\src\..\data\captcha_debug.png
2026-03-01 18:59:22,831 - INFO - 验证码图片已保存到 D:\Documents\Github\nju_electric_monitor\src\..\data\captcha_auto\captcha_outer1.png
2026-03-01 18:59:23,366 - INFO - [测试模式] 已保存页面快照: D:\Documents\Github\nju_electric_monitor\src\..\data\test_snapshots_auto\20260301_185920\05_11_outer1_captcha_page.png
2026-03-01 18:59:23,366 - INFO - 验证码识别（同一图片）尝试 1/3，外层 1/4
2026-03-01 18:59:23,366 - INFO - 开始使用 ddddocr 识别验证码...
2026-03-01 18:59:23,375 - INFO - ddddocr 最终验证码识别结果: DDYN
2026-03-01 18:59:23,381 - INFO - 已将验证码图片重命名为: D:\Documents\Github\nju_electric_monitor\src\..\data\captcha_auto\DDYN.png
2026-03-01 18:59:23,384 - INFO - 查找验证码输入框...
2026-03-01 18:59:23,768 - INFO - 通过 XPath 找到 1 个验证码候选输入框，使用第一个。
2026-03-01 18:59:24,034 - INFO - 验证码填写完成
2026-03-01 18:59:24,035 - INFO - 验证码填写完成，点击登录按钮...
2026-03-01 18:59:24,035 - INFO - 查找并点击登录按钮...
2026-03-01 18:59:24,058 - INFO - 通过 ID=login_submit 找到登录按钮
2026-03-01 18:59:25,568 - INFO - 已点击登录按钮
2026-03-01 18:59:32,621 - INFO - [测试模式] 已保存页面快照: D:\Documents\Github\nju_electric_monitor\src\..\data\test_snapshots_auto\20260301_185920\06_12_outer1_inner1_after_login_click.png
2026-03-01 18:59:32,644 - INFO - 未检测到验证码错误提示，验证码可能通过
2026-03-01 18:59:32,644 - INFO - 查找并点击登录按钮...
2026-03-01 18:59:32,659 - ERROR - 未找到登录按钮（ID/XPath/CSS 均未命中）
2026-03-01 18:59:32,659 - ERROR - 点击登录按钮失败
2026-03-01 18:59:32,659 - INFO - 等待登录成功...
2026-03-01 18:59:32,665 - INFO - 检测到已跳转到电费页面: https://epay.nju.edu.cn/epay/h5/nju/electric/index
2026-03-01 18:59:32,728 - INFO - [测试模式] 已保存页面快照: D:\Documents\Github\nju_electric_monitor\src\..\data\test_snapshots_auto\20260301_185920\07_06_login_success_electric_page.png
2026-03-01 18:59:32,728 - INFO - 查找'去充值'按钮...
2026-03-01 18:59:32,745 - INFO - 通过文本包含 '去充值' 找到充值按钮
2026-03-01 18:59:33,235 - INFO - 已点击充值按钮
2026-03-01 18:59:36,236 - INFO - 开始提取剩余电量信息...
2026-03-01 18:59:36,269 - INFO - 找到电量信息元素（已省略具体文本以保护隐私）
2026-03-01 18:59:36,270 - WARNING - 未在元素中找到标准格式的电量信息
2026-03-01 18:59:36,291 - INFO - 找到 i 标签中的电量信息（已省略具体文本）
2026-03-01 18:59:36,291 - WARNING - i标签中未找到标准格式的电量信息
2026-03-01 18:59:36,291 - WARNING - 未找到i标签中的电量信息
2026-03-01 18:59:36,294 - INFO - 在页面源码中查找电量信息...
2026-03-01 18:59:36,295 - INFO - 从页面源码中提取到剩余电量: 30.66 度
2026-03-01 18:59:36,298 - INFO - 数据已保存: 30.66 度
2026-03-01 18:59:36,630 - INFO - 电量变化曲线图已保存到: D:\Documents\Github\nju_electric_monitor\src\..\data\electricity_trend.png
2026-03-01 18:59:36,993 - INFO - 最近20次电量变化曲线图已保存到: D:\Documents\Github\nju_electric_monitor\src\..\data\recent_20_changes.png
2026-03-01 18:59:36,993 - INFO - 监控流程完成
