2026-01-07 02:58:14,406 - INFO - Matplotlib 字体设置：使用回退字体列表，首选可用字体: Noto Sans CJK JP
2026-01-07 02:58:15,835 - INFO - 使用 ChromeDriver: /usr/bin/chromedriver
2026-01-07 02:58:15,836 - WARNING - Using CPU. Note: This module is much faster with a GPU.
2026-01-07 02:58:17,435 - INFO - OCR识别器初始化成功
2026-01-07 02:58:17,435 - INFO - 开始南京大学电费监控流程（自动无头模式）
2026-01-07 02:58:17,435 - INFO - 正在打开页面: https://epay.nju.edu.cn/epay/h5/nju/electric/index
2026-01-07 02:58:27,882 - INFO - 等待登录表单加载...
2026-01-07 02:58:27,891 - INFO - 登录表单已加载
2026-01-07 02:58:27,891 - INFO - 开始填写登录表单...
2026-01-07 02:58:27,951 - INFO - 用户名填写完成
2026-01-07 02:58:28,014 - INFO - 密码填写完成
2026-01-07 02:58:28,014 - INFO - 检查是否有验证码...
2026-01-07 02:58:28,014 - INFO - 查找验证码图片...
2026-01-07 02:58:28,033 - INFO - 找到验证码图片，开始截图...
2026-01-07 02:58:28,084 - INFO - 验证码图片截取成功
2026-01-07 02:58:28,084 - INFO - 开始填写登录表单...
2026-01-07 02:58:28,147 - INFO - 用户名填写完成
2026-01-07 02:58:28,205 - INFO - 密码填写完成
2026-01-07 02:58:28,206 - INFO - 验证码图片已保存到 /home/runner/work/nju_electric_monitor/nju_electric_monitor/src/../data/captcha_debug.png
2026-01-07 02:58:28,206 - INFO - 验证码识别尝试 1/30
2026-01-07 02:58:28,206 - INFO - 开始识别验证码...（easyocr + pytesseract）
2026-01-07 02:58:28,329 - INFO - easyocr 结果: ['b1VQ(0.93)']
2026-01-07 02:58:28,515 - INFO - tesseract 结果: biYQ
2026-01-07 02:58:28,578 - INFO - easyocr alt1 结果: ['b1V0(0.24)']
2026-01-07 02:58:28,674 - INFO - tesseract alt1 结果: bLyQ
2026-01-07 02:58:28,732 - INFO - easyocr alt2 结果: ['b1V0(0.24)']
2026-01-07 02:58:28,834 - INFO - tesseract alt2 结果: bEVOQ
2026-01-07 02:58:28,996 - INFO - easyocr alt3 结果: ['b1VQ(0.25)']
2026-01-07 02:58:29,101 - INFO - tesseract alt3 结果: b1VO
2026-01-07 02:58:29,160 - INFO - easyocr alt4 结果: ['b1V(0.44)']
2026-01-07 02:58:29,259 - INFO - tesseract alt4 结果: bBEVO
2026-01-07 02:58:29,314 - INFO - easyocr alt5 结果: ['b1(0.59)']
2026-01-07 02:58:29,408 - INFO - tesseract alt5 结果: 
2026-01-07 02:58:29,408 - INFO - 最终验证码识别结果: b1VQ (engine=easyocr, prob=0.9345706105232239)
2026-01-07 02:58:29,408 - INFO - 查找验证码输入框...
2026-01-07 02:58:29,466 - INFO - 验证码填写完成
2026-01-07 02:58:29,466 - INFO - 验证码填写完成，点击登录按钮...
2026-01-07 02:58:29,466 - INFO - 查找并点击登录按钮...
2026-01-07 02:58:29,528 - INFO - 已点击登录按钮
2026-01-07 02:58:36,554 - INFO - 开始填写登录表单...
2026-01-07 02:58:36,611 - INFO - 用户名填写完成
2026-01-07 02:58:36,670 - INFO - 密码填写完成
2026-01-07 02:58:36,671 - INFO - 验证码图片已保存到 /home/runner/work/nju_electric_monitor/nju_electric_monitor/src/../data/captcha_debug.png
2026-01-07 02:58:36,671 - INFO - 验证码识别尝试 2/30
2026-01-07 02:58:36,671 - INFO - 开始识别验证码...（easyocr + pytesseract）
2026-01-07 02:58:36,767 - INFO - easyocr 结果: ['b1VQ(0.93)']
2026-01-07 02:58:36,863 - INFO - tesseract 结果: biYQ
2026-01-07 02:58:36,923 - INFO - easyocr alt1 结果: ['b1V0(0.24)']
2026-01-07 02:58:37,021 - INFO - tesseract alt1 结果: bLyQ
2026-01-07 02:58:37,080 - INFO - easyocr alt2 结果: ['b1V0(0.24)']
2026-01-07 02:58:37,172 - INFO - tesseract alt2 结果: bEVOQ
2026-01-07 02:58:37,326 - INFO - easyocr alt3 结果: ['b1VQ(0.25)']
2026-01-07 02:58:37,430 - INFO - tesseract alt3 结果: b1VO
2026-01-07 02:58:37,489 - INFO - easyocr alt4 结果: ['b1V(0.44)']
2026-01-07 02:58:37,589 - INFO - tesseract alt4 结果: bBEVO
2026-01-07 02:58:37,643 - INFO - easyocr alt5 结果: ['b1(0.59)']
2026-01-07 02:58:37,733 - INFO - tesseract alt5 结果: 
2026-01-07 02:58:37,733 - INFO - 最终验证码识别结果: b1VQ (engine=easyocr, prob=0.9345706105232239)
2026-01-07 02:58:37,734 - INFO - 查找验证码输入框...
2026-01-07 02:58:37,788 - INFO - 验证码填写完成
2026-01-07 02:58:37,788 - INFO - 验证码填写完成，点击登录按钮...
2026-01-07 02:58:37,788 - INFO - 查找并点击登录按钮...
2026-01-07 02:58:37,841 - INFO - 已点击登录按钮
2026-01-07 02:58:44,860 - INFO - 开始填写登录表单...
2026-01-07 02:58:44,919 - INFO - 用户名填写完成
2026-01-07 02:58:44,975 - INFO - 密码填写完成
2026-01-07 02:58:44,976 - INFO - 验证码图片已保存到 /home/runner/work/nju_electric_monitor/nju_electric_monitor/src/../data/captcha_debug.png
2026-01-07 02:58:44,976 - INFO - 验证码识别尝试 3/30
2026-01-07 02:58:44,976 - INFO - 开始识别验证码...（easyocr + pytesseract）
2026-01-07 02:58:45,085 - INFO - easyocr 结果: ['b1VQ(0.93)']
2026-01-07 02:58:45,176 - INFO - tesseract 结果: biYQ
2026-01-07 02:58:45,236 - INFO - easyocr alt1 结果: ['b1V0(0.24)']
2026-01-07 02:58:45,337 - INFO - tesseract alt1 结果: bLyQ
2026-01-07 02:58:45,396 - INFO - easyocr alt2 结果: ['b1V0(0.24)']
2026-01-07 02:58:45,493 - INFO - tesseract alt2 结果: bEVOQ
2026-01-07 02:58:45,648 - INFO - easyocr alt3 结果: ['b1VQ(0.25)']
2026-01-07 02:58:45,753 - INFO - tesseract alt3 结果: b1VO
2026-01-07 02:58:45,814 - INFO - easyocr alt4 结果: ['b1V(0.44)']
2026-01-07 02:58:45,911 - INFO - tesseract alt4 结果: bBEVO
2026-01-07 02:58:45,965 - INFO - easyocr alt5 结果: ['b1(0.59)']
2026-01-07 02:58:46,056 - INFO - tesseract alt5 结果: 
2026-01-07 02:58:46,056 - INFO - 最终验证码识别结果: b1VQ (engine=easyocr, prob=0.9345706105232239)
2026-01-07 02:58:46,056 - INFO - 查找验证码输入框...
2026-01-07 02:58:46,109 - INFO - 验证码填写完成
2026-01-07 02:58:46,109 - INFO - 验证码填写完成，点击登录按钮...
2026-01-07 02:58:46,109 - INFO - 查找并点击登录按钮...
2026-01-07 02:58:46,459 - INFO - 已点击登录按钮
2026-01-07 02:58:53,478 - INFO - 开始填写登录表单...
2026-01-07 02:58:53,536 - INFO - 用户名填写完成
2026-01-07 02:58:53,593 - INFO - 密码填写完成
2026-01-07 02:58:53,593 - INFO - 验证码图片已保存到 /home/runner/work/nju_electric_monitor/nju_electric_monitor/src/../data/captcha_debug.png
2026-01-07 02:58:53,593 - INFO - 验证码识别尝试 4/30
2026-01-07 02:58:53,593 - INFO - 开始识别验证码...（easyocr + pytesseract）
2026-01-07 02:58:53,689 - INFO - easyocr 结果: ['b1VQ(0.93)']
2026-01-07 02:58:53,784 - INFO - tesseract 结果: biYQ
2026-01-07 02:58:53,845 - INFO - easyocr alt1 结果: ['b1V0(0.24)']
2026-01-07 02:58:53,943 - INFO - tesseract alt1 结果: bLyQ
2026-01-07 02:58:54,002 - INFO - easyocr alt2 结果: ['b1V0(0.24)']
2026-01-07 02:58:54,102 - INFO - tesseract alt2 结果: bEVOQ
2026-01-07 02:58:54,255 - INFO - easyocr alt3 结果: ['b1VQ(0.25)']
2026-01-07 02:58:54,359 - INFO - tesseract alt3 结果: b1VO
2026-01-07 02:58:54,423 - INFO - easyocr alt4 结果: ['b1V(0.44)']
2026-01-07 02:58:54,518 - INFO - tesseract alt4 结果: bBEVO
2026-01-07 02:58:54,572 - INFO - easyocr alt5 结果: ['b1(0.59)']
2026-01-07 02:58:54,662 - INFO - tesseract alt5 结果: 
2026-01-07 02:58:54,662 - INFO - 最终验证码识别结果: b1VQ (engine=easyocr, prob=0.9345706105232239)
2026-01-07 02:58:54,663 - INFO - 查找验证码输入框...
2026-01-07 02:58:54,716 - INFO - 验证码填写完成
2026-01-07 02:58:54,716 - INFO - 验证码填写完成，点击登录按钮...
2026-01-07 02:58:54,716 - INFO - 查找并点击登录按钮...
2026-01-07 02:58:54,770 - INFO - 已点击登录按钮
2026-01-07 02:59:01,790 - INFO - 开始填写登录表单...
2026-01-07 02:59:01,847 - INFO - 用户名填写完成
2026-01-07 02:59:01,903 - INFO - 密码填写完成
2026-01-07 02:59:01,903 - INFO - 验证码图片已保存到 /home/runner/work/nju_electric_monitor/nju_electric_monitor/src/../data/captcha_debug.png
2026-01-07 02:59:01,903 - INFO - 验证码识别尝试 5/30
2026-01-07 02:59:01,903 - INFO - 开始识别验证码...（easyocr + pytesseract）
2026-01-07 02:59:01,999 - INFO - easyocr 结果: ['b1VQ(0.93)']
2026-01-07 02:59:02,096 - INFO - tesseract 结果: biYQ
2026-01-07 02:59:02,156 - INFO - easyocr alt1 结果: ['b1V0(0.24)']
2026-01-07 02:59:02,252 - INFO - tesseract alt1 结果: bLyQ
2026-01-07 02:59:02,311 - INFO - easyocr alt2 结果: ['b1V0(0.24)']
2026-01-07 02:59:02,405 - INFO - tesseract alt2 结果: bEVOQ
2026-01-07 02:59:02,558 - INFO - easyocr alt3 结果: ['b1VQ(0.25)']
2026-01-07 02:59:02,664 - INFO - tesseract alt3 结果: b1VO
2026-01-07 02:59:02,722 - INFO - easyocr alt4 结果: ['b1V(0.44)']
2026-01-07 02:59:02,823 - INFO - tesseract alt4 结果: bBEVO
2026-01-07 02:59:02,877 - INFO - easyocr alt5 结果: ['b1(0.59)']
2026-01-07 02:59:02,965 - INFO - tesseract alt5 结果: 
2026-01-07 02:59:02,965 - INFO - 最终验证码识别结果: b1VQ (engine=easyocr, prob=0.9345706105232239)
2026-01-07 02:59:02,966 - INFO - 查找验证码输入框...
2026-01-07 02:59:03,019 - INFO - 验证码填写完成
2026-01-07 02:59:03,019 - INFO - 验证码填写完成，点击登录按钮...
2026-01-07 02:59:03,019 - INFO - 查找并点击登录按钮...
2026-01-07 02:59:03,073 - INFO - 已点击登录按钮
2026-01-07 02:59:10,092 - INFO - 开始填写登录表单...
2026-01-07 02:59:10,150 - INFO - 用户名填写完成
2026-01-07 02:59:10,206 - INFO - 密码填写完成
2026-01-07 02:59:10,207 - INFO - 验证码图片已保存到 /home/runner/work/nju_electric_monitor/nju_electric_monitor/src/../data/captcha_debug.png
2026-01-07 02:59:10,207 - INFO - 验证码识别尝试 6/30
2026-01-07 02:59:10,207 - INFO - 开始识别验证码...（easyocr + pytesseract）
2026-01-07 02:59:10,320 - INFO - easyocr 结果: ['b1VQ(0.93)']
2026-01-07 02:59:10,413 - INFO - tesseract 结果: biYQ
2026-01-07 02:59:10,473 - INFO - easyocr alt1 结果: ['b1V0(0.24)']
2026-01-07 02:59:10,571 - INFO - tesseract alt1 结果: bLyQ
2026-01-07 02:59:10,630 - INFO - easyocr alt2 结果: ['b1V0(0.24)']
2026-01-07 02:59:10,725 - INFO - tesseract alt2 结果: bEVOQ
2026-01-07 02:59:10,878 - INFO - easyocr alt3 结果: ['b1VQ(0.25)']
2026-01-07 02:59:10,984 - INFO - tesseract alt3 结果: b1VO
2026-01-07 02:59:11,042 - INFO - easyocr alt4 结果: ['b1V(0.44)']
2026-01-07 02:59:11,142 - INFO - tesseract alt4 结果: bBEVO
2026-01-07 02:59:11,195 - INFO - easyocr alt5 结果: ['b1(0.59)']
2026-01-07 02:59:11,289 - INFO - tesseract alt5 结果: 
2026-01-07 02:59:11,289 - INFO - 最终验证码识别结果: b1VQ (engine=easyocr, prob=0.9345706105232239)
2026-01-07 02:59:11,289 - INFO - 查找验证码输入框...
2026-01-07 02:59:11,342 - INFO - 验证码填写完成
2026-01-07 02:59:11,342 - INFO - 验证码填写完成，点击登录按钮...
2026-01-07 02:59:11,342 - INFO - 查找并点击登录按钮...
2026-01-07 02:59:11,710 - INFO - 已点击登录按钮
2026-01-07 02:59:18,729 - INFO - 开始填写登录表单...
2026-01-07 02:59:18,787 - INFO - 用户名填写完成
2026-01-07 02:59:18,842 - INFO - 密码填写完成
2026-01-07 02:59:18,843 - INFO - 验证码图片已保存到 /home/runner/work/nju_electric_monitor/nju_electric_monitor/src/../data/captcha_debug.png
2026-01-07 02:59:18,843 - INFO - 验证码识别尝试 7/30
2026-01-07 02:59:18,843 - INFO - 开始识别验证码...（easyocr + pytesseract）
2026-01-07 02:59:18,939 - INFO - easyocr 结果: ['b1VQ(0.93)']
2026-01-07 02:59:19,031 - INFO - tesseract 结果: biYQ
2026-01-07 02:59:19,090 - INFO - easyocr alt1 结果: ['b1V0(0.24)']
2026-01-07 02:59:19,188 - INFO - tesseract alt1 结果: bLyQ
2026-01-07 02:59:19,247 - INFO - easyocr alt2 结果: ['b1V0(0.24)']
2026-01-07 02:59:19,343 - INFO - tesseract alt2 结果: bEVOQ
2026-01-07 02:59:19,495 - INFO - easyocr alt3 结果: ['b1VQ(0.25)']
2026-01-07 02:59:19,604 - INFO - tesseract alt3 结果: b1VO
2026-01-07 02:59:19,662 - INFO - easyocr alt4 结果: ['b1V(0.44)']
2026-01-07 02:59:19,760 - INFO - tesseract alt4 结果: bBEVO
2026-01-07 02:59:19,814 - INFO - easyocr alt5 结果: ['b1(0.59)']
2026-01-07 02:59:19,903 - INFO - tesseract alt5 结果: 
2026-01-07 02:59:19,903 - INFO - 最终验证码识别结果: b1VQ (engine=easyocr, prob=0.9345706105232239)
2026-01-07 02:59:19,903 - INFO - 查找验证码输入框...
2026-01-07 02:59:19,956 - INFO - 验证码填写完成
2026-01-07 02:59:19,956 - INFO - 验证码填写完成，点击登录按钮...
2026-01-07 02:59:19,957 - INFO - 查找并点击登录按钮...
2026-01-07 02:59:20,009 - INFO - 已点击登录按钮
2026-01-07 02:59:27,029 - INFO - 开始填写登录表单...
2026-01-07 02:59:27,089 - INFO - 用户名填写完成
2026-01-07 02:59:27,146 - INFO - 密码填写完成
2026-01-07 02:59:27,147 - INFO - 验证码图片已保存到 /home/runner/work/nju_electric_monitor/nju_electric_monitor/src/../data/captcha_debug.png
2026-01-07 02:59:27,147 - INFO - 验证码识别尝试 8/30
2026-01-07 02:59:27,147 - INFO - 开始识别验证码...（easyocr + pytesseract）
2026-01-07 02:59:27,268 - INFO - easyocr 结果: ['b1VQ(0.93)']
2026-01-07 02:59:27,362 - INFO - tesseract 结果: biYQ
2026-01-07 02:59:27,421 - INFO - easyocr alt1 结果: ['b1V0(0.24)']
2026-01-07 02:59:27,519 - INFO - tesseract alt1 结果: bLyQ
2026-01-07 02:59:27,577 - INFO - easyocr alt2 结果: ['b1V0(0.24)']
2026-01-07 02:59:27,674 - INFO - tesseract alt2 结果: bEVOQ
2026-01-07 02:59:27,826 - INFO - easyocr alt3 结果: ['b1VQ(0.25)']
2026-01-07 02:59:27,933 - INFO - tesseract alt3 结果: b1VO
2026-01-07 02:59:27,991 - INFO - easyocr alt4 结果: ['b1V(0.44)']
2026-01-07 02:59:28,088 - INFO - tesseract alt4 结果: bBEVO
2026-01-07 02:59:28,143 - INFO - easyocr alt5 结果: ['b1(0.59)']
2026-01-07 02:59:28,233 - INFO - tesseract alt5 结果: 
2026-01-07 02:59:28,233 - INFO - 最终验证码识别结果: b1VQ (engine=easyocr, prob=0.9345706105232239)
2026-01-07 02:59:28,233 - INFO - 查找验证码输入框...
2026-01-07 02:59:28,287 - INFO - 验证码填写完成
2026-01-07 02:59:28,287 - INFO - 验证码填写完成，点击登录按钮...
2026-01-07 02:59:28,287 - INFO - 查找并点击登录按钮...
2026-01-07 02:59:28,341 - INFO - 已点击登录按钮
2026-01-07 02:59:35,361 - INFO - 开始填写登录表单...
2026-01-07 02:59:35,418 - INFO - 用户名填写完成
2026-01-07 02:59:35,475 - INFO - 密码填写完成
2026-01-07 02:59:35,476 - INFO - 验证码图片已保存到 /home/runner/work/nju_electric_monitor/nju_electric_monitor/src/../data/captcha_debug.png
2026-01-07 02:59:35,476 - INFO - 验证码识别尝试 9/30
2026-01-07 02:59:35,476 - INFO - 开始识别验证码...（easyocr + pytesseract）
2026-01-07 02:59:35,570 - INFO - easyocr 结果: ['b1VQ(0.93)']
2026-01-07 02:59:35,665 - INFO - tesseract 结果: biYQ
2026-01-07 02:59:35,723 - INFO - easyocr alt1 结果: ['b1V0(0.24)']
2026-01-07 02:59:35,819 - INFO - tesseract alt1 结果: bLyQ
2026-01-07 02:59:35,877 - INFO - easyocr alt2 结果: ['b1V0(0.24)']
2026-01-07 02:59:35,973 - INFO - tesseract alt2 结果: bEVOQ
2026-01-07 02:59:36,126 - INFO - easyocr alt3 结果: ['b1VQ(0.25)']
2026-01-07 02:59:36,232 - INFO - tesseract alt3 结果: b1VO
2026-01-07 02:59:36,290 - INFO - easyocr alt4 结果: ['b1V(0.44)']
2026-01-07 02:59:36,390 - INFO - tesseract alt4 结果: bBEVO
2026-01-07 02:59:36,443 - INFO - easyocr alt5 结果: ['b1(0.59)']
2026-01-07 02:59:36,532 - INFO - tesseract alt5 结果: 
2026-01-07 02:59:36,532 - INFO - 最终验证码识别结果: b1VQ (engine=easyocr, prob=0.9345706105232239)
2026-01-07 02:59:36,532 - INFO - 查找验证码输入框...
2026-01-07 02:59:36,586 - INFO - 验证码填写完成
2026-01-07 02:59:36,586 - INFO - 验证码填写完成，点击登录按钮...
2026-01-07 02:59:36,586 - INFO - 查找并点击登录按钮...
2026-01-07 02:59:36,640 - INFO - 已点击登录按钮
2026-01-07 02:59:43,660 - INFO - 开始填写登录表单...
2026-01-07 02:59:43,719 - INFO - 用户名填写完成
2026-01-07 02:59:43,775 - INFO - 密码填写完成
2026-01-07 02:59:43,776 - INFO - 验证码图片已保存到 /home/runner/work/nju_electric_monitor/nju_electric_monitor/src/../data/captcha_debug.png
2026-01-07 02:59:43,776 - INFO - 验证码识别尝试 10/30
2026-01-07 02:59:43,776 - INFO - 开始识别验证码...（easyocr + pytesseract）
2026-01-07 02:59:43,884 - INFO - easyocr 结果: ['b1VQ(0.93)']
2026-01-07 02:59:43,978 - INFO - tesseract 结果: biYQ
2026-01-07 02:59:44,037 - INFO - easyocr alt1 结果: ['b1V0(0.24)']
2026-01-07 02:59:44,139 - INFO - tesseract alt1 结果: bLyQ
2026-01-07 02:59:44,204 - INFO - easyocr alt2 结果: ['b1V0(0.24)']
2026-01-07 02:59:44,303 - INFO - tesseract alt2 结果: bEVOQ
2026-01-07 02:59:44,466 - INFO - easyocr alt3 结果: ['b1VQ(0.25)']
2026-01-07 02:59:44,570 - INFO - tesseract alt3 结果: b1VO
2026-01-07 02:59:44,634 - INFO - easyocr alt4 结果: ['b1V(0.44)']
2026-01-07 02:59:44,732 - INFO - tesseract alt4 结果: bBEVO
2026-01-07 02:59:44,786 - INFO - easyocr alt5 结果: ['b1(0.59)']
2026-01-07 02:59:44,876 - INFO - tesseract alt5 结果: 
2026-01-07 02:59:44,876 - INFO - 最终验证码识别结果: b1VQ (engine=easyocr, prob=0.9345706105232239)
2026-01-07 02:59:44,876 - INFO - 查找验证码输入框...
2026-01-07 02:59:44,931 - INFO - 验证码填写完成
2026-01-07 02:59:44,931 - INFO - 验证码填写完成，点击登录按钮...
2026-01-07 02:59:44,931 - INFO - 查找并点击登录按钮...
2026-01-07 02:59:44,985 - INFO - 已点击登录按钮
2026-01-07 02:59:52,004 - INFO - 开始填写登录表单...
2026-01-07 02:59:52,067 - INFO - 用户名填写完成
2026-01-07 02:59:52,122 - INFO - 密码填写完成
2026-01-07 02:59:52,123 - INFO - 验证码图片已保存到 /home/runner/work/nju_electric_monitor/nju_electric_monitor/src/../data/captcha_debug.png
2026-01-07 02:59:52,123 - INFO - 验证码识别尝试 11/30
2026-01-07 02:59:52,123 - INFO - 开始识别验证码...（easyocr + pytesseract）
2026-01-07 02:59:52,221 - INFO - easyocr 结果: ['b1VQ(0.93)']
2026-01-07 02:59:52,319 - INFO - tesseract 结果: biYQ
2026-01-07 02:59:52,378 - INFO - easyocr alt1 结果: ['b1V0(0.24)']
2026-01-07 02:59:52,476 - INFO - tesseract alt1 结果: bLyQ
2026-01-07 02:59:52,535 - INFO - easyocr alt2 结果: ['b1V0(0.24)']
2026-01-07 02:59:52,636 - INFO - tesseract alt2 结果: bEVOQ
2026-01-07 02:59:52,789 - INFO - easyocr alt3 结果: ['b1VQ(0.25)']
2026-01-07 02:59:52,894 - INFO - tesseract alt3 结果: b1VO
2026-01-07 02:59:52,952 - INFO - easyocr alt4 结果: ['b1V(0.44)']
2026-01-07 02:59:53,048 - INFO - tesseract alt4 结果: bBEVO
2026-01-07 02:59:53,101 - INFO - easyocr alt5 结果: ['b1(0.59)']
2026-01-07 02:59:53,193 - INFO - tesseract alt5 结果: 
2026-01-07 02:59:53,193 - INFO - 最终验证码识别结果: b1VQ (engine=easyocr, prob=0.9345706105232239)
2026-01-07 02:59:53,193 - INFO - 查找验证码输入框...
2026-01-07 02:59:53,247 - INFO - 验证码填写完成
2026-01-07 02:59:53,248 - INFO - 验证码填写完成，点击登录按钮...
2026-01-07 02:59:53,248 - INFO - 查找并点击登录按钮...
2026-01-07 02:59:53,302 - INFO - 已点击登录按钮
2026-01-07 03:00:00,321 - INFO - 开始填写登录表单...
2026-01-07 03:00:00,382 - INFO - 用户名填写完成
2026-01-07 03:00:00,439 - INFO - 密码填写完成
2026-01-07 03:00:00,440 - INFO - 验证码图片已保存到 /home/runner/work/nju_electric_monitor/nju_electric_monitor/src/../data/captcha_debug.png
2026-01-07 03:00:00,440 - INFO - 验证码识别尝试 12/30
2026-01-07 03:00:00,440 - INFO - 开始识别验证码...（easyocr + pytesseract）
2026-01-07 03:00:00,535 - INFO - easyocr 结果: ['b1VQ(0.93)']
2026-01-07 03:00:00,628 - INFO - tesseract 结果: biYQ
2026-01-07 03:00:00,687 - INFO - easyocr alt1 结果: ['b1V0(0.24)']
2026-01-07 03:00:00,788 - INFO - tesseract alt1 结果: bLyQ
2026-01-07 03:00:00,846 - INFO - easyocr alt2 结果: ['b1V0(0.24)']
2026-01-07 03:00:00,947 - INFO - tesseract alt2 结果: bEVOQ
2026-01-07 03:00:01,100 - INFO - easyocr alt3 结果: ['b1VQ(0.25)']
2026-01-07 03:00:01,206 - INFO - tesseract alt3 结果: b1VO
2026-01-07 03:00:01,264 - INFO - easyocr alt4 结果: ['b1V(0.44)']
2026-01-07 03:00:01,368 - INFO - tesseract alt4 结果: bBEVO
2026-01-07 03:00:01,421 - INFO - easyocr alt5 结果: ['b1(0.59)']
2026-01-07 03:00:01,513 - INFO - tesseract alt5 结果: 
2026-01-07 03:00:01,513 - INFO - 最终验证码识别结果: b1VQ (engine=easyocr, prob=0.9345706105232239)
2026-01-07 03:00:01,513 - INFO - 查找验证码输入框...
2026-01-07 03:00:01,570 - INFO - 验证码填写完成
2026-01-07 03:00:01,570 - INFO - 验证码填写完成，点击登录按钮...
2026-01-07 03:00:01,570 - INFO - 查找并点击登录按钮...
2026-01-07 03:00:01,922 - INFO - 已点击登录按钮
2026-01-07 03:00:08,942 - INFO - 开始填写登录表单...
2026-01-07 03:00:09,002 - INFO - 用户名填写完成
2026-01-07 03:00:09,060 - INFO - 密码填写完成
2026-01-07 03:00:09,060 - INFO - 验证码图片已保存到 /home/runner/work/nju_electric_monitor/nju_electric_monitor/src/../data/captcha_debug.png
2026-01-07 03:00:09,061 - INFO - 验证码识别尝试 13/30
2026-01-07 03:00:09,061 - INFO - 开始识别验证码...（easyocr + pytesseract）
2026-01-07 03:00:09,157 - INFO - easyocr 结果: ['b1VQ(0.93)']
2026-01-07 03:00:09,253 - INFO - tesseract 结果: biYQ
2026-01-07 03:00:09,312 - INFO - easyocr alt1 结果: ['b1V0(0.24)']
2026-01-07 03:00:09,408 - INFO - tesseract alt1 结果: bLyQ
2026-01-07 03:00:09,467 - INFO - easyocr alt2 结果: ['b1V0(0.24)']
2026-01-07 03:00:09,562 - INFO - tesseract alt2 结果: bEVOQ
2026-01-07 03:00:09,715 - INFO - easyocr alt3 结果: ['b1VQ(0.25)']
2026-01-07 03:00:09,819 - INFO - tesseract alt3 结果: b1VO
2026-01-07 03:00:09,885 - INFO - easyocr alt4 结果: ['b1V(0.44)']
2026-01-07 03:00:09,986 - INFO - tesseract alt4 结果: bBEVO
2026-01-07 03:00:10,039 - INFO - easyocr alt5 结果: ['b1(0.59)']
2026-01-07 03:00:10,133 - INFO - tesseract alt5 结果: 
2026-01-07 03:00:10,133 - INFO - 最终验证码识别结果: b1VQ (engine=easyocr, prob=0.9345706105232239)
2026-01-07 03:00:10,133 - INFO - 查找验证码输入框...
2026-01-07 03:00:10,189 - INFO - 验证码填写完成
2026-01-07 03:00:10,189 - INFO - 验证码填写完成，点击登录按钮...
2026-01-07 03:00:10,189 - INFO - 查找并点击登录按钮...
2026-01-07 03:00:10,543 - INFO - 已点击登录按钮
2026-01-07 03:00:17,563 - INFO - 开始填写登录表单...
2026-01-07 03:00:17,624 - INFO - 用户名填写完成
2026-01-07 03:00:17,682 - INFO - 密码填写完成
2026-01-07 03:00:17,683 - INFO - 验证码图片已保存到 /home/runner/work/nju_electric_monitor/nju_electric_monitor/src/../data/captcha_debug.png
2026-01-07 03:00:17,683 - INFO - 验证码识别尝试 14/30
2026-01-07 03:00:17,683 - INFO - 开始识别验证码...（easyocr + pytesseract）
2026-01-07 03:00:17,788 - INFO - easyocr 结果: ['b1VQ(0.93)']
2026-01-07 03:00:17,883 - INFO - tesseract 结果: biYQ
2026-01-07 03:00:17,943 - INFO - easyocr alt1 结果: ['b1V0(0.24)']
2026-01-07 03:00:18,040 - INFO - tesseract alt1 结果: bLyQ
2026-01-07 03:00:18,098 - INFO - easyocr alt2 结果: ['b1V0(0.24)']
2026-01-07 03:00:18,195 - INFO - tesseract alt2 结果: bEVOQ
2026-01-07 03:00:18,348 - INFO - easyocr alt3 结果: ['b1VQ(0.25)']
2026-01-07 03:00:18,453 - INFO - tesseract alt3 结果: b1VO
2026-01-07 03:00:18,512 - INFO - easyocr alt4 结果: ['b1V(0.44)']
2026-01-07 03:00:18,610 - INFO - tesseract alt4 结果: bBEVO
2026-01-07 03:00:18,663 - INFO - easyocr alt5 结果: ['b1(0.59)']
2026-01-07 03:00:18,755 - INFO - tesseract alt5 结果: 
2026-01-07 03:00:18,755 - INFO - 最终验证码识别结果: b1VQ (engine=easyocr, prob=0.9345706105232239)
2026-01-07 03:00:18,755 - INFO - 查找验证码输入框...
2026-01-07 03:00:18,812 - INFO - 验证码填写完成
2026-01-07 03:00:18,812 - INFO - 验证码填写完成，点击登录按钮...
2026-01-07 03:00:18,812 - INFO - 查找并点击登录按钮...
2026-01-07 03:00:18,867 - INFO - 已点击登录按钮
2026-01-07 03:00:25,887 - INFO - 开始填写登录表单...
2026-01-07 03:00:25,945 - INFO - 用户名填写完成
2026-01-07 03:00:26,003 - INFO - 密码填写完成
2026-01-07 03:00:26,004 - INFO - 验证码图片已保存到 /home/runner/work/nju_electric_monitor/nju_electric_monitor/src/../data/captcha_debug.png
2026-01-07 03:00:26,004 - INFO - 验证码识别尝试 15/30
2026-01-07 03:00:26,004 - INFO - 开始识别验证码...（easyocr + pytesseract）
2026-01-07 03:00:26,099 - INFO - easyocr 结果: ['b1VQ(0.93)']
2026-01-07 03:00:26,193 - INFO - tesseract 结果: biYQ
2026-01-07 03:00:26,252 - INFO - easyocr alt1 结果: ['b1V0(0.24)']
2026-01-07 03:00:26,353 - INFO - tesseract alt1 结果: bLyQ
2026-01-07 03:00:26,412 - INFO - easyocr alt2 结果: ['b1V0(0.24)']
2026-01-07 03:00:26,508 - INFO - tesseract alt2 结果: bEVOQ
2026-01-07 03:00:26,661 - INFO - easyocr alt3 结果: ['b1VQ(0.25)']
2026-01-07 03:00:26,768 - INFO - tesseract alt3 结果: b1VO
2026-01-07 03:00:26,826 - INFO - easyocr alt4 结果: ['b1V(0.44)']
2026-01-07 03:00:26,926 - INFO - tesseract alt4 结果: bBEVO
2026-01-07 03:00:26,979 - INFO - easyocr alt5 结果: ['b1(0.59)']
2026-01-07 03:00:27,068 - INFO - tesseract alt5 结果: 
2026-01-07 03:00:27,068 - INFO - 最终验证码识别结果: b1VQ (engine=easyocr, prob=0.9345706105232239)
2026-01-07 03:00:27,068 - INFO - 查找验证码输入框...
2026-01-07 03:00:27,125 - INFO - 验证码填写完成
2026-01-07 03:00:27,125 - INFO - 验证码填写完成，点击登录按钮...
2026-01-07 03:00:27,125 - INFO - 查找并点击登录按钮...
2026-01-07 03:00:27,493 - INFO - 已点击登录按钮
2026-01-07 03:00:34,512 - INFO - 开始填写登录表单...
2026-01-07 03:00:34,570 - INFO - 用户名填写完成
2026-01-07 03:00:34,627 - INFO - 密码填写完成
2026-01-07 03:00:34,627 - INFO - 验证码图片已保存到 /home/runner/work/nju_electric_monitor/nju_electric_monitor/src/../data/captcha_debug.png
2026-01-07 03:00:34,627 - INFO - 验证码识别尝试 16/30
2026-01-07 03:00:34,627 - INFO - 开始识别验证码...（easyocr + pytesseract）
2026-01-07 03:00:34,724 - INFO - easyocr 结果: ['b1VQ(0.93)']
2026-01-07 03:00:34,818 - INFO - tesseract 结果: biYQ
2026-01-07 03:00:34,884 - INFO - easyocr alt1 结果: ['b1V0(0.24)']
2026-01-07 03:00:34,985 - INFO - tesseract alt1 结果: bLyQ
2026-01-07 03:00:35,043 - INFO - easyocr alt2 结果: ['b1V0(0.24)']
2026-01-07 03:00:35,138 - INFO - tesseract alt2 结果: bEVOQ
2026-01-07 03:00:35,291 - INFO - easyocr alt3 结果: ['b1VQ(0.25)']
2026-01-07 03:00:35,395 - INFO - tesseract alt3 结果: b1VO
2026-01-07 03:00:35,461 - INFO - easyocr alt4 结果: ['b1V(0.44)']
2026-01-07 03:00:35,563 - INFO - tesseract alt4 结果: bBEVO
2026-01-07 03:00:35,616 - INFO - easyocr alt5 结果: ['b1(0.59)']
2026-01-07 03:00:35,712 - INFO - tesseract alt5 结果: 
2026-01-07 03:00:35,712 - INFO - 最终验证码识别结果: b1VQ (engine=easyocr, prob=0.9345706105232239)
2026-01-07 03:00:35,712 - INFO - 查找验证码输入框...
2026-01-07 03:00:35,766 - INFO - 验证码填写完成
2026-01-07 03:00:35,766 - INFO - 验证码填写完成，点击登录按钮...
2026-01-07 03:00:35,766 - INFO - 查找并点击登录按钮...
2026-01-07 03:00:35,820 - INFO - 已点击登录按钮
2026-01-07 03:00:42,839 - INFO - 开始填写登录表单...
2026-01-07 03:00:42,897 - INFO - 用户名填写完成
2026-01-07 03:00:42,952 - INFO - 密码填写完成
2026-01-07 03:00:42,952 - INFO - 验证码图片已保存到 /home/runner/work/nju_electric_monitor/nju_electric_monitor/src/../data/captcha_debug.png
2026-01-07 03:00:42,952 - INFO - 验证码识别尝试 17/30
2026-01-07 03:00:42,952 - INFO - 开始识别验证码...（easyocr + pytesseract）
2026-01-07 03:00:43,048 - INFO - easyocr 结果: ['b1VQ(0.93)']
2026-01-07 03:00:43,144 - INFO - tesseract 结果: biYQ
2026-01-07 03:00:43,203 - INFO - easyocr alt1 结果: ['b1V0(0.24)']
2026-01-07 03:00:43,303 - INFO - tesseract alt1 结果: bLyQ
2026-01-07 03:00:43,362 - INFO - easyocr alt2 结果: ['b1V0(0.24)']
2026-01-07 03:00:43,457 - INFO - tesseract alt2 结果: bEVOQ
2026-01-07 03:00:43,609 - INFO - easyocr alt3 结果: ['b1VQ(0.25)']
2026-01-07 03:00:43,719 - INFO - tesseract alt3 结果: b1VO
2026-01-07 03:00:43,778 - INFO - easyocr alt4 结果: ['b1V(0.44)']
2026-01-07 03:00:43,877 - INFO - tesseract alt4 结果: bBEVO
2026-01-07 03:00:43,930 - INFO - easyocr alt5 结果: ['b1(0.59)']
2026-01-07 03:00:44,019 - INFO - tesseract alt5 结果: 
2026-01-07 03:00:44,020 - INFO - 最终验证码识别结果: b1VQ (engine=easyocr, prob=0.9345706105232239)
2026-01-07 03:00:44,020 - INFO - 查找验证码输入框...
2026-01-07 03:00:44,073 - INFO - 验证码填写完成
2026-01-07 03:00:44,073 - INFO - 验证码填写完成，点击登录按钮...
2026-01-07 03:00:44,073 - INFO - 查找并点击登录按钮...
2026-01-07 03:00:44,438 - INFO - 已点击登录按钮
2026-01-07 03:00:51,457 - INFO - 开始填写登录表单...
2026-01-07 03:00:51,515 - INFO - 用户名填写完成
2026-01-07 03:00:51,570 - INFO - 密码填写完成
2026-01-07 03:00:51,570 - INFO - 验证码图片已保存到 /home/runner/work/nju_electric_monitor/nju_electric_monitor/src/../data/captcha_debug.png
2026-01-07 03:00:51,570 - INFO - 验证码识别尝试 18/30
2026-01-07 03:00:51,570 - INFO - 开始识别验证码...（easyocr + pytesseract）
2026-01-07 03:00:51,667 - INFO - easyocr 结果: ['b1VQ(0.93)']
2026-01-07 03:00:51,761 - INFO - tesseract 结果: biYQ
2026-01-07 03:00:51,821 - INFO - easyocr alt1 结果: ['b1V0(0.24)']
2026-01-07 03:00:51,919 - INFO - tesseract alt1 结果: bLyQ
2026-01-07 03:00:51,978 - INFO - easyocr alt2 结果: ['b1V0(0.24)']
2026-01-07 03:00:52,075 - INFO - tesseract alt2 结果: bEVOQ
2026-01-07 03:00:52,228 - INFO - easyocr alt3 结果: ['b1VQ(0.25)']
2026-01-07 03:00:52,334 - INFO - tesseract alt3 结果: b1VO
2026-01-07 03:00:52,392 - INFO - easyocr alt4 结果: ['b1V(0.44)']
2026-01-07 03:00:52,492 - INFO - tesseract alt4 结果: bBEVO
2026-01-07 03:00:52,545 - INFO - easyocr alt5 结果: ['b1(0.59)']
2026-01-07 03:00:52,636 - INFO - tesseract alt5 结果: 
2026-01-07 03:00:52,636 - INFO - 最终验证码识别结果: b1VQ (engine=easyocr, prob=0.9345706105232239)
2026-01-07 03:00:52,636 - INFO - 查找验证码输入框...
2026-01-07 03:00:52,690 - INFO - 验证码填写完成
2026-01-07 03:00:52,690 - INFO - 验证码填写完成，点击登录按钮...
2026-01-07 03:00:52,690 - INFO - 查找并点击登录按钮...
2026-01-07 03:00:53,039 - INFO - 已点击登录按钮
2026-01-07 03:01:00,058 - INFO - 开始填写登录表单...
2026-01-07 03:01:00,116 - INFO - 用户名填写完成
2026-01-07 03:01:00,172 - INFO - 密码填写完成
2026-01-07 03:01:00,172 - INFO - 验证码图片已保存到 /home/runner/work/nju_electric_monitor/nju_electric_monitor/src/../data/captcha_debug.png
2026-01-07 03:01:00,172 - INFO - 验证码识别尝试 19/30
2026-01-07 03:01:00,172 - INFO - 开始识别验证码...（easyocr + pytesseract）
2026-01-07 03:01:00,269 - INFO - easyocr 结果: ['b1VQ(0.93)']
2026-01-07 03:01:00,365 - INFO - tesseract 结果: biYQ
2026-01-07 03:01:00,423 - INFO - easyocr alt1 结果: ['b1V0(0.24)']
2026-01-07 03:01:00,521 - INFO - tesseract alt1 结果: bLyQ
2026-01-07 03:01:00,579 - INFO - easyocr alt2 结果: ['b1V0(0.24)']
2026-01-07 03:01:00,675 - INFO - tesseract alt2 结果: bEVOQ
2026-01-07 03:01:00,827 - INFO - easyocr alt3 结果: ['b1VQ(0.25)']
2026-01-07 03:01:00,933 - INFO - tesseract alt3 结果: b1VO
2026-01-07 03:01:00,991 - INFO - easyocr alt4 结果: ['b1V(0.44)']
2026-01-07 03:01:01,086 - INFO - tesseract alt4 结果: bBEVO
2026-01-07 03:01:01,139 - INFO - easyocr alt5 结果: ['b1(0.59)']
2026-01-07 03:01:01,229 - INFO - tesseract alt5 结果: 
2026-01-07 03:01:01,229 - INFO - 最终验证码识别结果: b1VQ (engine=easyocr, prob=0.9345706105232239)
2026-01-07 03:01:01,229 - INFO - 查找验证码输入框...
2026-01-07 03:01:01,282 - INFO - 验证码填写完成
2026-01-07 03:01:01,282 - INFO - 验证码填写完成，点击登录按钮...
2026-01-07 03:01:01,282 - INFO - 查找并点击登录按钮...
2026-01-07 03:01:01,337 - INFO - 已点击登录按钮
2026-01-07 03:01:08,356 - INFO - 开始填写登录表单...
2026-01-07 03:01:08,414 - INFO - 用户名填写完成
2026-01-07 03:01:08,474 - INFO - 密码填写完成
2026-01-07 03:01:08,474 - INFO - 验证码图片已保存到 /home/runner/work/nju_electric_monitor/nju_electric_monitor/src/../data/captcha_debug.png
2026-01-07 03:01:08,474 - INFO - 验证码识别尝试 20/30
2026-01-07 03:01:08,474 - INFO - 开始识别验证码...（easyocr + pytesseract）
2026-01-07 03:01:08,570 - INFO - easyocr 结果: ['b1VQ(0.93)']
2026-01-07 03:01:08,665 - INFO - tesseract 结果: biYQ
2026-01-07 03:01:08,724 - INFO - easyocr alt1 结果: ['b1V0(0.24)']
2026-01-07 03:01:08,826 - INFO - tesseract alt1 结果: bLyQ
2026-01-07 03:01:08,885 - INFO - easyocr alt2 结果: ['b1V0(0.24)']
2026-01-07 03:01:08,979 - INFO - tesseract alt2 结果: bEVOQ
2026-01-07 03:01:09,132 - INFO - easyocr alt3 结果: ['b1VQ(0.25)']
2026-01-07 03:01:09,242 - INFO - tesseract alt3 结果: b1VO
2026-01-07 03:01:09,300 - INFO - easyocr alt4 结果: ['b1V(0.44)']
2026-01-07 03:01:09,396 - INFO - tesseract alt4 结果: bBEVO
2026-01-07 03:01:09,449 - INFO - easyocr alt5 结果: ['b1(0.59)']
2026-01-07 03:01:09,540 - INFO - tesseract alt5 结果: 
2026-01-07 03:01:09,541 - INFO - 最终验证码识别结果: b1VQ (engine=easyocr, prob=0.9345706105232239)
2026-01-07 03:01:09,541 - INFO - 查找验证码输入框...
2026-01-07 03:01:09,594 - INFO - 验证码填写完成
2026-01-07 03:01:09,594 - INFO - 验证码填写完成，点击登录按钮...
2026-01-07 03:01:09,594 - INFO - 查找并点击登录按钮...
2026-01-07 03:01:09,648 - INFO - 已点击登录按钮
2026-01-07 03:01:16,667 - INFO - 开始填写登录表单...
2026-01-07 03:01:16,725 - INFO - 用户名填写完成
2026-01-07 03:01:16,780 - INFO - 密码填写完成
2026-01-07 03:01:16,781 - INFO - 验证码图片已保存到 /home/runner/work/nju_electric_monitor/nju_electric_monitor/src/../data/captcha_debug.png
2026-01-07 03:01:16,781 - INFO - 验证码识别尝试 21/30
2026-01-07 03:01:16,781 - INFO - 开始识别验证码...（easyocr + pytesseract）
2026-01-07 03:01:16,876 - INFO - easyocr 结果: ['b1VQ(0.93)']
2026-01-07 03:01:16,974 - INFO - tesseract 结果: biYQ
2026-01-07 03:01:17,033 - INFO - easyocr alt1 结果: ['b1V0(0.24)']
2026-01-07 03:01:17,130 - INFO - tesseract alt1 结果: bLyQ
2026-01-07 03:01:17,189 - INFO - easyocr alt2 结果: ['b1V0(0.24)']
2026-01-07 03:01:17,286 - INFO - tesseract alt2 结果: bEVOQ
2026-01-07 03:01:17,438 - INFO - easyocr alt3 结果: ['b1VQ(0.25)']
2026-01-07 03:01:17,544 - INFO - tesseract alt3 结果: b1VO
2026-01-07 03:01:17,602 - INFO - easyocr alt4 结果: ['b1V(0.44)']
2026-01-07 03:01:17,698 - INFO - tesseract alt4 结果: bBEVO
2026-01-07 03:01:17,751 - INFO - easyocr alt5 结果: ['b1(0.59)']
2026-01-07 03:01:17,841 - INFO - tesseract alt5 结果: 
2026-01-07 03:01:17,842 - INFO - 最终验证码识别结果: b1VQ (engine=easyocr, prob=0.9345706105232239)
2026-01-07 03:01:17,842 - INFO - 查找验证码输入框...
2026-01-07 03:01:17,895 - INFO - 验证码填写完成
2026-01-07 03:01:17,895 - INFO - 验证码填写完成，点击登录按钮...
2026-01-07 03:01:17,895 - INFO - 查找并点击登录按钮...
2026-01-07 03:01:17,949 - INFO - 已点击登录按钮
2026-01-07 03:01:24,968 - INFO - 开始填写登录表单...
2026-01-07 03:01:25,026 - INFO - 用户名填写完成
2026-01-07 03:01:25,081 - INFO - 密码填写完成
2026-01-07 03:01:25,082 - INFO - 验证码图片已保存到 /home/runner/work/nju_electric_monitor/nju_electric_monitor/src/../data/captcha_debug.png
2026-01-07 03:01:25,082 - INFO - 验证码识别尝试 22/30
2026-01-07 03:01:25,082 - INFO - 开始识别验证码...（easyocr + pytesseract）
2026-01-07 03:01:25,177 - INFO - easyocr 结果: ['b1VQ(0.93)']
2026-01-07 03:01:25,270 - INFO - tesseract 结果: biYQ
2026-01-07 03:01:25,331 - INFO - easyocr alt1 结果: ['b1V0(0.24)']
2026-01-07 03:01:25,427 - INFO - tesseract alt1 结果: bLyQ
2026-01-07 03:01:25,486 - INFO - easyocr alt2 结果: ['b1V0(0.24)']
2026-01-07 03:01:25,586 - INFO - tesseract alt2 结果: bEVOQ
2026-01-07 03:01:25,739 - INFO - easyocr alt3 结果: ['b1VQ(0.25)']
2026-01-07 03:01:25,846 - INFO - tesseract alt3 结果: b1VO
2026-01-07 03:01:25,903 - INFO - easyocr alt4 结果: ['b1V(0.44)']
2026-01-07 03:01:26,000 - INFO - tesseract alt4 结果: bBEVO
2026-01-07 03:01:26,053 - INFO - easyocr alt5 结果: ['b1(0.59)']
2026-01-07 03:01:26,148 - INFO - tesseract alt5 结果: 
2026-01-07 03:01:26,148 - INFO - 最终验证码识别结果: b1VQ (engine=easyocr, prob=0.9345706105232239)
2026-01-07 03:01:26,148 - INFO - 查找验证码输入框...
2026-01-07 03:01:26,201 - INFO - 验证码填写完成
2026-01-07 03:01:26,201 - INFO - 验证码填写完成，点击登录按钮...
2026-01-07 03:01:26,201 - INFO - 查找并点击登录按钮...
2026-01-07 03:01:26,567 - INFO - 已点击登录按钮
2026-01-07 03:01:33,586 - INFO - 开始填写登录表单...
2026-01-07 03:01:33,644 - INFO - 用户名填写完成
2026-01-07 03:01:33,699 - INFO - 密码填写完成
2026-01-07 03:01:33,699 - INFO - 验证码图片已保存到 /home/runner/work/nju_electric_monitor/nju_electric_monitor/src/../data/captcha_debug.png
2026-01-07 03:01:33,699 - INFO - 验证码识别尝试 23/30
2026-01-07 03:01:33,699 - INFO - 开始识别验证码...（easyocr + pytesseract）
2026-01-07 03:01:33,797 - INFO - easyocr 结果: ['b1VQ(0.93)']
2026-01-07 03:01:33,893 - INFO - tesseract 结果: biYQ
2026-01-07 03:01:33,953 - INFO - easyocr alt1 结果: ['b1V0(0.24)']
2026-01-07 03:01:34,052 - INFO - tesseract alt1 结果: bLyQ
2026-01-07 03:01:34,112 - INFO - easyocr alt2 结果: ['b1V0(0.24)']
2026-01-07 03:01:34,208 - INFO - tesseract alt2 结果: bEVOQ
2026-01-07 03:01:34,362 - INFO - easyocr alt3 结果: ['b1VQ(0.25)']
2026-01-07 03:01:34,467 - INFO - tesseract alt3 结果: b1VO
2026-01-07 03:01:34,526 - INFO - easyocr alt4 结果: ['b1V(0.44)']
2026-01-07 03:01:34,622 - INFO - tesseract alt4 结果: bBEVO
2026-01-07 03:01:34,676 - INFO - easyocr alt5 结果: ['b1(0.59)']
2026-01-07 03:01:34,771 - INFO - tesseract alt5 结果: 
2026-01-07 03:01:34,771 - INFO - 最终验证码识别结果: b1VQ (engine=easyocr, prob=0.9345706105232239)
2026-01-07 03:01:34,771 - INFO - 查找验证码输入框...
2026-01-07 03:01:34,826 - INFO - 验证码填写完成
2026-01-07 03:01:34,826 - INFO - 验证码填写完成，点击登录按钮...
2026-01-07 03:01:34,826 - INFO - 查找并点击登录按钮...
2026-01-07 03:01:35,179 - INFO - 已点击登录按钮
2026-01-07 03:01:42,198 - INFO - 开始填写登录表单...
2026-01-07 03:01:42,255 - INFO - 用户名填写完成
2026-01-07 03:01:42,311 - INFO - 密码填写完成
2026-01-07 03:01:42,312 - INFO - 验证码图片已保存到 /home/runner/work/nju_electric_monitor/nju_electric_monitor/src/../data/captcha_debug.png
2026-01-07 03:01:42,312 - INFO - 验证码识别尝试 24/30
2026-01-07 03:01:42,312 - INFO - 开始识别验证码...（easyocr + pytesseract）
2026-01-07 03:01:42,417 - INFO - easyocr 结果: ['b1VQ(0.93)']
2026-01-07 03:01:42,511 - INFO - tesseract 结果: biYQ
2026-01-07 03:01:42,571 - INFO - easyocr alt1 结果: ['b1V0(0.24)']
2026-01-07 03:01:42,669 - INFO - tesseract alt1 结果: bLyQ
2026-01-07 03:01:42,727 - INFO - easyocr alt2 结果: ['b1V0(0.24)']
2026-01-07 03:01:42,829 - INFO - tesseract alt2 结果: bEVOQ
2026-01-07 03:01:42,983 - INFO - easyocr alt3 结果: ['b1VQ(0.25)']
2026-01-07 03:01:43,090 - INFO - tesseract alt3 结果: b1VO
2026-01-07 03:01:43,158 - INFO - easyocr alt4 结果: ['b1V(0.44)']
2026-01-07 03:01:43,256 - INFO - tesseract alt4 结果: bBEVO
2026-01-07 03:01:43,310 - INFO - easyocr alt5 结果: ['b1(0.59)']
2026-01-07 03:01:43,403 - INFO - tesseract alt5 结果: 
2026-01-07 03:01:43,403 - INFO - 最终验证码识别结果: b1VQ (engine=easyocr, prob=0.9345706105232239)
2026-01-07 03:01:43,403 - INFO - 查找验证码输入框...
2026-01-07 03:01:43,456 - INFO - 验证码填写完成
2026-01-07 03:01:43,456 - INFO - 验证码填写完成，点击登录按钮...
2026-01-07 03:01:43,456 - INFO - 查找并点击登录按钮...
2026-01-07 03:01:43,808 - INFO - 已点击登录按钮
2026-01-07 03:01:50,827 - INFO - 开始填写登录表单...
2026-01-07 03:01:50,884 - INFO - 用户名填写完成
2026-01-07 03:01:50,939 - INFO - 密码填写完成
2026-01-07 03:01:50,940 - INFO - 验证码图片已保存到 /home/runner/work/nju_electric_monitor/nju_electric_monitor/src/../data/captcha_debug.png
2026-01-07 03:01:50,940 - INFO - 验证码识别尝试 25/30
2026-01-07 03:01:50,940 - INFO - 开始识别验证码...（easyocr + pytesseract）
2026-01-07 03:01:51,037 - INFO - easyocr 结果: ['b1VQ(0.93)']
2026-01-07 03:01:51,132 - INFO - tesseract 结果: biYQ
2026-01-07 03:01:51,192 - INFO - easyocr alt1 结果: ['b1V0(0.24)']
2026-01-07 03:01:51,289 - INFO - tesseract alt1 结果: bLyQ
2026-01-07 03:01:51,363 - INFO - easyocr alt2 结果: ['b1V0(0.24)']
2026-01-07 03:01:51,462 - INFO - tesseract alt2 结果: bEVOQ
2026-01-07 03:01:51,615 - INFO - easyocr alt3 结果: ['b1VQ(0.25)']
2026-01-07 03:01:51,720 - INFO - tesseract alt3 结果: b1VO
2026-01-07 03:01:51,778 - INFO - easyocr alt4 结果: ['b1V(0.44)']
2026-01-07 03:01:51,874 - INFO - tesseract alt4 结果: bBEVO
2026-01-07 03:01:51,927 - INFO - easyocr alt5 结果: ['b1(0.59)']
2026-01-07 03:01:52,018 - INFO - tesseract alt5 结果: 
2026-01-07 03:01:52,018 - INFO - 最终验证码识别结果: b1VQ (engine=easyocr, prob=0.9345706105232239)
2026-01-07 03:01:52,018 - INFO - 查找验证码输入框...
2026-01-07 03:01:52,072 - INFO - 验证码填写完成
2026-01-07 03:01:52,072 - INFO - 验证码填写完成，点击登录按钮...
2026-01-07 03:01:52,072 - INFO - 查找并点击登录按钮...
2026-01-07 03:01:52,428 - INFO - 已点击登录按钮
2026-01-07 03:01:59,447 - INFO - 开始填写登录表单...
2026-01-07 03:01:59,505 - INFO - 用户名填写完成
2026-01-07 03:01:59,559 - INFO - 密码填写完成
2026-01-07 03:01:59,560 - INFO - 验证码图片已保存到 /home/runner/work/nju_electric_monitor/nju_electric_monitor/src/../data/captcha_debug.png
2026-01-07 03:01:59,560 - INFO - 验证码识别尝试 26/30
2026-01-07 03:01:59,560 - INFO - 开始识别验证码...（easyocr + pytesseract）
2026-01-07 03:01:59,657 - INFO - easyocr 结果: ['b1VQ(0.93)']
2026-01-07 03:01:59,754 - INFO - tesseract 结果: biYQ
2026-01-07 03:01:59,814 - INFO - easyocr alt1 结果: ['b1V0(0.24)']
2026-01-07 03:01:59,914 - INFO - tesseract alt1 结果: bLyQ
2026-01-07 03:01:59,973 - INFO - easyocr alt2 结果: ['b1V0(0.24)']
2026-01-07 03:02:00,069 - INFO - tesseract alt2 结果: bEVOQ
2026-01-07 03:02:00,223 - INFO - easyocr alt3 结果: ['b1VQ(0.25)']
2026-01-07 03:02:00,330 - INFO - tesseract alt3 结果: b1VO
2026-01-07 03:02:00,398 - INFO - easyocr alt4 结果: ['b1V(0.44)']
2026-01-07 03:02:00,496 - INFO - tesseract alt4 结果: bBEVO
2026-01-07 03:02:00,550 - INFO - easyocr alt5 结果: ['b1(0.59)']
2026-01-07 03:02:00,642 - INFO - tesseract alt5 结果: 
2026-01-07 03:02:00,642 - INFO - 最终验证码识别结果: b1VQ (engine=easyocr, prob=0.9345706105232239)
2026-01-07 03:02:00,642 - INFO - 查找验证码输入框...
2026-01-07 03:02:00,695 - INFO - 验证码填写完成
2026-01-07 03:02:00,695 - INFO - 验证码填写完成，点击登录按钮...
2026-01-07 03:02:00,695 - INFO - 查找并点击登录按钮...
2026-01-07 03:02:00,748 - INFO - 已点击登录按钮
2026-01-07 03:02:07,767 - INFO - 开始填写登录表单...
2026-01-07 03:02:07,824 - INFO - 用户名填写完成
2026-01-07 03:02:07,880 - INFO - 密码填写完成
2026-01-07 03:02:07,880 - INFO - 验证码图片已保存到 /home/runner/work/nju_electric_monitor/nju_electric_monitor/src/../data/captcha_debug.png
2026-01-07 03:02:07,880 - INFO - 验证码识别尝试 27/30
2026-01-07 03:02:07,880 - INFO - 开始识别验证码...（easyocr + pytesseract）
2026-01-07 03:02:07,976 - INFO - easyocr 结果: ['b1VQ(0.93)']
2026-01-07 03:02:08,070 - INFO - tesseract 结果: biYQ
2026-01-07 03:02:08,129 - INFO - easyocr alt1 结果: ['b1V0(0.24)']
2026-01-07 03:02:08,231 - INFO - tesseract alt1 结果: bLyQ
2026-01-07 03:02:08,290 - INFO - easyocr alt2 结果: ['b1V0(0.24)']
2026-01-07 03:02:08,392 - INFO - tesseract alt2 结果: bEVOQ
2026-01-07 03:02:08,546 - INFO - easyocr alt3 结果: ['b1VQ(0.25)']
2026-01-07 03:02:08,653 - INFO - tesseract alt3 结果: b1VO
2026-01-07 03:02:08,711 - INFO - easyocr alt4 结果: ['b1V(0.44)']
2026-01-07 03:02:08,814 - INFO - tesseract alt4 结果: bBEVO
2026-01-07 03:02:08,868 - INFO - easyocr alt5 结果: ['b1(0.59)']
2026-01-07 03:02:08,964 - INFO - tesseract alt5 结果: 
2026-01-07 03:02:08,964 - INFO - 最终验证码识别结果: b1VQ (engine=easyocr, prob=0.9345706105232239)
2026-01-07 03:02:08,964 - INFO - 查找验证码输入框...
2026-01-07 03:02:09,018 - INFO - 验证码填写完成
2026-01-07 03:02:09,018 - INFO - 验证码填写完成，点击登录按钮...
2026-01-07 03:02:09,018 - INFO - 查找并点击登录按钮...
2026-01-07 03:02:09,382 - INFO - 已点击登录按钮
2026-01-07 03:02:16,401 - INFO - 开始填写登录表单...
2026-01-07 03:02:16,459 - INFO - 用户名填写完成
2026-01-07 03:02:16,515 - INFO - 密码填写完成
2026-01-07 03:02:16,516 - INFO - 验证码图片已保存到 /home/runner/work/nju_electric_monitor/nju_electric_monitor/src/../data/captcha_debug.png
2026-01-07 03:02:16,516 - INFO - 验证码识别尝试 28/30
2026-01-07 03:02:16,516 - INFO - 开始识别验证码...（easyocr + pytesseract）
2026-01-07 03:02:16,612 - INFO - easyocr 结果: ['b1VQ(0.93)']
2026-01-07 03:02:16,709 - INFO - tesseract 结果: biYQ
2026-01-07 03:02:16,768 - INFO - easyocr alt1 结果: ['b1V0(0.24)']
2026-01-07 03:02:16,867 - INFO - tesseract alt1 结果: bLyQ
2026-01-07 03:02:16,925 - INFO - easyocr alt2 结果: ['b1V0(0.24)']
2026-01-07 03:02:17,022 - INFO - tesseract alt2 结果: bEVOQ
2026-01-07 03:02:17,174 - INFO - easyocr alt3 结果: ['b1VQ(0.25)']
2026-01-07 03:02:17,282 - INFO - tesseract alt3 结果: b1VO
2026-01-07 03:02:17,340 - INFO - easyocr alt4 结果: ['b1V(0.44)']
2026-01-07 03:02:17,440 - INFO - tesseract alt4 结果: bBEVO
2026-01-07 03:02:17,493 - INFO - easyocr alt5 结果: ['b1(0.59)']
2026-01-07 03:02:17,585 - INFO - tesseract alt5 结果: 
2026-01-07 03:02:17,585 - INFO - 最终验证码识别结果: b1VQ (engine=easyocr, prob=0.9345706105232239)
2026-01-07 03:02:17,586 - INFO - 查找验证码输入框...
2026-01-07 03:02:17,639 - INFO - 验证码填写完成
2026-01-07 03:02:17,639 - INFO - 验证码填写完成，点击登录按钮...
2026-01-07 03:02:17,639 - INFO - 查找并点击登录按钮...
2026-01-07 03:02:17,994 - INFO - 已点击登录按钮
2026-01-07 03:02:25,014 - INFO - 开始填写登录表单...
2026-01-07 03:02:25,072 - INFO - 用户名填写完成
2026-01-07 03:02:25,128 - INFO - 密码填写完成
2026-01-07 03:02:25,129 - INFO - 验证码图片已保存到 /home/runner/work/nju_electric_monitor/nju_electric_monitor/src/../data/captcha_debug.png
2026-01-07 03:02:25,129 - INFO - 验证码识别尝试 29/30
2026-01-07 03:02:25,129 - INFO - 开始识别验证码...（easyocr + pytesseract）
2026-01-07 03:02:25,224 - INFO - easyocr 结果: ['b1VQ(0.93)']
2026-01-07 03:02:25,320 - INFO - tesseract 结果: biYQ
2026-01-07 03:02:25,379 - INFO - easyocr alt1 结果: ['b1V0(0.24)']
2026-01-07 03:02:25,477 - INFO - tesseract alt1 结果: bLyQ
2026-01-07 03:02:25,544 - INFO - easyocr alt2 结果: ['b1V0(0.24)']
2026-01-07 03:02:25,641 - INFO - tesseract alt2 结果: bEVOQ
2026-01-07 03:02:25,794 - INFO - easyocr alt3 结果: ['b1VQ(0.25)']
2026-01-07 03:02:25,901 - INFO - tesseract alt3 结果: b1VO
2026-01-07 03:02:25,968 - INFO - easyocr alt4 结果: ['b1V(0.44)']
2026-01-07 03:02:26,068 - INFO - tesseract alt4 结果: bBEVO
2026-01-07 03:02:26,121 - INFO - easyocr alt5 结果: ['b1(0.59)']
2026-01-07 03:02:26,213 - INFO - tesseract alt5 结果: 
2026-01-07 03:02:26,213 - INFO - 最终验证码识别结果: b1VQ (engine=easyocr, prob=0.9345706105232239)
2026-01-07 03:02:26,213 - INFO - 查找验证码输入框...
2026-01-07 03:02:26,266 - INFO - 验证码填写完成
2026-01-07 03:02:26,267 - INFO - 验证码填写完成，点击登录按钮...
2026-01-07 03:02:26,267 - INFO - 查找并点击登录按钮...
2026-01-07 03:02:26,621 - INFO - 已点击登录按钮
2026-01-07 03:02:33,640 - INFO - 开始填写登录表单...
2026-01-07 03:02:33,698 - INFO - 用户名填写完成
2026-01-07 03:02:33,755 - INFO - 密码填写完成
2026-01-07 03:02:33,756 - INFO - 验证码图片已保存到 /home/runner/work/nju_electric_monitor/nju_electric_monitor/src/../data/captcha_debug.png
2026-01-07 03:02:33,756 - INFO - 验证码识别尝试 30/30
2026-01-07 03:02:33,756 - INFO - 开始识别验证码...（easyocr + pytesseract）
2026-01-07 03:02:33,853 - INFO - easyocr 结果: ['b1VQ(0.93)']
2026-01-07 03:02:33,949 - INFO - tesseract 结果: biYQ
2026-01-07 03:02:34,010 - INFO - easyocr alt1 结果: ['b1V0(0.24)']
2026-01-07 03:02:34,110 - INFO - tesseract alt1 结果: bLyQ
2026-01-07 03:02:34,169 - INFO - easyocr alt2 结果: ['b1V0(0.24)']
2026-01-07 03:02:34,268 - INFO - tesseract alt2 结果: bEVOQ
2026-01-07 03:02:34,422 - INFO - easyocr alt3 结果: ['b1VQ(0.25)']
2026-01-07 03:02:34,528 - INFO - tesseract alt3 结果: b1VO
2026-01-07 03:02:34,593 - INFO - easyocr alt4 结果: ['b1V(0.44)']
2026-01-07 03:02:34,690 - INFO - tesseract alt4 结果: bBEVO
2026-01-07 03:02:34,744 - INFO - easyocr alt5 结果: ['b1(0.59)']
2026-01-07 03:02:34,835 - INFO - tesseract alt5 结果: 
2026-01-07 03:02:34,835 - INFO - 最终验证码识别结果: b1VQ (engine=easyocr, prob=0.9345706105232239)
2026-01-07 03:02:34,835 - INFO - 查找验证码输入框...
2026-01-07 03:02:34,889 - INFO - 验证码填写完成
2026-01-07 03:02:34,889 - INFO - 验证码填写完成，点击登录按钮...
2026-01-07 03:02:34,889 - INFO - 查找并点击登录按钮...
2026-01-07 03:02:34,944 - INFO - 已点击登录按钮
2026-01-07 03:02:41,964 - WARNING - 自动验证码识别失败，请手动输入
2026-01-07 03:02:41,964 - ERROR - 处理验证码时出错: EOF when reading a line
2026-01-07 03:02:41,964 - WARNING - 验证码处理失败，但继续尝试登录
2026-01-07 03:02:41,964 - INFO - 查找并点击登录按钮...
2026-01-07 03:02:42,018 - INFO - 已点击登录按钮
2026-01-07 03:02:47,018 - INFO - 等待登录成功...
2026-01-07 03:02:52,023 - INFO - 登录可能成功，继续下一步...
2026-01-07 03:02:52,023 - INFO - 查找'去充值'按钮...
2026-01-07 03:02:52,083 - INFO - 已点击充值按钮
2026-01-07 03:02:55,084 - INFO - 开始提取剩余电量信息...
2026-01-07 03:02:55,088 - INFO - 页面源码已保存到 /home/runner/work/nju_electric_monitor/nju_electric_monitor/src/../data/debug_page_source.html
2026-01-07 03:02:55,097 - WARNING - 未找到电量信息元素，尝试其他方法...
2026-01-07 03:02:55,105 - WARNING - 未找到i标签中的电量信息，尝试其他方法...
2026-01-07 03:02:55,109 - INFO - 在页面源码中查找电量信息...
2026-01-07 03:02:55,120 - WARNING - 未能提取到剩余电量信息
2026-01-07 03:02:55,120 - WARNING - 没有电量数据可保存
2026-01-07 03:02:55,120 - INFO - 监控流程完成
