2025-12-16 13:35:43,390 - INFO - Matplotlib 字体设置：使用回退字体列表，首选可用字体: Noto Sans CJK JP
2025-12-16 13:35:44,685 - INFO - 使用 ChromeDriver: /usr/bin/chromedriver
2025-12-16 13:35:44,685 - WARNING - Using CPU. Note: This module is much faster with a GPU.
2025-12-16 13:35:46,287 - INFO - OCR识别器初始化成功
2025-12-16 13:35:46,287 - INFO - 开始南京大学电费监控流程（自动无头模式）
2025-12-16 13:35:46,287 - INFO - 正在打开页面: https://epay.nju.edu.cn/epay/h5/nju/electric/index
2025-12-16 13:35:58,267 - INFO - 等待登录表单加载...
2025-12-16 13:35:58,278 - INFO - 登录表单已加载
2025-12-16 13:35:58,278 - INFO - 开始填写登录表单...
2025-12-16 13:35:58,342 - INFO - 用户名填写完成
2025-12-16 13:35:58,412 - INFO - 密码填写完成
2025-12-16 13:35:58,412 - INFO - 检查是否有验证码...
2025-12-16 13:35:58,412 - INFO - 查找验证码图片...
2025-12-16 13:35:58,433 - INFO - 找到验证码图片，开始截图...
2025-12-16 13:35:58,492 - INFO - 验证码图片截取成功
2025-12-16 13:35:58,492 - INFO - 开始填写登录表单...
2025-12-16 13:35:58,559 - INFO - 用户名填写完成
2025-12-16 13:35:58,627 - INFO - 密码填写完成
2025-12-16 13:35:58,628 - INFO - 验证码图片已保存到 /home/runner/work/nju_electric_monitor/nju_electric_monitor/src/../data/captcha_debug.png
2025-12-16 13:35:58,628 - INFO - 验证码识别尝试 1/30
2025-12-16 13:35:58,628 - INFO - 开始识别验证码...（easyocr + pytesseract）
2025-12-16 13:35:58,756 - INFO - easyocr 结果: ['Kef1(1.00)']
2025-12-16 13:35:58,934 - INFO - tesseract 结果: Kef1
2025-12-16 13:35:58,996 - INFO - easyocr alt1 结果: ['Kef(0.85)']
2025-12-16 13:35:59,093 - INFO - tesseract alt1 结果: Keft
2025-12-16 13:35:59,149 - INFO - easyocr alt2 结果: ['Ke(0.81)']
2025-12-16 13:35:59,245 - INFO - tesseract alt2 结果: Keft
2025-12-16 13:35:59,410 - INFO - easyocr alt3 结果: ['Kef1(0.79)']
2025-12-16 13:35:59,523 - INFO - tesseract alt3 结果: Keft
2025-12-16 13:35:59,579 - INFO - easyocr alt4 结果: ['Ke(0.62)']
2025-12-16 13:35:59,674 - INFO - tesseract alt4 结果: Kefet
2025-12-16 13:35:59,729 - INFO - easyocr alt5 结果: ['Kef(0.88)']
2025-12-16 13:35:59,834 - INFO - tesseract alt5 结果: Keer
2025-12-16 13:35:59,834 - INFO - 最终验证码识别结果: Kef1 (engine=easyocr, prob=0.9968996644020081)
2025-12-16 13:35:59,834 - INFO - 查找验证码输入框...
2025-12-16 13:35:59,897 - INFO - 验证码填写完成
2025-12-16 13:35:59,897 - INFO - 验证码填写完成，点击登录按钮...
2025-12-16 13:35:59,897 - INFO - 查找并点击登录按钮...
2025-12-16 13:36:04,812 - INFO - 已点击登录按钮
2025-12-16 13:36:11,823 - INFO - 未检测到无效验证码提示，验证码通过
2025-12-16 13:36:11,824 - INFO - 查找并点击登录按钮...
2025-12-16 13:36:11,829 - ERROR - 未找到登录按钮
2025-12-16 13:36:11,829 - ERROR - 点击登录按钮失败
2025-12-16 13:36:11,829 - INFO - 等待登录成功...
2025-12-16 13:36:16,834 - INFO - 登录可能成功，继续下一步...
2025-12-16 13:36:16,834 - INFO - 查找'去充值'按钮...
2025-12-16 13:36:18,503 - INFO - 已点击充值按钮
2025-12-16 13:36:21,503 - INFO - 开始提取剩余电量信息...
2025-12-16 13:36:21,508 - INFO - 页面源码已保存到 /home/runner/work/nju_electric_monitor/nju_electric_monitor/src/../data/debug_page_source.html
2025-12-16 13:36:21,528 - INFO - 找到电量信息元素: 持卡人姓名：***
2025-12-16 13:36:21,528 - WARNING - 未在元素中找到标准格式的电量信息
2025-12-16 13:36:21,542 - INFO - 找到i标签中的电量信息: ***
2025-12-16 13:36:21,543 - WARNING - i标签中未找到标准格式的电量信息
2025-12-16 13:36:21,543 - WARNING - 未找到i标签中的电量信息
2025-12-16 13:36:21,546 - INFO - 在页面源码中查找电量信息...
2025-12-16 13:36:21,547 - INFO - 从页面源码中提取到剩余电量: 277.3 度
2025-12-16 13:36:21,572 - INFO - 数据已保存: 277.3 度
2025-12-16 13:36:21,895 - INFO - 电量变化曲线图已保存到: /home/runner/work/nju_electric_monitor/nju_electric_monitor/src/../data/electricity_trend.png
2025-12-16 13:36:22,142 - INFO - 最近20次电量变化曲线图已保存到: /home/runner/work/nju_electric_monitor/nju_electric_monitor/src/../data/recent_20_changes.png
2025-12-16 13:36:22,142 - INFO - 监控流程完成
