2026-01-11 07:17:07,342 - INFO - Matplotlib 字体设置：使用回退字体列表，首选可用字体: Noto Sans CJK JP
2026-01-11 07:17:08,810 - INFO - 使用 ChromeDriver: /usr/bin/chromedriver
2026-01-11 07:17:08,810 - WARNING - Using CPU. Note: This module is much faster with a GPU.
2026-01-11 07:17:10,393 - INFO - OCR识别器初始化成功
2026-01-11 07:17:10,393 - INFO - 开始南京大学电费监控流程（自动无头模式）
2026-01-11 07:17:10,393 - INFO - 正在打开页面: https://epay.nju.edu.cn/epay/h5/nju/electric/index
2026-01-11 07:17:20,887 - INFO - 等待登录表单加载...
2026-01-11 07:17:20,897 - INFO - 登录表单已加载
2026-01-11 07:17:20,897 - INFO - 开始填写登录表单...
2026-01-11 07:17:20,961 - INFO - 用户名填写完成
2026-01-11 07:17:21,028 - INFO - 密码填写完成
2026-01-11 07:17:21,028 - INFO - 检查是否有验证码...
2026-01-11 07:17:21,028 - INFO - 查找验证码图片...
2026-01-11 07:17:21,047 - INFO - 找到验证码图片，开始截图...
2026-01-11 07:17:21,098 - INFO - 验证码图片截取成功
2026-01-11 07:17:21,098 - INFO - 开始填写登录表单...
2026-01-11 07:17:21,161 - INFO - 用户名填写完成
2026-01-11 07:17:21,225 - INFO - 密码填写完成
2026-01-11 07:17:21,226 - INFO - 验证码图片已保存到 /home/runner/work/nju_electric_monitor/nju_electric_monitor/src/../data/captcha_debug.png
2026-01-11 07:17:21,226 - INFO - 验证码识别尝试 1/30
2026-01-11 07:17:21,226 - INFO - 开始识别验证码...（easyocr + pytesseract）
2026-01-11 07:17:21,353 - INFO - easyocr 结果: ['3KE3(0.99)']
2026-01-11 07:17:21,503 - INFO - tesseract 结果: 3KE3
2026-01-11 07:17:21,566 - INFO - easyocr alt1 结果: ['3KE3(0.88)']
2026-01-11 07:17:21,665 - INFO - tesseract alt1 结果: 3KE3
2026-01-11 07:17:21,724 - INFO - easyocr alt2 结果: ['3KE3(0.92)']
2026-01-11 07:17:21,819 - INFO - tesseract alt2 结果: 3KE3
2026-01-11 07:17:21,981 - INFO - easyocr alt3 结果: ['3K3(0.80)']
2026-01-11 07:17:22,091 - INFO - tesseract alt3 结果: 3KE3
2026-01-11 07:17:22,150 - INFO - easyocr alt4 结果: ['33(0.80)']
2026-01-11 07:17:22,245 - INFO - tesseract alt4 结果: 3KE3
2026-01-11 07:17:22,304 - INFO - easyocr alt5 结果: ['33(0.76)']
2026-01-11 07:17:22,395 - INFO - tesseract alt5 结果: 
2026-01-11 07:17:22,395 - INFO - 最终验证码识别结果: 3KE3 (engine=easyocr, prob=0.9936543107032776)
2026-01-11 07:17:22,395 - INFO - 查找验证码输入框...
2026-01-11 07:17:22,454 - INFO - 验证码填写完成
2026-01-11 07:17:22,455 - INFO - 验证码填写完成，点击登录按钮...
2026-01-11 07:17:22,455 - INFO - 查找并点击登录按钮...
2026-01-11 07:17:26,351 - INFO - 已点击登录按钮
2026-01-11 07:17:33,362 - INFO - 未检测到无效验证码提示，验证码通过
2026-01-11 07:17:33,362 - INFO - 查找并点击登录按钮...
2026-01-11 07:17:33,367 - ERROR - 未找到登录按钮
2026-01-11 07:17:33,367 - ERROR - 点击登录按钮失败
2026-01-11 07:17:33,367 - INFO - 等待登录成功...
2026-01-11 07:17:38,372 - INFO - 登录可能成功，继续下一步...
2026-01-11 07:17:38,372 - INFO - 查找'去充值'按钮...
2026-01-11 07:17:39,928 - INFO - 已点击充值按钮
2026-01-11 07:17:42,929 - INFO - 开始提取剩余电量信息...
2026-01-11 07:17:42,933 - INFO - 页面源码已保存到 /home/runner/work/nju_electric_monitor/nju_electric_monitor/src/../data/debug_page_source.html
2026-01-11 07:17:42,951 - INFO - 找到电量信息元素: 持卡人姓名：吴相民
2026-01-11 07:17:42,952 - WARNING - 未在元素中找到标准格式的电量信息
2026-01-11 07:17:42,965 - INFO - 找到i标签中的电量信息: 吴相民
2026-01-11 07:17:42,965 - WARNING - i标签中未找到标准格式的电量信息
2026-01-11 07:17:42,965 - WARNING - 未找到i标签中的电量信息
2026-01-11 07:17:42,968 - INFO - 在页面源码中查找电量信息...
2026-01-11 07:17:42,968 - INFO - 从页面源码中提取到剩余电量: 141.33 度
2026-01-11 07:17:42,993 - INFO - 数据已保存: 141.33 度
2026-01-11 07:17:43,264 - INFO - 电量变化曲线图已保存到: /home/runner/work/nju_electric_monitor/nju_electric_monitor/src/../data/electricity_trend.png
2026-01-11 07:17:43,507 - INFO - 最近20次电量变化曲线图已保存到: /home/runner/work/nju_electric_monitor/nju_electric_monitor/src/../data/recent_20_changes.png
2026-01-11 07:17:43,508 - INFO - 监控流程完成
