2025-12-17 07:19:32,243 - INFO - Matplotlib 字体设置：使用回退字体列表，首选可用字体: Noto Sans CJK JP
2025-12-17 07:19:33,543 - INFO - 使用 ChromeDriver: /usr/bin/chromedriver
2025-12-17 07:19:33,544 - WARNING - Using CPU. Note: This module is much faster with a GPU.
2025-12-17 07:19:35,155 - INFO - OCR识别器初始化成功
2025-12-17 07:19:35,155 - INFO - 开始南京大学电费监控流程（自动无头模式）
2025-12-17 07:19:35,155 - INFO - 正在打开页面: https://epay.nju.edu.cn/epay/h5/nju/electric/index
2025-12-17 07:19:49,745 - INFO - 等待登录表单加载...
2025-12-17 07:19:49,756 - INFO - 登录表单已加载
2025-12-17 07:19:49,756 - INFO - 开始填写登录表单...
2025-12-17 07:19:49,818 - INFO - 用户名填写完成
2025-12-17 07:19:49,886 - INFO - 密码填写完成
2025-12-17 07:19:49,886 - INFO - 检查是否有验证码...
2025-12-17 07:19:49,886 - INFO - 查找验证码图片...
2025-12-17 07:19:49,905 - INFO - 找到验证码图片，开始截图...
2025-12-17 07:19:49,952 - INFO - 验证码图片截取成功
2025-12-17 07:19:49,952 - INFO - 开始填写登录表单...
2025-12-17 07:19:50,016 - INFO - 用户名填写完成
2025-12-17 07:19:50,077 - INFO - 密码填写完成
2025-12-17 07:19:50,078 - INFO - 验证码图片已保存到 /home/runner/work/nju_electric_monitor/nju_electric_monitor/src/../data/captcha_debug.png
2025-12-17 07:19:50,078 - INFO - 验证码识别尝试 1/30
2025-12-17 07:19:50,079 - INFO - 开始识别验证码...（easyocr + pytesseract）
2025-12-17 07:19:50,204 - INFO - easyocr 结果: ['C5AP(0.87)']
2025-12-17 07:19:50,388 - INFO - tesseract 结果: CSAP
2025-12-17 07:19:50,453 - INFO - easyocr alt1 结果: ['CSAP(0.55)']
2025-12-17 07:19:50,545 - INFO - tesseract alt1 结果: CSAP
2025-12-17 07:19:50,605 - INFO - easyocr alt2 结果: ['CSAP(0.53)']
2025-12-17 07:19:50,702 - INFO - tesseract alt2 结果: CSAP
2025-12-17 07:19:50,864 - INFO - easyocr alt3 结果: ['C5AP(0.74)']
2025-12-17 07:19:50,975 - INFO - tesseract alt3 结果: CSAP
2025-12-17 07:19:51,036 - INFO - easyocr alt4 结果: ['C5AP(0.22)']
2025-12-17 07:19:51,156 - INFO - tesseract alt4 结果: CSAP
2025-12-17 07:19:51,216 - INFO - easyocr alt5 结果: ['CSAP(0.28)']
2025-12-17 07:19:51,318 - INFO - tesseract alt5 结果: CSAP
2025-12-17 07:19:51,319 - INFO - 最终验证码识别结果: C5AP (engine=easyocr, prob=0.8714272379875183)
2025-12-17 07:19:51,319 - INFO - 查找验证码输入框...
2025-12-17 07:19:51,379 - INFO - 验证码填写完成
2025-12-17 07:19:51,379 - INFO - 验证码填写完成，点击登录按钮...
2025-12-17 07:19:51,379 - INFO - 查找并点击登录按钮...
2025-12-17 07:19:56,853 - INFO - 已点击登录按钮
2025-12-17 07:20:03,865 - INFO - 未检测到无效验证码提示，验证码通过
2025-12-17 07:20:03,865 - INFO - 查找并点击登录按钮...
2025-12-17 07:20:03,870 - ERROR - 未找到登录按钮
2025-12-17 07:20:03,871 - ERROR - 点击登录按钮失败
2025-12-17 07:20:03,871 - INFO - 等待登录成功...
2025-12-17 07:20:08,875 - INFO - 登录可能成功，继续下一步...
2025-12-17 07:20:08,875 - INFO - 查找'去充值'按钮...
2025-12-17 07:20:11,035 - INFO - 已点击充值按钮
2025-12-17 07:20:14,036 - INFO - 开始提取剩余电量信息...
2025-12-17 07:20:14,039 - INFO - 页面源码已保存到 /home/runner/work/nju_electric_monitor/nju_electric_monitor/src/../data/debug_page_source.html
2025-12-17 07:20:14,058 - INFO - 找到电量信息元素: 持卡人姓名：***
2025-12-17 07:20:14,058 - WARNING - 未在元素中找到标准格式的电量信息
2025-12-17 07:20:14,071 - INFO - 找到i标签中的电量信息: ***
2025-12-17 07:20:14,071 - WARNING - i标签中未找到标准格式的电量信息
2025-12-17 07:20:14,071 - WARNING - 未找到i标签中的电量信息
2025-12-17 07:20:14,074 - INFO - 在页面源码中查找电量信息...
2025-12-17 07:20:14,074 - INFO - 从页面源码中提取到剩余电量: 271.73 度
2025-12-17 07:20:14,098 - INFO - 数据已保存: 271.73 度
2025-12-17 07:20:14,411 - INFO - 电量变化曲线图已保存到: /home/runner/work/nju_electric_monitor/nju_electric_monitor/src/../data/electricity_trend.png
2025-12-17 07:20:14,662 - INFO - 最近20次电量变化曲线图已保存到: /home/runner/work/nju_electric_monitor/nju_electric_monitor/src/../data/recent_20_changes.png
2025-12-17 07:20:14,663 - INFO - 监控流程完成
