2025-12-09 13:33:43,678 - INFO - Matplotlib 字体设置：使用回退字体列表，首选可用字体: Noto Sans CJK JP
2025-12-09 13:33:45,137 - INFO - 使用 ChromeDriver: /usr/bin/chromedriver
2025-12-09 13:33:45,137 - WARNING - Using CPU. Note: This module is much faster with a GPU.
2025-12-09 13:33:46,737 - INFO - OCR识别器初始化成功
2025-12-09 13:33:46,737 - INFO - 开始南京大学电费监控流程（自动无头模式）
2025-12-09 13:33:46,737 - INFO - 正在打开页面: https://epay.nju.edu.cn/epay/h5/nju/electric/index
2025-12-09 13:33:58,899 - INFO - 等待登录表单加载...
2025-12-09 13:33:58,909 - INFO - 登录表单已加载
2025-12-09 13:33:58,909 - INFO - 开始填写登录表单...
2025-12-09 13:33:58,976 - INFO - 用户名填写完成
2025-12-09 13:33:59,048 - INFO - 密码填写完成
2025-12-09 13:33:59,048 - INFO - 检查是否有验证码...
2025-12-09 13:33:59,048 - INFO - 查找验证码图片...
2025-12-09 13:33:59,069 - INFO - 找到验证码图片，开始截图...
2025-12-09 13:33:59,122 - INFO - 验证码图片截取成功
2025-12-09 13:33:59,122 - INFO - 开始填写登录表单...
2025-12-09 13:33:59,201 - INFO - 用户名填写完成
2025-12-09 13:33:59,276 - INFO - 密码填写完成
2025-12-09 13:33:59,277 - INFO - 验证码图片已保存到 /home/runner/work/nju_electric_monitor/nju_electric_monitor/src/../data/captcha_debug.png
2025-12-09 13:33:59,277 - INFO - 验证码识别尝试 1/30
2025-12-09 13:33:59,277 - INFO - 开始识别验证码...（easyocr + pytesseract）
2025-12-09 13:33:59,409 - INFO - easyocr 结果: ['4hXz(0.71)']
2025-12-09 13:33:59,580 - INFO - tesseract 结果: 4hxz
2025-12-09 13:33:59,646 - INFO - easyocr alt1 结果: ['4hX2(0.34)']
2025-12-09 13:33:59,750 - INFO - tesseract alt1 结果: AnXZ
2025-12-09 13:33:59,812 - INFO - easyocr alt2 结果: ['41X2(0.27)']
2025-12-09 13:33:59,914 - INFO - tesseract alt2 结果: anxz
2025-12-09 13:34:00,080 - INFO - easyocr alt3 结果: ['4h12(0.18)']
2025-12-09 13:34:00,183 - INFO - tesseract alt3 结果: 
2025-12-09 13:34:00,245 - INFO - easyocr alt4 结果: ['4hk2(0.32)']
2025-12-09 13:34:00,352 - INFO - tesseract alt4 结果: ANXZ
2025-12-09 13:34:00,432 - INFO - easyocr alt5 结果: ['4k2(0.05)']
2025-12-09 13:34:00,535 - INFO - tesseract alt5 结果: ANXZ
2025-12-09 13:34:00,535 - INFO - 最终验证码识别结果: 4hXz (engine=easyocr, prob=0.7050028443336487)
2025-12-09 13:34:00,535 - INFO - 查找验证码输入框...
2025-12-09 13:34:00,604 - INFO - 验证码填写完成
2025-12-09 13:34:00,605 - INFO - 验证码填写完成，点击登录按钮...
2025-12-09 13:34:00,605 - INFO - 查找并点击登录按钮...
2025-12-09 13:34:04,808 - INFO - 已点击登录按钮
2025-12-09 13:34:11,819 - INFO - 未检测到无效验证码提示，验证码通过
2025-12-09 13:34:11,819 - INFO - 查找并点击登录按钮...
2025-12-09 13:34:11,825 - ERROR - 未找到登录按钮
2025-12-09 13:34:11,825 - ERROR - 点击登录按钮失败
2025-12-09 13:34:11,825 - INFO - 等待登录成功...
2025-12-09 13:34:16,830 - INFO - 登录可能成功，继续下一步...
2025-12-09 13:34:16,830 - INFO - 查找'去充值'按钮...
2025-12-09 13:34:18,707 - INFO - 已点击充值按钮
2025-12-09 13:34:21,708 - INFO - 开始提取剩余电量信息...
2025-12-09 13:34:21,712 - INFO - 页面源码已保存到 /home/runner/work/nju_electric_monitor/nju_electric_monitor/src/../data/debug_page_source.html
2025-12-09 13:34:21,733 - INFO - 找到电量信息元素: 持卡人姓名：吴相民
2025-12-09 13:34:21,734 - WARNING - 未在元素中找到标准格式的电量信息
2025-12-09 13:34:21,751 - INFO - 找到i标签中的电量信息: 吴相民
2025-12-09 13:34:21,751 - WARNING - i标签中未找到标准格式的电量信息
2025-12-09 13:34:21,752 - WARNING - 未找到i标签中的电量信息
2025-12-09 13:34:21,755 - INFO - 在页面源码中查找电量信息...
2025-12-09 13:34:21,755 - INFO - 从页面源码中提取到剩余电量: 312.29 度
2025-12-09 13:34:21,780 - INFO - 数据已保存: 312.29 度
2025-12-09 13:34:22,103 - INFO - 电量变化曲线图已保存到: /home/runner/work/nju_electric_monitor/nju_electric_monitor/src/../data/electricity_trend.png
2025-12-09 13:34:22,381 - INFO - 最近20次电量变化曲线图已保存到: /home/runner/work/nju_electric_monitor/nju_electric_monitor/src/../data/recent_20_changes.png
2025-12-09 13:34:22,381 - INFO - 监控流程完成
