2025-12-03 09:03:01,271 - INFO - 使用本地ChromeDriver: D:\Documents\Github\nju_electric_monitor\src\..\chromedriver-win64\chromedriver.exe
2025-12-03 09:03:01,272 - WARNING - Using CPU. Note: This module is much faster with a GPU.
2025-12-03 09:03:02,627 - INFO - OCR识别器初始化成功
2025-12-03 09:03:02,628 - INFO - 开始南京大学电费监控流程（自动无头模式）
2025-12-03 09:03:02,647 - INFO - 已获取登录凭据
2025-12-03 09:03:02,647 - INFO - 正在打开页面: https://epay.nju.edu.cn/epay/h5/nju/electric/index
2025-12-03 09:03:05,897 - INFO - 等待登录表单加载...
2025-12-03 09:03:05,903 - INFO - 登录表单已加载
2025-12-03 09:03:05,904 - INFO - 开始填写登录表单...
2025-12-03 09:03:05,935 - INFO - 用户名填写完成
2025-12-03 09:03:05,968 - INFO - 密码填写完成
2025-12-03 09:03:05,968 - INFO - 检查是否有验证码...
2025-12-03 09:03:05,974 - INFO - 查找验证码图片...
2025-12-03 09:03:05,986 - INFO - 找到验证码图片，开始截图...
2025-12-03 09:03:06,020 - INFO - 验证码图片截取成功
2025-12-03 09:03:06,020 - INFO - 开始填写登录表单...
2025-12-03 09:03:06,074 - INFO - 用户名填写完成
2025-12-03 09:03:06,110 - INFO - 密码填写完成
2025-12-03 09:03:06,112 - INFO - 验证码图片已保存到 D:\Documents\Github\nju_electric_monitor\src\..\data\captcha_debug.png
2025-12-03 09:03:06,112 - INFO - 验证码识别尝试 1/12
2025-12-03 09:03:06,113 - INFO - 开始识别验证码...
2025-12-03 09:03:06,307 - INFO - 验证码识别结果: hzd7
2025-12-03 09:03:06,308 - INFO - 查找验证码输入框...
2025-12-03 09:03:06,344 - INFO - 验证码填写完成
2025-12-03 09:03:06,344 - INFO - 验证码填写完成，点击登录按钮...
2025-12-03 09:03:06,345 - INFO - 查找并点击登录按钮...
2025-12-03 09:03:08,466 - INFO - 已点击登录按钮
2025-12-03 09:03:15,496 - INFO - 未检测到无效验证码提示，验证码通过
2025-12-03 09:03:15,497 - INFO - 查找并点击登录按钮...
2025-12-03 09:03:15,525 - ERROR - 未找到登录按钮
2025-12-03 09:03:15,526 - ERROR - 点击登录按钮失败
2025-12-03 09:03:15,526 - INFO - 等待登录成功...
2025-12-03 09:03:20,530 - INFO - 登录可能成功，继续下一步...
2025-12-03 09:03:20,530 - INFO - 查找'去充值'按钮...
2025-12-03 09:03:21,061 - INFO - 已点击充值按钮
2025-12-03 09:03:24,061 - INFO - 开始提取剩余电量信息...
2025-12-03 09:03:24,063 - INFO - 页面源码已保存到 D:\Documents\Github\nju_electric_monitor\src\..\data\debug_page_source.html
2025-12-03 09:03:24,084 - INFO - 找到电量信息元素: 持卡人姓名：***
2025-12-03 09:03:24,084 - WARNING - 未在元素中找到标准格式的电量信息
2025-12-03 09:03:24,092 - INFO - 找到i标签中的电量信息: 吴相民
2025-12-03 09:03:24,098 - WARNING - i标签中未找到标准格式的电量信息
2025-12-03 09:03:24,098 - WARNING - 未找到i标签中的电量信息
2025-12-03 09:03:24,100 - INFO - 在页面源码中查找电量信息...
2025-12-03 09:03:24,100 - INFO - 从页面源码中提取到剩余电量: 354.41 度
2025-12-03 09:03:24,102 - INFO - 数据已保存: 354.41 度
2025-12-03 09:03:24,111 - WARNING - 生成电量曲线图PNG失败: unconverted data remains when parsing with format "%Y-%m-%dT%H:%M:%S.%f": "+08:00", at position 297. You might want to try:
    - passing `format` if your strings have a consistent format;
    - passing `format='ISO8601'` if your strings are all ISO8601 but not necessarily in exactly the same format;
    - passing `format='mixed'`, and the format will be inferred for each element individually. You might want to use `dayfirst` alongside this.
2025-12-03 09:03:24,111 - ERROR - 保存数据时出错: cannot access local variable 'df_sorted' where it is not associated with a value
2025-12-03 09:03:24,111 - INFO - 监控流程完成
