2026-07-02 15:05:24,104 - INFO - Matplotlib 字体设置：使用回退字体列表，首选可用字体: Noto Sans CJK SC
2026-07-02 15:05:25,973 - INFO - 使用指定 ChromeDriver: /usr/bin/chromedriver
2026-07-02 15:05:26,068 - INFO - ddddocr 识别器初始化成功
2026-07-02 15:05:26,068 - INFO - 开始南京大学电费监控流程（自动无头模式）
2026-07-02 15:05:26,069 - INFO - 已初始化并清空验证码图片目录: /home/runner/work/nju_electric_monitor/nju_electric_monitor/src/../data/captcha_workflow
2026-07-02 15:05:26,069 - INFO - 正在打开页面: https://epay.nju.edu.cn/epay/h5/nju/electric/index
2026-07-02 15:05:39,808 - INFO - 等待登录表单加载...
2026-07-02 15:05:39,819 - INFO - 登录表单已加载
2026-07-02 15:05:39,819 - INFO - 开始填写登录表单...
2026-07-02 15:05:39,908 - INFO - 用户名填写完成
2026-07-02 15:05:39,980 - INFO - 密码填写完成
2026-07-02 15:05:39,980 - INFO - 开始处理验证码（两层嵌套重试）...
2026-07-02 15:05:39,980 - INFO - 外层页面重试 1/4
2026-07-02 15:05:39,980 - INFO - 等待登录表单加载...
2026-07-02 15:05:39,986 - INFO - 登录表单已加载
2026-07-02 15:05:39,986 - INFO - 开始填写登录表单...
2026-07-02 15:05:40,054 - INFO - 用户名填写完成
2026-07-02 15:05:40,121 - INFO - 密码填写完成
2026-07-02 15:05:41,121 - INFO - 查找验证码图片...
2026-07-02 15:05:41,144 - INFO - 找到验证码图片，开始截图...
2026-07-02 15:05:41,197 - INFO - 验证码图片截取成功
2026-07-02 15:05:41,230 - INFO - 验证码图片已保存到 /home/runner/work/nju_electric_monitor/nju_electric_monitor/src/../data/captcha_debug.png
2026-07-02 15:05:41,231 - INFO - 验证码图片已保存到 /home/runner/work/nju_electric_monitor/nju_electric_monitor/src/../data/captcha_workflow/captcha_outer1.png
2026-07-02 15:05:41,231 - INFO - 验证码识别（同一图片）尝试 1/3，外层 1/4
2026-07-02 15:05:41,231 - INFO - 开始使用 ddddocr 识别验证码...
2026-07-02 15:05:41,242 - INFO - ddddocr 最终验证码识别结果: 27N4
2026-07-02 15:05:41,243 - INFO - 已将验证码图片重命名为: /home/runner/work/nju_electric_monitor/nju_electric_monitor/src/../data/captcha_workflow/27N4.png
2026-07-02 15:05:41,243 - INFO - 查找验证码输入框...
2026-07-02 15:05:41,307 - INFO - 通过 XPath 找到 1 个验证码候选输入框，使用第一个。
2026-07-02 15:05:41,367 - INFO - 验证码填写完成
2026-07-02 15:05:42,368 - INFO - 验证码填写完成，点击登录按钮...
2026-07-02 15:05:42,368 - INFO - 查找并点击登录按钮...
2026-07-02 15:05:42,391 - INFO - 通过 ID=login_submit 找到登录按钮
2026-07-02 15:05:46,660 - INFO - 已点击登录按钮
2026-07-02 15:05:55,699 - INFO - 未检测到验证码错误提示，验证码可能通过
2026-07-02 15:05:55,699 - INFO - 等待登录成功...
2026-07-02 15:05:55,708 - INFO - 检测到已跳转到电费页面: https://epay.nju.edu.cn/epay/h5/nju/electric/index
2026-07-02 15:05:55,708 - INFO - 查找'去充值'按钮...
2026-07-02 15:05:55,732 - INFO - 通过文本包含 '去充值' 找到充值按钮
2026-07-02 15:05:57,598 - INFO - 已点击充值按钮
2026-07-02 15:06:00,599 - INFO - 开始提取剩余电量信息...
2026-07-02 15:06:00,620 - INFO - 找到电量信息元素（已省略具体文本以保护隐私）
2026-07-02 15:06:00,621 - WARNING - 未在元素中找到标准格式的电量信息
2026-07-02 15:06:00,634 - INFO - 找到 i 标签中的电量信息（已省略具体文本）
2026-07-02 15:06:00,634 - WARNING - i标签中未找到标准格式的电量信息
2026-07-02 15:06:00,634 - WARNING - 未找到i标签中的电量信息
2026-07-02 15:06:00,637 - INFO - 在页面源码中查找电量信息...
2026-07-02 15:06:00,637 - INFO - 从页面源码中提取到剩余电量: 51.75 度
2026-07-02 15:06:00,652 - INFO - 数据已保存: 51.75 度
2026-07-02 15:06:00,898 - INFO - 电量变化曲线图已保存到: /home/runner/work/nju_electric_monitor/nju_electric_monitor/src/../data/electricity_trend.png
2026-07-02 15:06:01,132 - INFO - 最近20次电量变化曲线图已保存到: /home/runner/work/nju_electric_monitor/nju_electric_monitor/src/../data/recent_20_changes.png
2026-07-02 15:06:01,132 - INFO - 当前剩余电量 51.75 度，高于告警阈值 25.0 度，不发送邮件
2026-07-02 15:06:01,132 - INFO - 监控流程完成
