2026-01-06 02:56:17,717 - INFO - Matplotlib 字体设置：使用回退字体列表，首选可用字体: Noto Sans CJK JP
2026-01-06 02:56:19,819 - INFO - 使用 ChromeDriver: /usr/bin/chromedriver
2026-01-06 02:56:19,819 - WARNING - Using CPU. Note: This module is much faster with a GPU.
2026-01-06 02:56:21,462 - INFO - OCR识别器初始化成功
2026-01-06 02:56:21,462 - INFO - 开始南京大学电费监控流程（自动无头模式）
2026-01-06 02:56:21,462 - INFO - 正在打开页面: https://epay.nju.edu.cn/epay/h5/nju/electric/index
2026-01-06 02:56:31,267 - INFO - 等待登录表单加载...
2026-01-06 02:56:31,277 - INFO - 登录表单已加载
2026-01-06 02:56:31,277 - INFO - 开始填写登录表单...
2026-01-06 02:56:31,336 - INFO - 用户名填写完成
2026-01-06 02:56:31,401 - INFO - 密码填写完成
2026-01-06 02:56:31,401 - INFO - 检查是否有验证码...
2026-01-06 02:56:31,401 - INFO - 查找验证码图片...
2026-01-06 02:56:31,420 - INFO - 找到验证码图片，开始截图...
2026-01-06 02:56:31,484 - INFO - 验证码图片截取成功
2026-01-06 02:56:31,484 - INFO - 开始填写登录表单...
2026-01-06 02:56:31,548 - INFO - 用户名填写完成
2026-01-06 02:56:31,608 - INFO - 密码填写完成
2026-01-06 02:56:31,609 - INFO - 验证码图片已保存到 /home/runner/work/nju_electric_monitor/nju_electric_monitor/src/../data/captcha_debug.png
2026-01-06 02:56:31,609 - INFO - 验证码识别尝试 1/30
2026-01-06 02:56:31,609 - INFO - 开始识别验证码...（easyocr + pytesseract）
2026-01-06 02:56:31,732 - INFO - easyocr 结果: ['dEXH(0.92)']
2026-01-06 02:56:31,888 - INFO - tesseract 结果: deXH
2026-01-06 02:56:31,952 - INFO - easyocr alt1 结果: ['OEXH(0.48)']
2026-01-06 02:56:32,047 - INFO - tesseract alt1 结果: dex
2026-01-06 02:56:32,106 - INFO - easyocr alt2 结果: ['OEXH(0.38)']
2026-01-06 02:56:32,199 - INFO - tesseract alt2 结果: dexXH
2026-01-06 02:56:32,359 - INFO - easyocr alt3 结果: ['OEXH(0.47)']
2026-01-06 02:56:32,465 - INFO - tesseract alt3 结果: dEXH
2026-01-06 02:56:32,524 - INFO - easyocr alt4 结果: ['dEXH(0.40)']
2026-01-06 02:56:32,621 - INFO - tesseract alt4 结果: dex
2026-01-06 02:56:32,680 - INFO - easyocr alt5 结果: ['QEXH(0.38)']
2026-01-06 02:56:32,784 - INFO - tesseract alt5 结果: dex
2026-01-06 02:56:32,784 - INFO - 最终验证码识别结果: dEXH (engine=easyocr, prob=0.9152262806892395)
2026-01-06 02:56:32,784 - INFO - 查找验证码输入框...
2026-01-06 02:56:32,842 - INFO - 验证码填写完成
2026-01-06 02:56:32,842 - INFO - 验证码填写完成，点击登录按钮...
2026-01-06 02:56:32,842 - INFO - 查找并点击登录按钮...
2026-01-06 02:56:36,885 - INFO - 已点击登录按钮
2026-01-06 02:56:43,896 - INFO - 未检测到无效验证码提示，验证码通过
2026-01-06 02:56:43,896 - INFO - 查找并点击登录按钮...
2026-01-06 02:56:43,901 - ERROR - 未找到登录按钮
2026-01-06 02:56:43,901 - ERROR - 点击登录按钮失败
2026-01-06 02:56:43,901 - INFO - 等待登录成功...
2026-01-06 02:56:48,905 - INFO - 登录可能成功，继续下一步...
2026-01-06 02:56:48,905 - INFO - 查找'去充值'按钮...
2026-01-06 02:56:50,549 - INFO - 已点击充值按钮
2026-01-06 02:56:53,549 - INFO - 开始提取剩余电量信息...
2026-01-06 02:56:53,553 - INFO - 页面源码已保存到 /home/runner/work/nju_electric_monitor/nju_electric_monitor/src/../data/debug_page_source.html
2026-01-06 02:56:53,571 - INFO - 找到电量信息元素: 持卡人姓名：吴相民
2026-01-06 02:56:53,571 - WARNING - 未在元素中找到标准格式的电量信息
2026-01-06 02:56:53,583 - INFO - 找到i标签中的电量信息: 吴相民
2026-01-06 02:56:53,584 - WARNING - i标签中未找到标准格式的电量信息
2026-01-06 02:56:53,584 - WARNING - 未找到i标签中的电量信息
2026-01-06 02:56:53,586 - INFO - 在页面源码中查找电量信息...
2026-01-06 02:56:53,586 - INFO - 从页面源码中提取到剩余电量: 170.09 度
2026-01-06 02:56:53,611 - INFO - 数据已保存: 170.09 度
2026-01-06 02:56:53,941 - INFO - 电量变化曲线图已保存到: /home/runner/work/nju_electric_monitor/nju_electric_monitor/src/../data/electricity_trend.png
2026-01-06 02:56:54,182 - INFO - 最近20次电量变化曲线图已保存到: /home/runner/work/nju_electric_monitor/nju_electric_monitor/src/../data/recent_20_changes.png
2026-01-06 02:56:54,182 - INFO - 监控流程完成
