2026-06-27 04:43:54,539 - INFO - Matplotlib 字体设置：使用回退字体列表，首选可用字体: DejaVu Sans
2026-06-27 04:43:55,041 - WARNING - 使用指定 ChromeDriver 失败 (/usr/bin/chromedriver): Message: Service /usr/bin/chromedriver unexpectedly exited. Status code was: 1
，尝试使用 Selenium Manager 自动管理驱动
2026-06-27 04:44:06,752 - INFO - 已切换为 Selenium Manager 自动管理的 ChromeDriver
2026-06-27 04:44:06,822 - INFO - ddddocr 识别器初始化成功
2026-06-27 04:44:06,822 - INFO - 开始南京大学电费监控流程（自动无头模式）
2026-06-27 04:44:06,822 - INFO - 已初始化并清空验证码图片目录: /home/runner/work/nju_electric_monitor/nju_electric_monitor/src/../data/captcha_workflow
2026-06-27 04:44:06,822 - INFO - 正在打开页面: https://epay.nju.edu.cn/epay/h5/nju/electric/index
2026-06-27 04:44:14,671 - INFO - 等待登录表单加载...
2026-06-27 04:44:14,704 - INFO - 登录表单已加载
2026-06-27 04:44:14,704 - INFO - 开始填写登录表单...
2026-06-27 04:44:14,953 - INFO - 用户名填写完成
2026-06-27 04:44:15,063 - INFO - 密码填写完成
2026-06-27 04:44:15,063 - INFO - 开始处理验证码（两层嵌套重试）...
2026-06-27 04:44:15,064 - INFO - 外层页面重试 1/4
2026-06-27 04:44:15,064 - INFO - 等待登录表单加载...
2026-06-27 04:44:15,069 - INFO - 登录表单已加载
2026-06-27 04:44:15,070 - INFO - 开始填写登录表单...
2026-06-27 04:44:15,135 - INFO - 用户名填写完成
2026-06-27 04:44:15,199 - INFO - 密码填写完成
2026-06-27 04:44:16,200 - INFO - 查找验证码图片...
2026-06-27 04:44:16,220 - INFO - 找到验证码图片，开始截图...
2026-06-27 04:44:16,316 - INFO - 验证码图片截取成功
2026-06-27 04:44:16,317 - INFO - 验证码图片已保存到 /home/runner/work/nju_electric_monitor/nju_electric_monitor/src/../data/captcha_debug.png
2026-06-27 04:44:16,317 - INFO - 验证码图片已保存到 /home/runner/work/nju_electric_monitor/nju_electric_monitor/src/../data/captcha_workflow/captcha_outer1.png
2026-06-27 04:44:16,317 - INFO - 验证码识别（同一图片）尝试 1/3，外层 1/4
2026-06-27 04:44:16,317 - INFO - 开始使用 ddddocr 识别验证码...
2026-06-27 04:44:16,331 - INFO - ddddocr 最终验证码识别结果: 7DQB
2026-06-27 04:44:16,332 - INFO - 已将验证码图片重命名为: /home/runner/work/nju_electric_monitor/nju_electric_monitor/src/../data/captcha_workflow/7DQB.png
2026-06-27 04:44:16,332 - INFO - 查找验证码输入框...
2026-06-27 04:44:16,430 - INFO - 通过 XPath 找到 1 个验证码候选输入框，使用第一个。
2026-06-27 04:44:16,485 - INFO - 验证码填写完成
2026-06-27 04:44:17,485 - INFO - 验证码填写完成，点击登录按钮...
2026-06-27 04:44:17,485 - INFO - 查找并点击登录按钮...
2026-06-27 04:44:17,507 - INFO - 通过 ID=login_submit 找到登录按钮
2026-06-27 04:44:21,615 - INFO - 已点击登录按钮
2026-06-27 04:44:30,656 - INFO - 未检测到验证码错误提示，验证码可能通过
2026-06-27 04:44:30,656 - INFO - 等待登录成功...
2026-06-27 04:44:30,666 - INFO - 检测到已跳转到电费页面: https://epay.nju.edu.cn/epay/h5/nju/electric/index
2026-06-27 04:44:30,666 - INFO - 查找'去充值'按钮...
2026-06-27 04:44:30,689 - INFO - 通过文本包含 '去充值' 找到充值按钮
2026-06-27 04:44:32,223 - INFO - 已点击充值按钮
2026-06-27 04:44:35,224 - INFO - 开始提取剩余电量信息...
2026-06-27 04:44:35,243 - INFO - 找到电量信息元素（已省略具体文本以保护隐私）
2026-06-27 04:44:35,243 - WARNING - 未在元素中找到标准格式的电量信息
2026-06-27 04:44:35,256 - INFO - 找到 i 标签中的电量信息（已省略具体文本）
2026-06-27 04:44:35,256 - WARNING - i标签中未找到标准格式的电量信息
2026-06-27 04:44:35,256 - WARNING - 未找到i标签中的电量信息
2026-06-27 04:44:35,259 - INFO - 在页面源码中查找电量信息...
2026-06-27 04:44:35,259 - INFO - 从页面源码中提取到剩余电量: 39.8 度
2026-06-27 04:44:35,274 - INFO - 数据已保存: 39.8 度
2026-06-27 04:44:35,553 - INFO - 电量变化曲线图已保存到: /home/runner/work/nju_electric_monitor/nju_electric_monitor/src/../data/electricity_trend.png
2026-06-27 04:44:35,810 - INFO - 最近20次电量变化曲线图已保存到: /home/runner/work/nju_electric_monitor/nju_electric_monitor/src/../data/recent_20_changes.png
2026-06-27 04:44:35,810 - INFO - 当前剩余电量 39.8 度，高于告警阈值 25.0 度，不发送邮件
2026-06-27 04:44:35,810 - INFO - 监控流程完成
