2026-01-21 07:24:16,281 - INFO - Matplotlib 字体设置：使用回退字体列表，首选可用字体: Noto Sans CJK JP
2026-01-21 07:24:17,590 - INFO - 使用 ChromeDriver: /usr/bin/chromedriver
2026-01-21 07:24:17,590 - WARNING - Using CPU. Note: This module is much faster with a GPU.
2026-01-21 07:24:19,209 - INFO - OCR识别器初始化成功
2026-01-21 07:24:19,209 - INFO - 开始南京大学电费监控流程（自动无头模式）
2026-01-21 07:24:19,209 - INFO - 正在打开页面: https://epay.nju.edu.cn/epay/h5/nju/electric/index
2026-01-21 07:24:29,842 - INFO - 等待登录表单加载...
2026-01-21 07:24:29,852 - INFO - 登录表单已加载
2026-01-21 07:24:29,852 - INFO - 开始填写登录表单...
2026-01-21 07:24:29,914 - INFO - 用户名填写完成
2026-01-21 07:24:29,974 - INFO - 密码填写完成
2026-01-21 07:24:29,975 - INFO - 检查是否有验证码...
2026-01-21 07:24:29,975 - INFO - 查找验证码图片...
2026-01-21 07:24:29,994 - INFO - 找到验证码图片，开始截图...
2026-01-21 07:24:30,046 - INFO - 验证码图片截取成功
2026-01-21 07:24:30,046 - INFO - 开始填写登录表单...
2026-01-21 07:24:30,105 - INFO - 用户名填写完成
2026-01-21 07:24:30,161 - INFO - 密码填写完成
2026-01-21 07:24:30,162 - INFO - 验证码图片已保存到 /home/runner/work/nju_electric_monitor/nju_electric_monitor/src/../data/captcha_debug.png
2026-01-21 07:24:30,162 - INFO - 验证码识别尝试 1/30
2026-01-21 07:24:30,162 - INFO - 开始识别验证码...（easyocr + pytesseract）
2026-01-21 07:24:30,267 - INFO - easyocr 结果: ['pPKN(0.83)']
2026-01-21 07:24:30,597 - INFO - tesseract 结果: pPKN
2026-01-21 07:24:30,660 - INFO - easyocr alt1 结果: ['pPKN(0.93)']
2026-01-21 07:24:30,738 - INFO - tesseract alt1 结果: pPKN
2026-01-21 07:24:30,792 - INFO - easyocr alt2 结果: ['pPKN(0.95)']
2026-01-21 07:24:30,868 - INFO - tesseract alt2 结果: pPKN
2026-01-21 07:24:30,998 - INFO - easyocr alt3 结果: ['pPKN(0.95)']
2026-01-21 07:24:31,088 - INFO - tesseract alt3 结果: pPKN
2026-01-21 07:24:31,140 - INFO - easyocr alt4 结果: ['pPKN(0.52)']
2026-01-21 07:24:31,218 - INFO - tesseract alt4 结果: pPKN
2026-01-21 07:24:31,271 - INFO - easyocr alt5 结果: ['pPKN(0.75)']
2026-01-21 07:24:31,351 - INFO - tesseract alt5 结果: pPKN
2026-01-21 07:24:31,351 - INFO - 最终验证码识别结果: pPKN (engine=easyocr_alt2, prob=0.9524486660957336)
2026-01-21 07:24:31,351 - INFO - 查找验证码输入框...
2026-01-21 07:24:31,406 - INFO - 验证码填写完成
2026-01-21 07:24:31,407 - INFO - 验证码填写完成，点击登录按钮...
2026-01-21 07:24:31,407 - INFO - 查找并点击登录按钮...
2026-01-21 07:24:35,532 - INFO - 已点击登录按钮
2026-01-21 07:24:42,542 - INFO - 未检测到无效验证码提示，验证码通过
2026-01-21 07:24:42,542 - INFO - 查找并点击登录按钮...
2026-01-21 07:24:42,547 - ERROR - 未找到登录按钮
2026-01-21 07:24:42,547 - ERROR - 点击登录按钮失败
2026-01-21 07:24:42,547 - INFO - 等待登录成功...
2026-01-21 07:24:47,551 - INFO - 登录可能成功，继续下一步...
2026-01-21 07:24:47,551 - INFO - 查找'去充值'按钮...
2026-01-21 07:24:49,173 - INFO - 已点击充值按钮
2026-01-21 07:24:52,173 - INFO - 开始提取剩余电量信息...
2026-01-21 07:24:52,177 - INFO - 页面源码已保存到 /home/runner/work/nju_electric_monitor/nju_electric_monitor/src/../data/debug_page_source.html
2026-01-21 07:24:52,194 - INFO - 找到电量信息元素: 持卡人姓名：吴相民
2026-01-21 07:24:52,195 - WARNING - 未在元素中找到标准格式的电量信息
2026-01-21 07:24:52,207 - INFO - 找到i标签中的电量信息: 吴相民
2026-01-21 07:24:52,207 - WARNING - i标签中未找到标准格式的电量信息
2026-01-21 07:24:52,207 - WARNING - 未找到i标签中的电量信息
2026-01-21 07:24:52,210 - INFO - 在页面源码中查找电量信息...
2026-01-21 07:24:52,210 - INFO - 从页面源码中提取到剩余电量: 97.0 度
2026-01-21 07:24:52,234 - INFO - 数据已保存: 97.0 度
2026-01-21 07:24:52,476 - INFO - 电量变化曲线图已保存到: /home/runner/work/nju_electric_monitor/nju_electric_monitor/src/../data/electricity_trend.png
2026-01-21 07:24:52,704 - INFO - 最近20次电量变化曲线图已保存到: /home/runner/work/nju_electric_monitor/nju_electric_monitor/src/../data/recent_20_changes.png
2026-01-21 07:24:52,704 - INFO - 监控流程完成
