2025-12-31 02:55:01,748 - INFO - Matplotlib 字体设置：使用回退字体列表，首选可用字体: Noto Sans CJK JP
2025-12-31 02:55:03,288 - INFO - 使用 ChromeDriver: /usr/bin/chromedriver
2025-12-31 02:55:03,288 - WARNING - Using CPU. Note: This module is much faster with a GPU.
2025-12-31 02:55:04,880 - INFO - OCR识别器初始化成功
2025-12-31 02:55:04,880 - INFO - 开始南京大学电费监控流程（自动无头模式）
2025-12-31 02:55:04,880 - INFO - 正在打开页面: https://epay.nju.edu.cn/epay/h5/nju/electric/index
2025-12-31 02:55:11,640 - INFO - 等待登录表单加载...
2025-12-31 02:55:11,651 - INFO - 登录表单已加载
2025-12-31 02:55:11,651 - INFO - 开始填写登录表单...
2025-12-31 02:55:11,714 - INFO - 用户名填写完成
2025-12-31 02:55:11,783 - INFO - 密码填写完成
2025-12-31 02:55:11,783 - INFO - 检查是否有验证码...
2025-12-31 02:55:11,783 - INFO - 查找验证码图片...
2025-12-31 02:55:11,806 - INFO - 找到验证码图片，开始截图...
2025-12-31 02:55:11,866 - INFO - 验证码图片截取成功
2025-12-31 02:55:11,866 - INFO - 开始填写登录表单...
2025-12-31 02:55:11,930 - INFO - 用户名填写完成
2025-12-31 02:55:11,993 - INFO - 密码填写完成
2025-12-31 02:55:11,994 - INFO - 验证码图片已保存到 /home/runner/work/nju_electric_monitor/nju_electric_monitor/src/../data/captcha_debug.png
2025-12-31 02:55:11,994 - INFO - 验证码识别尝试 1/30
2025-12-31 02:55:11,994 - INFO - 开始识别验证码...（easyocr + pytesseract）
2025-12-31 02:55:12,121 - INFO - easyocr 结果: ['XQ18(0.66)']
2025-12-31 02:55:12,285 - INFO - tesseract 结果: xQ1B
2025-12-31 02:55:12,351 - INFO - easyocr alt1 结果: ['XQ18(0.73)']
2025-12-31 02:55:12,447 - INFO - tesseract alt1 结果: xQ1B
2025-12-31 02:55:12,506 - INFO - easyocr alt2 结果: ['XQ18(0.50)']
2025-12-31 02:55:12,600 - INFO - tesseract alt2 结果: xQIB
2025-12-31 02:55:12,762 - INFO - easyocr alt3 结果: ['XQ18(0.81)']
2025-12-31 02:55:12,869 - INFO - tesseract alt3 结果: xO18
2025-12-31 02:55:12,930 - INFO - easyocr alt4 结果: ['XQ1(0.39)']
2025-12-31 02:55:13,031 - INFO - tesseract alt4 结果: xQI8
2025-12-31 02:55:13,091 - INFO - easyocr alt5 结果: ['XQ1(0.41)']
2025-12-31 02:55:13,184 - INFO - tesseract alt5 结果: xO1B
2025-12-31 02:55:13,185 - INFO - 最终验证码识别结果: XQ18 (engine=easyocr_alt3, prob=0.8058946132659912)
2025-12-31 02:55:13,185 - INFO - 查找验证码输入框...
2025-12-31 02:55:13,248 - INFO - 验证码填写完成
2025-12-31 02:55:13,248 - INFO - 验证码填写完成，点击登录按钮...
2025-12-31 02:55:13,248 - INFO - 查找并点击登录按钮...
2025-12-31 02:55:13,594 - INFO - 已点击登录按钮
2025-12-31 02:55:20,621 - INFO - 开始填写登录表单...
2025-12-31 02:55:20,681 - INFO - 用户名填写完成
2025-12-31 02:55:20,745 - INFO - 密码填写完成
2025-12-31 02:55:20,745 - INFO - 验证码图片已保存到 /home/runner/work/nju_electric_monitor/nju_electric_monitor/src/../data/captcha_debug.png
2025-12-31 02:55:20,746 - INFO - 验证码识别尝试 2/30
2025-12-31 02:55:20,746 - INFO - 开始识别验证码...（easyocr + pytesseract）
2025-12-31 02:55:20,855 - INFO - easyocr 结果: ['XQ18(0.66)']
2025-12-31 02:55:20,951 - INFO - tesseract 结果: xQ1B
2025-12-31 02:55:21,013 - INFO - easyocr alt1 结果: ['XQ18(0.73)']
2025-12-31 02:55:21,109 - INFO - tesseract alt1 结果: xQ1B
2025-12-31 02:55:21,169 - INFO - easyocr alt2 结果: ['XQ18(0.50)']
2025-12-31 02:55:21,263 - INFO - tesseract alt2 结果: xQIB
2025-12-31 02:55:21,419 - INFO - easyocr alt3 结果: ['XQ18(0.81)']
2025-12-31 02:55:21,526 - INFO - tesseract alt3 结果: xO18
2025-12-31 02:55:21,586 - INFO - easyocr alt4 结果: ['XQ1(0.39)']
2025-12-31 02:55:21,686 - INFO - tesseract alt4 结果: xQI8
2025-12-31 02:55:21,746 - INFO - easyocr alt5 结果: ['XQ1(0.41)']
2025-12-31 02:55:21,845 - INFO - tesseract alt5 结果: xO1B
2025-12-31 02:55:21,845 - INFO - 最终验证码识别结果: XQ18 (engine=easyocr_alt3, prob=0.8058946132659912)
2025-12-31 02:55:21,845 - INFO - 查找验证码输入框...
2025-12-31 02:55:21,901 - INFO - 验证码填写完成
2025-12-31 02:55:21,901 - INFO - 验证码填写完成，点击登录按钮...
2025-12-31 02:55:21,901 - INFO - 查找并点击登录按钮...
2025-12-31 02:55:21,956 - INFO - 已点击登录按钮
2025-12-31 02:55:28,976 - INFO - 开始填写登录表单...
2025-12-31 02:55:29,040 - INFO - 用户名填写完成
2025-12-31 02:55:29,100 - INFO - 密码填写完成
2025-12-31 02:55:29,100 - INFO - 验证码图片已保存到 /home/runner/work/nju_electric_monitor/nju_electric_monitor/src/../data/captcha_debug.png
2025-12-31 02:55:29,100 - INFO - 验证码识别尝试 3/30
2025-12-31 02:55:29,100 - INFO - 开始识别验证码...（easyocr + pytesseract）
2025-12-31 02:55:29,198 - INFO - easyocr 结果: ['XQ18(0.66)']
2025-12-31 02:55:29,294 - INFO - tesseract 结果: xQ1B
2025-12-31 02:55:29,356 - INFO - easyocr alt1 结果: ['XQ18(0.73)']
2025-12-31 02:55:29,452 - INFO - tesseract alt1 结果: xQ1B
2025-12-31 02:55:29,512 - INFO - easyocr alt2 结果: ['XQ18(0.50)']
2025-12-31 02:55:29,605 - INFO - tesseract alt2 结果: xQIB
2025-12-31 02:55:29,760 - INFO - easyocr alt3 结果: ['XQ18(0.81)']
2025-12-31 02:55:29,866 - INFO - tesseract alt3 结果: xO18
2025-12-31 02:55:29,926 - INFO - easyocr alt4 结果: ['XQ1(0.39)']
2025-12-31 02:55:30,022 - INFO - tesseract alt4 结果: xQI8
2025-12-31 02:55:30,082 - INFO - easyocr alt5 结果: ['XQ1(0.41)']
2025-12-31 02:55:30,174 - INFO - tesseract alt5 结果: xO1B
2025-12-31 02:55:30,175 - INFO - 最终验证码识别结果: XQ18 (engine=easyocr_alt3, prob=0.8058946132659912)
2025-12-31 02:55:30,175 - INFO - 查找验证码输入框...
2025-12-31 02:55:30,230 - INFO - 验证码填写完成
2025-12-31 02:55:30,231 - INFO - 验证码填写完成，点击登录按钮...
2025-12-31 02:55:30,231 - INFO - 查找并点击登录按钮...
2025-12-31 02:55:30,286 - INFO - 已点击登录按钮
2025-12-31 02:55:37,306 - INFO - 开始填写登录表单...
2025-12-31 02:55:37,366 - INFO - 用户名填写完成
2025-12-31 02:55:37,427 - INFO - 密码填写完成
2025-12-31 02:55:37,428 - INFO - 验证码图片已保存到 /home/runner/work/nju_electric_monitor/nju_electric_monitor/src/../data/captcha_debug.png
2025-12-31 02:55:37,428 - INFO - 验证码识别尝试 4/30
2025-12-31 02:55:37,428 - INFO - 开始识别验证码...（easyocr + pytesseract）
2025-12-31 02:55:37,525 - INFO - easyocr 结果: ['XQ18(0.66)']
2025-12-31 02:55:37,623 - INFO - tesseract 结果: xQ1B
2025-12-31 02:55:37,684 - INFO - easyocr alt1 结果: ['XQ18(0.73)']
2025-12-31 02:55:37,776 - INFO - tesseract alt1 结果: xQ1B
2025-12-31 02:55:37,836 - INFO - easyocr alt2 结果: ['XQ18(0.50)']
2025-12-31 02:55:37,930 - INFO - tesseract alt2 结果: xQIB
2025-12-31 02:55:38,086 - INFO - easyocr alt3 结果: ['XQ18(0.81)']
2025-12-31 02:55:38,194 - INFO - tesseract alt3 结果: xO18
2025-12-31 02:55:38,254 - INFO - easyocr alt4 结果: ['XQ1(0.39)']
2025-12-31 02:55:38,352 - INFO - tesseract alt4 结果: xQI8
2025-12-31 02:55:38,420 - INFO - easyocr alt5 结果: ['XQ1(0.41)']
2025-12-31 02:55:38,518 - INFO - tesseract alt5 结果: xO1B
2025-12-31 02:55:38,518 - INFO - 最终验证码识别结果: XQ18 (engine=easyocr_alt3, prob=0.8058946132659912)
2025-12-31 02:55:38,518 - INFO - 查找验证码输入框...
2025-12-31 02:55:38,574 - INFO - 验证码填写完成
2025-12-31 02:55:38,575 - INFO - 验证码填写完成，点击登录按钮...
2025-12-31 02:55:38,575 - INFO - 查找并点击登录按钮...
2025-12-31 02:55:38,894 - INFO - 已点击登录按钮
2025-12-31 02:55:45,914 - INFO - 开始填写登录表单...
2025-12-31 02:55:45,975 - INFO - 用户名填写完成
2025-12-31 02:55:46,034 - INFO - 密码填写完成
2025-12-31 02:55:46,034 - INFO - 验证码图片已保存到 /home/runner/work/nju_electric_monitor/nju_electric_monitor/src/../data/captcha_debug.png
2025-12-31 02:55:46,035 - INFO - 验证码识别尝试 5/30
2025-12-31 02:55:46,035 - INFO - 开始识别验证码...（easyocr + pytesseract）
2025-12-31 02:55:46,142 - INFO - easyocr 结果: ['XQ18(0.66)']
2025-12-31 02:55:46,242 - INFO - tesseract 结果: xQ1B
2025-12-31 02:55:46,303 - INFO - easyocr alt1 结果: ['XQ18(0.73)']
2025-12-31 02:55:46,396 - INFO - tesseract alt1 结果: xQ1B
2025-12-31 02:55:46,456 - INFO - easyocr alt2 结果: ['XQ18(0.50)']
2025-12-31 02:55:46,548 - INFO - tesseract alt2 结果: xQIB
2025-12-31 02:55:46,704 - INFO - easyocr alt3 结果: ['XQ18(0.81)']
2025-12-31 02:55:46,813 - INFO - tesseract alt3 结果: xO18
2025-12-31 02:55:46,876 - INFO - easyocr alt4 结果: ['XQ1(0.39)']
2025-12-31 02:55:46,976 - INFO - tesseract alt4 结果: xQI8
2025-12-31 02:55:47,036 - INFO - easyocr alt5 结果: ['XQ1(0.41)']
2025-12-31 02:55:47,130 - INFO - tesseract alt5 结果: xO1B
2025-12-31 02:55:47,130 - INFO - 最终验证码识别结果: XQ18 (engine=easyocr_alt3, prob=0.8058946132659912)
2025-12-31 02:55:47,130 - INFO - 查找验证码输入框...
2025-12-31 02:55:47,186 - INFO - 验证码填写完成
2025-12-31 02:55:47,187 - INFO - 验证码填写完成，点击登录按钮...
2025-12-31 02:55:47,187 - INFO - 查找并点击登录按钮...
2025-12-31 02:55:47,504 - INFO - 已点击登录按钮
2025-12-31 02:55:54,524 - INFO - 开始填写登录表单...
2025-12-31 02:55:54,584 - INFO - 用户名填写完成
2025-12-31 02:55:54,643 - INFO - 密码填写完成
2025-12-31 02:55:54,644 - INFO - 验证码图片已保存到 /home/runner/work/nju_electric_monitor/nju_electric_monitor/src/../data/captcha_debug.png
2025-12-31 02:55:54,644 - INFO - 验证码识别尝试 6/30
2025-12-31 02:55:54,644 - INFO - 开始识别验证码...（easyocr + pytesseract）
2025-12-31 02:55:54,741 - INFO - easyocr 结果: ['XQ18(0.66)']
2025-12-31 02:55:54,837 - INFO - tesseract 结果: xQ1B
2025-12-31 02:55:54,908 - INFO - easyocr alt1 结果: ['XQ18(0.73)']
2025-12-31 02:55:55,007 - INFO - tesseract alt1 结果: xQ1B
2025-12-31 02:55:55,067 - INFO - easyocr alt2 结果: ['XQ18(0.50)']
2025-12-31 02:55:55,161 - INFO - tesseract alt2 结果: xQIB
2025-12-31 02:55:55,317 - INFO - easyocr alt3 结果: ['XQ18(0.81)']
2025-12-31 02:55:55,430 - INFO - tesseract alt3 结果: xO18
2025-12-31 02:55:55,489 - INFO - easyocr alt4 结果: ['XQ1(0.39)']
2025-12-31 02:55:55,590 - INFO - tesseract alt4 结果: xQI8
2025-12-31 02:55:55,649 - INFO - easyocr alt5 结果: ['XQ1(0.41)']
2025-12-31 02:55:55,747 - INFO - tesseract alt5 结果: xO1B
2025-12-31 02:55:55,747 - INFO - 最终验证码识别结果: XQ18 (engine=easyocr_alt3, prob=0.8058946132659912)
2025-12-31 02:55:55,747 - INFO - 查找验证码输入框...
2025-12-31 02:55:55,804 - INFO - 验证码填写完成
2025-12-31 02:55:55,804 - INFO - 验证码填写完成，点击登录按钮...
2025-12-31 02:55:55,804 - INFO - 查找并点击登录按钮...
2025-12-31 02:55:56,124 - INFO - 已点击登录按钮
2025-12-31 02:56:03,144 - INFO - 开始填写登录表单...
2025-12-31 02:56:03,205 - INFO - 用户名填写完成
2025-12-31 02:56:03,270 - INFO - 密码填写完成
2025-12-31 02:56:03,270 - INFO - 验证码图片已保存到 /home/runner/work/nju_electric_monitor/nju_electric_monitor/src/../data/captcha_debug.png
2025-12-31 02:56:03,270 - INFO - 验证码识别尝试 7/30
2025-12-31 02:56:03,270 - INFO - 开始识别验证码...（easyocr + pytesseract）
2025-12-31 02:56:03,450 - INFO - easyocr 结果: ['XQ18(0.66)']
2025-12-31 02:56:03,555 - INFO - tesseract 结果: xQ1B
2025-12-31 02:56:03,624 - INFO - easyocr alt1 结果: ['XQ18(0.73)']
2025-12-31 02:56:03,718 - INFO - tesseract alt1 结果: xQ1B
2025-12-31 02:56:03,786 - INFO - easyocr alt2 结果: ['XQ18(0.50)']
2025-12-31 02:56:03,886 - INFO - tesseract alt2 结果: xQIB
2025-12-31 02:56:04,042 - INFO - easyocr alt3 结果: ['XQ18(0.81)']
2025-12-31 02:56:04,372 - INFO - tesseract alt3 结果: xO18
2025-12-31 02:56:04,445 - INFO - easyocr alt4 结果: ['XQ1(0.39)']
2025-12-31 02:56:04,543 - INFO - tesseract alt4 结果: xQI8
2025-12-31 02:56:04,603 - INFO - easyocr alt5 结果: ['XQ1(0.41)']
2025-12-31 02:56:04,697 - INFO - tesseract alt5 结果: xO1B
2025-12-31 02:56:04,698 - INFO - 最终验证码识别结果: XQ18 (engine=easyocr_alt3, prob=0.8058946132659912)
2025-12-31 02:56:04,698 - INFO - 查找验证码输入框...
2025-12-31 02:56:04,754 - INFO - 验证码填写完成
2025-12-31 02:56:04,754 - INFO - 验证码填写完成，点击登录按钮...
2025-12-31 02:56:04,754 - INFO - 查找并点击登录按钮...
2025-12-31 02:56:05,071 - INFO - 已点击登录按钮
2025-12-31 02:56:12,091 - INFO - 开始填写登录表单...
2025-12-31 02:56:12,154 - INFO - 用户名填写完成
2025-12-31 02:56:12,214 - INFO - 密码填写完成
2025-12-31 02:56:12,214 - INFO - 验证码图片已保存到 /home/runner/work/nju_electric_monitor/nju_electric_monitor/src/../data/captcha_debug.png
2025-12-31 02:56:12,214 - INFO - 验证码识别尝试 8/30
2025-12-31 02:56:12,214 - INFO - 开始识别验证码...（easyocr + pytesseract）
2025-12-31 02:56:12,313 - INFO - easyocr 结果: ['XQ18(0.66)']
2025-12-31 02:56:12,412 - INFO - tesseract 结果: xQ1B
2025-12-31 02:56:12,472 - INFO - easyocr alt1 结果: ['XQ18(0.73)']
2025-12-31 02:56:12,569 - INFO - tesseract alt1 结果: xQ1B
2025-12-31 02:56:12,639 - INFO - easyocr alt2 结果: ['XQ18(0.50)']
2025-12-31 02:56:12,738 - INFO - tesseract alt2 结果: xQIB
2025-12-31 02:56:12,899 - INFO - easyocr alt3 结果: ['XQ18(0.81)']
2025-12-31 02:56:13,010 - INFO - tesseract alt3 结果: xO18
2025-12-31 02:56:13,071 - INFO - easyocr alt4 结果: ['XQ1(0.39)']
2025-12-31 02:56:13,171 - INFO - tesseract alt4 结果: xQI8
2025-12-31 02:56:13,232 - INFO - easyocr alt5 结果: ['XQ1(0.41)']
2025-12-31 02:56:13,328 - INFO - tesseract alt5 结果: xO1B
2025-12-31 02:56:13,328 - INFO - 最终验证码识别结果: XQ18 (engine=easyocr_alt3, prob=0.8058946132659912)
2025-12-31 02:56:13,329 - INFO - 查找验证码输入框...
2025-12-31 02:56:13,385 - INFO - 验证码填写完成
2025-12-31 02:56:13,385 - INFO - 验证码填写完成，点击登录按钮...
2025-12-31 02:56:13,385 - INFO - 查找并点击登录按钮...
2025-12-31 02:56:13,710 - INFO - 已点击登录按钮
2025-12-31 02:56:20,731 - INFO - 开始填写登录表单...
2025-12-31 02:56:20,793 - INFO - 用户名填写完成
2025-12-31 02:56:20,852 - INFO - 密码填写完成
2025-12-31 02:56:20,852 - INFO - 验证码图片已保存到 /home/runner/work/nju_electric_monitor/nju_electric_monitor/src/../data/captcha_debug.png
2025-12-31 02:56:20,852 - INFO - 验证码识别尝试 9/30
2025-12-31 02:56:20,852 - INFO - 开始识别验证码...（easyocr + pytesseract）
2025-12-31 02:56:20,950 - INFO - easyocr 结果: ['XQ18(0.66)']
2025-12-31 02:56:21,048 - INFO - tesseract 结果: xQ1B
2025-12-31 02:56:21,108 - INFO - easyocr alt1 结果: ['XQ18(0.73)']
2025-12-31 02:56:21,204 - INFO - tesseract alt1 结果: xQ1B
2025-12-31 02:56:21,263 - INFO - easyocr alt2 结果: ['XQ18(0.50)']
2025-12-31 02:56:21,357 - INFO - tesseract alt2 结果: xQIB
2025-12-31 02:56:21,513 - INFO - easyocr alt3 结果: ['XQ18(0.81)']
2025-12-31 02:56:21,619 - INFO - tesseract alt3 结果: xO18
2025-12-31 02:56:21,678 - INFO - easyocr alt4 结果: ['XQ1(0.39)']
2025-12-31 02:56:21,777 - INFO - tesseract alt4 结果: xQI8
2025-12-31 02:56:21,844 - INFO - easyocr alt5 结果: ['XQ1(0.41)']
2025-12-31 02:56:21,941 - INFO - tesseract alt5 结果: xO1B
2025-12-31 02:56:21,941 - INFO - 最终验证码识别结果: XQ18 (engine=easyocr_alt3, prob=0.8058946132659912)
2025-12-31 02:56:21,941 - INFO - 查找验证码输入框...
2025-12-31 02:56:21,997 - INFO - 验证码填写完成
2025-12-31 02:56:21,997 - INFO - 验证码填写完成，点击登录按钮...
2025-12-31 02:56:21,997 - INFO - 查找并点击登录按钮...
2025-12-31 02:56:22,052 - INFO - 已点击登录按钮
2025-12-31 02:56:29,073 - INFO - 开始填写登录表单...
2025-12-31 02:56:29,135 - INFO - 用户名填写完成
2025-12-31 02:56:29,194 - INFO - 密码填写完成
2025-12-31 02:56:29,195 - INFO - 验证码图片已保存到 /home/runner/work/nju_electric_monitor/nju_electric_monitor/src/../data/captcha_debug.png
2025-12-31 02:56:29,195 - INFO - 验证码识别尝试 10/30
2025-12-31 02:56:29,195 - INFO - 开始识别验证码...（easyocr + pytesseract）
2025-12-31 02:56:29,293 - INFO - easyocr 结果: ['XQ18(0.66)']
2025-12-31 02:56:29,388 - INFO - tesseract 结果: xQ1B
2025-12-31 02:56:29,448 - INFO - easyocr alt1 结果: ['XQ18(0.73)']
2025-12-31 02:56:29,543 - INFO - tesseract alt1 结果: xQ1B
2025-12-31 02:56:29,602 - INFO - easyocr alt2 结果: ['XQ18(0.50)']
2025-12-31 02:56:29,697 - INFO - tesseract alt2 结果: xQIB
2025-12-31 02:56:29,852 - INFO - easyocr alt3 结果: ['XQ18(0.81)']
2025-12-31 02:56:29,957 - INFO - tesseract alt3 结果: xO18
2025-12-31 02:56:30,016 - INFO - easyocr alt4 结果: ['XQ1(0.39)']
2025-12-31 02:56:30,115 - INFO - tesseract alt4 结果: xQI8
2025-12-31 02:56:30,174 - INFO - easyocr alt5 结果: ['XQ1(0.41)']
2025-12-31 02:56:30,268 - INFO - tesseract alt5 结果: xO1B
2025-12-31 02:56:30,268 - INFO - 最终验证码识别结果: XQ18 (engine=easyocr_alt3, prob=0.8058946132659912)
2025-12-31 02:56:30,268 - INFO - 查找验证码输入框...
2025-12-31 02:56:30,326 - INFO - 验证码填写完成
2025-12-31 02:56:30,326 - INFO - 验证码填写完成，点击登录按钮...
2025-12-31 02:56:30,326 - INFO - 查找并点击登录按钮...
2025-12-31 02:56:30,381 - INFO - 已点击登录按钮
2025-12-31 02:56:37,402 - INFO - 开始填写登录表单...
2025-12-31 02:56:37,464 - INFO - 用户名填写完成
2025-12-31 02:56:37,525 - INFO - 密码填写完成
2025-12-31 02:56:37,525 - INFO - 验证码图片已保存到 /home/runner/work/nju_electric_monitor/nju_electric_monitor/src/../data/captcha_debug.png
2025-12-31 02:56:37,526 - INFO - 验证码识别尝试 11/30
2025-12-31 02:56:37,526 - INFO - 开始识别验证码...（easyocr + pytesseract）
2025-12-31 02:56:37,622 - INFO - easyocr 结果: ['XQ18(0.66)']
2025-12-31 02:56:37,717 - INFO - tesseract 结果: xQ1B
2025-12-31 02:56:37,777 - INFO - easyocr alt1 结果: ['XQ18(0.73)']
2025-12-31 02:56:37,873 - INFO - tesseract alt1 结果: xQ1B
2025-12-31 02:56:37,949 - INFO - easyocr alt2 结果: ['XQ18(0.50)']
2025-12-31 02:56:38,049 - INFO - tesseract alt2 结果: xQIB
2025-12-31 02:56:38,204 - INFO - easyocr alt3 结果: ['XQ18(0.81)']
2025-12-31 02:56:38,313 - INFO - tesseract alt3 结果: xO18
2025-12-31 02:56:38,379 - INFO - easyocr alt4 结果: ['XQ1(0.39)']
2025-12-31 02:56:38,479 - INFO - tesseract alt4 结果: xQI8
2025-12-31 02:56:38,539 - INFO - easyocr alt5 结果: ['XQ1(0.41)']
2025-12-31 02:56:38,637 - INFO - tesseract alt5 结果: xO1B
2025-12-31 02:56:38,637 - INFO - 最终验证码识别结果: XQ18 (engine=easyocr_alt3, prob=0.8058946132659912)
2025-12-31 02:56:38,637 - INFO - 查找验证码输入框...
2025-12-31 02:56:38,696 - INFO - 验证码填写完成
2025-12-31 02:56:38,696 - INFO - 验证码填写完成，点击登录按钮...
2025-12-31 02:56:38,697 - INFO - 查找并点击登录按钮...
2025-12-31 02:56:38,754 - INFO - 已点击登录按钮
2025-12-31 02:56:45,774 - INFO - 开始填写登录表单...
2025-12-31 02:56:45,836 - INFO - 用户名填写完成
2025-12-31 02:56:45,896 - INFO - 密码填写完成
2025-12-31 02:56:45,897 - INFO - 验证码图片已保存到 /home/runner/work/nju_electric_monitor/nju_electric_monitor/src/../data/captcha_debug.png
2025-12-31 02:56:45,897 - INFO - 验证码识别尝试 12/30
2025-12-31 02:56:45,897 - INFO - 开始识别验证码...（easyocr + pytesseract）
2025-12-31 02:56:45,994 - INFO - easyocr 结果: ['XQ18(0.66)']
2025-12-31 02:56:46,091 - INFO - tesseract 结果: xQ1B
2025-12-31 02:56:46,152 - INFO - easyocr alt1 结果: ['XQ18(0.73)']
2025-12-31 02:56:46,244 - INFO - tesseract alt1 结果: xQ1B
2025-12-31 02:56:46,304 - INFO - easyocr alt2 结果: ['XQ18(0.50)']
2025-12-31 02:56:46,399 - INFO - tesseract alt2 结果: xQIB
2025-12-31 02:56:46,554 - INFO - easyocr alt3 结果: ['XQ18(0.81)']
2025-12-31 02:56:46,661 - INFO - tesseract alt3 结果: xO18
2025-12-31 02:56:46,728 - INFO - easyocr alt4 结果: ['XQ1(0.39)']
2025-12-31 02:56:46,830 - INFO - tesseract alt4 结果: xQI8
2025-12-31 02:56:46,890 - INFO - easyocr alt5 结果: ['XQ1(0.41)']
2025-12-31 02:56:46,988 - INFO - tesseract alt5 结果: xO1B
2025-12-31 02:56:46,988 - INFO - 最终验证码识别结果: XQ18 (engine=easyocr_alt3, prob=0.8058946132659912)
2025-12-31 02:56:46,988 - INFO - 查找验证码输入框...
2025-12-31 02:56:47,046 - INFO - 验证码填写完成
2025-12-31 02:56:47,046 - INFO - 验证码填写完成，点击登录按钮...
2025-12-31 02:56:47,046 - INFO - 查找并点击登录按钮...
2025-12-31 02:56:47,103 - INFO - 已点击登录按钮
2025-12-31 02:56:54,124 - INFO - 开始填写登录表单...
2025-12-31 02:56:54,187 - INFO - 用户名填写完成
2025-12-31 02:56:54,247 - INFO - 密码填写完成
2025-12-31 02:56:54,247 - INFO - 验证码图片已保存到 /home/runner/work/nju_electric_monitor/nju_electric_monitor/src/../data/captcha_debug.png
2025-12-31 02:56:54,248 - INFO - 验证码识别尝试 13/30
2025-12-31 02:56:54,248 - INFO - 开始识别验证码...（easyocr + pytesseract）
2025-12-31 02:56:54,346 - INFO - easyocr 结果: ['XQ18(0.66)']
2025-12-31 02:56:54,447 - INFO - tesseract 结果: xQ1B
2025-12-31 02:56:54,507 - INFO - easyocr alt1 结果: ['XQ18(0.73)']
2025-12-31 02:56:54,601 - INFO - tesseract alt1 结果: xQ1B
2025-12-31 02:56:54,661 - INFO - easyocr alt2 结果: ['XQ18(0.50)']
2025-12-31 02:56:54,756 - INFO - tesseract alt2 结果: xQIB
2025-12-31 02:56:54,914 - INFO - easyocr alt3 结果: ['XQ18(0.81)']
2025-12-31 02:56:55,023 - INFO - tesseract alt3 结果: xO18
2025-12-31 02:56:55,082 - INFO - easyocr alt4 结果: ['XQ1(0.39)']
2025-12-31 02:56:55,185 - INFO - tesseract alt4 结果: xQI8
2025-12-31 02:56:55,244 - INFO - easyocr alt5 结果: ['XQ1(0.41)']
2025-12-31 02:56:55,339 - INFO - tesseract alt5 结果: xO1B
2025-12-31 02:56:55,339 - INFO - 最终验证码识别结果: XQ18 (engine=easyocr_alt3, prob=0.8058946132659912)
2025-12-31 02:56:55,340 - INFO - 查找验证码输入框...
2025-12-31 02:56:55,397 - INFO - 验证码填写完成
2025-12-31 02:56:55,397 - INFO - 验证码填写完成，点击登录按钮...
2025-12-31 02:56:55,397 - INFO - 查找并点击登录按钮...
2025-12-31 02:56:55,454 - INFO - 已点击登录按钮
2025-12-31 02:57:02,475 - INFO - 开始填写登录表单...
2025-12-31 02:57:02,539 - INFO - 用户名填写完成
2025-12-31 02:57:02,599 - INFO - 密码填写完成
2025-12-31 02:57:02,600 - INFO - 验证码图片已保存到 /home/runner/work/nju_electric_monitor/nju_electric_monitor/src/../data/captcha_debug.png
2025-12-31 02:57:02,600 - INFO - 验证码识别尝试 14/30
2025-12-31 02:57:02,600 - INFO - 开始识别验证码...（easyocr + pytesseract）
2025-12-31 02:57:02,699 - INFO - easyocr 结果: ['XQ18(0.66)']
2025-12-31 02:57:02,795 - INFO - tesseract 结果: xQ1B
2025-12-31 02:57:02,857 - INFO - easyocr alt1 结果: ['XQ18(0.73)']
2025-12-31 02:57:02,953 - INFO - tesseract alt1 结果: xQ1B
2025-12-31 02:57:03,012 - INFO - easyocr alt2 结果: ['XQ18(0.50)']
2025-12-31 02:57:03,114 - INFO - tesseract alt2 结果: xQIB
2025-12-31 02:57:03,282 - INFO - easyocr alt3 结果: ['XQ18(0.81)']
2025-12-31 02:57:03,391 - INFO - tesseract alt3 结果: xO18
2025-12-31 02:57:03,452 - INFO - easyocr alt4 结果: ['XQ1(0.39)']
2025-12-31 02:57:03,549 - INFO - tesseract alt4 结果: xQI8
2025-12-31 02:57:03,609 - INFO - easyocr alt5 结果: ['XQ1(0.41)']
2025-12-31 02:57:03,705 - INFO - tesseract alt5 结果: xO1B
2025-12-31 02:57:03,705 - INFO - 最终验证码识别结果: XQ18 (engine=easyocr_alt3, prob=0.8058946132659912)
2025-12-31 02:57:03,705 - INFO - 查找验证码输入框...
2025-12-31 02:57:03,766 - INFO - 验证码填写完成
2025-12-31 02:57:03,767 - INFO - 验证码填写完成，点击登录按钮...
2025-12-31 02:57:03,767 - INFO - 查找并点击登录按钮...
2025-12-31 02:57:04,086 - INFO - 已点击登录按钮
2025-12-31 02:57:11,107 - INFO - 开始填写登录表单...
2025-12-31 02:57:11,169 - INFO - 用户名填写完成
2025-12-31 02:57:11,231 - INFO - 密码填写完成
2025-12-31 02:57:11,231 - INFO - 验证码图片已保存到 /home/runner/work/nju_electric_monitor/nju_electric_monitor/src/../data/captcha_debug.png
2025-12-31 02:57:11,231 - INFO - 验证码识别尝试 15/30
2025-12-31 02:57:11,231 - INFO - 开始识别验证码...（easyocr + pytesseract）
2025-12-31 02:57:11,346 - INFO - easyocr 结果: ['XQ18(0.66)']
2025-12-31 02:57:11,441 - INFO - tesseract 结果: xQ1B
2025-12-31 02:57:11,502 - INFO - easyocr alt1 结果: ['XQ18(0.73)']
2025-12-31 02:57:11,597 - INFO - tesseract alt1 结果: xQ1B
2025-12-31 02:57:11,658 - INFO - easyocr alt2 结果: ['XQ18(0.50)']
2025-12-31 02:57:11,754 - INFO - tesseract alt2 结果: xQIB
2025-12-31 02:57:11,917 - INFO - easyocr alt3 结果: ['XQ18(0.81)']
2025-12-31 02:57:12,028 - INFO - tesseract alt3 结果: xO18
2025-12-31 02:57:12,087 - INFO - easyocr alt4 结果: ['XQ1(0.39)']
2025-12-31 02:57:12,185 - INFO - tesseract alt4 结果: xQI8
2025-12-31 02:57:12,247 - INFO - easyocr alt5 结果: ['XQ1(0.41)']
2025-12-31 02:57:12,342 - INFO - tesseract alt5 结果: xO1B
2025-12-31 02:57:12,342 - INFO - 最终验证码识别结果: XQ18 (engine=easyocr_alt3, prob=0.8058946132659912)
2025-12-31 02:57:12,342 - INFO - 查找验证码输入框...
2025-12-31 02:57:12,401 - INFO - 验证码填写完成
2025-12-31 02:57:12,401 - INFO - 验证码填写完成，点击登录按钮...
2025-12-31 02:57:12,401 - INFO - 查找并点击登录按钮...
2025-12-31 02:57:12,722 - INFO - 已点击登录按钮
2025-12-31 02:57:19,741 - INFO - 开始填写登录表单...
2025-12-31 02:57:19,802 - INFO - 用户名填写完成
2025-12-31 02:57:19,862 - INFO - 密码填写完成
2025-12-31 02:57:19,862 - INFO - 验证码图片已保存到 /home/runner/work/nju_electric_monitor/nju_electric_monitor/src/../data/captcha_debug.png
2025-12-31 02:57:19,862 - INFO - 验证码识别尝试 16/30
2025-12-31 02:57:19,862 - INFO - 开始识别验证码...（easyocr + pytesseract）
2025-12-31 02:57:19,970 - INFO - easyocr 结果: ['XQ18(0.66)']
2025-12-31 02:57:20,066 - INFO - tesseract 结果: xQ1B
2025-12-31 02:57:20,127 - INFO - easyocr alt1 结果: ['XQ18(0.73)']
2025-12-31 02:57:20,220 - INFO - tesseract alt1 结果: xQ1B
2025-12-31 02:57:20,278 - INFO - easyocr alt2 结果: ['XQ18(0.50)']
2025-12-31 02:57:20,378 - INFO - tesseract alt2 结果: xQIB
2025-12-31 02:57:20,533 - INFO - easyocr alt3 结果: ['XQ18(0.81)']
2025-12-31 02:57:20,640 - INFO - tesseract alt3 结果: xO18
2025-12-31 02:57:20,701 - INFO - easyocr alt4 结果: ['XQ1(0.39)']
2025-12-31 02:57:20,800 - INFO - tesseract alt4 结果: xQI8
2025-12-31 02:57:20,860 - INFO - easyocr alt5 结果: ['XQ1(0.41)']
2025-12-31 02:57:20,960 - INFO - tesseract alt5 结果: xO1B
2025-12-31 02:57:20,960 - INFO - 最终验证码识别结果: XQ18 (engine=easyocr_alt3, prob=0.8058946132659912)
2025-12-31 02:57:20,960 - INFO - 查找验证码输入框...
2025-12-31 02:57:21,017 - INFO - 验证码填写完成
2025-12-31 02:57:21,017 - INFO - 验证码填写完成，点击登录按钮...
2025-12-31 02:57:21,017 - INFO - 查找并点击登录按钮...
2025-12-31 02:57:21,356 - INFO - 已点击登录按钮
2025-12-31 02:57:28,375 - INFO - 开始填写登录表单...
2025-12-31 02:57:28,436 - INFO - 用户名填写完成
2025-12-31 02:57:28,495 - INFO - 密码填写完成
2025-12-31 02:57:28,496 - INFO - 验证码图片已保存到 /home/runner/work/nju_electric_monitor/nju_electric_monitor/src/../data/captcha_debug.png
2025-12-31 02:57:28,496 - INFO - 验证码识别尝试 17/30
2025-12-31 02:57:28,496 - INFO - 开始识别验证码...（easyocr + pytesseract）
2025-12-31 02:57:28,594 - INFO - easyocr 结果: ['XQ18(0.66)']
2025-12-31 02:57:28,690 - INFO - tesseract 结果: xQ1B
2025-12-31 02:57:28,750 - INFO - easyocr alt1 结果: ['XQ18(0.73)']
2025-12-31 02:57:28,844 - INFO - tesseract alt1 结果: xQ1B
2025-12-31 02:57:28,903 - INFO - easyocr alt2 结果: ['XQ18(0.50)']
2025-12-31 02:57:28,996 - INFO - tesseract alt2 结果: xQIB
2025-12-31 02:57:29,153 - INFO - easyocr alt3 结果: ['XQ18(0.81)']
2025-12-31 02:57:29,260 - INFO - tesseract alt3 结果: xO18
2025-12-31 02:57:29,320 - INFO - easyocr alt4 结果: ['XQ1(0.39)']
2025-12-31 02:57:29,421 - INFO - tesseract alt4 结果: xQI8
2025-12-31 02:57:29,482 - INFO - easyocr alt5 结果: ['XQ1(0.41)']
2025-12-31 02:57:29,579 - INFO - tesseract alt5 结果: xO1B
2025-12-31 02:57:29,579 - INFO - 最终验证码识别结果: XQ18 (engine=easyocr_alt3, prob=0.8058946132659912)
2025-12-31 02:57:29,579 - INFO - 查找验证码输入框...
2025-12-31 02:57:29,636 - INFO - 验证码填写完成
2025-12-31 02:57:29,637 - INFO - 验证码填写完成，点击登录按钮...
2025-12-31 02:57:29,637 - INFO - 查找并点击登录按钮...
2025-12-31 02:57:29,955 - INFO - 已点击登录按钮
2025-12-31 02:57:36,988 - INFO - 开始填写登录表单...
2025-12-31 02:57:37,058 - INFO - 用户名填写完成
2025-12-31 02:57:37,118 - INFO - 密码填写完成
2025-12-31 02:57:37,119 - INFO - 验证码图片已保存到 /home/runner/work/nju_electric_monitor/nju_electric_monitor/src/../data/captcha_debug.png
2025-12-31 02:57:37,119 - INFO - 验证码识别尝试 18/30
2025-12-31 02:57:37,119 - INFO - 开始识别验证码...（easyocr + pytesseract）
2025-12-31 02:57:37,219 - INFO - easyocr 结果: ['XQ18(0.66)']
2025-12-31 02:57:37,317 - INFO - tesseract 结果: xQ1B
2025-12-31 02:57:37,378 - INFO - easyocr alt1 结果: ['XQ18(0.73)']
2025-12-31 02:57:37,474 - INFO - tesseract alt1 结果: xQ1B
2025-12-31 02:57:37,534 - INFO - easyocr alt2 结果: ['XQ18(0.50)']
2025-12-31 02:57:37,630 - INFO - tesseract alt2 结果: xQIB
2025-12-31 02:57:37,787 - INFO - easyocr alt3 结果: ['XQ18(0.81)']
2025-12-31 02:57:37,894 - INFO - tesseract alt3 结果: xO18
2025-12-31 02:57:37,957 - INFO - easyocr alt4 结果: ['XQ1(0.39)']
2025-12-31 02:57:38,061 - INFO - tesseract alt4 结果: xQI8
2025-12-31 02:57:38,121 - INFO - easyocr alt5 结果: ['XQ1(0.41)']
2025-12-31 02:57:38,215 - INFO - tesseract alt5 结果: xO1B
2025-12-31 02:57:38,215 - INFO - 最终验证码识别结果: XQ18 (engine=easyocr_alt3, prob=0.8058946132659912)
2025-12-31 02:57:38,215 - INFO - 查找验证码输入框...
2025-12-31 02:57:38,272 - INFO - 验证码填写完成
2025-12-31 02:57:38,273 - INFO - 验证码填写完成，点击登录按钮...
2025-12-31 02:57:38,273 - INFO - 查找并点击登录按钮...
2025-12-31 02:57:38,594 - INFO - 已点击登录按钮
2025-12-31 02:57:45,614 - INFO - 开始填写登录表单...
2025-12-31 02:57:45,677 - INFO - 用户名填写完成
2025-12-31 02:57:45,737 - INFO - 密码填写完成
2025-12-31 02:57:45,738 - INFO - 验证码图片已保存到 /home/runner/work/nju_electric_monitor/nju_electric_monitor/src/../data/captcha_debug.png
2025-12-31 02:57:45,738 - INFO - 验证码识别尝试 19/30
2025-12-31 02:57:45,738 - INFO - 开始识别验证码...（easyocr + pytesseract）
2025-12-31 02:57:45,836 - INFO - easyocr 结果: ['XQ18(0.66)']
2025-12-31 02:57:45,932 - INFO - tesseract 结果: xQ1B
2025-12-31 02:57:45,993 - INFO - easyocr alt1 结果: ['XQ18(0.73)']
2025-12-31 02:57:46,091 - INFO - tesseract alt1 结果: xQ1B
2025-12-31 02:57:46,151 - INFO - easyocr alt2 结果: ['XQ18(0.50)']
2025-12-31 02:57:46,251 - INFO - tesseract alt2 结果: xQIB
2025-12-31 02:57:46,408 - INFO - easyocr alt3 结果: ['XQ18(0.81)']
2025-12-31 02:57:46,515 - INFO - tesseract alt3 结果: xO18
2025-12-31 02:57:46,575 - INFO - easyocr alt4 结果: ['XQ1(0.39)']
2025-12-31 02:57:46,673 - INFO - tesseract alt4 结果: xQI8
2025-12-31 02:57:46,734 - INFO - easyocr alt5 结果: ['XQ1(0.41)']
2025-12-31 02:57:46,833 - INFO - tesseract alt5 结果: xO1B
2025-12-31 02:57:46,833 - INFO - 最终验证码识别结果: XQ18 (engine=easyocr_alt3, prob=0.8058946132659912)
2025-12-31 02:57:46,833 - INFO - 查找验证码输入框...
2025-12-31 02:57:46,889 - INFO - 验证码填写完成
2025-12-31 02:57:46,889 - INFO - 验证码填写完成，点击登录按钮...
2025-12-31 02:57:46,889 - INFO - 查找并点击登录按钮...
2025-12-31 02:57:47,222 - INFO - 已点击登录按钮
2025-12-31 02:57:54,241 - INFO - 开始填写登录表单...
2025-12-31 02:57:54,301 - INFO - 用户名填写完成
2025-12-31 02:57:54,359 - INFO - 密码填写完成
2025-12-31 02:57:54,360 - INFO - 验证码图片已保存到 /home/runner/work/nju_electric_monitor/nju_electric_monitor/src/../data/captcha_debug.png
2025-12-31 02:57:54,360 - INFO - 验证码识别尝试 20/30
2025-12-31 02:57:54,360 - INFO - 开始识别验证码...（easyocr + pytesseract）
2025-12-31 02:57:54,457 - INFO - easyocr 结果: ['XQ18(0.66)']
2025-12-31 02:57:54,553 - INFO - tesseract 结果: xQ1B
2025-12-31 02:57:54,613 - INFO - easyocr alt1 结果: ['XQ18(0.73)']
2025-12-31 02:57:54,708 - INFO - tesseract alt1 结果: xQ1B
2025-12-31 02:57:54,768 - INFO - easyocr alt2 结果: ['XQ18(0.50)']
2025-12-31 02:57:54,862 - INFO - tesseract alt2 结果: xQIB
2025-12-31 02:57:55,019 - INFO - easyocr alt3 结果: ['XQ18(0.81)']
2025-12-31 02:57:55,127 - INFO - tesseract alt3 结果: xO18
2025-12-31 02:57:55,187 - INFO - easyocr alt4 结果: ['XQ1(0.39)']
2025-12-31 02:57:55,289 - INFO - tesseract alt4 结果: xQI8
2025-12-31 02:57:55,348 - INFO - easyocr alt5 结果: ['XQ1(0.41)']
2025-12-31 02:57:55,447 - INFO - tesseract alt5 结果: xO1B
2025-12-31 02:57:55,447 - INFO - 最终验证码识别结果: XQ18 (engine=easyocr_alt3, prob=0.8058946132659912)
2025-12-31 02:57:55,447 - INFO - 查找验证码输入框...
2025-12-31 02:57:55,502 - INFO - 验证码填写完成
2025-12-31 02:57:55,502 - INFO - 验证码填写完成，点击登录按钮...
2025-12-31 02:57:55,502 - INFO - 查找并点击登录按钮...
2025-12-31 02:57:55,820 - INFO - 已点击登录按钮
2025-12-31 02:58:02,840 - INFO - 开始填写登录表单...
2025-12-31 02:58:02,899 - INFO - 用户名填写完成
2025-12-31 02:58:02,962 - INFO - 密码填写完成
2025-12-31 02:58:02,963 - INFO - 验证码图片已保存到 /home/runner/work/nju_electric_monitor/nju_electric_monitor/src/../data/captcha_debug.png
2025-12-31 02:58:02,963 - INFO - 验证码识别尝试 21/30
2025-12-31 02:58:02,963 - INFO - 开始识别验证码...（easyocr + pytesseract）
2025-12-31 02:58:03,071 - INFO - easyocr 结果: ['XQ18(0.66)']
2025-12-31 02:58:03,166 - INFO - tesseract 结果: xQ1B
2025-12-31 02:58:03,225 - INFO - easyocr alt1 结果: ['XQ18(0.73)']
2025-12-31 02:58:03,319 - INFO - tesseract alt1 结果: xQ1B
2025-12-31 02:58:03,378 - INFO - easyocr alt2 结果: ['XQ18(0.50)']
2025-12-31 02:58:03,477 - INFO - tesseract alt2 结果: xQIB
2025-12-31 02:58:03,631 - INFO - easyocr alt3 结果: ['XQ18(0.81)']
2025-12-31 02:58:03,742 - INFO - tesseract alt3 结果: xO18
2025-12-31 02:58:03,803 - INFO - easyocr alt4 结果: ['XQ1(0.39)']
2025-12-31 02:58:03,902 - INFO - tesseract alt4 结果: xQI8
2025-12-31 02:58:03,972 - INFO - easyocr alt5 结果: ['XQ1(0.41)']
2025-12-31 02:58:04,068 - INFO - tesseract alt5 结果: xO1B
2025-12-31 02:58:04,068 - INFO - 最终验证码识别结果: XQ18 (engine=easyocr_alt3, prob=0.8058946132659912)
2025-12-31 02:58:04,068 - INFO - 查找验证码输入框...
2025-12-31 02:58:04,126 - INFO - 验证码填写完成
2025-12-31 02:58:04,126 - INFO - 验证码填写完成，点击登录按钮...
2025-12-31 02:58:04,126 - INFO - 查找并点击登录按钮...
2025-12-31 02:58:04,184 - INFO - 已点击登录按钮
2025-12-31 02:58:11,205 - INFO - 开始填写登录表单...
2025-12-31 02:58:11,267 - INFO - 用户名填写完成
2025-12-31 02:58:11,328 - INFO - 密码填写完成
2025-12-31 02:58:11,329 - INFO - 验证码图片已保存到 /home/runner/work/nju_electric_monitor/nju_electric_monitor/src/../data/captcha_debug.png
2025-12-31 02:58:11,329 - INFO - 验证码识别尝试 22/30
2025-12-31 02:58:11,329 - INFO - 开始识别验证码...（easyocr + pytesseract）
2025-12-31 02:58:11,425 - INFO - easyocr 结果: ['XQ18(0.66)']
2025-12-31 02:58:11,522 - INFO - tesseract 结果: xQ1B
2025-12-31 02:58:11,585 - INFO - easyocr alt1 结果: ['XQ18(0.73)']
2025-12-31 02:58:11,686 - INFO - tesseract alt1 结果: xQ1B
2025-12-31 02:58:11,753 - INFO - easyocr alt2 结果: ['XQ18(0.50)']
2025-12-31 02:58:11,848 - INFO - tesseract alt2 结果: xQIB
2025-12-31 02:58:12,004 - INFO - easyocr alt3 结果: ['XQ18(0.81)']
2025-12-31 02:58:12,112 - INFO - tesseract alt3 结果: xO18
2025-12-31 02:58:12,187 - INFO - easyocr alt4 结果: ['XQ1(0.39)']
2025-12-31 02:58:12,285 - INFO - tesseract alt4 结果: xQI8
2025-12-31 02:58:12,345 - INFO - easyocr alt5 结果: ['XQ1(0.41)']
2025-12-31 02:58:12,439 - INFO - tesseract alt5 结果: xO1B
2025-12-31 02:58:12,439 - INFO - 最终验证码识别结果: XQ18 (engine=easyocr_alt3, prob=0.8058946132659912)
2025-12-31 02:58:12,439 - INFO - 查找验证码输入框...
2025-12-31 02:58:12,494 - INFO - 验证码填写完成
2025-12-31 02:58:12,494 - INFO - 验证码填写完成，点击登录按钮...
2025-12-31 02:58:12,494 - INFO - 查找并点击登录按钮...
2025-12-31 02:58:12,550 - INFO - 已点击登录按钮
2025-12-31 02:58:19,571 - INFO - 开始填写登录表单...
2025-12-31 02:58:19,632 - INFO - 用户名填写完成
2025-12-31 02:58:19,690 - INFO - 密码填写完成
2025-12-31 02:58:19,691 - INFO - 验证码图片已保存到 /home/runner/work/nju_electric_monitor/nju_electric_monitor/src/../data/captcha_debug.png
2025-12-31 02:58:19,691 - INFO - 验证码识别尝试 23/30
2025-12-31 02:58:19,691 - INFO - 开始识别验证码...（easyocr + pytesseract）
2025-12-31 02:58:19,792 - INFO - easyocr 结果: ['XQ18(0.66)']
2025-12-31 02:58:19,890 - INFO - tesseract 结果: xQ1B
2025-12-31 02:58:19,951 - INFO - easyocr alt1 结果: ['XQ18(0.73)']
2025-12-31 02:58:20,047 - INFO - tesseract alt1 结果: xQ1B
2025-12-31 02:58:20,108 - INFO - easyocr alt2 结果: ['XQ18(0.50)']
2025-12-31 02:58:20,204 - INFO - tesseract alt2 结果: xQIB
2025-12-31 02:58:20,358 - INFO - easyocr alt3 结果: ['XQ18(0.81)']
2025-12-31 02:58:20,465 - INFO - tesseract alt3 结果: xO18
2025-12-31 02:58:20,524 - INFO - easyocr alt4 结果: ['XQ1(0.39)']
2025-12-31 02:58:20,620 - INFO - tesseract alt4 结果: xQI8
2025-12-31 02:58:20,679 - INFO - easyocr alt5 结果: ['XQ1(0.41)']
2025-12-31 02:58:20,774 - INFO - tesseract alt5 结果: xO1B
2025-12-31 02:58:20,774 - INFO - 最终验证码识别结果: XQ18 (engine=easyocr_alt3, prob=0.8058946132659912)
2025-12-31 02:58:20,774 - INFO - 查找验证码输入框...
2025-12-31 02:58:20,829 - INFO - 验证码填写完成
2025-12-31 02:58:20,829 - INFO - 验证码填写完成，点击登录按钮...
2025-12-31 02:58:20,829 - INFO - 查找并点击登录按钮...
2025-12-31 02:58:21,160 - INFO - 已点击登录按钮
2025-12-31 02:58:28,180 - INFO - 开始填写登录表单...
2025-12-31 02:58:28,241 - INFO - 用户名填写完成
2025-12-31 02:58:28,299 - INFO - 密码填写完成
2025-12-31 02:58:28,300 - INFO - 验证码图片已保存到 /home/runner/work/nju_electric_monitor/nju_electric_monitor/src/../data/captcha_debug.png
2025-12-31 02:58:28,300 - INFO - 验证码识别尝试 24/30
2025-12-31 02:58:28,300 - INFO - 开始识别验证码...（easyocr + pytesseract）
2025-12-31 02:58:28,398 - INFO - easyocr 结果: ['XQ18(0.66)']
2025-12-31 02:58:28,496 - INFO - tesseract 结果: xQ1B
2025-12-31 02:58:28,557 - INFO - easyocr alt1 结果: ['XQ18(0.73)']
2025-12-31 02:58:28,651 - INFO - tesseract alt1 结果: xQ1B
2025-12-31 02:58:28,711 - INFO - easyocr alt2 结果: ['XQ18(0.50)']
2025-12-31 02:58:28,806 - INFO - tesseract alt2 结果: xQIB
2025-12-31 02:58:28,961 - INFO - easyocr alt3 结果: ['XQ18(0.81)']
2025-12-31 02:58:29,068 - INFO - tesseract alt3 结果: xO18
2025-12-31 02:58:29,128 - INFO - easyocr alt4 结果: ['XQ1(0.39)']
2025-12-31 02:58:29,228 - INFO - tesseract alt4 结果: xQI8
2025-12-31 02:58:29,288 - INFO - easyocr alt5 结果: ['XQ1(0.41)']
2025-12-31 02:58:29,384 - INFO - tesseract alt5 结果: xO1B
2025-12-31 02:58:29,384 - INFO - 最终验证码识别结果: XQ18 (engine=easyocr_alt3, prob=0.8058946132659912)
2025-12-31 02:58:29,384 - INFO - 查找验证码输入框...
2025-12-31 02:58:29,440 - INFO - 验证码填写完成
2025-12-31 02:58:29,440 - INFO - 验证码填写完成，点击登录按钮...
2025-12-31 02:58:29,440 - INFO - 查找并点击登录按钮...
2025-12-31 02:58:29,760 - INFO - 已点击登录按钮
2025-12-31 02:58:36,779 - INFO - 开始填写登录表单...
2025-12-31 02:58:36,841 - INFO - 用户名填写完成
2025-12-31 02:58:36,898 - INFO - 密码填写完成
2025-12-31 02:58:36,898 - INFO - 验证码图片已保存到 /home/runner/work/nju_electric_monitor/nju_electric_monitor/src/../data/captcha_debug.png
2025-12-31 02:58:36,899 - INFO - 验证码识别尝试 25/30
2025-12-31 02:58:36,899 - INFO - 开始识别验证码...（easyocr + pytesseract）
2025-12-31 02:58:37,004 - INFO - easyocr 结果: ['XQ18(0.66)']
2025-12-31 02:58:37,100 - INFO - tesseract 结果: xQ1B
2025-12-31 02:58:37,160 - INFO - easyocr alt1 结果: ['XQ18(0.73)']
2025-12-31 02:58:37,255 - INFO - tesseract alt1 结果: xQ1B
2025-12-31 02:58:37,314 - INFO - easyocr alt2 结果: ['XQ18(0.50)']
2025-12-31 02:58:37,409 - INFO - tesseract alt2 结果: xQIB
2025-12-31 02:58:37,564 - INFO - easyocr alt3 结果: ['XQ18(0.81)']
2025-12-31 02:58:37,674 - INFO - tesseract alt3 结果: xO18
2025-12-31 02:58:37,733 - INFO - easyocr alt4 结果: ['XQ1(0.39)']
2025-12-31 02:58:37,831 - INFO - tesseract alt4 结果: xQI8
2025-12-31 02:58:37,891 - INFO - easyocr alt5 结果: ['XQ1(0.41)']
2025-12-31 02:58:37,988 - INFO - tesseract alt5 结果: xO1B
2025-12-31 02:58:37,988 - INFO - 最终验证码识别结果: XQ18 (engine=easyocr_alt3, prob=0.8058946132659912)
2025-12-31 02:58:37,988 - INFO - 查找验证码输入框...
2025-12-31 02:58:38,043 - INFO - 验证码填写完成
2025-12-31 02:58:38,043 - INFO - 验证码填写完成，点击登录按钮...
2025-12-31 02:58:38,043 - INFO - 查找并点击登录按钮...
2025-12-31 02:58:38,100 - INFO - 已点击登录按钮
2025-12-31 02:58:45,121 - INFO - 开始填写登录表单...
2025-12-31 02:58:45,181 - INFO - 用户名填写完成
2025-12-31 02:58:45,239 - INFO - 密码填写完成
2025-12-31 02:58:45,240 - INFO - 验证码图片已保存到 /home/runner/work/nju_electric_monitor/nju_electric_monitor/src/../data/captcha_debug.png
2025-12-31 02:58:45,240 - INFO - 验证码识别尝试 26/30
2025-12-31 02:58:45,240 - INFO - 开始识别验证码...（easyocr + pytesseract）
2025-12-31 02:58:45,338 - INFO - easyocr 结果: ['XQ18(0.66)']
2025-12-31 02:58:45,441 - INFO - tesseract 结果: xQ1B
2025-12-31 02:58:45,502 - INFO - easyocr alt1 结果: ['XQ18(0.73)']
2025-12-31 02:58:45,602 - INFO - tesseract alt1 结果: xQ1B
2025-12-31 02:58:45,662 - INFO - easyocr alt2 结果: ['XQ18(0.50)']
2025-12-31 02:58:45,756 - INFO - tesseract alt2 结果: xQIB
2025-12-31 02:58:45,912 - INFO - easyocr alt3 结果: ['XQ18(0.81)']
2025-12-31 02:58:46,020 - INFO - tesseract alt3 结果: xO18
2025-12-31 02:58:46,079 - INFO - easyocr alt4 结果: ['XQ1(0.39)']
2025-12-31 02:58:46,180 - INFO - tesseract alt4 结果: xQI8
2025-12-31 02:58:46,240 - INFO - easyocr alt5 结果: ['XQ1(0.41)']
2025-12-31 02:58:46,340 - INFO - tesseract alt5 结果: xO1B
2025-12-31 02:58:46,340 - INFO - 最终验证码识别结果: XQ18 (engine=easyocr_alt3, prob=0.8058946132659912)
2025-12-31 02:58:46,340 - INFO - 查找验证码输入框...
2025-12-31 02:58:46,395 - INFO - 验证码填写完成
2025-12-31 02:58:46,395 - INFO - 验证码填写完成，点击登录按钮...
2025-12-31 02:58:46,395 - INFO - 查找并点击登录按钮...
2025-12-31 02:58:46,714 - INFO - 已点击登录按钮
2025-12-31 02:58:53,734 - INFO - 开始填写登录表单...
2025-12-31 02:58:53,794 - INFO - 用户名填写完成
2025-12-31 02:58:53,853 - INFO - 密码填写完成
2025-12-31 02:58:53,853 - INFO - 验证码图片已保存到 /home/runner/work/nju_electric_monitor/nju_electric_monitor/src/../data/captcha_debug.png
2025-12-31 02:58:53,853 - INFO - 验证码识别尝试 27/30
2025-12-31 02:58:53,853 - INFO - 开始识别验证码...（easyocr + pytesseract）
2025-12-31 02:58:53,958 - INFO - easyocr 结果: ['XQ18(0.66)']
2025-12-31 02:58:54,058 - INFO - tesseract 结果: xQ1B
2025-12-31 02:58:54,119 - INFO - easyocr alt1 结果: ['XQ18(0.73)']
2025-12-31 02:58:54,217 - INFO - tesseract alt1 结果: xQ1B
2025-12-31 02:58:54,277 - INFO - easyocr alt2 结果: ['XQ18(0.50)']
2025-12-31 02:58:54,375 - INFO - tesseract alt2 结果: xQIB
2025-12-31 02:58:54,531 - INFO - easyocr alt3 结果: ['XQ18(0.81)']
2025-12-31 02:58:54,640 - INFO - tesseract alt3 结果: xO18
2025-12-31 02:58:54,699 - INFO - easyocr alt4 结果: ['XQ1(0.39)']
2025-12-31 02:58:54,802 - INFO - tesseract alt4 结果: xQI8
2025-12-31 02:58:54,861 - INFO - easyocr alt5 结果: ['XQ1(0.41)']
2025-12-31 02:58:54,956 - INFO - tesseract alt5 结果: xO1B
2025-12-31 02:58:54,956 - INFO - 最终验证码识别结果: XQ18 (engine=easyocr_alt3, prob=0.8058946132659912)
2025-12-31 02:58:54,956 - INFO - 查找验证码输入框...
2025-12-31 02:58:55,014 - INFO - 验证码填写完成
2025-12-31 02:58:55,014 - INFO - 验证码填写完成，点击登录按钮...
2025-12-31 02:58:55,014 - INFO - 查找并点击登录按钮...
2025-12-31 02:58:55,341 - INFO - 已点击登录按钮
2025-12-31 02:59:02,360 - INFO - 开始填写登录表单...
2025-12-31 02:59:02,420 - INFO - 用户名填写完成
2025-12-31 02:59:02,476 - INFO - 密码填写完成
2025-12-31 02:59:02,477 - INFO - 验证码图片已保存到 /home/runner/work/nju_electric_monitor/nju_electric_monitor/src/../data/captcha_debug.png
2025-12-31 02:59:02,477 - INFO - 验证码识别尝试 28/30
2025-12-31 02:59:02,477 - INFO - 开始识别验证码...（easyocr + pytesseract）
2025-12-31 02:59:02,573 - INFO - easyocr 结果: ['XQ18(0.66)']
2025-12-31 02:59:02,668 - INFO - tesseract 结果: xQ1B
2025-12-31 02:59:02,728 - INFO - easyocr alt1 结果: ['XQ18(0.73)']
2025-12-31 02:59:02,823 - INFO - tesseract alt1 结果: xQ1B
2025-12-31 02:59:02,881 - INFO - easyocr alt2 结果: ['XQ18(0.50)']
2025-12-31 02:59:02,976 - INFO - tesseract alt2 结果: xQIB
2025-12-31 02:59:03,131 - INFO - easyocr alt3 结果: ['XQ18(0.81)']
2025-12-31 02:59:03,240 - INFO - tesseract alt3 结果: xO18
2025-12-31 02:59:03,299 - INFO - easyocr alt4 结果: ['XQ1(0.39)']
2025-12-31 02:59:03,400 - INFO - tesseract alt4 结果: xQI8
2025-12-31 02:59:03,458 - INFO - easyocr alt5 结果: ['XQ1(0.41)']
2025-12-31 02:59:03,555 - INFO - tesseract alt5 结果: xO1B
2025-12-31 02:59:03,556 - INFO - 最终验证码识别结果: XQ18 (engine=easyocr_alt3, prob=0.8058946132659912)
2025-12-31 02:59:03,556 - INFO - 查找验证码输入框...
2025-12-31 02:59:03,610 - INFO - 验证码填写完成
2025-12-31 02:59:03,610 - INFO - 验证码填写完成，点击登录按钮...
2025-12-31 02:59:03,610 - INFO - 查找并点击登录按钮...
2025-12-31 02:59:03,666 - INFO - 已点击登录按钮
2025-12-31 02:59:10,686 - INFO - 开始填写登录表单...
2025-12-31 02:59:10,745 - INFO - 用户名填写完成
2025-12-31 02:59:10,802 - INFO - 密码填写完成
2025-12-31 02:59:10,802 - INFO - 验证码图片已保存到 /home/runner/work/nju_electric_monitor/nju_electric_monitor/src/../data/captcha_debug.png
2025-12-31 02:59:10,802 - INFO - 验证码识别尝试 29/30
2025-12-31 02:59:10,802 - INFO - 开始识别验证码...（easyocr + pytesseract）
2025-12-31 02:59:10,899 - INFO - easyocr 结果: ['XQ18(0.66)']
2025-12-31 02:59:10,994 - INFO - tesseract 结果: xQ1B
2025-12-31 02:59:11,054 - INFO - easyocr alt1 结果: ['XQ18(0.73)']
2025-12-31 02:59:11,148 - INFO - tesseract alt1 结果: xQ1B
2025-12-31 02:59:11,207 - INFO - easyocr alt2 结果: ['XQ18(0.50)']
2025-12-31 02:59:11,300 - INFO - tesseract alt2 结果: xQIB
2025-12-31 02:59:11,454 - INFO - easyocr alt3 结果: ['XQ18(0.81)']
2025-12-31 02:59:11,560 - INFO - tesseract alt3 结果: xO18
2025-12-31 02:59:11,618 - INFO - easyocr alt4 结果: ['XQ1(0.39)']
2025-12-31 02:59:11,715 - INFO - tesseract alt4 结果: xQI8
2025-12-31 02:59:11,774 - INFO - easyocr alt5 结果: ['XQ1(0.41)']
2025-12-31 02:59:11,869 - INFO - tesseract alt5 结果: xO1B
2025-12-31 02:59:11,869 - INFO - 最终验证码识别结果: XQ18 (engine=easyocr_alt3, prob=0.8058946132659912)
2025-12-31 02:59:11,869 - INFO - 查找验证码输入框...
2025-12-31 02:59:11,924 - INFO - 验证码填写完成
2025-12-31 02:59:11,924 - INFO - 验证码填写完成，点击登录按钮...
2025-12-31 02:59:11,924 - INFO - 查找并点击登录按钮...
2025-12-31 02:59:11,982 - INFO - 已点击登录按钮
2025-12-31 02:59:19,002 - INFO - 开始填写登录表单...
2025-12-31 02:59:19,062 - INFO - 用户名填写完成
2025-12-31 02:59:19,120 - INFO - 密码填写完成
2025-12-31 02:59:19,121 - INFO - 验证码图片已保存到 /home/runner/work/nju_electric_monitor/nju_electric_monitor/src/../data/captcha_debug.png
2025-12-31 02:59:19,121 - INFO - 验证码识别尝试 30/30
2025-12-31 02:59:19,121 - INFO - 开始识别验证码...（easyocr + pytesseract）
2025-12-31 02:59:19,218 - INFO - easyocr 结果: ['XQ18(0.66)']
2025-12-31 02:59:19,314 - INFO - tesseract 结果: xQ1B
2025-12-31 02:59:19,374 - INFO - easyocr alt1 结果: ['XQ18(0.73)']
2025-12-31 02:59:19,469 - INFO - tesseract alt1 结果: xQ1B
2025-12-31 02:59:19,529 - INFO - easyocr alt2 结果: ['XQ18(0.50)']
2025-12-31 02:59:19,624 - INFO - tesseract alt2 结果: xQIB
2025-12-31 02:59:19,779 - INFO - easyocr alt3 结果: ['XQ18(0.81)']
2025-12-31 02:59:19,892 - INFO - tesseract alt3 结果: xO18
2025-12-31 02:59:19,951 - INFO - easyocr alt4 结果: ['XQ1(0.39)']
2025-12-31 02:59:20,050 - INFO - tesseract alt4 结果: xQI8
2025-12-31 02:59:20,108 - INFO - easyocr alt5 结果: ['XQ1(0.41)']
2025-12-31 02:59:20,210 - INFO - tesseract alt5 结果: xO1B
2025-12-31 02:59:20,210 - INFO - 最终验证码识别结果: XQ18 (engine=easyocr_alt3, prob=0.8058946132659912)
2025-12-31 02:59:20,210 - INFO - 查找验证码输入框...
2025-12-31 02:59:20,266 - INFO - 验证码填写完成
2025-12-31 02:59:20,266 - INFO - 验证码填写完成，点击登录按钮...
2025-12-31 02:59:20,266 - INFO - 查找并点击登录按钮...
2025-12-31 02:59:20,584 - INFO - 已点击登录按钮
2025-12-31 02:59:27,604 - WARNING - 自动验证码识别失败，请手动输入
2025-12-31 02:59:27,604 - ERROR - 处理验证码时出错: EOF when reading a line
2025-12-31 02:59:27,604 - WARNING - 验证码处理失败，但继续尝试登录
2025-12-31 02:59:27,604 - INFO - 查找并点击登录按钮...
2025-12-31 02:59:27,660 - INFO - 已点击登录按钮
2025-12-31 02:59:32,661 - INFO - 等待登录成功...
2025-12-31 02:59:37,665 - INFO - 登录可能成功，继续下一步...
2025-12-31 02:59:37,665 - INFO - 查找'去充值'按钮...
2025-12-31 02:59:37,727 - INFO - 已点击充值按钮
2025-12-31 02:59:40,727 - INFO - 开始提取剩余电量信息...
2025-12-31 02:59:40,732 - INFO - 页面源码已保存到 /home/runner/work/nju_electric_monitor/nju_electric_monitor/src/../data/debug_page_source.html
2025-12-31 02:59:40,742 - WARNING - 未找到电量信息元素，尝试其他方法...
2025-12-31 02:59:40,750 - WARNING - 未找到i标签中的电量信息，尝试其他方法...
2025-12-31 02:59:40,753 - INFO - 在页面源码中查找电量信息...
2025-12-31 02:59:40,765 - WARNING - 未能提取到剩余电量信息
2025-12-31 02:59:40,765 - WARNING - 没有电量数据可保存
2025-12-31 02:59:40,765 - INFO - 监控流程完成
