2026-02-12 07:48:05,303 - INFO - Matplotlib 字体设置：使用回退字体列表，首选可用字体: Noto Sans CJK JP
2026-02-12 07:48:06,464 - INFO - 使用 ChromeDriver: /usr/bin/chromedriver
2026-02-12 07:48:06,464 - WARNING - Using CPU. Note: This module is much faster with a GPU.
2026-02-12 07:48:08,021 - INFO - OCR识别器初始化成功
2026-02-12 07:48:08,021 - INFO - 开始南京大学电费监控流程（自动无头模式）
2026-02-12 07:48:08,021 - INFO - 正在打开页面: https://epay.nju.edu.cn/epay/h5/nju/electric/index
2026-02-12 07:48:18,579 - INFO - 等待登录表单加载...
2026-02-12 07:48:18,589 - INFO - 登录表单已加载
2026-02-12 07:48:18,589 - INFO - 开始填写登录表单...
2026-02-12 07:48:18,663 - INFO - 用户名填写完成
2026-02-12 07:48:18,721 - INFO - 密码填写完成
2026-02-12 07:48:18,721 - INFO - 检查是否有验证码...
2026-02-12 07:48:18,721 - INFO - 查找验证码图片...
2026-02-12 07:48:18,871 - INFO - 找到验证码图片，开始截图...
2026-02-12 07:48:19,053 - INFO - 验证码图片截取成功
2026-02-12 07:48:19,053 - INFO - 开始填写登录表单...
2026-02-12 07:48:19,111 - INFO - 用户名填写完成
2026-02-12 07:48:19,168 - INFO - 密码填写完成
2026-02-12 07:48:19,198 - INFO - 验证码图片已保存到 /home/runner/work/nju_electric_monitor/nju_electric_monitor/src/../data/captcha_debug.png
2026-02-12 07:48:19,198 - INFO - 验证码识别尝试 1/30
2026-02-12 07:48:19,198 - INFO - 开始识别验证码...（easyocr + pytesseract）
2026-02-12 07:48:19,668 - INFO - easyocr 结果: ['fiI(0.01)']
2026-02-12 07:48:19,814 - INFO - tesseract 结果: fipyY
2026-02-12 07:48:19,877 - INFO - easyocr alt1 结果: ['fRi(0.01)']
2026-02-12 07:48:19,958 - INFO - tesseract alt1 结果: Fiepy
2026-02-12 07:48:20,014 - INFO - easyocr alt2 结果: ['fTi(0.01)']
2026-02-12 07:48:20,093 - INFO - tesseract alt2 结果: Firepy
2026-02-12 07:48:20,221 - INFO - easyocr alt3 结果: ['fV(0.00)']
2026-02-12 07:48:20,313 - INFO - tesseract alt3 结果: fipy
2026-02-12 07:48:20,368 - INFO - easyocr alt4 结果: ['f(0.00)']
2026-02-12 07:48:20,446 - INFO - tesseract alt4 结果: Fipy
2026-02-12 07:48:20,503 - INFO - easyocr alt5 结果: ['ff(0.00)']
2026-02-12 07:48:20,582 - INFO - tesseract alt5 结果: Fipy
2026-02-12 07:48:20,583 - INFO - 最终验证码识别结果: fipy (engine=tesseract_alt3, prob=0.5)
2026-02-12 07:48:20,583 - INFO - 查找验证码输入框...
2026-02-12 07:48:20,592 - ERROR - 未找到验证码输入框
2026-02-12 07:48:20,592 - WARNING - 验证码填写失败
2026-02-12 07:48:20,592 - INFO - 开始填写登录表单...
2026-02-12 07:48:20,646 - INFO - 用户名填写完成
2026-02-12 07:48:20,700 - INFO - 密码填写完成
2026-02-12 07:48:20,700 - INFO - 验证码图片已保存到 /home/runner/work/nju_electric_monitor/nju_electric_monitor/src/../data/captcha_debug.png
2026-02-12 07:48:20,701 - INFO - 验证码识别尝试 2/30
2026-02-12 07:48:20,701 - INFO - 开始识别验证码...（easyocr + pytesseract）
2026-02-12 07:48:20,778 - INFO - easyocr 结果: ['fiI(0.01)']
2026-02-12 07:48:20,856 - INFO - tesseract 结果: fipyY
2026-02-12 07:48:20,915 - INFO - easyocr alt1 结果: ['fRi(0.01)']
2026-02-12 07:48:20,995 - INFO - tesseract alt1 结果: Fiepy
2026-02-12 07:48:21,050 - INFO - easyocr alt2 结果: ['fTi(0.01)']
2026-02-12 07:48:21,128 - INFO - tesseract alt2 结果: Firepy
2026-02-12 07:48:21,243 - INFO - easyocr alt3 结果: ['fV(0.00)']
2026-02-12 07:48:21,332 - INFO - tesseract alt3 结果: fipy
2026-02-12 07:48:21,388 - INFO - easyocr alt4 结果: ['f(0.00)']
2026-02-12 07:48:21,466 - INFO - tesseract alt4 结果: Fipy
2026-02-12 07:48:21,522 - INFO - easyocr alt5 结果: ['ff(0.00)']
2026-02-12 07:48:21,599 - INFO - tesseract alt5 结果: Fipy
2026-02-12 07:48:21,599 - INFO - 最终验证码识别结果: fipy (engine=tesseract_alt3, prob=0.5)
2026-02-12 07:48:21,599 - INFO - 查找验证码输入框...
2026-02-12 07:48:21,606 - ERROR - 未找到验证码输入框
2026-02-12 07:48:21,606 - WARNING - 验证码填写失败
2026-02-12 07:48:21,606 - INFO - 开始填写登录表单...
2026-02-12 07:48:21,660 - INFO - 用户名填写完成
2026-02-12 07:48:21,714 - INFO - 密码填写完成
2026-02-12 07:48:21,715 - INFO - 验证码图片已保存到 /home/runner/work/nju_electric_monitor/nju_electric_monitor/src/../data/captcha_debug.png
2026-02-12 07:48:21,715 - INFO - 验证码识别尝试 3/30
2026-02-12 07:48:21,715 - INFO - 开始识别验证码...（easyocr + pytesseract）
2026-02-12 07:48:21,794 - INFO - easyocr 结果: ['fiI(0.01)']
2026-02-12 07:48:21,871 - INFO - tesseract 结果: fipyY
2026-02-12 07:48:21,928 - INFO - easyocr alt1 结果: ['fRi(0.01)']
2026-02-12 07:48:22,008 - INFO - tesseract alt1 结果: Fiepy
2026-02-12 07:48:22,064 - INFO - easyocr alt2 结果: ['fTi(0.01)']
2026-02-12 07:48:22,142 - INFO - tesseract alt2 结果: Firepy
2026-02-12 07:48:22,255 - INFO - easyocr alt3 结果: ['fV(0.00)']
2026-02-12 07:48:22,347 - INFO - tesseract alt3 结果: fipy
2026-02-12 07:48:22,402 - INFO - easyocr alt4 结果: ['f(0.00)']
2026-02-12 07:48:22,479 - INFO - tesseract alt4 结果: Fipy
2026-02-12 07:48:22,536 - INFO - easyocr alt5 结果: ['ff(0.00)']
2026-02-12 07:48:22,614 - INFO - tesseract alt5 结果: Fipy
2026-02-12 07:48:22,614 - INFO - 最终验证码识别结果: fipy (engine=tesseract_alt3, prob=0.5)
2026-02-12 07:48:22,614 - INFO - 查找验证码输入框...
2026-02-12 07:48:22,620 - ERROR - 未找到验证码输入框
2026-02-12 07:48:22,620 - WARNING - 验证码填写失败
2026-02-12 07:48:22,620 - INFO - 开始填写登录表单...
2026-02-12 07:48:22,674 - INFO - 用户名填写完成
2026-02-12 07:48:22,735 - INFO - 密码填写完成
2026-02-12 07:48:22,735 - INFO - 验证码图片已保存到 /home/runner/work/nju_electric_monitor/nju_electric_monitor/src/../data/captcha_debug.png
2026-02-12 07:48:22,735 - INFO - 验证码识别尝试 4/30
2026-02-12 07:48:22,735 - INFO - 开始识别验证码...（easyocr + pytesseract）
2026-02-12 07:48:22,815 - INFO - easyocr 结果: ['fiI(0.01)']
2026-02-12 07:48:22,892 - INFO - tesseract 结果: fipyY
2026-02-12 07:48:22,949 - INFO - easyocr alt1 结果: ['fRi(0.01)']
2026-02-12 07:48:23,025 - INFO - tesseract alt1 结果: Fiepy
2026-02-12 07:48:23,081 - INFO - easyocr alt2 结果: ['fTi(0.01)']
2026-02-12 07:48:23,159 - INFO - tesseract alt2 结果: Firepy
2026-02-12 07:48:23,272 - INFO - easyocr alt3 结果: ['fV(0.00)']
2026-02-12 07:48:23,359 - INFO - tesseract alt3 结果: fipy
2026-02-12 07:48:23,414 - INFO - easyocr alt4 结果: ['f(0.00)']
2026-02-12 07:48:23,492 - INFO - tesseract alt4 结果: Fipy
2026-02-12 07:48:23,548 - INFO - easyocr alt5 结果: ['ff(0.00)']
2026-02-12 07:48:23,626 - INFO - tesseract alt5 结果: Fipy
2026-02-12 07:48:23,626 - INFO - 最终验证码识别结果: fipy (engine=tesseract_alt3, prob=0.5)
2026-02-12 07:48:23,626 - INFO - 查找验证码输入框...
2026-02-12 07:48:23,633 - ERROR - 未找到验证码输入框
2026-02-12 07:48:23,633 - WARNING - 验证码填写失败
2026-02-12 07:48:23,633 - INFO - 开始填写登录表单...
2026-02-12 07:48:23,688 - INFO - 用户名填写完成
2026-02-12 07:48:23,740 - INFO - 密码填写完成
2026-02-12 07:48:23,741 - INFO - 验证码图片已保存到 /home/runner/work/nju_electric_monitor/nju_electric_monitor/src/../data/captcha_debug.png
2026-02-12 07:48:23,741 - INFO - 验证码识别尝试 5/30
2026-02-12 07:48:23,741 - INFO - 开始识别验证码...（easyocr + pytesseract）
2026-02-12 07:48:23,818 - INFO - easyocr 结果: ['fiI(0.01)']
2026-02-12 07:48:23,898 - INFO - tesseract 结果: fipyY
2026-02-12 07:48:23,953 - INFO - easyocr alt1 结果: ['fRi(0.01)']
2026-02-12 07:48:24,033 - INFO - tesseract alt1 结果: Fiepy
2026-02-12 07:48:24,097 - INFO - easyocr alt2 结果: ['fTi(0.01)']
2026-02-12 07:48:24,176 - INFO - tesseract alt2 结果: Firepy
2026-02-12 07:48:24,288 - INFO - easyocr alt3 结果: ['fV(0.00)']
2026-02-12 07:48:24,375 - INFO - tesseract alt3 结果: fipy
2026-02-12 07:48:24,431 - INFO - easyocr alt4 结果: ['f(0.00)']
2026-02-12 07:48:24,508 - INFO - tesseract alt4 结果: Fipy
2026-02-12 07:48:24,564 - INFO - easyocr alt5 结果: ['ff(0.00)']
2026-02-12 07:48:24,643 - INFO - tesseract alt5 结果: Fipy
2026-02-12 07:48:24,643 - INFO - 最终验证码识别结果: fipy (engine=tesseract_alt3, prob=0.5)
2026-02-12 07:48:24,644 - INFO - 查找验证码输入框...
2026-02-12 07:48:24,649 - ERROR - 未找到验证码输入框
2026-02-12 07:48:24,649 - WARNING - 验证码填写失败
2026-02-12 07:48:24,649 - INFO - 开始填写登录表单...
2026-02-12 07:48:24,704 - INFO - 用户名填写完成
2026-02-12 07:48:24,758 - INFO - 密码填写完成
2026-02-12 07:48:24,759 - INFO - 验证码图片已保存到 /home/runner/work/nju_electric_monitor/nju_electric_monitor/src/../data/captcha_debug.png
2026-02-12 07:48:24,759 - INFO - 验证码识别尝试 6/30
2026-02-12 07:48:24,759 - INFO - 开始识别验证码...（easyocr + pytesseract）
2026-02-12 07:48:24,844 - INFO - easyocr 结果: ['fiI(0.01)']
2026-02-12 07:48:24,920 - INFO - tesseract 结果: fipyY
2026-02-12 07:48:24,975 - INFO - easyocr alt1 结果: ['fRi(0.01)']
2026-02-12 07:48:25,052 - INFO - tesseract alt1 结果: Fiepy
2026-02-12 07:48:25,109 - INFO - easyocr alt2 结果: ['fTi(0.01)']
2026-02-12 07:48:25,187 - INFO - tesseract alt2 结果: Firepy
2026-02-12 07:48:25,301 - INFO - easyocr alt3 结果: ['fV(0.00)']
2026-02-12 07:48:25,390 - INFO - tesseract alt3 结果: fipy
2026-02-12 07:48:25,444 - INFO - easyocr alt4 结果: ['f(0.00)']
2026-02-12 07:48:25,525 - INFO - tesseract alt4 结果: Fipy
2026-02-12 07:48:25,580 - INFO - easyocr alt5 结果: ['ff(0.00)']
2026-02-12 07:48:25,661 - INFO - tesseract alt5 结果: Fipy
2026-02-12 07:48:25,661 - INFO - 最终验证码识别结果: fipy (engine=tesseract_alt3, prob=0.5)
2026-02-12 07:48:25,661 - INFO - 查找验证码输入框...
2026-02-12 07:48:25,667 - ERROR - 未找到验证码输入框
2026-02-12 07:48:25,667 - WARNING - 验证码填写失败
2026-02-12 07:48:25,667 - INFO - 开始填写登录表单...
2026-02-12 07:48:25,722 - INFO - 用户名填写完成
2026-02-12 07:48:25,777 - INFO - 密码填写完成
2026-02-12 07:48:25,778 - INFO - 验证码图片已保存到 /home/runner/work/nju_electric_monitor/nju_electric_monitor/src/../data/captcha_debug.png
2026-02-12 07:48:25,778 - INFO - 验证码识别尝试 7/30
2026-02-12 07:48:25,778 - INFO - 开始识别验证码...（easyocr + pytesseract）
2026-02-12 07:48:25,859 - INFO - easyocr 结果: ['fiI(0.01)']
2026-02-12 07:48:25,938 - INFO - tesseract 结果: fipyY
2026-02-12 07:48:25,994 - INFO - easyocr alt1 结果: ['fRi(0.01)']
2026-02-12 07:48:26,072 - INFO - tesseract alt1 结果: Fiepy
2026-02-12 07:48:26,127 - INFO - easyocr alt2 结果: ['fTi(0.01)']
2026-02-12 07:48:26,207 - INFO - tesseract alt2 结果: Firepy
2026-02-12 07:48:26,322 - INFO - easyocr alt3 结果: ['fV(0.00)']
2026-02-12 07:48:26,413 - INFO - tesseract alt3 结果: fipy
2026-02-12 07:48:26,468 - INFO - easyocr alt4 结果: ['f(0.00)']
2026-02-12 07:48:26,553 - INFO - tesseract alt4 结果: Fipy
2026-02-12 07:48:26,609 - INFO - easyocr alt5 结果: ['ff(0.00)']
2026-02-12 07:48:26,687 - INFO - tesseract alt5 结果: Fipy
2026-02-12 07:48:26,687 - INFO - 最终验证码识别结果: fipy (engine=tesseract_alt3, prob=0.5)
2026-02-12 07:48:26,687 - INFO - 查找验证码输入框...
2026-02-12 07:48:26,693 - ERROR - 未找到验证码输入框
2026-02-12 07:48:26,693 - WARNING - 验证码填写失败
2026-02-12 07:48:26,693 - INFO - 开始填写登录表单...
2026-02-12 07:48:26,747 - INFO - 用户名填写完成
2026-02-12 07:48:26,801 - INFO - 密码填写完成
2026-02-12 07:48:26,802 - INFO - 验证码图片已保存到 /home/runner/work/nju_electric_monitor/nju_electric_monitor/src/../data/captcha_debug.png
2026-02-12 07:48:26,802 - INFO - 验证码识别尝试 8/30
2026-02-12 07:48:26,802 - INFO - 开始识别验证码...（easyocr + pytesseract）
2026-02-12 07:48:26,880 - INFO - easyocr 结果: ['fiI(0.01)']
2026-02-12 07:48:26,958 - INFO - tesseract 结果: fipyY
2026-02-12 07:48:27,017 - INFO - easyocr alt1 结果: ['fRi(0.01)']
2026-02-12 07:48:27,095 - INFO - tesseract alt1 结果: Fiepy
2026-02-12 07:48:27,151 - INFO - easyocr alt2 结果: ['fTi(0.01)']
2026-02-12 07:48:27,230 - INFO - tesseract alt2 结果: Firepy
2026-02-12 07:48:27,344 - INFO - easyocr alt3 结果: ['fV(0.00)']
2026-02-12 07:48:27,433 - INFO - tesseract alt3 结果: fipy
2026-02-12 07:48:27,488 - INFO - easyocr alt4 结果: ['f(0.00)']
2026-02-12 07:48:27,568 - INFO - tesseract alt4 结果: Fipy
2026-02-12 07:48:27,625 - INFO - easyocr alt5 结果: ['ff(0.00)']
2026-02-12 07:48:27,704 - INFO - tesseract alt5 结果: Fipy
2026-02-12 07:48:27,705 - INFO - 最终验证码识别结果: fipy (engine=tesseract_alt3, prob=0.5)
2026-02-12 07:48:27,705 - INFO - 查找验证码输入框...
2026-02-12 07:48:27,711 - ERROR - 未找到验证码输入框
2026-02-12 07:48:27,711 - WARNING - 验证码填写失败
2026-02-12 07:48:27,711 - INFO - 开始填写登录表单...
2026-02-12 07:48:27,769 - INFO - 用户名填写完成
2026-02-12 07:48:27,821 - INFO - 密码填写完成
2026-02-12 07:48:27,822 - INFO - 验证码图片已保存到 /home/runner/work/nju_electric_monitor/nju_electric_monitor/src/../data/captcha_debug.png
2026-02-12 07:48:27,822 - INFO - 验证码识别尝试 9/30
2026-02-12 07:48:27,822 - INFO - 开始识别验证码...（easyocr + pytesseract）
2026-02-12 07:48:27,902 - INFO - easyocr 结果: ['fiI(0.01)']
2026-02-12 07:48:27,980 - INFO - tesseract 结果: fipyY
2026-02-12 07:48:28,037 - INFO - easyocr alt1 结果: ['fRi(0.01)']
2026-02-12 07:48:28,115 - INFO - tesseract alt1 结果: Fiepy
2026-02-12 07:48:28,170 - INFO - easyocr alt2 结果: ['fTi(0.01)']
2026-02-12 07:48:28,248 - INFO - tesseract alt2 结果: Firepy
2026-02-12 07:48:28,361 - INFO - easyocr alt3 结果: ['fV(0.00)']
2026-02-12 07:48:28,449 - INFO - tesseract alt3 结果: fipy
2026-02-12 07:48:28,504 - INFO - easyocr alt4 结果: ['f(0.00)']
2026-02-12 07:48:28,584 - INFO - tesseract alt4 结果: Fipy
2026-02-12 07:48:28,640 - INFO - easyocr alt5 结果: ['ff(0.00)']
2026-02-12 07:48:28,717 - INFO - tesseract alt5 结果: Fipy
2026-02-12 07:48:28,717 - INFO - 最终验证码识别结果: fipy (engine=tesseract_alt3, prob=0.5)
2026-02-12 07:48:28,717 - INFO - 查找验证码输入框...
2026-02-12 07:48:28,724 - ERROR - 未找到验证码输入框
2026-02-12 07:48:28,724 - WARNING - 验证码填写失败
2026-02-12 07:48:28,724 - INFO - 开始填写登录表单...
2026-02-12 07:48:28,776 - INFO - 用户名填写完成
2026-02-12 07:48:28,830 - INFO - 密码填写完成
2026-02-12 07:48:28,831 - INFO - 验证码图片已保存到 /home/runner/work/nju_electric_monitor/nju_electric_monitor/src/../data/captcha_debug.png
2026-02-12 07:48:28,831 - INFO - 验证码识别尝试 10/30
2026-02-12 07:48:28,831 - INFO - 开始识别验证码...（easyocr + pytesseract）
2026-02-12 07:48:28,909 - INFO - easyocr 结果: ['fiI(0.01)']
2026-02-12 07:48:28,988 - INFO - tesseract 结果: fipyY
2026-02-12 07:48:29,045 - INFO - easyocr alt1 结果: ['fRi(0.01)']
2026-02-12 07:48:29,124 - INFO - tesseract alt1 结果: Fiepy
2026-02-12 07:48:29,188 - INFO - easyocr alt2 结果: ['fTi(0.01)']
2026-02-12 07:48:29,266 - INFO - tesseract alt2 结果: Firepy
2026-02-12 07:48:29,380 - INFO - easyocr alt3 结果: ['fV(0.00)']
2026-02-12 07:48:29,469 - INFO - tesseract alt3 结果: fipy
2026-02-12 07:48:29,523 - INFO - easyocr alt4 结果: ['f(0.00)']
2026-02-12 07:48:29,600 - INFO - tesseract alt4 结果: Fipy
2026-02-12 07:48:29,661 - INFO - easyocr alt5 结果: ['ff(0.00)']
2026-02-12 07:48:29,740 - INFO - tesseract alt5 结果: Fipy
2026-02-12 07:48:29,740 - INFO - 最终验证码识别结果: fipy (engine=tesseract_alt3, prob=0.5)
2026-02-12 07:48:29,740 - INFO - 查找验证码输入框...
2026-02-12 07:48:29,746 - ERROR - 未找到验证码输入框
2026-02-12 07:48:29,746 - WARNING - 验证码填写失败
2026-02-12 07:48:29,746 - INFO - 开始填写登录表单...
2026-02-12 07:48:29,800 - INFO - 用户名填写完成
2026-02-12 07:48:29,853 - INFO - 密码填写完成
2026-02-12 07:48:29,854 - INFO - 验证码图片已保存到 /home/runner/work/nju_electric_monitor/nju_electric_monitor/src/../data/captcha_debug.png
2026-02-12 07:48:29,854 - INFO - 验证码识别尝试 11/30
2026-02-12 07:48:29,854 - INFO - 开始识别验证码...（easyocr + pytesseract）
2026-02-12 07:48:29,932 - INFO - easyocr 结果: ['fiI(0.01)']
2026-02-12 07:48:30,010 - INFO - tesseract 结果: fipyY
2026-02-12 07:48:30,066 - INFO - easyocr alt1 结果: ['fRi(0.01)']
2026-02-12 07:48:30,144 - INFO - tesseract alt1 结果: Fiepy
2026-02-12 07:48:30,201 - INFO - easyocr alt2 结果: ['fTi(0.01)']
2026-02-12 07:48:30,279 - INFO - tesseract alt2 结果: Firepy
2026-02-12 07:48:30,391 - INFO - easyocr alt3 结果: ['fV(0.00)']
2026-02-12 07:48:30,481 - INFO - tesseract alt3 结果: fipy
2026-02-12 07:48:30,545 - INFO - easyocr alt4 结果: ['f(0.00)']
2026-02-12 07:48:30,623 - INFO - tesseract alt4 结果: Fipy
2026-02-12 07:48:30,678 - INFO - easyocr alt5 结果: ['ff(0.00)']
2026-02-12 07:48:30,757 - INFO - tesseract alt5 结果: Fipy
2026-02-12 07:48:30,757 - INFO - 最终验证码识别结果: fipy (engine=tesseract_alt3, prob=0.5)
2026-02-12 07:48:30,757 - INFO - 查找验证码输入框...
2026-02-12 07:48:30,763 - ERROR - 未找到验证码输入框
2026-02-12 07:48:30,763 - WARNING - 验证码填写失败
2026-02-12 07:48:30,763 - INFO - 开始填写登录表单...
2026-02-12 07:48:30,817 - INFO - 用户名填写完成
2026-02-12 07:48:30,871 - INFO - 密码填写完成
2026-02-12 07:48:30,871 - INFO - 验证码图片已保存到 /home/runner/work/nju_electric_monitor/nju_electric_monitor/src/../data/captcha_debug.png
2026-02-12 07:48:30,871 - INFO - 验证码识别尝试 12/30
2026-02-12 07:48:30,871 - INFO - 开始识别验证码...（easyocr + pytesseract）
2026-02-12 07:48:30,960 - INFO - easyocr 结果: ['fiI(0.01)']
2026-02-12 07:48:31,037 - INFO - tesseract 结果: fipyY
2026-02-12 07:48:31,095 - INFO - easyocr alt1 结果: ['fRi(0.01)']
2026-02-12 07:48:31,173 - INFO - tesseract alt1 结果: Fiepy
2026-02-12 07:48:31,230 - INFO - easyocr alt2 结果: ['fTi(0.01)']
2026-02-12 07:48:31,310 - INFO - tesseract alt2 结果: Firepy
2026-02-12 07:48:31,423 - INFO - easyocr alt3 结果: ['fV(0.00)']
2026-02-12 07:48:31,513 - INFO - tesseract alt3 结果: fipy
2026-02-12 07:48:31,569 - INFO - easyocr alt4 结果: ['f(0.00)']
2026-02-12 07:48:31,648 - INFO - tesseract alt4 结果: Fipy
2026-02-12 07:48:31,715 - INFO - easyocr alt5 结果: ['ff(0.00)']
2026-02-12 07:48:31,793 - INFO - tesseract alt5 结果: Fipy
2026-02-12 07:48:31,793 - INFO - 最终验证码识别结果: fipy (engine=tesseract_alt3, prob=0.5)
2026-02-12 07:48:31,793 - INFO - 查找验证码输入框...
2026-02-12 07:48:31,799 - ERROR - 未找到验证码输入框
2026-02-12 07:48:31,799 - WARNING - 验证码填写失败
2026-02-12 07:48:31,799 - INFO - 开始填写登录表单...
2026-02-12 07:48:31,853 - INFO - 用户名填写完成
2026-02-12 07:48:31,906 - INFO - 密码填写完成
2026-02-12 07:48:31,907 - INFO - 验证码图片已保存到 /home/runner/work/nju_electric_monitor/nju_electric_monitor/src/../data/captcha_debug.png
2026-02-12 07:48:31,907 - INFO - 验证码识别尝试 13/30
2026-02-12 07:48:31,907 - INFO - 开始识别验证码...（easyocr + pytesseract）
2026-02-12 07:48:31,985 - INFO - easyocr 结果: ['fiI(0.01)']
2026-02-12 07:48:32,064 - INFO - tesseract 结果: fipyY
2026-02-12 07:48:32,119 - INFO - easyocr alt1 结果: ['fRi(0.01)']
2026-02-12 07:48:32,199 - INFO - tesseract alt1 结果: Fiepy
2026-02-12 07:48:32,255 - INFO - easyocr alt2 结果: ['fTi(0.01)']
2026-02-12 07:48:32,332 - INFO - tesseract alt2 结果: Firepy
2026-02-12 07:48:32,444 - INFO - easyocr alt3 结果: ['fV(0.00)']
2026-02-12 07:48:32,533 - INFO - tesseract alt3 结果: fipy
2026-02-12 07:48:32,588 - INFO - easyocr alt4 结果: ['f(0.00)']
2026-02-12 07:48:32,666 - INFO - tesseract alt4 结果: Fipy
2026-02-12 07:48:32,721 - INFO - easyocr alt5 结果: ['ff(0.00)']
2026-02-12 07:48:32,802 - INFO - tesseract alt5 结果: Fipy
2026-02-12 07:48:32,802 - INFO - 最终验证码识别结果: fipy (engine=tesseract_alt3, prob=0.5)
2026-02-12 07:48:32,802 - INFO - 查找验证码输入框...
2026-02-12 07:48:32,809 - ERROR - 未找到验证码输入框
2026-02-12 07:48:32,809 - WARNING - 验证码填写失败
2026-02-12 07:48:32,809 - INFO - 开始填写登录表单...
2026-02-12 07:48:32,863 - INFO - 用户名填写完成
2026-02-12 07:48:32,918 - INFO - 密码填写完成
2026-02-12 07:48:32,919 - INFO - 验证码图片已保存到 /home/runner/work/nju_electric_monitor/nju_electric_monitor/src/../data/captcha_debug.png
2026-02-12 07:48:32,919 - INFO - 验证码识别尝试 14/30
2026-02-12 07:48:32,919 - INFO - 开始识别验证码...（easyocr + pytesseract）
2026-02-12 07:48:33,008 - INFO - easyocr 结果: ['fiI(0.01)']
2026-02-12 07:48:33,087 - INFO - tesseract 结果: fipyY
2026-02-12 07:48:33,144 - INFO - easyocr alt1 结果: ['fRi(0.01)']
2026-02-12 07:48:33,223 - INFO - tesseract alt1 结果: Fiepy
2026-02-12 07:48:33,278 - INFO - easyocr alt2 结果: ['fTi(0.01)']
2026-02-12 07:48:33,355 - INFO - tesseract alt2 结果: Firepy
2026-02-12 07:48:33,468 - INFO - easyocr alt3 结果: ['fV(0.00)']
2026-02-12 07:48:33,557 - INFO - tesseract alt3 结果: fipy
2026-02-12 07:48:33,612 - INFO - easyocr alt4 结果: ['f(0.00)']
2026-02-12 07:48:33,690 - INFO - tesseract alt4 结果: Fipy
2026-02-12 07:48:33,746 - INFO - easyocr alt5 结果: ['ff(0.00)']
2026-02-12 07:48:33,825 - INFO - tesseract alt5 结果: Fipy
2026-02-12 07:48:33,825 - INFO - 最终验证码识别结果: fipy (engine=tesseract_alt3, prob=0.5)
2026-02-12 07:48:33,825 - INFO - 查找验证码输入框...
2026-02-12 07:48:33,832 - ERROR - 未找到验证码输入框
2026-02-12 07:48:33,832 - WARNING - 验证码填写失败
2026-02-12 07:48:33,832 - INFO - 开始填写登录表单...
2026-02-12 07:48:33,887 - INFO - 用户名填写完成
2026-02-12 07:48:33,941 - INFO - 密码填写完成
2026-02-12 07:48:33,941 - INFO - 验证码图片已保存到 /home/runner/work/nju_electric_monitor/nju_electric_monitor/src/../data/captcha_debug.png
2026-02-12 07:48:33,941 - INFO - 验证码识别尝试 15/30
2026-02-12 07:48:33,941 - INFO - 开始识别验证码...（easyocr + pytesseract）
2026-02-12 07:48:34,020 - INFO - easyocr 结果: ['fiI(0.01)']
2026-02-12 07:48:34,099 - INFO - tesseract 结果: fipyY
2026-02-12 07:48:34,155 - INFO - easyocr alt1 结果: ['fRi(0.01)']
2026-02-12 07:48:34,234 - INFO - tesseract alt1 结果: Fiepy
2026-02-12 07:48:34,289 - INFO - easyocr alt2 结果: ['fTi(0.01)']
2026-02-12 07:48:34,370 - INFO - tesseract alt2 结果: Firepy
2026-02-12 07:48:34,481 - INFO - easyocr alt3 结果: ['fV(0.00)']
2026-02-12 07:48:34,571 - INFO - tesseract alt3 结果: fipy
2026-02-12 07:48:34,627 - INFO - easyocr alt4 结果: ['f(0.00)']
2026-02-12 07:48:34,708 - INFO - tesseract alt4 结果: Fipy
2026-02-12 07:48:34,763 - INFO - easyocr alt5 结果: ['ff(0.00)']
2026-02-12 07:48:34,841 - INFO - tesseract alt5 结果: Fipy
2026-02-12 07:48:34,841 - INFO - 最终验证码识别结果: fipy (engine=tesseract_alt3, prob=0.5)
2026-02-12 07:48:34,841 - INFO - 查找验证码输入框...
2026-02-12 07:48:34,847 - ERROR - 未找到验证码输入框
2026-02-12 07:48:34,847 - WARNING - 验证码填写失败
2026-02-12 07:48:34,847 - INFO - 开始填写登录表单...
2026-02-12 07:48:34,903 - INFO - 用户名填写完成
2026-02-12 07:48:34,957 - INFO - 密码填写完成
2026-02-12 07:48:34,958 - INFO - 验证码图片已保存到 /home/runner/work/nju_electric_monitor/nju_electric_monitor/src/../data/captcha_debug.png
2026-02-12 07:48:34,958 - INFO - 验证码识别尝试 16/30
2026-02-12 07:48:34,958 - INFO - 开始识别验证码...（easyocr + pytesseract）
2026-02-12 07:48:35,039 - INFO - easyocr 结果: ['fiI(0.01)']
2026-02-12 07:48:35,118 - INFO - tesseract 结果: fipyY
2026-02-12 07:48:35,175 - INFO - easyocr alt1 结果: ['fRi(0.01)']
2026-02-12 07:48:35,254 - INFO - tesseract alt1 结果: Fiepy
2026-02-12 07:48:35,310 - INFO - easyocr alt2 结果: ['fTi(0.01)']
2026-02-12 07:48:35,388 - INFO - tesseract alt2 结果: Firepy
2026-02-12 07:48:35,503 - INFO - easyocr alt3 结果: ['fV(0.00)']
2026-02-12 07:48:35,595 - INFO - tesseract alt3 结果: fipy
2026-02-12 07:48:35,651 - INFO - easyocr alt4 结果: ['f(0.00)']
2026-02-12 07:48:35,729 - INFO - tesseract alt4 结果: Fipy
2026-02-12 07:48:35,784 - INFO - easyocr alt5 结果: ['ff(0.00)']
2026-02-12 07:48:35,862 - INFO - tesseract alt5 结果: Fipy
2026-02-12 07:48:35,862 - INFO - 最终验证码识别结果: fipy (engine=tesseract_alt3, prob=0.5)
2026-02-12 07:48:35,862 - INFO - 查找验证码输入框...
2026-02-12 07:48:35,869 - ERROR - 未找到验证码输入框
2026-02-12 07:48:35,869 - WARNING - 验证码填写失败
2026-02-12 07:48:35,869 - INFO - 开始填写登录表单...
2026-02-12 07:48:35,923 - INFO - 用户名填写完成
2026-02-12 07:48:35,977 - INFO - 密码填写完成
2026-02-12 07:48:35,978 - INFO - 验证码图片已保存到 /home/runner/work/nju_electric_monitor/nju_electric_monitor/src/../data/captcha_debug.png
2026-02-12 07:48:35,978 - INFO - 验证码识别尝试 17/30
2026-02-12 07:48:35,978 - INFO - 开始识别验证码...（easyocr + pytesseract）
2026-02-12 07:48:36,065 - INFO - easyocr 结果: ['fiI(0.01)']
2026-02-12 07:48:36,146 - INFO - tesseract 结果: fipyY
2026-02-12 07:48:36,205 - INFO - easyocr alt1 结果: ['fRi(0.01)']
2026-02-12 07:48:36,284 - INFO - tesseract alt1 结果: Fiepy
2026-02-12 07:48:36,342 - INFO - easyocr alt2 结果: ['fTi(0.01)']
2026-02-12 07:48:36,420 - INFO - tesseract alt2 结果: Firepy
2026-02-12 07:48:36,539 - INFO - easyocr alt3 结果: ['fV(0.00)']
2026-02-12 07:48:36,628 - INFO - tesseract alt3 结果: fipy
2026-02-12 07:48:36,693 - INFO - easyocr alt4 结果: ['f(0.00)']
2026-02-12 07:48:36,774 - INFO - tesseract alt4 结果: Fipy
2026-02-12 07:48:36,833 - INFO - easyocr alt5 结果: ['ff(0.00)']
2026-02-12 07:48:36,914 - INFO - tesseract alt5 结果: Fipy
2026-02-12 07:48:36,914 - INFO - 最终验证码识别结果: fipy (engine=tesseract_alt3, prob=0.5)
2026-02-12 07:48:36,914 - INFO - 查找验证码输入框...
2026-02-12 07:48:36,921 - ERROR - 未找到验证码输入框
2026-02-12 07:48:36,921 - WARNING - 验证码填写失败
2026-02-12 07:48:36,921 - INFO - 开始填写登录表单...
2026-02-12 07:48:36,974 - INFO - 用户名填写完成
2026-02-12 07:48:37,028 - INFO - 密码填写完成
2026-02-12 07:48:37,029 - INFO - 验证码图片已保存到 /home/runner/work/nju_electric_monitor/nju_electric_monitor/src/../data/captcha_debug.png
2026-02-12 07:48:37,029 - INFO - 验证码识别尝试 18/30
2026-02-12 07:48:37,029 - INFO - 开始识别验证码...（easyocr + pytesseract）
2026-02-12 07:48:37,109 - INFO - easyocr 结果: ['fiI(0.01)']
2026-02-12 07:48:37,187 - INFO - tesseract 结果: fipyY
2026-02-12 07:48:37,250 - INFO - easyocr alt1 结果: ['fRi(0.01)']
2026-02-12 07:48:37,328 - INFO - tesseract alt1 结果: Fiepy
2026-02-12 07:48:37,384 - INFO - easyocr alt2 结果: ['fTi(0.01)']
2026-02-12 07:48:37,462 - INFO - tesseract alt2 结果: Firepy
2026-02-12 07:48:37,575 - INFO - easyocr alt3 结果: ['fV(0.00)']
2026-02-12 07:48:37,668 - INFO - tesseract alt3 结果: fipy
2026-02-12 07:48:37,723 - INFO - easyocr alt4 结果: ['f(0.00)']
2026-02-12 07:48:37,801 - INFO - tesseract alt4 结果: Fipy
2026-02-12 07:48:37,857 - INFO - easyocr alt5 结果: ['ff(0.00)']
2026-02-12 07:48:37,937 - INFO - tesseract alt5 结果: Fipy
2026-02-12 07:48:37,937 - INFO - 最终验证码识别结果: fipy (engine=tesseract_alt3, prob=0.5)
2026-02-12 07:48:37,937 - INFO - 查找验证码输入框...
2026-02-12 07:48:37,943 - ERROR - 未找到验证码输入框
2026-02-12 07:48:37,943 - WARNING - 验证码填写失败
2026-02-12 07:48:37,943 - INFO - 开始填写登录表单...
2026-02-12 07:48:37,997 - INFO - 用户名填写完成
2026-02-12 07:48:38,053 - INFO - 密码填写完成
2026-02-12 07:48:38,053 - INFO - 验证码图片已保存到 /home/runner/work/nju_electric_monitor/nju_electric_monitor/src/../data/captcha_debug.png
2026-02-12 07:48:38,053 - INFO - 验证码识别尝试 19/30
2026-02-12 07:48:38,053 - INFO - 开始识别验证码...（easyocr + pytesseract）
2026-02-12 07:48:38,134 - INFO - easyocr 结果: ['fiI(0.01)']
2026-02-12 07:48:38,212 - INFO - tesseract 结果: fipyY
2026-02-12 07:48:38,268 - INFO - easyocr alt1 结果: ['fRi(0.01)']
2026-02-12 07:48:38,348 - INFO - tesseract alt1 结果: Fiepy
2026-02-12 07:48:38,403 - INFO - easyocr alt2 结果: ['fTi(0.01)']
2026-02-12 07:48:38,484 - INFO - tesseract alt2 结果: Firepy
2026-02-12 07:48:38,600 - INFO - easyocr alt3 结果: ['fV(0.00)']
2026-02-12 07:48:38,690 - INFO - tesseract alt3 结果: fipy
2026-02-12 07:48:38,746 - INFO - easyocr alt4 结果: ['f(0.00)']
2026-02-12 07:48:38,828 - INFO - tesseract alt4 结果: Fipy
2026-02-12 07:48:38,882 - INFO - easyocr alt5 结果: ['ff(0.00)']
2026-02-12 07:48:38,959 - INFO - tesseract alt5 结果: Fipy
2026-02-12 07:48:38,959 - INFO - 最终验证码识别结果: fipy (engine=tesseract_alt3, prob=0.5)
2026-02-12 07:48:38,959 - INFO - 查找验证码输入框...
2026-02-12 07:48:38,965 - ERROR - 未找到验证码输入框
2026-02-12 07:48:38,965 - WARNING - 验证码填写失败
2026-02-12 07:48:38,965 - INFO - 开始填写登录表单...
2026-02-12 07:48:39,020 - INFO - 用户名填写完成
2026-02-12 07:48:39,074 - INFO - 密码填写完成
2026-02-12 07:48:39,075 - INFO - 验证码图片已保存到 /home/runner/work/nju_electric_monitor/nju_electric_monitor/src/../data/captcha_debug.png
2026-02-12 07:48:39,075 - INFO - 验证码识别尝试 20/30
2026-02-12 07:48:39,075 - INFO - 开始识别验证码...（easyocr + pytesseract）
2026-02-12 07:48:39,157 - INFO - easyocr 结果: ['fiI(0.01)']
2026-02-12 07:48:39,236 - INFO - tesseract 结果: fipyY
2026-02-12 07:48:39,294 - INFO - easyocr alt1 结果: ['fRi(0.01)']
2026-02-12 07:48:39,375 - INFO - tesseract alt1 结果: Fiepy
2026-02-12 07:48:39,433 - INFO - easyocr alt2 结果: ['fTi(0.01)']
2026-02-12 07:48:39,511 - INFO - tesseract alt2 结果: Firepy
2026-02-12 07:48:39,629 - INFO - easyocr alt3 结果: ['fV(0.00)']
2026-02-12 07:48:39,720 - INFO - tesseract alt3 结果: fipy
2026-02-12 07:48:39,775 - INFO - easyocr alt4 结果: ['f(0.00)']
2026-02-12 07:48:39,854 - INFO - tesseract alt4 结果: Fipy
2026-02-12 07:48:39,910 - INFO - easyocr alt5 结果: ['ff(0.00)']
2026-02-12 07:48:39,991 - INFO - tesseract alt5 结果: Fipy
2026-02-12 07:48:39,991 - INFO - 最终验证码识别结果: fipy (engine=tesseract_alt3, prob=0.5)
2026-02-12 07:48:39,991 - INFO - 查找验证码输入框...
2026-02-12 07:48:39,997 - ERROR - 未找到验证码输入框
2026-02-12 07:48:39,997 - WARNING - 验证码填写失败
2026-02-12 07:48:39,997 - INFO - 开始填写登录表单...
2026-02-12 07:48:40,052 - INFO - 用户名填写完成
2026-02-12 07:48:40,106 - INFO - 密码填写完成
2026-02-12 07:48:40,107 - INFO - 验证码图片已保存到 /home/runner/work/nju_electric_monitor/nju_electric_monitor/src/../data/captcha_debug.png
2026-02-12 07:48:40,107 - INFO - 验证码识别尝试 21/30
2026-02-12 07:48:40,107 - INFO - 开始识别验证码...（easyocr + pytesseract）
2026-02-12 07:48:40,186 - INFO - easyocr 结果: ['fiI(0.01)']
2026-02-12 07:48:40,266 - INFO - tesseract 结果: fipyY
2026-02-12 07:48:40,323 - INFO - easyocr alt1 结果: ['fRi(0.01)']
2026-02-12 07:48:40,402 - INFO - tesseract alt1 结果: Fiepy
2026-02-12 07:48:40,457 - INFO - easyocr alt2 结果: ['fTi(0.01)']
2026-02-12 07:48:40,535 - INFO - tesseract alt2 结果: Firepy
2026-02-12 07:48:40,652 - INFO - easyocr alt3 结果: ['fV(0.00)']
2026-02-12 07:48:40,742 - INFO - tesseract alt3 结果: fipy
2026-02-12 07:48:40,811 - INFO - easyocr alt4 结果: ['f(0.00)']
2026-02-12 07:48:40,888 - INFO - tesseract alt4 结果: Fipy
2026-02-12 07:48:40,944 - INFO - easyocr alt5 结果: ['ff(0.00)']
2026-02-12 07:48:41,023 - INFO - tesseract alt5 结果: Fipy
2026-02-12 07:48:41,023 - INFO - 最终验证码识别结果: fipy (engine=tesseract_alt3, prob=0.5)
2026-02-12 07:48:41,023 - INFO - 查找验证码输入框...
2026-02-12 07:48:41,029 - ERROR - 未找到验证码输入框
2026-02-12 07:48:41,029 - WARNING - 验证码填写失败
2026-02-12 07:48:41,029 - INFO - 开始填写登录表单...
2026-02-12 07:48:41,087 - INFO - 用户名填写完成
2026-02-12 07:48:41,142 - INFO - 密码填写完成
2026-02-12 07:48:41,142 - INFO - 验证码图片已保存到 /home/runner/work/nju_electric_monitor/nju_electric_monitor/src/../data/captcha_debug.png
2026-02-12 07:48:41,142 - INFO - 验证码识别尝试 22/30
2026-02-12 07:48:41,142 - INFO - 开始识别验证码...（easyocr + pytesseract）
2026-02-12 07:48:41,230 - INFO - easyocr 结果: ['fiI(0.01)']
2026-02-12 07:48:41,311 - INFO - tesseract 结果: fipyY
2026-02-12 07:48:41,368 - INFO - easyocr alt1 结果: ['fRi(0.01)']
2026-02-12 07:48:41,448 - INFO - tesseract alt1 结果: Fiepy
2026-02-12 07:48:41,514 - INFO - easyocr alt2 结果: ['fTi(0.01)']
2026-02-12 07:48:41,593 - INFO - tesseract alt2 结果: Firepy
2026-02-12 07:48:41,704 - INFO - easyocr alt3 结果: ['fV(0.00)']
2026-02-12 07:48:41,794 - INFO - tesseract alt3 结果: fipy
2026-02-12 07:48:41,849 - INFO - easyocr alt4 结果: ['f(0.00)']
2026-02-12 07:48:41,931 - INFO - tesseract alt4 结果: Fipy
2026-02-12 07:48:41,987 - INFO - easyocr alt5 结果: ['ff(0.00)']
2026-02-12 07:48:42,067 - INFO - tesseract alt5 结果: Fipy
2026-02-12 07:48:42,067 - INFO - 最终验证码识别结果: fipy (engine=tesseract_alt3, prob=0.5)
2026-02-12 07:48:42,068 - INFO - 查找验证码输入框...
2026-02-12 07:48:42,074 - ERROR - 未找到验证码输入框
2026-02-12 07:48:42,074 - WARNING - 验证码填写失败
2026-02-12 07:48:42,074 - INFO - 开始填写登录表单...
2026-02-12 07:48:42,128 - INFO - 用户名填写完成
2026-02-12 07:48:42,183 - INFO - 密码填写完成
2026-02-12 07:48:42,184 - INFO - 验证码图片已保存到 /home/runner/work/nju_electric_monitor/nju_electric_monitor/src/../data/captcha_debug.png
2026-02-12 07:48:42,184 - INFO - 验证码识别尝试 23/30
2026-02-12 07:48:42,184 - INFO - 开始识别验证码...（easyocr + pytesseract）
2026-02-12 07:48:42,276 - INFO - easyocr 结果: ['fiI(0.01)']
2026-02-12 07:48:42,355 - INFO - tesseract 结果: fipyY
2026-02-12 07:48:42,413 - INFO - easyocr alt1 结果: ['fRi(0.01)']
2026-02-12 07:48:42,492 - INFO - tesseract alt1 结果: Fiepy
2026-02-12 07:48:42,559 - INFO - easyocr alt2 结果: ['fTi(0.01)']
2026-02-12 07:48:42,636 - INFO - tesseract alt2 结果: Firepy
2026-02-12 07:48:42,750 - INFO - easyocr alt3 结果: ['fV(0.00)']
2026-02-12 07:48:42,841 - INFO - tesseract alt3 结果: fipy
2026-02-12 07:48:42,896 - INFO - easyocr alt4 结果: ['f(0.00)']
2026-02-12 07:48:42,983 - INFO - tesseract alt4 结果: Fipy
2026-02-12 07:48:43,051 - INFO - easyocr alt5 结果: ['ff(0.00)']
2026-02-12 07:48:43,131 - INFO - tesseract alt5 结果: Fipy
2026-02-12 07:48:43,131 - INFO - 最终验证码识别结果: fipy (engine=tesseract_alt3, prob=0.5)
2026-02-12 07:48:43,131 - INFO - 查找验证码输入框...
2026-02-12 07:48:43,137 - ERROR - 未找到验证码输入框
2026-02-12 07:48:43,137 - WARNING - 验证码填写失败
2026-02-12 07:48:43,137 - INFO - 开始填写登录表单...
2026-02-12 07:48:43,192 - INFO - 用户名填写完成
2026-02-12 07:48:43,246 - INFO - 密码填写完成
2026-02-12 07:48:43,247 - INFO - 验证码图片已保存到 /home/runner/work/nju_electric_monitor/nju_electric_monitor/src/../data/captcha_debug.png
2026-02-12 07:48:43,247 - INFO - 验证码识别尝试 24/30
2026-02-12 07:48:43,247 - INFO - 开始识别验证码...（easyocr + pytesseract）
2026-02-12 07:48:43,331 - INFO - easyocr 结果: ['fiI(0.01)']
2026-02-12 07:48:43,409 - INFO - tesseract 结果: fipyY
2026-02-12 07:48:43,465 - INFO - easyocr alt1 结果: ['fRi(0.01)']
2026-02-12 07:48:43,543 - INFO - tesseract alt1 结果: Fiepy
2026-02-12 07:48:43,605 - INFO - easyocr alt2 结果: ['fTi(0.01)']
2026-02-12 07:48:43,685 - INFO - tesseract alt2 结果: Firepy
2026-02-12 07:48:43,797 - INFO - easyocr alt3 结果: ['fV(0.00)']
2026-02-12 07:48:43,885 - INFO - tesseract alt3 结果: fipy
2026-02-12 07:48:43,941 - INFO - easyocr alt4 结果: ['f(0.00)']
2026-02-12 07:48:44,022 - INFO - tesseract alt4 结果: Fipy
2026-02-12 07:48:44,081 - INFO - easyocr alt5 结果: ['ff(0.00)']
2026-02-12 07:48:44,159 - INFO - tesseract alt5 结果: Fipy
2026-02-12 07:48:44,159 - INFO - 最终验证码识别结果: fipy (engine=tesseract_alt3, prob=0.5)
2026-02-12 07:48:44,159 - INFO - 查找验证码输入框...
2026-02-12 07:48:44,165 - ERROR - 未找到验证码输入框
2026-02-12 07:48:44,165 - WARNING - 验证码填写失败
2026-02-12 07:48:44,165 - INFO - 开始填写登录表单...
2026-02-12 07:48:44,220 - INFO - 用户名填写完成
2026-02-12 07:48:44,274 - INFO - 密码填写完成
2026-02-12 07:48:44,275 - INFO - 验证码图片已保存到 /home/runner/work/nju_electric_monitor/nju_electric_monitor/src/../data/captcha_debug.png
2026-02-12 07:48:44,275 - INFO - 验证码识别尝试 25/30
2026-02-12 07:48:44,275 - INFO - 开始识别验证码...（easyocr + pytesseract）
2026-02-12 07:48:44,362 - INFO - easyocr 结果: ['fiI(0.01)']
2026-02-12 07:48:44,441 - INFO - tesseract 结果: fipyY
2026-02-12 07:48:44,497 - INFO - easyocr alt1 结果: ['fRi(0.01)']
2026-02-12 07:48:44,576 - INFO - tesseract alt1 结果: Fiepy
2026-02-12 07:48:44,633 - INFO - easyocr alt2 结果: ['fTi(0.01)']
2026-02-12 07:48:44,710 - INFO - tesseract alt2 结果: Firepy
2026-02-12 07:48:44,839 - INFO - easyocr alt3 结果: ['fV(0.00)']
2026-02-12 07:48:44,929 - INFO - tesseract alt3 结果: fipy
2026-02-12 07:48:44,984 - INFO - easyocr alt4 结果: ['f(0.00)']
2026-02-12 07:48:45,062 - INFO - tesseract alt4 结果: Fipy
2026-02-12 07:48:45,126 - INFO - easyocr alt5 结果: ['ff(0.00)']
2026-02-12 07:48:45,205 - INFO - tesseract alt5 结果: Fipy
2026-02-12 07:48:45,206 - INFO - 最终验证码识别结果: fipy (engine=tesseract_alt3, prob=0.5)
2026-02-12 07:48:45,206 - INFO - 查找验证码输入框...
2026-02-12 07:48:45,212 - ERROR - 未找到验证码输入框
2026-02-12 07:48:45,212 - WARNING - 验证码填写失败
2026-02-12 07:48:45,212 - INFO - 开始填写登录表单...
2026-02-12 07:48:45,266 - INFO - 用户名填写完成
2026-02-12 07:48:45,320 - INFO - 密码填写完成
2026-02-12 07:48:45,321 - INFO - 验证码图片已保存到 /home/runner/work/nju_electric_monitor/nju_electric_monitor/src/../data/captcha_debug.png
2026-02-12 07:48:45,321 - INFO - 验证码识别尝试 26/30
2026-02-12 07:48:45,321 - INFO - 开始识别验证码...（easyocr + pytesseract）
2026-02-12 07:48:45,399 - INFO - easyocr 结果: ['fiI(0.01)']
2026-02-12 07:48:45,479 - INFO - tesseract 结果: fipyY
2026-02-12 07:48:45,537 - INFO - easyocr alt1 结果: ['fRi(0.01)']
2026-02-12 07:48:45,615 - INFO - tesseract alt1 结果: Fiepy
2026-02-12 07:48:45,670 - INFO - easyocr alt2 结果: ['fTi(0.01)']
2026-02-12 07:48:45,751 - INFO - tesseract alt2 结果: Firepy
2026-02-12 07:48:45,871 - INFO - easyocr alt3 结果: ['fV(0.00)']
2026-02-12 07:48:45,964 - INFO - tesseract alt3 结果: fipy
2026-02-12 07:48:46,020 - INFO - easyocr alt4 结果: ['f(0.00)']
2026-02-12 07:48:46,098 - INFO - tesseract alt4 结果: Fipy
2026-02-12 07:48:46,154 - INFO - easyocr alt5 结果: ['ff(0.00)']
2026-02-12 07:48:46,234 - INFO - tesseract alt5 结果: Fipy
2026-02-12 07:48:46,234 - INFO - 最终验证码识别结果: fipy (engine=tesseract_alt3, prob=0.5)
2026-02-12 07:48:46,234 - INFO - 查找验证码输入框...
2026-02-12 07:48:46,240 - ERROR - 未找到验证码输入框
2026-02-12 07:48:46,240 - WARNING - 验证码填写失败
2026-02-12 07:48:46,240 - INFO - 开始填写登录表单...
2026-02-12 07:48:46,295 - INFO - 用户名填写完成
2026-02-12 07:48:46,350 - INFO - 密码填写完成
2026-02-12 07:48:46,351 - INFO - 验证码图片已保存到 /home/runner/work/nju_electric_monitor/nju_electric_monitor/src/../data/captcha_debug.png
2026-02-12 07:48:46,351 - INFO - 验证码识别尝试 27/30
2026-02-12 07:48:46,351 - INFO - 开始识别验证码...（easyocr + pytesseract）
2026-02-12 07:48:46,433 - INFO - easyocr 结果: ['fiI(0.01)']
2026-02-12 07:48:46,512 - INFO - tesseract 结果: fipyY
2026-02-12 07:48:46,577 - INFO - easyocr alt1 结果: ['fRi(0.01)']
2026-02-12 07:48:46,658 - INFO - tesseract alt1 结果: Fiepy
2026-02-12 07:48:46,713 - INFO - easyocr alt2 结果: ['fTi(0.01)']
2026-02-12 07:48:46,794 - INFO - tesseract alt2 结果: Firepy
2026-02-12 07:48:46,908 - INFO - easyocr alt3 结果: ['fV(0.00)']
2026-02-12 07:48:46,998 - INFO - tesseract alt3 结果: fipy
2026-02-12 07:48:47,056 - INFO - easyocr alt4 结果: ['f(0.00)']
2026-02-12 07:48:47,137 - INFO - tesseract alt4 结果: Fipy
2026-02-12 07:48:47,192 - INFO - easyocr alt5 结果: ['ff(0.00)']
2026-02-12 07:48:47,270 - INFO - tesseract alt5 结果: Fipy
2026-02-12 07:48:47,270 - INFO - 最终验证码识别结果: fipy (engine=tesseract_alt3, prob=0.5)
2026-02-12 07:48:47,270 - INFO - 查找验证码输入框...
2026-02-12 07:48:47,276 - ERROR - 未找到验证码输入框
2026-02-12 07:48:47,276 - WARNING - 验证码填写失败
2026-02-12 07:48:47,277 - INFO - 开始填写登录表单...
2026-02-12 07:48:47,331 - INFO - 用户名填写完成
2026-02-12 07:48:47,386 - INFO - 密码填写完成
2026-02-12 07:48:47,387 - INFO - 验证码图片已保存到 /home/runner/work/nju_electric_monitor/nju_electric_monitor/src/../data/captcha_debug.png
2026-02-12 07:48:47,387 - INFO - 验证码识别尝试 28/30
2026-02-12 07:48:47,387 - INFO - 开始识别验证码...（easyocr + pytesseract）
2026-02-12 07:48:47,466 - INFO - easyocr 结果: ['fiI(0.01)']
2026-02-12 07:48:47,545 - INFO - tesseract 结果: fipyY
2026-02-12 07:48:47,603 - INFO - easyocr alt1 结果: ['fRi(0.01)']
2026-02-12 07:48:47,683 - INFO - tesseract alt1 结果: Fiepy
2026-02-12 07:48:47,738 - INFO - easyocr alt2 结果: ['fTi(0.01)']
2026-02-12 07:48:47,818 - INFO - tesseract alt2 结果: Firepy
2026-02-12 07:48:47,931 - INFO - easyocr alt3 结果: ['fV(0.00)']
2026-02-12 07:48:48,019 - INFO - tesseract alt3 结果: fipy
2026-02-12 07:48:48,076 - INFO - easyocr alt4 结果: ['f(0.00)']
2026-02-12 07:48:48,155 - INFO - tesseract alt4 结果: Fipy
2026-02-12 07:48:48,210 - INFO - easyocr alt5 结果: ['ff(0.00)']
2026-02-12 07:48:48,288 - INFO - tesseract alt5 结果: Fipy
2026-02-12 07:48:48,288 - INFO - 最终验证码识别结果: fipy (engine=tesseract_alt3, prob=0.5)
2026-02-12 07:48:48,288 - INFO - 查找验证码输入框...
2026-02-12 07:48:48,294 - ERROR - 未找到验证码输入框
2026-02-12 07:48:48,294 - WARNING - 验证码填写失败
2026-02-12 07:48:48,294 - INFO - 开始填写登录表单...
2026-02-12 07:48:48,352 - INFO - 用户名填写完成
2026-02-12 07:48:48,406 - INFO - 密码填写完成
2026-02-12 07:48:48,406 - INFO - 验证码图片已保存到 /home/runner/work/nju_electric_monitor/nju_electric_monitor/src/../data/captcha_debug.png
2026-02-12 07:48:48,406 - INFO - 验证码识别尝试 29/30
2026-02-12 07:48:48,406 - INFO - 开始识别验证码...（easyocr + pytesseract）
2026-02-12 07:48:48,486 - INFO - easyocr 结果: ['fiI(0.01)']
2026-02-12 07:48:48,564 - INFO - tesseract 结果: fipyY
2026-02-12 07:48:48,623 - INFO - easyocr alt1 结果: ['fRi(0.01)']
2026-02-12 07:48:48,702 - INFO - tesseract alt1 结果: Fiepy
2026-02-12 07:48:48,757 - INFO - easyocr alt2 结果: ['fTi(0.01)']
2026-02-12 07:48:48,839 - INFO - tesseract alt2 结果: Firepy
2026-02-12 07:48:48,962 - INFO - easyocr alt3 结果: ['fV(0.00)']
2026-02-12 07:48:49,051 - INFO - tesseract alt3 结果: fipy
2026-02-12 07:48:49,107 - INFO - easyocr alt4 结果: ['f(0.00)']
2026-02-12 07:48:49,185 - INFO - tesseract alt4 结果: Fipy
2026-02-12 07:48:49,241 - INFO - easyocr alt5 结果: ['ff(0.00)']
2026-02-12 07:48:49,320 - INFO - tesseract alt5 结果: Fipy
2026-02-12 07:48:49,320 - INFO - 最终验证码识别结果: fipy (engine=tesseract_alt3, prob=0.5)
2026-02-12 07:48:49,320 - INFO - 查找验证码输入框...
2026-02-12 07:48:49,326 - ERROR - 未找到验证码输入框
2026-02-12 07:48:49,326 - WARNING - 验证码填写失败
2026-02-12 07:48:49,326 - INFO - 开始填写登录表单...
2026-02-12 07:48:49,382 - INFO - 用户名填写完成
2026-02-12 07:48:49,436 - INFO - 密码填写完成
2026-02-12 07:48:49,437 - INFO - 验证码图片已保存到 /home/runner/work/nju_electric_monitor/nju_electric_monitor/src/../data/captcha_debug.png
2026-02-12 07:48:49,437 - INFO - 验证码识别尝试 30/30
2026-02-12 07:48:49,437 - INFO - 开始识别验证码...（easyocr + pytesseract）
2026-02-12 07:48:49,516 - INFO - easyocr 结果: ['fiI(0.01)']
2026-02-12 07:48:49,595 - INFO - tesseract 结果: fipyY
2026-02-12 07:48:49,651 - INFO - easyocr alt1 结果: ['fRi(0.01)']
2026-02-12 07:48:49,729 - INFO - tesseract alt1 结果: Fiepy
2026-02-12 07:48:49,784 - INFO - easyocr alt2 结果: ['fTi(0.01)']
2026-02-12 07:48:49,862 - INFO - tesseract alt2 结果: Firepy
2026-02-12 07:48:49,975 - INFO - easyocr alt3 结果: ['fV(0.00)']
2026-02-12 07:48:50,065 - INFO - tesseract alt3 结果: fipy
2026-02-12 07:48:50,121 - INFO - easyocr alt4 结果: ['f(0.00)']
2026-02-12 07:48:50,199 - INFO - tesseract alt4 结果: Fipy
2026-02-12 07:48:50,254 - INFO - easyocr alt5 结果: ['ff(0.00)']
2026-02-12 07:48:50,333 - INFO - tesseract alt5 结果: Fipy
2026-02-12 07:48:50,333 - INFO - 最终验证码识别结果: fipy (engine=tesseract_alt3, prob=0.5)
2026-02-12 07:48:50,333 - INFO - 查找验证码输入框...
2026-02-12 07:48:50,339 - ERROR - 未找到验证码输入框
2026-02-12 07:48:50,339 - WARNING - 验证码填写失败
2026-02-12 07:48:50,339 - WARNING - 自动验证码识别失败，请手动输入
2026-02-12 07:48:50,339 - ERROR - 处理验证码时出错: EOF when reading a line
2026-02-12 07:48:50,339 - WARNING - 验证码处理失败，但继续尝试登录
2026-02-12 07:48:50,339 - INFO - 查找并点击登录按钮...
2026-02-12 07:48:50,347 - ERROR - 未找到登录按钮
2026-02-12 07:48:50,347 - ERROR - 点击登录按钮失败
2026-02-12 07:48:50,347 - INFO - 等待登录成功...
2026-02-12 07:48:55,351 - INFO - 登录可能成功，继续下一步...
2026-02-12 07:48:55,352 - INFO - 查找'去充值'按钮...
2026-02-12 07:48:55,359 - ERROR - 未找到'去充值'按钮
2026-02-12 07:48:55,359 - WARNING - 点击充值按钮失败，尝试直接提取数据
2026-02-12 07:48:55,359 - INFO - 开始提取剩余电量信息...
2026-02-12 07:48:55,367 - INFO - 页面源码已保存到 /home/runner/work/nju_electric_monitor/nju_electric_monitor/src/../data/debug_page_source.html
2026-02-12 07:48:55,374 - WARNING - 未找到电量信息元素，尝试其他方法...
2026-02-12 07:48:55,382 - WARNING - 未找到i标签中的电量信息，尝试其他方法...
2026-02-12 07:48:55,389 - INFO - 在页面源码中查找电量信息...
2026-02-12 07:48:55,400 - WARNING - 未能提取到剩余电量信息
2026-02-12 07:48:55,400 - WARNING - 没有电量数据可保存
2026-02-12 07:48:55,400 - INFO - 监控流程完成
