2025-12-29 07:21:36,351 - INFO - Matplotlib 字体设置：使用回退字体列表，首选可用字体: Noto Sans CJK JP
2025-12-29 07:21:37,783 - INFO - 使用 ChromeDriver: /usr/bin/chromedriver
2025-12-29 07:21:37,784 - WARNING - Using CPU. Note: This module is much faster with a GPU.
2025-12-29 07:21:39,375 - INFO - OCR识别器初始化成功
2025-12-29 07:21:39,375 - INFO - 开始南京大学电费监控流程（自动无头模式）
2025-12-29 07:21:39,375 - INFO - 正在打开页面: https://epay.nju.edu.cn/epay/h5/nju/electric/index
2025-12-29 07:21:50,882 - INFO - 等待登录表单加载...
2025-12-29 07:21:50,892 - INFO - 登录表单已加载
2025-12-29 07:21:50,892 - INFO - 开始填写登录表单...
2025-12-29 07:21:50,954 - INFO - 用户名填写完成
2025-12-29 07:21:51,024 - INFO - 密码填写完成
2025-12-29 07:21:51,024 - INFO - 检查是否有验证码...
2025-12-29 07:21:51,024 - INFO - 查找验证码图片...
2025-12-29 07:21:51,044 - INFO - 找到验证码图片，开始截图...
2025-12-29 07:21:51,090 - INFO - 验证码图片截取成功
2025-12-29 07:21:51,091 - INFO - 开始填写登录表单...
2025-12-29 07:21:51,156 - INFO - 用户名填写完成
2025-12-29 07:21:51,220 - INFO - 密码填写完成
2025-12-29 07:21:51,221 - INFO - 验证码图片已保存到 /home/runner/work/nju_electric_monitor/nju_electric_monitor/src/../data/captcha_debug.png
2025-12-29 07:21:51,221 - INFO - 验证码识别尝试 1/30
2025-12-29 07:21:51,221 - INFO - 开始识别验证码...（easyocr + pytesseract）
2025-12-29 07:21:51,355 - INFO - easyocr 结果: ['4(1.00)', 'PXf(0.95)']
2025-12-29 07:21:51,551 - INFO - tesseract 结果: 4Pxf
2025-12-29 07:21:51,618 - INFO - easyocr alt1 结果: ['4PXf(0.86)']
2025-12-29 07:21:51,712 - INFO - tesseract alt1 结果: 4PXf
2025-12-29 07:21:51,786 - INFO - easyocr alt2 结果: ['4(1.00)', 'Pxf(0.80)']
2025-12-29 07:21:51,882 - INFO - tesseract alt2 结果: 4PXf
2025-12-29 07:21:52,056 - INFO - easyocr alt3 结果: ['4(1.00)', 'Pf(0.79)']
2025-12-29 07:21:52,163 - INFO - tesseract alt3 结果: 4Pxf
2025-12-29 07:21:52,225 - INFO - easyocr alt4 结果: ['Pf(0.95)']
2025-12-29 07:21:52,324 - INFO - tesseract alt4 结果: 4PXf
2025-12-29 07:21:52,379 - INFO - easyocr alt5 结果: ['Pf(0.77)']
2025-12-29 07:21:52,475 - INFO - tesseract alt5 结果: 4X
2025-12-29 07:21:52,475 - INFO - 最终验证码识别结果: 4PXf (engine=easyocr_alt1, prob=0.859244704246521)
2025-12-29 07:21:52,475 - INFO - 查找验证码输入框...
2025-12-29 07:21:52,539 - INFO - 验证码填写完成
2025-12-29 07:21:52,539 - INFO - 验证码填写完成，点击登录按钮...
2025-12-29 07:21:52,539 - INFO - 查找并点击登录按钮...
2025-12-29 07:21:56,405 - INFO - 已点击登录按钮
2025-12-29 07:22:03,415 - INFO - 未检测到无效验证码提示，验证码通过
2025-12-29 07:22:03,415 - INFO - 查找并点击登录按钮...
2025-12-29 07:22:03,421 - ERROR - 未找到登录按钮
2025-12-29 07:22:03,421 - ERROR - 点击登录按钮失败
2025-12-29 07:22:03,421 - INFO - 等待登录成功...
2025-12-29 07:22:08,426 - INFO - 登录可能成功，继续下一步...
2025-12-29 07:22:08,426 - INFO - 查找'去充值'按钮...
2025-12-29 07:22:10,147 - INFO - 已点击充值按钮
2025-12-29 07:22:13,147 - INFO - 开始提取剩余电量信息...
2025-12-29 07:22:13,151 - INFO - 页面源码已保存到 /home/runner/work/nju_electric_monitor/nju_electric_monitor/src/../data/debug_page_source.html
2025-12-29 07:22:13,175 - INFO - 找到电量信息元素: 持卡人姓名：***
2025-12-29 07:22:13,175 - WARNING - 未在元素中找到标准格式的电量信息
2025-12-29 07:22:13,189 - INFO - 找到i标签中的电量信息: 吴相民
2025-12-29 07:22:13,189 - WARNING - i标签中未找到标准格式的电量信息
2025-12-29 07:22:13,189 - WARNING - 未找到i标签中的电量信息
2025-12-29 07:22:13,192 - INFO - 在页面源码中查找电量信息...
2025-12-29 07:22:13,193 - INFO - 从页面源码中提取到剩余电量: 207.45 度
2025-12-29 07:22:13,220 - INFO - 数据已保存: 207.45 度
2025-12-29 07:22:13,559 - INFO - 电量变化曲线图已保存到: /home/runner/work/nju_electric_monitor/nju_electric_monitor/src/../data/electricity_trend.png
2025-12-29 07:22:13,838 - INFO - 最近20次电量变化曲线图已保存到: /home/runner/work/nju_electric_monitor/nju_electric_monitor/src/../data/recent_20_changes.png
2025-12-29 07:22:13,838 - INFO - 监控流程完成
