2026-01-05 13:38:46,483 - INFO - Matplotlib 字体设置：使用回退字体列表，首选可用字体: Noto Sans CJK JP
2026-01-05 13:38:48,560 - INFO - 使用 ChromeDriver: /usr/bin/chromedriver
2026-01-05 13:38:48,561 - WARNING - Using CPU. Note: This module is much faster with a GPU.
2026-01-05 13:38:50,189 - INFO - OCR识别器初始化成功
2026-01-05 13:38:50,189 - INFO - 开始南京大学电费监控流程（自动无头模式）
2026-01-05 13:38:50,189 - INFO - 正在打开页面: https://epay.nju.edu.cn/epay/h5/nju/electric/index
2026-01-05 13:38:59,314 - INFO - 等待登录表单加载...
2026-01-05 13:38:59,802 - INFO - 登录表单已加载
2026-01-05 13:38:59,802 - INFO - 开始填写登录表单...
2026-01-05 13:38:59,869 - INFO - 用户名填写完成
2026-01-05 13:38:59,936 - INFO - 密码填写完成
2026-01-05 13:38:59,936 - INFO - 检查是否有验证码...
2026-01-05 13:38:59,936 - INFO - 查找验证码图片...
2026-01-05 13:38:59,955 - INFO - 找到验证码图片，开始截图...
2026-01-05 13:39:00,001 - INFO - 验证码图片截取成功
2026-01-05 13:39:00,001 - INFO - 开始填写登录表单...
2026-01-05 13:39:00,067 - INFO - 用户名填写完成
2026-01-05 13:39:00,127 - INFO - 密码填写完成
2026-01-05 13:39:00,128 - INFO - 验证码图片已保存到 /home/runner/work/nju_electric_monitor/nju_electric_monitor/src/../data/captcha_debug.png
2026-01-05 13:39:00,128 - INFO - 验证码识别尝试 1/30
2026-01-05 13:39:00,128 - INFO - 开始识别验证码...（easyocr + pytesseract）
2026-01-05 13:39:00,251 - INFO - easyocr 结果: ['8Kf1(0.98)']
2026-01-05 13:39:00,394 - INFO - tesseract 结果: 8kf1
2026-01-05 13:39:00,458 - INFO - easyocr alt1 结果: ['8K1(0.34)']
2026-01-05 13:39:00,556 - INFO - tesseract alt1 结果: kh
2026-01-05 13:39:00,614 - INFO - easyocr alt2 结果: ['8K1(0.30)']
2026-01-05 13:39:00,709 - INFO - tesseract alt2 结果: okft
2026-01-05 13:39:00,874 - INFO - easyocr alt3 结果: ['8K1(0.16)']
2026-01-05 13:39:00,976 - INFO - tesseract alt3 结果: 
2026-01-05 13:39:01,035 - INFO - easyocr alt4 结果: ['81(0.41)']
2026-01-05 13:39:01,196 - INFO - tesseract alt4 结果: akfi
2026-01-05 13:39:01,288 - INFO - easyocr alt5 结果: ['8(0.04)']
2026-01-05 13:39:01,388 - INFO - tesseract alt5 结果: kh
2026-01-05 13:39:01,388 - INFO - 最终验证码识别结果: 8Kf1 (engine=easyocr, prob=0.9843187928199768)
2026-01-05 13:39:01,388 - INFO - 查找验证码输入框...
2026-01-05 13:39:01,450 - INFO - 验证码填写完成
2026-01-05 13:39:01,450 - INFO - 验证码填写完成，点击登录按钮...
2026-01-05 13:39:01,450 - INFO - 查找并点击登录按钮...
2026-01-05 13:39:05,279 - INFO - 已点击登录按钮
2026-01-05 13:39:12,290 - INFO - 未检测到无效验证码提示，验证码通过
2026-01-05 13:39:12,290 - INFO - 查找并点击登录按钮...
2026-01-05 13:39:12,295 - ERROR - 未找到登录按钮
2026-01-05 13:39:12,295 - ERROR - 点击登录按钮失败
2026-01-05 13:39:12,295 - INFO - 等待登录成功...
2026-01-05 13:39:17,300 - INFO - 登录可能成功，继续下一步...
2026-01-05 13:39:17,300 - INFO - 查找'去充值'按钮...
2026-01-05 13:39:19,689 - INFO - 已点击充值按钮
2026-01-05 13:39:22,689 - INFO - 开始提取剩余电量信息...
2026-01-05 13:39:22,693 - INFO - 页面源码已保存到 /home/runner/work/nju_electric_monitor/nju_electric_monitor/src/../data/debug_page_source.html
2026-01-05 13:39:22,711 - INFO - 找到电量信息元素: 持卡人姓名：***
2026-01-05 13:39:22,711 - WARNING - 未在元素中找到标准格式的电量信息
2026-01-05 13:39:22,723 - INFO - 找到i标签中的电量信息: ***
2026-01-05 13:39:22,723 - WARNING - i标签中未找到标准格式的电量信息
2026-01-05 13:39:22,723 - WARNING - 未找到i标签中的电量信息
2026-01-05 13:39:22,726 - INFO - 在页面源码中查找电量信息...
2026-01-05 13:39:22,726 - INFO - 从页面源码中提取到剩余电量: 172.08 度
2026-01-05 13:39:22,751 - INFO - 数据已保存: 172.08 度
2026-01-05 13:39:23,107 - INFO - 电量变化曲线图已保存到: /home/runner/work/nju_electric_monitor/nju_electric_monitor/src/../data/electricity_trend.png
2026-01-05 13:39:23,361 - INFO - 最近20次电量变化曲线图已保存到: /home/runner/work/nju_electric_monitor/nju_electric_monitor/src/../data/recent_20_changes.png
2026-01-05 13:39:23,361 - INFO - 监控流程完成
