2025-11-30 15:03:01,948 - INFO - 使用本地ChromeDriver: D:\Documents\Github\nju_electric_monitor\src\..\chromedriver-win64\chromedriver.exe
2025-11-30 15:03:01,949 - WARNING - Using CPU. Note: This module is much faster with a GPU.
2025-11-30 15:03:03,440 - INFO - OCR识别器初始化成功
2025-11-30 15:03:03,441 - INFO - 开始南京大学电费监控流程（自动无头模式）
2025-11-30 15:03:03,453 - INFO - 已获取登录凭据
2025-11-30 15:03:03,454 - INFO - 正在打开页面: https://epay.nju.edu.cn/epay/h5/nju/electric/index
2025-11-30 15:03:07,031 - INFO - 等待登录表单加载...
2025-11-30 15:03:07,050 - INFO - 登录表单已加载
2025-11-30 15:03:07,050 - INFO - 开始填写登录表单...
2025-11-30 15:03:07,147 - INFO - 用户名填写完成
2025-11-30 15:03:07,184 - INFO - 密码填写完成
2025-11-30 15:03:07,184 - INFO - 检查是否有验证码...
2025-11-30 15:03:07,189 - INFO - 查找验证码图片...
2025-11-30 15:03:07,200 - INFO - 找到验证码图片，开始截图...
2025-11-30 15:03:07,244 - INFO - 验证码图片截取成功
2025-11-30 15:03:07,245 - INFO - 开始填写登录表单...
2025-11-30 15:03:07,307 - INFO - 用户名填写完成
2025-11-30 15:03:07,344 - INFO - 密码填写完成
2025-11-30 15:03:07,347 - INFO - 验证码图片已保存到 D:\Documents\Github\nju_electric_monitor\src\..\data\captcha_debug.png
2025-11-30 15:03:07,347 - INFO - 验证码识别尝试 1/12
2025-11-30 15:03:07,347 - INFO - 开始识别验证码...
2025-11-30 15:03:07,554 - WARNING - 验证码识别结果为空
2025-11-30 15:03:07,555 - INFO - 尝试不同的图像处理参数...
2025-11-30 15:03:07,641 - INFO - 方法2识别结果: QFBF
2025-11-30 15:03:07,641 - INFO - 查找验证码输入框...
2025-11-30 15:03:07,691 - INFO - 验证码填写完成
2025-11-30 15:03:07,691 - INFO - 验证码填写完成，点击登录按钮...
2025-11-30 15:03:07,692 - INFO - 查找并点击登录按钮...
2025-11-30 15:03:07,749 - INFO - 已点击登录按钮
2025-11-30 15:03:14,756 - INFO - 未检测到无效验证码提示，验证码通过
2025-11-30 15:03:14,756 - INFO - 查找并点击登录按钮...
2025-11-30 15:03:14,770 - ERROR - 未找到登录按钮
2025-11-30 15:03:14,770 - ERROR - 点击登录按钮失败
2025-11-30 15:03:14,770 - INFO - 等待登录成功...
2025-11-30 15:03:19,773 - INFO - 登录可能成功，继续下一步...
2025-11-30 15:03:19,774 - INFO - 查找'去充值'按钮...
2025-11-30 15:03:20,388 - INFO - 已点击充值按钮
2025-11-30 15:03:23,389 - INFO - 开始提取剩余电量信息...
2025-11-30 15:03:23,393 - INFO - 页面源码已保存到 D:\Documents\Github\nju_electric_monitor\src\..\data\debug_page_source.html
2025-11-30 15:03:23,411 - INFO - 找到电量信息元素: 持卡人姓名：***
2025-11-30 15:03:23,412 - WARNING - 未在元素中找到标准格式的电量信息
2025-11-30 15:03:23,450 - INFO - 找到i标签中的电量信息: 吴相民
2025-11-30 15:03:23,450 - WARNING - i标签中未找到标准格式的电量信息
2025-11-30 15:03:23,450 - WARNING - 未找到i标签中的电量信息
2025-11-30 15:03:23,452 - INFO - 在页面源码中查找电量信息...
2025-11-30 15:03:23,452 - INFO - 从页面源码中提取到剩余电量: 365.77 度
2025-11-30 15:03:23,455 - INFO - 数据已保存: 365.77 度
2025-11-30 15:03:23,770 - INFO - 电量变化曲线图已保存到: D:\Documents\Github\nju_electric_monitor\src\..\data\electricity_trend.png
2025-11-30 15:03:23,929 - INFO - 最近20次电量变化曲线图已保存到: D:\Documents\Github\nju_electric_monitor\src\..\data\recent_20_changes.png
2025-11-30 15:03:23,929 - INFO - 监控流程完成
