2025-12-29 13:34:59,766 - INFO - Matplotlib 字体设置：使用回退字体列表，首选可用字体: Noto Sans CJK JP
2025-12-29 13:35:01,300 - INFO - 使用 ChromeDriver: /usr/bin/chromedriver
2025-12-29 13:35:01,301 - WARNING - Using CPU. Note: This module is much faster with a GPU.
2025-12-29 13:35:02,917 - INFO - OCR识别器初始化成功
2025-12-29 13:35:02,917 - INFO - 开始南京大学电费监控流程（自动无头模式）
2025-12-29 13:35:02,917 - INFO - 正在打开页面: https://epay.nju.edu.cn/epay/h5/nju/electric/index
2025-12-29 13:35:10,958 - INFO - 等待登录表单加载...
2025-12-29 13:35:10,968 - INFO - 登录表单已加载
2025-12-29 13:35:10,968 - INFO - 开始填写登录表单...
2025-12-29 13:35:11,034 - INFO - 用户名填写完成
2025-12-29 13:35:11,106 - INFO - 密码填写完成
2025-12-29 13:35:11,106 - INFO - 检查是否有验证码...
2025-12-29 13:35:11,106 - INFO - 查找验证码图片...
2025-12-29 13:35:11,127 - INFO - 找到验证码图片，开始截图...
2025-12-29 13:35:11,180 - INFO - 验证码图片截取成功
2025-12-29 13:35:11,181 - INFO - 开始填写登录表单...
2025-12-29 13:35:11,248 - INFO - 用户名填写完成
2025-12-29 13:35:11,312 - INFO - 密码填写完成
2025-12-29 13:35:11,313 - INFO - 验证码图片已保存到 /home/runner/work/nju_electric_monitor/nju_electric_monitor/src/../data/captcha_debug.png
2025-12-29 13:35:11,313 - INFO - 验证码识别尝试 1/30
2025-12-29 13:35:11,313 - INFO - 开始识别验证码...（easyocr + pytesseract）
2025-12-29 13:35:11,447 - INFO - easyocr 结果: ['N8Be(0.42)']
2025-12-29 13:35:11,660 - INFO - tesseract 结果: N8Be
2025-12-29 13:35:11,736 - INFO - easyocr alt1 结果: ['N8Be(0.96)']
2025-12-29 13:35:11,833 - INFO - tesseract alt1 结果: N8Be
2025-12-29 13:35:11,893 - INFO - easyocr alt2 结果: ['N8Be(0.92)']
2025-12-29 13:35:11,988 - INFO - tesseract alt2 结果: N8Be
2025-12-29 13:35:12,153 - INFO - easyocr alt3 结果: ['N8Be(0.49)']
2025-12-29 13:35:12,257 - INFO - tesseract alt3 结果: 
2025-12-29 13:35:12,317 - INFO - easyocr alt4 结果: ['N8Be(0.80)']
2025-12-29 13:35:12,415 - INFO - tesseract alt4 结果: N8Be
2025-12-29 13:35:12,474 - INFO - easyocr alt5 结果: ['N8Be(0.84)']
2025-12-29 13:35:12,568 - INFO - tesseract alt5 结果: NeBe
2025-12-29 13:35:12,569 - INFO - 最终验证码识别结果: N8Be (engine=easyocr_alt1, prob=0.9588456749916077)
2025-12-29 13:35:12,569 - INFO - 查找验证码输入框...
2025-12-29 13:35:12,631 - INFO - 验证码填写完成
2025-12-29 13:35:12,631 - INFO - 验证码填写完成，点击登录按钮...
2025-12-29 13:35:12,631 - INFO - 查找并点击登录按钮...
2025-12-29 13:35:16,918 - INFO - 已点击登录按钮
2025-12-29 13:35:23,929 - INFO - 未检测到无效验证码提示，验证码通过
2025-12-29 13:35:23,929 - INFO - 查找并点击登录按钮...
2025-12-29 13:35:23,935 - ERROR - 未找到登录按钮
2025-12-29 13:35:23,935 - ERROR - 点击登录按钮失败
2025-12-29 13:35:23,935 - INFO - 等待登录成功...
2025-12-29 13:35:28,940 - INFO - 登录可能成功，继续下一步...
2025-12-29 13:35:28,940 - INFO - 查找'去充值'按钮...
2025-12-29 13:35:30,629 - INFO - 已点击充值按钮
2025-12-29 13:35:33,629 - INFO - 开始提取剩余电量信息...
2025-12-29 13:35:33,633 - INFO - 页面源码已保存到 /home/runner/work/nju_electric_monitor/nju_electric_monitor/src/../data/debug_page_source.html
2025-12-29 13:35:33,652 - INFO - 找到电量信息元素: 持卡人姓名：***
2025-12-29 13:35:33,652 - WARNING - 未在元素中找到标准格式的电量信息
2025-12-29 13:35:33,667 - INFO - 找到i标签中的电量信息: 吴相民
2025-12-29 13:35:33,667 - WARNING - i标签中未找到标准格式的电量信息
2025-12-29 13:35:33,667 - WARNING - 未找到i标签中的电量信息
2025-12-29 13:35:33,670 - INFO - 在页面源码中查找电量信息...
2025-12-29 13:35:33,670 - INFO - 从页面源码中提取到剩余电量: 207.45 度
2025-12-29 13:35:33,695 - INFO - 数据已保存: 207.45 度
2025-12-29 13:35:34,030 - INFO - 电量变化曲线图已保存到: /home/runner/work/nju_electric_monitor/nju_electric_monitor/src/../data/electricity_trend.png
2025-12-29 13:35:34,298 - INFO - 最近20次电量变化曲线图已保存到: /home/runner/work/nju_electric_monitor/nju_electric_monitor/src/../data/recent_20_changes.png
2025-12-29 13:35:34,298 - INFO - 监控流程完成
