2026-06-09 15:51:14,926 - INFO - Matplotlib 字体设置：使用回退字体列表，首选可用字体: Noto Sans CJK JP
2026-06-09 15:51:16,333 - INFO - 使用指定 ChromeDriver: /usr/bin/chromedriver
2026-06-09 15:51:16,405 - INFO - ddddocr 识别器初始化成功
2026-06-09 15:51:16,405 - INFO - 开始南京大学电费监控流程（自动无头模式）
2026-06-09 15:51:16,405 - INFO - 已初始化并清空验证码图片目录: /home/runner/work/nju_electric_monitor/nju_electric_monitor/src/../data/captcha_workflow
2026-06-09 15:51:16,405 - INFO - 正在打开页面: https://epay.nju.edu.cn/epay/h5/nju/electric/index
2026-06-09 15:51:33,576 - INFO - 等待登录表单加载...
2026-06-09 15:51:33,586 - INFO - 登录表单已加载
2026-06-09 15:51:33,586 - INFO - 开始填写登录表单...
2026-06-09 15:51:33,673 - INFO - 用户名填写完成
2026-06-09 15:51:33,743 - INFO - 密码填写完成
2026-06-09 15:51:33,743 - INFO - 开始处理验证码（两层嵌套重试）...
2026-06-09 15:51:33,743 - INFO - 外层页面重试 1/4
2026-06-09 15:51:33,743 - INFO - 等待登录表单加载...
2026-06-09 15:51:33,749 - INFO - 登录表单已加载
2026-06-09 15:51:33,749 - INFO - 开始填写登录表单...
2026-06-09 15:51:33,817 - INFO - 用户名填写完成
2026-06-09 15:51:33,884 - INFO - 密码填写完成
2026-06-09 15:51:34,885 - INFO - 查找验证码图片...
2026-06-09 15:51:34,906 - INFO - 找到验证码图片，开始截图...
2026-06-09 15:51:34,957 - INFO - 验证码图片截取成功
2026-06-09 15:51:34,958 - INFO - 验证码图片已保存到 /home/runner/work/nju_electric_monitor/nju_electric_monitor/src/../data/captcha_debug.png
2026-06-09 15:51:34,958 - INFO - 验证码图片已保存到 /home/runner/work/nju_electric_monitor/nju_electric_monitor/src/../data/captcha_workflow/captcha_outer1.png
2026-06-09 15:51:34,959 - INFO - 验证码识别（同一图片）尝试 1/3，外层 1/4
2026-06-09 15:51:34,959 - INFO - 开始使用 ddddocr 识别验证码...
2026-06-09 15:51:34,968 - INFO - ddddocr 最终验证码识别结果: UQHN
2026-06-09 15:51:34,968 - INFO - 已将验证码图片重命名为: /home/runner/work/nju_electric_monitor/nju_electric_monitor/src/../data/captcha_workflow/UQHN.png
2026-06-09 15:51:34,968 - INFO - 查找验证码输入框...
2026-06-09 15:51:35,030 - INFO - 通过 XPath 找到 1 个验证码候选输入框，使用第一个。
2026-06-09 15:51:35,085 - INFO - 验证码填写完成
2026-06-09 15:51:36,085 - INFO - 验证码填写完成，点击登录按钮...
2026-06-09 15:51:36,085 - INFO - 查找并点击登录按钮...
2026-06-09 15:51:36,108 - INFO - 通过 ID=login_submit 找到登录按钮
2026-06-09 15:51:39,882 - INFO - 已点击登录按钮
2026-06-09 15:51:48,949 - INFO - 检测到英文验证码错误提示: 'Verification code error \n\t\t\t\t\t\tVerification code error'
2026-06-09 15:51:48,949 - WARNING - 检测到验证码错误提示，将重新加载页面获取新验证码
2026-06-09 15:51:48,949 - INFO - 本轮登录未成功，等待 5 秒后进行下一轮验证码重试...
2026-06-09 15:51:53,949 - INFO - 外层页面重试 2/4
2026-06-09 15:51:59,672 - INFO - 等待登录表单加载...
2026-06-09 15:51:59,679 - INFO - 登录表单已加载
2026-06-09 15:51:59,679 - INFO - 开始填写登录表单...
2026-06-09 15:51:59,744 - INFO - 用户名填写完成
2026-06-09 15:51:59,810 - INFO - 密码填写完成
2026-06-09 15:52:00,811 - INFO - 查找验证码图片...
2026-06-09 15:52:00,825 - INFO - 找到验证码图片，开始截图...
2026-06-09 15:52:00,887 - INFO - 验证码图片截取成功
2026-06-09 15:52:00,888 - INFO - 验证码图片已保存到 /home/runner/work/nju_electric_monitor/nju_electric_monitor/src/../data/captcha_debug.png
2026-06-09 15:52:00,888 - INFO - 验证码图片已保存到 /home/runner/work/nju_electric_monitor/nju_electric_monitor/src/../data/captcha_workflow/captcha_outer2.png
2026-06-09 15:52:00,888 - INFO - 验证码识别（同一图片）尝试 1/3，外层 2/4
2026-06-09 15:52:00,888 - INFO - 开始使用 ddddocr 识别验证码...
2026-06-09 15:52:00,902 - INFO - ddddocr 最终验证码识别结果: SRUI
2026-06-09 15:52:00,902 - INFO - 已将验证码图片重命名为: /home/runner/work/nju_electric_monitor/nju_electric_monitor/src/../data/captcha_workflow/SRUI.png
2026-06-09 15:52:00,902 - INFO - 查找验证码输入框...
2026-06-09 15:52:00,952 - INFO - 通过 XPath 找到 1 个验证码候选输入框，使用第一个。
2026-06-09 15:52:01,011 - INFO - 验证码填写完成
2026-06-09 15:52:02,011 - INFO - 验证码填写完成，点击登录按钮...
2026-06-09 15:52:02,011 - INFO - 查找并点击登录按钮...
2026-06-09 15:52:02,031 - INFO - 通过 ID=login_submit 找到登录按钮
2026-06-09 15:52:09,845 - INFO - 已点击登录按钮
2026-06-09 15:52:18,871 - INFO - 未检测到验证码错误提示，验证码可能通过
2026-06-09 15:52:18,871 - INFO - 等待登录成功...
2026-06-09 15:52:18,882 - INFO - 检测到已跳转到电费页面: https://epay.nju.edu.cn/epay/h5/nju/electric/index
2026-06-09 15:52:18,882 - INFO - 查找'去充值'按钮...
2026-06-09 15:52:18,905 - INFO - 通过文本包含 '去充值' 找到充值按钮
2026-06-09 15:52:21,618 - INFO - 已点击充值按钮
2026-06-09 15:52:24,618 - INFO - 开始提取剩余电量信息...
2026-06-09 15:52:24,635 - INFO - 找到电量信息元素（已省略具体文本以保护隐私）
2026-06-09 15:52:24,635 - WARNING - 未在元素中找到标准格式的电量信息
2026-06-09 15:52:24,649 - INFO - 找到 i 标签中的电量信息（已省略具体文本）
2026-06-09 15:52:24,649 - WARNING - i标签中未找到标准格式的电量信息
2026-06-09 15:52:24,649 - WARNING - 未找到i标签中的电量信息
2026-06-09 15:52:24,652 - INFO - 在页面源码中查找电量信息...
2026-06-09 15:52:24,652 - INFO - 从页面源码中提取到剩余电量: 52.34 度
2026-06-09 15:52:24,666 - INFO - 数据已保存: 52.34 度
2026-06-09 15:52:24,908 - INFO - 电量变化曲线图已保存到: /home/runner/work/nju_electric_monitor/nju_electric_monitor/src/../data/electricity_trend.png
2026-06-09 15:52:25,145 - INFO - 最近20次电量变化曲线图已保存到: /home/runner/work/nju_electric_monitor/nju_electric_monitor/src/../data/recent_20_changes.png
2026-06-09 15:52:25,145 - INFO - 当前剩余电量 52.34 度，高于告警阈值 25.0 度，不发送邮件
2026-06-09 15:52:25,145 - INFO - 监控流程完成
