2025-12-24 02:50:07,824 - INFO - Matplotlib 字体设置：使用回退字体列表，首选可用字体: Noto Sans CJK JP
2025-12-24 02:50:09,850 - INFO - 使用 ChromeDriver: /usr/bin/chromedriver
2025-12-24 02:50:09,851 - WARNING - Using CPU. Note: This module is much faster with a GPU.
2025-12-24 02:50:11,455 - INFO - OCR识别器初始化成功
2025-12-24 02:50:11,455 - INFO - 开始南京大学电费监控流程（自动无头模式）
2025-12-24 02:50:11,455 - INFO - 正在打开页面: https://epay.nju.edu.cn/epay/h5/nju/electric/index
2025-12-24 02:50:20,437 - INFO - 等待登录表单加载...
2025-12-24 02:50:20,447 - INFO - 登录表单已加载
2025-12-24 02:50:20,447 - INFO - 开始填写登录表单...
2025-12-24 02:50:20,509 - INFO - 用户名填写完成
2025-12-24 02:50:20,575 - INFO - 密码填写完成
2025-12-24 02:50:20,575 - INFO - 检查是否有验证码...
2025-12-24 02:50:20,575 - INFO - 查找验证码图片...
2025-12-24 02:50:20,595 - INFO - 找到验证码图片，开始截图...
2025-12-24 02:50:20,661 - INFO - 验证码图片截取成功
2025-12-24 02:50:20,661 - INFO - 开始填写登录表单...
2025-12-24 02:50:20,725 - INFO - 用户名填写完成
2025-12-24 02:50:20,784 - INFO - 密码填写完成
2025-12-24 02:50:20,785 - INFO - 验证码图片已保存到 /home/runner/work/nju_electric_monitor/nju_electric_monitor/src/../data/captcha_debug.png
2025-12-24 02:50:20,785 - INFO - 验证码识别尝试 1/30
2025-12-24 02:50:20,785 - INFO - 开始识别验证码...（easyocr + pytesseract）
2025-12-24 02:50:20,911 - INFO - easyocr 结果: ['20Zh(0.59)']
2025-12-24 02:50:21,087 - INFO - tesseract 结果: 2DZb
2025-12-24 02:50:21,154 - INFO - easyocr alt1 结果: ['202b(0.47)']
2025-12-24 02:50:21,247 - INFO - tesseract alt1 结果: 2DZb
2025-12-24 02:50:21,314 - INFO - easyocr alt2 结果: ['202b(0.44)']
2025-12-24 02:50:21,406 - INFO - tesseract alt2 结果: 2DZb
2025-12-24 02:50:21,567 - INFO - easyocr alt3 结果: ['2026(0.47)']
2025-12-24 02:50:21,678 - INFO - tesseract alt3 结果: 2DZb
2025-12-24 02:50:21,738 - INFO - easyocr alt4 结果: ['202b(0.49)']
2025-12-24 02:50:21,835 - INFO - tesseract alt4 结果: 2DZb
2025-12-24 02:50:21,896 - INFO - easyocr alt5 结果: ['2026(0.37)']
2025-12-24 02:50:21,989 - INFO - tesseract alt5 结果: 2DZb
2025-12-24 02:50:21,989 - INFO - 最终验证码识别结果: 20Zh (engine=easyocr, prob=0.5852941274642944)
2025-12-24 02:50:21,989 - INFO - 查找验证码输入框...
2025-12-24 02:50:22,049 - INFO - 验证码填写完成
2025-12-24 02:50:22,049 - INFO - 验证码填写完成，点击登录按钮...
2025-12-24 02:50:22,049 - INFO - 查找并点击登录按钮...
2025-12-24 02:50:22,410 - INFO - 已点击登录按钮
2025-12-24 02:50:29,437 - INFO - 开始填写登录表单...
2025-12-24 02:50:29,496 - INFO - 用户名填写完成
2025-12-24 02:50:29,553 - INFO - 密码填写完成
2025-12-24 02:50:29,554 - INFO - 验证码图片已保存到 /home/runner/work/nju_electric_monitor/nju_electric_monitor/src/../data/captcha_debug.png
2025-12-24 02:50:29,554 - INFO - 验证码识别尝试 2/30
2025-12-24 02:50:29,554 - INFO - 开始识别验证码...（easyocr + pytesseract）
2025-12-24 02:50:29,650 - INFO - easyocr 结果: ['20Zh(0.59)']
2025-12-24 02:50:29,747 - INFO - tesseract 结果: 2DZb
2025-12-24 02:50:29,806 - INFO - easyocr alt1 结果: ['202b(0.47)']
2025-12-24 02:50:29,901 - INFO - tesseract alt1 结果: 2DZb
2025-12-24 02:50:29,959 - INFO - easyocr alt2 结果: ['202b(0.44)']
2025-12-24 02:50:30,054 - INFO - tesseract alt2 结果: 2DZb
2025-12-24 02:50:30,210 - INFO - easyocr alt3 结果: ['2026(0.47)']
2025-12-24 02:50:30,319 - INFO - tesseract alt3 结果: 2DZb
2025-12-24 02:50:30,377 - INFO - easyocr alt4 结果: ['202b(0.49)']
2025-12-24 02:50:30,469 - INFO - tesseract alt4 结果: 2DZb
2025-12-24 02:50:30,527 - INFO - easyocr alt5 结果: ['2026(0.37)']
2025-12-24 02:50:30,621 - INFO - tesseract alt5 结果: 2DZb
2025-12-24 02:50:30,621 - INFO - 最终验证码识别结果: 20Zh (engine=easyocr, prob=0.5852941274642944)
2025-12-24 02:50:30,621 - INFO - 查找验证码输入框...
2025-12-24 02:50:30,676 - INFO - 验证码填写完成
2025-12-24 02:50:30,676 - INFO - 验证码填写完成，点击登录按钮...
2025-12-24 02:50:30,676 - INFO - 查找并点击登录按钮...
2025-12-24 02:50:30,730 - INFO - 已点击登录按钮
2025-12-24 02:50:37,750 - INFO - 开始填写登录表单...
2025-12-24 02:50:37,812 - INFO - 用户名填写完成
2025-12-24 02:50:37,870 - INFO - 密码填写完成
2025-12-24 02:50:37,871 - INFO - 验证码图片已保存到 /home/runner/work/nju_electric_monitor/nju_electric_monitor/src/../data/captcha_debug.png
2025-12-24 02:50:37,871 - INFO - 验证码识别尝试 3/30
2025-12-24 02:50:37,871 - INFO - 开始识别验证码...（easyocr + pytesseract）
2025-12-24 02:50:37,973 - INFO - easyocr 结果: ['20Zh(0.59)']
2025-12-24 02:50:38,067 - INFO - tesseract 结果: 2DZb
2025-12-24 02:50:38,127 - INFO - easyocr alt1 结果: ['202b(0.47)']
2025-12-24 02:50:38,223 - INFO - tesseract alt1 结果: 2DZb
2025-12-24 02:50:38,282 - INFO - easyocr alt2 结果: ['202b(0.44)']
2025-12-24 02:50:38,380 - INFO - tesseract alt2 结果: 2DZb
2025-12-24 02:50:38,535 - INFO - easyocr alt3 结果: ['2026(0.47)']
2025-12-24 02:50:38,644 - INFO - tesseract alt3 结果: 2DZb
2025-12-24 02:50:38,703 - INFO - easyocr alt4 结果: ['202b(0.49)']
2025-12-24 02:50:38,798 - INFO - tesseract alt4 结果: 2DZb
2025-12-24 02:50:38,857 - INFO - easyocr alt5 结果: ['2026(0.37)']
2025-12-24 02:50:38,955 - INFO - tesseract alt5 结果: 2DZb
2025-12-24 02:50:38,955 - INFO - 最终验证码识别结果: 20Zh (engine=easyocr, prob=0.5852941274642944)
2025-12-24 02:50:38,955 - INFO - 查找验证码输入框...
2025-12-24 02:50:39,010 - INFO - 验证码填写完成
2025-12-24 02:50:39,010 - INFO - 验证码填写完成，点击登录按钮...
2025-12-24 02:50:39,010 - INFO - 查找并点击登录按钮...
2025-12-24 02:50:39,384 - INFO - 已点击登录按钮
2025-12-24 02:50:46,404 - INFO - 开始填写登录表单...
2025-12-24 02:50:46,464 - INFO - 用户名填写完成
2025-12-24 02:50:46,521 - INFO - 密码填写完成
2025-12-24 02:50:46,521 - INFO - 验证码图片已保存到 /home/runner/work/nju_electric_monitor/nju_electric_monitor/src/../data/captcha_debug.png
2025-12-24 02:50:46,522 - INFO - 验证码识别尝试 4/30
2025-12-24 02:50:46,522 - INFO - 开始识别验证码...（easyocr + pytesseract）
2025-12-24 02:50:46,618 - INFO - easyocr 结果: ['20Zh(0.59)']
2025-12-24 02:50:46,717 - INFO - tesseract 结果: 2DZb
2025-12-24 02:50:46,777 - INFO - easyocr alt1 结果: ['202b(0.47)']
2025-12-24 02:50:46,873 - INFO - tesseract alt1 结果: 2DZb
2025-12-24 02:50:46,933 - INFO - easyocr alt2 结果: ['202b(0.44)']
2025-12-24 02:50:47,027 - INFO - tesseract alt2 结果: 2DZb
2025-12-24 02:50:47,182 - INFO - easyocr alt3 结果: ['2026(0.47)']
2025-12-24 02:50:47,293 - INFO - tesseract alt3 结果: 2DZb
2025-12-24 02:50:47,361 - INFO - easyocr alt4 结果: ['202b(0.49)']
2025-12-24 02:50:47,457 - INFO - tesseract alt4 结果: 2DZb
2025-12-24 02:50:47,516 - INFO - easyocr alt5 结果: ['2026(0.37)']
2025-12-24 02:50:47,616 - INFO - tesseract alt5 结果: 2DZb
2025-12-24 02:50:47,616 - INFO - 最终验证码识别结果: 20Zh (engine=easyocr, prob=0.5852941274642944)
2025-12-24 02:50:47,616 - INFO - 查找验证码输入框...
2025-12-24 02:50:47,671 - INFO - 验证码填写完成
2025-12-24 02:50:47,671 - INFO - 验证码填写完成，点击登录按钮...
2025-12-24 02:50:47,671 - INFO - 查找并点击登录按钮...
2025-12-24 02:50:48,051 - INFO - 已点击登录按钮
2025-12-24 02:50:55,071 - INFO - 开始填写登录表单...
2025-12-24 02:50:55,132 - INFO - 用户名填写完成
2025-12-24 02:50:55,190 - INFO - 密码填写完成
2025-12-24 02:50:55,191 - INFO - 验证码图片已保存到 /home/runner/work/nju_electric_monitor/nju_electric_monitor/src/../data/captcha_debug.png
2025-12-24 02:50:55,191 - INFO - 验证码识别尝试 5/30
2025-12-24 02:50:55,191 - INFO - 开始识别验证码...（easyocr + pytesseract）
2025-12-24 02:50:55,288 - INFO - easyocr 结果: ['20Zh(0.59)']
2025-12-24 02:50:55,386 - INFO - tesseract 结果: 2DZb
2025-12-24 02:50:55,453 - INFO - easyocr alt1 结果: ['202b(0.47)']
2025-12-24 02:50:55,548 - INFO - tesseract alt1 结果: 2DZb
2025-12-24 02:50:55,606 - INFO - easyocr alt2 结果: ['202b(0.44)']
2025-12-24 02:50:55,701 - INFO - tesseract alt2 结果: 2DZb
2025-12-24 02:50:55,854 - INFO - easyocr alt3 结果: ['2026(0.47)']
2025-12-24 02:50:55,964 - INFO - tesseract alt3 结果: 2DZb
2025-12-24 02:50:56,023 - INFO - easyocr alt4 结果: ['202b(0.49)']
2025-12-24 02:50:56,123 - INFO - tesseract alt4 结果: 2DZb
2025-12-24 02:50:56,181 - INFO - easyocr alt5 结果: ['2026(0.37)']
2025-12-24 02:50:56,280 - INFO - tesseract alt5 结果: 2DZb
2025-12-24 02:50:56,280 - INFO - 最终验证码识别结果: 20Zh (engine=easyocr, prob=0.5852941274642944)
2025-12-24 02:50:56,280 - INFO - 查找验证码输入框...
2025-12-24 02:50:56,334 - INFO - 验证码填写完成
2025-12-24 02:50:56,334 - INFO - 验证码填写完成，点击登录按钮...
2025-12-24 02:50:56,334 - INFO - 查找并点击登录按钮...
2025-12-24 02:50:56,690 - INFO - 已点击登录按钮
2025-12-24 02:51:03,711 - INFO - 开始填写登录表单...
2025-12-24 02:51:03,769 - INFO - 用户名填写完成
2025-12-24 02:51:03,826 - INFO - 密码填写完成
2025-12-24 02:51:03,827 - INFO - 验证码图片已保存到 /home/runner/work/nju_electric_monitor/nju_electric_monitor/src/../data/captcha_debug.png
2025-12-24 02:51:03,827 - INFO - 验证码识别尝试 6/30
2025-12-24 02:51:03,827 - INFO - 开始识别验证码...（easyocr + pytesseract）
2025-12-24 02:51:03,923 - INFO - easyocr 结果: ['20Zh(0.59)']
2025-12-24 02:51:04,016 - INFO - tesseract 结果: 2DZb
2025-12-24 02:51:04,076 - INFO - easyocr alt1 结果: ['202b(0.47)']
2025-12-24 02:51:04,173 - INFO - tesseract alt1 结果: 2DZb
2025-12-24 02:51:04,232 - INFO - easyocr alt2 结果: ['202b(0.44)']
2025-12-24 02:51:04,330 - INFO - tesseract alt2 结果: 2DZb
2025-12-24 02:51:04,492 - INFO - easyocr alt3 结果: ['2026(0.47)']
2025-12-24 02:51:04,601 - INFO - tesseract alt3 结果: 2DZb
2025-12-24 02:51:04,665 - INFO - easyocr alt4 结果: ['202b(0.49)']
2025-12-24 02:51:04,758 - INFO - tesseract alt4 结果: 2DZb
2025-12-24 02:51:04,817 - INFO - easyocr alt5 结果: ['2026(0.37)']
2025-12-24 02:51:04,912 - INFO - tesseract alt5 结果: 2DZb
2025-12-24 02:51:04,913 - INFO - 最终验证码识别结果: 20Zh (engine=easyocr, prob=0.5852941274642944)
2025-12-24 02:51:04,913 - INFO - 查找验证码输入框...
2025-12-24 02:51:04,967 - INFO - 验证码填写完成
2025-12-24 02:51:04,967 - INFO - 验证码填写完成，点击登录按钮...
2025-12-24 02:51:04,967 - INFO - 查找并点击登录按钮...
2025-12-24 02:51:05,328 - INFO - 已点击登录按钮
2025-12-24 02:51:12,349 - INFO - 开始填写登录表单...
2025-12-24 02:51:12,407 - INFO - 用户名填写完成
2025-12-24 02:51:12,466 - INFO - 密码填写完成
2025-12-24 02:51:12,466 - INFO - 验证码图片已保存到 /home/runner/work/nju_electric_monitor/nju_electric_monitor/src/../data/captcha_debug.png
2025-12-24 02:51:12,466 - INFO - 验证码识别尝试 7/30
2025-12-24 02:51:12,467 - INFO - 开始识别验证码...（easyocr + pytesseract）
2025-12-24 02:51:12,564 - INFO - easyocr 结果: ['20Zh(0.59)']
2025-12-24 02:51:12,658 - INFO - tesseract 结果: 2DZb
2025-12-24 02:51:12,719 - INFO - easyocr alt1 结果: ['202b(0.47)']
2025-12-24 02:51:12,813 - INFO - tesseract alt1 结果: 2DZb
2025-12-24 02:51:12,881 - INFO - easyocr alt2 结果: ['202b(0.44)']
2025-12-24 02:51:12,978 - INFO - tesseract alt2 结果: 2DZb
2025-12-24 02:51:13,133 - INFO - easyocr alt3 结果: ['2026(0.47)']
2025-12-24 02:51:13,242 - INFO - tesseract alt3 结果: 2DZb
2025-12-24 02:51:13,301 - INFO - easyocr alt4 结果: ['202b(0.49)']
2025-12-24 02:51:13,395 - INFO - tesseract alt4 结果: 2DZb
2025-12-24 02:51:13,454 - INFO - easyocr alt5 结果: ['2026(0.37)']
2025-12-24 02:51:13,554 - INFO - tesseract alt5 结果: 2DZb
2025-12-24 02:51:13,554 - INFO - 最终验证码识别结果: 20Zh (engine=easyocr, prob=0.5852941274642944)
2025-12-24 02:51:13,554 - INFO - 查找验证码输入框...
2025-12-24 02:51:13,612 - INFO - 验证码填写完成
2025-12-24 02:51:13,612 - INFO - 验证码填写完成，点击登录按钮...
2025-12-24 02:51:13,612 - INFO - 查找并点击登录按钮...
2025-12-24 02:51:13,668 - INFO - 已点击登录按钮
2025-12-24 02:51:20,687 - INFO - 开始填写登录表单...
2025-12-24 02:51:20,745 - INFO - 用户名填写完成
2025-12-24 02:51:20,804 - INFO - 密码填写完成
2025-12-24 02:51:20,804 - INFO - 验证码图片已保存到 /home/runner/work/nju_electric_monitor/nju_electric_monitor/src/../data/captcha_debug.png
2025-12-24 02:51:20,804 - INFO - 验证码识别尝试 8/30
2025-12-24 02:51:20,804 - INFO - 开始识别验证码...（easyocr + pytesseract）
2025-12-24 02:51:20,913 - INFO - easyocr 结果: ['20Zh(0.59)']
2025-12-24 02:51:21,009 - INFO - tesseract 结果: 2DZb
2025-12-24 02:51:21,068 - INFO - easyocr alt1 结果: ['202b(0.47)']
2025-12-24 02:51:21,162 - INFO - tesseract alt1 结果: 2DZb
2025-12-24 02:51:21,221 - INFO - easyocr alt2 结果: ['202b(0.44)']
2025-12-24 02:51:21,317 - INFO - tesseract alt2 结果: 2DZb
2025-12-24 02:51:21,471 - INFO - easyocr alt3 结果: ['2026(0.47)']
2025-12-24 02:51:21,577 - INFO - tesseract alt3 结果: 2DZb
2025-12-24 02:51:21,635 - INFO - easyocr alt4 结果: ['202b(0.49)']
2025-12-24 02:51:21,729 - INFO - tesseract alt4 结果: 2DZb
2025-12-24 02:51:21,788 - INFO - easyocr alt5 结果: ['2026(0.37)']
2025-12-24 02:51:21,882 - INFO - tesseract alt5 结果: 2DZb
2025-12-24 02:51:21,882 - INFO - 最终验证码识别结果: 20Zh (engine=easyocr, prob=0.5852941274642944)
2025-12-24 02:51:21,883 - INFO - 查找验证码输入框...
2025-12-24 02:51:21,938 - INFO - 验证码填写完成
2025-12-24 02:51:21,938 - INFO - 验证码填写完成，点击登录按钮...
2025-12-24 02:51:21,938 - INFO - 查找并点击登录按钮...
2025-12-24 02:51:22,296 - INFO - 已点击登录按钮
2025-12-24 02:51:29,316 - INFO - 开始填写登录表单...
2025-12-24 02:51:29,376 - INFO - 用户名填写完成
2025-12-24 02:51:29,434 - INFO - 密码填写完成
2025-12-24 02:51:29,434 - INFO - 验证码图片已保存到 /home/runner/work/nju_electric_monitor/nju_electric_monitor/src/../data/captcha_debug.png
2025-12-24 02:51:29,434 - INFO - 验证码识别尝试 9/30
2025-12-24 02:51:29,434 - INFO - 开始识别验证码...（easyocr + pytesseract）
2025-12-24 02:51:29,539 - INFO - easyocr 结果: ['20Zh(0.59)']
2025-12-24 02:51:29,637 - INFO - tesseract 结果: 2DZb
2025-12-24 02:51:29,697 - INFO - easyocr alt1 结果: ['202b(0.47)']
2025-12-24 02:51:29,791 - INFO - tesseract alt1 结果: 2DZb
2025-12-24 02:51:29,849 - INFO - easyocr alt2 结果: ['202b(0.44)']
2025-12-24 02:51:29,945 - INFO - tesseract alt2 结果: 2DZb
2025-12-24 02:51:30,100 - INFO - easyocr alt3 结果: ['2026(0.47)']
2025-12-24 02:51:30,211 - INFO - tesseract alt3 结果: 2DZb
2025-12-24 02:51:30,270 - INFO - easyocr alt4 结果: ['202b(0.49)']
2025-12-24 02:51:30,365 - INFO - tesseract alt4 结果: 2DZb
2025-12-24 02:51:30,425 - INFO - easyocr alt5 结果: ['2026(0.37)']
2025-12-24 02:51:30,520 - INFO - tesseract alt5 结果: 2DZb
2025-12-24 02:51:30,521 - INFO - 最终验证码识别结果: 20Zh (engine=easyocr, prob=0.5852941274642944)
2025-12-24 02:51:30,521 - INFO - 查找验证码输入框...
2025-12-24 02:51:30,575 - INFO - 验证码填写完成
2025-12-24 02:51:30,575 - INFO - 验证码填写完成，点击登录按钮...
2025-12-24 02:51:30,575 - INFO - 查找并点击登录按钮...
2025-12-24 02:51:30,630 - INFO - 已点击登录按钮
2025-12-24 02:51:37,649 - INFO - 开始填写登录表单...
2025-12-24 02:51:37,709 - INFO - 用户名填写完成
2025-12-24 02:51:37,766 - INFO - 密码填写完成
2025-12-24 02:51:37,767 - INFO - 验证码图片已保存到 /home/runner/work/nju_electric_monitor/nju_electric_monitor/src/../data/captcha_debug.png
2025-12-24 02:51:37,767 - INFO - 验证码识别尝试 10/30
2025-12-24 02:51:37,767 - INFO - 开始识别验证码...（easyocr + pytesseract）
2025-12-24 02:51:37,863 - INFO - easyocr 结果: ['20Zh(0.59)']
2025-12-24 02:51:37,956 - INFO - tesseract 结果: 2DZb
2025-12-24 02:51:38,015 - INFO - easyocr alt1 结果: ['202b(0.47)']
2025-12-24 02:51:38,108 - INFO - tesseract alt1 结果: 2DZb
2025-12-24 02:51:38,166 - INFO - easyocr alt2 结果: ['202b(0.44)']
2025-12-24 02:51:38,263 - INFO - tesseract alt2 结果: 2DZb
2025-12-24 02:51:38,417 - INFO - easyocr alt3 结果: ['2026(0.47)']
2025-12-24 02:51:38,530 - INFO - tesseract alt3 结果: 2DZb
2025-12-24 02:51:38,588 - INFO - easyocr alt4 结果: ['202b(0.49)']
2025-12-24 02:51:38,682 - INFO - tesseract alt4 结果: 2DZb
2025-12-24 02:51:38,741 - INFO - easyocr alt5 结果: ['2026(0.37)']
2025-12-24 02:51:38,839 - INFO - tesseract alt5 结果: 2DZb
2025-12-24 02:51:38,839 - INFO - 最终验证码识别结果: 20Zh (engine=easyocr, prob=0.5852941274642944)
2025-12-24 02:51:38,839 - INFO - 查找验证码输入框...
2025-12-24 02:51:38,894 - INFO - 验证码填写完成
2025-12-24 02:51:38,894 - INFO - 验证码填写完成，点击登录按钮...
2025-12-24 02:51:38,894 - INFO - 查找并点击登录按钮...
2025-12-24 02:51:38,949 - INFO - 已点击登录按钮
2025-12-24 02:51:45,969 - INFO - 开始填写登录表单...
2025-12-24 02:51:46,028 - INFO - 用户名填写完成
2025-12-24 02:51:46,086 - INFO - 密码填写完成
2025-12-24 02:51:46,087 - INFO - 验证码图片已保存到 /home/runner/work/nju_electric_monitor/nju_electric_monitor/src/../data/captcha_debug.png
2025-12-24 02:51:46,087 - INFO - 验证码识别尝试 11/30
2025-12-24 02:51:46,087 - INFO - 开始识别验证码...（easyocr + pytesseract）
2025-12-24 02:51:46,190 - INFO - easyocr 结果: ['20Zh(0.59)']
2025-12-24 02:51:46,285 - INFO - tesseract 结果: 2DZb
2025-12-24 02:51:46,344 - INFO - easyocr alt1 结果: ['202b(0.47)']
2025-12-24 02:51:46,442 - INFO - tesseract alt1 结果: 2DZb
2025-12-24 02:51:46,500 - INFO - easyocr alt2 结果: ['202b(0.44)']
2025-12-24 02:51:46,597 - INFO - tesseract alt2 结果: 2DZb
2025-12-24 02:51:46,751 - INFO - easyocr alt3 结果: ['2026(0.47)']
2025-12-24 02:51:46,862 - INFO - tesseract alt3 结果: 2DZb
2025-12-24 02:51:46,920 - INFO - easyocr alt4 结果: ['202b(0.49)']
2025-12-24 02:51:47,019 - INFO - tesseract alt4 结果: 2DZb
2025-12-24 02:51:47,078 - INFO - easyocr alt5 结果: ['2026(0.37)']
2025-12-24 02:51:47,171 - INFO - tesseract alt5 结果: 2DZb
2025-12-24 02:51:47,171 - INFO - 最终验证码识别结果: 20Zh (engine=easyocr, prob=0.5852941274642944)
2025-12-24 02:51:47,172 - INFO - 查找验证码输入框...
2025-12-24 02:51:47,226 - INFO - 验证码填写完成
2025-12-24 02:51:47,226 - INFO - 验证码填写完成，点击登录按钮...
2025-12-24 02:51:47,226 - INFO - 查找并点击登录按钮...
2025-12-24 02:51:47,282 - INFO - 已点击登录按钮
2025-12-24 02:51:54,302 - INFO - 开始填写登录表单...
2025-12-24 02:51:54,361 - INFO - 用户名填写完成
2025-12-24 02:51:54,420 - INFO - 密码填写完成
2025-12-24 02:51:54,420 - INFO - 验证码图片已保存到 /home/runner/work/nju_electric_monitor/nju_electric_monitor/src/../data/captcha_debug.png
2025-12-24 02:51:54,420 - INFO - 验证码识别尝试 12/30
2025-12-24 02:51:54,420 - INFO - 开始识别验证码...（easyocr + pytesseract）
2025-12-24 02:51:54,517 - INFO - easyocr 结果: ['20Zh(0.59)']
2025-12-24 02:51:54,610 - INFO - tesseract 结果: 2DZb
2025-12-24 02:51:54,669 - INFO - easyocr alt1 结果: ['202b(0.47)']
2025-12-24 02:51:54,761 - INFO - tesseract alt1 结果: 2DZb
2025-12-24 02:51:54,821 - INFO - easyocr alt2 结果: ['202b(0.44)']
2025-12-24 02:51:54,919 - INFO - tesseract alt2 结果: 2DZb
2025-12-24 02:51:55,073 - INFO - easyocr alt3 结果: ['2026(0.47)']
2025-12-24 02:51:55,181 - INFO - tesseract alt3 结果: 2DZb
2025-12-24 02:51:55,240 - INFO - easyocr alt4 结果: ['202b(0.49)']
2025-12-24 02:51:55,335 - INFO - tesseract alt4 结果: 2DZb
2025-12-24 02:51:55,395 - INFO - easyocr alt5 结果: ['2026(0.37)']
2025-12-24 02:51:55,488 - INFO - tesseract alt5 结果: 2DZb
2025-12-24 02:51:55,488 - INFO - 最终验证码识别结果: 20Zh (engine=easyocr, prob=0.5852941274642944)
2025-12-24 02:51:55,489 - INFO - 查找验证码输入框...
2025-12-24 02:51:55,545 - INFO - 验证码填写完成
2025-12-24 02:51:55,545 - INFO - 验证码填写完成，点击登录按钮...
2025-12-24 02:51:55,545 - INFO - 查找并点击登录按钮...
2025-12-24 02:51:55,601 - INFO - 已点击登录按钮
2025-12-24 02:52:02,621 - INFO - 开始填写登录表单...
2025-12-24 02:52:02,681 - INFO - 用户名填写完成
2025-12-24 02:52:02,740 - INFO - 密码填写完成
2025-12-24 02:52:02,740 - INFO - 验证码图片已保存到 /home/runner/work/nju_electric_monitor/nju_electric_monitor/src/../data/captcha_debug.png
2025-12-24 02:52:02,740 - INFO - 验证码识别尝试 13/30
2025-12-24 02:52:02,740 - INFO - 开始识别验证码...（easyocr + pytesseract）
2025-12-24 02:52:02,847 - INFO - easyocr 结果: ['20Zh(0.59)']
2025-12-24 02:52:02,945 - INFO - tesseract 结果: 2DZb
2025-12-24 02:52:03,004 - INFO - easyocr alt1 结果: ['202b(0.47)']
2025-12-24 02:52:03,098 - INFO - tesseract alt1 结果: 2DZb
2025-12-24 02:52:03,164 - INFO - easyocr alt2 结果: ['202b(0.44)']
2025-12-24 02:52:03,260 - INFO - tesseract alt2 结果: 2DZb
2025-12-24 02:52:03,432 - INFO - easyocr alt3 结果: ['2026(0.47)']
2025-12-24 02:52:03,541 - INFO - tesseract alt3 结果: 2DZb
2025-12-24 02:52:03,600 - INFO - easyocr alt4 结果: ['202b(0.49)']
2025-12-24 02:52:03,693 - INFO - tesseract alt4 结果: 2DZb
2025-12-24 02:52:03,752 - INFO - easyocr alt5 结果: ['2026(0.37)']
2025-12-24 02:52:03,846 - INFO - tesseract alt5 结果: 2DZb
2025-12-24 02:52:03,846 - INFO - 最终验证码识别结果: 20Zh (engine=easyocr, prob=0.5852941274642944)
2025-12-24 02:52:03,846 - INFO - 查找验证码输入框...
2025-12-24 02:52:03,903 - INFO - 验证码填写完成
2025-12-24 02:52:03,903 - INFO - 验证码填写完成，点击登录按钮...
2025-12-24 02:52:03,903 - INFO - 查找并点击登录按钮...
2025-12-24 02:52:04,279 - INFO - 已点击登录按钮
2025-12-24 02:52:11,300 - INFO - 开始填写登录表单...
2025-12-24 02:52:11,361 - INFO - 用户名填写完成
2025-12-24 02:52:11,419 - INFO - 密码填写完成
2025-12-24 02:52:11,420 - INFO - 验证码图片已保存到 /home/runner/work/nju_electric_monitor/nju_electric_monitor/src/../data/captcha_debug.png
2025-12-24 02:52:11,420 - INFO - 验证码识别尝试 14/30
2025-12-24 02:52:11,420 - INFO - 开始识别验证码...（easyocr + pytesseract）
2025-12-24 02:52:11,515 - INFO - easyocr 结果: ['20Zh(0.59)']
2025-12-24 02:52:11,614 - INFO - tesseract 结果: 2DZb
2025-12-24 02:52:11,673 - INFO - easyocr alt1 结果: ['202b(0.47)']
2025-12-24 02:52:11,768 - INFO - tesseract alt1 结果: 2DZb
2025-12-24 02:52:11,826 - INFO - easyocr alt2 结果: ['202b(0.44)']
2025-12-24 02:52:11,923 - INFO - tesseract alt2 结果: 2DZb
2025-12-24 02:52:12,077 - INFO - easyocr alt3 结果: ['2026(0.47)']
2025-12-24 02:52:12,185 - INFO - tesseract alt3 结果: 2DZb
2025-12-24 02:52:12,257 - INFO - easyocr alt4 结果: ['202b(0.49)']
2025-12-24 02:52:12,352 - INFO - tesseract alt4 结果: 2DZb
2025-12-24 02:52:12,410 - INFO - easyocr alt5 结果: ['2026(0.37)']
2025-12-24 02:52:12,506 - INFO - tesseract alt5 结果: 2DZb
2025-12-24 02:52:12,506 - INFO - 最终验证码识别结果: 20Zh (engine=easyocr, prob=0.5852941274642944)
2025-12-24 02:52:12,506 - INFO - 查找验证码输入框...
2025-12-24 02:52:12,562 - INFO - 验证码填写完成
2025-12-24 02:52:12,562 - INFO - 验证码填写完成，点击登录按钮...
2025-12-24 02:52:12,562 - INFO - 查找并点击登录按钮...
2025-12-24 02:52:12,617 - INFO - 已点击登录按钮
2025-12-24 02:52:19,638 - INFO - 开始填写登录表单...
2025-12-24 02:52:19,701 - INFO - 用户名填写完成
2025-12-24 02:52:19,762 - INFO - 密码填写完成
2025-12-24 02:52:19,762 - INFO - 验证码图片已保存到 /home/runner/work/nju_electric_monitor/nju_electric_monitor/src/../data/captcha_debug.png
2025-12-24 02:52:19,762 - INFO - 验证码识别尝试 15/30
2025-12-24 02:52:19,762 - INFO - 开始识别验证码...（easyocr + pytesseract）
2025-12-24 02:52:19,859 - INFO - easyocr 结果: ['20Zh(0.59)']
2025-12-24 02:52:19,954 - INFO - tesseract 结果: 2DZb
2025-12-24 02:52:20,013 - INFO - easyocr alt1 结果: ['202b(0.47)']
2025-12-24 02:52:20,112 - INFO - tesseract alt1 结果: 2DZb
2025-12-24 02:52:20,170 - INFO - easyocr alt2 结果: ['202b(0.44)']
2025-12-24 02:52:20,263 - INFO - tesseract alt2 结果: 2DZb
2025-12-24 02:52:20,417 - INFO - easyocr alt3 结果: ['2026(0.47)']
2025-12-24 02:52:20,528 - INFO - tesseract alt3 结果: 2DZb
2025-12-24 02:52:20,587 - INFO - easyocr alt4 结果: ['202b(0.49)']
2025-12-24 02:52:20,681 - INFO - tesseract alt4 结果: 2DZb
2025-12-24 02:52:20,739 - INFO - easyocr alt5 结果: ['2026(0.37)']
2025-12-24 02:52:20,833 - INFO - tesseract alt5 结果: 2DZb
2025-12-24 02:52:20,833 - INFO - 最终验证码识别结果: 20Zh (engine=easyocr, prob=0.5852941274642944)
2025-12-24 02:52:20,833 - INFO - 查找验证码输入框...
2025-12-24 02:52:20,891 - INFO - 验证码填写完成
2025-12-24 02:52:20,891 - INFO - 验证码填写完成，点击登录按钮...
2025-12-24 02:52:20,892 - INFO - 查找并点击登录按钮...
2025-12-24 02:52:20,949 - INFO - 已点击登录按钮
2025-12-24 02:52:27,969 - INFO - 开始填写登录表单...
2025-12-24 02:52:28,028 - INFO - 用户名填写完成
2025-12-24 02:52:28,087 - INFO - 密码填写完成
2025-12-24 02:52:28,087 - INFO - 验证码图片已保存到 /home/runner/work/nju_electric_monitor/nju_electric_monitor/src/../data/captcha_debug.png
2025-12-24 02:52:28,087 - INFO - 验证码识别尝试 16/30
2025-12-24 02:52:28,087 - INFO - 开始识别验证码...（easyocr + pytesseract）
2025-12-24 02:52:28,182 - INFO - easyocr 结果: ['20Zh(0.59)']
2025-12-24 02:52:28,279 - INFO - tesseract 结果: 2DZb
2025-12-24 02:52:28,338 - INFO - easyocr alt1 结果: ['202b(0.47)']
2025-12-24 02:52:28,432 - INFO - tesseract alt1 结果: 2DZb
2025-12-24 02:52:28,491 - INFO - easyocr alt2 结果: ['202b(0.44)']
2025-12-24 02:52:28,584 - INFO - tesseract alt2 结果: 2DZb
2025-12-24 02:52:28,738 - INFO - easyocr alt3 结果: ['2026(0.47)']
2025-12-24 02:52:28,851 - INFO - tesseract alt3 结果: 2DZb
2025-12-24 02:52:28,909 - INFO - easyocr alt4 结果: ['202b(0.49)']
2025-12-24 02:52:29,004 - INFO - tesseract alt4 结果: 2DZb
2025-12-24 02:52:29,063 - INFO - easyocr alt5 结果: ['2026(0.37)']
2025-12-24 02:52:29,156 - INFO - tesseract alt5 结果: 2DZb
2025-12-24 02:52:29,156 - INFO - 最终验证码识别结果: 20Zh (engine=easyocr, prob=0.5852941274642944)
2025-12-24 02:52:29,156 - INFO - 查找验证码输入框...
2025-12-24 02:52:29,210 - INFO - 验证码填写完成
2025-12-24 02:52:29,210 - INFO - 验证码填写完成，点击登录按钮...
2025-12-24 02:52:29,210 - INFO - 查找并点击登录按钮...
2025-12-24 02:52:29,265 - INFO - 已点击登录按钮
2025-12-24 02:52:36,285 - INFO - 开始填写登录表单...
2025-12-24 02:52:36,344 - INFO - 用户名填写完成
2025-12-24 02:52:36,400 - INFO - 密码填写完成
2025-12-24 02:52:36,401 - INFO - 验证码图片已保存到 /home/runner/work/nju_electric_monitor/nju_electric_monitor/src/../data/captcha_debug.png
2025-12-24 02:52:36,401 - INFO - 验证码识别尝试 17/30
2025-12-24 02:52:36,401 - INFO - 开始识别验证码...（easyocr + pytesseract）
2025-12-24 02:52:36,496 - INFO - easyocr 结果: ['20Zh(0.59)']
2025-12-24 02:52:36,594 - INFO - tesseract 结果: 2DZb
2025-12-24 02:52:36,653 - INFO - easyocr alt1 结果: ['202b(0.47)']
2025-12-24 02:52:36,747 - INFO - tesseract alt1 结果: 2DZb
2025-12-24 02:52:36,805 - INFO - easyocr alt2 结果: ['202b(0.44)']
2025-12-24 02:52:36,900 - INFO - tesseract alt2 结果: 2DZb
2025-12-24 02:52:37,059 - INFO - easyocr alt3 结果: ['2026(0.47)']
2025-12-24 02:52:37,168 - INFO - tesseract alt3 结果: 2DZb
2025-12-24 02:52:37,226 - INFO - easyocr alt4 结果: ['202b(0.49)']
2025-12-24 02:52:37,323 - INFO - tesseract alt4 结果: 2DZb
2025-12-24 02:52:37,382 - INFO - easyocr alt5 结果: ['2026(0.37)']
2025-12-24 02:52:37,479 - INFO - tesseract alt5 结果: 2DZb
2025-12-24 02:52:37,479 - INFO - 最终验证码识别结果: 20Zh (engine=easyocr, prob=0.5852941274642944)
2025-12-24 02:52:37,479 - INFO - 查找验证码输入框...
2025-12-24 02:52:37,533 - INFO - 验证码填写完成
2025-12-24 02:52:37,533 - INFO - 验证码填写完成，点击登录按钮...
2025-12-24 02:52:37,533 - INFO - 查找并点击登录按钮...
2025-12-24 02:52:37,890 - INFO - 已点击登录按钮
2025-12-24 02:52:44,909 - INFO - 开始填写登录表单...
2025-12-24 02:52:44,968 - INFO - 用户名填写完成
2025-12-24 02:52:45,025 - INFO - 密码填写完成
2025-12-24 02:52:45,025 - INFO - 验证码图片已保存到 /home/runner/work/nju_electric_monitor/nju_electric_monitor/src/../data/captcha_debug.png
2025-12-24 02:52:45,025 - INFO - 验证码识别尝试 18/30
2025-12-24 02:52:45,025 - INFO - 开始识别验证码...（easyocr + pytesseract）
2025-12-24 02:52:45,122 - INFO - easyocr 结果: ['20Zh(0.59)']
2025-12-24 02:52:45,216 - INFO - tesseract 结果: 2DZb
2025-12-24 02:52:45,275 - INFO - easyocr alt1 结果: ['202b(0.47)']
2025-12-24 02:52:45,369 - INFO - tesseract alt1 结果: 2DZb
2025-12-24 02:52:45,430 - INFO - easyocr alt2 结果: ['202b(0.44)']
2025-12-24 02:52:45,523 - INFO - tesseract alt2 结果: 2DZb
2025-12-24 02:52:45,676 - INFO - easyocr alt3 结果: ['2026(0.47)']
2025-12-24 02:52:45,785 - INFO - tesseract alt3 结果: 2DZb
2025-12-24 02:52:45,851 - INFO - easyocr alt4 结果: ['202b(0.49)']
2025-12-24 02:52:45,945 - INFO - tesseract alt4 结果: 2DZb
2025-12-24 02:52:46,004 - INFO - easyocr alt5 结果: ['2026(0.37)']
2025-12-24 02:52:46,101 - INFO - tesseract alt5 结果: 2DZb
2025-12-24 02:52:46,101 - INFO - 最终验证码识别结果: 20Zh (engine=easyocr, prob=0.5852941274642944)
2025-12-24 02:52:46,102 - INFO - 查找验证码输入框...
2025-12-24 02:52:46,156 - INFO - 验证码填写完成
2025-12-24 02:52:46,156 - INFO - 验证码填写完成，点击登录按钮...
2025-12-24 02:52:46,156 - INFO - 查找并点击登录按钮...
2025-12-24 02:52:46,211 - INFO - 已点击登录按钮
2025-12-24 02:52:53,231 - INFO - 开始填写登录表单...
2025-12-24 02:52:53,291 - INFO - 用户名填写完成
2025-12-24 02:52:53,347 - INFO - 密码填写完成
2025-12-24 02:52:53,348 - INFO - 验证码图片已保存到 /home/runner/work/nju_electric_monitor/nju_electric_monitor/src/../data/captcha_debug.png
2025-12-24 02:52:53,348 - INFO - 验证码识别尝试 19/30
2025-12-24 02:52:53,348 - INFO - 开始识别验证码...（easyocr + pytesseract）
2025-12-24 02:52:53,444 - INFO - easyocr 结果: ['20Zh(0.59)']
2025-12-24 02:52:53,540 - INFO - tesseract 结果: 2DZb
2025-12-24 02:52:53,611 - INFO - easyocr alt1 结果: ['202b(0.47)']
2025-12-24 02:52:53,706 - INFO - tesseract alt1 结果: 2DZb
2025-12-24 02:52:53,765 - INFO - easyocr alt2 结果: ['202b(0.44)']
2025-12-24 02:52:53,858 - INFO - tesseract alt2 结果: 2DZb
2025-12-24 02:52:54,013 - INFO - easyocr alt3 结果: ['2026(0.47)']
2025-12-24 02:52:54,122 - INFO - tesseract alt3 结果: 2DZb
2025-12-24 02:52:54,180 - INFO - easyocr alt4 结果: ['202b(0.49)']
2025-12-24 02:52:54,275 - INFO - tesseract alt4 结果: 2DZb
2025-12-24 02:52:54,333 - INFO - easyocr alt5 结果: ['2026(0.37)']
2025-12-24 02:52:54,431 - INFO - tesseract alt5 结果: 2DZb
2025-12-24 02:52:54,431 - INFO - 最终验证码识别结果: 20Zh (engine=easyocr, prob=0.5852941274642944)
2025-12-24 02:52:54,431 - INFO - 查找验证码输入框...
2025-12-24 02:52:54,486 - INFO - 验证码填写完成
2025-12-24 02:52:54,486 - INFO - 验证码填写完成，点击登录按钮...
2025-12-24 02:52:54,486 - INFO - 查找并点击登录按钮...
2025-12-24 02:52:54,848 - INFO - 已点击登录按钮
2025-12-24 02:53:01,867 - INFO - 开始填写登录表单...
2025-12-24 02:53:01,926 - INFO - 用户名填写完成
2025-12-24 02:53:01,984 - INFO - 密码填写完成
2025-12-24 02:53:01,985 - INFO - 验证码图片已保存到 /home/runner/work/nju_electric_monitor/nju_electric_monitor/src/../data/captcha_debug.png
2025-12-24 02:53:01,985 - INFO - 验证码识别尝试 20/30
2025-12-24 02:53:01,985 - INFO - 开始识别验证码...（easyocr + pytesseract）
2025-12-24 02:53:02,082 - INFO - easyocr 结果: ['20Zh(0.59)']
2025-12-24 02:53:02,177 - INFO - tesseract 结果: 2DZb
2025-12-24 02:53:02,235 - INFO - easyocr alt1 结果: ['202b(0.47)']
2025-12-24 02:53:02,330 - INFO - tesseract alt1 结果: 2DZb
2025-12-24 02:53:02,388 - INFO - easyocr alt2 结果: ['202b(0.44)']
2025-12-24 02:53:02,481 - INFO - tesseract alt2 结果: 2DZb
2025-12-24 02:53:02,635 - INFO - easyocr alt3 结果: ['2026(0.47)']
2025-12-24 02:53:02,746 - INFO - tesseract alt3 结果: 2DZb
2025-12-24 02:53:02,804 - INFO - easyocr alt4 结果: ['202b(0.49)']
2025-12-24 02:53:02,897 - INFO - tesseract alt4 结果: 2DZb
2025-12-24 02:53:02,956 - INFO - easyocr alt5 结果: ['2026(0.37)']
2025-12-24 02:53:03,049 - INFO - tesseract alt5 结果: 2DZb
2025-12-24 02:53:03,049 - INFO - 最终验证码识别结果: 20Zh (engine=easyocr, prob=0.5852941274642944)
2025-12-24 02:53:03,049 - INFO - 查找验证码输入框...
2025-12-24 02:53:03,103 - INFO - 验证码填写完成
2025-12-24 02:53:03,103 - INFO - 验证码填写完成，点击登录按钮...
2025-12-24 02:53:03,103 - INFO - 查找并点击登录按钮...
2025-12-24 02:53:03,452 - INFO - 已点击登录按钮
2025-12-24 02:53:10,471 - INFO - 开始填写登录表单...
2025-12-24 02:53:10,530 - INFO - 用户名填写完成
2025-12-24 02:53:10,587 - INFO - 密码填写完成
2025-12-24 02:53:10,587 - INFO - 验证码图片已保存到 /home/runner/work/nju_electric_monitor/nju_electric_monitor/src/../data/captcha_debug.png
2025-12-24 02:53:10,587 - INFO - 验证码识别尝试 21/30
2025-12-24 02:53:10,587 - INFO - 开始识别验证码...（easyocr + pytesseract）
2025-12-24 02:53:10,695 - INFO - easyocr 结果: ['20Zh(0.59)']
2025-12-24 02:53:10,790 - INFO - tesseract 结果: 2DZb
2025-12-24 02:53:10,850 - INFO - easyocr alt1 结果: ['202b(0.47)']
2025-12-24 02:53:10,944 - INFO - tesseract alt1 结果: 2DZb
2025-12-24 02:53:11,004 - INFO - easyocr alt2 结果: ['202b(0.44)']
2025-12-24 02:53:11,097 - INFO - tesseract alt2 结果: 2DZb
2025-12-24 02:53:11,259 - INFO - easyocr alt3 结果: ['2026(0.47)']
2025-12-24 02:53:11,366 - INFO - tesseract alt3 结果: 2DZb
2025-12-24 02:53:11,425 - INFO - easyocr alt4 结果: ['202b(0.49)']
2025-12-24 02:53:11,521 - INFO - tesseract alt4 结果: 2DZb
2025-12-24 02:53:11,579 - INFO - easyocr alt5 结果: ['2026(0.37)']
2025-12-24 02:53:11,674 - INFO - tesseract alt5 结果: 2DZb
2025-12-24 02:53:11,674 - INFO - 最终验证码识别结果: 20Zh (engine=easyocr, prob=0.5852941274642944)
2025-12-24 02:53:11,674 - INFO - 查找验证码输入框...
2025-12-24 02:53:11,728 - INFO - 验证码填写完成
2025-12-24 02:53:11,728 - INFO - 验证码填写完成，点击登录按钮...
2025-12-24 02:53:11,728 - INFO - 查找并点击登录按钮...
2025-12-24 02:53:12,077 - INFO - 已点击登录按钮
2025-12-24 02:53:19,097 - INFO - 开始填写登录表单...
2025-12-24 02:53:19,155 - INFO - 用户名填写完成
2025-12-24 02:53:19,210 - INFO - 密码填写完成
2025-12-24 02:53:19,211 - INFO - 验证码图片已保存到 /home/runner/work/nju_electric_monitor/nju_electric_monitor/src/../data/captcha_debug.png
2025-12-24 02:53:19,211 - INFO - 验证码识别尝试 22/30
2025-12-24 02:53:19,211 - INFO - 开始识别验证码...（easyocr + pytesseract）
2025-12-24 02:53:19,308 - INFO - easyocr 结果: ['20Zh(0.59)']
2025-12-24 02:53:19,402 - INFO - tesseract 结果: 2DZb
2025-12-24 02:53:19,461 - INFO - easyocr alt1 结果: ['202b(0.47)']
2025-12-24 02:53:19,554 - INFO - tesseract alt1 结果: 2DZb
2025-12-24 02:53:19,613 - INFO - easyocr alt2 结果: ['202b(0.44)']
2025-12-24 02:53:19,707 - INFO - tesseract alt2 结果: 2DZb
2025-12-24 02:53:19,860 - INFO - easyocr alt3 结果: ['2026(0.47)']
2025-12-24 02:53:19,968 - INFO - tesseract alt3 结果: 2DZb
2025-12-24 02:53:20,032 - INFO - easyocr alt4 结果: ['202b(0.49)']
2025-12-24 02:53:20,130 - INFO - tesseract alt4 结果: 2DZb
2025-12-24 02:53:20,188 - INFO - easyocr alt5 结果: ['2026(0.37)']
2025-12-24 02:53:20,285 - INFO - tesseract alt5 结果: 2DZb
2025-12-24 02:53:20,285 - INFO - 最终验证码识别结果: 20Zh (engine=easyocr, prob=0.5852941274642944)
2025-12-24 02:53:20,285 - INFO - 查找验证码输入框...
2025-12-24 02:53:20,339 - INFO - 验证码填写完成
2025-12-24 02:53:20,339 - INFO - 验证码填写完成，点击登录按钮...
2025-12-24 02:53:20,339 - INFO - 查找并点击登录按钮...
2025-12-24 02:53:20,394 - INFO - 已点击登录按钮
2025-12-24 02:53:27,414 - INFO - 开始填写登录表单...
2025-12-24 02:53:27,472 - INFO - 用户名填写完成
2025-12-24 02:53:27,529 - INFO - 密码填写完成
2025-12-24 02:53:27,530 - INFO - 验证码图片已保存到 /home/runner/work/nju_electric_monitor/nju_electric_monitor/src/../data/captcha_debug.png
2025-12-24 02:53:27,530 - INFO - 验证码识别尝试 23/30
2025-12-24 02:53:27,530 - INFO - 开始识别验证码...（easyocr + pytesseract）
2025-12-24 02:53:27,626 - INFO - easyocr 结果: ['20Zh(0.59)']
2025-12-24 02:53:27,722 - INFO - tesseract 结果: 2DZb
2025-12-24 02:53:27,791 - INFO - easyocr alt1 结果: ['202b(0.47)']
2025-12-24 02:53:27,886 - INFO - tesseract alt1 结果: 2DZb
2025-12-24 02:53:27,943 - INFO - easyocr alt2 结果: ['202b(0.44)']
2025-12-24 02:53:28,037 - INFO - tesseract alt2 结果: 2DZb
2025-12-24 02:53:28,190 - INFO - easyocr alt3 结果: ['2026(0.47)']
2025-12-24 02:53:28,302 - INFO - tesseract alt3 结果: 2DZb
2025-12-24 02:53:28,360 - INFO - easyocr alt4 结果: ['202b(0.49)']
2025-12-24 02:53:28,454 - INFO - tesseract alt4 结果: 2DZb
2025-12-24 02:53:28,512 - INFO - easyocr alt5 结果: ['2026(0.37)']
2025-12-24 02:53:28,606 - INFO - tesseract alt5 结果: 2DZb
2025-12-24 02:53:28,606 - INFO - 最终验证码识别结果: 20Zh (engine=easyocr, prob=0.5852941274642944)
2025-12-24 02:53:28,606 - INFO - 查找验证码输入框...
2025-12-24 02:53:28,659 - INFO - 验证码填写完成
2025-12-24 02:53:28,660 - INFO - 验证码填写完成，点击登录按钮...
2025-12-24 02:53:28,660 - INFO - 查找并点击登录按钮...
2025-12-24 02:53:28,714 - INFO - 已点击登录按钮
2025-12-24 02:53:35,733 - INFO - 开始填写登录表单...
2025-12-24 02:53:35,791 - INFO - 用户名填写完成
2025-12-24 02:53:35,848 - INFO - 密码填写完成
2025-12-24 02:53:35,848 - INFO - 验证码图片已保存到 /home/runner/work/nju_electric_monitor/nju_electric_monitor/src/../data/captcha_debug.png
2025-12-24 02:53:35,848 - INFO - 验证码识别尝试 24/30
2025-12-24 02:53:35,848 - INFO - 开始识别验证码...（easyocr + pytesseract）
2025-12-24 02:53:35,950 - INFO - easyocr 结果: ['20Zh(0.59)']
2025-12-24 02:53:36,043 - INFO - tesseract 结果: 2DZb
2025-12-24 02:53:36,103 - INFO - easyocr alt1 结果: ['202b(0.47)']
2025-12-24 02:53:36,198 - INFO - tesseract alt1 结果: 2DZb
2025-12-24 02:53:36,257 - INFO - easyocr alt2 结果: ['202b(0.44)']
2025-12-24 02:53:36,350 - INFO - tesseract alt2 结果: 2DZb
2025-12-24 02:53:36,523 - INFO - easyocr alt3 结果: ['2026(0.47)']
2025-12-24 02:53:36,633 - INFO - tesseract alt3 结果: 2DZb
2025-12-24 02:53:36,692 - INFO - easyocr alt4 结果: ['202b(0.49)']
2025-12-24 02:53:36,787 - INFO - tesseract alt4 结果: 2DZb
2025-12-24 02:53:36,846 - INFO - easyocr alt5 结果: ['2026(0.37)']
2025-12-24 02:53:36,940 - INFO - tesseract alt5 结果: 2DZb
2025-12-24 02:53:36,940 - INFO - 最终验证码识别结果: 20Zh (engine=easyocr, prob=0.5852941274642944)
2025-12-24 02:53:36,940 - INFO - 查找验证码输入框...
2025-12-24 02:53:36,994 - INFO - 验证码填写完成
2025-12-24 02:53:36,994 - INFO - 验证码填写完成，点击登录按钮...
2025-12-24 02:53:36,994 - INFO - 查找并点击登录按钮...
2025-12-24 02:53:37,375 - INFO - 已点击登录按钮
2025-12-24 02:53:44,394 - INFO - 开始填写登录表单...
2025-12-24 02:53:44,453 - INFO - 用户名填写完成
2025-12-24 02:53:44,509 - INFO - 密码填写完成
2025-12-24 02:53:44,510 - INFO - 验证码图片已保存到 /home/runner/work/nju_electric_monitor/nju_electric_monitor/src/../data/captcha_debug.png
2025-12-24 02:53:44,510 - INFO - 验证码识别尝试 25/30
2025-12-24 02:53:44,510 - INFO - 开始识别验证码...（easyocr + pytesseract）
2025-12-24 02:53:44,606 - INFO - easyocr 结果: ['20Zh(0.59)']
2025-12-24 02:53:44,702 - INFO - tesseract 结果: 2DZb
2025-12-24 02:53:44,760 - INFO - easyocr alt1 结果: ['202b(0.47)']
2025-12-24 02:53:44,859 - INFO - tesseract alt1 结果: 2DZb
2025-12-24 02:53:44,916 - INFO - easyocr alt2 结果: ['202b(0.44)']
2025-12-24 02:53:45,012 - INFO - tesseract alt2 结果: 2DZb
2025-12-24 02:53:45,165 - INFO - easyocr alt3 结果: ['2026(0.47)']
2025-12-24 02:53:45,274 - INFO - tesseract alt3 结果: 2DZb
2025-12-24 02:53:45,332 - INFO - easyocr alt4 结果: ['202b(0.49)']
2025-12-24 02:53:45,428 - INFO - tesseract alt4 结果: 2DZb
2025-12-24 02:53:45,488 - INFO - easyocr alt5 结果: ['2026(0.37)']
2025-12-24 02:53:45,585 - INFO - tesseract alt5 结果: 2DZb
2025-12-24 02:53:45,585 - INFO - 最终验证码识别结果: 20Zh (engine=easyocr, prob=0.5852941274642944)
2025-12-24 02:53:45,585 - INFO - 查找验证码输入框...
2025-12-24 02:53:45,638 - INFO - 验证码填写完成
2025-12-24 02:53:45,638 - INFO - 验证码填写完成，点击登录按钮...
2025-12-24 02:53:45,638 - INFO - 查找并点击登录按钮...
2025-12-24 02:53:45,693 - INFO - 已点击登录按钮
2025-12-24 02:53:52,712 - INFO - 开始填写登录表单...
2025-12-24 02:53:52,770 - INFO - 用户名填写完成
2025-12-24 02:53:52,825 - INFO - 密码填写完成
2025-12-24 02:53:52,826 - INFO - 验证码图片已保存到 /home/runner/work/nju_electric_monitor/nju_electric_monitor/src/../data/captcha_debug.png
2025-12-24 02:53:52,826 - INFO - 验证码识别尝试 26/30
2025-12-24 02:53:52,826 - INFO - 开始识别验证码...（easyocr + pytesseract）
2025-12-24 02:53:52,929 - INFO - easyocr 结果: ['20Zh(0.59)']
2025-12-24 02:53:53,023 - INFO - tesseract 结果: 2DZb
2025-12-24 02:53:53,082 - INFO - easyocr alt1 结果: ['202b(0.47)']
2025-12-24 02:53:53,175 - INFO - tesseract alt1 结果: 2DZb
2025-12-24 02:53:53,234 - INFO - easyocr alt2 结果: ['202b(0.44)']
2025-12-24 02:53:53,331 - INFO - tesseract alt2 结果: 2DZb
2025-12-24 02:53:53,484 - INFO - easyocr alt3 结果: ['2026(0.47)']
2025-12-24 02:53:53,592 - INFO - tesseract alt3 结果: 2DZb
2025-12-24 02:53:53,650 - INFO - easyocr alt4 结果: ['202b(0.49)']
2025-12-24 02:53:53,746 - INFO - tesseract alt4 结果: 2DZb
2025-12-24 02:53:53,803 - INFO - easyocr alt5 结果: ['2026(0.37)']
2025-12-24 02:53:53,898 - INFO - tesseract alt5 结果: 2DZb
2025-12-24 02:53:53,898 - INFO - 最终验证码识别结果: 20Zh (engine=easyocr, prob=0.5852941274642944)
2025-12-24 02:53:53,898 - INFO - 查找验证码输入框...
2025-12-24 02:53:53,952 - INFO - 验证码填写完成
2025-12-24 02:53:53,952 - INFO - 验证码填写完成，点击登录按钮...
2025-12-24 02:53:53,952 - INFO - 查找并点击登录按钮...
2025-12-24 02:53:54,320 - INFO - 已点击登录按钮
2025-12-24 02:54:01,339 - INFO - 开始填写登录表单...
2025-12-24 02:54:01,397 - INFO - 用户名填写完成
2025-12-24 02:54:01,453 - INFO - 密码填写完成
2025-12-24 02:54:01,454 - INFO - 验证码图片已保存到 /home/runner/work/nju_electric_monitor/nju_electric_monitor/src/../data/captcha_debug.png
2025-12-24 02:54:01,454 - INFO - 验证码识别尝试 27/30
2025-12-24 02:54:01,454 - INFO - 开始识别验证码...（easyocr + pytesseract）
2025-12-24 02:54:01,550 - INFO - easyocr 结果: ['20Zh(0.59)']
2025-12-24 02:54:01,645 - INFO - tesseract 结果: 2DZb
2025-12-24 02:54:01,705 - INFO - easyocr alt1 结果: ['202b(0.47)']
2025-12-24 02:54:01,798 - INFO - tesseract alt1 结果: 2DZb
2025-12-24 02:54:01,856 - INFO - easyocr alt2 结果: ['202b(0.44)']
2025-12-24 02:54:01,948 - INFO - tesseract alt2 结果: 2DZb
2025-12-24 02:54:02,103 - INFO - easyocr alt3 结果: ['2026(0.47)']
2025-12-24 02:54:02,210 - INFO - tesseract alt3 结果: 2DZb
2025-12-24 02:54:02,269 - INFO - easyocr alt4 结果: ['202b(0.49)']
2025-12-24 02:54:02,363 - INFO - tesseract alt4 结果: 2DZb
2025-12-24 02:54:02,422 - INFO - easyocr alt5 结果: ['2026(0.37)']
2025-12-24 02:54:02,518 - INFO - tesseract alt5 结果: 2DZb
2025-12-24 02:54:02,518 - INFO - 最终验证码识别结果: 20Zh (engine=easyocr, prob=0.5852941274642944)
2025-12-24 02:54:02,518 - INFO - 查找验证码输入框...
2025-12-24 02:54:02,573 - INFO - 验证码填写完成
2025-12-24 02:54:02,573 - INFO - 验证码填写完成，点击登录按钮...
2025-12-24 02:54:02,573 - INFO - 查找并点击登录按钮...
2025-12-24 02:54:02,628 - INFO - 已点击登录按钮
2025-12-24 02:54:09,647 - INFO - 开始填写登录表单...
2025-12-24 02:54:09,706 - INFO - 用户名填写完成
2025-12-24 02:54:09,763 - INFO - 密码填写完成
2025-12-24 02:54:09,764 - INFO - 验证码图片已保存到 /home/runner/work/nju_electric_monitor/nju_electric_monitor/src/../data/captcha_debug.png
2025-12-24 02:54:09,764 - INFO - 验证码识别尝试 28/30
2025-12-24 02:54:09,764 - INFO - 开始识别验证码...（easyocr + pytesseract）
2025-12-24 02:54:09,859 - INFO - easyocr 结果: ['20Zh(0.59)']
2025-12-24 02:54:09,957 - INFO - tesseract 结果: 2DZb
2025-12-24 02:54:10,016 - INFO - easyocr alt1 结果: ['202b(0.47)']
2025-12-24 02:54:10,109 - INFO - tesseract alt1 结果: 2DZb
2025-12-24 02:54:10,175 - INFO - easyocr alt2 结果: ['202b(0.44)']
2025-12-24 02:54:10,268 - INFO - tesseract alt2 结果: 2DZb
2025-12-24 02:54:10,422 - INFO - easyocr alt3 结果: ['2026(0.47)']
2025-12-24 02:54:10,530 - INFO - tesseract alt3 结果: 2DZb
2025-12-24 02:54:10,596 - INFO - easyocr alt4 结果: ['202b(0.49)']
2025-12-24 02:54:10,690 - INFO - tesseract alt4 结果: 2DZb
2025-12-24 02:54:10,749 - INFO - easyocr alt5 结果: ['2026(0.37)']
2025-12-24 02:54:10,843 - INFO - tesseract alt5 结果: 2DZb
2025-12-24 02:54:10,843 - INFO - 最终验证码识别结果: 20Zh (engine=easyocr, prob=0.5852941274642944)
2025-12-24 02:54:10,843 - INFO - 查找验证码输入框...
2025-12-24 02:54:10,897 - INFO - 验证码填写完成
2025-12-24 02:54:10,897 - INFO - 验证码填写完成，点击登录按钮...
2025-12-24 02:54:10,897 - INFO - 查找并点击登录按钮...
2025-12-24 02:54:11,269 - INFO - 已点击登录按钮
2025-12-24 02:54:18,288 - INFO - 开始填写登录表单...
2025-12-24 02:54:18,347 - INFO - 用户名填写完成
2025-12-24 02:54:18,403 - INFO - 密码填写完成
2025-12-24 02:54:18,404 - INFO - 验证码图片已保存到 /home/runner/work/nju_electric_monitor/nju_electric_monitor/src/../data/captcha_debug.png
2025-12-24 02:54:18,404 - INFO - 验证码识别尝试 29/30
2025-12-24 02:54:18,404 - INFO - 开始识别验证码...（easyocr + pytesseract）
2025-12-24 02:54:18,505 - INFO - easyocr 结果: ['20Zh(0.59)']
2025-12-24 02:54:18,601 - INFO - tesseract 结果: 2DZb
2025-12-24 02:54:18,660 - INFO - easyocr alt1 结果: ['202b(0.47)']
2025-12-24 02:54:18,758 - INFO - tesseract alt1 结果: 2DZb
2025-12-24 02:54:18,816 - INFO - easyocr alt2 结果: ['202b(0.44)']
2025-12-24 02:54:18,911 - INFO - tesseract alt2 结果: 2DZb
2025-12-24 02:54:19,066 - INFO - easyocr alt3 结果: ['2026(0.47)']
2025-12-24 02:54:19,174 - INFO - tesseract alt3 结果: 2DZb
2025-12-24 02:54:19,233 - INFO - easyocr alt4 结果: ['202b(0.49)']
2025-12-24 02:54:19,332 - INFO - tesseract alt4 结果: 2DZb
2025-12-24 02:54:19,389 - INFO - easyocr alt5 结果: ['2026(0.37)']
2025-12-24 02:54:19,485 - INFO - tesseract alt5 结果: 2DZb
2025-12-24 02:54:19,486 - INFO - 最终验证码识别结果: 20Zh (engine=easyocr, prob=0.5852941274642944)
2025-12-24 02:54:19,486 - INFO - 查找验证码输入框...
2025-12-24 02:54:19,539 - INFO - 验证码填写完成
2025-12-24 02:54:19,539 - INFO - 验证码填写完成，点击登录按钮...
2025-12-24 02:54:19,539 - INFO - 查找并点击登录按钮...
2025-12-24 02:54:19,594 - INFO - 已点击登录按钮
2025-12-24 02:54:26,613 - INFO - 开始填写登录表单...
2025-12-24 02:54:26,672 - INFO - 用户名填写完成
2025-12-24 02:54:26,728 - INFO - 密码填写完成
2025-12-24 02:54:26,728 - INFO - 验证码图片已保存到 /home/runner/work/nju_electric_monitor/nju_electric_monitor/src/../data/captcha_debug.png
2025-12-24 02:54:26,729 - INFO - 验证码识别尝试 30/30
2025-12-24 02:54:26,729 - INFO - 开始识别验证码...（easyocr + pytesseract）
2025-12-24 02:54:26,824 - INFO - easyocr 结果: ['20Zh(0.59)']
2025-12-24 02:54:26,918 - INFO - tesseract 结果: 2DZb
2025-12-24 02:54:26,989 - INFO - easyocr alt1 结果: ['202b(0.47)']
2025-12-24 02:54:27,087 - INFO - tesseract alt1 结果: 2DZb
2025-12-24 02:54:27,155 - INFO - easyocr alt2 结果: ['202b(0.44)']
2025-12-24 02:54:27,249 - INFO - tesseract alt2 结果: 2DZb
2025-12-24 02:54:27,403 - INFO - easyocr alt3 结果: ['2026(0.47)']
2025-12-24 02:54:27,511 - INFO - tesseract alt3 结果: 2DZb
2025-12-24 02:54:27,575 - INFO - easyocr alt4 结果: ['202b(0.49)']
2025-12-24 02:54:27,668 - INFO - tesseract alt4 结果: 2DZb
2025-12-24 02:54:27,727 - INFO - easyocr alt5 结果: ['2026(0.37)']
2025-12-24 02:54:27,820 - INFO - tesseract alt5 结果: 2DZb
2025-12-24 02:54:27,820 - INFO - 最终验证码识别结果: 20Zh (engine=easyocr, prob=0.5852941274642944)
2025-12-24 02:54:27,820 - INFO - 查找验证码输入框...
2025-12-24 02:54:27,874 - INFO - 验证码填写完成
2025-12-24 02:54:27,874 - INFO - 验证码填写完成，点击登录按钮...
2025-12-24 02:54:27,874 - INFO - 查找并点击登录按钮...
2025-12-24 02:54:27,929 - INFO - 已点击登录按钮
2025-12-24 02:54:34,948 - WARNING - 自动验证码识别失败，请手动输入
2025-12-24 02:54:34,948 - ERROR - 处理验证码时出错: EOF when reading a line
2025-12-24 02:54:34,948 - WARNING - 验证码处理失败，但继续尝试登录
2025-12-24 02:54:34,948 - INFO - 查找并点击登录按钮...
2025-12-24 02:54:35,002 - INFO - 已点击登录按钮
2025-12-24 02:54:40,003 - INFO - 等待登录成功...
2025-12-24 02:54:45,007 - INFO - 登录可能成功，继续下一步...
2025-12-24 02:54:45,007 - INFO - 查找'去充值'按钮...
2025-12-24 02:54:45,068 - INFO - 已点击充值按钮
2025-12-24 02:54:48,068 - INFO - 开始提取剩余电量信息...
2025-12-24 02:54:48,073 - INFO - 页面源码已保存到 /home/runner/work/nju_electric_monitor/nju_electric_monitor/src/../data/debug_page_source.html
2025-12-24 02:54:48,082 - WARNING - 未找到电量信息元素，尝试其他方法...
2025-12-24 02:54:48,090 - WARNING - 未找到i标签中的电量信息，尝试其他方法...
2025-12-24 02:54:48,093 - INFO - 在页面源码中查找电量信息...
2025-12-24 02:54:48,104 - WARNING - 未能提取到剩余电量信息
2025-12-24 02:54:48,104 - WARNING - 没有电量数据可保存
2025-12-24 02:54:48,104 - INFO - 监控流程完成
