2025-11-30 02:14:52,184 - INFO - 使用 ChromeDriver: /usr/bin/chromedriver
2025-11-30 02:14:52,184 - WARNING - Using CPU. Note: This module is much faster with a GPU.
2025-11-30 02:14:53,787 - INFO - OCR识别器初始化成功
2025-11-30 02:14:53,787 - INFO - 开始南京大学电费监控流程（自动无头模式）
2025-11-30 02:14:53,787 - INFO - 正在打开页面: https://epay.nju.edu.cn/epay/h5/nju/electric/index
2025-11-30 02:15:04,796 - INFO - 等待登录表单加载...
2025-11-30 02:15:04,806 - INFO - 登录表单已加载
2025-11-30 02:15:04,806 - INFO - 开始填写登录表单...
2025-11-30 02:15:04,873 - INFO - 用户名填写完成
2025-11-30 02:15:04,944 - INFO - 密码填写完成
2025-11-30 02:15:04,944 - INFO - 检查是否有验证码...
2025-11-30 02:15:04,944 - INFO - 查找验证码图片...
2025-11-30 02:15:04,964 - INFO - 找到验证码图片，开始截图...
2025-11-30 02:15:05,031 - INFO - 验证码图片截取成功
2025-11-30 02:15:05,031 - INFO - 开始填写登录表单...
2025-11-30 02:15:05,101 - INFO - 用户名填写完成
2025-11-30 02:15:05,167 - INFO - 密码填写完成
2025-11-30 02:15:05,168 - INFO - 验证码图片已保存到 /home/runner/work/nju_electric_monitor/nju_electric_monitor/src/../data/captcha_debug.png
2025-11-30 02:15:05,168 - INFO - 验证码识别尝试 1/12
2025-11-30 02:15:05,168 - INFO - 开始识别验证码...
2025-11-30 02:15:05,301 - WARNING - 验证码识别结果为空
2025-11-30 02:15:05,301 - INFO - 尝试不同的图像处理参数...
2025-11-30 02:15:05,368 - INFO - 方法2识别结果: MHCP
2025-11-30 02:15:05,368 - INFO - 查找验证码输入框...
2025-11-30 02:15:05,431 - INFO - 验证码填写完成
2025-11-30 02:15:05,431 - INFO - 验证码填写完成，点击登录按钮...
2025-11-30 02:15:05,431 - INFO - 查找并点击登录按钮...
2025-11-30 02:15:05,823 - INFO - 已点击登录按钮
2025-11-30 02:15:12,851 - INFO - 开始填写登录表单...
2025-11-30 02:15:12,916 - INFO - 用户名填写完成
2025-11-30 02:15:12,980 - INFO - 密码填写完成
2025-11-30 02:15:12,981 - INFO - 验证码图片已保存到 /home/runner/work/nju_electric_monitor/nju_electric_monitor/src/../data/captcha_debug.png
2025-11-30 02:15:12,981 - INFO - 验证码识别尝试 2/12
2025-11-30 02:15:12,981 - INFO - 开始识别验证码...
2025-11-30 02:15:13,082 - WARNING - 验证码识别结果为空
2025-11-30 02:15:13,082 - INFO - 尝试不同的图像处理参数...
2025-11-30 02:15:13,142 - INFO - 方法2识别结果: MHCP
2025-11-30 02:15:13,142 - INFO - 查找验证码输入框...
2025-11-30 02:15:13,202 - INFO - 验证码填写完成
2025-11-30 02:15:13,202 - INFO - 验证码填写完成，点击登录按钮...
2025-11-30 02:15:13,202 - INFO - 查找并点击登录按钮...
2025-11-30 02:15:13,554 - INFO - 已点击登录按钮
2025-11-30 02:15:20,576 - INFO - 开始填写登录表单...
2025-11-30 02:15:20,640 - INFO - 用户名填写完成
2025-11-30 02:15:20,704 - INFO - 密码填写完成
2025-11-30 02:15:20,705 - INFO - 验证码图片已保存到 /home/runner/work/nju_electric_monitor/nju_electric_monitor/src/../data/captcha_debug.png
2025-11-30 02:15:20,705 - INFO - 验证码识别尝试 3/12
2025-11-30 02:15:20,705 - INFO - 开始识别验证码...
2025-11-30 02:15:20,805 - WARNING - 验证码识别结果为空
2025-11-30 02:15:20,805 - INFO - 尝试不同的图像处理参数...
2025-11-30 02:15:20,869 - INFO - 方法2识别结果: MHCP
2025-11-30 02:15:20,870 - INFO - 查找验证码输入框...
2025-11-30 02:15:20,930 - INFO - 验证码填写完成
2025-11-30 02:15:20,930 - INFO - 验证码填写完成，点击登录按钮...
2025-11-30 02:15:20,930 - INFO - 查找并点击登录按钮...
2025-11-30 02:15:20,990 - INFO - 已点击登录按钮
2025-11-30 02:15:28,012 - INFO - 开始填写登录表单...
2025-11-30 02:15:28,079 - INFO - 用户名填写完成
2025-11-30 02:15:28,142 - INFO - 密码填写完成
2025-11-30 02:15:28,143 - INFO - 验证码图片已保存到 /home/runner/work/nju_electric_monitor/nju_electric_monitor/src/../data/captcha_debug.png
2025-11-30 02:15:28,143 - INFO - 验证码识别尝试 4/12
2025-11-30 02:15:28,143 - INFO - 开始识别验证码...
2025-11-30 02:15:28,255 - WARNING - 验证码识别结果为空
2025-11-30 02:15:28,255 - INFO - 尝试不同的图像处理参数...
2025-11-30 02:15:28,317 - INFO - 方法2识别结果: MHCP
2025-11-30 02:15:28,317 - INFO - 查找验证码输入框...
2025-11-30 02:15:28,378 - INFO - 验证码填写完成
2025-11-30 02:15:28,378 - INFO - 验证码填写完成，点击登录按钮...
2025-11-30 02:15:28,378 - INFO - 查找并点击登录按钮...
2025-11-30 02:15:28,440 - INFO - 已点击登录按钮
2025-11-30 02:15:35,462 - INFO - 开始填写登录表单...
2025-11-30 02:15:35,527 - INFO - 用户名填写完成
2025-11-30 02:15:35,590 - INFO - 密码填写完成
2025-11-30 02:15:35,591 - INFO - 验证码图片已保存到 /home/runner/work/nju_electric_monitor/nju_electric_monitor/src/../data/captcha_debug.png
2025-11-30 02:15:35,591 - INFO - 验证码识别尝试 5/12
2025-11-30 02:15:35,591 - INFO - 开始识别验证码...
2025-11-30 02:15:35,691 - WARNING - 验证码识别结果为空
2025-11-30 02:15:35,691 - INFO - 尝试不同的图像处理参数...
2025-11-30 02:15:35,752 - INFO - 方法2识别结果: MHCP
2025-11-30 02:15:35,752 - INFO - 查找验证码输入框...
2025-11-30 02:15:35,812 - INFO - 验证码填写完成
2025-11-30 02:15:35,812 - INFO - 验证码填写完成，点击登录按钮...
2025-11-30 02:15:35,812 - INFO - 查找并点击登录按钮...
2025-11-30 02:15:35,873 - INFO - 已点击登录按钮
2025-11-30 02:15:42,895 - INFO - 开始填写登录表单...
2025-11-30 02:15:42,962 - INFO - 用户名填写完成
2025-11-30 02:15:43,025 - INFO - 密码填写完成
2025-11-30 02:15:43,026 - INFO - 验证码图片已保存到 /home/runner/work/nju_electric_monitor/nju_electric_monitor/src/../data/captcha_debug.png
2025-11-30 02:15:43,026 - INFO - 验证码识别尝试 6/12
2025-11-30 02:15:43,026 - INFO - 开始识别验证码...
2025-11-30 02:15:43,138 - WARNING - 验证码识别结果为空
2025-11-30 02:15:43,138 - INFO - 尝试不同的图像处理参数...
2025-11-30 02:15:43,199 - INFO - 方法2识别结果: MHCP
2025-11-30 02:15:43,199 - INFO - 查找验证码输入框...
2025-11-30 02:15:43,261 - INFO - 验证码填写完成
2025-11-30 02:15:43,261 - INFO - 验证码填写完成，点击登录按钮...
2025-11-30 02:15:43,261 - INFO - 查找并点击登录按钮...
2025-11-30 02:15:43,322 - INFO - 已点击登录按钮
2025-11-30 02:15:50,344 - INFO - 开始填写登录表单...
2025-11-30 02:15:50,408 - INFO - 用户名填写完成
2025-11-30 02:15:50,472 - INFO - 密码填写完成
2025-11-30 02:15:50,472 - INFO - 验证码图片已保存到 /home/runner/work/nju_electric_monitor/nju_electric_monitor/src/../data/captcha_debug.png
2025-11-30 02:15:50,473 - INFO - 验证码识别尝试 7/12
2025-11-30 02:15:50,473 - INFO - 开始识别验证码...
2025-11-30 02:15:50,574 - WARNING - 验证码识别结果为空
2025-11-30 02:15:50,574 - INFO - 尝试不同的图像处理参数...
2025-11-30 02:15:50,635 - INFO - 方法2识别结果: MHCP
2025-11-30 02:15:50,636 - INFO - 查找验证码输入框...
2025-11-30 02:15:50,696 - INFO - 验证码填写完成
2025-11-30 02:15:50,696 - INFO - 验证码填写完成，点击登录按钮...
2025-11-30 02:15:50,696 - INFO - 查找并点击登录按钮...
2025-11-30 02:15:51,051 - INFO - 已点击登录按钮
2025-11-30 02:15:58,073 - INFO - 开始填写登录表单...
2025-11-30 02:15:58,138 - INFO - 用户名填写完成
2025-11-30 02:15:58,202 - INFO - 密码填写完成
2025-11-30 02:15:58,202 - INFO - 验证码图片已保存到 /home/runner/work/nju_electric_monitor/nju_electric_monitor/src/../data/captcha_debug.png
2025-11-30 02:15:58,203 - INFO - 验证码识别尝试 8/12
2025-11-30 02:15:58,203 - INFO - 开始识别验证码...
2025-11-30 02:15:58,303 - WARNING - 验证码识别结果为空
2025-11-30 02:15:58,303 - INFO - 尝试不同的图像处理参数...
2025-11-30 02:15:58,364 - INFO - 方法2识别结果: MHCP
2025-11-30 02:15:58,364 - INFO - 查找验证码输入框...
2025-11-30 02:15:58,425 - INFO - 验证码填写完成
2025-11-30 02:15:58,426 - INFO - 验证码填写完成，点击登录按钮...
2025-11-30 02:15:58,426 - INFO - 查找并点击登录按钮...
2025-11-30 02:15:58,487 - INFO - 已点击登录按钮
2025-11-30 02:16:05,509 - INFO - 开始填写登录表单...
2025-11-30 02:16:05,575 - INFO - 用户名填写完成
2025-11-30 02:16:05,638 - INFO - 密码填写完成
2025-11-30 02:16:05,639 - INFO - 验证码图片已保存到 /home/runner/work/nju_electric_monitor/nju_electric_monitor/src/../data/captcha_debug.png
2025-11-30 02:16:05,639 - INFO - 验证码识别尝试 9/12
2025-11-30 02:16:05,639 - INFO - 开始识别验证码...
2025-11-30 02:16:05,745 - WARNING - 验证码识别结果为空
2025-11-30 02:16:05,745 - INFO - 尝试不同的图像处理参数...
2025-11-30 02:16:05,806 - INFO - 方法2识别结果: MHCP
2025-11-30 02:16:05,806 - INFO - 查找验证码输入框...
2025-11-30 02:16:05,867 - INFO - 验证码填写完成
2025-11-30 02:16:05,867 - INFO - 验证码填写完成，点击登录按钮...
2025-11-30 02:16:05,867 - INFO - 查找并点击登录按钮...
2025-11-30 02:16:06,433 - INFO - 已点击登录按钮
2025-11-30 02:16:13,455 - INFO - 开始填写登录表单...
2025-11-30 02:16:13,519 - INFO - 用户名填写完成
2025-11-30 02:16:13,582 - INFO - 密码填写完成
2025-11-30 02:16:13,583 - INFO - 验证码图片已保存到 /home/runner/work/nju_electric_monitor/nju_electric_monitor/src/../data/captcha_debug.png
2025-11-30 02:16:13,583 - INFO - 验证码识别尝试 10/12
2025-11-30 02:16:13,583 - INFO - 开始识别验证码...
2025-11-30 02:16:13,682 - WARNING - 验证码识别结果为空
2025-11-30 02:16:13,683 - INFO - 尝试不同的图像处理参数...
2025-11-30 02:16:13,743 - INFO - 方法2识别结果: MHCP
2025-11-30 02:16:13,743 - INFO - 查找验证码输入框...
2025-11-30 02:16:13,803 - INFO - 验证码填写完成
2025-11-30 02:16:13,803 - INFO - 验证码填写完成，点击登录按钮...
2025-11-30 02:16:13,803 - INFO - 查找并点击登录按钮...
2025-11-30 02:16:14,159 - INFO - 已点击登录按钮
2025-11-30 02:16:21,181 - INFO - 开始填写登录表单...
2025-11-30 02:16:21,249 - INFO - 用户名填写完成
2025-11-30 02:16:21,313 - INFO - 密码填写完成
2025-11-30 02:16:21,314 - INFO - 验证码图片已保存到 /home/runner/work/nju_electric_monitor/nju_electric_monitor/src/../data/captcha_debug.png
2025-11-30 02:16:21,314 - INFO - 验证码识别尝试 11/12
2025-11-30 02:16:21,314 - INFO - 开始识别验证码...
2025-11-30 02:16:21,414 - WARNING - 验证码识别结果为空
2025-11-30 02:16:21,414 - INFO - 尝试不同的图像处理参数...
2025-11-30 02:16:21,475 - INFO - 方法2识别结果: MHCP
2025-11-30 02:16:21,475 - INFO - 查找验证码输入框...
2025-11-30 02:16:21,536 - INFO - 验证码填写完成
2025-11-30 02:16:21,536 - INFO - 验证码填写完成，点击登录按钮...
2025-11-30 02:16:21,537 - INFO - 查找并点击登录按钮...
2025-11-30 02:16:21,904 - INFO - 已点击登录按钮
2025-11-30 02:16:28,926 - INFO - 开始填写登录表单...
2025-11-30 02:16:28,993 - INFO - 用户名填写完成
2025-11-30 02:16:29,057 - INFO - 密码填写完成
2025-11-30 02:16:29,058 - INFO - 验证码图片已保存到 /home/runner/work/nju_electric_monitor/nju_electric_monitor/src/../data/captcha_debug.png
2025-11-30 02:16:29,058 - INFO - 验证码识别尝试 12/12
2025-11-30 02:16:29,058 - INFO - 开始识别验证码...
2025-11-30 02:16:29,158 - WARNING - 验证码识别结果为空
2025-11-30 02:16:29,158 - INFO - 尝试不同的图像处理参数...
2025-11-30 02:16:29,218 - INFO - 方法2识别结果: MHCP
2025-11-30 02:16:29,218 - INFO - 查找验证码输入框...
2025-11-30 02:16:29,278 - INFO - 验证码填写完成
2025-11-30 02:16:29,278 - INFO - 验证码填写完成，点击登录按钮...
2025-11-30 02:16:29,278 - INFO - 查找并点击登录按钮...
2025-11-30 02:16:29,642 - INFO - 已点击登录按钮
2025-11-30 02:16:36,664 - WARNING - 自动验证码识别失败，请手动输入
2025-11-30 02:16:36,664 - ERROR - 处理验证码时出错: EOF when reading a line
2025-11-30 02:16:36,664 - WARNING - 验证码处理失败，但继续尝试登录
2025-11-30 02:16:36,664 - INFO - 查找并点击登录按钮...
2025-11-30 02:16:36,726 - INFO - 已点击登录按钮
2025-11-30 02:16:41,726 - INFO - 等待登录成功...
2025-11-30 02:16:46,731 - INFO - 登录可能成功，继续下一步...
2025-11-30 02:16:46,731 - INFO - 查找'去充值'按钮...
2025-11-30 02:16:46,798 - INFO - 已点击充值按钮
2025-11-30 02:16:49,798 - INFO - 开始提取剩余电量信息...
2025-11-30 02:16:49,803 - INFO - 页面源码已保存到 /home/runner/work/nju_electric_monitor/nju_electric_monitor/src/../data/debug_page_source.html
2025-11-30 02:16:49,813 - WARNING - 未找到电量信息元素，尝试其他方法...
2025-11-30 02:16:49,823 - WARNING - 未找到i标签中的电量信息，尝试其他方法...
2025-11-30 02:16:49,826 - INFO - 在页面源码中查找电量信息...
2025-11-30 02:16:49,839 - WARNING - 未能提取到剩余电量信息
2025-11-30 02:16:49,839 - WARNING - 没有电量数据可保存
2025-11-30 02:16:49,839 - INFO - 监控流程完成
