2026-03-01 07:27:14,634 - INFO - Matplotlib 字体设置：使用回退字体列表，首选可用字体: Noto Sans CJK JP
2026-03-01 07:27:15,797 - INFO - 使用 ChromeDriver: /usr/bin/chromedriver
2026-03-01 07:27:15,851 - INFO - ddddocr 识别器初始化成功
2026-03-01 07:27:15,851 - INFO - 开始南京大学电费监控流程（自动无头模式）
2026-03-01 07:27:15,851 - INFO - 正在打开页面: https://epay.nju.edu.cn/epay/h5/nju/electric/index
2026-03-01 07:27:23,588 - INFO - 等待登录表单加载...
2026-03-01 07:27:23,908 - INFO - 登录表单已加载
2026-03-01 07:27:23,908 - INFO - 开始填写登录表单...
2026-03-01 07:27:23,985 - INFO - 用户名填写完成
2026-03-01 07:27:24,046 - INFO - 密码填写完成
2026-03-01 07:27:24,046 - INFO - 开始处理验证码（两层嵌套重试）...
2026-03-01 07:27:24,046 - INFO - 外层页面重试 1/5
2026-03-01 07:27:24,046 - INFO - 等待登录表单加载...
2026-03-01 07:27:24,051 - INFO - 登录表单已加载
2026-03-01 07:27:24,051 - INFO - 开始填写登录表单...
2026-03-01 07:27:24,110 - INFO - 用户名填写完成
2026-03-01 07:27:24,166 - INFO - 密码填写完成
2026-03-01 07:27:24,166 - INFO - 查找验证码图片...
2026-03-01 07:27:24,184 - INFO - 找到验证码图片，开始截图...
2026-03-01 07:27:24,224 - INFO - 验证码图片截取成功
2026-03-01 07:27:24,225 - INFO - 验证码图片已保存到 /home/runner/work/nju_electric_monitor/nju_electric_monitor/src/../data/captcha_debug.png
2026-03-01 07:27:24,225 - INFO - 验证码识别（同一图片）尝试 1/3，外层 1/5
2026-03-01 07:27:24,225 - INFO - 开始使用 ddddocr 识别验证码...
2026-03-01 07:27:24,234 - INFO - ddddocr 最终验证码识别结果: PCET
2026-03-01 07:27:24,234 - INFO - 查找验证码输入框...
2026-03-01 07:27:24,279 - INFO - 通过 XPath 找到 1 个验证码候选输入框，使用第一个。
2026-03-01 07:27:24,324 - INFO - 验证码填写完成
2026-03-01 07:27:24,325 - INFO - 验证码填写完成，点击登录按钮...
2026-03-01 07:27:24,325 - INFO - 查找并点击登录按钮...
2026-03-01 07:27:24,344 - INFO - 通过 ID=login_submit 找到登录按钮
2026-03-01 07:27:24,719 - INFO - 已点击登录按钮
2026-03-01 07:27:31,780 - INFO - 检测到英文验证码错误提示: 'Verification code error \n\t\t\t\t\t\tVerification code error'
2026-03-01 07:27:31,780 - WARNING - 检测到验证码错误提示，将重新加载页面获取新验证码
2026-03-01 07:27:31,780 - INFO - 外层页面重试 2/5
2026-03-01 07:27:36,531 - INFO - 等待登录表单加载...
2026-03-01 07:27:36,537 - INFO - 登录表单已加载
2026-03-01 07:27:36,537 - INFO - 开始填写登录表单...
2026-03-01 07:27:36,595 - INFO - 用户名填写完成
2026-03-01 07:27:36,649 - INFO - 密码填写完成
2026-03-01 07:27:36,649 - INFO - 查找验证码图片...
2026-03-01 07:27:36,662 - INFO - 找到验证码图片，开始截图...
2026-03-01 07:27:36,705 - INFO - 验证码图片截取成功
2026-03-01 07:27:36,705 - INFO - 验证码图片已保存到 /home/runner/work/nju_electric_monitor/nju_electric_monitor/src/../data/captcha_debug.png
2026-03-01 07:27:36,706 - INFO - 验证码识别（同一图片）尝试 1/3，外层 2/5
2026-03-01 07:27:36,706 - INFO - 开始使用 ddddocr 识别验证码...
2026-03-01 07:27:36,712 - INFO - ddddocr 最终验证码识别结果: TJBG
2026-03-01 07:27:36,712 - INFO - 查找验证码输入框...
2026-03-01 07:27:36,750 - INFO - 通过 XPath 找到 1 个验证码候选输入框，使用第一个。
2026-03-01 07:27:36,797 - INFO - 验证码填写完成
2026-03-01 07:27:36,797 - INFO - 验证码填写完成，点击登录按钮...
2026-03-01 07:27:36,797 - INFO - 查找并点击登录按钮...
2026-03-01 07:27:36,814 - INFO - 通过 ID=login_submit 找到登录按钮
2026-03-01 07:27:36,848 - INFO - 已点击登录按钮
2026-03-01 07:27:43,889 - INFO - 检测到英文验证码错误提示: 'Verification code error \n\t\t\t\t\t\tVerification code error'
2026-03-01 07:27:43,889 - WARNING - 检测到验证码错误提示，将重新加载页面获取新验证码
2026-03-01 07:27:43,890 - INFO - 外层页面重试 3/5
2026-03-01 07:27:48,323 - INFO - 等待登录表单加载...
2026-03-01 07:27:48,329 - INFO - 登录表单已加载
2026-03-01 07:27:48,329 - INFO - 开始填写登录表单...
2026-03-01 07:27:48,387 - INFO - 用户名填写完成
2026-03-01 07:27:48,441 - INFO - 密码填写完成
2026-03-01 07:27:48,441 - INFO - 查找验证码图片...
2026-03-01 07:27:48,453 - INFO - 找到验证码图片，开始截图...
2026-03-01 07:27:48,487 - INFO - 验证码图片截取成功
2026-03-01 07:27:48,488 - INFO - 验证码图片已保存到 /home/runner/work/nju_electric_monitor/nju_electric_monitor/src/../data/captcha_debug.png
2026-03-01 07:27:48,488 - INFO - 验证码识别（同一图片）尝试 1/3，外层 3/5
2026-03-01 07:27:48,488 - INFO - 开始使用 ddddocr 识别验证码...
2026-03-01 07:27:48,494 - INFO - ddddocr 最终验证码识别结果: 5K8M
2026-03-01 07:27:48,494 - INFO - 查找验证码输入框...
2026-03-01 07:27:48,530 - INFO - 通过 XPath 找到 1 个验证码候选输入框，使用第一个。
2026-03-01 07:27:48,584 - INFO - 验证码填写完成
2026-03-01 07:27:48,585 - INFO - 验证码填写完成，点击登录按钮...
2026-03-01 07:27:48,585 - INFO - 查找并点击登录按钮...
2026-03-01 07:27:48,601 - INFO - 通过 ID=login_submit 找到登录按钮
2026-03-01 07:27:51,521 - INFO - 已点击登录按钮
2026-03-01 07:27:58,565 - INFO - 检测到英文验证码错误提示: 'Verification code error \n\t\t\t\t\t\tVerification code error'
2026-03-01 07:27:58,565 - WARNING - 检测到验证码错误提示，将重新加载页面获取新验证码
2026-03-01 07:27:58,565 - INFO - 外层页面重试 4/5
2026-03-01 07:28:03,330 - INFO - 等待登录表单加载...
2026-03-01 07:28:03,337 - INFO - 登录表单已加载
2026-03-01 07:28:03,337 - INFO - 开始填写登录表单...
2026-03-01 07:28:03,397 - INFO - 用户名填写完成
2026-03-01 07:28:03,452 - INFO - 密码填写完成
2026-03-01 07:28:03,452 - INFO - 查找验证码图片...
2026-03-01 07:28:03,464 - INFO - 找到验证码图片，开始截图...
2026-03-01 07:28:03,503 - INFO - 验证码图片截取成功
2026-03-01 07:28:03,504 - INFO - 验证码图片已保存到 /home/runner/work/nju_electric_monitor/nju_electric_monitor/src/../data/captcha_debug.png
2026-03-01 07:28:03,504 - INFO - 验证码识别（同一图片）尝试 1/3，外层 4/5
2026-03-01 07:28:03,504 - INFO - 开始使用 ddddocr 识别验证码...
2026-03-01 07:28:03,513 - INFO - ddddocr 返回长度为 3 的结果: 'JVC'，尝试截取前4位
2026-03-01 07:28:03,513 - INFO - 本次识别无有效结果，继续内层尝试
2026-03-01 07:28:03,513 - INFO - 验证码识别（同一图片）尝试 2/3，外层 4/5
2026-03-01 07:28:03,513 - INFO - 开始使用 ddddocr 识别验证码...
2026-03-01 07:28:03,521 - INFO - ddddocr 返回长度为 3 的结果: 'JVC'，尝试截取前4位
2026-03-01 07:28:03,521 - INFO - 本次识别无有效结果，继续内层尝试
2026-03-01 07:28:03,521 - INFO - 验证码识别（同一图片）尝试 3/3，外层 4/5
2026-03-01 07:28:03,521 - INFO - 开始使用 ddddocr 识别验证码...
2026-03-01 07:28:03,529 - INFO - ddddocr 返回长度为 3 的结果: 'JVC'，尝试截取前4位
2026-03-01 07:28:03,529 - INFO - 本次识别无有效结果，继续内层尝试
2026-03-01 07:28:03,529 - INFO - 外层页面重试 5/5
2026-03-01 07:28:08,459 - INFO - 等待登录表单加载...
2026-03-01 07:28:08,466 - INFO - 登录表单已加载
2026-03-01 07:28:08,466 - INFO - 开始填写登录表单...
2026-03-01 07:28:08,525 - INFO - 用户名填写完成
2026-03-01 07:28:08,580 - INFO - 密码填写完成
2026-03-01 07:28:08,580 - INFO - 查找验证码图片...
2026-03-01 07:28:08,592 - INFO - 找到验证码图片，开始截图...
2026-03-01 07:28:08,637 - INFO - 验证码图片截取成功
2026-03-01 07:28:08,638 - INFO - 验证码图片已保存到 /home/runner/work/nju_electric_monitor/nju_electric_monitor/src/../data/captcha_debug.png
2026-03-01 07:28:08,638 - INFO - 验证码识别（同一图片）尝试 1/3，外层 5/5
2026-03-01 07:28:08,638 - INFO - 开始使用 ddddocr 识别验证码...
2026-03-01 07:28:08,644 - INFO - ddddocr 最终验证码识别结果: E9GN
2026-03-01 07:28:08,644 - INFO - 查找验证码输入框...
2026-03-01 07:28:08,681 - INFO - 通过 XPath 找到 1 个验证码候选输入框，使用第一个。
2026-03-01 07:28:08,728 - INFO - 验证码填写完成
2026-03-01 07:28:08,728 - INFO - 验证码填写完成，点击登录按钮...
2026-03-01 07:28:08,728 - INFO - 查找并点击登录按钮...
2026-03-01 07:28:08,746 - INFO - 通过 ID=login_submit 找到登录按钮
2026-03-01 07:28:08,781 - INFO - 已点击登录按钮
2026-03-01 07:28:15,835 - INFO - 检测到英文验证码错误提示: 'Verification code error \n\t\t\t\t\t\tVerification code error'
2026-03-01 07:28:15,835 - WARNING - 检测到验证码错误提示，将重新加载页面获取新验证码
2026-03-01 07:28:15,835 - ERROR - 自动验证码识别失败，且当前为非交互环境，无法手动输入验证码，本次监控流程失败
2026-03-01 07:28:15,835 - ERROR - 验证码处理或登录过程失败
