2026-01-05 03:09:02,369 - INFO - Matplotlib 字体设置：使用回退字体列表，首选可用字体: Noto Sans CJK JP
2026-01-05 03:09:03,720 - INFO - 使用 ChromeDriver: /usr/bin/chromedriver
2026-01-05 03:09:03,720 - WARNING - Using CPU. Note: This module is much faster with a GPU.
2026-01-05 03:09:05,338 - INFO - OCR识别器初始化成功
2026-01-05 03:09:05,338 - INFO - 开始南京大学电费监控流程（自动无头模式）
2026-01-05 03:09:05,338 - INFO - 正在打开页面: https://epay.nju.edu.cn/epay/h5/nju/electric/index
2026-01-05 03:09:13,932 - INFO - 等待登录表单加载...
2026-01-05 03:09:13,942 - INFO - 登录表单已加载
2026-01-05 03:09:13,942 - INFO - 开始填写登录表单...
2026-01-05 03:09:14,004 - INFO - 用户名填写完成
2026-01-05 03:09:14,072 - INFO - 密码填写完成
2026-01-05 03:09:14,072 - INFO - 检查是否有验证码...
2026-01-05 03:09:14,072 - INFO - 查找验证码图片...
2026-01-05 03:09:14,093 - INFO - 找到验证码图片，开始截图...
2026-01-05 03:09:14,154 - INFO - 验证码图片截取成功
2026-01-05 03:09:14,154 - INFO - 开始填写登录表单...
2026-01-05 03:09:14,217 - INFO - 用户名填写完成
2026-01-05 03:09:14,274 - INFO - 密码填写完成
2026-01-05 03:09:14,275 - INFO - 验证码图片已保存到 /home/runner/work/nju_electric_monitor/nju_electric_monitor/src/../data/captcha_debug.png
2026-01-05 03:09:14,275 - INFO - 验证码识别尝试 1/30
2026-01-05 03:09:14,275 - INFO - 开始识别验证码...（easyocr + pytesseract）
2026-01-05 03:09:14,393 - INFO - easyocr 结果: ['2aPn(0.96)']
2026-01-05 03:09:14,571 - INFO - tesseract 结果: 2aPn
2026-01-05 03:09:14,641 - INFO - easyocr alt1 结果: ['2aPn(0.96)']
2026-01-05 03:09:14,721 - INFO - tesseract alt1 结果: 2aPn
2026-01-05 03:09:14,784 - INFO - easyocr alt2 结果: ['2aPn(0.97)']
2026-01-05 03:09:14,862 - INFO - tesseract alt2 结果: 2aPn
2026-01-05 03:09:15,008 - INFO - easyocr alt3 结果: ['2aPn(0.96)']
2026-01-05 03:09:15,103 - INFO - tesseract alt3 结果: 2aPn
2026-01-05 03:09:15,162 - INFO - easyocr alt4 结果: ['2aPn(0.97)']
2026-01-05 03:09:15,240 - INFO - tesseract alt4 结果: 2aPn
2026-01-05 03:09:15,296 - INFO - easyocr alt5 结果: ['2aP(0.94)']
2026-01-05 03:09:15,375 - INFO - tesseract alt5 结果: 2aPn
2026-01-05 03:09:15,375 - INFO - 最终验证码识别结果: 2aPn (engine=easyocr_alt4, prob=0.9720661044120789)
2026-01-05 03:09:15,375 - INFO - 查找验证码输入框...
2026-01-05 03:09:15,433 - INFO - 验证码填写完成
2026-01-05 03:09:15,433 - INFO - 验证码填写完成，点击登录按钮...
2026-01-05 03:09:15,433 - INFO - 查找并点击登录按钮...
2026-01-05 03:09:19,458 - INFO - 已点击登录按钮
2026-01-05 03:09:26,468 - INFO - 未检测到无效验证码提示，验证码通过
2026-01-05 03:09:26,468 - INFO - 查找并点击登录按钮...
2026-01-05 03:09:26,474 - ERROR - 未找到登录按钮
2026-01-05 03:09:26,474 - ERROR - 点击登录按钮失败
2026-01-05 03:09:26,474 - INFO - 等待登录成功...
2026-01-05 03:09:31,484 - INFO - 登录可能成功，继续下一步...
2026-01-05 03:09:31,484 - INFO - 查找'去充值'按钮...
2026-01-05 03:09:33,029 - INFO - 已点击充值按钮
2026-01-05 03:09:36,030 - INFO - 开始提取剩余电量信息...
2026-01-05 03:09:36,034 - INFO - 页面源码已保存到 /home/runner/work/nju_electric_monitor/nju_electric_monitor/src/../data/debug_page_source.html
2026-01-05 03:09:36,052 - INFO - 找到电量信息元素: 持卡人姓名：吴相民
2026-01-05 03:09:36,052 - WARNING - 未在元素中找到标准格式的电量信息
2026-01-05 03:09:36,065 - INFO - 找到i标签中的电量信息: 吴相民
2026-01-05 03:09:36,065 - WARNING - i标签中未找到标准格式的电量信息
2026-01-05 03:09:36,065 - WARNING - 未找到i标签中的电量信息
2026-01-05 03:09:36,068 - INFO - 在页面源码中查找电量信息...
2026-01-05 03:09:36,068 - INFO - 从页面源码中提取到剩余电量: 172.08 度
2026-01-05 03:09:36,088 - INFO - 数据已保存: 172.08 度
2026-01-05 03:09:36,376 - INFO - 电量变化曲线图已保存到: /home/runner/work/nju_electric_monitor/nju_electric_monitor/src/../data/electricity_trend.png
2026-01-05 03:09:36,600 - INFO - 最近20次电量变化曲线图已保存到: /home/runner/work/nju_electric_monitor/nju_electric_monitor/src/../data/recent_20_changes.png
2026-01-05 03:09:36,600 - INFO - 监控流程完成
