2025-12-17 02:47:36,970 - INFO - Matplotlib 字体设置：使用回退字体列表，首选可用字体: Noto Sans CJK JP
2025-12-17 02:47:38,227 - INFO - 使用 ChromeDriver: /usr/bin/chromedriver
2025-12-17 02:47:38,227 - WARNING - Using CPU. Note: This module is much faster with a GPU.
2025-12-17 02:47:39,837 - INFO - OCR识别器初始化成功
2025-12-17 02:47:39,837 - INFO - 开始南京大学电费监控流程（自动无头模式）
2025-12-17 02:47:39,837 - INFO - 正在打开页面: https://epay.nju.edu.cn/epay/h5/nju/electric/index
2025-12-17 02:47:50,496 - INFO - 等待登录表单加载...
2025-12-17 02:47:50,506 - INFO - 登录表单已加载
2025-12-17 02:47:50,506 - INFO - 开始填写登录表单...
2025-12-17 02:47:50,573 - INFO - 用户名填写完成
2025-12-17 02:47:50,643 - INFO - 密码填写完成
2025-12-17 02:47:50,644 - INFO - 检查是否有验证码...
2025-12-17 02:47:50,644 - INFO - 查找验证码图片...
2025-12-17 02:47:50,662 - INFO - 找到验证码图片，开始截图...
2025-12-17 02:47:50,722 - INFO - 验证码图片截取成功
2025-12-17 02:47:50,722 - INFO - 开始填写登录表单...
2025-12-17 02:47:50,785 - INFO - 用户名填写完成
2025-12-17 02:47:50,845 - INFO - 密码填写完成
2025-12-17 02:47:50,846 - INFO - 验证码图片已保存到 /home/runner/work/nju_electric_monitor/nju_electric_monitor/src/../data/captcha_debug.png
2025-12-17 02:47:50,846 - INFO - 验证码识别尝试 1/30
2025-12-17 02:47:50,846 - INFO - 开始识别验证码...（easyocr + pytesseract）
2025-12-17 02:47:50,976 - INFO - easyocr 结果: ['YHFE(0.96)']
2025-12-17 02:47:51,192 - INFO - tesseract 结果: YHFE
2025-12-17 02:47:51,255 - INFO - easyocr alt1 结果: ['YHFE(0.99)']
2025-12-17 02:47:51,349 - INFO - tesseract alt1 结果: YHFE
2025-12-17 02:47:51,408 - INFO - easyocr alt2 结果: ['YHFE(0.99)']
2025-12-17 02:47:51,505 - INFO - tesseract alt2 结果: YHEE
2025-12-17 02:47:51,663 - INFO - easyocr alt3 结果: ['YHFE(0.96)']
2025-12-17 02:47:51,771 - INFO - tesseract alt3 结果: YHEE
2025-12-17 02:47:51,837 - INFO - easyocr alt4 结果: ['YHFE(0.98)']
2025-12-17 02:47:51,932 - INFO - tesseract alt4 结果: YHEE
2025-12-17 02:47:51,990 - INFO - easyocr alt5 结果: ['YHFE(0.98)']
2025-12-17 02:47:52,083 - INFO - tesseract alt5 结果: YHEE
2025-12-17 02:47:52,084 - INFO - 最终验证码识别结果: YHFE (engine=easyocr_alt1, prob=0.9943559169769287)
2025-12-17 02:47:52,084 - INFO - 查找验证码输入框...
2025-12-17 02:47:52,141 - INFO - 验证码填写完成
2025-12-17 02:47:52,141 - INFO - 验证码填写完成，点击登录按钮...
2025-12-17 02:47:52,141 - INFO - 查找并点击登录按钮...
2025-12-17 02:47:55,980 - INFO - 已点击登录按钮
2025-12-17 02:48:02,991 - INFO - 未检测到无效验证码提示，验证码通过
2025-12-17 02:48:02,991 - INFO - 查找并点击登录按钮...
2025-12-17 02:48:02,996 - ERROR - 未找到登录按钮
2025-12-17 02:48:02,996 - ERROR - 点击登录按钮失败
2025-12-17 02:48:02,996 - INFO - 等待登录成功...
2025-12-17 02:48:08,001 - INFO - 登录可能成功，继续下一步...
2025-12-17 02:48:08,001 - INFO - 查找'去充值'按钮...
2025-12-17 02:48:09,716 - INFO - 已点击充值按钮
2025-12-17 02:48:12,716 - INFO - 开始提取剩余电量信息...
2025-12-17 02:48:12,720 - INFO - 页面源码已保存到 /home/runner/work/nju_electric_monitor/nju_electric_monitor/src/../data/debug_page_source.html
2025-12-17 02:48:12,738 - INFO - 找到电量信息元素: 持卡人姓名：***
2025-12-17 02:48:12,738 - WARNING - 未在元素中找到标准格式的电量信息
2025-12-17 02:48:12,751 - INFO - 找到i标签中的电量信息: 吴相民
2025-12-17 02:48:12,751 - WARNING - i标签中未找到标准格式的电量信息
2025-12-17 02:48:12,751 - WARNING - 未找到i标签中的电量信息
2025-12-17 02:48:12,754 - INFO - 在页面源码中查找电量信息...
2025-12-17 02:48:12,754 - INFO - 从页面源码中提取到剩余电量: 271.73 度
2025-12-17 02:48:12,779 - INFO - 数据已保存: 271.73 度
2025-12-17 02:48:13,086 - INFO - 电量变化曲线图已保存到: /home/runner/work/nju_electric_monitor/nju_electric_monitor/src/../data/electricity_trend.png
2025-12-17 02:48:13,342 - INFO - 最近20次电量变化曲线图已保存到: /home/runner/work/nju_electric_monitor/nju_electric_monitor/src/../data/recent_20_changes.png
2025-12-17 02:48:13,343 - INFO - 监控流程完成
