2026-02-17 14:04:14,146 - INFO - Matplotlib 字体设置：使用回退字体列表，首选可用字体: Noto Sans CJK JP
2026-02-17 14:04:16,163 - INFO - 使用 ChromeDriver: /usr/bin/chromedriver
2026-02-17 14:04:16,163 - WARNING - Using CPU. Note: This module is much faster with a GPU.
2026-02-17 14:04:17,645 - INFO - OCR识别器初始化成功
2026-02-17 14:04:17,645 - INFO - 开始南京大学电费监控流程（自动无头模式）
2026-02-17 14:04:17,645 - INFO - 正在打开页面: https://epay.nju.edu.cn/epay/h5/nju/electric/index
2026-02-17 14:04:27,101 - INFO - 等待登录表单加载...
2026-02-17 14:04:27,113 - INFO - 登录表单已加载
2026-02-17 14:04:27,113 - INFO - 开始填写登录表单...
2026-02-17 14:04:27,202 - INFO - 用户名填写完成
2026-02-17 14:04:27,279 - INFO - 密码填写完成
2026-02-17 14:04:27,279 - INFO - 检查是否有验证码...
2026-02-17 14:04:27,279 - INFO - 查找验证码图片...
2026-02-17 14:04:27,302 - INFO - 找到验证码图片，开始截图...
2026-02-17 14:04:27,361 - INFO - 验证码图片截取成功
2026-02-17 14:04:27,361 - INFO - 开始填写登录表单...
2026-02-17 14:04:27,434 - INFO - 用户名填写完成
2026-02-17 14:04:27,509 - INFO - 密码填写完成
2026-02-17 14:04:27,519 - INFO - 验证码图片已保存到 /home/runner/work/nju_electric_monitor/nju_electric_monitor/src/../data/captcha_debug.png
2026-02-17 14:04:27,519 - INFO - 验证码识别尝试 1/30
2026-02-17 14:04:27,519 - INFO - 开始识别验证码...（easyocr + pytesseract）
2026-02-17 14:04:27,639 - INFO - easyocr 结果: ['IN(0.00)']
2026-02-17 14:04:27,842 - INFO - tesseract 结果: yKKM
2026-02-17 14:04:27,914 - INFO - easyocr alt1 结果: ['H(0.00)']
2026-02-17 14:04:28,019 - INFO - tesseract alt1 结果: yaKM
2026-02-17 14:04:28,085 - INFO - easyocr alt2 结果: ['HN(0.00)']
2026-02-17 14:04:28,192 - INFO - tesseract alt2 结果: yaKM
2026-02-17 14:04:28,385 - INFO - easyocr alt3 结果: ['x(0.00)']
2026-02-17 14:04:28,504 - INFO - tesseract alt3 结果: yak
2026-02-17 14:04:28,572 - INFO - easyocr alt4 结果: ['HM(0.00)']
2026-02-17 14:04:28,679 - INFO - tesseract alt4 结果: yKKM
2026-02-17 14:04:28,760 - INFO - easyocr alt5 结果: ['s(0.00)']
2026-02-17 14:04:28,869 - INFO - tesseract alt5 结果: yaKM
2026-02-17 14:04:28,869 - INFO - 最终验证码识别结果: yKKM (engine=tesseract, prob=0.5)
2026-02-17 14:04:28,869 - INFO - 查找验证码输入框...
2026-02-17 14:04:28,880 - ERROR - 未找到验证码输入框
2026-02-17 14:04:28,880 - WARNING - 验证码填写失败
2026-02-17 14:04:28,880 - INFO - 开始填写登录表单...
2026-02-17 14:04:28,947 - INFO - 用户名填写完成
2026-02-17 14:04:29,015 - INFO - 密码填写完成
2026-02-17 14:04:29,016 - INFO - 验证码图片已保存到 /home/runner/work/nju_electric_monitor/nju_electric_monitor/src/../data/captcha_debug.png
2026-02-17 14:04:29,016 - INFO - 验证码识别尝试 2/30
2026-02-17 14:04:29,016 - INFO - 开始识别验证码...（easyocr + pytesseract）
2026-02-17 14:04:29,124 - INFO - easyocr 结果: ['IN(0.00)']
2026-02-17 14:04:29,235 - INFO - tesseract 结果: yKKM
2026-02-17 14:04:29,310 - INFO - easyocr alt1 结果: ['H(0.00)']
2026-02-17 14:04:29,416 - INFO - tesseract alt1 结果: yaKM
2026-02-17 14:04:29,487 - INFO - easyocr alt2 结果: ['HN(0.00)']
2026-02-17 14:04:29,592 - INFO - tesseract alt2 结果: yaKM
2026-02-17 14:04:29,761 - INFO - easyocr alt3 结果: ['x(0.00)']
2026-02-17 14:04:29,877 - INFO - tesseract alt3 结果: yak
2026-02-17 14:04:29,945 - INFO - easyocr alt4 结果: ['HM(0.00)']
2026-02-17 14:04:30,051 - INFO - tesseract alt4 结果: yKKM
2026-02-17 14:04:30,128 - INFO - easyocr alt5 结果: ['s(0.00)']
2026-02-17 14:04:30,232 - INFO - tesseract alt5 结果: yaKM
2026-02-17 14:04:30,232 - INFO - 最终验证码识别结果: yKKM (engine=tesseract, prob=0.5)
2026-02-17 14:04:30,232 - INFO - 查找验证码输入框...
2026-02-17 14:04:30,239 - ERROR - 未找到验证码输入框
2026-02-17 14:04:30,239 - WARNING - 验证码填写失败
2026-02-17 14:04:30,240 - INFO - 开始填写登录表单...
2026-02-17 14:04:30,305 - INFO - 用户名填写完成
2026-02-17 14:04:30,373 - INFO - 密码填写完成
2026-02-17 14:04:30,374 - INFO - 验证码图片已保存到 /home/runner/work/nju_electric_monitor/nju_electric_monitor/src/../data/captcha_debug.png
2026-02-17 14:04:30,374 - INFO - 验证码识别尝试 3/30
2026-02-17 14:04:30,374 - INFO - 开始识别验证码...（easyocr + pytesseract）
2026-02-17 14:04:30,471 - INFO - easyocr 结果: ['IN(0.00)']
2026-02-17 14:04:30,574 - INFO - tesseract 结果: yKKM
2026-02-17 14:04:30,642 - INFO - easyocr alt1 结果: ['H(0.00)']
2026-02-17 14:04:30,749 - INFO - tesseract alt1 结果: yaKM
2026-02-17 14:04:30,815 - INFO - easyocr alt2 结果: ['HN(0.00)']
2026-02-17 14:04:30,919 - INFO - tesseract alt2 结果: yaKM
2026-02-17 14:04:31,089 - INFO - easyocr alt3 结果: ['x(0.00)']
2026-02-17 14:04:31,209 - INFO - tesseract alt3 结果: yak
2026-02-17 14:04:31,277 - INFO - easyocr alt4 结果: ['HM(0.00)']
2026-02-17 14:04:31,384 - INFO - tesseract alt4 结果: yKKM
2026-02-17 14:04:31,452 - INFO - easyocr alt5 结果: ['s(0.00)']
2026-02-17 14:04:31,555 - INFO - tesseract alt5 结果: yaKM
2026-02-17 14:04:31,555 - INFO - 最终验证码识别结果: yKKM (engine=tesseract, prob=0.5)
2026-02-17 14:04:31,555 - INFO - 查找验证码输入框...
2026-02-17 14:04:31,562 - ERROR - 未找到验证码输入框
2026-02-17 14:04:31,563 - WARNING - 验证码填写失败
2026-02-17 14:04:31,563 - INFO - 开始填写登录表单...
2026-02-17 14:04:31,630 - INFO - 用户名填写完成
2026-02-17 14:04:31,703 - INFO - 密码填写完成
2026-02-17 14:04:31,704 - INFO - 验证码图片已保存到 /home/runner/work/nju_electric_monitor/nju_electric_monitor/src/../data/captcha_debug.png
2026-02-17 14:04:31,704 - INFO - 验证码识别尝试 4/30
2026-02-17 14:04:31,704 - INFO - 开始识别验证码...（easyocr + pytesseract）
2026-02-17 14:04:31,801 - INFO - easyocr 结果: ['IN(0.00)']
2026-02-17 14:04:31,910 - INFO - tesseract 结果: yKKM
2026-02-17 14:04:31,978 - INFO - easyocr alt1 结果: ['H(0.00)']
2026-02-17 14:04:32,082 - INFO - tesseract alt1 结果: yaKM
2026-02-17 14:04:32,151 - INFO - easyocr alt2 结果: ['HN(0.00)']
2026-02-17 14:04:32,254 - INFO - tesseract alt2 结果: yaKM
2026-02-17 14:04:32,423 - INFO - easyocr alt3 结果: ['x(0.00)']
2026-02-17 14:04:32,541 - INFO - tesseract alt3 结果: yak
2026-02-17 14:04:32,616 - INFO - easyocr alt4 结果: ['HM(0.00)']
2026-02-17 14:04:32,722 - INFO - tesseract alt4 结果: yKKM
2026-02-17 14:04:32,791 - INFO - easyocr alt5 结果: ['s(0.00)']
2026-02-17 14:04:32,892 - INFO - tesseract alt5 结果: yaKM
2026-02-17 14:04:32,892 - INFO - 最终验证码识别结果: yKKM (engine=tesseract, prob=0.5)
2026-02-17 14:04:32,892 - INFO - 查找验证码输入框...
2026-02-17 14:04:32,900 - ERROR - 未找到验证码输入框
2026-02-17 14:04:32,900 - WARNING - 验证码填写失败
2026-02-17 14:04:32,900 - INFO - 开始填写登录表单...
2026-02-17 14:04:32,966 - INFO - 用户名填写完成
2026-02-17 14:04:33,033 - INFO - 密码填写完成
2026-02-17 14:04:33,034 - INFO - 验证码图片已保存到 /home/runner/work/nju_electric_monitor/nju_electric_monitor/src/../data/captcha_debug.png
2026-02-17 14:04:33,034 - INFO - 验证码识别尝试 5/30
2026-02-17 14:04:33,034 - INFO - 开始识别验证码...（easyocr + pytesseract）
2026-02-17 14:04:33,132 - INFO - easyocr 结果: ['IN(0.00)']
2026-02-17 14:04:33,235 - INFO - tesseract 结果: yKKM
2026-02-17 14:04:33,302 - INFO - easyocr alt1 结果: ['H(0.00)']
2026-02-17 14:04:33,405 - INFO - tesseract alt1 结果: yaKM
2026-02-17 14:04:33,471 - INFO - easyocr alt2 结果: ['HN(0.00)']
2026-02-17 14:04:33,576 - INFO - tesseract alt2 结果: yaKM
2026-02-17 14:04:33,745 - INFO - easyocr alt3 结果: ['x(0.00)']
2026-02-17 14:04:33,865 - INFO - tesseract alt3 结果: yak
2026-02-17 14:04:33,934 - INFO - easyocr alt4 结果: ['HM(0.00)']
2026-02-17 14:04:34,047 - INFO - tesseract alt4 结果: yKKM
2026-02-17 14:04:34,125 - INFO - easyocr alt5 结果: ['s(0.00)']
2026-02-17 14:04:34,228 - INFO - tesseract alt5 结果: yaKM
2026-02-17 14:04:34,229 - INFO - 最终验证码识别结果: yKKM (engine=tesseract, prob=0.5)
2026-02-17 14:04:34,229 - INFO - 查找验证码输入框...
2026-02-17 14:04:34,236 - ERROR - 未找到验证码输入框
2026-02-17 14:04:34,236 - WARNING - 验证码填写失败
2026-02-17 14:04:34,236 - INFO - 开始填写登录表单...
2026-02-17 14:04:34,303 - INFO - 用户名填写完成
2026-02-17 14:04:34,369 - INFO - 密码填写完成
2026-02-17 14:04:34,370 - INFO - 验证码图片已保存到 /home/runner/work/nju_electric_monitor/nju_electric_monitor/src/../data/captcha_debug.png
2026-02-17 14:04:34,370 - INFO - 验证码识别尝试 6/30
2026-02-17 14:04:34,370 - INFO - 开始识别验证码...（easyocr + pytesseract）
2026-02-17 14:04:34,475 - INFO - easyocr 结果: ['IN(0.00)']
2026-02-17 14:04:34,581 - INFO - tesseract 结果: yKKM
2026-02-17 14:04:34,649 - INFO - easyocr alt1 结果: ['H(0.00)']
2026-02-17 14:04:34,755 - INFO - tesseract alt1 结果: yaKM
2026-02-17 14:04:34,823 - INFO - easyocr alt2 结果: ['HN(0.00)']
2026-02-17 14:04:34,928 - INFO - tesseract alt2 结果: yaKM
2026-02-17 14:04:35,097 - INFO - easyocr alt3 结果: ['x(0.00)']
2026-02-17 14:04:35,221 - INFO - tesseract alt3 结果: yak
2026-02-17 14:04:35,294 - INFO - easyocr alt4 结果: ['HM(0.00)']
2026-02-17 14:04:35,400 - INFO - tesseract alt4 结果: yKKM
2026-02-17 14:04:35,471 - INFO - easyocr alt5 结果: ['s(0.00)']
2026-02-17 14:04:35,575 - INFO - tesseract alt5 结果: yaKM
2026-02-17 14:04:35,575 - INFO - 最终验证码识别结果: yKKM (engine=tesseract, prob=0.5)
2026-02-17 14:04:35,575 - INFO - 查找验证码输入框...
2026-02-17 14:04:35,582 - ERROR - 未找到验证码输入框
2026-02-17 14:04:35,582 - WARNING - 验证码填写失败
2026-02-17 14:04:35,583 - INFO - 开始填写登录表单...
2026-02-17 14:04:35,650 - INFO - 用户名填写完成
2026-02-17 14:04:35,719 - INFO - 密码填写完成
2026-02-17 14:04:35,720 - INFO - 验证码图片已保存到 /home/runner/work/nju_electric_monitor/nju_electric_monitor/src/../data/captcha_debug.png
2026-02-17 14:04:35,720 - INFO - 验证码识别尝试 7/30
2026-02-17 14:04:35,720 - INFO - 开始识别验证码...（easyocr + pytesseract）
2026-02-17 14:04:35,820 - INFO - easyocr 结果: ['IN(0.00)']
2026-02-17 14:04:35,922 - INFO - tesseract 结果: yKKM
2026-02-17 14:04:35,990 - INFO - easyocr alt1 结果: ['H(0.00)']
2026-02-17 14:04:36,102 - INFO - tesseract alt1 结果: yaKM
2026-02-17 14:04:36,177 - INFO - easyocr alt2 结果: ['HN(0.00)']
2026-02-17 14:04:36,285 - INFO - tesseract alt2 结果: yaKM
2026-02-17 14:04:36,453 - INFO - easyocr alt3 结果: ['x(0.00)']
2026-02-17 14:04:36,572 - INFO - tesseract alt3 结果: yak
2026-02-17 14:04:36,638 - INFO - easyocr alt4 结果: ['HM(0.00)']
2026-02-17 14:04:36,745 - INFO - tesseract alt4 结果: yKKM
2026-02-17 14:04:36,821 - INFO - easyocr alt5 结果: ['s(0.00)']
2026-02-17 14:04:36,925 - INFO - tesseract alt5 结果: yaKM
2026-02-17 14:04:36,925 - INFO - 最终验证码识别结果: yKKM (engine=tesseract, prob=0.5)
2026-02-17 14:04:36,925 - INFO - 查找验证码输入框...
2026-02-17 14:04:36,932 - ERROR - 未找到验证码输入框
2026-02-17 14:04:36,933 - WARNING - 验证码填写失败
2026-02-17 14:04:36,933 - INFO - 开始填写登录表单...
2026-02-17 14:04:36,999 - INFO - 用户名填写完成
2026-02-17 14:04:37,068 - INFO - 密码填写完成
2026-02-17 14:04:37,069 - INFO - 验证码图片已保存到 /home/runner/work/nju_electric_monitor/nju_electric_monitor/src/../data/captcha_debug.png
2026-02-17 14:04:37,069 - INFO - 验证码识别尝试 8/30
2026-02-17 14:04:37,069 - INFO - 开始识别验证码...（easyocr + pytesseract）
2026-02-17 14:04:37,166 - INFO - easyocr 结果: ['IN(0.00)']
2026-02-17 14:04:37,269 - INFO - tesseract 结果: yKKM
2026-02-17 14:04:37,338 - INFO - easyocr alt1 结果: ['H(0.00)']
2026-02-17 14:04:37,443 - INFO - tesseract alt1 结果: yaKM
2026-02-17 14:04:37,511 - INFO - easyocr alt2 结果: ['HN(0.00)']
2026-02-17 14:04:37,621 - INFO - tesseract alt2 结果: yaKM
2026-02-17 14:04:37,791 - INFO - easyocr alt3 结果: ['x(0.00)']
2026-02-17 14:04:37,907 - INFO - tesseract alt3 结果: yak
2026-02-17 14:04:37,975 - INFO - easyocr alt4 结果: ['HM(0.00)']
2026-02-17 14:04:38,083 - INFO - tesseract alt4 结果: yKKM
2026-02-17 14:04:38,151 - INFO - easyocr alt5 结果: ['s(0.00)']
2026-02-17 14:04:38,256 - INFO - tesseract alt5 结果: yaKM
2026-02-17 14:04:38,256 - INFO - 最终验证码识别结果: yKKM (engine=tesseract, prob=0.5)
2026-02-17 14:04:38,256 - INFO - 查找验证码输入框...
2026-02-17 14:04:38,264 - ERROR - 未找到验证码输入框
2026-02-17 14:04:38,264 - WARNING - 验证码填写失败
2026-02-17 14:04:38,264 - INFO - 开始填写登录表单...
2026-02-17 14:04:38,329 - INFO - 用户名填写完成
2026-02-17 14:04:38,397 - INFO - 密码填写完成
2026-02-17 14:04:38,397 - INFO - 验证码图片已保存到 /home/runner/work/nju_electric_monitor/nju_electric_monitor/src/../data/captcha_debug.png
2026-02-17 14:04:38,397 - INFO - 验证码识别尝试 9/30
2026-02-17 14:04:38,397 - INFO - 开始识别验证码...（easyocr + pytesseract）
2026-02-17 14:04:38,496 - INFO - easyocr 结果: ['IN(0.00)']
2026-02-17 14:04:38,599 - INFO - tesseract 结果: yKKM
2026-02-17 14:04:38,667 - INFO - easyocr alt1 结果: ['H(0.00)']
2026-02-17 14:04:38,775 - INFO - tesseract alt1 结果: yaKM
2026-02-17 14:04:38,842 - INFO - easyocr alt2 结果: ['HN(0.00)']
2026-02-17 14:04:38,946 - INFO - tesseract alt2 结果: yaKM
2026-02-17 14:04:39,113 - INFO - easyocr alt3 结果: ['x(0.00)']
2026-02-17 14:04:39,236 - INFO - tesseract alt3 结果: yak
2026-02-17 14:04:39,301 - INFO - easyocr alt4 结果: ['HM(0.00)']
2026-02-17 14:04:39,405 - INFO - tesseract alt4 结果: yKKM
2026-02-17 14:04:39,472 - INFO - easyocr alt5 结果: ['s(0.00)']
2026-02-17 14:04:39,572 - INFO - tesseract alt5 结果: yaKM
2026-02-17 14:04:39,572 - INFO - 最终验证码识别结果: yKKM (engine=tesseract, prob=0.5)
2026-02-17 14:04:39,572 - INFO - 查找验证码输入框...
2026-02-17 14:04:39,579 - ERROR - 未找到验证码输入框
2026-02-17 14:04:39,579 - WARNING - 验证码填写失败
2026-02-17 14:04:39,580 - INFO - 开始填写登录表单...
2026-02-17 14:04:39,646 - INFO - 用户名填写完成
2026-02-17 14:04:39,713 - INFO - 密码填写完成
2026-02-17 14:04:39,714 - INFO - 验证码图片已保存到 /home/runner/work/nju_electric_monitor/nju_electric_monitor/src/../data/captcha_debug.png
2026-02-17 14:04:39,714 - INFO - 验证码识别尝试 10/30
2026-02-17 14:04:39,714 - INFO - 开始识别验证码...（easyocr + pytesseract）
2026-02-17 14:04:39,810 - INFO - easyocr 结果: ['IN(0.00)']
2026-02-17 14:04:39,913 - INFO - tesseract 结果: yKKM
2026-02-17 14:04:39,980 - INFO - easyocr alt1 结果: ['H(0.00)']
2026-02-17 14:04:40,087 - INFO - tesseract alt1 结果: yaKM
2026-02-17 14:04:40,163 - INFO - easyocr alt2 结果: ['HN(0.00)']
2026-02-17 14:04:40,272 - INFO - tesseract alt2 结果: yaKM
2026-02-17 14:04:40,442 - INFO - easyocr alt3 结果: ['x(0.00)']
2026-02-17 14:04:40,562 - INFO - tesseract alt3 结果: yak
2026-02-17 14:04:40,632 - INFO - easyocr alt4 结果: ['HM(0.00)']
2026-02-17 14:04:40,738 - INFO - tesseract alt4 结果: yKKM
2026-02-17 14:04:40,807 - INFO - easyocr alt5 结果: ['s(0.00)']
2026-02-17 14:04:40,911 - INFO - tesseract alt5 结果: yaKM
2026-02-17 14:04:40,912 - INFO - 最终验证码识别结果: yKKM (engine=tesseract, prob=0.5)
2026-02-17 14:04:40,912 - INFO - 查找验证码输入框...
2026-02-17 14:04:40,919 - ERROR - 未找到验证码输入框
2026-02-17 14:04:40,919 - WARNING - 验证码填写失败
2026-02-17 14:04:40,919 - INFO - 开始填写登录表单...
2026-02-17 14:04:40,986 - INFO - 用户名填写完成
2026-02-17 14:04:41,056 - INFO - 密码填写完成
2026-02-17 14:04:41,057 - INFO - 验证码图片已保存到 /home/runner/work/nju_electric_monitor/nju_electric_monitor/src/../data/captcha_debug.png
2026-02-17 14:04:41,057 - INFO - 验证码识别尝试 11/30
2026-02-17 14:04:41,057 - INFO - 开始识别验证码...（easyocr + pytesseract）
2026-02-17 14:04:41,157 - INFO - easyocr 结果: ['IN(0.00)']
2026-02-17 14:04:41,266 - INFO - tesseract 结果: yKKM
2026-02-17 14:04:41,335 - INFO - easyocr alt1 结果: ['H(0.00)']
2026-02-17 14:04:41,440 - INFO - tesseract alt1 结果: yaKM
2026-02-17 14:04:41,509 - INFO - easyocr alt2 结果: ['HN(0.00)']
2026-02-17 14:04:41,617 - INFO - tesseract alt2 结果: yaKM
2026-02-17 14:04:41,786 - INFO - easyocr alt3 结果: ['x(0.00)']
2026-02-17 14:04:41,905 - INFO - tesseract alt3 结果: yak
2026-02-17 14:04:41,973 - INFO - easyocr alt4 结果: ['HM(0.00)']
2026-02-17 14:04:42,079 - INFO - tesseract alt4 结果: yKKM
2026-02-17 14:04:42,146 - INFO - easyocr alt5 结果: ['s(0.00)']
2026-02-17 14:04:42,247 - INFO - tesseract alt5 结果: yaKM
2026-02-17 14:04:42,247 - INFO - 最终验证码识别结果: yKKM (engine=tesseract, prob=0.5)
2026-02-17 14:04:42,248 - INFO - 查找验证码输入框...
2026-02-17 14:04:42,255 - ERROR - 未找到验证码输入框
2026-02-17 14:04:42,255 - WARNING - 验证码填写失败
2026-02-17 14:04:42,255 - INFO - 开始填写登录表单...
2026-02-17 14:04:42,321 - INFO - 用户名填写完成
2026-02-17 14:04:42,388 - INFO - 密码填写完成
2026-02-17 14:04:42,389 - INFO - 验证码图片已保存到 /home/runner/work/nju_electric_monitor/nju_electric_monitor/src/../data/captcha_debug.png
2026-02-17 14:04:42,389 - INFO - 验证码识别尝试 12/30
2026-02-17 14:04:42,389 - INFO - 开始识别验证码...（easyocr + pytesseract）
2026-02-17 14:04:42,499 - INFO - easyocr 结果: ['IN(0.00)']
2026-02-17 14:04:42,604 - INFO - tesseract 结果: yKKM
2026-02-17 14:04:42,671 - INFO - easyocr alt1 结果: ['H(0.00)']
2026-02-17 14:04:42,776 - INFO - tesseract alt1 结果: yaKM
2026-02-17 14:04:42,843 - INFO - easyocr alt2 结果: ['HN(0.00)']
2026-02-17 14:04:42,947 - INFO - tesseract alt2 结果: yaKM
2026-02-17 14:04:43,114 - INFO - easyocr alt3 结果: ['x(0.00)']
2026-02-17 14:04:43,232 - INFO - tesseract alt3 结果: yak
2026-02-17 14:04:43,300 - INFO - easyocr alt4 结果: ['HM(0.00)']
2026-02-17 14:04:43,410 - INFO - tesseract alt4 结果: yKKM
2026-02-17 14:04:43,479 - INFO - easyocr alt5 结果: ['s(0.00)']
2026-02-17 14:04:43,583 - INFO - tesseract alt5 结果: yaKM
2026-02-17 14:04:43,583 - INFO - 最终验证码识别结果: yKKM (engine=tesseract, prob=0.5)
2026-02-17 14:04:43,583 - INFO - 查找验证码输入框...
2026-02-17 14:04:43,590 - ERROR - 未找到验证码输入框
2026-02-17 14:04:43,591 - WARNING - 验证码填写失败
2026-02-17 14:04:43,591 - INFO - 开始填写登录表单...
2026-02-17 14:04:43,659 - INFO - 用户名填写完成
2026-02-17 14:04:43,728 - INFO - 密码填写完成
2026-02-17 14:04:43,729 - INFO - 验证码图片已保存到 /home/runner/work/nju_electric_monitor/nju_electric_monitor/src/../data/captcha_debug.png
2026-02-17 14:04:43,729 - INFO - 验证码识别尝试 13/30
2026-02-17 14:04:43,729 - INFO - 开始识别验证码...（easyocr + pytesseract）
2026-02-17 14:04:43,828 - INFO - easyocr 结果: ['IN(0.00)']
2026-02-17 14:04:43,930 - INFO - tesseract 结果: yKKM
2026-02-17 14:04:44,004 - INFO - easyocr alt1 结果: ['H(0.00)']
2026-02-17 14:04:44,114 - INFO - tesseract alt1 结果: yaKM
2026-02-17 14:04:44,189 - INFO - easyocr alt2 结果: ['HN(0.00)']
2026-02-17 14:04:44,300 - INFO - tesseract alt2 结果: yaKM
2026-02-17 14:04:44,473 - INFO - easyocr alt3 结果: ['x(0.00)']
2026-02-17 14:04:44,592 - INFO - tesseract alt3 结果: yak
2026-02-17 14:04:44,660 - INFO - easyocr alt4 结果: ['HM(0.00)']
2026-02-17 14:04:44,768 - INFO - tesseract alt4 结果: yKKM
2026-02-17 14:04:44,836 - INFO - easyocr alt5 结果: ['s(0.00)']
2026-02-17 14:04:44,941 - INFO - tesseract alt5 结果: yaKM
2026-02-17 14:04:44,941 - INFO - 最终验证码识别结果: yKKM (engine=tesseract, prob=0.5)
2026-02-17 14:04:44,941 - INFO - 查找验证码输入框...
2026-02-17 14:04:44,949 - ERROR - 未找到验证码输入框
2026-02-17 14:04:44,949 - WARNING - 验证码填写失败
2026-02-17 14:04:44,949 - INFO - 开始填写登录表单...
2026-02-17 14:04:45,019 - INFO - 用户名填写完成
2026-02-17 14:04:45,086 - INFO - 密码填写完成
2026-02-17 14:04:45,087 - INFO - 验证码图片已保存到 /home/runner/work/nju_electric_monitor/nju_electric_monitor/src/../data/captcha_debug.png
2026-02-17 14:04:45,087 - INFO - 验证码识别尝试 14/30
2026-02-17 14:04:45,087 - INFO - 开始识别验证码...（easyocr + pytesseract）
2026-02-17 14:04:45,186 - INFO - easyocr 结果: ['IN(0.00)']
2026-02-17 14:04:45,293 - INFO - tesseract 结果: yKKM
2026-02-17 14:04:45,362 - INFO - easyocr alt1 结果: ['H(0.00)']
2026-02-17 14:04:45,470 - INFO - tesseract alt1 结果: yaKM
2026-02-17 14:04:45,555 - INFO - easyocr alt2 结果: ['HN(0.00)']
2026-02-17 14:04:45,661 - INFO - tesseract alt2 结果: yaKM
2026-02-17 14:04:45,834 - INFO - easyocr alt3 结果: ['x(0.00)']
2026-02-17 14:04:45,956 - INFO - tesseract alt3 结果: yak
2026-02-17 14:04:46,024 - INFO - easyocr alt4 结果: ['HM(0.00)']
2026-02-17 14:04:46,134 - INFO - tesseract alt4 结果: yKKM
2026-02-17 14:04:46,202 - INFO - easyocr alt5 结果: ['s(0.00)']
2026-02-17 14:04:46,305 - INFO - tesseract alt5 结果: yaKM
2026-02-17 14:04:46,305 - INFO - 最终验证码识别结果: yKKM (engine=tesseract, prob=0.5)
2026-02-17 14:04:46,305 - INFO - 查找验证码输入框...
2026-02-17 14:04:46,313 - ERROR - 未找到验证码输入框
2026-02-17 14:04:46,313 - WARNING - 验证码填写失败
2026-02-17 14:04:46,313 - INFO - 开始填写登录表单...
2026-02-17 14:04:46,379 - INFO - 用户名填写完成
2026-02-17 14:04:46,446 - INFO - 密码填写完成
2026-02-17 14:04:46,447 - INFO - 验证码图片已保存到 /home/runner/work/nju_electric_monitor/nju_electric_monitor/src/../data/captcha_debug.png
2026-02-17 14:04:46,447 - INFO - 验证码识别尝试 15/30
2026-02-17 14:04:46,447 - INFO - 开始识别验证码...（easyocr + pytesseract）
2026-02-17 14:04:46,545 - INFO - easyocr 结果: ['IN(0.00)']
2026-02-17 14:04:46,649 - INFO - tesseract 结果: yKKM
2026-02-17 14:04:46,719 - INFO - easyocr alt1 结果: ['H(0.00)']
2026-02-17 14:04:46,831 - INFO - tesseract alt1 结果: yaKM
2026-02-17 14:04:46,898 - INFO - easyocr alt2 结果: ['HN(0.00)']
2026-02-17 14:04:47,008 - INFO - tesseract alt2 结果: yaKM
2026-02-17 14:04:47,180 - INFO - easyocr alt3 结果: ['x(0.00)']
2026-02-17 14:04:47,302 - INFO - tesseract alt3 结果: yak
2026-02-17 14:04:47,372 - INFO - easyocr alt4 结果: ['HM(0.00)']
2026-02-17 14:04:47,483 - INFO - tesseract alt4 结果: yKKM
2026-02-17 14:04:47,555 - INFO - easyocr alt5 结果: ['s(0.00)']
2026-02-17 14:04:47,659 - INFO - tesseract alt5 结果: yaKM
2026-02-17 14:04:47,659 - INFO - 最终验证码识别结果: yKKM (engine=tesseract, prob=0.5)
2026-02-17 14:04:47,659 - INFO - 查找验证码输入框...
2026-02-17 14:04:47,667 - ERROR - 未找到验证码输入框
2026-02-17 14:04:47,667 - WARNING - 验证码填写失败
2026-02-17 14:04:47,667 - INFO - 开始填写登录表单...
2026-02-17 14:04:47,734 - INFO - 用户名填写完成
2026-02-17 14:04:47,807 - INFO - 密码填写完成
2026-02-17 14:04:47,808 - INFO - 验证码图片已保存到 /home/runner/work/nju_electric_monitor/nju_electric_monitor/src/../data/captcha_debug.png
2026-02-17 14:04:47,808 - INFO - 验证码识别尝试 16/30
2026-02-17 14:04:47,808 - INFO - 开始识别验证码...（easyocr + pytesseract）
2026-02-17 14:04:47,907 - INFO - easyocr 结果: ['IN(0.00)']
2026-02-17 14:04:48,012 - INFO - tesseract 结果: yKKM
2026-02-17 14:04:48,091 - INFO - easyocr alt1 结果: ['H(0.00)']
2026-02-17 14:04:48,203 - INFO - tesseract alt1 结果: yaKM
2026-02-17 14:04:48,271 - INFO - easyocr alt2 结果: ['HN(0.00)']
2026-02-17 14:04:48,375 - INFO - tesseract alt2 结果: yaKM
2026-02-17 14:04:48,553 - INFO - easyocr alt3 结果: ['x(0.00)']
2026-02-17 14:04:48,673 - INFO - tesseract alt3 结果: yak
2026-02-17 14:04:48,740 - INFO - easyocr alt4 结果: ['HM(0.00)']
2026-02-17 14:04:48,849 - INFO - tesseract alt4 结果: yKKM
2026-02-17 14:04:48,917 - INFO - easyocr alt5 结果: ['s(0.00)']
2026-02-17 14:04:49,017 - INFO - tesseract alt5 结果: yaKM
2026-02-17 14:04:49,017 - INFO - 最终验证码识别结果: yKKM (engine=tesseract, prob=0.5)
2026-02-17 14:04:49,017 - INFO - 查找验证码输入框...
2026-02-17 14:04:49,025 - ERROR - 未找到验证码输入框
2026-02-17 14:04:49,025 - WARNING - 验证码填写失败
2026-02-17 14:04:49,025 - INFO - 开始填写登录表单...
2026-02-17 14:04:49,092 - INFO - 用户名填写完成
2026-02-17 14:04:49,160 - INFO - 密码填写完成
2026-02-17 14:04:49,161 - INFO - 验证码图片已保存到 /home/runner/work/nju_electric_monitor/nju_electric_monitor/src/../data/captcha_debug.png
2026-02-17 14:04:49,161 - INFO - 验证码识别尝试 17/30
2026-02-17 14:04:49,161 - INFO - 开始识别验证码...（easyocr + pytesseract）
2026-02-17 14:04:49,260 - INFO - easyocr 结果: ['IN(0.00)']
2026-02-17 14:04:49,365 - INFO - tesseract 结果: yKKM
2026-02-17 14:04:49,434 - INFO - easyocr alt1 结果: ['H(0.00)']
2026-02-17 14:04:49,539 - INFO - tesseract alt1 结果: yaKM
2026-02-17 14:04:49,607 - INFO - easyocr alt2 结果: ['HN(0.00)']
2026-02-17 14:04:49,714 - INFO - tesseract alt2 结果: yaKM
2026-02-17 14:04:49,886 - INFO - easyocr alt3 结果: ['x(0.00)']
2026-02-17 14:04:50,006 - INFO - tesseract alt3 结果: yak
2026-02-17 14:04:50,074 - INFO - easyocr alt4 结果: ['HM(0.00)']
2026-02-17 14:04:50,183 - INFO - tesseract alt4 结果: yKKM
2026-02-17 14:04:50,252 - INFO - easyocr alt5 结果: ['s(0.00)']
2026-02-17 14:04:50,352 - INFO - tesseract alt5 结果: yaKM
2026-02-17 14:04:50,352 - INFO - 最终验证码识别结果: yKKM (engine=tesseract, prob=0.5)
2026-02-17 14:04:50,352 - INFO - 查找验证码输入框...
2026-02-17 14:04:50,359 - ERROR - 未找到验证码输入框
2026-02-17 14:04:50,359 - WARNING - 验证码填写失败
2026-02-17 14:04:50,359 - INFO - 开始填写登录表单...
2026-02-17 14:04:50,427 - INFO - 用户名填写完成
2026-02-17 14:04:50,496 - INFO - 密码填写完成
2026-02-17 14:04:50,496 - INFO - 验证码图片已保存到 /home/runner/work/nju_electric_monitor/nju_electric_monitor/src/../data/captcha_debug.png
2026-02-17 14:04:50,496 - INFO - 验证码识别尝试 18/30
2026-02-17 14:04:50,496 - INFO - 开始识别验证码...（easyocr + pytesseract）
2026-02-17 14:04:50,614 - INFO - easyocr 结果: ['IN(0.00)']
2026-02-17 14:04:50,720 - INFO - tesseract 结果: yKKM
2026-02-17 14:04:50,788 - INFO - easyocr alt1 结果: ['H(0.00)']
2026-02-17 14:04:50,893 - INFO - tesseract alt1 结果: yaKM
2026-02-17 14:04:50,958 - INFO - easyocr alt2 结果: ['HN(0.00)']
2026-02-17 14:04:51,065 - INFO - tesseract alt2 结果: yaKM
2026-02-17 14:04:51,232 - INFO - easyocr alt3 结果: ['x(0.00)']
2026-02-17 14:04:51,350 - INFO - tesseract alt3 结果: yak
2026-02-17 14:04:51,417 - INFO - easyocr alt4 结果: ['HM(0.00)']
2026-02-17 14:04:51,524 - INFO - tesseract alt4 结果: yKKM
2026-02-17 14:04:51,591 - INFO - easyocr alt5 结果: ['s(0.00)']
2026-02-17 14:04:51,694 - INFO - tesseract alt5 结果: yaKM
2026-02-17 14:04:51,694 - INFO - 最终验证码识别结果: yKKM (engine=tesseract, prob=0.5)
2026-02-17 14:04:51,694 - INFO - 查找验证码输入框...
2026-02-17 14:04:51,702 - ERROR - 未找到验证码输入框
2026-02-17 14:04:51,702 - WARNING - 验证码填写失败
2026-02-17 14:04:51,702 - INFO - 开始填写登录表单...
2026-02-17 14:04:51,771 - INFO - 用户名填写完成
2026-02-17 14:04:51,839 - INFO - 密码填写完成
2026-02-17 14:04:51,839 - INFO - 验证码图片已保存到 /home/runner/work/nju_electric_monitor/nju_electric_monitor/src/../data/captcha_debug.png
2026-02-17 14:04:51,839 - INFO - 验证码识别尝试 19/30
2026-02-17 14:04:51,839 - INFO - 开始识别验证码...（easyocr + pytesseract）
2026-02-17 14:04:51,956 - INFO - easyocr 结果: ['IN(0.00)']
2026-02-17 14:04:52,057 - INFO - tesseract 结果: yKKM
2026-02-17 14:04:52,124 - INFO - easyocr alt1 结果: ['H(0.00)']
2026-02-17 14:04:52,232 - INFO - tesseract alt1 结果: yaKM
2026-02-17 14:04:52,299 - INFO - easyocr alt2 结果: ['HN(0.00)']
2026-02-17 14:04:52,403 - INFO - tesseract alt2 结果: yaKM
2026-02-17 14:04:52,571 - INFO - easyocr alt3 结果: ['x(0.00)']
2026-02-17 14:04:52,691 - INFO - tesseract alt3 结果: yak
2026-02-17 14:04:52,758 - INFO - easyocr alt4 结果: ['HM(0.00)']
2026-02-17 14:04:52,863 - INFO - tesseract alt4 结果: yKKM
2026-02-17 14:04:52,931 - INFO - easyocr alt5 结果: ['s(0.00)']
2026-02-17 14:04:53,033 - INFO - tesseract alt5 结果: yaKM
2026-02-17 14:04:53,033 - INFO - 最终验证码识别结果: yKKM (engine=tesseract, prob=0.5)
2026-02-17 14:04:53,033 - INFO - 查找验证码输入框...
2026-02-17 14:04:53,040 - ERROR - 未找到验证码输入框
2026-02-17 14:04:53,041 - WARNING - 验证码填写失败
2026-02-17 14:04:53,041 - INFO - 开始填写登录表单...
2026-02-17 14:04:53,107 - INFO - 用户名填写完成
2026-02-17 14:04:53,175 - INFO - 密码填写完成
2026-02-17 14:04:53,176 - INFO - 验证码图片已保存到 /home/runner/work/nju_electric_monitor/nju_electric_monitor/src/../data/captcha_debug.png
2026-02-17 14:04:53,176 - INFO - 验证码识别尝试 20/30
2026-02-17 14:04:53,176 - INFO - 开始识别验证码...（easyocr + pytesseract）
2026-02-17 14:04:53,274 - INFO - easyocr 结果: ['IN(0.00)']
2026-02-17 14:04:53,376 - INFO - tesseract 结果: yKKM
2026-02-17 14:04:53,453 - INFO - easyocr alt1 结果: ['H(0.00)']
2026-02-17 14:04:53,559 - INFO - tesseract alt1 结果: yaKM
2026-02-17 14:04:53,627 - INFO - easyocr alt2 结果: ['HN(0.00)']
2026-02-17 14:04:53,733 - INFO - tesseract alt2 结果: yaKM
2026-02-17 14:04:53,902 - INFO - easyocr alt3 结果: ['x(0.00)']
2026-02-17 14:04:54,020 - INFO - tesseract alt3 结果: yak
2026-02-17 14:04:54,090 - INFO - easyocr alt4 结果: ['HM(0.00)']
2026-02-17 14:04:54,199 - INFO - tesseract alt4 结果: yKKM
2026-02-17 14:04:54,266 - INFO - easyocr alt5 结果: ['s(0.00)']
2026-02-17 14:04:54,370 - INFO - tesseract alt5 结果: yaKM
2026-02-17 14:04:54,370 - INFO - 最终验证码识别结果: yKKM (engine=tesseract, prob=0.5)
2026-02-17 14:04:54,370 - INFO - 查找验证码输入框...
2026-02-17 14:04:54,377 - ERROR - 未找到验证码输入框
2026-02-17 14:04:54,377 - WARNING - 验证码填写失败
2026-02-17 14:04:54,378 - INFO - 开始填写登录表单...
2026-02-17 14:04:54,443 - INFO - 用户名填写完成
2026-02-17 14:04:54,508 - INFO - 密码填写完成
2026-02-17 14:04:54,509 - INFO - 验证码图片已保存到 /home/runner/work/nju_electric_monitor/nju_electric_monitor/src/../data/captcha_debug.png
2026-02-17 14:04:54,509 - INFO - 验证码识别尝试 21/30
2026-02-17 14:04:54,509 - INFO - 开始识别验证码...（easyocr + pytesseract）
2026-02-17 14:04:54,607 - INFO - easyocr 结果: ['IN(0.00)']
2026-02-17 14:04:54,710 - INFO - tesseract 结果: yKKM
2026-02-17 14:04:54,778 - INFO - easyocr alt1 结果: ['H(0.00)']
2026-02-17 14:04:54,884 - INFO - tesseract alt1 结果: yaKM
2026-02-17 14:04:54,951 - INFO - easyocr alt2 结果: ['HN(0.00)']
2026-02-17 14:04:55,056 - INFO - tesseract alt2 结果: yaKM
2026-02-17 14:04:55,224 - INFO - easyocr alt3 结果: ['x(0.00)']
2026-02-17 14:04:55,341 - INFO - tesseract alt3 结果: yak
2026-02-17 14:04:55,409 - INFO - easyocr alt4 结果: ['HM(0.00)']
2026-02-17 14:04:55,515 - INFO - tesseract alt4 结果: yKKM
2026-02-17 14:04:55,586 - INFO - easyocr alt5 结果: ['s(0.00)']
2026-02-17 14:04:55,687 - INFO - tesseract alt5 结果: yaKM
2026-02-17 14:04:55,687 - INFO - 最终验证码识别结果: yKKM (engine=tesseract, prob=0.5)
2026-02-17 14:04:55,687 - INFO - 查找验证码输入框...
2026-02-17 14:04:55,695 - ERROR - 未找到验证码输入框
2026-02-17 14:04:55,695 - WARNING - 验证码填写失败
2026-02-17 14:04:55,695 - INFO - 开始填写登录表单...
2026-02-17 14:04:55,762 - INFO - 用户名填写完成
2026-02-17 14:04:55,829 - INFO - 密码填写完成
2026-02-17 14:04:55,830 - INFO - 验证码图片已保存到 /home/runner/work/nju_electric_monitor/nju_electric_monitor/src/../data/captcha_debug.png
2026-02-17 14:04:55,830 - INFO - 验证码识别尝试 22/30
2026-02-17 14:04:55,830 - INFO - 开始识别验证码...（easyocr + pytesseract）
2026-02-17 14:04:55,928 - INFO - easyocr 结果: ['IN(0.00)']
2026-02-17 14:04:56,031 - INFO - tesseract 结果: yKKM
2026-02-17 14:04:56,099 - INFO - easyocr alt1 结果: ['H(0.00)']
2026-02-17 14:04:56,205 - INFO - tesseract alt1 结果: yaKM
2026-02-17 14:04:56,273 - INFO - easyocr alt2 结果: ['HN(0.00)']
2026-02-17 14:04:56,379 - INFO - tesseract alt2 结果: yaKM
2026-02-17 14:04:56,550 - INFO - easyocr alt3 结果: ['x(0.00)']
2026-02-17 14:04:56,664 - INFO - tesseract alt3 结果: yak
2026-02-17 14:04:56,740 - INFO - easyocr alt4 结果: ['HM(0.00)']
2026-02-17 14:04:56,849 - INFO - tesseract alt4 结果: yKKM
2026-02-17 14:04:56,916 - INFO - easyocr alt5 结果: ['s(0.00)']
2026-02-17 14:04:57,016 - INFO - tesseract alt5 结果: yaKM
2026-02-17 14:04:57,016 - INFO - 最终验证码识别结果: yKKM (engine=tesseract, prob=0.5)
2026-02-17 14:04:57,016 - INFO - 查找验证码输入框...
2026-02-17 14:04:57,024 - ERROR - 未找到验证码输入框
2026-02-17 14:04:57,024 - WARNING - 验证码填写失败
2026-02-17 14:04:57,024 - INFO - 开始填写登录表单...
2026-02-17 14:04:57,091 - INFO - 用户名填写完成
2026-02-17 14:04:57,158 - INFO - 密码填写完成
2026-02-17 14:04:57,159 - INFO - 验证码图片已保存到 /home/runner/work/nju_electric_monitor/nju_electric_monitor/src/../data/captcha_debug.png
2026-02-17 14:04:57,159 - INFO - 验证码识别尝试 23/30
2026-02-17 14:04:57,159 - INFO - 开始识别验证码...（easyocr + pytesseract）
2026-02-17 14:04:57,256 - INFO - easyocr 结果: ['IN(0.00)']
2026-02-17 14:04:57,356 - INFO - tesseract 结果: yKKM
2026-02-17 14:04:57,434 - INFO - easyocr alt1 结果: ['H(0.00)']
2026-02-17 14:04:57,538 - INFO - tesseract alt1 结果: yaKM
2026-02-17 14:04:57,605 - INFO - easyocr alt2 结果: ['HN(0.00)']
2026-02-17 14:04:57,710 - INFO - tesseract alt2 结果: yaKM
2026-02-17 14:04:57,876 - INFO - easyocr alt3 结果: ['x(0.00)']
2026-02-17 14:04:57,992 - INFO - tesseract alt3 结果: yak
2026-02-17 14:04:58,058 - INFO - easyocr alt4 结果: ['HM(0.00)']
2026-02-17 14:04:58,164 - INFO - tesseract alt4 结果: yKKM
2026-02-17 14:04:58,232 - INFO - easyocr alt5 结果: ['s(0.00)']
2026-02-17 14:04:58,333 - INFO - tesseract alt5 结果: yaKM
2026-02-17 14:04:58,333 - INFO - 最终验证码识别结果: yKKM (engine=tesseract, prob=0.5)
2026-02-17 14:04:58,333 - INFO - 查找验证码输入框...
2026-02-17 14:04:58,340 - ERROR - 未找到验证码输入框
2026-02-17 14:04:58,340 - WARNING - 验证码填写失败
2026-02-17 14:04:58,340 - INFO - 开始填写登录表单...
2026-02-17 14:04:58,406 - INFO - 用户名填写完成
2026-02-17 14:04:58,475 - INFO - 密码填写完成
2026-02-17 14:04:58,476 - INFO - 验证码图片已保存到 /home/runner/work/nju_electric_monitor/nju_electric_monitor/src/../data/captcha_debug.png
2026-02-17 14:04:58,476 - INFO - 验证码识别尝试 24/30
2026-02-17 14:04:58,476 - INFO - 开始识别验证码...（easyocr + pytesseract）
2026-02-17 14:04:58,589 - INFO - easyocr 结果: ['IN(0.00)']
2026-02-17 14:04:58,695 - INFO - tesseract 结果: yKKM
2026-02-17 14:04:58,763 - INFO - easyocr alt1 结果: ['H(0.00)']
2026-02-17 14:04:58,865 - INFO - tesseract alt1 结果: yaKM
2026-02-17 14:04:58,931 - INFO - easyocr alt2 结果: ['HN(0.00)']
2026-02-17 14:04:59,037 - INFO - tesseract alt2 结果: yaKM
2026-02-17 14:04:59,208 - INFO - easyocr alt3 结果: ['x(0.00)']
2026-02-17 14:04:59,325 - INFO - tesseract alt3 结果: yak
2026-02-17 14:04:59,391 - INFO - easyocr alt4 结果: ['HM(0.00)']
2026-02-17 14:04:59,498 - INFO - tesseract alt4 结果: yKKM
2026-02-17 14:04:59,564 - INFO - easyocr alt5 结果: ['s(0.00)']
2026-02-17 14:04:59,665 - INFO - tesseract alt5 结果: yaKM
2026-02-17 14:04:59,665 - INFO - 最终验证码识别结果: yKKM (engine=tesseract, prob=0.5)
2026-02-17 14:04:59,665 - INFO - 查找验证码输入框...
2026-02-17 14:04:59,672 - ERROR - 未找到验证码输入框
2026-02-17 14:04:59,672 - WARNING - 验证码填写失败
2026-02-17 14:04:59,672 - INFO - 开始填写登录表单...
2026-02-17 14:04:59,737 - INFO - 用户名填写完成
2026-02-17 14:04:59,803 - INFO - 密码填写完成
2026-02-17 14:04:59,804 - INFO - 验证码图片已保存到 /home/runner/work/nju_electric_monitor/nju_electric_monitor/src/../data/captcha_debug.png
2026-02-17 14:04:59,804 - INFO - 验证码识别尝试 25/30
2026-02-17 14:04:59,804 - INFO - 开始识别验证码...（easyocr + pytesseract）
2026-02-17 14:04:59,899 - INFO - easyocr 结果: ['IN(0.00)']
2026-02-17 14:04:59,999 - INFO - tesseract 结果: yKKM
2026-02-17 14:05:00,066 - INFO - easyocr alt1 结果: ['H(0.00)']
2026-02-17 14:05:00,173 - INFO - tesseract alt1 结果: yaKM
2026-02-17 14:05:00,246 - INFO - easyocr alt2 结果: ['HN(0.00)']
2026-02-17 14:05:00,348 - INFO - tesseract alt2 结果: yaKM
2026-02-17 14:05:00,514 - INFO - easyocr alt3 结果: ['x(0.00)']
2026-02-17 14:05:00,631 - INFO - tesseract alt3 结果: yak
2026-02-17 14:05:00,696 - INFO - easyocr alt4 结果: ['HM(0.00)']
2026-02-17 14:05:00,800 - INFO - tesseract alt4 结果: yKKM
2026-02-17 14:05:00,867 - INFO - easyocr alt5 结果: ['s(0.00)']
2026-02-17 14:05:00,970 - INFO - tesseract alt5 结果: yaKM
2026-02-17 14:05:00,970 - INFO - 最终验证码识别结果: yKKM (engine=tesseract, prob=0.5)
2026-02-17 14:05:00,970 - INFO - 查找验证码输入框...
2026-02-17 14:05:00,978 - ERROR - 未找到验证码输入框
2026-02-17 14:05:00,978 - WARNING - 验证码填写失败
2026-02-17 14:05:00,978 - INFO - 开始填写登录表单...
2026-02-17 14:05:01,044 - INFO - 用户名填写完成
2026-02-17 14:05:01,110 - INFO - 密码填写完成
2026-02-17 14:05:01,111 - INFO - 验证码图片已保存到 /home/runner/work/nju_electric_monitor/nju_electric_monitor/src/../data/captcha_debug.png
2026-02-17 14:05:01,111 - INFO - 验证码识别尝试 26/30
2026-02-17 14:05:01,111 - INFO - 开始识别验证码...（easyocr + pytesseract）
2026-02-17 14:05:01,218 - INFO - easyocr 结果: ['IN(0.00)']
2026-02-17 14:05:01,318 - INFO - tesseract 结果: yKKM
2026-02-17 14:05:01,385 - INFO - easyocr alt1 结果: ['H(0.00)']
2026-02-17 14:05:01,495 - INFO - tesseract alt1 结果: yaKM
2026-02-17 14:05:01,561 - INFO - easyocr alt2 结果: ['HN(0.00)']
2026-02-17 14:05:01,666 - INFO - tesseract alt2 结果: yaKM
2026-02-17 14:05:01,833 - INFO - easyocr alt3 结果: ['x(0.00)']
2026-02-17 14:05:01,950 - INFO - tesseract alt3 结果: yak
2026-02-17 14:05:02,017 - INFO - easyocr alt4 结果: ['HM(0.00)']
2026-02-17 14:05:02,127 - INFO - tesseract alt4 结果: yKKM
2026-02-17 14:05:02,194 - INFO - easyocr alt5 结果: ['s(0.00)']
2026-02-17 14:05:02,301 - INFO - tesseract alt5 结果: yaKM
2026-02-17 14:05:02,301 - INFO - 最终验证码识别结果: yKKM (engine=tesseract, prob=0.5)
2026-02-17 14:05:02,301 - INFO - 查找验证码输入框...
2026-02-17 14:05:02,308 - ERROR - 未找到验证码输入框
2026-02-17 14:05:02,308 - WARNING - 验证码填写失败
2026-02-17 14:05:02,308 - INFO - 开始填写登录表单...
2026-02-17 14:05:02,375 - INFO - 用户名填写完成
2026-02-17 14:05:02,444 - INFO - 密码填写完成
2026-02-17 14:05:02,444 - INFO - 验证码图片已保存到 /home/runner/work/nju_electric_monitor/nju_electric_monitor/src/../data/captcha_debug.png
2026-02-17 14:05:02,445 - INFO - 验证码识别尝试 27/30
2026-02-17 14:05:02,445 - INFO - 开始识别验证码...（easyocr + pytesseract）
2026-02-17 14:05:02,544 - INFO - easyocr 结果: ['IN(0.00)']
2026-02-17 14:05:02,645 - INFO - tesseract 结果: yKKM
2026-02-17 14:05:02,711 - INFO - easyocr alt1 结果: ['H(0.00)']
2026-02-17 14:05:02,820 - INFO - tesseract alt1 结果: yaKM
2026-02-17 14:05:02,887 - INFO - easyocr alt2 结果: ['HN(0.00)']
2026-02-17 14:05:02,989 - INFO - tesseract alt2 结果: yaKM
2026-02-17 14:05:03,164 - INFO - easyocr alt3 结果: ['x(0.00)']
2026-02-17 14:05:03,280 - INFO - tesseract alt3 结果: yak
2026-02-17 14:05:03,355 - INFO - easyocr alt4 结果: ['HM(0.00)']
2026-02-17 14:05:03,460 - INFO - tesseract alt4 结果: yKKM
2026-02-17 14:05:03,529 - INFO - easyocr alt5 结果: ['s(0.00)']
2026-02-17 14:05:03,635 - INFO - tesseract alt5 结果: yaKM
2026-02-17 14:05:03,636 - INFO - 最终验证码识别结果: yKKM (engine=tesseract, prob=0.5)
2026-02-17 14:05:03,636 - INFO - 查找验证码输入框...
2026-02-17 14:05:03,643 - ERROR - 未找到验证码输入框
2026-02-17 14:05:03,643 - WARNING - 验证码填写失败
2026-02-17 14:05:03,643 - INFO - 开始填写登录表单...
2026-02-17 14:05:03,709 - INFO - 用户名填写完成
2026-02-17 14:05:03,779 - INFO - 密码填写完成
2026-02-17 14:05:03,780 - INFO - 验证码图片已保存到 /home/runner/work/nju_electric_monitor/nju_electric_monitor/src/../data/captcha_debug.png
2026-02-17 14:05:03,780 - INFO - 验证码识别尝试 28/30
2026-02-17 14:05:03,780 - INFO - 开始识别验证码...（easyocr + pytesseract）
2026-02-17 14:05:03,880 - INFO - easyocr 结果: ['IN(0.00)']
2026-02-17 14:05:03,989 - INFO - tesseract 结果: yKKM
2026-02-17 14:05:04,056 - INFO - easyocr alt1 结果: ['H(0.00)']
2026-02-17 14:05:04,165 - INFO - tesseract alt1 结果: yaKM
2026-02-17 14:05:04,233 - INFO - easyocr alt2 结果: ['HN(0.00)']
2026-02-17 14:05:04,337 - INFO - tesseract alt2 结果: yaKM
2026-02-17 14:05:04,516 - INFO - easyocr alt3 结果: ['x(0.00)']
2026-02-17 14:05:04,636 - INFO - tesseract alt3 结果: yak
2026-02-17 14:05:04,703 - INFO - easyocr alt4 结果: ['HM(0.00)']
2026-02-17 14:05:04,810 - INFO - tesseract alt4 结果: yKKM
2026-02-17 14:05:04,879 - INFO - easyocr alt5 结果: ['s(0.00)']
2026-02-17 14:05:04,986 - INFO - tesseract alt5 结果: yaKM
2026-02-17 14:05:04,986 - INFO - 最终验证码识别结果: yKKM (engine=tesseract, prob=0.5)
2026-02-17 14:05:04,986 - INFO - 查找验证码输入框...
2026-02-17 14:05:04,993 - ERROR - 未找到验证码输入框
2026-02-17 14:05:04,993 - WARNING - 验证码填写失败
2026-02-17 14:05:04,993 - INFO - 开始填写登录表单...
2026-02-17 14:05:05,060 - INFO - 用户名填写完成
2026-02-17 14:05:05,128 - INFO - 密码填写完成
2026-02-17 14:05:05,129 - INFO - 验证码图片已保存到 /home/runner/work/nju_electric_monitor/nju_electric_monitor/src/../data/captcha_debug.png
2026-02-17 14:05:05,129 - INFO - 验证码识别尝试 29/30
2026-02-17 14:05:05,129 - INFO - 开始识别验证码...（easyocr + pytesseract）
2026-02-17 14:05:05,237 - INFO - easyocr 结果: ['IN(0.00)']
2026-02-17 14:05:05,339 - INFO - tesseract 结果: yKKM
2026-02-17 14:05:05,406 - INFO - easyocr alt1 结果: ['H(0.00)']
2026-02-17 14:05:05,515 - INFO - tesseract alt1 结果: yaKM
2026-02-17 14:05:05,582 - INFO - easyocr alt2 结果: ['HN(0.00)']
2026-02-17 14:05:05,685 - INFO - tesseract alt2 结果: yaKM
2026-02-17 14:05:05,855 - INFO - easyocr alt3 结果: ['x(0.00)']
2026-02-17 14:05:05,973 - INFO - tesseract alt3 结果: yak
2026-02-17 14:05:06,040 - INFO - easyocr alt4 结果: ['HM(0.00)']
2026-02-17 14:05:06,147 - INFO - tesseract alt4 结果: yKKM
2026-02-17 14:05:06,214 - INFO - easyocr alt5 结果: ['s(0.00)']
2026-02-17 14:05:06,315 - INFO - tesseract alt5 结果: yaKM
2026-02-17 14:05:06,315 - INFO - 最终验证码识别结果: yKKM (engine=tesseract, prob=0.5)
2026-02-17 14:05:06,315 - INFO - 查找验证码输入框...
2026-02-17 14:05:06,322 - ERROR - 未找到验证码输入框
2026-02-17 14:05:06,322 - WARNING - 验证码填写失败
2026-02-17 14:05:06,322 - INFO - 开始填写登录表单...
2026-02-17 14:05:06,388 - INFO - 用户名填写完成
2026-02-17 14:05:06,454 - INFO - 密码填写完成
2026-02-17 14:05:06,455 - INFO - 验证码图片已保存到 /home/runner/work/nju_electric_monitor/nju_electric_monitor/src/../data/captcha_debug.png
2026-02-17 14:05:06,455 - INFO - 验证码识别尝试 30/30
2026-02-17 14:05:06,455 - INFO - 开始识别验证码...（easyocr + pytesseract）
2026-02-17 14:05:06,551 - INFO - easyocr 结果: ['IN(0.00)']
2026-02-17 14:05:06,651 - INFO - tesseract 结果: yKKM
2026-02-17 14:05:06,718 - INFO - easyocr alt1 结果: ['H(0.00)']
2026-02-17 14:05:06,824 - INFO - tesseract alt1 结果: yaKM
2026-02-17 14:05:06,895 - INFO - easyocr alt2 结果: ['HN(0.00)']
2026-02-17 14:05:07,000 - INFO - tesseract alt2 结果: yaKM
2026-02-17 14:05:07,167 - INFO - easyocr alt3 结果: ['x(0.00)']
2026-02-17 14:05:07,282 - INFO - tesseract alt3 结果: yak
2026-02-17 14:05:07,349 - INFO - easyocr alt4 结果: ['HM(0.00)']
2026-02-17 14:05:07,454 - INFO - tesseract alt4 结果: yKKM
2026-02-17 14:05:07,523 - INFO - easyocr alt5 结果: ['s(0.00)']
2026-02-17 14:05:07,632 - INFO - tesseract alt5 结果: yaKM
2026-02-17 14:05:07,632 - INFO - 最终验证码识别结果: yKKM (engine=tesseract, prob=0.5)
2026-02-17 14:05:07,632 - INFO - 查找验证码输入框...
2026-02-17 14:05:07,640 - ERROR - 未找到验证码输入框
2026-02-17 14:05:07,640 - WARNING - 验证码填写失败
2026-02-17 14:05:07,640 - WARNING - 自动验证码识别失败，请手动输入
2026-02-17 14:05:07,640 - ERROR - 处理验证码时出错: EOF when reading a line
2026-02-17 14:05:07,640 - WARNING - 验证码处理失败，但继续尝试登录
2026-02-17 14:05:07,640 - INFO - 查找并点击登录按钮...
2026-02-17 14:05:07,650 - ERROR - 未找到登录按钮
2026-02-17 14:05:07,650 - ERROR - 点击登录按钮失败
2026-02-17 14:05:07,650 - INFO - 等待登录成功...
2026-02-17 14:05:12,654 - INFO - 登录可能成功，继续下一步...
2026-02-17 14:05:12,654 - INFO - 查找'去充值'按钮...
2026-02-17 14:05:12,664 - ERROR - 未找到'去充值'按钮
2026-02-17 14:05:12,664 - WARNING - 点击充值按钮失败，尝试直接提取数据
2026-02-17 14:05:12,664 - INFO - 开始提取剩余电量信息...
2026-02-17 14:05:12,673 - INFO - 页面源码已保存到 /home/runner/work/nju_electric_monitor/nju_electric_monitor/src/../data/debug_page_source.html
2026-02-17 14:05:12,682 - WARNING - 未找到电量信息元素，尝试其他方法...
2026-02-17 14:05:12,691 - WARNING - 未找到i标签中的电量信息，尝试其他方法...
2026-02-17 14:05:12,700 - INFO - 在页面源码中查找电量信息...
2026-02-17 14:05:12,711 - WARNING - 未能提取到剩余电量信息
2026-02-17 14:05:12,711 - WARNING - 没有电量数据可保存
2026-02-17 14:05:12,711 - INFO - 监控流程完成
