2026-02-27 03:28:23,637 - INFO - Matplotlib 字体设置：使用回退字体列表，首选可用字体: Noto Sans CJK JP
2026-02-27 03:28:25,775 - INFO - 使用 ChromeDriver: /usr/bin/chromedriver
2026-02-27 03:28:25,775 - WARNING - Using CPU. Note: This module is much faster with a GPU.
2026-02-27 03:28:27,267 - INFO - OCR识别器初始化成功
2026-02-27 03:28:27,267 - INFO - 开始南京大学电费监控流程（自动无头模式）
2026-02-27 03:28:27,267 - INFO - 正在打开页面: https://epay.nju.edu.cn/epay/h5/nju/electric/index
2026-02-27 03:28:36,958 - INFO - 等待登录表单加载...
2026-02-27 03:28:37,345 - INFO - 登录表单已加载
2026-02-27 03:28:37,345 - INFO - 开始填写登录表单...
2026-02-27 03:28:37,431 - INFO - 用户名填写完成
2026-02-27 03:28:37,503 - INFO - 密码填写完成
2026-02-27 03:28:37,503 - INFO - 检查是否有验证码...
2026-02-27 03:28:37,503 - INFO - 查找验证码图片...
2026-02-27 03:28:37,524 - INFO - 找到验证码图片，开始截图...
2026-02-27 03:28:37,570 - INFO - 验证码图片截取成功
2026-02-27 03:28:37,570 - INFO - 开始填写登录表单...
2026-02-27 03:28:37,640 - INFO - 用户名填写完成
2026-02-27 03:28:37,706 - INFO - 密码填写完成
2026-02-27 03:28:37,707 - INFO - 验证码图片已保存到 /home/runner/work/nju_electric_monitor/nju_electric_monitor/src/../data/captcha_debug.png
2026-02-27 03:28:37,707 - INFO - 验证码识别尝试 1/30
2026-02-27 03:28:37,707 - INFO - 开始识别验证码...（easyocr + pytesseract）
2026-02-27 03:28:37,799 - INFO - easyocr 结果: ['HA(0.61)']
2026-02-27 03:28:37,945 - INFO - tesseract 结果: HMAn
2026-02-27 03:28:38,026 - INFO - easyocr alt1 结果: ['(0.00)']
2026-02-27 03:28:38,127 - INFO - tesseract alt1 结果: AMPaw
2026-02-27 03:28:38,214 - INFO - easyocr alt2 结果: ['(0.00)']
2026-02-27 03:28:38,314 - INFO - tesseract alt2 结果: Aion
2026-02-27 03:28:38,516 - INFO - easyocr alt3 结果: ['Aj(0.00)']
2026-02-27 03:28:38,632 - INFO - tesseract alt3 结果: FAiMAaa
2026-02-27 03:28:38,705 - INFO - easyocr alt4 结果: ['(0.00)']
2026-02-27 03:28:38,806 - INFO - tesseract alt4 结果: Alen
2026-02-27 03:28:38,880 - INFO - easyocr alt5 结果: ['(0.00)']
2026-02-27 03:28:38,981 - INFO - tesseract alt5 结果: AiMiFan
2026-02-27 03:28:39,061 - INFO - easyocr alt6 结果: ['HA(0.61)']
2026-02-27 03:28:39,159 - INFO - tesseract alt6 结果: HMAn
2026-02-27 03:28:39,159 - INFO - 最终验证码识别结果: HMAn (engine=tesseract, prob=0.5)
2026-02-27 03:28:39,159 - INFO - 查找验证码输入框...
2026-02-27 03:28:39,168 - ERROR - 未找到验证码输入框
2026-02-27 03:28:39,169 - WARNING - 验证码填写失败
2026-02-27 03:28:39,169 - INFO - 开始填写登录表单...
2026-02-27 03:28:39,233 - INFO - 用户名填写完成
2026-02-27 03:28:39,296 - INFO - 密码填写完成
2026-02-27 03:28:39,296 - INFO - 验证码图片已保存到 /home/runner/work/nju_electric_monitor/nju_electric_monitor/src/../data/captcha_debug.png
2026-02-27 03:28:39,297 - INFO - 验证码识别尝试 2/30
2026-02-27 03:28:39,297 - INFO - 开始识别验证码...（easyocr + pytesseract）
2026-02-27 03:28:39,378 - INFO - easyocr 结果: ['HA(0.61)']
2026-02-27 03:28:39,474 - INFO - tesseract 结果: HMAn
2026-02-27 03:28:39,550 - INFO - easyocr alt1 结果: ['(0.00)']
2026-02-27 03:28:39,652 - INFO - tesseract alt1 结果: AMPaw
2026-02-27 03:28:39,726 - INFO - easyocr alt2 结果: ['(0.00)']
2026-02-27 03:28:39,828 - INFO - tesseract alt2 结果: Aion
2026-02-27 03:28:39,992 - INFO - easyocr alt3 结果: ['Aj(0.00)']
2026-02-27 03:28:40,102 - INFO - tesseract alt3 结果: FAiMAaa
2026-02-27 03:28:40,177 - INFO - easyocr alt4 结果: ['(0.00)']
2026-02-27 03:28:40,282 - INFO - tesseract alt4 结果: Alen
2026-02-27 03:28:40,357 - INFO - easyocr alt5 结果: ['(0.00)']
2026-02-27 03:28:40,459 - INFO - tesseract alt5 结果: AiMiFan
2026-02-27 03:28:40,540 - INFO - easyocr alt6 结果: ['HA(0.61)']
2026-02-27 03:28:40,636 - INFO - tesseract alt6 结果: HMAn
2026-02-27 03:28:40,636 - INFO - 最终验证码识别结果: HMAn (engine=tesseract, prob=0.5)
2026-02-27 03:28:40,636 - INFO - 查找验证码输入框...
2026-02-27 03:28:40,643 - ERROR - 未找到验证码输入框
2026-02-27 03:28:40,643 - WARNING - 验证码填写失败
2026-02-27 03:28:40,644 - INFO - 开始填写登录表单...
2026-02-27 03:28:40,707 - INFO - 用户名填写完成
2026-02-27 03:28:40,774 - INFO - 密码填写完成
2026-02-27 03:28:40,775 - INFO - 验证码图片已保存到 /home/runner/work/nju_electric_monitor/nju_electric_monitor/src/../data/captcha_debug.png
2026-02-27 03:28:40,775 - INFO - 验证码识别尝试 3/30
2026-02-27 03:28:40,775 - INFO - 开始识别验证码...（easyocr + pytesseract）
2026-02-27 03:28:40,865 - INFO - easyocr 结果: ['HA(0.61)']
2026-02-27 03:28:40,962 - INFO - tesseract 结果: HMAn
2026-02-27 03:28:41,038 - INFO - easyocr alt1 结果: ['(0.00)']
2026-02-27 03:28:41,139 - INFO - tesseract alt1 结果: AMPaw
2026-02-27 03:28:41,213 - INFO - easyocr alt2 结果: ['(0.00)']
2026-02-27 03:28:41,315 - INFO - tesseract alt2 结果: Aion
2026-02-27 03:28:41,480 - INFO - easyocr alt3 结果: ['Aj(0.00)']
2026-02-27 03:28:41,595 - INFO - tesseract alt3 结果: FAiMAaa
2026-02-27 03:28:41,669 - INFO - easyocr alt4 结果: ['(0.00)']
2026-02-27 03:28:41,770 - INFO - tesseract alt4 结果: Alen
2026-02-27 03:28:41,846 - INFO - easyocr alt5 结果: ['(0.00)']
2026-02-27 03:28:41,949 - INFO - tesseract alt5 结果: AiMiFan
2026-02-27 03:28:42,029 - INFO - easyocr alt6 结果: ['HA(0.61)']
2026-02-27 03:28:42,128 - INFO - tesseract alt6 结果: HMAn
2026-02-27 03:28:42,129 - INFO - 最终验证码识别结果: HMAn (engine=tesseract, prob=0.5)
2026-02-27 03:28:42,129 - INFO - 查找验证码输入框...
2026-02-27 03:28:42,135 - ERROR - 未找到验证码输入框
2026-02-27 03:28:42,136 - WARNING - 验证码填写失败
2026-02-27 03:28:42,136 - INFO - 开始填写登录表单...
2026-02-27 03:28:42,201 - INFO - 用户名填写完成
2026-02-27 03:28:42,270 - INFO - 密码填写完成
2026-02-27 03:28:42,271 - INFO - 验证码图片已保存到 /home/runner/work/nju_electric_monitor/nju_electric_monitor/src/../data/captcha_debug.png
2026-02-27 03:28:42,271 - INFO - 验证码识别尝试 4/30
2026-02-27 03:28:42,271 - INFO - 开始识别验证码...（easyocr + pytesseract）
2026-02-27 03:28:42,369 - INFO - easyocr 结果: ['HA(0.61)']
2026-02-27 03:28:42,466 - INFO - tesseract 结果: HMAn
2026-02-27 03:28:42,542 - INFO - easyocr alt1 结果: ['(0.00)']
2026-02-27 03:28:42,643 - INFO - tesseract alt1 结果: AMPaw
2026-02-27 03:28:42,718 - INFO - easyocr alt2 结果: ['(0.00)']
2026-02-27 03:28:42,818 - INFO - tesseract alt2 结果: Aion
2026-02-27 03:28:42,982 - INFO - easyocr alt3 结果: ['Aj(0.00)']
2026-02-27 03:28:43,094 - INFO - tesseract alt3 结果: FAiMAaa
2026-02-27 03:28:43,177 - INFO - easyocr alt4 结果: ['(0.00)']
2026-02-27 03:28:43,278 - INFO - tesseract alt4 结果: Alen
2026-02-27 03:28:43,354 - INFO - easyocr alt5 结果: ['(0.00)']
2026-02-27 03:28:43,454 - INFO - tesseract alt5 结果: AiMiFan
2026-02-27 03:28:43,534 - INFO - easyocr alt6 结果: ['HA(0.61)']
2026-02-27 03:28:43,634 - INFO - tesseract alt6 结果: HMAn
2026-02-27 03:28:43,634 - INFO - 最终验证码识别结果: HMAn (engine=tesseract, prob=0.5)
2026-02-27 03:28:43,634 - INFO - 查找验证码输入框...
2026-02-27 03:28:43,641 - ERROR - 未找到验证码输入框
2026-02-27 03:28:43,641 - WARNING - 验证码填写失败
2026-02-27 03:28:43,641 - INFO - 开始填写登录表单...
2026-02-27 03:28:43,704 - INFO - 用户名填写完成
2026-02-27 03:28:43,768 - INFO - 密码填写完成
2026-02-27 03:28:43,769 - INFO - 验证码图片已保存到 /home/runner/work/nju_electric_monitor/nju_electric_monitor/src/../data/captcha_debug.png
2026-02-27 03:28:43,769 - INFO - 验证码识别尝试 5/30
2026-02-27 03:28:43,769 - INFO - 开始识别验证码...（easyocr + pytesseract）
2026-02-27 03:28:43,860 - INFO - easyocr 结果: ['HA(0.61)']
2026-02-27 03:28:43,957 - INFO - tesseract 结果: HMAn
2026-02-27 03:28:44,031 - INFO - easyocr alt1 结果: ['(0.00)']
2026-02-27 03:28:44,135 - INFO - tesseract alt1 结果: AMPaw
2026-02-27 03:28:44,240 - INFO - easyocr alt2 结果: ['(0.00)']
2026-02-27 03:28:44,369 - INFO - tesseract alt2 结果: Aion
2026-02-27 03:28:44,533 - INFO - easyocr alt3 结果: ['Aj(0.00)']
2026-02-27 03:28:44,645 - INFO - tesseract alt3 结果: FAiMAaa
2026-02-27 03:28:44,723 - INFO - easyocr alt4 结果: ['(0.00)']
2026-02-27 03:28:44,824 - INFO - tesseract alt4 结果: Alen
2026-02-27 03:28:44,900 - INFO - easyocr alt5 结果: ['(0.00)']
2026-02-27 03:28:45,003 - INFO - tesseract alt5 结果: AiMiFan
2026-02-27 03:28:45,085 - INFO - easyocr alt6 结果: ['HA(0.61)']
2026-02-27 03:28:45,189 - INFO - tesseract alt6 结果: HMAn
2026-02-27 03:28:45,189 - INFO - 最终验证码识别结果: HMAn (engine=tesseract, prob=0.5)
2026-02-27 03:28:45,189 - INFO - 查找验证码输入框...
2026-02-27 03:28:45,196 - ERROR - 未找到验证码输入框
2026-02-27 03:28:45,197 - WARNING - 验证码填写失败
2026-02-27 03:28:45,197 - INFO - 开始填写登录表单...
2026-02-27 03:28:45,263 - INFO - 用户名填写完成
2026-02-27 03:28:45,329 - INFO - 密码填写完成
2026-02-27 03:28:45,330 - INFO - 验证码图片已保存到 /home/runner/work/nju_electric_monitor/nju_electric_monitor/src/../data/captcha_debug.png
2026-02-27 03:28:45,330 - INFO - 验证码识别尝试 6/30
2026-02-27 03:28:45,330 - INFO - 开始识别验证码...（easyocr + pytesseract）
2026-02-27 03:28:45,416 - INFO - easyocr 结果: ['HA(0.61)']
2026-02-27 03:28:45,514 - INFO - tesseract 结果: HMAn
2026-02-27 03:28:45,591 - INFO - easyocr alt1 结果: ['(0.00)']
2026-02-27 03:28:45,693 - INFO - tesseract alt1 结果: AMPaw
2026-02-27 03:28:45,769 - INFO - easyocr alt2 结果: ['(0.00)']
2026-02-27 03:28:45,871 - INFO - tesseract alt2 结果: Aion
2026-02-27 03:28:46,034 - INFO - easyocr alt3 结果: ['Aj(0.00)']
2026-02-27 03:28:46,148 - INFO - tesseract alt3 结果: FAiMAaa
2026-02-27 03:28:46,231 - INFO - easyocr alt4 结果: ['(0.00)']
2026-02-27 03:28:46,335 - INFO - tesseract alt4 结果: Alen
2026-02-27 03:28:46,420 - INFO - easyocr alt5 结果: ['(0.00)']
2026-02-27 03:28:46,520 - INFO - tesseract alt5 结果: AiMiFan
2026-02-27 03:28:46,610 - INFO - easyocr alt6 结果: ['HA(0.61)']
2026-02-27 03:28:46,710 - INFO - tesseract alt6 结果: HMAn
2026-02-27 03:28:46,710 - INFO - 最终验证码识别结果: HMAn (engine=tesseract, prob=0.5)
2026-02-27 03:28:46,710 - INFO - 查找验证码输入框...
2026-02-27 03:28:46,717 - ERROR - 未找到验证码输入框
2026-02-27 03:28:46,717 - WARNING - 验证码填写失败
2026-02-27 03:28:46,717 - INFO - 开始填写登录表单...
2026-02-27 03:28:46,782 - INFO - 用户名填写完成
2026-02-27 03:28:46,847 - INFO - 密码填写完成
2026-02-27 03:28:46,848 - INFO - 验证码图片已保存到 /home/runner/work/nju_electric_monitor/nju_electric_monitor/src/../data/captcha_debug.png
2026-02-27 03:28:46,848 - INFO - 验证码识别尝试 7/30
2026-02-27 03:28:46,848 - INFO - 开始识别验证码...（easyocr + pytesseract）
2026-02-27 03:28:46,937 - INFO - easyocr 结果: ['HA(0.61)']
2026-02-27 03:28:47,036 - INFO - tesseract 结果: HMAn
2026-02-27 03:28:47,112 - INFO - easyocr alt1 结果: ['(0.00)']
2026-02-27 03:28:47,214 - INFO - tesseract alt1 结果: AMPaw
2026-02-27 03:28:47,293 - INFO - easyocr alt2 结果: ['(0.00)']
2026-02-27 03:28:47,404 - INFO - tesseract alt2 结果: Aion
2026-02-27 03:28:47,582 - INFO - easyocr alt3 结果: ['Aj(0.00)']
2026-02-27 03:28:47,705 - INFO - tesseract alt3 结果: FAiMAaa
2026-02-27 03:28:47,791 - INFO - easyocr alt4 结果: ['(0.00)']
2026-02-27 03:28:47,891 - INFO - tesseract alt4 结果: Alen
2026-02-27 03:28:47,966 - INFO - easyocr alt5 结果: ['(0.00)']
2026-02-27 03:28:48,067 - INFO - tesseract alt5 结果: AiMiFan
2026-02-27 03:28:48,148 - INFO - easyocr alt6 结果: ['HA(0.61)']
2026-02-27 03:28:48,249 - INFO - tesseract alt6 结果: HMAn
2026-02-27 03:28:48,249 - INFO - 最终验证码识别结果: HMAn (engine=tesseract, prob=0.5)
2026-02-27 03:28:48,249 - INFO - 查找验证码输入框...
2026-02-27 03:28:48,256 - ERROR - 未找到验证码输入框
2026-02-27 03:28:48,256 - WARNING - 验证码填写失败
2026-02-27 03:28:48,256 - INFO - 开始填写登录表单...
2026-02-27 03:28:48,321 - INFO - 用户名填写完成
2026-02-27 03:28:48,389 - INFO - 密码填写完成
2026-02-27 03:28:48,447 - INFO - 验证码图片已保存到 /home/runner/work/nju_electric_monitor/nju_electric_monitor/src/../data/captcha_debug.png
2026-02-27 03:28:48,447 - INFO - 验证码识别尝试 8/30
2026-02-27 03:28:48,447 - INFO - 开始识别验证码...（easyocr + pytesseract）
2026-02-27 03:28:48,544 - INFO - easyocr 结果: ['HA(0.61)']
2026-02-27 03:28:48,644 - INFO - tesseract 结果: HMAn
2026-02-27 03:28:48,721 - INFO - easyocr alt1 结果: ['(0.00)']
2026-02-27 03:28:48,824 - INFO - tesseract alt1 结果: AMPaw
2026-02-27 03:28:48,898 - INFO - easyocr alt2 结果: ['(0.00)']
2026-02-27 03:28:48,997 - INFO - tesseract alt2 结果: Aion
2026-02-27 03:28:49,163 - INFO - easyocr alt3 结果: ['Aj(0.00)']
2026-02-27 03:28:49,274 - INFO - tesseract alt3 结果: FAiMAaa
2026-02-27 03:28:49,354 - INFO - easyocr alt4 结果: ['(0.00)']
2026-02-27 03:28:49,456 - INFO - tesseract alt4 结果: Alen
2026-02-27 03:28:49,530 - INFO - easyocr alt5 结果: ['(0.00)']
2026-02-27 03:28:49,632 - INFO - tesseract alt5 结果: AiMiFan
2026-02-27 03:28:49,712 - INFO - easyocr alt6 结果: ['HA(0.61)']
2026-02-27 03:28:49,809 - INFO - tesseract alt6 结果: HMAn
2026-02-27 03:28:49,809 - INFO - 最终验证码识别结果: HMAn (engine=tesseract, prob=0.5)
2026-02-27 03:28:49,809 - INFO - 查找验证码输入框...
2026-02-27 03:28:49,816 - ERROR - 未找到验证码输入框
2026-02-27 03:28:49,816 - WARNING - 验证码填写失败
2026-02-27 03:28:49,816 - INFO - 开始填写登录表单...
2026-02-27 03:28:49,879 - INFO - 用户名填写完成
2026-02-27 03:28:49,943 - INFO - 密码填写完成
2026-02-27 03:28:49,943 - INFO - 验证码图片已保存到 /home/runner/work/nju_electric_monitor/nju_electric_monitor/src/../data/captcha_debug.png
2026-02-27 03:28:49,943 - INFO - 验证码识别尝试 9/30
2026-02-27 03:28:49,944 - INFO - 开始识别验证码...（easyocr + pytesseract）
2026-02-27 03:28:50,024 - INFO - easyocr 结果: ['HA(0.61)']
2026-02-27 03:28:50,120 - INFO - tesseract 结果: HMAn
2026-02-27 03:28:50,198 - INFO - easyocr alt1 结果: ['(0.00)']
2026-02-27 03:28:50,298 - INFO - tesseract alt1 结果: AMPaw
2026-02-27 03:28:50,372 - INFO - easyocr alt2 结果: ['(0.00)']
2026-02-27 03:28:50,473 - INFO - tesseract alt2 结果: Aion
2026-02-27 03:28:50,638 - INFO - easyocr alt3 结果: ['Aj(0.00)']
2026-02-27 03:28:50,764 - INFO - tesseract alt3 结果: FAiMAaa
2026-02-27 03:28:50,838 - INFO - easyocr alt4 结果: ['(0.00)']
2026-02-27 03:28:50,940 - INFO - tesseract alt4 结果: Alen
2026-02-27 03:28:51,014 - INFO - easyocr alt5 结果: ['(0.00)']
2026-02-27 03:28:51,114 - INFO - tesseract alt5 结果: AiMiFan
2026-02-27 03:28:51,195 - INFO - easyocr alt6 结果: ['HA(0.61)']
2026-02-27 03:28:51,290 - INFO - tesseract alt6 结果: HMAn
2026-02-27 03:28:51,290 - INFO - 最终验证码识别结果: HMAn (engine=tesseract, prob=0.5)
2026-02-27 03:28:51,290 - INFO - 查找验证码输入框...
2026-02-27 03:28:51,297 - ERROR - 未找到验证码输入框
2026-02-27 03:28:51,297 - WARNING - 验证码填写失败
2026-02-27 03:28:51,297 - INFO - 开始填写登录表单...
2026-02-27 03:28:51,360 - INFO - 用户名填写完成
2026-02-27 03:28:51,425 - INFO - 密码填写完成
2026-02-27 03:28:51,426 - INFO - 验证码图片已保存到 /home/runner/work/nju_electric_monitor/nju_electric_monitor/src/../data/captcha_debug.png
2026-02-27 03:28:51,426 - INFO - 验证码识别尝试 10/30
2026-02-27 03:28:51,426 - INFO - 开始识别验证码...（easyocr + pytesseract）
2026-02-27 03:28:51,508 - INFO - easyocr 结果: ['HA(0.61)']
2026-02-27 03:28:51,604 - INFO - tesseract 结果: HMAn
2026-02-27 03:28:51,680 - INFO - easyocr alt1 结果: ['(0.00)']
2026-02-27 03:28:51,780 - INFO - tesseract alt1 结果: AMPaw
2026-02-27 03:28:51,854 - INFO - easyocr alt2 结果: ['(0.00)']
2026-02-27 03:28:51,959 - INFO - tesseract alt2 结果: Aion
2026-02-27 03:28:52,125 - INFO - easyocr alt3 结果: ['Aj(0.00)']
2026-02-27 03:28:52,238 - INFO - tesseract alt3 结果: FAiMAaa
2026-02-27 03:28:52,313 - INFO - easyocr alt4 结果: ['(0.00)']
2026-02-27 03:28:52,411 - INFO - tesseract alt4 结果: Alen
2026-02-27 03:28:52,486 - INFO - easyocr alt5 结果: ['(0.00)']
2026-02-27 03:28:52,587 - INFO - tesseract alt5 结果: AiMiFan
2026-02-27 03:28:52,668 - INFO - easyocr alt6 结果: ['HA(0.61)']
2026-02-27 03:28:52,769 - INFO - tesseract alt6 结果: HMAn
2026-02-27 03:28:52,770 - INFO - 最终验证码识别结果: HMAn (engine=tesseract, prob=0.5)
2026-02-27 03:28:52,770 - INFO - 查找验证码输入框...
2026-02-27 03:28:52,777 - ERROR - 未找到验证码输入框
2026-02-27 03:28:52,777 - WARNING - 验证码填写失败
2026-02-27 03:28:52,777 - INFO - 开始填写登录表单...
2026-02-27 03:28:52,841 - INFO - 用户名填写完成
2026-02-27 03:28:52,906 - INFO - 密码填写完成
2026-02-27 03:28:52,907 - INFO - 验证码图片已保存到 /home/runner/work/nju_electric_monitor/nju_electric_monitor/src/../data/captcha_debug.png
2026-02-27 03:28:52,907 - INFO - 验证码识别尝试 11/30
2026-02-27 03:28:52,907 - INFO - 开始识别验证码...（easyocr + pytesseract）
2026-02-27 03:28:52,990 - INFO - easyocr 结果: ['HA(0.61)']
2026-02-27 03:28:53,090 - INFO - tesseract 结果: HMAn
2026-02-27 03:28:53,173 - INFO - easyocr alt1 结果: ['(0.00)']
2026-02-27 03:28:53,273 - INFO - tesseract alt1 结果: AMPaw
2026-02-27 03:28:53,348 - INFO - easyocr alt2 结果: ['(0.00)']
2026-02-27 03:28:53,453 - INFO - tesseract alt2 结果: Aion
2026-02-27 03:28:53,618 - INFO - easyocr alt3 结果: ['Aj(0.00)']
2026-02-27 03:28:53,733 - INFO - tesseract alt3 结果: FAiMAaa
2026-02-27 03:28:53,806 - INFO - easyocr alt4 结果: ['(0.00)']
2026-02-27 03:28:53,906 - INFO - tesseract alt4 结果: Alen
2026-02-27 03:28:53,980 - INFO - easyocr alt5 结果: ['(0.00)']
2026-02-27 03:28:54,082 - INFO - tesseract alt5 结果: AiMiFan
2026-02-27 03:28:54,163 - INFO - easyocr alt6 结果: ['HA(0.61)']
2026-02-27 03:28:54,261 - INFO - tesseract alt6 结果: HMAn
2026-02-27 03:28:54,261 - INFO - 最终验证码识别结果: HMAn (engine=tesseract, prob=0.5)
2026-02-27 03:28:54,261 - INFO - 查找验证码输入框...
2026-02-27 03:28:54,268 - ERROR - 未找到验证码输入框
2026-02-27 03:28:54,269 - WARNING - 验证码填写失败
2026-02-27 03:28:54,269 - INFO - 开始填写登录表单...
2026-02-27 03:28:54,331 - INFO - 用户名填写完成
2026-02-27 03:28:54,394 - INFO - 密码填写完成
2026-02-27 03:28:54,395 - INFO - 验证码图片已保存到 /home/runner/work/nju_electric_monitor/nju_electric_monitor/src/../data/captcha_debug.png
2026-02-27 03:28:54,395 - INFO - 验证码识别尝试 12/30
2026-02-27 03:28:54,395 - INFO - 开始识别验证码...（easyocr + pytesseract）
2026-02-27 03:28:54,484 - INFO - easyocr 结果: ['HA(0.61)']
2026-02-27 03:28:54,582 - INFO - tesseract 结果: HMAn
2026-02-27 03:28:54,657 - INFO - easyocr alt1 结果: ['(0.00)']
2026-02-27 03:28:54,765 - INFO - tesseract alt1 结果: AMPaw
2026-02-27 03:28:54,839 - INFO - easyocr alt2 结果: ['(0.00)']
2026-02-27 03:28:54,941 - INFO - tesseract alt2 结果: Aion
2026-02-27 03:28:55,105 - INFO - easyocr alt3 结果: ['Aj(0.00)']
2026-02-27 03:28:55,218 - INFO - tesseract alt3 结果: FAiMAaa
2026-02-27 03:28:55,291 - INFO - easyocr alt4 结果: ['(0.00)']
2026-02-27 03:28:55,392 - INFO - tesseract alt4 结果: Alen
2026-02-27 03:28:55,468 - INFO - easyocr alt5 结果: ['(0.00)']
2026-02-27 03:28:55,576 - INFO - tesseract alt5 结果: AiMiFan
2026-02-27 03:28:55,657 - INFO - easyocr alt6 结果: ['HA(0.61)']
2026-02-27 03:28:55,762 - INFO - tesseract alt6 结果: HMAn
2026-02-27 03:28:55,762 - INFO - 最终验证码识别结果: HMAn (engine=tesseract, prob=0.5)
2026-02-27 03:28:55,762 - INFO - 查找验证码输入框...
2026-02-27 03:28:55,769 - ERROR - 未找到验证码输入框
2026-02-27 03:28:55,770 - WARNING - 验证码填写失败
2026-02-27 03:28:55,770 - INFO - 开始填写登录表单...
2026-02-27 03:28:55,833 - INFO - 用户名填写完成
2026-02-27 03:28:55,896 - INFO - 密码填写完成
2026-02-27 03:28:55,897 - INFO - 验证码图片已保存到 /home/runner/work/nju_electric_monitor/nju_electric_monitor/src/../data/captcha_debug.png
2026-02-27 03:28:55,897 - INFO - 验证码识别尝试 13/30
2026-02-27 03:28:55,897 - INFO - 开始识别验证码...（easyocr + pytesseract）
2026-02-27 03:28:55,979 - INFO - easyocr 结果: ['HA(0.61)']
2026-02-27 03:28:56,078 - INFO - tesseract 结果: HMAn
2026-02-27 03:28:56,154 - INFO - easyocr alt1 结果: ['(0.00)']
2026-02-27 03:28:56,257 - INFO - tesseract alt1 结果: AMPaw
2026-02-27 03:28:56,331 - INFO - easyocr alt2 结果: ['(0.00)']
2026-02-27 03:28:56,437 - INFO - tesseract alt2 结果: Aion
2026-02-27 03:28:56,601 - INFO - easyocr alt3 结果: ['Aj(0.00)']
2026-02-27 03:28:56,713 - INFO - tesseract alt3 结果: FAiMAaa
2026-02-27 03:28:56,787 - INFO - easyocr alt4 结果: ['(0.00)']
2026-02-27 03:28:56,891 - INFO - tesseract alt4 结果: Alen
2026-02-27 03:28:56,965 - INFO - easyocr alt5 结果: ['(0.00)']
2026-02-27 03:28:57,063 - INFO - tesseract alt5 结果: AiMiFan
2026-02-27 03:28:57,143 - INFO - easyocr alt6 结果: ['HA(0.61)']
2026-02-27 03:28:57,242 - INFO - tesseract alt6 结果: HMAn
2026-02-27 03:28:57,242 - INFO - 最终验证码识别结果: HMAn (engine=tesseract, prob=0.5)
2026-02-27 03:28:57,242 - INFO - 查找验证码输入框...
2026-02-27 03:28:57,249 - ERROR - 未找到验证码输入框
2026-02-27 03:28:57,249 - WARNING - 验证码填写失败
2026-02-27 03:28:57,249 - INFO - 开始填写登录表单...
2026-02-27 03:28:57,314 - INFO - 用户名填写完成
2026-02-27 03:28:57,378 - INFO - 密码填写完成
2026-02-27 03:28:57,378 - INFO - 验证码图片已保存到 /home/runner/work/nju_electric_monitor/nju_electric_monitor/src/../data/captcha_debug.png
2026-02-27 03:28:57,378 - INFO - 验证码识别尝试 14/30
2026-02-27 03:28:57,378 - INFO - 开始识别验证码...（easyocr + pytesseract）
2026-02-27 03:28:57,459 - INFO - easyocr 结果: ['HA(0.61)']
2026-02-27 03:28:57,556 - INFO - tesseract 结果: HMAn
2026-02-27 03:28:57,632 - INFO - easyocr alt1 结果: ['(0.00)']
2026-02-27 03:28:57,734 - INFO - tesseract alt1 结果: AMPaw
2026-02-27 03:28:57,809 - INFO - easyocr alt2 结果: ['(0.00)']
2026-02-27 03:28:57,912 - INFO - tesseract alt2 结果: Aion
2026-02-27 03:28:58,075 - INFO - easyocr alt3 结果: ['Aj(0.00)']
2026-02-27 03:28:58,186 - INFO - tesseract alt3 结果: FAiMAaa
2026-02-27 03:28:58,260 - INFO - easyocr alt4 结果: ['(0.00)']
2026-02-27 03:28:58,361 - INFO - tesseract alt4 结果: Alen
2026-02-27 03:28:58,436 - INFO - easyocr alt5 结果: ['(0.00)']
2026-02-27 03:28:58,540 - INFO - tesseract alt5 结果: AiMiFan
2026-02-27 03:28:58,620 - INFO - easyocr alt6 结果: ['HA(0.61)']
2026-02-27 03:28:58,722 - INFO - tesseract alt6 结果: HMAn
2026-02-27 03:28:58,722 - INFO - 最终验证码识别结果: HMAn (engine=tesseract, prob=0.5)
2026-02-27 03:28:58,722 - INFO - 查找验证码输入框...
2026-02-27 03:28:58,729 - ERROR - 未找到验证码输入框
2026-02-27 03:28:58,729 - WARNING - 验证码填写失败
2026-02-27 03:28:58,729 - INFO - 开始填写登录表单...
2026-02-27 03:28:58,793 - INFO - 用户名填写完成
2026-02-27 03:28:58,859 - INFO - 密码填写完成
2026-02-27 03:28:58,860 - INFO - 验证码图片已保存到 /home/runner/work/nju_electric_monitor/nju_electric_monitor/src/../data/captcha_debug.png
2026-02-27 03:28:58,860 - INFO - 验证码识别尝试 15/30
2026-02-27 03:28:58,860 - INFO - 开始识别验证码...（easyocr + pytesseract）
2026-02-27 03:28:58,941 - INFO - easyocr 结果: ['HA(0.61)']
2026-02-27 03:28:59,041 - INFO - tesseract 结果: HMAn
2026-02-27 03:28:59,117 - INFO - easyocr alt1 结果: ['(0.00)']
2026-02-27 03:28:59,221 - INFO - tesseract alt1 结果: AMPaw
2026-02-27 03:28:59,295 - INFO - easyocr alt2 结果: ['(0.00)']
2026-02-27 03:28:59,396 - INFO - tesseract alt2 结果: Aion
2026-02-27 03:28:59,561 - INFO - easyocr alt3 结果: ['Aj(0.00)']
2026-02-27 03:28:59,671 - INFO - tesseract alt3 结果: FAiMAaa
2026-02-27 03:28:59,757 - INFO - easyocr alt4 结果: ['(0.00)']
2026-02-27 03:28:59,858 - INFO - tesseract alt4 结果: Alen
2026-02-27 03:28:59,932 - INFO - easyocr alt5 结果: ['(0.00)']
2026-02-27 03:29:00,053 - INFO - tesseract alt5 结果: AiMiFan
2026-02-27 03:29:00,135 - INFO - easyocr alt6 结果: ['HA(0.61)']
2026-02-27 03:29:00,248 - INFO - tesseract alt6 结果: HMAn
2026-02-27 03:29:00,248 - INFO - 最终验证码识别结果: HMAn (engine=tesseract, prob=0.5)
2026-02-27 03:29:00,248 - INFO - 查找验证码输入框...
2026-02-27 03:29:00,255 - ERROR - 未找到验证码输入框
2026-02-27 03:29:00,255 - WARNING - 验证码填写失败
2026-02-27 03:29:00,255 - INFO - 开始填写登录表单...
2026-02-27 03:29:00,329 - INFO - 用户名填写完成
2026-02-27 03:29:00,399 - INFO - 密码填写完成
2026-02-27 03:29:00,399 - INFO - 验证码图片已保存到 /home/runner/work/nju_electric_monitor/nju_electric_monitor/src/../data/captcha_debug.png
2026-02-27 03:29:00,399 - INFO - 验证码识别尝试 16/30
2026-02-27 03:29:00,400 - INFO - 开始识别验证码...（easyocr + pytesseract）
2026-02-27 03:29:00,481 - INFO - easyocr 结果: ['HA(0.61)']
2026-02-27 03:29:00,580 - INFO - tesseract 结果: HMAn
2026-02-27 03:29:00,658 - INFO - easyocr alt1 结果: ['(0.00)']
2026-02-27 03:29:00,761 - INFO - tesseract alt1 结果: AMPaw
2026-02-27 03:29:00,842 - INFO - easyocr alt2 结果: ['(0.00)']
2026-02-27 03:29:00,944 - INFO - tesseract alt2 结果: Aion
2026-02-27 03:29:01,108 - INFO - easyocr alt3 结果: ['Aj(0.00)']
2026-02-27 03:29:01,221 - INFO - tesseract alt3 结果: FAiMAaa
2026-02-27 03:29:01,294 - INFO - easyocr alt4 结果: ['(0.00)']
2026-02-27 03:29:01,400 - INFO - tesseract alt4 结果: Alen
2026-02-27 03:29:01,476 - INFO - easyocr alt5 结果: ['(0.00)']
2026-02-27 03:29:01,577 - INFO - tesseract alt5 结果: AiMiFan
2026-02-27 03:29:01,658 - INFO - easyocr alt6 结果: ['HA(0.61)']
2026-02-27 03:29:01,757 - INFO - tesseract alt6 结果: HMAn
2026-02-27 03:29:01,757 - INFO - 最终验证码识别结果: HMAn (engine=tesseract, prob=0.5)
2026-02-27 03:29:01,757 - INFO - 查找验证码输入框...
2026-02-27 03:29:01,764 - ERROR - 未找到验证码输入框
2026-02-27 03:29:01,764 - WARNING - 验证码填写失败
2026-02-27 03:29:01,764 - INFO - 开始填写登录表单...
2026-02-27 03:29:01,826 - INFO - 用户名填写完成
2026-02-27 03:29:01,891 - INFO - 密码填写完成
2026-02-27 03:29:01,891 - INFO - 验证码图片已保存到 /home/runner/work/nju_electric_monitor/nju_electric_monitor/src/../data/captcha_debug.png
2026-02-27 03:29:01,891 - INFO - 验证码识别尝试 17/30
2026-02-27 03:29:01,891 - INFO - 开始识别验证码...（easyocr + pytesseract）
2026-02-27 03:29:01,975 - INFO - easyocr 结果: ['HA(0.61)']
2026-02-27 03:29:02,073 - INFO - tesseract 结果: HMAn
2026-02-27 03:29:02,152 - INFO - easyocr alt1 结果: ['(0.00)']
2026-02-27 03:29:02,256 - INFO - tesseract alt1 结果: AMPaw
2026-02-27 03:29:02,331 - INFO - easyocr alt2 结果: ['(0.00)']
2026-02-27 03:29:02,430 - INFO - tesseract alt2 结果: Aion
2026-02-27 03:29:02,595 - INFO - easyocr alt3 结果: ['Aj(0.00)']
2026-02-27 03:29:02,707 - INFO - tesseract alt3 结果: FAiMAaa
2026-02-27 03:29:02,781 - INFO - easyocr alt4 结果: ['(0.00)']
2026-02-27 03:29:02,888 - INFO - tesseract alt4 结果: Alen
2026-02-27 03:29:02,964 - INFO - easyocr alt5 结果: ['(0.00)']
2026-02-27 03:29:03,068 - INFO - tesseract alt5 结果: AiMiFan
2026-02-27 03:29:03,149 - INFO - easyocr alt6 结果: ['HA(0.61)']
2026-02-27 03:29:03,251 - INFO - tesseract alt6 结果: HMAn
2026-02-27 03:29:03,252 - INFO - 最终验证码识别结果: HMAn (engine=tesseract, prob=0.5)
2026-02-27 03:29:03,252 - INFO - 查找验证码输入框...
2026-02-27 03:29:03,259 - ERROR - 未找到验证码输入框
2026-02-27 03:29:03,259 - WARNING - 验证码填写失败
2026-02-27 03:29:03,259 - INFO - 开始填写登录表单...
2026-02-27 03:29:03,324 - INFO - 用户名填写完成
2026-02-27 03:29:03,388 - INFO - 密码填写完成
2026-02-27 03:29:03,389 - INFO - 验证码图片已保存到 /home/runner/work/nju_electric_monitor/nju_electric_monitor/src/../data/captcha_debug.png
2026-02-27 03:29:03,389 - INFO - 验证码识别尝试 18/30
2026-02-27 03:29:03,389 - INFO - 开始识别验证码...（easyocr + pytesseract）
2026-02-27 03:29:03,472 - INFO - easyocr 结果: ['HA(0.61)']
2026-02-27 03:29:03,569 - INFO - tesseract 结果: HMAn
2026-02-27 03:29:03,645 - INFO - easyocr alt1 结果: ['(0.00)']
2026-02-27 03:29:03,747 - INFO - tesseract alt1 结果: AMPaw
2026-02-27 03:29:03,822 - INFO - easyocr alt2 结果: ['(0.00)']
2026-02-27 03:29:03,923 - INFO - tesseract alt2 结果: Aion
2026-02-27 03:29:04,091 - INFO - easyocr alt3 结果: ['Aj(0.00)']
2026-02-27 03:29:04,204 - INFO - tesseract alt3 结果: FAiMAaa
2026-02-27 03:29:04,279 - INFO - easyocr alt4 结果: ['(0.00)']
2026-02-27 03:29:04,379 - INFO - tesseract alt4 结果: Alen
2026-02-27 03:29:04,455 - INFO - easyocr alt5 结果: ['(0.00)']
2026-02-27 03:29:04,561 - INFO - tesseract alt5 结果: AiMiFan
2026-02-27 03:29:04,641 - INFO - easyocr alt6 结果: ['HA(0.61)']
2026-02-27 03:29:04,739 - INFO - tesseract alt6 结果: HMAn
2026-02-27 03:29:04,739 - INFO - 最终验证码识别结果: HMAn (engine=tesseract, prob=0.5)
2026-02-27 03:29:04,739 - INFO - 查找验证码输入框...
2026-02-27 03:29:04,746 - ERROR - 未找到验证码输入框
2026-02-27 03:29:04,746 - WARNING - 验证码填写失败
2026-02-27 03:29:04,746 - INFO - 开始填写登录表单...
2026-02-27 03:29:04,809 - INFO - 用户名填写完成
2026-02-27 03:29:04,876 - INFO - 密码填写完成
2026-02-27 03:29:04,877 - INFO - 验证码图片已保存到 /home/runner/work/nju_electric_monitor/nju_electric_monitor/src/../data/captcha_debug.png
2026-02-27 03:29:04,877 - INFO - 验证码识别尝试 19/30
2026-02-27 03:29:04,877 - INFO - 开始识别验证码...（easyocr + pytesseract）
2026-02-27 03:29:04,962 - INFO - easyocr 结果: ['HA(0.61)']
2026-02-27 03:29:05,059 - INFO - tesseract 结果: HMAn
2026-02-27 03:29:05,135 - INFO - easyocr alt1 结果: ['(0.00)']
2026-02-27 03:29:05,239 - INFO - tesseract alt1 结果: AMPaw
2026-02-27 03:29:05,315 - INFO - easyocr alt2 结果: ['(0.00)']
2026-02-27 03:29:05,417 - INFO - tesseract alt2 结果: Aion
2026-02-27 03:29:05,582 - INFO - easyocr alt3 结果: ['Aj(0.00)']
2026-02-27 03:29:05,699 - INFO - tesseract alt3 结果: FAiMAaa
2026-02-27 03:29:05,772 - INFO - easyocr alt4 结果: ['(0.00)']
2026-02-27 03:29:05,873 - INFO - tesseract alt4 结果: Alen
2026-02-27 03:29:05,947 - INFO - easyocr alt5 结果: ['(0.00)']
2026-02-27 03:29:06,050 - INFO - tesseract alt5 结果: AiMiFan
2026-02-27 03:29:06,130 - INFO - easyocr alt6 结果: ['HA(0.61)']
2026-02-27 03:29:06,230 - INFO - tesseract alt6 结果: HMAn
2026-02-27 03:29:06,230 - INFO - 最终验证码识别结果: HMAn (engine=tesseract, prob=0.5)
2026-02-27 03:29:06,230 - INFO - 查找验证码输入框...
2026-02-27 03:29:06,237 - ERROR - 未找到验证码输入框
2026-02-27 03:29:06,237 - WARNING - 验证码填写失败
2026-02-27 03:29:06,237 - INFO - 开始填写登录表单...
2026-02-27 03:29:06,302 - INFO - 用户名填写完成
2026-02-27 03:29:06,367 - INFO - 密码填写完成
2026-02-27 03:29:06,368 - INFO - 验证码图片已保存到 /home/runner/work/nju_electric_monitor/nju_electric_monitor/src/../data/captcha_debug.png
2026-02-27 03:29:06,368 - INFO - 验证码识别尝试 20/30
2026-02-27 03:29:06,368 - INFO - 开始识别验证码...（easyocr + pytesseract）
2026-02-27 03:29:06,449 - INFO - easyocr 结果: ['HA(0.61)']
2026-02-27 03:29:06,548 - INFO - tesseract 结果: HMAn
2026-02-27 03:29:06,624 - INFO - easyocr alt1 结果: ['(0.00)']
2026-02-27 03:29:06,726 - INFO - tesseract alt1 结果: AMPaw
2026-02-27 03:29:06,802 - INFO - easyocr alt2 结果: ['(0.00)']
2026-02-27 03:29:06,904 - INFO - tesseract alt2 结果: Aion
2026-02-27 03:29:07,068 - INFO - easyocr alt3 结果: ['Aj(0.00)']
2026-02-27 03:29:07,187 - INFO - tesseract alt3 结果: FAiMAaa
2026-02-27 03:29:07,261 - INFO - easyocr alt4 结果: ['(0.00)']
2026-02-27 03:29:07,366 - INFO - tesseract alt4 结果: Alen
2026-02-27 03:29:07,440 - INFO - easyocr alt5 结果: ['(0.00)']
2026-02-27 03:29:07,543 - INFO - tesseract alt5 结果: AiMiFan
2026-02-27 03:29:07,623 - INFO - easyocr alt6 结果: ['HA(0.61)']
2026-02-27 03:29:07,726 - INFO - tesseract alt6 结果: HMAn
2026-02-27 03:29:07,726 - INFO - 最终验证码识别结果: HMAn (engine=tesseract, prob=0.5)
2026-02-27 03:29:07,726 - INFO - 查找验证码输入框...
2026-02-27 03:29:07,733 - ERROR - 未找到验证码输入框
2026-02-27 03:29:07,734 - WARNING - 验证码填写失败
2026-02-27 03:29:07,734 - INFO - 开始填写登录表单...
2026-02-27 03:29:07,799 - INFO - 用户名填写完成
2026-02-27 03:29:07,863 - INFO - 密码填写完成
2026-02-27 03:29:07,863 - INFO - 验证码图片已保存到 /home/runner/work/nju_electric_monitor/nju_electric_monitor/src/../data/captcha_debug.png
2026-02-27 03:29:07,863 - INFO - 验证码识别尝试 21/30
2026-02-27 03:29:07,864 - INFO - 开始识别验证码...（easyocr + pytesseract）
2026-02-27 03:29:07,945 - INFO - easyocr 结果: ['HA(0.61)']
2026-02-27 03:29:08,048 - INFO - tesseract 结果: HMAn
2026-02-27 03:29:08,124 - INFO - easyocr alt1 结果: ['(0.00)']
2026-02-27 03:29:08,227 - INFO - tesseract alt1 结果: AMPaw
2026-02-27 03:29:08,302 - INFO - easyocr alt2 结果: ['(0.00)']
2026-02-27 03:29:08,403 - INFO - tesseract alt2 结果: Aion
2026-02-27 03:29:08,572 - INFO - easyocr alt3 结果: ['Aj(0.00)']
2026-02-27 03:29:08,686 - INFO - tesseract alt3 结果: FAiMAaa
2026-02-27 03:29:08,760 - INFO - easyocr alt4 结果: ['(0.00)']
2026-02-27 03:29:08,864 - INFO - tesseract alt4 结果: Alen
2026-02-27 03:29:08,940 - INFO - easyocr alt5 结果: ['(0.00)']
2026-02-27 03:29:09,041 - INFO - tesseract alt5 结果: AiMiFan
2026-02-27 03:29:09,123 - INFO - easyocr alt6 结果: ['HA(0.61)']
2026-02-27 03:29:09,223 - INFO - tesseract alt6 结果: HMAn
2026-02-27 03:29:09,223 - INFO - 最终验证码识别结果: HMAn (engine=tesseract, prob=0.5)
2026-02-27 03:29:09,223 - INFO - 查找验证码输入框...
2026-02-27 03:29:09,230 - ERROR - 未找到验证码输入框
2026-02-27 03:29:09,231 - WARNING - 验证码填写失败
2026-02-27 03:29:09,231 - INFO - 开始填写登录表单...
2026-02-27 03:29:09,295 - INFO - 用户名填写完成
2026-02-27 03:29:09,360 - INFO - 密码填写完成
2026-02-27 03:29:09,361 - INFO - 验证码图片已保存到 /home/runner/work/nju_electric_monitor/nju_electric_monitor/src/../data/captcha_debug.png
2026-02-27 03:29:09,361 - INFO - 验证码识别尝试 22/30
2026-02-27 03:29:09,361 - INFO - 开始识别验证码...（easyocr + pytesseract）
2026-02-27 03:29:09,443 - INFO - easyocr 结果: ['HA(0.61)']
2026-02-27 03:29:09,545 - INFO - tesseract 结果: HMAn
2026-02-27 03:29:09,621 - INFO - easyocr alt1 结果: ['(0.00)']
2026-02-27 03:29:09,723 - INFO - tesseract alt1 结果: AMPaw
2026-02-27 03:29:09,798 - INFO - easyocr alt2 结果: ['(0.00)']
2026-02-27 03:29:09,901 - INFO - tesseract alt2 结果: Aion
2026-02-27 03:29:10,065 - INFO - easyocr alt3 结果: ['Aj(0.00)']
2026-02-27 03:29:10,177 - INFO - tesseract alt3 结果: FAiMAaa
2026-02-27 03:29:10,257 - INFO - easyocr alt4 结果: ['(0.00)']
2026-02-27 03:29:10,356 - INFO - tesseract alt4 结果: Alen
2026-02-27 03:29:10,430 - INFO - easyocr alt5 结果: ['(0.00)']
2026-02-27 03:29:10,530 - INFO - tesseract alt5 结果: AiMiFan
2026-02-27 03:29:10,610 - INFO - easyocr alt6 结果: ['HA(0.61)']
2026-02-27 03:29:10,707 - INFO - tesseract alt6 结果: HMAn
2026-02-27 03:29:10,707 - INFO - 最终验证码识别结果: HMAn (engine=tesseract, prob=0.5)
2026-02-27 03:29:10,708 - INFO - 查找验证码输入框...
2026-02-27 03:29:10,714 - ERROR - 未找到验证码输入框
2026-02-27 03:29:10,715 - WARNING - 验证码填写失败
2026-02-27 03:29:10,715 - INFO - 开始填写登录表单...
2026-02-27 03:29:10,778 - INFO - 用户名填写完成
2026-02-27 03:29:10,848 - INFO - 密码填写完成
2026-02-27 03:29:10,849 - INFO - 验证码图片已保存到 /home/runner/work/nju_electric_monitor/nju_electric_monitor/src/../data/captcha_debug.png
2026-02-27 03:29:10,849 - INFO - 验证码识别尝试 23/30
2026-02-27 03:29:10,849 - INFO - 开始识别验证码...（easyocr + pytesseract）
2026-02-27 03:29:10,930 - INFO - easyocr 结果: ['HA(0.61)']
2026-02-27 03:29:11,026 - INFO - tesseract 结果: HMAn
2026-02-27 03:29:11,101 - INFO - easyocr alt1 结果: ['(0.00)']
2026-02-27 03:29:11,201 - INFO - tesseract alt1 结果: AMPaw
2026-02-27 03:29:11,275 - INFO - easyocr alt2 结果: ['(0.00)']
2026-02-27 03:29:11,378 - INFO - tesseract alt2 结果: Aion
2026-02-27 03:29:11,543 - INFO - easyocr alt3 结果: ['Aj(0.00)']
2026-02-27 03:29:11,660 - INFO - tesseract alt3 结果: FAiMAaa
2026-02-27 03:29:11,741 - INFO - easyocr alt4 结果: ['(0.00)']
2026-02-27 03:29:11,842 - INFO - tesseract alt4 结果: Alen
2026-02-27 03:29:11,917 - INFO - easyocr alt5 结果: ['(0.00)']
2026-02-27 03:29:12,017 - INFO - tesseract alt5 结果: AiMiFan
2026-02-27 03:29:12,097 - INFO - easyocr alt6 结果: ['HA(0.61)']
2026-02-27 03:29:12,197 - INFO - tesseract alt6 结果: HMAn
2026-02-27 03:29:12,197 - INFO - 最终验证码识别结果: HMAn (engine=tesseract, prob=0.5)
2026-02-27 03:29:12,197 - INFO - 查找验证码输入框...
2026-02-27 03:29:12,204 - ERROR - 未找到验证码输入框
2026-02-27 03:29:12,204 - WARNING - 验证码填写失败
2026-02-27 03:29:12,204 - INFO - 开始填写登录表单...
2026-02-27 03:29:12,272 - INFO - 用户名填写完成
2026-02-27 03:29:12,338 - INFO - 密码填写完成
2026-02-27 03:29:12,339 - INFO - 验证码图片已保存到 /home/runner/work/nju_electric_monitor/nju_electric_monitor/src/../data/captcha_debug.png
2026-02-27 03:29:12,339 - INFO - 验证码识别尝试 24/30
2026-02-27 03:29:12,339 - INFO - 开始识别验证码...（easyocr + pytesseract）
2026-02-27 03:29:12,430 - INFO - easyocr 结果: ['HA(0.61)']
2026-02-27 03:29:12,527 - INFO - tesseract 结果: HMAn
2026-02-27 03:29:12,603 - INFO - easyocr alt1 结果: ['(0.00)']
2026-02-27 03:29:12,702 - INFO - tesseract alt1 结果: AMPaw
2026-02-27 03:29:12,776 - INFO - easyocr alt2 结果: ['(0.00)']
2026-02-27 03:29:12,876 - INFO - tesseract alt2 结果: Aion
2026-02-27 03:29:13,048 - INFO - easyocr alt3 结果: ['Aj(0.00)']
2026-02-27 03:29:13,161 - INFO - tesseract alt3 结果: FAiMAaa
2026-02-27 03:29:13,235 - INFO - easyocr alt4 结果: ['(0.00)']
2026-02-27 03:29:13,340 - INFO - tesseract alt4 结果: Alen
2026-02-27 03:29:13,415 - INFO - easyocr alt5 结果: ['(0.00)']
2026-02-27 03:29:13,517 - INFO - tesseract alt5 结果: AiMiFan
2026-02-27 03:29:13,597 - INFO - easyocr alt6 结果: ['HA(0.61)']
2026-02-27 03:29:13,694 - INFO - tesseract alt6 结果: HMAn
2026-02-27 03:29:13,694 - INFO - 最终验证码识别结果: HMAn (engine=tesseract, prob=0.5)
2026-02-27 03:29:13,694 - INFO - 查找验证码输入框...
2026-02-27 03:29:13,701 - ERROR - 未找到验证码输入框
2026-02-27 03:29:13,701 - WARNING - 验证码填写失败
2026-02-27 03:29:13,701 - INFO - 开始填写登录表单...
2026-02-27 03:29:13,765 - INFO - 用户名填写完成
2026-02-27 03:29:13,827 - INFO - 密码填写完成
2026-02-27 03:29:13,828 - INFO - 验证码图片已保存到 /home/runner/work/nju_electric_monitor/nju_electric_monitor/src/../data/captcha_debug.png
2026-02-27 03:29:13,828 - INFO - 验证码识别尝试 25/30
2026-02-27 03:29:13,828 - INFO - 开始识别验证码...（easyocr + pytesseract）
2026-02-27 03:29:13,921 - INFO - easyocr 结果: ['HA(0.61)']
2026-02-27 03:29:14,022 - INFO - tesseract 结果: HMAn
2026-02-27 03:29:14,099 - INFO - easyocr alt1 结果: ['(0.00)']
2026-02-27 03:29:14,202 - INFO - tesseract alt1 结果: AMPaw
2026-02-27 03:29:14,276 - INFO - easyocr alt2 结果: ['(0.00)']
2026-02-27 03:29:14,378 - INFO - tesseract alt2 结果: Aion
2026-02-27 03:29:14,562 - INFO - easyocr alt3 结果: ['Aj(0.00)']
2026-02-27 03:29:14,674 - INFO - tesseract alt3 结果: FAiMAaa
2026-02-27 03:29:14,748 - INFO - easyocr alt4 结果: ['(0.00)']
2026-02-27 03:29:14,849 - INFO - tesseract alt4 结果: Alen
2026-02-27 03:29:14,928 - INFO - easyocr alt5 结果: ['(0.00)']
2026-02-27 03:29:15,033 - INFO - tesseract alt5 结果: AiMiFan
2026-02-27 03:29:15,114 - INFO - easyocr alt6 结果: ['HA(0.61)']
2026-02-27 03:29:15,213 - INFO - tesseract alt6 结果: HMAn
2026-02-27 03:29:15,213 - INFO - 最终验证码识别结果: HMAn (engine=tesseract, prob=0.5)
2026-02-27 03:29:15,213 - INFO - 查找验证码输入框...
2026-02-27 03:29:15,220 - ERROR - 未找到验证码输入框
2026-02-27 03:29:15,220 - WARNING - 验证码填写失败
2026-02-27 03:29:15,220 - INFO - 开始填写登录表单...
2026-02-27 03:29:15,286 - INFO - 用户名填写完成
2026-02-27 03:29:15,356 - INFO - 密码填写完成
2026-02-27 03:29:15,356 - INFO - 验证码图片已保存到 /home/runner/work/nju_electric_monitor/nju_electric_monitor/src/../data/captcha_debug.png
2026-02-27 03:29:15,357 - INFO - 验证码识别尝试 26/30
2026-02-27 03:29:15,357 - INFO - 开始识别验证码...（easyocr + pytesseract）
2026-02-27 03:29:15,439 - INFO - easyocr 结果: ['HA(0.61)']
2026-02-27 03:29:15,543 - INFO - tesseract 结果: HMAn
2026-02-27 03:29:15,620 - INFO - easyocr alt1 结果: ['(0.00)']
2026-02-27 03:29:15,724 - INFO - tesseract alt1 结果: AMPaw
2026-02-27 03:29:15,801 - INFO - easyocr alt2 结果: ['(0.00)']
2026-02-27 03:29:15,906 - INFO - tesseract alt2 结果: Aion
2026-02-27 03:29:16,071 - INFO - easyocr alt3 结果: ['Aj(0.00)']
2026-02-27 03:29:16,187 - INFO - tesseract alt3 结果: FAiMAaa
2026-02-27 03:29:16,261 - INFO - easyocr alt4 结果: ['(0.00)']
2026-02-27 03:29:16,363 - INFO - tesseract alt4 结果: Alen
2026-02-27 03:29:16,438 - INFO - easyocr alt5 结果: ['(0.00)']
2026-02-27 03:29:16,540 - INFO - tesseract alt5 结果: AiMiFan
2026-02-27 03:29:16,620 - INFO - easyocr alt6 结果: ['HA(0.61)']
2026-02-27 03:29:16,719 - INFO - tesseract alt6 结果: HMAn
2026-02-27 03:29:16,719 - INFO - 最终验证码识别结果: HMAn (engine=tesseract, prob=0.5)
2026-02-27 03:29:16,719 - INFO - 查找验证码输入框...
2026-02-27 03:29:16,726 - ERROR - 未找到验证码输入框
2026-02-27 03:29:16,726 - WARNING - 验证码填写失败
2026-02-27 03:29:16,726 - INFO - 开始填写登录表单...
2026-02-27 03:29:16,790 - INFO - 用户名填写完成
2026-02-27 03:29:16,856 - INFO - 密码填写完成
2026-02-27 03:29:16,857 - INFO - 验证码图片已保存到 /home/runner/work/nju_electric_monitor/nju_electric_monitor/src/../data/captcha_debug.png
2026-02-27 03:29:16,857 - INFO - 验证码识别尝试 27/30
2026-02-27 03:29:16,857 - INFO - 开始识别验证码...（easyocr + pytesseract）
2026-02-27 03:29:16,939 - INFO - easyocr 结果: ['HA(0.61)']
2026-02-27 03:29:17,039 - INFO - tesseract 结果: HMAn
2026-02-27 03:29:17,116 - INFO - easyocr alt1 结果: ['(0.00)']
2026-02-27 03:29:17,219 - INFO - tesseract alt1 结果: AMPaw
2026-02-27 03:29:17,294 - INFO - easyocr alt2 结果: ['(0.00)']
2026-02-27 03:29:17,395 - INFO - tesseract alt2 结果: Aion
2026-02-27 03:29:17,561 - INFO - easyocr alt3 结果: ['Aj(0.00)']
2026-02-27 03:29:17,676 - INFO - tesseract alt3 结果: FAiMAaa
2026-02-27 03:29:17,749 - INFO - easyocr alt4 结果: ['(0.00)']
2026-02-27 03:29:17,851 - INFO - tesseract alt4 结果: Alen
2026-02-27 03:29:17,926 - INFO - easyocr alt5 结果: ['(0.00)']
2026-02-27 03:29:18,033 - INFO - tesseract alt5 结果: AiMiFan
2026-02-27 03:29:18,114 - INFO - easyocr alt6 结果: ['HA(0.61)']
2026-02-27 03:29:18,212 - INFO - tesseract alt6 结果: HMAn
2026-02-27 03:29:18,213 - INFO - 最终验证码识别结果: HMAn (engine=tesseract, prob=0.5)
2026-02-27 03:29:18,213 - INFO - 查找验证码输入框...
2026-02-27 03:29:18,220 - ERROR - 未找到验证码输入框
2026-02-27 03:29:18,220 - WARNING - 验证码填写失败
2026-02-27 03:29:18,220 - INFO - 开始填写登录表单...
2026-02-27 03:29:18,285 - INFO - 用户名填写完成
2026-02-27 03:29:18,348 - INFO - 密码填写完成
2026-02-27 03:29:18,349 - INFO - 验证码图片已保存到 /home/runner/work/nju_electric_monitor/nju_electric_monitor/src/../data/captcha_debug.png
2026-02-27 03:29:18,349 - INFO - 验证码识别尝试 28/30
2026-02-27 03:29:18,349 - INFO - 开始识别验证码...（easyocr + pytesseract）
2026-02-27 03:29:18,437 - INFO - easyocr 结果: ['HA(0.61)']
2026-02-27 03:29:18,537 - INFO - tesseract 结果: HMAn
2026-02-27 03:29:18,613 - INFO - easyocr alt1 结果: ['(0.00)']
2026-02-27 03:29:18,713 - INFO - tesseract alt1 结果: AMPaw
2026-02-27 03:29:18,789 - INFO - easyocr alt2 结果: ['(0.00)']
2026-02-27 03:29:18,891 - INFO - tesseract alt2 结果: Aion
2026-02-27 03:29:19,056 - INFO - easyocr alt3 结果: ['Aj(0.00)']
2026-02-27 03:29:19,174 - INFO - tesseract alt3 结果: FAiMAaa
2026-02-27 03:29:19,248 - INFO - easyocr alt4 结果: ['(0.00)']
2026-02-27 03:29:19,349 - INFO - tesseract alt4 结果: Alen
2026-02-27 03:29:19,423 - INFO - easyocr alt5 结果: ['(0.00)']
2026-02-27 03:29:19,524 - INFO - tesseract alt5 结果: AiMiFan
2026-02-27 03:29:19,605 - INFO - easyocr alt6 结果: ['HA(0.61)']
2026-02-27 03:29:19,704 - INFO - tesseract alt6 结果: HMAn
2026-02-27 03:29:19,704 - INFO - 最终验证码识别结果: HMAn (engine=tesseract, prob=0.5)
2026-02-27 03:29:19,704 - INFO - 查找验证码输入框...
2026-02-27 03:29:19,711 - ERROR - 未找到验证码输入框
2026-02-27 03:29:19,711 - WARNING - 验证码填写失败
2026-02-27 03:29:19,711 - INFO - 开始填写登录表单...
2026-02-27 03:29:19,775 - INFO - 用户名填写完成
2026-02-27 03:29:19,838 - INFO - 密码填写完成
2026-02-27 03:29:19,839 - INFO - 验证码图片已保存到 /home/runner/work/nju_electric_monitor/nju_electric_monitor/src/../data/captcha_debug.png
2026-02-27 03:29:19,839 - INFO - 验证码识别尝试 29/30
2026-02-27 03:29:19,839 - INFO - 开始识别验证码...（easyocr + pytesseract）
2026-02-27 03:29:19,920 - INFO - easyocr 结果: ['HA(0.61)']
2026-02-27 03:29:20,021 - INFO - tesseract 结果: HMAn
2026-02-27 03:29:20,097 - INFO - easyocr alt1 结果: ['(0.00)']
2026-02-27 03:29:20,203 - INFO - tesseract alt1 结果: AMPaw
2026-02-27 03:29:20,278 - INFO - easyocr alt2 结果: ['(0.00)']
2026-02-27 03:29:20,381 - INFO - tesseract alt2 结果: Aion
2026-02-27 03:29:20,545 - INFO - easyocr alt3 结果: ['Aj(0.00)']
2026-02-27 03:29:20,660 - INFO - tesseract alt3 结果: FAiMAaa
2026-02-27 03:29:20,734 - INFO - easyocr alt4 结果: ['(0.00)']
2026-02-27 03:29:20,844 - INFO - tesseract alt4 结果: Alen
2026-02-27 03:29:20,936 - INFO - easyocr alt5 结果: ['(0.00)']
2026-02-27 03:29:21,036 - INFO - tesseract alt5 结果: AiMiFan
2026-02-27 03:29:21,117 - INFO - easyocr alt6 结果: ['HA(0.61)']
2026-02-27 03:29:21,222 - INFO - tesseract alt6 结果: HMAn
2026-02-27 03:29:21,222 - INFO - 最终验证码识别结果: HMAn (engine=tesseract, prob=0.5)
2026-02-27 03:29:21,222 - INFO - 查找验证码输入框...
2026-02-27 03:29:21,229 - ERROR - 未找到验证码输入框
2026-02-27 03:29:21,229 - WARNING - 验证码填写失败
2026-02-27 03:29:21,229 - INFO - 开始填写登录表单...
2026-02-27 03:29:21,292 - INFO - 用户名填写完成
2026-02-27 03:29:21,356 - INFO - 密码填写完成
2026-02-27 03:29:21,357 - INFO - 验证码图片已保存到 /home/runner/work/nju_electric_monitor/nju_electric_monitor/src/../data/captcha_debug.png
2026-02-27 03:29:21,357 - INFO - 验证码识别尝试 30/30
2026-02-27 03:29:21,357 - INFO - 开始识别验证码...（easyocr + pytesseract）
2026-02-27 03:29:21,452 - INFO - easyocr 结果: ['HA(0.61)']
2026-02-27 03:29:21,549 - INFO - tesseract 结果: HMAn
2026-02-27 03:29:21,624 - INFO - easyocr alt1 结果: ['(0.00)']
2026-02-27 03:29:21,725 - INFO - tesseract alt1 结果: AMPaw
2026-02-27 03:29:21,800 - INFO - easyocr alt2 结果: ['(0.00)']
2026-02-27 03:29:21,899 - INFO - tesseract alt2 结果: Aion
2026-02-27 03:29:22,063 - INFO - easyocr alt3 结果: ['Aj(0.00)']
2026-02-27 03:29:22,175 - INFO - tesseract alt3 结果: FAiMAaa
2026-02-27 03:29:22,249 - INFO - easyocr alt4 结果: ['(0.00)']
2026-02-27 03:29:22,348 - INFO - tesseract alt4 结果: Alen
2026-02-27 03:29:22,423 - INFO - easyocr alt5 结果: ['(0.00)']
2026-02-27 03:29:22,525 - INFO - tesseract alt5 结果: AiMiFan
2026-02-27 03:29:22,607 - INFO - easyocr alt6 结果: ['HA(0.61)']
2026-02-27 03:29:22,705 - INFO - tesseract alt6 结果: HMAn
2026-02-27 03:29:22,705 - INFO - 最终验证码识别结果: HMAn (engine=tesseract, prob=0.5)
2026-02-27 03:29:22,705 - INFO - 查找验证码输入框...
2026-02-27 03:29:22,712 - ERROR - 未找到验证码输入框
2026-02-27 03:29:22,712 - WARNING - 验证码填写失败
2026-02-27 03:29:22,712 - WARNING - 自动验证码识别失败，请手动输入
2026-02-27 03:29:22,712 - ERROR - 处理验证码时出错: EOF when reading a line
2026-02-27 03:29:22,712 - WARNING - 验证码处理失败，但继续尝试登录
2026-02-27 03:29:22,713 - INFO - 查找并点击登录按钮...
2026-02-27 03:29:22,721 - ERROR - 未找到登录按钮
2026-02-27 03:29:22,721 - ERROR - 点击登录按钮失败
2026-02-27 03:29:22,721 - INFO - 等待登录成功...
2026-02-27 03:29:27,727 - INFO - 登录可能成功，继续下一步...
2026-02-27 03:29:27,727 - INFO - 查找'去充值'按钮...
2026-02-27 03:29:27,736 - ERROR - 未找到'去充值'按钮
2026-02-27 03:29:27,736 - WARNING - 点击充值按钮失败，尝试直接提取数据
2026-02-27 03:29:27,736 - INFO - 开始提取剩余电量信息...
2026-02-27 03:29:27,745 - INFO - 页面源码已保存到 /home/runner/work/nju_electric_monitor/nju_electric_monitor/src/../data/debug_page_source.html
2026-02-27 03:29:27,754 - WARNING - 未找到电量信息元素，尝试其他方法...
2026-02-27 03:29:27,762 - WARNING - 未找到i标签中的电量信息，尝试其他方法...
2026-02-27 03:29:27,770 - INFO - 在页面源码中查找电量信息...
2026-02-27 03:29:27,781 - WARNING - 未能提取到剩余电量信息
2026-02-27 03:29:27,781 - WARNING - 没有电量数据可保存
2026-02-27 03:29:27,781 - INFO - 监控流程完成
