2026-02-02 13:58:38,117 - INFO - Matplotlib 字体设置：使用回退字体列表，首选可用字体: Noto Sans CJK JP
2026-02-02 13:58:39,348 - INFO - 使用 ChromeDriver: /usr/bin/chromedriver
2026-02-02 13:58:39,348 - WARNING - Using CPU. Note: This module is much faster with a GPU.
2026-02-02 13:58:40,856 - INFO - OCR识别器初始化成功
2026-02-02 13:58:40,856 - INFO - 开始南京大学电费监控流程（自动无头模式）
2026-02-02 13:58:40,856 - INFO - 正在打开页面: https://epay.nju.edu.cn/epay/h5/nju/electric/index
2026-02-02 13:59:53,302 - INFO - 等待登录表单加载...
2026-02-02 13:59:53,311 - INFO - 登录表单已加载
2026-02-02 13:59:53,311 - INFO - 开始填写登录表单...
2026-02-02 13:59:53,373 - INFO - 用户名填写完成
2026-02-02 13:59:53,439 - INFO - 密码填写完成
2026-02-02 13:59:53,439 - INFO - 检查是否有验证码...
2026-02-02 13:59:53,439 - INFO - 查找验证码图片...
2026-02-02 13:59:53,460 - INFO - 找到验证码图片，开始截图...
2026-02-02 13:59:53,517 - INFO - 验证码图片截取成功
2026-02-02 13:59:53,517 - INFO - 开始填写登录表单...
2026-02-02 13:59:53,581 - INFO - 用户名填写完成
2026-02-02 13:59:53,643 - INFO - 密码填写完成
2026-02-02 13:59:53,644 - INFO - 验证码图片已保存到 /home/runner/work/nju_electric_monitor/nju_electric_monitor/src/../data/captcha_debug.png
2026-02-02 13:59:53,644 - INFO - 验证码识别尝试 1/30
2026-02-02 13:59:53,644 - INFO - 开始识别验证码...（easyocr + pytesseract）
2026-02-02 13:59:53,783 - INFO - easyocr 结果: ['p3d0(0.31)']
2026-02-02 13:59:53,988 - INFO - tesseract 结果: P3dQ
2026-02-02 13:59:54,048 - INFO - easyocr alt1 结果: ['P3(0.69)']
2026-02-02 13:59:54,143 - INFO - tesseract alt1 结果: P3aQ
2026-02-02 13:59:54,198 - INFO - easyocr alt2 结果: ['P3d(0.93)']
2026-02-02 13:59:54,290 - INFO - tesseract alt2 结果: P3aQ
2026-02-02 13:59:54,457 - INFO - easyocr alt3 结果: ['P3dQ(0.45)']
2026-02-02 13:59:54,570 - INFO - tesseract alt3 结果: P3aQ
2026-02-02 13:59:54,624 - INFO - easyocr alt4 结果: ['P3d(0.83)']
2026-02-02 13:59:54,718 - INFO - tesseract alt4 结果: P3aQ
2026-02-02 13:59:54,772 - INFO - easyocr alt5 结果: ['P3d(0.86)']
2026-02-02 13:59:54,868 - INFO - tesseract alt5 结果: P3aQ
2026-02-02 13:59:54,868 - INFO - 最终验证码识别结果: P3dQ (engine=tesseract, prob=0.5)
2026-02-02 13:59:54,868 - INFO - 查找验证码输入框...
2026-02-02 13:59:54,928 - INFO - 验证码填写完成
2026-02-02 13:59:54,928 - INFO - 验证码填写完成，点击登录按钮...
2026-02-02 13:59:54,928 - INFO - 查找并点击登录按钮...
2026-02-02 14:00:02,542 - INFO - 已点击登录按钮
2026-02-02 14:00:09,553 - INFO - 未检测到无效验证码提示，验证码通过
2026-02-02 14:00:09,553 - INFO - 查找并点击登录按钮...
2026-02-02 14:00:09,558 - ERROR - 未找到登录按钮
2026-02-02 14:00:09,558 - ERROR - 点击登录按钮失败
2026-02-02 14:00:09,558 - INFO - 等待登录成功...
2026-02-02 14:00:14,563 - INFO - 登录可能成功，继续下一步...
2026-02-02 14:00:14,563 - INFO - 查找'去充值'按钮...
2026-02-02 14:00:17,780 - INFO - 已点击充值按钮
2026-02-02 14:00:20,780 - INFO - 开始提取剩余电量信息...
2026-02-02 14:00:20,784 - INFO - 页面源码已保存到 /home/runner/work/nju_electric_monitor/nju_electric_monitor/src/../data/debug_page_source.html
2026-02-02 14:00:20,803 - INFO - 找到电量信息元素: 持卡人姓名：吴相民
2026-02-02 14:00:20,803 - WARNING - 未在元素中找到标准格式的电量信息
2026-02-02 14:00:20,816 - INFO - 找到i标签中的电量信息: 吴相民
2026-02-02 14:00:20,816 - WARNING - i标签中未找到标准格式的电量信息
2026-02-02 14:00:20,816 - WARNING - 未找到i标签中的电量信息
2026-02-02 14:00:20,819 - INFO - 在页面源码中查找电量信息...
2026-02-02 14:00:20,819 - INFO - 从页面源码中提取到剩余电量: 31.69 度
2026-02-02 14:00:20,839 - INFO - 数据已保存: 31.69 度
2026-02-02 14:00:21,120 - INFO - 电量变化曲线图已保存到: /home/runner/work/nju_electric_monitor/nju_electric_monitor/src/../data/electricity_trend.png
2026-02-02 14:00:21,400 - INFO - 最近20次电量变化曲线图已保存到: /home/runner/work/nju_electric_monitor/nju_electric_monitor/src/../data/recent_20_changes.png
2026-02-02 14:00:21,400 - INFO - 监控流程完成
