2025-12-04 02:46:33,912 - INFO - Matplotlib 字体设置：使用回退字体列表，首选可用字体: Noto Sans CJK JP
2025-12-04 02:46:35,996 - INFO - 使用 ChromeDriver: /usr/bin/chromedriver
2025-12-04 02:46:35,996 - WARNING - Using CPU. Note: This module is much faster with a GPU.
2025-12-04 02:46:37,647 - INFO - OCR识别器初始化成功
2025-12-04 02:46:37,647 - INFO - 开始南京大学电费监控流程（自动无头模式）
2025-12-04 02:46:37,647 - INFO - 正在打开页面: https://epay.nju.edu.cn/epay/h5/nju/electric/index
2025-12-04 02:46:47,750 - INFO - 等待登录表单加载...
2025-12-04 02:46:47,761 - INFO - 登录表单已加载
2025-12-04 02:46:47,761 - INFO - 开始填写登录表单...
2025-12-04 02:46:47,829 - INFO - 用户名填写完成
2025-12-04 02:46:47,908 - INFO - 密码填写完成
2025-12-04 02:46:47,908 - INFO - 检查是否有验证码...
2025-12-04 02:46:47,908 - INFO - 查找验证码图片...
2025-12-04 02:46:47,929 - INFO - 找到验证码图片，开始截图...
2025-12-04 02:46:47,980 - INFO - 验证码图片截取成功
2025-12-04 02:46:47,980 - INFO - 开始填写登录表单...
2025-12-04 02:46:48,050 - INFO - 用户名填写完成
2025-12-04 02:46:48,123 - INFO - 密码填写完成
2025-12-04 02:46:48,124 - INFO - 验证码图片已保存到 /home/runner/work/nju_electric_monitor/nju_electric_monitor/src/../data/captcha_debug.png
2025-12-04 02:46:48,125 - INFO - 验证码识别尝试 1/30
2025-12-04 02:46:48,125 - INFO - 开始识别验证码...（easyocr + pytesseract）
2025-12-04 02:46:48,272 - INFO - easyocr 结果: ['fNB(0.04)']
2025-12-04 02:46:48,524 - INFO - tesseract 结果: fHeB
2025-12-04 02:46:48,609 - INFO - easyocr alt1 结果: ['FB(0.02)']
2025-12-04 02:46:48,709 - INFO - tesseract alt1 结果: fReR
2025-12-04 02:46:48,789 - INFO - easyocr alt2 结果: ['fB(0.02)']
2025-12-04 02:46:48,887 - INFO - tesseract alt2 结果: fReR
2025-12-04 02:46:49,069 - INFO - easyocr alt3 结果: ['F8(0.10)']
2025-12-04 02:46:49,188 - INFO - tesseract alt3 结果: fiHe8
2025-12-04 02:46:49,269 - INFO - easyocr alt4 结果: ['(0.00)']
2025-12-04 02:46:49,364 - INFO - tesseract alt4 结果: 
2025-12-04 02:46:49,442 - INFO - easyocr alt5 结果: ['F8(0.00)']
2025-12-04 02:46:49,538 - INFO - tesseract alt5 结果: 
2025-12-04 02:46:49,538 - INFO - 最终验证码识别结果: fHeB (engine=tesseract, prob=0.5)
2025-12-04 02:46:49,539 - INFO - 查找验证码输入框...
2025-12-04 02:46:49,605 - INFO - 验证码填写完成
2025-12-04 02:46:49,605 - INFO - 验证码填写完成，点击登录按钮...
2025-12-04 02:46:49,605 - INFO - 查找并点击登录按钮...
2025-12-04 02:46:53,821 - INFO - 已点击登录按钮
2025-12-04 02:47:00,832 - INFO - 未检测到无效验证码提示，验证码通过
2025-12-04 02:47:00,832 - INFO - 查找并点击登录按钮...
2025-12-04 02:47:00,838 - ERROR - 未找到登录按钮
2025-12-04 02:47:00,838 - ERROR - 点击登录按钮失败
2025-12-04 02:47:00,838 - INFO - 等待登录成功...
2025-12-04 02:47:05,843 - INFO - 登录可能成功，继续下一步...
2025-12-04 02:47:05,843 - INFO - 查找'去充值'按钮...
2025-12-04 02:47:07,703 - INFO - 已点击充值按钮
2025-12-04 02:47:10,704 - INFO - 开始提取剩余电量信息...
2025-12-04 02:47:10,708 - INFO - 页面源码已保存到 /home/runner/work/nju_electric_monitor/nju_electric_monitor/src/../data/debug_page_source.html
2025-12-04 02:47:10,726 - INFO - 找到电量信息元素: 持卡人姓名：***
2025-12-04 02:47:10,727 - WARNING - 未在元素中找到标准格式的电量信息
2025-12-04 02:47:10,740 - INFO - 找到i标签中的电量信息: 吴相民
2025-12-04 02:47:10,740 - WARNING - i标签中未找到标准格式的电量信息
2025-12-04 02:47:10,740 - WARNING - 未找到i标签中的电量信息
2025-12-04 02:47:10,743 - INFO - 在页面源码中查找电量信息...
2025-12-04 02:47:10,743 - INFO - 从页面源码中提取到剩余电量: 346.51 度
2025-12-04 02:47:10,768 - INFO - 数据已保存: 346.51 度
2025-12-04 02:47:10,809 - WARNING - findfont: Font family 'Microsoft YaHei' not found.
2025-12-04 02:47:10,811 - WARNING - findfont: Font family 'Microsoft YaHei' not found.
2025-12-04 02:47:10,826 - WARNING - findfont: Font family 'Microsoft YaHei' not found.
2025-12-04 02:47:10,832 - WARNING - findfont: Font family 'Microsoft YaHei' not found.
2025-12-04 02:47:10,834 - WARNING - findfont: Font family 'Microsoft YaHei' not found.
2025-12-04 02:47:10,913 - WARNING - findfont: Font family 'Microsoft YaHei' not found.
2025-12-04 02:47:10,913 - WARNING - findfont: Font family 'Microsoft YaHei' not found.
2025-12-04 02:47:10,914 - WARNING - findfont: Font family 'Microsoft YaHei' not found.
2025-12-04 02:47:10,914 - WARNING - findfont: Font family 'Microsoft YaHei' not found.
2025-12-04 02:47:10,942 - WARNING - findfont: Font family 'Microsoft YaHei' not found.
2025-12-04 02:47:10,943 - WARNING - findfont: Font family 'Microsoft YaHei' not found.
2025-12-04 02:47:10,954 - WARNING - findfont: Font family 'Microsoft YaHei' not found.
2025-12-04 02:47:10,957 - WARNING - findfont: Font family 'Microsoft YaHei' not found.
2025-12-04 02:47:11,021 - WARNING - findfont: Font family 'Microsoft YaHei' not found.
2025-12-04 02:47:11,021 - WARNING - findfont: Font family 'Microsoft YaHei' not found.
2025-12-04 02:47:11,022 - WARNING - findfont: Font family 'Microsoft YaHei' not found.
2025-12-04 02:47:11,022 - WARNING - findfont: Font family 'Microsoft YaHei' not found.
2025-12-04 02:47:11,051 - WARNING - findfont: Font family 'Microsoft YaHei' not found.
2025-12-04 02:47:11,051 - WARNING - findfont: Font family 'Microsoft YaHei' not found.
2025-12-04 02:47:11,063 - WARNING - findfont: Font family 'Microsoft YaHei' not found.
2025-12-04 02:47:11,065 - WARNING - findfont: Font family 'Microsoft YaHei' not found.
2025-12-04 02:47:11,066 - INFO - 电量变化曲线图已保存到: /home/runner/work/nju_electric_monitor/nju_electric_monitor/src/../data/electricity_trend.png
2025-12-04 02:47:11,091 - WARNING - findfont: Font family 'Microsoft YaHei' not found.
2025-12-04 02:47:11,091 - WARNING - findfont: Font family 'Microsoft YaHei' not found.
2025-12-04 02:47:11,104 - WARNING - findfont: Font family 'Microsoft YaHei' not found.
2025-12-04 02:47:11,109 - WARNING - findfont: Font family 'Microsoft YaHei' not found.
2025-12-04 02:47:11,109 - WARNING - findfont: Font family 'Microsoft YaHei' not found.
2025-12-04 02:47:11,174 - WARNING - findfont: Font family 'Microsoft YaHei' not found.
2025-12-04 02:47:11,174 - WARNING - findfont: Font family 'Microsoft YaHei' not found.
2025-12-04 02:47:11,175 - WARNING - findfont: Font family 'Microsoft YaHei' not found.
2025-12-04 02:47:11,175 - WARNING - findfont: Font family 'Microsoft YaHei' not found.
2025-12-04 02:47:11,199 - WARNING - findfont: Font family 'Microsoft YaHei' not found.
2025-12-04 02:47:11,199 - WARNING - findfont: Font family 'Microsoft YaHei' not found.
2025-12-04 02:47:11,210 - WARNING - findfont: Font family 'Microsoft YaHei' not found.
2025-12-04 02:47:11,212 - WARNING - findfont: Font family 'Microsoft YaHei' not found.
2025-12-04 02:47:11,274 - WARNING - findfont: Font family 'Microsoft YaHei' not found.
2025-12-04 02:47:11,275 - WARNING - findfont: Font family 'Microsoft YaHei' not found.
2025-12-04 02:47:11,275 - WARNING - findfont: Font family 'Microsoft YaHei' not found.
2025-12-04 02:47:11,276 - WARNING - findfont: Font family 'Microsoft YaHei' not found.
2025-12-04 02:47:11,299 - WARNING - findfont: Font family 'Microsoft YaHei' not found.
2025-12-04 02:47:11,300 - WARNING - findfont: Font family 'Microsoft YaHei' not found.
2025-12-04 02:47:11,310 - WARNING - findfont: Font family 'Microsoft YaHei' not found.
2025-12-04 02:47:11,312 - WARNING - findfont: Font family 'Microsoft YaHei' not found.
2025-12-04 02:47:11,313 - INFO - 最近20次电量变化曲线图已保存到: /home/runner/work/nju_electric_monitor/nju_electric_monitor/src/../data/recent_20_changes.png
2025-12-04 02:47:11,313 - INFO - 监控流程完成
