2026-06-05 10:40:42,397 - INFO - Matplotlib 字体设置：使用回退字体列表，首选可用字体: Noto Sans CJK JP
2026-06-05 10:40:43,807 - INFO - 使用指定 ChromeDriver: /usr/bin/chromedriver
2026-06-05 10:40:43,876 - INFO - ddddocr 识别器初始化成功
2026-06-05 10:40:43,876 - INFO - 开始南京大学电费监控流程（自动无头模式）
2026-06-05 10:40:43,876 - INFO - 已初始化并清空验证码图片目录: /home/runner/work/nju_electric_monitor/nju_electric_monitor/src/../data/captcha_workflow
2026-06-05 10:40:43,876 - INFO - 正在打开页面: https://epay.nju.edu.cn/epay/h5/nju/electric/index
2026-06-05 10:40:52,933 - INFO - 等待登录表单加载...
2026-06-05 10:40:53,845 - INFO - 登录表单已加载
2026-06-05 10:40:53,845 - INFO - 开始填写登录表单...
2026-06-05 10:40:53,932 - INFO - 用户名填写完成
2026-06-05 10:40:54,000 - INFO - 密码填写完成
2026-06-05 10:40:54,000 - INFO - 开始处理验证码（两层嵌套重试）...
2026-06-05 10:40:54,001 - INFO - 外层页面重试 1/4
2026-06-05 10:40:54,001 - INFO - 等待登录表单加载...
2026-06-05 10:40:54,006 - INFO - 登录表单已加载
2026-06-05 10:40:54,007 - INFO - 开始填写登录表单...
2026-06-05 10:40:54,073 - INFO - 用户名填写完成
2026-06-05 10:40:54,138 - INFO - 密码填写完成
2026-06-05 10:40:55,138 - INFO - 查找验证码图片...
2026-06-05 10:40:55,158 - INFO - 找到验证码图片，开始截图...
2026-06-05 10:40:55,202 - INFO - 验证码图片截取成功
2026-06-05 10:40:55,202 - INFO - 验证码图片已保存到 /home/runner/work/nju_electric_monitor/nju_electric_monitor/src/../data/captcha_debug.png
2026-06-05 10:40:55,203 - INFO - 验证码图片已保存到 /home/runner/work/nju_electric_monitor/nju_electric_monitor/src/../data/captcha_workflow/captcha_outer1.png
2026-06-05 10:40:55,203 - INFO - 验证码识别（同一图片）尝试 1/3，外层 1/4
2026-06-05 10:40:55,203 - INFO - 开始使用 ddddocr 识别验证码...
2026-06-05 10:40:55,214 - INFO - ddddocr 最终验证码识别结果: QTFM
2026-06-05 10:40:55,214 - INFO - 已将验证码图片重命名为: /home/runner/work/nju_electric_monitor/nju_electric_monitor/src/../data/captcha_workflow/QTFM.png
2026-06-05 10:40:55,215 - INFO - 查找验证码输入框...
2026-06-05 10:40:55,275 - INFO - 通过 XPath 找到 1 个验证码候选输入框，使用第一个。
2026-06-05 10:40:55,327 - INFO - 验证码填写完成
2026-06-05 10:40:56,327 - INFO - 验证码填写完成，点击登录按钮...
2026-06-05 10:40:56,327 - INFO - 查找并点击登录按钮...
2026-06-05 10:40:56,351 - INFO - 通过 ID=login_submit 找到登录按钮
2026-06-05 10:40:59,719 - INFO - 已点击登录按钮
2026-06-05 10:41:08,784 - INFO - 检测到英文验证码错误提示: 'Verification code error \n\t\t\t\t\t\tVerification code error'
2026-06-05 10:41:08,784 - WARNING - 检测到验证码错误提示，将重新加载页面获取新验证码
2026-06-05 10:41:08,784 - INFO - 本轮登录未成功，等待 5 秒后进行下一轮验证码重试...
2026-06-05 10:41:13,785 - INFO - 外层页面重试 2/4
2026-06-05 10:41:20,719 - INFO - 等待登录表单加载...
2026-06-05 10:41:20,725 - INFO - 登录表单已加载
2026-06-05 10:41:20,725 - INFO - 开始填写登录表单...
2026-06-05 10:41:20,785 - INFO - 用户名填写完成
2026-06-05 10:41:20,846 - INFO - 密码填写完成
2026-06-05 10:41:21,846 - INFO - 查找验证码图片...
2026-06-05 10:41:21,860 - INFO - 找到验证码图片，开始截图...
2026-06-05 10:41:21,897 - INFO - 验证码图片截取成功
2026-06-05 10:41:21,898 - INFO - 验证码图片已保存到 /home/runner/work/nju_electric_monitor/nju_electric_monitor/src/../data/captcha_debug.png
2026-06-05 10:41:21,899 - INFO - 验证码图片已保存到 /home/runner/work/nju_electric_monitor/nju_electric_monitor/src/../data/captcha_workflow/captcha_outer2.png
2026-06-05 10:41:21,899 - INFO - 验证码识别（同一图片）尝试 1/3，外层 2/4
2026-06-05 10:41:21,899 - INFO - 开始使用 ddddocr 识别验证码...
2026-06-05 10:41:21,909 - INFO - ddddocr 最终验证码识别结果: C6PI
2026-06-05 10:41:21,909 - INFO - 已将验证码图片重命名为: /home/runner/work/nju_electric_monitor/nju_electric_monitor/src/../data/captcha_workflow/C6PI.png
2026-06-05 10:41:21,909 - INFO - 查找验证码输入框...
2026-06-05 10:41:21,959 - INFO - 通过 XPath 找到 1 个验证码候选输入框，使用第一个。
2026-06-05 10:41:22,014 - INFO - 验证码填写完成
2026-06-05 10:41:23,014 - INFO - 验证码填写完成，点击登录按钮...
2026-06-05 10:41:23,015 - INFO - 查找并点击登录按钮...
2026-06-05 10:41:23,033 - INFO - 通过 ID=login_submit 找到登录按钮
2026-06-05 10:41:27,457 - INFO - 已点击登录按钮
2026-06-05 10:41:36,481 - INFO - 未检测到验证码错误提示，验证码可能通过
2026-06-05 10:41:36,481 - INFO - 等待登录成功...
2026-06-05 10:41:36,490 - INFO - 检测到已跳转到电费页面: https://epay.nju.edu.cn/epay/h5/nju/electric/index
2026-06-05 10:41:36,490 - INFO - 查找'去充值'按钮...
2026-06-05 10:41:36,513 - INFO - 通过文本包含 '去充值' 找到充值按钮
2026-06-05 10:41:38,285 - INFO - 已点击充值按钮
2026-06-05 10:41:41,285 - INFO - 开始提取剩余电量信息...
2026-06-05 10:41:41,300 - INFO - 找到电量信息元素（已省略具体文本以保护隐私）
2026-06-05 10:41:41,300 - WARNING - 未在元素中找到标准格式的电量信息
2026-06-05 10:41:41,313 - INFO - 找到 i 标签中的电量信息（已省略具体文本）
2026-06-05 10:41:41,313 - WARNING - i标签中未找到标准格式的电量信息
2026-06-05 10:41:41,313 - WARNING - 未找到i标签中的电量信息
2026-06-05 10:41:41,316 - INFO - 在页面源码中查找电量信息...
2026-06-05 10:41:41,316 - INFO - 从页面源码中提取到剩余电量: 9.09 度
2026-06-05 10:41:41,329 - INFO - 数据已保存: 9.09 度
2026-06-05 10:41:41,550 - INFO - 电量变化曲线图已保存到: /home/runner/work/nju_electric_monitor/nju_electric_monitor/src/../data/electricity_trend.png
2026-06-05 10:41:41,766 - INFO - 最近20次电量变化曲线图已保存到: /home/runner/work/nju_electric_monitor/nju_electric_monitor/src/../data/recent_20_changes.png
2026-06-05 10:41:41,768 - INFO - 已将最近20次电费曲线图以内嵌方式添加到邮件: /home/runner/work/nju_electric_monitor/nju_electric_monitor/src/../data/recent_20_changes.png
2026-06-05 10:41:45,514 - INFO - 电量低于阈值（9.09 度），已发送邮件提醒到: ['1615372377@qq.com']
2026-06-05 10:41:45,725 - INFO - 监控流程完成
