2026-02-05 03:31:13,328 - INFO - Matplotlib 字体设置：使用回退字体列表，首选可用字体: Noto Sans CJK JP
2026-02-05 03:31:14,758 - INFO - 使用 ChromeDriver: /usr/bin/chromedriver
2026-02-05 03:31:14,758 - WARNING - Using CPU. Note: This module is much faster with a GPU.
2026-02-05 03:31:16,276 - INFO - OCR识别器初始化成功
2026-02-05 03:31:16,276 - INFO - 开始南京大学电费监控流程（自动无头模式）
2026-02-05 03:31:16,276 - INFO - 正在打开页面: https://epay.nju.edu.cn/epay/h5/nju/electric/index
2026-02-05 03:31:28,031 - INFO - 等待登录表单加载...
2026-02-05 03:31:28,040 - INFO - 登录表单已加载
2026-02-05 03:31:28,041 - INFO - 开始填写登录表单...
2026-02-05 03:31:28,102 - INFO - 用户名填写完成
2026-02-05 03:31:28,167 - INFO - 密码填写完成
2026-02-05 03:31:28,167 - INFO - 检查是否有验证码...
2026-02-05 03:31:28,167 - INFO - 查找验证码图片...
2026-02-05 03:31:28,186 - INFO - 找到验证码图片，开始截图...
2026-02-05 03:31:28,241 - INFO - 验证码图片截取成功
2026-02-05 03:31:28,241 - INFO - 开始填写登录表单...
2026-02-05 03:31:28,304 - INFO - 用户名填写完成
2026-02-05 03:31:28,362 - INFO - 密码填写完成
2026-02-05 03:31:28,363 - INFO - 验证码图片已保存到 /home/runner/work/nju_electric_monitor/nju_electric_monitor/src/../data/captcha_debug.png
2026-02-05 03:31:28,363 - INFO - 验证码识别尝试 1/30
2026-02-05 03:31:28,363 - INFO - 开始识别验证码...（easyocr + pytesseract）
2026-02-05 03:31:28,492 - INFO - easyocr 结果: ['QbYE(0.74)']
2026-02-05 03:31:28,659 - INFO - tesseract 结果: ObYE
2026-02-05 03:31:28,724 - INFO - easyocr alt1 结果: ['QbYE(0.27)']
2026-02-05 03:31:28,814 - INFO - tesseract alt1 结果: ebYE
2026-02-05 03:31:28,880 - INFO - easyocr alt2 结果: ['QbYE(0.38)']
2026-02-05 03:31:28,971 - INFO - tesseract alt2 结果: ebYE
2026-02-05 03:31:29,146 - INFO - easyocr alt3 结果: ['QbYE(0.52)']
2026-02-05 03:31:29,243 - INFO - tesseract alt3 结果: 
2026-02-05 03:31:29,322 - INFO - easyocr alt4 结果: ['Q6YE(0.06)']
2026-02-05 03:31:29,414 - INFO - tesseract alt4 结果: ebYE
2026-02-05 03:31:29,494 - INFO - easyocr alt5 结果: ['YE(0.12)']
2026-02-05 03:31:29,587 - INFO - tesseract alt5 结果: ebYE
2026-02-05 03:31:29,588 - INFO - 最终验证码识别结果: QbYE (engine=easyocr, prob=0.7430148720741272)
2026-02-05 03:31:29,588 - INFO - 查找验证码输入框...
2026-02-05 03:31:29,646 - INFO - 验证码填写完成
2026-02-05 03:31:29,646 - INFO - 验证码填写完成，点击登录按钮...
2026-02-05 03:31:29,646 - INFO - 查找并点击登录按钮...
2026-02-05 03:31:35,578 - INFO - 已点击登录按钮
2026-02-05 03:31:42,589 - INFO - 未检测到无效验证码提示，验证码通过
2026-02-05 03:31:42,589 - INFO - 查找并点击登录按钮...
2026-02-05 03:31:42,594 - ERROR - 未找到登录按钮
2026-02-05 03:31:42,594 - ERROR - 点击登录按钮失败
2026-02-05 03:31:42,594 - INFO - 等待登录成功...
2026-02-05 03:31:47,599 - INFO - 登录可能成功，继续下一步...
2026-02-05 03:31:47,599 - INFO - 查找'去充值'按钮...
2026-02-05 03:31:49,578 - INFO - 已点击充值按钮
2026-02-05 03:31:52,579 - INFO - 开始提取剩余电量信息...
2026-02-05 03:31:52,582 - INFO - 页面源码已保存到 /home/runner/work/nju_electric_monitor/nju_electric_monitor/src/../data/debug_page_source.html
2026-02-05 03:31:52,600 - INFO - 找到电量信息元素: 持卡人姓名：***
2026-02-05 03:31:52,601 - WARNING - 未在元素中找到标准格式的电量信息
2026-02-05 03:31:52,613 - INFO - 找到i标签中的电量信息: 吴相民
2026-02-05 03:31:52,613 - WARNING - i标签中未找到标准格式的电量信息
2026-02-05 03:31:52,613 - WARNING - 未找到i标签中的电量信息
2026-02-05 03:31:52,616 - INFO - 在页面源码中查找电量信息...
2026-02-05 03:31:52,616 - INFO - 从页面源码中提取到剩余电量: 20.17 度
2026-02-05 03:31:52,629 - INFO - 数据已保存: 20.17 度
2026-02-05 03:31:52,880 - INFO - 电量变化曲线图已保存到: /home/runner/work/nju_electric_monitor/nju_electric_monitor/src/../data/electricity_trend.png
2026-02-05 03:31:53,123 - INFO - 最近20次电量变化曲线图已保存到: /home/runner/work/nju_electric_monitor/nju_electric_monitor/src/../data/recent_20_changes.png
2026-02-05 03:31:53,123 - INFO - 监控流程完成
