2025-12-06 07:13:53,540 - INFO - Matplotlib 字体设置：使用回退字体列表，首选可用字体: Noto Sans CJK JP
2025-12-06 07:13:54,958 - INFO - 使用 ChromeDriver: /usr/bin/chromedriver
2025-12-06 07:13:54,959 - WARNING - Using CPU. Note: This module is much faster with a GPU.
2025-12-06 07:13:56,578 - INFO - OCR识别器初始化成功
2025-12-06 07:13:56,578 - INFO - 开始南京大学电费监控流程（自动无头模式）
2025-12-06 07:13:56,578 - INFO - 正在打开页面: https://epay.nju.edu.cn/epay/h5/nju/electric/index
2025-12-06 07:14:07,817 - INFO - 等待登录表单加载...
2025-12-06 07:14:07,827 - INFO - 登录表单已加载
2025-12-06 07:14:07,827 - INFO - 开始填写登录表单...
2025-12-06 07:14:07,892 - INFO - 用户名填写完成
2025-12-06 07:14:07,963 - INFO - 密码填写完成
2025-12-06 07:14:07,963 - INFO - 检查是否有验证码...
2025-12-06 07:14:07,963 - INFO - 查找验证码图片...
2025-12-06 07:14:07,983 - INFO - 找到验证码图片，开始截图...
2025-12-06 07:14:08,035 - INFO - 验证码图片截取成功
2025-12-06 07:14:08,035 - INFO - 开始填写登录表单...
2025-12-06 07:14:08,105 - INFO - 用户名填写完成
2025-12-06 07:14:08,171 - INFO - 密码填写完成
2025-12-06 07:14:08,171 - INFO - 验证码图片已保存到 /home/runner/work/nju_electric_monitor/nju_electric_monitor/src/../data/captcha_debug.png
2025-12-06 07:14:08,172 - INFO - 验证码识别尝试 1/30
2025-12-06 07:14:08,172 - INFO - 开始识别验证码...（easyocr + pytesseract）
2025-12-06 07:14:08,301 - INFO - easyocr 结果: ['2CkX(0.72)']
2025-12-06 07:14:08,478 - INFO - tesseract 结果: 2ckx
2025-12-06 07:14:08,543 - INFO - easyocr alt1 结果: ['2CKX(0.70)']
2025-12-06 07:14:08,642 - INFO - tesseract alt1 结果: 2ckx
2025-12-06 07:14:08,703 - INFO - easyocr alt2 结果: ['2CKX(0.66)']
2025-12-06 07:14:08,798 - INFO - tesseract alt2 结果: 2ckx
2025-12-06 07:14:08,960 - INFO - easyocr alt3 结果: ['2CKX(0.96)']
2025-12-06 07:14:09,067 - INFO - tesseract alt3 结果: 2ckx
2025-12-06 07:14:09,127 - INFO - easyocr alt4 结果: ['2ckX(0.36)']
2025-12-06 07:14:09,227 - INFO - tesseract alt4 结果: Zeke
2025-12-06 07:14:09,286 - INFO - easyocr alt5 结果: ['2CKX(0.96)']
2025-12-06 07:14:09,382 - INFO - tesseract alt5 结果: 2ckxe
2025-12-06 07:14:09,382 - INFO - 最终验证码识别结果: 2CKX (engine=easyocr_alt5, prob=0.9575793743133545)
2025-12-06 07:14:09,382 - INFO - 查找验证码输入框...
2025-12-06 07:14:09,443 - INFO - 验证码填写完成
2025-12-06 07:14:09,444 - INFO - 验证码填写完成，点击登录按钮...
2025-12-06 07:14:09,444 - INFO - 查找并点击登录按钮...
2025-12-06 07:14:13,510 - INFO - 已点击登录按钮
2025-12-06 07:14:20,521 - INFO - 未检测到无效验证码提示，验证码通过
2025-12-06 07:14:20,521 - INFO - 查找并点击登录按钮...
2025-12-06 07:14:20,526 - ERROR - 未找到登录按钮
2025-12-06 07:14:20,526 - ERROR - 点击登录按钮失败
2025-12-06 07:14:20,526 - INFO - 等待登录成功...
2025-12-06 07:14:25,531 - INFO - 登录可能成功，继续下一步...
2025-12-06 07:14:25,531 - INFO - 查找'去充值'按钮...
2025-12-06 07:14:27,143 - INFO - 已点击充值按钮
2025-12-06 07:14:30,144 - INFO - 开始提取剩余电量信息...
2025-12-06 07:14:30,147 - INFO - 页面源码已保存到 /home/runner/work/nju_electric_monitor/nju_electric_monitor/src/../data/debug_page_source.html
2025-12-06 07:14:30,167 - INFO - 找到电量信息元素: 持卡人姓名：***
2025-12-06 07:14:30,167 - WARNING - 未在元素中找到标准格式的电量信息
2025-12-06 07:14:30,180 - INFO - 找到i标签中的电量信息: 吴相民
2025-12-06 07:14:30,180 - WARNING - i标签中未找到标准格式的电量信息
2025-12-06 07:14:30,180 - WARNING - 未找到i标签中的电量信息
2025-12-06 07:14:30,183 - INFO - 在页面源码中查找电量信息...
2025-12-06 07:14:30,183 - INFO - 从页面源码中提取到剩余电量: 332.43 度
2025-12-06 07:14:30,208 - INFO - 数据已保存: 332.43 度
2025-12-06 07:14:30,511 - INFO - 电量变化曲线图已保存到: /home/runner/work/nju_electric_monitor/nju_electric_monitor/src/../data/electricity_trend.png
2025-12-06 07:14:30,761 - INFO - 最近20次电量变化曲线图已保存到: /home/runner/work/nju_electric_monitor/nju_electric_monitor/src/../data/recent_20_changes.png
2025-12-06 07:14:30,761 - INFO - 监控流程完成
