2025-12-22 13:31:50,904 - INFO - Matplotlib 字体设置：使用回退字体列表，首选可用字体: Noto Sans CJK JP
2025-12-22 13:31:52,409 - INFO - 使用 ChromeDriver: /usr/bin/chromedriver
2025-12-22 13:31:52,409 - WARNING - Using CPU. Note: This module is much faster with a GPU.
2025-12-22 13:31:53,999 - INFO - OCR识别器初始化成功
2025-12-22 13:31:53,999 - INFO - 开始南京大学电费监控流程（自动无头模式）
2025-12-22 13:31:53,999 - INFO - 正在打开页面: https://epay.nju.edu.cn/epay/h5/nju/electric/index
2025-12-22 13:32:02,980 - INFO - 等待登录表单加载...
2025-12-22 13:32:02,990 - INFO - 登录表单已加载
2025-12-22 13:32:02,990 - INFO - 开始填写登录表单...
2025-12-22 13:32:03,052 - INFO - 用户名填写完成
2025-12-22 13:32:03,118 - INFO - 密码填写完成
2025-12-22 13:32:03,119 - INFO - 检查是否有验证码...
2025-12-22 13:32:03,119 - INFO - 查找验证码图片...
2025-12-22 13:32:03,138 - INFO - 找到验证码图片，开始截图...
2025-12-22 13:32:03,194 - INFO - 验证码图片截取成功
2025-12-22 13:32:03,194 - INFO - 开始填写登录表单...
2025-12-22 13:32:03,259 - INFO - 用户名填写完成
2025-12-22 13:32:03,329 - INFO - 密码填写完成
2025-12-22 13:32:03,330 - INFO - 验证码图片已保存到 /home/runner/work/nju_electric_monitor/nju_electric_monitor/src/../data/captcha_debug.png
2025-12-22 13:32:03,330 - INFO - 验证码识别尝试 1/30
2025-12-22 13:32:03,330 - INFO - 开始识别验证码...（easyocr + pytesseract）
2025-12-22 13:32:03,459 - INFO - easyocr 结果: ['7Z04(0.78)']
2025-12-22 13:32:03,728 - INFO - tesseract 结果: 7ZD4
2025-12-22 13:32:03,801 - INFO - easyocr alt1 结果: ['7204(0.99)']
2025-12-22 13:32:03,897 - INFO - tesseract alt1 结果: 7ZD4
2025-12-22 13:32:03,958 - INFO - easyocr alt2 结果: ['7204(0.90)']
2025-12-22 13:32:04,052 - INFO - tesseract alt2 结果: 7ZD4
2025-12-22 13:32:04,215 - INFO - easyocr alt3 结果: ['7204(0.87)']
2025-12-22 13:32:04,323 - INFO - tesseract alt3 结果: 7ZD4
2025-12-22 13:32:04,382 - INFO - easyocr alt4 结果: ['7204(0.90)']
2025-12-22 13:32:04,476 - INFO - tesseract alt4 结果: 7ZD4
2025-12-22 13:32:04,536 - INFO - easyocr alt5 结果: ['7204(0.84)']
2025-12-22 13:32:04,630 - INFO - tesseract alt5 结果: 7ZD4
2025-12-22 13:32:04,630 - INFO - 最终验证码识别结果: 7204 (engine=easyocr_alt1, prob=0.9870994687080383)
2025-12-22 13:32:04,630 - INFO - 查找验证码输入框...
2025-12-22 13:32:04,689 - INFO - 验证码填写完成
2025-12-22 13:32:04,689 - INFO - 验证码填写完成，点击登录按钮...
2025-12-22 13:32:04,689 - INFO - 查找并点击登录按钮...
2025-12-22 13:32:05,061 - INFO - 已点击登录按钮
2025-12-22 13:32:12,088 - INFO - 开始填写登录表单...
2025-12-22 13:32:12,148 - INFO - 用户名填写完成
2025-12-22 13:32:12,207 - INFO - 密码填写完成
2025-12-22 13:32:12,207 - INFO - 验证码图片已保存到 /home/runner/work/nju_electric_monitor/nju_electric_monitor/src/../data/captcha_debug.png
2025-12-22 13:32:12,207 - INFO - 验证码识别尝试 2/30
2025-12-22 13:32:12,207 - INFO - 开始识别验证码...（easyocr + pytesseract）
2025-12-22 13:32:12,313 - INFO - easyocr 结果: ['7Z04(0.78)']
2025-12-22 13:32:12,411 - INFO - tesseract 结果: 7ZD4
2025-12-22 13:32:12,471 - INFO - easyocr alt1 结果: ['7204(0.99)']
2025-12-22 13:32:12,567 - INFO - tesseract alt1 结果: 7ZD4
2025-12-22 13:32:12,627 - INFO - easyocr alt2 结果: ['7204(0.90)']
2025-12-22 13:32:12,719 - INFO - tesseract alt2 结果: 7ZD4
2025-12-22 13:32:12,877 - INFO - easyocr alt3 结果: ['7204(0.87)']
2025-12-22 13:32:12,984 - INFO - tesseract alt3 结果: 7ZD4
2025-12-22 13:32:13,061 - INFO - easyocr alt4 结果: ['7204(0.90)']
2025-12-22 13:32:13,155 - INFO - tesseract alt4 结果: 7ZD4
2025-12-22 13:32:13,215 - INFO - easyocr alt5 结果: ['7204(0.84)']
2025-12-22 13:32:13,310 - INFO - tesseract alt5 结果: 7ZD4
2025-12-22 13:32:13,310 - INFO - 最终验证码识别结果: 7204 (engine=easyocr_alt1, prob=0.9870994687080383)
2025-12-22 13:32:13,310 - INFO - 查找验证码输入框...
2025-12-22 13:32:13,365 - INFO - 验证码填写完成
2025-12-22 13:32:13,365 - INFO - 验证码填写完成，点击登录按钮...
2025-12-22 13:32:13,365 - INFO - 查找并点击登录按钮...
2025-12-22 13:32:13,419 - INFO - 已点击登录按钮
2025-12-22 13:32:20,440 - INFO - 开始填写登录表单...
2025-12-22 13:32:20,499 - INFO - 用户名填写完成
2025-12-22 13:32:20,560 - INFO - 密码填写完成
2025-12-22 13:32:20,560 - INFO - 验证码图片已保存到 /home/runner/work/nju_electric_monitor/nju_electric_monitor/src/../data/captcha_debug.png
2025-12-22 13:32:20,561 - INFO - 验证码识别尝试 3/30
2025-12-22 13:32:20,561 - INFO - 开始识别验证码...（easyocr + pytesseract）
2025-12-22 13:32:20,670 - INFO - easyocr 结果: ['7Z04(0.78)']
2025-12-22 13:32:20,764 - INFO - tesseract 结果: 7ZD4
2025-12-22 13:32:20,824 - INFO - easyocr alt1 结果: ['7204(0.99)']
2025-12-22 13:32:20,921 - INFO - tesseract alt1 结果: 7ZD4
2025-12-22 13:32:20,980 - INFO - easyocr alt2 结果: ['7204(0.90)']
2025-12-22 13:32:21,074 - INFO - tesseract alt2 结果: 7ZD4
2025-12-22 13:32:21,230 - INFO - easyocr alt3 结果: ['7204(0.87)']
2025-12-22 13:32:21,339 - INFO - tesseract alt3 结果: 7ZD4
2025-12-22 13:32:21,399 - INFO - easyocr alt4 结果: ['7204(0.90)']
2025-12-22 13:32:21,493 - INFO - tesseract alt4 结果: 7ZD4
2025-12-22 13:32:21,553 - INFO - easyocr alt5 结果: ['7204(0.84)']
2025-12-22 13:32:21,651 - INFO - tesseract alt5 结果: 7ZD4
2025-12-22 13:32:21,651 - INFO - 最终验证码识别结果: 7204 (engine=easyocr_alt1, prob=0.9870994687080383)
2025-12-22 13:32:21,651 - INFO - 查找验证码输入框...
2025-12-22 13:32:21,707 - INFO - 验证码填写完成
2025-12-22 13:32:21,707 - INFO - 验证码填写完成，点击登录按钮...
2025-12-22 13:32:21,707 - INFO - 查找并点击登录按钮...
2025-12-22 13:32:22,072 - INFO - 已点击登录按钮
2025-12-22 13:32:29,092 - INFO - 开始填写登录表单...
2025-12-22 13:32:29,150 - INFO - 用户名填写完成
2025-12-22 13:32:29,207 - INFO - 密码填写完成
2025-12-22 13:32:29,208 - INFO - 验证码图片已保存到 /home/runner/work/nju_electric_monitor/nju_electric_monitor/src/../data/captcha_debug.png
2025-12-22 13:32:29,208 - INFO - 验证码识别尝试 4/30
2025-12-22 13:32:29,208 - INFO - 开始识别验证码...（easyocr + pytesseract）
2025-12-22 13:32:29,321 - INFO - easyocr 结果: ['7Z04(0.78)']
2025-12-22 13:32:29,415 - INFO - tesseract 结果: 7ZD4
2025-12-22 13:32:29,474 - INFO - easyocr alt1 结果: ['7204(0.99)']
2025-12-22 13:32:29,570 - INFO - tesseract alt1 结果: 7ZD4
2025-12-22 13:32:29,629 - INFO - easyocr alt2 结果: ['7204(0.90)']
2025-12-22 13:32:29,722 - INFO - tesseract alt2 结果: 7ZD4
2025-12-22 13:32:29,876 - INFO - easyocr alt3 结果: ['7204(0.87)']
2025-12-22 13:32:29,983 - INFO - tesseract alt3 结果: 7ZD4
2025-12-22 13:32:30,042 - INFO - easyocr alt4 结果: ['7204(0.90)']
2025-12-22 13:32:30,143 - INFO - tesseract alt4 结果: 7ZD4
2025-12-22 13:32:30,203 - INFO - easyocr alt5 结果: ['7204(0.84)']
2025-12-22 13:32:30,297 - INFO - tesseract alt5 结果: 7ZD4
2025-12-22 13:32:30,297 - INFO - 最终验证码识别结果: 7204 (engine=easyocr_alt1, prob=0.9870994687080383)
2025-12-22 13:32:30,297 - INFO - 查找验证码输入框...
2025-12-22 13:32:30,351 - INFO - 验证码填写完成
2025-12-22 13:32:30,351 - INFO - 验证码填写完成，点击登录按钮...
2025-12-22 13:32:30,351 - INFO - 查找并点击登录按钮...
2025-12-22 13:32:30,714 - INFO - 已点击登录按钮
2025-12-22 13:32:37,735 - INFO - 开始填写登录表单...
2025-12-22 13:32:37,793 - INFO - 用户名填写完成
2025-12-22 13:32:37,851 - INFO - 密码填写完成
2025-12-22 13:32:37,852 - INFO - 验证码图片已保存到 /home/runner/work/nju_electric_monitor/nju_electric_monitor/src/../data/captcha_debug.png
2025-12-22 13:32:37,852 - INFO - 验证码识别尝试 5/30
2025-12-22 13:32:37,852 - INFO - 开始识别验证码...（easyocr + pytesseract）
2025-12-22 13:32:37,951 - INFO - easyocr 结果: ['7Z04(0.78)']
2025-12-22 13:32:38,048 - INFO - tesseract 结果: 7ZD4
2025-12-22 13:32:38,108 - INFO - easyocr alt1 结果: ['7204(0.99)']
2025-12-22 13:32:38,204 - INFO - tesseract alt1 结果: 7ZD4
2025-12-22 13:32:38,263 - INFO - easyocr alt2 结果: ['7204(0.90)']
2025-12-22 13:32:38,356 - INFO - tesseract alt2 结果: 7ZD4
2025-12-22 13:32:38,516 - INFO - easyocr alt3 结果: ['7204(0.87)']
2025-12-22 13:32:38,624 - INFO - tesseract alt3 结果: 7ZD4
2025-12-22 13:32:38,683 - INFO - easyocr alt4 结果: ['7204(0.90)']
2025-12-22 13:32:38,779 - INFO - tesseract alt4 结果: 7ZD4
2025-12-22 13:32:38,839 - INFO - easyocr alt5 结果: ['7204(0.84)']
2025-12-22 13:32:38,936 - INFO - tesseract alt5 结果: 7ZD4
2025-12-22 13:32:38,936 - INFO - 最终验证码识别结果: 7204 (engine=easyocr_alt1, prob=0.9870994687080383)
2025-12-22 13:32:38,936 - INFO - 查找验证码输入框...
2025-12-22 13:32:38,992 - INFO - 验证码填写完成
2025-12-22 13:32:38,992 - INFO - 验证码填写完成，点击登录按钮...
2025-12-22 13:32:38,992 - INFO - 查找并点击登录按钮...
2025-12-22 13:32:39,049 - INFO - 已点击登录按钮
2025-12-22 13:32:46,071 - INFO - 开始填写登录表单...
2025-12-22 13:32:46,131 - INFO - 用户名填写完成
2025-12-22 13:32:46,189 - INFO - 密码填写完成
2025-12-22 13:32:46,190 - INFO - 验证码图片已保存到 /home/runner/work/nju_electric_monitor/nju_electric_monitor/src/../data/captcha_debug.png
2025-12-22 13:32:46,190 - INFO - 验证码识别尝试 6/30
2025-12-22 13:32:46,190 - INFO - 开始识别验证码...（easyocr + pytesseract）
2025-12-22 13:32:46,287 - INFO - easyocr 结果: ['7Z04(0.78)']
2025-12-22 13:32:46,381 - INFO - tesseract 结果: 7ZD4
2025-12-22 13:32:46,442 - INFO - easyocr alt1 结果: ['7204(0.99)']
2025-12-22 13:32:46,535 - INFO - tesseract alt1 结果: 7ZD4
2025-12-22 13:32:46,597 - INFO - easyocr alt2 结果: ['7204(0.90)']
2025-12-22 13:32:46,690 - INFO - tesseract alt2 结果: 7ZD4
2025-12-22 13:32:46,846 - INFO - easyocr alt3 结果: ['7204(0.87)']
2025-12-22 13:32:46,954 - INFO - tesseract alt3 结果: 7ZD4
2025-12-22 13:32:47,026 - INFO - easyocr alt4 结果: ['7204(0.90)']
2025-12-22 13:32:47,121 - INFO - tesseract alt4 结果: 7ZD4
2025-12-22 13:32:47,180 - INFO - easyocr alt5 结果: ['7204(0.84)']
2025-12-22 13:32:47,275 - INFO - tesseract alt5 结果: 7ZD4
2025-12-22 13:32:47,275 - INFO - 最终验证码识别结果: 7204 (engine=easyocr_alt1, prob=0.9870994687080383)
2025-12-22 13:32:47,275 - INFO - 查找验证码输入框...
2025-12-22 13:32:47,330 - INFO - 验证码填写完成
2025-12-22 13:32:47,330 - INFO - 验证码填写完成，点击登录按钮...
2025-12-22 13:32:47,330 - INFO - 查找并点击登录按钮...
2025-12-22 13:32:47,385 - INFO - 已点击登录按钮
2025-12-22 13:32:54,406 - INFO - 开始填写登录表单...
2025-12-22 13:32:54,465 - INFO - 用户名填写完成
2025-12-22 13:32:54,523 - INFO - 密码填写完成
2025-12-22 13:32:54,524 - INFO - 验证码图片已保存到 /home/runner/work/nju_electric_monitor/nju_electric_monitor/src/../data/captcha_debug.png
2025-12-22 13:32:54,524 - INFO - 验证码识别尝试 7/30
2025-12-22 13:32:54,524 - INFO - 开始识别验证码...（easyocr + pytesseract）
2025-12-22 13:32:54,657 - INFO - easyocr 结果: ['7Z04(0.78)']
2025-12-22 13:32:54,908 - INFO - tesseract 结果: 7ZD4
2025-12-22 13:32:54,968 - INFO - easyocr alt1 结果: ['7204(0.99)']
2025-12-22 13:32:55,063 - INFO - tesseract alt1 结果: 7ZD4
2025-12-22 13:32:55,124 - INFO - easyocr alt2 结果: ['7204(0.90)']
2025-12-22 13:32:55,218 - INFO - tesseract alt2 结果: 7ZD4
2025-12-22 13:32:55,372 - INFO - easyocr alt3 结果: ['7204(0.87)']
2025-12-22 13:32:55,481 - INFO - tesseract alt3 结果: 7ZD4
2025-12-22 13:32:55,541 - INFO - easyocr alt4 结果: ['7204(0.90)']
2025-12-22 13:32:55,640 - INFO - tesseract alt4 结果: 7ZD4
2025-12-22 13:32:55,700 - INFO - easyocr alt5 结果: ['7204(0.84)']
2025-12-22 13:32:55,797 - INFO - tesseract alt5 结果: 7ZD4
2025-12-22 13:32:55,798 - INFO - 最终验证码识别结果: 7204 (engine=easyocr_alt1, prob=0.9870994687080383)
2025-12-22 13:32:55,798 - INFO - 查找验证码输入框...
2025-12-22 13:32:55,853 - INFO - 验证码填写完成
2025-12-22 13:32:55,853 - INFO - 验证码填写完成，点击登录按钮...
2025-12-22 13:32:55,853 - INFO - 查找并点击登录按钮...
2025-12-22 13:32:56,219 - INFO - 已点击登录按钮
2025-12-22 13:33:03,238 - INFO - 开始填写登录表单...
2025-12-22 13:33:03,297 - INFO - 用户名填写完成
2025-12-22 13:33:03,355 - INFO - 密码填写完成
2025-12-22 13:33:03,356 - INFO - 验证码图片已保存到 /home/runner/work/nju_electric_monitor/nju_electric_monitor/src/../data/captcha_debug.png
2025-12-22 13:33:03,356 - INFO - 验证码识别尝试 8/30
2025-12-22 13:33:03,356 - INFO - 开始识别验证码...（easyocr + pytesseract）
2025-12-22 13:33:03,454 - INFO - easyocr 结果: ['7Z04(0.78)']
2025-12-22 13:33:03,550 - INFO - tesseract 结果: 7ZD4
2025-12-22 13:33:03,611 - INFO - easyocr alt1 结果: ['7204(0.99)']
2025-12-22 13:33:03,705 - INFO - tesseract alt1 结果: 7ZD4
2025-12-22 13:33:03,765 - INFO - easyocr alt2 结果: ['7204(0.90)']
2025-12-22 13:33:03,859 - INFO - tesseract alt2 结果: 7ZD4
2025-12-22 13:33:04,014 - INFO - easyocr alt3 结果: ['7204(0.87)']
2025-12-22 13:33:04,121 - INFO - tesseract alt3 结果: 7ZD4
2025-12-22 13:33:04,179 - INFO - easyocr alt4 结果: ['7204(0.90)']
2025-12-22 13:33:04,273 - INFO - tesseract alt4 结果: 7ZD4
2025-12-22 13:33:04,332 - INFO - easyocr alt5 结果: ['7204(0.84)']
2025-12-22 13:33:04,427 - INFO - tesseract alt5 结果: 7ZD4
2025-12-22 13:33:04,427 - INFO - 最终验证码识别结果: 7204 (engine=easyocr_alt1, prob=0.9870994687080383)
2025-12-22 13:33:04,427 - INFO - 查找验证码输入框...
2025-12-22 13:33:04,481 - INFO - 验证码填写完成
2025-12-22 13:33:04,481 - INFO - 验证码填写完成，点击登录按钮...
2025-12-22 13:33:04,481 - INFO - 查找并点击登录按钮...
2025-12-22 13:33:04,845 - INFO - 已点击登录按钮
2025-12-22 13:33:11,865 - INFO - 开始填写登录表单...
2025-12-22 13:33:11,923 - INFO - 用户名填写完成
2025-12-22 13:33:11,980 - INFO - 密码填写完成
2025-12-22 13:33:11,981 - INFO - 验证码图片已保存到 /home/runner/work/nju_electric_monitor/nju_electric_monitor/src/../data/captcha_debug.png
2025-12-22 13:33:11,981 - INFO - 验证码识别尝试 9/30
2025-12-22 13:33:11,981 - INFO - 开始识别验证码...（easyocr + pytesseract）
2025-12-22 13:33:12,099 - INFO - easyocr 结果: ['7Z04(0.78)']
2025-12-22 13:33:12,197 - INFO - tesseract 结果: 7ZD4
2025-12-22 13:33:12,257 - INFO - easyocr alt1 结果: ['7204(0.99)']
2025-12-22 13:33:12,353 - INFO - tesseract alt1 结果: 7ZD4
2025-12-22 13:33:12,412 - INFO - easyocr alt2 结果: ['7204(0.90)']
2025-12-22 13:33:12,508 - INFO - tesseract alt2 结果: 7ZD4
2025-12-22 13:33:12,664 - INFO - easyocr alt3 结果: ['7204(0.87)']
2025-12-22 13:33:12,772 - INFO - tesseract alt3 结果: 7ZD4
2025-12-22 13:33:12,831 - INFO - easyocr alt4 结果: ['7204(0.90)']
2025-12-22 13:33:12,929 - INFO - tesseract alt4 结果: 7ZD4
2025-12-22 13:33:12,989 - INFO - easyocr alt5 结果: ['7204(0.84)']
2025-12-22 13:33:13,082 - INFO - tesseract alt5 结果: 7ZD4
2025-12-22 13:33:13,083 - INFO - 最终验证码识别结果: 7204 (engine=easyocr_alt1, prob=0.9870994687080383)
2025-12-22 13:33:13,083 - INFO - 查找验证码输入框...
2025-12-22 13:33:13,138 - INFO - 验证码填写完成
2025-12-22 13:33:13,139 - INFO - 验证码填写完成，点击登录按钮...
2025-12-22 13:33:13,139 - INFO - 查找并点击登录按钮...
2025-12-22 13:33:13,507 - INFO - 已点击登录按钮
2025-12-22 13:33:20,528 - INFO - 开始填写登录表单...
2025-12-22 13:33:20,587 - INFO - 用户名填写完成
2025-12-22 13:33:20,644 - INFO - 密码填写完成
2025-12-22 13:33:20,645 - INFO - 验证码图片已保存到 /home/runner/work/nju_electric_monitor/nju_electric_monitor/src/../data/captcha_debug.png
2025-12-22 13:33:20,645 - INFO - 验证码识别尝试 10/30
2025-12-22 13:33:20,645 - INFO - 开始识别验证码...（easyocr + pytesseract）
2025-12-22 13:33:20,744 - INFO - easyocr 结果: ['7Z04(0.78)']
2025-12-22 13:33:20,838 - INFO - tesseract 结果: 7ZD4
2025-12-22 13:33:20,898 - INFO - easyocr alt1 结果: ['7204(0.99)']
2025-12-22 13:33:20,992 - INFO - tesseract alt1 结果: 7ZD4
2025-12-22 13:33:21,051 - INFO - easyocr alt2 结果: ['7204(0.90)']
2025-12-22 13:33:21,143 - INFO - tesseract alt2 结果: 7ZD4
2025-12-22 13:33:21,297 - INFO - easyocr alt3 结果: ['7204(0.87)']
2025-12-22 13:33:21,407 - INFO - tesseract alt3 结果: 7ZD4
2025-12-22 13:33:21,466 - INFO - easyocr alt4 结果: ['7204(0.90)']
2025-12-22 13:33:21,560 - INFO - tesseract alt4 结果: 7ZD4
2025-12-22 13:33:21,620 - INFO - easyocr alt5 结果: ['7204(0.84)']
2025-12-22 13:33:21,714 - INFO - tesseract alt5 结果: 7ZD4
2025-12-22 13:33:21,714 - INFO - 最终验证码识别结果: 7204 (engine=easyocr_alt1, prob=0.9870994687080383)
2025-12-22 13:33:21,715 - INFO - 查找验证码输入框...
2025-12-22 13:33:21,769 - INFO - 验证码填写完成
2025-12-22 13:33:21,770 - INFO - 验证码填写完成，点击登录按钮...
2025-12-22 13:33:21,770 - INFO - 查找并点击登录按钮...
2025-12-22 13:33:22,123 - INFO - 已点击登录按钮
2025-12-22 13:33:29,143 - INFO - 开始填写登录表单...
2025-12-22 13:33:29,202 - INFO - 用户名填写完成
2025-12-22 13:33:29,261 - INFO - 密码填写完成
2025-12-22 13:33:29,261 - INFO - 验证码图片已保存到 /home/runner/work/nju_electric_monitor/nju_electric_monitor/src/../data/captcha_debug.png
2025-12-22 13:33:29,261 - INFO - 验证码识别尝试 11/30
2025-12-22 13:33:29,261 - INFO - 开始识别验证码...（easyocr + pytesseract）
2025-12-22 13:33:29,358 - INFO - easyocr 结果: ['7Z04(0.78)']
2025-12-22 13:33:29,453 - INFO - tesseract 结果: 7ZD4
2025-12-22 13:33:29,512 - INFO - easyocr alt1 结果: ['7204(0.99)']
2025-12-22 13:33:29,605 - INFO - tesseract alt1 结果: 7ZD4
2025-12-22 13:33:29,664 - INFO - easyocr alt2 结果: ['7204(0.90)']
2025-12-22 13:33:29,762 - INFO - tesseract alt2 结果: 7ZD4
2025-12-22 13:33:29,916 - INFO - easyocr alt3 结果: ['7204(0.87)']
2025-12-22 13:33:30,023 - INFO - tesseract alt3 结果: 7ZD4
2025-12-22 13:33:30,081 - INFO - easyocr alt4 结果: ['7204(0.90)']
2025-12-22 13:33:30,176 - INFO - tesseract alt4 结果: 7ZD4
2025-12-22 13:33:30,235 - INFO - easyocr alt5 结果: ['7204(0.84)']
2025-12-22 13:33:30,333 - INFO - tesseract alt5 结果: 7ZD4
2025-12-22 13:33:30,333 - INFO - 最终验证码识别结果: 7204 (engine=easyocr_alt1, prob=0.9870994687080383)
2025-12-22 13:33:30,334 - INFO - 查找验证码输入框...
2025-12-22 13:33:30,389 - INFO - 验证码填写完成
2025-12-22 13:33:30,389 - INFO - 验证码填写完成，点击登录按钮...
2025-12-22 13:33:30,389 - INFO - 查找并点击登录按钮...
2025-12-22 13:33:30,445 - INFO - 已点击登录按钮
2025-12-22 13:33:37,465 - INFO - 开始填写登录表单...
2025-12-22 13:33:37,526 - INFO - 用户名填写完成
2025-12-22 13:33:37,586 - INFO - 密码填写完成
2025-12-22 13:33:37,587 - INFO - 验证码图片已保存到 /home/runner/work/nju_electric_monitor/nju_electric_monitor/src/../data/captcha_debug.png
2025-12-22 13:33:37,587 - INFO - 验证码识别尝试 12/30
2025-12-22 13:33:37,587 - INFO - 开始识别验证码...（easyocr + pytesseract）
2025-12-22 13:33:37,683 - INFO - easyocr 结果: ['7Z04(0.78)']
2025-12-22 13:33:37,779 - INFO - tesseract 结果: 7ZD4
2025-12-22 13:33:37,839 - INFO - easyocr alt1 结果: ['7204(0.99)']
2025-12-22 13:33:37,935 - INFO - tesseract alt1 结果: 7ZD4
2025-12-22 13:33:37,994 - INFO - easyocr alt2 结果: ['7204(0.90)']
2025-12-22 13:33:38,090 - INFO - tesseract alt2 结果: 7ZD4
2025-12-22 13:33:38,244 - INFO - easyocr alt3 结果: ['7204(0.87)']
2025-12-22 13:33:38,354 - INFO - tesseract alt3 结果: 7ZD4
2025-12-22 13:33:38,422 - INFO - easyocr alt4 结果: ['7204(0.90)']
2025-12-22 13:33:38,517 - INFO - tesseract alt4 结果: 7ZD4
2025-12-22 13:33:38,576 - INFO - easyocr alt5 结果: ['7204(0.84)']
2025-12-22 13:33:38,676 - INFO - tesseract alt5 结果: 7ZD4
2025-12-22 13:33:38,676 - INFO - 最终验证码识别结果: 7204 (engine=easyocr_alt1, prob=0.9870994687080383)
2025-12-22 13:33:38,676 - INFO - 查找验证码输入框...
2025-12-22 13:33:38,735 - INFO - 验证码填写完成
2025-12-22 13:33:38,735 - INFO - 验证码填写完成，点击登录按钮...
2025-12-22 13:33:38,735 - INFO - 查找并点击登录按钮...
2025-12-22 13:33:39,100 - INFO - 已点击登录按钮
2025-12-22 13:33:46,120 - INFO - 开始填写登录表单...
2025-12-22 13:33:46,182 - INFO - 用户名填写完成
2025-12-22 13:33:46,242 - INFO - 密码填写完成
2025-12-22 13:33:46,243 - INFO - 验证码图片已保存到 /home/runner/work/nju_electric_monitor/nju_electric_monitor/src/../data/captcha_debug.png
2025-12-22 13:33:46,243 - INFO - 验证码识别尝试 13/30
2025-12-22 13:33:46,243 - INFO - 开始识别验证码...（easyocr + pytesseract）
2025-12-22 13:33:46,342 - INFO - easyocr 结果: ['7Z04(0.78)']
2025-12-22 13:33:46,437 - INFO - tesseract 结果: 7ZD4
2025-12-22 13:33:46,498 - INFO - easyocr alt1 结果: ['7204(0.99)']
2025-12-22 13:33:46,593 - INFO - tesseract alt1 结果: 7ZD4
2025-12-22 13:33:46,653 - INFO - easyocr alt2 结果: ['7204(0.90)']
2025-12-22 13:33:46,749 - INFO - tesseract alt2 结果: 7ZD4
2025-12-22 13:33:46,905 - INFO - easyocr alt3 结果: ['7204(0.87)']
2025-12-22 13:33:47,016 - INFO - tesseract alt3 结果: 7ZD4
2025-12-22 13:33:47,076 - INFO - easyocr alt4 结果: ['7204(0.90)']
2025-12-22 13:33:47,169 - INFO - tesseract alt4 结果: 7ZD4
2025-12-22 13:33:47,228 - INFO - easyocr alt5 结果: ['7204(0.84)']
2025-12-22 13:33:47,326 - INFO - tesseract alt5 结果: 7ZD4
2025-12-22 13:33:47,326 - INFO - 最终验证码识别结果: 7204 (engine=easyocr_alt1, prob=0.9870994687080383)
2025-12-22 13:33:47,326 - INFO - 查找验证码输入框...
2025-12-22 13:33:47,381 - INFO - 验证码填写完成
2025-12-22 13:33:47,382 - INFO - 验证码填写完成，点击登录按钮...
2025-12-22 13:33:47,382 - INFO - 查找并点击登录按钮...
2025-12-22 13:33:47,735 - INFO - 已点击登录按钮
2025-12-22 13:33:54,756 - INFO - 开始填写登录表单...
2025-12-22 13:33:54,818 - INFO - 用户名填写完成
2025-12-22 13:33:54,876 - INFO - 密码填写完成
2025-12-22 13:33:54,876 - INFO - 验证码图片已保存到 /home/runner/work/nju_electric_monitor/nju_electric_monitor/src/../data/captcha_debug.png
2025-12-22 13:33:54,876 - INFO - 验证码识别尝试 14/30
2025-12-22 13:33:54,876 - INFO - 开始识别验证码...（easyocr + pytesseract）
2025-12-22 13:33:54,990 - INFO - easyocr 结果: ['7Z04(0.78)']
2025-12-22 13:33:55,088 - INFO - tesseract 结果: 7ZD4
2025-12-22 13:33:55,149 - INFO - easyocr alt1 结果: ['7204(0.99)']
2025-12-22 13:33:55,243 - INFO - tesseract alt1 结果: 7ZD4
2025-12-22 13:33:55,303 - INFO - easyocr alt2 结果: ['7204(0.90)']
2025-12-22 13:33:55,396 - INFO - tesseract alt2 结果: 7ZD4
2025-12-22 13:33:55,551 - INFO - easyocr alt3 结果: ['7204(0.87)']
2025-12-22 13:33:55,660 - INFO - tesseract alt3 结果: 7ZD4
2025-12-22 13:33:55,737 - INFO - easyocr alt4 结果: ['7204(0.90)']
2025-12-22 13:33:55,835 - INFO - tesseract alt4 结果: 7ZD4
2025-12-22 13:33:55,894 - INFO - easyocr alt5 结果: ['7204(0.84)']
2025-12-22 13:33:55,989 - INFO - tesseract alt5 结果: 7ZD4
2025-12-22 13:33:55,989 - INFO - 最终验证码识别结果: 7204 (engine=easyocr_alt1, prob=0.9870994687080383)
2025-12-22 13:33:55,989 - INFO - 查找验证码输入框...
2025-12-22 13:33:56,045 - INFO - 验证码填写完成
2025-12-22 13:33:56,045 - INFO - 验证码填写完成，点击登录按钮...
2025-12-22 13:33:56,045 - INFO - 查找并点击登录按钮...
2025-12-22 13:33:56,409 - INFO - 已点击登录按钮
2025-12-22 13:34:03,431 - INFO - 开始填写登录表单...
2025-12-22 13:34:03,492 - INFO - 用户名填写完成
2025-12-22 13:34:03,552 - INFO - 密码填写完成
2025-12-22 13:34:03,553 - INFO - 验证码图片已保存到 /home/runner/work/nju_electric_monitor/nju_electric_monitor/src/../data/captcha_debug.png
2025-12-22 13:34:03,553 - INFO - 验证码识别尝试 15/30
2025-12-22 13:34:03,553 - INFO - 开始识别验证码...（easyocr + pytesseract）
2025-12-22 13:34:03,651 - INFO - easyocr 结果: ['7Z04(0.78)']
2025-12-22 13:34:03,748 - INFO - tesseract 结果: 7ZD4
2025-12-22 13:34:03,808 - INFO - easyocr alt1 结果: ['7204(0.99)']
2025-12-22 13:34:03,901 - INFO - tesseract alt1 结果: 7ZD4
2025-12-22 13:34:03,960 - INFO - easyocr alt2 结果: ['7204(0.90)']
2025-12-22 13:34:04,054 - INFO - tesseract alt2 结果: 7ZD4
2025-12-22 13:34:04,208 - INFO - easyocr alt3 结果: ['7204(0.87)']
2025-12-22 13:34:04,316 - INFO - tesseract alt3 结果: 7ZD4
2025-12-22 13:34:04,383 - INFO - easyocr alt4 结果: ['7204(0.90)']
2025-12-22 13:34:04,475 - INFO - tesseract alt4 结果: 7ZD4
2025-12-22 13:34:04,535 - INFO - easyocr alt5 结果: ['7204(0.84)']
2025-12-22 13:34:04,632 - INFO - tesseract alt5 结果: 7ZD4
2025-12-22 13:34:04,632 - INFO - 最终验证码识别结果: 7204 (engine=easyocr_alt1, prob=0.9870994687080383)
2025-12-22 13:34:04,632 - INFO - 查找验证码输入框...
2025-12-22 13:34:04,690 - INFO - 验证码填写完成
2025-12-22 13:34:04,690 - INFO - 验证码填写完成，点击登录按钮...
2025-12-22 13:34:04,690 - INFO - 查找并点击登录按钮...
2025-12-22 13:34:04,746 - INFO - 已点击登录按钮
2025-12-22 13:34:11,767 - INFO - 开始填写登录表单...
2025-12-22 13:34:11,825 - INFO - 用户名填写完成
2025-12-22 13:34:11,884 - INFO - 密码填写完成
2025-12-22 13:34:11,884 - INFO - 验证码图片已保存到 /home/runner/work/nju_electric_monitor/nju_electric_monitor/src/../data/captcha_debug.png
2025-12-22 13:34:11,884 - INFO - 验证码识别尝试 16/30
2025-12-22 13:34:11,884 - INFO - 开始识别验证码...（easyocr + pytesseract）
2025-12-22 13:34:11,982 - INFO - easyocr 结果: ['7Z04(0.78)']
2025-12-22 13:34:12,081 - INFO - tesseract 结果: 7ZD4
2025-12-22 13:34:12,142 - INFO - easyocr alt1 结果: ['7204(0.99)']
2025-12-22 13:34:12,237 - INFO - tesseract alt1 结果: 7ZD4
2025-12-22 13:34:12,298 - INFO - easyocr alt2 结果: ['7204(0.90)']
2025-12-22 13:34:12,393 - INFO - tesseract alt2 结果: 7ZD4
2025-12-22 13:34:12,549 - INFO - easyocr alt3 结果: ['7204(0.87)']
2025-12-22 13:34:12,659 - INFO - tesseract alt3 结果: 7ZD4
2025-12-22 13:34:12,719 - INFO - easyocr alt4 结果: ['7204(0.90)']
2025-12-22 13:34:12,815 - INFO - tesseract alt4 结果: 7ZD4
2025-12-22 13:34:12,875 - INFO - easyocr alt5 结果: ['7204(0.84)']
2025-12-22 13:34:12,971 - INFO - tesseract alt5 结果: 7ZD4
2025-12-22 13:34:12,971 - INFO - 最终验证码识别结果: 7204 (engine=easyocr_alt1, prob=0.9870994687080383)
2025-12-22 13:34:12,971 - INFO - 查找验证码输入框...
2025-12-22 13:34:13,026 - INFO - 验证码填写完成
2025-12-22 13:34:13,026 - INFO - 验证码填写完成，点击登录按钮...
2025-12-22 13:34:13,026 - INFO - 查找并点击登录按钮...
2025-12-22 13:34:13,082 - INFO - 已点击登录按钮
2025-12-22 13:34:20,102 - INFO - 开始填写登录表单...
2025-12-22 13:34:20,161 - INFO - 用户名填写完成
2025-12-22 13:34:20,218 - INFO - 密码填写完成
2025-12-22 13:34:20,219 - INFO - 验证码图片已保存到 /home/runner/work/nju_electric_monitor/nju_electric_monitor/src/../data/captcha_debug.png
2025-12-22 13:34:20,219 - INFO - 验证码识别尝试 17/30
2025-12-22 13:34:20,219 - INFO - 开始识别验证码...（easyocr + pytesseract）
2025-12-22 13:34:20,329 - INFO - easyocr 结果: ['7Z04(0.78)']
2025-12-22 13:34:20,424 - INFO - tesseract 结果: 7ZD4
2025-12-22 13:34:20,486 - INFO - easyocr alt1 结果: ['7204(0.99)']
2025-12-22 13:34:20,584 - INFO - tesseract alt1 结果: 7ZD4
2025-12-22 13:34:20,646 - INFO - easyocr alt2 结果: ['7204(0.90)']
2025-12-22 13:34:20,746 - INFO - tesseract alt2 结果: 7ZD4
2025-12-22 13:34:20,901 - INFO - easyocr alt3 结果: ['7204(0.87)']
2025-12-22 13:34:21,012 - INFO - tesseract alt3 结果: 7ZD4
2025-12-22 13:34:21,071 - INFO - easyocr alt4 结果: ['7204(0.90)']
2025-12-22 13:34:21,165 - INFO - tesseract alt4 结果: 7ZD4
2025-12-22 13:34:21,224 - INFO - easyocr alt5 结果: ['7204(0.84)']
2025-12-22 13:34:21,323 - INFO - tesseract alt5 结果: 7ZD4
2025-12-22 13:34:21,323 - INFO - 最终验证码识别结果: 7204 (engine=easyocr_alt1, prob=0.9870994687080383)
2025-12-22 13:34:21,323 - INFO - 查找验证码输入框...
2025-12-22 13:34:21,377 - INFO - 验证码填写完成
2025-12-22 13:34:21,377 - INFO - 验证码填写完成，点击登录按钮...
2025-12-22 13:34:21,377 - INFO - 查找并点击登录按钮...
2025-12-22 13:34:21,432 - INFO - 已点击登录按钮
2025-12-22 13:34:28,451 - INFO - 开始填写登录表单...
2025-12-22 13:34:28,512 - INFO - 用户名填写完成
2025-12-22 13:34:28,571 - INFO - 密码填写完成
2025-12-22 13:34:28,571 - INFO - 验证码图片已保存到 /home/runner/work/nju_electric_monitor/nju_electric_monitor/src/../data/captcha_debug.png
2025-12-22 13:34:28,571 - INFO - 验证码识别尝试 18/30
2025-12-22 13:34:28,571 - INFO - 开始识别验证码...（easyocr + pytesseract）
2025-12-22 13:34:28,671 - INFO - easyocr 结果: ['7Z04(0.78)']
2025-12-22 13:34:28,767 - INFO - tesseract 结果: 7ZD4
2025-12-22 13:34:28,829 - INFO - easyocr alt1 结果: ['7204(0.99)']
2025-12-22 13:34:28,927 - INFO - tesseract alt1 结果: 7ZD4
2025-12-22 13:34:28,990 - INFO - easyocr alt2 结果: ['7204(0.90)']
2025-12-22 13:34:29,083 - INFO - tesseract alt2 结果: 7ZD4
2025-12-22 13:34:29,238 - INFO - easyocr alt3 结果: ['7204(0.87)']
2025-12-22 13:34:29,347 - INFO - tesseract alt3 结果: 7ZD4
2025-12-22 13:34:29,415 - INFO - easyocr alt4 结果: ['7204(0.90)']
2025-12-22 13:34:29,511 - INFO - tesseract alt4 结果: 7ZD4
2025-12-22 13:34:29,571 - INFO - easyocr alt5 结果: ['7204(0.84)']
2025-12-22 13:34:29,666 - INFO - tesseract alt5 结果: 7ZD4
2025-12-22 13:34:29,666 - INFO - 最终验证码识别结果: 7204 (engine=easyocr_alt1, prob=0.9870994687080383)
2025-12-22 13:34:29,666 - INFO - 查找验证码输入框...
2025-12-22 13:34:29,721 - INFO - 验证码填写完成
2025-12-22 13:34:29,721 - INFO - 验证码填写完成，点击登录按钮...
2025-12-22 13:34:29,721 - INFO - 查找并点击登录按钮...
2025-12-22 13:34:29,778 - INFO - 已点击登录按钮
2025-12-22 13:34:36,798 - INFO - 开始填写登录表单...
2025-12-22 13:34:36,858 - INFO - 用户名填写完成
2025-12-22 13:34:36,916 - INFO - 密码填写完成
2025-12-22 13:34:36,916 - INFO - 验证码图片已保存到 /home/runner/work/nju_electric_monitor/nju_electric_monitor/src/../data/captcha_debug.png
2025-12-22 13:34:36,917 - INFO - 验证码识别尝试 19/30
2025-12-22 13:34:36,917 - INFO - 开始识别验证码...（easyocr + pytesseract）
2025-12-22 13:34:37,015 - INFO - easyocr 结果: ['7Z04(0.78)']
2025-12-22 13:34:37,114 - INFO - tesseract 结果: 7ZD4
2025-12-22 13:34:37,175 - INFO - easyocr alt1 结果: ['7204(0.99)']
2025-12-22 13:34:37,272 - INFO - tesseract alt1 结果: 7ZD4
2025-12-22 13:34:37,332 - INFO - easyocr alt2 结果: ['7204(0.90)']
2025-12-22 13:34:37,430 - INFO - tesseract alt2 结果: 7ZD4
2025-12-22 13:34:37,587 - INFO - easyocr alt3 结果: ['7204(0.87)']
2025-12-22 13:34:37,698 - INFO - tesseract alt3 结果: 7ZD4
2025-12-22 13:34:37,759 - INFO - easyocr alt4 结果: ['7204(0.90)']
2025-12-22 13:34:37,854 - INFO - tesseract alt4 结果: 7ZD4
2025-12-22 13:34:37,914 - INFO - easyocr alt5 结果: ['7204(0.84)']
2025-12-22 13:34:38,009 - INFO - tesseract alt5 结果: 7ZD4
2025-12-22 13:34:38,010 - INFO - 最终验证码识别结果: 7204 (engine=easyocr_alt1, prob=0.9870994687080383)
2025-12-22 13:34:38,010 - INFO - 查找验证码输入框...
2025-12-22 13:34:38,066 - INFO - 验证码填写完成
2025-12-22 13:34:38,066 - INFO - 验证码填写完成，点击登录按钮...
2025-12-22 13:34:38,066 - INFO - 查找并点击登录按钮...
2025-12-22 13:34:38,435 - INFO - 已点击登录按钮
2025-12-22 13:34:45,455 - INFO - 开始填写登录表单...
2025-12-22 13:34:45,514 - INFO - 用户名填写完成
2025-12-22 13:34:45,571 - INFO - 密码填写完成
2025-12-22 13:34:45,572 - INFO - 验证码图片已保存到 /home/runner/work/nju_electric_monitor/nju_electric_monitor/src/../data/captcha_debug.png
2025-12-22 13:34:45,572 - INFO - 验证码识别尝试 20/30
2025-12-22 13:34:45,572 - INFO - 开始识别验证码...（easyocr + pytesseract）
2025-12-22 13:34:45,670 - INFO - easyocr 结果: ['7Z04(0.78)']
2025-12-22 13:34:45,769 - INFO - tesseract 结果: 7ZD4
2025-12-22 13:34:45,829 - INFO - easyocr alt1 结果: ['7204(0.99)']
2025-12-22 13:34:45,923 - INFO - tesseract alt1 结果: 7ZD4
2025-12-22 13:34:45,982 - INFO - easyocr alt2 结果: ['7204(0.90)']
2025-12-22 13:34:46,082 - INFO - tesseract alt2 结果: 7ZD4
2025-12-22 13:34:46,235 - INFO - easyocr alt3 结果: ['7204(0.87)']
2025-12-22 13:34:46,344 - INFO - tesseract alt3 结果: 7ZD4
2025-12-22 13:34:46,403 - INFO - easyocr alt4 结果: ['7204(0.90)']
2025-12-22 13:34:46,497 - INFO - tesseract alt4 结果: 7ZD4
2025-12-22 13:34:46,558 - INFO - easyocr alt5 结果: ['7204(0.84)']
2025-12-22 13:34:46,671 - INFO - tesseract alt5 结果: 7ZD4
2025-12-22 13:34:46,671 - INFO - 最终验证码识别结果: 7204 (engine=easyocr_alt1, prob=0.9870994687080383)
2025-12-22 13:34:46,671 - INFO - 查找验证码输入框...
2025-12-22 13:34:46,726 - INFO - 验证码填写完成
2025-12-22 13:34:46,726 - INFO - 验证码填写完成，点击登录按钮...
2025-12-22 13:34:46,726 - INFO - 查找并点击登录按钮...
2025-12-22 13:34:46,780 - INFO - 已点击登录按钮
2025-12-22 13:34:53,800 - INFO - 开始填写登录表单...
2025-12-22 13:34:53,859 - INFO - 用户名填写完成
2025-12-22 13:34:53,916 - INFO - 密码填写完成
2025-12-22 13:34:53,917 - INFO - 验证码图片已保存到 /home/runner/work/nju_electric_monitor/nju_electric_monitor/src/../data/captcha_debug.png
2025-12-22 13:34:53,917 - INFO - 验证码识别尝试 21/30
2025-12-22 13:34:53,917 - INFO - 开始识别验证码...（easyocr + pytesseract）
2025-12-22 13:34:54,014 - INFO - easyocr 结果: ['7Z04(0.78)']
2025-12-22 13:34:54,109 - INFO - tesseract 结果: 7ZD4
2025-12-22 13:34:54,169 - INFO - easyocr alt1 结果: ['7204(0.99)']
2025-12-22 13:34:54,266 - INFO - tesseract alt1 结果: 7ZD4
2025-12-22 13:34:54,325 - INFO - easyocr alt2 结果: ['7204(0.90)']
2025-12-22 13:34:54,422 - INFO - tesseract alt2 结果: 7ZD4
2025-12-22 13:34:54,577 - INFO - easyocr alt3 结果: ['7204(0.87)']
2025-12-22 13:34:54,683 - INFO - tesseract alt3 结果: 7ZD4
2025-12-22 13:34:54,742 - INFO - easyocr alt4 结果: ['7204(0.90)']
2025-12-22 13:34:54,836 - INFO - tesseract alt4 结果: 7ZD4
2025-12-22 13:34:54,895 - INFO - easyocr alt5 结果: ['7204(0.84)']
2025-12-22 13:34:54,990 - INFO - tesseract alt5 结果: 7ZD4
2025-12-22 13:34:54,990 - INFO - 最终验证码识别结果: 7204 (engine=easyocr_alt1, prob=0.9870994687080383)
2025-12-22 13:34:54,990 - INFO - 查找验证码输入框...
2025-12-22 13:34:55,045 - INFO - 验证码填写完成
2025-12-22 13:34:55,045 - INFO - 验证码填写完成，点击登录按钮...
2025-12-22 13:34:55,045 - INFO - 查找并点击登录按钮...
2025-12-22 13:34:55,413 - INFO - 已点击登录按钮
2025-12-22 13:35:02,432 - INFO - 开始填写登录表单...
2025-12-22 13:35:02,490 - INFO - 用户名填写完成
2025-12-22 13:35:02,547 - INFO - 密码填写完成
2025-12-22 13:35:02,548 - INFO - 验证码图片已保存到 /home/runner/work/nju_electric_monitor/nju_electric_monitor/src/../data/captcha_debug.png
2025-12-22 13:35:02,548 - INFO - 验证码识别尝试 22/30
2025-12-22 13:35:02,548 - INFO - 开始识别验证码...（easyocr + pytesseract）
2025-12-22 13:35:02,647 - INFO - easyocr 结果: ['7Z04(0.78)']
2025-12-22 13:35:02,743 - INFO - tesseract 结果: 7ZD4
2025-12-22 13:35:02,803 - INFO - easyocr alt1 结果: ['7204(0.99)']
2025-12-22 13:35:02,904 - INFO - tesseract alt1 结果: 7ZD4
2025-12-22 13:35:02,963 - INFO - easyocr alt2 结果: ['7204(0.90)']
2025-12-22 13:35:03,057 - INFO - tesseract alt2 结果: 7ZD4
2025-12-22 13:35:03,213 - INFO - easyocr alt3 结果: ['7204(0.87)']
2025-12-22 13:35:03,327 - INFO - tesseract alt3 结果: 7ZD4
2025-12-22 13:35:03,387 - INFO - easyocr alt4 结果: ['7204(0.90)']
2025-12-22 13:35:03,487 - INFO - tesseract alt4 结果: 7ZD4
2025-12-22 13:35:03,547 - INFO - easyocr alt5 结果: ['7204(0.84)']
2025-12-22 13:35:03,642 - INFO - tesseract alt5 结果: 7ZD4
2025-12-22 13:35:03,642 - INFO - 最终验证码识别结果: 7204 (engine=easyocr_alt1, prob=0.9870994687080383)
2025-12-22 13:35:03,643 - INFO - 查找验证码输入框...
2025-12-22 13:35:03,698 - INFO - 验证码填写完成
2025-12-22 13:35:03,698 - INFO - 验证码填写完成，点击登录按钮...
2025-12-22 13:35:03,698 - INFO - 查找并点击登录按钮...
2025-12-22 13:35:04,051 - INFO - 已点击登录按钮
2025-12-22 13:35:11,070 - INFO - 开始填写登录表单...
2025-12-22 13:35:11,128 - INFO - 用户名填写完成
2025-12-22 13:35:11,184 - INFO - 密码填写完成
2025-12-22 13:35:11,185 - INFO - 验证码图片已保存到 /home/runner/work/nju_electric_monitor/nju_electric_monitor/src/../data/captcha_debug.png
2025-12-22 13:35:11,185 - INFO - 验证码识别尝试 23/30
2025-12-22 13:35:11,185 - INFO - 开始识别验证码...（easyocr + pytesseract）
2025-12-22 13:35:11,294 - INFO - easyocr 结果: ['7Z04(0.78)']
2025-12-22 13:35:11,395 - INFO - tesseract 结果: 7ZD4
2025-12-22 13:35:11,455 - INFO - easyocr alt1 结果: ['7204(0.99)']
2025-12-22 13:35:11,552 - INFO - tesseract alt1 结果: 7ZD4
2025-12-22 13:35:11,611 - INFO - easyocr alt2 结果: ['7204(0.90)']
2025-12-22 13:35:11,710 - INFO - tesseract alt2 结果: 7ZD4
2025-12-22 13:35:11,865 - INFO - easyocr alt3 结果: ['7204(0.87)']
2025-12-22 13:35:11,974 - INFO - tesseract alt3 结果: 7ZD4
2025-12-22 13:35:12,033 - INFO - easyocr alt4 结果: ['7204(0.90)']
2025-12-22 13:35:12,128 - INFO - tesseract alt4 结果: 7ZD4
2025-12-22 13:35:12,187 - INFO - easyocr alt5 结果: ['7204(0.84)']
2025-12-22 13:35:12,284 - INFO - tesseract alt5 结果: 7ZD4
2025-12-22 13:35:12,284 - INFO - 最终验证码识别结果: 7204 (engine=easyocr_alt1, prob=0.9870994687080383)
2025-12-22 13:35:12,284 - INFO - 查找验证码输入框...
2025-12-22 13:35:12,338 - INFO - 验证码填写完成
2025-12-22 13:35:12,338 - INFO - 验证码填写完成，点击登录按钮...
2025-12-22 13:35:12,338 - INFO - 查找并点击登录按钮...
2025-12-22 13:35:12,394 - INFO - 已点击登录按钮
2025-12-22 13:35:19,413 - INFO - 开始填写登录表单...
2025-12-22 13:35:19,473 - INFO - 用户名填写完成
2025-12-22 13:35:19,531 - INFO - 密码填写完成
2025-12-22 13:35:19,531 - INFO - 验证码图片已保存到 /home/runner/work/nju_electric_monitor/nju_electric_monitor/src/../data/captcha_debug.png
2025-12-22 13:35:19,531 - INFO - 验证码识别尝试 24/30
2025-12-22 13:35:19,531 - INFO - 开始识别验证码...（easyocr + pytesseract）
2025-12-22 13:35:19,629 - INFO - easyocr 结果: ['7Z04(0.78)']
2025-12-22 13:35:19,728 - INFO - tesseract 结果: 7ZD4
2025-12-22 13:35:19,789 - INFO - easyocr alt1 结果: ['7204(0.99)']
2025-12-22 13:35:19,884 - INFO - tesseract alt1 结果: 7ZD4
2025-12-22 13:35:19,943 - INFO - easyocr alt2 结果: ['7204(0.90)']
2025-12-22 13:35:20,043 - INFO - tesseract alt2 结果: 7ZD4
2025-12-22 13:35:20,206 - INFO - easyocr alt3 结果: ['7204(0.87)']
2025-12-22 13:35:20,313 - INFO - tesseract alt3 结果: 7ZD4
2025-12-22 13:35:20,375 - INFO - easyocr alt4 结果: ['7204(0.90)']
2025-12-22 13:35:20,470 - INFO - tesseract alt4 结果: 7ZD4
2025-12-22 13:35:20,530 - INFO - easyocr alt5 结果: ['7204(0.84)']
2025-12-22 13:35:20,631 - INFO - tesseract alt5 结果: 7ZD4
2025-12-22 13:35:20,631 - INFO - 最终验证码识别结果: 7204 (engine=easyocr_alt1, prob=0.9870994687080383)
2025-12-22 13:35:20,632 - INFO - 查找验证码输入框...
2025-12-22 13:35:20,686 - INFO - 验证码填写完成
2025-12-22 13:35:20,686 - INFO - 验证码填写完成，点击登录按钮...
2025-12-22 13:35:20,686 - INFO - 查找并点击登录按钮...
2025-12-22 13:35:20,740 - INFO - 已点击登录按钮
2025-12-22 13:35:27,760 - INFO - 开始填写登录表单...
2025-12-22 13:35:27,819 - INFO - 用户名填写完成
2025-12-22 13:35:27,875 - INFO - 密码填写完成
2025-12-22 13:35:27,876 - INFO - 验证码图片已保存到 /home/runner/work/nju_electric_monitor/nju_electric_monitor/src/../data/captcha_debug.png
2025-12-22 13:35:27,876 - INFO - 验证码识别尝试 25/30
2025-12-22 13:35:27,876 - INFO - 开始识别验证码...（easyocr + pytesseract）
2025-12-22 13:35:27,972 - INFO - easyocr 结果: ['7Z04(0.78)']
2025-12-22 13:35:28,067 - INFO - tesseract 结果: 7ZD4
2025-12-22 13:35:28,126 - INFO - easyocr alt1 结果: ['7204(0.99)']
2025-12-22 13:35:28,221 - INFO - tesseract alt1 结果: 7ZD4
2025-12-22 13:35:28,288 - INFO - easyocr alt2 结果: ['7204(0.90)']
2025-12-22 13:35:28,382 - INFO - tesseract alt2 结果: 7ZD4
2025-12-22 13:35:28,535 - INFO - easyocr alt3 结果: ['7204(0.87)']
2025-12-22 13:35:28,644 - INFO - tesseract alt3 结果: 7ZD4
2025-12-22 13:35:28,710 - INFO - easyocr alt4 结果: ['7204(0.90)']
2025-12-22 13:35:28,805 - INFO - tesseract alt4 结果: 7ZD4
2025-12-22 13:35:28,864 - INFO - easyocr alt5 结果: ['7204(0.84)']
2025-12-22 13:35:28,959 - INFO - tesseract alt5 结果: 7ZD4
2025-12-22 13:35:28,959 - INFO - 最终验证码识别结果: 7204 (engine=easyocr_alt1, prob=0.9870994687080383)
2025-12-22 13:35:28,959 - INFO - 查找验证码输入框...
2025-12-22 13:35:29,014 - INFO - 验证码填写完成
2025-12-22 13:35:29,014 - INFO - 验证码填写完成，点击登录按钮...
2025-12-22 13:35:29,014 - INFO - 查找并点击登录按钮...
2025-12-22 13:35:29,384 - INFO - 已点击登录按钮
2025-12-22 13:35:36,403 - INFO - 开始填写登录表单...
2025-12-22 13:35:36,461 - INFO - 用户名填写完成
2025-12-22 13:35:36,517 - INFO - 密码填写完成
2025-12-22 13:35:36,518 - INFO - 验证码图片已保存到 /home/runner/work/nju_electric_monitor/nju_electric_monitor/src/../data/captcha_debug.png
2025-12-22 13:35:36,518 - INFO - 验证码识别尝试 26/30
2025-12-22 13:35:36,518 - INFO - 开始识别验证码...（easyocr + pytesseract）
2025-12-22 13:35:36,615 - INFO - easyocr 结果: ['7Z04(0.78)']
2025-12-22 13:35:36,710 - INFO - tesseract 结果: 7ZD4
2025-12-22 13:35:36,772 - INFO - easyocr alt1 结果: ['7204(0.99)']
2025-12-22 13:35:36,866 - INFO - tesseract alt1 结果: 7ZD4
2025-12-22 13:35:36,925 - INFO - easyocr alt2 结果: ['7204(0.90)']
2025-12-22 13:35:37,018 - INFO - tesseract alt2 结果: 7ZD4
2025-12-22 13:35:37,175 - INFO - easyocr alt3 结果: ['7204(0.87)']
2025-12-22 13:35:37,281 - INFO - tesseract alt3 结果: 7ZD4
2025-12-22 13:35:37,349 - INFO - easyocr alt4 结果: ['7204(0.90)']
2025-12-22 13:35:37,446 - INFO - tesseract alt4 结果: 7ZD4
2025-12-22 13:35:37,505 - INFO - easyocr alt5 结果: ['7204(0.84)']
2025-12-22 13:35:37,601 - INFO - tesseract alt5 结果: 7ZD4
2025-12-22 13:35:37,601 - INFO - 最终验证码识别结果: 7204 (engine=easyocr_alt1, prob=0.9870994687080383)
2025-12-22 13:35:37,601 - INFO - 查找验证码输入框...
2025-12-22 13:35:37,655 - INFO - 验证码填写完成
2025-12-22 13:35:37,655 - INFO - 验证码填写完成，点击登录按钮...
2025-12-22 13:35:37,655 - INFO - 查找并点击登录按钮...
2025-12-22 13:35:37,709 - INFO - 已点击登录按钮
2025-12-22 13:35:44,729 - INFO - 开始填写登录表单...
2025-12-22 13:35:44,787 - INFO - 用户名填写完成
2025-12-22 13:35:44,842 - INFO - 密码填写完成
2025-12-22 13:35:44,843 - INFO - 验证码图片已保存到 /home/runner/work/nju_electric_monitor/nju_electric_monitor/src/../data/captcha_debug.png
2025-12-22 13:35:44,843 - INFO - 验证码识别尝试 27/30
2025-12-22 13:35:44,843 - INFO - 开始识别验证码...（easyocr + pytesseract）
2025-12-22 13:35:44,940 - INFO - easyocr 结果: ['7Z04(0.78)']
2025-12-22 13:35:45,038 - INFO - tesseract 结果: 7ZD4
2025-12-22 13:35:45,100 - INFO - easyocr alt1 结果: ['7204(0.99)']
2025-12-22 13:35:45,198 - INFO - tesseract alt1 结果: 7ZD4
2025-12-22 13:35:45,258 - INFO - easyocr alt2 结果: ['7204(0.90)']
2025-12-22 13:35:45,353 - INFO - tesseract alt2 结果: 7ZD4
2025-12-22 13:35:45,508 - INFO - easyocr alt3 结果: ['7204(0.87)']
2025-12-22 13:35:45,616 - INFO - tesseract alt3 结果: 7ZD4
2025-12-22 13:35:45,685 - INFO - easyocr alt4 结果: ['7204(0.90)']
2025-12-22 13:35:45,782 - INFO - tesseract alt4 结果: 7ZD4
2025-12-22 13:35:45,842 - INFO - easyocr alt5 结果: ['7204(0.84)']
2025-12-22 13:35:45,938 - INFO - tesseract alt5 结果: 7ZD4
2025-12-22 13:35:45,938 - INFO - 最终验证码识别结果: 7204 (engine=easyocr_alt1, prob=0.9870994687080383)
2025-12-22 13:35:45,938 - INFO - 查找验证码输入框...
2025-12-22 13:35:45,993 - INFO - 验证码填写完成
2025-12-22 13:35:45,993 - INFO - 验证码填写完成，点击登录按钮...
2025-12-22 13:35:45,993 - INFO - 查找并点击登录按钮...
2025-12-22 13:35:46,364 - INFO - 已点击登录按钮
2025-12-22 13:35:53,384 - INFO - 开始填写登录表单...
2025-12-22 13:35:53,442 - INFO - 用户名填写完成
2025-12-22 13:35:53,500 - INFO - 密码填写完成
2025-12-22 13:35:53,501 - INFO - 验证码图片已保存到 /home/runner/work/nju_electric_monitor/nju_electric_monitor/src/../data/captcha_debug.png
2025-12-22 13:35:53,501 - INFO - 验证码识别尝试 28/30
2025-12-22 13:35:53,501 - INFO - 开始识别验证码...（easyocr + pytesseract）
2025-12-22 13:35:53,609 - INFO - easyocr 结果: ['7Z04(0.78)']
2025-12-22 13:35:53,706 - INFO - tesseract 结果: 7ZD4
2025-12-22 13:35:53,767 - INFO - easyocr alt1 结果: ['7204(0.99)']
2025-12-22 13:35:53,863 - INFO - tesseract alt1 结果: 7ZD4
2025-12-22 13:35:53,922 - INFO - easyocr alt2 结果: ['7204(0.90)']
2025-12-22 13:35:54,019 - INFO - tesseract alt2 结果: 7ZD4
2025-12-22 13:35:54,184 - INFO - easyocr alt3 结果: ['7204(0.87)']
2025-12-22 13:35:54,292 - INFO - tesseract alt3 结果: 7ZD4
2025-12-22 13:35:54,352 - INFO - easyocr alt4 结果: ['7204(0.90)']
2025-12-22 13:35:54,446 - INFO - tesseract alt4 结果: 7ZD4
2025-12-22 13:35:54,505 - INFO - easyocr alt5 结果: ['7204(0.84)']
2025-12-22 13:35:54,599 - INFO - tesseract alt5 结果: 7ZD4
2025-12-22 13:35:54,599 - INFO - 最终验证码识别结果: 7204 (engine=easyocr_alt1, prob=0.9870994687080383)
2025-12-22 13:35:54,599 - INFO - 查找验证码输入框...
2025-12-22 13:35:54,653 - INFO - 验证码填写完成
2025-12-22 13:35:54,653 - INFO - 验证码填写完成，点击登录按钮...
2025-12-22 13:35:54,653 - INFO - 查找并点击登录按钮...
2025-12-22 13:35:54,708 - INFO - 已点击登录按钮
2025-12-22 13:36:01,729 - INFO - 开始填写登录表单...
2025-12-22 13:36:01,788 - INFO - 用户名填写完成
2025-12-22 13:36:01,846 - INFO - 密码填写完成
2025-12-22 13:36:01,847 - INFO - 验证码图片已保存到 /home/runner/work/nju_electric_monitor/nju_electric_monitor/src/../data/captcha_debug.png
2025-12-22 13:36:01,847 - INFO - 验证码识别尝试 29/30
2025-12-22 13:36:01,847 - INFO - 开始识别验证码...（easyocr + pytesseract）
2025-12-22 13:36:01,945 - INFO - easyocr 结果: ['7Z04(0.78)']
2025-12-22 13:36:02,048 - INFO - tesseract 结果: 7ZD4
2025-12-22 13:36:02,108 - INFO - easyocr alt1 结果: ['7204(0.99)']
2025-12-22 13:36:02,205 - INFO - tesseract alt1 结果: 7ZD4
2025-12-22 13:36:02,264 - INFO - easyocr alt2 结果: ['7204(0.90)']
2025-12-22 13:36:02,360 - INFO - tesseract alt2 结果: 7ZD4
2025-12-22 13:36:02,515 - INFO - easyocr alt3 结果: ['7204(0.87)']
2025-12-22 13:36:02,622 - INFO - tesseract alt3 结果: 7ZD4
2025-12-22 13:36:02,681 - INFO - easyocr alt4 结果: ['7204(0.90)']
2025-12-22 13:36:02,777 - INFO - tesseract alt4 结果: 7ZD4
2025-12-22 13:36:02,837 - INFO - easyocr alt5 结果: ['7204(0.84)']
2025-12-22 13:36:02,932 - INFO - tesseract alt5 结果: 7ZD4
2025-12-22 13:36:02,932 - INFO - 最终验证码识别结果: 7204 (engine=easyocr_alt1, prob=0.9870994687080383)
2025-12-22 13:36:02,933 - INFO - 查找验证码输入框...
2025-12-22 13:36:02,986 - INFO - 验证码填写完成
2025-12-22 13:36:02,987 - INFO - 验证码填写完成，点击登录按钮...
2025-12-22 13:36:02,987 - INFO - 查找并点击登录按钮...
2025-12-22 13:36:03,042 - INFO - 已点击登录按钮
2025-12-22 13:36:10,062 - INFO - 开始填写登录表单...
2025-12-22 13:36:10,123 - INFO - 用户名填写完成
2025-12-22 13:36:10,180 - INFO - 密码填写完成
2025-12-22 13:36:10,181 - INFO - 验证码图片已保存到 /home/runner/work/nju_electric_monitor/nju_electric_monitor/src/../data/captcha_debug.png
2025-12-22 13:36:10,181 - INFO - 验证码识别尝试 30/30
2025-12-22 13:36:10,181 - INFO - 开始识别验证码...（easyocr + pytesseract）
2025-12-22 13:36:10,279 - INFO - easyocr 结果: ['7Z04(0.78)']
2025-12-22 13:36:10,376 - INFO - tesseract 结果: 7ZD4
2025-12-22 13:36:10,437 - INFO - easyocr alt1 结果: ['7204(0.99)']
2025-12-22 13:36:10,539 - INFO - tesseract alt1 结果: 7ZD4
2025-12-22 13:36:10,600 - INFO - easyocr alt2 结果: ['7204(0.90)']
2025-12-22 13:36:10,696 - INFO - tesseract alt2 结果: 7ZD4
2025-12-22 13:36:10,858 - INFO - easyocr alt3 结果: ['7204(0.87)']
2025-12-22 13:36:10,966 - INFO - tesseract alt3 结果: 7ZD4
2025-12-22 13:36:11,031 - INFO - easyocr alt4 结果: ['7204(0.90)']
2025-12-22 13:36:11,123 - INFO - tesseract alt4 结果: 7ZD4
2025-12-22 13:36:11,190 - INFO - easyocr alt5 结果: ['7204(0.84)']
2025-12-22 13:36:11,286 - INFO - tesseract alt5 结果: 7ZD4
2025-12-22 13:36:11,286 - INFO - 最终验证码识别结果: 7204 (engine=easyocr_alt1, prob=0.9870994687080383)
2025-12-22 13:36:11,286 - INFO - 查找验证码输入框...
2025-12-22 13:36:11,340 - INFO - 验证码填写完成
2025-12-22 13:36:11,340 - INFO - 验证码填写完成，点击登录按钮...
2025-12-22 13:36:11,340 - INFO - 查找并点击登录按钮...
2025-12-22 13:36:11,708 - INFO - 已点击登录按钮
2025-12-22 13:36:18,728 - WARNING - 自动验证码识别失败，请手动输入
2025-12-22 13:36:18,728 - ERROR - 处理验证码时出错: EOF when reading a line
2025-12-22 13:36:18,728 - WARNING - 验证码处理失败，但继续尝试登录
2025-12-22 13:36:18,728 - INFO - 查找并点击登录按钮...
2025-12-22 13:36:18,782 - INFO - 已点击登录按钮
2025-12-22 13:36:23,782 - INFO - 等待登录成功...
2025-12-22 13:36:28,789 - INFO - 登录可能成功，继续下一步...
2025-12-22 13:36:28,789 - INFO - 查找'去充值'按钮...
2025-12-22 13:36:28,854 - INFO - 已点击充值按钮
2025-12-22 13:36:31,854 - INFO - 开始提取剩余电量信息...
2025-12-22 13:36:31,859 - INFO - 页面源码已保存到 /home/runner/work/nju_electric_monitor/nju_electric_monitor/src/../data/debug_page_source.html
2025-12-22 13:36:31,868 - WARNING - 未找到电量信息元素，尝试其他方法...
2025-12-22 13:36:31,876 - WARNING - 未找到i标签中的电量信息，尝试其他方法...
2025-12-22 13:36:31,879 - INFO - 在页面源码中查找电量信息...
2025-12-22 13:36:31,891 - WARNING - 未能提取到剩余电量信息
2025-12-22 13:36:31,891 - WARNING - 没有电量数据可保存
2025-12-22 13:36:31,891 - INFO - 监控流程完成
