2025-12-05 13:29:39,725 - INFO - Matplotlib 字体设置：使用回退字体列表，首选可用字体: Noto Sans CJK JP
2025-12-05 13:29:41,772 - INFO - 使用 ChromeDriver: /usr/bin/chromedriver
2025-12-05 13:29:41,772 - WARNING - Using CPU. Note: This module is much faster with a GPU.
2025-12-05 13:29:43,378 - INFO - OCR识别器初始化成功
2025-12-05 13:29:43,378 - INFO - 开始南京大学电费监控流程（自动无头模式）
2025-12-05 13:29:43,378 - INFO - 正在打开页面: https://epay.nju.edu.cn/epay/h5/nju/electric/index
2025-12-05 13:29:55,119 - INFO - 等待登录表单加载...
2025-12-05 13:29:55,129 - INFO - 登录表单已加载
2025-12-05 13:29:55,129 - INFO - 开始填写登录表单...
2025-12-05 13:29:55,192 - INFO - 用户名填写完成
2025-12-05 13:29:55,259 - INFO - 密码填写完成
2025-12-05 13:29:55,259 - INFO - 检查是否有验证码...
2025-12-05 13:29:55,259 - INFO - 查找验证码图片...
2025-12-05 13:29:55,279 - INFO - 找到验证码图片，开始截图...
2025-12-05 13:29:55,322 - INFO - 验证码图片截取成功
2025-12-05 13:29:55,322 - INFO - 开始填写登录表单...
2025-12-05 13:29:55,385 - INFO - 用户名填写完成
2025-12-05 13:29:55,447 - INFO - 密码填写完成
2025-12-05 13:29:55,448 - INFO - 验证码图片已保存到 /home/runner/work/nju_electric_monitor/nju_electric_monitor/src/../data/captcha_debug.png
2025-12-05 13:29:55,448 - INFO - 验证码识别尝试 1/30
2025-12-05 13:29:55,448 - INFO - 开始识别验证码...（easyocr + pytesseract）
2025-12-05 13:29:55,573 - INFO - easyocr 结果: ['ZHFB(0.47)']
2025-12-05 13:29:55,714 - INFO - tesseract 结果: ZHFB
2025-12-05 13:29:55,778 - INFO - easyocr alt1 结果: ['ZHrB(0.49)']
2025-12-05 13:29:55,875 - INFO - tesseract alt1 结果: ZHEB
2025-12-05 13:29:55,933 - INFO - easyocr alt2 结果: ['ZHrB(0.40)']
2025-12-05 13:29:56,026 - INFO - tesseract alt2 结果: ZHEB
2025-12-05 13:29:56,185 - INFO - easyocr alt3 结果: ['ZHrB(0.49)']
2025-12-05 13:29:56,294 - INFO - tesseract alt3 结果: ZHEB
2025-12-05 13:29:56,353 - INFO - easyocr alt4 结果: ['ZHrB(0.34)']
2025-12-05 13:29:56,445 - INFO - tesseract alt4 结果: ZHEB
2025-12-05 13:29:56,505 - INFO - easyocr alt5 结果: ['ZAB(0.42)']
2025-12-05 13:29:56,597 - INFO - tesseract alt5 结果: ZHER
2025-12-05 13:29:56,597 - INFO - 最终验证码识别结果: ZHFB (engine=tesseract, prob=0.5)
2025-12-05 13:29:56,598 - INFO - 查找验证码输入框...
2025-12-05 13:29:56,657 - INFO - 验证码填写完成
2025-12-05 13:29:56,657 - INFO - 验证码填写完成，点击登录按钮...
2025-12-05 13:29:56,657 - INFO - 查找并点击登录按钮...
2025-12-05 13:30:00,684 - INFO - 已点击登录按钮
2025-12-05 13:30:07,695 - INFO - 未检测到无效验证码提示，验证码通过
2025-12-05 13:30:07,695 - INFO - 查找并点击登录按钮...
2025-12-05 13:30:07,701 - ERROR - 未找到登录按钮
2025-12-05 13:30:07,701 - ERROR - 点击登录按钮失败
2025-12-05 13:30:07,701 - INFO - 等待登录成功...
2025-12-05 13:30:12,706 - INFO - 登录可能成功，继续下一步...
2025-12-05 13:30:12,706 - INFO - 查找'去充值'按钮...
2025-12-05 13:30:14,512 - INFO - 已点击充值按钮
2025-12-05 13:30:17,512 - INFO - 开始提取剩余电量信息...
2025-12-05 13:30:17,516 - INFO - 页面源码已保存到 /home/runner/work/nju_electric_monitor/nju_electric_monitor/src/../data/debug_page_source.html
2025-12-05 13:30:17,534 - INFO - 找到电量信息元素: 持卡人姓名：***
2025-12-05 13:30:17,535 - WARNING - 未在元素中找到标准格式的电量信息
2025-12-05 13:30:17,547 - INFO - 找到i标签中的电量信息: ***
2025-12-05 13:30:17,547 - WARNING - i标签中未找到标准格式的电量信息
2025-12-05 13:30:17,547 - WARNING - 未找到i标签中的电量信息
2025-12-05 13:30:17,550 - INFO - 在页面源码中查找电量信息...
2025-12-05 13:30:17,550 - INFO - 从页面源码中提取到剩余电量: 338.67 度
2025-12-05 13:30:17,574 - INFO - 数据已保存: 338.67 度
2025-12-05 13:30:17,612 - WARNING - findfont: Font family 'Microsoft YaHei' not found.
2025-12-05 13:30:17,615 - WARNING - findfont: Font family 'Microsoft YaHei' not found.
2025-12-05 13:30:17,628 - WARNING - findfont: Font family 'Microsoft YaHei' not found.
2025-12-05 13:30:17,634 - WARNING - findfont: Font family 'Microsoft YaHei' not found.
2025-12-05 13:30:17,636 - WARNING - findfont: Font family 'Microsoft YaHei' not found.
2025-12-05 13:30:17,713 - WARNING - findfont: Font family 'Microsoft YaHei' not found.
2025-12-05 13:30:17,714 - WARNING - findfont: Font family 'Microsoft YaHei' not found.
2025-12-05 13:30:17,715 - WARNING - findfont: Font family 'Microsoft YaHei' not found.
2025-12-05 13:30:17,715 - WARNING - findfont: Font family 'Microsoft YaHei' not found.
2025-12-05 13:30:17,742 - WARNING - findfont: Font family 'Microsoft YaHei' not found.
2025-12-05 13:30:17,742 - WARNING - findfont: Font family 'Microsoft YaHei' not found.
2025-12-05 13:30:17,753 - WARNING - findfont: Font family 'Microsoft YaHei' not found.
2025-12-05 13:30:17,756 - WARNING - findfont: Font family 'Microsoft YaHei' not found.
2025-12-05 13:30:17,821 - WARNING - findfont: Font family 'Microsoft YaHei' not found.
2025-12-05 13:30:17,821 - WARNING - findfont: Font family 'Microsoft YaHei' not found.
2025-12-05 13:30:17,822 - WARNING - findfont: Font family 'Microsoft YaHei' not found.
2025-12-05 13:30:17,823 - WARNING - findfont: Font family 'Microsoft YaHei' not found.
2025-12-05 13:30:17,850 - WARNING - findfont: Font family 'Microsoft YaHei' not found.
2025-12-05 13:30:17,851 - WARNING - findfont: Font family 'Microsoft YaHei' not found.
2025-12-05 13:30:17,862 - WARNING - findfont: Font family 'Microsoft YaHei' not found.
2025-12-05 13:30:17,865 - WARNING - findfont: Font family 'Microsoft YaHei' not found.
2025-12-05 13:30:17,866 - INFO - 电量变化曲线图已保存到: /home/runner/work/nju_electric_monitor/nju_electric_monitor/src/../data/electricity_trend.png
2025-12-05 13:30:17,892 - WARNING - findfont: Font family 'Microsoft YaHei' not found.
2025-12-05 13:30:17,893 - WARNING - findfont: Font family 'Microsoft YaHei' not found.
2025-12-05 13:30:17,906 - WARNING - findfont: Font family 'Microsoft YaHei' not found.
2025-12-05 13:30:17,910 - WARNING - findfont: Font family 'Microsoft YaHei' not found.
2025-12-05 13:30:17,911 - WARNING - findfont: Font family 'Microsoft YaHei' not found.
2025-12-05 13:30:17,978 - WARNING - findfont: Font family 'Microsoft YaHei' not found.
2025-12-05 13:30:17,978 - WARNING - findfont: Font family 'Microsoft YaHei' not found.
2025-12-05 13:30:17,979 - WARNING - findfont: Font family 'Microsoft YaHei' not found.
2025-12-05 13:30:17,979 - WARNING - findfont: Font family 'Microsoft YaHei' not found.
2025-12-05 13:30:18,005 - WARNING - findfont: Font family 'Microsoft YaHei' not found.
2025-12-05 13:30:18,005 - WARNING - findfont: Font family 'Microsoft YaHei' not found.
2025-12-05 13:30:18,015 - WARNING - findfont: Font family 'Microsoft YaHei' not found.
2025-12-05 13:30:18,017 - WARNING - findfont: Font family 'Microsoft YaHei' not found.
2025-12-05 13:30:18,079 - WARNING - findfont: Font family 'Microsoft YaHei' not found.
2025-12-05 13:30:18,079 - WARNING - findfont: Font family 'Microsoft YaHei' not found.
2025-12-05 13:30:18,080 - WARNING - findfont: Font family 'Microsoft YaHei' not found.
2025-12-05 13:30:18,080 - WARNING - findfont: Font family 'Microsoft YaHei' not found.
2025-12-05 13:30:18,106 - WARNING - findfont: Font family 'Microsoft YaHei' not found.
2025-12-05 13:30:18,106 - WARNING - findfont: Font family 'Microsoft YaHei' not found.
2025-12-05 13:30:18,117 - WARNING - findfont: Font family 'Microsoft YaHei' not found.
2025-12-05 13:30:18,118 - WARNING - findfont: Font family 'Microsoft YaHei' not found.
2025-12-05 13:30:18,119 - INFO - 最近20次电量变化曲线图已保存到: /home/runner/work/nju_electric_monitor/nju_electric_monitor/src/../data/recent_20_changes.png
2025-12-05 13:30:18,120 - INFO - 监控流程完成
