2025-12-17 13:30:58,578 - INFO - Matplotlib 字体设置：使用回退字体列表，首选可用字体: Noto Sans CJK JP
2025-12-17 13:31:00,621 - INFO - 使用 ChromeDriver: /usr/bin/chromedriver
2025-12-17 13:31:00,621 - WARNING - Using CPU. Note: This module is much faster with a GPU.
2025-12-17 13:31:02,213 - INFO - OCR识别器初始化成功
2025-12-17 13:31:02,213 - INFO - 开始南京大学电费监控流程（自动无头模式）
2025-12-17 13:31:02,213 - INFO - 正在打开页面: https://epay.nju.edu.cn/epay/h5/nju/electric/index
2025-12-17 13:31:16,370 - INFO - 等待登录表单加载...
2025-12-17 13:31:16,380 - INFO - 登录表单已加载
2025-12-17 13:31:16,381 - INFO - 开始填写登录表单...
2025-12-17 13:31:16,441 - INFO - 用户名填写完成
2025-12-17 13:31:16,506 - INFO - 密码填写完成
2025-12-17 13:31:16,506 - INFO - 检查是否有验证码...
2025-12-17 13:31:16,506 - INFO - 查找验证码图片...
2025-12-17 13:31:16,524 - INFO - 找到验证码图片，开始截图...
2025-12-17 13:31:16,577 - INFO - 验证码图片截取成功
2025-12-17 13:31:16,577 - INFO - 开始填写登录表单...
2025-12-17 13:31:16,639 - INFO - 用户名填写完成
2025-12-17 13:31:16,699 - INFO - 密码填写完成
2025-12-17 13:31:16,700 - INFO - 验证码图片已保存到 /home/runner/work/nju_electric_monitor/nju_electric_monitor/src/../data/captcha_debug.png
2025-12-17 13:31:16,700 - INFO - 验证码识别尝试 1/30
2025-12-17 13:31:16,700 - INFO - 开始识别验证码...（easyocr + pytesseract）
2025-12-17 13:31:16,824 - INFO - easyocr 结果: ['GeSy(0.69)']
2025-12-17 13:31:17,076 - INFO - tesseract 结果: 6e5y
2025-12-17 13:31:17,140 - INFO - easyocr alt1 结果: ['Ge5y(0.58)']
2025-12-17 13:31:17,236 - INFO - tesseract alt1 结果: 6e5y
2025-12-17 13:31:17,294 - INFO - easyocr alt2 结果: ['Ge5y(0.59)']
2025-12-17 13:31:17,389 - INFO - tesseract alt2 结果: 6e5y
2025-12-17 13:31:17,560 - INFO - easyocr alt3 结果: ['6e(0.68)', '5V(0.27)']
2025-12-17 13:31:17,670 - INFO - tesseract alt3 结果: 6e5Y
2025-12-17 13:31:17,729 - INFO - easyocr alt4 结果: ['Ge5y(0.68)']
2025-12-17 13:31:17,824 - INFO - tesseract alt4 结果: 6e5V
2025-12-17 13:31:17,883 - INFO - easyocr alt5 结果: ['Ge5V(0.29)']
2025-12-17 13:31:17,977 - INFO - tesseract alt5 结果: 6e5V
2025-12-17 13:31:17,977 - INFO - 最终验证码识别结果: GeSy (engine=easyocr, prob=0.6933334469795227)
2025-12-17 13:31:17,977 - INFO - 查找验证码输入框...
2025-12-17 13:31:18,034 - INFO - 验证码填写完成
2025-12-17 13:31:18,034 - INFO - 验证码填写完成，点击登录按钮...
2025-12-17 13:31:18,034 - INFO - 查找并点击登录按钮...
2025-12-17 13:31:18,456 - INFO - 已点击登录按钮
2025-12-17 13:31:25,483 - INFO - 开始填写登录表单...
2025-12-17 13:31:25,541 - INFO - 用户名填写完成
2025-12-17 13:31:25,602 - INFO - 密码填写完成
2025-12-17 13:31:25,603 - INFO - 验证码图片已保存到 /home/runner/work/nju_electric_monitor/nju_electric_monitor/src/../data/captcha_debug.png
2025-12-17 13:31:25,603 - INFO - 验证码识别尝试 2/30
2025-12-17 13:31:25,603 - INFO - 开始识别验证码...（easyocr + pytesseract）
2025-12-17 13:31:25,709 - INFO - easyocr 结果: ['GeSy(0.69)']
2025-12-17 13:31:25,803 - INFO - tesseract 结果: 6e5y
2025-12-17 13:31:25,863 - INFO - easyocr alt1 结果: ['Ge5y(0.58)']
2025-12-17 13:31:25,962 - INFO - tesseract alt1 结果: 6e5y
2025-12-17 13:31:26,029 - INFO - easyocr alt2 结果: ['Ge5y(0.59)']
2025-12-17 13:31:26,122 - INFO - tesseract alt2 结果: 6e5y
2025-12-17 13:31:26,284 - INFO - easyocr alt3 结果: ['6e(0.68)', '5V(0.27)']
2025-12-17 13:31:26,391 - INFO - tesseract alt3 结果: 6e5Y
2025-12-17 13:31:26,451 - INFO - easyocr alt4 结果: ['Ge5y(0.68)']
2025-12-17 13:31:26,550 - INFO - tesseract alt4 结果: 6e5V
2025-12-17 13:31:26,628 - INFO - easyocr alt5 结果: ['Ge5V(0.29)']
2025-12-17 13:31:26,724 - INFO - tesseract alt5 结果: 6e5V
2025-12-17 13:31:26,724 - INFO - 最终验证码识别结果: GeSy (engine=easyocr, prob=0.6933334469795227)
2025-12-17 13:31:26,724 - INFO - 查找验证码输入框...
2025-12-17 13:31:26,779 - INFO - 验证码填写完成
2025-12-17 13:31:26,779 - INFO - 验证码填写完成，点击登录按钮...
2025-12-17 13:31:26,779 - INFO - 查找并点击登录按钮...
2025-12-17 13:31:26,832 - INFO - 已点击登录按钮
2025-12-17 13:31:33,852 - INFO - 开始填写登录表单...
2025-12-17 13:31:33,911 - INFO - 用户名填写完成
2025-12-17 13:31:33,968 - INFO - 密码填写完成
2025-12-17 13:31:33,968 - INFO - 验证码图片已保存到 /home/runner/work/nju_electric_monitor/nju_electric_monitor/src/../data/captcha_debug.png
2025-12-17 13:31:33,968 - INFO - 验证码识别尝试 3/30
2025-12-17 13:31:33,968 - INFO - 开始识别验证码...（easyocr + pytesseract）
2025-12-17 13:31:34,065 - INFO - easyocr 结果: ['GeSy(0.69)']
2025-12-17 13:31:34,160 - INFO - tesseract 结果: 6e5y
2025-12-17 13:31:34,220 - INFO - easyocr alt1 结果: ['Ge5y(0.58)']
2025-12-17 13:31:34,317 - INFO - tesseract alt1 结果: 6e5y
2025-12-17 13:31:34,376 - INFO - easyocr alt2 结果: ['Ge5y(0.59)']
2025-12-17 13:31:34,471 - INFO - tesseract alt2 结果: 6e5y
2025-12-17 13:31:34,634 - INFO - easyocr alt3 结果: ['6e(0.68)', '5V(0.27)']
2025-12-17 13:31:34,746 - INFO - tesseract alt3 结果: 6e5Y
2025-12-17 13:31:34,805 - INFO - easyocr alt4 结果: ['Ge5y(0.68)']
2025-12-17 13:31:34,901 - INFO - tesseract alt4 结果: 6e5V
2025-12-17 13:31:34,960 - INFO - easyocr alt5 结果: ['Ge5V(0.29)']
2025-12-17 13:31:35,055 - INFO - tesseract alt5 结果: 6e5V
2025-12-17 13:31:35,055 - INFO - 最终验证码识别结果: GeSy (engine=easyocr, prob=0.6933334469795227)
2025-12-17 13:31:35,055 - INFO - 查找验证码输入框...
2025-12-17 13:31:35,109 - INFO - 验证码填写完成
2025-12-17 13:31:35,109 - INFO - 验证码填写完成，点击登录按钮...
2025-12-17 13:31:35,109 - INFO - 查找并点击登录按钮...
2025-12-17 13:31:35,162 - INFO - 已点击登录按钮
2025-12-17 13:31:42,182 - INFO - 开始填写登录表单...
2025-12-17 13:31:42,241 - INFO - 用户名填写完成
2025-12-17 13:31:42,298 - INFO - 密码填写完成
2025-12-17 13:31:42,298 - INFO - 验证码图片已保存到 /home/runner/work/nju_electric_monitor/nju_electric_monitor/src/../data/captcha_debug.png
2025-12-17 13:31:42,298 - INFO - 验证码识别尝试 4/30
2025-12-17 13:31:42,299 - INFO - 开始识别验证码...（easyocr + pytesseract）
2025-12-17 13:31:42,395 - INFO - easyocr 结果: ['GeSy(0.69)']
2025-12-17 13:31:42,489 - INFO - tesseract 结果: 6e5y
2025-12-17 13:31:42,549 - INFO - easyocr alt1 结果: ['Ge5y(0.58)']
2025-12-17 13:31:42,648 - INFO - tesseract alt1 结果: 6e5y
2025-12-17 13:31:42,706 - INFO - easyocr alt2 结果: ['Ge5y(0.59)']
2025-12-17 13:31:42,799 - INFO - tesseract alt2 结果: 6e5y
2025-12-17 13:31:42,962 - INFO - easyocr alt3 结果: ['6e(0.68)', '5V(0.27)']
2025-12-17 13:31:43,070 - INFO - tesseract alt3 结果: 6e5Y
2025-12-17 13:31:43,128 - INFO - easyocr alt4 结果: ['Ge5y(0.68)']
2025-12-17 13:31:43,226 - INFO - tesseract alt4 结果: 6e5V
2025-12-17 13:31:43,284 - INFO - easyocr alt5 结果: ['Ge5V(0.29)']
2025-12-17 13:31:43,379 - INFO - tesseract alt5 结果: 6e5V
2025-12-17 13:31:43,379 - INFO - 最终验证码识别结果: GeSy (engine=easyocr, prob=0.6933334469795227)
2025-12-17 13:31:43,379 - INFO - 查找验证码输入框...
2025-12-17 13:31:43,432 - INFO - 验证码填写完成
2025-12-17 13:31:43,432 - INFO - 验证码填写完成，点击登录按钮...
2025-12-17 13:31:43,432 - INFO - 查找并点击登录按钮...
2025-12-17 13:31:43,816 - INFO - 已点击登录按钮
2025-12-17 13:31:50,836 - INFO - 开始填写登录表单...
2025-12-17 13:31:50,894 - INFO - 用户名填写完成
2025-12-17 13:31:50,953 - INFO - 密码填写完成
2025-12-17 13:31:50,953 - INFO - 验证码图片已保存到 /home/runner/work/nju_electric_monitor/nju_electric_monitor/src/../data/captcha_debug.png
2025-12-17 13:31:50,954 - INFO - 验证码识别尝试 5/30
2025-12-17 13:31:50,954 - INFO - 开始识别验证码...（easyocr + pytesseract）
2025-12-17 13:31:51,051 - INFO - easyocr 结果: ['GeSy(0.69)']
2025-12-17 13:31:51,148 - INFO - tesseract 结果: 6e5y
2025-12-17 13:31:51,208 - INFO - easyocr alt1 结果: ['Ge5y(0.58)']
2025-12-17 13:31:51,306 - INFO - tesseract alt1 结果: 6e5y
2025-12-17 13:31:51,365 - INFO - easyocr alt2 结果: ['Ge5y(0.59)']
2025-12-17 13:31:51,461 - INFO - tesseract alt2 结果: 6e5y
2025-12-17 13:31:51,624 - INFO - easyocr alt3 结果: ['6e(0.68)', '5V(0.27)']
2025-12-17 13:31:51,735 - INFO - tesseract alt3 结果: 6e5Y
2025-12-17 13:31:51,795 - INFO - easyocr alt4 结果: ['Ge5y(0.68)']
2025-12-17 13:31:51,888 - INFO - tesseract alt4 结果: 6e5V
2025-12-17 13:31:51,947 - INFO - easyocr alt5 结果: ['Ge5V(0.29)']
2025-12-17 13:31:52,044 - INFO - tesseract alt5 结果: 6e5V
2025-12-17 13:31:52,045 - INFO - 最终验证码识别结果: GeSy (engine=easyocr, prob=0.6933334469795227)
2025-12-17 13:31:52,045 - INFO - 查找验证码输入框...
2025-12-17 13:31:52,099 - INFO - 验证码填写完成
2025-12-17 13:31:52,099 - INFO - 验证码填写完成，点击登录按钮...
2025-12-17 13:31:52,099 - INFO - 查找并点击登录按钮...
2025-12-17 13:31:52,478 - INFO - 已点击登录按钮
2025-12-17 13:31:59,498 - INFO - 开始填写登录表单...
2025-12-17 13:31:59,556 - INFO - 用户名填写完成
2025-12-17 13:31:59,614 - INFO - 密码填写完成
2025-12-17 13:31:59,615 - INFO - 验证码图片已保存到 /home/runner/work/nju_electric_monitor/nju_electric_monitor/src/../data/captcha_debug.png
2025-12-17 13:31:59,615 - INFO - 验证码识别尝试 6/30
2025-12-17 13:31:59,615 - INFO - 开始识别验证码...（easyocr + pytesseract）
2025-12-17 13:31:59,714 - INFO - easyocr 结果: ['GeSy(0.69)']
2025-12-17 13:31:59,812 - INFO - tesseract 结果: 6e5y
2025-12-17 13:31:59,873 - INFO - easyocr alt1 结果: ['Ge5y(0.58)']
2025-12-17 13:31:59,967 - INFO - tesseract alt1 结果: 6e5y
2025-12-17 13:32:00,028 - INFO - easyocr alt2 结果: ['Ge5y(0.59)']
2025-12-17 13:32:00,123 - INFO - tesseract alt2 结果: 6e5y
2025-12-17 13:32:00,288 - INFO - easyocr alt3 结果: ['6e(0.68)', '5V(0.27)']
2025-12-17 13:32:00,394 - INFO - tesseract alt3 结果: 6e5Y
2025-12-17 13:32:00,468 - INFO - easyocr alt4 结果: ['Ge5y(0.68)']
2025-12-17 13:32:00,569 - INFO - tesseract alt4 结果: 6e5V
2025-12-17 13:32:00,630 - INFO - easyocr alt5 结果: ['Ge5V(0.29)']
2025-12-17 13:32:00,725 - INFO - tesseract alt5 结果: 6e5V
2025-12-17 13:32:00,725 - INFO - 最终验证码识别结果: GeSy (engine=easyocr, prob=0.6933334469795227)
2025-12-17 13:32:00,725 - INFO - 查找验证码输入框...
2025-12-17 13:32:00,780 - INFO - 验证码填写完成
2025-12-17 13:32:00,781 - INFO - 验证码填写完成，点击登录按钮...
2025-12-17 13:32:00,781 - INFO - 查找并点击登录按钮...
2025-12-17 13:32:00,836 - INFO - 已点击登录按钮
2025-12-17 13:32:07,856 - INFO - 开始填写登录表单...
2025-12-17 13:32:07,914 - INFO - 用户名填写完成
2025-12-17 13:32:07,971 - INFO - 密码填写完成
2025-12-17 13:32:07,972 - INFO - 验证码图片已保存到 /home/runner/work/nju_electric_monitor/nju_electric_monitor/src/../data/captcha_debug.png
2025-12-17 13:32:07,972 - INFO - 验证码识别尝试 7/30
2025-12-17 13:32:07,972 - INFO - 开始识别验证码...（easyocr + pytesseract）
2025-12-17 13:32:08,073 - INFO - easyocr 结果: ['GeSy(0.69)']
2025-12-17 13:32:08,169 - INFO - tesseract 结果: 6e5y
2025-12-17 13:32:08,229 - INFO - easyocr alt1 结果: ['Ge5y(0.58)']
2025-12-17 13:32:08,324 - INFO - tesseract alt1 结果: 6e5y
2025-12-17 13:32:08,383 - INFO - easyocr alt2 结果: ['Ge5y(0.59)']
2025-12-17 13:32:08,480 - INFO - tesseract alt2 结果: 6e5y
2025-12-17 13:32:08,643 - INFO - easyocr alt3 结果: ['6e(0.68)', '5V(0.27)']
2025-12-17 13:32:08,751 - INFO - tesseract alt3 结果: 6e5Y
2025-12-17 13:32:08,810 - INFO - easyocr alt4 结果: ['Ge5y(0.68)']
2025-12-17 13:32:08,904 - INFO - tesseract alt4 结果: 6e5V
2025-12-17 13:32:08,962 - INFO - easyocr alt5 结果: ['Ge5V(0.29)']
2025-12-17 13:32:09,057 - INFO - tesseract alt5 结果: 6e5V
2025-12-17 13:32:09,057 - INFO - 最终验证码识别结果: GeSy (engine=easyocr, prob=0.6933334469795227)
2025-12-17 13:32:09,057 - INFO - 查找验证码输入框...
2025-12-17 13:32:09,111 - INFO - 验证码填写完成
2025-12-17 13:32:09,112 - INFO - 验证码填写完成，点击登录按钮...
2025-12-17 13:32:09,112 - INFO - 查找并点击登录按钮...
2025-12-17 13:32:09,166 - INFO - 已点击登录按钮
2025-12-17 13:32:16,186 - INFO - 开始填写登录表单...
2025-12-17 13:32:16,244 - INFO - 用户名填写完成
2025-12-17 13:32:16,301 - INFO - 密码填写完成
2025-12-17 13:32:16,302 - INFO - 验证码图片已保存到 /home/runner/work/nju_electric_monitor/nju_electric_monitor/src/../data/captcha_debug.png
2025-12-17 13:32:16,302 - INFO - 验证码识别尝试 8/30
2025-12-17 13:32:16,302 - INFO - 开始识别验证码...（easyocr + pytesseract）
2025-12-17 13:32:16,401 - INFO - easyocr 结果: ['GeSy(0.69)']
2025-12-17 13:32:16,497 - INFO - tesseract 结果: 6e5y
2025-12-17 13:32:16,559 - INFO - easyocr alt1 结果: ['Ge5y(0.58)']
2025-12-17 13:32:16,658 - INFO - tesseract alt1 结果: 6e5y
2025-12-17 13:32:16,718 - INFO - easyocr alt2 结果: ['Ge5y(0.59)']
2025-12-17 13:32:16,812 - INFO - tesseract alt2 结果: 6e5y
2025-12-17 13:32:16,975 - INFO - easyocr alt3 结果: ['6e(0.68)', '5V(0.27)']
2025-12-17 13:32:17,084 - INFO - tesseract alt3 结果: 6e5Y
2025-12-17 13:32:17,156 - INFO - easyocr alt4 结果: ['Ge5y(0.68)']
2025-12-17 13:32:17,256 - INFO - tesseract alt4 结果: 6e5V
2025-12-17 13:32:17,315 - INFO - easyocr alt5 结果: ['Ge5V(0.29)']
2025-12-17 13:32:17,409 - INFO - tesseract alt5 结果: 6e5V
2025-12-17 13:32:17,409 - INFO - 最终验证码识别结果: GeSy (engine=easyocr, prob=0.6933334469795227)
2025-12-17 13:32:17,409 - INFO - 查找验证码输入框...
2025-12-17 13:32:17,465 - INFO - 验证码填写完成
2025-12-17 13:32:17,465 - INFO - 验证码填写完成，点击登录按钮...
2025-12-17 13:32:17,465 - INFO - 查找并点击登录按钮...
2025-12-17 13:32:17,851 - INFO - 已点击登录按钮
2025-12-17 13:32:24,870 - INFO - 开始填写登录表单...
2025-12-17 13:32:24,929 - INFO - 用户名填写完成
2025-12-17 13:32:24,988 - INFO - 密码填写完成
2025-12-17 13:32:24,989 - INFO - 验证码图片已保存到 /home/runner/work/nju_electric_monitor/nju_electric_monitor/src/../data/captcha_debug.png
2025-12-17 13:32:24,989 - INFO - 验证码识别尝试 9/30
2025-12-17 13:32:24,989 - INFO - 开始识别验证码...（easyocr + pytesseract）
2025-12-17 13:32:25,085 - INFO - easyocr 结果: ['GeSy(0.69)']
2025-12-17 13:32:25,179 - INFO - tesseract 结果: 6e5y
2025-12-17 13:32:25,239 - INFO - easyocr alt1 结果: ['Ge5y(0.58)']
2025-12-17 13:32:25,333 - INFO - tesseract alt1 结果: 6e5y
2025-12-17 13:32:25,392 - INFO - easyocr alt2 结果: ['Ge5y(0.59)']
2025-12-17 13:32:25,484 - INFO - tesseract alt2 结果: 6e5y
2025-12-17 13:32:25,647 - INFO - easyocr alt3 结果: ['6e(0.68)', '5V(0.27)']
2025-12-17 13:32:25,753 - INFO - tesseract alt3 结果: 6e5Y
2025-12-17 13:32:25,812 - INFO - easyocr alt4 结果: ['Ge5y(0.68)']
2025-12-17 13:32:25,906 - INFO - tesseract alt4 结果: 6e5V
2025-12-17 13:32:25,964 - INFO - easyocr alt5 结果: ['Ge5V(0.29)']
2025-12-17 13:32:26,059 - INFO - tesseract alt5 结果: 6e5V
2025-12-17 13:32:26,060 - INFO - 最终验证码识别结果: GeSy (engine=easyocr, prob=0.6933334469795227)
2025-12-17 13:32:26,060 - INFO - 查找验证码输入框...
2025-12-17 13:32:26,114 - INFO - 验证码填写完成
2025-12-17 13:32:26,114 - INFO - 验证码填写完成，点击登录按钮...
2025-12-17 13:32:26,114 - INFO - 查找并点击登录按钮...
2025-12-17 13:32:26,499 - INFO - 已点击登录按钮
2025-12-17 13:32:33,519 - INFO - 开始填写登录表单...
2025-12-17 13:32:33,579 - INFO - 用户名填写完成
2025-12-17 13:32:33,638 - INFO - 密码填写完成
2025-12-17 13:32:33,638 - INFO - 验证码图片已保存到 /home/runner/work/nju_electric_monitor/nju_electric_monitor/src/../data/captcha_debug.png
2025-12-17 13:32:33,638 - INFO - 验证码识别尝试 10/30
2025-12-17 13:32:33,638 - INFO - 开始识别验证码...（easyocr + pytesseract）
2025-12-17 13:32:33,735 - INFO - easyocr 结果: ['GeSy(0.69)']
2025-12-17 13:32:33,829 - INFO - tesseract 结果: 6e5y
2025-12-17 13:32:33,889 - INFO - easyocr alt1 结果: ['Ge5y(0.58)']
2025-12-17 13:32:33,984 - INFO - tesseract alt1 结果: 6e5y
2025-12-17 13:32:34,043 - INFO - easyocr alt2 结果: ['Ge5y(0.59)']
2025-12-17 13:32:34,136 - INFO - tesseract alt2 结果: 6e5y
2025-12-17 13:32:34,298 - INFO - easyocr alt3 结果: ['6e(0.68)', '5V(0.27)']
2025-12-17 13:32:34,406 - INFO - tesseract alt3 结果: 6e5Y
2025-12-17 13:32:34,473 - INFO - easyocr alt4 结果: ['Ge5y(0.68)']
2025-12-17 13:32:34,567 - INFO - tesseract alt4 结果: 6e5V
2025-12-17 13:32:34,626 - INFO - easyocr alt5 结果: ['Ge5V(0.29)']
2025-12-17 13:32:34,725 - INFO - tesseract alt5 结果: 6e5V
2025-12-17 13:32:34,725 - INFO - 最终验证码识别结果: GeSy (engine=easyocr, prob=0.6933334469795227)
2025-12-17 13:32:34,725 - INFO - 查找验证码输入框...
2025-12-17 13:32:34,780 - INFO - 验证码填写完成
2025-12-17 13:32:34,781 - INFO - 验证码填写完成，点击登录按钮...
2025-12-17 13:32:34,781 - INFO - 查找并点击登录按钮...
2025-12-17 13:32:35,162 - INFO - 已点击登录按钮
2025-12-17 13:32:42,182 - INFO - 开始填写登录表单...
2025-12-17 13:32:42,241 - INFO - 用户名填写完成
2025-12-17 13:32:42,298 - INFO - 密码填写完成
2025-12-17 13:32:42,299 - INFO - 验证码图片已保存到 /home/runner/work/nju_electric_monitor/nju_electric_monitor/src/../data/captcha_debug.png
2025-12-17 13:32:42,299 - INFO - 验证码识别尝试 11/30
2025-12-17 13:32:42,299 - INFO - 开始识别验证码...（easyocr + pytesseract）
2025-12-17 13:32:42,396 - INFO - easyocr 结果: ['GeSy(0.69)']
2025-12-17 13:32:42,490 - INFO - tesseract 结果: 6e5y
2025-12-17 13:32:42,550 - INFO - easyocr alt1 结果: ['Ge5y(0.58)']
2025-12-17 13:32:42,647 - INFO - tesseract alt1 结果: 6e5y
2025-12-17 13:32:42,705 - INFO - easyocr alt2 结果: ['Ge5y(0.59)']
2025-12-17 13:32:42,801 - INFO - tesseract alt2 结果: 6e5y
2025-12-17 13:32:42,977 - INFO - easyocr alt3 结果: ['6e(0.68)', '5V(0.27)']
2025-12-17 13:32:43,084 - INFO - tesseract alt3 结果: 6e5Y
2025-12-17 13:32:43,157 - INFO - easyocr alt4 结果: ['Ge5y(0.68)']
2025-12-17 13:32:43,250 - INFO - tesseract alt4 结果: 6e5V
2025-12-17 13:32:43,310 - INFO - easyocr alt5 结果: ['Ge5V(0.29)']
2025-12-17 13:32:43,403 - INFO - tesseract alt5 结果: 6e5V
2025-12-17 13:32:43,404 - INFO - 最终验证码识别结果: GeSy (engine=easyocr, prob=0.6933334469795227)
2025-12-17 13:32:43,404 - INFO - 查找验证码输入框...
2025-12-17 13:32:43,458 - INFO - 验证码填写完成
2025-12-17 13:32:43,458 - INFO - 验证码填写完成，点击登录按钮...
2025-12-17 13:32:43,458 - INFO - 查找并点击登录按钮...
2025-12-17 13:32:43,513 - INFO - 已点击登录按钮
2025-12-17 13:32:50,533 - INFO - 开始填写登录表单...
2025-12-17 13:32:50,592 - INFO - 用户名填写完成
2025-12-17 13:32:50,651 - INFO - 密码填写完成
2025-12-17 13:32:50,652 - INFO - 验证码图片已保存到 /home/runner/work/nju_electric_monitor/nju_electric_monitor/src/../data/captcha_debug.png
2025-12-17 13:32:50,652 - INFO - 验证码识别尝试 12/30
2025-12-17 13:32:50,652 - INFO - 开始识别验证码...（easyocr + pytesseract）
2025-12-17 13:32:50,748 - INFO - easyocr 结果: ['GeSy(0.69)']
2025-12-17 13:32:50,843 - INFO - tesseract 结果: 6e5y
2025-12-17 13:32:50,917 - INFO - easyocr alt1 结果: ['Ge5y(0.58)']
2025-12-17 13:32:51,014 - INFO - tesseract alt1 结果: 6e5y
2025-12-17 13:32:51,072 - INFO - easyocr alt2 结果: ['Ge5y(0.59)']
2025-12-17 13:32:51,170 - INFO - tesseract alt2 结果: 6e5y
2025-12-17 13:32:51,332 - INFO - easyocr alt3 结果: ['6e(0.68)', '5V(0.27)']
2025-12-17 13:32:51,445 - INFO - tesseract alt3 结果: 6e5Y
2025-12-17 13:32:51,504 - INFO - easyocr alt4 结果: ['Ge5y(0.68)']
2025-12-17 13:32:51,600 - INFO - tesseract alt4 结果: 6e5V
2025-12-17 13:32:51,660 - INFO - easyocr alt5 结果: ['Ge5V(0.29)']
2025-12-17 13:32:51,756 - INFO - tesseract alt5 结果: 6e5V
2025-12-17 13:32:51,756 - INFO - 最终验证码识别结果: GeSy (engine=easyocr, prob=0.6933334469795227)
2025-12-17 13:32:51,756 - INFO - 查找验证码输入框...
2025-12-17 13:32:51,814 - INFO - 验证码填写完成
2025-12-17 13:32:51,814 - INFO - 验证码填写完成，点击登录按钮...
2025-12-17 13:32:51,814 - INFO - 查找并点击登录按钮...
2025-12-17 13:32:52,199 - INFO - 已点击登录按钮
2025-12-17 13:32:59,219 - INFO - 开始填写登录表单...
2025-12-17 13:32:59,279 - INFO - 用户名填写完成
2025-12-17 13:32:59,337 - INFO - 密码填写完成
2025-12-17 13:32:59,338 - INFO - 验证码图片已保存到 /home/runner/work/nju_electric_monitor/nju_electric_monitor/src/../data/captcha_debug.png
2025-12-17 13:32:59,338 - INFO - 验证码识别尝试 13/30
2025-12-17 13:32:59,338 - INFO - 开始识别验证码...（easyocr + pytesseract）
2025-12-17 13:32:59,434 - INFO - easyocr 结果: ['GeSy(0.69)']
2025-12-17 13:32:59,529 - INFO - tesseract 结果: 6e5y
2025-12-17 13:32:59,589 - INFO - easyocr alt1 结果: ['Ge5y(0.58)']
2025-12-17 13:32:59,691 - INFO - tesseract alt1 结果: 6e5y
2025-12-17 13:32:59,750 - INFO - easyocr alt2 结果: ['Ge5y(0.59)']
2025-12-17 13:32:59,843 - INFO - tesseract alt2 结果: 6e5y
2025-12-17 13:33:00,006 - INFO - easyocr alt3 结果: ['6e(0.68)', '5V(0.27)']
2025-12-17 13:33:00,116 - INFO - tesseract alt3 结果: 6e5Y
2025-12-17 13:33:00,175 - INFO - easyocr alt4 结果: ['Ge5y(0.68)']
2025-12-17 13:33:00,271 - INFO - tesseract alt4 结果: 6e5V
2025-12-17 13:33:00,330 - INFO - easyocr alt5 结果: ['Ge5V(0.29)']
2025-12-17 13:33:00,426 - INFO - tesseract alt5 结果: 6e5V
2025-12-17 13:33:00,427 - INFO - 最终验证码识别结果: GeSy (engine=easyocr, prob=0.6933334469795227)
2025-12-17 13:33:00,427 - INFO - 查找验证码输入框...
2025-12-17 13:33:00,483 - INFO - 验证码填写完成
2025-12-17 13:33:00,483 - INFO - 验证码填写完成，点击登录按钮...
2025-12-17 13:33:00,483 - INFO - 查找并点击登录按钮...
2025-12-17 13:33:00,875 - INFO - 已点击登录按钮
2025-12-17 13:33:07,895 - INFO - 开始填写登录表单...
2025-12-17 13:33:07,956 - INFO - 用户名填写完成
2025-12-17 13:33:08,015 - INFO - 密码填写完成
2025-12-17 13:33:08,016 - INFO - 验证码图片已保存到 /home/runner/work/nju_electric_monitor/nju_electric_monitor/src/../data/captcha_debug.png
2025-12-17 13:33:08,016 - INFO - 验证码识别尝试 14/30
2025-12-17 13:33:08,016 - INFO - 开始识别验证码...（easyocr + pytesseract）
2025-12-17 13:33:08,112 - INFO - easyocr 结果: ['GeSy(0.69)']
2025-12-17 13:33:08,208 - INFO - tesseract 结果: 6e5y
2025-12-17 13:33:08,268 - INFO - easyocr alt1 结果: ['Ge5y(0.58)']
2025-12-17 13:33:08,363 - INFO - tesseract alt1 结果: 6e5y
2025-12-17 13:33:08,421 - INFO - easyocr alt2 结果: ['Ge5y(0.59)']
2025-12-17 13:33:08,519 - INFO - tesseract alt2 结果: 6e5y
2025-12-17 13:33:08,681 - INFO - easyocr alt3 结果: ['6e(0.68)', '5V(0.27)']
2025-12-17 13:33:08,795 - INFO - tesseract alt3 结果: 6e5Y
2025-12-17 13:33:08,856 - INFO - easyocr alt4 结果: ['Ge5y(0.68)']
2025-12-17 13:33:08,948 - INFO - tesseract alt4 结果: 6e5V
2025-12-17 13:33:09,007 - INFO - easyocr alt5 结果: ['Ge5V(0.29)']
2025-12-17 13:33:09,106 - INFO - tesseract alt5 结果: 6e5V
2025-12-17 13:33:09,106 - INFO - 最终验证码识别结果: GeSy (engine=easyocr, prob=0.6933334469795227)
2025-12-17 13:33:09,106 - INFO - 查找验证码输入框...
2025-12-17 13:33:09,162 - INFO - 验证码填写完成
2025-12-17 13:33:09,162 - INFO - 验证码填写完成，点击登录按钮...
2025-12-17 13:33:09,162 - INFO - 查找并点击登录按钮...
2025-12-17 13:33:09,542 - INFO - 已点击登录按钮
2025-12-17 13:33:16,563 - INFO - 开始填写登录表单...
2025-12-17 13:33:16,623 - INFO - 用户名填写完成
2025-12-17 13:33:16,683 - INFO - 密码填写完成
2025-12-17 13:33:16,684 - INFO - 验证码图片已保存到 /home/runner/work/nju_electric_monitor/nju_electric_monitor/src/../data/captcha_debug.png
2025-12-17 13:33:16,684 - INFO - 验证码识别尝试 15/30
2025-12-17 13:33:16,684 - INFO - 开始识别验证码...（easyocr + pytesseract）
2025-12-17 13:33:16,780 - INFO - easyocr 结果: ['GeSy(0.69)']
2025-12-17 13:33:16,874 - INFO - tesseract 结果: 6e5y
2025-12-17 13:33:16,933 - INFO - easyocr alt1 结果: ['Ge5y(0.58)']
2025-12-17 13:33:17,030 - INFO - tesseract alt1 结果: 6e5y
2025-12-17 13:33:17,089 - INFO - easyocr alt2 结果: ['Ge5y(0.59)']
2025-12-17 13:33:17,187 - INFO - tesseract alt2 结果: 6e5y
2025-12-17 13:33:17,350 - INFO - easyocr alt3 结果: ['6e(0.68)', '5V(0.27)']
2025-12-17 13:33:17,457 - INFO - tesseract alt3 结果: 6e5Y
2025-12-17 13:33:17,516 - INFO - easyocr alt4 结果: ['Ge5y(0.68)']
2025-12-17 13:33:17,612 - INFO - tesseract alt4 结果: 6e5V
2025-12-17 13:33:17,671 - INFO - easyocr alt5 结果: ['Ge5V(0.29)']
2025-12-17 13:33:17,768 - INFO - tesseract alt5 结果: 6e5V
2025-12-17 13:33:17,768 - INFO - 最终验证码识别结果: GeSy (engine=easyocr, prob=0.6933334469795227)
2025-12-17 13:33:17,768 - INFO - 查找验证码输入框...
2025-12-17 13:33:17,825 - INFO - 验证码填写完成
2025-12-17 13:33:17,825 - INFO - 验证码填写完成，点击登录按钮...
2025-12-17 13:33:17,825 - INFO - 查找并点击登录按钮...
2025-12-17 13:33:17,882 - INFO - 已点击登录按钮
2025-12-17 13:33:24,902 - INFO - 开始填写登录表单...
2025-12-17 13:33:24,960 - INFO - 用户名填写完成
2025-12-17 13:33:25,019 - INFO - 密码填写完成
2025-12-17 13:33:25,020 - INFO - 验证码图片已保存到 /home/runner/work/nju_electric_monitor/nju_electric_monitor/src/../data/captcha_debug.png
2025-12-17 13:33:25,020 - INFO - 验证码识别尝试 16/30
2025-12-17 13:33:25,020 - INFO - 开始识别验证码...（easyocr + pytesseract）
2025-12-17 13:33:25,116 - INFO - easyocr 结果: ['GeSy(0.69)']
2025-12-17 13:33:25,212 - INFO - tesseract 结果: 6e5y
2025-12-17 13:33:25,272 - INFO - easyocr alt1 结果: ['Ge5y(0.58)']
2025-12-17 13:33:25,367 - INFO - tesseract alt1 结果: 6e5y
2025-12-17 13:33:25,426 - INFO - easyocr alt2 结果: ['Ge5y(0.59)']
2025-12-17 13:33:25,525 - INFO - tesseract alt2 结果: 6e5y
2025-12-17 13:33:25,688 - INFO - easyocr alt3 结果: ['6e(0.68)', '5V(0.27)']
2025-12-17 13:33:25,795 - INFO - tesseract alt3 结果: 6e5Y
2025-12-17 13:33:25,854 - INFO - easyocr alt4 结果: ['Ge5y(0.68)']
2025-12-17 13:33:25,952 - INFO - tesseract alt4 结果: 6e5V
2025-12-17 13:33:26,011 - INFO - easyocr alt5 结果: ['Ge5V(0.29)']
2025-12-17 13:33:26,106 - INFO - tesseract alt5 结果: 6e5V
2025-12-17 13:33:26,106 - INFO - 最终验证码识别结果: GeSy (engine=easyocr, prob=0.6933334469795227)
2025-12-17 13:33:26,106 - INFO - 查找验证码输入框...
2025-12-17 13:33:26,162 - INFO - 验证码填写完成
2025-12-17 13:33:26,162 - INFO - 验证码填写完成，点击登录按钮...
2025-12-17 13:33:26,162 - INFO - 查找并点击登录按钮...
2025-12-17 13:33:26,547 - INFO - 已点击登录按钮
2025-12-17 13:33:33,565 - INFO - 开始填写登录表单...
2025-12-17 13:33:33,624 - INFO - 用户名填写完成
2025-12-17 13:33:33,679 - INFO - 密码填写完成
2025-12-17 13:33:33,680 - INFO - 验证码图片已保存到 /home/runner/work/nju_electric_monitor/nju_electric_monitor/src/../data/captcha_debug.png
2025-12-17 13:33:33,680 - INFO - 验证码识别尝试 17/30
2025-12-17 13:33:33,680 - INFO - 开始识别验证码...（easyocr + pytesseract）
2025-12-17 13:33:33,776 - INFO - easyocr 结果: ['GeSy(0.69)']
2025-12-17 13:33:33,872 - INFO - tesseract 结果: 6e5y
2025-12-17 13:33:33,932 - INFO - easyocr alt1 结果: ['Ge5y(0.58)']
2025-12-17 13:33:34,029 - INFO - tesseract alt1 结果: 6e5y
2025-12-17 13:33:34,088 - INFO - easyocr alt2 结果: ['Ge5y(0.59)']
2025-12-17 13:33:34,186 - INFO - tesseract alt2 结果: 6e5y
2025-12-17 13:33:34,348 - INFO - easyocr alt3 结果: ['6e(0.68)', '5V(0.27)']
2025-12-17 13:33:34,460 - INFO - tesseract alt3 结果: 6e5Y
2025-12-17 13:33:34,519 - INFO - easyocr alt4 结果: ['Ge5y(0.68)']
2025-12-17 13:33:34,614 - INFO - tesseract alt4 结果: 6e5V
2025-12-17 13:33:34,674 - INFO - easyocr alt5 结果: ['Ge5V(0.29)']
2025-12-17 13:33:34,773 - INFO - tesseract alt5 结果: 6e5V
2025-12-17 13:33:34,773 - INFO - 最终验证码识别结果: GeSy (engine=easyocr, prob=0.6933334469795227)
2025-12-17 13:33:34,773 - INFO - 查找验证码输入框...
2025-12-17 13:33:34,826 - INFO - 验证码填写完成
2025-12-17 13:33:34,826 - INFO - 验证码填写完成，点击登录按钮...
2025-12-17 13:33:34,826 - INFO - 查找并点击登录按钮...
2025-12-17 13:33:34,880 - INFO - 已点击登录按钮
2025-12-17 13:33:41,900 - INFO - 开始填写登录表单...
2025-12-17 13:33:41,957 - INFO - 用户名填写完成
2025-12-17 13:33:42,013 - INFO - 密码填写完成
2025-12-17 13:33:42,014 - INFO - 验证码图片已保存到 /home/runner/work/nju_electric_monitor/nju_electric_monitor/src/../data/captcha_debug.png
2025-12-17 13:33:42,014 - INFO - 验证码识别尝试 18/30
2025-12-17 13:33:42,014 - INFO - 开始识别验证码...（easyocr + pytesseract）
2025-12-17 13:33:42,118 - INFO - easyocr 结果: ['GeSy(0.69)']
2025-12-17 13:33:42,213 - INFO - tesseract 结果: 6e5y
2025-12-17 13:33:42,274 - INFO - easyocr alt1 结果: ['Ge5y(0.58)']
2025-12-17 13:33:42,374 - INFO - tesseract alt1 结果: 6e5y
2025-12-17 13:33:42,433 - INFO - easyocr alt2 结果: ['Ge5y(0.59)']
2025-12-17 13:33:42,527 - INFO - tesseract alt2 结果: 6e5y
2025-12-17 13:33:42,691 - INFO - easyocr alt3 结果: ['6e(0.68)', '5V(0.27)']
2025-12-17 13:33:42,801 - INFO - tesseract alt3 结果: 6e5Y
2025-12-17 13:33:42,860 - INFO - easyocr alt4 结果: ['Ge5y(0.68)']
2025-12-17 13:33:42,954 - INFO - tesseract alt4 结果: 6e5V
2025-12-17 13:33:43,013 - INFO - easyocr alt5 结果: ['Ge5V(0.29)']
2025-12-17 13:33:43,110 - INFO - tesseract alt5 结果: 6e5V
2025-12-17 13:33:43,110 - INFO - 最终验证码识别结果: GeSy (engine=easyocr, prob=0.6933334469795227)
2025-12-17 13:33:43,110 - INFO - 查找验证码输入框...
2025-12-17 13:33:43,163 - INFO - 验证码填写完成
2025-12-17 13:33:43,163 - INFO - 验证码填写完成，点击登录按钮...
2025-12-17 13:33:43,163 - INFO - 查找并点击登录按钮...
2025-12-17 13:33:43,548 - INFO - 已点击登录按钮
2025-12-17 13:33:50,568 - INFO - 开始填写登录表单...
2025-12-17 13:33:50,626 - INFO - 用户名填写完成
2025-12-17 13:33:50,682 - INFO - 密码填写完成
2025-12-17 13:33:50,683 - INFO - 验证码图片已保存到 /home/runner/work/nju_electric_monitor/nju_electric_monitor/src/../data/captcha_debug.png
2025-12-17 13:33:50,683 - INFO - 验证码识别尝试 19/30
2025-12-17 13:33:50,683 - INFO - 开始识别验证码...（easyocr + pytesseract）
2025-12-17 13:33:50,780 - INFO - easyocr 结果: ['GeSy(0.69)']
2025-12-17 13:33:50,877 - INFO - tesseract 结果: 6e5y
2025-12-17 13:33:50,938 - INFO - easyocr alt1 结果: ['Ge5y(0.58)']
2025-12-17 13:33:51,041 - INFO - tesseract alt1 结果: 6e5y
2025-12-17 13:33:51,100 - INFO - easyocr alt2 结果: ['Ge5y(0.59)']
2025-12-17 13:33:51,195 - INFO - tesseract alt2 结果: 6e5y
2025-12-17 13:33:51,357 - INFO - easyocr alt3 结果: ['6e(0.68)', '5V(0.27)']
2025-12-17 13:33:51,465 - INFO - tesseract alt3 结果: 6e5Y
2025-12-17 13:33:51,524 - INFO - easyocr alt4 结果: ['Ge5y(0.68)']
2025-12-17 13:33:51,623 - INFO - tesseract alt4 结果: 6e5V
2025-12-17 13:33:51,682 - INFO - easyocr alt5 结果: ['Ge5V(0.29)']
2025-12-17 13:33:51,777 - INFO - tesseract alt5 结果: 6e5V
2025-12-17 13:33:51,777 - INFO - 最终验证码识别结果: GeSy (engine=easyocr, prob=0.6933334469795227)
2025-12-17 13:33:51,778 - INFO - 查找验证码输入框...
2025-12-17 13:33:51,831 - INFO - 验证码填写完成
2025-12-17 13:33:51,831 - INFO - 验证码填写完成，点击登录按钮...
2025-12-17 13:33:51,831 - INFO - 查找并点击登录按钮...
2025-12-17 13:33:52,210 - INFO - 已点击登录按钮
2025-12-17 13:33:59,230 - INFO - 开始填写登录表单...
2025-12-17 13:33:59,290 - INFO - 用户名填写完成
2025-12-17 13:33:59,346 - INFO - 密码填写完成
2025-12-17 13:33:59,347 - INFO - 验证码图片已保存到 /home/runner/work/nju_electric_monitor/nju_electric_monitor/src/../data/captcha_debug.png
2025-12-17 13:33:59,347 - INFO - 验证码识别尝试 20/30
2025-12-17 13:33:59,347 - INFO - 开始识别验证码...（easyocr + pytesseract）
2025-12-17 13:33:59,443 - INFO - easyocr 结果: ['GeSy(0.69)']
2025-12-17 13:33:59,540 - INFO - tesseract 结果: 6e5y
2025-12-17 13:33:59,600 - INFO - easyocr alt1 结果: ['Ge5y(0.58)']
2025-12-17 13:33:59,698 - INFO - tesseract alt1 结果: 6e5y
2025-12-17 13:33:59,797 - INFO - easyocr alt2 结果: ['Ge5y(0.59)']
2025-12-17 13:33:59,897 - INFO - tesseract alt2 结果: 6e5y
2025-12-17 13:34:00,066 - INFO - easyocr alt3 结果: ['6e(0.68)', '5V(0.27)']
2025-12-17 13:34:00,175 - INFO - tesseract alt3 结果: 6e5Y
2025-12-17 13:34:00,233 - INFO - easyocr alt4 结果: ['Ge5y(0.68)']
2025-12-17 13:34:00,338 - INFO - tesseract alt4 结果: 6e5V
2025-12-17 13:34:00,398 - INFO - easyocr alt5 结果: ['Ge5V(0.29)']
2025-12-17 13:34:00,491 - INFO - tesseract alt5 结果: 6e5V
2025-12-17 13:34:00,491 - INFO - 最终验证码识别结果: GeSy (engine=easyocr, prob=0.6933334469795227)
2025-12-17 13:34:00,491 - INFO - 查找验证码输入框...
2025-12-17 13:34:00,546 - INFO - 验证码填写完成
2025-12-17 13:34:00,546 - INFO - 验证码填写完成，点击登录按钮...
2025-12-17 13:34:00,546 - INFO - 查找并点击登录按钮...
2025-12-17 13:34:00,929 - INFO - 已点击登录按钮
2025-12-17 13:34:07,948 - INFO - 开始填写登录表单...
2025-12-17 13:34:08,007 - INFO - 用户名填写完成
2025-12-17 13:34:08,063 - INFO - 密码填写完成
2025-12-17 13:34:08,064 - INFO - 验证码图片已保存到 /home/runner/work/nju_electric_monitor/nju_electric_monitor/src/../data/captcha_debug.png
2025-12-17 13:34:08,064 - INFO - 验证码识别尝试 21/30
2025-12-17 13:34:08,064 - INFO - 开始识别验证码...（easyocr + pytesseract）
2025-12-17 13:34:08,160 - INFO - easyocr 结果: ['GeSy(0.69)']
2025-12-17 13:34:08,256 - INFO - tesseract 结果: 6e5y
2025-12-17 13:34:08,329 - INFO - easyocr alt1 结果: ['Ge5y(0.58)']
2025-12-17 13:34:08,424 - INFO - tesseract alt1 结果: 6e5y
2025-12-17 13:34:08,482 - INFO - easyocr alt2 结果: ['Ge5y(0.59)']
2025-12-17 13:34:08,583 - INFO - tesseract alt2 结果: 6e5y
2025-12-17 13:34:08,747 - INFO - easyocr alt3 结果: ['6e(0.68)', '5V(0.27)']
2025-12-17 13:34:08,856 - INFO - tesseract alt3 结果: 6e5Y
2025-12-17 13:34:08,916 - INFO - easyocr alt4 结果: ['Ge5y(0.68)']
2025-12-17 13:34:09,011 - INFO - tesseract alt4 结果: 6e5V
2025-12-17 13:34:09,071 - INFO - easyocr alt5 结果: ['Ge5V(0.29)']
2025-12-17 13:34:09,165 - INFO - tesseract alt5 结果: 6e5V
2025-12-17 13:34:09,165 - INFO - 最终验证码识别结果: GeSy (engine=easyocr, prob=0.6933334469795227)
2025-12-17 13:34:09,165 - INFO - 查找验证码输入框...
2025-12-17 13:34:09,219 - INFO - 验证码填写完成
2025-12-17 13:34:09,220 - INFO - 验证码填写完成，点击登录按钮...
2025-12-17 13:34:09,220 - INFO - 查找并点击登录按钮...
2025-12-17 13:34:09,275 - INFO - 已点击登录按钮
2025-12-17 13:34:16,294 - INFO - 开始填写登录表单...
2025-12-17 13:34:16,354 - INFO - 用户名填写完成
2025-12-17 13:34:16,412 - INFO - 密码填写完成
2025-12-17 13:34:16,412 - INFO - 验证码图片已保存到 /home/runner/work/nju_electric_monitor/nju_electric_monitor/src/../data/captcha_debug.png
2025-12-17 13:34:16,413 - INFO - 验证码识别尝试 22/30
2025-12-17 13:34:16,413 - INFO - 开始识别验证码...（easyocr + pytesseract）
2025-12-17 13:34:16,510 - INFO - easyocr 结果: ['GeSy(0.69)']
2025-12-17 13:34:16,605 - INFO - tesseract 结果: 6e5y
2025-12-17 13:34:16,665 - INFO - easyocr alt1 结果: ['Ge5y(0.58)']
2025-12-17 13:34:16,767 - INFO - tesseract alt1 结果: 6e5y
2025-12-17 13:34:16,826 - INFO - easyocr alt2 结果: ['Ge5y(0.59)']
2025-12-17 13:34:16,921 - INFO - tesseract alt2 结果: 6e5y
2025-12-17 13:34:17,084 - INFO - easyocr alt3 结果: ['6e(0.68)', '5V(0.27)']
2025-12-17 13:34:17,193 - INFO - tesseract alt3 结果: 6e5Y
2025-12-17 13:34:17,253 - INFO - easyocr alt4 结果: ['Ge5y(0.68)']
2025-12-17 13:34:17,349 - INFO - tesseract alt4 结果: 6e5V
2025-12-17 13:34:17,409 - INFO - easyocr alt5 结果: ['Ge5V(0.29)']
2025-12-17 13:34:17,504 - INFO - tesseract alt5 结果: 6e5V
2025-12-17 13:34:17,505 - INFO - 最终验证码识别结果: GeSy (engine=easyocr, prob=0.6933334469795227)
2025-12-17 13:34:17,505 - INFO - 查找验证码输入框...
2025-12-17 13:34:17,559 - INFO - 验证码填写完成
2025-12-17 13:34:17,559 - INFO - 验证码填写完成，点击登录按钮...
2025-12-17 13:34:17,559 - INFO - 查找并点击登录按钮...
2025-12-17 13:34:17,945 - INFO - 已点击登录按钮
2025-12-17 13:34:24,965 - INFO - 开始填写登录表单...
2025-12-17 13:34:25,026 - INFO - 用户名填写完成
2025-12-17 13:34:25,083 - INFO - 密码填写完成
2025-12-17 13:34:25,084 - INFO - 验证码图片已保存到 /home/runner/work/nju_electric_monitor/nju_electric_monitor/src/../data/captcha_debug.png
2025-12-17 13:34:25,084 - INFO - 验证码识别尝试 23/30
2025-12-17 13:34:25,084 - INFO - 开始识别验证码...（easyocr + pytesseract）
2025-12-17 13:34:25,194 - INFO - easyocr 结果: ['GeSy(0.69)']
2025-12-17 13:34:25,288 - INFO - tesseract 结果: 6e5y
2025-12-17 13:34:25,348 - INFO - easyocr alt1 结果: ['Ge5y(0.58)']
2025-12-17 13:34:25,445 - INFO - tesseract alt1 结果: 6e5y
2025-12-17 13:34:25,505 - INFO - easyocr alt2 结果: ['Ge5y(0.59)']
2025-12-17 13:34:25,600 - INFO - tesseract alt2 结果: 6e5y
2025-12-17 13:34:25,763 - INFO - easyocr alt3 结果: ['6e(0.68)', '5V(0.27)']
2025-12-17 13:34:25,872 - INFO - tesseract alt3 结果: 6e5Y
2025-12-17 13:34:25,932 - INFO - easyocr alt4 结果: ['Ge5y(0.68)']
2025-12-17 13:34:26,027 - INFO - tesseract alt4 结果: 6e5V
2025-12-17 13:34:26,087 - INFO - easyocr alt5 结果: ['Ge5V(0.29)']
2025-12-17 13:34:26,182 - INFO - tesseract alt5 结果: 6e5V
2025-12-17 13:34:26,183 - INFO - 最终验证码识别结果: GeSy (engine=easyocr, prob=0.6933334469795227)
2025-12-17 13:34:26,183 - INFO - 查找验证码输入框...
2025-12-17 13:34:26,236 - INFO - 验证码填写完成
2025-12-17 13:34:26,236 - INFO - 验证码填写完成，点击登录按钮...
2025-12-17 13:34:26,237 - INFO - 查找并点击登录按钮...
2025-12-17 13:34:26,291 - INFO - 已点击登录按钮
2025-12-17 13:34:33,311 - INFO - 开始填写登录表单...
2025-12-17 13:34:33,373 - INFO - 用户名填写完成
2025-12-17 13:34:33,430 - INFO - 密码填写完成
2025-12-17 13:34:33,431 - INFO - 验证码图片已保存到 /home/runner/work/nju_electric_monitor/nju_electric_monitor/src/../data/captcha_debug.png
2025-12-17 13:34:33,431 - INFO - 验证码识别尝试 24/30
2025-12-17 13:34:33,431 - INFO - 开始识别验证码...（easyocr + pytesseract）
2025-12-17 13:34:33,527 - INFO - easyocr 结果: ['GeSy(0.69)']
2025-12-17 13:34:33,623 - INFO - tesseract 结果: 6e5y
2025-12-17 13:34:33,683 - INFO - easyocr alt1 结果: ['Ge5y(0.58)']
2025-12-17 13:34:33,780 - INFO - tesseract alt1 结果: 6e5y
2025-12-17 13:34:33,838 - INFO - easyocr alt2 结果: ['Ge5y(0.59)']
2025-12-17 13:34:33,939 - INFO - tesseract alt2 结果: 6e5y
2025-12-17 13:34:34,102 - INFO - easyocr alt3 结果: ['6e(0.68)', '5V(0.27)']
2025-12-17 13:34:34,210 - INFO - tesseract alt3 结果: 6e5Y
2025-12-17 13:34:34,269 - INFO - easyocr alt4 结果: ['Ge5y(0.68)']
2025-12-17 13:34:34,364 - INFO - tesseract alt4 结果: 6e5V
2025-12-17 13:34:34,424 - INFO - easyocr alt5 结果: ['Ge5V(0.29)']
2025-12-17 13:34:34,518 - INFO - tesseract alt5 结果: 6e5V
2025-12-17 13:34:34,518 - INFO - 最终验证码识别结果: GeSy (engine=easyocr, prob=0.6933334469795227)
2025-12-17 13:34:34,518 - INFO - 查找验证码输入框...
2025-12-17 13:34:34,572 - INFO - 验证码填写完成
2025-12-17 13:34:34,572 - INFO - 验证码填写完成，点击登录按钮...
2025-12-17 13:34:34,572 - INFO - 查找并点击登录按钮...
2025-12-17 13:34:34,626 - INFO - 已点击登录按钮
2025-12-17 13:34:41,646 - INFO - 开始填写登录表单...
2025-12-17 13:34:41,704 - INFO - 用户名填写完成
2025-12-17 13:34:41,760 - INFO - 密码填写完成
2025-12-17 13:34:41,761 - INFO - 验证码图片已保存到 /home/runner/work/nju_electric_monitor/nju_electric_monitor/src/../data/captcha_debug.png
2025-12-17 13:34:41,761 - INFO - 验证码识别尝试 25/30
2025-12-17 13:34:41,761 - INFO - 开始识别验证码...（easyocr + pytesseract）
2025-12-17 13:34:41,859 - INFO - easyocr 结果: ['GeSy(0.69)']
2025-12-17 13:34:41,959 - INFO - tesseract 结果: 6e5y
2025-12-17 13:34:42,021 - INFO - easyocr alt1 结果: ['Ge5y(0.58)']
2025-12-17 13:34:42,121 - INFO - tesseract alt1 结果: 6e5y
2025-12-17 13:34:42,181 - INFO - easyocr alt2 结果: ['Ge5y(0.59)']
2025-12-17 13:34:42,279 - INFO - tesseract alt2 结果: 6e5y
2025-12-17 13:34:42,443 - INFO - easyocr alt3 结果: ['6e(0.68)', '5V(0.27)']
2025-12-17 13:34:42,553 - INFO - tesseract alt3 结果: 6e5Y
2025-12-17 13:34:42,612 - INFO - easyocr alt4 结果: ['Ge5y(0.68)']
2025-12-17 13:34:42,707 - INFO - tesseract alt4 结果: 6e5V
2025-12-17 13:34:42,766 - INFO - easyocr alt5 结果: ['Ge5V(0.29)']
2025-12-17 13:34:42,862 - INFO - tesseract alt5 结果: 6e5V
2025-12-17 13:34:42,862 - INFO - 最终验证码识别结果: GeSy (engine=easyocr, prob=0.6933334469795227)
2025-12-17 13:34:42,862 - INFO - 查找验证码输入框...
2025-12-17 13:34:42,917 - INFO - 验证码填写完成
2025-12-17 13:34:42,917 - INFO - 验证码填写完成，点击登录按钮...
2025-12-17 13:34:42,917 - INFO - 查找并点击登录按钮...
2025-12-17 13:34:42,973 - INFO - 已点击登录按钮
2025-12-17 13:34:49,993 - INFO - 开始填写登录表单...
2025-12-17 13:34:50,053 - INFO - 用户名填写完成
2025-12-17 13:34:50,108 - INFO - 密码填写完成
2025-12-17 13:34:50,109 - INFO - 验证码图片已保存到 /home/runner/work/nju_electric_monitor/nju_electric_monitor/src/../data/captcha_debug.png
2025-12-17 13:34:50,109 - INFO - 验证码识别尝试 26/30
2025-12-17 13:34:50,109 - INFO - 开始识别验证码...（easyocr + pytesseract）
2025-12-17 13:34:50,206 - INFO - easyocr 结果: ['GeSy(0.69)']
2025-12-17 13:34:50,302 - INFO - tesseract 结果: 6e5y
2025-12-17 13:34:50,362 - INFO - easyocr alt1 结果: ['Ge5y(0.58)']
2025-12-17 13:34:50,464 - INFO - tesseract alt1 结果: 6e5y
2025-12-17 13:34:50,523 - INFO - easyocr alt2 结果: ['Ge5y(0.59)']
2025-12-17 13:34:50,618 - INFO - tesseract alt2 结果: 6e5y
2025-12-17 13:34:50,787 - INFO - easyocr alt3 结果: ['6e(0.68)', '5V(0.27)']
2025-12-17 13:34:50,897 - INFO - tesseract alt3 结果: 6e5Y
2025-12-17 13:34:50,957 - INFO - easyocr alt4 结果: ['Ge5y(0.68)']
2025-12-17 13:34:51,053 - INFO - tesseract alt4 结果: 6e5V
2025-12-17 13:34:51,114 - INFO - easyocr alt5 结果: ['Ge5V(0.29)']
2025-12-17 13:34:51,215 - INFO - tesseract alt5 结果: 6e5V
2025-12-17 13:34:51,215 - INFO - 最终验证码识别结果: GeSy (engine=easyocr, prob=0.6933334469795227)
2025-12-17 13:34:51,215 - INFO - 查找验证码输入框...
2025-12-17 13:34:51,271 - INFO - 验证码填写完成
2025-12-17 13:34:51,271 - INFO - 验证码填写完成，点击登录按钮...
2025-12-17 13:34:51,271 - INFO - 查找并点击登录按钮...
2025-12-17 13:34:51,327 - INFO - 已点击登录按钮
2025-12-17 13:34:58,346 - INFO - 开始填写登录表单...
2025-12-17 13:34:58,407 - INFO - 用户名填写完成
2025-12-17 13:34:58,466 - INFO - 密码填写完成
2025-12-17 13:34:58,467 - INFO - 验证码图片已保存到 /home/runner/work/nju_electric_monitor/nju_electric_monitor/src/../data/captcha_debug.png
2025-12-17 13:34:58,467 - INFO - 验证码识别尝试 27/30
2025-12-17 13:34:58,467 - INFO - 开始识别验证码...（easyocr + pytesseract）
2025-12-17 13:34:58,565 - INFO - easyocr 结果: ['GeSy(0.69)']
2025-12-17 13:34:58,662 - INFO - tesseract 结果: 6e5y
2025-12-17 13:34:58,723 - INFO - easyocr alt1 结果: ['Ge5y(0.58)']
2025-12-17 13:34:58,824 - INFO - tesseract alt1 结果: 6e5y
2025-12-17 13:34:58,884 - INFO - easyocr alt2 结果: ['Ge5y(0.59)']
2025-12-17 13:34:58,981 - INFO - tesseract alt2 结果: 6e5y
2025-12-17 13:34:59,146 - INFO - easyocr alt3 结果: ['6e(0.68)', '5V(0.27)']
2025-12-17 13:34:59,255 - INFO - tesseract alt3 结果: 6e5Y
2025-12-17 13:34:59,314 - INFO - easyocr alt4 结果: ['Ge5y(0.68)']
2025-12-17 13:34:59,411 - INFO - tesseract alt4 结果: 6e5V
2025-12-17 13:34:59,470 - INFO - easyocr alt5 结果: ['Ge5V(0.29)']
2025-12-17 13:34:59,567 - INFO - tesseract alt5 结果: 6e5V
2025-12-17 13:34:59,568 - INFO - 最终验证码识别结果: GeSy (engine=easyocr, prob=0.6933334469795227)
2025-12-17 13:34:59,568 - INFO - 查找验证码输入框...
2025-12-17 13:34:59,622 - INFO - 验证码填写完成
2025-12-17 13:34:59,622 - INFO - 验证码填写完成，点击登录按钮...
2025-12-17 13:34:59,623 - INFO - 查找并点击登录按钮...
2025-12-17 13:34:59,678 - INFO - 已点击登录按钮
2025-12-17 13:35:06,699 - INFO - 开始填写登录表单...
2025-12-17 13:35:06,758 - INFO - 用户名填写完成
2025-12-17 13:35:06,817 - INFO - 密码填写完成
2025-12-17 13:35:06,818 - INFO - 验证码图片已保存到 /home/runner/work/nju_electric_monitor/nju_electric_monitor/src/../data/captcha_debug.png
2025-12-17 13:35:06,818 - INFO - 验证码识别尝试 28/30
2025-12-17 13:35:06,818 - INFO - 开始识别验证码...（easyocr + pytesseract）
2025-12-17 13:35:06,916 - INFO - easyocr 结果: ['GeSy(0.69)']
2025-12-17 13:35:07,014 - INFO - tesseract 结果: 6e5y
2025-12-17 13:35:07,077 - INFO - easyocr alt1 结果: ['Ge5y(0.58)']
2025-12-17 13:35:07,174 - INFO - tesseract alt1 结果: 6e5y
2025-12-17 13:35:07,234 - INFO - easyocr alt2 结果: ['Ge5y(0.59)']
2025-12-17 13:35:07,332 - INFO - tesseract alt2 结果: 6e5y
2025-12-17 13:35:07,497 - INFO - easyocr alt3 结果: ['6e(0.68)', '5V(0.27)']
2025-12-17 13:35:07,606 - INFO - tesseract alt3 结果: 6e5Y
2025-12-17 13:35:07,666 - INFO - easyocr alt4 结果: ['Ge5y(0.68)']
2025-12-17 13:35:07,765 - INFO - tesseract alt4 结果: 6e5V
2025-12-17 13:35:07,825 - INFO - easyocr alt5 结果: ['Ge5V(0.29)']
2025-12-17 13:35:07,922 - INFO - tesseract alt5 结果: 6e5V
2025-12-17 13:35:07,922 - INFO - 最终验证码识别结果: GeSy (engine=easyocr, prob=0.6933334469795227)
2025-12-17 13:35:07,923 - INFO - 查找验证码输入框...
2025-12-17 13:35:07,979 - INFO - 验证码填写完成
2025-12-17 13:35:07,979 - INFO - 验证码填写完成，点击登录按钮...
2025-12-17 13:35:07,979 - INFO - 查找并点击登录按钮...
2025-12-17 13:35:08,364 - INFO - 已点击登录按钮
2025-12-17 13:35:15,384 - INFO - 开始填写登录表单...
2025-12-17 13:35:15,446 - INFO - 用户名填写完成
2025-12-17 13:35:15,505 - INFO - 密码填写完成
2025-12-17 13:35:15,505 - INFO - 验证码图片已保存到 /home/runner/work/nju_electric_monitor/nju_electric_monitor/src/../data/captcha_debug.png
2025-12-17 13:35:15,505 - INFO - 验证码识别尝试 29/30
2025-12-17 13:35:15,505 - INFO - 开始识别验证码...（easyocr + pytesseract）
2025-12-17 13:35:15,604 - INFO - easyocr 结果: ['GeSy(0.69)']
2025-12-17 13:35:15,701 - INFO - tesseract 结果: 6e5y
2025-12-17 13:35:15,762 - INFO - easyocr alt1 结果: ['Ge5y(0.58)']
2025-12-17 13:35:15,859 - INFO - tesseract alt1 结果: 6e5y
2025-12-17 13:35:15,919 - INFO - easyocr alt2 结果: ['Ge5y(0.59)']
2025-12-17 13:35:16,016 - INFO - tesseract alt2 结果: 6e5y
2025-12-17 13:35:16,180 - INFO - easyocr alt3 结果: ['6e(0.68)', '5V(0.27)']
2025-12-17 13:35:16,293 - INFO - tesseract alt3 结果: 6e5Y
2025-12-17 13:35:16,353 - INFO - easyocr alt4 结果: ['Ge5y(0.68)']
2025-12-17 13:35:16,450 - INFO - tesseract alt4 结果: 6e5V
2025-12-17 13:35:16,509 - INFO - easyocr alt5 结果: ['Ge5V(0.29)']
2025-12-17 13:35:16,608 - INFO - tesseract alt5 结果: 6e5V
2025-12-17 13:35:16,608 - INFO - 最终验证码识别结果: GeSy (engine=easyocr, prob=0.6933334469795227)
2025-12-17 13:35:16,608 - INFO - 查找验证码输入框...
2025-12-17 13:35:16,663 - INFO - 验证码填写完成
2025-12-17 13:35:16,664 - INFO - 验证码填写完成，点击登录按钮...
2025-12-17 13:35:16,664 - INFO - 查找并点击登录按钮...
2025-12-17 13:35:17,046 - INFO - 已点击登录按钮
2025-12-17 13:35:24,066 - INFO - 开始填写登录表单...
2025-12-17 13:35:24,126 - INFO - 用户名填写完成
2025-12-17 13:35:24,188 - INFO - 密码填写完成
2025-12-17 13:35:24,188 - INFO - 验证码图片已保存到 /home/runner/work/nju_electric_monitor/nju_electric_monitor/src/../data/captcha_debug.png
2025-12-17 13:35:24,188 - INFO - 验证码识别尝试 30/30
2025-12-17 13:35:24,188 - INFO - 开始识别验证码...（easyocr + pytesseract）
2025-12-17 13:35:24,288 - INFO - easyocr 结果: ['GeSy(0.69)']
2025-12-17 13:35:24,391 - INFO - tesseract 结果: 6e5y
2025-12-17 13:35:24,452 - INFO - easyocr alt1 结果: ['Ge5y(0.58)']
2025-12-17 13:35:24,550 - INFO - tesseract alt1 结果: 6e5y
2025-12-17 13:35:24,611 - INFO - easyocr alt2 结果: ['Ge5y(0.59)']
2025-12-17 13:35:24,708 - INFO - tesseract alt2 结果: 6e5y
2025-12-17 13:35:24,873 - INFO - easyocr alt3 结果: ['6e(0.68)', '5V(0.27)']
2025-12-17 13:35:24,985 - INFO - tesseract alt3 结果: 6e5Y
2025-12-17 13:35:25,053 - INFO - easyocr alt4 结果: ['Ge5y(0.68)']
2025-12-17 13:35:25,150 - INFO - tesseract alt4 结果: 6e5V
2025-12-17 13:35:25,209 - INFO - easyocr alt5 结果: ['Ge5V(0.29)']
2025-12-17 13:35:25,310 - INFO - tesseract alt5 结果: 6e5V
2025-12-17 13:35:25,310 - INFO - 最终验证码识别结果: GeSy (engine=easyocr, prob=0.6933334469795227)
2025-12-17 13:35:25,311 - INFO - 查找验证码输入框...
2025-12-17 13:35:25,365 - INFO - 验证码填写完成
2025-12-17 13:35:25,365 - INFO - 验证码填写完成，点击登录按钮...
2025-12-17 13:35:25,366 - INFO - 查找并点击登录按钮...
2025-12-17 13:35:25,776 - INFO - 已点击登录按钮
2025-12-17 13:35:32,796 - WARNING - 自动验证码识别失败，请手动输入
2025-12-17 13:35:32,796 - ERROR - 处理验证码时出错: EOF when reading a line
2025-12-17 13:35:32,796 - WARNING - 验证码处理失败，但继续尝试登录
2025-12-17 13:35:32,796 - INFO - 查找并点击登录按钮...
2025-12-17 13:35:32,852 - INFO - 已点击登录按钮
2025-12-17 13:35:37,852 - INFO - 等待登录成功...
2025-12-17 13:35:42,857 - INFO - 登录可能成功，继续下一步...
2025-12-17 13:35:42,857 - INFO - 查找'去充值'按钮...
2025-12-17 13:35:42,921 - INFO - 已点击充值按钮
2025-12-17 13:35:45,921 - INFO - 开始提取剩余电量信息...
2025-12-17 13:35:45,926 - INFO - 页面源码已保存到 /home/runner/work/nju_electric_monitor/nju_electric_monitor/src/../data/debug_page_source.html
2025-12-17 13:35:45,935 - WARNING - 未找到电量信息元素，尝试其他方法...
2025-12-17 13:35:45,944 - WARNING - 未找到i标签中的电量信息，尝试其他方法...
2025-12-17 13:35:45,947 - INFO - 在页面源码中查找电量信息...
2025-12-17 13:35:45,960 - WARNING - 未能提取到剩余电量信息
2025-12-17 13:35:45,960 - WARNING - 没有电量数据可保存
2025-12-17 13:35:45,960 - INFO - 监控流程完成
