2026-01-15 02:56:33,801 - INFO - Matplotlib 字体设置：使用回退字体列表，首选可用字体: Noto Sans CJK JP
2026-01-15 02:56:35,255 - INFO - 使用 ChromeDriver: /usr/bin/chromedriver
2026-01-15 02:56:35,256 - WARNING - Using CPU. Note: This module is much faster with a GPU.
2026-01-15 02:56:36,907 - INFO - OCR识别器初始化成功
2026-01-15 02:56:36,907 - INFO - 开始南京大学电费监控流程（自动无头模式）
2026-01-15 02:56:36,907 - INFO - 正在打开页面: https://epay.nju.edu.cn/epay/h5/nju/electric/index
2026-01-15 02:56:47,255 - INFO - 等待登录表单加载...
2026-01-15 02:56:47,265 - INFO - 登录表单已加载
2026-01-15 02:56:47,265 - INFO - 开始填写登录表单...
2026-01-15 02:56:47,325 - INFO - 用户名填写完成
2026-01-15 02:56:47,392 - INFO - 密码填写完成
2026-01-15 02:56:47,392 - INFO - 检查是否有验证码...
2026-01-15 02:56:47,392 - INFO - 查找验证码图片...
2026-01-15 02:56:47,411 - INFO - 找到验证码图片，开始截图...
2026-01-15 02:56:47,470 - INFO - 验证码图片截取成功
2026-01-15 02:56:47,470 - INFO - 开始填写登录表单...
2026-01-15 02:56:47,535 - INFO - 用户名填写完成
2026-01-15 02:56:47,596 - INFO - 密码填写完成
2026-01-15 02:56:47,597 - INFO - 验证码图片已保存到 /home/runner/work/nju_electric_monitor/nju_electric_monitor/src/../data/captcha_debug.png
2026-01-15 02:56:47,597 - INFO - 验证码识别尝试 1/30
2026-01-15 02:56:47,597 - INFO - 开始识别验证码...（easyocr + pytesseract）
2026-01-15 02:56:47,730 - INFO - easyocr 结果: ['fhp1(0.85)']
2026-01-15 02:56:47,903 - INFO - tesseract 结果: fhol
2026-01-15 02:56:47,967 - INFO - easyocr alt1 结果: ['fhpl(0.80)']
2026-01-15 02:56:48,063 - INFO - tesseract alt1 结果: flint
2026-01-15 02:56:48,122 - INFO - easyocr alt2 结果: ['fhpl(0.77)']
2026-01-15 02:56:48,217 - INFO - tesseract alt2 结果: flip
2026-01-15 02:56:48,377 - INFO - easyocr alt3 结果: ['fhpl(0.76)']
2026-01-15 02:56:48,479 - INFO - tesseract alt3 结果: 
2026-01-15 02:56:48,537 - INFO - easyocr alt4 结果: ['fhp1(0.19)']
2026-01-15 02:56:48,633 - INFO - tesseract alt4 结果: flint
2026-01-15 02:56:48,691 - INFO - easyocr alt5 结果: ['fhp1(0.21)']
2026-01-15 02:56:48,785 - INFO - tesseract alt5 结果: 
2026-01-15 02:56:48,785 - INFO - 最终验证码识别结果: fhp1 (engine=easyocr, prob=0.8549345135688782)
2026-01-15 02:56:48,785 - INFO - 查找验证码输入框...
2026-01-15 02:56:48,844 - INFO - 验证码填写完成
2026-01-15 02:56:48,844 - INFO - 验证码填写完成，点击登录按钮...
2026-01-15 02:56:48,844 - INFO - 查找并点击登录按钮...
2026-01-15 02:56:53,268 - INFO - 已点击登录按钮
2026-01-15 02:57:00,278 - INFO - 未检测到无效验证码提示，验证码通过
2026-01-15 02:57:00,278 - INFO - 查找并点击登录按钮...
2026-01-15 02:57:00,284 - ERROR - 未找到登录按钮
2026-01-15 02:57:00,284 - ERROR - 点击登录按钮失败
2026-01-15 02:57:00,284 - INFO - 等待登录成功...
2026-01-15 02:57:05,288 - INFO - 登录可能成功，继续下一步...
2026-01-15 02:57:05,289 - INFO - 查找'去充值'按钮...
2026-01-15 02:57:07,132 - INFO - 已点击充值按钮
2026-01-15 02:57:10,133 - INFO - 开始提取剩余电量信息...
2026-01-15 02:57:10,136 - INFO - 页面源码已保存到 /home/runner/work/nju_electric_monitor/nju_electric_monitor/src/../data/debug_page_source.html
2026-01-15 02:57:10,154 - INFO - 找到电量信息元素: 持卡人姓名：***
2026-01-15 02:57:10,155 - WARNING - 未在元素中找到标准格式的电量信息
2026-01-15 02:57:10,167 - INFO - 找到i标签中的电量信息: ***
2026-01-15 02:57:10,167 - WARNING - i标签中未找到标准格式的电量信息
2026-01-15 02:57:10,167 - WARNING - 未找到i标签中的电量信息
2026-01-15 02:57:10,170 - INFO - 在页面源码中查找电量信息...
2026-01-15 02:57:10,170 - INFO - 从页面源码中提取到剩余电量: 125.54 度
2026-01-15 02:57:10,195 - INFO - 数据已保存: 125.54 度
2026-01-15 02:57:10,465 - INFO - 电量变化曲线图已保存到: /home/runner/work/nju_electric_monitor/nju_electric_monitor/src/../data/electricity_trend.png
2026-01-15 02:57:10,708 - INFO - 最近20次电量变化曲线图已保存到: /home/runner/work/nju_electric_monitor/nju_electric_monitor/src/../data/recent_20_changes.png
2026-01-15 02:57:10,708 - INFO - 监控流程完成
