2025-12-03 15:02:59,724 - INFO - 使用本地ChromeDriver: D:\Documents\Github\nju_electric_monitor\src\..\chromedriver-win64\chromedriver.exe
2025-12-03 15:02:59,724 - WARNING - Using CPU. Note: This module is much faster with a GPU.
2025-12-03 15:03:00,817 - INFO - OCR识别器初始化成功
2025-12-03 15:03:00,818 - INFO - 开始南京大学电费监控流程（自动无头模式）
2025-12-03 15:03:00,831 - INFO - 已获取登录凭据
2025-12-03 15:03:00,832 - INFO - 正在打开页面: https://epay.nju.edu.cn/epay/h5/nju/electric/index
2025-12-03 15:03:04,076 - INFO - 等待登录表单加载...
2025-12-03 15:03:04,084 - INFO - 登录表单已加载
2025-12-03 15:03:04,084 - INFO - 开始填写登录表单...
2025-12-03 15:03:04,119 - INFO - 用户名填写完成
2025-12-03 15:03:04,168 - INFO - 密码填写完成
2025-12-03 15:03:04,168 - INFO - 检查是否有验证码...
2025-12-03 15:03:04,173 - INFO - 查找验证码图片...
2025-12-03 15:03:04,184 - INFO - 找到验证码图片，开始截图...
2025-12-03 15:03:04,232 - INFO - 验证码图片截取成功
2025-12-03 15:03:04,232 - INFO - 开始填写登录表单...
2025-12-03 15:03:04,275 - INFO - 用户名填写完成
2025-12-03 15:03:04,310 - INFO - 密码填写完成
2025-12-03 15:03:04,311 - INFO - 验证码图片已保存到 D:\Documents\Github\nju_electric_monitor\src\..\data\captcha_debug.png
2025-12-03 15:03:04,312 - INFO - 验证码识别尝试 1/12
2025-12-03 15:03:04,312 - INFO - 开始识别验证码...
2025-12-03 15:03:04,420 - INFO - 验证码识别结果: PAHn
2025-12-03 15:03:04,420 - INFO - 查找验证码输入框...
2025-12-03 15:03:04,492 - INFO - 验证码填写完成
2025-12-03 15:03:04,492 - INFO - 验证码填写完成，点击登录按钮...
2025-12-03 15:03:04,492 - INFO - 查找并点击登录按钮...
2025-12-03 15:03:04,550 - INFO - 已点击登录按钮
2025-12-03 15:03:11,569 - WARNING - 检测到无效的验证码提示，准备重试...
2025-12-03 15:03:11,570 - INFO - 查找验证码图片...
2025-12-03 15:03:11,575 - INFO - 找到验证码图片，开始截图...
2025-12-03 15:03:11,612 - INFO - 验证码图片截取成功
2025-12-03 15:03:11,612 - INFO - 开始填写登录表单...
2025-12-03 15:03:11,668 - INFO - 用户名填写完成
2025-12-03 15:03:11,695 - INFO - 密码填写完成
2025-12-03 15:03:11,695 - INFO - 验证码图片已保存到 D:\Documents\Github\nju_electric_monitor\src\..\data\captcha_debug.png
2025-12-03 15:03:11,696 - INFO - 验证码识别尝试 2/12
2025-12-03 15:03:11,696 - INFO - 开始识别验证码...
2025-12-03 15:03:11,758 - INFO - 验证码识别结果: KKBY
2025-12-03 15:03:11,758 - INFO - 查找验证码输入框...
2025-12-03 15:03:11,801 - INFO - 验证码填写完成
2025-12-03 15:03:11,801 - INFO - 验证码填写完成，点击登录按钮...
2025-12-03 15:03:11,802 - INFO - 查找并点击登录按钮...
2025-12-03 15:03:13,552 - INFO - 已点击登录按钮
2025-12-03 15:03:20,557 - INFO - 未检测到无效验证码提示，验证码通过
2025-12-03 15:03:20,557 - INFO - 查找并点击登录按钮...
2025-12-03 15:03:20,561 - ERROR - 未找到登录按钮
2025-12-03 15:03:20,561 - ERROR - 点击登录按钮失败
2025-12-03 15:03:20,561 - INFO - 等待登录成功...
2025-12-03 15:03:25,564 - INFO - 登录可能成功，继续下一步...
2025-12-03 15:03:25,564 - INFO - 查找'去充值'按钮...
2025-12-03 15:03:26,085 - INFO - 已点击充值按钮
2025-12-03 15:03:29,087 - INFO - 开始提取剩余电量信息...
2025-12-03 15:03:29,089 - INFO - 页面源码已保存到 D:\Documents\Github\nju_electric_monitor\src\..\data\debug_page_source.html
2025-12-03 15:03:29,101 - INFO - 找到电量信息元素: 持卡人姓名：***
2025-12-03 15:03:29,101 - WARNING - 未在元素中找到标准格式的电量信息
2025-12-03 15:03:29,109 - INFO - 找到i标签中的电量信息: ***
2025-12-03 15:03:29,114 - WARNING - i标签中未找到标准格式的电量信息
2025-12-03 15:03:29,115 - WARNING - 未找到i标签中的电量信息
2025-12-03 15:03:29,116 - INFO - 在页面源码中查找电量信息...
2025-12-03 15:03:29,116 - INFO - 从页面源码中提取到剩余电量: 351.88 度
2025-12-03 15:03:29,118 - INFO - 数据已保存: 351.88 度
2025-12-03 15:03:29,121 - WARNING - 生成电量曲线图PNG失败: unconverted data remains when parsing with format "%Y-%m-%dT%H:%M:%S.%f": "+08:00", at position 297. You might want to try:
    - passing `format` if your strings have a consistent format;
    - passing `format='ISO8601'` if your strings are all ISO8601 but not necessarily in exactly the same format;
    - passing `format='mixed'`, and the format will be inferred for each element individually. You might want to use `dayfirst` alongside this.
2025-12-03 15:03:29,121 - ERROR - 保存数据时出错: cannot access local variable 'df_sorted' where it is not associated with a value
2025-12-03 15:03:29,121 - INFO - 监控流程完成
