2025-12-30 13:33:31,143 - INFO - Matplotlib 字体设置：使用回退字体列表，首选可用字体: Noto Sans CJK JP
2025-12-30 13:33:32,615 - INFO - 使用 ChromeDriver: /usr/bin/chromedriver
2025-12-30 13:33:32,615 - WARNING - Using CPU. Note: This module is much faster with a GPU.
2025-12-30 13:33:34,208 - INFO - OCR识别器初始化成功
2025-12-30 13:33:34,208 - INFO - 开始南京大学电费监控流程（自动无头模式）
2025-12-30 13:33:34,208 - INFO - 正在打开页面: https://epay.nju.edu.cn/epay/h5/nju/electric/index
2025-12-30 13:33:43,091 - INFO - 等待登录表单加载...
2025-12-30 13:33:43,101 - INFO - 登录表单已加载
2025-12-30 13:33:43,101 - INFO - 开始填写登录表单...
2025-12-30 13:33:43,165 - INFO - 用户名填写完成
2025-12-30 13:33:43,234 - INFO - 密码填写完成
2025-12-30 13:33:43,234 - INFO - 检查是否有验证码...
2025-12-30 13:33:43,234 - INFO - 查找验证码图片...
2025-12-30 13:33:43,254 - INFO - 找到验证码图片，开始截图...
2025-12-30 13:33:43,307 - INFO - 验证码图片截取成功
2025-12-30 13:33:43,307 - INFO - 开始填写登录表单...
2025-12-30 13:33:43,374 - INFO - 用户名填写完成
2025-12-30 13:33:43,446 - INFO - 密码填写完成
2025-12-30 13:33:43,447 - INFO - 验证码图片已保存到 /home/runner/work/nju_electric_monitor/nju_electric_monitor/src/../data/captcha_debug.png
2025-12-30 13:33:43,447 - INFO - 验证码识别尝试 1/30
2025-12-30 13:33:43,447 - INFO - 开始识别验证码...（easyocr + pytesseract）
2025-12-30 13:33:43,577 - INFO - easyocr 结果: ['eea5(0.57)']
2025-12-30 13:33:43,742 - INFO - tesseract 结果: eead
2025-12-30 13:33:43,808 - INFO - easyocr alt1 结果: ['eea5(0.76)']
2025-12-30 13:33:43,903 - INFO - tesseract alt1 结果: eea5
2025-12-30 13:33:43,963 - INFO - easyocr alt2 结果: ['eea5(0.81)']
2025-12-30 13:33:44,062 - INFO - tesseract alt2 结果: eea5
2025-12-30 13:33:44,224 - INFO - easyocr alt3 结果: ['eea5(0.80)']
2025-12-30 13:33:44,331 - INFO - tesseract alt3 结果: eea5
2025-12-30 13:33:44,398 - INFO - easyocr alt4 结果: ['ee35(0.59)']
2025-12-30 13:33:44,494 - INFO - tesseract alt4 结果: eead
2025-12-30 13:33:44,554 - INFO - easyocr alt5 结果: ['ee25(0.28)']
2025-12-30 13:33:44,646 - INFO - tesseract alt5 结果: 
2025-12-30 13:33:44,646 - INFO - 最终验证码识别结果: eea5 (engine=easyocr_alt2, prob=0.808427631855011)
2025-12-30 13:33:44,646 - INFO - 查找验证码输入框...
2025-12-30 13:33:44,708 - INFO - 验证码填写完成
2025-12-30 13:33:44,708 - INFO - 验证码填写完成，点击登录按钮...
2025-12-30 13:33:44,708 - INFO - 查找并点击登录按钮...
2025-12-30 13:33:48,632 - INFO - 已点击登录按钮
2025-12-30 13:33:55,643 - INFO - 未检测到无效验证码提示，验证码通过
2025-12-30 13:33:55,643 - INFO - 查找并点击登录按钮...
2025-12-30 13:33:55,649 - ERROR - 未找到登录按钮
2025-12-30 13:33:55,649 - ERROR - 点击登录按钮失败
2025-12-30 13:33:55,649 - INFO - 等待登录成功...
2025-12-30 13:34:00,653 - INFO - 登录可能成功，继续下一步...
2025-12-30 13:34:00,653 - INFO - 查找'去充值'按钮...
2025-12-30 13:34:02,324 - INFO - 已点击充值按钮
2025-12-30 13:34:05,324 - INFO - 开始提取剩余电量信息...
2025-12-30 13:34:05,328 - INFO - 页面源码已保存到 /home/runner/work/nju_electric_monitor/nju_electric_monitor/src/../data/debug_page_source.html
2025-12-30 13:34:05,346 - INFO - 找到电量信息元素: 持卡人姓名：***
2025-12-30 13:34:05,346 - WARNING - 未在元素中找到标准格式的电量信息
2025-12-30 13:34:05,359 - INFO - 找到i标签中的电量信息: ***
2025-12-30 13:34:05,360 - WARNING - i标签中未找到标准格式的电量信息
2025-12-30 13:34:05,360 - WARNING - 未找到i标签中的电量信息
2025-12-30 13:34:05,362 - INFO - 在页面源码中查找电量信息...
2025-12-30 13:34:05,362 - INFO - 从页面源码中提取到剩余电量: 204.2 度
2025-12-30 13:34:05,387 - INFO - 数据已保存: 204.2 度
2025-12-30 13:34:05,716 - INFO - 电量变化曲线图已保存到: /home/runner/work/nju_electric_monitor/nju_electric_monitor/src/../data/electricity_trend.png
2025-12-30 13:34:05,974 - INFO - 最近20次电量变化曲线图已保存到: /home/runner/work/nju_electric_monitor/nju_electric_monitor/src/../data/recent_20_changes.png
2025-12-30 13:34:05,974 - INFO - 监控流程完成
