2025-11-30 21:03:02,474 - INFO - 使用本地ChromeDriver: D:\Documents\Github\nju_electric_monitor\src\..\chromedriver-win64\chromedriver.exe
2025-11-30 21:03:02,475 - WARNING - Using CPU. Note: This module is much faster with a GPU.
2025-11-30 21:03:04,022 - INFO - OCR识别器初始化成功
2025-11-30 21:03:04,022 - INFO - 开始南京大学电费监控流程（自动无头模式）
2025-11-30 21:03:04,039 - INFO - 已获取登录凭据
2025-11-30 21:03:04,040 - INFO - 正在打开页面: https://epay.nju.edu.cn/epay/h5/nju/electric/index
2025-11-30 21:03:07,403 - INFO - 等待登录表单加载...
2025-11-30 21:03:07,415 - INFO - 登录表单已加载
2025-11-30 21:03:07,415 - INFO - 开始填写登录表单...
2025-11-30 21:03:07,515 - INFO - 用户名填写完成
2025-11-30 21:03:07,553 - INFO - 密码填写完成
2025-11-30 21:03:07,553 - INFO - 检查是否有验证码...
2025-11-30 21:03:07,558 - INFO - 查找验证码图片...
2025-11-30 21:03:07,568 - INFO - 找到验证码图片，开始截图...
2025-11-30 21:03:07,623 - INFO - 验证码图片截取成功
2025-11-30 21:03:07,624 - INFO - 开始填写登录表单...
2025-11-30 21:03:07,656 - INFO - 用户名填写完成
2025-11-30 21:03:07,689 - INFO - 密码填写完成
2025-11-30 21:03:07,691 - INFO - 验证码图片已保存到 D:\Documents\Github\nju_electric_monitor\src\..\data\captcha_debug.png
2025-11-30 21:03:07,691 - INFO - 验证码识别尝试 1/12
2025-11-30 21:03:07,691 - INFO - 开始识别验证码...
2025-11-30 21:03:07,859 - INFO - 验证码识别结果: BXVp
2025-11-30 21:03:07,859 - INFO - 查找验证码输入框...
2025-11-30 21:03:07,896 - INFO - 验证码填写完成
2025-11-30 21:03:07,896 - INFO - 验证码填写完成，点击登录按钮...
2025-11-30 21:03:07,897 - INFO - 查找并点击登录按钮...
2025-11-30 21:03:07,937 - INFO - 已点击登录按钮
2025-11-30 21:03:14,956 - WARNING - 检测到无效的验证码提示，准备重试...
2025-11-30 21:03:14,957 - INFO - 查找验证码图片...
2025-11-30 21:03:14,980 - INFO - 找到验证码图片，开始截图...
2025-11-30 21:03:15,015 - INFO - 验证码图片截取成功
2025-11-30 21:03:15,015 - INFO - 开始填写登录表单...
2025-11-30 21:03:15,084 - INFO - 用户名填写完成
2025-11-30 21:03:15,114 - INFO - 密码填写完成
2025-11-30 21:03:15,115 - INFO - 验证码图片已保存到 D:\Documents\Github\nju_electric_monitor\src\..\data\captcha_debug.png
2025-11-30 21:03:15,115 - INFO - 验证码识别尝试 2/12
2025-11-30 21:03:15,115 - INFO - 开始识别验证码...
2025-11-30 21:03:15,169 - WARNING - 验证码识别结果为空
2025-11-30 21:03:15,169 - INFO - 尝试不同的图像处理参数...
2025-11-30 21:03:15,217 - INFO - 方法2识别结果: PPY5
2025-11-30 21:03:15,217 - INFO - 查找验证码输入框...
2025-11-30 21:03:15,245 - INFO - 验证码填写完成
2025-11-30 21:03:15,246 - INFO - 验证码填写完成，点击登录按钮...
2025-11-30 21:03:15,246 - INFO - 查找并点击登录按钮...
2025-11-30 21:03:17,493 - INFO - 已点击登录按钮
2025-11-30 21:03:24,497 - INFO - 未检测到无效验证码提示，验证码通过
2025-11-30 21:03:24,498 - INFO - 查找并点击登录按钮...
2025-11-30 21:03:24,509 - ERROR - 未找到登录按钮
2025-11-30 21:03:24,509 - ERROR - 点击登录按钮失败
2025-11-30 21:03:24,509 - INFO - 等待登录成功...
2025-11-30 21:03:29,514 - INFO - 登录可能成功，继续下一步...
2025-11-30 21:03:29,514 - INFO - 查找'去充值'按钮...
2025-11-30 21:03:30,068 - INFO - 已点击充值按钮
2025-11-30 21:03:33,069 - INFO - 开始提取剩余电量信息...
2025-11-30 21:03:33,073 - INFO - 页面源码已保存到 D:\Documents\Github\nju_electric_monitor\src\..\data\debug_page_source.html
2025-11-30 21:03:33,085 - INFO - 找到电量信息元素: 持卡人姓名：吴相民
2025-11-30 21:03:33,085 - WARNING - 未在元素中找到标准格式的电量信息
2025-11-30 21:03:33,105 - INFO - 找到i标签中的电量信息: 吴相民
2025-11-30 21:03:33,109 - WARNING - i标签中未找到标准格式的电量信息
2025-11-30 21:03:33,109 - WARNING - 未找到i标签中的电量信息
2025-11-30 21:03:33,111 - INFO - 在页面源码中查找电量信息...
2025-11-30 21:03:33,111 - INFO - 从页面源码中提取到剩余电量: 365.77 度
2025-11-30 21:03:33,114 - INFO - 数据已保存: 365.77 度
2025-11-30 21:03:33,403 - INFO - 电量变化曲线图已保存到: D:\Documents\Github\nju_electric_monitor\src\..\data\electricity_trend.png
2025-11-30 21:03:33,558 - INFO - 最近20次电量变化曲线图已保存到: D:\Documents\Github\nju_electric_monitor\src\..\data\recent_20_changes.png
2025-11-30 21:03:33,559 - INFO - 监控流程完成
