2026-02-06 13:57:57,692 - INFO - Matplotlib 字体设置：使用回退字体列表，首选可用字体: Noto Sans CJK JP
2026-02-06 13:57:59,679 - INFO - 使用 ChromeDriver: /usr/bin/chromedriver
2026-02-06 13:57:59,679 - WARNING - Using CPU. Note: This module is much faster with a GPU.
2026-02-06 13:58:01,150 - INFO - OCR识别器初始化成功
2026-02-06 13:58:01,150 - INFO - 开始南京大学电费监控流程（自动无头模式）
2026-02-06 13:58:01,150 - INFO - 正在打开页面: https://epay.nju.edu.cn/epay/h5/nju/electric/index
2026-02-06 13:58:23,894 - INFO - 等待登录表单加载...
2026-02-06 13:58:23,904 - INFO - 登录表单已加载
2026-02-06 13:58:23,904 - INFO - 开始填写登录表单...
2026-02-06 13:58:23,971 - INFO - 用户名填写完成
2026-02-06 13:58:24,043 - INFO - 密码填写完成
2026-02-06 13:58:24,043 - INFO - 检查是否有验证码...
2026-02-06 13:58:24,043 - INFO - 查找验证码图片...
2026-02-06 13:58:24,064 - INFO - 找到验证码图片，开始截图...
2026-02-06 13:58:24,129 - INFO - 验证码图片截取成功
2026-02-06 13:58:24,129 - INFO - 开始填写登录表单...
2026-02-06 13:58:24,199 - INFO - 用户名填写完成
2026-02-06 13:58:24,264 - INFO - 密码填写完成
2026-02-06 13:58:24,265 - INFO - 验证码图片已保存到 /home/runner/work/nju_electric_monitor/nju_electric_monitor/src/../data/captcha_debug.png
2026-02-06 13:58:24,266 - INFO - 验证码识别尝试 1/30
2026-02-06 13:58:24,266 - INFO - 开始识别验证码...（easyocr + pytesseract）
2026-02-06 13:58:24,414 - INFO - easyocr 结果: ['a(1.00)', 'dKd(0.86)']
2026-02-06 13:58:24,586 - INFO - tesseract 结果: adKd
2026-02-06 13:58:24,664 - INFO - easyocr alt1 结果: ['a(0.55)', 'dKd(0.82)']
2026-02-06 13:58:24,761 - INFO - tesseract alt1 结果: adKkd
2026-02-06 13:58:24,819 - INFO - easyocr alt2 结果: ['dKd(0.78)']
2026-02-06 13:58:24,920 - INFO - tesseract alt2 结果: adkd
2026-02-06 13:58:25,090 - INFO - easyocr alt3 结果: ['adKd(0.97)']
2026-02-06 13:58:25,201 - INFO - tesseract alt3 结果: adKkd
2026-02-06 13:58:25,261 - INFO - easyocr alt4 结果: ['adKd(0.66)']
2026-02-06 13:58:25,361 - INFO - tesseract alt4 结果: adkd
2026-02-06 13:58:25,432 - INFO - easyocr alt5 结果: ['a(0.51)', 'aKd(0.41)']
2026-02-06 13:58:25,534 - INFO - tesseract alt5 结果: adKkd
2026-02-06 13:58:25,534 - INFO - 最终验证码识别结果: adKd (engine=easyocr_alt3, prob=0.965492308139801)
2026-02-06 13:58:25,534 - INFO - 查找验证码输入框...
2026-02-06 13:58:25,597 - INFO - 验证码填写完成
2026-02-06 13:58:25,597 - INFO - 验证码填写完成，点击登录按钮...
2026-02-06 13:58:25,597 - INFO - 查找并点击登录按钮...
2026-02-06 13:58:33,263 - INFO - 已点击登录按钮
2026-02-06 13:58:40,275 - INFO - 未检测到无效验证码提示，验证码通过
2026-02-06 13:58:40,275 - INFO - 查找并点击登录按钮...
2026-02-06 13:58:40,281 - ERROR - 未找到登录按钮
2026-02-06 13:58:40,281 - ERROR - 点击登录按钮失败
2026-02-06 13:58:40,281 - INFO - 等待登录成功...
2026-02-06 13:58:45,286 - INFO - 登录可能成功，继续下一步...
2026-02-06 13:58:45,286 - INFO - 查找'去充值'按钮...
2026-02-06 13:58:52,015 - INFO - 已点击充值按钮
2026-02-06 13:58:55,015 - INFO - 开始提取剩余电量信息...
2026-02-06 13:58:55,020 - INFO - 页面源码已保存到 /home/runner/work/nju_electric_monitor/nju_electric_monitor/src/../data/debug_page_source.html
2026-02-06 13:58:55,038 - INFO - 找到电量信息元素: 持卡人姓名：吴相民
2026-02-06 13:58:55,038 - WARNING - 未在元素中找到标准格式的电量信息
2026-02-06 13:58:55,051 - INFO - 找到i标签中的电量信息: 吴相民
2026-02-06 13:58:55,052 - WARNING - i标签中未找到标准格式的电量信息
2026-02-06 13:58:55,052 - WARNING - 未找到i标签中的电量信息
2026-02-06 13:58:55,054 - INFO - 在页面源码中查找电量信息...
2026-02-06 13:58:55,055 - INFO - 从页面源码中提取到剩余电量: 103.36 度
2026-02-06 13:58:55,072 - INFO - 数据已保存: 103.36 度
2026-02-06 13:58:55,360 - INFO - 电量变化曲线图已保存到: /home/runner/work/nju_electric_monitor/nju_electric_monitor/src/../data/electricity_trend.png
2026-02-06 13:58:55,642 - INFO - 最近20次电量变化曲线图已保存到: /home/runner/work/nju_electric_monitor/nju_electric_monitor/src/../data/recent_20_changes.png
2026-02-06 13:58:55,642 - INFO - 监控流程完成
