2026-02-04 14:00:01,381 - INFO - Matplotlib 字体设置：使用回退字体列表，首选可用字体: Noto Sans CJK JP
2026-02-04 14:00:02,795 - INFO - 使用 ChromeDriver: /usr/bin/chromedriver
2026-02-04 14:00:02,795 - WARNING - Using CPU. Note: This module is much faster with a GPU.
2026-02-04 14:00:04,352 - INFO - OCR识别器初始化成功
2026-02-04 14:00:04,352 - INFO - 开始南京大学电费监控流程（自动无头模式）
2026-02-04 14:00:04,352 - INFO - 正在打开页面: https://epay.nju.edu.cn/epay/h5/nju/electric/index
2026-02-04 14:00:14,225 - INFO - 等待登录表单加载...
2026-02-04 14:00:14,235 - INFO - 登录表单已加载
2026-02-04 14:00:14,235 - INFO - 开始填写登录表单...
2026-02-04 14:00:14,297 - INFO - 用户名填写完成
2026-02-04 14:00:14,368 - INFO - 密码填写完成
2026-02-04 14:00:14,368 - INFO - 检查是否有验证码...
2026-02-04 14:00:14,368 - INFO - 查找验证码图片...
2026-02-04 14:00:14,388 - INFO - 找到验证码图片，开始截图...
2026-02-04 14:00:14,452 - INFO - 验证码图片截取成功
2026-02-04 14:00:14,452 - INFO - 开始填写登录表单...
2026-02-04 14:00:14,519 - INFO - 用户名填写完成
2026-02-04 14:00:14,582 - INFO - 密码填写完成
2026-02-04 14:00:14,583 - INFO - 验证码图片已保存到 /home/runner/work/nju_electric_monitor/nju_electric_monitor/src/../data/captcha_debug.png
2026-02-04 14:00:14,583 - INFO - 验证码识别尝试 1/30
2026-02-04 14:00:14,583 - INFO - 开始识别验证码...（easyocr + pytesseract）
2026-02-04 14:00:14,719 - INFO - easyocr 结果: ['NnXK(0.97)']
2026-02-04 14:00:14,924 - INFO - tesseract 结果: NnXK
2026-02-04 14:00:14,989 - INFO - easyocr alt1 结果: ['NnXK(0.58)']
2026-02-04 14:00:15,090 - INFO - tesseract alt1 结果: NnaxXk
2026-02-04 14:00:15,151 - INFO - easyocr alt2 结果: ['NnXK(0.59)']
2026-02-04 14:00:15,248 - INFO - tesseract alt2 结果: NnaxXk
2026-02-04 14:00:15,412 - INFO - easyocr alt3 结果: ['NnXK(0.60)']
2026-02-04 14:00:15,520 - INFO - tesseract alt3 结果: NaxXk
2026-02-04 14:00:15,582 - INFO - easyocr alt4 结果: ['NnXR(0.41)']
2026-02-04 14:00:15,683 - INFO - tesseract alt4 结果: Naxk
2026-02-04 14:00:15,744 - INFO - easyocr alt5 结果: ['AnK(0.11)']
2026-02-04 14:00:15,842 - INFO - tesseract alt5 结果: NaxXk
2026-02-04 14:00:15,842 - INFO - 最终验证码识别结果: NnXK (engine=easyocr, prob=0.9691810540970962)
2026-02-04 14:00:15,842 - INFO - 查找验证码输入框...
2026-02-04 14:00:15,901 - INFO - 验证码填写完成
2026-02-04 14:00:15,901 - INFO - 验证码填写完成，点击登录按钮...
2026-02-04 14:00:15,901 - INFO - 查找并点击登录按钮...
2026-02-04 14:00:20,537 - INFO - 已点击登录按钮
2026-02-04 14:00:27,547 - INFO - 未检测到无效验证码提示，验证码通过
2026-02-04 14:00:27,547 - INFO - 查找并点击登录按钮...
2026-02-04 14:00:27,553 - ERROR - 未找到登录按钮
2026-02-04 14:00:27,553 - ERROR - 点击登录按钮失败
2026-02-04 14:00:27,553 - INFO - 等待登录成功...
2026-02-04 14:00:32,557 - INFO - 登录可能成功，继续下一步...
2026-02-04 14:00:32,557 - INFO - 查找'去充值'按钮...
2026-02-04 14:00:34,057 - INFO - 已点击充值按钮
2026-02-04 14:00:37,057 - INFO - 开始提取剩余电量信息...
2026-02-04 14:00:37,061 - INFO - 页面源码已保存到 /home/runner/work/nju_electric_monitor/nju_electric_monitor/src/../data/debug_page_source.html
2026-02-04 14:00:37,079 - INFO - 找到电量信息元素: 持卡人姓名：***
2026-02-04 14:00:37,079 - WARNING - 未在元素中找到标准格式的电量信息
2026-02-04 14:00:37,091 - INFO - 找到i标签中的电量信息: 吴相民
2026-02-04 14:00:37,091 - WARNING - i标签中未找到标准格式的电量信息
2026-02-04 14:00:37,091 - WARNING - 未找到i标签中的电量信息
2026-02-04 14:00:37,094 - INFO - 在页面源码中查找电量信息...
2026-02-04 14:00:37,094 - INFO - 从页面源码中提取到剩余电量: 24.7 度
2026-02-04 14:00:37,113 - INFO - 数据已保存: 24.7 度
2026-02-04 14:00:37,397 - INFO - 电量变化曲线图已保存到: /home/runner/work/nju_electric_monitor/nju_electric_monitor/src/../data/electricity_trend.png
2026-02-04 14:00:37,673 - INFO - 最近20次电量变化曲线图已保存到: /home/runner/work/nju_electric_monitor/nju_electric_monitor/src/../data/recent_20_changes.png
2026-02-04 14:00:37,673 - INFO - 监控流程完成
