2026-01-18 07:19:57,177 - INFO - Matplotlib 字体设置：使用回退字体列表，首选可用字体: Noto Sans CJK JP
2026-01-18 07:19:58,711 - INFO - 使用 ChromeDriver: /usr/bin/chromedriver
2026-01-18 07:19:58,712 - WARNING - Using CPU. Note: This module is much faster with a GPU.
2026-01-18 07:20:00,330 - INFO - OCR识别器初始化成功
2026-01-18 07:20:00,330 - INFO - 开始南京大学电费监控流程（自动无头模式）
2026-01-18 07:20:00,330 - INFO - 正在打开页面: https://epay.nju.edu.cn/epay/h5/nju/electric/index
2026-01-18 07:20:11,430 - INFO - 等待登录表单加载...
2026-01-18 07:20:11,440 - INFO - 登录表单已加载
2026-01-18 07:20:11,440 - INFO - 开始填写登录表单...
2026-01-18 07:20:11,505 - INFO - 用户名填写完成
2026-01-18 07:20:11,576 - INFO - 密码填写完成
2026-01-18 07:20:11,576 - INFO - 检查是否有验证码...
2026-01-18 07:20:11,576 - INFO - 查找验证码图片...
2026-01-18 07:20:11,597 - INFO - 找到验证码图片，开始截图...
2026-01-18 07:20:11,660 - INFO - 验证码图片截取成功
2026-01-18 07:20:11,660 - INFO - 开始填写登录表单...
2026-01-18 07:20:11,728 - INFO - 用户名填写完成
2026-01-18 07:20:11,792 - INFO - 密码填写完成
2026-01-18 07:20:11,793 - INFO - 验证码图片已保存到 /home/runner/work/nju_electric_monitor/nju_electric_monitor/src/../data/captcha_debug.png
2026-01-18 07:20:11,793 - INFO - 验证码识别尝试 1/30
2026-01-18 07:20:11,793 - INFO - 开始识别验证码...（easyocr + pytesseract）
2026-01-18 07:20:11,922 - INFO - easyocr 结果: ['0Cb8(0.54)']
2026-01-18 07:20:12,087 - INFO - tesseract 结果: DCb8
2026-01-18 07:20:12,152 - INFO - easyocr alt1 结果: ['0C68(0.49)']
2026-01-18 07:20:12,253 - INFO - tesseract alt1 结果: DChSs
2026-01-18 07:20:12,313 - INFO - easyocr alt2 结果: ['0C68(0.50)']
2026-01-18 07:20:12,410 - INFO - tesseract alt2 结果: DChSs
2026-01-18 07:20:12,578 - INFO - easyocr alt3 结果: ['DC68(0.27)']
2026-01-18 07:20:12,690 - INFO - tesseract alt3 结果: DCs
2026-01-18 07:20:12,750 - INFO - easyocr alt4 结果: ['0C68(0.23)']
2026-01-18 07:20:12,849 - INFO - tesseract alt4 结果: pithse
2026-01-18 07:20:12,909 - INFO - easyocr alt5 结果: ['DC68(0.29)']
2026-01-18 07:20:13,000 - INFO - tesseract alt5 结果: 
2026-01-18 07:20:13,000 - INFO - 最终验证码识别结果: 0Cb8 (engine=easyocr, prob=0.5421219482137023)
2026-01-18 07:20:13,000 - INFO - 查找验证码输入框...
2026-01-18 07:20:13,061 - INFO - 验证码填写完成
2026-01-18 07:20:13,061 - INFO - 验证码填写完成，点击登录按钮...
2026-01-18 07:20:13,061 - INFO - 查找并点击登录按钮...
2026-01-18 07:20:13,415 - INFO - 已点击登录按钮
2026-01-18 07:20:20,444 - INFO - 开始填写登录表单...
2026-01-18 07:20:20,507 - INFO - 用户名填写完成
2026-01-18 07:20:20,570 - INFO - 密码填写完成
2026-01-18 07:20:20,571 - INFO - 验证码图片已保存到 /home/runner/work/nju_electric_monitor/nju_electric_monitor/src/../data/captcha_debug.png
2026-01-18 07:20:20,571 - INFO - 验证码识别尝试 2/30
2026-01-18 07:20:20,571 - INFO - 开始识别验证码...（easyocr + pytesseract）
2026-01-18 07:20:20,667 - INFO - easyocr 结果: ['0Cb8(0.54)']
2026-01-18 07:20:20,768 - INFO - tesseract 结果: DCb8
2026-01-18 07:20:20,829 - INFO - easyocr alt1 结果: ['0C68(0.49)']
2026-01-18 07:20:20,931 - INFO - tesseract alt1 结果: DChSs
2026-01-18 07:20:20,989 - INFO - easyocr alt2 结果: ['0C68(0.50)']
2026-01-18 07:20:21,086 - INFO - tesseract alt2 结果: DChSs
2026-01-18 07:20:21,242 - INFO - easyocr alt3 结果: ['DC68(0.27)']
2026-01-18 07:20:21,356 - INFO - tesseract alt3 结果: DCs
2026-01-18 07:20:21,415 - INFO - easyocr alt4 结果: ['0C68(0.23)']
2026-01-18 07:20:21,519 - INFO - tesseract alt4 结果: pithse
2026-01-18 07:20:21,578 - INFO - easyocr alt5 结果: ['DC68(0.29)']
2026-01-18 07:20:21,672 - INFO - tesseract alt5 结果: 
2026-01-18 07:20:21,672 - INFO - 最终验证码识别结果: 0Cb8 (engine=easyocr, prob=0.5421219482137023)
2026-01-18 07:20:21,672 - INFO - 查找验证码输入框...
2026-01-18 07:20:21,730 - INFO - 验证码填写完成
2026-01-18 07:20:21,730 - INFO - 验证码填写完成，点击登录按钮...
2026-01-18 07:20:21,730 - INFO - 查找并点击登录按钮...
2026-01-18 07:20:22,072 - INFO - 已点击登录按钮
2026-01-18 07:20:29,094 - INFO - 开始填写登录表单...
2026-01-18 07:20:29,159 - INFO - 用户名填写完成
2026-01-18 07:20:29,222 - INFO - 密码填写完成
2026-01-18 07:20:29,223 - INFO - 验证码图片已保存到 /home/runner/work/nju_electric_monitor/nju_electric_monitor/src/../data/captcha_debug.png
2026-01-18 07:20:29,223 - INFO - 验证码识别尝试 3/30
2026-01-18 07:20:29,223 - INFO - 开始识别验证码...（easyocr + pytesseract）
2026-01-18 07:20:29,321 - INFO - easyocr 结果: ['0Cb8(0.54)']
2026-01-18 07:20:29,419 - INFO - tesseract 结果: DCb8
2026-01-18 07:20:29,480 - INFO - easyocr alt1 结果: ['0C68(0.49)']
2026-01-18 07:20:29,582 - INFO - tesseract alt1 结果: DChSs
2026-01-18 07:20:29,641 - INFO - easyocr alt2 结果: ['0C68(0.50)']
2026-01-18 07:20:29,738 - INFO - tesseract alt2 结果: DChSs
2026-01-18 07:20:29,897 - INFO - easyocr alt3 结果: ['DC68(0.27)']
2026-01-18 07:20:30,013 - INFO - tesseract alt3 结果: DCs
2026-01-18 07:20:30,073 - INFO - easyocr alt4 结果: ['0C68(0.23)']
2026-01-18 07:20:30,175 - INFO - tesseract alt4 结果: pithse
2026-01-18 07:20:30,233 - INFO - easyocr alt5 结果: ['DC68(0.29)']
2026-01-18 07:20:30,330 - INFO - tesseract alt5 结果: 
2026-01-18 07:20:30,330 - INFO - 最终验证码识别结果: 0Cb8 (engine=easyocr, prob=0.5421219482137023)
2026-01-18 07:20:30,330 - INFO - 查找验证码输入框...
2026-01-18 07:20:30,387 - INFO - 验证码填写完成
2026-01-18 07:20:30,388 - INFO - 验证码填写完成，点击登录按钮...
2026-01-18 07:20:30,388 - INFO - 查找并点击登录按钮...
2026-01-18 07:20:30,445 - INFO - 已点击登录按钮
2026-01-18 07:20:37,466 - INFO - 开始填写登录表单...
2026-01-18 07:20:37,527 - INFO - 用户名填写完成
2026-01-18 07:20:37,588 - INFO - 密码填写完成
2026-01-18 07:20:37,589 - INFO - 验证码图片已保存到 /home/runner/work/nju_electric_monitor/nju_electric_monitor/src/../data/captcha_debug.png
2026-01-18 07:20:37,589 - INFO - 验证码识别尝试 4/30
2026-01-18 07:20:37,589 - INFO - 开始识别验证码...（easyocr + pytesseract）
2026-01-18 07:20:37,686 - INFO - easyocr 结果: ['0Cb8(0.54)']
2026-01-18 07:20:37,783 - INFO - tesseract 结果: DCb8
2026-01-18 07:20:37,843 - INFO - easyocr alt1 结果: ['0C68(0.49)']
2026-01-18 07:20:37,943 - INFO - tesseract alt1 结果: DChSs
2026-01-18 07:20:38,003 - INFO - easyocr alt2 结果: ['0C68(0.50)']
2026-01-18 07:20:38,100 - INFO - tesseract alt2 结果: DChSs
2026-01-18 07:20:38,262 - INFO - easyocr alt3 结果: ['DC68(0.27)']
2026-01-18 07:20:38,375 - INFO - tesseract alt3 结果: DCs
2026-01-18 07:20:38,434 - INFO - easyocr alt4 结果: ['0C68(0.23)']
2026-01-18 07:20:38,538 - INFO - tesseract alt4 结果: pithse
2026-01-18 07:20:38,598 - INFO - easyocr alt5 结果: ['DC68(0.29)']
2026-01-18 07:20:38,689 - INFO - tesseract alt5 结果: 
2026-01-18 07:20:38,690 - INFO - 最终验证码识别结果: 0Cb8 (engine=easyocr, prob=0.5421219482137023)
2026-01-18 07:20:38,690 - INFO - 查找验证码输入框...
2026-01-18 07:20:38,747 - INFO - 验证码填写完成
2026-01-18 07:20:38,748 - INFO - 验证码填写完成，点击登录按钮...
2026-01-18 07:20:38,748 - INFO - 查找并点击登录按钮...
2026-01-18 07:20:39,102 - INFO - 已点击登录按钮
2026-01-18 07:20:46,123 - INFO - 开始填写登录表单...
2026-01-18 07:20:46,185 - INFO - 用户名填写完成
2026-01-18 07:20:46,247 - INFO - 密码填写完成
2026-01-18 07:20:46,248 - INFO - 验证码图片已保存到 /home/runner/work/nju_electric_monitor/nju_electric_monitor/src/../data/captcha_debug.png
2026-01-18 07:20:46,248 - INFO - 验证码识别尝试 5/30
2026-01-18 07:20:46,248 - INFO - 开始识别验证码...（easyocr + pytesseract）
2026-01-18 07:20:46,346 - INFO - easyocr 结果: ['0Cb8(0.54)']
2026-01-18 07:20:46,446 - INFO - tesseract 结果: DCb8
2026-01-18 07:20:46,508 - INFO - easyocr alt1 结果: ['0C68(0.49)']
2026-01-18 07:20:46,608 - INFO - tesseract alt1 结果: DChSs
2026-01-18 07:20:46,668 - INFO - easyocr alt2 结果: ['0C68(0.50)']
2026-01-18 07:20:46,768 - INFO - tesseract alt2 结果: DChSs
2026-01-18 07:20:46,925 - INFO - easyocr alt3 结果: ['DC68(0.27)']
2026-01-18 07:20:47,037 - INFO - tesseract alt3 结果: DCs
2026-01-18 07:20:47,097 - INFO - easyocr alt4 结果: ['0C68(0.23)']
2026-01-18 07:20:47,197 - INFO - tesseract alt4 结果: pithse
2026-01-18 07:20:47,257 - INFO - easyocr alt5 结果: ['DC68(0.29)']
2026-01-18 07:20:47,351 - INFO - tesseract alt5 结果: 
2026-01-18 07:20:47,351 - INFO - 最终验证码识别结果: 0Cb8 (engine=easyocr, prob=0.5421219482137023)
2026-01-18 07:20:47,351 - INFO - 查找验证码输入框...
2026-01-18 07:20:47,411 - INFO - 验证码填写完成
2026-01-18 07:20:47,411 - INFO - 验证码填写完成，点击登录按钮...
2026-01-18 07:20:47,411 - INFO - 查找并点击登录按钮...
2026-01-18 07:20:47,764 - INFO - 已点击登录按钮
2026-01-18 07:20:54,785 - INFO - 开始填写登录表单...
2026-01-18 07:20:54,847 - INFO - 用户名填写完成
2026-01-18 07:20:54,908 - INFO - 密码填写完成
2026-01-18 07:20:54,909 - INFO - 验证码图片已保存到 /home/runner/work/nju_electric_monitor/nju_electric_monitor/src/../data/captcha_debug.png
2026-01-18 07:20:54,909 - INFO - 验证码识别尝试 6/30
2026-01-18 07:20:54,909 - INFO - 开始识别验证码...（easyocr + pytesseract）
2026-01-18 07:20:55,008 - INFO - easyocr 结果: ['0Cb8(0.54)']
2026-01-18 07:20:55,106 - INFO - tesseract 结果: DCb8
2026-01-18 07:20:55,166 - INFO - easyocr alt1 结果: ['0C68(0.49)']
2026-01-18 07:20:55,267 - INFO - tesseract alt1 结果: DChSs
2026-01-18 07:20:55,326 - INFO - easyocr alt2 结果: ['0C68(0.50)']
2026-01-18 07:20:55,423 - INFO - tesseract alt2 结果: DChSs
2026-01-18 07:20:55,577 - INFO - easyocr alt3 结果: ['DC68(0.27)']
2026-01-18 07:20:55,688 - INFO - tesseract alt3 结果: DCs
2026-01-18 07:20:55,748 - INFO - easyocr alt4 结果: ['0C68(0.23)']
2026-01-18 07:20:55,847 - INFO - tesseract alt4 结果: pithse
2026-01-18 07:20:55,906 - INFO - easyocr alt5 结果: ['DC68(0.29)']
2026-01-18 07:20:55,999 - INFO - tesseract alt5 结果: 
2026-01-18 07:20:55,999 - INFO - 最终验证码识别结果: 0Cb8 (engine=easyocr, prob=0.5421219482137023)
2026-01-18 07:20:55,999 - INFO - 查找验证码输入框...
2026-01-18 07:20:56,057 - INFO - 验证码填写完成
2026-01-18 07:20:56,057 - INFO - 验证码填写完成，点击登录按钮...
2026-01-18 07:20:56,057 - INFO - 查找并点击登录按钮...
2026-01-18 07:20:56,116 - INFO - 已点击登录按钮
2026-01-18 07:21:03,137 - INFO - 开始填写登录表单...
2026-01-18 07:21:03,198 - INFO - 用户名填写完成
2026-01-18 07:21:03,260 - INFO - 密码填写完成
2026-01-18 07:21:03,261 - INFO - 验证码图片已保存到 /home/runner/work/nju_electric_monitor/nju_electric_monitor/src/../data/captcha_debug.png
2026-01-18 07:21:03,261 - INFO - 验证码识别尝试 7/30
2026-01-18 07:21:03,261 - INFO - 开始识别验证码...（easyocr + pytesseract）
2026-01-18 07:21:03,362 - INFO - easyocr 结果: ['0Cb8(0.54)']
2026-01-18 07:21:03,468 - INFO - tesseract 结果: DCb8
2026-01-18 07:21:03,529 - INFO - easyocr alt1 结果: ['0C68(0.49)']
2026-01-18 07:21:03,627 - INFO - tesseract alt1 结果: DChSs
2026-01-18 07:21:03,687 - INFO - easyocr alt2 结果: ['0C68(0.50)']
2026-01-18 07:21:03,783 - INFO - tesseract alt2 结果: DChSs
2026-01-18 07:21:03,949 - INFO - easyocr alt3 结果: ['DC68(0.27)']
2026-01-18 07:21:04,061 - INFO - tesseract alt3 结果: DCs
2026-01-18 07:21:04,121 - INFO - easyocr alt4 结果: ['0C68(0.23)']
2026-01-18 07:21:04,221 - INFO - tesseract alt4 结果: pithse
2026-01-18 07:21:04,281 - INFO - easyocr alt5 结果: ['DC68(0.29)']
2026-01-18 07:21:04,374 - INFO - tesseract alt5 结果: 
2026-01-18 07:21:04,374 - INFO - 最终验证码识别结果: 0Cb8 (engine=easyocr, prob=0.5421219482137023)
2026-01-18 07:21:04,375 - INFO - 查找验证码输入框...
2026-01-18 07:21:04,441 - INFO - 验证码填写完成
2026-01-18 07:21:04,441 - INFO - 验证码填写完成，点击登录按钮...
2026-01-18 07:21:04,441 - INFO - 查找并点击登录按钮...
2026-01-18 07:21:04,838 - INFO - 已点击登录按钮
2026-01-18 07:21:11,860 - INFO - 开始填写登录表单...
2026-01-18 07:21:11,924 - INFO - 用户名填写完成
2026-01-18 07:21:11,986 - INFO - 密码填写完成
2026-01-18 07:21:11,987 - INFO - 验证码图片已保存到 /home/runner/work/nju_electric_monitor/nju_electric_monitor/src/../data/captcha_debug.png
2026-01-18 07:21:11,987 - INFO - 验证码识别尝试 8/30
2026-01-18 07:21:11,987 - INFO - 开始识别验证码...（easyocr + pytesseract）
2026-01-18 07:21:12,096 - INFO - easyocr 结果: ['0Cb8(0.54)']
2026-01-18 07:21:12,193 - INFO - tesseract 结果: DCb8
2026-01-18 07:21:12,256 - INFO - easyocr alt1 结果: ['0C68(0.49)']
2026-01-18 07:21:12,361 - INFO - tesseract alt1 结果: DChSs
2026-01-18 07:21:12,420 - INFO - easyocr alt2 结果: ['0C68(0.50)']
2026-01-18 07:21:12,518 - INFO - tesseract alt2 结果: DChSs
2026-01-18 07:21:12,672 - INFO - easyocr alt3 结果: ['DC68(0.27)']
2026-01-18 07:21:12,788 - INFO - tesseract alt3 结果: DCs
2026-01-18 07:21:12,848 - INFO - easyocr alt4 结果: ['0C68(0.23)']
2026-01-18 07:21:12,947 - INFO - tesseract alt4 结果: pithse
2026-01-18 07:21:13,007 - INFO - easyocr alt5 结果: ['DC68(0.29)']
2026-01-18 07:21:13,100 - INFO - tesseract alt5 结果: 
2026-01-18 07:21:13,100 - INFO - 最终验证码识别结果: 0Cb8 (engine=easyocr, prob=0.5421219482137023)
2026-01-18 07:21:13,100 - INFO - 查找验证码输入框...
2026-01-18 07:21:13,158 - INFO - 验证码填写完成
2026-01-18 07:21:13,158 - INFO - 验证码填写完成，点击登录按钮...
2026-01-18 07:21:13,158 - INFO - 查找并点击登录按钮...
2026-01-18 07:21:13,513 - INFO - 已点击登录按钮
2026-01-18 07:21:20,534 - INFO - 开始填写登录表单...
2026-01-18 07:21:20,597 - INFO - 用户名填写完成
2026-01-18 07:21:20,659 - INFO - 密码填写完成
2026-01-18 07:21:20,660 - INFO - 验证码图片已保存到 /home/runner/work/nju_electric_monitor/nju_electric_monitor/src/../data/captcha_debug.png
2026-01-18 07:21:20,660 - INFO - 验证码识别尝试 9/30
2026-01-18 07:21:20,660 - INFO - 开始识别验证码...（easyocr + pytesseract）
2026-01-18 07:21:20,770 - INFO - easyocr 结果: ['0Cb8(0.54)']
2026-01-18 07:21:20,872 - INFO - tesseract 结果: DCb8
2026-01-18 07:21:20,932 - INFO - easyocr alt1 结果: ['0C68(0.49)']
2026-01-18 07:21:21,034 - INFO - tesseract alt1 结果: DChSs
2026-01-18 07:21:21,093 - INFO - easyocr alt2 结果: ['0C68(0.50)']
2026-01-18 07:21:21,191 - INFO - tesseract alt2 结果: DChSs
2026-01-18 07:21:21,345 - INFO - easyocr alt3 结果: ['DC68(0.27)']
2026-01-18 07:21:21,456 - INFO - tesseract alt3 结果: DCs
2026-01-18 07:21:21,516 - INFO - easyocr alt4 结果: ['0C68(0.23)']
2026-01-18 07:21:21,614 - INFO - tesseract alt4 结果: pithse
2026-01-18 07:21:21,674 - INFO - easyocr alt5 结果: ['DC68(0.29)']
2026-01-18 07:21:21,768 - INFO - tesseract alt5 结果: 
2026-01-18 07:21:21,768 - INFO - 最终验证码识别结果: 0Cb8 (engine=easyocr, prob=0.5421219482137023)
2026-01-18 07:21:21,769 - INFO - 查找验证码输入框...
2026-01-18 07:21:21,827 - INFO - 验证码填写完成
2026-01-18 07:21:21,827 - INFO - 验证码填写完成，点击登录按钮...
2026-01-18 07:21:21,827 - INFO - 查找并点击登录按钮...
2026-01-18 07:21:22,175 - INFO - 已点击登录按钮
2026-01-18 07:21:29,196 - INFO - 开始填写登录表单...
2026-01-18 07:21:29,258 - INFO - 用户名填写完成
2026-01-18 07:21:29,321 - INFO - 密码填写完成
2026-01-18 07:21:29,322 - INFO - 验证码图片已保存到 /home/runner/work/nju_electric_monitor/nju_electric_monitor/src/../data/captcha_debug.png
2026-01-18 07:21:29,322 - INFO - 验证码识别尝试 10/30
2026-01-18 07:21:29,322 - INFO - 开始识别验证码...（easyocr + pytesseract）
2026-01-18 07:21:29,420 - INFO - easyocr 结果: ['0Cb8(0.54)']
2026-01-18 07:21:29,519 - INFO - tesseract 结果: DCb8
2026-01-18 07:21:29,579 - INFO - easyocr alt1 结果: ['0C68(0.49)']
2026-01-18 07:21:29,680 - INFO - tesseract alt1 结果: DChSs
2026-01-18 07:21:29,739 - INFO - easyocr alt2 结果: ['0C68(0.50)']
2026-01-18 07:21:29,834 - INFO - tesseract alt2 结果: DChSs
2026-01-18 07:21:29,997 - INFO - easyocr alt3 结果: ['DC68(0.27)']
2026-01-18 07:21:30,110 - INFO - tesseract alt3 结果: DCs
2026-01-18 07:21:30,169 - INFO - easyocr alt4 结果: ['0C68(0.23)']
2026-01-18 07:21:30,272 - INFO - tesseract alt4 结果: pithse
2026-01-18 07:21:30,332 - INFO - easyocr alt5 结果: ['DC68(0.29)']
2026-01-18 07:21:30,424 - INFO - tesseract alt5 结果: 
2026-01-18 07:21:30,425 - INFO - 最终验证码识别结果: 0Cb8 (engine=easyocr, prob=0.5421219482137023)
2026-01-18 07:21:30,425 - INFO - 查找验证码输入框...
2026-01-18 07:21:30,483 - INFO - 验证码填写完成
2026-01-18 07:21:30,483 - INFO - 验证码填写完成，点击登录按钮...
2026-01-18 07:21:30,483 - INFO - 查找并点击登录按钮...
2026-01-18 07:21:30,829 - INFO - 已点击登录按钮
2026-01-18 07:21:37,851 - INFO - 开始填写登录表单...
2026-01-18 07:21:37,914 - INFO - 用户名填写完成
2026-01-18 07:21:37,975 - INFO - 密码填写完成
2026-01-18 07:21:37,976 - INFO - 验证码图片已保存到 /home/runner/work/nju_electric_monitor/nju_electric_monitor/src/../data/captcha_debug.png
2026-01-18 07:21:37,976 - INFO - 验证码识别尝试 11/30
2026-01-18 07:21:37,976 - INFO - 开始识别验证码...（easyocr + pytesseract）
2026-01-18 07:21:38,075 - INFO - easyocr 结果: ['0Cb8(0.54)']
2026-01-18 07:21:38,173 - INFO - tesseract 结果: DCb8
2026-01-18 07:21:38,234 - INFO - easyocr alt1 结果: ['0C68(0.49)']
2026-01-18 07:21:38,339 - INFO - tesseract alt1 结果: DChSs
2026-01-18 07:21:38,400 - INFO - easyocr alt2 结果: ['0C68(0.50)']
2026-01-18 07:21:38,497 - INFO - tesseract alt2 结果: DChSs
2026-01-18 07:21:38,655 - INFO - easyocr alt3 结果: ['DC68(0.27)']
2026-01-18 07:21:38,768 - INFO - tesseract alt3 结果: DCs
2026-01-18 07:21:38,827 - INFO - easyocr alt4 结果: ['0C68(0.23)']
2026-01-18 07:21:38,929 - INFO - tesseract alt4 结果: pithse
2026-01-18 07:21:38,989 - INFO - easyocr alt5 结果: ['DC68(0.29)']
2026-01-18 07:21:39,082 - INFO - tesseract alt5 结果: 
2026-01-18 07:21:39,082 - INFO - 最终验证码识别结果: 0Cb8 (engine=easyocr, prob=0.5421219482137023)
2026-01-18 07:21:39,082 - INFO - 查找验证码输入框...
2026-01-18 07:21:39,142 - INFO - 验证码填写完成
2026-01-18 07:21:39,142 - INFO - 验证码填写完成，点击登录按钮...
2026-01-18 07:21:39,142 - INFO - 查找并点击登录按钮...
2026-01-18 07:21:39,489 - INFO - 已点击登录按钮
2026-01-18 07:21:46,511 - INFO - 开始填写登录表单...
2026-01-18 07:21:46,575 - INFO - 用户名填写完成
2026-01-18 07:21:46,640 - INFO - 密码填写完成
2026-01-18 07:21:46,640 - INFO - 验证码图片已保存到 /home/runner/work/nju_electric_monitor/nju_electric_monitor/src/../data/captcha_debug.png
2026-01-18 07:21:46,640 - INFO - 验证码识别尝试 12/30
2026-01-18 07:21:46,640 - INFO - 开始识别验证码...（easyocr + pytesseract）
2026-01-18 07:21:46,747 - INFO - easyocr 结果: ['0Cb8(0.54)']
2026-01-18 07:21:46,845 - INFO - tesseract 结果: DCb8
2026-01-18 07:21:46,905 - INFO - easyocr alt1 结果: ['0C68(0.49)']
2026-01-18 07:21:47,005 - INFO - tesseract alt1 结果: DChSs
2026-01-18 07:21:47,064 - INFO - easyocr alt2 结果: ['0C68(0.50)']
2026-01-18 07:21:47,159 - INFO - tesseract alt2 结果: DChSs
2026-01-18 07:21:47,313 - INFO - easyocr alt3 结果: ['DC68(0.27)']
2026-01-18 07:21:47,429 - INFO - tesseract alt3 结果: DCs
2026-01-18 07:21:47,496 - INFO - easyocr alt4 结果: ['0C68(0.23)']
2026-01-18 07:21:47,597 - INFO - tesseract alt4 结果: pithse
2026-01-18 07:21:47,657 - INFO - easyocr alt5 结果: ['DC68(0.29)']
2026-01-18 07:21:47,749 - INFO - tesseract alt5 结果: 
2026-01-18 07:21:47,749 - INFO - 最终验证码识别结果: 0Cb8 (engine=easyocr, prob=0.5421219482137023)
2026-01-18 07:21:47,749 - INFO - 查找验证码输入框...
2026-01-18 07:21:47,810 - INFO - 验证码填写完成
2026-01-18 07:21:47,810 - INFO - 验证码填写完成，点击登录按钮...
2026-01-18 07:21:47,810 - INFO - 查找并点击登录按钮...
2026-01-18 07:21:48,162 - INFO - 已点击登录按钮
2026-01-18 07:21:55,183 - INFO - 开始填写登录表单...
2026-01-18 07:21:55,248 - INFO - 用户名填写完成
2026-01-18 07:21:55,311 - INFO - 密码填写完成
2026-01-18 07:21:55,311 - INFO - 验证码图片已保存到 /home/runner/work/nju_electric_monitor/nju_electric_monitor/src/../data/captcha_debug.png
2026-01-18 07:21:55,311 - INFO - 验证码识别尝试 13/30
2026-01-18 07:21:55,311 - INFO - 开始识别验证码...（easyocr + pytesseract）
2026-01-18 07:21:55,417 - INFO - easyocr 结果: ['0Cb8(0.54)']
2026-01-18 07:21:55,515 - INFO - tesseract 结果: DCb8
2026-01-18 07:21:55,575 - INFO - easyocr alt1 结果: ['0C68(0.49)']
2026-01-18 07:21:55,678 - INFO - tesseract alt1 结果: DChSs
2026-01-18 07:21:55,736 - INFO - easyocr alt2 结果: ['0C68(0.50)']
2026-01-18 07:21:55,835 - INFO - tesseract alt2 结果: DChSs
2026-01-18 07:21:55,989 - INFO - easyocr alt3 结果: ['DC68(0.27)']
2026-01-18 07:21:56,102 - INFO - tesseract alt3 结果: DCs
2026-01-18 07:21:56,162 - INFO - easyocr alt4 结果: ['0C68(0.23)']
2026-01-18 07:21:56,261 - INFO - tesseract alt4 结果: pithse
2026-01-18 07:21:56,320 - INFO - easyocr alt5 结果: ['DC68(0.29)']
2026-01-18 07:21:56,414 - INFO - tesseract alt5 结果: 
2026-01-18 07:21:56,414 - INFO - 最终验证码识别结果: 0Cb8 (engine=easyocr, prob=0.5421219482137023)
2026-01-18 07:21:56,414 - INFO - 查找验证码输入框...
2026-01-18 07:21:56,474 - INFO - 验证码填写完成
2026-01-18 07:21:56,475 - INFO - 验证码填写完成，点击登录按钮...
2026-01-18 07:21:56,475 - INFO - 查找并点击登录按钮...
2026-01-18 07:21:56,823 - INFO - 已点击登录按钮
2026-01-18 07:22:03,845 - INFO - 开始填写登录表单...
2026-01-18 07:22:03,910 - INFO - 用户名填写完成
2026-01-18 07:22:03,973 - INFO - 密码填写完成
2026-01-18 07:22:03,974 - INFO - 验证码图片已保存到 /home/runner/work/nju_electric_monitor/nju_electric_monitor/src/../data/captcha_debug.png
2026-01-18 07:22:03,974 - INFO - 验证码识别尝试 14/30
2026-01-18 07:22:03,974 - INFO - 开始识别验证码...（easyocr + pytesseract）
2026-01-18 07:22:04,071 - INFO - easyocr 结果: ['0Cb8(0.54)']
2026-01-18 07:22:04,171 - INFO - tesseract 结果: DCb8
2026-01-18 07:22:04,231 - INFO - easyocr alt1 结果: ['0C68(0.49)']
2026-01-18 07:22:04,332 - INFO - tesseract alt1 结果: DChSs
2026-01-18 07:22:04,390 - INFO - easyocr alt2 结果: ['0C68(0.50)']
2026-01-18 07:22:04,489 - INFO - tesseract alt2 结果: DChSs
2026-01-18 07:22:04,644 - INFO - easyocr alt3 结果: ['DC68(0.27)']
2026-01-18 07:22:04,758 - INFO - tesseract alt3 结果: DCs
2026-01-18 07:22:04,817 - INFO - easyocr alt4 结果: ['0C68(0.23)']
2026-01-18 07:22:04,918 - INFO - tesseract alt4 结果: pithse
2026-01-18 07:22:04,977 - INFO - easyocr alt5 结果: ['DC68(0.29)']
2026-01-18 07:22:05,073 - INFO - tesseract alt5 结果: 
2026-01-18 07:22:05,074 - INFO - 最终验证码识别结果: 0Cb8 (engine=easyocr, prob=0.5421219482137023)
2026-01-18 07:22:05,074 - INFO - 查找验证码输入框...
2026-01-18 07:22:05,134 - INFO - 验证码填写完成
2026-01-18 07:22:05,135 - INFO - 验证码填写完成，点击登录按钮...
2026-01-18 07:22:05,135 - INFO - 查找并点击登录按钮...
2026-01-18 07:22:05,482 - INFO - 已点击登录按钮
2026-01-18 07:22:12,503 - INFO - 开始填写登录表单...
2026-01-18 07:22:12,569 - INFO - 用户名填写完成
2026-01-18 07:22:12,634 - INFO - 密码填写完成
2026-01-18 07:22:12,634 - INFO - 验证码图片已保存到 /home/runner/work/nju_electric_monitor/nju_electric_monitor/src/../data/captcha_debug.png
2026-01-18 07:22:12,634 - INFO - 验证码识别尝试 15/30
2026-01-18 07:22:12,635 - INFO - 开始识别验证码...（easyocr + pytesseract）
2026-01-18 07:22:12,732 - INFO - easyocr 结果: ['0Cb8(0.54)']
2026-01-18 07:22:12,832 - INFO - tesseract 结果: DCb8
2026-01-18 07:22:12,892 - INFO - easyocr alt1 结果: ['0C68(0.49)']
2026-01-18 07:22:12,993 - INFO - tesseract alt1 结果: DChSs
2026-01-18 07:22:13,051 - INFO - easyocr alt2 结果: ['0C68(0.50)']
2026-01-18 07:22:13,148 - INFO - tesseract alt2 结果: DChSs
2026-01-18 07:22:13,301 - INFO - easyocr alt3 结果: ['DC68(0.27)']
2026-01-18 07:22:13,414 - INFO - tesseract alt3 结果: DCs
2026-01-18 07:22:13,474 - INFO - easyocr alt4 结果: ['0C68(0.23)']
2026-01-18 07:22:13,571 - INFO - tesseract alt4 结果: pithse
2026-01-18 07:22:13,630 - INFO - easyocr alt5 结果: ['DC68(0.29)']
2026-01-18 07:22:13,722 - INFO - tesseract alt5 结果: 
2026-01-18 07:22:13,722 - INFO - 最终验证码识别结果: 0Cb8 (engine=easyocr, prob=0.5421219482137023)
2026-01-18 07:22:13,722 - INFO - 查找验证码输入框...
2026-01-18 07:22:13,784 - INFO - 验证码填写完成
2026-01-18 07:22:13,784 - INFO - 验证码填写完成，点击登录按钮...
2026-01-18 07:22:13,784 - INFO - 查找并点击登录按钮...
2026-01-18 07:22:13,845 - INFO - 已点击登录按钮
2026-01-18 07:22:20,866 - INFO - 开始填写登录表单...
2026-01-18 07:22:20,929 - INFO - 用户名填写完成
2026-01-18 07:22:20,990 - INFO - 密码填写完成
2026-01-18 07:22:20,991 - INFO - 验证码图片已保存到 /home/runner/work/nju_electric_monitor/nju_electric_monitor/src/../data/captcha_debug.png
2026-01-18 07:22:20,991 - INFO - 验证码识别尝试 16/30
2026-01-18 07:22:20,991 - INFO - 开始识别验证码...（easyocr + pytesseract）
2026-01-18 07:22:21,096 - INFO - easyocr 结果: ['0Cb8(0.54)']
2026-01-18 07:22:21,200 - INFO - tesseract 结果: DCb8
2026-01-18 07:22:21,260 - INFO - easyocr alt1 结果: ['0C68(0.49)']
2026-01-18 07:22:21,362 - INFO - tesseract alt1 结果: DChSs
2026-01-18 07:22:21,434 - INFO - easyocr alt2 结果: ['0C68(0.50)']
2026-01-18 07:22:21,530 - INFO - tesseract alt2 结果: DChSs
2026-01-18 07:22:21,684 - INFO - easyocr alt3 结果: ['DC68(0.27)']
2026-01-18 07:22:21,796 - INFO - tesseract alt3 结果: DCs
2026-01-18 07:22:21,854 - INFO - easyocr alt4 结果: ['0C68(0.23)']
2026-01-18 07:22:21,958 - INFO - tesseract alt4 结果: pithse
2026-01-18 07:22:22,017 - INFO - easyocr alt5 结果: ['DC68(0.29)']
2026-01-18 07:22:22,114 - INFO - tesseract alt5 结果: 
2026-01-18 07:22:22,114 - INFO - 最终验证码识别结果: 0Cb8 (engine=easyocr, prob=0.5421219482137023)
2026-01-18 07:22:22,114 - INFO - 查找验证码输入框...
2026-01-18 07:22:22,173 - INFO - 验证码填写完成
2026-01-18 07:22:22,173 - INFO - 验证码填写完成，点击登录按钮...
2026-01-18 07:22:22,173 - INFO - 查找并点击登录按钮...
2026-01-18 07:22:22,533 - INFO - 已点击登录按钮
2026-01-18 07:22:29,554 - INFO - 开始填写登录表单...
2026-01-18 07:22:29,617 - INFO - 用户名填写完成
2026-01-18 07:22:29,677 - INFO - 密码填写完成
2026-01-18 07:22:29,678 - INFO - 验证码图片已保存到 /home/runner/work/nju_electric_monitor/nju_electric_monitor/src/../data/captcha_debug.png
2026-01-18 07:22:29,678 - INFO - 验证码识别尝试 17/30
2026-01-18 07:22:29,678 - INFO - 开始识别验证码...（easyocr + pytesseract）
2026-01-18 07:22:29,776 - INFO - easyocr 结果: ['0Cb8(0.54)']
2026-01-18 07:22:29,880 - INFO - tesseract 结果: DCb8
2026-01-18 07:22:29,941 - INFO - easyocr alt1 结果: ['0C68(0.49)']
2026-01-18 07:22:30,043 - INFO - tesseract alt1 结果: DChSs
2026-01-18 07:22:30,110 - INFO - easyocr alt2 结果: ['0C68(0.50)']
2026-01-18 07:22:30,207 - INFO - tesseract alt2 结果: DChSs
2026-01-18 07:22:30,361 - INFO - easyocr alt3 结果: ['DC68(0.27)']
2026-01-18 07:22:30,475 - INFO - tesseract alt3 结果: DCs
2026-01-18 07:22:30,542 - INFO - easyocr alt4 结果: ['0C68(0.23)']
2026-01-18 07:22:30,643 - INFO - tesseract alt4 结果: pithse
2026-01-18 07:22:30,702 - INFO - easyocr alt5 结果: ['DC68(0.29)']
2026-01-18 07:22:30,795 - INFO - tesseract alt5 结果: 
2026-01-18 07:22:30,796 - INFO - 最终验证码识别结果: 0Cb8 (engine=easyocr, prob=0.5421219482137023)
2026-01-18 07:22:30,796 - INFO - 查找验证码输入框...
2026-01-18 07:22:30,852 - INFO - 验证码填写完成
2026-01-18 07:22:30,852 - INFO - 验证码填写完成，点击登录按钮...
2026-01-18 07:22:30,853 - INFO - 查找并点击登录按钮...
2026-01-18 07:22:30,911 - INFO - 已点击登录按钮
2026-01-18 07:22:37,932 - INFO - 开始填写登录表单...
2026-01-18 07:22:37,994 - INFO - 用户名填写完成
2026-01-18 07:22:38,055 - INFO - 密码填写完成
2026-01-18 07:22:38,055 - INFO - 验证码图片已保存到 /home/runner/work/nju_electric_monitor/nju_electric_monitor/src/../data/captcha_debug.png
2026-01-18 07:22:38,055 - INFO - 验证码识别尝试 18/30
2026-01-18 07:22:38,056 - INFO - 开始识别验证码...（easyocr + pytesseract）
2026-01-18 07:22:38,153 - INFO - easyocr 结果: ['0Cb8(0.54)']
2026-01-18 07:22:38,254 - INFO - tesseract 结果: DCb8
2026-01-18 07:22:38,314 - INFO - easyocr alt1 结果: ['0C68(0.49)']
2026-01-18 07:22:38,420 - INFO - tesseract alt1 结果: DChSs
2026-01-18 07:22:38,478 - INFO - easyocr alt2 结果: ['0C68(0.50)']
2026-01-18 07:22:38,576 - INFO - tesseract alt2 结果: DChSs
2026-01-18 07:22:38,730 - INFO - easyocr alt3 结果: ['DC68(0.27)']
2026-01-18 07:22:38,844 - INFO - tesseract alt3 结果: DCs
2026-01-18 07:22:38,903 - INFO - easyocr alt4 结果: ['0C68(0.23)']
2026-01-18 07:22:39,005 - INFO - tesseract alt4 结果: pithse
2026-01-18 07:22:39,065 - INFO - easyocr alt5 结果: ['DC68(0.29)']
2026-01-18 07:22:39,158 - INFO - tesseract alt5 结果: 
2026-01-18 07:22:39,159 - INFO - 最终验证码识别结果: 0Cb8 (engine=easyocr, prob=0.5421219482137023)
2026-01-18 07:22:39,159 - INFO - 查找验证码输入框...
2026-01-18 07:22:39,216 - INFO - 验证码填写完成
2026-01-18 07:22:39,216 - INFO - 验证码填写完成，点击登录按钮...
2026-01-18 07:22:39,216 - INFO - 查找并点击登录按钮...
2026-01-18 07:22:39,575 - INFO - 已点击登录按钮
2026-01-18 07:22:46,596 - INFO - 开始填写登录表单...
2026-01-18 07:22:46,658 - INFO - 用户名填写完成
2026-01-18 07:22:46,718 - INFO - 密码填写完成
2026-01-18 07:22:46,719 - INFO - 验证码图片已保存到 /home/runner/work/nju_electric_monitor/nju_electric_monitor/src/../data/captcha_debug.png
2026-01-18 07:22:46,719 - INFO - 验证码识别尝试 19/30
2026-01-18 07:22:46,719 - INFO - 开始识别验证码...（easyocr + pytesseract）
2026-01-18 07:22:46,817 - INFO - easyocr 结果: ['0Cb8(0.54)']
2026-01-18 07:22:46,915 - INFO - tesseract 结果: DCb8
2026-01-18 07:22:46,975 - INFO - easyocr alt1 结果: ['0C68(0.49)']
2026-01-18 07:22:47,078 - INFO - tesseract alt1 结果: DChSs
2026-01-18 07:22:47,137 - INFO - easyocr alt2 结果: ['0C68(0.50)']
2026-01-18 07:22:47,232 - INFO - tesseract alt2 结果: DChSs
2026-01-18 07:22:47,386 - INFO - easyocr alt3 结果: ['DC68(0.27)']
2026-01-18 07:22:47,503 - INFO - tesseract alt3 结果: DCs
2026-01-18 07:22:47,563 - INFO - easyocr alt4 结果: ['0C68(0.23)']
2026-01-18 07:22:47,665 - INFO - tesseract alt4 结果: pithse
2026-01-18 07:22:47,724 - INFO - easyocr alt5 结果: ['DC68(0.29)']
2026-01-18 07:22:47,820 - INFO - tesseract alt5 结果: 
2026-01-18 07:22:47,820 - INFO - 最终验证码识别结果: 0Cb8 (engine=easyocr, prob=0.5421219482137023)
2026-01-18 07:22:47,820 - INFO - 查找验证码输入框...
2026-01-18 07:22:47,878 - INFO - 验证码填写完成
2026-01-18 07:22:47,878 - INFO - 验证码填写完成，点击登录按钮...
2026-01-18 07:22:47,878 - INFO - 查找并点击登录按钮...
2026-01-18 07:22:48,225 - INFO - 已点击登录按钮
2026-01-18 07:22:55,246 - INFO - 开始填写登录表单...
2026-01-18 07:22:55,308 - INFO - 用户名填写完成
2026-01-18 07:22:55,370 - INFO - 密码填写完成
2026-01-18 07:22:55,370 - INFO - 验证码图片已保存到 /home/runner/work/nju_electric_monitor/nju_electric_monitor/src/../data/captcha_debug.png
2026-01-18 07:22:55,370 - INFO - 验证码识别尝试 20/30
2026-01-18 07:22:55,370 - INFO - 开始识别验证码...（easyocr + pytesseract）
2026-01-18 07:22:55,468 - INFO - easyocr 结果: ['0Cb8(0.54)']
2026-01-18 07:22:55,568 - INFO - tesseract 结果: DCb8
2026-01-18 07:22:55,627 - INFO - easyocr alt1 结果: ['0C68(0.49)']
2026-01-18 07:22:55,729 - INFO - tesseract alt1 结果: DChSs
2026-01-18 07:22:55,796 - INFO - easyocr alt2 结果: ['0C68(0.50)']
2026-01-18 07:22:55,893 - INFO - tesseract alt2 结果: DChSs
2026-01-18 07:22:56,048 - INFO - easyocr alt3 结果: ['DC68(0.27)']
2026-01-18 07:22:56,161 - INFO - tesseract alt3 结果: DCs
2026-01-18 07:22:56,220 - INFO - easyocr alt4 结果: ['0C68(0.23)']
2026-01-18 07:22:56,321 - INFO - tesseract alt4 结果: pithse
2026-01-18 07:22:56,381 - INFO - easyocr alt5 结果: ['DC68(0.29)']
2026-01-18 07:22:56,477 - INFO - tesseract alt5 结果: 
2026-01-18 07:22:56,477 - INFO - 最终验证码识别结果: 0Cb8 (engine=easyocr, prob=0.5421219482137023)
2026-01-18 07:22:56,477 - INFO - 查找验证码输入框...
2026-01-18 07:22:56,535 - INFO - 验证码填写完成
2026-01-18 07:22:56,536 - INFO - 验证码填写完成，点击登录按钮...
2026-01-18 07:22:56,536 - INFO - 查找并点击登录按钮...
2026-01-18 07:22:56,595 - INFO - 已点击登录按钮
2026-01-18 07:23:03,615 - INFO - 开始填写登录表单...
2026-01-18 07:23:03,679 - INFO - 用户名填写完成
2026-01-18 07:23:03,740 - INFO - 密码填写完成
2026-01-18 07:23:03,740 - INFO - 验证码图片已保存到 /home/runner/work/nju_electric_monitor/nju_electric_monitor/src/../data/captcha_debug.png
2026-01-18 07:23:03,740 - INFO - 验证码识别尝试 21/30
2026-01-18 07:23:03,740 - INFO - 开始识别验证码...（easyocr + pytesseract）
2026-01-18 07:23:03,845 - INFO - easyocr 结果: ['0Cb8(0.54)']
2026-01-18 07:23:03,946 - INFO - tesseract 结果: DCb8
2026-01-18 07:23:04,006 - INFO - easyocr alt1 结果: ['0C68(0.49)']
2026-01-18 07:23:04,109 - INFO - tesseract alt1 结果: DChSs
2026-01-18 07:23:04,169 - INFO - easyocr alt2 结果: ['0C68(0.50)']
2026-01-18 07:23:04,264 - INFO - tesseract alt2 结果: DChSs
2026-01-18 07:23:04,418 - INFO - easyocr alt3 结果: ['DC68(0.27)']
2026-01-18 07:23:04,529 - INFO - tesseract alt3 结果: DCs
2026-01-18 07:23:04,587 - INFO - easyocr alt4 结果: ['0C68(0.23)']
2026-01-18 07:23:04,689 - INFO - tesseract alt4 结果: pithse
2026-01-18 07:23:04,748 - INFO - easyocr alt5 结果: ['DC68(0.29)']
2026-01-18 07:23:04,848 - INFO - tesseract alt5 结果: 
2026-01-18 07:23:04,848 - INFO - 最终验证码识别结果: 0Cb8 (engine=easyocr, prob=0.5421219482137023)
2026-01-18 07:23:04,848 - INFO - 查找验证码输入框...
2026-01-18 07:23:04,907 - INFO - 验证码填写完成
2026-01-18 07:23:04,907 - INFO - 验证码填写完成，点击登录按钮...
2026-01-18 07:23:04,907 - INFO - 查找并点击登录按钮...
2026-01-18 07:23:05,272 - INFO - 已点击登录按钮
2026-01-18 07:23:12,292 - INFO - 开始填写登录表单...
2026-01-18 07:23:12,353 - INFO - 用户名填写完成
2026-01-18 07:23:12,414 - INFO - 密码填写完成
2026-01-18 07:23:12,414 - INFO - 验证码图片已保存到 /home/runner/work/nju_electric_monitor/nju_electric_monitor/src/../data/captcha_debug.png
2026-01-18 07:23:12,414 - INFO - 验证码识别尝试 22/30
2026-01-18 07:23:12,414 - INFO - 开始识别验证码...（easyocr + pytesseract）
2026-01-18 07:23:12,512 - INFO - easyocr 结果: ['0Cb8(0.54)']
2026-01-18 07:23:12,616 - INFO - tesseract 结果: DCb8
2026-01-18 07:23:12,676 - INFO - easyocr alt1 结果: ['0C68(0.49)']
2026-01-18 07:23:12,778 - INFO - tesseract alt1 结果: DChSs
2026-01-18 07:23:12,839 - INFO - easyocr alt2 结果: ['0C68(0.50)']
2026-01-18 07:23:12,936 - INFO - tesseract alt2 结果: DChSs
2026-01-18 07:23:13,090 - INFO - easyocr alt3 结果: ['DC68(0.27)']
2026-01-18 07:23:13,205 - INFO - tesseract alt3 结果: DCs
2026-01-18 07:23:13,264 - INFO - easyocr alt4 结果: ['0C68(0.23)']
2026-01-18 07:23:13,364 - INFO - tesseract alt4 结果: pithse
2026-01-18 07:23:13,424 - INFO - easyocr alt5 结果: ['DC68(0.29)']
2026-01-18 07:23:13,521 - INFO - tesseract alt5 结果: 
2026-01-18 07:23:13,521 - INFO - 最终验证码识别结果: 0Cb8 (engine=easyocr, prob=0.5421219482137023)
2026-01-18 07:23:13,521 - INFO - 查找验证码输入框...
2026-01-18 07:23:13,578 - INFO - 验证码填写完成
2026-01-18 07:23:13,578 - INFO - 验证码填写完成，点击登录按钮...
2026-01-18 07:23:13,578 - INFO - 查找并点击登录按钮...
2026-01-18 07:23:13,928 - INFO - 已点击登录按钮
2026-01-18 07:23:20,949 - INFO - 开始填写登录表单...
2026-01-18 07:23:21,025 - INFO - 用户名填写完成
2026-01-18 07:23:21,087 - INFO - 密码填写完成
2026-01-18 07:23:21,088 - INFO - 验证码图片已保存到 /home/runner/work/nju_electric_monitor/nju_electric_monitor/src/../data/captcha_debug.png
2026-01-18 07:23:21,088 - INFO - 验证码识别尝试 23/30
2026-01-18 07:23:21,088 - INFO - 开始识别验证码...（easyocr + pytesseract）
2026-01-18 07:23:21,185 - INFO - easyocr 结果: ['0Cb8(0.54)']
2026-01-18 07:23:21,286 - INFO - tesseract 结果: DCb8
2026-01-18 07:23:21,346 - INFO - easyocr alt1 结果: ['0C68(0.49)']
2026-01-18 07:23:21,449 - INFO - tesseract alt1 结果: DChSs
2026-01-18 07:23:21,508 - INFO - easyocr alt2 结果: ['0C68(0.50)']
2026-01-18 07:23:21,604 - INFO - tesseract alt2 结果: DChSs
2026-01-18 07:23:21,759 - INFO - easyocr alt3 结果: ['DC68(0.27)']
2026-01-18 07:23:21,871 - INFO - tesseract alt3 结果: DCs
2026-01-18 07:23:21,930 - INFO - easyocr alt4 结果: ['0C68(0.23)']
2026-01-18 07:23:22,033 - INFO - tesseract alt4 结果: pithse
2026-01-18 07:23:22,092 - INFO - easyocr alt5 结果: ['DC68(0.29)']
2026-01-18 07:23:22,185 - INFO - tesseract alt5 结果: 
2026-01-18 07:23:22,185 - INFO - 最终验证码识别结果: 0Cb8 (engine=easyocr, prob=0.5421219482137023)
2026-01-18 07:23:22,186 - INFO - 查找验证码输入框...
2026-01-18 07:23:22,242 - INFO - 验证码填写完成
2026-01-18 07:23:22,243 - INFO - 验证码填写完成，点击登录按钮...
2026-01-18 07:23:22,243 - INFO - 查找并点击登录按钮...
2026-01-18 07:23:22,590 - INFO - 已点击登录按钮
2026-01-18 07:23:29,611 - INFO - 开始填写登录表单...
2026-01-18 07:23:29,674 - INFO - 用户名填写完成
2026-01-18 07:23:29,735 - INFO - 密码填写完成
2026-01-18 07:23:29,736 - INFO - 验证码图片已保存到 /home/runner/work/nju_electric_monitor/nju_electric_monitor/src/../data/captcha_debug.png
2026-01-18 07:23:29,736 - INFO - 验证码识别尝试 24/30
2026-01-18 07:23:29,736 - INFO - 开始识别验证码...（easyocr + pytesseract）
2026-01-18 07:23:29,834 - INFO - easyocr 结果: ['0Cb8(0.54)']
2026-01-18 07:23:29,937 - INFO - tesseract 结果: DCb8
2026-01-18 07:23:29,997 - INFO - easyocr alt1 结果: ['0C68(0.49)']
2026-01-18 07:23:30,097 - INFO - tesseract alt1 结果: DChSs
2026-01-18 07:23:30,155 - INFO - easyocr alt2 结果: ['0C68(0.50)']
2026-01-18 07:23:30,252 - INFO - tesseract alt2 结果: DChSs
2026-01-18 07:23:30,408 - INFO - easyocr alt3 结果: ['DC68(0.27)']
2026-01-18 07:23:30,523 - INFO - tesseract alt3 结果: DCs
2026-01-18 07:23:30,582 - INFO - easyocr alt4 结果: ['0C68(0.23)']
2026-01-18 07:23:30,685 - INFO - tesseract alt4 结果: pithse
2026-01-18 07:23:30,744 - INFO - easyocr alt5 结果: ['DC68(0.29)']
2026-01-18 07:23:30,838 - INFO - tesseract alt5 结果: 
2026-01-18 07:23:30,838 - INFO - 最终验证码识别结果: 0Cb8 (engine=easyocr, prob=0.5421219482137023)
2026-01-18 07:23:30,838 - INFO - 查找验证码输入框...
2026-01-18 07:23:30,896 - INFO - 验证码填写完成
2026-01-18 07:23:30,896 - INFO - 验证码填写完成，点击登录按钮...
2026-01-18 07:23:30,896 - INFO - 查找并点击登录按钮...
2026-01-18 07:23:31,242 - INFO - 已点击登录按钮
2026-01-18 07:23:38,262 - INFO - 开始填写登录表单...
2026-01-18 07:23:38,324 - INFO - 用户名填写完成
2026-01-18 07:23:38,385 - INFO - 密码填写完成
2026-01-18 07:23:38,386 - INFO - 验证码图片已保存到 /home/runner/work/nju_electric_monitor/nju_electric_monitor/src/../data/captcha_debug.png
2026-01-18 07:23:38,386 - INFO - 验证码识别尝试 25/30
2026-01-18 07:23:38,386 - INFO - 开始识别验证码...（easyocr + pytesseract）
2026-01-18 07:23:38,484 - INFO - easyocr 结果: ['0Cb8(0.54)']
2026-01-18 07:23:38,583 - INFO - tesseract 结果: DCb8
2026-01-18 07:23:38,644 - INFO - easyocr alt1 结果: ['0C68(0.49)']
2026-01-18 07:23:38,746 - INFO - tesseract alt1 结果: DChSs
2026-01-18 07:23:38,807 - INFO - easyocr alt2 结果: ['0C68(0.50)']
2026-01-18 07:23:38,907 - INFO - tesseract alt2 结果: DChSs
2026-01-18 07:23:39,062 - INFO - easyocr alt3 结果: ['DC68(0.27)']
2026-01-18 07:23:39,174 - INFO - tesseract alt3 结果: DCs
2026-01-18 07:23:39,253 - INFO - easyocr alt4 结果: ['0C68(0.23)']
2026-01-18 07:23:39,353 - INFO - tesseract alt4 结果: pithse
2026-01-18 07:23:39,413 - INFO - easyocr alt5 结果: ['DC68(0.29)']
2026-01-18 07:23:39,505 - INFO - tesseract alt5 结果: 
2026-01-18 07:23:39,505 - INFO - 最终验证码识别结果: 0Cb8 (engine=easyocr, prob=0.5421219482137023)
2026-01-18 07:23:39,505 - INFO - 查找验证码输入框...
2026-01-18 07:23:39,563 - INFO - 验证码填写完成
2026-01-18 07:23:39,563 - INFO - 验证码填写完成，点击登录按钮...
2026-01-18 07:23:39,563 - INFO - 查找并点击登录按钮...
2026-01-18 07:23:39,911 - INFO - 已点击登录按钮
2026-01-18 07:23:46,932 - INFO - 开始填写登录表单...
2026-01-18 07:23:46,993 - INFO - 用户名填写完成
2026-01-18 07:23:47,053 - INFO - 密码填写完成
2026-01-18 07:23:47,054 - INFO - 验证码图片已保存到 /home/runner/work/nju_electric_monitor/nju_electric_monitor/src/../data/captcha_debug.png
2026-01-18 07:23:47,054 - INFO - 验证码识别尝试 26/30
2026-01-18 07:23:47,054 - INFO - 开始识别验证码...（easyocr + pytesseract）
2026-01-18 07:23:47,159 - INFO - easyocr 结果: ['0Cb8(0.54)']
2026-01-18 07:23:47,260 - INFO - tesseract 结果: DCb8
2026-01-18 07:23:47,320 - INFO - easyocr alt1 结果: ['0C68(0.49)']
2026-01-18 07:23:47,426 - INFO - tesseract alt1 结果: DChSs
2026-01-18 07:23:47,487 - INFO - easyocr alt2 结果: ['0C68(0.50)']
2026-01-18 07:23:47,588 - INFO - tesseract alt2 结果: DChSs
2026-01-18 07:23:47,743 - INFO - easyocr alt3 结果: ['DC68(0.27)']
2026-01-18 07:23:47,855 - INFO - tesseract alt3 结果: DCs
2026-01-18 07:23:47,914 - INFO - easyocr alt4 结果: ['0C68(0.23)']
2026-01-18 07:23:48,015 - INFO - tesseract alt4 结果: pithse
2026-01-18 07:23:48,075 - INFO - easyocr alt5 结果: ['DC68(0.29)']
2026-01-18 07:23:48,168 - INFO - tesseract alt5 结果: 
2026-01-18 07:23:48,168 - INFO - 最终验证码识别结果: 0Cb8 (engine=easyocr, prob=0.5421219482137023)
2026-01-18 07:23:48,168 - INFO - 查找验证码输入框...
2026-01-18 07:23:48,225 - INFO - 验证码填写完成
2026-01-18 07:23:48,225 - INFO - 验证码填写完成，点击登录按钮...
2026-01-18 07:23:48,225 - INFO - 查找并点击登录按钮...
2026-01-18 07:23:48,574 - INFO - 已点击登录按钮
2026-01-18 07:23:55,594 - INFO - 开始填写登录表单...
2026-01-18 07:23:55,655 - INFO - 用户名填写完成
2026-01-18 07:23:55,716 - INFO - 密码填写完成
2026-01-18 07:23:55,716 - INFO - 验证码图片已保存到 /home/runner/work/nju_electric_monitor/nju_electric_monitor/src/../data/captcha_debug.png
2026-01-18 07:23:55,716 - INFO - 验证码识别尝试 27/30
2026-01-18 07:23:55,716 - INFO - 开始识别验证码...（easyocr + pytesseract）
2026-01-18 07:23:55,829 - INFO - easyocr 结果: ['0Cb8(0.54)']
2026-01-18 07:23:55,930 - INFO - tesseract 结果: DCb8
2026-01-18 07:23:55,991 - INFO - easyocr alt1 结果: ['0C68(0.49)']
2026-01-18 07:23:56,094 - INFO - tesseract alt1 结果: DChSs
2026-01-18 07:23:56,153 - INFO - easyocr alt2 结果: ['0C68(0.50)']
2026-01-18 07:23:56,256 - INFO - tesseract alt2 结果: DChSs
2026-01-18 07:23:56,411 - INFO - easyocr alt3 结果: ['DC68(0.27)']
2026-01-18 07:23:56,523 - INFO - tesseract alt3 结果: DCs
2026-01-18 07:23:56,583 - INFO - easyocr alt4 结果: ['0C68(0.23)']
2026-01-18 07:23:56,688 - INFO - tesseract alt4 结果: pithse
2026-01-18 07:23:56,748 - INFO - easyocr alt5 结果: ['DC68(0.29)']
2026-01-18 07:23:56,841 - INFO - tesseract alt5 结果: 
2026-01-18 07:23:56,841 - INFO - 最终验证码识别结果: 0Cb8 (engine=easyocr, prob=0.5421219482137023)
2026-01-18 07:23:56,841 - INFO - 查找验证码输入框...
2026-01-18 07:23:56,898 - INFO - 验证码填写完成
2026-01-18 07:23:56,898 - INFO - 验证码填写完成，点击登录按钮...
2026-01-18 07:23:56,898 - INFO - 查找并点击登录按钮...
2026-01-18 07:23:56,957 - INFO - 已点击登录按钮
2026-01-18 07:24:03,978 - INFO - 开始填写登录表单...
2026-01-18 07:24:04,040 - INFO - 用户名填写完成
2026-01-18 07:24:04,101 - INFO - 密码填写完成
2026-01-18 07:24:04,102 - INFO - 验证码图片已保存到 /home/runner/work/nju_electric_monitor/nju_electric_monitor/src/../data/captcha_debug.png
2026-01-18 07:24:04,102 - INFO - 验证码识别尝试 28/30
2026-01-18 07:24:04,102 - INFO - 开始识别验证码...（easyocr + pytesseract）
2026-01-18 07:24:04,208 - INFO - easyocr 结果: ['0Cb8(0.54)']
2026-01-18 07:24:04,308 - INFO - tesseract 结果: DCb8
2026-01-18 07:24:04,369 - INFO - easyocr alt1 结果: ['0C68(0.49)']
2026-01-18 07:24:04,472 - INFO - tesseract alt1 结果: DChSs
2026-01-18 07:24:04,531 - INFO - easyocr alt2 结果: ['0C68(0.50)']
2026-01-18 07:24:04,628 - INFO - tesseract alt2 结果: DChSs
2026-01-18 07:24:04,783 - INFO - easyocr alt3 结果: ['DC68(0.27)']
2026-01-18 07:24:04,899 - INFO - tesseract alt3 结果: DCs
2026-01-18 07:24:04,967 - INFO - easyocr alt4 结果: ['0C68(0.23)']
2026-01-18 07:24:05,069 - INFO - tesseract alt4 结果: pithse
2026-01-18 07:24:05,129 - INFO - easyocr alt5 结果: ['DC68(0.29)']
2026-01-18 07:24:05,221 - INFO - tesseract alt5 结果: 
2026-01-18 07:24:05,221 - INFO - 最终验证码识别结果: 0Cb8 (engine=easyocr, prob=0.5421219482137023)
2026-01-18 07:24:05,222 - INFO - 查找验证码输入框...
2026-01-18 07:24:05,280 - INFO - 验证码填写完成
2026-01-18 07:24:05,280 - INFO - 验证码填写完成，点击登录按钮...
2026-01-18 07:24:05,280 - INFO - 查找并点击登录按钮...
2026-01-18 07:24:05,641 - INFO - 已点击登录按钮
2026-01-18 07:24:12,661 - INFO - 开始填写登录表单...
2026-01-18 07:24:12,722 - INFO - 用户名填写完成
2026-01-18 07:24:12,782 - INFO - 密码填写完成
2026-01-18 07:24:12,783 - INFO - 验证码图片已保存到 /home/runner/work/nju_electric_monitor/nju_electric_monitor/src/../data/captcha_debug.png
2026-01-18 07:24:12,783 - INFO - 验证码识别尝试 29/30
2026-01-18 07:24:12,783 - INFO - 开始识别验证码...（easyocr + pytesseract）
2026-01-18 07:24:12,901 - INFO - easyocr 结果: ['0Cb8(0.54)']
2026-01-18 07:24:13,004 - INFO - tesseract 结果: DCb8
2026-01-18 07:24:13,064 - INFO - easyocr alt1 结果: ['0C68(0.49)']
2026-01-18 07:24:13,170 - INFO - tesseract alt1 结果: DChSs
2026-01-18 07:24:13,229 - INFO - easyocr alt2 结果: ['0C68(0.50)']
2026-01-18 07:24:13,327 - INFO - tesseract alt2 结果: DChSs
2026-01-18 07:24:13,482 - INFO - easyocr alt3 结果: ['DC68(0.27)']
2026-01-18 07:24:13,594 - INFO - tesseract alt3 结果: DCs
2026-01-18 07:24:13,653 - INFO - easyocr alt4 结果: ['0C68(0.23)']
2026-01-18 07:24:13,755 - INFO - tesseract alt4 结果: pithse
2026-01-18 07:24:13,814 - INFO - easyocr alt5 结果: ['DC68(0.29)']
2026-01-18 07:24:13,908 - INFO - tesseract alt5 结果: 
2026-01-18 07:24:13,908 - INFO - 最终验证码识别结果: 0Cb8 (engine=easyocr, prob=0.5421219482137023)
2026-01-18 07:24:13,908 - INFO - 查找验证码输入框...
2026-01-18 07:24:13,966 - INFO - 验证码填写完成
2026-01-18 07:24:13,966 - INFO - 验证码填写完成，点击登录按钮...
2026-01-18 07:24:13,966 - INFO - 查找并点击登录按钮...
2026-01-18 07:24:14,025 - INFO - 已点击登录按钮
2026-01-18 07:24:21,045 - INFO - 开始填写登录表单...
2026-01-18 07:24:21,107 - INFO - 用户名填写完成
2026-01-18 07:24:21,167 - INFO - 密码填写完成
2026-01-18 07:24:21,167 - INFO - 验证码图片已保存到 /home/runner/work/nju_electric_monitor/nju_electric_monitor/src/../data/captcha_debug.png
2026-01-18 07:24:21,167 - INFO - 验证码识别尝试 30/30
2026-01-18 07:24:21,167 - INFO - 开始识别验证码...（easyocr + pytesseract）
2026-01-18 07:24:21,265 - INFO - easyocr 结果: ['0Cb8(0.54)']
2026-01-18 07:24:21,363 - INFO - tesseract 结果: DCb8
2026-01-18 07:24:21,423 - INFO - easyocr alt1 结果: ['0C68(0.49)']
2026-01-18 07:24:21,525 - INFO - tesseract alt1 结果: DChSs
2026-01-18 07:24:21,584 - INFO - easyocr alt2 结果: ['0C68(0.50)']
2026-01-18 07:24:21,681 - INFO - tesseract alt2 结果: DChSs
2026-01-18 07:24:21,835 - INFO - easyocr alt3 结果: ['DC68(0.27)']
2026-01-18 07:24:21,947 - INFO - tesseract alt3 结果: DCs
2026-01-18 07:24:22,005 - INFO - easyocr alt4 结果: ['0C68(0.23)']
2026-01-18 07:24:22,110 - INFO - tesseract alt4 结果: pithse
2026-01-18 07:24:22,169 - INFO - easyocr alt5 结果: ['DC68(0.29)']
2026-01-18 07:24:22,263 - INFO - tesseract alt5 结果: 
2026-01-18 07:24:22,263 - INFO - 最终验证码识别结果: 0Cb8 (engine=easyocr, prob=0.5421219482137023)
2026-01-18 07:24:22,263 - INFO - 查找验证码输入框...
2026-01-18 07:24:22,321 - INFO - 验证码填写完成
2026-01-18 07:24:22,321 - INFO - 验证码填写完成，点击登录按钮...
2026-01-18 07:24:22,321 - INFO - 查找并点击登录按钮...
2026-01-18 07:24:22,681 - INFO - 已点击登录按钮
2026-01-18 07:24:29,702 - WARNING - 自动验证码识别失败，请手动输入
2026-01-18 07:24:29,702 - ERROR - 处理验证码时出错: EOF when reading a line
2026-01-18 07:24:29,702 - WARNING - 验证码处理失败，但继续尝试登录
2026-01-18 07:24:29,702 - INFO - 查找并点击登录按钮...
2026-01-18 07:24:29,760 - INFO - 已点击登录按钮
2026-01-18 07:24:34,760 - INFO - 等待登录成功...
2026-01-18 07:24:39,765 - INFO - 登录可能成功，继续下一步...
2026-01-18 07:24:39,765 - INFO - 查找'去充值'按钮...
2026-01-18 07:24:39,829 - INFO - 已点击充值按钮
2026-01-18 07:24:42,830 - INFO - 开始提取剩余电量信息...
2026-01-18 07:24:42,835 - INFO - 页面源码已保存到 /home/runner/work/nju_electric_monitor/nju_electric_monitor/src/../data/debug_page_source.html
2026-01-18 07:24:42,844 - WARNING - 未找到电量信息元素，尝试其他方法...
2026-01-18 07:24:42,852 - WARNING - 未找到i标签中的电量信息，尝试其他方法...
2026-01-18 07:24:42,856 - INFO - 在页面源码中查找电量信息...
2026-01-18 07:24:42,867 - WARNING - 未能提取到剩余电量信息
2026-01-18 07:24:42,867 - WARNING - 没有电量数据可保存
2026-01-18 07:24:42,867 - INFO - 监控流程完成
