2026-02-07 03:20:43,493 - INFO - Matplotlib 字体设置：使用回退字体列表，首选可用字体: Noto Sans CJK JP
2026-02-07 03:20:44,822 - INFO - 使用 ChromeDriver: /usr/bin/chromedriver
2026-02-07 03:20:44,822 - WARNING - Using CPU. Note: This module is much faster with a GPU.
2026-02-07 03:20:46,427 - INFO - OCR识别器初始化成功
2026-02-07 03:20:46,427 - INFO - 开始南京大学电费监控流程（自动无头模式）
2026-02-07 03:20:46,427 - INFO - 正在打开页面: https://epay.nju.edu.cn/epay/h5/nju/electric/index
2026-02-07 03:20:53,928 - INFO - 等待登录表单加载...
2026-02-07 03:20:53,938 - INFO - 登录表单已加载
2026-02-07 03:20:53,938 - INFO - 开始填写登录表单...
2026-02-07 03:20:53,996 - INFO - 用户名填写完成
2026-02-07 03:20:54,059 - INFO - 密码填写完成
2026-02-07 03:20:54,059 - INFO - 检查是否有验证码...
2026-02-07 03:20:54,059 - INFO - 查找验证码图片...
2026-02-07 03:20:54,078 - INFO - 找到验证码图片，开始截图...
2026-02-07 03:20:54,136 - INFO - 验证码图片截取成功
2026-02-07 03:20:54,136 - INFO - 开始填写登录表单...
2026-02-07 03:20:54,196 - INFO - 用户名填写完成
2026-02-07 03:20:54,252 - INFO - 密码填写完成
2026-02-07 03:20:54,253 - INFO - 验证码图片已保存到 /home/runner/work/nju_electric_monitor/nju_electric_monitor/src/../data/captcha_debug.png
2026-02-07 03:20:54,253 - INFO - 验证码识别尝试 1/30
2026-02-07 03:20:54,253 - INFO - 开始识别验证码...（easyocr + pytesseract）
2026-02-07 03:20:54,374 - INFO - easyocr 结果: ['Gf78(0.44)']
2026-02-07 03:20:54,515 - INFO - tesseract 结果: 6f78
2026-02-07 03:20:54,604 - INFO - easyocr alt1 结果: ['Gf78(0.94)']
2026-02-07 03:20:54,683 - INFO - tesseract alt1 结果: 6f7B
2026-02-07 03:20:54,744 - INFO - easyocr alt2 结果: ['Gf78(0.93)']
2026-02-07 03:20:54,825 - INFO - tesseract alt2 结果: 6f7B
2026-02-07 03:20:54,976 - INFO - easyocr alt3 结果: ['Gf78(0.51)']
2026-02-07 03:20:55,066 - INFO - tesseract alt3 结果: 6f78
2026-02-07 03:20:55,124 - INFO - easyocr alt4 结果: ['Gf78(0.51)']
2026-02-07 03:20:55,203 - INFO - tesseract alt4 结果: 6f78
2026-02-07 03:20:55,261 - INFO - easyocr alt5 结果: ['Gf78(0.72)']
2026-02-07 03:20:55,342 - INFO - tesseract alt5 结果: 6f78
2026-02-07 03:20:55,342 - INFO - 最终验证码识别结果: Gf78 (engine=easyocr_alt1, prob=0.9390720725059509)
2026-02-07 03:20:55,342 - INFO - 查找验证码输入框...
2026-02-07 03:20:55,403 - INFO - 验证码填写完成
2026-02-07 03:20:55,404 - INFO - 验证码填写完成，点击登录按钮...
2026-02-07 03:20:55,404 - INFO - 查找并点击登录按钮...
2026-02-07 03:20:55,743 - INFO - 已点击登录按钮
2026-02-07 03:21:02,772 - INFO - 开始填写登录表单...
2026-02-07 03:21:02,830 - INFO - 用户名填写完成
2026-02-07 03:21:02,888 - INFO - 密码填写完成
2026-02-07 03:21:02,889 - INFO - 验证码图片已保存到 /home/runner/work/nju_electric_monitor/nju_electric_monitor/src/../data/captcha_debug.png
2026-02-07 03:21:02,889 - INFO - 验证码识别尝试 2/30
2026-02-07 03:21:02,889 - INFO - 开始识别验证码...（easyocr + pytesseract）
2026-02-07 03:21:02,986 - INFO - easyocr 结果: ['Gf78(0.44)']
2026-02-07 03:21:03,065 - INFO - tesseract 结果: 6f78
2026-02-07 03:21:03,127 - INFO - easyocr alt1 结果: ['Gf78(0.94)']
2026-02-07 03:21:03,209 - INFO - tesseract alt1 结果: 6f7B
2026-02-07 03:21:03,270 - INFO - easyocr alt2 结果: ['Gf78(0.93)']
2026-02-07 03:21:03,351 - INFO - tesseract alt2 结果: 6f7B
2026-02-07 03:21:03,489 - INFO - easyocr alt3 结果: ['Gf78(0.51)']
2026-02-07 03:21:03,582 - INFO - tesseract alt3 结果: 6f78
2026-02-07 03:21:03,642 - INFO - easyocr alt4 结果: ['Gf78(0.51)']
2026-02-07 03:21:03,720 - INFO - tesseract alt4 结果: 6f78
2026-02-07 03:21:03,780 - INFO - easyocr alt5 结果: ['Gf78(0.72)']
2026-02-07 03:21:03,859 - INFO - tesseract alt5 结果: 6f78
2026-02-07 03:21:03,859 - INFO - 最终验证码识别结果: Gf78 (engine=easyocr_alt1, prob=0.9390720725059509)
2026-02-07 03:21:03,859 - INFO - 查找验证码输入框...
2026-02-07 03:21:03,914 - INFO - 验证码填写完成
2026-02-07 03:21:03,914 - INFO - 验证码填写完成，点击登录按钮...
2026-02-07 03:21:03,914 - INFO - 查找并点击登录按钮...
2026-02-07 03:21:04,233 - INFO - 已点击登录按钮
2026-02-07 03:21:11,254 - INFO - 开始填写登录表单...
2026-02-07 03:21:11,315 - INFO - 用户名填写完成
2026-02-07 03:21:11,377 - INFO - 密码填写完成
2026-02-07 03:21:11,378 - INFO - 验证码图片已保存到 /home/runner/work/nju_electric_monitor/nju_electric_monitor/src/../data/captcha_debug.png
2026-02-07 03:21:11,378 - INFO - 验证码识别尝试 3/30
2026-02-07 03:21:11,378 - INFO - 开始识别验证码...（easyocr + pytesseract）
2026-02-07 03:21:11,468 - INFO - easyocr 结果: ['Gf78(0.44)']
2026-02-07 03:21:11,547 - INFO - tesseract 结果: 6f78
2026-02-07 03:21:11,606 - INFO - easyocr alt1 结果: ['Gf78(0.94)']
2026-02-07 03:21:11,683 - INFO - tesseract alt1 结果: 6f7B
2026-02-07 03:21:11,749 - INFO - easyocr alt2 结果: ['Gf78(0.93)']
2026-02-07 03:21:11,827 - INFO - tesseract alt2 结果: 6f7B
2026-02-07 03:21:11,963 - INFO - easyocr alt3 结果: ['Gf78(0.51)']
2026-02-07 03:21:12,054 - INFO - tesseract alt3 结果: 6f78
2026-02-07 03:21:12,112 - INFO - easyocr alt4 结果: ['Gf78(0.51)']
2026-02-07 03:21:12,193 - INFO - tesseract alt4 结果: 6f78
2026-02-07 03:21:12,251 - INFO - easyocr alt5 结果: ['Gf78(0.72)']
2026-02-07 03:21:12,331 - INFO - tesseract alt5 结果: 6f78
2026-02-07 03:21:12,331 - INFO - 最终验证码识别结果: Gf78 (engine=easyocr_alt1, prob=0.9390720725059509)
2026-02-07 03:21:12,331 - INFO - 查找验证码输入框...
2026-02-07 03:21:12,382 - INFO - 验证码填写完成
2026-02-07 03:21:12,382 - INFO - 验证码填写完成，点击登录按钮...
2026-02-07 03:21:12,382 - INFO - 查找并点击登录按钮...
2026-02-07 03:21:12,692 - INFO - 已点击登录按钮
2026-02-07 03:21:19,711 - INFO - 开始填写登录表单...
2026-02-07 03:21:19,768 - INFO - 用户名填写完成
2026-02-07 03:21:19,821 - INFO - 密码填写完成
2026-02-07 03:21:19,821 - INFO - 验证码图片已保存到 /home/runner/work/nju_electric_monitor/nju_electric_monitor/src/../data/captcha_debug.png
2026-02-07 03:21:19,821 - INFO - 验证码识别尝试 4/30
2026-02-07 03:21:19,821 - INFO - 开始识别验证码...（easyocr + pytesseract）
2026-02-07 03:21:19,908 - INFO - easyocr 结果: ['Gf78(0.44)']
2026-02-07 03:21:19,988 - INFO - tesseract 结果: 6f78
2026-02-07 03:21:20,048 - INFO - easyocr alt1 结果: ['Gf78(0.94)']
2026-02-07 03:21:20,129 - INFO - tesseract alt1 结果: 6f7B
2026-02-07 03:21:20,187 - INFO - easyocr alt2 结果: ['Gf78(0.93)']
2026-02-07 03:21:20,264 - INFO - tesseract alt2 结果: 6f7B
2026-02-07 03:21:20,400 - INFO - easyocr alt3 结果: ['Gf78(0.51)']
2026-02-07 03:21:20,492 - INFO - tesseract alt3 结果: 6f78
2026-02-07 03:21:20,561 - INFO - easyocr alt4 结果: ['Gf78(0.51)']
2026-02-07 03:21:20,640 - INFO - tesseract alt4 结果: 6f78
2026-02-07 03:21:20,699 - INFO - easyocr alt5 结果: ['Gf78(0.72)']
2026-02-07 03:21:20,778 - INFO - tesseract alt5 结果: 6f78
2026-02-07 03:21:20,778 - INFO - 最终验证码识别结果: Gf78 (engine=easyocr_alt1, prob=0.9390720725059509)
2026-02-07 03:21:20,778 - INFO - 查找验证码输入框...
2026-02-07 03:21:20,831 - INFO - 验证码填写完成
2026-02-07 03:21:20,831 - INFO - 验证码填写完成，点击登录按钮...
2026-02-07 03:21:20,831 - INFO - 查找并点击登录按钮...
2026-02-07 03:21:21,145 - INFO - 已点击登录按钮
2026-02-07 03:21:28,164 - INFO - 开始填写登录表单...
2026-02-07 03:21:28,218 - INFO - 用户名填写完成
2026-02-07 03:21:28,274 - INFO - 密码填写完成
2026-02-07 03:21:28,275 - INFO - 验证码图片已保存到 /home/runner/work/nju_electric_monitor/nju_electric_monitor/src/../data/captcha_debug.png
2026-02-07 03:21:28,275 - INFO - 验证码识别尝试 5/30
2026-02-07 03:21:28,275 - INFO - 开始识别验证码...（easyocr + pytesseract）
2026-02-07 03:21:28,362 - INFO - easyocr 结果: ['Gf78(0.44)']
2026-02-07 03:21:28,443 - INFO - tesseract 结果: 6f78
2026-02-07 03:21:28,503 - INFO - easyocr alt1 结果: ['Gf78(0.94)']
2026-02-07 03:21:28,581 - INFO - tesseract alt1 结果: 6f7B
2026-02-07 03:21:28,639 - INFO - easyocr alt2 结果: ['Gf78(0.93)']
2026-02-07 03:21:28,719 - INFO - tesseract alt2 结果: 6f7B
2026-02-07 03:21:28,852 - INFO - easyocr alt3 结果: ['Gf78(0.51)']
2026-02-07 03:21:28,943 - INFO - tesseract alt3 结果: 6f78
2026-02-07 03:21:29,011 - INFO - easyocr alt4 结果: ['Gf78(0.51)']
2026-02-07 03:21:29,089 - INFO - tesseract alt4 结果: 6f78
2026-02-07 03:21:29,153 - INFO - easyocr alt5 结果: ['Gf78(0.72)']
2026-02-07 03:21:29,232 - INFO - tesseract alt5 结果: 6f78
2026-02-07 03:21:29,232 - INFO - 最终验证码识别结果: Gf78 (engine=easyocr_alt1, prob=0.9390720725059509)
2026-02-07 03:21:29,232 - INFO - 查找验证码输入框...
2026-02-07 03:21:29,284 - INFO - 验证码填写完成
2026-02-07 03:21:29,284 - INFO - 验证码填写完成，点击登录按钮...
2026-02-07 03:21:29,284 - INFO - 查找并点击登录按钮...
2026-02-07 03:21:29,335 - INFO - 已点击登录按钮
2026-02-07 03:21:36,355 - INFO - 开始填写登录表单...
2026-02-07 03:21:36,414 - INFO - 用户名填写完成
2026-02-07 03:21:36,469 - INFO - 密码填写完成
2026-02-07 03:21:36,470 - INFO - 验证码图片已保存到 /home/runner/work/nju_electric_monitor/nju_electric_monitor/src/../data/captcha_debug.png
2026-02-07 03:21:36,470 - INFO - 验证码识别尝试 6/30
2026-02-07 03:21:36,470 - INFO - 开始识别验证码...（easyocr + pytesseract）
2026-02-07 03:21:36,556 - INFO - easyocr 结果: ['Gf78(0.44)']
2026-02-07 03:21:36,634 - INFO - tesseract 结果: 6f78
2026-02-07 03:21:36,693 - INFO - easyocr alt1 结果: ['Gf78(0.94)']
2026-02-07 03:21:36,771 - INFO - tesseract alt1 结果: 6f7B
2026-02-07 03:21:36,829 - INFO - easyocr alt2 结果: ['Gf78(0.93)']
2026-02-07 03:21:36,907 - INFO - tesseract alt2 结果: 6f7B
2026-02-07 03:21:37,049 - INFO - easyocr alt3 结果: ['Gf78(0.51)']
2026-02-07 03:21:37,139 - INFO - tesseract alt3 结果: 6f78
2026-02-07 03:21:37,197 - INFO - easyocr alt4 结果: ['Gf78(0.51)']
2026-02-07 03:21:37,279 - INFO - tesseract alt4 结果: 6f78
2026-02-07 03:21:37,337 - INFO - easyocr alt5 结果: ['Gf78(0.72)']
2026-02-07 03:21:37,415 - INFO - tesseract alt5 结果: 6f78
2026-02-07 03:21:37,415 - INFO - 最终验证码识别结果: Gf78 (engine=easyocr_alt1, prob=0.9390720725059509)
2026-02-07 03:21:37,415 - INFO - 查找验证码输入框...
2026-02-07 03:21:37,467 - INFO - 验证码填写完成
2026-02-07 03:21:37,467 - INFO - 验证码填写完成，点击登录按钮...
2026-02-07 03:21:37,467 - INFO - 查找并点击登录按钮...
2026-02-07 03:21:37,519 - INFO - 已点击登录按钮
2026-02-07 03:21:44,540 - INFO - 开始填写登录表单...
2026-02-07 03:21:44,598 - INFO - 用户名填写完成
2026-02-07 03:21:44,654 - INFO - 密码填写完成
2026-02-07 03:21:44,655 - INFO - 验证码图片已保存到 /home/runner/work/nju_electric_monitor/nju_electric_monitor/src/../data/captcha_debug.png
2026-02-07 03:21:44,655 - INFO - 验证码识别尝试 7/30
2026-02-07 03:21:44,655 - INFO - 开始识别验证码...（easyocr + pytesseract）
2026-02-07 03:21:44,742 - INFO - easyocr 结果: ['Gf78(0.44)']
2026-02-07 03:21:44,825 - INFO - tesseract 结果: 6f78
2026-02-07 03:21:44,903 - INFO - easyocr alt1 结果: ['Gf78(0.94)']
2026-02-07 03:21:45,015 - INFO - tesseract alt1 结果: 6f7B
2026-02-07 03:21:45,091 - INFO - easyocr alt2 结果: ['Gf78(0.93)']
2026-02-07 03:21:45,174 - INFO - tesseract alt2 结果: 6f7B
2026-02-07 03:21:45,338 - INFO - easyocr alt3 结果: ['Gf78(0.51)']
2026-02-07 03:21:45,435 - INFO - tesseract alt3 结果: 6f78
2026-02-07 03:21:45,499 - INFO - easyocr alt4 结果: ['Gf78(0.51)']
2026-02-07 03:21:45,579 - INFO - tesseract alt4 结果: 6f78
2026-02-07 03:21:45,645 - INFO - easyocr alt5 结果: ['Gf78(0.72)']
2026-02-07 03:21:45,970 - INFO - tesseract alt5 结果: 6f78
2026-02-07 03:21:45,970 - INFO - 最终验证码识别结果: Gf78 (engine=easyocr_alt1, prob=0.9390720725059509)
2026-02-07 03:21:45,970 - INFO - 查找验证码输入框...
2026-02-07 03:21:46,027 - INFO - 验证码填写完成
2026-02-07 03:21:46,027 - INFO - 验证码填写完成，点击登录按钮...
2026-02-07 03:21:46,027 - INFO - 查找并点击登录按钮...
2026-02-07 03:21:46,338 - INFO - 已点击登录按钮
2026-02-07 03:21:53,358 - INFO - 开始填写登录表单...
2026-02-07 03:21:53,417 - INFO - 用户名填写完成
2026-02-07 03:21:53,472 - INFO - 密码填写完成
2026-02-07 03:21:53,473 - INFO - 验证码图片已保存到 /home/runner/work/nju_electric_monitor/nju_electric_monitor/src/../data/captcha_debug.png
2026-02-07 03:21:53,473 - INFO - 验证码识别尝试 8/30
2026-02-07 03:21:53,473 - INFO - 开始识别验证码...（easyocr + pytesseract）
2026-02-07 03:21:53,565 - INFO - easyocr 结果: ['Gf78(0.44)']
2026-02-07 03:21:53,647 - INFO - tesseract 结果: 6f78
2026-02-07 03:21:53,711 - INFO - easyocr alt1 结果: ['Gf78(0.94)']
2026-02-07 03:21:53,809 - INFO - tesseract alt1 结果: 6f7B
2026-02-07 03:21:53,886 - INFO - easyocr alt2 结果: ['Gf78(0.93)']
2026-02-07 03:21:53,976 - INFO - tesseract alt2 结果: 6f7B
2026-02-07 03:21:54,121 - INFO - easyocr alt3 结果: ['Gf78(0.51)']
2026-02-07 03:21:54,240 - INFO - tesseract alt3 结果: 6f78
2026-02-07 03:21:54,304 - INFO - easyocr alt4 结果: ['Gf78(0.51)']
2026-02-07 03:21:54,387 - INFO - tesseract alt4 结果: 6f78
2026-02-07 03:21:54,460 - INFO - easyocr alt5 结果: ['Gf78(0.72)']
2026-02-07 03:21:54,552 - INFO - tesseract alt5 结果: 6f78
2026-02-07 03:21:54,552 - INFO - 最终验证码识别结果: Gf78 (engine=easyocr_alt1, prob=0.9390720725059509)
2026-02-07 03:21:54,552 - INFO - 查找验证码输入框...
2026-02-07 03:21:54,606 - INFO - 验证码填写完成
2026-02-07 03:21:54,606 - INFO - 验证码填写完成，点击登录按钮...
2026-02-07 03:21:54,606 - INFO - 查找并点击登录按钮...
2026-02-07 03:21:55,160 - INFO - 已点击登录按钮
2026-02-07 03:22:02,180 - INFO - 开始填写登录表单...
2026-02-07 03:22:02,236 - INFO - 用户名填写完成
2026-02-07 03:22:02,289 - INFO - 密码填写完成
2026-02-07 03:22:02,290 - INFO - 验证码图片已保存到 /home/runner/work/nju_electric_monitor/nju_electric_monitor/src/../data/captcha_debug.png
2026-02-07 03:22:02,290 - INFO - 验证码识别尝试 9/30
2026-02-07 03:22:02,290 - INFO - 开始识别验证码...（easyocr + pytesseract）
2026-02-07 03:22:02,377 - INFO - easyocr 结果: ['Gf78(0.44)']
2026-02-07 03:22:02,456 - INFO - tesseract 结果: 6f78
2026-02-07 03:22:02,516 - INFO - easyocr alt1 结果: ['Gf78(0.94)']
2026-02-07 03:22:02,595 - INFO - tesseract alt1 结果: 6f7B
2026-02-07 03:22:02,654 - INFO - easyocr alt2 结果: ['Gf78(0.93)']
2026-02-07 03:22:02,735 - INFO - tesseract alt2 结果: 6f7B
2026-02-07 03:22:02,872 - INFO - easyocr alt3 结果: ['Gf78(0.51)']
2026-02-07 03:22:02,963 - INFO - tesseract alt3 结果: 6f78
2026-02-07 03:22:03,019 - INFO - easyocr alt4 结果: ['Gf78(0.51)']
2026-02-07 03:22:03,097 - INFO - tesseract alt4 结果: 6f78
2026-02-07 03:22:03,155 - INFO - easyocr alt5 结果: ['Gf78(0.72)']
2026-02-07 03:22:03,236 - INFO - tesseract alt5 结果: 6f78
2026-02-07 03:22:03,236 - INFO - 最终验证码识别结果: Gf78 (engine=easyocr_alt1, prob=0.9390720725059509)
2026-02-07 03:22:03,236 - INFO - 查找验证码输入框...
2026-02-07 03:22:03,287 - INFO - 验证码填写完成
2026-02-07 03:22:03,287 - INFO - 验证码填写完成，点击登录按钮...
2026-02-07 03:22:03,287 - INFO - 查找并点击登录按钮...
2026-02-07 03:22:03,339 - INFO - 已点击登录按钮
2026-02-07 03:22:10,361 - INFO - 开始填写登录表单...
2026-02-07 03:22:10,421 - INFO - 用户名填写完成
2026-02-07 03:22:10,483 - INFO - 密码填写完成
2026-02-07 03:22:10,484 - INFO - 验证码图片已保存到 /home/runner/work/nju_electric_monitor/nju_electric_monitor/src/../data/captcha_debug.png
2026-02-07 03:22:10,484 - INFO - 验证码识别尝试 10/30
2026-02-07 03:22:10,484 - INFO - 开始识别验证码...（easyocr + pytesseract）
2026-02-07 03:22:10,578 - INFO - easyocr 结果: ['Gf78(0.44)']
2026-02-07 03:22:10,657 - INFO - tesseract 结果: 6f78
2026-02-07 03:22:10,715 - INFO - easyocr alt1 结果: ['Gf78(0.94)']
2026-02-07 03:22:10,797 - INFO - tesseract alt1 结果: 6f7B
2026-02-07 03:22:10,856 - INFO - easyocr alt2 结果: ['Gf78(0.93)']
2026-02-07 03:22:10,938 - INFO - tesseract alt2 结果: 6f7B
2026-02-07 03:22:11,073 - INFO - easyocr alt3 结果: ['Gf78(0.51)']
2026-02-07 03:22:11,166 - INFO - tesseract alt3 结果: 6f78
2026-02-07 03:22:11,228 - INFO - easyocr alt4 结果: ['Gf78(0.51)']
2026-02-07 03:22:11,306 - INFO - tesseract alt4 结果: 6f78
2026-02-07 03:22:11,363 - INFO - easyocr alt5 结果: ['Gf78(0.72)']
2026-02-07 03:22:11,444 - INFO - tesseract alt5 结果: 6f78
2026-02-07 03:22:11,444 - INFO - 最终验证码识别结果: Gf78 (engine=easyocr_alt1, prob=0.9390720725059509)
2026-02-07 03:22:11,444 - INFO - 查找验证码输入框...
2026-02-07 03:22:11,498 - INFO - 验证码填写完成
2026-02-07 03:22:11,498 - INFO - 验证码填写完成，点击登录按钮...
2026-02-07 03:22:11,498 - INFO - 查找并点击登录按钮...
2026-02-07 03:22:11,817 - INFO - 已点击登录按钮
2026-02-07 03:22:18,839 - INFO - 开始填写登录表单...
2026-02-07 03:22:18,897 - INFO - 用户名填写完成
2026-02-07 03:22:18,951 - INFO - 密码填写完成
2026-02-07 03:22:18,952 - INFO - 验证码图片已保存到 /home/runner/work/nju_electric_monitor/nju_electric_monitor/src/../data/captcha_debug.png
2026-02-07 03:22:18,952 - INFO - 验证码识别尝试 11/30
2026-02-07 03:22:18,952 - INFO - 开始识别验证码...（easyocr + pytesseract）
2026-02-07 03:22:19,041 - INFO - easyocr 结果: ['Gf78(0.44)']
2026-02-07 03:22:19,126 - INFO - tesseract 结果: 6f78
2026-02-07 03:22:19,186 - INFO - easyocr alt1 结果: ['Gf78(0.94)']
2026-02-07 03:22:19,266 - INFO - tesseract alt1 结果: 6f7B
2026-02-07 03:22:19,326 - INFO - easyocr alt2 结果: ['Gf78(0.93)']
2026-02-07 03:22:19,408 - INFO - tesseract alt2 结果: 6f7B
2026-02-07 03:22:19,548 - INFO - easyocr alt3 结果: ['Gf78(0.51)']
2026-02-07 03:22:19,640 - INFO - tesseract alt3 结果: 6f78
2026-02-07 03:22:19,698 - INFO - easyocr alt4 结果: ['Gf78(0.51)']
2026-02-07 03:22:19,776 - INFO - tesseract alt4 结果: 6f78
2026-02-07 03:22:19,835 - INFO - easyocr alt5 结果: ['Gf78(0.72)']
2026-02-07 03:22:19,918 - INFO - tesseract alt5 结果: 6f78
2026-02-07 03:22:19,919 - INFO - 最终验证码识别结果: Gf78 (engine=easyocr_alt1, prob=0.9390720725059509)
2026-02-07 03:22:19,919 - INFO - 查找验证码输入框...
2026-02-07 03:22:19,977 - INFO - 验证码填写完成
2026-02-07 03:22:19,977 - INFO - 验证码填写完成，点击登录按钮...
2026-02-07 03:22:19,977 - INFO - 查找并点击登录按钮...
2026-02-07 03:22:20,293 - INFO - 已点击登录按钮
2026-02-07 03:22:27,313 - INFO - 开始填写登录表单...
2026-02-07 03:22:27,371 - INFO - 用户名填写完成
2026-02-07 03:22:27,426 - INFO - 密码填写完成
2026-02-07 03:22:27,427 - INFO - 验证码图片已保存到 /home/runner/work/nju_electric_monitor/nju_electric_monitor/src/../data/captcha_debug.png
2026-02-07 03:22:27,427 - INFO - 验证码识别尝试 12/30
2026-02-07 03:22:27,427 - INFO - 开始识别验证码...（easyocr + pytesseract）
2026-02-07 03:22:27,529 - INFO - easyocr 结果: ['Gf78(0.44)']
2026-02-07 03:22:27,609 - INFO - tesseract 结果: 6f78
2026-02-07 03:22:27,670 - INFO - easyocr alt1 结果: ['Gf78(0.94)']
2026-02-07 03:22:27,751 - INFO - tesseract alt1 结果: 6f7B
2026-02-07 03:22:27,810 - INFO - easyocr alt2 结果: ['Gf78(0.93)']
2026-02-07 03:22:27,889 - INFO - tesseract alt2 结果: 6f7B
2026-02-07 03:22:28,024 - INFO - easyocr alt3 结果: ['Gf78(0.51)']
2026-02-07 03:22:28,116 - INFO - tesseract alt3 结果: 6f78
2026-02-07 03:22:28,175 - INFO - easyocr alt4 结果: ['Gf78(0.51)']
2026-02-07 03:22:28,253 - INFO - tesseract alt4 结果: 6f78
2026-02-07 03:22:28,314 - INFO - easyocr alt5 结果: ['Gf78(0.72)']
2026-02-07 03:22:28,394 - INFO - tesseract alt5 结果: 6f78
2026-02-07 03:22:28,395 - INFO - 最终验证码识别结果: Gf78 (engine=easyocr_alt1, prob=0.9390720725059509)
2026-02-07 03:22:28,395 - INFO - 查找验证码输入框...
2026-02-07 03:22:28,449 - INFO - 验证码填写完成
2026-02-07 03:22:28,449 - INFO - 验证码填写完成，点击登录按钮...
2026-02-07 03:22:28,449 - INFO - 查找并点击登录按钮...
2026-02-07 03:22:28,501 - INFO - 已点击登录按钮
2026-02-07 03:22:35,522 - INFO - 开始填写登录表单...
2026-02-07 03:22:35,581 - INFO - 用户名填写完成
2026-02-07 03:22:35,637 - INFO - 密码填写完成
2026-02-07 03:22:35,637 - INFO - 验证码图片已保存到 /home/runner/work/nju_electric_monitor/nju_electric_monitor/src/../data/captcha_debug.png
2026-02-07 03:22:35,637 - INFO - 验证码识别尝试 13/30
2026-02-07 03:22:35,637 - INFO - 开始识别验证码...（easyocr + pytesseract）
2026-02-07 03:22:35,726 - INFO - easyocr 结果: ['Gf78(0.44)']
2026-02-07 03:22:35,806 - INFO - tesseract 结果: 6f78
2026-02-07 03:22:35,865 - INFO - easyocr alt1 结果: ['Gf78(0.94)']
2026-02-07 03:22:35,944 - INFO - tesseract alt1 结果: 6f7B
2026-02-07 03:22:36,003 - INFO - easyocr alt2 结果: ['Gf78(0.93)']
2026-02-07 03:22:36,083 - INFO - tesseract alt2 结果: 6f7B
2026-02-07 03:22:36,223 - INFO - easyocr alt3 结果: ['Gf78(0.51)']
2026-02-07 03:22:36,315 - INFO - tesseract alt3 结果: 6f78
2026-02-07 03:22:36,385 - INFO - easyocr alt4 结果: ['Gf78(0.51)']
2026-02-07 03:22:36,464 - INFO - tesseract alt4 结果: 6f78
2026-02-07 03:22:36,532 - INFO - easyocr alt5 结果: ['Gf78(0.72)']
2026-02-07 03:22:36,614 - INFO - tesseract alt5 结果: 6f78
2026-02-07 03:22:36,614 - INFO - 最终验证码识别结果: Gf78 (engine=easyocr_alt1, prob=0.9390720725059509)
2026-02-07 03:22:36,614 - INFO - 查找验证码输入框...
2026-02-07 03:22:36,670 - INFO - 验证码填写完成
2026-02-07 03:22:36,670 - INFO - 验证码填写完成，点击登录按钮...
2026-02-07 03:22:36,671 - INFO - 查找并点击登录按钮...
2026-02-07 03:22:37,006 - INFO - 已点击登录按钮
2026-02-07 03:22:44,027 - INFO - 开始填写登录表单...
2026-02-07 03:22:44,088 - INFO - 用户名填写完成
2026-02-07 03:22:44,146 - INFO - 密码填写完成
2026-02-07 03:22:44,147 - INFO - 验证码图片已保存到 /home/runner/work/nju_electric_monitor/nju_electric_monitor/src/../data/captcha_debug.png
2026-02-07 03:22:44,147 - INFO - 验证码识别尝试 14/30
2026-02-07 03:22:44,147 - INFO - 开始识别验证码...（easyocr + pytesseract）
2026-02-07 03:22:44,238 - INFO - easyocr 结果: ['Gf78(0.44)']
2026-02-07 03:22:44,317 - INFO - tesseract 结果: 6f78
2026-02-07 03:22:44,381 - INFO - easyocr alt1 结果: ['Gf78(0.94)']
2026-02-07 03:22:44,461 - INFO - tesseract alt1 结果: 6f7B
2026-02-07 03:22:44,521 - INFO - easyocr alt2 结果: ['Gf78(0.93)']
2026-02-07 03:22:44,599 - INFO - tesseract alt2 结果: 6f7B
2026-02-07 03:22:44,733 - INFO - easyocr alt3 结果: ['Gf78(0.51)']
2026-02-07 03:22:44,825 - INFO - tesseract alt3 结果: 6f78
2026-02-07 03:22:44,894 - INFO - easyocr alt4 结果: ['Gf78(0.51)']
2026-02-07 03:22:44,976 - INFO - tesseract alt4 结果: 6f78
2026-02-07 03:22:45,038 - INFO - easyocr alt5 结果: ['Gf78(0.72)']
2026-02-07 03:22:45,120 - INFO - tesseract alt5 结果: 6f78
2026-02-07 03:22:45,120 - INFO - 最终验证码识别结果: Gf78 (engine=easyocr_alt1, prob=0.9390720725059509)
2026-02-07 03:22:45,120 - INFO - 查找验证码输入框...
2026-02-07 03:22:45,178 - INFO - 验证码填写完成
2026-02-07 03:22:45,178 - INFO - 验证码填写完成，点击登录按钮...
2026-02-07 03:22:45,179 - INFO - 查找并点击登录按钮...
2026-02-07 03:22:45,236 - INFO - 已点击登录按钮
2026-02-07 03:22:52,256 - INFO - 开始填写登录表单...
2026-02-07 03:22:52,313 - INFO - 用户名填写完成
2026-02-07 03:22:52,368 - INFO - 密码填写完成
2026-02-07 03:22:52,368 - INFO - 验证码图片已保存到 /home/runner/work/nju_electric_monitor/nju_electric_monitor/src/../data/captcha_debug.png
2026-02-07 03:22:52,368 - INFO - 验证码识别尝试 15/30
2026-02-07 03:22:52,369 - INFO - 开始识别验证码...（easyocr + pytesseract）
2026-02-07 03:22:52,453 - INFO - easyocr 结果: ['Gf78(0.44)']
2026-02-07 03:22:52,532 - INFO - tesseract 结果: 6f78
2026-02-07 03:22:52,614 - INFO - easyocr alt1 结果: ['Gf78(0.94)']
2026-02-07 03:22:52,706 - INFO - tesseract alt1 结果: 6f7B
2026-02-07 03:22:52,772 - INFO - easyocr alt2 结果: ['Gf78(0.93)']
2026-02-07 03:22:52,850 - INFO - tesseract alt2 结果: 6f7B
2026-02-07 03:22:52,987 - INFO - easyocr alt3 结果: ['Gf78(0.51)']
2026-02-07 03:22:53,078 - INFO - tesseract alt3 结果: 6f78
2026-02-07 03:22:53,137 - INFO - easyocr alt4 结果: ['Gf78(0.51)']
2026-02-07 03:22:53,217 - INFO - tesseract alt4 结果: 6f78
2026-02-07 03:22:53,285 - INFO - easyocr alt5 结果: ['Gf78(0.72)']
2026-02-07 03:22:53,364 - INFO - tesseract alt5 结果: 6f78
2026-02-07 03:22:53,364 - INFO - 最终验证码识别结果: Gf78 (engine=easyocr_alt1, prob=0.9390720725059509)
2026-02-07 03:22:53,364 - INFO - 查找验证码输入框...
2026-02-07 03:22:53,418 - INFO - 验证码填写完成
2026-02-07 03:22:53,418 - INFO - 验证码填写完成，点击登录按钮...
2026-02-07 03:22:53,418 - INFO - 查找并点击登录按钮...
2026-02-07 03:22:53,472 - INFO - 已点击登录按钮
2026-02-07 03:23:00,494 - INFO - 开始填写登录表单...
2026-02-07 03:23:00,553 - INFO - 用户名填写完成
2026-02-07 03:23:00,609 - INFO - 密码填写完成
2026-02-07 03:23:00,609 - INFO - 验证码图片已保存到 /home/runner/work/nju_electric_monitor/nju_electric_monitor/src/../data/captcha_debug.png
2026-02-07 03:23:00,610 - INFO - 验证码识别尝试 16/30
2026-02-07 03:23:00,610 - INFO - 开始识别验证码...（easyocr + pytesseract）
2026-02-07 03:23:00,704 - INFO - easyocr 结果: ['Gf78(0.44)']
2026-02-07 03:23:00,783 - INFO - tesseract 结果: 6f78
2026-02-07 03:23:00,842 - INFO - easyocr alt1 结果: ['Gf78(0.94)']
2026-02-07 03:23:00,922 - INFO - tesseract alt1 结果: 6f7B
2026-02-07 03:23:00,980 - INFO - easyocr alt2 结果: ['Gf78(0.93)']
2026-02-07 03:23:01,060 - INFO - tesseract alt2 结果: 6f7B
2026-02-07 03:23:01,197 - INFO - easyocr alt3 结果: ['Gf78(0.51)']
2026-02-07 03:23:01,289 - INFO - tesseract alt3 结果: 6f78
2026-02-07 03:23:01,350 - INFO - easyocr alt4 结果: ['Gf78(0.51)']
2026-02-07 03:23:01,433 - INFO - tesseract alt4 结果: 6f78
2026-02-07 03:23:01,492 - INFO - easyocr alt5 结果: ['Gf78(0.72)']
2026-02-07 03:23:01,572 - INFO - tesseract alt5 结果: 6f78
2026-02-07 03:23:01,572 - INFO - 最终验证码识别结果: Gf78 (engine=easyocr_alt1, prob=0.9390720725059509)
2026-02-07 03:23:01,572 - INFO - 查找验证码输入框...
2026-02-07 03:23:01,625 - INFO - 验证码填写完成
2026-02-07 03:23:01,625 - INFO - 验证码填写完成，点击登录按钮...
2026-02-07 03:23:01,625 - INFO - 查找并点击登录按钮...
2026-02-07 03:23:01,956 - INFO - 已点击登录按钮
2026-02-07 03:23:08,975 - INFO - 开始填写登录表单...
2026-02-07 03:23:09,031 - INFO - 用户名填写完成
2026-02-07 03:23:09,087 - INFO - 密码填写完成
2026-02-07 03:23:09,087 - INFO - 验证码图片已保存到 /home/runner/work/nju_electric_monitor/nju_electric_monitor/src/../data/captcha_debug.png
2026-02-07 03:23:09,087 - INFO - 验证码识别尝试 17/30
2026-02-07 03:23:09,087 - INFO - 开始识别验证码...（easyocr + pytesseract）
2026-02-07 03:23:09,180 - INFO - easyocr 结果: ['Gf78(0.44)']
2026-02-07 03:23:09,257 - INFO - tesseract 结果: 6f78
2026-02-07 03:23:09,315 - INFO - easyocr alt1 结果: ['Gf78(0.94)']
2026-02-07 03:23:09,394 - INFO - tesseract alt1 结果: 6f7B
2026-02-07 03:23:09,453 - INFO - easyocr alt2 结果: ['Gf78(0.93)']
2026-02-07 03:23:09,532 - INFO - tesseract alt2 结果: 6f7B
2026-02-07 03:23:09,664 - INFO - easyocr alt3 结果: ['Gf78(0.51)']
2026-02-07 03:23:09,756 - INFO - tesseract alt3 结果: 6f78
2026-02-07 03:23:09,816 - INFO - easyocr alt4 结果: ['Gf78(0.51)']
2026-02-07 03:23:09,894 - INFO - tesseract alt4 结果: 6f78
2026-02-07 03:23:09,954 - INFO - easyocr alt5 结果: ['Gf78(0.72)']
2026-02-07 03:23:10,032 - INFO - tesseract alt5 结果: 6f78
2026-02-07 03:23:10,032 - INFO - 最终验证码识别结果: Gf78 (engine=easyocr_alt1, prob=0.9390720725059509)
2026-02-07 03:23:10,032 - INFO - 查找验证码输入框...
2026-02-07 03:23:10,083 - INFO - 验证码填写完成
2026-02-07 03:23:10,084 - INFO - 验证码填写完成，点击登录按钮...
2026-02-07 03:23:10,084 - INFO - 查找并点击登录按钮...
2026-02-07 03:23:10,134 - INFO - 已点击登录按钮
2026-02-07 03:23:17,156 - INFO - 开始填写登录表单...
2026-02-07 03:23:17,221 - INFO - 用户名填写完成
2026-02-07 03:23:17,275 - INFO - 密码填写完成
2026-02-07 03:23:17,275 - INFO - 验证码图片已保存到 /home/runner/work/nju_electric_monitor/nju_electric_monitor/src/../data/captcha_debug.png
2026-02-07 03:23:17,275 - INFO - 验证码识别尝试 18/30
2026-02-07 03:23:17,275 - INFO - 开始识别验证码...（easyocr + pytesseract）
2026-02-07 03:23:17,371 - INFO - easyocr 结果: ['Gf78(0.44)']
2026-02-07 03:23:17,450 - INFO - tesseract 结果: 6f78
2026-02-07 03:23:17,509 - INFO - easyocr alt1 结果: ['Gf78(0.94)']
2026-02-07 03:23:17,587 - INFO - tesseract alt1 结果: 6f7B
2026-02-07 03:23:17,648 - INFO - easyocr alt2 结果: ['Gf78(0.93)']
2026-02-07 03:23:17,724 - INFO - tesseract alt2 结果: 6f7B
2026-02-07 03:23:17,862 - INFO - easyocr alt3 结果: ['Gf78(0.51)']
2026-02-07 03:23:17,954 - INFO - tesseract alt3 结果: 6f78
2026-02-07 03:23:18,014 - INFO - easyocr alt4 结果: ['Gf78(0.51)']
2026-02-07 03:23:18,094 - INFO - tesseract alt4 结果: 6f78
2026-02-07 03:23:18,153 - INFO - easyocr alt5 结果: ['Gf78(0.72)']
2026-02-07 03:23:18,232 - INFO - tesseract alt5 结果: 6f78
2026-02-07 03:23:18,233 - INFO - 最终验证码识别结果: Gf78 (engine=easyocr_alt1, prob=0.9390720725059509)
2026-02-07 03:23:18,233 - INFO - 查找验证码输入框...
2026-02-07 03:23:18,286 - INFO - 验证码填写完成
2026-02-07 03:23:18,286 - INFO - 验证码填写完成，点击登录按钮...
2026-02-07 03:23:18,286 - INFO - 查找并点击登录按钮...
2026-02-07 03:23:18,338 - INFO - 已点击登录按钮
2026-02-07 03:23:25,358 - INFO - 开始填写登录表单...
2026-02-07 03:23:25,418 - INFO - 用户名填写完成
2026-02-07 03:23:25,477 - INFO - 密码填写完成
2026-02-07 03:23:25,478 - INFO - 验证码图片已保存到 /home/runner/work/nju_electric_monitor/nju_electric_monitor/src/../data/captcha_debug.png
2026-02-07 03:23:25,478 - INFO - 验证码识别尝试 19/30
2026-02-07 03:23:25,478 - INFO - 开始识别验证码...（easyocr + pytesseract）
2026-02-07 03:23:25,571 - INFO - easyocr 结果: ['Gf78(0.44)']
2026-02-07 03:23:25,649 - INFO - tesseract 结果: 6f78
2026-02-07 03:23:25,717 - INFO - easyocr alt1 结果: ['Gf78(0.94)']
2026-02-07 03:23:25,798 - INFO - tesseract alt1 结果: 6f7B
2026-02-07 03:23:25,863 - INFO - easyocr alt2 结果: ['Gf78(0.93)']
2026-02-07 03:23:25,941 - INFO - tesseract alt2 结果: 6f7B
2026-02-07 03:23:26,076 - INFO - easyocr alt3 结果: ['Gf78(0.51)']
2026-02-07 03:23:26,168 - INFO - tesseract alt3 结果: 6f78
2026-02-07 03:23:26,227 - INFO - easyocr alt4 结果: ['Gf78(0.51)']
2026-02-07 03:23:26,308 - INFO - tesseract alt4 结果: 6f78
2026-02-07 03:23:26,368 - INFO - easyocr alt5 结果: ['Gf78(0.72)']
2026-02-07 03:23:26,448 - INFO - tesseract alt5 结果: 6f78
2026-02-07 03:23:26,448 - INFO - 最终验证码识别结果: Gf78 (engine=easyocr_alt1, prob=0.9390720725059509)
2026-02-07 03:23:26,448 - INFO - 查找验证码输入框...
2026-02-07 03:23:26,499 - INFO - 验证码填写完成
2026-02-07 03:23:26,499 - INFO - 验证码填写完成，点击登录按钮...
2026-02-07 03:23:26,499 - INFO - 查找并点击登录按钮...
2026-02-07 03:23:26,551 - INFO - 已点击登录按钮
2026-02-07 03:23:33,570 - INFO - 开始填写登录表单...
2026-02-07 03:23:33,625 - INFO - 用户名填写完成
2026-02-07 03:23:33,682 - INFO - 密码填写完成
2026-02-07 03:23:33,682 - INFO - 验证码图片已保存到 /home/runner/work/nju_electric_monitor/nju_electric_monitor/src/../data/captcha_debug.png
2026-02-07 03:23:33,683 - INFO - 验证码识别尝试 20/30
2026-02-07 03:23:33,683 - INFO - 开始识别验证码...（easyocr + pytesseract）
2026-02-07 03:23:33,773 - INFO - easyocr 结果: ['Gf78(0.44)']
2026-02-07 03:23:33,854 - INFO - tesseract 结果: 6f78
2026-02-07 03:23:33,914 - INFO - easyocr alt1 结果: ['Gf78(0.94)']
2026-02-07 03:23:33,992 - INFO - tesseract alt1 结果: 6f7B
2026-02-07 03:23:34,049 - INFO - easyocr alt2 结果: ['Gf78(0.93)']
2026-02-07 03:23:34,127 - INFO - tesseract alt2 结果: 6f7B
2026-02-07 03:23:34,259 - INFO - easyocr alt3 结果: ['Gf78(0.51)']
2026-02-07 03:23:34,351 - INFO - tesseract alt3 结果: 6f78
2026-02-07 03:23:34,411 - INFO - easyocr alt4 结果: ['Gf78(0.51)']
2026-02-07 03:23:34,490 - INFO - tesseract alt4 结果: 6f78
2026-02-07 03:23:34,547 - INFO - easyocr alt5 结果: ['Gf78(0.72)']
2026-02-07 03:23:34,629 - INFO - tesseract alt5 结果: 6f78
2026-02-07 03:23:34,629 - INFO - 最终验证码识别结果: Gf78 (engine=easyocr_alt1, prob=0.9390720725059509)
2026-02-07 03:23:34,629 - INFO - 查找验证码输入框...
2026-02-07 03:23:34,680 - INFO - 验证码填写完成
2026-02-07 03:23:34,680 - INFO - 验证码填写完成，点击登录按钮...
2026-02-07 03:23:34,680 - INFO - 查找并点击登录按钮...
2026-02-07 03:23:34,730 - INFO - 已点击登录按钮
2026-02-07 03:23:41,750 - INFO - 开始填写登录表单...
2026-02-07 03:23:41,812 - INFO - 用户名填写完成
2026-02-07 03:23:41,868 - INFO - 密码填写完成
2026-02-07 03:23:41,868 - INFO - 验证码图片已保存到 /home/runner/work/nju_electric_monitor/nju_electric_monitor/src/../data/captcha_debug.png
2026-02-07 03:23:41,868 - INFO - 验证码识别尝试 21/30
2026-02-07 03:23:41,869 - INFO - 开始识别验证码...（easyocr + pytesseract）
2026-02-07 03:23:41,969 - INFO - easyocr 结果: ['Gf78(0.44)']
2026-02-07 03:23:42,051 - INFO - tesseract 结果: 6f78
2026-02-07 03:23:42,115 - INFO - easyocr alt1 结果: ['Gf78(0.94)']
2026-02-07 03:23:42,195 - INFO - tesseract alt1 结果: 6f7B
2026-02-07 03:23:42,253 - INFO - easyocr alt2 结果: ['Gf78(0.93)']
2026-02-07 03:23:42,331 - INFO - tesseract alt2 结果: 6f7B
2026-02-07 03:23:42,478 - INFO - easyocr alt3 结果: ['Gf78(0.51)']
2026-02-07 03:23:42,573 - INFO - tesseract alt3 结果: 6f78
2026-02-07 03:23:42,632 - INFO - easyocr alt4 结果: ['Gf78(0.51)']
2026-02-07 03:23:42,715 - INFO - tesseract alt4 结果: 6f78
2026-02-07 03:23:42,793 - INFO - easyocr alt5 结果: ['Gf78(0.72)']
2026-02-07 03:23:42,873 - INFO - tesseract alt5 结果: 6f78
2026-02-07 03:23:42,874 - INFO - 最终验证码识别结果: Gf78 (engine=easyocr_alt1, prob=0.9390720725059509)
2026-02-07 03:23:42,874 - INFO - 查找验证码输入框...
2026-02-07 03:23:42,930 - INFO - 验证码填写完成
2026-02-07 03:23:42,930 - INFO - 验证码填写完成，点击登录按钮...
2026-02-07 03:23:42,931 - INFO - 查找并点击登录按钮...
2026-02-07 03:23:42,984 - INFO - 已点击登录按钮
2026-02-07 03:23:50,008 - INFO - 开始填写登录表单...
2026-02-07 03:23:50,073 - INFO - 用户名填写完成
2026-02-07 03:23:50,150 - INFO - 密码填写完成
2026-02-07 03:23:50,151 - INFO - 验证码图片已保存到 /home/runner/work/nju_electric_monitor/nju_electric_monitor/src/../data/captcha_debug.png
2026-02-07 03:23:50,151 - INFO - 验证码识别尝试 22/30
2026-02-07 03:23:50,151 - INFO - 开始识别验证码...（easyocr + pytesseract）
2026-02-07 03:23:50,250 - INFO - easyocr 结果: ['Gf78(0.44)']
2026-02-07 03:23:50,331 - INFO - tesseract 结果: 6f78
2026-02-07 03:23:50,390 - INFO - easyocr alt1 结果: ['Gf78(0.94)']
2026-02-07 03:23:50,469 - INFO - tesseract alt1 结果: 6f7B
2026-02-07 03:23:50,534 - INFO - easyocr alt2 结果: ['Gf78(0.93)']
2026-02-07 03:23:50,614 - INFO - tesseract alt2 结果: 6f7B
2026-02-07 03:23:50,765 - INFO - easyocr alt3 结果: ['Gf78(0.51)']
2026-02-07 03:23:50,862 - INFO - tesseract alt3 结果: 6f78
2026-02-07 03:23:50,932 - INFO - easyocr alt4 结果: ['Gf78(0.51)']
2026-02-07 03:23:51,012 - INFO - tesseract alt4 结果: 6f78
2026-02-07 03:23:51,084 - INFO - easyocr alt5 结果: ['Gf78(0.72)']
2026-02-07 03:23:51,164 - INFO - tesseract alt5 结果: 6f78
2026-02-07 03:23:51,164 - INFO - 最终验证码识别结果: Gf78 (engine=easyocr_alt1, prob=0.9390720725059509)
2026-02-07 03:23:51,164 - INFO - 查找验证码输入框...
2026-02-07 03:23:51,218 - INFO - 验证码填写完成
2026-02-07 03:23:51,218 - INFO - 验证码填写完成，点击登录按钮...
2026-02-07 03:23:51,218 - INFO - 查找并点击登录按钮...
2026-02-07 03:23:51,558 - INFO - 已点击登录按钮
2026-02-07 03:23:58,578 - INFO - 开始填写登录表单...
2026-02-07 03:23:58,635 - INFO - 用户名填写完成
2026-02-07 03:23:58,687 - INFO - 密码填写完成
2026-02-07 03:23:58,688 - INFO - 验证码图片已保存到 /home/runner/work/nju_electric_monitor/nju_electric_monitor/src/../data/captcha_debug.png
2026-02-07 03:23:58,688 - INFO - 验证码识别尝试 23/30
2026-02-07 03:23:58,688 - INFO - 开始识别验证码...（easyocr + pytesseract）
2026-02-07 03:23:58,779 - INFO - easyocr 结果: ['Gf78(0.44)']
2026-02-07 03:23:58,860 - INFO - tesseract 结果: 6f78
2026-02-07 03:23:58,920 - INFO - easyocr alt1 结果: ['Gf78(0.94)']
2026-02-07 03:23:58,999 - INFO - tesseract alt1 结果: 6f7B
2026-02-07 03:23:59,056 - INFO - easyocr alt2 结果: ['Gf78(0.93)']
2026-02-07 03:23:59,134 - INFO - tesseract alt2 结果: 6f7B
2026-02-07 03:23:59,268 - INFO - easyocr alt3 结果: ['Gf78(0.51)']
2026-02-07 03:23:59,359 - INFO - tesseract alt3 结果: 6f78
2026-02-07 03:23:59,417 - INFO - easyocr alt4 结果: ['Gf78(0.51)']
2026-02-07 03:23:59,499 - INFO - tesseract alt4 结果: 6f78
2026-02-07 03:23:59,557 - INFO - easyocr alt5 结果: ['Gf78(0.72)']
2026-02-07 03:23:59,639 - INFO - tesseract alt5 结果: 6f78
2026-02-07 03:23:59,639 - INFO - 最终验证码识别结果: Gf78 (engine=easyocr_alt1, prob=0.9390720725059509)
2026-02-07 03:23:59,639 - INFO - 查找验证码输入框...
2026-02-07 03:23:59,691 - INFO - 验证码填写完成
2026-02-07 03:23:59,691 - INFO - 验证码填写完成，点击登录按钮...
2026-02-07 03:23:59,691 - INFO - 查找并点击登录按钮...
2026-02-07 03:23:59,742 - INFO - 已点击登录按钮
2026-02-07 03:24:06,761 - INFO - 开始填写登录表单...
2026-02-07 03:24:06,817 - INFO - 用户名填写完成
2026-02-07 03:24:06,870 - INFO - 密码填写完成
2026-02-07 03:24:06,871 - INFO - 验证码图片已保存到 /home/runner/work/nju_electric_monitor/nju_electric_monitor/src/../data/captcha_debug.png
2026-02-07 03:24:06,871 - INFO - 验证码识别尝试 24/30
2026-02-07 03:24:06,871 - INFO - 开始识别验证码...（easyocr + pytesseract）
2026-02-07 03:24:06,962 - INFO - easyocr 结果: ['Gf78(0.44)']
2026-02-07 03:24:07,046 - INFO - tesseract 结果: 6f78
2026-02-07 03:24:07,108 - INFO - easyocr alt1 结果: ['Gf78(0.94)']
2026-02-07 03:24:07,190 - INFO - tesseract alt1 结果: 6f7B
2026-02-07 03:24:07,251 - INFO - easyocr alt2 结果: ['Gf78(0.93)']
2026-02-07 03:24:07,328 - INFO - tesseract alt2 结果: 6f7B
2026-02-07 03:24:07,468 - INFO - easyocr alt3 结果: ['Gf78(0.51)']
2026-02-07 03:24:07,561 - INFO - tesseract alt3 结果: 6f78
2026-02-07 03:24:07,620 - INFO - easyocr alt4 结果: ['Gf78(0.51)']
2026-02-07 03:24:07,700 - INFO - tesseract alt4 结果: 6f78
2026-02-07 03:24:07,762 - INFO - easyocr alt5 结果: ['Gf78(0.72)']
2026-02-07 03:24:07,842 - INFO - tesseract alt5 结果: 6f78
2026-02-07 03:24:07,842 - INFO - 最终验证码识别结果: Gf78 (engine=easyocr_alt1, prob=0.9390720725059509)
2026-02-07 03:24:07,842 - INFO - 查找验证码输入框...
2026-02-07 03:24:07,897 - INFO - 验证码填写完成
2026-02-07 03:24:07,897 - INFO - 验证码填写完成，点击登录按钮...
2026-02-07 03:24:07,897 - INFO - 查找并点击登录按钮...
2026-02-07 03:24:07,950 - INFO - 已点击登录按钮
2026-02-07 03:24:14,970 - INFO - 开始填写登录表单...
2026-02-07 03:24:15,028 - INFO - 用户名填写完成
2026-02-07 03:24:15,083 - INFO - 密码填写完成
2026-02-07 03:24:15,083 - INFO - 验证码图片已保存到 /home/runner/work/nju_electric_monitor/nju_electric_monitor/src/../data/captcha_debug.png
2026-02-07 03:24:15,083 - INFO - 验证码识别尝试 25/30
2026-02-07 03:24:15,083 - INFO - 开始识别验证码...（easyocr + pytesseract）
2026-02-07 03:24:15,171 - INFO - easyocr 结果: ['Gf78(0.44)']
2026-02-07 03:24:15,250 - INFO - tesseract 结果: 6f78
2026-02-07 03:24:15,310 - INFO - easyocr alt1 结果: ['Gf78(0.94)']
2026-02-07 03:24:15,391 - INFO - tesseract alt1 结果: 6f7B
2026-02-07 03:24:15,450 - INFO - easyocr alt2 结果: ['Gf78(0.93)']
2026-02-07 03:24:15,529 - INFO - tesseract alt2 结果: 6f7B
2026-02-07 03:24:15,664 - INFO - easyocr alt3 结果: ['Gf78(0.51)']
2026-02-07 03:24:15,756 - INFO - tesseract alt3 结果: 6f78
2026-02-07 03:24:15,815 - INFO - easyocr alt4 结果: ['Gf78(0.51)']
2026-02-07 03:24:15,894 - INFO - tesseract alt4 结果: 6f78
2026-02-07 03:24:15,954 - INFO - easyocr alt5 结果: ['Gf78(0.72)']
2026-02-07 03:24:16,031 - INFO - tesseract alt5 结果: 6f78
2026-02-07 03:24:16,031 - INFO - 最终验证码识别结果: Gf78 (engine=easyocr_alt1, prob=0.9390720725059509)
2026-02-07 03:24:16,031 - INFO - 查找验证码输入框...
2026-02-07 03:24:16,083 - INFO - 验证码填写完成
2026-02-07 03:24:16,083 - INFO - 验证码填写完成，点击登录按钮...
2026-02-07 03:24:16,083 - INFO - 查找并点击登录按钮...
2026-02-07 03:24:16,134 - INFO - 已点击登录按钮
2026-02-07 03:24:23,154 - INFO - 开始填写登录表单...
2026-02-07 03:24:23,209 - INFO - 用户名填写完成
2026-02-07 03:24:23,263 - INFO - 密码填写完成
2026-02-07 03:24:23,264 - INFO - 验证码图片已保存到 /home/runner/work/nju_electric_monitor/nju_electric_monitor/src/../data/captcha_debug.png
2026-02-07 03:24:23,264 - INFO - 验证码识别尝试 26/30
2026-02-07 03:24:23,264 - INFO - 开始识别验证码...（easyocr + pytesseract）
2026-02-07 03:24:23,353 - INFO - easyocr 结果: ['Gf78(0.44)']
2026-02-07 03:24:23,432 - INFO - tesseract 结果: 6f78
2026-02-07 03:24:23,491 - INFO - easyocr alt1 结果: ['Gf78(0.94)']
2026-02-07 03:24:23,568 - INFO - tesseract alt1 结果: 6f7B
2026-02-07 03:24:23,626 - INFO - easyocr alt2 结果: ['Gf78(0.93)']
2026-02-07 03:24:23,705 - INFO - tesseract alt2 结果: 6f7B
2026-02-07 03:24:23,846 - INFO - easyocr alt3 结果: ['Gf78(0.51)']
2026-02-07 03:24:23,937 - INFO - tesseract alt3 结果: 6f78
2026-02-07 03:24:23,994 - INFO - easyocr alt4 结果: ['Gf78(0.51)']
2026-02-07 03:24:24,072 - INFO - tesseract alt4 结果: 6f78
2026-02-07 03:24:24,130 - INFO - easyocr alt5 结果: ['Gf78(0.72)']
2026-02-07 03:24:24,209 - INFO - tesseract alt5 结果: 6f78
2026-02-07 03:24:24,209 - INFO - 最终验证码识别结果: Gf78 (engine=easyocr_alt1, prob=0.9390720725059509)
2026-02-07 03:24:24,209 - INFO - 查找验证码输入框...
2026-02-07 03:24:24,261 - INFO - 验证码填写完成
2026-02-07 03:24:24,261 - INFO - 验证码填写完成，点击登录按钮...
2026-02-07 03:24:24,261 - INFO - 查找并点击登录按钮...
2026-02-07 03:24:24,312 - INFO - 已点击登录按钮
2026-02-07 03:24:31,332 - INFO - 开始填写登录表单...
2026-02-07 03:24:31,390 - INFO - 用户名填写完成
2026-02-07 03:24:31,442 - INFO - 密码填写完成
2026-02-07 03:24:31,443 - INFO - 验证码图片已保存到 /home/runner/work/nju_electric_monitor/nju_electric_monitor/src/../data/captcha_debug.png
2026-02-07 03:24:31,443 - INFO - 验证码识别尝试 27/30
2026-02-07 03:24:31,443 - INFO - 开始识别验证码...（easyocr + pytesseract）
2026-02-07 03:24:31,528 - INFO - easyocr 结果: ['Gf78(0.44)']
2026-02-07 03:24:31,607 - INFO - tesseract 结果: 6f78
2026-02-07 03:24:31,666 - INFO - easyocr alt1 结果: ['Gf78(0.94)']
2026-02-07 03:24:31,743 - INFO - tesseract alt1 结果: 6f7B
2026-02-07 03:24:31,800 - INFO - easyocr alt2 结果: ['Gf78(0.93)']
2026-02-07 03:24:31,878 - INFO - tesseract alt2 结果: 6f7B
2026-02-07 03:24:32,014 - INFO - easyocr alt3 结果: ['Gf78(0.51)']
2026-02-07 03:24:32,106 - INFO - tesseract alt3 结果: 6f78
2026-02-07 03:24:32,163 - INFO - easyocr alt4 结果: ['Gf78(0.51)']
2026-02-07 03:24:32,243 - INFO - tesseract alt4 结果: 6f78
2026-02-07 03:24:32,301 - INFO - easyocr alt5 结果: ['Gf78(0.72)']
2026-02-07 03:24:32,382 - INFO - tesseract alt5 结果: 6f78
2026-02-07 03:24:32,382 - INFO - 最终验证码识别结果: Gf78 (engine=easyocr_alt1, prob=0.9390720725059509)
2026-02-07 03:24:32,382 - INFO - 查找验证码输入框...
2026-02-07 03:24:32,434 - INFO - 验证码填写完成
2026-02-07 03:24:32,435 - INFO - 验证码填写完成，点击登录按钮...
2026-02-07 03:24:32,435 - INFO - 查找并点击登录按钮...
2026-02-07 03:24:32,768 - INFO - 已点击登录按钮
2026-02-07 03:24:39,787 - INFO - 开始填写登录表单...
2026-02-07 03:24:39,844 - INFO - 用户名填写完成
2026-02-07 03:24:39,899 - INFO - 密码填写完成
2026-02-07 03:24:39,900 - INFO - 验证码图片已保存到 /home/runner/work/nju_electric_monitor/nju_electric_monitor/src/../data/captcha_debug.png
2026-02-07 03:24:39,900 - INFO - 验证码识别尝试 28/30
2026-02-07 03:24:39,900 - INFO - 开始识别验证码...（easyocr + pytesseract）
2026-02-07 03:24:39,996 - INFO - easyocr 结果: ['Gf78(0.44)']
2026-02-07 03:24:40,080 - INFO - tesseract 结果: 6f78
2026-02-07 03:24:40,144 - INFO - easyocr alt1 结果: ['Gf78(0.94)']
2026-02-07 03:24:40,226 - INFO - tesseract alt1 结果: 6f7B
2026-02-07 03:24:40,297 - INFO - easyocr alt2 结果: ['Gf78(0.93)']
2026-02-07 03:24:40,379 - INFO - tesseract alt2 结果: 6f7B
2026-02-07 03:24:40,523 - INFO - easyocr alt3 结果: ['Gf78(0.51)']
2026-02-07 03:24:40,620 - INFO - tesseract alt3 结果: 6f78
2026-02-07 03:24:40,686 - INFO - easyocr alt4 结果: ['Gf78(0.51)']
2026-02-07 03:24:40,767 - INFO - tesseract alt4 结果: 6f78
2026-02-07 03:24:40,827 - INFO - easyocr alt5 结果: ['Gf78(0.72)']
2026-02-07 03:24:40,908 - INFO - tesseract alt5 结果: 6f78
2026-02-07 03:24:40,908 - INFO - 最终验证码识别结果: Gf78 (engine=easyocr_alt1, prob=0.9390720725059509)
2026-02-07 03:24:40,908 - INFO - 查找验证码输入框...
2026-02-07 03:24:40,961 - INFO - 验证码填写完成
2026-02-07 03:24:40,961 - INFO - 验证码填写完成，点击登录按钮...
2026-02-07 03:24:40,961 - INFO - 查找并点击登录按钮...
2026-02-07 03:24:41,014 - INFO - 已点击登录按钮
2026-02-07 03:24:48,033 - INFO - 开始填写登录表单...
2026-02-07 03:24:48,090 - INFO - 用户名填写完成
2026-02-07 03:24:48,143 - INFO - 密码填写完成
2026-02-07 03:24:48,144 - INFO - 验证码图片已保存到 /home/runner/work/nju_electric_monitor/nju_electric_monitor/src/../data/captcha_debug.png
2026-02-07 03:24:48,144 - INFO - 验证码识别尝试 29/30
2026-02-07 03:24:48,144 - INFO - 开始识别验证码...（easyocr + pytesseract）
2026-02-07 03:24:48,233 - INFO - easyocr 结果: ['Gf78(0.44)']
2026-02-07 03:24:48,313 - INFO - tesseract 结果: 6f78
2026-02-07 03:24:48,375 - INFO - easyocr alt1 结果: ['Gf78(0.94)']
2026-02-07 03:24:48,457 - INFO - tesseract alt1 结果: 6f7B
2026-02-07 03:24:48,516 - INFO - easyocr alt2 结果: ['Gf78(0.93)']
2026-02-07 03:24:48,596 - INFO - tesseract alt2 结果: 6f7B
2026-02-07 03:24:48,734 - INFO - easyocr alt3 结果: ['Gf78(0.51)']
2026-02-07 03:24:48,827 - INFO - tesseract alt3 结果: 6f78
2026-02-07 03:24:48,885 - INFO - easyocr alt4 结果: ['Gf78(0.51)']
2026-02-07 03:24:48,967 - INFO - tesseract alt4 结果: 6f78
2026-02-07 03:24:49,028 - INFO - easyocr alt5 结果: ['Gf78(0.72)']
2026-02-07 03:24:49,110 - INFO - tesseract alt5 结果: 6f78
2026-02-07 03:24:49,110 - INFO - 最终验证码识别结果: Gf78 (engine=easyocr_alt1, prob=0.9390720725059509)
2026-02-07 03:24:49,110 - INFO - 查找验证码输入框...
2026-02-07 03:24:49,161 - INFO - 验证码填写完成
2026-02-07 03:24:49,161 - INFO - 验证码填写完成，点击登录按钮...
2026-02-07 03:24:49,161 - INFO - 查找并点击登录按钮...
2026-02-07 03:24:49,218 - INFO - 已点击登录按钮
2026-02-07 03:24:56,239 - INFO - 开始填写登录表单...
2026-02-07 03:24:56,297 - INFO - 用户名填写完成
2026-02-07 03:24:56,354 - INFO - 密码填写完成
2026-02-07 03:24:56,354 - INFO - 验证码图片已保存到 /home/runner/work/nju_electric_monitor/nju_electric_monitor/src/../data/captcha_debug.png
2026-02-07 03:24:56,355 - INFO - 验证码识别尝试 30/30
2026-02-07 03:24:56,355 - INFO - 开始识别验证码...（easyocr + pytesseract）
2026-02-07 03:24:56,471 - INFO - easyocr 结果: ['Gf78(0.44)']
2026-02-07 03:24:56,557 - INFO - tesseract 结果: 6f78
2026-02-07 03:24:56,620 - INFO - easyocr alt1 结果: ['Gf78(0.94)']
2026-02-07 03:24:56,701 - INFO - tesseract alt1 结果: 6f7B
2026-02-07 03:24:56,773 - INFO - easyocr alt2 结果: ['Gf78(0.93)']
2026-02-07 03:24:56,851 - INFO - tesseract alt2 结果: 6f7B
2026-02-07 03:24:56,993 - INFO - easyocr alt3 结果: ['Gf78(0.51)']
2026-02-07 03:24:57,090 - INFO - tesseract alt3 结果: 6f78
2026-02-07 03:24:57,159 - INFO - easyocr alt4 结果: ['Gf78(0.51)']
2026-02-07 03:24:57,240 - INFO - tesseract alt4 结果: 6f78
2026-02-07 03:24:57,302 - INFO - easyocr alt5 结果: ['Gf78(0.72)']
2026-02-07 03:24:57,386 - INFO - tesseract alt5 结果: 6f78
2026-02-07 03:24:57,386 - INFO - 最终验证码识别结果: Gf78 (engine=easyocr_alt1, prob=0.9390720725059509)
2026-02-07 03:24:57,386 - INFO - 查找验证码输入框...
2026-02-07 03:24:57,441 - INFO - 验证码填写完成
2026-02-07 03:24:57,442 - INFO - 验证码填写完成，点击登录按钮...
2026-02-07 03:24:57,442 - INFO - 查找并点击登录按钮...
2026-02-07 03:24:57,500 - INFO - 已点击登录按钮
2026-02-07 03:25:04,520 - WARNING - 自动验证码识别失败，请手动输入
2026-02-07 03:25:04,520 - ERROR - 处理验证码时出错: EOF when reading a line
2026-02-07 03:25:04,520 - WARNING - 验证码处理失败，但继续尝试登录
2026-02-07 03:25:04,521 - INFO - 查找并点击登录按钮...
2026-02-07 03:25:04,575 - INFO - 已点击登录按钮
2026-02-07 03:25:09,575 - INFO - 等待登录成功...
2026-02-07 03:25:14,580 - INFO - 登录可能成功，继续下一步...
2026-02-07 03:25:14,580 - INFO - 查找'去充值'按钮...
2026-02-07 03:25:14,639 - INFO - 已点击充值按钮
2026-02-07 03:25:17,639 - INFO - 开始提取剩余电量信息...
2026-02-07 03:25:17,644 - INFO - 页面源码已保存到 /home/runner/work/nju_electric_monitor/nju_electric_monitor/src/../data/debug_page_source.html
2026-02-07 03:25:17,653 - WARNING - 未找到电量信息元素，尝试其他方法...
2026-02-07 03:25:17,661 - WARNING - 未找到i标签中的电量信息，尝试其他方法...
2026-02-07 03:25:17,664 - INFO - 在页面源码中查找电量信息...
2026-02-07 03:25:17,675 - WARNING - 未能提取到剩余电量信息
2026-02-07 03:25:17,675 - WARNING - 没有电量数据可保存
2026-02-07 03:25:17,675 - INFO - 监控流程完成
