2025-12-30 02:54:12,470 - INFO - Matplotlib 字体设置：使用回退字体列表，首选可用字体: Noto Sans CJK JP
2025-12-30 02:54:14,516 - INFO - 使用 ChromeDriver: /usr/bin/chromedriver
2025-12-30 02:54:14,516 - WARNING - Using CPU. Note: This module is much faster with a GPU.
2025-12-30 02:54:16,146 - INFO - OCR识别器初始化成功
2025-12-30 02:54:16,146 - INFO - 开始南京大学电费监控流程（自动无头模式）
2025-12-30 02:54:16,146 - INFO - 正在打开页面: https://epay.nju.edu.cn/epay/h5/nju/electric/index
2025-12-30 02:54:25,590 - INFO - 等待登录表单加载...
2025-12-30 02:54:25,600 - INFO - 登录表单已加载
2025-12-30 02:54:25,600 - INFO - 开始填写登录表单...
2025-12-30 02:54:25,661 - INFO - 用户名填写完成
2025-12-30 02:54:25,728 - INFO - 密码填写完成
2025-12-30 02:54:25,728 - INFO - 检查是否有验证码...
2025-12-30 02:54:25,728 - INFO - 查找验证码图片...
2025-12-30 02:54:25,747 - INFO - 找到验证码图片，开始截图...
2025-12-30 02:54:25,789 - INFO - 验证码图片截取成功
2025-12-30 02:54:25,789 - INFO - 开始填写登录表单...
2025-12-30 02:54:25,852 - INFO - 用户名填写完成
2025-12-30 02:54:25,911 - INFO - 密码填写完成
2025-12-30 02:54:25,912 - INFO - 验证码图片已保存到 /home/runner/work/nju_electric_monitor/nju_electric_monitor/src/../data/captcha_debug.png
2025-12-30 02:54:25,912 - INFO - 验证码识别尝试 1/30
2025-12-30 02:54:25,912 - INFO - 开始识别验证码...（easyocr + pytesseract）
2025-12-30 02:54:26,045 - INFO - easyocr 结果: ['nbN2(0.84)']
2025-12-30 02:54:26,214 - INFO - tesseract 结果: nbN2
2025-12-30 02:54:26,295 - INFO - easyocr alt1 结果: ['nbN2(0.40)']
2025-12-30 02:54:26,393 - INFO - tesseract alt1 结果: nbon2
2025-12-30 02:54:26,455 - INFO - easyocr alt2 结果: ['nhN2(0.39)']
2025-12-30 02:54:26,552 - INFO - tesseract alt2 结果: nboNn2
2025-12-30 02:54:26,712 - INFO - easyocr alt3 结果: ['nbN2(0.18)']
2025-12-30 02:54:26,820 - INFO - tesseract alt3 结果: hbN2
2025-12-30 02:54:26,890 - INFO - easyocr alt4 结果: ['nhN2(0.59)']
2025-12-30 02:54:26,988 - INFO - tesseract alt4 结果: noN2
2025-12-30 02:54:27,047 - INFO - easyocr alt5 结果: ['nhp2(0.12)']
2025-12-30 02:54:27,146 - INFO - tesseract alt5 结果: neN2
2025-12-30 02:54:27,146 - INFO - 最终验证码识别结果: nbN2 (engine=easyocr, prob=0.8432487845420837)
2025-12-30 02:54:27,146 - INFO - 查找验证码输入框...
2025-12-30 02:54:27,205 - INFO - 验证码填写完成
2025-12-30 02:54:27,205 - INFO - 验证码填写完成，点击登录按钮...
2025-12-30 02:54:27,206 - INFO - 查找并点击登录按钮...
2025-12-30 02:54:31,227 - INFO - 已点击登录按钮
2025-12-30 02:54:38,238 - INFO - 未检测到无效验证码提示，验证码通过
2025-12-30 02:54:38,238 - INFO - 查找并点击登录按钮...
2025-12-30 02:54:38,243 - ERROR - 未找到登录按钮
2025-12-30 02:54:38,243 - ERROR - 点击登录按钮失败
2025-12-30 02:54:38,243 - INFO - 等待登录成功...
2025-12-30 02:54:43,247 - INFO - 登录可能成功，继续下一步...
2025-12-30 02:54:43,248 - INFO - 查找'去充值'按钮...
2025-12-30 02:54:45,042 - INFO - 已点击充值按钮
2025-12-30 02:54:48,042 - INFO - 开始提取剩余电量信息...
2025-12-30 02:54:48,046 - INFO - 页面源码已保存到 /home/runner/work/nju_electric_monitor/nju_electric_monitor/src/../data/debug_page_source.html
2025-12-30 02:54:48,064 - INFO - 找到电量信息元素: 持卡人姓名：***
2025-12-30 02:54:48,064 - WARNING - 未在元素中找到标准格式的电量信息
2025-12-30 02:54:48,076 - INFO - 找到i标签中的电量信息: 吴相民
2025-12-30 02:54:48,077 - WARNING - i标签中未找到标准格式的电量信息
2025-12-30 02:54:48,077 - WARNING - 未找到i标签中的电量信息
2025-12-30 02:54:48,079 - INFO - 在页面源码中查找电量信息...
2025-12-30 02:54:48,080 - INFO - 从页面源码中提取到剩余电量: 204.2 度
2025-12-30 02:54:48,105 - INFO - 数据已保存: 204.2 度
2025-12-30 02:54:48,430 - INFO - 电量变化曲线图已保存到: /home/runner/work/nju_electric_monitor/nju_electric_monitor/src/../data/electricity_trend.png
2025-12-30 02:54:48,699 - INFO - 最近20次电量变化曲线图已保存到: /home/runner/work/nju_electric_monitor/nju_electric_monitor/src/../data/recent_20_changes.png
2025-12-30 02:54:48,699 - INFO - 监控流程完成
