2025-11-29 21:03:01,295 - INFO - 使用本地ChromeDriver: D:\Documents\Github\nju_electric_monitor\src\..\chromedriver-win64\chromedriver.exe
2025-11-29 21:03:01,295 - WARNING - Using CPU. Note: This module is much faster with a GPU.
2025-11-29 21:03:02,712 - INFO - OCR识别器初始化成功
2025-11-29 21:03:02,712 - INFO - 开始南京大学电费监控流程（自动无头模式）
2025-11-29 21:03:02,727 - INFO - 已获取登录凭据
2025-11-29 21:03:02,727 - INFO - 正在打开页面: https://epay.nju.edu.cn/epay/h5/nju/electric/index
2025-11-29 21:03:06,140 - INFO - 等待登录表单加载...
2025-11-29 21:03:06,154 - INFO - 登录表单已加载
2025-11-29 21:03:06,154 - INFO - 开始填写登录表单...
2025-11-29 21:03:06,233 - INFO - 用户名填写完成
2025-11-29 21:03:06,268 - INFO - 密码填写完成
2025-11-29 21:03:06,268 - INFO - 检查是否有验证码...
2025-11-29 21:03:06,274 - INFO - 查找验证码图片...
2025-11-29 21:03:06,286 - INFO - 找到验证码图片，开始截图...
2025-11-29 21:03:06,340 - INFO - 验证码图片截取成功
2025-11-29 21:03:06,340 - INFO - 开始填写登录表单...
2025-11-29 21:03:06,376 - INFO - 用户名填写完成
2025-11-29 21:03:06,408 - INFO - 密码填写完成
2025-11-29 21:03:06,411 - INFO - 验证码图片已保存到 D:\Documents\Github\nju_electric_monitor\src\..\data\captcha_debug.png
2025-11-29 21:03:06,411 - INFO - 验证码识别尝试 1/12
2025-11-29 21:03:06,411 - INFO - 开始识别验证码...
2025-11-29 21:03:06,621 - INFO - 验证码识别结果: cK5K
2025-11-29 21:03:06,621 - INFO - 查找验证码输入框...
2025-11-29 21:03:06,663 - INFO - 验证码填写完成
2025-11-29 21:03:06,663 - INFO - 验证码填写完成，点击登录按钮...
2025-11-29 21:03:06,664 - INFO - 查找并点击登录按钮...
2025-11-29 21:03:06,711 - INFO - 已点击登录按钮
2025-11-29 21:03:13,719 - INFO - 未检测到无效验证码提示，验证码通过
2025-11-29 21:03:13,719 - INFO - 查找并点击登录按钮...
2025-11-29 21:03:13,732 - ERROR - 未找到登录按钮
2025-11-29 21:03:13,733 - ERROR - 点击登录按钮失败
2025-11-29 21:03:13,733 - INFO - 等待登录成功...
2025-11-29 21:03:18,735 - INFO - 登录可能成功，继续下一步...
2025-11-29 21:03:18,735 - INFO - 查找'去充值'按钮...
2025-11-29 21:03:19,354 - INFO - 已点击充值按钮
2025-11-29 21:03:22,355 - INFO - 开始提取剩余电量信息...
2025-11-29 21:03:22,359 - INFO - 页面源码已保存到 D:\Documents\Github\nju_electric_monitor\src\..\data\debug_page_source.html
2025-11-29 21:03:22,416 - INFO - 找到电量信息元素: 持卡人姓名：***
2025-11-29 21:03:22,416 - WARNING - 未在元素中找到标准格式的电量信息
2025-11-29 21:03:22,424 - INFO - 找到i标签中的电量信息: 吴相民
2025-11-29 21:03:22,424 - WARNING - i标签中未找到标准格式的电量信息
2025-11-29 21:03:22,425 - WARNING - 未找到i标签中的电量信息
2025-11-29 21:03:22,426 - INFO - 在页面源码中查找电量信息...
2025-11-29 21:03:22,427 - INFO - 从页面源码中提取到剩余电量: 371.54 度
2025-11-29 21:03:22,429 - INFO - 数据已保存: 371.54 度
2025-11-29 21:03:22,813 - INFO - 电量变化曲线图已保存到: D:\Documents\Github\nju_electric_monitor\src\..\data\electricity_trend.png
2025-11-29 21:03:23,049 - INFO - 最近20次电量变化曲线图已保存到: D:\Documents\Github\nju_electric_monitor\src\..\data\recent_20_changes.png
2025-11-29 21:03:23,049 - INFO - 监控流程完成
