2026-01-03 07:15:24,282 - INFO - Matplotlib 字体设置：使用回退字体列表，首选可用字体: Noto Sans CJK JP
2026-01-03 07:15:26,279 - INFO - 使用 ChromeDriver: /usr/bin/chromedriver
2026-01-03 07:15:26,280 - WARNING - Using CPU. Note: This module is much faster with a GPU.
2026-01-03 07:15:27,904 - INFO - OCR识别器初始化成功
2026-01-03 07:15:27,904 - INFO - 开始南京大学电费监控流程（自动无头模式）
2026-01-03 07:15:27,904 - INFO - 正在打开页面: https://epay.nju.edu.cn/epay/h5/nju/electric/index
2026-01-03 07:15:37,328 - INFO - 等待登录表单加载...
2026-01-03 07:15:37,349 - INFO - 登录表单已加载
2026-01-03 07:15:37,350 - INFO - 开始填写登录表单...
2026-01-03 07:15:37,418 - INFO - 用户名填写完成
2026-01-03 07:15:37,486 - INFO - 密码填写完成
2026-01-03 07:15:37,486 - INFO - 检查是否有验证码...
2026-01-03 07:15:37,486 - INFO - 查找验证码图片...
2026-01-03 07:15:37,505 - INFO - 找到验证码图片，开始截图...
2026-01-03 07:15:37,552 - INFO - 验证码图片截取成功
2026-01-03 07:15:37,552 - INFO - 开始填写登录表单...
2026-01-03 07:15:37,618 - INFO - 用户名填写完成
2026-01-03 07:15:37,681 - INFO - 密码填写完成
2026-01-03 07:15:37,682 - INFO - 验证码图片已保存到 /home/runner/work/nju_electric_monitor/nju_electric_monitor/src/../data/captcha_debug.png
2026-01-03 07:15:37,682 - INFO - 验证码识别尝试 1/30
2026-01-03 07:15:37,682 - INFO - 开始识别验证码...（easyocr + pytesseract）
2026-01-03 07:15:37,813 - INFO - easyocr 结果: ['anbB(0.59)']
2026-01-03 07:15:38,011 - INFO - tesseract 结果: anbB
2026-01-03 07:15:38,076 - INFO - easyocr alt1 结果: ['anb8(0.70)']
2026-01-03 07:15:38,176 - INFO - tesseract alt1 结果: anbB
2026-01-03 07:15:38,237 - INFO - easyocr alt2 结果: ['anb8(0.72)']
2026-01-03 07:15:38,331 - INFO - tesseract alt2 结果: anbB
2026-01-03 07:15:38,518 - INFO - easyocr alt3 结果: ['anb8(0.60)']
2026-01-03 07:15:38,625 - INFO - tesseract alt3 结果: anbB
2026-01-03 07:15:38,684 - INFO - easyocr alt4 结果: ['anbB(0.71)']
2026-01-03 07:15:38,777 - INFO - tesseract alt4 结果: anbB
2026-01-03 07:15:38,837 - INFO - easyocr alt5 结果: ['anb8(0.23)']
2026-01-03 07:15:38,930 - INFO - tesseract alt5 结果: anbB
2026-01-03 07:15:38,930 - INFO - 最终验证码识别结果: anb8 (engine=easyocr_alt2, prob=0.7171865701675415)
2026-01-03 07:15:38,930 - INFO - 查找验证码输入框...
2026-01-03 07:15:38,991 - INFO - 验证码填写完成
2026-01-03 07:15:38,991 - INFO - 验证码填写完成，点击登录按钮...
2026-01-03 07:15:38,991 - INFO - 查找并点击登录按钮...
2026-01-03 07:15:39,382 - INFO - 已点击登录按钮
2026-01-03 07:15:46,411 - INFO - 开始填写登录表单...
2026-01-03 07:15:46,475 - INFO - 用户名填写完成
2026-01-03 07:15:46,543 - INFO - 密码填写完成
2026-01-03 07:15:46,544 - INFO - 验证码图片已保存到 /home/runner/work/nju_electric_monitor/nju_electric_monitor/src/../data/captcha_debug.png
2026-01-03 07:15:46,544 - INFO - 验证码识别尝试 2/30
2026-01-03 07:15:46,544 - INFO - 开始识别验证码...（easyocr + pytesseract）
2026-01-03 07:15:46,672 - INFO - easyocr 结果: ['anbB(0.59)']
2026-01-03 07:15:46,769 - INFO - tesseract 结果: anbB
2026-01-03 07:15:46,830 - INFO - easyocr alt1 结果: ['anb8(0.70)']
2026-01-03 07:15:46,926 - INFO - tesseract alt1 结果: anbB
2026-01-03 07:15:46,986 - INFO - easyocr alt2 结果: ['anb8(0.72)']
2026-01-03 07:15:47,083 - INFO - tesseract alt2 结果: anbB
2026-01-03 07:15:47,241 - INFO - easyocr alt3 结果: ['anb8(0.60)']
2026-01-03 07:15:47,349 - INFO - tesseract alt3 结果: anbB
2026-01-03 07:15:47,408 - INFO - easyocr alt4 结果: ['anbB(0.71)']
2026-01-03 07:15:47,509 - INFO - tesseract alt4 结果: anbB
2026-01-03 07:15:47,569 - INFO - easyocr alt5 结果: ['anb8(0.23)']
2026-01-03 07:15:47,663 - INFO - tesseract alt5 结果: anbB
2026-01-03 07:15:47,663 - INFO - 最终验证码识别结果: anb8 (engine=easyocr_alt2, prob=0.7171865701675415)
2026-01-03 07:15:47,663 - INFO - 查找验证码输入框...
2026-01-03 07:15:47,717 - INFO - 验证码填写完成
2026-01-03 07:15:47,717 - INFO - 验证码填写完成，点击登录按钮...
2026-01-03 07:15:47,717 - INFO - 查找并点击登录按钮...
2026-01-03 07:15:47,772 - INFO - 已点击登录按钮
2026-01-03 07:15:54,792 - INFO - 开始填写登录表单...
2026-01-03 07:15:54,853 - INFO - 用户名填写完成
2026-01-03 07:15:54,910 - INFO - 密码填写完成
2026-01-03 07:15:54,911 - INFO - 验证码图片已保存到 /home/runner/work/nju_electric_monitor/nju_electric_monitor/src/../data/captcha_debug.png
2026-01-03 07:15:54,911 - INFO - 验证码识别尝试 3/30
2026-01-03 07:15:54,911 - INFO - 开始识别验证码...（easyocr + pytesseract）
2026-01-03 07:15:55,013 - INFO - easyocr 结果: ['anbB(0.59)']
2026-01-03 07:15:55,108 - INFO - tesseract 结果: anbB
2026-01-03 07:15:55,195 - INFO - easyocr alt1 结果: ['anb8(0.70)']
2026-01-03 07:15:55,289 - INFO - tesseract alt1 结果: anbB
2026-01-03 07:15:55,351 - INFO - easyocr alt2 结果: ['anb8(0.72)']
2026-01-03 07:15:55,449 - INFO - tesseract alt2 结果: anbB
2026-01-03 07:15:55,612 - INFO - easyocr alt3 结果: ['anb8(0.60)']
2026-01-03 07:15:55,724 - INFO - tesseract alt3 结果: anbB
2026-01-03 07:15:55,785 - INFO - easyocr alt4 结果: ['anbB(0.71)']
2026-01-03 07:15:55,880 - INFO - tesseract alt4 结果: anbB
2026-01-03 07:15:55,941 - INFO - easyocr alt5 结果: ['anb8(0.23)']
2026-01-03 07:15:56,035 - INFO - tesseract alt5 结果: anbB
2026-01-03 07:15:56,035 - INFO - 最终验证码识别结果: anb8 (engine=easyocr_alt2, prob=0.7171865701675415)
2026-01-03 07:15:56,035 - INFO - 查找验证码输入框...
2026-01-03 07:15:56,091 - INFO - 验证码填写完成
2026-01-03 07:15:56,091 - INFO - 验证码填写完成，点击登录按钮...
2026-01-03 07:15:56,091 - INFO - 查找并点击登录按钮...
2026-01-03 07:15:56,479 - INFO - 已点击登录按钮
2026-01-03 07:16:03,499 - INFO - 开始填写登录表单...
2026-01-03 07:16:03,558 - INFO - 用户名填写完成
2026-01-03 07:16:03,616 - INFO - 密码填写完成
2026-01-03 07:16:03,616 - INFO - 验证码图片已保存到 /home/runner/work/nju_electric_monitor/nju_electric_monitor/src/../data/captcha_debug.png
2026-01-03 07:16:03,616 - INFO - 验证码识别尝试 4/30
2026-01-03 07:16:03,616 - INFO - 开始识别验证码...（easyocr + pytesseract）
2026-01-03 07:16:03,731 - INFO - easyocr 结果: ['anbB(0.59)']
2026-01-03 07:16:03,830 - INFO - tesseract 结果: anbB
2026-01-03 07:16:03,891 - INFO - easyocr alt1 结果: ['anb8(0.70)']
2026-01-03 07:16:03,986 - INFO - tesseract alt1 结果: anbB
2026-01-03 07:16:04,046 - INFO - easyocr alt2 结果: ['anb8(0.72)']
2026-01-03 07:16:04,142 - INFO - tesseract alt2 结果: anbB
2026-01-03 07:16:04,296 - INFO - easyocr alt3 结果: ['anb8(0.60)']
2026-01-03 07:16:04,408 - INFO - tesseract alt3 结果: anbB
2026-01-03 07:16:04,470 - INFO - easyocr alt4 结果: ['anbB(0.71)']
2026-01-03 07:16:04,564 - INFO - tesseract alt4 结果: anbB
2026-01-03 07:16:04,624 - INFO - easyocr alt5 结果: ['anb8(0.23)']
2026-01-03 07:16:04,719 - INFO - tesseract alt5 结果: anbB
2026-01-03 07:16:04,719 - INFO - 最终验证码识别结果: anb8 (engine=easyocr_alt2, prob=0.7171865701675415)
2026-01-03 07:16:04,719 - INFO - 查找验证码输入框...
2026-01-03 07:16:04,775 - INFO - 验证码填写完成
2026-01-03 07:16:04,775 - INFO - 验证码填写完成，点击登录按钮...
2026-01-03 07:16:04,775 - INFO - 查找并点击登录按钮...
2026-01-03 07:16:05,160 - INFO - 已点击登录按钮
2026-01-03 07:16:12,182 - INFO - 开始填写登录表单...
2026-01-03 07:16:12,245 - INFO - 用户名填写完成
2026-01-03 07:16:12,306 - INFO - 密码填写完成
2026-01-03 07:16:12,307 - INFO - 验证码图片已保存到 /home/runner/work/nju_electric_monitor/nju_electric_monitor/src/../data/captcha_debug.png
2026-01-03 07:16:12,307 - INFO - 验证码识别尝试 5/30
2026-01-03 07:16:12,307 - INFO - 开始识别验证码...（easyocr + pytesseract）
2026-01-03 07:16:12,407 - INFO - easyocr 结果: ['anbB(0.59)']
2026-01-03 07:16:12,504 - INFO - tesseract 结果: anbB
2026-01-03 07:16:12,571 - INFO - easyocr alt1 结果: ['anb8(0.70)']
2026-01-03 07:16:12,670 - INFO - tesseract alt1 结果: anbB
2026-01-03 07:16:12,746 - INFO - easyocr alt2 结果: ['anb8(0.72)']
2026-01-03 07:16:12,842 - INFO - tesseract alt2 结果: anbB
2026-01-03 07:16:13,005 - INFO - easyocr alt3 结果: ['anb8(0.60)']
2026-01-03 07:16:13,114 - INFO - tesseract alt3 结果: anbB
2026-01-03 07:16:13,175 - INFO - easyocr alt4 结果: ['anbB(0.71)']
2026-01-03 07:16:13,272 - INFO - tesseract alt4 结果: anbB
2026-01-03 07:16:13,332 - INFO - easyocr alt5 结果: ['anb8(0.23)']
2026-01-03 07:16:13,428 - INFO - tesseract alt5 结果: anbB
2026-01-03 07:16:13,428 - INFO - 最终验证码识别结果: anb8 (engine=easyocr_alt2, prob=0.7171865701675415)
2026-01-03 07:16:13,428 - INFO - 查找验证码输入框...
2026-01-03 07:16:13,483 - INFO - 验证码填写完成
2026-01-03 07:16:13,483 - INFO - 验证码填写完成，点击登录按钮...
2026-01-03 07:16:13,483 - INFO - 查找并点击登录按钮...
2026-01-03 07:16:13,539 - INFO - 已点击登录按钮
2026-01-03 07:16:20,560 - INFO - 开始填写登录表单...
2026-01-03 07:16:20,619 - INFO - 用户名填写完成
2026-01-03 07:16:20,679 - INFO - 密码填写完成
2026-01-03 07:16:20,680 - INFO - 验证码图片已保存到 /home/runner/work/nju_electric_monitor/nju_electric_monitor/src/../data/captcha_debug.png
2026-01-03 07:16:20,680 - INFO - 验证码识别尝试 6/30
2026-01-03 07:16:20,680 - INFO - 开始识别验证码...（easyocr + pytesseract）
2026-01-03 07:16:20,779 - INFO - easyocr 结果: ['anbB(0.59)']
2026-01-03 07:16:20,875 - INFO - tesseract 结果: anbB
2026-01-03 07:16:20,936 - INFO - easyocr alt1 结果: ['anb8(0.70)']
2026-01-03 07:16:21,031 - INFO - tesseract alt1 结果: anbB
2026-01-03 07:16:21,090 - INFO - easyocr alt2 结果: ['anb8(0.72)']
2026-01-03 07:16:21,189 - INFO - tesseract alt2 结果: anbB
2026-01-03 07:16:21,343 - INFO - easyocr alt3 结果: ['anb8(0.60)']
2026-01-03 07:16:21,450 - INFO - tesseract alt3 结果: anbB
2026-01-03 07:16:21,510 - INFO - easyocr alt4 结果: ['anbB(0.71)']
2026-01-03 07:16:21,605 - INFO - tesseract alt4 结果: anbB
2026-01-03 07:16:21,664 - INFO - easyocr alt5 结果: ['anb8(0.23)']
2026-01-03 07:16:21,758 - INFO - tesseract alt5 结果: anbB
2026-01-03 07:16:21,758 - INFO - 最终验证码识别结果: anb8 (engine=easyocr_alt2, prob=0.7171865701675415)
2026-01-03 07:16:21,759 - INFO - 查找验证码输入框...
2026-01-03 07:16:21,814 - INFO - 验证码填写完成
2026-01-03 07:16:21,814 - INFO - 验证码填写完成，点击登录按钮...
2026-01-03 07:16:21,814 - INFO - 查找并点击登录按钮...
2026-01-03 07:16:22,207 - INFO - 已点击登录按钮
2026-01-03 07:16:29,229 - INFO - 开始填写登录表单...
2026-01-03 07:16:29,288 - INFO - 用户名填写完成
2026-01-03 07:16:29,346 - INFO - 密码填写完成
2026-01-03 07:16:29,347 - INFO - 验证码图片已保存到 /home/runner/work/nju_electric_monitor/nju_electric_monitor/src/../data/captcha_debug.png
2026-01-03 07:16:29,347 - INFO - 验证码识别尝试 7/30
2026-01-03 07:16:29,347 - INFO - 开始识别验证码...（easyocr + pytesseract）
2026-01-03 07:16:29,443 - INFO - easyocr 结果: ['anbB(0.59)']
2026-01-03 07:16:29,543 - INFO - tesseract 结果: anbB
2026-01-03 07:16:29,603 - INFO - easyocr alt1 结果: ['anb8(0.70)']
2026-01-03 07:16:29,701 - INFO - tesseract alt1 结果: anbB
2026-01-03 07:16:29,760 - INFO - easyocr alt2 结果: ['anb8(0.72)']
2026-01-03 07:16:29,854 - INFO - tesseract alt2 结果: anbB
2026-01-03 07:16:30,008 - INFO - easyocr alt3 结果: ['anb8(0.60)']
2026-01-03 07:16:30,117 - INFO - tesseract alt3 结果: anbB
2026-01-03 07:16:30,177 - INFO - easyocr alt4 结果: ['anbB(0.71)']
2026-01-03 07:16:30,274 - INFO - tesseract alt4 结果: anbB
2026-01-03 07:16:30,333 - INFO - easyocr alt5 结果: ['anb8(0.23)']
2026-01-03 07:16:30,445 - INFO - tesseract alt5 结果: anbB
2026-01-03 07:16:30,445 - INFO - 最终验证码识别结果: anb8 (engine=easyocr_alt2, prob=0.7171865701675415)
2026-01-03 07:16:30,445 - INFO - 查找验证码输入框...
2026-01-03 07:16:30,500 - INFO - 验证码填写完成
2026-01-03 07:16:30,500 - INFO - 验证码填写完成，点击登录按钮...
2026-01-03 07:16:30,500 - INFO - 查找并点击登录按钮...
2026-01-03 07:16:30,555 - INFO - 已点击登录按钮
2026-01-03 07:16:37,576 - INFO - 开始填写登录表单...
2026-01-03 07:16:37,636 - INFO - 用户名填写完成
2026-01-03 07:16:37,697 - INFO - 密码填写完成
2026-01-03 07:16:37,698 - INFO - 验证码图片已保存到 /home/runner/work/nju_electric_monitor/nju_electric_monitor/src/../data/captcha_debug.png
2026-01-03 07:16:37,698 - INFO - 验证码识别尝试 8/30
2026-01-03 07:16:37,698 - INFO - 开始识别验证码...（easyocr + pytesseract）
2026-01-03 07:16:37,797 - INFO - easyocr 结果: ['anbB(0.59)']
2026-01-03 07:16:37,894 - INFO - tesseract 结果: anbB
2026-01-03 07:16:37,955 - INFO - easyocr alt1 结果: ['anb8(0.70)']
2026-01-03 07:16:38,052 - INFO - tesseract alt1 结果: anbB
2026-01-03 07:16:38,113 - INFO - easyocr alt2 结果: ['anb8(0.72)']
2026-01-03 07:16:38,208 - INFO - tesseract alt2 结果: anbB
2026-01-03 07:16:38,365 - INFO - easyocr alt3 结果: ['anb8(0.60)']
2026-01-03 07:16:38,473 - INFO - tesseract alt3 结果: anbB
2026-01-03 07:16:38,533 - INFO - easyocr alt4 结果: ['anbB(0.71)']
2026-01-03 07:16:38,629 - INFO - tesseract alt4 结果: anbB
2026-01-03 07:16:38,689 - INFO - easyocr alt5 结果: ['anb8(0.23)']
2026-01-03 07:16:38,786 - INFO - tesseract alt5 结果: anbB
2026-01-03 07:16:38,786 - INFO - 最终验证码识别结果: anb8 (engine=easyocr_alt2, prob=0.7171865701675415)
2026-01-03 07:16:38,786 - INFO - 查找验证码输入框...
2026-01-03 07:16:38,843 - INFO - 验证码填写完成
2026-01-03 07:16:38,843 - INFO - 验证码填写完成，点击登录按钮...
2026-01-03 07:16:38,843 - INFO - 查找并点击登录按钮...
2026-01-03 07:16:39,228 - INFO - 已点击登录按钮
2026-01-03 07:16:46,249 - INFO - 开始填写登录表单...
2026-01-03 07:16:46,309 - INFO - 用户名填写完成
2026-01-03 07:16:46,368 - INFO - 密码填写完成
2026-01-03 07:16:46,369 - INFO - 验证码图片已保存到 /home/runner/work/nju_electric_monitor/nju_electric_monitor/src/../data/captcha_debug.png
2026-01-03 07:16:46,369 - INFO - 验证码识别尝试 9/30
2026-01-03 07:16:46,369 - INFO - 开始识别验证码...（easyocr + pytesseract）
2026-01-03 07:16:46,476 - INFO - easyocr 结果: ['anbB(0.59)']
2026-01-03 07:16:46,571 - INFO - tesseract 结果: anbB
2026-01-03 07:16:46,634 - INFO - easyocr alt1 结果: ['anb8(0.70)']
2026-01-03 07:16:46,727 - INFO - tesseract alt1 结果: anbB
2026-01-03 07:16:46,788 - INFO - easyocr alt2 结果: ['anb8(0.72)']
2026-01-03 07:16:46,884 - INFO - tesseract alt2 结果: anbB
2026-01-03 07:16:47,039 - INFO - easyocr alt3 结果: ['anb8(0.60)']
2026-01-03 07:16:47,147 - INFO - tesseract alt3 结果: anbB
2026-01-03 07:16:47,214 - INFO - easyocr alt4 结果: ['anbB(0.71)']
2026-01-03 07:16:47,312 - INFO - tesseract alt4 结果: anbB
2026-01-03 07:16:47,372 - INFO - easyocr alt5 结果: ['anb8(0.23)']
2026-01-03 07:16:47,466 - INFO - tesseract alt5 结果: anbB
2026-01-03 07:16:47,466 - INFO - 最终验证码识别结果: anb8 (engine=easyocr_alt2, prob=0.7171865701675415)
2026-01-03 07:16:47,466 - INFO - 查找验证码输入框...
2026-01-03 07:16:47,522 - INFO - 验证码填写完成
2026-01-03 07:16:47,522 - INFO - 验证码填写完成，点击登录按钮...
2026-01-03 07:16:47,522 - INFO - 查找并点击登录按钮...
2026-01-03 07:16:47,907 - INFO - 已点击登录按钮
2026-01-03 07:16:54,928 - INFO - 开始填写登录表单...
2026-01-03 07:16:54,987 - INFO - 用户名填写完成
2026-01-03 07:16:55,044 - INFO - 密码填写完成
2026-01-03 07:16:55,044 - INFO - 验证码图片已保存到 /home/runner/work/nju_electric_monitor/nju_electric_monitor/src/../data/captcha_debug.png
2026-01-03 07:16:55,044 - INFO - 验证码识别尝试 10/30
2026-01-03 07:16:55,045 - INFO - 开始识别验证码...（easyocr + pytesseract）
2026-01-03 07:16:55,140 - INFO - easyocr 结果: ['anbB(0.59)']
2026-01-03 07:16:55,240 - INFO - tesseract 结果: anbB
2026-01-03 07:16:55,300 - INFO - easyocr alt1 结果: ['anb8(0.70)']
2026-01-03 07:16:55,397 - INFO - tesseract alt1 结果: anbB
2026-01-03 07:16:55,457 - INFO - easyocr alt2 结果: ['anb8(0.72)']
2026-01-03 07:16:55,553 - INFO - tesseract alt2 结果: anbB
2026-01-03 07:16:55,707 - INFO - easyocr alt3 结果: ['anb8(0.60)']
2026-01-03 07:16:55,818 - INFO - tesseract alt3 结果: anbB
2026-01-03 07:16:55,877 - INFO - easyocr alt4 结果: ['anbB(0.71)']
2026-01-03 07:16:55,970 - INFO - tesseract alt4 结果: anbB
2026-01-03 07:16:56,038 - INFO - easyocr alt5 结果: ['anb8(0.23)']
2026-01-03 07:16:56,134 - INFO - tesseract alt5 结果: anbB
2026-01-03 07:16:56,135 - INFO - 最终验证码识别结果: anb8 (engine=easyocr_alt2, prob=0.7171865701675415)
2026-01-03 07:16:56,135 - INFO - 查找验证码输入框...
2026-01-03 07:16:56,191 - INFO - 验证码填写完成
2026-01-03 07:16:56,191 - INFO - 验证码填写完成，点击登录按钮...
2026-01-03 07:16:56,191 - INFO - 查找并点击登录按钮...
2026-01-03 07:16:56,568 - INFO - 已点击登录按钮
2026-01-03 07:17:03,589 - INFO - 开始填写登录表单...
2026-01-03 07:17:03,651 - INFO - 用户名填写完成
2026-01-03 07:17:03,711 - INFO - 密码填写完成
2026-01-03 07:17:03,712 - INFO - 验证码图片已保存到 /home/runner/work/nju_electric_monitor/nju_electric_monitor/src/../data/captcha_debug.png
2026-01-03 07:17:03,712 - INFO - 验证码识别尝试 11/30
2026-01-03 07:17:03,712 - INFO - 开始识别验证码...（easyocr + pytesseract）
2026-01-03 07:17:03,807 - INFO - easyocr 结果: ['anbB(0.59)']
2026-01-03 07:17:03,903 - INFO - tesseract 结果: anbB
2026-01-03 07:17:03,963 - INFO - easyocr alt1 结果: ['anb8(0.70)']
2026-01-03 07:17:04,058 - INFO - tesseract alt1 结果: anbB
2026-01-03 07:17:04,118 - INFO - easyocr alt2 结果: ['anb8(0.72)']
2026-01-03 07:17:04,213 - INFO - tesseract alt2 结果: anbB
2026-01-03 07:17:04,370 - INFO - easyocr alt3 结果: ['anb8(0.60)']
2026-01-03 07:17:04,480 - INFO - tesseract alt3 结果: anbB
2026-01-03 07:17:04,559 - INFO - easyocr alt4 结果: ['anbB(0.71)']
2026-01-03 07:17:04,656 - INFO - tesseract alt4 结果: anbB
2026-01-03 07:17:04,716 - INFO - easyocr alt5 结果: ['anb8(0.23)']
2026-01-03 07:17:04,813 - INFO - tesseract alt5 结果: anbB
2026-01-03 07:17:04,813 - INFO - 最终验证码识别结果: anb8 (engine=easyocr_alt2, prob=0.7171865701675415)
2026-01-03 07:17:04,813 - INFO - 查找验证码输入框...
2026-01-03 07:17:04,870 - INFO - 验证码填写完成
2026-01-03 07:17:04,870 - INFO - 验证码填写完成，点击登录按钮...
2026-01-03 07:17:04,870 - INFO - 查找并点击登录按钮...
2026-01-03 07:17:05,251 - INFO - 已点击登录按钮
2026-01-03 07:17:12,271 - INFO - 开始填写登录表单...
2026-01-03 07:17:12,332 - INFO - 用户名填写完成
2026-01-03 07:17:12,393 - INFO - 密码填写完成
2026-01-03 07:17:12,393 - INFO - 验证码图片已保存到 /home/runner/work/nju_electric_monitor/nju_electric_monitor/src/../data/captcha_debug.png
2026-01-03 07:17:12,393 - INFO - 验证码识别尝试 12/30
2026-01-03 07:17:12,393 - INFO - 开始识别验证码...（easyocr + pytesseract）
2026-01-03 07:17:12,489 - INFO - easyocr 结果: ['anbB(0.59)']
2026-01-03 07:17:12,582 - INFO - tesseract 结果: anbB
2026-01-03 07:17:12,642 - INFO - easyocr alt1 结果: ['anb8(0.70)']
2026-01-03 07:17:12,739 - INFO - tesseract alt1 结果: anbB
2026-01-03 07:17:12,813 - INFO - easyocr alt2 结果: ['anb8(0.72)']
2026-01-03 07:17:12,908 - INFO - tesseract alt2 结果: anbB
2026-01-03 07:17:13,063 - INFO - easyocr alt3 结果: ['anb8(0.60)']
2026-01-03 07:17:13,172 - INFO - tesseract alt3 结果: anbB
2026-01-03 07:17:13,232 - INFO - easyocr alt4 结果: ['anbB(0.71)']
2026-01-03 07:17:13,327 - INFO - tesseract alt4 结果: anbB
2026-01-03 07:17:13,387 - INFO - easyocr alt5 结果: ['anb8(0.23)']
2026-01-03 07:17:13,484 - INFO - tesseract alt5 结果: anbB
2026-01-03 07:17:13,484 - INFO - 最终验证码识别结果: anb8 (engine=easyocr_alt2, prob=0.7171865701675415)
2026-01-03 07:17:13,484 - INFO - 查找验证码输入框...
2026-01-03 07:17:13,542 - INFO - 验证码填写完成
2026-01-03 07:17:13,543 - INFO - 验证码填写完成，点击登录按钮...
2026-01-03 07:17:13,543 - INFO - 查找并点击登录按钮...
2026-01-03 07:17:13,927 - INFO - 已点击登录按钮
2026-01-03 07:17:20,947 - INFO - 开始填写登录表单...
2026-01-03 07:17:21,009 - INFO - 用户名填写完成
2026-01-03 07:17:21,069 - INFO - 密码填写完成
2026-01-03 07:17:21,070 - INFO - 验证码图片已保存到 /home/runner/work/nju_electric_monitor/nju_electric_monitor/src/../data/captcha_debug.png
2026-01-03 07:17:21,070 - INFO - 验证码识别尝试 13/30
2026-01-03 07:17:21,070 - INFO - 开始识别验证码...（easyocr + pytesseract）
2026-01-03 07:17:21,167 - INFO - easyocr 结果: ['anbB(0.59)']
2026-01-03 07:17:21,263 - INFO - tesseract 结果: anbB
2026-01-03 07:17:21,324 - INFO - easyocr alt1 结果: ['anb8(0.70)']
2026-01-03 07:17:21,418 - INFO - tesseract alt1 结果: anbB
2026-01-03 07:17:21,486 - INFO - easyocr alt2 结果: ['anb8(0.72)']
2026-01-03 07:17:21,582 - INFO - tesseract alt2 结果: anbB
2026-01-03 07:17:21,736 - INFO - easyocr alt3 结果: ['anb8(0.60)']
2026-01-03 07:17:21,844 - INFO - tesseract alt3 结果: anbB
2026-01-03 07:17:21,904 - INFO - easyocr alt4 结果: ['anbB(0.71)']
2026-01-03 07:17:22,001 - INFO - tesseract alt4 结果: anbB
2026-01-03 07:17:22,069 - INFO - easyocr alt5 结果: ['anb8(0.23)']
2026-01-03 07:17:22,169 - INFO - tesseract alt5 结果: anbB
2026-01-03 07:17:22,170 - INFO - 最终验证码识别结果: anb8 (engine=easyocr_alt2, prob=0.7171865701675415)
2026-01-03 07:17:22,170 - INFO - 查找验证码输入框...
2026-01-03 07:17:22,226 - INFO - 验证码填写完成
2026-01-03 07:17:22,226 - INFO - 验证码填写完成，点击登录按钮...
2026-01-03 07:17:22,226 - INFO - 查找并点击登录按钮...
2026-01-03 07:17:22,603 - INFO - 已点击登录按钮
2026-01-03 07:17:29,624 - INFO - 开始填写登录表单...
2026-01-03 07:17:29,686 - INFO - 用户名填写完成
2026-01-03 07:17:29,746 - INFO - 密码填写完成
2026-01-03 07:17:29,746 - INFO - 验证码图片已保存到 /home/runner/work/nju_electric_monitor/nju_electric_monitor/src/../data/captcha_debug.png
2026-01-03 07:17:29,746 - INFO - 验证码识别尝试 14/30
2026-01-03 07:17:29,746 - INFO - 开始识别验证码...（easyocr + pytesseract）
2026-01-03 07:17:29,845 - INFO - easyocr 结果: ['anbB(0.59)']
2026-01-03 07:17:29,945 - INFO - tesseract 结果: anbB
2026-01-03 07:17:30,006 - INFO - easyocr alt1 结果: ['anb8(0.70)']
2026-01-03 07:17:30,103 - INFO - tesseract alt1 结果: anbB
2026-01-03 07:17:30,164 - INFO - easyocr alt2 结果: ['anb8(0.72)']
2026-01-03 07:17:30,263 - INFO - tesseract alt2 结果: anbB
2026-01-03 07:17:30,419 - INFO - easyocr alt3 结果: ['anb8(0.60)']
2026-01-03 07:17:30,527 - INFO - tesseract alt3 结果: anbB
2026-01-03 07:17:30,588 - INFO - easyocr alt4 结果: ['anbB(0.71)']
2026-01-03 07:17:30,684 - INFO - tesseract alt4 结果: anbB
2026-01-03 07:17:30,746 - INFO - easyocr alt5 结果: ['anb8(0.23)']
2026-01-03 07:17:30,840 - INFO - tesseract alt5 结果: anbB
2026-01-03 07:17:30,841 - INFO - 最终验证码识别结果: anb8 (engine=easyocr_alt2, prob=0.7171865701675415)
2026-01-03 07:17:30,841 - INFO - 查找验证码输入框...
2026-01-03 07:17:30,898 - INFO - 验证码填写完成
2026-01-03 07:17:30,898 - INFO - 验证码填写完成，点击登录按钮...
2026-01-03 07:17:30,898 - INFO - 查找并点击登录按钮...
2026-01-03 07:17:30,956 - INFO - 已点击登录按钮
2026-01-03 07:17:37,977 - INFO - 开始填写登录表单...
2026-01-03 07:17:38,036 - INFO - 用户名填写完成
2026-01-03 07:17:38,096 - INFO - 密码填写完成
2026-01-03 07:17:38,097 - INFO - 验证码图片已保存到 /home/runner/work/nju_electric_monitor/nju_electric_monitor/src/../data/captcha_debug.png
2026-01-03 07:17:38,097 - INFO - 验证码识别尝试 15/30
2026-01-03 07:17:38,097 - INFO - 开始识别验证码...（easyocr + pytesseract）
2026-01-03 07:17:38,195 - INFO - easyocr 结果: ['anbB(0.59)']
2026-01-03 07:17:38,291 - INFO - tesseract 结果: anbB
2026-01-03 07:17:38,353 - INFO - easyocr alt1 结果: ['anb8(0.70)']
2026-01-03 07:17:38,452 - INFO - tesseract alt1 结果: anbB
2026-01-03 07:17:38,511 - INFO - easyocr alt2 结果: ['anb8(0.72)']
2026-01-03 07:17:38,605 - INFO - tesseract alt2 结果: anbB
2026-01-03 07:17:38,759 - INFO - easyocr alt3 结果: ['anb8(0.60)']
2026-01-03 07:17:38,866 - INFO - tesseract alt3 结果: anbB
2026-01-03 07:17:38,929 - INFO - easyocr alt4 结果: ['anbB(0.71)']
2026-01-03 07:17:39,025 - INFO - tesseract alt4 结果: anbB
2026-01-03 07:17:39,084 - INFO - easyocr alt5 结果: ['anb8(0.23)']
2026-01-03 07:17:39,178 - INFO - tesseract alt5 结果: anbB
2026-01-03 07:17:39,178 - INFO - 最终验证码识别结果: anb8 (engine=easyocr_alt2, prob=0.7171865701675415)
2026-01-03 07:17:39,179 - INFO - 查找验证码输入框...
2026-01-03 07:17:39,235 - INFO - 验证码填写完成
2026-01-03 07:17:39,235 - INFO - 验证码填写完成，点击登录按钮...
2026-01-03 07:17:39,235 - INFO - 查找并点击登录按钮...
2026-01-03 07:17:41,440 - INFO - 已点击登录按钮
2026-01-03 07:17:48,460 - INFO - 开始填写登录表单...
2026-01-03 07:17:48,521 - INFO - 用户名填写完成
2026-01-03 07:17:48,580 - INFO - 密码填写完成
2026-01-03 07:17:48,581 - INFO - 验证码图片已保存到 /home/runner/work/nju_electric_monitor/nju_electric_monitor/src/../data/captcha_debug.png
2026-01-03 07:17:48,581 - INFO - 验证码识别尝试 16/30
2026-01-03 07:17:48,581 - INFO - 开始识别验证码...（easyocr + pytesseract）
2026-01-03 07:17:48,678 - INFO - easyocr 结果: ['anbB(0.59)']
2026-01-03 07:17:48,774 - INFO - tesseract 结果: anbB
2026-01-03 07:17:48,834 - INFO - easyocr alt1 结果: ['anb8(0.70)']
2026-01-03 07:17:48,929 - INFO - tesseract alt1 结果: anbB
2026-01-03 07:17:48,987 - INFO - easyocr alt2 结果: ['anb8(0.72)']
2026-01-03 07:17:49,080 - INFO - tesseract alt2 结果: anbB
2026-01-03 07:17:49,234 - INFO - easyocr alt3 结果: ['anb8(0.60)']
2026-01-03 07:17:49,347 - INFO - tesseract alt3 结果: anbB
2026-01-03 07:17:49,406 - INFO - easyocr alt4 结果: ['anbB(0.71)']
2026-01-03 07:17:49,502 - INFO - tesseract alt4 结果: anbB
2026-01-03 07:17:49,562 - INFO - easyocr alt5 结果: ['anb8(0.23)']
2026-01-03 07:17:49,657 - INFO - tesseract alt5 结果: anbB
2026-01-03 07:17:49,657 - INFO - 最终验证码识别结果: anb8 (engine=easyocr_alt2, prob=0.7171865701675415)
2026-01-03 07:17:49,658 - INFO - 查找验证码输入框...
2026-01-03 07:17:49,714 - INFO - 验证码填写完成
2026-01-03 07:17:49,714 - INFO - 验证码填写完成，点击登录按钮...
2026-01-03 07:17:49,714 - INFO - 查找并点击登录按钮...
2026-01-03 07:17:49,769 - INFO - 已点击登录按钮
2026-01-03 07:17:56,791 - INFO - 开始填写登录表单...
2026-01-03 07:17:56,854 - INFO - 用户名填写完成
2026-01-03 07:17:56,915 - INFO - 密码填写完成
2026-01-03 07:17:56,916 - INFO - 验证码图片已保存到 /home/runner/work/nju_electric_monitor/nju_electric_monitor/src/../data/captcha_debug.png
2026-01-03 07:17:56,916 - INFO - 验证码识别尝试 17/30
2026-01-03 07:17:56,916 - INFO - 开始识别验证码...（easyocr + pytesseract）
2026-01-03 07:17:57,014 - INFO - easyocr 结果: ['anbB(0.59)']
2026-01-03 07:17:57,110 - INFO - tesseract 结果: anbB
2026-01-03 07:17:57,172 - INFO - easyocr alt1 结果: ['anb8(0.70)']
2026-01-03 07:17:57,271 - INFO - tesseract alt1 结果: anbB
2026-01-03 07:17:57,339 - INFO - easyocr alt2 结果: ['anb8(0.72)']
2026-01-03 07:17:57,436 - INFO - tesseract alt2 结果: anbB
2026-01-03 07:17:57,592 - INFO - easyocr alt3 结果: ['anb8(0.60)']
2026-01-03 07:17:57,702 - INFO - tesseract alt3 结果: anbB
2026-01-03 07:17:57,768 - INFO - easyocr alt4 结果: ['anbB(0.71)']
2026-01-03 07:17:57,864 - INFO - tesseract alt4 结果: anbB
2026-01-03 07:17:57,932 - INFO - easyocr alt5 结果: ['anb8(0.23)']
2026-01-03 07:17:58,029 - INFO - tesseract alt5 结果: anbB
2026-01-03 07:17:58,029 - INFO - 最终验证码识别结果: anb8 (engine=easyocr_alt2, prob=0.7171865701675415)
2026-01-03 07:17:58,029 - INFO - 查找验证码输入框...
2026-01-03 07:17:58,088 - INFO - 验证码填写完成
2026-01-03 07:17:58,088 - INFO - 验证码填写完成，点击登录按钮...
2026-01-03 07:17:58,088 - INFO - 查找并点击登录按钮...
2026-01-03 07:17:58,520 - INFO - 已点击登录按钮
2026-01-03 07:18:05,541 - INFO - 开始填写登录表单...
2026-01-03 07:18:05,604 - INFO - 用户名填写完成
2026-01-03 07:18:05,667 - INFO - 密码填写完成
2026-01-03 07:18:05,667 - INFO - 验证码图片已保存到 /home/runner/work/nju_electric_monitor/nju_electric_monitor/src/../data/captcha_debug.png
2026-01-03 07:18:05,667 - INFO - 验证码识别尝试 18/30
2026-01-03 07:18:05,667 - INFO - 开始识别验证码...（easyocr + pytesseract）
2026-01-03 07:18:05,765 - INFO - easyocr 结果: ['anbB(0.59)']
2026-01-03 07:18:05,861 - INFO - tesseract 结果: anbB
2026-01-03 07:18:05,934 - INFO - easyocr alt1 结果: ['anb8(0.70)']
2026-01-03 07:18:06,029 - INFO - tesseract alt1 结果: anbB
2026-01-03 07:18:06,090 - INFO - easyocr alt2 结果: ['anb8(0.72)']
2026-01-03 07:18:06,189 - INFO - tesseract alt2 结果: anbB
2026-01-03 07:18:06,343 - INFO - easyocr alt3 结果: ['anb8(0.60)']
2026-01-03 07:18:06,456 - INFO - tesseract alt3 结果: anbB
2026-01-03 07:18:06,515 - INFO - easyocr alt4 结果: ['anbB(0.71)']
2026-01-03 07:18:06,610 - INFO - tesseract alt4 结果: anbB
2026-01-03 07:18:06,669 - INFO - easyocr alt5 结果: ['anb8(0.23)']
2026-01-03 07:18:06,769 - INFO - tesseract alt5 结果: anbB
2026-01-03 07:18:06,769 - INFO - 最终验证码识别结果: anb8 (engine=easyocr_alt2, prob=0.7171865701675415)
2026-01-03 07:18:06,769 - INFO - 查找验证码输入框...
2026-01-03 07:18:06,828 - INFO - 验证码填写完成
2026-01-03 07:18:06,829 - INFO - 验证码填写完成，点击登录按钮...
2026-01-03 07:18:06,829 - INFO - 查找并点击登录按钮...
2026-01-03 07:18:06,887 - INFO - 已点击登录按钮
2026-01-03 07:18:13,907 - INFO - 开始填写登录表单...
2026-01-03 07:18:13,965 - INFO - 用户名填写完成
2026-01-03 07:18:14,023 - INFO - 密码填写完成
2026-01-03 07:18:14,023 - INFO - 验证码图片已保存到 /home/runner/work/nju_electric_monitor/nju_electric_monitor/src/../data/captcha_debug.png
2026-01-03 07:18:14,023 - INFO - 验证码识别尝试 19/30
2026-01-03 07:18:14,023 - INFO - 开始识别验证码...（easyocr + pytesseract）
2026-01-03 07:18:14,119 - INFO - easyocr 结果: ['anbB(0.59)']
2026-01-03 07:18:14,220 - INFO - tesseract 结果: anbB
2026-01-03 07:18:14,280 - INFO - easyocr alt1 结果: ['anb8(0.70)']
2026-01-03 07:18:14,375 - INFO - tesseract alt1 结果: anbB
2026-01-03 07:18:14,433 - INFO - easyocr alt2 结果: ['anb8(0.72)']
2026-01-03 07:18:14,530 - INFO - tesseract alt2 结果: anbB
2026-01-03 07:18:14,684 - INFO - easyocr alt3 结果: ['anb8(0.60)']
2026-01-03 07:18:14,792 - INFO - tesseract alt3 结果: anbB
2026-01-03 07:18:14,851 - INFO - easyocr alt4 结果: ['anbB(0.71)']
2026-01-03 07:18:14,944 - INFO - tesseract alt4 结果: anbB
2026-01-03 07:18:15,003 - INFO - easyocr alt5 结果: ['anb8(0.23)']
2026-01-03 07:18:15,097 - INFO - tesseract alt5 结果: anbB
2026-01-03 07:18:15,097 - INFO - 最终验证码识别结果: anb8 (engine=easyocr_alt2, prob=0.7171865701675415)
2026-01-03 07:18:15,097 - INFO - 查找验证码输入框...
2026-01-03 07:18:15,153 - INFO - 验证码填写完成
2026-01-03 07:18:15,153 - INFO - 验证码填写完成，点击登录按钮...
2026-01-03 07:18:15,153 - INFO - 查找并点击登录按钮...
2026-01-03 07:18:15,541 - INFO - 已点击登录按钮
2026-01-03 07:18:22,561 - INFO - 开始填写登录表单...
2026-01-03 07:18:22,621 - INFO - 用户名填写完成
2026-01-03 07:18:22,680 - INFO - 密码填写完成
2026-01-03 07:18:22,681 - INFO - 验证码图片已保存到 /home/runner/work/nju_electric_monitor/nju_electric_monitor/src/../data/captcha_debug.png
2026-01-03 07:18:22,681 - INFO - 验证码识别尝试 20/30
2026-01-03 07:18:22,681 - INFO - 开始识别验证码...（easyocr + pytesseract）
2026-01-03 07:18:22,781 - INFO - easyocr 结果: ['anbB(0.59)']
2026-01-03 07:18:22,882 - INFO - tesseract 结果: anbB
2026-01-03 07:18:22,942 - INFO - easyocr alt1 结果: ['anb8(0.70)']
2026-01-03 07:18:23,040 - INFO - tesseract alt1 结果: anbB
2026-01-03 07:18:23,099 - INFO - easyocr alt2 结果: ['anb8(0.72)']
2026-01-03 07:18:23,199 - INFO - tesseract alt2 结果: anbB
2026-01-03 07:18:23,356 - INFO - easyocr alt3 结果: ['anb8(0.60)']
2026-01-03 07:18:23,464 - INFO - tesseract alt3 结果: anbB
2026-01-03 07:18:23,533 - INFO - easyocr alt4 结果: ['anbB(0.71)']
2026-01-03 07:18:23,628 - INFO - tesseract alt4 结果: anbB
2026-01-03 07:18:23,688 - INFO - easyocr alt5 结果: ['anb8(0.23)']
2026-01-03 07:18:23,784 - INFO - tesseract alt5 结果: anbB
2026-01-03 07:18:23,784 - INFO - 最终验证码识别结果: anb8 (engine=easyocr_alt2, prob=0.7171865701675415)
2026-01-03 07:18:23,784 - INFO - 查找验证码输入框...
2026-01-03 07:18:23,841 - INFO - 验证码填写完成
2026-01-03 07:18:23,841 - INFO - 验证码填写完成，点击登录按钮...
2026-01-03 07:18:23,841 - INFO - 查找并点击登录按钮...
2026-01-03 07:18:24,220 - INFO - 已点击登录按钮
2026-01-03 07:18:31,240 - INFO - 开始填写登录表单...
2026-01-03 07:18:31,299 - INFO - 用户名填写完成
2026-01-03 07:18:31,357 - INFO - 密码填写完成
2026-01-03 07:18:31,358 - INFO - 验证码图片已保存到 /home/runner/work/nju_electric_monitor/nju_electric_monitor/src/../data/captcha_debug.png
2026-01-03 07:18:31,358 - INFO - 验证码识别尝试 21/30
2026-01-03 07:18:31,358 - INFO - 开始识别验证码...（easyocr + pytesseract）
2026-01-03 07:18:31,453 - INFO - easyocr 结果: ['anbB(0.59)']
2026-01-03 07:18:31,550 - INFO - tesseract 结果: anbB
2026-01-03 07:18:31,610 - INFO - easyocr alt1 结果: ['anb8(0.70)']
2026-01-03 07:18:31,706 - INFO - tesseract alt1 结果: anbB
2026-01-03 07:18:31,765 - INFO - easyocr alt2 结果: ['anb8(0.72)']
2026-01-03 07:18:31,860 - INFO - tesseract alt2 结果: anbB
2026-01-03 07:18:32,014 - INFO - easyocr alt3 结果: ['anb8(0.60)']
2026-01-03 07:18:32,126 - INFO - tesseract alt3 结果: anbB
2026-01-03 07:18:32,186 - INFO - easyocr alt4 结果: ['anbB(0.71)']
2026-01-03 07:18:32,280 - INFO - tesseract alt4 结果: anbB
2026-01-03 07:18:32,339 - INFO - easyocr alt5 结果: ['anb8(0.23)']
2026-01-03 07:18:32,432 - INFO - tesseract alt5 结果: anbB
2026-01-03 07:18:32,432 - INFO - 最终验证码识别结果: anb8 (engine=easyocr_alt2, prob=0.7171865701675415)
2026-01-03 07:18:32,432 - INFO - 查找验证码输入框...
2026-01-03 07:18:32,487 - INFO - 验证码填写完成
2026-01-03 07:18:32,487 - INFO - 验证码填写完成，点击登录按钮...
2026-01-03 07:18:32,487 - INFO - 查找并点击登录按钮...
2026-01-03 07:18:32,864 - INFO - 已点击登录按钮
2026-01-03 07:18:39,884 - INFO - 开始填写登录表单...
2026-01-03 07:18:39,944 - INFO - 用户名填写完成
2026-01-03 07:18:39,999 - INFO - 密码填写完成
2026-01-03 07:18:40,000 - INFO - 验证码图片已保存到 /home/runner/work/nju_electric_monitor/nju_electric_monitor/src/../data/captcha_debug.png
2026-01-03 07:18:40,000 - INFO - 验证码识别尝试 22/30
2026-01-03 07:18:40,000 - INFO - 开始识别验证码...（easyocr + pytesseract）
2026-01-03 07:18:40,112 - INFO - easyocr 结果: ['anbB(0.59)']
2026-01-03 07:18:40,210 - INFO - tesseract 结果: anbB
2026-01-03 07:18:40,270 - INFO - easyocr alt1 结果: ['anb8(0.70)']
2026-01-03 07:18:40,368 - INFO - tesseract alt1 结果: anbB
2026-01-03 07:18:40,428 - INFO - easyocr alt2 结果: ['anb8(0.72)']
2026-01-03 07:18:40,524 - INFO - tesseract alt2 结果: anbB
2026-01-03 07:18:40,678 - INFO - easyocr alt3 结果: ['anb8(0.60)']
2026-01-03 07:18:40,787 - INFO - tesseract alt3 结果: anbB
2026-01-03 07:18:40,854 - INFO - easyocr alt4 结果: ['anbB(0.71)']
2026-01-03 07:18:40,950 - INFO - tesseract alt4 结果: anbB
2026-01-03 07:18:41,009 - INFO - easyocr alt5 结果: ['anb8(0.23)']
2026-01-03 07:18:41,106 - INFO - tesseract alt5 结果: anbB
2026-01-03 07:18:41,106 - INFO - 最终验证码识别结果: anb8 (engine=easyocr_alt2, prob=0.7171865701675415)
2026-01-03 07:18:41,106 - INFO - 查找验证码输入框...
2026-01-03 07:18:41,162 - INFO - 验证码填写完成
2026-01-03 07:18:41,163 - INFO - 验证码填写完成，点击登录按钮...
2026-01-03 07:18:41,163 - INFO - 查找并点击登录按钮...
2026-01-03 07:18:41,544 - INFO - 已点击登录按钮
2026-01-03 07:18:48,564 - INFO - 开始填写登录表单...
2026-01-03 07:18:48,625 - INFO - 用户名填写完成
2026-01-03 07:18:48,683 - INFO - 密码填写完成
2026-01-03 07:18:48,684 - INFO - 验证码图片已保存到 /home/runner/work/nju_electric_monitor/nju_electric_monitor/src/../data/captcha_debug.png
2026-01-03 07:18:48,684 - INFO - 验证码识别尝试 23/30
2026-01-03 07:18:48,684 - INFO - 开始识别验证码...（easyocr + pytesseract）
2026-01-03 07:18:48,782 - INFO - easyocr 结果: ['anbB(0.59)']
2026-01-03 07:18:48,879 - INFO - tesseract 结果: anbB
2026-01-03 07:18:48,941 - INFO - easyocr alt1 结果: ['anb8(0.70)']
2026-01-03 07:18:49,041 - INFO - tesseract alt1 结果: anbB
2026-01-03 07:18:49,101 - INFO - easyocr alt2 结果: ['anb8(0.72)']
2026-01-03 07:18:49,197 - INFO - tesseract alt2 结果: anbB
2026-01-03 07:18:49,352 - INFO - easyocr alt3 结果: ['anb8(0.60)']
2026-01-03 07:18:49,461 - INFO - tesseract alt3 结果: anbB
2026-01-03 07:18:49,521 - INFO - easyocr alt4 结果: ['anbB(0.71)']
2026-01-03 07:18:49,618 - INFO - tesseract alt4 结果: anbB
2026-01-03 07:18:49,679 - INFO - easyocr alt5 结果: ['anb8(0.23)']
2026-01-03 07:18:49,776 - INFO - tesseract alt5 结果: anbB
2026-01-03 07:18:49,776 - INFO - 最终验证码识别结果: anb8 (engine=easyocr_alt2, prob=0.7171865701675415)
2026-01-03 07:18:49,776 - INFO - 查找验证码输入框...
2026-01-03 07:18:49,831 - INFO - 验证码填写完成
2026-01-03 07:18:49,832 - INFO - 验证码填写完成，点击登录按钮...
2026-01-03 07:18:49,832 - INFO - 查找并点击登录按钮...
2026-01-03 07:18:50,210 - INFO - 已点击登录按钮
2026-01-03 07:18:57,230 - INFO - 开始填写登录表单...
2026-01-03 07:18:57,291 - INFO - 用户名填写完成
2026-01-03 07:18:57,349 - INFO - 密码填写完成
2026-01-03 07:18:57,350 - INFO - 验证码图片已保存到 /home/runner/work/nju_electric_monitor/nju_electric_monitor/src/../data/captcha_debug.png
2026-01-03 07:18:57,350 - INFO - 验证码识别尝试 24/30
2026-01-03 07:18:57,350 - INFO - 开始识别验证码...（easyocr + pytesseract）
2026-01-03 07:18:57,446 - INFO - easyocr 结果: ['anbB(0.59)']
2026-01-03 07:18:57,543 - INFO - tesseract 结果: anbB
2026-01-03 07:18:57,603 - INFO - easyocr alt1 结果: ['anb8(0.70)']
2026-01-03 07:18:57,697 - INFO - tesseract alt1 结果: anbB
2026-01-03 07:18:57,764 - INFO - easyocr alt2 结果: ['anb8(0.72)']
2026-01-03 07:18:57,858 - INFO - tesseract alt2 结果: anbB
2026-01-03 07:18:58,013 - INFO - easyocr alt3 结果: ['anb8(0.60)']
2026-01-03 07:18:58,123 - INFO - tesseract alt3 结果: anbB
2026-01-03 07:18:58,182 - INFO - easyocr alt4 结果: ['anbB(0.71)']
2026-01-03 07:18:58,276 - INFO - tesseract alt4 结果: anbB
2026-01-03 07:18:58,335 - INFO - easyocr alt5 结果: ['anb8(0.23)']
2026-01-03 07:18:58,430 - INFO - tesseract alt5 结果: anbB
2026-01-03 07:18:58,430 - INFO - 最终验证码识别结果: anb8 (engine=easyocr_alt2, prob=0.7171865701675415)
2026-01-03 07:18:58,430 - INFO - 查找验证码输入框...
2026-01-03 07:18:58,484 - INFO - 验证码填写完成
2026-01-03 07:18:58,484 - INFO - 验证码填写完成，点击登录按钮...
2026-01-03 07:18:58,484 - INFO - 查找并点击登录按钮...
2026-01-03 07:18:58,864 - INFO - 已点击登录按钮
2026-01-03 07:19:05,884 - INFO - 开始填写登录表单...
2026-01-03 07:19:05,945 - INFO - 用户名填写完成
2026-01-03 07:19:06,002 - INFO - 密码填写完成
2026-01-03 07:19:06,003 - INFO - 验证码图片已保存到 /home/runner/work/nju_electric_monitor/nju_electric_monitor/src/../data/captcha_debug.png
2026-01-03 07:19:06,003 - INFO - 验证码识别尝试 25/30
2026-01-03 07:19:06,003 - INFO - 开始识别验证码...（easyocr + pytesseract）
2026-01-03 07:19:06,102 - INFO - easyocr 结果: ['anbB(0.59)']
2026-01-03 07:19:06,199 - INFO - tesseract 结果: anbB
2026-01-03 07:19:06,260 - INFO - easyocr alt1 结果: ['anb8(0.70)']
2026-01-03 07:19:06,362 - INFO - tesseract alt1 结果: anbB
2026-01-03 07:19:06,423 - INFO - easyocr alt2 结果: ['anb8(0.72)']
2026-01-03 07:19:06,517 - INFO - tesseract alt2 结果: anbB
2026-01-03 07:19:06,672 - INFO - easyocr alt3 结果: ['anb8(0.60)']
2026-01-03 07:19:06,785 - INFO - tesseract alt3 结果: anbB
2026-01-03 07:19:06,844 - INFO - easyocr alt4 结果: ['anbB(0.71)']
2026-01-03 07:19:06,940 - INFO - tesseract alt4 结果: anbB
2026-01-03 07:19:06,999 - INFO - easyocr alt5 结果: ['anb8(0.23)']
2026-01-03 07:19:07,099 - INFO - tesseract alt5 结果: anbB
2026-01-03 07:19:07,099 - INFO - 最终验证码识别结果: anb8 (engine=easyocr_alt2, prob=0.7171865701675415)
2026-01-03 07:19:07,099 - INFO - 查找验证码输入框...
2026-01-03 07:19:07,156 - INFO - 验证码填写完成
2026-01-03 07:19:07,156 - INFO - 验证码填写完成，点击登录按钮...
2026-01-03 07:19:07,156 - INFO - 查找并点击登录按钮...
2026-01-03 07:19:07,539 - INFO - 已点击登录按钮
2026-01-03 07:19:14,559 - INFO - 开始填写登录表单...
2026-01-03 07:19:14,619 - INFO - 用户名填写完成
2026-01-03 07:19:14,677 - INFO - 密码填写完成
2026-01-03 07:19:14,677 - INFO - 验证码图片已保存到 /home/runner/work/nju_electric_monitor/nju_electric_monitor/src/../data/captcha_debug.png
2026-01-03 07:19:14,678 - INFO - 验证码识别尝试 26/30
2026-01-03 07:19:14,678 - INFO - 开始识别验证码...（easyocr + pytesseract）
2026-01-03 07:19:14,774 - INFO - easyocr 结果: ['anbB(0.59)']
2026-01-03 07:19:14,877 - INFO - tesseract 结果: anbB
2026-01-03 07:19:14,938 - INFO - easyocr alt1 结果: ['anb8(0.70)']
2026-01-03 07:19:15,035 - INFO - tesseract alt1 结果: anbB
2026-01-03 07:19:15,095 - INFO - easyocr alt2 结果: ['anb8(0.72)']
2026-01-03 07:19:15,199 - INFO - tesseract alt2 结果: anbB
2026-01-03 07:19:15,355 - INFO - easyocr alt3 结果: ['anb8(0.60)']
2026-01-03 07:19:15,465 - INFO - tesseract alt3 结果: anbB
2026-01-03 07:19:15,525 - INFO - easyocr alt4 结果: ['anbB(0.71)']
2026-01-03 07:19:15,620 - INFO - tesseract alt4 结果: anbB
2026-01-03 07:19:15,679 - INFO - easyocr alt5 结果: ['anb8(0.23)']
2026-01-03 07:19:15,777 - INFO - tesseract alt5 结果: anbB
2026-01-03 07:19:15,777 - INFO - 最终验证码识别结果: anb8 (engine=easyocr_alt2, prob=0.7171865701675415)
2026-01-03 07:19:15,777 - INFO - 查找验证码输入框...
2026-01-03 07:19:15,832 - INFO - 验证码填写完成
2026-01-03 07:19:15,832 - INFO - 验证码填写完成，点击登录按钮...
2026-01-03 07:19:15,832 - INFO - 查找并点击登录按钮...
2026-01-03 07:19:16,213 - INFO - 已点击登录按钮
2026-01-03 07:19:23,233 - INFO - 开始填写登录表单...
2026-01-03 07:19:23,295 - INFO - 用户名填写完成
2026-01-03 07:19:23,354 - INFO - 密码填写完成
2026-01-03 07:19:23,354 - INFO - 验证码图片已保存到 /home/runner/work/nju_electric_monitor/nju_electric_monitor/src/../data/captcha_debug.png
2026-01-03 07:19:23,354 - INFO - 验证码识别尝试 27/30
2026-01-03 07:19:23,354 - INFO - 开始识别验证码...（easyocr + pytesseract）
2026-01-03 07:19:23,451 - INFO - easyocr 结果: ['anbB(0.59)']
2026-01-03 07:19:23,551 - INFO - tesseract 结果: anbB
2026-01-03 07:19:23,612 - INFO - easyocr alt1 结果: ['anb8(0.70)']
2026-01-03 07:19:23,708 - INFO - tesseract alt1 结果: anbB
2026-01-03 07:19:23,767 - INFO - easyocr alt2 结果: ['anb8(0.72)']
2026-01-03 07:19:23,862 - INFO - tesseract alt2 结果: anbB
2026-01-03 07:19:24,017 - INFO - easyocr alt3 结果: ['anb8(0.60)']
2026-01-03 07:19:24,127 - INFO - tesseract alt3 结果: anbB
2026-01-03 07:19:24,205 - INFO - easyocr alt4 结果: ['anbB(0.71)']
2026-01-03 07:19:24,306 - INFO - tesseract alt4 结果: anbB
2026-01-03 07:19:24,366 - INFO - easyocr alt5 结果: ['anb8(0.23)']
2026-01-03 07:19:24,464 - INFO - tesseract alt5 结果: anbB
2026-01-03 07:19:24,465 - INFO - 最终验证码识别结果: anb8 (engine=easyocr_alt2, prob=0.7171865701675415)
2026-01-03 07:19:24,465 - INFO - 查找验证码输入框...
2026-01-03 07:19:24,521 - INFO - 验证码填写完成
2026-01-03 07:19:24,521 - INFO - 验证码填写完成，点击登录按钮...
2026-01-03 07:19:24,521 - INFO - 查找并点击登录按钮...
2026-01-03 07:19:24,899 - INFO - 已点击登录按钮
2026-01-03 07:19:31,918 - INFO - 开始填写登录表单...
2026-01-03 07:19:31,978 - INFO - 用户名填写完成
2026-01-03 07:19:32,034 - INFO - 密码填写完成
2026-01-03 07:19:32,035 - INFO - 验证码图片已保存到 /home/runner/work/nju_electric_monitor/nju_electric_monitor/src/../data/captcha_debug.png
2026-01-03 07:19:32,035 - INFO - 验证码识别尝试 28/30
2026-01-03 07:19:32,035 - INFO - 开始识别验证码...（easyocr + pytesseract）
2026-01-03 07:19:32,132 - INFO - easyocr 结果: ['anbB(0.59)']
2026-01-03 07:19:32,231 - INFO - tesseract 结果: anbB
2026-01-03 07:19:32,307 - INFO - easyocr alt1 结果: ['anb8(0.70)']
2026-01-03 07:19:32,403 - INFO - tesseract alt1 结果: anbB
2026-01-03 07:19:32,462 - INFO - easyocr alt2 结果: ['anb8(0.72)']
2026-01-03 07:19:32,561 - INFO - tesseract alt2 结果: anbB
2026-01-03 07:19:32,716 - INFO - easyocr alt3 结果: ['anb8(0.60)']
2026-01-03 07:19:32,828 - INFO - tesseract alt3 结果: anbB
2026-01-03 07:19:32,887 - INFO - easyocr alt4 结果: ['anbB(0.71)']
2026-01-03 07:19:32,984 - INFO - tesseract alt4 结果: anbB
2026-01-03 07:19:33,043 - INFO - easyocr alt5 结果: ['anb8(0.23)']
2026-01-03 07:19:33,141 - INFO - tesseract alt5 结果: anbB
2026-01-03 07:19:33,141 - INFO - 最终验证码识别结果: anb8 (engine=easyocr_alt2, prob=0.7171865701675415)
2026-01-03 07:19:33,141 - INFO - 查找验证码输入框...
2026-01-03 07:19:33,197 - INFO - 验证码填写完成
2026-01-03 07:19:33,197 - INFO - 验证码填写完成，点击登录按钮...
2026-01-03 07:19:33,197 - INFO - 查找并点击登录按钮...
2026-01-03 07:19:33,583 - INFO - 已点击登录按钮
2026-01-03 07:19:40,602 - INFO - 开始填写登录表单...
2026-01-03 07:19:40,661 - INFO - 用户名填写完成
2026-01-03 07:19:40,717 - INFO - 密码填写完成
2026-01-03 07:19:40,717 - INFO - 验证码图片已保存到 /home/runner/work/nju_electric_monitor/nju_electric_monitor/src/../data/captcha_debug.png
2026-01-03 07:19:40,717 - INFO - 验证码识别尝试 29/30
2026-01-03 07:19:40,717 - INFO - 开始识别验证码...（easyocr + pytesseract）
2026-01-03 07:19:40,824 - INFO - easyocr 结果: ['anbB(0.59)']
2026-01-03 07:19:40,919 - INFO - tesseract 结果: anbB
2026-01-03 07:19:40,979 - INFO - easyocr alt1 结果: ['anb8(0.70)']
2026-01-03 07:19:41,079 - INFO - tesseract alt1 结果: anbB
2026-01-03 07:19:41,138 - INFO - easyocr alt2 结果: ['anb8(0.72)']
2026-01-03 07:19:41,235 - INFO - tesseract alt2 结果: anbB
2026-01-03 07:19:41,388 - INFO - easyocr alt3 结果: ['anb8(0.60)']
2026-01-03 07:19:41,496 - INFO - tesseract alt3 结果: anbB
2026-01-03 07:19:41,556 - INFO - easyocr alt4 结果: ['anbB(0.71)']
2026-01-03 07:19:41,652 - INFO - tesseract alt4 结果: anbB
2026-01-03 07:19:41,712 - INFO - easyocr alt5 结果: ['anb8(0.23)']
2026-01-03 07:19:41,812 - INFO - tesseract alt5 结果: anbB
2026-01-03 07:19:41,812 - INFO - 最终验证码识别结果: anb8 (engine=easyocr_alt2, prob=0.7171865701675415)
2026-01-03 07:19:41,813 - INFO - 查找验证码输入框...
2026-01-03 07:19:41,867 - INFO - 验证码填写完成
2026-01-03 07:19:41,867 - INFO - 验证码填写完成，点击登录按钮...
2026-01-03 07:19:41,867 - INFO - 查找并点击登录按钮...
2026-01-03 07:19:42,245 - INFO - 已点击登录按钮
2026-01-03 07:19:49,266 - INFO - 开始填写登录表单...
2026-01-03 07:19:49,328 - INFO - 用户名填写完成
2026-01-03 07:19:49,388 - INFO - 密码填写完成
2026-01-03 07:19:49,388 - INFO - 验证码图片已保存到 /home/runner/work/nju_electric_monitor/nju_electric_monitor/src/../data/captcha_debug.png
2026-01-03 07:19:49,388 - INFO - 验证码识别尝试 30/30
2026-01-03 07:19:49,388 - INFO - 开始识别验证码...（easyocr + pytesseract）
2026-01-03 07:19:49,487 - INFO - easyocr 结果: ['anbB(0.59)']
2026-01-03 07:19:49,587 - INFO - tesseract 结果: anbB
2026-01-03 07:19:49,648 - INFO - easyocr alt1 结果: ['anb8(0.70)']
2026-01-03 07:19:49,750 - INFO - tesseract alt1 结果: anbB
2026-01-03 07:19:49,810 - INFO - easyocr alt2 结果: ['anb8(0.72)']
2026-01-03 07:19:49,908 - INFO - tesseract alt2 结果: anbB
2026-01-03 07:19:50,065 - INFO - easyocr alt3 结果: ['anb8(0.60)']
2026-01-03 07:19:50,177 - INFO - tesseract alt3 结果: anbB
2026-01-03 07:19:50,238 - INFO - easyocr alt4 结果: ['anbB(0.71)']
2026-01-03 07:19:50,336 - INFO - tesseract alt4 结果: anbB
2026-01-03 07:19:50,396 - INFO - easyocr alt5 结果: ['anb8(0.23)']
2026-01-03 07:19:50,494 - INFO - tesseract alt5 结果: anbB
2026-01-03 07:19:50,494 - INFO - 最终验证码识别结果: anb8 (engine=easyocr_alt2, prob=0.7171865701675415)
2026-01-03 07:19:50,494 - INFO - 查找验证码输入框...
2026-01-03 07:19:50,550 - INFO - 验证码填写完成
2026-01-03 07:19:50,550 - INFO - 验证码填写完成，点击登录按钮...
2026-01-03 07:19:50,550 - INFO - 查找并点击登录按钮...
2026-01-03 07:19:50,934 - INFO - 已点击登录按钮
2026-01-03 07:19:57,954 - WARNING - 自动验证码识别失败，请手动输入
2026-01-03 07:19:57,954 - ERROR - 处理验证码时出错: EOF when reading a line
2026-01-03 07:19:57,954 - WARNING - 验证码处理失败，但继续尝试登录
2026-01-03 07:19:57,954 - INFO - 查找并点击登录按钮...
2026-01-03 07:19:58,009 - INFO - 已点击登录按钮
2026-01-03 07:20:03,010 - INFO - 等待登录成功...
2026-01-03 07:20:08,015 - INFO - 登录可能成功，继续下一步...
2026-01-03 07:20:08,015 - INFO - 查找'去充值'按钮...
2026-01-03 07:20:08,075 - INFO - 已点击充值按钮
2026-01-03 07:20:11,076 - INFO - 开始提取剩余电量信息...
2026-01-03 07:20:11,080 - INFO - 页面源码已保存到 /home/runner/work/nju_electric_monitor/nju_electric_monitor/src/../data/debug_page_source.html
2026-01-03 07:20:11,090 - WARNING - 未找到电量信息元素，尝试其他方法...
2026-01-03 07:20:11,098 - WARNING - 未找到i标签中的电量信息，尝试其他方法...
2026-01-03 07:20:11,101 - INFO - 在页面源码中查找电量信息...
2026-01-03 07:20:11,112 - WARNING - 未能提取到剩余电量信息
2026-01-03 07:20:11,112 - WARNING - 没有电量数据可保存
2026-01-03 07:20:11,112 - INFO - 监控流程完成
