2026-01-03 13:26:53,260 - INFO - Matplotlib 字体设置：使用回退字体列表，首选可用字体: Noto Sans CJK JP
2026-01-03 13:26:54,698 - INFO - 使用 ChromeDriver: /usr/bin/chromedriver
2026-01-03 13:26:54,698 - WARNING - Using CPU. Note: This module is much faster with a GPU.
2026-01-03 13:26:56,303 - INFO - OCR识别器初始化成功
2026-01-03 13:26:56,304 - INFO - 开始南京大学电费监控流程（自动无头模式）
2026-01-03 13:26:56,304 - INFO - 正在打开页面: https://epay.nju.edu.cn/epay/h5/nju/electric/index
2026-01-03 13:27:04,403 - INFO - 等待登录表单加载...
2026-01-03 13:27:04,413 - INFO - 登录表单已加载
2026-01-03 13:27:04,413 - INFO - 开始填写登录表单...
2026-01-03 13:27:04,476 - INFO - 用户名填写完成
2026-01-03 13:27:04,544 - INFO - 密码填写完成
2026-01-03 13:27:04,544 - INFO - 检查是否有验证码...
2026-01-03 13:27:04,544 - INFO - 查找验证码图片...
2026-01-03 13:27:04,564 - INFO - 找到验证码图片，开始截图...
2026-01-03 13:27:04,615 - INFO - 验证码图片截取成功
2026-01-03 13:27:04,615 - INFO - 开始填写登录表单...
2026-01-03 13:27:04,693 - INFO - 用户名填写完成
2026-01-03 13:27:04,752 - INFO - 密码填写完成
2026-01-03 13:27:04,753 - INFO - 验证码图片已保存到 /home/runner/work/nju_electric_monitor/nju_electric_monitor/src/../data/captcha_debug.png
2026-01-03 13:27:04,753 - INFO - 验证码识别尝试 1/30
2026-01-03 13:27:04,754 - INFO - 开始识别验证码...（easyocr + pytesseract）
2026-01-03 13:27:04,880 - INFO - easyocr 结果: ['254(0.15)']
2026-01-03 13:27:05,023 - INFO - tesseract 结果: ZZ254
2026-01-03 13:27:05,088 - INFO - easyocr alt1 结果: ['2254(0.78)']
2026-01-03 13:27:05,186 - INFO - tesseract alt1 结果: ZZ94
2026-01-03 13:27:05,246 - INFO - easyocr alt2 结果: ['Z54(0.28)']
2026-01-03 13:27:05,339 - INFO - tesseract alt2 结果: ZZ94
2026-01-03 13:27:05,501 - INFO - easyocr alt3 结果: ['2Z54(0.18)']
2026-01-03 13:27:05,599 - INFO - tesseract alt3 结果: 
2026-01-03 13:27:05,659 - INFO - easyocr alt4 结果: ['ZZ54(0.38)']
2026-01-03 13:27:05,756 - INFO - tesseract alt4 结果: Zzo4
2026-01-03 13:27:05,819 - INFO - easyocr alt5 结果: ['Z54(0.35)']
2026-01-03 13:27:05,911 - INFO - tesseract alt5 结果: 
2026-01-03 13:27:05,911 - INFO - 最终验证码识别结果: 2254 (engine=easyocr_alt1, prob=0.7754034996032715)
2026-01-03 13:27:05,911 - INFO - 查找验证码输入框...
2026-01-03 13:27:05,970 - INFO - 验证码填写完成
2026-01-03 13:27:05,970 - INFO - 验证码填写完成，点击登录按钮...
2026-01-03 13:27:05,970 - INFO - 查找并点击登录按钮...
2026-01-03 13:27:06,306 - INFO - 已点击登录按钮
2026-01-03 13:27:13,333 - INFO - 开始填写登录表单...
2026-01-03 13:27:13,392 - INFO - 用户名填写完成
2026-01-03 13:27:13,451 - INFO - 密码填写完成
2026-01-03 13:27:13,452 - INFO - 验证码图片已保存到 /home/runner/work/nju_electric_monitor/nju_electric_monitor/src/../data/captcha_debug.png
2026-01-03 13:27:13,452 - INFO - 验证码识别尝试 2/30
2026-01-03 13:27:13,452 - INFO - 开始识别验证码...（easyocr + pytesseract）
2026-01-03 13:27:13,548 - INFO - easyocr 结果: ['254(0.15)']
2026-01-03 13:27:13,642 - INFO - tesseract 结果: ZZ254
2026-01-03 13:27:13,702 - INFO - easyocr alt1 结果: ['2254(0.78)']
2026-01-03 13:27:13,801 - INFO - tesseract alt1 结果: ZZ94
2026-01-03 13:27:13,860 - INFO - easyocr alt2 结果: ['Z54(0.28)']
2026-01-03 13:27:13,955 - INFO - tesseract alt2 结果: ZZ94
2026-01-03 13:27:14,107 - INFO - easyocr alt3 结果: ['2Z54(0.18)']
2026-01-03 13:27:14,204 - INFO - tesseract alt3 结果: 
2026-01-03 13:27:14,262 - INFO - easyocr alt4 结果: ['ZZ54(0.38)']
2026-01-03 13:27:14,364 - INFO - tesseract alt4 结果: Zzo4
2026-01-03 13:27:14,422 - INFO - easyocr alt5 结果: ['Z54(0.35)']
2026-01-03 13:27:14,517 - INFO - tesseract alt5 结果: 
2026-01-03 13:27:14,517 - INFO - 最终验证码识别结果: 2254 (engine=easyocr_alt1, prob=0.7754034996032715)
2026-01-03 13:27:14,517 - INFO - 查找验证码输入框...
2026-01-03 13:27:14,571 - INFO - 验证码填写完成
2026-01-03 13:27:14,571 - INFO - 验证码填写完成，点击登录按钮...
2026-01-03 13:27:14,571 - INFO - 查找并点击登录按钮...
2026-01-03 13:27:14,625 - INFO - 已点击登录按钮
2026-01-03 13:27:21,646 - INFO - 开始填写登录表单...
2026-01-03 13:27:21,704 - INFO - 用户名填写完成
2026-01-03 13:27:21,763 - INFO - 密码填写完成
2026-01-03 13:27:21,764 - INFO - 验证码图片已保存到 /home/runner/work/nju_electric_monitor/nju_electric_monitor/src/../data/captcha_debug.png
2026-01-03 13:27:21,764 - INFO - 验证码识别尝试 3/30
2026-01-03 13:27:21,764 - INFO - 开始识别验证码...（easyocr + pytesseract）
2026-01-03 13:27:21,859 - INFO - easyocr 结果: ['254(0.15)']
2026-01-03 13:27:21,960 - INFO - tesseract 结果: ZZ254
2026-01-03 13:27:22,020 - INFO - easyocr alt1 结果: ['2254(0.78)']
2026-01-03 13:27:22,118 - INFO - tesseract alt1 结果: ZZ94
2026-01-03 13:27:22,176 - INFO - easyocr alt2 结果: ['Z54(0.28)']
2026-01-03 13:27:22,274 - INFO - tesseract alt2 结果: ZZ94
2026-01-03 13:27:22,428 - INFO - easyocr alt3 结果: ['2Z54(0.18)']
2026-01-03 13:27:22,528 - INFO - tesseract alt3 结果: 
2026-01-03 13:27:22,586 - INFO - easyocr alt4 结果: ['ZZ54(0.38)']
2026-01-03 13:27:22,688 - INFO - tesseract alt4 结果: Zzo4
2026-01-03 13:27:22,747 - INFO - easyocr alt5 结果: ['Z54(0.35)']
2026-01-03 13:27:22,838 - INFO - tesseract alt5 结果: 
2026-01-03 13:27:22,838 - INFO - 最终验证码识别结果: 2254 (engine=easyocr_alt1, prob=0.7754034996032715)
2026-01-03 13:27:22,838 - INFO - 查找验证码输入框...
2026-01-03 13:27:22,894 - INFO - 验证码填写完成
2026-01-03 13:27:22,894 - INFO - 验证码填写完成，点击登录按钮...
2026-01-03 13:27:22,894 - INFO - 查找并点击登录按钮...
2026-01-03 13:27:23,212 - INFO - 已点击登录按钮
2026-01-03 13:27:30,232 - INFO - 开始填写登录表单...
2026-01-03 13:27:30,292 - INFO - 用户名填写完成
2026-01-03 13:27:30,349 - INFO - 密码填写完成
2026-01-03 13:27:30,349 - INFO - 验证码图片已保存到 /home/runner/work/nju_electric_monitor/nju_electric_monitor/src/../data/captcha_debug.png
2026-01-03 13:27:30,349 - INFO - 验证码识别尝试 4/30
2026-01-03 13:27:30,349 - INFO - 开始识别验证码...（easyocr + pytesseract）
2026-01-03 13:27:30,446 - INFO - easyocr 结果: ['254(0.15)']
2026-01-03 13:27:30,541 - INFO - tesseract 结果: ZZ254
2026-01-03 13:27:30,600 - INFO - easyocr alt1 结果: ['2254(0.78)']
2026-01-03 13:27:30,695 - INFO - tesseract alt1 结果: ZZ94
2026-01-03 13:27:30,754 - INFO - easyocr alt2 结果: ['Z54(0.28)']
2026-01-03 13:27:30,849 - INFO - tesseract alt2 结果: ZZ94
2026-01-03 13:27:31,004 - INFO - easyocr alt3 结果: ['2Z54(0.18)']
2026-01-03 13:27:31,110 - INFO - tesseract alt3 结果: 
2026-01-03 13:27:31,170 - INFO - easyocr alt4 结果: ['ZZ54(0.38)']
2026-01-03 13:27:31,271 - INFO - tesseract alt4 结果: Zzo4
2026-01-03 13:27:31,330 - INFO - easyocr alt5 结果: ['Z54(0.35)']
2026-01-03 13:27:31,423 - INFO - tesseract alt5 结果: 
2026-01-03 13:27:31,423 - INFO - 最终验证码识别结果: 2254 (engine=easyocr_alt1, prob=0.7754034996032715)
2026-01-03 13:27:31,423 - INFO - 查找验证码输入框...
2026-01-03 13:27:31,479 - INFO - 验证码填写完成
2026-01-03 13:27:31,479 - INFO - 验证码填写完成，点击登录按钮...
2026-01-03 13:27:31,479 - INFO - 查找并点击登录按钮...
2026-01-03 13:27:31,795 - INFO - 已点击登录按钮
2026-01-03 13:27:38,814 - INFO - 开始填写登录表单...
2026-01-03 13:27:38,873 - INFO - 用户名填写完成
2026-01-03 13:27:38,931 - INFO - 密码填写完成
2026-01-03 13:27:38,931 - INFO - 验证码图片已保存到 /home/runner/work/nju_electric_monitor/nju_electric_monitor/src/../data/captcha_debug.png
2026-01-03 13:27:38,931 - INFO - 验证码识别尝试 5/30
2026-01-03 13:27:38,931 - INFO - 开始识别验证码...（easyocr + pytesseract）
2026-01-03 13:27:39,029 - INFO - easyocr 结果: ['254(0.15)']
2026-01-03 13:27:39,124 - INFO - tesseract 结果: ZZ254
2026-01-03 13:27:39,184 - INFO - easyocr alt1 结果: ['2254(0.78)']
2026-01-03 13:27:39,278 - INFO - tesseract alt1 结果: ZZ94
2026-01-03 13:27:39,337 - INFO - easyocr alt2 结果: ['Z54(0.28)']
2026-01-03 13:27:39,430 - INFO - tesseract alt2 结果: ZZ94
2026-01-03 13:27:39,597 - INFO - easyocr alt3 结果: ['2Z54(0.18)']
2026-01-03 13:27:39,694 - INFO - tesseract alt3 结果: 
2026-01-03 13:27:39,756 - INFO - easyocr alt4 结果: ['ZZ54(0.38)']
2026-01-03 13:27:39,855 - INFO - tesseract alt4 结果: Zzo4
2026-01-03 13:27:39,915 - INFO - easyocr alt5 结果: ['Z54(0.35)']
2026-01-03 13:27:40,006 - INFO - tesseract alt5 结果: 
2026-01-03 13:27:40,007 - INFO - 最终验证码识别结果: 2254 (engine=easyocr_alt1, prob=0.7754034996032715)
2026-01-03 13:27:40,007 - INFO - 查找验证码输入框...
2026-01-03 13:27:40,063 - INFO - 验证码填写完成
2026-01-03 13:27:40,063 - INFO - 验证码填写完成，点击登录按钮...
2026-01-03 13:27:40,063 - INFO - 查找并点击登录按钮...
2026-01-03 13:27:40,380 - INFO - 已点击登录按钮
2026-01-03 13:27:47,400 - INFO - 开始填写登录表单...
2026-01-03 13:27:47,459 - INFO - 用户名填写完成
2026-01-03 13:27:47,516 - INFO - 密码填写完成
2026-01-03 13:27:47,516 - INFO - 验证码图片已保存到 /home/runner/work/nju_electric_monitor/nju_electric_monitor/src/../data/captcha_debug.png
2026-01-03 13:27:47,516 - INFO - 验证码识别尝试 6/30
2026-01-03 13:27:47,516 - INFO - 开始识别验证码...（easyocr + pytesseract）
2026-01-03 13:27:47,612 - INFO - easyocr 结果: ['254(0.15)']
2026-01-03 13:27:47,708 - INFO - tesseract 结果: ZZ254
2026-01-03 13:27:47,767 - INFO - easyocr alt1 结果: ['2254(0.78)']
2026-01-03 13:27:47,859 - INFO - tesseract alt1 结果: ZZ94
2026-01-03 13:27:47,917 - INFO - easyocr alt2 结果: ['Z54(0.28)']
2026-01-03 13:27:48,012 - INFO - tesseract alt2 结果: ZZ94
2026-01-03 13:27:48,165 - INFO - easyocr alt3 结果: ['2Z54(0.18)']
2026-01-03 13:27:48,266 - INFO - tesseract alt3 结果: 
2026-01-03 13:27:48,325 - INFO - easyocr alt4 结果: ['ZZ54(0.38)']
2026-01-03 13:27:48,424 - INFO - tesseract alt4 结果: Zzo4
2026-01-03 13:27:48,482 - INFO - easyocr alt5 结果: ['Z54(0.35)']
2026-01-03 13:27:48,573 - INFO - tesseract alt5 结果: 
2026-01-03 13:27:48,573 - INFO - 最终验证码识别结果: 2254 (engine=easyocr_alt1, prob=0.7754034996032715)
2026-01-03 13:27:48,573 - INFO - 查找验证码输入框...
2026-01-03 13:27:48,628 - INFO - 验证码填写完成
2026-01-03 13:27:48,628 - INFO - 验证码填写完成，点击登录按钮...
2026-01-03 13:27:48,628 - INFO - 查找并点击登录按钮...
2026-01-03 13:27:48,945 - INFO - 已点击登录按钮
2026-01-03 13:27:55,964 - INFO - 开始填写登录表单...
2026-01-03 13:27:56,024 - INFO - 用户名填写完成
2026-01-03 13:27:56,081 - INFO - 密码填写完成
2026-01-03 13:27:56,082 - INFO - 验证码图片已保存到 /home/runner/work/nju_electric_monitor/nju_electric_monitor/src/../data/captcha_debug.png
2026-01-03 13:27:56,082 - INFO - 验证码识别尝试 7/30
2026-01-03 13:27:56,082 - INFO - 开始识别验证码...（easyocr + pytesseract）
2026-01-03 13:27:56,180 - INFO - easyocr 结果: ['254(0.15)']
2026-01-03 13:27:56,287 - INFO - tesseract 结果: ZZ254
2026-01-03 13:27:56,347 - INFO - easyocr alt1 结果: ['2254(0.78)']
2026-01-03 13:27:56,442 - INFO - tesseract alt1 结果: ZZ94
2026-01-03 13:27:56,500 - INFO - easyocr alt2 结果: ['Z54(0.28)']
2026-01-03 13:27:56,599 - INFO - tesseract alt2 结果: ZZ94
2026-01-03 13:27:56,768 - INFO - easyocr alt3 结果: ['2Z54(0.18)']
2026-01-03 13:27:56,871 - INFO - tesseract alt3 结果: 
2026-01-03 13:27:56,930 - INFO - easyocr alt4 结果: ['ZZ54(0.38)']
2026-01-03 13:27:57,026 - INFO - tesseract alt4 结果: Zzo4
2026-01-03 13:27:57,086 - INFO - easyocr alt5 结果: ['Z54(0.35)']
2026-01-03 13:27:57,180 - INFO - tesseract alt5 结果: 
2026-01-03 13:27:57,180 - INFO - 最终验证码识别结果: 2254 (engine=easyocr_alt1, prob=0.7754034996032715)
2026-01-03 13:27:57,180 - INFO - 查找验证码输入框...
2026-01-03 13:27:57,235 - INFO - 验证码填写完成
2026-01-03 13:27:57,236 - INFO - 验证码填写完成，点击登录按钮...
2026-01-03 13:27:57,236 - INFO - 查找并点击登录按钮...
2026-01-03 13:27:57,692 - INFO - 已点击登录按钮
2026-01-03 13:28:04,713 - INFO - 开始填写登录表单...
2026-01-03 13:28:04,773 - INFO - 用户名填写完成
2026-01-03 13:28:04,830 - INFO - 密码填写完成
2026-01-03 13:28:04,831 - INFO - 验证码图片已保存到 /home/runner/work/nju_electric_monitor/nju_electric_monitor/src/../data/captcha_debug.png
2026-01-03 13:28:04,831 - INFO - 验证码识别尝试 8/30
2026-01-03 13:28:04,831 - INFO - 开始识别验证码...（easyocr + pytesseract）
2026-01-03 13:28:04,927 - INFO - easyocr 结果: ['254(0.15)']
2026-01-03 13:28:05,027 - INFO - tesseract 结果: ZZ254
2026-01-03 13:28:05,088 - INFO - easyocr alt1 结果: ['2254(0.78)']
2026-01-03 13:28:05,183 - INFO - tesseract alt1 结果: ZZ94
2026-01-03 13:28:05,242 - INFO - easyocr alt2 结果: ['Z54(0.28)']
2026-01-03 13:28:05,340 - INFO - tesseract alt2 结果: ZZ94
2026-01-03 13:28:05,501 - INFO - easyocr alt3 结果: ['2Z54(0.18)']
2026-01-03 13:28:05,599 - INFO - tesseract alt3 结果: 
2026-01-03 13:28:05,657 - INFO - easyocr alt4 结果: ['ZZ54(0.38)']
2026-01-03 13:28:05,768 - INFO - tesseract alt4 结果: Zzo4
2026-01-03 13:28:05,865 - INFO - easyocr alt5 结果: ['Z54(0.35)']
2026-01-03 13:28:05,961 - INFO - tesseract alt5 结果: 
2026-01-03 13:28:05,962 - INFO - 最终验证码识别结果: 2254 (engine=easyocr_alt1, prob=0.7754034996032715)
2026-01-03 13:28:05,962 - INFO - 查找验证码输入框...
2026-01-03 13:28:06,022 - INFO - 验证码填写完成
2026-01-03 13:28:06,022 - INFO - 验证码填写完成，点击登录按钮...
2026-01-03 13:28:06,022 - INFO - 查找并点击登录按钮...
2026-01-03 13:28:06,352 - INFO - 已点击登录按钮
2026-01-03 13:28:13,372 - INFO - 开始填写登录表单...
2026-01-03 13:28:13,432 - INFO - 用户名填写完成
2026-01-03 13:28:13,490 - INFO - 密码填写完成
2026-01-03 13:28:13,491 - INFO - 验证码图片已保存到 /home/runner/work/nju_electric_monitor/nju_electric_monitor/src/../data/captcha_debug.png
2026-01-03 13:28:13,491 - INFO - 验证码识别尝试 9/30
2026-01-03 13:28:13,491 - INFO - 开始识别验证码...（easyocr + pytesseract）
2026-01-03 13:28:13,588 - INFO - easyocr 结果: ['254(0.15)']
2026-01-03 13:28:13,685 - INFO - tesseract 结果: ZZ254
2026-01-03 13:28:13,746 - INFO - easyocr alt1 结果: ['2254(0.78)']
2026-01-03 13:28:13,839 - INFO - tesseract alt1 结果: ZZ94
2026-01-03 13:28:13,898 - INFO - easyocr alt2 结果: ['Z54(0.28)']
2026-01-03 13:28:13,992 - INFO - tesseract alt2 结果: ZZ94
2026-01-03 13:28:14,146 - INFO - easyocr alt3 结果: ['2Z54(0.18)']
2026-01-03 13:28:14,248 - INFO - tesseract alt3 结果: 
2026-01-03 13:28:14,306 - INFO - easyocr alt4 结果: ['ZZ54(0.38)']
2026-01-03 13:28:14,403 - INFO - tesseract alt4 结果: Zzo4
2026-01-03 13:28:14,462 - INFO - easyocr alt5 结果: ['Z54(0.35)']
2026-01-03 13:28:14,554 - INFO - tesseract alt5 结果: 
2026-01-03 13:28:14,554 - INFO - 最终验证码识别结果: 2254 (engine=easyocr_alt1, prob=0.7754034996032715)
2026-01-03 13:28:14,554 - INFO - 查找验证码输入框...
2026-01-03 13:28:14,609 - INFO - 验证码填写完成
2026-01-03 13:28:14,609 - INFO - 验证码填写完成，点击登录按钮...
2026-01-03 13:28:14,609 - INFO - 查找并点击登录按钮...
2026-01-03 13:28:14,926 - INFO - 已点击登录按钮
2026-01-03 13:28:21,947 - INFO - 开始填写登录表单...
2026-01-03 13:28:22,007 - INFO - 用户名填写完成
2026-01-03 13:28:22,065 - INFO - 密码填写完成
2026-01-03 13:28:22,066 - INFO - 验证码图片已保存到 /home/runner/work/nju_electric_monitor/nju_electric_monitor/src/../data/captcha_debug.png
2026-01-03 13:28:22,066 - INFO - 验证码识别尝试 10/30
2026-01-03 13:28:22,066 - INFO - 开始识别验证码...（easyocr + pytesseract）
2026-01-03 13:28:22,163 - INFO - easyocr 结果: ['254(0.15)']
2026-01-03 13:28:22,258 - INFO - tesseract 结果: ZZ254
2026-01-03 13:28:22,318 - INFO - easyocr alt1 结果: ['2254(0.78)']
2026-01-03 13:28:22,414 - INFO - tesseract alt1 结果: ZZ94
2026-01-03 13:28:22,472 - INFO - easyocr alt2 结果: ['Z54(0.28)']
2026-01-03 13:28:22,568 - INFO - tesseract alt2 结果: ZZ94
2026-01-03 13:28:22,723 - INFO - easyocr alt3 结果: ['2Z54(0.18)']
2026-01-03 13:28:22,822 - INFO - tesseract alt3 结果: 
2026-01-03 13:28:22,882 - INFO - easyocr alt4 结果: ['ZZ54(0.38)']
2026-01-03 13:28:22,980 - INFO - tesseract alt4 结果: Zzo4
2026-01-03 13:28:23,039 - INFO - easyocr alt5 结果: ['Z54(0.35)']
2026-01-03 13:28:23,131 - INFO - tesseract alt5 结果: 
2026-01-03 13:28:23,131 - INFO - 最终验证码识别结果: 2254 (engine=easyocr_alt1, prob=0.7754034996032715)
2026-01-03 13:28:23,131 - INFO - 查找验证码输入框...
2026-01-03 13:28:23,188 - INFO - 验证码填写完成
2026-01-03 13:28:23,188 - INFO - 验证码填写完成，点击登录按钮...
2026-01-03 13:28:23,188 - INFO - 查找并点击登录按钮...
2026-01-03 13:28:23,505 - INFO - 已点击登录按钮
2026-01-03 13:28:30,525 - INFO - 开始填写登录表单...
2026-01-03 13:28:30,586 - INFO - 用户名填写完成
2026-01-03 13:28:30,644 - INFO - 密码填写完成
2026-01-03 13:28:30,645 - INFO - 验证码图片已保存到 /home/runner/work/nju_electric_monitor/nju_electric_monitor/src/../data/captcha_debug.png
2026-01-03 13:28:30,645 - INFO - 验证码识别尝试 11/30
2026-01-03 13:28:30,645 - INFO - 开始识别验证码...（easyocr + pytesseract）
2026-01-03 13:28:30,743 - INFO - easyocr 结果: ['254(0.15)']
2026-01-03 13:28:30,837 - INFO - tesseract 结果: ZZ254
2026-01-03 13:28:30,897 - INFO - easyocr alt1 结果: ['2254(0.78)']
2026-01-03 13:28:30,992 - INFO - tesseract alt1 结果: ZZ94
2026-01-03 13:28:31,051 - INFO - easyocr alt2 结果: ['Z54(0.28)']
2026-01-03 13:28:31,146 - INFO - tesseract alt2 结果: ZZ94
2026-01-03 13:28:31,299 - INFO - easyocr alt3 结果: ['2Z54(0.18)']
2026-01-03 13:28:31,397 - INFO - tesseract alt3 结果: 
2026-01-03 13:28:31,456 - INFO - easyocr alt4 结果: ['ZZ54(0.38)']
2026-01-03 13:28:31,556 - INFO - tesseract alt4 结果: Zzo4
2026-01-03 13:28:31,615 - INFO - easyocr alt5 结果: ['Z54(0.35)']
2026-01-03 13:28:31,706 - INFO - tesseract alt5 结果: 
2026-01-03 13:28:31,706 - INFO - 最终验证码识别结果: 2254 (engine=easyocr_alt1, prob=0.7754034996032715)
2026-01-03 13:28:31,706 - INFO - 查找验证码输入框...
2026-01-03 13:28:31,764 - INFO - 验证码填写完成
2026-01-03 13:28:31,764 - INFO - 验证码填写完成，点击登录按钮...
2026-01-03 13:28:31,764 - INFO - 查找并点击登录按钮...
2026-01-03 13:28:31,820 - INFO - 已点击登录按钮
2026-01-03 13:28:38,840 - INFO - 开始填写登录表单...
2026-01-03 13:28:38,903 - INFO - 用户名填写完成
2026-01-03 13:28:38,963 - INFO - 密码填写完成
2026-01-03 13:28:38,964 - INFO - 验证码图片已保存到 /home/runner/work/nju_electric_monitor/nju_electric_monitor/src/../data/captcha_debug.png
2026-01-03 13:28:38,964 - INFO - 验证码识别尝试 12/30
2026-01-03 13:28:38,964 - INFO - 开始识别验证码...（easyocr + pytesseract）
2026-01-03 13:28:39,070 - INFO - easyocr 结果: ['254(0.15)']
2026-01-03 13:28:39,165 - INFO - tesseract 结果: ZZ254
2026-01-03 13:28:39,225 - INFO - easyocr alt1 结果: ['2254(0.78)']
2026-01-03 13:28:39,318 - INFO - tesseract alt1 结果: ZZ94
2026-01-03 13:28:39,376 - INFO - easyocr alt2 结果: ['Z54(0.28)']
2026-01-03 13:28:39,469 - INFO - tesseract alt2 结果: ZZ94
2026-01-03 13:28:39,623 - INFO - easyocr alt3 结果: ['2Z54(0.18)']
2026-01-03 13:28:39,720 - INFO - tesseract alt3 结果: 
2026-01-03 13:28:39,778 - INFO - easyocr alt4 结果: ['ZZ54(0.38)']
2026-01-03 13:28:39,875 - INFO - tesseract alt4 结果: Zzo4
2026-01-03 13:28:39,934 - INFO - easyocr alt5 结果: ['Z54(0.35)']
2026-01-03 13:28:40,025 - INFO - tesseract alt5 结果: 
2026-01-03 13:28:40,025 - INFO - 最终验证码识别结果: 2254 (engine=easyocr_alt1, prob=0.7754034996032715)
2026-01-03 13:28:40,025 - INFO - 查找验证码输入框...
2026-01-03 13:28:40,081 - INFO - 验证码填写完成
2026-01-03 13:28:40,081 - INFO - 验证码填写完成，点击登录按钮...
2026-01-03 13:28:40,081 - INFO - 查找并点击登录按钮...
2026-01-03 13:28:40,137 - INFO - 已点击登录按钮
2026-01-03 13:28:47,158 - INFO - 开始填写登录表单...
2026-01-03 13:28:47,219 - INFO - 用户名填写完成
2026-01-03 13:28:47,278 - INFO - 密码填写完成
2026-01-03 13:28:47,279 - INFO - 验证码图片已保存到 /home/runner/work/nju_electric_monitor/nju_electric_monitor/src/../data/captcha_debug.png
2026-01-03 13:28:47,279 - INFO - 验证码识别尝试 13/30
2026-01-03 13:28:47,279 - INFO - 开始识别验证码...（easyocr + pytesseract）
2026-01-03 13:28:47,375 - INFO - easyocr 结果: ['254(0.15)']
2026-01-03 13:28:47,477 - INFO - tesseract 结果: ZZ254
2026-01-03 13:28:47,537 - INFO - easyocr alt1 结果: ['2254(0.78)']
2026-01-03 13:28:47,631 - INFO - tesseract alt1 结果: ZZ94
2026-01-03 13:28:47,690 - INFO - easyocr alt2 结果: ['Z54(0.28)']
2026-01-03 13:28:47,785 - INFO - tesseract alt2 结果: ZZ94
2026-01-03 13:28:47,939 - INFO - easyocr alt3 结果: ['2Z54(0.18)']
2026-01-03 13:28:48,038 - INFO - tesseract alt3 结果: 
2026-01-03 13:28:48,099 - INFO - easyocr alt4 结果: ['ZZ54(0.38)']
2026-01-03 13:28:48,197 - INFO - tesseract alt4 结果: Zzo4
2026-01-03 13:28:48,256 - INFO - easyocr alt5 结果: ['Z54(0.35)']
2026-01-03 13:28:48,347 - INFO - tesseract alt5 结果: 
2026-01-03 13:28:48,347 - INFO - 最终验证码识别结果: 2254 (engine=easyocr_alt1, prob=0.7754034996032715)
2026-01-03 13:28:48,347 - INFO - 查找验证码输入框...
2026-01-03 13:28:48,403 - INFO - 验证码填写完成
2026-01-03 13:28:48,403 - INFO - 验证码填写完成，点击登录按钮...
2026-01-03 13:28:48,403 - INFO - 查找并点击登录按钮...
2026-01-03 13:28:48,718 - INFO - 已点击登录按钮
2026-01-03 13:28:55,738 - INFO - 开始填写登录表单...
2026-01-03 13:28:55,800 - INFO - 用户名填写完成
2026-01-03 13:28:55,860 - INFO - 密码填写完成
2026-01-03 13:28:55,860 - INFO - 验证码图片已保存到 /home/runner/work/nju_electric_monitor/nju_electric_monitor/src/../data/captcha_debug.png
2026-01-03 13:28:55,860 - INFO - 验证码识别尝试 14/30
2026-01-03 13:28:55,860 - INFO - 开始识别验证码...（easyocr + pytesseract）
2026-01-03 13:28:55,956 - INFO - easyocr 结果: ['254(0.15)']
2026-01-03 13:28:56,050 - INFO - tesseract 结果: ZZ254
2026-01-03 13:28:56,111 - INFO - easyocr alt1 结果: ['2254(0.78)']
2026-01-03 13:28:56,207 - INFO - tesseract alt1 结果: ZZ94
2026-01-03 13:28:56,265 - INFO - easyocr alt2 结果: ['Z54(0.28)']
2026-01-03 13:28:56,359 - INFO - tesseract alt2 结果: ZZ94
2026-01-03 13:28:56,512 - INFO - easyocr alt3 结果: ['2Z54(0.18)']
2026-01-03 13:28:56,612 - INFO - tesseract alt3 结果: 
2026-01-03 13:28:56,672 - INFO - easyocr alt4 结果: ['ZZ54(0.38)']
2026-01-03 13:28:56,768 - INFO - tesseract alt4 结果: Zzo4
2026-01-03 13:28:56,828 - INFO - easyocr alt5 结果: ['Z54(0.35)']
2026-01-03 13:28:56,919 - INFO - tesseract alt5 结果: 
2026-01-03 13:28:56,919 - INFO - 最终验证码识别结果: 2254 (engine=easyocr_alt1, prob=0.7754034996032715)
2026-01-03 13:28:56,919 - INFO - 查找验证码输入框...
2026-01-03 13:28:56,976 - INFO - 验证码填写完成
2026-01-03 13:28:56,976 - INFO - 验证码填写完成，点击登录按钮...
2026-01-03 13:28:56,976 - INFO - 查找并点击登录按钮...
2026-01-03 13:28:57,293 - INFO - 已点击登录按钮
2026-01-03 13:29:04,314 - INFO - 开始填写登录表单...
2026-01-03 13:29:04,376 - INFO - 用户名填写完成
2026-01-03 13:29:04,437 - INFO - 密码填写完成
2026-01-03 13:29:04,437 - INFO - 验证码图片已保存到 /home/runner/work/nju_electric_monitor/nju_electric_monitor/src/../data/captcha_debug.png
2026-01-03 13:29:04,438 - INFO - 验证码识别尝试 15/30
2026-01-03 13:29:04,438 - INFO - 开始识别验证码...（easyocr + pytesseract）
2026-01-03 13:29:04,542 - INFO - easyocr 结果: ['254(0.15)']
2026-01-03 13:29:04,638 - INFO - tesseract 结果: ZZ254
2026-01-03 13:29:04,698 - INFO - easyocr alt1 结果: ['2254(0.78)']
2026-01-03 13:29:04,794 - INFO - tesseract alt1 结果: ZZ94
2026-01-03 13:29:04,862 - INFO - easyocr alt2 结果: ['Z54(0.28)']
2026-01-03 13:29:04,956 - INFO - tesseract alt2 结果: ZZ94
2026-01-03 13:29:05,112 - INFO - easyocr alt3 结果: ['2Z54(0.18)']
2026-01-03 13:29:05,210 - INFO - tesseract alt3 结果: 
2026-01-03 13:29:05,269 - INFO - easyocr alt4 结果: ['ZZ54(0.38)']
2026-01-03 13:29:05,365 - INFO - tesseract alt4 结果: Zzo4
2026-01-03 13:29:05,423 - INFO - easyocr alt5 结果: ['Z54(0.35)']
2026-01-03 13:29:05,514 - INFO - tesseract alt5 结果: 
2026-01-03 13:29:05,515 - INFO - 最终验证码识别结果: 2254 (engine=easyocr_alt1, prob=0.7754034996032715)
2026-01-03 13:29:05,515 - INFO - 查找验证码输入框...
2026-01-03 13:29:05,573 - INFO - 验证码填写完成
2026-01-03 13:29:05,573 - INFO - 验证码填写完成，点击登录按钮...
2026-01-03 13:29:05,573 - INFO - 查找并点击登录按钮...
2026-01-03 13:29:05,890 - INFO - 已点击登录按钮
2026-01-03 13:29:12,909 - INFO - 开始填写登录表单...
2026-01-03 13:29:12,970 - INFO - 用户名填写完成
2026-01-03 13:29:13,029 - INFO - 密码填写完成
2026-01-03 13:29:13,030 - INFO - 验证码图片已保存到 /home/runner/work/nju_electric_monitor/nju_electric_monitor/src/../data/captcha_debug.png
2026-01-03 13:29:13,030 - INFO - 验证码识别尝试 16/30
2026-01-03 13:29:13,030 - INFO - 开始识别验证码...（easyocr + pytesseract）
2026-01-03 13:29:13,127 - INFO - easyocr 结果: ['254(0.15)']
2026-01-03 13:29:13,225 - INFO - tesseract 结果: ZZ254
2026-01-03 13:29:13,287 - INFO - easyocr alt1 结果: ['2254(0.78)']
2026-01-03 13:29:13,381 - INFO - tesseract alt1 结果: ZZ94
2026-01-03 13:29:13,441 - INFO - easyocr alt2 结果: ['Z54(0.28)']
2026-01-03 13:29:13,535 - INFO - tesseract alt2 结果: ZZ94
2026-01-03 13:29:13,690 - INFO - easyocr alt3 结果: ['2Z54(0.18)']
2026-01-03 13:29:13,790 - INFO - tesseract alt3 结果: 
2026-01-03 13:29:13,850 - INFO - easyocr alt4 结果: ['ZZ54(0.38)']
2026-01-03 13:29:13,954 - INFO - tesseract alt4 结果: Zzo4
2026-01-03 13:29:14,014 - INFO - easyocr alt5 结果: ['Z54(0.35)']
2026-01-03 13:29:14,105 - INFO - tesseract alt5 结果: 
2026-01-03 13:29:14,105 - INFO - 最终验证码识别结果: 2254 (engine=easyocr_alt1, prob=0.7754034996032715)
2026-01-03 13:29:14,105 - INFO - 查找验证码输入框...
2026-01-03 13:29:14,160 - INFO - 验证码填写完成
2026-01-03 13:29:14,160 - INFO - 验证码填写完成，点击登录按钮...
2026-01-03 13:29:14,160 - INFO - 查找并点击登录按钮...
2026-01-03 13:29:14,217 - INFO - 已点击登录按钮
2026-01-03 13:29:21,237 - INFO - 开始填写登录表单...
2026-01-03 13:29:21,295 - INFO - 用户名填写完成
2026-01-03 13:29:21,352 - INFO - 密码填写完成
2026-01-03 13:29:21,353 - INFO - 验证码图片已保存到 /home/runner/work/nju_electric_monitor/nju_electric_monitor/src/../data/captcha_debug.png
2026-01-03 13:29:21,353 - INFO - 验证码识别尝试 17/30
2026-01-03 13:29:21,353 - INFO - 开始识别验证码...（easyocr + pytesseract）
2026-01-03 13:29:21,454 - INFO - easyocr 结果: ['254(0.15)']
2026-01-03 13:29:21,549 - INFO - tesseract 结果: ZZ254
2026-01-03 13:29:21,609 - INFO - easyocr alt1 结果: ['2254(0.78)']
2026-01-03 13:29:21,702 - INFO - tesseract alt1 结果: ZZ94
2026-01-03 13:29:21,761 - INFO - easyocr alt2 结果: ['Z54(0.28)']
2026-01-03 13:29:21,855 - INFO - tesseract alt2 结果: ZZ94
2026-01-03 13:29:22,010 - INFO - easyocr alt3 结果: ['2Z54(0.18)']
2026-01-03 13:29:22,108 - INFO - tesseract alt3 结果: 
2026-01-03 13:29:22,168 - INFO - easyocr alt4 结果: ['ZZ54(0.38)']
2026-01-03 13:29:22,264 - INFO - tesseract alt4 结果: Zzo4
2026-01-03 13:29:22,323 - INFO - easyocr alt5 结果: ['Z54(0.35)']
2026-01-03 13:29:22,418 - INFO - tesseract alt5 结果: 
2026-01-03 13:29:22,418 - INFO - 最终验证码识别结果: 2254 (engine=easyocr_alt1, prob=0.7754034996032715)
2026-01-03 13:29:22,418 - INFO - 查找验证码输入框...
2026-01-03 13:29:22,472 - INFO - 验证码填写完成
2026-01-03 13:29:22,472 - INFO - 验证码填写完成，点击登录按钮...
2026-01-03 13:29:22,472 - INFO - 查找并点击登录按钮...
2026-01-03 13:29:22,788 - INFO - 已点击登录按钮
2026-01-03 13:29:29,807 - INFO - 开始填写登录表单...
2026-01-03 13:29:29,865 - INFO - 用户名填写完成
2026-01-03 13:29:29,922 - INFO - 密码填写完成
2026-01-03 13:29:29,922 - INFO - 验证码图片已保存到 /home/runner/work/nju_electric_monitor/nju_electric_monitor/src/../data/captcha_debug.png
2026-01-03 13:29:29,923 - INFO - 验证码识别尝试 18/30
2026-01-03 13:29:29,923 - INFO - 开始识别验证码...（easyocr + pytesseract）
2026-01-03 13:29:30,031 - INFO - easyocr 结果: ['254(0.15)']
2026-01-03 13:29:30,126 - INFO - tesseract 结果: ZZ254
2026-01-03 13:29:30,187 - INFO - easyocr alt1 结果: ['2254(0.78)']
2026-01-03 13:29:30,282 - INFO - tesseract alt1 结果: ZZ94
2026-01-03 13:29:30,341 - INFO - easyocr alt2 结果: ['Z54(0.28)']
2026-01-03 13:29:30,434 - INFO - tesseract alt2 结果: ZZ94
2026-01-03 13:29:30,587 - INFO - easyocr alt3 结果: ['2Z54(0.18)']
2026-01-03 13:29:30,685 - INFO - tesseract alt3 结果: 
2026-01-03 13:29:30,744 - INFO - easyocr alt4 结果: ['ZZ54(0.38)']
2026-01-03 13:29:30,841 - INFO - tesseract alt4 结果: Zzo4
2026-01-03 13:29:30,900 - INFO - easyocr alt5 结果: ['Z54(0.35)']
2026-01-03 13:29:30,990 - INFO - tesseract alt5 结果: 
2026-01-03 13:29:30,990 - INFO - 最终验证码识别结果: 2254 (engine=easyocr_alt1, prob=0.7754034996032715)
2026-01-03 13:29:30,990 - INFO - 查找验证码输入框...
2026-01-03 13:29:31,044 - INFO - 验证码填写完成
2026-01-03 13:29:31,044 - INFO - 验证码填写完成，点击登录按钮...
2026-01-03 13:29:31,044 - INFO - 查找并点击登录按钮...
2026-01-03 13:29:31,100 - INFO - 已点击登录按钮
2026-01-03 13:29:38,119 - INFO - 开始填写登录表单...
2026-01-03 13:29:38,178 - INFO - 用户名填写完成
2026-01-03 13:29:38,235 - INFO - 密码填写完成
2026-01-03 13:29:38,236 - INFO - 验证码图片已保存到 /home/runner/work/nju_electric_monitor/nju_electric_monitor/src/../data/captcha_debug.png
2026-01-03 13:29:38,236 - INFO - 验证码识别尝试 19/30
2026-01-03 13:29:38,236 - INFO - 开始识别验证码...（easyocr + pytesseract）
2026-01-03 13:29:38,332 - INFO - easyocr 结果: ['254(0.15)']
2026-01-03 13:29:38,425 - INFO - tesseract 结果: ZZ254
2026-01-03 13:29:38,486 - INFO - easyocr alt1 结果: ['2254(0.78)']
2026-01-03 13:29:38,580 - INFO - tesseract alt1 结果: ZZ94
2026-01-03 13:29:38,647 - INFO - easyocr alt2 结果: ['Z54(0.28)']
2026-01-03 13:29:38,742 - INFO - tesseract alt2 结果: ZZ94
2026-01-03 13:29:38,895 - INFO - easyocr alt3 结果: ['2Z54(0.18)']
2026-01-03 13:29:38,997 - INFO - tesseract alt3 结果: 
2026-01-03 13:29:39,055 - INFO - easyocr alt4 结果: ['ZZ54(0.38)']
2026-01-03 13:29:39,152 - INFO - tesseract alt4 结果: Zzo4
2026-01-03 13:29:39,210 - INFO - easyocr alt5 结果: ['Z54(0.35)']
2026-01-03 13:29:39,301 - INFO - tesseract alt5 结果: 
2026-01-03 13:29:39,301 - INFO - 最终验证码识别结果: 2254 (engine=easyocr_alt1, prob=0.7754034996032715)
2026-01-03 13:29:39,301 - INFO - 查找验证码输入框...
2026-01-03 13:29:39,356 - INFO - 验证码填写完成
2026-01-03 13:29:39,356 - INFO - 验证码填写完成，点击登录按钮...
2026-01-03 13:29:39,356 - INFO - 查找并点击登录按钮...
2026-01-03 13:29:39,670 - INFO - 已点击登录按钮
2026-01-03 13:29:46,689 - INFO - 开始填写登录表单...
2026-01-03 13:29:46,748 - INFO - 用户名填写完成
2026-01-03 13:29:46,804 - INFO - 密码填写完成
2026-01-03 13:29:46,804 - INFO - 验证码图片已保存到 /home/runner/work/nju_electric_monitor/nju_electric_monitor/src/../data/captcha_debug.png
2026-01-03 13:29:46,804 - INFO - 验证码识别尝试 20/30
2026-01-03 13:29:46,804 - INFO - 开始识别验证码...（easyocr + pytesseract）
2026-01-03 13:29:46,900 - INFO - easyocr 结果: ['254(0.15)']
2026-01-03 13:29:46,994 - INFO - tesseract 结果: ZZ254
2026-01-03 13:29:47,053 - INFO - easyocr alt1 结果: ['2254(0.78)']
2026-01-03 13:29:47,147 - INFO - tesseract alt1 结果: ZZ94
2026-01-03 13:29:47,205 - INFO - easyocr alt2 结果: ['Z54(0.28)']
2026-01-03 13:29:47,302 - INFO - tesseract alt2 结果: ZZ94
2026-01-03 13:29:47,456 - INFO - easyocr alt3 结果: ['2Z54(0.18)']
2026-01-03 13:29:47,572 - INFO - tesseract alt3 结果: 
2026-01-03 13:29:47,632 - INFO - easyocr alt4 结果: ['ZZ54(0.38)']
2026-01-03 13:29:47,732 - INFO - tesseract alt4 结果: Zzo4
2026-01-03 13:29:47,791 - INFO - easyocr alt5 结果: ['Z54(0.35)']
2026-01-03 13:29:47,882 - INFO - tesseract alt5 结果: 
2026-01-03 13:29:47,883 - INFO - 最终验证码识别结果: 2254 (engine=easyocr_alt1, prob=0.7754034996032715)
2026-01-03 13:29:47,883 - INFO - 查找验证码输入框...
2026-01-03 13:29:47,938 - INFO - 验证码填写完成
2026-01-03 13:29:47,938 - INFO - 验证码填写完成，点击登录按钮...
2026-01-03 13:29:47,938 - INFO - 查找并点击登录按钮...
2026-01-03 13:29:48,255 - INFO - 已点击登录按钮
2026-01-03 13:29:55,274 - INFO - 开始填写登录表单...
2026-01-03 13:29:55,333 - INFO - 用户名填写完成
2026-01-03 13:29:55,390 - INFO - 密码填写完成
2026-01-03 13:29:55,391 - INFO - 验证码图片已保存到 /home/runner/work/nju_electric_monitor/nju_electric_monitor/src/../data/captcha_debug.png
2026-01-03 13:29:55,391 - INFO - 验证码识别尝试 21/30
2026-01-03 13:29:55,391 - INFO - 开始识别验证码...（easyocr + pytesseract）
2026-01-03 13:29:55,488 - INFO - easyocr 结果: ['254(0.15)']
2026-01-03 13:29:55,585 - INFO - tesseract 结果: ZZ254
2026-01-03 13:29:55,646 - INFO - easyocr alt1 结果: ['2254(0.78)']
2026-01-03 13:29:55,740 - INFO - tesseract alt1 结果: ZZ94
2026-01-03 13:29:55,799 - INFO - easyocr alt2 结果: ['Z54(0.28)']
2026-01-03 13:29:55,894 - INFO - tesseract alt2 结果: ZZ94
2026-01-03 13:29:56,050 - INFO - easyocr alt3 结果: ['2Z54(0.18)']
2026-01-03 13:29:56,151 - INFO - tesseract alt3 结果: 
2026-01-03 13:29:56,210 - INFO - easyocr alt4 结果: ['ZZ54(0.38)']
2026-01-03 13:29:56,306 - INFO - tesseract alt4 结果: Zzo4
2026-01-03 13:29:56,365 - INFO - easyocr alt5 结果: ['Z54(0.35)']
2026-01-03 13:29:56,457 - INFO - tesseract alt5 结果: 
2026-01-03 13:29:56,457 - INFO - 最终验证码识别结果: 2254 (engine=easyocr_alt1, prob=0.7754034996032715)
2026-01-03 13:29:56,457 - INFO - 查找验证码输入框...
2026-01-03 13:29:56,511 - INFO - 验证码填写完成
2026-01-03 13:29:56,511 - INFO - 验证码填写完成，点击登录按钮...
2026-01-03 13:29:56,511 - INFO - 查找并点击登录按钮...
2026-01-03 13:29:56,567 - INFO - 已点击登录按钮
2026-01-03 13:30:03,587 - INFO - 开始填写登录表单...
2026-01-03 13:30:03,649 - INFO - 用户名填写完成
2026-01-03 13:30:03,708 - INFO - 密码填写完成
2026-01-03 13:30:03,708 - INFO - 验证码图片已保存到 /home/runner/work/nju_electric_monitor/nju_electric_monitor/src/../data/captcha_debug.png
2026-01-03 13:30:03,709 - INFO - 验证码识别尝试 22/30
2026-01-03 13:30:03,709 - INFO - 开始识别验证码...（easyocr + pytesseract）
2026-01-03 13:30:03,806 - INFO - easyocr 结果: ['254(0.15)']
2026-01-03 13:30:03,903 - INFO - tesseract 结果: ZZ254
2026-01-03 13:30:03,964 - INFO - easyocr alt1 结果: ['2254(0.78)']
2026-01-03 13:30:04,058 - INFO - tesseract alt1 结果: ZZ94
2026-01-03 13:30:04,118 - INFO - easyocr alt2 结果: ['Z54(0.28)']
2026-01-03 13:30:04,214 - INFO - tesseract alt2 结果: ZZ94
2026-01-03 13:30:04,369 - INFO - easyocr alt3 结果: ['2Z54(0.18)']
2026-01-03 13:30:04,471 - INFO - tesseract alt3 结果: 
2026-01-03 13:30:04,530 - INFO - easyocr alt4 结果: ['ZZ54(0.38)']
2026-01-03 13:30:04,630 - INFO - tesseract alt4 结果: Zzo4
2026-01-03 13:30:04,690 - INFO - easyocr alt5 结果: ['Z54(0.35)']
2026-01-03 13:30:04,781 - INFO - tesseract alt5 结果: 
2026-01-03 13:30:04,781 - INFO - 最终验证码识别结果: 2254 (engine=easyocr_alt1, prob=0.7754034996032715)
2026-01-03 13:30:04,781 - INFO - 查找验证码输入框...
2026-01-03 13:30:04,839 - INFO - 验证码填写完成
2026-01-03 13:30:04,839 - INFO - 验证码填写完成，点击登录按钮...
2026-01-03 13:30:04,839 - INFO - 查找并点击登录按钮...
2026-01-03 13:30:05,162 - INFO - 已点击登录按钮
2026-01-03 13:30:12,182 - INFO - 开始填写登录表单...
2026-01-03 13:30:12,243 - INFO - 用户名填写完成
2026-01-03 13:30:12,301 - INFO - 密码填写完成
2026-01-03 13:30:12,301 - INFO - 验证码图片已保存到 /home/runner/work/nju_electric_monitor/nju_electric_monitor/src/../data/captcha_debug.png
2026-01-03 13:30:12,301 - INFO - 验证码识别尝试 23/30
2026-01-03 13:30:12,301 - INFO - 开始识别验证码...（easyocr + pytesseract）
2026-01-03 13:30:12,404 - INFO - easyocr 结果: ['254(0.15)']
2026-01-03 13:30:12,500 - INFO - tesseract 结果: ZZ254
2026-01-03 13:30:12,561 - INFO - easyocr alt1 结果: ['2254(0.78)']
2026-01-03 13:30:12,657 - INFO - tesseract alt1 结果: ZZ94
2026-01-03 13:30:12,715 - INFO - easyocr alt2 结果: ['Z54(0.28)']
2026-01-03 13:30:12,812 - INFO - tesseract alt2 结果: ZZ94
2026-01-03 13:30:12,966 - INFO - easyocr alt3 结果: ['2Z54(0.18)']
2026-01-03 13:30:13,069 - INFO - tesseract alt3 结果: 
2026-01-03 13:30:13,129 - INFO - easyocr alt4 结果: ['ZZ54(0.38)']
2026-01-03 13:30:13,228 - INFO - tesseract alt4 结果: Zzo4
2026-01-03 13:30:13,287 - INFO - easyocr alt5 结果: ['Z54(0.35)']
2026-01-03 13:30:13,379 - INFO - tesseract alt5 结果: 
2026-01-03 13:30:13,379 - INFO - 最终验证码识别结果: 2254 (engine=easyocr_alt1, prob=0.7754034996032715)
2026-01-03 13:30:13,379 - INFO - 查找验证码输入框...
2026-01-03 13:30:13,434 - INFO - 验证码填写完成
2026-01-03 13:30:13,435 - INFO - 验证码填写完成，点击登录按钮...
2026-01-03 13:30:13,435 - INFO - 查找并点击登录按钮...
2026-01-03 13:30:13,756 - INFO - 已点击登录按钮
2026-01-03 13:30:20,775 - INFO - 开始填写登录表单...
2026-01-03 13:30:20,834 - INFO - 用户名填写完成
2026-01-03 13:30:20,891 - INFO - 密码填写完成
2026-01-03 13:30:20,891 - INFO - 验证码图片已保存到 /home/runner/work/nju_electric_monitor/nju_electric_monitor/src/../data/captcha_debug.png
2026-01-03 13:30:20,892 - INFO - 验证码识别尝试 24/30
2026-01-03 13:30:20,892 - INFO - 开始识别验证码...（easyocr + pytesseract）
2026-01-03 13:30:20,989 - INFO - easyocr 结果: ['254(0.15)']
2026-01-03 13:30:21,088 - INFO - tesseract 结果: ZZ254
2026-01-03 13:30:21,150 - INFO - easyocr alt1 结果: ['2254(0.78)']
2026-01-03 13:30:21,246 - INFO - tesseract alt1 结果: ZZ94
2026-01-03 13:30:21,314 - INFO - easyocr alt2 结果: ['Z54(0.28)']
2026-01-03 13:30:21,411 - INFO - tesseract alt2 结果: ZZ94
2026-01-03 13:30:21,566 - INFO - easyocr alt3 结果: ['2Z54(0.18)']
2026-01-03 13:30:21,669 - INFO - tesseract alt3 结果: 
2026-01-03 13:30:21,728 - INFO - easyocr alt4 结果: ['ZZ54(0.38)']
2026-01-03 13:30:21,831 - INFO - tesseract alt4 结果: Zzo4
2026-01-03 13:30:21,890 - INFO - easyocr alt5 结果: ['Z54(0.35)']
2026-01-03 13:30:21,982 - INFO - tesseract alt5 结果: 
2026-01-03 13:30:21,982 - INFO - 最终验证码识别结果: 2254 (engine=easyocr_alt1, prob=0.7754034996032715)
2026-01-03 13:30:21,982 - INFO - 查找验证码输入框...
2026-01-03 13:30:22,039 - INFO - 验证码填写完成
2026-01-03 13:30:22,039 - INFO - 验证码填写完成，点击登录按钮...
2026-01-03 13:30:22,039 - INFO - 查找并点击登录按钮...
2026-01-03 13:30:22,357 - INFO - 已点击登录按钮
2026-01-03 13:30:29,377 - INFO - 开始填写登录表单...
2026-01-03 13:30:29,437 - INFO - 用户名填写完成
2026-01-03 13:30:29,495 - INFO - 密码填写完成
2026-01-03 13:30:29,496 - INFO - 验证码图片已保存到 /home/runner/work/nju_electric_monitor/nju_electric_monitor/src/../data/captcha_debug.png
2026-01-03 13:30:29,496 - INFO - 验证码识别尝试 25/30
2026-01-03 13:30:29,496 - INFO - 开始识别验证码...（easyocr + pytesseract）
2026-01-03 13:30:29,592 - INFO - easyocr 结果: ['254(0.15)']
2026-01-03 13:30:29,688 - INFO - tesseract 结果: ZZ254
2026-01-03 13:30:29,748 - INFO - easyocr alt1 结果: ['2254(0.78)']
2026-01-03 13:30:29,850 - INFO - tesseract alt1 结果: ZZ94
2026-01-03 13:30:29,909 - INFO - easyocr alt2 结果: ['Z54(0.28)']
2026-01-03 13:30:30,002 - INFO - tesseract alt2 结果: ZZ94
2026-01-03 13:30:30,157 - INFO - easyocr alt3 结果: ['2Z54(0.18)']
2026-01-03 13:30:30,257 - INFO - tesseract alt3 结果: 
2026-01-03 13:30:30,316 - INFO - easyocr alt4 结果: ['ZZ54(0.38)']
2026-01-03 13:30:30,419 - INFO - tesseract alt4 结果: Zzo4
2026-01-03 13:30:30,478 - INFO - easyocr alt5 结果: ['Z54(0.35)']
2026-01-03 13:30:30,569 - INFO - tesseract alt5 结果: 
2026-01-03 13:30:30,569 - INFO - 最终验证码识别结果: 2254 (engine=easyocr_alt1, prob=0.7754034996032715)
2026-01-03 13:30:30,569 - INFO - 查找验证码输入框...
2026-01-03 13:30:30,624 - INFO - 验证码填写完成
2026-01-03 13:30:30,625 - INFO - 验证码填写完成，点击登录按钮...
2026-01-03 13:30:30,625 - INFO - 查找并点击登录按钮...
2026-01-03 13:30:30,680 - INFO - 已点击登录按钮
2026-01-03 13:30:37,701 - INFO - 开始填写登录表单...
2026-01-03 13:30:37,760 - INFO - 用户名填写完成
2026-01-03 13:30:37,818 - INFO - 密码填写完成
2026-01-03 13:30:37,818 - INFO - 验证码图片已保存到 /home/runner/work/nju_electric_monitor/nju_electric_monitor/src/../data/captcha_debug.png
2026-01-03 13:30:37,818 - INFO - 验证码识别尝试 26/30
2026-01-03 13:30:37,818 - INFO - 开始识别验证码...（easyocr + pytesseract）
2026-01-03 13:30:37,914 - INFO - easyocr 结果: ['254(0.15)']
2026-01-03 13:30:38,009 - INFO - tesseract 结果: ZZ254
2026-01-03 13:30:38,069 - INFO - easyocr alt1 结果: ['2254(0.78)']
2026-01-03 13:30:38,164 - INFO - tesseract alt1 结果: ZZ94
2026-01-03 13:30:38,223 - INFO - easyocr alt2 结果: ['Z54(0.28)']
2026-01-03 13:30:38,319 - INFO - tesseract alt2 结果: ZZ94
2026-01-03 13:30:38,474 - INFO - easyocr alt3 结果: ['2Z54(0.18)']
2026-01-03 13:30:38,574 - INFO - tesseract alt3 结果: 
2026-01-03 13:30:38,633 - INFO - easyocr alt4 结果: ['ZZ54(0.38)']
2026-01-03 13:30:38,740 - INFO - tesseract alt4 结果: Zzo4
2026-01-03 13:30:38,800 - INFO - easyocr alt5 结果: ['Z54(0.35)']
2026-01-03 13:30:38,893 - INFO - tesseract alt5 结果: 
2026-01-03 13:30:38,893 - INFO - 最终验证码识别结果: 2254 (engine=easyocr_alt1, prob=0.7754034996032715)
2026-01-03 13:30:38,893 - INFO - 查找验证码输入框...
2026-01-03 13:30:38,948 - INFO - 验证码填写完成
2026-01-03 13:30:38,948 - INFO - 验证码填写完成，点击登录按钮...
2026-01-03 13:30:38,948 - INFO - 查找并点击登录按钮...
2026-01-03 13:30:39,272 - INFO - 已点击登录按钮
2026-01-03 13:30:46,291 - INFO - 开始填写登录表单...
2026-01-03 13:30:46,351 - INFO - 用户名填写完成
2026-01-03 13:30:46,409 - INFO - 密码填写完成
2026-01-03 13:30:46,410 - INFO - 验证码图片已保存到 /home/runner/work/nju_electric_monitor/nju_electric_monitor/src/../data/captcha_debug.png
2026-01-03 13:30:46,410 - INFO - 验证码识别尝试 27/30
2026-01-03 13:30:46,410 - INFO - 开始识别验证码...（easyocr + pytesseract）
2026-01-03 13:30:46,510 - INFO - easyocr 结果: ['254(0.15)']
2026-01-03 13:30:46,607 - INFO - tesseract 结果: ZZ254
2026-01-03 13:30:46,668 - INFO - easyocr alt1 结果: ['2254(0.78)']
2026-01-03 13:30:46,766 - INFO - tesseract alt1 结果: ZZ94
2026-01-03 13:30:46,826 - INFO - easyocr alt2 结果: ['Z54(0.28)']
2026-01-03 13:30:46,921 - INFO - tesseract alt2 结果: ZZ94
2026-01-03 13:30:47,076 - INFO - easyocr alt3 结果: ['2Z54(0.18)']
2026-01-03 13:30:47,173 - INFO - tesseract alt3 结果: 
2026-01-03 13:30:47,232 - INFO - easyocr alt4 结果: ['ZZ54(0.38)']
2026-01-03 13:30:47,330 - INFO - tesseract alt4 结果: Zzo4
2026-01-03 13:30:47,389 - INFO - easyocr alt5 结果: ['Z54(0.35)']
2026-01-03 13:30:47,480 - INFO - tesseract alt5 结果: 
2026-01-03 13:30:47,480 - INFO - 最终验证码识别结果: 2254 (engine=easyocr_alt1, prob=0.7754034996032715)
2026-01-03 13:30:47,480 - INFO - 查找验证码输入框...
2026-01-03 13:30:47,535 - INFO - 验证码填写完成
2026-01-03 13:30:47,535 - INFO - 验证码填写完成，点击登录按钮...
2026-01-03 13:30:47,535 - INFO - 查找并点击登录按钮...
2026-01-03 13:30:47,851 - INFO - 已点击登录按钮
2026-01-03 13:30:54,870 - INFO - 开始填写登录表单...
2026-01-03 13:30:54,928 - INFO - 用户名填写完成
2026-01-03 13:30:54,985 - INFO - 密码填写完成
2026-01-03 13:30:54,986 - INFO - 验证码图片已保存到 /home/runner/work/nju_electric_monitor/nju_electric_monitor/src/../data/captcha_debug.png
2026-01-03 13:30:54,986 - INFO - 验证码识别尝试 28/30
2026-01-03 13:30:54,986 - INFO - 开始识别验证码...（easyocr + pytesseract）
2026-01-03 13:30:55,082 - INFO - easyocr 结果: ['254(0.15)']
2026-01-03 13:30:55,180 - INFO - tesseract 结果: ZZ254
2026-01-03 13:30:55,240 - INFO - easyocr alt1 结果: ['2254(0.78)']
2026-01-03 13:30:55,333 - INFO - tesseract alt1 结果: ZZ94
2026-01-03 13:30:55,400 - INFO - easyocr alt2 结果: ['Z54(0.28)']
2026-01-03 13:30:55,495 - INFO - tesseract alt2 结果: ZZ94
2026-01-03 13:30:55,649 - INFO - easyocr alt3 结果: ['2Z54(0.18)']
2026-01-03 13:30:55,746 - INFO - tesseract alt3 结果: 
2026-01-03 13:30:55,805 - INFO - easyocr alt4 结果: ['ZZ54(0.38)']
2026-01-03 13:30:55,903 - INFO - tesseract alt4 结果: Zzo4
2026-01-03 13:30:55,961 - INFO - easyocr alt5 结果: ['Z54(0.35)']
2026-01-03 13:30:56,054 - INFO - tesseract alt5 结果: 
2026-01-03 13:30:56,054 - INFO - 最终验证码识别结果: 2254 (engine=easyocr_alt1, prob=0.7754034996032715)
2026-01-03 13:30:56,054 - INFO - 查找验证码输入框...
2026-01-03 13:30:56,108 - INFO - 验证码填写完成
2026-01-03 13:30:56,108 - INFO - 验证码填写完成，点击登录按钮...
2026-01-03 13:30:56,108 - INFO - 查找并点击登录按钮...
2026-01-03 13:30:56,164 - INFO - 已点击登录按钮
2026-01-03 13:31:03,185 - INFO - 开始填写登录表单...
2026-01-03 13:31:03,246 - INFO - 用户名填写完成
2026-01-03 13:31:03,303 - INFO - 密码填写完成
2026-01-03 13:31:03,304 - INFO - 验证码图片已保存到 /home/runner/work/nju_electric_monitor/nju_electric_monitor/src/../data/captcha_debug.png
2026-01-03 13:31:03,304 - INFO - 验证码识别尝试 29/30
2026-01-03 13:31:03,304 - INFO - 开始识别验证码...（easyocr + pytesseract）
2026-01-03 13:31:03,402 - INFO - easyocr 结果: ['254(0.15)']
2026-01-03 13:31:03,502 - INFO - tesseract 结果: ZZ254
2026-01-03 13:31:03,562 - INFO - easyocr alt1 结果: ['2254(0.78)']
2026-01-03 13:31:03,658 - INFO - tesseract alt1 结果: ZZ94
2026-01-03 13:31:03,717 - INFO - easyocr alt2 结果: ['Z54(0.28)']
2026-01-03 13:31:03,814 - INFO - tesseract alt2 结果: ZZ94
2026-01-03 13:31:03,969 - INFO - easyocr alt3 结果: ['2Z54(0.18)']
2026-01-03 13:31:04,071 - INFO - tesseract alt3 结果: 
2026-01-03 13:31:04,130 - INFO - easyocr alt4 结果: ['ZZ54(0.38)']
2026-01-03 13:31:04,229 - INFO - tesseract alt4 结果: Zzo4
2026-01-03 13:31:04,288 - INFO - easyocr alt5 结果: ['Z54(0.35)']
2026-01-03 13:31:04,381 - INFO - tesseract alt5 结果: 
2026-01-03 13:31:04,381 - INFO - 最终验证码识别结果: 2254 (engine=easyocr_alt1, prob=0.7754034996032715)
2026-01-03 13:31:04,381 - INFO - 查找验证码输入框...
2026-01-03 13:31:04,436 - INFO - 验证码填写完成
2026-01-03 13:31:04,436 - INFO - 验证码填写完成，点击登录按钮...
2026-01-03 13:31:04,436 - INFO - 查找并点击登录按钮...
2026-01-03 13:31:04,752 - INFO - 已点击登录按钮
2026-01-03 13:31:11,772 - INFO - 开始填写登录表单...
2026-01-03 13:31:11,832 - INFO - 用户名填写完成
2026-01-03 13:31:11,890 - INFO - 密码填写完成
2026-01-03 13:31:11,890 - INFO - 验证码图片已保存到 /home/runner/work/nju_electric_monitor/nju_electric_monitor/src/../data/captcha_debug.png
2026-01-03 13:31:11,891 - INFO - 验证码识别尝试 30/30
2026-01-03 13:31:11,891 - INFO - 开始识别验证码...（easyocr + pytesseract）
2026-01-03 13:31:11,998 - INFO - easyocr 结果: ['254(0.15)']
2026-01-03 13:31:12,096 - INFO - tesseract 结果: ZZ254
2026-01-03 13:31:12,156 - INFO - easyocr alt1 结果: ['2254(0.78)']
2026-01-03 13:31:12,253 - INFO - tesseract alt1 结果: ZZ94
2026-01-03 13:31:12,311 - INFO - easyocr alt2 结果: ['Z54(0.28)']
2026-01-03 13:31:12,407 - INFO - tesseract alt2 结果: ZZ94
2026-01-03 13:31:12,562 - INFO - easyocr alt3 结果: ['2Z54(0.18)']
2026-01-03 13:31:12,661 - INFO - tesseract alt3 结果: 
2026-01-03 13:31:12,721 - INFO - easyocr alt4 结果: ['ZZ54(0.38)']
2026-01-03 13:31:12,821 - INFO - tesseract alt4 结果: Zzo4
2026-01-03 13:31:12,880 - INFO - easyocr alt5 结果: ['Z54(0.35)']
2026-01-03 13:31:12,975 - INFO - tesseract alt5 结果: 
2026-01-03 13:31:12,975 - INFO - 最终验证码识别结果: 2254 (engine=easyocr_alt1, prob=0.7754034996032715)
2026-01-03 13:31:12,975 - INFO - 查找验证码输入框...
2026-01-03 13:31:13,031 - INFO - 验证码填写完成
2026-01-03 13:31:13,031 - INFO - 验证码填写完成，点击登录按钮...
2026-01-03 13:31:13,031 - INFO - 查找并点击登录按钮...
2026-01-03 13:31:13,350 - INFO - 已点击登录按钮
2026-01-03 13:31:20,369 - WARNING - 自动验证码识别失败，请手动输入
2026-01-03 13:31:20,369 - ERROR - 处理验证码时出错: EOF when reading a line
2026-01-03 13:31:20,369 - WARNING - 验证码处理失败，但继续尝试登录
2026-01-03 13:31:20,369 - INFO - 查找并点击登录按钮...
2026-01-03 13:31:20,425 - INFO - 已点击登录按钮
2026-01-03 13:31:25,426 - INFO - 等待登录成功...
2026-01-03 13:31:30,430 - INFO - 登录可能成功，继续下一步...
2026-01-03 13:31:30,430 - INFO - 查找'去充值'按钮...
2026-01-03 13:31:30,492 - INFO - 已点击充值按钮
2026-01-03 13:31:33,492 - INFO - 开始提取剩余电量信息...
2026-01-03 13:31:33,497 - INFO - 页面源码已保存到 /home/runner/work/nju_electric_monitor/nju_electric_monitor/src/../data/debug_page_source.html
2026-01-03 13:31:33,506 - WARNING - 未找到电量信息元素，尝试其他方法...
2026-01-03 13:31:33,514 - WARNING - 未找到i标签中的电量信息，尝试其他方法...
2026-01-03 13:31:33,517 - INFO - 在页面源码中查找电量信息...
2026-01-03 13:31:33,528 - WARNING - 未能提取到剩余电量信息
2026-01-03 13:31:33,528 - WARNING - 没有电量数据可保存
2026-01-03 13:31:33,528 - INFO - 监控流程完成
