2026-05-15 09:38:24,939 - INFO - Matplotlib 字体设置：使用回退字体列表，首选可用字体: Noto Sans CJK JP
2026-05-15 09:38:26,329 - INFO - 使用指定 ChromeDriver: /usr/bin/chromedriver
2026-05-15 09:38:26,405 - INFO - ddddocr 识别器初始化成功
2026-05-15 09:38:26,405 - INFO - 开始南京大学电费监控流程（自动无头模式）
2026-05-15 09:38:26,405 - INFO - 已初始化并清空验证码图片目录: /home/runner/work/nju_electric_monitor/nju_electric_monitor/src/../data/captcha_workflow
2026-05-15 09:38:26,405 - INFO - 正在打开页面: https://epay.nju.edu.cn/epay/h5/nju/electric/index
2026-05-15 09:38:54,833 - INFO - 等待登录表单加载...
2026-05-15 09:38:54,843 - INFO - 登录表单已加载
2026-05-15 09:38:54,843 - INFO - 开始填写登录表单...
2026-05-15 09:38:54,925 - INFO - 用户名填写完成
2026-05-15 09:38:54,994 - INFO - 密码填写完成
2026-05-15 09:38:54,994 - INFO - 开始处理验证码（两层嵌套重试）...
2026-05-15 09:38:54,994 - INFO - 外层页面重试 1/4
2026-05-15 09:38:54,994 - INFO - 等待登录表单加载...
2026-05-15 09:38:55,000 - INFO - 登录表单已加载
2026-05-15 09:38:55,000 - INFO - 开始填写登录表单...
2026-05-15 09:38:55,065 - INFO - 用户名填写完成
2026-05-15 09:38:55,129 - INFO - 密码填写完成
2026-05-15 09:38:56,129 - INFO - 查找验证码图片...
2026-05-15 09:38:56,150 - INFO - 找到验证码图片，开始截图...
2026-05-15 09:38:56,208 - INFO - 验证码图片截取成功
2026-05-15 09:38:56,209 - INFO - 验证码图片已保存到 /home/runner/work/nju_electric_monitor/nju_electric_monitor/src/../data/captcha_debug.png
2026-05-15 09:38:56,210 - INFO - 验证码图片已保存到 /home/runner/work/nju_electric_monitor/nju_electric_monitor/src/../data/captcha_workflow/captcha_outer1.png
2026-05-15 09:38:56,210 - INFO - 验证码识别（同一图片）尝试 1/3，外层 1/4
2026-05-15 09:38:56,210 - INFO - 开始使用 ddddocr 识别验证码...
2026-05-15 09:38:56,221 - INFO - ddddocr 最终验证码识别结果: 8UYQ
2026-05-15 09:38:56,221 - INFO - 已将验证码图片重命名为: /home/runner/work/nju_electric_monitor/nju_electric_monitor/src/../data/captcha_workflow/8UYQ.png
2026-05-15 09:38:56,221 - INFO - 查找验证码输入框...
2026-05-15 09:38:56,281 - INFO - 通过 XPath 找到 1 个验证码候选输入框，使用第一个。
2026-05-15 09:38:56,339 - INFO - 验证码填写完成
2026-05-15 09:38:57,339 - INFO - 验证码填写完成，点击登录按钮...
2026-05-15 09:38:57,339 - INFO - 查找并点击登录按钮...
2026-05-15 09:38:57,360 - INFO - 通过 ID=login_submit 找到登录按钮
2026-05-15 09:39:16,248 - INFO - 已点击登录按钮
2026-05-15 09:39:25,315 - INFO - 检测到英文验证码错误提示: 'Verification code error \n\t\t\t\t\t\tVerification code error'
2026-05-15 09:39:25,315 - WARNING - 检测到验证码错误提示，将重新加载页面获取新验证码
2026-05-15 09:39:25,315 - INFO - 本轮登录未成功，等待 5 秒后进行下一轮验证码重试...
2026-05-15 09:39:30,315 - INFO - 外层页面重试 2/4
2026-05-15 09:40:53,858 - INFO - 等待登录表单加载...
2026-05-15 09:40:53,865 - INFO - 登录表单已加载
2026-05-15 09:40:53,865 - INFO - 开始填写登录表单...
2026-05-15 09:40:53,931 - INFO - 用户名填写完成
2026-05-15 09:40:53,994 - INFO - 密码填写完成
2026-05-15 09:40:54,994 - INFO - 查找验证码图片...
2026-05-15 09:40:55,009 - INFO - 找到验证码图片，开始截图...
2026-05-15 09:40:55,067 - INFO - 验证码图片截取成功
2026-05-15 09:40:55,068 - INFO - 验证码图片已保存到 /home/runner/work/nju_electric_monitor/nju_electric_monitor/src/../data/captcha_debug.png
2026-05-15 09:40:55,069 - INFO - 验证码图片已保存到 /home/runner/work/nju_electric_monitor/nju_electric_monitor/src/../data/captcha_workflow/captcha_outer2.png
2026-05-15 09:40:55,069 - INFO - 验证码识别（同一图片）尝试 1/3，外层 2/4
2026-05-15 09:40:55,069 - INFO - 开始使用 ddddocr 识别验证码...
2026-05-15 09:40:55,082 - INFO - ddddocr 最终验证码识别结果: LGHB
2026-05-15 09:40:55,082 - INFO - 已将验证码图片重命名为: /home/runner/work/nju_electric_monitor/nju_electric_monitor/src/../data/captcha_workflow/LGHB.png
2026-05-15 09:40:55,082 - INFO - 查找验证码输入框...
2026-05-15 09:40:55,134 - INFO - 通过 XPath 找到 1 个验证码候选输入框，使用第一个。
2026-05-15 09:40:55,190 - INFO - 验证码填写完成
2026-05-15 09:40:56,190 - INFO - 验证码填写完成，点击登录按钮...
2026-05-15 09:40:56,190 - INFO - 查找并点击登录按钮...
2026-05-15 09:40:56,210 - INFO - 通过 ID=login_submit 找到登录按钮
2026-05-15 09:41:05,994 - INFO - 已点击登录按钮
2026-05-15 09:41:15,042 - INFO - 检测到英文验证码错误提示: 'Verification code error \n\t\t\t\t\t\tVerification code error'
2026-05-15 09:41:15,042 - WARNING - 检测到验证码错误提示，将重新加载页面获取新验证码
2026-05-15 09:41:15,042 - INFO - 本轮登录未成功，等待 5 秒后进行下一轮验证码重试...
2026-05-15 09:41:20,042 - INFO - 外层页面重试 3/4
2026-05-15 09:41:43,377 - INFO - 等待登录表单加载...
2026-05-15 09:41:43,384 - INFO - 登录表单已加载
2026-05-15 09:41:43,384 - INFO - 开始填写登录表单...
2026-05-15 09:41:43,449 - INFO - 用户名填写完成
2026-05-15 09:41:43,512 - INFO - 密码填写完成
2026-05-15 09:41:44,512 - INFO - 查找验证码图片...
2026-05-15 09:41:44,526 - INFO - 找到验证码图片，开始截图...
2026-05-15 09:41:44,582 - INFO - 验证码图片截取成功
2026-05-15 09:41:44,583 - INFO - 验证码图片已保存到 /home/runner/work/nju_electric_monitor/nju_electric_monitor/src/../data/captcha_debug.png
2026-05-15 09:41:44,583 - INFO - 验证码图片已保存到 /home/runner/work/nju_electric_monitor/nju_electric_monitor/src/../data/captcha_workflow/captcha_outer3.png
2026-05-15 09:41:44,583 - INFO - 验证码识别（同一图片）尝试 1/3，外层 3/4
2026-05-15 09:41:44,583 - INFO - 开始使用 ddddocr 识别验证码...
2026-05-15 09:41:44,593 - INFO - ddddocr 最终验证码识别结果: BMTC
2026-05-15 09:41:44,593 - INFO - 已将验证码图片重命名为: /home/runner/work/nju_electric_monitor/nju_electric_monitor/src/../data/captcha_workflow/BMTC.png
2026-05-15 09:41:44,593 - INFO - 查找验证码输入框...
2026-05-15 09:41:44,645 - INFO - 通过 XPath 找到 1 个验证码候选输入框，使用第一个。
2026-05-15 09:41:44,700 - INFO - 验证码填写完成
2026-05-15 09:41:45,700 - INFO - 验证码填写完成，点击登录按钮...
2026-05-15 09:41:45,700 - INFO - 查找并点击登录按钮...
2026-05-15 09:41:45,720 - INFO - 通过 ID=login_submit 找到登录按钮
2026-05-15 09:41:45,762 - INFO - 已点击登录按钮
2026-05-15 09:41:58,070 - INFO - 未检测到验证码错误提示，验证码可能通过
2026-05-15 09:41:58,071 - INFO - 等待登录成功...
2026-05-15 09:41:58,080 - INFO - 检测到已跳转到电费页面: https://epay.nju.edu.cn/epay/h5/nju/electric/index
2026-05-15 09:41:58,080 - INFO - 查找'去充值'按钮...
2026-05-15 09:41:58,104 - INFO - 通过文本包含 '去充值' 找到充值按钮
2026-05-15 09:42:18,244 - INFO - 已点击充值按钮
2026-05-15 09:42:21,244 - INFO - 开始提取剩余电量信息...
2026-05-15 09:42:21,261 - INFO - 找到电量信息元素（已省略具体文本以保护隐私）
2026-05-15 09:42:21,261 - WARNING - 未在元素中找到标准格式的电量信息
2026-05-15 09:42:21,275 - INFO - 找到 i 标签中的电量信息（已省略具体文本）
2026-05-15 09:42:21,275 - WARNING - i标签中未找到标准格式的电量信息
2026-05-15 09:42:21,275 - WARNING - 未找到i标签中的电量信息
2026-05-15 09:42:21,278 - INFO - 在页面源码中查找电量信息...
2026-05-15 09:42:21,278 - INFO - 从页面源码中提取到剩余电量: 33.83 度
2026-05-15 09:42:21,291 - INFO - 数据已保存: 33.83 度
2026-05-15 09:42:21,528 - INFO - 电量变化曲线图已保存到: /home/runner/work/nju_electric_monitor/nju_electric_monitor/src/../data/electricity_trend.png
2026-05-15 09:42:21,743 - INFO - 最近20次电量变化曲线图已保存到: /home/runner/work/nju_electric_monitor/nju_electric_monitor/src/../data/recent_20_changes.png
2026-05-15 09:42:21,743 - INFO - 当前剩余电量 33.83 度，高于告警阈值 25.0 度，不发送邮件
2026-05-15 09:42:21,743 - INFO - 监控流程完成
