2026-02-03 03:32:44,974 - INFO - Matplotlib 字体设置：使用回退字体列表，首选可用字体: Noto Sans CJK JP
2026-02-03 03:32:46,371 - INFO - 使用 ChromeDriver: /usr/bin/chromedriver
2026-02-03 03:32:46,371 - WARNING - Using CPU. Note: This module is much faster with a GPU.
2026-02-03 03:32:47,843 - INFO - OCR识别器初始化成功
2026-02-03 03:32:47,843 - INFO - 开始南京大学电费监控流程（自动无头模式）
2026-02-03 03:32:47,843 - INFO - 正在打开页面: https://epay.nju.edu.cn/epay/h5/nju/electric/index
2026-02-03 03:32:57,492 - INFO - 等待登录表单加载...
2026-02-03 03:32:57,502 - INFO - 登录表单已加载
2026-02-03 03:32:57,502 - INFO - 开始填写登录表单...
2026-02-03 03:32:57,565 - INFO - 用户名填写完成
2026-02-03 03:32:57,633 - INFO - 密码填写完成
2026-02-03 03:32:57,633 - INFO - 检查是否有验证码...
2026-02-03 03:32:57,633 - INFO - 查找验证码图片...
2026-02-03 03:32:57,651 - INFO - 找到验证码图片，开始截图...
2026-02-03 03:32:57,712 - INFO - 验证码图片截取成功
2026-02-03 03:32:57,712 - INFO - 开始填写登录表单...
2026-02-03 03:32:57,777 - INFO - 用户名填写完成
2026-02-03 03:32:57,840 - INFO - 密码填写完成
2026-02-03 03:32:57,841 - INFO - 验证码图片已保存到 /home/runner/work/nju_electric_monitor/nju_electric_monitor/src/../data/captcha_debug.png
2026-02-03 03:32:57,841 - INFO - 验证码识别尝试 1/30
2026-02-03 03:32:57,841 - INFO - 开始识别验证码...（easyocr + pytesseract）
2026-02-03 03:32:57,994 - INFO - easyocr 结果: ['d(0.21)', 'K2C(0.45)']
2026-02-03 03:32:58,175 - INFO - tesseract 结果: dK2C
2026-02-03 03:32:58,241 - INFO - easyocr alt1 结果: ['dK2C(0.85)']
2026-02-03 03:32:58,334 - INFO - tesseract alt1 结果: dK2E
2026-02-03 03:32:58,394 - INFO - easyocr alt2 结果: ['dK2C(0.84)']
2026-02-03 03:32:58,490 - INFO - tesseract alt2 结果: dK2E
2026-02-03 03:32:58,654 - INFO - easyocr alt3 结果: ['dK2C(0.85)']
2026-02-03 03:32:58,778 - INFO - tesseract alt3 结果: dK2C
2026-02-03 03:32:58,853 - INFO - easyocr alt4 结果: ['dK2C(0.71)']
2026-02-03 03:32:58,947 - INFO - tesseract alt4 结果: dK2E
2026-02-03 03:32:59,008 - INFO - easyocr alt5 结果: ['dK2C(0.70)']
2026-02-03 03:32:59,102 - INFO - tesseract alt5 结果: dK2E
2026-02-03 03:32:59,102 - INFO - 最终验证码识别结果: dK2C (engine=easyocr_alt1, prob=0.8486889004707336)
2026-02-03 03:32:59,102 - INFO - 查找验证码输入框...
2026-02-03 03:32:59,162 - INFO - 验证码填写完成
2026-02-03 03:32:59,162 - INFO - 验证码填写完成，点击登录按钮...
2026-02-03 03:32:59,162 - INFO - 查找并点击登录按钮...
2026-02-03 03:33:03,143 - INFO - 已点击登录按钮
2026-02-03 03:33:10,154 - INFO - 未检测到无效验证码提示，验证码通过
2026-02-03 03:33:10,154 - INFO - 查找并点击登录按钮...
2026-02-03 03:33:10,159 - ERROR - 未找到登录按钮
2026-02-03 03:33:10,159 - ERROR - 点击登录按钮失败
2026-02-03 03:33:10,159 - INFO - 等待登录成功...
2026-02-03 03:33:15,164 - INFO - 登录可能成功，继续下一步...
2026-02-03 03:33:15,164 - INFO - 查找'去充值'按钮...
2026-02-03 03:33:16,992 - INFO - 已点击充值按钮
2026-02-03 03:33:19,992 - INFO - 开始提取剩余电量信息...
2026-02-03 03:33:19,996 - INFO - 页面源码已保存到 /home/runner/work/nju_electric_monitor/nju_electric_monitor/src/../data/debug_page_source.html
2026-02-03 03:33:20,014 - INFO - 找到电量信息元素: 持卡人姓名：***
2026-02-03 03:33:20,015 - WARNING - 未在元素中找到标准格式的电量信息
2026-02-03 03:33:20,027 - INFO - 找到i标签中的电量信息: 吴相民
2026-02-03 03:33:20,027 - WARNING - i标签中未找到标准格式的电量信息
2026-02-03 03:33:20,027 - WARNING - 未找到i标签中的电量信息
2026-02-03 03:33:20,030 - INFO - 在页面源码中查找电量信息...
2026-02-03 03:33:20,030 - INFO - 从页面源码中提取到剩余电量: 28.57 度
2026-02-03 03:33:20,043 - INFO - 数据已保存: 28.57 度
2026-02-03 03:33:20,324 - INFO - 电量变化曲线图已保存到: /home/runner/work/nju_electric_monitor/nju_electric_monitor/src/../data/electricity_trend.png
2026-02-03 03:33:20,601 - INFO - 最近20次电量变化曲线图已保存到: /home/runner/work/nju_electric_monitor/nju_electric_monitor/src/../data/recent_20_changes.png
2026-02-03 03:33:20,601 - INFO - 监控流程完成
