2026-02-28 13:02:11,132 - INFO - 使用本地ChromeDriver: D:\Documents\Github\nju_electric_monitor\src\..\chromedriver-win64\chromedriver.exe
2026-02-28 13:02:11,132 - WARNING - Using CPU. Note: This module is much faster with a GPU.
2026-02-28 13:02:13,217 - INFO - OCR识别器初始化成功（允许自动下载最新模型）
2026-02-28 13:02:13,217 - INFO - 开始南京大学电费监控流程（自动无头模式）
2026-02-28 13:02:13,218 - INFO - 已获取登录凭据
2026-02-28 13:02:13,218 - INFO - 正在打开页面: https://epay.nju.edu.cn/epay/h5/nju/electric/index
2026-02-28 13:02:16,839 - INFO - 等待登录表单加载...
2026-02-28 13:02:16,847 - INFO - 登录表单已加载
2026-02-28 13:02:16,847 - INFO - 开始填写登录表单...
2026-02-28 13:02:16,897 - INFO - 用户名填写完成
2026-02-28 13:02:16,931 - INFO - 密码填写完成
2026-02-28 13:02:16,932 - INFO - 检查是否有验证码...
2026-02-28 13:02:16,932 - INFO - 查找验证码图片...
2026-02-28 13:02:16,948 - INFO - 找到验证码图片，开始截图...
2026-02-28 13:02:17,012 - INFO - 验证码图片截取成功
2026-02-28 13:02:17,012 - INFO - 开始填写登录表单...
2026-02-28 13:02:17,077 - INFO - 用户名填写完成
2026-02-28 13:02:17,116 - INFO - 密码填写完成
2026-02-28 13:02:29,338 - INFO - 查找验证码图片...
2026-02-28 13:02:29,345 - INFO - 找到验证码图片，开始截图...
2026-02-28 13:02:29,375 - INFO - 验证码图片截取成功
2026-02-28 13:02:29,380 - INFO - 验证码图片已保存到 D:\Documents\Github\nju_electric_monitor\src\..\data\captcha_debug.png
2026-02-28 13:02:29,380 - INFO - 验证码识别尝试 1/12
2026-02-28 13:02:29,380 - INFO - 开始识别验证码...
2026-02-28 13:02:29,821 - INFO - easyocr 主图识别: ['FN(2字,0.009)']
2026-02-28 13:02:29,821 - INFO - 尝试不同的图像处理参数...
2026-02-28 13:02:29,883 - INFO - easyocr alt1 识别: ['FN(2字,0.216)']
2026-02-28 13:02:29,999 - INFO - easyocr alt2 识别: ['F(1字,0.749)', 'T(1字,0.001)']
2026-02-28 13:02:30,137 - INFO - easyocr alt3 识别: ['Fk(2字,0.001)']
2026-02-28 13:02:30,241 - INFO - easyocr alt4 识别: ['F(1字,0.001)']
2026-02-28 13:02:30,331 - INFO - easyocr alt5 识别: ['FN(2字,0.000)']
2026-02-28 13:02:30,332 - INFO - 识别候选统计：总数=7, 长度分布={1: 3, 2: 4}
2026-02-28 13:02:30,332 - INFO - 无4字候选，尝试字符级投票合成 (候选数=7)
2026-02-28 13:02:30,335 - WARNING - 投票合成失败/结果长度不符，使用最高置信度候选: F(长度=1)
2026-02-28 13:02:30,336 - INFO - 查找验证码输入框...
2026-02-28 13:02:30,342 - ERROR - 未找到验证码输入框
2026-02-28 13:02:30,342 - WARNING - 验证码填写失败
2026-02-28 13:02:30,342 - INFO - 开始填写登录表单...
2026-02-28 13:02:30,382 - INFO - 用户名填写完成
2026-02-28 13:02:30,422 - INFO - 密码填写完成
2026-02-28 13:02:43,693 - INFO - 查找验证码图片...
2026-02-28 13:02:43,703 - INFO - 找到验证码图片，开始截图...
2026-02-28 13:02:43,741 - INFO - 验证码图片截取成功
2026-02-28 13:02:43,743 - INFO - 验证码图片已保存到 D:\Documents\Github\nju_electric_monitor\src\..\data\captcha_debug.png
2026-02-28 13:02:43,743 - INFO - 验证码识别尝试 2/12
2026-02-28 13:02:43,743 - INFO - 开始识别验证码...
2026-02-28 13:02:44,029 - INFO - easyocr 主图识别: 无识别结果
2026-02-28 13:02:44,029 - INFO - 尝试不同的图像处理参数...
2026-02-28 13:02:44,499 - INFO - easyocr alt4 识别: ['4(1字,0.019)']
2026-02-28 13:02:44,638 - INFO - easyocr alt5 识别: ['1(1字,0.002)', '14(2字,0.083)']
2026-02-28 13:02:44,638 - INFO - 识别候选统计：总数=3, 长度分布={1: 2, 2: 1}
2026-02-28 13:02:44,638 - INFO - 无4字候选，尝试字符级投票合成 (候选数=3)
2026-02-28 13:02:44,638 - WARNING - 投票合成失败/结果长度不符，使用最高置信度候选: 14(长度=2)
2026-02-28 13:02:44,638 - INFO - 查找验证码输入框...
2026-02-28 13:02:44,642 - ERROR - 未找到验证码输入框
2026-02-28 13:02:44,643 - WARNING - 验证码填写失败
2026-02-28 13:02:44,643 - INFO - 开始填写登录表单...
2026-02-28 13:02:44,683 - INFO - 用户名填写完成
2026-02-28 13:02:44,722 - INFO - 密码填写完成
2026-02-28 13:02:57,955 - INFO - 查找验证码图片...
2026-02-28 13:02:57,963 - INFO - 找到验证码图片，开始截图...
2026-02-28 13:02:58,008 - INFO - 验证码图片截取成功
2026-02-28 13:02:58,009 - INFO - 验证码图片已保存到 D:\Documents\Github\nju_electric_monitor\src\..\data\captcha_debug.png
2026-02-28 13:02:58,009 - INFO - 验证码识别尝试 3/12
2026-02-28 13:02:58,009 - INFO - 开始识别验证码...
2026-02-28 13:02:58,373 - INFO - easyocr 主图识别: ['Ck(2字,0.000)']
2026-02-28 13:02:58,373 - INFO - 尝试不同的图像处理参数...
2026-02-28 13:02:58,937 - INFO - easyocr alt5 识别: ['g(1字,0.002)']
2026-02-28 13:02:58,937 - INFO - 识别候选统计：总数=2, 长度分布={1: 1, 2: 1}
2026-02-28 13:02:58,937 - INFO - 无4字候选，尝试字符级投票合成 (候选数=2)
2026-02-28 13:02:58,937 - WARNING - 投票合成失败/结果长度不符，使用最高置信度候选: g(长度=1)
2026-02-28 13:02:58,938 - INFO - 查找验证码输入框...
2026-02-28 13:02:58,942 - ERROR - 未找到验证码输入框
2026-02-28 13:02:58,942 - WARNING - 验证码填写失败
2026-02-28 13:02:58,942 - INFO - 开始填写登录表单...
2026-02-28 13:02:58,980 - INFO - 用户名填写完成
2026-02-28 13:02:59,017 - INFO - 密码填写完成
2026-02-28 13:03:12,241 - INFO - 查找验证码图片...
2026-02-28 13:03:12,247 - INFO - 找到验证码图片，开始截图...
2026-02-28 13:03:12,291 - INFO - 验证码图片截取成功
2026-02-28 13:03:12,291 - INFO - 验证码图片已保存到 D:\Documents\Github\nju_electric_monitor\src\..\data\captcha_debug.png
2026-02-28 13:03:12,293 - INFO - 验证码识别尝试 4/12
2026-02-28 13:03:12,293 - INFO - 开始识别验证码...
2026-02-28 13:03:12,668 - INFO - easyocr 主图识别: ['3(1字,0.000)']
2026-02-28 13:03:12,669 - INFO - 尝试不同的图像处理参数...
2026-02-28 13:03:12,757 - INFO - easyocr alt1 识别: ['32(2字,0.013)']
2026-02-28 13:03:12,847 - INFO - easyocr alt2 识别: ['32(2字,0.017)']
2026-02-28 13:03:12,998 - INFO - easyocr alt3 识别: ['3(1字,0.005)']
2026-02-28 13:03:13,056 - INFO - easyocr alt4 识别: ['3(1字,0.800)']
2026-02-28 13:03:13,145 - INFO - 识别候选统计：总数=5, 长度分布={1: 3, 2: 2}
2026-02-28 13:03:13,145 - INFO - 无4字候选，尝试字符级投票合成 (候选数=5)
2026-02-28 13:03:13,145 - WARNING - 投票合成失败/结果长度不符，使用最高置信度候选: 3(长度=1)
2026-02-28 13:03:13,145 - INFO - 查找验证码输入框...
2026-02-28 13:03:13,150 - ERROR - 未找到验证码输入框
2026-02-28 13:03:13,150 - WARNING - 验证码填写失败
2026-02-28 13:03:13,150 - INFO - 开始填写登录表单...
2026-02-28 13:03:13,189 - INFO - 用户名填写完成
2026-02-28 13:03:13,224 - INFO - 密码填写完成
2026-02-28 13:03:26,464 - INFO - 查找验证码图片...
2026-02-28 13:03:26,466 - ERROR - 捕获验证码图片时出错: Message: tab crashed
  (Session info: chrome=145.0.7632.117)

2026-02-28 13:03:26,466 - INFO - 未检测到验证码图片
2026-02-28 13:03:26,466 - INFO - 查找并点击登录按钮...
2026-02-28 13:03:26,467 - ERROR - 点击登录按钮时出错: Message: tab crashed
  (Session info: chrome=145.0.7632.117)

2026-02-28 13:03:26,467 - ERROR - 点击登录按钮失败
2026-02-28 13:03:26,467 - INFO - 等待登录成功...
2026-02-28 13:03:31,468 - ERROR - 等待登录成功时出错: Message: tab crashed
  (Session info: chrome=145.0.7632.117)

2026-02-28 13:03:31,469 - ERROR - 登录失败
2026-02-28 13:03:31,477 - WARNING - Retrying (Retry(total=2, connect=None, read=None, redirect=None, status=None)) after connection broken by 'ConnectionResetError(10054, '远程主机强迫关闭了一个现有的连接。', None, 10054, None)': /session/e102f24babeda99dca33aa5011eeabb7
2026-02-28 13:10:34,983 - INFO - 使用本地ChromeDriver: D:\Documents\Github\nju_electric_monitor\src\..\chromedriver-win64\chromedriver.exe
2026-02-28 13:10:34,984 - WARNING - Using CPU. Note: This module is much faster with a GPU.
2026-02-28 13:10:37,107 - INFO - OCR识别器初始化成功（允许自动下载最新模型）
2026-02-28 13:10:37,107 - INFO - 开始南京大学电费监控流程（自动无头模式）
2026-02-28 13:10:37,107 - INFO - 已获取登录凭据
2026-02-28 13:10:37,107 - INFO - 正在打开页面: https://epay.nju.edu.cn/epay/h5/nju/electric/index
2026-02-28 13:10:40,640 - INFO - 等待登录表单加载...
2026-02-28 13:10:40,647 - INFO - 登录表单已加载
2026-02-28 13:10:40,647 - INFO - 开始填写登录表单...
2026-02-28 13:10:40,694 - INFO - 用户名填写完成
2026-02-28 13:10:40,737 - INFO - 密码填写完成
2026-02-28 13:10:40,737 - INFO - 开始处理验证码（两层嵌套重试）...
2026-02-28 13:10:40,737 - INFO - 外层页面重试 1/12
2026-02-28 13:10:40,737 - INFO - 等待登录表单加载...
2026-02-28 13:10:40,760 - INFO - 登录表单已加载
2026-02-28 13:10:40,761 - INFO - 开始填写登录表单...
2026-02-28 13:10:40,801 - INFO - 用户名填写完成
2026-02-28 13:10:40,842 - INFO - 密码填写完成
2026-02-28 13:10:40,842 - INFO - 查找验证码图片...
2026-02-28 13:10:40,857 - INFO - 找到验证码图片，开始截图...
2026-02-28 13:10:40,924 - INFO - 验证码图片截取成功
2026-02-28 13:10:40,925 - INFO - 验证码图片已保存到 D:\Documents\Github\nju_electric_monitor\src\..\data\captcha_debug.png
2026-02-28 13:10:40,925 - INFO - 验证码识别（同一图片）尝试 1/3，外层 1/12
2026-02-28 13:10:40,925 - INFO - 开始识别验证码...
2026-02-28 13:10:41,279 - INFO - easyocr 主图识别: ['XE(2字,0.002)']
2026-02-28 13:10:41,279 - INFO - 尝试不同的图像处理参数...
2026-02-28 13:10:41,349 - INFO - easyocr alt1 识别: ['XAE(3字,0.911)']
2026-02-28 13:10:41,409 - INFO - easyocr alt2 识别: ['XASE(4字,0.870)']
2026-02-28 13:10:41,529 - INFO - easyocr alt3 识别: ['XRSE(4字,0.169)']
2026-02-28 13:10:41,591 - INFO - easyocr alt4 识别: ['XASE(4字,0.809)']
2026-02-28 13:10:41,714 - INFO - easyocr alt5 识别: ['XE(2字,0.063)']
2026-02-28 13:10:41,714 - INFO - 识别候选统计：总数=6, 长度分布={2: 2, 3: 1, 4: 3}
2026-02-28 13:10:41,714 - INFO - 找到 3 个4字候选，选择置信度最高的
2026-02-28 13:10:41,715 - INFO - 最终验证码识别结果: XASE (长度=4, engine=easyocr_alt2, prob=0.870)
2026-02-28 13:10:41,715 - INFO - 查找验证码输入框...
2026-02-28 13:10:41,721 - ERROR - 未找到验证码输入框
2026-02-28 13:10:41,721 - WARNING - 验证码填写失败，结束当前外层重试，准备重新加载页面
2026-02-28 13:10:41,721 - INFO - 外层页面重试 2/12
2026-02-28 13:10:43,868 - INFO - 等待登录表单加载...
2026-02-28 13:10:43,873 - INFO - 登录表单已加载
2026-02-28 13:10:43,873 - INFO - 开始填写登录表单...
2026-02-28 13:10:43,909 - INFO - 用户名填写完成
2026-02-28 13:10:43,960 - INFO - 密码填写完成
2026-02-28 13:10:43,961 - INFO - 查找验证码图片...
2026-02-28 13:10:43,976 - INFO - 找到验证码图片，开始截图...
2026-02-28 13:10:44,006 - INFO - 验证码图片截取成功
2026-02-28 13:10:44,007 - INFO - 验证码图片已保存到 D:\Documents\Github\nju_electric_monitor\src\..\data\captcha_debug.png
2026-02-28 13:10:44,007 - INFO - 验证码识别（同一图片）尝试 1/3，外层 2/12
2026-02-28 13:10:44,007 - INFO - 开始识别验证码...
2026-02-28 13:10:44,408 - INFO - easyocr 主图识别: ['Sv89(4字,0.074)']
2026-02-28 13:10:44,408 - INFO - 尝试不同的图像处理参数...
2026-02-28 13:10:44,524 - INFO - easyocr alt1 识别: ['Sb9(3字,0.034)']
2026-02-28 13:10:44,589 - INFO - easyocr alt2 识别: ['S89(3字,0.183)']
2026-02-28 13:10:44,752 - INFO - easyocr alt3 识别: ['S89(3字,0.091)']
2026-02-28 13:10:44,865 - INFO - easyocr alt4 识别: ['S89(3字,0.069)']
2026-02-28 13:10:44,936 - INFO - easyocr alt5 识别: ['S89(3字,0.200)']
2026-02-28 13:10:44,936 - INFO - 识别候选统计：总数=6, 长度分布={3: 5, 4: 1}
2026-02-28 13:10:44,936 - INFO - 找到 1 个4字候选，选择置信度最高的
2026-02-28 13:10:44,936 - INFO - 最终验证码识别结果: Sv89 (长度=4, engine=easyocr, prob=0.074)
2026-02-28 13:10:44,936 - INFO - 查找验证码输入框...
2026-02-28 13:10:44,941 - ERROR - 未找到验证码输入框
2026-02-28 13:10:44,941 - WARNING - 验证码填写失败，结束当前外层重试，准备重新加载页面
2026-02-28 13:10:44,941 - INFO - 外层页面重试 3/12
2026-02-28 13:10:47,086 - INFO - 等待登录表单加载...
2026-02-28 13:10:47,092 - INFO - 登录表单已加载
2026-02-28 13:10:47,093 - INFO - 开始填写登录表单...
2026-02-28 13:10:47,143 - INFO - 用户名填写完成
2026-02-28 13:10:47,183 - INFO - 密码填写完成
2026-02-28 13:10:47,184 - INFO - 查找验证码图片...
2026-02-28 13:10:47,196 - INFO - 找到验证码图片，开始截图...
2026-02-28 13:10:47,255 - INFO - 验证码图片截取成功
2026-02-28 13:10:47,256 - INFO - 验证码图片已保存到 D:\Documents\Github\nju_electric_monitor\src\..\data\captcha_debug.png
2026-02-28 13:10:47,256 - INFO - 验证码识别（同一图片）尝试 1/3，外层 3/12
2026-02-28 13:10:47,256 - INFO - 开始识别验证码...
2026-02-28 13:10:47,643 - INFO - easyocr 主图识别: ['66(2字,0.007)']
2026-02-28 13:10:47,643 - INFO - 尝试不同的图像处理参数...
2026-02-28 13:10:47,712 - INFO - easyocr alt1 识别: ['866(3字,0.118)']
2026-02-28 13:10:47,813 - INFO - easyocr alt2 识别: ['B66e(4字,0.010)']
2026-02-28 13:10:47,962 - INFO - easyocr alt3 识别: ['856(3字,0.013)']
2026-02-28 13:10:48,059 - INFO - easyocr alt4 识别: ['66(2字,0.010)']
2026-02-28 13:10:48,154 - INFO - easyocr alt5 识别: ['569(3字,0.004)']
2026-02-28 13:10:48,154 - INFO - 识别候选统计：总数=6, 长度分布={2: 2, 3: 3, 4: 1}
2026-02-28 13:10:48,154 - INFO - 找到 1 个4字候选，选择置信度最高的
2026-02-28 13:10:48,154 - INFO - 最终验证码识别结果: B66e (长度=4, engine=easyocr_alt2, prob=0.010)
2026-02-28 13:10:48,154 - INFO - 查找验证码输入框...
2026-02-28 13:10:48,159 - ERROR - 未找到验证码输入框
2026-02-28 13:10:48,159 - WARNING - 验证码填写失败，结束当前外层重试，准备重新加载页面
2026-02-28 13:10:48,159 - INFO - 外层页面重试 4/12
2026-02-28 13:10:50,307 - INFO - 等待登录表单加载...
2026-02-28 13:10:50,311 - INFO - 登录表单已加载
2026-02-28 13:10:50,311 - INFO - 开始填写登录表单...
2026-02-28 13:10:50,357 - INFO - 用户名填写完成
2026-02-28 13:10:50,419 - INFO - 密码填写完成
2026-02-28 13:10:50,420 - INFO - 查找验证码图片...
2026-02-28 13:10:50,429 - INFO - 找到验证码图片，开始截图...
2026-02-28 13:10:50,488 - INFO - 验证码图片截取成功
2026-02-28 13:10:50,489 - INFO - 验证码图片已保存到 D:\Documents\Github\nju_electric_monitor\src\..\data\captcha_debug.png
2026-02-28 13:10:50,489 - INFO - 验证码识别（同一图片）尝试 1/3，外层 4/12
2026-02-28 13:10:50,490 - INFO - 开始识别验证码...
2026-02-28 13:10:50,822 - INFO - easyocr 主图识别: ['It(2字,0.007)']
2026-02-28 13:10:50,822 - INFO - 尝试不同的图像处理参数...
2026-02-28 13:10:50,915 - INFO - easyocr alt1 识别: ['H(1字,0.000)']
2026-02-28 13:10:51,008 - INFO - easyocr alt2 识别: ['Y8t(3字,0.025)']
2026-02-28 13:10:51,155 - INFO - easyocr alt3 识别: ['Yet(3字,0.002)']
2026-02-28 13:10:51,246 - INFO - easyocr alt4 识别: ['Y8t(3字,0.008)']
2026-02-28 13:10:51,337 - INFO - 识别候选统计：总数=5, 长度分布={1: 1, 2: 1, 3: 3}
2026-02-28 13:10:51,337 - INFO - 无4字候选，尝试字符级投票合成 (候选数=5)
2026-02-28 13:10:51,339 - WARNING - 投票合成失败/结果长度不符，使用最高置信度候选: Y8t(长度=3)
2026-02-28 13:10:51,339 - INFO - 识别结果长度不是4（'Y8t'，len=3），忽略本次结果
2026-02-28 13:10:51,339 - INFO - 验证码识别（同一图片）尝试 2/3，外层 4/12
2026-02-28 13:10:51,339 - INFO - 开始识别验证码...
2026-02-28 13:10:51,689 - INFO - easyocr 主图识别: ['It(2字,0.007)']
2026-02-28 13:10:51,689 - INFO - 尝试不同的图像处理参数...
2026-02-28 13:10:51,783 - INFO - easyocr alt1 识别: ['H(1字,0.000)']
2026-02-28 13:10:51,879 - INFO - easyocr alt2 识别: ['Y8t(3字,0.025)']
2026-02-28 13:10:52,020 - INFO - easyocr alt3 识别: ['Yet(3字,0.002)']
2026-02-28 13:10:52,111 - INFO - easyocr alt4 识别: ['Y8t(3字,0.008)']
2026-02-28 13:10:52,203 - INFO - 识别候选统计：总数=5, 长度分布={1: 1, 2: 1, 3: 3}
2026-02-28 13:10:52,203 - INFO - 无4字候选，尝试字符级投票合成 (候选数=5)
2026-02-28 13:10:52,204 - WARNING - 投票合成失败/结果长度不符，使用最高置信度候选: Y8t(长度=3)
2026-02-28 13:10:52,204 - INFO - 识别结果长度不是4（'Y8t'，len=3），忽略本次结果
2026-02-28 13:10:52,204 - INFO - 验证码识别（同一图片）尝试 3/3，外层 4/12
2026-02-28 13:10:52,204 - INFO - 开始识别验证码...
2026-02-28 13:10:52,535 - INFO - easyocr 主图识别: ['It(2字,0.007)']
2026-02-28 13:10:52,535 - INFO - 尝试不同的图像处理参数...
2026-02-28 13:10:52,627 - INFO - easyocr alt1 识别: ['H(1字,0.000)']
2026-02-28 13:10:52,723 - INFO - easyocr alt2 识别: ['Y8t(3字,0.025)']
2026-02-28 13:10:52,871 - INFO - easyocr alt3 识别: ['Yet(3字,0.002)']
2026-02-28 13:10:52,961 - INFO - easyocr alt4 识别: ['Y8t(3字,0.008)']
2026-02-28 13:10:53,050 - INFO - 识别候选统计：总数=5, 长度分布={1: 1, 2: 1, 3: 3}
2026-02-28 13:10:53,051 - INFO - 无4字候选，尝试字符级投票合成 (候选数=5)
2026-02-28 13:10:53,051 - WARNING - 投票合成失败/结果长度不符，使用最高置信度候选: Y8t(长度=3)
2026-02-28 13:10:53,051 - INFO - 识别结果长度不是4（'Y8t'，len=3），忽略本次结果
2026-02-28 13:10:53,051 - INFO - 外层页面重试 5/12
2026-02-28 13:10:55,738 - INFO - 等待登录表单加载...
2026-02-28 13:10:55,743 - INFO - 登录表单已加载
2026-02-28 13:10:55,743 - INFO - 开始填写登录表单...
2026-02-28 13:10:55,779 - INFO - 用户名填写完成
2026-02-28 13:10:55,838 - INFO - 密码填写完成
2026-02-28 13:10:55,839 - INFO - 查找验证码图片...
2026-02-28 13:10:55,848 - INFO - 找到验证码图片，开始截图...
2026-02-28 13:10:55,888 - INFO - 验证码图片截取成功
2026-02-28 13:10:55,889 - INFO - 验证码图片已保存到 D:\Documents\Github\nju_electric_monitor\src\..\data\captcha_debug.png
2026-02-28 13:10:55,889 - INFO - 验证码识别（同一图片）尝试 1/3，外层 5/12
2026-02-28 13:10:55,889 - INFO - 开始识别验证码...
2026-02-28 13:10:56,247 - INFO - easyocr 主图识别: ['1(1字,0.000)']
2026-02-28 13:10:56,248 - INFO - 尝试不同的图像处理参数...
2026-02-28 13:10:56,354 - INFO - easyocr alt1 识别: ['4(1字,0.002)']
2026-02-28 13:10:56,598 - INFO - easyocr alt3 识别: ['r(1字,0.004)']
2026-02-28 13:10:56,702 - INFO - easyocr alt4 识别: ['4(1字,0.023)']
2026-02-28 13:10:56,808 - INFO - easyocr alt5 识别: ['r(1字,0.000)']
2026-02-28 13:10:56,808 - INFO - 识别候选统计：总数=5, 长度分布={1: 5}
2026-02-28 13:10:56,808 - INFO - 无4字候选，尝试字符级投票合成 (候选数=5)
2026-02-28 13:10:56,808 - WARNING - 投票合成失败/结果长度不符，使用最高置信度候选: 4(长度=1)
2026-02-28 13:10:56,808 - INFO - 识别结果长度不是4（'4'，len=1），忽略本次结果
2026-02-28 13:10:56,808 - INFO - 验证码识别（同一图片）尝试 2/3，外层 5/12
2026-02-28 13:10:56,808 - INFO - 开始识别验证码...
2026-02-28 13:10:57,162 - INFO - easyocr 主图识别: ['1(1字,0.000)']
2026-02-28 13:10:57,162 - INFO - 尝试不同的图像处理参数...
2026-02-28 13:10:57,267 - INFO - easyocr alt1 识别: ['4(1字,0.002)']
2026-02-28 13:10:57,523 - INFO - easyocr alt3 识别: ['r(1字,0.004)']
2026-02-28 13:10:57,635 - INFO - easyocr alt4 识别: ['4(1字,0.023)']
2026-02-28 13:10:57,753 - INFO - easyocr alt5 识别: ['r(1字,0.000)']
2026-02-28 13:10:57,753 - INFO - 识别候选统计：总数=5, 长度分布={1: 5}
2026-02-28 13:10:57,753 - INFO - 无4字候选，尝试字符级投票合成 (候选数=5)
2026-02-28 13:10:57,754 - WARNING - 投票合成失败/结果长度不符，使用最高置信度候选: 4(长度=1)
2026-02-28 13:10:57,754 - INFO - 识别结果长度不是4（'4'，len=1），忽略本次结果
2026-02-28 13:10:57,754 - INFO - 验证码识别（同一图片）尝试 3/3，外层 5/12
2026-02-28 13:10:57,754 - INFO - 开始识别验证码...
2026-02-28 13:10:58,112 - INFO - easyocr 主图识别: ['1(1字,0.000)']
2026-02-28 13:10:58,112 - INFO - 尝试不同的图像处理参数...
2026-02-28 13:10:58,220 - INFO - easyocr alt1 识别: ['4(1字,0.002)']
2026-02-28 13:10:58,464 - INFO - easyocr alt3 识别: ['r(1字,0.004)']
2026-02-28 13:10:58,569 - INFO - easyocr alt4 识别: ['4(1字,0.023)']
2026-02-28 13:10:58,676 - INFO - easyocr alt5 识别: ['r(1字,0.000)']
2026-02-28 13:10:58,676 - INFO - 识别候选统计：总数=5, 长度分布={1: 5}
2026-02-28 13:10:58,676 - INFO - 无4字候选，尝试字符级投票合成 (候选数=5)
2026-02-28 13:10:58,677 - WARNING - 投票合成失败/结果长度不符，使用最高置信度候选: 4(长度=1)
2026-02-28 13:10:58,677 - INFO - 识别结果长度不是4（'4'，len=1），忽略本次结果
2026-02-28 13:10:58,677 - INFO - 外层页面重试 6/12
2026-02-28 13:11:00,816 - INFO - 等待登录表单加载...
2026-02-28 13:11:00,823 - INFO - 登录表单已加载
2026-02-28 13:11:00,823 - INFO - 开始填写登录表单...
2026-02-28 13:11:00,865 - INFO - 用户名填写完成
2026-02-28 13:11:00,901 - INFO - 密码填写完成
2026-02-28 13:11:00,901 - INFO - 查找验证码图片...
2026-02-28 13:11:00,911 - INFO - 找到验证码图片，开始截图...
2026-02-28 13:11:00,988 - INFO - 验证码图片截取成功
2026-02-28 13:11:00,989 - INFO - 验证码图片已保存到 D:\Documents\Github\nju_electric_monitor\src\..\data\captcha_debug.png
2026-02-28 13:11:00,989 - INFO - 验证码识别（同一图片）尝试 1/3，外层 6/12
2026-02-28 13:11:00,990 - INFO - 开始识别验证码...
2026-02-28 13:11:01,338 - INFO - easyocr 主图识别: ['y980(4字,0.016)']
2026-02-28 13:11:01,338 - INFO - 尝试不同的图像处理参数...
2026-02-28 13:11:01,450 - INFO - easyocr alt1 识别: ['9f(2字,0.000)']
2026-02-28 13:11:01,563 - INFO - easyocr alt2 识别: ['y96(3字,0.002)']
2026-02-28 13:11:01,732 - INFO - easyocr alt3 识别: ['9w(2字,0.000)']
2026-02-28 13:11:01,825 - INFO - easyocr alt4 识别: ['498(3字,0.006)']
2026-02-28 13:11:01,934 - INFO - easyocr alt5 识别: ['g0(2字,0.002)']
2026-02-28 13:11:01,934 - INFO - 识别候选统计：总数=6, 长度分布={2: 3, 3: 2, 4: 1}
2026-02-28 13:11:01,934 - INFO - 找到 1 个4字候选，选择置信度最高的
2026-02-28 13:11:01,935 - INFO - 最终验证码识别结果: y980 (长度=4, engine=easyocr, prob=0.016)
2026-02-28 13:11:01,935 - INFO - 查找验证码输入框...
2026-02-28 13:11:01,940 - ERROR - 未找到验证码输入框
2026-02-28 13:11:01,940 - WARNING - 验证码填写失败，结束当前外层重试，准备重新加载页面
2026-02-28 13:11:01,940 - INFO - 外层页面重试 7/12
2026-02-28 13:11:04,071 - INFO - 等待登录表单加载...
2026-02-28 13:11:04,075 - INFO - 登录表单已加载
2026-02-28 13:11:04,076 - INFO - 开始填写登录表单...
2026-02-28 13:11:04,126 - INFO - 用户名填写完成
2026-02-28 13:11:04,180 - INFO - 密码填写完成
2026-02-28 13:11:04,180 - INFO - 查找验证码图片...
2026-02-28 13:11:04,205 - INFO - 找到验证码图片，开始截图...
2026-02-28 13:11:04,237 - INFO - 验证码图片截取成功
2026-02-28 13:11:04,238 - INFO - 验证码图片已保存到 D:\Documents\Github\nju_electric_monitor\src\..\data\captcha_debug.png
2026-02-28 13:11:04,239 - INFO - 验证码识别（同一图片）尝试 1/3，外层 7/12
2026-02-28 13:11:04,239 - INFO - 开始识别验证码...
2026-02-28 13:11:04,581 - INFO - easyocr 主图识别: ['p24(3字,0.013)']
2026-02-28 13:11:04,581 - INFO - 尝试不同的图像处理参数...
2026-02-28 13:11:04,672 - INFO - easyocr alt1 识别: ['p28(3字,0.005)']
2026-02-28 13:11:04,763 - INFO - easyocr alt2 识别: ['p28(3字,0.005)']
2026-02-28 13:11:04,900 - INFO - easyocr alt3 识别: ['p29(3字,0.012)']
2026-02-28 13:11:04,990 - INFO - easyocr alt4 识别: ['F24(3字,0.000)']
2026-02-28 13:11:05,077 - INFO - easyocr alt5 识别: ['p2q(3字,0.011)']
2026-02-28 13:11:05,077 - INFO - 识别候选统计：总数=6, 长度分布={3: 6}
2026-02-28 13:11:05,079 - INFO - 无4字候选，尝试字符级投票合成 (候选数=6)
2026-02-28 13:11:05,079 - WARNING - 投票合成失败/结果长度不符，使用最高置信度候选: p24(长度=3)
2026-02-28 13:11:05,079 - INFO - 识别结果长度不是4（'p24'，len=3），忽略本次结果
2026-02-28 13:11:05,079 - INFO - 验证码识别（同一图片）尝试 2/3，外层 7/12
2026-02-28 13:11:05,079 - INFO - 开始识别验证码...
2026-02-28 13:11:05,440 - INFO - easyocr 主图识别: ['p24(3字,0.013)']
2026-02-28 13:11:05,440 - INFO - 尝试不同的图像处理参数...
2026-02-28 13:11:05,535 - INFO - easyocr alt1 识别: ['p28(3字,0.005)']
2026-02-28 13:11:05,639 - INFO - easyocr alt2 识别: ['p28(3字,0.005)']
2026-02-28 13:11:05,782 - INFO - easyocr alt3 识别: ['p29(3字,0.012)']
2026-02-28 13:11:05,870 - INFO - easyocr alt4 识别: ['F24(3字,0.000)']
2026-02-28 13:11:05,961 - INFO - easyocr alt5 识别: ['p2q(3字,0.011)']
2026-02-28 13:11:05,961 - INFO - 识别候选统计：总数=6, 长度分布={3: 6}
2026-02-28 13:11:05,961 - INFO - 无4字候选，尝试字符级投票合成 (候选数=6)
2026-02-28 13:11:05,961 - WARNING - 投票合成失败/结果长度不符，使用最高置信度候选: p24(长度=3)
2026-02-28 13:11:05,961 - INFO - 识别结果长度不是4（'p24'，len=3），忽略本次结果
2026-02-28 13:11:05,961 - INFO - 验证码识别（同一图片）尝试 3/3，外层 7/12
2026-02-28 13:11:05,961 - INFO - 开始识别验证码...
2026-02-28 13:11:06,318 - INFO - easyocr 主图识别: ['p24(3字,0.013)']
2026-02-28 13:11:06,318 - INFO - 尝试不同的图像处理参数...
2026-02-28 13:11:06,409 - INFO - easyocr alt1 识别: ['p28(3字,0.005)']
2026-02-28 13:11:06,497 - INFO - easyocr alt2 识别: ['p28(3字,0.005)']
2026-02-28 13:11:06,634 - INFO - easyocr alt3 识别: ['p29(3字,0.012)']
2026-02-28 13:11:06,723 - INFO - easyocr alt4 识别: ['F24(3字,0.000)']
2026-02-28 13:11:06,812 - INFO - easyocr alt5 识别: ['p2q(3字,0.011)']
2026-02-28 13:11:06,813 - INFO - 识别候选统计：总数=6, 长度分布={3: 6}
2026-02-28 13:11:06,813 - INFO - 无4字候选，尝试字符级投票合成 (候选数=6)
2026-02-28 13:11:06,813 - WARNING - 投票合成失败/结果长度不符，使用最高置信度候选: p24(长度=3)
2026-02-28 13:11:06,813 - INFO - 识别结果长度不是4（'p24'，len=3），忽略本次结果
2026-02-28 13:11:06,813 - INFO - 外层页面重试 8/12
2026-02-28 13:11:08,932 - INFO - 等待登录表单加载...
2026-02-28 13:11:08,936 - INFO - 登录表单已加载
2026-02-28 13:11:08,936 - INFO - 开始填写登录表单...
2026-02-28 13:11:09,006 - INFO - 用户名填写完成
2026-02-28 13:11:09,050 - INFO - 密码填写完成
2026-02-28 13:11:09,051 - INFO - 查找验证码图片...
2026-02-28 13:11:09,059 - INFO - 找到验证码图片，开始截图...
2026-02-28 13:11:09,088 - INFO - 验证码图片截取成功
2026-02-28 13:11:09,089 - INFO - 验证码图片已保存到 D:\Documents\Github\nju_electric_monitor\src\..\data\captcha_debug.png
2026-02-28 13:11:09,090 - INFO - 验证码识别（同一图片）尝试 1/3，外层 8/12
2026-02-28 13:11:09,090 - INFO - 开始识别验证码...
2026-02-28 13:11:09,373 - INFO - easyocr 主图识别: ['F79(3字,0.058)']
2026-02-28 13:11:09,373 - INFO - 尝试不同的图像处理参数...
2026-02-28 13:11:09,467 - INFO - easyocr alt1 识别: ['E74(3字,0.029)']
2026-02-28 13:11:09,529 - INFO - easyocr alt2 识别: ['e79(3字,0.177)']
2026-02-28 13:11:09,640 - INFO - easyocr alt3 识别: ['PE79(4字,0.215)']
2026-02-28 13:11:09,717 - INFO - easyocr alt4 识别: ['e74(3字,0.103)']
2026-02-28 13:11:09,833 - INFO - easyocr alt5 识别: ['m79(3字,0.008)']
2026-02-28 13:11:09,833 - INFO - 识别候选统计：总数=6, 长度分布={3: 5, 4: 1}
2026-02-28 13:11:09,833 - INFO - 找到 1 个4字候选，选择置信度最高的
2026-02-28 13:11:09,833 - INFO - 最终验证码识别结果: PE79 (长度=4, engine=easyocr_alt3, prob=0.215)
2026-02-28 13:11:09,833 - INFO - 查找验证码输入框...
2026-02-28 13:11:09,838 - ERROR - 未找到验证码输入框
2026-02-28 13:11:09,838 - WARNING - 验证码填写失败，结束当前外层重试，准备重新加载页面
2026-02-28 13:11:09,838 - INFO - 外层页面重试 9/12
2026-02-28 13:11:11,960 - INFO - 等待登录表单加载...
2026-02-28 13:11:11,964 - INFO - 登录表单已加载
2026-02-28 13:11:11,964 - INFO - 开始填写登录表单...
2026-02-28 13:11:12,032 - INFO - 用户名填写完成
2026-02-28 13:11:12,071 - INFO - 密码填写完成
2026-02-28 13:11:12,071 - INFO - 查找验证码图片...
2026-02-28 13:11:12,094 - INFO - 找到验证码图片，开始截图...
2026-02-28 13:11:12,138 - INFO - 验证码图片截取成功
2026-02-28 13:11:12,139 - INFO - 验证码图片已保存到 D:\Documents\Github\nju_electric_monitor\src\..\data\captcha_debug.png
2026-02-28 13:11:12,139 - INFO - 验证码识别（同一图片）尝试 1/3，外层 9/12
2026-02-28 13:11:12,139 - INFO - 开始识别验证码...
2026-02-28 13:11:12,511 - INFO - easyocr 主图识别: ['fR(2字,0.000)']
2026-02-28 13:11:12,511 - INFO - 尝试不同的图像处理参数...
2026-02-28 13:11:12,826 - INFO - easyocr alt3 识别: ['fj(2字,0.000)']
2026-02-28 13:11:12,917 - INFO - easyocr alt4 识别: ['q(1字,0.000)']
2026-02-28 13:11:13,007 - INFO - easyocr alt5 识别: ['M(1字,0.000)']
2026-02-28 13:11:13,007 - INFO - 识别候选统计：总数=4, 长度分布={1: 2, 2: 2}
2026-02-28 13:11:13,007 - INFO - 无4字候选，尝试字符级投票合成 (候选数=4)
2026-02-28 13:11:13,007 - WARNING - 投票合成失败/结果长度不符，使用最高置信度候选: fR(长度=2)
2026-02-28 13:11:13,007 - INFO - 识别结果长度不是4（'fR'，len=2），忽略本次结果
2026-02-28 13:11:13,007 - INFO - 验证码识别（同一图片）尝试 2/3，外层 9/12
2026-02-28 13:11:13,007 - INFO - 开始识别验证码...
2026-02-28 13:11:13,414 - INFO - easyocr 主图识别: ['fR(2字,0.000)']
2026-02-28 13:11:13,414 - INFO - 尝试不同的图像处理参数...
2026-02-28 13:11:13,761 - INFO - easyocr alt3 识别: ['fj(2字,0.000)']
2026-02-28 13:11:13,853 - INFO - easyocr alt4 识别: ['q(1字,0.000)']
2026-02-28 13:11:13,946 - INFO - easyocr alt5 识别: ['M(1字,0.000)']
2026-02-28 13:11:13,946 - INFO - 识别候选统计：总数=4, 长度分布={1: 2, 2: 2}
2026-02-28 13:11:13,946 - INFO - 无4字候选，尝试字符级投票合成 (候选数=4)
2026-02-28 13:11:13,946 - WARNING - 投票合成失败/结果长度不符，使用最高置信度候选: fR(长度=2)
2026-02-28 13:11:13,946 - INFO - 识别结果长度不是4（'fR'，len=2），忽略本次结果
2026-02-28 13:11:13,946 - INFO - 验证码识别（同一图片）尝试 3/3，外层 9/12
2026-02-28 13:11:13,946 - INFO - 开始识别验证码...
2026-02-28 13:11:14,339 - INFO - easyocr 主图识别: ['fR(2字,0.000)']
2026-02-28 13:11:14,339 - INFO - 尝试不同的图像处理参数...
2026-02-28 13:11:14,659 - INFO - easyocr alt3 识别: ['fj(2字,0.000)']
2026-02-28 13:11:14,750 - INFO - easyocr alt4 识别: ['q(1字,0.000)']
2026-02-28 13:11:14,838 - INFO - easyocr alt5 识别: ['M(1字,0.000)']
2026-02-28 13:11:14,838 - INFO - 识别候选统计：总数=4, 长度分布={1: 2, 2: 2}
2026-02-28 13:11:14,838 - INFO - 无4字候选，尝试字符级投票合成 (候选数=4)
2026-02-28 13:11:14,838 - WARNING - 投票合成失败/结果长度不符，使用最高置信度候选: fR(长度=2)
2026-02-28 13:11:14,838 - INFO - 识别结果长度不是4（'fR'，len=2），忽略本次结果
2026-02-28 13:11:14,840 - INFO - 外层页面重试 10/12
2026-02-28 13:11:16,963 - INFO - 等待登录表单加载...
2026-02-28 13:11:16,967 - INFO - 登录表单已加载
2026-02-28 13:11:16,967 - INFO - 开始填写登录表单...
2026-02-28 13:11:17,003 - INFO - 用户名填写完成
2026-02-28 13:11:17,041 - INFO - 密码填写完成
2026-02-28 13:11:17,041 - INFO - 查找验证码图片...
2026-02-28 13:11:17,066 - INFO - 找到验证码图片，开始截图...
2026-02-28 13:11:17,104 - INFO - 验证码图片截取成功
2026-02-28 13:11:17,105 - INFO - 验证码图片已保存到 D:\Documents\Github\nju_electric_monitor\src\..\data\captcha_debug.png
2026-02-28 13:11:17,105 - INFO - 验证码识别（同一图片）尝试 1/3，外层 10/12
2026-02-28 13:11:17,105 - INFO - 开始识别验证码...
2026-02-28 13:11:17,512 - INFO - easyocr 主图识别: ['6(1字,0.001)']
2026-02-28 13:11:17,512 - INFO - 尝试不同的图像处理参数...
2026-02-28 13:11:17,903 - INFO - easyocr alt3 识别: ['8d(2字,0.008)']
2026-02-28 13:11:18,118 - INFO - easyocr alt5 识别: ['6(1字,0.000)']
2026-02-28 13:11:18,119 - INFO - 识别候选统计：总数=3, 长度分布={1: 2, 2: 1}
2026-02-28 13:11:18,119 - INFO - 无4字候选，尝试字符级投票合成 (候选数=3)
2026-02-28 13:11:18,119 - WARNING - 投票合成失败/结果长度不符，使用最高置信度候选: 8d(长度=2)
2026-02-28 13:11:18,119 - INFO - 识别结果长度不是4（'8d'，len=2），忽略本次结果
2026-02-28 13:11:18,119 - INFO - 验证码识别（同一图片）尝试 2/3，外层 10/12
2026-02-28 13:11:18,119 - INFO - 开始识别验证码...
2026-02-28 13:11:18,529 - INFO - easyocr 主图识别: ['6(1字,0.001)']
2026-02-28 13:11:18,529 - INFO - 尝试不同的图像处理参数...
2026-02-28 13:11:18,899 - INFO - easyocr alt3 识别: ['8d(2字,0.008)']
2026-02-28 13:11:19,125 - INFO - easyocr alt5 识别: ['6(1字,0.000)']
2026-02-28 13:11:19,125 - INFO - 识别候选统计：总数=3, 长度分布={1: 2, 2: 1}
2026-02-28 13:11:19,125 - INFO - 无4字候选，尝试字符级投票合成 (候选数=3)
2026-02-28 13:11:19,125 - WARNING - 投票合成失败/结果长度不符，使用最高置信度候选: 8d(长度=2)
2026-02-28 13:11:19,126 - INFO - 识别结果长度不是4（'8d'，len=2），忽略本次结果
2026-02-28 13:11:19,126 - INFO - 验证码识别（同一图片）尝试 3/3，外层 10/12
2026-02-28 13:11:19,126 - INFO - 开始识别验证码...
2026-02-28 13:11:19,544 - INFO - easyocr 主图识别: ['6(1字,0.001)']
2026-02-28 13:11:19,544 - INFO - 尝试不同的图像处理参数...
2026-02-28 13:11:19,944 - INFO - easyocr alt3 识别: ['8d(2字,0.008)']
2026-02-28 13:11:20,159 - INFO - easyocr alt5 识别: ['6(1字,0.000)']
2026-02-28 13:11:20,159 - INFO - 识别候选统计：总数=3, 长度分布={1: 2, 2: 1}
2026-02-28 13:11:20,159 - INFO - 无4字候选，尝试字符级投票合成 (候选数=3)
2026-02-28 13:11:20,159 - WARNING - 投票合成失败/结果长度不符，使用最高置信度候选: 8d(长度=2)
2026-02-28 13:11:20,160 - INFO - 识别结果长度不是4（'8d'，len=2），忽略本次结果
2026-02-28 13:11:20,160 - INFO - 外层页面重试 11/12
2026-02-28 13:11:22,306 - INFO - 等待登录表单加载...
2026-02-28 13:11:22,310 - INFO - 登录表单已加载
2026-02-28 13:11:22,310 - INFO - 开始填写登录表单...
2026-02-28 13:11:22,363 - INFO - 用户名填写完成
2026-02-28 13:11:22,402 - INFO - 密码填写完成
2026-02-28 13:11:22,402 - INFO - 查找验证码图片...
2026-02-28 13:11:22,411 - INFO - 找到验证码图片，开始截图...
2026-02-28 13:11:22,454 - INFO - 验证码图片截取成功
2026-02-28 13:11:22,455 - INFO - 验证码图片已保存到 D:\Documents\Github\nju_electric_monitor\src\..\data\captcha_debug.png
2026-02-28 13:11:22,455 - INFO - 验证码识别（同一图片）尝试 1/3，外层 11/12
2026-02-28 13:11:22,455 - INFO - 开始识别验证码...
2026-02-28 13:11:22,702 - INFO - easyocr 主图识别: ['KAUj(4字,0.339)']
2026-02-28 13:11:22,703 - INFO - 尝试不同的图像处理参数...
2026-02-28 13:11:22,761 - INFO - easyocr alt1 识别: ['KAWj(4字,0.287)']
2026-02-28 13:11:22,819 - INFO - easyocr alt2 识别: ['KAWj(4字,0.226)']
2026-02-28 13:11:22,925 - INFO - easyocr alt3 识别: ['KAUj(4字,0.522)']
2026-02-28 13:11:22,982 - INFO - easyocr alt4 识别: ['KAUj(4字,0.110)']
2026-02-28 13:11:23,071 - INFO - easyocr alt5 识别: ['KAyj(4字,0.068)']
2026-02-28 13:11:23,071 - INFO - 识别候选统计：总数=6, 长度分布={4: 6}
2026-02-28 13:11:23,071 - INFO - 找到 6 个4字候选，选择置信度最高的
2026-02-28 13:11:23,072 - INFO - 最终验证码识别结果: KAUj (长度=4, engine=easyocr_alt3, prob=0.522)
2026-02-28 13:11:23,072 - INFO - 查找验证码输入框...
2026-02-28 13:11:23,076 - ERROR - 未找到验证码输入框
2026-02-28 13:11:23,076 - WARNING - 验证码填写失败，结束当前外层重试，准备重新加载页面
2026-02-28 13:11:23,076 - INFO - 外层页面重试 12/12
2026-02-28 13:11:25,210 - INFO - 等待登录表单加载...
2026-02-28 13:11:25,214 - INFO - 登录表单已加载
2026-02-28 13:11:25,214 - INFO - 开始填写登录表单...
2026-02-28 13:11:25,250 - INFO - 用户名填写完成
2026-02-28 13:11:25,313 - INFO - 密码填写完成
2026-02-28 13:11:25,313 - INFO - 查找验证码图片...
2026-02-28 13:11:25,324 - INFO - 找到验证码图片，开始截图...
2026-02-28 13:11:25,353 - INFO - 验证码图片截取成功
2026-02-28 13:11:25,353 - INFO - 验证码图片已保存到 D:\Documents\Github\nju_electric_monitor\src\..\data\captcha_debug.png
2026-02-28 13:11:25,353 - INFO - 验证码识别（同一图片）尝试 1/3，外层 12/12
2026-02-28 13:11:25,353 - INFO - 开始识别验证码...
2026-02-28 13:11:25,596 - INFO - legacy 二值化识别成功: ZVYy
2026-02-28 13:11:25,597 - INFO - 查找验证码输入框...
2026-02-28 13:11:25,602 - ERROR - 未找到验证码输入框
2026-02-28 13:11:25,602 - WARNING - 验证码填写失败，结束当前外层重试，准备重新加载页面
2026-02-28 13:11:25,602 - WARNING - 自动验证码识别失败，请手动输入
2026-02-28 13:12:03,905 - INFO - 开始填写登录表单...
2026-02-28 13:12:03,948 - INFO - 用户名填写完成
2026-02-28 13:12:03,990 - INFO - 密码填写完成
2026-02-28 13:12:03,990 - INFO - 查找验证码输入框...
2026-02-28 13:12:03,993 - ERROR - 未找到验证码输入框
2026-02-28 13:12:03,994 - ERROR - 手动验证码填写失败
2026-02-28 13:12:03,994 - WARNING - 验证码处理失败，但继续尝试登录
2026-02-28 13:12:03,994 - INFO - 查找并点击登录按钮...
2026-02-28 13:12:03,999 - ERROR - 未找到登录按钮
2026-02-28 13:12:03,999 - ERROR - 点击登录按钮失败
2026-02-28 13:12:04,000 - INFO - 等待登录成功...
2026-02-28 13:12:09,003 - INFO - 登录可能成功，继续下一步...
2026-02-28 13:12:09,004 - INFO - 查找'去充值'按钮...
2026-02-28 13:12:09,024 - ERROR - 未找到'去充值'按钮
2026-02-28 13:12:09,024 - WARNING - 点击充值按钮失败，尝试直接提取数据
2026-02-28 13:12:09,024 - INFO - 开始提取剩余电量信息...
2026-02-28 13:12:09,053 - INFO - 页面源码已保存到 D:\Documents\Github\nju_electric_monitor\src\..\data\debug_page_source.html
2026-02-28 13:12:09,058 - WARNING - 未找到电量信息元素，尝试其他方法...
2026-02-28 13:12:09,063 - WARNING - 未找到i标签中的电量信息，尝试其他方法...
2026-02-28 13:12:09,084 - INFO - 在页面源码中查找电量信息...
2026-02-28 13:12:09,090 - WARNING - 未能提取到剩余电量信息
2026-02-28 13:12:09,091 - WARNING - 没有电量数据可保存
2026-02-28 13:12:09,091 - INFO - 监控流程完成
