2025-12-15 02:56:50,255 - INFO - Matplotlib 字体设置：使用回退字体列表，首选可用字体: Noto Sans CJK JP
2025-12-15 02:56:52,320 - INFO - 使用 ChromeDriver: /usr/bin/chromedriver
2025-12-15 02:56:52,320 - WARNING - Using CPU. Note: This module is much faster with a GPU.
2025-12-15 02:56:53,950 - INFO - OCR识别器初始化成功
2025-12-15 02:56:53,951 - INFO - 开始南京大学电费监控流程（自动无头模式）
2025-12-15 02:56:53,951 - INFO - 正在打开页面: https://epay.nju.edu.cn/epay/h5/nju/electric/index
2025-12-15 02:57:06,123 - INFO - 等待登录表单加载...
2025-12-15 02:57:06,133 - INFO - 登录表单已加载
2025-12-15 02:57:06,133 - INFO - 开始填写登录表单...
2025-12-15 02:57:06,195 - INFO - 用户名填写完成
2025-12-15 02:57:06,263 - INFO - 密码填写完成
2025-12-15 02:57:06,263 - INFO - 检查是否有验证码...
2025-12-15 02:57:06,263 - INFO - 查找验证码图片...
2025-12-15 02:57:06,283 - INFO - 找到验证码图片，开始截图...
2025-12-15 02:57:06,343 - INFO - 验证码图片截取成功
2025-12-15 02:57:06,343 - INFO - 开始填写登录表单...
2025-12-15 02:57:06,412 - INFO - 用户名填写完成
2025-12-15 02:57:06,478 - INFO - 密码填写完成
2025-12-15 02:57:06,479 - INFO - 验证码图片已保存到 /home/runner/work/nju_electric_monitor/nju_electric_monitor/src/../data/captcha_debug.png
2025-12-15 02:57:06,479 - INFO - 验证码识别尝试 1/30
2025-12-15 02:57:06,479 - INFO - 开始识别验证码...（easyocr + pytesseract）
2025-12-15 02:57:06,606 - INFO - easyocr 结果: ['h5Eh(0.64)']
2025-12-15 02:57:06,802 - INFO - tesseract 结果: bSEh
2025-12-15 02:57:06,864 - INFO - easyocr alt1 结果: ['b5Eh(0.69)']
2025-12-15 02:57:06,964 - INFO - tesseract alt1 结果: bSEn
2025-12-15 02:57:07,024 - INFO - easyocr alt2 结果: ['b5Eh(0.41)']
2025-12-15 02:57:07,120 - INFO - tesseract alt2 结果: bSEb
2025-12-15 02:57:07,286 - INFO - easyocr alt3 结果: ['h5Ch(0.30)']
2025-12-15 02:57:07,386 - INFO - tesseract alt3 结果: 
2025-12-15 02:57:07,445 - INFO - easyocr alt4 结果: ['h5Eh(0.62)']
2025-12-15 02:57:07,542 - INFO - tesseract alt4 结果: BSE
2025-12-15 02:57:07,601 - INFO - easyocr alt5 结果: ['b5Eh(0.34)']
2025-12-15 02:57:07,700 - INFO - tesseract alt5 结果: bSEn
2025-12-15 02:57:07,701 - INFO - 最终验证码识别结果: b5Eh (engine=easyocr_alt1, prob=0.6902680993080139)
2025-12-15 02:57:07,701 - INFO - 查找验证码输入框...
2025-12-15 02:57:07,760 - INFO - 验证码填写完成
2025-12-15 02:57:07,760 - INFO - 验证码填写完成，点击登录按钮...
2025-12-15 02:57:07,760 - INFO - 查找并点击登录按钮...
2025-12-15 02:57:12,197 - INFO - 已点击登录按钮
2025-12-15 02:57:19,208 - INFO - 未检测到无效验证码提示，验证码通过
2025-12-15 02:57:19,208 - INFO - 查找并点击登录按钮...
2025-12-15 02:57:19,213 - ERROR - 未找到登录按钮
2025-12-15 02:57:19,213 - ERROR - 点击登录按钮失败
2025-12-15 02:57:19,213 - INFO - 等待登录成功...
2025-12-15 02:57:24,218 - INFO - 登录可能成功，继续下一步...
2025-12-15 02:57:24,218 - INFO - 查找'去充值'按钮...
2025-12-15 02:57:26,099 - INFO - 已点击充值按钮
2025-12-15 02:57:29,099 - INFO - 开始提取剩余电量信息...
2025-12-15 02:57:29,103 - INFO - 页面源码已保存到 /home/runner/work/nju_electric_monitor/nju_electric_monitor/src/../data/debug_page_source.html
2025-12-15 02:57:29,121 - INFO - 找到电量信息元素: 持卡人姓名：***
2025-12-15 02:57:29,121 - WARNING - 未在元素中找到标准格式的电量信息
2025-12-15 02:57:29,133 - INFO - 找到i标签中的电量信息: ***
2025-12-15 02:57:29,133 - WARNING - i标签中未找到标准格式的电量信息
2025-12-15 02:57:29,133 - WARNING - 未找到i标签中的电量信息
2025-12-15 02:57:29,136 - INFO - 在页面源码中查找电量信息...
2025-12-15 02:57:29,136 - INFO - 从页面源码中提取到剩余电量: 279.47 度
2025-12-15 02:57:29,161 - INFO - 数据已保存: 279.47 度
2025-12-15 02:57:29,474 - INFO - 电量变化曲线图已保存到: /home/runner/work/nju_electric_monitor/nju_electric_monitor/src/../data/electricity_trend.png
2025-12-15 02:57:29,715 - INFO - 最近20次电量变化曲线图已保存到: /home/runner/work/nju_electric_monitor/nju_electric_monitor/src/../data/recent_20_changes.png
2025-12-15 02:57:29,715 - INFO - 监控流程完成
