2026-05-07 09:38:14,249 - INFO - Matplotlib 字体设置：使用回退字体列表，首选可用字体: Noto Sans CJK JP
2026-05-07 09:38:15,640 - INFO - 使用指定 ChromeDriver: /usr/bin/chromedriver
2026-05-07 09:38:15,708 - INFO - ddddocr 识别器初始化成功
2026-05-07 09:38:15,708 - INFO - 开始南京大学电费监控流程（自动无头模式）
2026-05-07 09:38:15,709 - INFO - 已初始化并清空验证码图片目录: /home/runner/work/nju_electric_monitor/nju_electric_monitor/src/../data/captcha_workflow
2026-05-07 09:38:15,709 - INFO - 正在打开页面: https://epay.nju.edu.cn/epay/h5/nju/electric/index
2026-05-07 09:38:27,997 - INFO - 等待登录表单加载...
2026-05-07 09:38:28,007 - INFO - 登录表单已加载
2026-05-07 09:38:28,007 - INFO - 开始填写登录表单...
2026-05-07 09:38:28,089 - INFO - 用户名填写完成
2026-05-07 09:38:28,155 - INFO - 密码填写完成
2026-05-07 09:38:28,155 - INFO - 开始处理验证码（两层嵌套重试）...
2026-05-07 09:38:28,155 - INFO - 外层页面重试 1/4
2026-05-07 09:38:28,155 - INFO - 等待登录表单加载...
2026-05-07 09:38:28,161 - INFO - 登录表单已加载
2026-05-07 09:38:28,161 - INFO - 开始填写登录表单...
2026-05-07 09:38:28,224 - INFO - 用户名填写完成
2026-05-07 09:38:28,286 - INFO - 密码填写完成
2026-05-07 09:38:29,286 - INFO - 查找验证码图片...
2026-05-07 09:38:29,307 - INFO - 找到验证码图片，开始截图...
2026-05-07 09:38:29,365 - INFO - 验证码图片截取成功
2026-05-07 09:38:29,366 - INFO - 验证码图片已保存到 /home/runner/work/nju_electric_monitor/nju_electric_monitor/src/../data/captcha_debug.png
2026-05-07 09:38:29,366 - INFO - 验证码图片已保存到 /home/runner/work/nju_electric_monitor/nju_electric_monitor/src/../data/captcha_workflow/captcha_outer1.png
2026-05-07 09:38:29,366 - INFO - 验证码识别（同一图片）尝试 1/3，外层 1/4
2026-05-07 09:38:29,366 - INFO - 开始使用 ddddocr 识别验证码...
2026-05-07 09:38:29,376 - INFO - ddddocr 最终验证码识别结果: NGUJ
2026-05-07 09:38:29,376 - INFO - 已将验证码图片重命名为: /home/runner/work/nju_electric_monitor/nju_electric_monitor/src/../data/captcha_workflow/NGUJ.png
2026-05-07 09:38:29,376 - INFO - 查找验证码输入框...
2026-05-07 09:38:29,437 - INFO - 通过 XPath 找到 1 个验证码候选输入框，使用第一个。
2026-05-07 09:38:29,489 - INFO - 验证码填写完成
2026-05-07 09:38:30,489 - INFO - 验证码填写完成，点击登录按钮...
2026-05-07 09:38:30,489 - INFO - 查找并点击登录按钮...
2026-05-07 09:38:30,511 - INFO - 通过 ID=login_submit 找到登录按钮
2026-05-07 09:38:34,972 - INFO - 已点击登录按钮
2026-05-07 09:38:44,009 - INFO - 未检测到验证码错误提示，验证码可能通过
2026-05-07 09:38:44,010 - INFO - 等待登录成功...
2026-05-07 09:38:44,018 - INFO - 检测到已跳转到电费页面: https://epay.nju.edu.cn/epay/h5/nju/electric/index
2026-05-07 09:38:44,018 - INFO - 查找'去充值'按钮...
2026-05-07 09:38:44,042 - INFO - 通过文本包含 '去充值' 找到充值按钮
2026-05-07 09:38:45,920 - INFO - 已点击充值按钮
2026-05-07 09:38:48,921 - INFO - 开始提取剩余电量信息...
2026-05-07 09:38:48,942 - INFO - 找到电量信息元素（已省略具体文本以保护隐私）
2026-05-07 09:38:48,943 - WARNING - 未在元素中找到标准格式的电量信息
2026-05-07 09:38:48,956 - INFO - 找到 i 标签中的电量信息（已省略具体文本）
2026-05-07 09:38:48,956 - WARNING - i标签中未找到标准格式的电量信息
2026-05-07 09:38:48,956 - WARNING - 未找到i标签中的电量信息
2026-05-07 09:38:48,959 - INFO - 在页面源码中查找电量信息...
2026-05-07 09:38:48,959 - INFO - 从页面源码中提取到剩余电量: 67.48 度
2026-05-07 09:38:48,975 - INFO - 数据已保存: 67.48 度
2026-05-07 09:38:49,196 - INFO - 电量变化曲线图已保存到: /home/runner/work/nju_electric_monitor/nju_electric_monitor/src/../data/electricity_trend.png
2026-05-07 09:38:49,409 - INFO - 最近20次电量变化曲线图已保存到: /home/runner/work/nju_electric_monitor/nju_electric_monitor/src/../data/recent_20_changes.png
2026-05-07 09:38:49,409 - INFO - 当前剩余电量 67.48 度，高于告警阈值 25.0 度，不发送邮件
2026-05-07 09:38:49,409 - INFO - 监控流程完成
