2025-12-24 07:20:23,854 - INFO - Matplotlib 字体设置：使用回退字体列表，首选可用字体: Noto Sans CJK JP
2025-12-24 07:20:25,874 - INFO - 使用 ChromeDriver: /usr/bin/chromedriver
2025-12-24 07:20:25,874 - WARNING - Using CPU. Note: This module is much faster with a GPU.
2025-12-24 07:20:27,481 - INFO - OCR识别器初始化成功
2025-12-24 07:20:27,481 - INFO - 开始南京大学电费监控流程（自动无头模式）
2025-12-24 07:20:27,481 - INFO - 正在打开页面: https://epay.nju.edu.cn/epay/h5/nju/electric/index
2025-12-24 07:20:35,564 - INFO - 等待登录表单加载...
2025-12-24 07:20:35,574 - INFO - 登录表单已加载
2025-12-24 07:20:35,574 - INFO - 开始填写登录表单...
2025-12-24 07:20:35,635 - INFO - 用户名填写完成
2025-12-24 07:20:35,700 - INFO - 密码填写完成
2025-12-24 07:20:35,700 - INFO - 检查是否有验证码...
2025-12-24 07:20:35,700 - INFO - 查找验证码图片...
2025-12-24 07:20:35,719 - INFO - 找到验证码图片，开始截图...
2025-12-24 07:20:35,769 - INFO - 验证码图片截取成功
2025-12-24 07:20:35,769 - INFO - 开始填写登录表单...
2025-12-24 07:20:35,833 - INFO - 用户名填写完成
2025-12-24 07:20:35,892 - INFO - 密码填写完成
2025-12-24 07:20:35,893 - INFO - 验证码图片已保存到 /home/runner/work/nju_electric_monitor/nju_electric_monitor/src/../data/captcha_debug.png
2025-12-24 07:20:35,893 - INFO - 验证码识别尝试 1/30
2025-12-24 07:20:35,893 - INFO - 开始识别验证码...（easyocr + pytesseract）
2025-12-24 07:20:36,027 - INFO - easyocr 结果: ['CNC(0.86)']
2025-12-24 07:20:36,217 - INFO - tesseract 结果: CNdc
2025-12-24 07:20:36,281 - INFO - easyocr alt1 结果: ['CNC(0.89)']
2025-12-24 07:20:36,378 - INFO - tesseract alt1 结果: Gs
2025-12-24 07:20:36,436 - INFO - easyocr alt2 结果: ['CNC(0.87)']
2025-12-24 07:20:36,536 - INFO - tesseract alt2 结果: CAdE
2025-12-24 07:20:36,695 - INFO - easyocr alt3 结果: ['CMC(0.60)']
2025-12-24 07:20:36,803 - INFO - tesseract alt3 结果: CNdC
2025-12-24 07:20:36,862 - INFO - easyocr alt4 结果: ['CMC(0.62)']
2025-12-24 07:20:36,960 - INFO - tesseract alt4 结果: Gsig
2025-12-24 07:20:37,019 - INFO - easyocr alt5 结果: ['CMHC(0.20)']
2025-12-24 07:20:37,108 - INFO - tesseract alt5 结果: 
2025-12-24 07:20:37,108 - INFO - 最终验证码识别结果: CNdc (engine=tesseract, prob=0.5)
2025-12-24 07:20:37,108 - INFO - 查找验证码输入框...
2025-12-24 07:20:37,168 - INFO - 验证码填写完成
2025-12-24 07:20:37,168 - INFO - 验证码填写完成，点击登录按钮...
2025-12-24 07:20:37,168 - INFO - 查找并点击登录按钮...
2025-12-24 07:20:41,002 - INFO - 已点击登录按钮
2025-12-24 07:20:48,012 - INFO - 未检测到无效验证码提示，验证码通过
2025-12-24 07:20:48,012 - INFO - 查找并点击登录按钮...
2025-12-24 07:20:48,017 - ERROR - 未找到登录按钮
2025-12-24 07:20:48,017 - ERROR - 点击登录按钮失败
2025-12-24 07:20:48,017 - INFO - 等待登录成功...
2025-12-24 07:20:53,022 - INFO - 登录可能成功，继续下一步...
2025-12-24 07:20:53,022 - INFO - 查找'去充值'按钮...
2025-12-24 07:20:54,652 - INFO - 已点击充值按钮
2025-12-24 07:20:57,653 - INFO - 开始提取剩余电量信息...
2025-12-24 07:20:57,657 - INFO - 页面源码已保存到 /home/runner/work/nju_electric_monitor/nju_electric_monitor/src/../data/debug_page_source.html
2025-12-24 07:20:57,675 - INFO - 找到电量信息元素: 持卡人姓名：***
2025-12-24 07:20:57,675 - WARNING - 未在元素中找到标准格式的电量信息
2025-12-24 07:20:57,687 - INFO - 找到i标签中的电量信息: 吴相民
2025-12-24 07:20:57,687 - WARNING - i标签中未找到标准格式的电量信息
2025-12-24 07:20:57,687 - WARNING - 未找到i标签中的电量信息
2025-12-24 07:20:57,690 - INFO - 在页面源码中查找电量信息...
2025-12-24 07:20:57,690 - INFO - 从页面源码中提取到剩余电量: 232.58 度
2025-12-24 07:20:57,715 - INFO - 数据已保存: 232.58 度
2025-12-24 07:20:58,028 - INFO - 电量变化曲线图已保存到: /home/runner/work/nju_electric_monitor/nju_electric_monitor/src/../data/electricity_trend.png
2025-12-24 07:20:58,303 - INFO - 最近20次电量变化曲线图已保存到: /home/runner/work/nju_electric_monitor/nju_electric_monitor/src/../data/recent_20_changes.png
2025-12-24 07:20:58,303 - INFO - 监控流程完成
