2026-04-26 08:12:04,292 - INFO - Matplotlib 字体设置：使用回退字体列表，首选可用字体: Noto Sans CJK JP
2026-04-26 08:12:05,676 - INFO - 使用指定 ChromeDriver: /usr/bin/chromedriver
2026-04-26 08:12:05,738 - INFO - ddddocr 识别器初始化成功
2026-04-26 08:12:05,739 - INFO - 开始南京大学电费监控流程（自动无头模式）
2026-04-26 08:12:05,739 - INFO - 已初始化并清空验证码图片目录: /home/runner/work/nju_electric_monitor/nju_electric_monitor/src/../data/captcha_workflow
2026-04-26 08:12:05,739 - INFO - 正在打开页面: https://epay.nju.edu.cn/epay/h5/nju/electric/index
2026-04-26 08:12:15,314 - INFO - 等待登录表单加载...
2026-04-26 08:12:15,324 - INFO - 登录表单已加载
2026-04-26 08:12:15,324 - INFO - 开始填写登录表单...
2026-04-26 08:12:15,413 - INFO - 用户名填写完成
2026-04-26 08:12:15,484 - INFO - 密码填写完成
2026-04-26 08:12:15,484 - INFO - 开始处理验证码（两层嵌套重试）...
2026-04-26 08:12:15,484 - INFO - 外层页面重试 1/4
2026-04-26 08:12:15,484 - INFO - 等待登录表单加载...
2026-04-26 08:12:15,490 - INFO - 登录表单已加载
2026-04-26 08:12:15,490 - INFO - 开始填写登录表单...
2026-04-26 08:12:15,558 - INFO - 用户名填写完成
2026-04-26 08:12:15,625 - INFO - 密码填写完成
2026-04-26 08:12:16,625 - INFO - 查找验证码图片...
2026-04-26 08:12:16,647 - INFO - 找到验证码图片，开始截图...
2026-04-26 08:12:16,698 - INFO - 验证码图片截取成功
2026-04-26 08:12:16,699 - INFO - 验证码图片已保存到 /home/runner/work/nju_electric_monitor/nju_electric_monitor/src/../data/captcha_debug.png
2026-04-26 08:12:16,700 - INFO - 验证码图片已保存到 /home/runner/work/nju_electric_monitor/nju_electric_monitor/src/../data/captcha_workflow/captcha_outer1.png
2026-04-26 08:12:16,700 - INFO - 验证码识别（同一图片）尝试 1/3，外层 1/4
2026-04-26 08:12:16,700 - INFO - 开始使用 ddddocr 识别验证码...
2026-04-26 08:12:16,712 - INFO - ddddocr 最终验证码识别结果: VXPY
2026-04-26 08:12:16,713 - INFO - 已将验证码图片重命名为: /home/runner/work/nju_electric_monitor/nju_electric_monitor/src/../data/captcha_workflow/VXPY.png
2026-04-26 08:12:16,713 - INFO - 查找验证码输入框...
2026-04-26 08:12:16,772 - INFO - 通过 XPath 找到 1 个验证码候选输入框，使用第一个。
2026-04-26 08:12:16,827 - INFO - 验证码填写完成
2026-04-26 08:12:17,827 - INFO - 验证码填写完成，点击登录按钮...
2026-04-26 08:12:17,827 - INFO - 查找并点击登录按钮...
2026-04-26 08:12:17,849 - INFO - 通过 ID=login_submit 找到登录按钮
2026-04-26 08:12:21,762 - INFO - 已点击登录按钮
2026-04-26 08:12:30,801 - INFO - 未检测到验证码错误提示，验证码可能通过
2026-04-26 08:12:30,802 - INFO - 等待登录成功...
2026-04-26 08:12:30,811 - INFO - 检测到已跳转到电费页面: https://epay.nju.edu.cn/epay/h5/nju/electric/index
2026-04-26 08:12:30,811 - INFO - 查找'去充值'按钮...
2026-04-26 08:12:30,835 - INFO - 通过文本包含 '去充值' 找到充值按钮
2026-04-26 08:12:32,347 - INFO - 已点击充值按钮
2026-04-26 08:12:35,347 - INFO - 开始提取剩余电量信息...
2026-04-26 08:12:35,369 - INFO - 找到电量信息元素（已省略具体文本以保护隐私）
2026-04-26 08:12:35,369 - WARNING - 未在元素中找到标准格式的电量信息
2026-04-26 08:12:35,383 - INFO - 找到 i 标签中的电量信息（已省略具体文本）
2026-04-26 08:12:35,383 - WARNING - i标签中未找到标准格式的电量信息
2026-04-26 08:12:35,383 - WARNING - 未找到i标签中的电量信息
2026-04-26 08:12:35,386 - INFO - 在页面源码中查找电量信息...
2026-04-26 08:12:35,386 - INFO - 从页面源码中提取到剩余电量: 21.46 度
2026-04-26 08:12:35,402 - INFO - 数据已保存: 21.46 度
2026-04-26 08:12:35,645 - INFO - 电量变化曲线图已保存到: /home/runner/work/nju_electric_monitor/nju_electric_monitor/src/../data/electricity_trend.png
2026-04-26 08:12:35,870 - INFO - 最近20次电量变化曲线图已保存到: /home/runner/work/nju_electric_monitor/nju_electric_monitor/src/../data/recent_20_changes.png
2026-04-26 08:12:35,872 - INFO - 已将最近20次电费曲线图以内嵌方式添加到邮件: /home/runner/work/nju_electric_monitor/nju_electric_monitor/src/../data/recent_20_changes.png
2026-04-26 08:12:39,024 - INFO - 电量低于阈值（21.46 度），已发送邮件提醒到: ['1615372377@qq.com']
2026-04-26 08:12:39,180 - INFO - 监控流程完成
