2026-01-25 13:30:19,932 - INFO - Matplotlib 字体设置：使用回退字体列表，首选可用字体: Noto Sans CJK JP
2026-01-25 13:30:21,293 - INFO - 使用 ChromeDriver: /usr/bin/chromedriver
2026-01-25 13:30:21,294 - WARNING - Using CPU. Note: This module is much faster with a GPU.
2026-01-25 13:30:22,873 - INFO - OCR识别器初始化成功
2026-01-25 13:30:22,873 - INFO - 开始南京大学电费监控流程（自动无头模式）
2026-01-25 13:30:22,873 - INFO - 正在打开页面: https://epay.nju.edu.cn/epay/h5/nju/electric/index
2026-01-25 13:30:33,406 - INFO - 等待登录表单加载...
2026-01-25 13:30:33,416 - INFO - 登录表单已加载
2026-01-25 13:30:33,416 - INFO - 开始填写登录表单...
2026-01-25 13:30:33,474 - INFO - 用户名填写完成
2026-01-25 13:30:33,534 - INFO - 密码填写完成
2026-01-25 13:30:33,534 - INFO - 检查是否有验证码...
2026-01-25 13:30:33,534 - INFO - 查找验证码图片...
2026-01-25 13:30:33,553 - INFO - 找到验证码图片，开始截图...
2026-01-25 13:30:33,617 - INFO - 验证码图片截取成功
2026-01-25 13:30:33,617 - INFO - 开始填写登录表单...
2026-01-25 13:30:33,677 - INFO - 用户名填写完成
2026-01-25 13:30:33,733 - INFO - 密码填写完成
2026-01-25 13:30:33,734 - INFO - 验证码图片已保存到 /home/runner/work/nju_electric_monitor/nju_electric_monitor/src/../data/captcha_debug.png
2026-01-25 13:30:33,734 - INFO - 验证码识别尝试 1/30
2026-01-25 13:30:33,734 - INFO - 开始识别验证码...（easyocr + pytesseract）
2026-01-25 13:30:33,848 - INFO - easyocr 结果: ['pydA(0.84)']
2026-01-25 13:30:34,039 - INFO - tesseract 结果: pydA
2026-01-25 13:30:34,108 - INFO - easyocr alt1 结果: ['Dyd4(0.26)']
2026-01-25 13:30:34,188 - INFO - tesseract alt1 结果: pydA
2026-01-25 13:30:34,244 - INFO - easyocr alt2 结果: ['Dyd4(0.26)']
2026-01-25 13:30:34,321 - INFO - tesseract alt2 结果: pydA
2026-01-25 13:30:34,460 - INFO - easyocr alt3 结果: ['DdA(0.89)']
2026-01-25 13:30:34,551 - INFO - tesseract alt3 结果: pydA
2026-01-25 13:30:34,605 - INFO - easyocr alt4 结果: ['DdA(0.88)']
2026-01-25 13:30:34,682 - INFO - tesseract alt4 结果: pydA
2026-01-25 13:30:34,738 - INFO - easyocr alt5 结果: ['pydA(0.16)']
2026-01-25 13:30:34,817 - INFO - tesseract alt5 结果: pydA
2026-01-25 13:30:34,817 - INFO - 最终验证码识别结果: pydA (engine=easyocr, prob=0.8412990892152786)
2026-01-25 13:30:34,817 - INFO - 查找验证码输入框...
2026-01-25 13:30:34,872 - INFO - 验证码填写完成
2026-01-25 13:30:34,872 - INFO - 验证码填写完成，点击登录按钮...
2026-01-25 13:30:34,872 - INFO - 查找并点击登录按钮...
2026-01-25 13:30:38,622 - INFO - 已点击登录按钮
2026-01-25 13:30:45,633 - INFO - 未检测到无效验证码提示，验证码通过
2026-01-25 13:30:45,633 - INFO - 查找并点击登录按钮...
2026-01-25 13:30:45,638 - ERROR - 未找到登录按钮
2026-01-25 13:30:45,638 - ERROR - 点击登录按钮失败
2026-01-25 13:30:45,638 - INFO - 等待登录成功...
2026-01-25 13:30:50,642 - INFO - 登录可能成功，继续下一步...
2026-01-25 13:30:50,642 - INFO - 查找'去充值'按钮...
2026-01-25 13:30:52,270 - INFO - 已点击充值按钮
2026-01-25 13:30:55,270 - INFO - 开始提取剩余电量信息...
2026-01-25 13:30:55,274 - INFO - 页面源码已保存到 /home/runner/work/nju_electric_monitor/nju_electric_monitor/src/../data/debug_page_source.html
2026-01-25 13:30:55,292 - INFO - 找到电量信息元素: 持卡人姓名：***
2026-01-25 13:30:55,292 - WARNING - 未在元素中找到标准格式的电量信息
2026-01-25 13:30:55,305 - INFO - 找到i标签中的电量信息: 吴相民
2026-01-25 13:30:55,305 - WARNING - i标签中未找到标准格式的电量信息
2026-01-25 13:30:55,305 - WARNING - 未找到i标签中的电量信息
2026-01-25 13:30:55,307 - INFO - 在页面源码中查找电量信息...
2026-01-25 13:30:55,308 - INFO - 从页面源码中提取到剩余电量: 76.96 度
2026-01-25 13:30:55,326 - INFO - 数据已保存: 76.96 度
2026-01-25 13:30:55,640 - INFO - 电量变化曲线图已保存到: /home/runner/work/nju_electric_monitor/nju_electric_monitor/src/../data/electricity_trend.png
2026-01-25 13:30:55,894 - INFO - 最近20次电量变化曲线图已保存到: /home/runner/work/nju_electric_monitor/nju_electric_monitor/src/../data/recent_20_changes.png
2026-01-25 13:30:55,894 - INFO - 监控流程完成
