2026-01-11 13:27:25,818 - INFO - Matplotlib 字体设置：使用回退字体列表，首选可用字体: Noto Sans CJK JP
2026-01-11 13:27:27,301 - INFO - 使用 ChromeDriver: /usr/bin/chromedriver
2026-01-11 13:27:27,301 - WARNING - Using CPU. Note: This module is much faster with a GPU.
2026-01-11 13:27:28,906 - INFO - OCR识别器初始化成功
2026-01-11 13:27:28,906 - INFO - 开始南京大学电费监控流程（自动无头模式）
2026-01-11 13:27:28,906 - INFO - 正在打开页面: https://epay.nju.edu.cn/epay/h5/nju/electric/index
2026-01-11 13:27:41,289 - INFO - 等待登录表单加载...
2026-01-11 13:27:41,299 - INFO - 登录表单已加载
2026-01-11 13:27:41,299 - INFO - 开始填写登录表单...
2026-01-11 13:27:41,362 - INFO - 用户名填写完成
2026-01-11 13:27:41,429 - INFO - 密码填写完成
2026-01-11 13:27:41,430 - INFO - 检查是否有验证码...
2026-01-11 13:27:41,430 - INFO - 查找验证码图片...
2026-01-11 13:27:41,449 - INFO - 找到验证码图片，开始截图...
2026-01-11 13:27:41,512 - INFO - 验证码图片截取成功
2026-01-11 13:27:41,512 - INFO - 开始填写登录表单...
2026-01-11 13:27:41,580 - INFO - 用户名填写完成
2026-01-11 13:27:41,646 - INFO - 密码填写完成
2026-01-11 13:27:41,646 - INFO - 验证码图片已保存到 /home/runner/work/nju_electric_monitor/nju_electric_monitor/src/../data/captcha_debug.png
2026-01-11 13:27:41,647 - INFO - 验证码识别尝试 1/30
2026-01-11 13:27:41,647 - INFO - 开始识别验证码...（easyocr + pytesseract）
2026-01-11 13:27:41,785 - INFO - easyocr 结果: ['ADD7(0.95)']
2026-01-11 13:27:41,997 - INFO - tesseract 结果: ADD7
2026-01-11 13:27:42,062 - INFO - easyocr alt1 结果: ['ADD7(0.81)']
2026-01-11 13:27:42,156 - INFO - tesseract alt1 结果: ADD7
2026-01-11 13:27:42,234 - INFO - easyocr alt2 结果: ['A002(0.08)']
2026-01-11 13:27:42,327 - INFO - tesseract alt2 结果: ADD7
2026-01-11 13:27:42,492 - INFO - easyocr alt3 结果: ['AD07(0.54)']
2026-01-11 13:27:42,601 - INFO - tesseract alt3 结果: ADD
2026-01-11 13:27:42,663 - INFO - easyocr alt4 结果: ['ADD7(0.41)']
2026-01-11 13:27:42,759 - INFO - tesseract alt4 结果: ADD7
2026-01-11 13:27:42,837 - INFO - easyocr alt5 结果: ['AD7(0.05)']
2026-01-11 13:27:42,928 - INFO - tesseract alt5 结果: 
2026-01-11 13:27:42,928 - INFO - 最终验证码识别结果: ADD7 (engine=easyocr, prob=0.9490894675254822)
2026-01-11 13:27:42,928 - INFO - 查找验证码输入框...
2026-01-11 13:27:42,987 - INFO - 验证码填写完成
2026-01-11 13:27:42,987 - INFO - 验证码填写完成，点击登录按钮...
2026-01-11 13:27:42,987 - INFO - 查找并点击登录按钮...
2026-01-11 13:27:46,776 - INFO - 已点击登录按钮
2026-01-11 13:27:53,786 - INFO - 未检测到无效验证码提示，验证码通过
2026-01-11 13:27:53,786 - INFO - 查找并点击登录按钮...
2026-01-11 13:27:53,792 - ERROR - 未找到登录按钮
2026-01-11 13:27:53,792 - ERROR - 点击登录按钮失败
2026-01-11 13:27:53,792 - INFO - 等待登录成功...
2026-01-11 13:27:58,797 - INFO - 登录可能成功，继续下一步...
2026-01-11 13:27:58,797 - INFO - 查找'去充值'按钮...
2026-01-11 13:28:00,460 - INFO - 已点击充值按钮
2026-01-11 13:28:03,461 - INFO - 开始提取剩余电量信息...
2026-01-11 13:28:03,464 - INFO - 页面源码已保存到 /home/runner/work/nju_electric_monitor/nju_electric_monitor/src/../data/debug_page_source.html
2026-01-11 13:28:03,483 - INFO - 找到电量信息元素: 持卡人姓名：***
2026-01-11 13:28:03,483 - WARNING - 未在元素中找到标准格式的电量信息
2026-01-11 13:28:03,496 - INFO - 找到i标签中的电量信息: 吴相民
2026-01-11 13:28:03,496 - WARNING - i标签中未找到标准格式的电量信息
2026-01-11 13:28:03,496 - WARNING - 未找到i标签中的电量信息
2026-01-11 13:28:03,499 - INFO - 在页面源码中查找电量信息...
2026-01-11 13:28:03,499 - INFO - 从页面源码中提取到剩余电量: 141.33 度
2026-01-11 13:28:03,525 - INFO - 数据已保存: 141.33 度
2026-01-11 13:28:03,807 - INFO - 电量变化曲线图已保存到: /home/runner/work/nju_electric_monitor/nju_electric_monitor/src/../data/electricity_trend.png
2026-01-11 13:28:04,055 - INFO - 最近20次电量变化曲线图已保存到: /home/runner/work/nju_electric_monitor/nju_electric_monitor/src/../data/recent_20_changes.png
2026-01-11 13:28:04,055 - INFO - 监控流程完成
