2025-12-23 02:53:06,128 - INFO - Matplotlib 字体设置：使用回退字体列表，首选可用字体: Noto Sans CJK JP
2025-12-23 02:53:07,383 - INFO - 使用 ChromeDriver: /usr/bin/chromedriver
2025-12-23 02:53:07,383 - WARNING - Using CPU. Note: This module is much faster with a GPU.
2025-12-23 02:53:08,980 - INFO - OCR识别器初始化成功
2025-12-23 02:53:08,980 - INFO - 开始南京大学电费监控流程（自动无头模式）
2025-12-23 02:53:08,980 - INFO - 正在打开页面: https://epay.nju.edu.cn/epay/h5/nju/electric/index
2025-12-23 02:53:16,975 - INFO - 等待登录表单加载...
2025-12-23 02:53:17,046 - INFO - 登录表单已加载
2025-12-23 02:53:17,046 - INFO - 开始填写登录表单...
2025-12-23 02:53:17,115 - INFO - 用户名填写完成
2025-12-23 02:53:17,188 - INFO - 密码填写完成
2025-12-23 02:53:17,188 - INFO - 检查是否有验证码...
2025-12-23 02:53:17,188 - INFO - 查找验证码图片...
2025-12-23 02:53:17,209 - INFO - 找到验证码图片，开始截图...
2025-12-23 02:53:17,260 - INFO - 验证码图片截取成功
2025-12-23 02:53:17,260 - INFO - 开始填写登录表单...
2025-12-23 02:53:17,328 - INFO - 用户名填写完成
2025-12-23 02:53:17,393 - INFO - 密码填写完成
2025-12-23 02:53:17,394 - INFO - 验证码图片已保存到 /home/runner/work/nju_electric_monitor/nju_electric_monitor/src/../data/captcha_debug.png
2025-12-23 02:53:17,394 - INFO - 验证码识别尝试 1/30
2025-12-23 02:53:17,394 - INFO - 开始识别验证码...（easyocr + pytesseract）
2025-12-23 02:53:17,515 - INFO - easyocr 结果: ['Pyfn(0.64)']
2025-12-23 02:53:17,693 - INFO - tesseract 结果: pyfn
2025-12-23 02:53:17,768 - INFO - easyocr alt1 结果: ['pVf(0.45)']
2025-12-23 02:53:17,861 - INFO - tesseract alt1 结果: pyfn
2025-12-23 02:53:17,920 - INFO - easyocr alt2 结果: ['pVf(0.37)']
2025-12-23 02:53:18,015 - INFO - tesseract alt2 结果: pyifn
2025-12-23 02:53:18,184 - INFO - easyocr alt3 结果: ['DYf(0.19)']
2025-12-23 02:53:18,297 - INFO - tesseract alt3 结果: pyfn
2025-12-23 02:53:18,358 - INFO - easyocr alt4 结果: ['Pyfn(0.15)']
2025-12-23 02:53:18,459 - INFO - tesseract alt4 结果: pyfn
2025-12-23 02:53:18,518 - INFO - easyocr alt5 结果: ['DVf(0.45)']
2025-12-23 02:53:18,616 - INFO - tesseract alt5 结果: pyin
2025-12-23 02:53:18,616 - INFO - 最终验证码识别结果: Pyfn (engine=easyocr, prob=0.643088161945343)
2025-12-23 02:53:18,616 - INFO - 查找验证码输入框...
2025-12-23 02:53:18,676 - INFO - 验证码填写完成
2025-12-23 02:53:18,676 - INFO - 验证码填写完成，点击登录按钮...
2025-12-23 02:53:18,676 - INFO - 查找并点击登录按钮...
2025-12-23 02:53:22,930 - INFO - 已点击登录按钮
2025-12-23 02:53:29,941 - INFO - 未检测到无效验证码提示，验证码通过
2025-12-23 02:53:29,941 - INFO - 查找并点击登录按钮...
2025-12-23 02:53:29,946 - ERROR - 未找到登录按钮
2025-12-23 02:53:29,947 - ERROR - 点击登录按钮失败
2025-12-23 02:53:29,947 - INFO - 等待登录成功...
2025-12-23 02:53:34,951 - INFO - 登录可能成功，继续下一步...
2025-12-23 02:53:34,951 - INFO - 查找'去充值'按钮...
2025-12-23 02:53:36,716 - INFO - 已点击充值按钮
2025-12-23 02:53:39,716 - INFO - 开始提取剩余电量信息...
2025-12-23 02:53:39,720 - INFO - 页面源码已保存到 /home/runner/work/nju_electric_monitor/nju_electric_monitor/src/../data/debug_page_source.html
2025-12-23 02:53:39,738 - INFO - 找到电量信息元素: 持卡人姓名：吴相民
2025-12-23 02:53:39,739 - WARNING - 未在元素中找到标准格式的电量信息
2025-12-23 02:53:39,752 - INFO - 找到i标签中的电量信息: 吴相民
2025-12-23 02:53:39,753 - WARNING - i标签中未找到标准格式的电量信息
2025-12-23 02:53:39,753 - WARNING - 未找到i标签中的电量信息
2025-12-23 02:53:39,756 - INFO - 在页面源码中查找电量信息...
2025-12-23 02:53:39,756 - INFO - 从页面源码中提取到剩余电量: 241.33 度
2025-12-23 02:53:39,781 - INFO - 数据已保存: 241.33 度
2025-12-23 02:53:40,099 - INFO - 电量变化曲线图已保存到: /home/runner/work/nju_electric_monitor/nju_electric_monitor/src/../data/electricity_trend.png
2025-12-23 02:53:40,372 - INFO - 最近20次电量变化曲线图已保存到: /home/runner/work/nju_electric_monitor/nju_electric_monitor/src/../data/recent_20_changes.png
2025-12-23 02:53:40,372 - INFO - 监控流程完成
