2025-12-06 03:03:28,644 - INFO - Matplotlib 字体设置：使用回退字体列表，首选可用字体: Noto Sans CJK JP
2025-12-06 03:03:30,093 - INFO - 使用 ChromeDriver: /usr/bin/chromedriver
2025-12-06 03:03:30,093 - WARNING - Using CPU. Note: This module is much faster with a GPU.
2025-12-06 03:03:31,725 - INFO - OCR识别器初始化成功
2025-12-06 03:03:31,725 - INFO - 开始南京大学电费监控流程（自动无头模式）
2025-12-06 03:03:31,725 - INFO - 正在打开页面: https://epay.nju.edu.cn/epay/h5/nju/electric/index
2025-12-06 03:03:42,368 - INFO - 等待登录表单加载...
2025-12-06 03:03:42,378 - INFO - 登录表单已加载
2025-12-06 03:03:42,378 - INFO - 开始填写登录表单...
2025-12-06 03:03:42,439 - INFO - 用户名填写完成
2025-12-06 03:03:42,505 - INFO - 密码填写完成
2025-12-06 03:03:42,505 - INFO - 检查是否有验证码...
2025-12-06 03:03:42,505 - INFO - 查找验证码图片...
2025-12-06 03:03:42,524 - INFO - 找到验证码图片，开始截图...
2025-12-06 03:03:42,584 - INFO - 验证码图片截取成功
2025-12-06 03:03:42,584 - INFO - 开始填写登录表单...
2025-12-06 03:03:42,650 - INFO - 用户名填写完成
2025-12-06 03:03:42,711 - INFO - 密码填写完成
2025-12-06 03:03:42,712 - INFO - 验证码图片已保存到 /home/runner/work/nju_electric_monitor/nju_electric_monitor/src/../data/captcha_debug.png
2025-12-06 03:03:42,712 - INFO - 验证码识别尝试 1/30
2025-12-06 03:03:42,712 - INFO - 开始识别验证码...（easyocr + pytesseract）
2025-12-06 03:03:42,836 - INFO - easyocr 结果: ['h038(0.28)']
2025-12-06 03:03:42,970 - INFO - tesseract 结果: np38s
2025-12-06 03:03:43,034 - INFO - easyocr alt1 结果: ['n8(0.28)']
2025-12-06 03:03:43,128 - INFO - tesseract alt1 结果: np38
2025-12-06 03:03:43,187 - INFO - easyocr alt2 结果: ['n38(0.42)']
2025-12-06 03:03:43,281 - INFO - tesseract alt2 结果: np38
2025-12-06 03:03:43,441 - INFO - easyocr alt3 结果: ['h8(0.28)']
2025-12-06 03:03:43,549 - INFO - tesseract alt3 结果: np38
2025-12-06 03:03:43,609 - INFO - easyocr alt4 结果: ['n8(0.35)']
2025-12-06 03:03:43,703 - INFO - tesseract alt4 结果: np3s
2025-12-06 03:03:43,780 - INFO - easyocr alt5 结果: ['h8(0.00)']
2025-12-06 03:03:43,874 - INFO - tesseract alt5 结果: np3s
2025-12-06 03:03:43,875 - INFO - 最终验证码识别结果: np38 (engine=tesseract_alt1, prob=0.5)
2025-12-06 03:03:43,875 - INFO - 查找验证码输入框...
2025-12-06 03:03:43,933 - INFO - 验证码填写完成
2025-12-06 03:03:43,933 - INFO - 验证码填写完成，点击登录按钮...
2025-12-06 03:03:43,934 - INFO - 查找并点击登录按钮...
2025-12-06 03:03:47,726 - INFO - 已点击登录按钮
2025-12-06 03:03:54,736 - INFO - 未检测到无效验证码提示，验证码通过
2025-12-06 03:03:54,736 - INFO - 查找并点击登录按钮...
2025-12-06 03:03:54,742 - ERROR - 未找到登录按钮
2025-12-06 03:03:54,742 - ERROR - 点击登录按钮失败
2025-12-06 03:03:54,742 - INFO - 等待登录成功...
2025-12-06 03:03:59,746 - INFO - 登录可能成功，继续下一步...
2025-12-06 03:03:59,746 - INFO - 查找'去充值'按钮...
2025-12-06 03:04:01,227 - INFO - 已点击充值按钮
2025-12-06 03:04:04,227 - INFO - 开始提取剩余电量信息...
2025-12-06 03:04:04,231 - INFO - 页面源码已保存到 /home/runner/work/nju_electric_monitor/nju_electric_monitor/src/../data/debug_page_source.html
2025-12-06 03:04:04,249 - INFO - 找到电量信息元素: 持卡人姓名：***
2025-12-06 03:04:04,249 - WARNING - 未在元素中找到标准格式的电量信息
2025-12-06 03:04:04,261 - INFO - 找到i标签中的电量信息: 吴相民
2025-12-06 03:04:04,262 - WARNING - i标签中未找到标准格式的电量信息
2025-12-06 03:04:04,262 - WARNING - 未找到i标签中的电量信息
2025-12-06 03:04:04,264 - INFO - 在页面源码中查找电量信息...
2025-12-06 03:04:04,264 - INFO - 从页面源码中提取到剩余电量: 332.43 度
2025-12-06 03:04:04,289 - INFO - 数据已保存: 332.43 度
2025-12-06 03:04:04,582 - INFO - 电量变化曲线图已保存到: /home/runner/work/nju_electric_monitor/nju_electric_monitor/src/../data/electricity_trend.png
2025-12-06 03:04:04,830 - INFO - 最近20次电量变化曲线图已保存到: /home/runner/work/nju_electric_monitor/nju_electric_monitor/src/../data/recent_20_changes.png
2025-12-06 03:04:04,830 - INFO - 监控流程完成
