2026-03-01 17:08:19,653 - INFO - 使用 ChromeDriver: D:\Documents\Github\nju_electric_monitor\chromedriver-win64\chromedriver.exe
2026-03-01 17:08:19,713 - INFO - ddddocr 识别器初始化成功
2026-03-01 17:08:19,713 - INFO - 开始南京大学电费监控流程（本地 Windows 版）
2026-03-01 17:08:19,713 - INFO - 正在打开页面: https://epay.nju.edu.cn/epay/h5/nju/electric/index
2026-03-01 17:08:23,147 - INFO - 等待登录表单加载...
2026-03-01 17:08:23,167 - INFO - 登录表单已加载
2026-03-01 17:08:23,167 - INFO - 开始填写登录表单...
2026-03-01 17:08:23,233 - INFO - 用户名填写完成
2026-03-01 17:08:23,270 - INFO - 密码填写完成
2026-03-01 17:08:23,270 - INFO - 开始处理验证码（两层嵌套重试）...
2026-03-01 17:08:23,270 - INFO - 外层页面重试 1/4
2026-03-01 17:08:23,270 - INFO - 等待登录表单加载...
2026-03-01 17:08:23,274 - INFO - 登录表单已加载
2026-03-01 17:08:23,274 - INFO - 开始填写登录表单...
2026-03-01 17:08:23,340 - INFO - 用户名填写完成
2026-03-01 17:08:23,383 - INFO - 密码填写完成
2026-03-01 17:08:23,383 - INFO - 查找验证码图片...
2026-03-01 17:08:23,395 - INFO - 找到验证码图片，开始截图...
2026-03-01 17:08:23,438 - INFO - 验证码图片截取成功
2026-03-01 17:08:23,440 - INFO - 验证码图片已保存到 D:\Documents\Github\nju_electric_monitor\src\..\data\captcha_debug.png
2026-03-01 17:08:23,440 - INFO - 验证码识别（同一图片）尝试 1/3，外层 1/4
2026-03-01 17:08:23,440 - INFO - 开始使用 ddddocr 识别验证码...
2026-03-01 17:08:23,445 - INFO - ddddocr 最终验证码识别结果: ISN2
2026-03-01 17:08:23,445 - INFO - 查找验证码输入框...
2026-03-01 17:08:23,504 - INFO - 通过 XPath 找到 1 个验证码候选输入框，使用第一个。
2026-03-01 17:08:23,555 - INFO - 验证码填写完成
2026-03-01 17:08:23,555 - INFO - 验证码填写完成，点击登录按钮...
2026-03-01 17:08:23,556 - INFO - 查找并点击登录按钮...
2026-03-01 17:08:23,574 - INFO - 通过 ID=login_submit 找到登录按钮
2026-03-01 17:08:23,616 - INFO - 已点击登录按钮
2026-03-01 17:08:30,636 - INFO - 未检测到验证码错误提示，验证码可能通过
2026-03-01 17:08:30,636 - INFO - 等待登录成功...
2026-03-01 17:08:30,640 - INFO - 检测到已跳转到电费页面: https://epay.nju.edu.cn/epay/h5/nju/electric/index
2026-03-01 17:08:30,640 - INFO - 查找'去充值'按钮...
2026-03-01 17:08:30,673 - INFO - 通过文本包含 '去充值' 找到充值按钮
2026-03-01 17:08:31,120 - INFO - 已点击充值按钮
2026-03-01 17:08:34,121 - INFO - 开始提取剩余电量信息...
2026-03-01 17:08:34,122 - INFO - 页面源码已保存到 D:\Documents\Github\nju_electric_monitor\src\..\data\debug_page_source.html
2026-03-01 17:08:34,134 - INFO - 找到电量信息元素: 持卡人姓名：***
2026-03-01 17:08:34,134 - WARNING - 未在元素中找到标准格式的电量信息
2026-03-01 17:08:34,141 - INFO - 找到i标签中的电量信息: ***
2026-03-01 17:08:34,141 - WARNING - i标签中未找到标准格式的电量信息
2026-03-01 17:08:34,143 - WARNING - 未找到i标签中的电量信息
2026-03-01 17:08:34,143 - INFO - 在页面源码中查找电量信息...
2026-03-01 17:08:34,144 - INFO - 从页面源码中提取到剩余电量: 30.66 度
2026-03-01 17:08:34,159 - INFO - 数据已保存: 30.66 度
2026-03-01 17:08:34,404 - INFO - 电量变化曲线图已保存到: D:\Documents\Github\nju_electric_monitor\src\..\data\electricity_trend.png
2026-03-01 17:08:34,404 - INFO - 监控流程完成
2026-03-01 17:35:55,342 - INFO - 使用本地ChromeDriver: D:\Documents\Github\nju_electric_monitor\src\..\chromedriver-win64\chromedriver.exe
2026-03-01 17:35:55,394 - INFO - ddddocr 识别器初始化成功
2026-03-01 17:35:55,394 - INFO - 开始南京大学电费监控流程（自动无头模式）
2026-03-01 17:35:55,394 - INFO - 已获取登录凭据
2026-03-01 17:35:55,394 - INFO - 正在打开页面: https://epay.nju.edu.cn/epay/h5/nju/electric/index
2026-03-01 17:35:58,776 - INFO - 等待登录表单加载...
2026-03-01 17:35:58,781 - INFO - 登录表单已加载
2026-03-01 17:35:58,781 - INFO - 开始填写登录表单...
2026-03-01 17:35:58,829 - INFO - 用户名填写完成
2026-03-01 17:35:58,874 - INFO - 密码填写完成
2026-03-01 17:35:58,874 - INFO - 开始处理验证码（两层嵌套重试）...
2026-03-01 17:35:58,874 - INFO - 外层页面重试 1/4
2026-03-01 17:35:58,874 - INFO - 等待登录表单加载...
2026-03-01 17:35:58,878 - INFO - 登录表单已加载
2026-03-01 17:35:58,878 - INFO - 开始填写登录表单...
2026-03-01 17:35:58,920 - INFO - 用户名填写完成
2026-03-01 17:35:58,961 - INFO - 密码填写完成
2026-03-01 17:35:58,962 - INFO - 查找验证码图片...
2026-03-01 17:35:58,976 - INFO - 找到验证码图片，开始截图...
2026-03-01 17:35:59,047 - INFO - 验证码图片截取成功
2026-03-01 17:35:59,050 - INFO - 验证码图片已保存到 D:\Documents\Github\nju_electric_monitor\src\..\data\captcha_debug.png
2026-03-01 17:35:59,050 - INFO - 验证码识别（同一图片）尝试 1/3，外层 1/4
2026-03-01 17:35:59,050 - INFO - 开始使用 ddddocr 识别验证码...
2026-03-01 17:35:59,068 - INFO - ddddocr 最终验证码识别结果: 2HRR
2026-03-01 17:35:59,070 - INFO - 查找验证码输入框...
2026-03-01 17:35:59,446 - INFO - 通过 XPath 找到 1 个验证码候选输入框，使用第一个。
2026-03-01 17:35:59,721 - INFO - 验证码填写完成
2026-03-01 17:35:59,721 - INFO - 验证码填写完成，点击登录按钮...
2026-03-01 17:35:59,721 - INFO - 查找并点击登录按钮...
2026-03-01 17:35:59,735 - INFO - 通过 ID=login_submit 找到登录按钮
2026-03-01 17:35:59,767 - INFO - 已点击登录按钮
2026-03-01 17:36:06,792 - INFO - 未检测到验证码错误提示，验证码可能通过
2026-03-01 17:36:06,792 - INFO - 查找并点击登录按钮...
2026-03-01 17:36:06,825 - ERROR - 未找到登录按钮（ID/XPath/CSS 均未命中）
2026-03-01 17:36:06,827 - ERROR - 点击登录按钮失败
2026-03-01 17:36:06,827 - INFO - 等待登录成功...
2026-03-01 17:36:06,834 - INFO - 检测到已跳转到电费页面: https://epay.nju.edu.cn/epay/h5/nju/electric/index
2026-03-01 17:36:06,834 - INFO - 查找'去充值'按钮...
2026-03-01 17:36:06,849 - INFO - 通过文本包含 '去充值' 找到充值按钮
2026-03-01 17:36:07,528 - INFO - 已点击充值按钮
2026-03-01 17:36:10,529 - INFO - 开始提取剩余电量信息...
2026-03-01 17:36:10,532 - INFO - 页面源码已保存到 D:\Documents\Github\nju_electric_monitor\src\..\data\debug_page_source.html
2026-03-01 17:36:10,543 - INFO - 找到电量信息元素（已省略具体文本以保护隐私）
2026-03-01 17:36:10,544 - WARNING - 未在元素中找到标准格式的电量信息
2026-03-01 17:36:10,552 - INFO - 找到 i 标签中的电量信息（已省略具体文本）
2026-03-01 17:36:10,552 - WARNING - i标签中未找到标准格式的电量信息
2026-03-01 17:36:10,552 - WARNING - 未找到i标签中的电量信息
2026-03-01 17:36:10,555 - INFO - 在页面源码中查找电量信息...
2026-03-01 17:36:10,555 - INFO - 从页面源码中提取到剩余电量: 30.66 度
2026-03-01 17:36:10,557 - INFO - 数据已保存: 30.66 度
2026-03-01 17:36:10,851 - INFO - 电量变化曲线图已保存到: D:\Documents\Github\nju_electric_monitor\src\..\data\electricity_trend.png
2026-03-01 17:36:11,166 - INFO - 最近20次电量变化曲线图已保存到: D:\Documents\Github\nju_electric_monitor\src\..\data\recent_20_changes.png
2026-03-01 17:36:11,166 - INFO - 监控流程完成
