2026-01-14 07:29:22,707 - INFO - Matplotlib 字体设置：使用回退字体列表，首选可用字体: Noto Sans CJK JP
2026-01-14 07:29:24,248 - INFO - 使用 ChromeDriver: /usr/bin/chromedriver
2026-01-14 07:29:24,249 - WARNING - Using CPU. Note: This module is much faster with a GPU.
2026-01-14 07:29:25,852 - INFO - OCR识别器初始化成功
2026-01-14 07:29:25,853 - INFO - 开始南京大学电费监控流程（自动无头模式）
2026-01-14 07:29:25,853 - INFO - 正在打开页面: https://epay.nju.edu.cn/epay/h5/nju/electric/index
2026-01-14 07:29:37,540 - INFO - 等待登录表单加载...
2026-01-14 07:29:37,550 - INFO - 登录表单已加载
2026-01-14 07:29:37,550 - INFO - 开始填写登录表单...
2026-01-14 07:29:37,610 - INFO - 用户名填写完成
2026-01-14 07:29:37,676 - INFO - 密码填写完成
2026-01-14 07:29:37,676 - INFO - 检查是否有验证码...
2026-01-14 07:29:37,676 - INFO - 查找验证码图片...
2026-01-14 07:29:37,695 - INFO - 找到验证码图片，开始截图...
2026-01-14 07:29:37,760 - INFO - 验证码图片截取成功
2026-01-14 07:29:37,760 - INFO - 开始填写登录表单...
2026-01-14 07:29:37,824 - INFO - 用户名填写完成
2026-01-14 07:29:37,884 - INFO - 密码填写完成
2026-01-14 07:29:37,885 - INFO - 验证码图片已保存到 /home/runner/work/nju_electric_monitor/nju_electric_monitor/src/../data/captcha_debug.png
2026-01-14 07:29:37,885 - INFO - 验证码识别尝试 1/30
2026-01-14 07:29:37,885 - INFO - 开始识别验证码...（easyocr + pytesseract）
2026-01-14 07:29:38,015 - INFO - easyocr 结果: ['EFH3(0.49)']
2026-01-14 07:29:38,226 - INFO - tesseract 结果: EFH3
2026-01-14 07:29:38,290 - INFO - easyocr alt1 结果: ['EFH3(0.98)']
2026-01-14 07:29:38,386 - INFO - tesseract alt1 结果: EFH3
2026-01-14 07:29:38,445 - INFO - easyocr alt2 结果: ['EFH3(0.98)']
2026-01-14 07:29:38,539 - INFO - tesseract alt2 结果: EFH3
2026-01-14 07:29:38,700 - INFO - easyocr alt3 结果: ['EFH3(0.87)']
2026-01-14 07:29:38,808 - INFO - tesseract alt3 结果: FFH3
2026-01-14 07:29:38,867 - INFO - easyocr alt4 结果: ['EFH3(0.91)']
2026-01-14 07:29:38,964 - INFO - tesseract alt4 结果: EFH3
2026-01-14 07:29:39,023 - INFO - easyocr alt5 结果: ['EFH3(0.90)']
2026-01-14 07:29:39,116 - INFO - tesseract alt5 结果: EFHS
2026-01-14 07:29:39,116 - INFO - 最终验证码识别结果: EFH3 (engine=easyocr_alt2, prob=0.9831709265708923)
2026-01-14 07:29:39,116 - INFO - 查找验证码输入框...
2026-01-14 07:29:39,174 - INFO - 验证码填写完成
2026-01-14 07:29:39,174 - INFO - 验证码填写完成，点击登录按钮...
2026-01-14 07:29:39,174 - INFO - 查找并点击登录按钮...
2026-01-14 07:29:43,928 - INFO - 已点击登录按钮
2026-01-14 07:29:50,939 - INFO - 未检测到无效验证码提示，验证码通过
2026-01-14 07:29:50,939 - INFO - 查找并点击登录按钮...
2026-01-14 07:29:50,944 - ERROR - 未找到登录按钮
2026-01-14 07:29:50,944 - ERROR - 点击登录按钮失败
2026-01-14 07:29:50,944 - INFO - 等待登录成功...
2026-01-14 07:29:55,949 - INFO - 登录可能成功，继续下一步...
2026-01-14 07:29:55,949 - INFO - 查找'去充值'按钮...
2026-01-14 07:29:57,803 - INFO - 已点击充值按钮
2026-01-14 07:30:00,803 - INFO - 开始提取剩余电量信息...
2026-01-14 07:30:00,807 - INFO - 页面源码已保存到 /home/runner/work/nju_electric_monitor/nju_electric_monitor/src/../data/debug_page_source.html
2026-01-14 07:30:00,826 - INFO - 找到电量信息元素: 持卡人姓名：***
2026-01-14 07:30:00,826 - WARNING - 未在元素中找到标准格式的电量信息
2026-01-14 07:30:00,839 - INFO - 找到i标签中的电量信息: 吴相民
2026-01-14 07:30:00,839 - WARNING - i标签中未找到标准格式的电量信息
2026-01-14 07:30:00,839 - WARNING - 未找到i标签中的电量信息
2026-01-14 07:30:00,842 - INFO - 在页面源码中查找电量信息...
2026-01-14 07:30:00,842 - INFO - 从页面源码中提取到剩余电量: 127.37 度
2026-01-14 07:30:00,867 - INFO - 数据已保存: 127.37 度
2026-01-14 07:30:01,155 - INFO - 电量变化曲线图已保存到: /home/runner/work/nju_electric_monitor/nju_electric_monitor/src/../data/electricity_trend.png
2026-01-14 07:30:01,421 - INFO - 最近20次电量变化曲线图已保存到: /home/runner/work/nju_electric_monitor/nju_electric_monitor/src/../data/recent_20_changes.png
2026-01-14 07:30:01,421 - INFO - 监控流程完成
