2026-02-08 07:35:27,520 - INFO - Matplotlib 字体设置：使用回退字体列表，首选可用字体: Noto Sans CJK JP
2026-02-08 07:35:29,084 - INFO - 使用 ChromeDriver: /usr/bin/chromedriver
2026-02-08 07:35:29,085 - WARNING - Using CPU. Note: This module is much faster with a GPU.
2026-02-08 07:35:30,605 - INFO - OCR识别器初始化成功
2026-02-08 07:35:30,605 - INFO - 开始南京大学电费监控流程（自动无头模式）
2026-02-08 07:35:30,605 - INFO - 正在打开页面: https://epay.nju.edu.cn/epay/h5/nju/electric/index
2026-02-08 07:35:43,272 - INFO - 等待登录表单加载...
2026-02-08 07:35:43,282 - INFO - 登录表单已加载
2026-02-08 07:35:43,282 - INFO - 开始填写登录表单...
2026-02-08 07:35:43,360 - INFO - 用户名填写完成
2026-02-08 07:35:43,424 - INFO - 密码填写完成
2026-02-08 07:35:43,424 - INFO - 检查是否有验证码...
2026-02-08 07:35:43,424 - INFO - 查找验证码图片...
2026-02-08 07:35:43,443 - INFO - 找到验证码图片，开始截图...
2026-02-08 07:35:43,499 - INFO - 验证码图片截取成功
2026-02-08 07:35:43,500 - INFO - 开始填写登录表单...
2026-02-08 07:35:43,566 - INFO - 用户名填写完成
2026-02-08 07:35:43,626 - INFO - 密码填写完成
2026-02-08 07:35:43,627 - INFO - 验证码图片已保存到 /home/runner/work/nju_electric_monitor/nju_electric_monitor/src/../data/captcha_debug.png
2026-02-08 07:35:43,628 - INFO - 验证码识别尝试 1/30
2026-02-08 07:35:43,628 - INFO - 开始识别验证码...（easyocr + pytesseract）
2026-02-08 07:35:43,738 - INFO - easyocr 结果: ['MRg(0.01)']
2026-02-08 07:35:43,972 - INFO - tesseract 结果: irpBY
2026-02-08 07:35:44,002 - INFO - easyocr alt1 结果: []
2026-02-08 07:35:44,105 - INFO - tesseract alt1 结果: irpBY
2026-02-08 07:35:44,132 - INFO - easyocr alt2 结果: []
2026-02-08 07:35:44,234 - INFO - tesseract alt2 结果: irpLY
2026-02-08 07:35:44,410 - INFO - easyocr alt3 结果: ['(0.00)']
2026-02-08 07:35:44,525 - INFO - tesseract alt3 结果: irpBY
2026-02-08 07:35:44,587 - INFO - easyocr alt4 结果: ['Re(0.00)']
2026-02-08 07:35:44,687 - INFO - tesseract alt4 结果: irpBY
2026-02-08 07:35:44,713 - INFO - easyocr alt5 结果: []
2026-02-08 07:35:44,818 - INFO - tesseract alt5 结果: irpBY
2026-02-08 07:35:44,818 - INFO - 最终验证码识别结果: irpBY (engine=tesseract, prob=0.5)
2026-02-08 07:35:44,818 - INFO - 查找验证码输入框...
2026-02-08 07:35:44,827 - ERROR - 未找到验证码输入框
2026-02-08 07:35:44,827 - WARNING - 验证码填写失败
2026-02-08 07:35:44,827 - INFO - 开始填写登录表单...
2026-02-08 07:35:44,887 - INFO - 用户名填写完成
2026-02-08 07:35:44,946 - INFO - 密码填写完成
2026-02-08 07:35:44,947 - INFO - 验证码图片已保存到 /home/runner/work/nju_electric_monitor/nju_electric_monitor/src/../data/captcha_debug.png
2026-02-08 07:35:44,947 - INFO - 验证码识别尝试 2/30
2026-02-08 07:35:44,947 - INFO - 开始识别验证码...（easyocr + pytesseract）
2026-02-08 07:35:45,040 - INFO - easyocr 结果: ['MRg(0.01)']
2026-02-08 07:35:45,139 - INFO - tesseract 结果: irpBY
2026-02-08 07:35:45,166 - INFO - easyocr alt1 结果: []
2026-02-08 07:35:45,267 - INFO - tesseract alt1 结果: irpBY
2026-02-08 07:35:45,294 - INFO - easyocr alt2 结果: []
2026-02-08 07:35:45,398 - INFO - tesseract alt2 结果: irpLY
2026-02-08 07:35:45,551 - INFO - easyocr alt3 结果: ['(0.00)']
2026-02-08 07:35:45,672 - INFO - tesseract alt3 结果: irpBY
2026-02-08 07:35:45,735 - INFO - easyocr alt4 结果: ['Re(0.00)']
2026-02-08 07:35:45,837 - INFO - tesseract alt4 结果: irpBY
2026-02-08 07:35:45,865 - INFO - easyocr alt5 结果: []
2026-02-08 07:35:45,970 - INFO - tesseract alt5 结果: irpBY
2026-02-08 07:35:45,971 - INFO - 最终验证码识别结果: irpBY (engine=tesseract, prob=0.5)
2026-02-08 07:35:45,971 - INFO - 查找验证码输入框...
2026-02-08 07:35:45,977 - ERROR - 未找到验证码输入框
2026-02-08 07:35:45,977 - WARNING - 验证码填写失败
2026-02-08 07:35:45,977 - INFO - 开始填写登录表单...
2026-02-08 07:35:46,037 - INFO - 用户名填写完成
2026-02-08 07:35:46,102 - INFO - 密码填写完成
2026-02-08 07:35:46,102 - INFO - 验证码图片已保存到 /home/runner/work/nju_electric_monitor/nju_electric_monitor/src/../data/captcha_debug.png
2026-02-08 07:35:46,102 - INFO - 验证码识别尝试 3/30
2026-02-08 07:35:46,102 - INFO - 开始识别验证码...（easyocr + pytesseract）
2026-02-08 07:35:46,196 - INFO - easyocr 结果: ['MRg(0.01)']
2026-02-08 07:35:46,298 - INFO - tesseract 结果: irpBY
2026-02-08 07:35:46,325 - INFO - easyocr alt1 结果: []
2026-02-08 07:35:46,429 - INFO - tesseract alt1 结果: irpBY
2026-02-08 07:35:46,456 - INFO - easyocr alt2 结果: []
2026-02-08 07:35:46,563 - INFO - tesseract alt2 结果: irpLY
2026-02-08 07:35:46,716 - INFO - easyocr alt3 结果: ['(0.00)']
2026-02-08 07:35:46,832 - INFO - tesseract alt3 结果: irpBY
2026-02-08 07:35:46,894 - INFO - easyocr alt4 结果: ['Re(0.00)']
2026-02-08 07:35:46,994 - INFO - tesseract alt4 结果: irpBY
2026-02-08 07:35:47,023 - INFO - easyocr alt5 结果: []
2026-02-08 07:35:47,164 - INFO - tesseract alt5 结果: irpBY
2026-02-08 07:35:47,164 - INFO - 最终验证码识别结果: irpBY (engine=tesseract, prob=0.5)
2026-02-08 07:35:47,164 - INFO - 查找验证码输入框...
2026-02-08 07:35:47,171 - ERROR - 未找到验证码输入框
2026-02-08 07:35:47,171 - WARNING - 验证码填写失败
2026-02-08 07:35:47,171 - INFO - 开始填写登录表单...
2026-02-08 07:35:47,230 - INFO - 用户名填写完成
2026-02-08 07:35:47,290 - INFO - 密码填写完成
2026-02-08 07:35:47,368 - INFO - 验证码图片已保存到 /home/runner/work/nju_electric_monitor/nju_electric_monitor/src/../data/captcha_debug.png
2026-02-08 07:35:47,368 - INFO - 验证码识别尝试 4/30
2026-02-08 07:35:47,368 - INFO - 开始识别验证码...（easyocr + pytesseract）
2026-02-08 07:35:47,471 - INFO - easyocr 结果: ['MRg(0.01)']
2026-02-08 07:35:47,578 - INFO - tesseract 结果: irpBY
2026-02-08 07:35:47,605 - INFO - easyocr alt1 结果: []
2026-02-08 07:35:47,712 - INFO - tesseract alt1 结果: irpBY
2026-02-08 07:35:47,739 - INFO - easyocr alt2 结果: []
2026-02-08 07:35:47,854 - INFO - tesseract alt2 结果: irpLY
2026-02-08 07:35:48,011 - INFO - easyocr alt3 结果: ['(0.00)']
2026-02-08 07:35:48,144 - INFO - tesseract alt3 结果: irpBY
2026-02-08 07:35:48,209 - INFO - easyocr alt4 结果: ['Re(0.00)']
2026-02-08 07:35:48,309 - INFO - tesseract alt4 结果: irpBY
2026-02-08 07:35:48,336 - INFO - easyocr alt5 结果: []
2026-02-08 07:35:48,446 - INFO - tesseract alt5 结果: irpBY
2026-02-08 07:35:48,446 - INFO - 最终验证码识别结果: irpBY (engine=tesseract, prob=0.5)
2026-02-08 07:35:48,446 - INFO - 查找验证码输入框...
2026-02-08 07:35:48,454 - ERROR - 未找到验证码输入框
2026-02-08 07:35:48,455 - WARNING - 验证码填写失败
2026-02-08 07:35:48,455 - INFO - 开始填写登录表单...
2026-02-08 07:35:48,794 - INFO - 用户名填写完成
2026-02-08 07:35:48,853 - INFO - 密码填写完成
2026-02-08 07:35:48,923 - INFO - 验证码图片已保存到 /home/runner/work/nju_electric_monitor/nju_electric_monitor/src/../data/captcha_debug.png
2026-02-08 07:35:48,923 - INFO - 验证码识别尝试 5/30
2026-02-08 07:35:48,923 - INFO - 开始识别验证码...（easyocr + pytesseract）
2026-02-08 07:35:49,030 - INFO - easyocr 结果: ['MRg(0.01)']
2026-02-08 07:35:49,138 - INFO - tesseract 结果: irpBY
2026-02-08 07:35:49,173 - INFO - easyocr alt1 结果: []
2026-02-08 07:35:49,282 - INFO - tesseract alt1 结果: irpBY
2026-02-08 07:35:49,309 - INFO - easyocr alt2 结果: []
2026-02-08 07:35:49,414 - INFO - tesseract alt2 结果: irpLY
2026-02-08 07:35:49,567 - INFO - easyocr alt3 结果: ['(0.00)']
2026-02-08 07:35:49,685 - INFO - tesseract alt3 结果: irpBY
2026-02-08 07:35:49,748 - INFO - easyocr alt4 结果: ['Re(0.00)']
2026-02-08 07:35:49,849 - INFO - tesseract alt4 结果: irpBY
2026-02-08 07:35:49,877 - INFO - easyocr alt5 结果: []
2026-02-08 07:35:49,983 - INFO - tesseract alt5 结果: irpBY
2026-02-08 07:35:49,983 - INFO - 最终验证码识别结果: irpBY (engine=tesseract, prob=0.5)
2026-02-08 07:35:49,983 - INFO - 查找验证码输入框...
2026-02-08 07:35:49,990 - ERROR - 未找到验证码输入框
2026-02-08 07:35:49,990 - WARNING - 验证码填写失败
2026-02-08 07:35:49,990 - INFO - 开始填写登录表单...
2026-02-08 07:35:50,048 - INFO - 用户名填写完成
2026-02-08 07:35:50,108 - INFO - 密码填写完成
2026-02-08 07:35:50,108 - INFO - 验证码图片已保存到 /home/runner/work/nju_electric_monitor/nju_electric_monitor/src/../data/captcha_debug.png
2026-02-08 07:35:50,108 - INFO - 验证码识别尝试 6/30
2026-02-08 07:35:50,108 - INFO - 开始识别验证码...（easyocr + pytesseract）
2026-02-08 07:35:50,202 - INFO - easyocr 结果: ['MRg(0.01)']
2026-02-08 07:35:50,301 - INFO - tesseract 结果: irpBY
2026-02-08 07:35:50,329 - INFO - easyocr alt1 结果: []
2026-02-08 07:35:50,431 - INFO - tesseract alt1 结果: irpBY
2026-02-08 07:35:50,458 - INFO - easyocr alt2 结果: []
2026-02-08 07:35:50,568 - INFO - tesseract alt2 结果: irpLY
2026-02-08 07:35:50,722 - INFO - easyocr alt3 结果: ['(0.00)']
2026-02-08 07:35:50,843 - INFO - tesseract alt3 结果: irpBY
2026-02-08 07:35:50,907 - INFO - easyocr alt4 结果: ['Re(0.00)']
2026-02-08 07:35:51,007 - INFO - tesseract alt4 结果: irpBY
2026-02-08 07:35:51,035 - INFO - easyocr alt5 结果: []
2026-02-08 07:35:51,141 - INFO - tesseract alt5 结果: irpBY
2026-02-08 07:35:51,141 - INFO - 最终验证码识别结果: irpBY (engine=tesseract, prob=0.5)
2026-02-08 07:35:51,141 - INFO - 查找验证码输入框...
2026-02-08 07:35:51,147 - ERROR - 未找到验证码输入框
2026-02-08 07:35:51,147 - WARNING - 验证码填写失败
2026-02-08 07:35:51,147 - INFO - 开始填写登录表单...
2026-02-08 07:35:51,205 - INFO - 用户名填写完成
2026-02-08 07:35:51,265 - INFO - 密码填写完成
2026-02-08 07:35:51,266 - INFO - 验证码图片已保存到 /home/runner/work/nju_electric_monitor/nju_electric_monitor/src/../data/captcha_debug.png
2026-02-08 07:35:51,266 - INFO - 验证码识别尝试 7/30
2026-02-08 07:35:51,266 - INFO - 开始识别验证码...（easyocr + pytesseract）
2026-02-08 07:35:51,359 - INFO - easyocr 结果: ['MRg(0.01)']
2026-02-08 07:35:51,459 - INFO - tesseract 结果: irpBY
2026-02-08 07:35:51,487 - INFO - easyocr alt1 结果: []
2026-02-08 07:35:51,593 - INFO - tesseract alt1 结果: irpBY
2026-02-08 07:35:51,628 - INFO - easyocr alt2 结果: []
2026-02-08 07:35:51,733 - INFO - tesseract alt2 结果: irpLY
2026-02-08 07:35:51,886 - INFO - easyocr alt3 结果: ['(0.00)']
2026-02-08 07:35:52,002 - INFO - tesseract alt3 结果: irpBY
2026-02-08 07:35:52,064 - INFO - easyocr alt4 结果: ['Re(0.00)']
2026-02-08 07:35:52,161 - INFO - tesseract alt4 结果: irpBY
2026-02-08 07:35:52,188 - INFO - easyocr alt5 结果: []
2026-02-08 07:35:52,296 - INFO - tesseract alt5 结果: irpBY
2026-02-08 07:35:52,296 - INFO - 最终验证码识别结果: irpBY (engine=tesseract, prob=0.5)
2026-02-08 07:35:52,296 - INFO - 查找验证码输入框...
2026-02-08 07:35:52,302 - ERROR - 未找到验证码输入框
2026-02-08 07:35:52,302 - WARNING - 验证码填写失败
2026-02-08 07:35:52,302 - INFO - 开始填写登录表单...
2026-02-08 07:35:52,360 - INFO - 用户名填写完成
2026-02-08 07:35:52,420 - INFO - 密码填写完成
2026-02-08 07:35:52,421 - INFO - 验证码图片已保存到 /home/runner/work/nju_electric_monitor/nju_electric_monitor/src/../data/captcha_debug.png
2026-02-08 07:35:52,421 - INFO - 验证码识别尝试 8/30
2026-02-08 07:35:52,421 - INFO - 开始识别验证码...（easyocr + pytesseract）
2026-02-08 07:35:52,515 - INFO - easyocr 结果: ['MRg(0.01)']
2026-02-08 07:35:52,618 - INFO - tesseract 结果: irpBY
2026-02-08 07:35:52,646 - INFO - easyocr alt1 结果: []
2026-02-08 07:35:52,747 - INFO - tesseract alt1 结果: irpBY
2026-02-08 07:35:52,774 - INFO - easyocr alt2 结果: []
2026-02-08 07:35:52,880 - INFO - tesseract alt2 结果: irpLY
2026-02-08 07:35:53,034 - INFO - easyocr alt3 结果: ['(0.00)']
2026-02-08 07:35:53,156 - INFO - tesseract alt3 结果: irpBY
2026-02-08 07:35:53,219 - INFO - easyocr alt4 结果: ['Re(0.00)']
2026-02-08 07:35:53,317 - INFO - tesseract alt4 结果: irpBY
2026-02-08 07:35:53,344 - INFO - easyocr alt5 结果: []
2026-02-08 07:35:53,449 - INFO - tesseract alt5 结果: irpBY
2026-02-08 07:35:53,449 - INFO - 最终验证码识别结果: irpBY (engine=tesseract, prob=0.5)
2026-02-08 07:35:53,449 - INFO - 查找验证码输入框...
2026-02-08 07:35:53,455 - ERROR - 未找到验证码输入框
2026-02-08 07:35:53,455 - WARNING - 验证码填写失败
2026-02-08 07:35:53,455 - INFO - 开始填写登录表单...
2026-02-08 07:35:53,517 - INFO - 用户名填写完成
2026-02-08 07:35:53,576 - INFO - 密码填写完成
2026-02-08 07:35:53,577 - INFO - 验证码图片已保存到 /home/runner/work/nju_electric_monitor/nju_electric_monitor/src/../data/captcha_debug.png
2026-02-08 07:35:53,577 - INFO - 验证码识别尝试 9/30
2026-02-08 07:35:53,577 - INFO - 开始识别验证码...（easyocr + pytesseract）
2026-02-08 07:35:53,671 - INFO - easyocr 结果: ['MRg(0.01)']
2026-02-08 07:35:53,770 - INFO - tesseract 结果: irpBY
2026-02-08 07:35:53,798 - INFO - easyocr alt1 结果: []
2026-02-08 07:35:53,905 - INFO - tesseract alt1 结果: irpBY
2026-02-08 07:35:53,933 - INFO - easyocr alt2 结果: []
2026-02-08 07:35:54,043 - INFO - tesseract alt2 结果: irpLY
2026-02-08 07:35:54,205 - INFO - easyocr alt3 结果: ['(0.00)']
2026-02-08 07:35:54,326 - INFO - tesseract alt3 结果: irpBY
2026-02-08 07:35:54,389 - INFO - easyocr alt4 结果: ['Re(0.00)']
2026-02-08 07:35:54,488 - INFO - tesseract alt4 结果: irpBY
2026-02-08 07:35:54,515 - INFO - easyocr alt5 结果: []
2026-02-08 07:35:54,622 - INFO - tesseract alt5 结果: irpBY
2026-02-08 07:35:54,622 - INFO - 最终验证码识别结果: irpBY (engine=tesseract, prob=0.5)
2026-02-08 07:35:54,622 - INFO - 查找验证码输入框...
2026-02-08 07:35:54,628 - ERROR - 未找到验证码输入框
2026-02-08 07:35:54,628 - WARNING - 验证码填写失败
2026-02-08 07:35:54,628 - INFO - 开始填写登录表单...
2026-02-08 07:35:54,687 - INFO - 用户名填写完成
2026-02-08 07:35:54,748 - INFO - 密码填写完成
2026-02-08 07:35:54,749 - INFO - 验证码图片已保存到 /home/runner/work/nju_electric_monitor/nju_electric_monitor/src/../data/captcha_debug.png
2026-02-08 07:35:54,749 - INFO - 验证码识别尝试 10/30
2026-02-08 07:35:54,749 - INFO - 开始识别验证码...（easyocr + pytesseract）
2026-02-08 07:35:54,861 - INFO - easyocr 结果: ['MRg(0.01)']
2026-02-08 07:35:54,961 - INFO - tesseract 结果: irpBY
2026-02-08 07:35:54,996 - INFO - easyocr alt1 结果: []
2026-02-08 07:35:55,101 - INFO - tesseract alt1 结果: irpBY
2026-02-08 07:35:55,128 - INFO - easyocr alt2 结果: []
2026-02-08 07:35:55,236 - INFO - tesseract alt2 结果: irpLY
2026-02-08 07:35:55,389 - INFO - easyocr alt3 结果: ['(0.00)']
2026-02-08 07:35:55,506 - INFO - tesseract alt3 结果: irpBY
2026-02-08 07:35:55,569 - INFO - easyocr alt4 结果: ['Re(0.00)']
2026-02-08 07:35:55,669 - INFO - tesseract alt4 结果: irpBY
2026-02-08 07:35:55,697 - INFO - easyocr alt5 结果: []
2026-02-08 07:35:55,804 - INFO - tesseract alt5 结果: irpBY
2026-02-08 07:35:55,804 - INFO - 最终验证码识别结果: irpBY (engine=tesseract, prob=0.5)
2026-02-08 07:35:55,804 - INFO - 查找验证码输入框...
2026-02-08 07:35:55,811 - ERROR - 未找到验证码输入框
2026-02-08 07:35:55,811 - WARNING - 验证码填写失败
2026-02-08 07:35:55,811 - INFO - 开始填写登录表单...
2026-02-08 07:35:55,870 - INFO - 用户名填写完成
2026-02-08 07:35:55,930 - INFO - 密码填写完成
2026-02-08 07:35:55,931 - INFO - 验证码图片已保存到 /home/runner/work/nju_electric_monitor/nju_electric_monitor/src/../data/captcha_debug.png
2026-02-08 07:35:55,931 - INFO - 验证码识别尝试 11/30
2026-02-08 07:35:55,931 - INFO - 开始识别验证码...（easyocr + pytesseract）
2026-02-08 07:35:56,023 - INFO - easyocr 结果: ['MRg(0.01)']
2026-02-08 07:35:56,125 - INFO - tesseract 结果: irpBY
2026-02-08 07:35:56,152 - INFO - easyocr alt1 结果: []
2026-02-08 07:35:56,253 - INFO - tesseract alt1 结果: irpBY
2026-02-08 07:35:56,280 - INFO - easyocr alt2 结果: []
2026-02-08 07:35:56,382 - INFO - tesseract alt2 结果: irpLY
2026-02-08 07:35:56,534 - INFO - easyocr alt3 结果: ['(0.00)']
2026-02-08 07:35:56,652 - INFO - tesseract alt3 结果: irpBY
2026-02-08 07:35:56,714 - INFO - easyocr alt4 结果: ['Re(0.00)']
2026-02-08 07:35:56,814 - INFO - tesseract alt4 结果: irpBY
2026-02-08 07:35:56,842 - INFO - easyocr alt5 结果: []
2026-02-08 07:35:56,950 - INFO - tesseract alt5 结果: irpBY
2026-02-08 07:35:56,951 - INFO - 最终验证码识别结果: irpBY (engine=tesseract, prob=0.5)
2026-02-08 07:35:56,951 - INFO - 查找验证码输入框...
2026-02-08 07:35:56,957 - ERROR - 未找到验证码输入框
2026-02-08 07:35:56,957 - WARNING - 验证码填写失败
2026-02-08 07:35:56,957 - INFO - 开始填写登录表单...
2026-02-08 07:35:57,019 - INFO - 用户名填写完成
2026-02-08 07:35:57,082 - INFO - 密码填写完成
2026-02-08 07:35:57,083 - INFO - 验证码图片已保存到 /home/runner/work/nju_electric_monitor/nju_electric_monitor/src/../data/captcha_debug.png
2026-02-08 07:35:57,083 - INFO - 验证码识别尝试 12/30
2026-02-08 07:35:57,083 - INFO - 开始识别验证码...（easyocr + pytesseract）
2026-02-08 07:35:57,176 - INFO - easyocr 结果: ['MRg(0.01)']
2026-02-08 07:35:57,278 - INFO - tesseract 结果: irpBY
2026-02-08 07:35:57,306 - INFO - easyocr alt1 结果: []
2026-02-08 07:35:57,408 - INFO - tesseract alt1 结果: irpBY
2026-02-08 07:35:57,443 - INFO - easyocr alt2 结果: []
2026-02-08 07:35:57,551 - INFO - tesseract alt2 结果: irpLY
2026-02-08 07:35:57,704 - INFO - easyocr alt3 结果: ['(0.00)']
2026-02-08 07:35:57,821 - INFO - tesseract alt3 结果: irpBY
2026-02-08 07:35:57,884 - INFO - easyocr alt4 结果: ['Re(0.00)']
2026-02-08 07:35:57,983 - INFO - tesseract alt4 结果: irpBY
2026-02-08 07:35:58,011 - INFO - easyocr alt5 结果: []
2026-02-08 07:35:58,121 - INFO - tesseract alt5 结果: irpBY
2026-02-08 07:35:58,121 - INFO - 最终验证码识别结果: irpBY (engine=tesseract, prob=0.5)
2026-02-08 07:35:58,121 - INFO - 查找验证码输入框...
2026-02-08 07:35:58,127 - ERROR - 未找到验证码输入框
2026-02-08 07:35:58,127 - WARNING - 验证码填写失败
2026-02-08 07:35:58,128 - INFO - 开始填写登录表单...
2026-02-08 07:35:58,186 - INFO - 用户名填写完成
2026-02-08 07:35:58,244 - INFO - 密码填写完成
2026-02-08 07:35:58,245 - INFO - 验证码图片已保存到 /home/runner/work/nju_electric_monitor/nju_electric_monitor/src/../data/captcha_debug.png
2026-02-08 07:35:58,245 - INFO - 验证码识别尝试 13/30
2026-02-08 07:35:58,245 - INFO - 开始识别验证码...（easyocr + pytesseract）
2026-02-08 07:35:58,346 - INFO - easyocr 结果: ['MRg(0.01)']
2026-02-08 07:35:58,444 - INFO - tesseract 结果: irpBY
2026-02-08 07:35:58,472 - INFO - easyocr alt1 结果: []
2026-02-08 07:35:58,577 - INFO - tesseract alt1 结果: irpBY
2026-02-08 07:35:58,605 - INFO - easyocr alt2 结果: []
2026-02-08 07:35:58,708 - INFO - tesseract alt2 结果: irpLY
2026-02-08 07:35:58,861 - INFO - easyocr alt3 结果: ['(0.00)']
2026-02-08 07:35:58,978 - INFO - tesseract alt3 结果: irpBY
2026-02-08 07:35:59,043 - INFO - easyocr alt4 结果: ['Re(0.00)']
2026-02-08 07:35:59,142 - INFO - tesseract alt4 结果: irpBY
2026-02-08 07:35:59,170 - INFO - easyocr alt5 结果: []
2026-02-08 07:35:59,277 - INFO - tesseract alt5 结果: irpBY
2026-02-08 07:35:59,278 - INFO - 最终验证码识别结果: irpBY (engine=tesseract, prob=0.5)
2026-02-08 07:35:59,278 - INFO - 查找验证码输入框...
2026-02-08 07:35:59,284 - ERROR - 未找到验证码输入框
2026-02-08 07:35:59,284 - WARNING - 验证码填写失败
2026-02-08 07:35:59,284 - INFO - 开始填写登录表单...
2026-02-08 07:35:59,342 - INFO - 用户名填写完成
2026-02-08 07:35:59,401 - INFO - 密码填写完成
2026-02-08 07:35:59,402 - INFO - 验证码图片已保存到 /home/runner/work/nju_electric_monitor/nju_electric_monitor/src/../data/captcha_debug.png
2026-02-08 07:35:59,402 - INFO - 验证码识别尝试 14/30
2026-02-08 07:35:59,402 - INFO - 开始识别验证码...（easyocr + pytesseract）
2026-02-08 07:35:59,495 - INFO - easyocr 结果: ['MRg(0.01)']
2026-02-08 07:35:59,596 - INFO - tesseract 结果: irpBY
2026-02-08 07:35:59,624 - INFO - easyocr alt1 结果: []
2026-02-08 07:35:59,727 - INFO - tesseract alt1 结果: irpBY
2026-02-08 07:35:59,760 - INFO - easyocr alt2 结果: []
2026-02-08 07:35:59,865 - INFO - tesseract alt2 结果: irpLY
2026-02-08 07:36:00,019 - INFO - easyocr alt3 结果: ['(0.00)']
2026-02-08 07:36:00,138 - INFO - tesseract alt3 结果: irpBY
2026-02-08 07:36:00,203 - INFO - easyocr alt4 结果: ['Re(0.00)']
2026-02-08 07:36:00,301 - INFO - tesseract alt4 结果: irpBY
2026-02-08 07:36:00,328 - INFO - easyocr alt5 结果: []
2026-02-08 07:36:00,435 - INFO - tesseract alt5 结果: irpBY
2026-02-08 07:36:00,435 - INFO - 最终验证码识别结果: irpBY (engine=tesseract, prob=0.5)
2026-02-08 07:36:00,435 - INFO - 查找验证码输入框...
2026-02-08 07:36:00,441 - ERROR - 未找到验证码输入框
2026-02-08 07:36:00,441 - WARNING - 验证码填写失败
2026-02-08 07:36:00,441 - INFO - 开始填写登录表单...
2026-02-08 07:36:00,500 - INFO - 用户名填写完成
2026-02-08 07:36:00,561 - INFO - 密码填写完成
2026-02-08 07:36:00,562 - INFO - 验证码图片已保存到 /home/runner/work/nju_electric_monitor/nju_electric_monitor/src/../data/captcha_debug.png
2026-02-08 07:36:00,562 - INFO - 验证码识别尝试 15/30
2026-02-08 07:36:00,562 - INFO - 开始识别验证码...（easyocr + pytesseract）
2026-02-08 07:36:00,660 - INFO - easyocr 结果: ['MRg(0.01)']
2026-02-08 07:36:00,758 - INFO - tesseract 结果: irpBY
2026-02-08 07:36:00,786 - INFO - easyocr alt1 结果: []
2026-02-08 07:36:00,892 - INFO - tesseract alt1 结果: irpBY
2026-02-08 07:36:00,920 - INFO - easyocr alt2 结果: []
2026-02-08 07:36:01,023 - INFO - tesseract alt2 结果: irpLY
2026-02-08 07:36:01,176 - INFO - easyocr alt3 结果: ['(0.00)']
2026-02-08 07:36:01,294 - INFO - tesseract alt3 结果: irpBY
2026-02-08 07:36:01,357 - INFO - easyocr alt4 结果: ['Re(0.00)']
2026-02-08 07:36:01,457 - INFO - tesseract alt4 结果: irpBY
2026-02-08 07:36:01,485 - INFO - easyocr alt5 结果: []
2026-02-08 07:36:01,593 - INFO - tesseract alt5 结果: irpBY
2026-02-08 07:36:01,593 - INFO - 最终验证码识别结果: irpBY (engine=tesseract, prob=0.5)
2026-02-08 07:36:01,594 - INFO - 查找验证码输入框...
2026-02-08 07:36:01,600 - ERROR - 未找到验证码输入框
2026-02-08 07:36:01,600 - WARNING - 验证码填写失败
2026-02-08 07:36:01,600 - INFO - 开始填写登录表单...
2026-02-08 07:36:01,658 - INFO - 用户名填写完成
2026-02-08 07:36:01,718 - INFO - 密码填写完成
2026-02-08 07:36:01,719 - INFO - 验证码图片已保存到 /home/runner/work/nju_electric_monitor/nju_electric_monitor/src/../data/captcha_debug.png
2026-02-08 07:36:01,719 - INFO - 验证码识别尝试 16/30
2026-02-08 07:36:01,719 - INFO - 开始识别验证码...（easyocr + pytesseract）
2026-02-08 07:36:01,821 - INFO - easyocr 结果: ['MRg(0.01)']
2026-02-08 07:36:01,920 - INFO - tesseract 结果: irpBY
2026-02-08 07:36:01,948 - INFO - easyocr alt1 结果: []
2026-02-08 07:36:02,051 - INFO - tesseract alt1 结果: irpBY
2026-02-08 07:36:02,078 - INFO - easyocr alt2 结果: []
2026-02-08 07:36:02,183 - INFO - tesseract alt2 结果: irpLY
2026-02-08 07:36:02,335 - INFO - easyocr alt3 结果: ['(0.00)']
2026-02-08 07:36:02,453 - INFO - tesseract alt3 结果: irpBY
2026-02-08 07:36:02,516 - INFO - easyocr alt4 结果: ['Re(0.00)']
2026-02-08 07:36:02,621 - INFO - tesseract alt4 结果: irpBY
2026-02-08 07:36:02,648 - INFO - easyocr alt5 结果: []
2026-02-08 07:36:02,754 - INFO - tesseract alt5 结果: irpBY
2026-02-08 07:36:02,754 - INFO - 最终验证码识别结果: irpBY (engine=tesseract, prob=0.5)
2026-02-08 07:36:02,754 - INFO - 查找验证码输入框...
2026-02-08 07:36:02,760 - ERROR - 未找到验证码输入框
2026-02-08 07:36:02,761 - WARNING - 验证码填写失败
2026-02-08 07:36:02,761 - INFO - 开始填写登录表单...
2026-02-08 07:36:02,820 - INFO - 用户名填写完成
2026-02-08 07:36:02,880 - INFO - 密码填写完成
2026-02-08 07:36:02,880 - INFO - 验证码图片已保存到 /home/runner/work/nju_electric_monitor/nju_electric_monitor/src/../data/captcha_debug.png
2026-02-08 07:36:02,880 - INFO - 验证码识别尝试 17/30
2026-02-08 07:36:02,881 - INFO - 开始识别验证码...（easyocr + pytesseract）
2026-02-08 07:36:02,978 - INFO - easyocr 结果: ['MRg(0.01)']
2026-02-08 07:36:03,077 - INFO - tesseract 结果: irpBY
2026-02-08 07:36:03,104 - INFO - easyocr alt1 结果: []
2026-02-08 07:36:03,208 - INFO - tesseract alt1 结果: irpBY
2026-02-08 07:36:03,234 - INFO - easyocr alt2 结果: []
2026-02-08 07:36:03,343 - INFO - tesseract alt2 结果: irpLY
2026-02-08 07:36:03,495 - INFO - easyocr alt3 结果: ['(0.00)']
2026-02-08 07:36:03,613 - INFO - tesseract alt3 结果: irpBY
2026-02-08 07:36:03,675 - INFO - easyocr alt4 结果: ['Re(0.00)']
2026-02-08 07:36:03,774 - INFO - tesseract alt4 结果: irpBY
2026-02-08 07:36:03,801 - INFO - easyocr alt5 结果: []
2026-02-08 07:36:03,908 - INFO - tesseract alt5 结果: irpBY
2026-02-08 07:36:03,908 - INFO - 最终验证码识别结果: irpBY (engine=tesseract, prob=0.5)
2026-02-08 07:36:03,908 - INFO - 查找验证码输入框...
2026-02-08 07:36:03,915 - ERROR - 未找到验证码输入框
2026-02-08 07:36:03,915 - WARNING - 验证码填写失败
2026-02-08 07:36:03,915 - INFO - 开始填写登录表单...
2026-02-08 07:36:03,975 - INFO - 用户名填写完成
2026-02-08 07:36:04,035 - INFO - 密码填写完成
2026-02-08 07:36:04,036 - INFO - 验证码图片已保存到 /home/runner/work/nju_electric_monitor/nju_electric_monitor/src/../data/captcha_debug.png
2026-02-08 07:36:04,036 - INFO - 验证码识别尝试 18/30
2026-02-08 07:36:04,036 - INFO - 开始识别验证码...（easyocr + pytesseract）
2026-02-08 07:36:04,129 - INFO - easyocr 结果: ['MRg(0.01)']
2026-02-08 07:36:04,227 - INFO - tesseract 结果: irpBY
2026-02-08 07:36:04,255 - INFO - easyocr alt1 结果: []
2026-02-08 07:36:04,361 - INFO - tesseract alt1 结果: irpBY
2026-02-08 07:36:04,388 - INFO - easyocr alt2 结果: []
2026-02-08 07:36:04,492 - INFO - tesseract alt2 结果: irpLY
2026-02-08 07:36:04,645 - INFO - easyocr alt3 结果: ['(0.00)']
2026-02-08 07:36:04,762 - INFO - tesseract alt3 结果: irpBY
2026-02-08 07:36:04,825 - INFO - easyocr alt4 结果: ['Re(0.00)']
2026-02-08 07:36:04,926 - INFO - tesseract alt4 结果: irpBY
2026-02-08 07:36:04,952 - INFO - easyocr alt5 结果: []
2026-02-08 07:36:05,059 - INFO - tesseract alt5 结果: irpBY
2026-02-08 07:36:05,059 - INFO - 最终验证码识别结果: irpBY (engine=tesseract, prob=0.5)
2026-02-08 07:36:05,060 - INFO - 查找验证码输入框...
2026-02-08 07:36:05,066 - ERROR - 未找到验证码输入框
2026-02-08 07:36:05,066 - WARNING - 验证码填写失败
2026-02-08 07:36:05,066 - INFO - 开始填写登录表单...
2026-02-08 07:36:05,124 - INFO - 用户名填写完成
2026-02-08 07:36:05,185 - INFO - 密码填写完成
2026-02-08 07:36:05,185 - INFO - 验证码图片已保存到 /home/runner/work/nju_electric_monitor/nju_electric_monitor/src/../data/captcha_debug.png
2026-02-08 07:36:05,185 - INFO - 验证码识别尝试 19/30
2026-02-08 07:36:05,186 - INFO - 开始识别验证码...（easyocr + pytesseract）
2026-02-08 07:36:05,278 - INFO - easyocr 结果: ['MRg(0.01)']
2026-02-08 07:36:05,377 - INFO - tesseract 结果: irpBY
2026-02-08 07:36:05,404 - INFO - easyocr alt1 结果: []
2026-02-08 07:36:05,507 - INFO - tesseract alt1 结果: irpBY
2026-02-08 07:36:05,535 - INFO - easyocr alt2 结果: []
2026-02-08 07:36:05,643 - INFO - tesseract alt2 结果: irpLY
2026-02-08 07:36:05,796 - INFO - easyocr alt3 结果: ['(0.00)']
2026-02-08 07:36:05,919 - INFO - tesseract alt3 结果: irpBY
2026-02-08 07:36:05,982 - INFO - easyocr alt4 结果: ['Re(0.00)']
2026-02-08 07:36:06,082 - INFO - tesseract alt4 结果: irpBY
2026-02-08 07:36:06,109 - INFO - easyocr alt5 结果: []
2026-02-08 07:36:06,216 - INFO - tesseract alt5 结果: irpBY
2026-02-08 07:36:06,216 - INFO - 最终验证码识别结果: irpBY (engine=tesseract, prob=0.5)
2026-02-08 07:36:06,216 - INFO - 查找验证码输入框...
2026-02-08 07:36:06,223 - ERROR - 未找到验证码输入框
2026-02-08 07:36:06,223 - WARNING - 验证码填写失败
2026-02-08 07:36:06,223 - INFO - 开始填写登录表单...
2026-02-08 07:36:06,282 - INFO - 用户名填写完成
2026-02-08 07:36:06,342 - INFO - 密码填写完成
2026-02-08 07:36:06,343 - INFO - 验证码图片已保存到 /home/runner/work/nju_electric_monitor/nju_electric_monitor/src/../data/captcha_debug.png
2026-02-08 07:36:06,343 - INFO - 验证码识别尝试 20/30
2026-02-08 07:36:06,343 - INFO - 开始识别验证码...（easyocr + pytesseract）
2026-02-08 07:36:06,435 - INFO - easyocr 结果: ['MRg(0.01)']
2026-02-08 07:36:06,535 - INFO - tesseract 结果: irpBY
2026-02-08 07:36:06,562 - INFO - easyocr alt1 结果: []
2026-02-08 07:36:06,663 - INFO - tesseract alt1 结果: irpBY
2026-02-08 07:36:06,690 - INFO - easyocr alt2 结果: []
2026-02-08 07:36:06,796 - INFO - tesseract alt2 结果: irpLY
2026-02-08 07:36:06,951 - INFO - easyocr alt3 结果: ['(0.00)']
2026-02-08 07:36:07,067 - INFO - tesseract alt3 结果: irpBY
2026-02-08 07:36:07,131 - INFO - easyocr alt4 结果: ['Re(0.00)']
2026-02-08 07:36:07,230 - INFO - tesseract alt4 结果: irpBY
2026-02-08 07:36:07,257 - INFO - easyocr alt5 结果: []
2026-02-08 07:36:07,364 - INFO - tesseract alt5 结果: irpBY
2026-02-08 07:36:07,364 - INFO - 最终验证码识别结果: irpBY (engine=tesseract, prob=0.5)
2026-02-08 07:36:07,364 - INFO - 查找验证码输入框...
2026-02-08 07:36:07,370 - ERROR - 未找到验证码输入框
2026-02-08 07:36:07,370 - WARNING - 验证码填写失败
2026-02-08 07:36:07,370 - INFO - 开始填写登录表单...
2026-02-08 07:36:07,433 - INFO - 用户名填写完成
2026-02-08 07:36:07,492 - INFO - 密码填写完成
2026-02-08 07:36:07,492 - INFO - 验证码图片已保存到 /home/runner/work/nju_electric_monitor/nju_electric_monitor/src/../data/captcha_debug.png
2026-02-08 07:36:07,492 - INFO - 验证码识别尝试 21/30
2026-02-08 07:36:07,493 - INFO - 开始识别验证码...（easyocr + pytesseract）
2026-02-08 07:36:07,587 - INFO - easyocr 结果: ['MRg(0.01)']
2026-02-08 07:36:07,688 - INFO - tesseract 结果: irpBY
2026-02-08 07:36:07,716 - INFO - easyocr alt1 结果: []
2026-02-08 07:36:07,825 - INFO - tesseract alt1 结果: irpBY
2026-02-08 07:36:07,852 - INFO - easyocr alt2 结果: []
2026-02-08 07:36:07,957 - INFO - tesseract alt2 结果: irpLY
2026-02-08 07:36:08,110 - INFO - easyocr alt3 结果: ['(0.00)']
2026-02-08 07:36:08,228 - INFO - tesseract alt3 结果: irpBY
2026-02-08 07:36:08,290 - INFO - easyocr alt4 结果: ['Re(0.00)']
2026-02-08 07:36:08,394 - INFO - tesseract alt4 结果: irpBY
2026-02-08 07:36:08,421 - INFO - easyocr alt5 结果: []
2026-02-08 07:36:08,528 - INFO - tesseract alt5 结果: irpBY
2026-02-08 07:36:08,528 - INFO - 最终验证码识别结果: irpBY (engine=tesseract, prob=0.5)
2026-02-08 07:36:08,528 - INFO - 查找验证码输入框...
2026-02-08 07:36:08,535 - ERROR - 未找到验证码输入框
2026-02-08 07:36:08,535 - WARNING - 验证码填写失败
2026-02-08 07:36:08,535 - INFO - 开始填写登录表单...
2026-02-08 07:36:08,594 - INFO - 用户名填写完成
2026-02-08 07:36:08,653 - INFO - 密码填写完成
2026-02-08 07:36:08,654 - INFO - 验证码图片已保存到 /home/runner/work/nju_electric_monitor/nju_electric_monitor/src/../data/captcha_debug.png
2026-02-08 07:36:08,654 - INFO - 验证码识别尝试 22/30
2026-02-08 07:36:08,654 - INFO - 开始识别验证码...（easyocr + pytesseract）
2026-02-08 07:36:08,756 - INFO - easyocr 结果: ['MRg(0.01)']
2026-02-08 07:36:08,854 - INFO - tesseract 结果: irpBY
2026-02-08 07:36:08,882 - INFO - easyocr alt1 结果: []
2026-02-08 07:36:08,985 - INFO - tesseract alt1 结果: irpBY
2026-02-08 07:36:09,011 - INFO - easyocr alt2 结果: []
2026-02-08 07:36:09,117 - INFO - tesseract alt2 结果: irpLY
2026-02-08 07:36:09,269 - INFO - easyocr alt3 结果: ['(0.00)']
2026-02-08 07:36:09,386 - INFO - tesseract alt3 结果: irpBY
2026-02-08 07:36:09,449 - INFO - easyocr alt4 结果: ['Re(0.00)']
2026-02-08 07:36:09,548 - INFO - tesseract alt4 结果: irpBY
2026-02-08 07:36:09,576 - INFO - easyocr alt5 结果: []
2026-02-08 07:36:09,681 - INFO - tesseract alt5 结果: irpBY
2026-02-08 07:36:09,681 - INFO - 最终验证码识别结果: irpBY (engine=tesseract, prob=0.5)
2026-02-08 07:36:09,681 - INFO - 查找验证码输入框...
2026-02-08 07:36:09,687 - ERROR - 未找到验证码输入框
2026-02-08 07:36:09,688 - WARNING - 验证码填写失败
2026-02-08 07:36:09,688 - INFO - 开始填写登录表单...
2026-02-08 07:36:09,748 - INFO - 用户名填写完成
2026-02-08 07:36:09,813 - INFO - 密码填写完成
2026-02-08 07:36:09,813 - INFO - 验证码图片已保存到 /home/runner/work/nju_electric_monitor/nju_electric_monitor/src/../data/captcha_debug.png
2026-02-08 07:36:09,814 - INFO - 验证码识别尝试 23/30
2026-02-08 07:36:09,814 - INFO - 开始识别验证码...（easyocr + pytesseract）
2026-02-08 07:36:09,906 - INFO - easyocr 结果: ['MRg(0.01)']
2026-02-08 07:36:10,006 - INFO - tesseract 结果: irpBY
2026-02-08 07:36:10,034 - INFO - easyocr alt1 结果: []
2026-02-08 07:36:10,135 - INFO - tesseract alt1 结果: irpBY
2026-02-08 07:36:10,161 - INFO - easyocr alt2 结果: []
2026-02-08 07:36:10,265 - INFO - tesseract alt2 结果: irpLY
2026-02-08 07:36:10,417 - INFO - easyocr alt3 结果: ['(0.00)']
2026-02-08 07:36:10,537 - INFO - tesseract alt3 结果: irpBY
2026-02-08 07:36:10,599 - INFO - easyocr alt4 结果: ['Re(0.00)']
2026-02-08 07:36:10,700 - INFO - tesseract alt4 结果: irpBY
2026-02-08 07:36:10,727 - INFO - easyocr alt5 结果: []
2026-02-08 07:36:10,832 - INFO - tesseract alt5 结果: irpBY
2026-02-08 07:36:10,832 - INFO - 最终验证码识别结果: irpBY (engine=tesseract, prob=0.5)
2026-02-08 07:36:10,832 - INFO - 查找验证码输入框...
2026-02-08 07:36:10,839 - ERROR - 未找到验证码输入框
2026-02-08 07:36:10,839 - WARNING - 验证码填写失败
2026-02-08 07:36:10,839 - INFO - 开始填写登录表单...
2026-02-08 07:36:10,898 - INFO - 用户名填写完成
2026-02-08 07:36:10,957 - INFO - 密码填写完成
2026-02-08 07:36:10,958 - INFO - 验证码图片已保存到 /home/runner/work/nju_electric_monitor/nju_electric_monitor/src/../data/captcha_debug.png
2026-02-08 07:36:10,958 - INFO - 验证码识别尝试 24/30
2026-02-08 07:36:10,958 - INFO - 开始识别验证码...（easyocr + pytesseract）
2026-02-08 07:36:11,050 - INFO - easyocr 结果: ['MRg(0.01)']
2026-02-08 07:36:11,153 - INFO - tesseract 结果: irpBY
2026-02-08 07:36:11,181 - INFO - easyocr alt1 结果: []
2026-02-08 07:36:11,289 - INFO - tesseract alt1 结果: irpBY
2026-02-08 07:36:11,316 - INFO - easyocr alt2 结果: []
2026-02-08 07:36:11,419 - INFO - tesseract alt2 结果: irpLY
2026-02-08 07:36:11,572 - INFO - easyocr alt3 结果: ['(0.00)']
2026-02-08 07:36:11,696 - INFO - tesseract alt3 结果: irpBY
2026-02-08 07:36:11,758 - INFO - easyocr alt4 结果: ['Re(0.00)']
2026-02-08 07:36:11,859 - INFO - tesseract alt4 结果: irpBY
2026-02-08 07:36:11,885 - INFO - easyocr alt5 结果: []
2026-02-08 07:36:11,993 - INFO - tesseract alt5 结果: irpBY
2026-02-08 07:36:11,993 - INFO - 最终验证码识别结果: irpBY (engine=tesseract, prob=0.5)
2026-02-08 07:36:11,993 - INFO - 查找验证码输入框...
2026-02-08 07:36:12,000 - ERROR - 未找到验证码输入框
2026-02-08 07:36:12,000 - WARNING - 验证码填写失败
2026-02-08 07:36:12,000 - INFO - 开始填写登录表单...
2026-02-08 07:36:12,059 - INFO - 用户名填写完成
2026-02-08 07:36:12,120 - INFO - 密码填写完成
2026-02-08 07:36:12,120 - INFO - 验证码图片已保存到 /home/runner/work/nju_electric_monitor/nju_electric_monitor/src/../data/captcha_debug.png
2026-02-08 07:36:12,120 - INFO - 验证码识别尝试 25/30
2026-02-08 07:36:12,120 - INFO - 开始识别验证码...（easyocr + pytesseract）
2026-02-08 07:36:12,213 - INFO - easyocr 结果: ['MRg(0.01)']
2026-02-08 07:36:12,312 - INFO - tesseract 结果: irpBY
2026-02-08 07:36:12,339 - INFO - easyocr alt1 结果: []
2026-02-08 07:36:12,445 - INFO - tesseract alt1 结果: irpBY
2026-02-08 07:36:12,471 - INFO - easyocr alt2 结果: []
2026-02-08 07:36:12,580 - INFO - tesseract alt2 结果: irpLY
2026-02-08 07:36:12,733 - INFO - easyocr alt3 结果: ['(0.00)']
2026-02-08 07:36:12,851 - INFO - tesseract alt3 结果: irpBY
2026-02-08 07:36:12,921 - INFO - easyocr alt4 结果: ['Re(0.00)']
2026-02-08 07:36:13,021 - INFO - tesseract alt4 结果: irpBY
2026-02-08 07:36:13,048 - INFO - easyocr alt5 结果: []
2026-02-08 07:36:13,154 - INFO - tesseract alt5 结果: irpBY
2026-02-08 07:36:13,154 - INFO - 最终验证码识别结果: irpBY (engine=tesseract, prob=0.5)
2026-02-08 07:36:13,154 - INFO - 查找验证码输入框...
2026-02-08 07:36:13,161 - ERROR - 未找到验证码输入框
2026-02-08 07:36:13,161 - WARNING - 验证码填写失败
2026-02-08 07:36:13,161 - INFO - 开始填写登录表单...
2026-02-08 07:36:13,219 - INFO - 用户名填写完成
2026-02-08 07:36:13,280 - INFO - 密码填写完成
2026-02-08 07:36:13,280 - INFO - 验证码图片已保存到 /home/runner/work/nju_electric_monitor/nju_electric_monitor/src/../data/captcha_debug.png
2026-02-08 07:36:13,281 - INFO - 验证码识别尝试 26/30
2026-02-08 07:36:13,281 - INFO - 开始识别验证码...（easyocr + pytesseract）
2026-02-08 07:36:13,374 - INFO - easyocr 结果: ['MRg(0.01)']
2026-02-08 07:36:13,476 - INFO - tesseract 结果: irpBY
2026-02-08 07:36:13,504 - INFO - easyocr alt1 结果: []
2026-02-08 07:36:13,607 - INFO - tesseract alt1 结果: irpBY
2026-02-08 07:36:13,634 - INFO - easyocr alt2 结果: []
2026-02-08 07:36:13,739 - INFO - tesseract alt2 结果: irpLY
2026-02-08 07:36:13,892 - INFO - easyocr alt3 结果: ['(0.00)']
2026-02-08 07:36:14,012 - INFO - tesseract alt3 结果: irpBY
2026-02-08 07:36:14,075 - INFO - easyocr alt4 结果: ['Re(0.00)']
2026-02-08 07:36:14,176 - INFO - tesseract alt4 结果: irpBY
2026-02-08 07:36:14,203 - INFO - easyocr alt5 结果: []
2026-02-08 07:36:14,313 - INFO - tesseract alt5 结果: irpBY
2026-02-08 07:36:14,313 - INFO - 最终验证码识别结果: irpBY (engine=tesseract, prob=0.5)
2026-02-08 07:36:14,313 - INFO - 查找验证码输入框...
2026-02-08 07:36:14,319 - ERROR - 未找到验证码输入框
2026-02-08 07:36:14,319 - WARNING - 验证码填写失败
2026-02-08 07:36:14,319 - INFO - 开始填写登录表单...
2026-02-08 07:36:14,378 - INFO - 用户名填写完成
2026-02-08 07:36:14,437 - INFO - 密码填写完成
2026-02-08 07:36:14,438 - INFO - 验证码图片已保存到 /home/runner/work/nju_electric_monitor/nju_electric_monitor/src/../data/captcha_debug.png
2026-02-08 07:36:14,438 - INFO - 验证码识别尝试 27/30
2026-02-08 07:36:14,438 - INFO - 开始识别验证码...（easyocr + pytesseract）
2026-02-08 07:36:14,540 - INFO - easyocr 结果: ['MRg(0.01)']
2026-02-08 07:36:14,638 - INFO - tesseract 结果: irpBY
2026-02-08 07:36:14,676 - INFO - easyocr alt1 结果: []
2026-02-08 07:36:14,777 - INFO - tesseract alt1 结果: irpBY
2026-02-08 07:36:14,804 - INFO - easyocr alt2 结果: []
2026-02-08 07:36:14,906 - INFO - tesseract alt2 结果: irpLY
2026-02-08 07:36:15,059 - INFO - easyocr alt3 结果: ['(0.00)']
2026-02-08 07:36:15,175 - INFO - tesseract alt3 结果: irpBY
2026-02-08 07:36:15,237 - INFO - easyocr alt4 结果: ['Re(0.00)']
2026-02-08 07:36:15,336 - INFO - tesseract alt4 结果: irpBY
2026-02-08 07:36:15,363 - INFO - easyocr alt5 结果: []
2026-02-08 07:36:15,472 - INFO - tesseract alt5 结果: irpBY
2026-02-08 07:36:15,472 - INFO - 最终验证码识别结果: irpBY (engine=tesseract, prob=0.5)
2026-02-08 07:36:15,472 - INFO - 查找验证码输入框...
2026-02-08 07:36:15,479 - ERROR - 未找到验证码输入框
2026-02-08 07:36:15,479 - WARNING - 验证码填写失败
2026-02-08 07:36:15,479 - INFO - 开始填写登录表单...
2026-02-08 07:36:15,539 - INFO - 用户名填写完成
2026-02-08 07:36:15,598 - INFO - 密码填写完成
2026-02-08 07:36:15,599 - INFO - 验证码图片已保存到 /home/runner/work/nju_electric_monitor/nju_electric_monitor/src/../data/captcha_debug.png
2026-02-08 07:36:15,599 - INFO - 验证码识别尝试 28/30
2026-02-08 07:36:15,599 - INFO - 开始识别验证码...（easyocr + pytesseract）
2026-02-08 07:36:15,701 - INFO - easyocr 结果: ['MRg(0.01)']
2026-02-08 07:36:15,799 - INFO - tesseract 结果: irpBY
2026-02-08 07:36:15,827 - INFO - easyocr alt1 结果: []
2026-02-08 07:36:15,933 - INFO - tesseract alt1 结果: irpBY
2026-02-08 07:36:15,960 - INFO - easyocr alt2 结果: []
2026-02-08 07:36:16,065 - INFO - tesseract alt2 结果: irpLY
2026-02-08 07:36:16,217 - INFO - easyocr alt3 结果: ['(0.00)']
2026-02-08 07:36:16,335 - INFO - tesseract alt3 结果: irpBY
2026-02-08 07:36:16,397 - INFO - easyocr alt4 结果: ['Re(0.00)']
2026-02-08 07:36:16,501 - INFO - tesseract alt4 结果: irpBY
2026-02-08 07:36:16,528 - INFO - easyocr alt5 结果: []
2026-02-08 07:36:16,635 - INFO - tesseract alt5 结果: irpBY
2026-02-08 07:36:16,636 - INFO - 最终验证码识别结果: irpBY (engine=tesseract, prob=0.5)
2026-02-08 07:36:16,636 - INFO - 查找验证码输入框...
2026-02-08 07:36:16,642 - ERROR - 未找到验证码输入框
2026-02-08 07:36:16,642 - WARNING - 验证码填写失败
2026-02-08 07:36:16,642 - INFO - 开始填写登录表单...
2026-02-08 07:36:16,702 - INFO - 用户名填写完成
2026-02-08 07:36:16,762 - INFO - 密码填写完成
2026-02-08 07:36:16,763 - INFO - 验证码图片已保存到 /home/runner/work/nju_electric_monitor/nju_electric_monitor/src/../data/captcha_debug.png
2026-02-08 07:36:16,763 - INFO - 验证码识别尝试 29/30
2026-02-08 07:36:16,763 - INFO - 开始识别验证码...（easyocr + pytesseract）
2026-02-08 07:36:16,855 - INFO - easyocr 结果: ['MRg(0.01)']
2026-02-08 07:36:16,953 - INFO - tesseract 结果: irpBY
2026-02-08 07:36:16,988 - INFO - easyocr alt1 结果: []
2026-02-08 07:36:17,094 - INFO - tesseract alt1 结果: irpBY
2026-02-08 07:36:17,122 - INFO - easyocr alt2 结果: []
2026-02-08 07:36:17,227 - INFO - tesseract alt2 结果: irpLY
2026-02-08 07:36:17,379 - INFO - easyocr alt3 结果: ['(0.00)']
2026-02-08 07:36:17,498 - INFO - tesseract alt3 结果: irpBY
2026-02-08 07:36:17,560 - INFO - easyocr alt4 结果: ['Re(0.00)']
2026-02-08 07:36:17,659 - INFO - tesseract alt4 结果: irpBY
2026-02-08 07:36:17,686 - INFO - easyocr alt5 结果: []
2026-02-08 07:36:17,793 - INFO - tesseract alt5 结果: irpBY
2026-02-08 07:36:17,793 - INFO - 最终验证码识别结果: irpBY (engine=tesseract, prob=0.5)
2026-02-08 07:36:17,793 - INFO - 查找验证码输入框...
2026-02-08 07:36:17,799 - ERROR - 未找到验证码输入框
2026-02-08 07:36:17,799 - WARNING - 验证码填写失败
2026-02-08 07:36:17,799 - INFO - 开始填写登录表单...
2026-02-08 07:36:17,862 - INFO - 用户名填写完成
2026-02-08 07:36:17,920 - INFO - 密码填写完成
2026-02-08 07:36:17,921 - INFO - 验证码图片已保存到 /home/runner/work/nju_electric_monitor/nju_electric_monitor/src/../data/captcha_debug.png
2026-02-08 07:36:17,921 - INFO - 验证码识别尝试 30/30
2026-02-08 07:36:17,921 - INFO - 开始识别验证码...（easyocr + pytesseract）
2026-02-08 07:36:18,014 - INFO - easyocr 结果: ['MRg(0.01)']
2026-02-08 07:36:18,113 - INFO - tesseract 结果: irpBY
2026-02-08 07:36:18,152 - INFO - easyocr alt1 结果: []
2026-02-08 07:36:18,254 - INFO - tesseract alt1 结果: irpBY
2026-02-08 07:36:18,281 - INFO - easyocr alt2 结果: []
2026-02-08 07:36:18,384 - INFO - tesseract alt2 结果: irpLY
2026-02-08 07:36:18,536 - INFO - easyocr alt3 结果: ['(0.00)']
2026-02-08 07:36:18,653 - INFO - tesseract alt3 结果: irpBY
2026-02-08 07:36:18,715 - INFO - easyocr alt4 结果: ['Re(0.00)']
2026-02-08 07:36:18,818 - INFO - tesseract alt4 结果: irpBY
2026-02-08 07:36:18,845 - INFO - easyocr alt5 结果: []
2026-02-08 07:36:18,953 - INFO - tesseract alt5 结果: irpBY
2026-02-08 07:36:18,953 - INFO - 最终验证码识别结果: irpBY (engine=tesseract, prob=0.5)
2026-02-08 07:36:18,953 - INFO - 查找验证码输入框...
2026-02-08 07:36:18,959 - ERROR - 未找到验证码输入框
2026-02-08 07:36:18,959 - WARNING - 验证码填写失败
2026-02-08 07:36:18,959 - WARNING - 自动验证码识别失败，请手动输入
2026-02-08 07:36:18,959 - ERROR - 处理验证码时出错: EOF when reading a line
2026-02-08 07:36:18,959 - WARNING - 验证码处理失败，但继续尝试登录
2026-02-08 07:36:18,959 - INFO - 查找并点击登录按钮...
2026-02-08 07:36:18,968 - ERROR - 未找到登录按钮
2026-02-08 07:36:18,968 - ERROR - 点击登录按钮失败
2026-02-08 07:36:18,968 - INFO - 等待登录成功...
2026-02-08 07:36:23,972 - INFO - 登录可能成功，继续下一步...
2026-02-08 07:36:23,972 - INFO - 查找'去充值'按钮...
2026-02-08 07:36:23,981 - ERROR - 未找到'去充值'按钮
2026-02-08 07:36:23,981 - WARNING - 点击充值按钮失败，尝试直接提取数据
2026-02-08 07:36:23,981 - INFO - 开始提取剩余电量信息...
2026-02-08 07:36:23,989 - INFO - 页面源码已保存到 /home/runner/work/nju_electric_monitor/nju_electric_monitor/src/../data/debug_page_source.html
2026-02-08 07:36:23,998 - WARNING - 未找到电量信息元素，尝试其他方法...
2026-02-08 07:36:24,006 - WARNING - 未找到i标签中的电量信息，尝试其他方法...
2026-02-08 07:36:24,014 - INFO - 在页面源码中查找电量信息...
2026-02-08 07:36:24,025 - WARNING - 未能提取到剩余电量信息
2026-02-08 07:36:24,025 - WARNING - 没有电量数据可保存
2026-02-08 07:36:24,025 - INFO - 监控流程完成
