2025-12-16 02:52:24,860 - INFO - Matplotlib 字体设置：使用回退字体列表，首选可用字体: Noto Sans CJK JP
2025-12-16 02:52:26,520 - INFO - 使用 ChromeDriver: /usr/bin/chromedriver
2025-12-16 02:52:26,520 - WARNING - Using CPU. Note: This module is much faster with a GPU.
2025-12-16 02:52:28,297 - INFO - OCR识别器初始化成功
2025-12-16 02:52:28,297 - INFO - 开始南京大学电费监控流程（自动无头模式）
2025-12-16 02:52:28,297 - INFO - 正在打开页面: https://epay.nju.edu.cn/epay/h5/nju/electric/index
2025-12-16 02:52:39,829 - INFO - 等待登录表单加载...
2025-12-16 02:52:39,839 - INFO - 登录表单已加载
2025-12-16 02:52:39,840 - INFO - 开始填写登录表单...
2025-12-16 02:52:39,903 - INFO - 用户名填写完成
2025-12-16 02:52:39,970 - INFO - 密码填写完成
2025-12-16 02:52:39,970 - INFO - 检查是否有验证码...
2025-12-16 02:52:39,970 - INFO - 查找验证码图片...
2025-12-16 02:52:39,990 - INFO - 找到验证码图片，开始截图...
2025-12-16 02:52:40,056 - INFO - 验证码图片截取成功
2025-12-16 02:52:40,056 - INFO - 开始填写登录表单...
2025-12-16 02:52:40,124 - INFO - 用户名填写完成
2025-12-16 02:52:40,188 - INFO - 密码填写完成
2025-12-16 02:52:40,189 - INFO - 验证码图片已保存到 /home/runner/work/nju_electric_monitor/nju_electric_monitor/src/../data/captcha_debug.png
2025-12-16 02:52:40,189 - INFO - 验证码识别尝试 1/30
2025-12-16 02:52:40,189 - INFO - 开始识别验证码...（easyocr + pytesseract）
2025-12-16 02:52:40,316 - INFO - easyocr 结果: ['KdCy(0.83)']
2025-12-16 02:52:40,489 - INFO - tesseract 结果: kdCy
2025-12-16 02:52:40,554 - INFO - easyocr alt1 结果: ['KdCY(0.91)']
2025-12-16 02:52:40,653 - INFO - tesseract alt1 结果: kdcy
2025-12-16 02:52:40,727 - INFO - easyocr alt2 结果: ['KdCY(0.89)']
2025-12-16 02:52:40,821 - INFO - tesseract alt2 结果: kdcy
2025-12-16 02:52:40,984 - INFO - easyocr alt3 结果: ['KdCY(0.79)']
2025-12-16 02:52:41,091 - INFO - tesseract alt3 结果: kadCy
2025-12-16 02:52:41,151 - INFO - easyocr alt4 结果: ['KdCY(0.74)']
2025-12-16 02:52:41,244 - INFO - tesseract alt4 结果: 
2025-12-16 02:52:41,304 - INFO - easyocr alt5 结果: ['KdCY(0.41)']
2025-12-16 02:52:41,398 - INFO - tesseract alt5 结果: kdey
2025-12-16 02:52:41,398 - INFO - 最终验证码识别结果: KdCY (engine=easyocr_alt1, prob=0.9090103507041931)
2025-12-16 02:52:41,398 - INFO - 查找验证码输入框...
2025-12-16 02:52:41,459 - INFO - 验证码填写完成
2025-12-16 02:52:41,459 - INFO - 验证码填写完成，点击登录按钮...
2025-12-16 02:52:41,459 - INFO - 查找并点击登录按钮...
2025-12-16 02:52:45,748 - INFO - 已点击登录按钮
2025-12-16 02:52:52,759 - INFO - 未检测到无效验证码提示，验证码通过
2025-12-16 02:52:52,759 - INFO - 查找并点击登录按钮...
2025-12-16 02:52:52,765 - ERROR - 未找到登录按钮
2025-12-16 02:52:52,765 - ERROR - 点击登录按钮失败
2025-12-16 02:52:52,765 - INFO - 等待登录成功...
2025-12-16 02:52:57,770 - INFO - 登录可能成功，继续下一步...
2025-12-16 02:52:57,770 - INFO - 查找'去充值'按钮...
2025-12-16 02:52:59,498 - INFO - 已点击充值按钮
2025-12-16 02:53:02,498 - INFO - 开始提取剩余电量信息...
2025-12-16 02:53:02,502 - INFO - 页面源码已保存到 /home/runner/work/nju_electric_monitor/nju_electric_monitor/src/../data/debug_page_source.html
2025-12-16 02:53:02,520 - INFO - 找到电量信息元素: 持卡人姓名：***
2025-12-16 02:53:02,520 - WARNING - 未在元素中找到标准格式的电量信息
2025-12-16 02:53:02,533 - INFO - 找到i标签中的电量信息: ***
2025-12-16 02:53:02,533 - WARNING - i标签中未找到标准格式的电量信息
2025-12-16 02:53:02,533 - WARNING - 未找到i标签中的电量信息
2025-12-16 02:53:02,536 - INFO - 在页面源码中查找电量信息...
2025-12-16 02:53:02,536 - INFO - 从页面源码中提取到剩余电量: 277.3 度
2025-12-16 02:53:02,563 - INFO - 数据已保存: 277.3 度
2025-12-16 02:53:02,877 - INFO - 电量变化曲线图已保存到: /home/runner/work/nju_electric_monitor/nju_electric_monitor/src/../data/electricity_trend.png
2025-12-16 02:53:03,107 - INFO - 最近20次电量变化曲线图已保存到: /home/runner/work/nju_electric_monitor/nju_electric_monitor/src/../data/recent_20_changes.png
2025-12-16 02:53:03,107 - INFO - 监控流程完成
