2026-02-02 03:39:43,493 - INFO - Matplotlib 字体设置：使用回退字体列表，首选可用字体: Noto Sans CJK JP
2026-02-02 03:39:44,894 - INFO - 使用 ChromeDriver: /usr/bin/chromedriver
2026-02-02 03:39:44,894 - WARNING - Using CPU. Note: This module is much faster with a GPU.
2026-02-02 03:39:46,506 - INFO - OCR识别器初始化成功
2026-02-02 03:39:46,507 - INFO - 开始南京大学电费监控流程（自动无头模式）
2026-02-02 03:39:46,507 - INFO - 正在打开页面: https://epay.nju.edu.cn/epay/h5/nju/electric/index
2026-02-02 03:39:55,044 - INFO - 等待登录表单加载...
2026-02-02 03:39:55,054 - INFO - 登录表单已加载
2026-02-02 03:39:55,054 - INFO - 开始填写登录表单...
2026-02-02 03:39:55,113 - INFO - 用户名填写完成
2026-02-02 03:39:55,174 - INFO - 密码填写完成
2026-02-02 03:39:55,174 - INFO - 检查是否有验证码...
2026-02-02 03:39:55,174 - INFO - 查找验证码图片...
2026-02-02 03:39:55,192 - INFO - 找到验证码图片，开始截图...
2026-02-02 03:39:55,240 - INFO - 验证码图片截取成功
2026-02-02 03:39:55,240 - INFO - 开始填写登录表单...
2026-02-02 03:39:55,298 - INFO - 用户名填写完成
2026-02-02 03:39:55,355 - INFO - 密码填写完成
2026-02-02 03:39:55,356 - INFO - 验证码图片已保存到 /home/runner/work/nju_electric_monitor/nju_electric_monitor/src/../data/captcha_debug.png
2026-02-02 03:39:55,356 - INFO - 验证码识别尝试 1/30
2026-02-02 03:39:55,356 - INFO - 开始识别验证码...（easyocr + pytesseract）
2026-02-02 03:39:55,461 - INFO - easyocr 结果: ['CFHn(0.96)']
2026-02-02 03:39:55,621 - INFO - tesseract 结果: cFHN
2026-02-02 03:39:55,686 - INFO - easyocr alt1 结果: ['CFHn(0.89)']
2026-02-02 03:39:55,764 - INFO - tesseract alt1 结果: cFHA
2026-02-02 03:39:55,819 - INFO - easyocr alt2 结果: ['CFHn(0.90)']
2026-02-02 03:39:55,897 - INFO - tesseract alt2 结果: CFHA
2026-02-02 03:39:56,036 - INFO - easyocr alt3 结果: ['CFHn(0.68)']
2026-02-02 03:39:56,126 - INFO - tesseract alt3 结果: cFHN
2026-02-02 03:39:56,183 - INFO - easyocr alt4 结果: ['CFHn(0.85)']
2026-02-02 03:39:56,266 - INFO - tesseract alt4 结果: CEH
2026-02-02 03:39:56,322 - INFO - easyocr alt5 结果: ['CFHn(0.45)']
2026-02-02 03:39:56,402 - INFO - tesseract alt5 结果: cEHA
2026-02-02 03:39:56,402 - INFO - 最终验证码识别结果: CFHn (engine=easyocr, prob=0.9647617936134338)
2026-02-02 03:39:56,402 - INFO - 查找验证码输入框...
2026-02-02 03:39:56,457 - INFO - 验证码填写完成
2026-02-02 03:39:56,457 - INFO - 验证码填写完成，点击登录按钮...
2026-02-02 03:39:56,457 - INFO - 查找并点击登录按钮...
2026-02-02 03:39:56,515 - INFO - 已点击登录按钮
2026-02-02 03:40:03,525 - INFO - 未检测到无效验证码提示，验证码通过
2026-02-02 03:40:03,525 - INFO - 查找并点击登录按钮...
2026-02-02 03:40:03,530 - ERROR - 未找到登录按钮
2026-02-02 03:40:03,530 - ERROR - 点击登录按钮失败
2026-02-02 03:40:03,530 - INFO - 等待登录成功...
2026-02-02 03:40:08,535 - INFO - 登录可能成功，继续下一步...
2026-02-02 03:40:08,535 - INFO - 查找'去充值'按钮...
2026-02-02 03:40:10,057 - INFO - 已点击充值按钮
2026-02-02 03:40:13,057 - INFO - 开始提取剩余电量信息...
2026-02-02 03:40:13,061 - INFO - 页面源码已保存到 /home/runner/work/nju_electric_monitor/nju_electric_monitor/src/../data/debug_page_source.html
2026-02-02 03:40:13,078 - INFO - 找到电量信息元素: 持卡人姓名：吴相民
2026-02-02 03:40:13,078 - WARNING - 未在元素中找到标准格式的电量信息
2026-02-02 03:40:13,090 - INFO - 找到i标签中的电量信息: 吴相民
2026-02-02 03:40:13,090 - WARNING - i标签中未找到标准格式的电量信息
2026-02-02 03:40:13,090 - WARNING - 未找到i标签中的电量信息
2026-02-02 03:40:13,093 - INFO - 在页面源码中查找电量信息...
2026-02-02 03:40:13,093 - INFO - 从页面源码中提取到剩余电量: 31.69 度
2026-02-02 03:40:13,110 - INFO - 数据已保存: 31.69 度
2026-02-02 03:40:13,366 - INFO - 电量变化曲线图已保存到: /home/runner/work/nju_electric_monitor/nju_electric_monitor/src/../data/electricity_trend.png
2026-02-02 03:40:13,619 - INFO - 最近20次电量变化曲线图已保存到: /home/runner/work/nju_electric_monitor/nju_electric_monitor/src/../data/recent_20_changes.png
2026-02-02 03:40:13,619 - INFO - 监控流程完成
