2026-03-03 07:36:45,818 - INFO - Matplotlib 字体设置：使用回退字体列表，首选可用字体: Noto Sans CJK JP
2026-03-03 07:36:47,067 - INFO - 使用指定 ChromeDriver: /usr/bin/chromedriver
2026-03-03 07:36:47,136 - INFO - ddddocr 识别器初始化成功
2026-03-03 07:36:47,136 - INFO - 开始南京大学电费监控流程（自动无头模式）
2026-03-03 07:36:47,136 - INFO - 已初始化并清空验证码图片目录: /home/runner/work/nju_electric_monitor/nju_electric_monitor/src/../data/captcha_workflow
2026-03-03 07:36:47,136 - INFO - 正在打开页面: https://epay.nju.edu.cn/epay/h5/nju/electric/index
2026-03-03 07:36:55,647 - INFO - 等待登录表单加载...
2026-03-03 07:36:55,658 - INFO - 登录表单已加载
2026-03-03 07:36:55,658 - INFO - 开始填写登录表单...
2026-03-03 07:36:55,746 - INFO - 用户名填写完成
2026-03-03 07:36:55,816 - INFO - 密码填写完成
2026-03-03 07:36:55,816 - INFO - 开始处理验证码（两层嵌套重试）...
2026-03-03 07:36:55,816 - INFO - 外层页面重试 1/8
2026-03-03 07:36:55,816 - INFO - 等待登录表单加载...
2026-03-03 07:36:55,822 - INFO - 登录表单已加载
2026-03-03 07:36:55,822 - INFO - 开始填写登录表单...
2026-03-03 07:36:55,889 - INFO - 用户名填写完成
2026-03-03 07:36:55,954 - INFO - 密码填写完成
2026-03-03 07:36:55,955 - INFO - 查找验证码图片...
2026-03-03 07:36:55,974 - INFO - 找到验证码图片，开始截图...
2026-03-03 07:36:56,022 - INFO - 验证码图片截取成功
2026-03-03 07:36:56,022 - INFO - 验证码图片已保存到 /home/runner/work/nju_electric_monitor/nju_electric_monitor/src/../data/captcha_debug.png
2026-03-03 07:36:56,023 - INFO - 验证码图片已保存到 /home/runner/work/nju_electric_monitor/nju_electric_monitor/src/../data/captcha_workflow/captcha_outer1.png
2026-03-03 07:36:56,023 - INFO - 验证码识别（同一图片）尝试 1/3，外层 1/8
2026-03-03 07:36:56,023 - INFO - 开始使用 ddddocr 识别验证码...
2026-03-03 07:36:56,032 - INFO - ddddocr 最终验证码识别结果: XB8C
2026-03-03 07:36:56,032 - INFO - 已将验证码图片重命名为: /home/runner/work/nju_electric_monitor/nju_electric_monitor/src/../data/captcha_workflow/XB8C.png
2026-03-03 07:36:56,033 - INFO - 查找验证码输入框...
2026-03-03 07:36:56,088 - INFO - 通过 XPath 找到 1 个验证码候选输入框，使用第一个。
2026-03-03 07:36:56,143 - INFO - 验证码填写完成
2026-03-03 07:36:56,143 - INFO - 验证码填写完成，点击登录按钮...
2026-03-03 07:36:56,143 - INFO - 查找并点击登录按钮...
2026-03-03 07:36:56,166 - INFO - 通过 ID=login_submit 找到登录按钮
2026-03-03 07:36:56,218 - INFO - 已点击登录按钮
2026-03-03 07:37:04,285 - INFO - 检测到英文验证码错误提示: 'Verification code error \n\t\t\t\t\t\tVerification code error'
2026-03-03 07:37:04,285 - WARNING - 检测到验证码错误提示，将重新加载页面获取新验证码
2026-03-03 07:37:04,285 - INFO - 本轮登录未成功，等待 5 秒后进行下一轮验证码重试...
2026-03-03 07:37:09,285 - INFO - 外层页面重试 2/8
2026-03-03 07:37:13,694 - INFO - 等待登录表单加载...
2026-03-03 07:37:13,701 - INFO - 登录表单已加载
2026-03-03 07:37:13,701 - INFO - 开始填写登录表单...
2026-03-03 07:37:13,769 - INFO - 用户名填写完成
2026-03-03 07:37:13,834 - INFO - 密码填写完成
2026-03-03 07:37:13,834 - INFO - 查找验证码图片...
2026-03-03 07:37:13,848 - INFO - 找到验证码图片，开始截图...
2026-03-03 07:37:13,884 - INFO - 验证码图片截取成功
2026-03-03 07:37:13,885 - INFO - 验证码图片已保存到 /home/runner/work/nju_electric_monitor/nju_electric_monitor/src/../data/captcha_debug.png
2026-03-03 07:37:13,886 - INFO - 验证码图片已保存到 /home/runner/work/nju_electric_monitor/nju_electric_monitor/src/../data/captcha_workflow/captcha_outer2.png
2026-03-03 07:37:13,886 - INFO - 验证码识别（同一图片）尝试 1/3，外层 2/8
2026-03-03 07:37:13,886 - INFO - 开始使用 ddddocr 识别验证码...
2026-03-03 07:37:13,895 - INFO - ddddocr 最终验证码识别结果: NRJH
2026-03-03 07:37:13,895 - INFO - 已将验证码图片重命名为: /home/runner/work/nju_electric_monitor/nju_electric_monitor/src/../data/captcha_workflow/NRJH.png
2026-03-03 07:37:13,895 - INFO - 查找验证码输入框...
2026-03-03 07:37:13,945 - INFO - 通过 XPath 找到 1 个验证码候选输入框，使用第一个。
2026-03-03 07:37:14,001 - INFO - 验证码填写完成
2026-03-03 07:37:14,001 - INFO - 验证码填写完成，点击登录按钮...
2026-03-03 07:37:14,001 - INFO - 查找并点击登录按钮...
2026-03-03 07:37:14,020 - INFO - 通过 ID=login_submit 找到登录按钮
2026-03-03 07:37:16,652 - INFO - 已点击登录按钮
2026-03-03 07:37:24,700 - INFO - 检测到英文验证码错误提示: 'Verification code error \n\t\t\t\t\t\tVerification code error'
2026-03-03 07:37:24,700 - WARNING - 检测到验证码错误提示，将重新加载页面获取新验证码
2026-03-03 07:37:24,700 - INFO - 本轮登录未成功，等待 5 秒后进行下一轮验证码重试...
2026-03-03 07:37:29,701 - INFO - 外层页面重试 3/8
2026-03-03 07:37:34,110 - INFO - 等待登录表单加载...
2026-03-03 07:37:34,117 - INFO - 登录表单已加载
2026-03-03 07:37:34,117 - INFO - 开始填写登录表单...
2026-03-03 07:37:34,186 - INFO - 用户名填写完成
2026-03-03 07:37:34,251 - INFO - 密码填写完成
2026-03-03 07:37:34,251 - INFO - 查找验证码图片...
2026-03-03 07:37:34,265 - INFO - 找到验证码图片，开始截图...
2026-03-03 07:37:34,300 - INFO - 验证码图片截取成功
2026-03-03 07:37:34,301 - INFO - 验证码图片已保存到 /home/runner/work/nju_electric_monitor/nju_electric_monitor/src/../data/captcha_debug.png
2026-03-03 07:37:34,302 - INFO - 验证码图片已保存到 /home/runner/work/nju_electric_monitor/nju_electric_monitor/src/../data/captcha_workflow/captcha_outer3.png
2026-03-03 07:37:34,302 - INFO - 验证码识别（同一图片）尝试 1/3，外层 3/8
2026-03-03 07:37:34,302 - INFO - 开始使用 ddddocr 识别验证码...
2026-03-03 07:37:34,313 - INFO - ddddocr 最终验证码识别结果: 4NJ7
2026-03-03 07:37:34,313 - INFO - 已将验证码图片重命名为: /home/runner/work/nju_electric_monitor/nju_electric_monitor/src/../data/captcha_workflow/4NJ7.png
2026-03-03 07:37:34,313 - INFO - 查找验证码输入框...
2026-03-03 07:37:34,365 - INFO - 通过 XPath 找到 1 个验证码候选输入框，使用第一个。
2026-03-03 07:37:34,419 - INFO - 验证码填写完成
2026-03-03 07:37:34,419 - INFO - 验证码填写完成，点击登录按钮...
2026-03-03 07:37:34,419 - INFO - 查找并点击登录按钮...
2026-03-03 07:37:34,438 - INFO - 通过 ID=login_submit 找到登录按钮
2026-03-03 07:37:37,104 - INFO - 已点击登录按钮
2026-03-03 07:37:45,153 - INFO - 检测到英文验证码错误提示: 'Verification code error \n\t\t\t\t\t\tVerification code error'
2026-03-03 07:37:45,153 - WARNING - 检测到验证码错误提示，将重新加载页面获取新验证码
2026-03-03 07:37:45,153 - INFO - 本轮登录未成功，等待 5 秒后进行下一轮验证码重试...
2026-03-03 07:37:50,153 - INFO - 外层页面重试 4/8
2026-03-03 07:37:55,452 - INFO - 等待登录表单加载...
2026-03-03 07:37:55,459 - INFO - 登录表单已加载
2026-03-03 07:37:55,459 - INFO - 开始填写登录表单...
2026-03-03 07:37:55,524 - INFO - 用户名填写完成
2026-03-03 07:37:55,588 - INFO - 密码填写完成
2026-03-03 07:37:55,588 - INFO - 查找验证码图片...
2026-03-03 07:37:55,601 - INFO - 找到验证码图片，开始截图...
2026-03-03 07:37:55,649 - INFO - 验证码图片截取成功
2026-03-03 07:37:55,650 - INFO - 验证码图片已保存到 /home/runner/work/nju_electric_monitor/nju_electric_monitor/src/../data/captcha_debug.png
2026-03-03 07:37:55,650 - INFO - 验证码图片已保存到 /home/runner/work/nju_electric_monitor/nju_electric_monitor/src/../data/captcha_workflow/captcha_outer4.png
2026-03-03 07:37:55,651 - INFO - 验证码识别（同一图片）尝试 1/3，外层 4/8
2026-03-03 07:37:55,651 - INFO - 开始使用 ddddocr 识别验证码...
2026-03-03 07:37:55,662 - INFO - ddddocr 最终验证码识别结果: DTJB
2026-03-03 07:37:55,663 - INFO - 已将验证码图片重命名为: /home/runner/work/nju_electric_monitor/nju_electric_monitor/src/../data/captcha_workflow/DTJB.png
2026-03-03 07:37:55,663 - INFO - 查找验证码输入框...
2026-03-03 07:37:55,712 - INFO - 通过 XPath 找到 1 个验证码候选输入框，使用第一个。
2026-03-03 07:37:55,768 - INFO - 验证码填写完成
2026-03-03 07:37:55,768 - INFO - 验证码填写完成，点击登录按钮...
2026-03-03 07:37:55,768 - INFO - 查找并点击登录按钮...
2026-03-03 07:37:55,787 - INFO - 通过 ID=login_submit 找到登录按钮
2026-03-03 07:38:00,167 - INFO - 已点击登录按钮
2026-03-03 07:38:08,192 - INFO - 未检测到验证码错误提示，验证码可能通过
2026-03-03 07:38:08,192 - INFO - 等待登录成功...
2026-03-03 07:38:08,201 - INFO - 检测到已跳转到电费页面: https://epay.nju.edu.cn/epay/h5/nju/electric/index
2026-03-03 07:38:08,201 - INFO - 查找'去充值'按钮...
2026-03-03 07:38:08,226 - INFO - 通过文本包含 '去充值' 找到充值按钮
2026-03-03 07:38:09,778 - INFO - 已点击充值按钮
2026-03-03 07:38:12,778 - INFO - 开始提取剩余电量信息...
2026-03-03 07:38:12,795 - INFO - 找到电量信息元素（已省略具体文本以保护隐私）
2026-03-03 07:38:12,795 - WARNING - 未在元素中找到标准格式的电量信息
2026-03-03 07:38:12,810 - INFO - 找到 i 标签中的电量信息（已省略具体文本）
2026-03-03 07:38:12,810 - WARNING - i标签中未找到标准格式的电量信息
2026-03-03 07:38:12,810 - WARNING - 未找到i标签中的电量信息
2026-03-03 07:38:12,813 - INFO - 在页面源码中查找电量信息...
2026-03-03 07:38:12,813 - INFO - 从页面源码中提取到剩余电量: 21.28 度
2026-03-03 07:38:12,827 - INFO - 数据已保存: 21.28 度
2026-03-03 07:38:13,076 - INFO - 电量变化曲线图已保存到: /home/runner/work/nju_electric_monitor/nju_electric_monitor/src/../data/electricity_trend.png
2026-03-03 07:38:13,299 - INFO - 最近20次电量变化曲线图已保存到: /home/runner/work/nju_electric_monitor/nju_electric_monitor/src/../data/recent_20_changes.png
2026-03-03 07:38:13,299 - INFO - 监控流程完成
