2025-12-09 02:46:49,283 - INFO - Matplotlib 字体设置：使用回退字体列表，首选可用字体: Noto Sans CJK JP
2025-12-09 02:46:51,261 - INFO - 使用 ChromeDriver: /usr/bin/chromedriver
2025-12-09 02:46:51,261 - WARNING - Using CPU. Note: This module is much faster with a GPU.
2025-12-09 02:46:52,851 - INFO - OCR识别器初始化成功
2025-12-09 02:46:52,851 - INFO - 开始南京大学电费监控流程（自动无头模式）
2025-12-09 02:46:52,851 - INFO - 正在打开页面: https://epay.nju.edu.cn/epay/h5/nju/electric/index
2025-12-09 02:47:03,513 - INFO - 等待登录表单加载...
2025-12-09 02:47:03,523 - INFO - 登录表单已加载
2025-12-09 02:47:03,523 - INFO - 开始填写登录表单...
2025-12-09 02:47:03,585 - INFO - 用户名填写完成
2025-12-09 02:47:03,652 - INFO - 密码填写完成
2025-12-09 02:47:03,652 - INFO - 检查是否有验证码...
2025-12-09 02:47:03,652 - INFO - 查找验证码图片...
2025-12-09 02:47:03,671 - INFO - 找到验证码图片，开始截图...
2025-12-09 02:47:03,738 - INFO - 验证码图片截取成功
2025-12-09 02:47:03,738 - INFO - 开始填写登录表单...
2025-12-09 02:47:03,808 - INFO - 用户名填写完成
2025-12-09 02:47:03,942 - INFO - 密码填写完成
2025-12-09 02:47:03,943 - INFO - 验证码图片已保存到 /home/runner/work/nju_electric_monitor/nju_electric_monitor/src/../data/captcha_debug.png
2025-12-09 02:47:03,943 - INFO - 验证码识别尝试 1/30
2025-12-09 02:47:03,943 - INFO - 开始识别验证码...（easyocr + pytesseract）
2025-12-09 02:47:04,068 - INFO - easyocr 结果: ['P5ZF(0.63)']
2025-12-09 02:47:04,273 - INFO - tesseract 结果: PSzF
2025-12-09 02:47:04,346 - INFO - easyocr alt1 结果: ['P5ZE(0.36)']
2025-12-09 02:47:04,441 - INFO - tesseract alt1 结果: P52F
2025-12-09 02:47:04,501 - INFO - easyocr alt2 结果: ['P5ZE(0.15)']
2025-12-09 02:47:04,599 - INFO - tesseract alt2 结果: P52
2025-12-09 02:47:04,760 - INFO - easyocr alt3 结果: ['P5ZE(0.28)']
2025-12-09 02:47:04,861 - INFO - tesseract alt3 结果: 
2025-12-09 02:47:04,925 - INFO - easyocr alt4 结果: ['P57(0.19)']
2025-12-09 02:47:05,017 - INFO - tesseract alt4 结果: 
2025-12-09 02:47:05,095 - INFO - easyocr alt5 结果: ['P52(0.04)']
2025-12-09 02:47:05,187 - INFO - tesseract alt5 结果: 
2025-12-09 02:47:05,187 - INFO - 最终验证码识别结果: P5ZF (engine=easyocr, prob=0.6263924837112427)
2025-12-09 02:47:05,187 - INFO - 查找验证码输入框...
2025-12-09 02:47:05,246 - INFO - 验证码填写完成
2025-12-09 02:47:05,246 - INFO - 验证码填写完成，点击登录按钮...
2025-12-09 02:47:05,246 - INFO - 查找并点击登录按钮...
2025-12-09 02:47:08,905 - INFO - 已点击登录按钮
2025-12-09 02:47:15,915 - INFO - 未检测到无效验证码提示，验证码通过
2025-12-09 02:47:15,915 - INFO - 查找并点击登录按钮...
2025-12-09 02:47:15,921 - ERROR - 未找到登录按钮
2025-12-09 02:47:15,921 - ERROR - 点击登录按钮失败
2025-12-09 02:47:15,921 - INFO - 等待登录成功...
2025-12-09 02:47:20,925 - INFO - 登录可能成功，继续下一步...
2025-12-09 02:47:20,925 - INFO - 查找'去充值'按钮...
2025-12-09 02:47:22,435 - INFO - 已点击充值按钮
2025-12-09 02:47:25,435 - INFO - 开始提取剩余电量信息...
2025-12-09 02:47:25,439 - INFO - 页面源码已保存到 /home/runner/work/nju_electric_monitor/nju_electric_monitor/src/../data/debug_page_source.html
2025-12-09 02:47:25,457 - INFO - 找到电量信息元素: 持卡人姓名：***
2025-12-09 02:47:25,457 - WARNING - 未在元素中找到标准格式的电量信息
2025-12-09 02:47:25,469 - INFO - 找到i标签中的电量信息: 吴相民
2025-12-09 02:47:25,469 - WARNING - i标签中未找到标准格式的电量信息
2025-12-09 02:47:25,469 - WARNING - 未找到i标签中的电量信息
2025-12-09 02:47:25,472 - INFO - 在页面源码中查找电量信息...
2025-12-09 02:47:25,472 - INFO - 从页面源码中提取到剩余电量: 312.29 度
2025-12-09 02:47:25,496 - INFO - 数据已保存: 312.29 度
2025-12-09 02:47:25,792 - INFO - 电量变化曲线图已保存到: /home/runner/work/nju_electric_monitor/nju_electric_monitor/src/../data/electricity_trend.png
2025-12-09 02:47:26,051 - INFO - 最近20次电量变化曲线图已保存到: /home/runner/work/nju_electric_monitor/nju_electric_monitor/src/../data/recent_20_changes.png
2025-12-09 02:47:26,051 - INFO - 监控流程完成
