2026-02-15 13:41:43,885 - INFO - Matplotlib 字体设置：使用回退字体列表，首选可用字体: Noto Sans CJK JP
2026-02-15 13:41:45,861 - INFO - 使用 ChromeDriver: /usr/bin/chromedriver
2026-02-15 13:41:45,861 - WARNING - Using CPU. Note: This module is much faster with a GPU.
2026-02-15 13:41:47,316 - INFO - OCR识别器初始化成功
2026-02-15 13:41:47,316 - INFO - 开始南京大学电费监控流程（自动无头模式）
2026-02-15 13:41:47,316 - INFO - 正在打开页面: https://epay.nju.edu.cn/epay/h5/nju/electric/index
2026-02-15 13:41:55,727 - INFO - 等待登录表单加载...
2026-02-15 13:41:56,681 - INFO - 登录表单已加载
2026-02-15 13:41:56,681 - INFO - 开始填写登录表单...
2026-02-15 13:41:56,773 - INFO - 用户名填写完成
2026-02-15 13:41:56,844 - INFO - 密码填写完成
2026-02-15 13:41:56,844 - INFO - 检查是否有验证码...
2026-02-15 13:41:56,844 - INFO - 查找验证码图片...
2026-02-15 13:41:56,865 - INFO - 找到验证码图片，开始截图...
2026-02-15 13:41:56,923 - INFO - 验证码图片截取成功
2026-02-15 13:41:56,923 - INFO - 开始填写登录表单...
2026-02-15 13:41:56,995 - INFO - 用户名填写完成
2026-02-15 13:41:57,061 - INFO - 密码填写完成
2026-02-15 13:41:57,062 - INFO - 验证码图片已保存到 /home/runner/work/nju_electric_monitor/nju_electric_monitor/src/../data/captcha_debug.png
2026-02-15 13:41:57,062 - INFO - 验证码识别尝试 1/30
2026-02-15 13:41:57,062 - INFO - 开始识别验证码...（easyocr + pytesseract）
2026-02-15 13:41:57,169 - INFO - easyocr 结果: ['FnfA(0.09)']
2026-02-15 13:41:57,336 - INFO - tesseract 结果: EamnyA
2026-02-15 13:41:57,367 - INFO - easyocr alt1 结果: []
2026-02-15 13:41:57,467 - INFO - tesseract alt1 结果: EamaA
2026-02-15 13:41:57,513 - INFO - easyocr alt2 结果: ['EUA(0.14)']
2026-02-15 13:41:57,613 - INFO - tesseract alt2 结果: EamagA
2026-02-15 13:41:57,797 - INFO - easyocr alt3 结果: ['BH(0.05)']
2026-02-15 13:41:57,922 - INFO - tesseract alt3 结果: EamyA
2026-02-15 13:41:57,970 - INFO - easyocr alt4 结果: ['EwfA(0.20)']
2026-02-15 13:41:58,068 - INFO - tesseract alt4 结果: EangA
2026-02-15 13:41:58,134 - INFO - easyocr alt5 结果: ['E(0.04)']
2026-02-15 13:41:58,237 - INFO - tesseract alt5 结果: Ean
2026-02-15 13:41:58,237 - INFO - 最终验证码识别结果: EwfA (engine=easyocr_alt4, prob=0.20331338047981262)
2026-02-15 13:41:58,237 - INFO - 查找验证码输入框...
2026-02-15 13:41:58,247 - ERROR - 未找到验证码输入框
2026-02-15 13:41:58,247 - WARNING - 验证码填写失败
2026-02-15 13:41:58,247 - INFO - 开始填写登录表单...
2026-02-15 13:41:58,312 - INFO - 用户名填写完成
2026-02-15 13:41:58,377 - INFO - 密码填写完成
2026-02-15 13:41:58,378 - INFO - 验证码图片已保存到 /home/runner/work/nju_electric_monitor/nju_electric_monitor/src/../data/captcha_debug.png
2026-02-15 13:41:58,378 - INFO - 验证码识别尝试 2/30
2026-02-15 13:41:58,378 - INFO - 开始识别验证码...（easyocr + pytesseract）
2026-02-15 13:41:58,481 - INFO - easyocr 结果: ['FnfA(0.09)']
2026-02-15 13:41:58,582 - INFO - tesseract 结果: EamnyA
2026-02-15 13:41:58,611 - INFO - easyocr alt1 结果: []
2026-02-15 13:41:58,715 - INFO - tesseract alt1 结果: EamaA
2026-02-15 13:41:58,762 - INFO - easyocr alt2 结果: ['EUA(0.14)']
2026-02-15 13:41:58,864 - INFO - tesseract alt2 结果: EamagA
2026-02-15 13:41:59,019 - INFO - easyocr alt3 结果: ['BH(0.05)']
2026-02-15 13:41:59,132 - INFO - tesseract alt3 结果: EamyA
2026-02-15 13:41:59,178 - INFO - easyocr alt4 结果: ['EwfA(0.20)']
2026-02-15 13:41:59,278 - INFO - tesseract alt4 结果: EangA
2026-02-15 13:41:59,342 - INFO - easyocr alt5 结果: ['E(0.04)']
2026-02-15 13:41:59,442 - INFO - tesseract alt5 结果: Ean
2026-02-15 13:41:59,442 - INFO - 最终验证码识别结果: EwfA (engine=easyocr_alt4, prob=0.20331338047981262)
2026-02-15 13:41:59,442 - INFO - 查找验证码输入框...
2026-02-15 13:41:59,449 - ERROR - 未找到验证码输入框
2026-02-15 13:41:59,449 - WARNING - 验证码填写失败
2026-02-15 13:41:59,450 - INFO - 开始填写登录表单...
2026-02-15 13:41:59,513 - INFO - 用户名填写完成
2026-02-15 13:41:59,578 - INFO - 密码填写完成
2026-02-15 13:41:59,579 - INFO - 验证码图片已保存到 /home/runner/work/nju_electric_monitor/nju_electric_monitor/src/../data/captcha_debug.png
2026-02-15 13:41:59,579 - INFO - 验证码识别尝试 3/30
2026-02-15 13:41:59,579 - INFO - 开始识别验证码...（easyocr + pytesseract）
2026-02-15 13:41:59,754 - INFO - easyocr 结果: ['FnfA(0.09)']
2026-02-15 13:41:59,859 - INFO - tesseract 结果: EamnyA
2026-02-15 13:41:59,887 - INFO - easyocr alt1 结果: []
2026-02-15 13:41:59,989 - INFO - tesseract alt1 结果: EamaA
2026-02-15 13:42:00,035 - INFO - easyocr alt2 结果: ['EUA(0.14)']
2026-02-15 13:42:00,133 - INFO - tesseract alt2 结果: EamagA
2026-02-15 13:42:00,289 - INFO - easyocr alt3 结果: ['BH(0.05)']
2026-02-15 13:42:00,401 - INFO - tesseract alt3 结果: EamyA
2026-02-15 13:42:00,447 - INFO - easyocr alt4 结果: ['EwfA(0.20)']
2026-02-15 13:42:00,547 - INFO - tesseract alt4 结果: EangA
2026-02-15 13:42:00,613 - INFO - easyocr alt5 结果: ['E(0.04)']
2026-02-15 13:42:00,726 - INFO - tesseract alt5 结果: Ean
2026-02-15 13:42:00,726 - INFO - 最终验证码识别结果: EwfA (engine=easyocr_alt4, prob=0.20331338047981262)
2026-02-15 13:42:00,726 - INFO - 查找验证码输入框...
2026-02-15 13:42:00,739 - ERROR - 未找到验证码输入框
2026-02-15 13:42:00,739 - WARNING - 验证码填写失败
2026-02-15 13:42:00,739 - INFO - 开始填写登录表单...
2026-02-15 13:42:00,803 - INFO - 用户名填写完成
2026-02-15 13:42:00,876 - INFO - 密码填写完成
2026-02-15 13:42:00,877 - INFO - 验证码图片已保存到 /home/runner/work/nju_electric_monitor/nju_electric_monitor/src/../data/captcha_debug.png
2026-02-15 13:42:00,877 - INFO - 验证码识别尝试 4/30
2026-02-15 13:42:00,877 - INFO - 开始识别验证码...（easyocr + pytesseract）
2026-02-15 13:42:00,973 - INFO - easyocr 结果: ['FnfA(0.09)']
2026-02-15 13:42:01,072 - INFO - tesseract 结果: EamnyA
2026-02-15 13:42:01,100 - INFO - easyocr alt1 结果: []
2026-02-15 13:42:01,207 - INFO - tesseract alt1 结果: EamaA
2026-02-15 13:42:01,253 - INFO - easyocr alt2 结果: ['EUA(0.14)']
2026-02-15 13:42:01,351 - INFO - tesseract alt2 结果: EamagA
2026-02-15 13:42:01,506 - INFO - easyocr alt3 结果: ['BH(0.05)']
2026-02-15 13:42:01,622 - INFO - tesseract alt3 结果: EamyA
2026-02-15 13:42:01,668 - INFO - easyocr alt4 结果: ['EwfA(0.20)']
2026-02-15 13:42:01,767 - INFO - tesseract alt4 结果: EangA
2026-02-15 13:42:01,831 - INFO - easyocr alt5 结果: ['E(0.04)']
2026-02-15 13:42:01,931 - INFO - tesseract alt5 结果: Ean
2026-02-15 13:42:01,932 - INFO - 最终验证码识别结果: EwfA (engine=easyocr_alt4, prob=0.20331338047981262)
2026-02-15 13:42:01,932 - INFO - 查找验证码输入框...
2026-02-15 13:42:01,939 - ERROR - 未找到验证码输入框
2026-02-15 13:42:01,939 - WARNING - 验证码填写失败
2026-02-15 13:42:01,939 - INFO - 开始填写登录表单...
2026-02-15 13:42:02,003 - INFO - 用户名填写完成
2026-02-15 13:42:02,068 - INFO - 密码填写完成
2026-02-15 13:42:02,068 - INFO - 验证码图片已保存到 /home/runner/work/nju_electric_monitor/nju_electric_monitor/src/../data/captcha_debug.png
2026-02-15 13:42:02,069 - INFO - 验证码识别尝试 5/30
2026-02-15 13:42:02,069 - INFO - 开始识别验证码...（easyocr + pytesseract）
2026-02-15 13:42:02,170 - INFO - easyocr 结果: ['FnfA(0.09)']
2026-02-15 13:42:02,269 - INFO - tesseract 结果: EamnyA
2026-02-15 13:42:02,297 - INFO - easyocr alt1 结果: []
2026-02-15 13:42:02,399 - INFO - tesseract alt1 结果: EamaA
2026-02-15 13:42:02,445 - INFO - easyocr alt2 结果: ['EUA(0.14)']
2026-02-15 13:42:02,544 - INFO - tesseract alt2 结果: EamagA
2026-02-15 13:42:02,701 - INFO - easyocr alt3 结果: ['BH(0.05)']
2026-02-15 13:42:02,818 - INFO - tesseract alt3 结果: EamyA
2026-02-15 13:42:02,865 - INFO - easyocr alt4 结果: ['EwfA(0.20)']
2026-02-15 13:42:02,967 - INFO - tesseract alt4 结果: EangA
2026-02-15 13:42:03,033 - INFO - easyocr alt5 结果: ['E(0.04)']
2026-02-15 13:42:03,135 - INFO - tesseract alt5 结果: Ean
2026-02-15 13:42:03,135 - INFO - 最终验证码识别结果: EwfA (engine=easyocr_alt4, prob=0.20331338047981262)
2026-02-15 13:42:03,135 - INFO - 查找验证码输入框...
2026-02-15 13:42:03,142 - ERROR - 未找到验证码输入框
2026-02-15 13:42:03,142 - WARNING - 验证码填写失败
2026-02-15 13:42:03,142 - INFO - 开始填写登录表单...
2026-02-15 13:42:03,212 - INFO - 用户名填写完成
2026-02-15 13:42:03,278 - INFO - 密码填写完成
2026-02-15 13:42:03,279 - INFO - 验证码图片已保存到 /home/runner/work/nju_electric_monitor/nju_electric_monitor/src/../data/captcha_debug.png
2026-02-15 13:42:03,279 - INFO - 验证码识别尝试 6/30
2026-02-15 13:42:03,279 - INFO - 开始识别验证码...（easyocr + pytesseract）
2026-02-15 13:42:03,381 - INFO - easyocr 结果: ['FnfA(0.09)']
2026-02-15 13:42:03,482 - INFO - tesseract 结果: EamnyA
2026-02-15 13:42:03,510 - INFO - easyocr alt1 结果: []
2026-02-15 13:42:03,608 - INFO - tesseract alt1 结果: EamaA
2026-02-15 13:42:03,655 - INFO - easyocr alt2 结果: ['EUA(0.14)']
2026-02-15 13:42:03,755 - INFO - tesseract alt2 结果: EamagA
2026-02-15 13:42:03,917 - INFO - easyocr alt3 结果: ['BH(0.05)']
2026-02-15 13:42:04,028 - INFO - tesseract alt3 结果: EamyA
2026-02-15 13:42:04,075 - INFO - easyocr alt4 结果: ['EwfA(0.20)']
2026-02-15 13:42:04,175 - INFO - tesseract alt4 结果: EangA
2026-02-15 13:42:04,243 - INFO - easyocr alt5 结果: ['E(0.04)']
2026-02-15 13:42:04,349 - INFO - tesseract alt5 结果: Ean
2026-02-15 13:42:04,349 - INFO - 最终验证码识别结果: EwfA (engine=easyocr_alt4, prob=0.20331338047981262)
2026-02-15 13:42:04,349 - INFO - 查找验证码输入框...
2026-02-15 13:42:04,356 - ERROR - 未找到验证码输入框
2026-02-15 13:42:04,356 - WARNING - 验证码填写失败
2026-02-15 13:42:04,356 - INFO - 开始填写登录表单...
2026-02-15 13:42:04,419 - INFO - 用户名填写完成
2026-02-15 13:42:04,484 - INFO - 密码填写完成
2026-02-15 13:42:04,485 - INFO - 验证码图片已保存到 /home/runner/work/nju_electric_monitor/nju_electric_monitor/src/../data/captcha_debug.png
2026-02-15 13:42:04,485 - INFO - 验证码识别尝试 7/30
2026-02-15 13:42:04,485 - INFO - 开始识别验证码...（easyocr + pytesseract）
2026-02-15 13:42:04,580 - INFO - easyocr 结果: ['FnfA(0.09)']
2026-02-15 13:42:04,684 - INFO - tesseract 结果: EamnyA
2026-02-15 13:42:04,717 - INFO - easyocr alt1 结果: []
2026-02-15 13:42:04,833 - INFO - tesseract alt1 结果: EamaA
2026-02-15 13:42:04,879 - INFO - easyocr alt2 结果: ['EUA(0.14)']
2026-02-15 13:42:04,980 - INFO - tesseract alt2 结果: EamagA
2026-02-15 13:42:05,135 - INFO - easyocr alt3 结果: ['BH(0.05)']
2026-02-15 13:42:05,247 - INFO - tesseract alt3 结果: EamyA
2026-02-15 13:42:05,294 - INFO - easyocr alt4 结果: ['EwfA(0.20)']
2026-02-15 13:42:05,401 - INFO - tesseract alt4 结果: EangA
2026-02-15 13:42:05,465 - INFO - easyocr alt5 结果: ['E(0.04)']
2026-02-15 13:42:05,566 - INFO - tesseract alt5 结果: Ean
2026-02-15 13:42:05,566 - INFO - 最终验证码识别结果: EwfA (engine=easyocr_alt4, prob=0.20331338047981262)
2026-02-15 13:42:05,566 - INFO - 查找验证码输入框...
2026-02-15 13:42:05,573 - ERROR - 未找到验证码输入框
2026-02-15 13:42:05,573 - WARNING - 验证码填写失败
2026-02-15 13:42:05,573 - INFO - 开始填写登录表单...
2026-02-15 13:42:05,637 - INFO - 用户名填写完成
2026-02-15 13:42:05,702 - INFO - 密码填写完成
2026-02-15 13:42:05,703 - INFO - 验证码图片已保存到 /home/runner/work/nju_electric_monitor/nju_electric_monitor/src/../data/captcha_debug.png
2026-02-15 13:42:05,703 - INFO - 验证码识别尝试 8/30
2026-02-15 13:42:05,703 - INFO - 开始识别验证码...（easyocr + pytesseract）
2026-02-15 13:42:05,808 - INFO - easyocr 结果: ['FnfA(0.09)']
2026-02-15 13:42:05,908 - INFO - tesseract 结果: EamnyA
2026-02-15 13:42:05,936 - INFO - easyocr alt1 结果: []
2026-02-15 13:42:06,039 - INFO - tesseract alt1 结果: EamaA
2026-02-15 13:42:06,085 - INFO - easyocr alt2 结果: ['EUA(0.14)']
2026-02-15 13:42:06,189 - INFO - tesseract alt2 结果: EamagA
2026-02-15 13:42:06,344 - INFO - easyocr alt3 结果: ['BH(0.05)']
2026-02-15 13:42:06,455 - INFO - tesseract alt3 结果: EamyA
2026-02-15 13:42:06,502 - INFO - easyocr alt4 结果: ['EwfA(0.20)']
2026-02-15 13:42:06,603 - INFO - tesseract alt4 结果: EangA
2026-02-15 13:42:06,668 - INFO - easyocr alt5 结果: ['E(0.04)']
2026-02-15 13:42:06,771 - INFO - tesseract alt5 结果: Ean
2026-02-15 13:42:06,772 - INFO - 最终验证码识别结果: EwfA (engine=easyocr_alt4, prob=0.20331338047981262)
2026-02-15 13:42:06,772 - INFO - 查找验证码输入框...
2026-02-15 13:42:06,779 - ERROR - 未找到验证码输入框
2026-02-15 13:42:06,779 - WARNING - 验证码填写失败
2026-02-15 13:42:06,779 - INFO - 开始填写登录表单...
2026-02-15 13:42:06,843 - INFO - 用户名填写完成
2026-02-15 13:42:06,908 - INFO - 密码填写完成
2026-02-15 13:42:06,908 - INFO - 验证码图片已保存到 /home/runner/work/nju_electric_monitor/nju_electric_monitor/src/../data/captcha_debug.png
2026-02-15 13:42:06,908 - INFO - 验证码识别尝试 9/30
2026-02-15 13:42:06,908 - INFO - 开始识别验证码...（easyocr + pytesseract）
2026-02-15 13:42:07,004 - INFO - easyocr 结果: ['FnfA(0.09)']
2026-02-15 13:42:07,103 - INFO - tesseract 结果: EamnyA
2026-02-15 13:42:07,132 - INFO - easyocr alt1 结果: []
2026-02-15 13:42:07,233 - INFO - tesseract alt1 结果: EamaA
2026-02-15 13:42:07,280 - INFO - easyocr alt2 结果: ['EUA(0.14)']
2026-02-15 13:42:07,378 - INFO - tesseract alt2 结果: EamagA
2026-02-15 13:42:07,534 - INFO - easyocr alt3 结果: ['BH(0.05)']
2026-02-15 13:42:07,646 - INFO - tesseract alt3 结果: EamyA
2026-02-15 13:42:07,693 - INFO - easyocr alt4 结果: ['EwfA(0.20)']
2026-02-15 13:42:07,796 - INFO - tesseract alt4 结果: EangA
2026-02-15 13:42:07,868 - INFO - easyocr alt5 结果: ['E(0.04)']
2026-02-15 13:42:07,969 - INFO - tesseract alt5 结果: Ean
2026-02-15 13:42:07,969 - INFO - 最终验证码识别结果: EwfA (engine=easyocr_alt4, prob=0.20331338047981262)
2026-02-15 13:42:07,969 - INFO - 查找验证码输入框...
2026-02-15 13:42:07,976 - ERROR - 未找到验证码输入框
2026-02-15 13:42:07,976 - WARNING - 验证码填写失败
2026-02-15 13:42:07,976 - INFO - 开始填写登录表单...
2026-02-15 13:42:08,041 - INFO - 用户名填写完成
2026-02-15 13:42:08,107 - INFO - 密码填写完成
2026-02-15 13:42:08,108 - INFO - 验证码图片已保存到 /home/runner/work/nju_electric_monitor/nju_electric_monitor/src/../data/captcha_debug.png
2026-02-15 13:42:08,108 - INFO - 验证码识别尝试 10/30
2026-02-15 13:42:08,108 - INFO - 开始识别验证码...（easyocr + pytesseract）
2026-02-15 13:42:08,203 - INFO - easyocr 结果: ['FnfA(0.09)']
2026-02-15 13:42:08,316 - INFO - tesseract 结果: EamnyA
2026-02-15 13:42:08,345 - INFO - easyocr alt1 结果: []
2026-02-15 13:42:08,452 - INFO - tesseract alt1 结果: EamaA
2026-02-15 13:42:08,506 - INFO - easyocr alt2 结果: ['EUA(0.14)']
2026-02-15 13:42:08,607 - INFO - tesseract alt2 结果: EamagA
2026-02-15 13:42:08,762 - INFO - easyocr alt3 结果: ['BH(0.05)']
2026-02-15 13:42:08,873 - INFO - tesseract alt3 结果: EamyA
2026-02-15 13:42:08,921 - INFO - easyocr alt4 结果: ['EwfA(0.20)']
2026-02-15 13:42:09,021 - INFO - tesseract alt4 结果: EangA
2026-02-15 13:42:09,085 - INFO - easyocr alt5 结果: ['E(0.04)']
2026-02-15 13:42:09,191 - INFO - tesseract alt5 结果: Ean
2026-02-15 13:42:09,191 - INFO - 最终验证码识别结果: EwfA (engine=easyocr_alt4, prob=0.20331338047981262)
2026-02-15 13:42:09,191 - INFO - 查找验证码输入框...
2026-02-15 13:42:09,199 - ERROR - 未找到验证码输入框
2026-02-15 13:42:09,199 - WARNING - 验证码填写失败
2026-02-15 13:42:09,199 - INFO - 开始填写登录表单...
2026-02-15 13:42:09,263 - INFO - 用户名填写完成
2026-02-15 13:42:09,328 - INFO - 密码填写完成
2026-02-15 13:42:09,329 - INFO - 验证码图片已保存到 /home/runner/work/nju_electric_monitor/nju_electric_monitor/src/../data/captcha_debug.png
2026-02-15 13:42:09,329 - INFO - 验证码识别尝试 11/30
2026-02-15 13:42:09,329 - INFO - 开始识别验证码...（easyocr + pytesseract）
2026-02-15 13:42:09,424 - INFO - easyocr 结果: ['FnfA(0.09)']
2026-02-15 13:42:09,525 - INFO - tesseract 结果: EamnyA
2026-02-15 13:42:09,553 - INFO - easyocr alt1 结果: []
2026-02-15 13:42:09,657 - INFO - tesseract alt1 结果: EamaA
2026-02-15 13:42:09,703 - INFO - easyocr alt2 结果: ['EUA(0.14)']
2026-02-15 13:42:09,802 - INFO - tesseract alt2 结果: EamagA
2026-02-15 13:42:09,957 - INFO - easyocr alt3 结果: ['BH(0.05)']
2026-02-15 13:42:10,069 - INFO - tesseract alt3 结果: EamyA
2026-02-15 13:42:10,115 - INFO - easyocr alt4 结果: ['EwfA(0.20)']
2026-02-15 13:42:10,214 - INFO - tesseract alt4 结果: EangA
2026-02-15 13:42:10,280 - INFO - easyocr alt5 结果: ['E(0.04)']
2026-02-15 13:42:10,380 - INFO - tesseract alt5 结果: Ean
2026-02-15 13:42:10,381 - INFO - 最终验证码识别结果: EwfA (engine=easyocr_alt4, prob=0.20331338047981262)
2026-02-15 13:42:10,381 - INFO - 查找验证码输入框...
2026-02-15 13:42:10,388 - ERROR - 未找到验证码输入框
2026-02-15 13:42:10,388 - WARNING - 验证码填写失败
2026-02-15 13:42:10,388 - INFO - 开始填写登录表单...
2026-02-15 13:42:10,452 - INFO - 用户名填写完成
2026-02-15 13:42:10,515 - INFO - 密码填写完成
2026-02-15 13:42:10,515 - INFO - 验证码图片已保存到 /home/runner/work/nju_electric_monitor/nju_electric_monitor/src/../data/captcha_debug.png
2026-02-15 13:42:10,516 - INFO - 验证码识别尝试 12/30
2026-02-15 13:42:10,516 - INFO - 开始识别验证码...（easyocr + pytesseract）
2026-02-15 13:42:10,609 - INFO - easyocr 结果: ['FnfA(0.09)']
2026-02-15 13:42:10,710 - INFO - tesseract 结果: EamnyA
2026-02-15 13:42:10,738 - INFO - easyocr alt1 结果: []
2026-02-15 13:42:10,837 - INFO - tesseract alt1 结果: EamaA
2026-02-15 13:42:10,884 - INFO - easyocr alt2 结果: ['EUA(0.14)']
2026-02-15 13:42:10,984 - INFO - tesseract alt2 结果: EamagA
2026-02-15 13:42:11,138 - INFO - easyocr alt3 结果: ['BH(0.05)']
2026-02-15 13:42:11,254 - INFO - tesseract alt3 结果: EamyA
2026-02-15 13:42:11,299 - INFO - easyocr alt4 结果: ['EwfA(0.20)']
2026-02-15 13:42:11,400 - INFO - tesseract alt4 结果: EangA
2026-02-15 13:42:11,465 - INFO - easyocr alt5 结果: ['E(0.04)']
2026-02-15 13:42:11,563 - INFO - tesseract alt5 结果: Ean
2026-02-15 13:42:11,563 - INFO - 最终验证码识别结果: EwfA (engine=easyocr_alt4, prob=0.20331338047981262)
2026-02-15 13:42:11,563 - INFO - 查找验证码输入框...
2026-02-15 13:42:11,571 - ERROR - 未找到验证码输入框
2026-02-15 13:42:11,571 - WARNING - 验证码填写失败
2026-02-15 13:42:11,571 - INFO - 开始填写登录表单...
2026-02-15 13:42:11,635 - INFO - 用户名填写完成
2026-02-15 13:42:11,700 - INFO - 密码填写完成
2026-02-15 13:42:11,701 - INFO - 验证码图片已保存到 /home/runner/work/nju_electric_monitor/nju_electric_monitor/src/../data/captcha_debug.png
2026-02-15 13:42:11,701 - INFO - 验证码识别尝试 13/30
2026-02-15 13:42:11,701 - INFO - 开始识别验证码...（easyocr + pytesseract）
2026-02-15 13:42:11,800 - INFO - easyocr 结果: ['FnfA(0.09)']
2026-02-15 13:42:11,904 - INFO - tesseract 结果: EamnyA
2026-02-15 13:42:11,932 - INFO - easyocr alt1 结果: []
2026-02-15 13:42:12,035 - INFO - tesseract alt1 结果: EamaA
2026-02-15 13:42:12,081 - INFO - easyocr alt2 结果: ['EUA(0.14)']
2026-02-15 13:42:12,179 - INFO - tesseract alt2 结果: EamagA
2026-02-15 13:42:12,334 - INFO - easyocr alt3 结果: ['BH(0.05)']
2026-02-15 13:42:12,446 - INFO - tesseract alt3 结果: EamyA
2026-02-15 13:42:12,493 - INFO - easyocr alt4 结果: ['EwfA(0.20)']
2026-02-15 13:42:12,594 - INFO - tesseract alt4 结果: EangA
2026-02-15 13:42:12,667 - INFO - easyocr alt5 结果: ['E(0.04)']
2026-02-15 13:42:12,776 - INFO - tesseract alt5 结果: Ean
2026-02-15 13:42:12,776 - INFO - 最终验证码识别结果: EwfA (engine=easyocr_alt4, prob=0.20331338047981262)
2026-02-15 13:42:12,776 - INFO - 查找验证码输入框...
2026-02-15 13:42:12,783 - ERROR - 未找到验证码输入框
2026-02-15 13:42:12,783 - WARNING - 验证码填写失败
2026-02-15 13:42:12,783 - INFO - 开始填写登录表单...
2026-02-15 13:42:12,849 - INFO - 用户名填写完成
2026-02-15 13:42:12,914 - INFO - 密码填写完成
2026-02-15 13:42:12,915 - INFO - 验证码图片已保存到 /home/runner/work/nju_electric_monitor/nju_electric_monitor/src/../data/captcha_debug.png
2026-02-15 13:42:12,915 - INFO - 验证码识别尝试 14/30
2026-02-15 13:42:12,915 - INFO - 开始识别验证码...（easyocr + pytesseract）
2026-02-15 13:42:13,010 - INFO - easyocr 结果: ['FnfA(0.09)']
2026-02-15 13:42:13,109 - INFO - tesseract 结果: EamnyA
2026-02-15 13:42:13,138 - INFO - easyocr alt1 结果: []
2026-02-15 13:42:13,241 - INFO - tesseract alt1 结果: EamaA
2026-02-15 13:42:13,288 - INFO - easyocr alt2 结果: ['EUA(0.14)']
2026-02-15 13:42:13,387 - INFO - tesseract alt2 结果: EamagA
2026-02-15 13:42:13,544 - INFO - easyocr alt3 结果: ['BH(0.05)']
2026-02-15 13:42:13,655 - INFO - tesseract alt3 结果: EamyA
2026-02-15 13:42:13,702 - INFO - easyocr alt4 结果: ['EwfA(0.20)']
2026-02-15 13:42:13,803 - INFO - tesseract alt4 结果: EangA
2026-02-15 13:42:13,868 - INFO - easyocr alt5 结果: ['E(0.04)']
2026-02-15 13:42:13,969 - INFO - tesseract alt5 结果: Ean
2026-02-15 13:42:13,969 - INFO - 最终验证码识别结果: EwfA (engine=easyocr_alt4, prob=0.20331338047981262)
2026-02-15 13:42:13,969 - INFO - 查找验证码输入框...
2026-02-15 13:42:13,976 - ERROR - 未找到验证码输入框
2026-02-15 13:42:13,977 - WARNING - 验证码填写失败
2026-02-15 13:42:13,977 - INFO - 开始填写登录表单...
2026-02-15 13:42:14,041 - INFO - 用户名填写完成
2026-02-15 13:42:14,105 - INFO - 密码填写完成
2026-02-15 13:42:14,106 - INFO - 验证码图片已保存到 /home/runner/work/nju_electric_monitor/nju_electric_monitor/src/../data/captcha_debug.png
2026-02-15 13:42:14,106 - INFO - 验证码识别尝试 15/30
2026-02-15 13:42:14,106 - INFO - 开始识别验证码...（easyocr + pytesseract）
2026-02-15 13:42:14,213 - INFO - easyocr 结果: ['FnfA(0.09)']
2026-02-15 13:42:14,312 - INFO - tesseract 结果: EamnyA
2026-02-15 13:42:14,340 - INFO - easyocr alt1 结果: []
2026-02-15 13:42:14,443 - INFO - tesseract alt1 结果: EamaA
2026-02-15 13:42:14,491 - INFO - easyocr alt2 结果: ['EUA(0.14)']
2026-02-15 13:42:14,589 - INFO - tesseract alt2 结果: EamagA
2026-02-15 13:42:14,745 - INFO - easyocr alt3 结果: ['BH(0.05)']
2026-02-15 13:42:14,856 - INFO - tesseract alt3 结果: EamyA
2026-02-15 13:42:14,902 - INFO - easyocr alt4 结果: ['EwfA(0.20)']
2026-02-15 13:42:15,004 - INFO - tesseract alt4 结果: EangA
2026-02-15 13:42:15,068 - INFO - easyocr alt5 结果: ['E(0.04)']
2026-02-15 13:42:15,167 - INFO - tesseract alt5 结果: Ean
2026-02-15 13:42:15,167 - INFO - 最终验证码识别结果: EwfA (engine=easyocr_alt4, prob=0.20331338047981262)
2026-02-15 13:42:15,167 - INFO - 查找验证码输入框...
2026-02-15 13:42:15,174 - ERROR - 未找到验证码输入框
2026-02-15 13:42:15,174 - WARNING - 验证码填写失败
2026-02-15 13:42:15,174 - INFO - 开始填写登录表单...
2026-02-15 13:42:15,240 - INFO - 用户名填写完成
2026-02-15 13:42:15,304 - INFO - 密码填写完成
2026-02-15 13:42:15,305 - INFO - 验证码图片已保存到 /home/runner/work/nju_electric_monitor/nju_electric_monitor/src/../data/captcha_debug.png
2026-02-15 13:42:15,305 - INFO - 验证码识别尝试 16/30
2026-02-15 13:42:15,305 - INFO - 开始识别验证码...（easyocr + pytesseract）
2026-02-15 13:42:15,411 - INFO - easyocr 结果: ['FnfA(0.09)']
2026-02-15 13:42:15,512 - INFO - tesseract 结果: EamnyA
2026-02-15 13:42:15,541 - INFO - easyocr alt1 结果: []
2026-02-15 13:42:15,643 - INFO - tesseract alt1 结果: EamaA
2026-02-15 13:42:15,690 - INFO - easyocr alt2 结果: ['EUA(0.14)']
2026-02-15 13:42:15,797 - INFO - tesseract alt2 结果: EamagA
2026-02-15 13:42:15,952 - INFO - easyocr alt3 结果: ['BH(0.05)']
2026-02-15 13:42:16,066 - INFO - tesseract alt3 结果: EamyA
2026-02-15 13:42:16,114 - INFO - easyocr alt4 结果: ['EwfA(0.20)']
2026-02-15 13:42:16,216 - INFO - tesseract alt4 结果: EangA
2026-02-15 13:42:16,281 - INFO - easyocr alt5 结果: ['E(0.04)']
2026-02-15 13:42:16,388 - INFO - tesseract alt5 结果: Ean
2026-02-15 13:42:16,388 - INFO - 最终验证码识别结果: EwfA (engine=easyocr_alt4, prob=0.20331338047981262)
2026-02-15 13:42:16,388 - INFO - 查找验证码输入框...
2026-02-15 13:42:16,395 - ERROR - 未找到验证码输入框
2026-02-15 13:42:16,395 - WARNING - 验证码填写失败
2026-02-15 13:42:16,395 - INFO - 开始填写登录表单...
2026-02-15 13:42:16,459 - INFO - 用户名填写完成
2026-02-15 13:42:16,524 - INFO - 密码填写完成
2026-02-15 13:42:16,525 - INFO - 验证码图片已保存到 /home/runner/work/nju_electric_monitor/nju_electric_monitor/src/../data/captcha_debug.png
2026-02-15 13:42:16,525 - INFO - 验证码识别尝试 17/30
2026-02-15 13:42:16,525 - INFO - 开始识别验证码...（easyocr + pytesseract）
2026-02-15 13:42:16,619 - INFO - easyocr 结果: ['FnfA(0.09)']
2026-02-15 13:42:16,719 - INFO - tesseract 结果: EamnyA
2026-02-15 13:42:16,747 - INFO - easyocr alt1 结果: []
2026-02-15 13:42:16,847 - INFO - tesseract alt1 结果: EamaA
2026-02-15 13:42:16,894 - INFO - easyocr alt2 结果: ['EUA(0.14)']
2026-02-15 13:42:16,994 - INFO - tesseract alt2 结果: EamagA
2026-02-15 13:42:17,157 - INFO - easyocr alt3 结果: ['BH(0.05)']
2026-02-15 13:42:17,271 - INFO - tesseract alt3 结果: EamyA
2026-02-15 13:42:17,317 - INFO - easyocr alt4 结果: ['EwfA(0.20)']
2026-02-15 13:42:17,420 - INFO - tesseract alt4 结果: EangA
2026-02-15 13:42:17,486 - INFO - easyocr alt5 结果: ['E(0.04)']
2026-02-15 13:42:17,587 - INFO - tesseract alt5 结果: Ean
2026-02-15 13:42:17,588 - INFO - 最终验证码识别结果: EwfA (engine=easyocr_alt4, prob=0.20331338047981262)
2026-02-15 13:42:17,588 - INFO - 查找验证码输入框...
2026-02-15 13:42:17,595 - ERROR - 未找到验证码输入框
2026-02-15 13:42:17,595 - WARNING - 验证码填写失败
2026-02-15 13:42:17,595 - INFO - 开始填写登录表单...
2026-02-15 13:42:17,658 - INFO - 用户名填写完成
2026-02-15 13:42:17,723 - INFO - 密码填写完成
2026-02-15 13:42:17,724 - INFO - 验证码图片已保存到 /home/runner/work/nju_electric_monitor/nju_electric_monitor/src/../data/captcha_debug.png
2026-02-15 13:42:17,724 - INFO - 验证码识别尝试 18/30
2026-02-15 13:42:17,724 - INFO - 开始识别验证码...（easyocr + pytesseract）
2026-02-15 13:42:17,848 - INFO - easyocr 结果: ['FnfA(0.09)']
2026-02-15 13:42:17,951 - INFO - tesseract 结果: EamnyA
2026-02-15 13:42:17,980 - INFO - easyocr alt1 结果: []
2026-02-15 13:42:18,081 - INFO - tesseract alt1 结果: EamaA
2026-02-15 13:42:18,136 - INFO - easyocr alt2 结果: ['EUA(0.14)']
2026-02-15 13:42:18,242 - INFO - tesseract alt2 结果: EamagA
2026-02-15 13:42:18,397 - INFO - easyocr alt3 结果: ['BH(0.05)']
2026-02-15 13:42:18,507 - INFO - tesseract alt3 结果: EamyA
2026-02-15 13:42:18,554 - INFO - easyocr alt4 结果: ['EwfA(0.20)']
2026-02-15 13:42:18,653 - INFO - tesseract alt4 结果: EangA
2026-02-15 13:42:18,717 - INFO - easyocr alt5 结果: ['E(0.04)']
2026-02-15 13:42:18,823 - INFO - tesseract alt5 结果: Ean
2026-02-15 13:42:18,824 - INFO - 最终验证码识别结果: EwfA (engine=easyocr_alt4, prob=0.20331338047981262)
2026-02-15 13:42:18,824 - INFO - 查找验证码输入框...
2026-02-15 13:42:18,830 - ERROR - 未找到验证码输入框
2026-02-15 13:42:18,831 - WARNING - 验证码填写失败
2026-02-15 13:42:18,831 - INFO - 开始填写登录表单...
2026-02-15 13:42:18,895 - INFO - 用户名填写完成
2026-02-15 13:42:18,961 - INFO - 密码填写完成
2026-02-15 13:42:18,961 - INFO - 验证码图片已保存到 /home/runner/work/nju_electric_monitor/nju_electric_monitor/src/../data/captcha_debug.png
2026-02-15 13:42:18,962 - INFO - 验证码识别尝试 19/30
2026-02-15 13:42:18,962 - INFO - 开始识别验证码...（easyocr + pytesseract）
2026-02-15 13:42:19,071 - INFO - easyocr 结果: ['FnfA(0.09)']
2026-02-15 13:42:19,172 - INFO - tesseract 结果: EamnyA
2026-02-15 13:42:19,200 - INFO - easyocr alt1 结果: []
2026-02-15 13:42:19,303 - INFO - tesseract alt1 结果: EamaA
2026-02-15 13:42:19,349 - INFO - easyocr alt2 结果: ['EUA(0.14)']
2026-02-15 13:42:19,450 - INFO - tesseract alt2 结果: EamagA
2026-02-15 13:42:19,606 - INFO - easyocr alt3 结果: ['BH(0.05)']
2026-02-15 13:42:19,719 - INFO - tesseract alt3 结果: EamyA
2026-02-15 13:42:19,766 - INFO - easyocr alt4 结果: ['EwfA(0.20)']
2026-02-15 13:42:19,866 - INFO - tesseract alt4 结果: EangA
2026-02-15 13:42:19,931 - INFO - easyocr alt5 结果: ['E(0.04)']
2026-02-15 13:42:20,034 - INFO - tesseract alt5 结果: Ean
2026-02-15 13:42:20,034 - INFO - 最终验证码识别结果: EwfA (engine=easyocr_alt4, prob=0.20331338047981262)
2026-02-15 13:42:20,034 - INFO - 查找验证码输入框...
2026-02-15 13:42:20,042 - ERROR - 未找到验证码输入框
2026-02-15 13:42:20,042 - WARNING - 验证码填写失败
2026-02-15 13:42:20,042 - INFO - 开始填写登录表单...
2026-02-15 13:42:20,107 - INFO - 用户名填写完成
2026-02-15 13:42:20,173 - INFO - 密码填写完成
2026-02-15 13:42:20,174 - INFO - 验证码图片已保存到 /home/runner/work/nju_electric_monitor/nju_electric_monitor/src/../data/captcha_debug.png
2026-02-15 13:42:20,174 - INFO - 验证码识别尝试 20/30
2026-02-15 13:42:20,174 - INFO - 开始识别验证码...（easyocr + pytesseract）
2026-02-15 13:42:20,270 - INFO - easyocr 结果: ['FnfA(0.09)']
2026-02-15 13:42:20,370 - INFO - tesseract 结果: EamnyA
2026-02-15 13:42:20,398 - INFO - easyocr alt1 结果: []
2026-02-15 13:42:20,496 - INFO - tesseract alt1 结果: EamaA
2026-02-15 13:42:20,543 - INFO - easyocr alt2 结果: ['EUA(0.14)']
2026-02-15 13:42:20,644 - INFO - tesseract alt2 结果: EamagA
2026-02-15 13:42:20,805 - INFO - easyocr alt3 结果: ['BH(0.05)']
2026-02-15 13:42:20,916 - INFO - tesseract alt3 结果: EamyA
2026-02-15 13:42:20,963 - INFO - easyocr alt4 结果: ['EwfA(0.20)']
2026-02-15 13:42:21,062 - INFO - tesseract alt4 结果: EangA
2026-02-15 13:42:21,127 - INFO - easyocr alt5 结果: ['E(0.04)']
2026-02-15 13:42:21,233 - INFO - tesseract alt5 结果: Ean
2026-02-15 13:42:21,234 - INFO - 最终验证码识别结果: EwfA (engine=easyocr_alt4, prob=0.20331338047981262)
2026-02-15 13:42:21,234 - INFO - 查找验证码输入框...
2026-02-15 13:42:21,241 - ERROR - 未找到验证码输入框
2026-02-15 13:42:21,241 - WARNING - 验证码填写失败
2026-02-15 13:42:21,241 - INFO - 开始填写登录表单...
2026-02-15 13:42:21,306 - INFO - 用户名填写完成
2026-02-15 13:42:21,372 - INFO - 密码填写完成
2026-02-15 13:42:21,372 - INFO - 验证码图片已保存到 /home/runner/work/nju_electric_monitor/nju_electric_monitor/src/../data/captcha_debug.png
2026-02-15 13:42:21,372 - INFO - 验证码识别尝试 21/30
2026-02-15 13:42:21,372 - INFO - 开始识别验证码...（easyocr + pytesseract）
2026-02-15 13:42:21,478 - INFO - easyocr 结果: ['FnfA(0.09)']
2026-02-15 13:42:21,580 - INFO - tesseract 结果: EamnyA
2026-02-15 13:42:21,609 - INFO - easyocr alt1 结果: []
2026-02-15 13:42:21,709 - INFO - tesseract alt1 结果: EamaA
2026-02-15 13:42:21,756 - INFO - easyocr alt2 结果: ['EUA(0.14)']
2026-02-15 13:42:21,854 - INFO - tesseract alt2 结果: EamagA
2026-02-15 13:42:22,009 - INFO - easyocr alt3 结果: ['BH(0.05)']
2026-02-15 13:42:22,121 - INFO - tesseract alt3 结果: EamyA
2026-02-15 13:42:22,169 - INFO - easyocr alt4 结果: ['EwfA(0.20)']
2026-02-15 13:42:22,276 - INFO - tesseract alt4 结果: EangA
2026-02-15 13:42:22,340 - INFO - easyocr alt5 结果: ['E(0.04)']
2026-02-15 13:42:22,442 - INFO - tesseract alt5 结果: Ean
2026-02-15 13:42:22,442 - INFO - 最终验证码识别结果: EwfA (engine=easyocr_alt4, prob=0.20331338047981262)
2026-02-15 13:42:22,442 - INFO - 查找验证码输入框...
2026-02-15 13:42:22,449 - ERROR - 未找到验证码输入框
2026-02-15 13:42:22,449 - WARNING - 验证码填写失败
2026-02-15 13:42:22,449 - INFO - 开始填写登录表单...
2026-02-15 13:42:22,513 - INFO - 用户名填写完成
2026-02-15 13:42:22,579 - INFO - 密码填写完成
2026-02-15 13:42:22,579 - INFO - 验证码图片已保存到 /home/runner/work/nju_electric_monitor/nju_electric_monitor/src/../data/captcha_debug.png
2026-02-15 13:42:22,579 - INFO - 验证码识别尝试 22/30
2026-02-15 13:42:22,579 - INFO - 开始识别验证码...（easyocr + pytesseract）
2026-02-15 13:42:22,679 - INFO - easyocr 结果: ['FnfA(0.09)']
2026-02-15 13:42:22,779 - INFO - tesseract 结果: EamnyA
2026-02-15 13:42:22,808 - INFO - easyocr alt1 结果: []
2026-02-15 13:42:22,913 - INFO - tesseract alt1 结果: EamaA
2026-02-15 13:42:22,961 - INFO - easyocr alt2 结果: ['EUA(0.14)']
2026-02-15 13:42:23,062 - INFO - tesseract alt2 结果: EamagA
2026-02-15 13:42:23,218 - INFO - easyocr alt3 结果: ['BH(0.05)']
2026-02-15 13:42:23,330 - INFO - tesseract alt3 结果: EamyA
2026-02-15 13:42:23,378 - INFO - easyocr alt4 结果: ['EwfA(0.20)']
2026-02-15 13:42:23,482 - INFO - tesseract alt4 结果: EangA
2026-02-15 13:42:23,556 - INFO - easyocr alt5 结果: ['E(0.04)']
2026-02-15 13:42:23,667 - INFO - tesseract alt5 结果: Ean
2026-02-15 13:42:23,667 - INFO - 最终验证码识别结果: EwfA (engine=easyocr_alt4, prob=0.20331338047981262)
2026-02-15 13:42:23,667 - INFO - 查找验证码输入框...
2026-02-15 13:42:23,674 - ERROR - 未找到验证码输入框
2026-02-15 13:42:23,675 - WARNING - 验证码填写失败
2026-02-15 13:42:23,675 - INFO - 开始填写登录表单...
2026-02-15 13:42:23,740 - INFO - 用户名填写完成
2026-02-15 13:42:23,805 - INFO - 密码填写完成
2026-02-15 13:42:23,806 - INFO - 验证码图片已保存到 /home/runner/work/nju_electric_monitor/nju_electric_monitor/src/../data/captcha_debug.png
2026-02-15 13:42:23,806 - INFO - 验证码识别尝试 23/30
2026-02-15 13:42:23,806 - INFO - 开始识别验证码...（easyocr + pytesseract）
2026-02-15 13:42:23,910 - INFO - easyocr 结果: ['FnfA(0.09)']
2026-02-15 13:42:24,010 - INFO - tesseract 结果: EamnyA
2026-02-15 13:42:24,038 - INFO - easyocr alt1 结果: []
2026-02-15 13:42:24,143 - INFO - tesseract alt1 结果: EamaA
2026-02-15 13:42:24,190 - INFO - easyocr alt2 结果: ['EUA(0.14)']
2026-02-15 13:42:24,292 - INFO - tesseract alt2 结果: EamagA
2026-02-15 13:42:24,449 - INFO - easyocr alt3 结果: ['BH(0.05)']
2026-02-15 13:42:24,561 - INFO - tesseract alt3 结果: EamyA
2026-02-15 13:42:24,608 - INFO - easyocr alt4 结果: ['EwfA(0.20)']
2026-02-15 13:42:24,710 - INFO - tesseract alt4 结果: EangA
2026-02-15 13:42:24,776 - INFO - easyocr alt5 结果: ['E(0.04)']
2026-02-15 13:42:24,876 - INFO - tesseract alt5 结果: Ean
2026-02-15 13:42:24,876 - INFO - 最终验证码识别结果: EwfA (engine=easyocr_alt4, prob=0.20331338047981262)
2026-02-15 13:42:24,876 - INFO - 查找验证码输入框...
2026-02-15 13:42:24,883 - ERROR - 未找到验证码输入框
2026-02-15 13:42:24,883 - WARNING - 验证码填写失败
2026-02-15 13:42:24,883 - INFO - 开始填写登录表单...
2026-02-15 13:42:24,948 - INFO - 用户名填写完成
2026-02-15 13:42:25,014 - INFO - 密码填写完成
2026-02-15 13:42:25,014 - INFO - 验证码图片已保存到 /home/runner/work/nju_electric_monitor/nju_electric_monitor/src/../data/captcha_debug.png
2026-02-15 13:42:25,014 - INFO - 验证码识别尝试 24/30
2026-02-15 13:42:25,014 - INFO - 开始识别验证码...（easyocr + pytesseract）
2026-02-15 13:42:25,110 - INFO - easyocr 结果: ['FnfA(0.09)']
2026-02-15 13:42:25,210 - INFO - tesseract 结果: EamnyA
2026-02-15 13:42:25,239 - INFO - easyocr alt1 结果: []
2026-02-15 13:42:25,340 - INFO - tesseract alt1 结果: EamaA
2026-02-15 13:42:25,387 - INFO - easyocr alt2 结果: ['EUA(0.14)']
2026-02-15 13:42:25,486 - INFO - tesseract alt2 结果: EamagA
2026-02-15 13:42:25,643 - INFO - easyocr alt3 结果: ['BH(0.05)']
2026-02-15 13:42:25,757 - INFO - tesseract alt3 结果: EamyA
2026-02-15 13:42:25,804 - INFO - easyocr alt4 结果: ['EwfA(0.20)']
2026-02-15 13:42:25,909 - INFO - tesseract alt4 结果: EangA
2026-02-15 13:42:25,976 - INFO - easyocr alt5 结果: ['E(0.04)']
2026-02-15 13:42:26,078 - INFO - tesseract alt5 结果: Ean
2026-02-15 13:42:26,078 - INFO - 最终验证码识别结果: EwfA (engine=easyocr_alt4, prob=0.20331338047981262)
2026-02-15 13:42:26,078 - INFO - 查找验证码输入框...
2026-02-15 13:42:26,086 - ERROR - 未找到验证码输入框
2026-02-15 13:42:26,086 - WARNING - 验证码填写失败
2026-02-15 13:42:26,086 - INFO - 开始填写登录表单...
2026-02-15 13:42:26,150 - INFO - 用户名填写完成
2026-02-15 13:42:26,215 - INFO - 密码填写完成
2026-02-15 13:42:26,216 - INFO - 验证码图片已保存到 /home/runner/work/nju_electric_monitor/nju_electric_monitor/src/../data/captcha_debug.png
2026-02-15 13:42:26,216 - INFO - 验证码识别尝试 25/30
2026-02-15 13:42:26,216 - INFO - 开始识别验证码...（easyocr + pytesseract）
2026-02-15 13:42:26,342 - INFO - easyocr 结果: ['FnfA(0.09)']
2026-02-15 13:42:26,443 - INFO - tesseract 结果: EamnyA
2026-02-15 13:42:26,472 - INFO - easyocr alt1 结果: []
2026-02-15 13:42:26,575 - INFO - tesseract alt1 结果: EamaA
2026-02-15 13:42:26,622 - INFO - easyocr alt2 结果: ['EUA(0.14)']
2026-02-15 13:42:26,727 - INFO - tesseract alt2 结果: EamagA
2026-02-15 13:42:26,882 - INFO - easyocr alt3 结果: ['BH(0.05)']
2026-02-15 13:42:26,993 - INFO - tesseract alt3 结果: EamyA
2026-02-15 13:42:27,039 - INFO - easyocr alt4 结果: ['EwfA(0.20)']
2026-02-15 13:42:27,142 - INFO - tesseract alt4 结果: EangA
2026-02-15 13:42:27,206 - INFO - easyocr alt5 结果: ['E(0.04)']
2026-02-15 13:42:27,307 - INFO - tesseract alt5 结果: Ean
2026-02-15 13:42:27,307 - INFO - 最终验证码识别结果: EwfA (engine=easyocr_alt4, prob=0.20331338047981262)
2026-02-15 13:42:27,307 - INFO - 查找验证码输入框...
2026-02-15 13:42:27,314 - ERROR - 未找到验证码输入框
2026-02-15 13:42:27,314 - WARNING - 验证码填写失败
2026-02-15 13:42:27,314 - INFO - 开始填写登录表单...
2026-02-15 13:42:27,378 - INFO - 用户名填写完成
2026-02-15 13:42:27,443 - INFO - 密码填写完成
2026-02-15 13:42:27,444 - INFO - 验证码图片已保存到 /home/runner/work/nju_electric_monitor/nju_electric_monitor/src/../data/captcha_debug.png
2026-02-15 13:42:27,444 - INFO - 验证码识别尝试 26/30
2026-02-15 13:42:27,444 - INFO - 开始识别验证码...（easyocr + pytesseract）
2026-02-15 13:42:27,539 - INFO - easyocr 结果: ['FnfA(0.09)']
2026-02-15 13:42:27,639 - INFO - tesseract 结果: EamnyA
2026-02-15 13:42:27,667 - INFO - easyocr alt1 结果: []
2026-02-15 13:42:27,767 - INFO - tesseract alt1 结果: EamaA
2026-02-15 13:42:27,813 - INFO - easyocr alt2 结果: ['EUA(0.14)']
2026-02-15 13:42:27,912 - INFO - tesseract alt2 结果: EamagA
2026-02-15 13:42:28,067 - INFO - easyocr alt3 结果: ['BH(0.05)']
2026-02-15 13:42:28,179 - INFO - tesseract alt3 结果: EamyA
2026-02-15 13:42:28,225 - INFO - easyocr alt4 结果: ['EwfA(0.20)']
2026-02-15 13:42:28,324 - INFO - tesseract alt4 结果: EangA
2026-02-15 13:42:28,388 - INFO - easyocr alt5 结果: ['E(0.04)']
2026-02-15 13:42:28,489 - INFO - tesseract alt5 结果: Ean
2026-02-15 13:42:28,489 - INFO - 最终验证码识别结果: EwfA (engine=easyocr_alt4, prob=0.20331338047981262)
2026-02-15 13:42:28,489 - INFO - 查找验证码输入框...
2026-02-15 13:42:28,496 - ERROR - 未找到验证码输入框
2026-02-15 13:42:28,496 - WARNING - 验证码填写失败
2026-02-15 13:42:28,496 - INFO - 开始填写登录表单...
2026-02-15 13:42:28,562 - INFO - 用户名填写完成
2026-02-15 13:42:28,629 - INFO - 密码填写完成
2026-02-15 13:42:28,630 - INFO - 验证码图片已保存到 /home/runner/work/nju_electric_monitor/nju_electric_monitor/src/../data/captcha_debug.png
2026-02-15 13:42:28,630 - INFO - 验证码识别尝试 27/30
2026-02-15 13:42:28,630 - INFO - 开始识别验证码...（easyocr + pytesseract）
2026-02-15 13:42:28,725 - INFO - easyocr 结果: ['FnfA(0.09)']
2026-02-15 13:42:28,824 - INFO - tesseract 结果: EamnyA
2026-02-15 13:42:28,852 - INFO - easyocr alt1 结果: []
2026-02-15 13:42:28,953 - INFO - tesseract alt1 结果: EamaA
2026-02-15 13:42:29,000 - INFO - easyocr alt2 结果: ['EUA(0.14)']
2026-02-15 13:42:29,098 - INFO - tesseract alt2 结果: EamagA
2026-02-15 13:42:29,254 - INFO - easyocr alt3 结果: ['BH(0.05)']
2026-02-15 13:42:29,365 - INFO - tesseract alt3 结果: EamyA
2026-02-15 13:42:29,411 - INFO - easyocr alt4 结果: ['EwfA(0.20)']
2026-02-15 13:42:29,513 - INFO - tesseract alt4 结果: EangA
2026-02-15 13:42:29,592 - INFO - easyocr alt5 结果: ['E(0.04)']
2026-02-15 13:42:29,691 - INFO - tesseract alt5 结果: Ean
2026-02-15 13:42:29,691 - INFO - 最终验证码识别结果: EwfA (engine=easyocr_alt4, prob=0.20331338047981262)
2026-02-15 13:42:29,691 - INFO - 查找验证码输入框...
2026-02-15 13:42:29,698 - ERROR - 未找到验证码输入框
2026-02-15 13:42:29,698 - WARNING - 验证码填写失败
2026-02-15 13:42:29,698 - INFO - 开始填写登录表单...
2026-02-15 13:42:29,763 - INFO - 用户名填写完成
2026-02-15 13:42:29,828 - INFO - 密码填写完成
2026-02-15 13:42:29,828 - INFO - 验证码图片已保存到 /home/runner/work/nju_electric_monitor/nju_electric_monitor/src/../data/captcha_debug.png
2026-02-15 13:42:29,828 - INFO - 验证码识别尝试 28/30
2026-02-15 13:42:29,829 - INFO - 开始识别验证码...（easyocr + pytesseract）
2026-02-15 13:42:29,922 - INFO - easyocr 结果: ['FnfA(0.09)']
2026-02-15 13:42:30,027 - INFO - tesseract 结果: EamnyA
2026-02-15 13:42:30,055 - INFO - easyocr alt1 结果: []
2026-02-15 13:42:30,158 - INFO - tesseract alt1 结果: EamaA
2026-02-15 13:42:30,204 - INFO - easyocr alt2 结果: ['EUA(0.14)']
2026-02-15 13:42:30,306 - INFO - tesseract alt2 结果: EamagA
2026-02-15 13:42:30,462 - INFO - easyocr alt3 结果: ['BH(0.05)']
2026-02-15 13:42:30,574 - INFO - tesseract alt3 结果: EamyA
2026-02-15 13:42:30,621 - INFO - easyocr alt4 结果: ['EwfA(0.20)']
2026-02-15 13:42:30,721 - INFO - tesseract alt4 结果: EangA
2026-02-15 13:42:30,785 - INFO - easyocr alt5 结果: ['E(0.04)']
2026-02-15 13:42:30,884 - INFO - tesseract alt5 结果: Ean
2026-02-15 13:42:30,884 - INFO - 最终验证码识别结果: EwfA (engine=easyocr_alt4, prob=0.20331338047981262)
2026-02-15 13:42:30,884 - INFO - 查找验证码输入框...
2026-02-15 13:42:30,891 - ERROR - 未找到验证码输入框
2026-02-15 13:42:30,891 - WARNING - 验证码填写失败
2026-02-15 13:42:30,891 - INFO - 开始填写登录表单...
2026-02-15 13:42:30,956 - INFO - 用户名填写完成
2026-02-15 13:42:31,022 - INFO - 密码填写完成
2026-02-15 13:42:31,022 - INFO - 验证码图片已保存到 /home/runner/work/nju_electric_monitor/nju_electric_monitor/src/../data/captcha_debug.png
2026-02-15 13:42:31,023 - INFO - 验证码识别尝试 29/30
2026-02-15 13:42:31,023 - INFO - 开始识别验证码...（easyocr + pytesseract）
2026-02-15 13:42:31,118 - INFO - easyocr 结果: ['FnfA(0.09)']
2026-02-15 13:42:31,224 - INFO - tesseract 结果: EamnyA
2026-02-15 13:42:31,253 - INFO - easyocr alt1 结果: []
2026-02-15 13:42:31,357 - INFO - tesseract alt1 结果: EamaA
2026-02-15 13:42:31,403 - INFO - easyocr alt2 结果: ['EUA(0.14)']
2026-02-15 13:42:31,500 - INFO - tesseract alt2 结果: EamagA
2026-02-15 13:42:31,656 - INFO - easyocr alt3 结果: ['BH(0.05)']
2026-02-15 13:42:31,771 - INFO - tesseract alt3 结果: EamyA
2026-02-15 13:42:31,824 - INFO - easyocr alt4 结果: ['EwfA(0.20)']
2026-02-15 13:42:31,924 - INFO - tesseract alt4 结果: EangA
2026-02-15 13:42:31,990 - INFO - easyocr alt5 结果: ['E(0.04)']
2026-02-15 13:42:32,093 - INFO - tesseract alt5 结果: Ean
2026-02-15 13:42:32,093 - INFO - 最终验证码识别结果: EwfA (engine=easyocr_alt4, prob=0.20331338047981262)
2026-02-15 13:42:32,093 - INFO - 查找验证码输入框...
2026-02-15 13:42:32,100 - ERROR - 未找到验证码输入框
2026-02-15 13:42:32,101 - WARNING - 验证码填写失败
2026-02-15 13:42:32,101 - INFO - 开始填写登录表单...
2026-02-15 13:42:32,165 - INFO - 用户名填写完成
2026-02-15 13:42:32,230 - INFO - 密码填写完成
2026-02-15 13:42:32,230 - INFO - 验证码图片已保存到 /home/runner/work/nju_electric_monitor/nju_electric_monitor/src/../data/captcha_debug.png
2026-02-15 13:42:32,230 - INFO - 验证码识别尝试 30/30
2026-02-15 13:42:32,230 - INFO - 开始识别验证码...（easyocr + pytesseract）
2026-02-15 13:42:32,325 - INFO - easyocr 结果: ['FnfA(0.09)']
2026-02-15 13:42:32,425 - INFO - tesseract 结果: EamnyA
2026-02-15 13:42:32,453 - INFO - easyocr alt1 结果: []
2026-02-15 13:42:32,554 - INFO - tesseract alt1 结果: EamaA
2026-02-15 13:42:32,601 - INFO - easyocr alt2 结果: ['EUA(0.14)']
2026-02-15 13:42:32,701 - INFO - tesseract alt2 结果: EamagA
2026-02-15 13:42:32,856 - INFO - easyocr alt3 结果: ['BH(0.05)']
2026-02-15 13:42:32,969 - INFO - tesseract alt3 结果: EamyA
2026-02-15 13:42:33,015 - INFO - easyocr alt4 结果: ['EwfA(0.20)']
2026-02-15 13:42:33,117 - INFO - tesseract alt4 结果: EangA
2026-02-15 13:42:33,182 - INFO - easyocr alt5 结果: ['E(0.04)']
2026-02-15 13:42:33,282 - INFO - tesseract alt5 结果: Ean
2026-02-15 13:42:33,283 - INFO - 最终验证码识别结果: EwfA (engine=easyocr_alt4, prob=0.20331338047981262)
2026-02-15 13:42:33,283 - INFO - 查找验证码输入框...
2026-02-15 13:42:33,290 - ERROR - 未找到验证码输入框
2026-02-15 13:42:33,290 - WARNING - 验证码填写失败
2026-02-15 13:42:33,290 - WARNING - 自动验证码识别失败，请手动输入
2026-02-15 13:42:33,290 - ERROR - 处理验证码时出错: EOF when reading a line
2026-02-15 13:42:33,290 - WARNING - 验证码处理失败，但继续尝试登录
2026-02-15 13:42:33,290 - INFO - 查找并点击登录按钮...
2026-02-15 13:42:33,298 - ERROR - 未找到登录按钮
2026-02-15 13:42:33,298 - ERROR - 点击登录按钮失败
2026-02-15 13:42:33,298 - INFO - 等待登录成功...
2026-02-15 13:42:38,303 - INFO - 登录可能成功，继续下一步...
2026-02-15 13:42:38,303 - INFO - 查找'去充值'按钮...
2026-02-15 13:42:38,312 - ERROR - 未找到'去充值'按钮
2026-02-15 13:42:38,312 - WARNING - 点击充值按钮失败，尝试直接提取数据
2026-02-15 13:42:38,312 - INFO - 开始提取剩余电量信息...
2026-02-15 13:42:38,321 - INFO - 页面源码已保存到 /home/runner/work/nju_electric_monitor/nju_electric_monitor/src/../data/debug_page_source.html
2026-02-15 13:42:38,330 - WARNING - 未找到电量信息元素，尝试其他方法...
2026-02-15 13:42:38,338 - WARNING - 未找到i标签中的电量信息，尝试其他方法...
2026-02-15 13:42:38,346 - INFO - 在页面源码中查找电量信息...
2026-02-15 13:42:38,358 - WARNING - 未能提取到剩余电量信息
2026-02-15 13:42:38,358 - WARNING - 没有电量数据可保存
2026-02-15 13:42:38,358 - INFO - 监控流程完成
