2025-12-28 13:27:11,678 - INFO - Matplotlib 字体设置：使用回退字体列表，首选可用字体: Noto Sans CJK JP
2025-12-28 13:27:13,149 - INFO - 使用 ChromeDriver: /usr/bin/chromedriver
2025-12-28 13:27:13,150 - WARNING - Using CPU. Note: This module is much faster with a GPU.
2025-12-28 13:27:14,744 - INFO - OCR识别器初始化成功
2025-12-28 13:27:14,744 - INFO - 开始南京大学电费监控流程（自动无头模式）
2025-12-28 13:27:14,744 - INFO - 正在打开页面: https://epay.nju.edu.cn/epay/h5/nju/electric/index
2025-12-28 13:27:30,061 - INFO - 等待登录表单加载...
2025-12-28 13:27:30,071 - INFO - 登录表单已加载
2025-12-28 13:27:30,071 - INFO - 开始填写登录表单...
2025-12-28 13:27:30,131 - INFO - 用户名填写完成
2025-12-28 13:27:30,197 - INFO - 密码填写完成
2025-12-28 13:27:30,197 - INFO - 检查是否有验证码...
2025-12-28 13:27:30,197 - INFO - 查找验证码图片...
2025-12-28 13:27:30,216 - INFO - 找到验证码图片，开始截图...
2025-12-28 13:27:30,277 - INFO - 验证码图片截取成功
2025-12-28 13:27:30,277 - INFO - 开始填写登录表单...
2025-12-28 13:27:30,343 - INFO - 用户名填写完成
2025-12-28 13:27:30,403 - INFO - 密码填写完成
2025-12-28 13:27:30,404 - INFO - 验证码图片已保存到 /home/runner/work/nju_electric_monitor/nju_electric_monitor/src/../data/captcha_debug.png
2025-12-28 13:27:30,404 - INFO - 验证码识别尝试 1/30
2025-12-28 13:27:30,404 - INFO - 开始识别验证码...（easyocr + pytesseract）
2025-12-28 13:27:30,528 - INFO - easyocr 结果: ['ZnPH(0.97)']
2025-12-28 13:27:30,687 - INFO - tesseract 结果: ZnPH
2025-12-28 13:27:30,751 - INFO - easyocr alt1 结果: ['ZnPH(0.93)']
2025-12-28 13:27:30,847 - INFO - tesseract alt1 结果: ZnPH
2025-12-28 13:27:30,906 - INFO - easyocr alt2 结果: ['ZnPH(0.53)']
2025-12-28 13:27:31,001 - INFO - tesseract alt2 结果: Z7nPH
2025-12-28 13:27:31,164 - INFO - easyocr alt3 结果: ['ZnPH(0.60)']
2025-12-28 13:27:31,269 - INFO - tesseract alt3 结果: ZnPH
2025-12-28 13:27:31,327 - INFO - easyocr alt4 结果: ['ZnPH(0.53)']
2025-12-28 13:27:31,417 - INFO - tesseract alt4 结果: 
2025-12-28 13:27:31,494 - INFO - easyocr alt5 结果: ['ZnP(0.01)']
2025-12-28 13:27:31,596 - INFO - tesseract alt5 结果: 7HPH
2025-12-28 13:27:31,596 - INFO - 最终验证码识别结果: ZnPH (engine=easyocr, prob=0.974559485912323)
2025-12-28 13:27:31,596 - INFO - 查找验证码输入框...
2025-12-28 13:27:31,656 - INFO - 验证码填写完成
2025-12-28 13:27:31,656 - INFO - 验证码填写完成，点击登录按钮...
2025-12-28 13:27:31,656 - INFO - 查找并点击登录按钮...
2025-12-28 13:27:35,960 - INFO - 已点击登录按钮
2025-12-28 13:27:42,971 - INFO - 未检测到无效验证码提示，验证码通过
2025-12-28 13:27:42,971 - INFO - 查找并点击登录按钮...
2025-12-28 13:27:42,976 - ERROR - 未找到登录按钮
2025-12-28 13:27:42,976 - ERROR - 点击登录按钮失败
2025-12-28 13:27:42,976 - INFO - 等待登录成功...
2025-12-28 13:27:47,981 - INFO - 登录可能成功，继续下一步...
2025-12-28 13:27:47,981 - INFO - 查找'去充值'按钮...
2025-12-28 13:27:49,770 - INFO - 已点击充值按钮
2025-12-28 13:27:52,771 - INFO - 开始提取剩余电量信息...
2025-12-28 13:27:52,775 - INFO - 页面源码已保存到 /home/runner/work/nju_electric_monitor/nju_electric_monitor/src/../data/debug_page_source.html
2025-12-28 13:27:52,793 - INFO - 找到电量信息元素: 持卡人姓名：***
2025-12-28 13:27:52,793 - WARNING - 未在元素中找到标准格式的电量信息
2025-12-28 13:27:52,805 - INFO - 找到i标签中的电量信息: ***
2025-12-28 13:27:52,806 - WARNING - i标签中未找到标准格式的电量信息
2025-12-28 13:27:52,806 - WARNING - 未找到i标签中的电量信息
2025-12-28 13:27:52,808 - INFO - 在页面源码中查找电量信息...
2025-12-28 13:27:52,809 - INFO - 从页面源码中提取到剩余电量: 212.15 度
2025-12-28 13:27:52,833 - INFO - 数据已保存: 212.15 度
2025-12-28 13:27:53,150 - INFO - 电量变化曲线图已保存到: /home/runner/work/nju_electric_monitor/nju_electric_monitor/src/../data/electricity_trend.png
2025-12-28 13:27:53,407 - INFO - 最近20次电量变化曲线图已保存到: /home/runner/work/nju_electric_monitor/nju_electric_monitor/src/../data/recent_20_changes.png
2025-12-28 13:27:53,407 - INFO - 监控流程完成
