2026-01-04 03:07:26,923 - INFO - Matplotlib 字体设置：使用回退字体列表，首选可用字体: Noto Sans CJK JP
2026-01-04 03:07:29,005 - INFO - 使用 ChromeDriver: /usr/bin/chromedriver
2026-01-04 03:07:29,005 - WARNING - Using CPU. Note: This module is much faster with a GPU.
2026-01-04 03:07:30,638 - INFO - OCR识别器初始化成功
2026-01-04 03:07:30,638 - INFO - 开始南京大学电费监控流程（自动无头模式）
2026-01-04 03:07:30,638 - INFO - 正在打开页面: https://epay.nju.edu.cn/epay/h5/nju/electric/index
2026-01-04 03:07:37,860 - INFO - 等待登录表单加载...
2026-01-04 03:07:37,871 - INFO - 登录表单已加载
2026-01-04 03:07:37,871 - INFO - 开始填写登录表单...
2026-01-04 03:07:37,936 - INFO - 用户名填写完成
2026-01-04 03:07:38,007 - INFO - 密码填写完成
2026-01-04 03:07:38,007 - INFO - 检查是否有验证码...
2026-01-04 03:07:38,007 - INFO - 查找验证码图片...
2026-01-04 03:07:38,026 - INFO - 找到验证码图片，开始截图...
2026-01-04 03:07:38,092 - INFO - 验证码图片截取成功
2026-01-04 03:07:38,092 - INFO - 开始填写登录表单...
2026-01-04 03:07:38,171 - INFO - 用户名填写完成
2026-01-04 03:07:38,233 - INFO - 密码填写完成
2026-01-04 03:07:38,234 - INFO - 验证码图片已保存到 /home/runner/work/nju_electric_monitor/nju_electric_monitor/src/../data/captcha_debug.png
2026-01-04 03:07:38,234 - INFO - 验证码识别尝试 1/30
2026-01-04 03:07:38,234 - INFO - 开始识别验证码...（easyocr + pytesseract）
2026-01-04 03:07:38,381 - INFO - easyocr 结果: ['A7hQ(0.90)']
2026-01-04 03:07:38,570 - INFO - tesseract 结果: A7hQ
2026-01-04 03:07:38,637 - INFO - easyocr alt1 结果: ['A7hQ(0.76)']
2026-01-04 03:07:38,736 - INFO - tesseract alt1 结果: A7HQ
2026-01-04 03:07:38,796 - INFO - easyocr alt2 结果: ['A7hQ(0.75)']
2026-01-04 03:07:38,894 - INFO - tesseract alt2 结果: A7HQ
2026-01-04 03:07:39,060 - INFO - easyocr alt3 结果: ['A7hQ(0.45)']
2026-01-04 03:07:39,170 - INFO - tesseract alt3 结果: A7HQ
2026-01-04 03:07:39,230 - INFO - easyocr alt4 结果: ['A7hQ(0.26)']
2026-01-04 03:07:39,327 - INFO - tesseract alt4 结果: A7HO
2026-01-04 03:07:39,388 - INFO - easyocr alt5 结果: ['A7hQ(0.52)']
2026-01-04 03:07:39,488 - INFO - tesseract alt5 结果: A7HQ
2026-01-04 03:07:39,488 - INFO - 最终验证码识别结果: A7hQ (engine=easyocr, prob=0.8972272276878357)
2026-01-04 03:07:39,488 - INFO - 查找验证码输入框...
2026-01-04 03:07:39,551 - INFO - 验证码填写完成
2026-01-04 03:07:39,551 - INFO - 验证码填写完成，点击登录按钮...
2026-01-04 03:07:39,551 - INFO - 查找并点击登录按钮...
2026-01-04 03:07:43,380 - INFO - 已点击登录按钮
2026-01-04 03:07:50,391 - INFO - 未检测到无效验证码提示，验证码通过
2026-01-04 03:07:50,391 - INFO - 查找并点击登录按钮...
2026-01-04 03:07:50,397 - ERROR - 未找到登录按钮
2026-01-04 03:07:50,397 - ERROR - 点击登录按钮失败
2026-01-04 03:07:50,397 - INFO - 等待登录成功...
2026-01-04 03:07:55,402 - INFO - 登录可能成功，继续下一步...
2026-01-04 03:07:55,402 - INFO - 查找'去充值'按钮...
2026-01-04 03:07:57,266 - INFO - 已点击充值按钮
2026-01-04 03:08:00,266 - INFO - 开始提取剩余电量信息...
2026-01-04 03:08:00,270 - INFO - 页面源码已保存到 /home/runner/work/nju_electric_monitor/nju_electric_monitor/src/../data/debug_page_source.html
2026-01-04 03:08:00,289 - INFO - 找到电量信息元素: 持卡人姓名：***
2026-01-04 03:08:00,290 - WARNING - 未在元素中找到标准格式的电量信息
2026-01-04 03:08:00,303 - INFO - 找到i标签中的电量信息: 吴相民
2026-01-04 03:08:00,304 - WARNING - i标签中未找到标准格式的电量信息
2026-01-04 03:08:00,304 - WARNING - 未找到i标签中的电量信息
2026-01-04 03:08:00,306 - INFO - 在页面源码中查找电量信息...
2026-01-04 03:08:00,307 - INFO - 从页面源码中提取到剩余电量: 179.14 度
2026-01-04 03:08:00,332 - INFO - 数据已保存: 179.14 度
2026-01-04 03:08:00,666 - INFO - 电量变化曲线图已保存到: /home/runner/work/nju_electric_monitor/nju_electric_monitor/src/../data/electricity_trend.png
2026-01-04 03:08:00,926 - INFO - 最近20次电量变化曲线图已保存到: /home/runner/work/nju_electric_monitor/nju_electric_monitor/src/../data/recent_20_changes.png
2026-01-04 03:08:00,926 - INFO - 监控流程完成
