2026-01-09 07:25:34,130 - INFO - Matplotlib 字体设置：使用回退字体列表，首选可用字体: Noto Sans CJK JP
2026-01-09 07:25:35,416 - INFO - 使用 ChromeDriver: /usr/bin/chromedriver
2026-01-09 07:25:35,417 - WARNING - Using CPU. Note: This module is much faster with a GPU.
2026-01-09 07:25:36,997 - INFO - OCR识别器初始化成功
2026-01-09 07:25:36,997 - INFO - 开始南京大学电费监控流程（自动无头模式）
2026-01-09 07:25:36,997 - INFO - 正在打开页面: https://epay.nju.edu.cn/epay/h5/nju/electric/index
2026-01-09 07:25:46,320 - INFO - 等待登录表单加载...
2026-01-09 07:25:46,330 - INFO - 登录表单已加载
2026-01-09 07:25:46,330 - INFO - 开始填写登录表单...
2026-01-09 07:25:46,391 - INFO - 用户名填写完成
2026-01-09 07:25:46,456 - INFO - 密码填写完成
2026-01-09 07:25:46,457 - INFO - 检查是否有验证码...
2026-01-09 07:25:46,457 - INFO - 查找验证码图片...
2026-01-09 07:25:46,475 - INFO - 找到验证码图片，开始截图...
2026-01-09 07:25:46,529 - INFO - 验证码图片截取成功
2026-01-09 07:25:46,529 - INFO - 开始填写登录表单...
2026-01-09 07:25:46,593 - INFO - 用户名填写完成
2026-01-09 07:25:46,652 - INFO - 密码填写完成
2026-01-09 07:25:46,653 - INFO - 验证码图片已保存到 /home/runner/work/nju_electric_monitor/nju_electric_monitor/src/../data/captcha_debug.png
2026-01-09 07:25:46,653 - INFO - 验证码识别尝试 1/30
2026-01-09 07:25:46,653 - INFO - 开始识别验证码...（easyocr + pytesseract）
2026-01-09 07:25:46,783 - INFO - easyocr 结果: ['KbyC(0.79)']
2026-01-09 07:25:46,944 - INFO - tesseract 结果: kbyC
2026-01-09 07:25:47,007 - INFO - easyocr alt1 结果: ['kbyC(0.52)']
2026-01-09 07:25:47,101 - INFO - tesseract alt1 结果: kbYC
2026-01-09 07:25:47,159 - INFO - easyocr alt2 结果: ['kbyC(0.58)']
2026-01-09 07:25:47,258 - INFO - tesseract alt2 结果: kbYC
2026-01-09 07:25:47,416 - INFO - easyocr alt3 结果: ['KbyC(0.68)']
2026-01-09 07:25:47,523 - INFO - tesseract alt3 结果: kbyYC
2026-01-09 07:25:47,582 - INFO - easyocr alt4 结果: ['khyC(0.75)']
2026-01-09 07:25:47,674 - INFO - tesseract alt4 结果: kbYC
2026-01-09 07:25:47,734 - INFO - easyocr alt5 结果: ['khyC(0.47)']
2026-01-09 07:25:47,827 - INFO - tesseract alt5 结果: kbYC
2026-01-09 07:25:47,827 - INFO - 最终验证码识别结果: KbyC (engine=easyocr, prob=0.7932004864642409)
2026-01-09 07:25:47,827 - INFO - 查找验证码输入框...
2026-01-09 07:25:47,886 - INFO - 验证码填写完成
2026-01-09 07:25:47,886 - INFO - 验证码填写完成，点击登录按钮...
2026-01-09 07:25:47,886 - INFO - 查找并点击登录按钮...
2026-01-09 07:25:52,010 - INFO - 已点击登录按钮
2026-01-09 07:25:59,021 - INFO - 未检测到无效验证码提示，验证码通过
2026-01-09 07:25:59,021 - INFO - 查找并点击登录按钮...
2026-01-09 07:25:59,026 - ERROR - 未找到登录按钮
2026-01-09 07:25:59,026 - ERROR - 点击登录按钮失败
2026-01-09 07:25:59,027 - INFO - 等待登录成功...
2026-01-09 07:26:04,031 - INFO - 登录可能成功，继续下一步...
2026-01-09 07:26:04,031 - INFO - 查找'去充值'按钮...
2026-01-09 07:26:05,524 - INFO - 已点击充值按钮
2026-01-09 07:26:08,524 - INFO - 开始提取剩余电量信息...
2026-01-09 07:26:08,528 - INFO - 页面源码已保存到 /home/runner/work/nju_electric_monitor/nju_electric_monitor/src/../data/debug_page_source.html
2026-01-09 07:26:08,546 - INFO - 找到电量信息元素: 持卡人姓名：***
2026-01-09 07:26:08,547 - WARNING - 未在元素中找到标准格式的电量信息
2026-01-09 07:26:08,559 - INFO - 找到i标签中的电量信息: 吴相民
2026-01-09 07:26:08,559 - WARNING - i标签中未找到标准格式的电量信息
2026-01-09 07:26:08,559 - WARNING - 未找到i标签中的电量信息
2026-01-09 07:26:08,562 - INFO - 在页面源码中查找电量信息...
2026-01-09 07:26:08,562 - INFO - 从页面源码中提取到剩余电量: 154.17 度
2026-01-09 07:26:08,587 - INFO - 数据已保存: 154.17 度
2026-01-09 07:26:08,920 - INFO - 电量变化曲线图已保存到: /home/runner/work/nju_electric_monitor/nju_electric_monitor/src/../data/electricity_trend.png
2026-01-09 07:26:09,158 - INFO - 最近20次电量变化曲线图已保存到: /home/runner/work/nju_electric_monitor/nju_electric_monitor/src/../data/recent_20_changes.png
2026-01-09 07:26:09,158 - INFO - 监控流程完成
