2026-02-07 13:40:12,793 - INFO - Matplotlib 字体设置：使用回退字体列表，首选可用字体: Noto Sans CJK JP
2026-02-07 13:40:14,297 - INFO - 使用 ChromeDriver: /usr/bin/chromedriver
2026-02-07 13:40:14,297 - WARNING - Using CPU. Note: This module is much faster with a GPU.
2026-02-07 13:40:15,808 - INFO - OCR识别器初始化成功
2026-02-07 13:40:15,809 - INFO - 开始南京大学电费监控流程（自动无头模式）
2026-02-07 13:40:15,809 - INFO - 正在打开页面: https://epay.nju.edu.cn/epay/h5/nju/electric/index
2026-02-07 13:41:36,685 - INFO - 等待登录表单加载...
2026-02-07 13:41:36,695 - INFO - 登录表单已加载
2026-02-07 13:41:36,695 - INFO - 开始填写登录表单...
2026-02-07 13:41:36,759 - INFO - 用户名填写完成
2026-02-07 13:41:36,827 - INFO - 密码填写完成
2026-02-07 13:41:36,827 - INFO - 检查是否有验证码...
2026-02-07 13:41:36,828 - INFO - 查找验证码图片...
2026-02-07 13:41:36,847 - INFO - 找到验证码图片，开始截图...
2026-02-07 13:41:36,909 - INFO - 验证码图片截取成功
2026-02-07 13:41:36,909 - INFO - 开始填写登录表单...
2026-02-07 13:41:36,976 - INFO - 用户名填写完成
2026-02-07 13:41:37,041 - INFO - 密码填写完成
2026-02-07 13:41:37,042 - INFO - 验证码图片已保存到 /home/runner/work/nju_electric_monitor/nju_electric_monitor/src/../data/captcha_debug.png
2026-02-07 13:41:37,042 - INFO - 验证码识别尝试 1/30
2026-02-07 13:41:37,042 - INFO - 开始识别验证码...（easyocr + pytesseract）
2026-02-07 13:41:37,168 - INFO - easyocr 结果: ['4nyk(0.55)']
2026-02-07 13:41:37,319 - INFO - tesseract 结果: 4nyk
2026-02-07 13:41:37,384 - INFO - easyocr alt1 结果: ['4nyk(0.95)']
2026-02-07 13:41:37,480 - INFO - tesseract alt1 结果: Anyk
2026-02-07 13:41:37,539 - INFO - easyocr alt2 结果: ['4nyk(0.96)']
2026-02-07 13:41:37,636 - INFO - tesseract alt2 结果: Anyk
2026-02-07 13:41:37,800 - INFO - easyocr alt3 结果: ['4nyk(0.62)']
2026-02-07 13:41:37,912 - INFO - tesseract alt3 结果: Anyk
2026-02-07 13:41:37,971 - INFO - easyocr alt4 结果: ['4nyk(0.98)']
2026-02-07 13:41:38,068 - INFO - tesseract alt4 结果: Anyk
2026-02-07 13:41:38,127 - INFO - easyocr alt5 结果: ['4nyk(0.92)']
2026-02-07 13:41:38,221 - INFO - tesseract alt5 结果: Anyk
2026-02-07 13:41:38,221 - INFO - 最终验证码识别结果: 4nyk (engine=easyocr_alt4, prob=0.9807226657867432)
2026-02-07 13:41:38,222 - INFO - 查找验证码输入框...
2026-02-07 13:41:38,281 - INFO - 验证码填写完成
2026-02-07 13:41:38,281 - INFO - 验证码填写完成，点击登录按钮...
2026-02-07 13:41:38,281 - INFO - 查找并点击登录按钮...
2026-02-07 13:41:46,157 - INFO - 已点击登录按钮
2026-02-07 13:41:53,167 - INFO - 未检测到无效验证码提示，验证码通过
2026-02-07 13:41:53,168 - INFO - 查找并点击登录按钮...
2026-02-07 13:41:53,173 - ERROR - 未找到登录按钮
2026-02-07 13:41:53,173 - ERROR - 点击登录按钮失败
2026-02-07 13:41:53,173 - INFO - 等待登录成功...
2026-02-07 13:41:58,178 - INFO - 登录可能成功，继续下一步...
2026-02-07 13:41:58,178 - INFO - 查找'去充值'按钮...
2026-02-07 13:42:05,259 - INFO - 已点击充值按钮
2026-02-07 13:42:08,259 - INFO - 开始提取剩余电量信息...
2026-02-07 13:42:08,263 - INFO - 页面源码已保存到 /home/runner/work/nju_electric_monitor/nju_electric_monitor/src/../data/debug_page_source.html
2026-02-07 13:42:08,282 - INFO - 找到电量信息元素: 持卡人姓名：***
2026-02-07 13:42:08,282 - WARNING - 未在元素中找到标准格式的电量信息
2026-02-07 13:42:08,296 - INFO - 找到i标签中的电量信息: 吴相民
2026-02-07 13:42:08,296 - WARNING - i标签中未找到标准格式的电量信息
2026-02-07 13:42:08,296 - WARNING - 未找到i标签中的电量信息
2026-02-07 13:42:08,299 - INFO - 在页面源码中查找电量信息...
2026-02-07 13:42:08,299 - INFO - 从页面源码中提取到剩余电量: 98.97 度
2026-02-07 13:42:08,313 - INFO - 数据已保存: 98.97 度
2026-02-07 13:42:08,598 - INFO - 电量变化曲线图已保存到: /home/runner/work/nju_electric_monitor/nju_electric_monitor/src/../data/electricity_trend.png
2026-02-07 13:42:08,874 - INFO - 最近20次电量变化曲线图已保存到: /home/runner/work/nju_electric_monitor/nju_electric_monitor/src/../data/recent_20_changes.png
2026-02-07 13:42:08,874 - INFO - 监控流程完成
