2026-01-26 03:12:36,873 - INFO - Matplotlib 字体设置：使用回退字体列表，首选可用字体: Noto Sans CJK JP
2026-01-26 03:12:38,897 - INFO - 使用 ChromeDriver: /usr/bin/chromedriver
2026-01-26 03:12:38,898 - WARNING - Using CPU. Note: This module is much faster with a GPU.
2026-01-26 03:12:40,382 - INFO - OCR识别器初始化成功
2026-01-26 03:12:40,382 - INFO - 开始南京大学电费监控流程（自动无头模式）
2026-01-26 03:12:40,382 - INFO - 正在打开页面: https://epay.nju.edu.cn/epay/h5/nju/electric/index
2026-01-26 03:12:49,332 - INFO - 等待登录表单加载...
2026-01-26 03:12:49,343 - INFO - 登录表单已加载
2026-01-26 03:12:49,343 - INFO - 开始填写登录表单...
2026-01-26 03:12:49,406 - INFO - 用户名填写完成
2026-01-26 03:12:49,475 - INFO - 密码填写完成
2026-01-26 03:12:49,475 - INFO - 检查是否有验证码...
2026-01-26 03:12:49,475 - INFO - 查找验证码图片...
2026-01-26 03:12:49,496 - INFO - 找到验证码图片，开始截图...
2026-01-26 03:12:49,550 - INFO - 验证码图片截取成功
2026-01-26 03:12:49,550 - INFO - 开始填写登录表单...
2026-01-26 03:12:49,615 - INFO - 用户名填写完成
2026-01-26 03:12:49,679 - INFO - 密码填写完成
2026-01-26 03:12:49,680 - INFO - 验证码图片已保存到 /home/runner/work/nju_electric_monitor/nju_electric_monitor/src/../data/captcha_debug.png
2026-01-26 03:12:49,680 - INFO - 验证码识别尝试 1/30
2026-01-26 03:12:49,680 - INFO - 开始识别验证码...（easyocr + pytesseract）
2026-01-26 03:12:49,827 - INFO - easyocr 结果: ['8Zx(0.29)']
2026-01-26 03:12:49,992 - INFO - tesseract 结果: ZxZ
2026-01-26 03:12:50,058 - INFO - easyocr alt1 结果: ['8ZxZ(0.26)']
2026-01-26 03:12:50,152 - INFO - tesseract alt1 结果: 8ZKZ
2026-01-26 03:12:50,213 - INFO - easyocr alt2 结果: ['8ZxZ(0.27)']
2026-01-26 03:12:50,309 - INFO - tesseract alt2 结果: 8ZKZ
2026-01-26 03:12:50,474 - INFO - easyocr alt3 结果: ['8Zx(0.22)']
2026-01-26 03:12:50,584 - INFO - tesseract alt3 结果: 8ZxzZ
2026-01-26 03:12:50,644 - INFO - easyocr alt4 结果: ['8ZXZ(0.59)']
2026-01-26 03:12:50,739 - INFO - tesseract alt4 结果: BZxZ
2026-01-26 03:12:50,798 - INFO - easyocr alt5 结果: ['8ZX2(0.23)']
2026-01-26 03:12:50,898 - INFO - tesseract alt5 结果: BZxZ
2026-01-26 03:12:50,898 - INFO - 最终验证码识别结果: 8ZXZ (engine=easyocr_alt4, prob=0.5918498635292053)
2026-01-26 03:12:50,899 - INFO - 查找验证码输入框...
2026-01-26 03:12:50,961 - INFO - 验证码填写完成
2026-01-26 03:12:50,961 - INFO - 验证码填写完成，点击登录按钮...
2026-01-26 03:12:50,961 - INFO - 查找并点击登录按钮...
2026-01-26 03:12:54,720 - INFO - 已点击登录按钮
2026-01-26 03:13:01,730 - INFO - 未检测到无效验证码提示，验证码通过
2026-01-26 03:13:01,730 - INFO - 查找并点击登录按钮...
2026-01-26 03:13:01,736 - ERROR - 未找到登录按钮
2026-01-26 03:13:01,736 - ERROR - 点击登录按钮失败
2026-01-26 03:13:01,736 - INFO - 等待登录成功...
2026-01-26 03:13:06,741 - INFO - 登录可能成功，继续下一步...
2026-01-26 03:13:06,741 - INFO - 查找'去充值'按钮...
2026-01-26 03:13:08,295 - INFO - 已点击充值按钮
2026-01-26 03:13:11,295 - INFO - 开始提取剩余电量信息...
2026-01-26 03:13:11,299 - INFO - 页面源码已保存到 /home/runner/work/nju_electric_monitor/nju_electric_monitor/src/../data/debug_page_source.html
2026-01-26 03:13:11,318 - INFO - 找到电量信息元素: 持卡人姓名：***
2026-01-26 03:13:11,319 - WARNING - 未在元素中找到标准格式的电量信息
2026-01-26 03:13:11,331 - INFO - 找到i标签中的电量信息: ***
2026-01-26 03:13:11,332 - WARNING - i标签中未找到标准格式的电量信息
2026-01-26 03:13:11,332 - WARNING - 未找到i标签中的电量信息
2026-01-26 03:13:11,334 - INFO - 在页面源码中查找电量信息...
2026-01-26 03:13:11,335 - INFO - 从页面源码中提取到剩余电量: 66.54 度
2026-01-26 03:13:11,353 - INFO - 数据已保存: 66.54 度
2026-01-26 03:13:11,647 - INFO - 电量变化曲线图已保存到: /home/runner/work/nju_electric_monitor/nju_electric_monitor/src/../data/electricity_trend.png
2026-01-26 03:13:11,951 - INFO - 最近20次电量变化曲线图已保存到: /home/runner/work/nju_electric_monitor/nju_electric_monitor/src/../data/recent_20_changes.png
2026-01-26 03:13:11,951 - INFO - 监控流程完成
