2026-01-08 13:37:14,731 - INFO - Matplotlib 字体设置：使用回退字体列表，首选可用字体: Noto Sans CJK JP
2026-01-08 13:37:16,784 - INFO - 使用 ChromeDriver: /usr/bin/chromedriver
2026-01-08 13:37:16,785 - WARNING - Using CPU. Note: This module is much faster with a GPU.
2026-01-08 13:37:18,405 - INFO - OCR识别器初始化成功
2026-01-08 13:37:18,405 - INFO - 开始南京大学电费监控流程（自动无头模式）
2026-01-08 13:37:18,405 - INFO - 正在打开页面: https://epay.nju.edu.cn/epay/h5/nju/electric/index
2026-01-08 13:37:27,959 - INFO - 等待登录表单加载...
2026-01-08 13:37:27,969 - INFO - 登录表单已加载
2026-01-08 13:37:27,969 - INFO - 开始填写登录表单...
2026-01-08 13:37:28,035 - INFO - 用户名填写完成
2026-01-08 13:37:28,106 - INFO - 密码填写完成
2026-01-08 13:37:28,106 - INFO - 检查是否有验证码...
2026-01-08 13:37:28,106 - INFO - 查找验证码图片...
2026-01-08 13:37:28,127 - INFO - 找到验证码图片，开始截图...
2026-01-08 13:37:28,188 - INFO - 验证码图片截取成功
2026-01-08 13:37:28,189 - INFO - 开始填写登录表单...
2026-01-08 13:37:28,257 - INFO - 用户名填写完成
2026-01-08 13:37:28,323 - INFO - 密码填写完成
2026-01-08 13:37:28,324 - INFO - 验证码图片已保存到 /home/runner/work/nju_electric_monitor/nju_electric_monitor/src/../data/captcha_debug.png
2026-01-08 13:37:28,324 - INFO - 验证码识别尝试 1/30
2026-01-08 13:37:28,324 - INFO - 开始识别验证码...（easyocr + pytesseract）
2026-01-08 13:37:28,452 - INFO - easyocr 结果: ['dcDb(0.48)']
2026-01-08 13:37:28,680 - INFO - tesseract 结果: dcpb
2026-01-08 13:37:28,746 - INFO - easyocr alt1 结果: ['dCDb(0.79)']
2026-01-08 13:37:28,839 - INFO - tesseract alt1 结果: acdb
2026-01-08 13:37:28,899 - INFO - easyocr alt2 结果: ['dCDb(0.84)']
2026-01-08 13:37:28,995 - INFO - tesseract alt2 结果: acdb
2026-01-08 13:37:29,158 - INFO - easyocr alt3 结果: ['dCDb(0.65)']
2026-01-08 13:37:29,273 - INFO - tesseract alt3 结果: dcpb
2026-01-08 13:37:29,339 - INFO - easyocr alt4 结果: ['dCDb(0.50)']
2026-01-08 13:37:29,435 - INFO - tesseract alt4 结果: aedb
2026-01-08 13:37:29,495 - INFO - easyocr alt5 结果: ['CCDb(0.35)']
2026-01-08 13:37:29,589 - INFO - tesseract alt5 结果: acdb
2026-01-08 13:37:29,589 - INFO - 最终验证码识别结果: dCDb (engine=easyocr_alt2, prob=0.8432249426841736)
2026-01-08 13:37:29,589 - INFO - 查找验证码输入框...
2026-01-08 13:37:29,650 - INFO - 验证码填写完成
2026-01-08 13:37:29,650 - INFO - 验证码填写完成，点击登录按钮...
2026-01-08 13:37:29,650 - INFO - 查找并点击登录按钮...
2026-01-08 13:37:33,593 - INFO - 已点击登录按钮
2026-01-08 13:37:40,603 - INFO - 未检测到无效验证码提示，验证码通过
2026-01-08 13:37:40,603 - INFO - 查找并点击登录按钮...
2026-01-08 13:37:40,609 - ERROR - 未找到登录按钮
2026-01-08 13:37:40,609 - ERROR - 点击登录按钮失败
2026-01-08 13:37:40,610 - INFO - 等待登录成功...
2026-01-08 13:37:45,614 - INFO - 登录可能成功，继续下一步...
2026-01-08 13:37:45,614 - INFO - 查找'去充值'按钮...
2026-01-08 13:37:47,300 - INFO - 已点击充值按钮
2026-01-08 13:37:50,300 - INFO - 开始提取剩余电量信息...
2026-01-08 13:37:50,304 - INFO - 页面源码已保存到 /home/runner/work/nju_electric_monitor/nju_electric_monitor/src/../data/debug_page_source.html
2026-01-08 13:37:50,323 - INFO - 找到电量信息元素: 持卡人姓名：***
2026-01-08 13:37:50,323 - WARNING - 未在元素中找到标准格式的电量信息
2026-01-08 13:37:50,338 - INFO - 找到i标签中的电量信息: 吴相民
2026-01-08 13:37:50,339 - WARNING - i标签中未找到标准格式的电量信息
2026-01-08 13:37:50,339 - WARNING - 未找到i标签中的电量信息
2026-01-08 13:37:50,342 - INFO - 在页面源码中查找电量信息...
2026-01-08 13:37:50,342 - INFO - 从页面源码中提取到剩余电量: 159.99 度
2026-01-08 13:37:50,369 - INFO - 数据已保存: 159.99 度
2026-01-08 13:37:50,720 - INFO - 电量变化曲线图已保存到: /home/runner/work/nju_electric_monitor/nju_electric_monitor/src/../data/electricity_trend.png
2026-01-08 13:37:50,987 - INFO - 最近20次电量变化曲线图已保存到: /home/runner/work/nju_electric_monitor/nju_electric_monitor/src/../data/recent_20_changes.png
2026-01-08 13:37:50,987 - INFO - 监控流程完成
