2025-11-30 04:14:15,602 - INFO - 使用 ChromeDriver: /usr/bin/chromedriver
2025-11-30 04:14:15,603 - WARNING - Using CPU. Note: This module is much faster with a GPU.
2025-11-30 04:14:17,177 - INFO - OCR识别器初始化成功
2025-11-30 04:14:17,177 - INFO - 开始南京大学电费监控流程（自动无头模式）
2025-11-30 04:14:17,177 - INFO - 正在打开页面: https://epay.nju.edu.cn/epay/h5/nju/electric/index
2025-11-30 04:14:29,325 - INFO - 等待登录表单加载...
2025-11-30 04:14:29,335 - INFO - 登录表单已加载
2025-11-30 04:14:29,335 - INFO - 开始填写登录表单...
2025-11-30 04:14:29,397 - INFO - 用户名填写完成
2025-11-30 04:14:29,464 - INFO - 密码填写完成
2025-11-30 04:14:29,464 - INFO - 检查是否有验证码...
2025-11-30 04:14:29,464 - INFO - 查找验证码图片...
2025-11-30 04:14:29,483 - INFO - 找到验证码图片，开始截图...
2025-11-30 04:14:29,527 - INFO - 验证码图片截取成功
2025-11-30 04:14:29,527 - INFO - 开始填写登录表单...
2025-11-30 04:14:29,592 - INFO - 用户名填写完成
2025-11-30 04:14:29,652 - INFO - 密码填写完成
2025-11-30 04:14:29,653 - INFO - 验证码图片已保存到 /home/runner/work/nju_electric_monitor/nju_electric_monitor/src/../data/captcha_debug.png
2025-11-30 04:14:29,653 - INFO - 验证码识别尝试 1/50
2025-11-30 04:14:29,653 - INFO - 开始识别验证码...
2025-11-30 04:14:29,794 - WARNING - 验证码识别结果为空
2025-11-30 04:14:29,794 - INFO - 尝试不同的图像处理参数...
2025-11-30 04:14:30,036 - INFO - 方法4识别结果长度不为4，自动重试。实际结果: CQX
2025-11-30 04:14:30,113 - INFO - 方法5识别结果长度不为4，自动重试。实际结果: 
2025-11-30 04:14:30,172 - INFO - 方法6识别结果长度不为4，自动重试。实际结果: 
2025-11-30 04:14:30,172 - WARNING - 所有识别方法都失败了
2025-11-30 04:14:30,172 - WARNING - 验证码识别失败，尝试 1
2025-11-30 04:14:30,172 - INFO - 开始填写登录表单...
2025-11-30 04:14:30,237 - INFO - 用户名填写完成
2025-11-30 04:14:30,297 - INFO - 密码填写完成
2025-11-30 04:14:30,297 - INFO - 验证码图片已保存到 /home/runner/work/nju_electric_monitor/nju_electric_monitor/src/../data/captcha_debug.png
2025-11-30 04:14:30,297 - INFO - 验证码识别尝试 2/50
2025-11-30 04:14:30,297 - INFO - 开始识别验证码...
2025-11-30 04:14:30,394 - WARNING - 验证码识别结果为空
2025-11-30 04:14:30,394 - INFO - 尝试不同的图像处理参数...
2025-11-30 04:14:30,623 - INFO - 方法4识别结果长度不为4，自动重试。实际结果: CQX
2025-11-30 04:14:30,699 - INFO - 方法5识别结果长度不为4，自动重试。实际结果: 
2025-11-30 04:14:30,757 - INFO - 方法6识别结果长度不为4，自动重试。实际结果: 
2025-11-30 04:14:30,757 - WARNING - 所有识别方法都失败了
2025-11-30 04:14:30,757 - WARNING - 验证码识别失败，尝试 2
2025-11-30 04:14:30,757 - INFO - 开始填写登录表单...
2025-11-30 04:14:30,820 - INFO - 用户名填写完成
2025-11-30 04:14:30,881 - INFO - 密码填写完成
2025-11-30 04:14:30,881 - INFO - 验证码图片已保存到 /home/runner/work/nju_electric_monitor/nju_electric_monitor/src/../data/captcha_debug.png
2025-11-30 04:14:30,881 - INFO - 验证码识别尝试 3/50
2025-11-30 04:14:30,881 - INFO - 开始识别验证码...
2025-11-30 04:14:30,979 - WARNING - 验证码识别结果为空
2025-11-30 04:14:30,979 - INFO - 尝试不同的图像处理参数...
2025-11-30 04:14:31,210 - INFO - 方法4识别结果长度不为4，自动重试。实际结果: CQX
2025-11-30 04:14:31,285 - INFO - 方法5识别结果长度不为4，自动重试。实际结果: 
2025-11-30 04:14:31,344 - INFO - 方法6识别结果长度不为4，自动重试。实际结果: 
2025-11-30 04:14:31,344 - WARNING - 所有识别方法都失败了
2025-11-30 04:14:31,344 - WARNING - 验证码识别失败，尝试 3
2025-11-30 04:14:31,344 - INFO - 开始填写登录表单...
2025-11-30 04:14:31,406 - INFO - 用户名填写完成
2025-11-30 04:14:31,464 - INFO - 密码填写完成
2025-11-30 04:14:31,465 - INFO - 验证码图片已保存到 /home/runner/work/nju_electric_monitor/nju_electric_monitor/src/../data/captcha_debug.png
2025-11-30 04:14:31,465 - INFO - 验证码识别尝试 4/50
2025-11-30 04:14:31,465 - INFO - 开始识别验证码...
2025-11-30 04:14:31,562 - WARNING - 验证码识别结果为空
2025-11-30 04:14:31,562 - INFO - 尝试不同的图像处理参数...
2025-11-30 04:14:31,791 - INFO - 方法4识别结果长度不为4，自动重试。实际结果: CQX
2025-11-30 04:14:31,867 - INFO - 方法5识别结果长度不为4，自动重试。实际结果: 
2025-11-30 04:14:31,925 - INFO - 方法6识别结果长度不为4，自动重试。实际结果: 
2025-11-30 04:14:31,925 - WARNING - 所有识别方法都失败了
2025-11-30 04:14:31,925 - WARNING - 验证码识别失败，尝试 4
2025-11-30 04:14:31,926 - INFO - 开始填写登录表单...
2025-11-30 04:14:31,987 - INFO - 用户名填写完成
2025-11-30 04:14:32,047 - INFO - 密码填写完成
2025-11-30 04:14:32,047 - INFO - 验证码图片已保存到 /home/runner/work/nju_electric_monitor/nju_electric_monitor/src/../data/captcha_debug.png
2025-11-30 04:14:32,047 - INFO - 验证码识别尝试 5/50
2025-11-30 04:14:32,047 - INFO - 开始识别验证码...
2025-11-30 04:14:32,143 - WARNING - 验证码识别结果为空
2025-11-30 04:14:32,143 - INFO - 尝试不同的图像处理参数...
2025-11-30 04:14:32,372 - INFO - 方法4识别结果长度不为4，自动重试。实际结果: CQX
2025-11-30 04:14:32,448 - INFO - 方法5识别结果长度不为4，自动重试。实际结果: 
2025-11-30 04:14:32,506 - INFO - 方法6识别结果长度不为4，自动重试。实际结果: 
2025-11-30 04:14:32,506 - WARNING - 所有识别方法都失败了
2025-11-30 04:14:32,506 - WARNING - 验证码识别失败，尝试 5
2025-11-30 04:14:32,506 - INFO - 开始填写登录表单...
2025-11-30 04:14:32,567 - INFO - 用户名填写完成
2025-11-30 04:14:32,626 - INFO - 密码填写完成
2025-11-30 04:14:32,627 - INFO - 验证码图片已保存到 /home/runner/work/nju_electric_monitor/nju_electric_monitor/src/../data/captcha_debug.png
2025-11-30 04:14:32,627 - INFO - 验证码识别尝试 6/50
2025-11-30 04:14:32,627 - INFO - 开始识别验证码...
2025-11-30 04:14:32,724 - WARNING - 验证码识别结果为空
2025-11-30 04:14:32,724 - INFO - 尝试不同的图像处理参数...
2025-11-30 04:14:32,952 - INFO - 方法4识别结果长度不为4，自动重试。实际结果: CQX
2025-11-30 04:14:33,028 - INFO - 方法5识别结果长度不为4，自动重试。实际结果: 
2025-11-30 04:14:33,087 - INFO - 方法6识别结果长度不为4，自动重试。实际结果: 
2025-11-30 04:14:33,087 - WARNING - 所有识别方法都失败了
2025-11-30 04:14:33,087 - WARNING - 验证码识别失败，尝试 6
2025-11-30 04:14:33,087 - INFO - 开始填写登录表单...
2025-11-30 04:14:33,148 - INFO - 用户名填写完成
2025-11-30 04:14:33,213 - INFO - 密码填写完成
2025-11-30 04:14:33,214 - INFO - 验证码图片已保存到 /home/runner/work/nju_electric_monitor/nju_electric_monitor/src/../data/captcha_debug.png
2025-11-30 04:14:33,214 - INFO - 验证码识别尝试 7/50
2025-11-30 04:14:33,214 - INFO - 开始识别验证码...
2025-11-30 04:14:33,320 - WARNING - 验证码识别结果为空
2025-11-30 04:14:33,320 - INFO - 尝试不同的图像处理参数...
2025-11-30 04:14:33,550 - INFO - 方法4识别结果长度不为4，自动重试。实际结果: CQX
2025-11-30 04:14:33,628 - INFO - 方法5识别结果长度不为4，自动重试。实际结果: 
2025-11-30 04:14:33,687 - INFO - 方法6识别结果长度不为4，自动重试。实际结果: 
2025-11-30 04:14:33,687 - WARNING - 所有识别方法都失败了
2025-11-30 04:14:33,687 - WARNING - 验证码识别失败，尝试 7
2025-11-30 04:14:33,687 - INFO - 开始填写登录表单...
2025-11-30 04:14:33,748 - INFO - 用户名填写完成
2025-11-30 04:14:33,807 - INFO - 密码填写完成
2025-11-30 04:14:33,807 - INFO - 验证码图片已保存到 /home/runner/work/nju_electric_monitor/nju_electric_monitor/src/../data/captcha_debug.png
2025-11-30 04:14:33,808 - INFO - 验证码识别尝试 8/50
2025-11-30 04:14:33,808 - INFO - 开始识别验证码...
2025-11-30 04:14:33,916 - WARNING - 验证码识别结果为空
2025-11-30 04:14:33,916 - INFO - 尝试不同的图像处理参数...
2025-11-30 04:14:34,144 - INFO - 方法4识别结果长度不为4，自动重试。实际结果: CQX
2025-11-30 04:14:34,221 - INFO - 方法5识别结果长度不为4，自动重试。实际结果: 
2025-11-30 04:14:34,279 - INFO - 方法6识别结果长度不为4，自动重试。实际结果: 
2025-11-30 04:14:34,279 - WARNING - 所有识别方法都失败了
2025-11-30 04:14:34,279 - WARNING - 验证码识别失败，尝试 8
2025-11-30 04:14:34,279 - INFO - 开始填写登录表单...
2025-11-30 04:14:34,339 - INFO - 用户名填写完成
2025-11-30 04:14:34,398 - INFO - 密码填写完成
2025-11-30 04:14:34,399 - INFO - 验证码图片已保存到 /home/runner/work/nju_electric_monitor/nju_electric_monitor/src/../data/captcha_debug.png
2025-11-30 04:14:34,399 - INFO - 验证码识别尝试 9/50
2025-11-30 04:14:34,399 - INFO - 开始识别验证码...
2025-11-30 04:14:34,496 - WARNING - 验证码识别结果为空
2025-11-30 04:14:34,496 - INFO - 尝试不同的图像处理参数...
2025-11-30 04:14:34,724 - INFO - 方法4识别结果长度不为4，自动重试。实际结果: CQX
2025-11-30 04:14:34,800 - INFO - 方法5识别结果长度不为4，自动重试。实际结果: 
2025-11-30 04:14:34,858 - INFO - 方法6识别结果长度不为4，自动重试。实际结果: 
2025-11-30 04:14:34,858 - WARNING - 所有识别方法都失败了
2025-11-30 04:14:34,858 - WARNING - 验证码识别失败，尝试 9
2025-11-30 04:14:34,858 - INFO - 开始填写登录表单...
2025-11-30 04:14:34,919 - INFO - 用户名填写完成
2025-11-30 04:14:34,979 - INFO - 密码填写完成
2025-11-30 04:14:34,979 - INFO - 验证码图片已保存到 /home/runner/work/nju_electric_monitor/nju_electric_monitor/src/../data/captcha_debug.png
2025-11-30 04:14:34,979 - INFO - 验证码识别尝试 10/50
2025-11-30 04:14:34,979 - INFO - 开始识别验证码...
2025-11-30 04:14:35,078 - WARNING - 验证码识别结果为空
2025-11-30 04:14:35,078 - INFO - 尝试不同的图像处理参数...
2025-11-30 04:14:35,312 - INFO - 方法4识别结果长度不为4，自动重试。实际结果: CQX
2025-11-30 04:14:35,395 - INFO - 方法5识别结果长度不为4，自动重试。实际结果: 
2025-11-30 04:14:35,453 - INFO - 方法6识别结果长度不为4，自动重试。实际结果: 
2025-11-30 04:14:35,453 - WARNING - 所有识别方法都失败了
2025-11-30 04:14:35,453 - WARNING - 验证码识别失败，尝试 10
2025-11-30 04:14:35,453 - INFO - 开始填写登录表单...
2025-11-30 04:14:35,514 - INFO - 用户名填写完成
2025-11-30 04:14:35,573 - INFO - 密码填写完成
2025-11-30 04:14:35,574 - INFO - 验证码图片已保存到 /home/runner/work/nju_electric_monitor/nju_electric_monitor/src/../data/captcha_debug.png
2025-11-30 04:14:35,574 - INFO - 验证码识别尝试 11/50
2025-11-30 04:14:35,574 - INFO - 开始识别验证码...
2025-11-30 04:14:35,685 - WARNING - 验证码识别结果为空
2025-11-30 04:14:35,685 - INFO - 尝试不同的图像处理参数...
2025-11-30 04:14:35,914 - INFO - 方法4识别结果长度不为4，自动重试。实际结果: CQX
2025-11-30 04:14:35,991 - INFO - 方法5识别结果长度不为4，自动重试。实际结果: 
2025-11-30 04:14:36,049 - INFO - 方法6识别结果长度不为4，自动重试。实际结果: 
2025-11-30 04:14:36,049 - WARNING - 所有识别方法都失败了
2025-11-30 04:14:36,049 - WARNING - 验证码识别失败，尝试 11
2025-11-30 04:14:36,049 - INFO - 开始填写登录表单...
2025-11-30 04:14:36,110 - INFO - 用户名填写完成
2025-11-30 04:14:36,171 - INFO - 密码填写完成
2025-11-30 04:14:36,172 - INFO - 验证码图片已保存到 /home/runner/work/nju_electric_monitor/nju_electric_monitor/src/../data/captcha_debug.png
2025-11-30 04:14:36,172 - INFO - 验证码识别尝试 12/50
2025-11-30 04:14:36,172 - INFO - 开始识别验证码...
2025-11-30 04:14:36,268 - WARNING - 验证码识别结果为空
2025-11-30 04:14:36,268 - INFO - 尝试不同的图像处理参数...
2025-11-30 04:14:36,497 - INFO - 方法4识别结果长度不为4，自动重试。实际结果: CQX
2025-11-30 04:14:36,573 - INFO - 方法5识别结果长度不为4，自动重试。实际结果: 
2025-11-30 04:14:36,632 - INFO - 方法6识别结果长度不为4，自动重试。实际结果: 
2025-11-30 04:14:36,632 - WARNING - 所有识别方法都失败了
2025-11-30 04:14:36,632 - WARNING - 验证码识别失败，尝试 12
2025-11-30 04:14:36,632 - INFO - 开始填写登录表单...
2025-11-30 04:14:36,693 - INFO - 用户名填写完成
2025-11-30 04:14:36,753 - INFO - 密码填写完成
2025-11-30 04:14:36,754 - INFO - 验证码图片已保存到 /home/runner/work/nju_electric_monitor/nju_electric_monitor/src/../data/captcha_debug.png
2025-11-30 04:14:36,754 - INFO - 验证码识别尝试 13/50
2025-11-30 04:14:36,754 - INFO - 开始识别验证码...
2025-11-30 04:14:36,856 - WARNING - 验证码识别结果为空
2025-11-30 04:14:36,856 - INFO - 尝试不同的图像处理参数...
2025-11-30 04:14:37,085 - INFO - 方法4识别结果长度不为4，自动重试。实际结果: CQX
2025-11-30 04:14:37,161 - INFO - 方法5识别结果长度不为4，自动重试。实际结果: 
2025-11-30 04:14:37,220 - INFO - 方法6识别结果长度不为4，自动重试。实际结果: 
2025-11-30 04:14:37,220 - WARNING - 所有识别方法都失败了
2025-11-30 04:14:37,220 - WARNING - 验证码识别失败，尝试 13
2025-11-30 04:14:37,220 - INFO - 开始填写登录表单...
2025-11-30 04:14:37,286 - INFO - 用户名填写完成
2025-11-30 04:14:37,346 - INFO - 密码填写完成
2025-11-30 04:14:37,346 - INFO - 验证码图片已保存到 /home/runner/work/nju_electric_monitor/nju_electric_monitor/src/../data/captcha_debug.png
2025-11-30 04:14:37,346 - INFO - 验证码识别尝试 14/50
2025-11-30 04:14:37,346 - INFO - 开始识别验证码...
2025-11-30 04:14:37,453 - WARNING - 验证码识别结果为空
2025-11-30 04:14:37,453 - INFO - 尝试不同的图像处理参数...
2025-11-30 04:14:37,683 - INFO - 方法4识别结果长度不为4，自动重试。实际结果: CQX
2025-11-30 04:14:37,760 - INFO - 方法5识别结果长度不为4，自动重试。实际结果: 
2025-11-30 04:14:37,818 - INFO - 方法6识别结果长度不为4，自动重试。实际结果: 
2025-11-30 04:14:37,818 - WARNING - 所有识别方法都失败了
2025-11-30 04:14:37,818 - WARNING - 验证码识别失败，尝试 14
2025-11-30 04:14:37,818 - INFO - 开始填写登录表单...
2025-11-30 04:14:37,880 - INFO - 用户名填写完成
2025-11-30 04:14:37,940 - INFO - 密码填写完成
2025-11-30 04:14:37,941 - INFO - 验证码图片已保存到 /home/runner/work/nju_electric_monitor/nju_electric_monitor/src/../data/captcha_debug.png
2025-11-30 04:14:37,941 - INFO - 验证码识别尝试 15/50
2025-11-30 04:14:37,941 - INFO - 开始识别验证码...
2025-11-30 04:14:38,037 - WARNING - 验证码识别结果为空
2025-11-30 04:14:38,037 - INFO - 尝试不同的图像处理参数...
2025-11-30 04:14:38,266 - INFO - 方法4识别结果长度不为4，自动重试。实际结果: CQX
2025-11-30 04:14:38,343 - INFO - 方法5识别结果长度不为4，自动重试。实际结果: 
2025-11-30 04:14:38,412 - INFO - 方法6识别结果长度不为4，自动重试。实际结果: 
2025-11-30 04:14:38,413 - WARNING - 所有识别方法都失败了
2025-11-30 04:14:38,413 - WARNING - 验证码识别失败，尝试 15
2025-11-30 04:14:38,413 - INFO - 开始填写登录表单...
2025-11-30 04:14:38,474 - INFO - 用户名填写完成
2025-11-30 04:14:38,534 - INFO - 密码填写完成
2025-11-30 04:14:38,535 - INFO - 验证码图片已保存到 /home/runner/work/nju_electric_monitor/nju_electric_monitor/src/../data/captcha_debug.png
2025-11-30 04:14:38,535 - INFO - 验证码识别尝试 16/50
2025-11-30 04:14:38,535 - INFO - 开始识别验证码...
2025-11-30 04:14:38,632 - WARNING - 验证码识别结果为空
2025-11-30 04:14:38,632 - INFO - 尝试不同的图像处理参数...
2025-11-30 04:14:38,862 - INFO - 方法4识别结果长度不为4，自动重试。实际结果: CQX
2025-11-30 04:14:38,939 - INFO - 方法5识别结果长度不为4，自动重试。实际结果: 
2025-11-30 04:14:38,998 - INFO - 方法6识别结果长度不为4，自动重试。实际结果: 
2025-11-30 04:14:38,998 - WARNING - 所有识别方法都失败了
2025-11-30 04:14:38,998 - WARNING - 验证码识别失败，尝试 16
2025-11-30 04:14:38,998 - INFO - 开始填写登录表单...
2025-11-30 04:14:39,061 - INFO - 用户名填写完成
2025-11-30 04:14:39,123 - INFO - 密码填写完成
2025-11-30 04:14:39,123 - INFO - 验证码图片已保存到 /home/runner/work/nju_electric_monitor/nju_electric_monitor/src/../data/captcha_debug.png
2025-11-30 04:14:39,124 - INFO - 验证码识别尝试 17/50
2025-11-30 04:14:39,124 - INFO - 开始识别验证码...
2025-11-30 04:14:39,232 - WARNING - 验证码识别结果为空
2025-11-30 04:14:39,232 - INFO - 尝试不同的图像处理参数...
2025-11-30 04:14:39,461 - INFO - 方法4识别结果长度不为4，自动重试。实际结果: CQX
2025-11-30 04:14:39,538 - INFO - 方法5识别结果长度不为4，自动重试。实际结果: 
2025-11-30 04:14:39,597 - INFO - 方法6识别结果长度不为4，自动重试。实际结果: 
2025-11-30 04:14:39,597 - WARNING - 所有识别方法都失败了
2025-11-30 04:14:39,597 - WARNING - 验证码识别失败，尝试 17
2025-11-30 04:14:39,597 - INFO - 开始填写登录表单...
2025-11-30 04:14:39,660 - INFO - 用户名填写完成
2025-11-30 04:14:39,721 - INFO - 密码填写完成
2025-11-30 04:14:39,722 - INFO - 验证码图片已保存到 /home/runner/work/nju_electric_monitor/nju_electric_monitor/src/../data/captcha_debug.png
2025-11-30 04:14:39,722 - INFO - 验证码识别尝试 18/50
2025-11-30 04:14:39,722 - INFO - 开始识别验证码...
2025-11-30 04:14:39,818 - WARNING - 验证码识别结果为空
2025-11-30 04:14:39,818 - INFO - 尝试不同的图像处理参数...
2025-11-30 04:14:40,048 - INFO - 方法4识别结果长度不为4，自动重试。实际结果: CQX
2025-11-30 04:14:40,125 - INFO - 方法5识别结果长度不为4，自动重试。实际结果: 
2025-11-30 04:14:40,183 - INFO - 方法6识别结果长度不为4，自动重试。实际结果: 
2025-11-30 04:14:40,183 - WARNING - 所有识别方法都失败了
2025-11-30 04:14:40,183 - WARNING - 验证码识别失败，尝试 18
2025-11-30 04:14:40,183 - INFO - 开始填写登录表单...
2025-11-30 04:14:40,245 - INFO - 用户名填写完成
2025-11-30 04:14:40,305 - INFO - 密码填写完成
2025-11-30 04:14:40,306 - INFO - 验证码图片已保存到 /home/runner/work/nju_electric_monitor/nju_electric_monitor/src/../data/captcha_debug.png
2025-11-30 04:14:40,306 - INFO - 验证码识别尝试 19/50
2025-11-30 04:14:40,306 - INFO - 开始识别验证码...
2025-11-30 04:14:40,408 - WARNING - 验证码识别结果为空
2025-11-30 04:14:40,408 - INFO - 尝试不同的图像处理参数...
2025-11-30 04:14:40,651 - INFO - 方法4识别结果长度不为4，自动重试。实际结果: CQX
2025-11-30 04:14:40,727 - INFO - 方法5识别结果长度不为4，自动重试。实际结果: 
2025-11-30 04:14:40,786 - INFO - 方法6识别结果长度不为4，自动重试。实际结果: 
2025-11-30 04:14:40,786 - WARNING - 所有识别方法都失败了
2025-11-30 04:14:40,787 - WARNING - 验证码识别失败，尝试 19
2025-11-30 04:14:40,787 - INFO - 开始填写登录表单...
2025-11-30 04:14:40,848 - INFO - 用户名填写完成
2025-11-30 04:14:40,910 - INFO - 密码填写完成
2025-11-30 04:14:40,911 - INFO - 验证码图片已保存到 /home/runner/work/nju_electric_monitor/nju_electric_monitor/src/../data/captcha_debug.png
2025-11-30 04:14:40,911 - INFO - 验证码识别尝试 20/50
2025-11-30 04:14:40,911 - INFO - 开始识别验证码...
2025-11-30 04:14:41,007 - WARNING - 验证码识别结果为空
2025-11-30 04:14:41,008 - INFO - 尝试不同的图像处理参数...
2025-11-30 04:14:41,237 - INFO - 方法4识别结果长度不为4，自动重试。实际结果: CQX
2025-11-30 04:14:41,313 - INFO - 方法5识别结果长度不为4，自动重试。实际结果: 
2025-11-30 04:14:41,372 - INFO - 方法6识别结果长度不为4，自动重试。实际结果: 
2025-11-30 04:14:41,372 - WARNING - 所有识别方法都失败了
2025-11-30 04:14:41,372 - WARNING - 验证码识别失败，尝试 20
2025-11-30 04:14:41,372 - INFO - 开始填写登录表单...
2025-11-30 04:14:41,433 - INFO - 用户名填写完成
2025-11-30 04:14:41,492 - INFO - 密码填写完成
2025-11-30 04:14:41,492 - INFO - 验证码图片已保存到 /home/runner/work/nju_electric_monitor/nju_electric_monitor/src/../data/captcha_debug.png
2025-11-30 04:14:41,493 - INFO - 验证码识别尝试 21/50
2025-11-30 04:14:41,493 - INFO - 开始识别验证码...
2025-11-30 04:14:41,591 - WARNING - 验证码识别结果为空
2025-11-30 04:14:41,591 - INFO - 尝试不同的图像处理参数...
2025-11-30 04:14:41,820 - INFO - 方法4识别结果长度不为4，自动重试。实际结果: CQX
2025-11-30 04:14:41,896 - INFO - 方法5识别结果长度不为4，自动重试。实际结果: 
2025-11-30 04:14:41,954 - INFO - 方法6识别结果长度不为4，自动重试。实际结果: 
2025-11-30 04:14:41,955 - WARNING - 所有识别方法都失败了
2025-11-30 04:14:41,955 - WARNING - 验证码识别失败，尝试 21
2025-11-30 04:14:41,955 - INFO - 开始填写登录表单...
2025-11-30 04:14:42,015 - INFO - 用户名填写完成
2025-11-30 04:14:42,075 - INFO - 密码填写完成
2025-11-30 04:14:42,076 - INFO - 验证码图片已保存到 /home/runner/work/nju_electric_monitor/nju_electric_monitor/src/../data/captcha_debug.png
2025-11-30 04:14:42,076 - INFO - 验证码识别尝试 22/50
2025-11-30 04:14:42,076 - INFO - 开始识别验证码...
2025-11-30 04:14:42,172 - WARNING - 验证码识别结果为空
2025-11-30 04:14:42,172 - INFO - 尝试不同的图像处理参数...
2025-11-30 04:14:42,401 - INFO - 方法4识别结果长度不为4，自动重试。实际结果: CQX
2025-11-30 04:14:42,479 - INFO - 方法5识别结果长度不为4，自动重试。实际结果: 
2025-11-30 04:14:42,537 - INFO - 方法6识别结果长度不为4，自动重试。实际结果: 
2025-11-30 04:14:42,537 - WARNING - 所有识别方法都失败了
2025-11-30 04:14:42,537 - WARNING - 验证码识别失败，尝试 22
2025-11-30 04:14:42,537 - INFO - 开始填写登录表单...
2025-11-30 04:14:42,598 - INFO - 用户名填写完成
2025-11-30 04:14:42,658 - INFO - 密码填写完成
2025-11-30 04:14:42,659 - INFO - 验证码图片已保存到 /home/runner/work/nju_electric_monitor/nju_electric_monitor/src/../data/captcha_debug.png
2025-11-30 04:14:42,659 - INFO - 验证码识别尝试 23/50
2025-11-30 04:14:42,659 - INFO - 开始识别验证码...
2025-11-30 04:14:42,756 - WARNING - 验证码识别结果为空
2025-11-30 04:14:42,756 - INFO - 尝试不同的图像处理参数...
2025-11-30 04:14:42,987 - INFO - 方法4识别结果长度不为4，自动重试。实际结果: CQX
2025-11-30 04:14:43,064 - INFO - 方法5识别结果长度不为4，自动重试。实际结果: 
2025-11-30 04:14:43,123 - INFO - 方法6识别结果长度不为4，自动重试。实际结果: 
2025-11-30 04:14:43,123 - WARNING - 所有识别方法都失败了
2025-11-30 04:14:43,123 - WARNING - 验证码识别失败，尝试 23
2025-11-30 04:14:43,123 - INFO - 开始填写登录表单...
2025-11-30 04:14:43,185 - INFO - 用户名填写完成
2025-11-30 04:14:43,245 - INFO - 密码填写完成
2025-11-30 04:14:43,246 - INFO - 验证码图片已保存到 /home/runner/work/nju_electric_monitor/nju_electric_monitor/src/../data/captcha_debug.png
2025-11-30 04:14:43,246 - INFO - 验证码识别尝试 24/50
2025-11-30 04:14:43,246 - INFO - 开始识别验证码...
2025-11-30 04:14:43,343 - WARNING - 验证码识别结果为空
2025-11-30 04:14:43,343 - INFO - 尝试不同的图像处理参数...
2025-11-30 04:14:43,574 - INFO - 方法4识别结果长度不为4，自动重试。实际结果: CQX
2025-11-30 04:14:43,652 - INFO - 方法5识别结果长度不为4，自动重试。实际结果: 
2025-11-30 04:14:43,710 - INFO - 方法6识别结果长度不为4，自动重试。实际结果: 
2025-11-30 04:14:43,710 - WARNING - 所有识别方法都失败了
2025-11-30 04:14:43,710 - WARNING - 验证码识别失败，尝试 24
2025-11-30 04:14:43,710 - INFO - 开始填写登录表单...
2025-11-30 04:14:43,772 - INFO - 用户名填写完成
2025-11-30 04:14:43,832 - INFO - 密码填写完成
2025-11-30 04:14:43,833 - INFO - 验证码图片已保存到 /home/runner/work/nju_electric_monitor/nju_electric_monitor/src/../data/captcha_debug.png
2025-11-30 04:14:43,833 - INFO - 验证码识别尝试 25/50
2025-11-30 04:14:43,833 - INFO - 开始识别验证码...
2025-11-30 04:14:43,930 - WARNING - 验证码识别结果为空
2025-11-30 04:14:43,930 - INFO - 尝试不同的图像处理参数...
2025-11-30 04:14:44,157 - INFO - 方法4识别结果长度不为4，自动重试。实际结果: CQX
2025-11-30 04:14:44,235 - INFO - 方法5识别结果长度不为4，自动重试。实际结果: 
2025-11-30 04:14:44,292 - INFO - 方法6识别结果长度不为4，自动重试。实际结果: 
2025-11-30 04:14:44,292 - WARNING - 所有识别方法都失败了
2025-11-30 04:14:44,293 - WARNING - 验证码识别失败，尝试 25
2025-11-30 04:14:44,293 - INFO - 开始填写登录表单...
2025-11-30 04:14:44,354 - INFO - 用户名填写完成
2025-11-30 04:14:44,413 - INFO - 密码填写完成
2025-11-30 04:14:44,414 - INFO - 验证码图片已保存到 /home/runner/work/nju_electric_monitor/nju_electric_monitor/src/../data/captcha_debug.png
2025-11-30 04:14:44,414 - INFO - 验证码识别尝试 26/50
2025-11-30 04:14:44,414 - INFO - 开始识别验证码...
2025-11-30 04:14:44,521 - WARNING - 验证码识别结果为空
2025-11-30 04:14:44,521 - INFO - 尝试不同的图像处理参数...
2025-11-30 04:14:44,751 - INFO - 方法4识别结果长度不为4，自动重试。实际结果: CQX
2025-11-30 04:14:44,828 - INFO - 方法5识别结果长度不为4，自动重试。实际结果: 
2025-11-30 04:14:44,887 - INFO - 方法6识别结果长度不为4，自动重试。实际结果: 
2025-11-30 04:14:44,887 - WARNING - 所有识别方法都失败了
2025-11-30 04:14:44,887 - WARNING - 验证码识别失败，尝试 26
2025-11-30 04:14:44,887 - INFO - 开始填写登录表单...
2025-11-30 04:14:44,948 - INFO - 用户名填写完成
2025-11-30 04:14:45,010 - INFO - 密码填写完成
2025-11-30 04:14:45,011 - INFO - 验证码图片已保存到 /home/runner/work/nju_electric_monitor/nju_electric_monitor/src/../data/captcha_debug.png
2025-11-30 04:14:45,011 - INFO - 验证码识别尝试 27/50
2025-11-30 04:14:45,011 - INFO - 开始识别验证码...
2025-11-30 04:14:45,109 - WARNING - 验证码识别结果为空
2025-11-30 04:14:45,109 - INFO - 尝试不同的图像处理参数...
2025-11-30 04:14:45,338 - INFO - 方法4识别结果长度不为4，自动重试。实际结果: CQX
2025-11-30 04:14:45,415 - INFO - 方法5识别结果长度不为4，自动重试。实际结果: 
2025-11-30 04:14:45,474 - INFO - 方法6识别结果长度不为4，自动重试。实际结果: 
2025-11-30 04:14:45,474 - WARNING - 所有识别方法都失败了
2025-11-30 04:14:45,474 - WARNING - 验证码识别失败，尝试 27
2025-11-30 04:14:45,474 - INFO - 开始填写登录表单...
2025-11-30 04:14:45,536 - INFO - 用户名填写完成
2025-11-30 04:14:45,602 - INFO - 密码填写完成
2025-11-30 04:14:45,602 - INFO - 验证码图片已保存到 /home/runner/work/nju_electric_monitor/nju_electric_monitor/src/../data/captcha_debug.png
2025-11-30 04:14:45,602 - INFO - 验证码识别尝试 28/50
2025-11-30 04:14:45,602 - INFO - 开始识别验证码...
2025-11-30 04:14:45,712 - WARNING - 验证码识别结果为空
2025-11-30 04:14:45,712 - INFO - 尝试不同的图像处理参数...
2025-11-30 04:14:45,941 - INFO - 方法4识别结果长度不为4，自动重试。实际结果: CQX
2025-11-30 04:14:46,017 - INFO - 方法5识别结果长度不为4，自动重试。实际结果: 
2025-11-30 04:14:46,075 - INFO - 方法6识别结果长度不为4，自动重试。实际结果: 
2025-11-30 04:14:46,076 - WARNING - 所有识别方法都失败了
2025-11-30 04:14:46,076 - WARNING - 验证码识别失败，尝试 28
2025-11-30 04:14:46,076 - INFO - 开始填写登录表单...
2025-11-30 04:14:46,137 - INFO - 用户名填写完成
2025-11-30 04:14:46,197 - INFO - 密码填写完成
2025-11-30 04:14:46,197 - INFO - 验证码图片已保存到 /home/runner/work/nju_electric_monitor/nju_electric_monitor/src/../data/captcha_debug.png
2025-11-30 04:14:46,198 - INFO - 验证码识别尝试 29/50
2025-11-30 04:14:46,198 - INFO - 开始识别验证码...
2025-11-30 04:14:46,294 - WARNING - 验证码识别结果为空
2025-11-30 04:14:46,294 - INFO - 尝试不同的图像处理参数...
2025-11-30 04:14:46,523 - INFO - 方法4识别结果长度不为4，自动重试。实际结果: CQX
2025-11-30 04:14:46,599 - INFO - 方法5识别结果长度不为4，自动重试。实际结果: 
2025-11-30 04:14:46,658 - INFO - 方法6识别结果长度不为4，自动重试。实际结果: 
2025-11-30 04:14:46,658 - WARNING - 所有识别方法都失败了
2025-11-30 04:14:46,658 - WARNING - 验证码识别失败，尝试 29
2025-11-30 04:14:46,658 - INFO - 开始填写登录表单...
2025-11-30 04:14:46,721 - INFO - 用户名填写完成
2025-11-30 04:14:46,780 - INFO - 密码填写完成
2025-11-30 04:14:46,781 - INFO - 验证码图片已保存到 /home/runner/work/nju_electric_monitor/nju_electric_monitor/src/../data/captcha_debug.png
2025-11-30 04:14:46,781 - INFO - 验证码识别尝试 30/50
2025-11-30 04:14:46,781 - INFO - 开始识别验证码...
2025-11-30 04:14:46,887 - WARNING - 验证码识别结果为空
2025-11-30 04:14:46,887 - INFO - 尝试不同的图像处理参数...
2025-11-30 04:14:47,117 - INFO - 方法4识别结果长度不为4，自动重试。实际结果: CQX
2025-11-30 04:14:47,196 - INFO - 方法5识别结果长度不为4，自动重试。实际结果: 
2025-11-30 04:14:47,255 - INFO - 方法6识别结果长度不为4，自动重试。实际结果: 
2025-11-30 04:14:47,255 - WARNING - 所有识别方法都失败了
2025-11-30 04:14:47,255 - WARNING - 验证码识别失败，尝试 30
2025-11-30 04:14:47,255 - INFO - 开始填写登录表单...
2025-11-30 04:14:47,316 - INFO - 用户名填写完成
2025-11-30 04:14:47,376 - INFO - 密码填写完成
2025-11-30 04:14:47,377 - INFO - 验证码图片已保存到 /home/runner/work/nju_electric_monitor/nju_electric_monitor/src/../data/captcha_debug.png
2025-11-30 04:14:47,377 - INFO - 验证码识别尝试 31/50
2025-11-30 04:14:47,377 - INFO - 开始识别验证码...
2025-11-30 04:14:47,481 - WARNING - 验证码识别结果为空
2025-11-30 04:14:47,481 - INFO - 尝试不同的图像处理参数...
2025-11-30 04:14:47,711 - INFO - 方法4识别结果长度不为4，自动重试。实际结果: CQX
2025-11-30 04:14:47,787 - INFO - 方法5识别结果长度不为4，自动重试。实际结果: 
2025-11-30 04:14:47,846 - INFO - 方法6识别结果长度不为4，自动重试。实际结果: 
2025-11-30 04:14:47,846 - WARNING - 所有识别方法都失败了
2025-11-30 04:14:47,846 - WARNING - 验证码识别失败，尝试 31
2025-11-30 04:14:47,846 - INFO - 开始填写登录表单...
2025-11-30 04:14:47,908 - INFO - 用户名填写完成
2025-11-30 04:14:47,969 - INFO - 密码填写完成
2025-11-30 04:14:47,969 - INFO - 验证码图片已保存到 /home/runner/work/nju_electric_monitor/nju_electric_monitor/src/../data/captcha_debug.png
2025-11-30 04:14:47,969 - INFO - 验证码识别尝试 32/50
2025-11-30 04:14:47,969 - INFO - 开始识别验证码...
2025-11-30 04:14:48,066 - WARNING - 验证码识别结果为空
2025-11-30 04:14:48,066 - INFO - 尝试不同的图像处理参数...
2025-11-30 04:14:48,296 - INFO - 方法4识别结果长度不为4，自动重试。实际结果: CQX
2025-11-30 04:14:48,372 - INFO - 方法5识别结果长度不为4，自动重试。实际结果: 
2025-11-30 04:14:48,431 - INFO - 方法6识别结果长度不为4，自动重试。实际结果: 
2025-11-30 04:14:48,431 - WARNING - 所有识别方法都失败了
2025-11-30 04:14:48,431 - WARNING - 验证码识别失败，尝试 32
2025-11-30 04:14:48,431 - INFO - 开始填写登录表单...
2025-11-30 04:14:48,495 - INFO - 用户名填写完成
2025-11-30 04:14:48,559 - INFO - 密码填写完成
2025-11-30 04:14:48,560 - INFO - 验证码图片已保存到 /home/runner/work/nju_electric_monitor/nju_electric_monitor/src/../data/captcha_debug.png
2025-11-30 04:14:48,560 - INFO - 验证码识别尝试 33/50
2025-11-30 04:14:48,560 - INFO - 开始识别验证码...
2025-11-30 04:14:48,657 - WARNING - 验证码识别结果为空
2025-11-30 04:14:48,658 - INFO - 尝试不同的图像处理参数...
2025-11-30 04:14:48,887 - INFO - 方法4识别结果长度不为4，自动重试。实际结果: CQX
2025-11-30 04:14:48,965 - INFO - 方法5识别结果长度不为4，自动重试。实际结果: 
2025-11-30 04:14:49,023 - INFO - 方法6识别结果长度不为4，自动重试。实际结果: 
2025-11-30 04:14:49,024 - WARNING - 所有识别方法都失败了
2025-11-30 04:14:49,024 - WARNING - 验证码识别失败，尝试 33
2025-11-30 04:14:49,024 - INFO - 开始填写登录表单...
2025-11-30 04:14:49,085 - INFO - 用户名填写完成
2025-11-30 04:14:49,145 - INFO - 密码填写完成
2025-11-30 04:14:49,146 - INFO - 验证码图片已保存到 /home/runner/work/nju_electric_monitor/nju_electric_monitor/src/../data/captcha_debug.png
2025-11-30 04:14:49,146 - INFO - 验证码识别尝试 34/50
2025-11-30 04:14:49,146 - INFO - 开始识别验证码...
2025-11-30 04:14:49,243 - WARNING - 验证码识别结果为空
2025-11-30 04:14:49,243 - INFO - 尝试不同的图像处理参数...
2025-11-30 04:14:49,472 - INFO - 方法4识别结果长度不为4，自动重试。实际结果: CQX
2025-11-30 04:14:49,550 - INFO - 方法5识别结果长度不为4，自动重试。实际结果: 
2025-11-30 04:14:49,608 - INFO - 方法6识别结果长度不为4，自动重试。实际结果: 
2025-11-30 04:14:49,608 - WARNING - 所有识别方法都失败了
2025-11-30 04:14:49,608 - WARNING - 验证码识别失败，尝试 34
2025-11-30 04:14:49,608 - INFO - 开始填写登录表单...
2025-11-30 04:14:49,669 - INFO - 用户名填写完成
2025-11-30 04:14:49,733 - INFO - 密码填写完成
2025-11-30 04:14:49,733 - INFO - 验证码图片已保存到 /home/runner/work/nju_electric_monitor/nju_electric_monitor/src/../data/captcha_debug.png
2025-11-30 04:14:49,733 - INFO - 验证码识别尝试 35/50
2025-11-30 04:14:49,733 - INFO - 开始识别验证码...
2025-11-30 04:14:49,830 - WARNING - 验证码识别结果为空
2025-11-30 04:14:49,831 - INFO - 尝试不同的图像处理参数...
2025-11-30 04:14:50,060 - INFO - 方法4识别结果长度不为4，自动重试。实际结果: CQX
2025-11-30 04:14:50,137 - INFO - 方法5识别结果长度不为4，自动重试。实际结果: 
2025-11-30 04:14:50,196 - INFO - 方法6识别结果长度不为4，自动重试。实际结果: 
2025-11-30 04:14:50,196 - WARNING - 所有识别方法都失败了
2025-11-30 04:14:50,196 - WARNING - 验证码识别失败，尝试 35
2025-11-30 04:14:50,196 - INFO - 开始填写登录表单...
2025-11-30 04:14:50,258 - INFO - 用户名填写完成
2025-11-30 04:14:50,319 - INFO - 密码填写完成
2025-11-30 04:14:50,319 - INFO - 验证码图片已保存到 /home/runner/work/nju_electric_monitor/nju_electric_monitor/src/../data/captcha_debug.png
2025-11-30 04:14:50,319 - INFO - 验证码识别尝试 36/50
2025-11-30 04:14:50,320 - INFO - 开始识别验证码...
2025-11-30 04:14:50,417 - WARNING - 验证码识别结果为空
2025-11-30 04:14:50,417 - INFO - 尝试不同的图像处理参数...
2025-11-30 04:14:50,647 - INFO - 方法4识别结果长度不为4，自动重试。实际结果: CQX
2025-11-30 04:14:50,724 - INFO - 方法5识别结果长度不为4，自动重试。实际结果: 
2025-11-30 04:14:50,786 - INFO - 方法6识别结果长度不为4，自动重试。实际结果: 
2025-11-30 04:14:50,786 - WARNING - 所有识别方法都失败了
2025-11-30 04:14:50,786 - WARNING - 验证码识别失败，尝试 36
2025-11-30 04:14:50,786 - INFO - 开始填写登录表单...
2025-11-30 04:14:50,848 - INFO - 用户名填写完成
2025-11-30 04:14:50,909 - INFO - 密码填写完成
2025-11-30 04:14:50,910 - INFO - 验证码图片已保存到 /home/runner/work/nju_electric_monitor/nju_electric_monitor/src/../data/captcha_debug.png
2025-11-30 04:14:50,910 - INFO - 验证码识别尝试 37/50
2025-11-30 04:14:50,910 - INFO - 开始识别验证码...
2025-11-30 04:14:51,008 - WARNING - 验证码识别结果为空
2025-11-30 04:14:51,008 - INFO - 尝试不同的图像处理参数...
2025-11-30 04:14:51,241 - INFO - 方法4识别结果长度不为4，自动重试。实际结果: CQX
2025-11-30 04:14:51,320 - INFO - 方法5识别结果长度不为4，自动重试。实际结果: 
2025-11-30 04:14:51,380 - INFO - 方法6识别结果长度不为4，自动重试。实际结果: 
2025-11-30 04:14:51,380 - WARNING - 所有识别方法都失败了
2025-11-30 04:14:51,380 - WARNING - 验证码识别失败，尝试 37
2025-11-30 04:14:51,380 - INFO - 开始填写登录表单...
2025-11-30 04:14:51,443 - INFO - 用户名填写完成
2025-11-30 04:14:51,506 - INFO - 密码填写完成
2025-11-30 04:14:51,506 - INFO - 验证码图片已保存到 /home/runner/work/nju_electric_monitor/nju_electric_monitor/src/../data/captcha_debug.png
2025-11-30 04:14:51,506 - INFO - 验证码识别尝试 38/50
2025-11-30 04:14:51,506 - INFO - 开始识别验证码...
2025-11-30 04:14:51,603 - WARNING - 验证码识别结果为空
2025-11-30 04:14:51,603 - INFO - 尝试不同的图像处理参数...
2025-11-30 04:14:51,832 - INFO - 方法4识别结果长度不为4，自动重试。实际结果: CQX
2025-11-30 04:14:51,908 - INFO - 方法5识别结果长度不为4，自动重试。实际结果: 
2025-11-30 04:14:51,967 - INFO - 方法6识别结果长度不为4，自动重试。实际结果: 
2025-11-30 04:14:51,967 - WARNING - 所有识别方法都失败了
2025-11-30 04:14:51,967 - WARNING - 验证码识别失败，尝试 38
2025-11-30 04:14:51,967 - INFO - 开始填写登录表单...
2025-11-30 04:14:52,029 - INFO - 用户名填写完成
2025-11-30 04:14:52,090 - INFO - 密码填写完成
2025-11-30 04:14:52,090 - INFO - 验证码图片已保存到 /home/runner/work/nju_electric_monitor/nju_electric_monitor/src/../data/captcha_debug.png
2025-11-30 04:14:52,090 - INFO - 验证码识别尝试 39/50
2025-11-30 04:14:52,090 - INFO - 开始识别验证码...
2025-11-30 04:14:52,187 - WARNING - 验证码识别结果为空
2025-11-30 04:14:52,187 - INFO - 尝试不同的图像处理参数...
2025-11-30 04:14:52,415 - INFO - 方法4识别结果长度不为4，自动重试。实际结果: CQX
2025-11-30 04:14:52,492 - INFO - 方法5识别结果长度不为4，自动重试。实际结果: 
2025-11-30 04:14:52,550 - INFO - 方法6识别结果长度不为4，自动重试。实际结果: 
2025-11-30 04:14:52,550 - WARNING - 所有识别方法都失败了
2025-11-30 04:14:52,550 - WARNING - 验证码识别失败，尝试 39
2025-11-30 04:14:52,550 - INFO - 开始填写登录表单...
2025-11-30 04:14:52,612 - INFO - 用户名填写完成
2025-11-30 04:14:52,673 - INFO - 密码填写完成
2025-11-30 04:14:52,674 - INFO - 验证码图片已保存到 /home/runner/work/nju_electric_monitor/nju_electric_monitor/src/../data/captcha_debug.png
2025-11-30 04:14:52,674 - INFO - 验证码识别尝试 40/50
2025-11-30 04:14:52,674 - INFO - 开始识别验证码...
2025-11-30 04:14:52,770 - WARNING - 验证码识别结果为空
2025-11-30 04:14:52,770 - INFO - 尝试不同的图像处理参数...
2025-11-30 04:14:53,000 - INFO - 方法4识别结果长度不为4，自动重试。实际结果: CQX
2025-11-30 04:14:53,076 - INFO - 方法5识别结果长度不为4，自动重试。实际结果: 
2025-11-30 04:14:53,134 - INFO - 方法6识别结果长度不为4，自动重试。实际结果: 
2025-11-30 04:14:53,134 - WARNING - 所有识别方法都失败了
2025-11-30 04:14:53,134 - WARNING - 验证码识别失败，尝试 40
2025-11-30 04:14:53,134 - INFO - 开始填写登录表单...
2025-11-30 04:14:53,197 - INFO - 用户名填写完成
2025-11-30 04:14:53,258 - INFO - 密码填写完成
2025-11-30 04:14:53,259 - INFO - 验证码图片已保存到 /home/runner/work/nju_electric_monitor/nju_electric_monitor/src/../data/captcha_debug.png
2025-11-30 04:14:53,259 - INFO - 验证码识别尝试 41/50
2025-11-30 04:14:53,259 - INFO - 开始识别验证码...
2025-11-30 04:14:53,356 - WARNING - 验证码识别结果为空
2025-11-30 04:14:53,356 - INFO - 尝试不同的图像处理参数...
2025-11-30 04:14:53,587 - INFO - 方法4识别结果长度不为4，自动重试。实际结果: CQX
2025-11-30 04:14:53,666 - INFO - 方法5识别结果长度不为4，自动重试。实际结果: 
2025-11-30 04:14:53,725 - INFO - 方法6识别结果长度不为4，自动重试。实际结果: 
2025-11-30 04:14:53,725 - WARNING - 所有识别方法都失败了
2025-11-30 04:14:53,725 - WARNING - 验证码识别失败，尝试 41
2025-11-30 04:14:53,725 - INFO - 开始填写登录表单...
2025-11-30 04:14:53,788 - INFO - 用户名填写完成
2025-11-30 04:14:53,851 - INFO - 密码填写完成
2025-11-30 04:14:53,851 - INFO - 验证码图片已保存到 /home/runner/work/nju_electric_monitor/nju_electric_monitor/src/../data/captcha_debug.png
2025-11-30 04:14:53,852 - INFO - 验证码识别尝试 42/50
2025-11-30 04:14:53,852 - INFO - 开始识别验证码...
2025-11-30 04:14:53,956 - WARNING - 验证码识别结果为空
2025-11-30 04:14:53,956 - INFO - 尝试不同的图像处理参数...
2025-11-30 04:14:54,186 - INFO - 方法4识别结果长度不为4，自动重试。实际结果: CQX
2025-11-30 04:14:54,263 - INFO - 方法5识别结果长度不为4，自动重试。实际结果: 
2025-11-30 04:14:54,321 - INFO - 方法6识别结果长度不为4，自动重试。实际结果: 
2025-11-30 04:14:54,321 - WARNING - 所有识别方法都失败了
2025-11-30 04:14:54,321 - WARNING - 验证码识别失败，尝试 42
2025-11-30 04:14:54,321 - INFO - 开始填写登录表单...
2025-11-30 04:14:54,382 - INFO - 用户名填写完成
2025-11-30 04:14:54,443 - INFO - 密码填写完成
2025-11-30 04:14:54,444 - INFO - 验证码图片已保存到 /home/runner/work/nju_electric_monitor/nju_electric_monitor/src/../data/captcha_debug.png
2025-11-30 04:14:54,444 - INFO - 验证码识别尝试 43/50
2025-11-30 04:14:54,444 - INFO - 开始识别验证码...
2025-11-30 04:14:54,542 - WARNING - 验证码识别结果为空
2025-11-30 04:14:54,542 - INFO - 尝试不同的图像处理参数...
2025-11-30 04:14:54,770 - INFO - 方法4识别结果长度不为4，自动重试。实际结果: CQX
2025-11-30 04:14:54,846 - INFO - 方法5识别结果长度不为4，自动重试。实际结果: 
2025-11-30 04:14:54,904 - INFO - 方法6识别结果长度不为4，自动重试。实际结果: 
2025-11-30 04:14:54,904 - WARNING - 所有识别方法都失败了
2025-11-30 04:14:54,904 - WARNING - 验证码识别失败，尝试 43
2025-11-30 04:14:54,904 - INFO - 开始填写登录表单...
2025-11-30 04:14:54,967 - INFO - 用户名填写完成
2025-11-30 04:14:55,030 - INFO - 密码填写完成
2025-11-30 04:14:55,030 - INFO - 验证码图片已保存到 /home/runner/work/nju_electric_monitor/nju_electric_monitor/src/../data/captcha_debug.png
2025-11-30 04:14:55,030 - INFO - 验证码识别尝试 44/50
2025-11-30 04:14:55,030 - INFO - 开始识别验证码...
2025-11-30 04:14:55,129 - WARNING - 验证码识别结果为空
2025-11-30 04:14:55,129 - INFO - 尝试不同的图像处理参数...
2025-11-30 04:14:55,359 - INFO - 方法4识别结果长度不为4，自动重试。实际结果: CQX
2025-11-30 04:14:55,435 - INFO - 方法5识别结果长度不为4，自动重试。实际结果: 
2025-11-30 04:14:55,493 - INFO - 方法6识别结果长度不为4，自动重试。实际结果: 
2025-11-30 04:14:55,494 - WARNING - 所有识别方法都失败了
2025-11-30 04:14:55,494 - WARNING - 验证码识别失败，尝试 44
2025-11-30 04:14:55,494 - INFO - 开始填写登录表单...
2025-11-30 04:14:55,555 - INFO - 用户名填写完成
2025-11-30 04:14:55,615 - INFO - 密码填写完成
2025-11-30 04:14:55,615 - INFO - 验证码图片已保存到 /home/runner/work/nju_electric_monitor/nju_electric_monitor/src/../data/captcha_debug.png
2025-11-30 04:14:55,616 - INFO - 验证码识别尝试 45/50
2025-11-30 04:14:55,616 - INFO - 开始识别验证码...
2025-11-30 04:14:55,712 - WARNING - 验证码识别结果为空
2025-11-30 04:14:55,712 - INFO - 尝试不同的图像处理参数...
2025-11-30 04:14:55,942 - INFO - 方法4识别结果长度不为4，自动重试。实际结果: CQX
2025-11-30 04:14:56,018 - INFO - 方法5识别结果长度不为4，自动重试。实际结果: 
2025-11-30 04:14:56,076 - INFO - 方法6识别结果长度不为4，自动重试。实际结果: 
2025-11-30 04:14:56,077 - WARNING - 所有识别方法都失败了
2025-11-30 04:14:56,077 - WARNING - 验证码识别失败，尝试 45
2025-11-30 04:14:56,077 - INFO - 开始填写登录表单...
2025-11-30 04:14:56,139 - INFO - 用户名填写完成
2025-11-30 04:14:56,198 - INFO - 密码填写完成
2025-11-30 04:14:56,198 - INFO - 验证码图片已保存到 /home/runner/work/nju_electric_monitor/nju_electric_monitor/src/../data/captcha_debug.png
2025-11-30 04:14:56,198 - INFO - 验证码识别尝试 46/50
2025-11-30 04:14:56,198 - INFO - 开始识别验证码...
2025-11-30 04:14:56,295 - WARNING - 验证码识别结果为空
2025-11-30 04:14:56,295 - INFO - 尝试不同的图像处理参数...
2025-11-30 04:14:56,524 - INFO - 方法4识别结果长度不为4，自动重试。实际结果: CQX
2025-11-30 04:14:56,600 - INFO - 方法5识别结果长度不为4，自动重试。实际结果: 
2025-11-30 04:14:56,658 - INFO - 方法6识别结果长度不为4，自动重试。实际结果: 
2025-11-30 04:14:56,658 - WARNING - 所有识别方法都失败了
2025-11-30 04:14:56,658 - WARNING - 验证码识别失败，尝试 46
2025-11-30 04:14:56,658 - INFO - 开始填写登录表单...
2025-11-30 04:14:56,720 - INFO - 用户名填写完成
2025-11-30 04:14:56,780 - INFO - 密码填写完成
2025-11-30 04:14:56,780 - INFO - 验证码图片已保存到 /home/runner/work/nju_electric_monitor/nju_electric_monitor/src/../data/captcha_debug.png
2025-11-30 04:14:56,781 - INFO - 验证码识别尝试 47/50
2025-11-30 04:14:56,781 - INFO - 开始识别验证码...
2025-11-30 04:14:56,877 - WARNING - 验证码识别结果为空
2025-11-30 04:14:56,877 - INFO - 尝试不同的图像处理参数...
2025-11-30 04:14:57,107 - INFO - 方法4识别结果长度不为4，自动重试。实际结果: CQX
2025-11-30 04:14:57,184 - INFO - 方法5识别结果长度不为4，自动重试。实际结果: 
2025-11-30 04:14:57,243 - INFO - 方法6识别结果长度不为4，自动重试。实际结果: 
2025-11-30 04:14:57,243 - WARNING - 所有识别方法都失败了
2025-11-30 04:14:57,243 - WARNING - 验证码识别失败，尝试 47
2025-11-30 04:14:57,243 - INFO - 开始填写登录表单...
2025-11-30 04:14:57,306 - INFO - 用户名填写完成
2025-11-30 04:14:57,367 - INFO - 密码填写完成
2025-11-30 04:14:57,367 - INFO - 验证码图片已保存到 /home/runner/work/nju_electric_monitor/nju_electric_monitor/src/../data/captcha_debug.png
2025-11-30 04:14:57,367 - INFO - 验证码识别尝试 48/50
2025-11-30 04:14:57,368 - INFO - 开始识别验证码...
2025-11-30 04:14:57,464 - WARNING - 验证码识别结果为空
2025-11-30 04:14:57,464 - INFO - 尝试不同的图像处理参数...
2025-11-30 04:14:57,692 - INFO - 方法4识别结果长度不为4，自动重试。实际结果: CQX
2025-11-30 04:14:57,768 - INFO - 方法5识别结果长度不为4，自动重试。实际结果: 
2025-11-30 04:14:57,826 - INFO - 方法6识别结果长度不为4，自动重试。实际结果: 
2025-11-30 04:14:57,826 - WARNING - 所有识别方法都失败了
2025-11-30 04:14:57,826 - WARNING - 验证码识别失败，尝试 48
2025-11-30 04:14:57,826 - INFO - 开始填写登录表单...
2025-11-30 04:14:57,888 - INFO - 用户名填写完成
2025-11-30 04:14:57,949 - INFO - 密码填写完成
2025-11-30 04:14:57,950 - INFO - 验证码图片已保存到 /home/runner/work/nju_electric_monitor/nju_electric_monitor/src/../data/captcha_debug.png
2025-11-30 04:14:57,950 - INFO - 验证码识别尝试 49/50
2025-11-30 04:14:57,950 - INFO - 开始识别验证码...
2025-11-30 04:14:58,046 - WARNING - 验证码识别结果为空
2025-11-30 04:14:58,046 - INFO - 尝试不同的图像处理参数...
2025-11-30 04:14:58,274 - INFO - 方法4识别结果长度不为4，自动重试。实际结果: CQX
2025-11-30 04:14:58,350 - INFO - 方法5识别结果长度不为4，自动重试。实际结果: 
2025-11-30 04:14:58,408 - INFO - 方法6识别结果长度不为4，自动重试。实际结果: 
2025-11-30 04:14:58,408 - WARNING - 所有识别方法都失败了
2025-11-30 04:14:58,408 - WARNING - 验证码识别失败，尝试 49
2025-11-30 04:14:58,408 - INFO - 开始填写登录表单...
2025-11-30 04:14:58,469 - INFO - 用户名填写完成
2025-11-30 04:14:58,530 - INFO - 密码填写完成
2025-11-30 04:14:58,531 - INFO - 验证码图片已保存到 /home/runner/work/nju_electric_monitor/nju_electric_monitor/src/../data/captcha_debug.png
2025-11-30 04:14:58,531 - INFO - 验证码识别尝试 50/50
2025-11-30 04:14:58,531 - INFO - 开始识别验证码...
2025-11-30 04:14:58,627 - WARNING - 验证码识别结果为空
2025-11-30 04:14:58,627 - INFO - 尝试不同的图像处理参数...
2025-11-30 04:14:58,855 - INFO - 方法4识别结果长度不为4，自动重试。实际结果: CQX
2025-11-30 04:14:58,932 - INFO - 方法5识别结果长度不为4，自动重试。实际结果: 
2025-11-30 04:14:58,990 - INFO - 方法6识别结果长度不为4，自动重试。实际结果: 
2025-11-30 04:14:58,991 - WARNING - 所有识别方法都失败了
2025-11-30 04:14:58,991 - WARNING - 验证码识别失败，尝试 50
2025-11-30 04:14:58,991 - WARNING - 自动验证码识别失败，请手动输入
2025-11-30 04:14:58,991 - ERROR - 处理验证码时出错: EOF when reading a line
2025-11-30 04:14:58,991 - WARNING - 验证码处理失败，但继续尝试登录
2025-11-30 04:14:58,991 - INFO - 查找并点击登录按钮...
2025-11-30 04:14:59,061 - INFO - 已点击登录按钮
2025-11-30 04:15:04,061 - INFO - 等待登录成功...
2025-11-30 04:15:09,066 - INFO - 登录可能成功，继续下一步...
2025-11-30 04:15:09,066 - INFO - 查找'去充值'按钮...
2025-11-30 04:15:09,129 - INFO - 已点击充值按钮
2025-11-30 04:15:12,129 - INFO - 开始提取剩余电量信息...
2025-11-30 04:15:12,134 - INFO - 页面源码已保存到 /home/runner/work/nju_electric_monitor/nju_electric_monitor/src/../data/debug_page_source.html
2025-11-30 04:15:12,144 - WARNING - 未找到电量信息元素，尝试其他方法...
2025-11-30 04:15:12,152 - WARNING - 未找到i标签中的电量信息，尝试其他方法...
2025-11-30 04:15:12,156 - INFO - 在页面源码中查找电量信息...
2025-11-30 04:15:12,168 - WARNING - 未能提取到剩余电量信息
2025-11-30 04:15:12,168 - WARNING - 没有电量数据可保存
2025-11-30 04:15:12,168 - INFO - 监控流程完成
