2026-01-29 13:55:37,747 - INFO - Matplotlib 字体设置：使用回退字体列表，首选可用字体: Noto Sans CJK JP
2026-01-29 13:55:38,998 - INFO - 使用 ChromeDriver: /usr/bin/chromedriver
2026-01-29 13:55:38,998 - WARNING - Using CPU. Note: This module is much faster with a GPU.
2026-01-29 13:55:40,487 - INFO - OCR识别器初始化成功
2026-01-29 13:55:40,487 - INFO - 开始南京大学电费监控流程（自动无头模式）
2026-01-29 13:55:40,487 - INFO - 正在打开页面: https://epay.nju.edu.cn/epay/h5/nju/electric/index
2026-01-29 13:55:51,764 - INFO - 等待登录表单加载...
2026-01-29 13:55:51,774 - INFO - 登录表单已加载
2026-01-29 13:55:51,774 - INFO - 开始填写登录表单...
2026-01-29 13:55:51,842 - INFO - 用户名填写完成
2026-01-29 13:55:51,913 - INFO - 密码填写完成
2026-01-29 13:55:51,913 - INFO - 检查是否有验证码...
2026-01-29 13:55:51,913 - INFO - 查找验证码图片...
2026-01-29 13:55:51,937 - INFO - 找到验证码图片，开始截图...
2026-01-29 13:55:52,000 - INFO - 验证码图片截取成功
2026-01-29 13:55:52,000 - INFO - 开始填写登录表单...
2026-01-29 13:55:52,069 - INFO - 用户名填写完成
2026-01-29 13:55:52,141 - INFO - 密码填写完成
2026-01-29 13:55:52,142 - INFO - 验证码图片已保存到 /home/runner/work/nju_electric_monitor/nju_electric_monitor/src/../data/captcha_debug.png
2026-01-29 13:55:52,142 - INFO - 验证码识别尝试 1/30
2026-01-29 13:55:52,142 - INFO - 开始识别验证码...（easyocr + pytesseract）
2026-01-29 13:55:52,274 - INFO - easyocr 结果: ['78HH(0.64)']
2026-01-29 13:55:52,521 - INFO - tesseract 结果: 78HH
2026-01-29 13:55:52,589 - INFO - easyocr alt1 结果: ['78HA(0.78)']
2026-01-29 13:55:52,686 - INFO - tesseract alt1 结果: 78HH
2026-01-29 13:55:52,748 - INFO - easyocr alt2 结果: ['78HA(0.79)']
2026-01-29 13:55:52,845 - INFO - tesseract alt2 结果: 78HH
2026-01-29 13:55:53,013 - INFO - easyocr alt3 结果: ['78R(0.23)']
2026-01-29 13:55:53,125 - INFO - tesseract alt3 结果: 78HH
2026-01-29 13:55:53,188 - INFO - easyocr alt4 结果: ['78HA(0.60)']
2026-01-29 13:55:53,285 - INFO - tesseract alt4 结果: 78HH
2026-01-29 13:55:53,369 - INFO - easyocr alt5 结果: ['781(0.09)']
2026-01-29 13:55:53,460 - INFO - tesseract alt5 结果: 
2026-01-29 13:55:53,461 - INFO - 最终验证码识别结果: 78HA (engine=easyocr_alt2, prob=0.7857625059330219)
2026-01-29 13:55:53,461 - INFO - 查找验证码输入框...
2026-01-29 13:55:53,523 - INFO - 验证码填写完成
2026-01-29 13:55:53,523 - INFO - 验证码填写完成，点击登录按钮...
2026-01-29 13:55:53,523 - INFO - 查找并点击登录按钮...
2026-01-29 13:55:53,915 - INFO - 已点击登录按钮
2026-01-29 13:56:00,945 - INFO - 开始填写登录表单...
2026-01-29 13:56:01,012 - INFO - 用户名填写完成
2026-01-29 13:56:01,077 - INFO - 密码填写完成
2026-01-29 13:56:01,078 - INFO - 验证码图片已保存到 /home/runner/work/nju_electric_monitor/nju_electric_monitor/src/../data/captcha_debug.png
2026-01-29 13:56:01,078 - INFO - 验证码识别尝试 2/30
2026-01-29 13:56:01,078 - INFO - 开始识别验证码...（easyocr + pytesseract）
2026-01-29 13:56:01,179 - INFO - easyocr 结果: ['78HH(0.64)']
2026-01-29 13:56:01,281 - INFO - tesseract 结果: 78HH
2026-01-29 13:56:01,343 - INFO - easyocr alt1 结果: ['78HA(0.78)']
2026-01-29 13:56:01,445 - INFO - tesseract alt1 结果: 78HH
2026-01-29 13:56:01,507 - INFO - easyocr alt2 结果: ['78HA(0.79)']
2026-01-29 13:56:01,605 - INFO - tesseract alt2 结果: 78HH
2026-01-29 13:56:01,763 - INFO - easyocr alt3 结果: ['78R(0.23)']
2026-01-29 13:56:01,876 - INFO - tesseract alt3 结果: 78HH
2026-01-29 13:56:01,936 - INFO - easyocr alt4 结果: ['78HA(0.60)']
2026-01-29 13:56:02,036 - INFO - tesseract alt4 结果: 78HH
2026-01-29 13:56:02,117 - INFO - easyocr alt5 结果: ['781(0.09)']
2026-01-29 13:56:02,213 - INFO - tesseract alt5 结果: 
2026-01-29 13:56:02,213 - INFO - 最终验证码识别结果: 78HA (engine=easyocr_alt2, prob=0.7857625059330219)
2026-01-29 13:56:02,213 - INFO - 查找验证码输入框...
2026-01-29 13:56:02,272 - INFO - 验证码填写完成
2026-01-29 13:56:02,272 - INFO - 验证码填写完成，点击登录按钮...
2026-01-29 13:56:02,272 - INFO - 查找并点击登录按钮...
2026-01-29 13:56:02,650 - INFO - 已点击登录按钮
2026-01-29 13:56:09,673 - INFO - 开始填写登录表单...
2026-01-29 13:56:09,746 - INFO - 用户名填写完成
2026-01-29 13:56:09,812 - INFO - 密码填写完成
2026-01-29 13:56:09,812 - INFO - 验证码图片已保存到 /home/runner/work/nju_electric_monitor/nju_electric_monitor/src/../data/captcha_debug.png
2026-01-29 13:56:09,813 - INFO - 验证码识别尝试 3/30
2026-01-29 13:56:09,813 - INFO - 开始识别验证码...（easyocr + pytesseract）
2026-01-29 13:56:09,915 - INFO - easyocr 结果: ['78HH(0.64)']
2026-01-29 13:56:10,016 - INFO - tesseract 结果: 78HH
2026-01-29 13:56:10,078 - INFO - easyocr alt1 结果: ['78HA(0.78)']
2026-01-29 13:56:10,183 - INFO - tesseract alt1 结果: 78HH
2026-01-29 13:56:10,245 - INFO - easyocr alt2 结果: ['78HA(0.79)']
2026-01-29 13:56:10,346 - INFO - tesseract alt2 结果: 78HH
2026-01-29 13:56:10,504 - INFO - easyocr alt3 结果: ['78R(0.23)']
2026-01-29 13:56:10,615 - INFO - tesseract alt3 结果: 78HH
2026-01-29 13:56:10,676 - INFO - easyocr alt4 结果: ['78HA(0.60)']
2026-01-29 13:56:10,780 - INFO - tesseract alt4 结果: 78HH
2026-01-29 13:56:10,876 - INFO - easyocr alt5 结果: ['781(0.09)']
2026-01-29 13:56:10,969 - INFO - tesseract alt5 结果: 
2026-01-29 13:56:10,969 - INFO - 最终验证码识别结果: 78HA (engine=easyocr_alt2, prob=0.7857625059330219)
2026-01-29 13:56:10,969 - INFO - 查找验证码输入框...
2026-01-29 13:56:11,029 - INFO - 验证码填写完成
2026-01-29 13:56:11,029 - INFO - 验证码填写完成，点击登录按钮...
2026-01-29 13:56:11,029 - INFO - 查找并点击登录按钮...
2026-01-29 13:56:11,412 - INFO - 已点击登录按钮
2026-01-29 13:56:18,436 - INFO - 开始填写登录表单...
2026-01-29 13:56:18,508 - INFO - 用户名填写完成
2026-01-29 13:56:18,572 - INFO - 密码填写完成
2026-01-29 13:56:18,572 - INFO - 验证码图片已保存到 /home/runner/work/nju_electric_monitor/nju_electric_monitor/src/../data/captcha_debug.png
2026-01-29 13:56:18,572 - INFO - 验证码识别尝试 4/30
2026-01-29 13:56:18,572 - INFO - 开始识别验证码...（easyocr + pytesseract）
2026-01-29 13:56:18,680 - INFO - easyocr 结果: ['78HH(0.64)']
2026-01-29 13:56:18,781 - INFO - tesseract 结果: 78HH
2026-01-29 13:56:18,843 - INFO - easyocr alt1 结果: ['78HA(0.78)']
2026-01-29 13:56:18,944 - INFO - tesseract alt1 结果: 78HH
2026-01-29 13:56:19,005 - INFO - easyocr alt2 结果: ['78HA(0.79)']
2026-01-29 13:56:19,104 - INFO - tesseract alt2 结果: 78HH
2026-01-29 13:56:19,262 - INFO - easyocr alt3 结果: ['78R(0.23)']
2026-01-29 13:56:19,375 - INFO - tesseract alt3 结果: 78HH
2026-01-29 13:56:19,435 - INFO - easyocr alt4 结果: ['78HA(0.60)']
2026-01-29 13:56:19,536 - INFO - tesseract alt4 结果: 78HH
2026-01-29 13:56:19,616 - INFO - easyocr alt5 结果: ['781(0.09)']
2026-01-29 13:56:19,710 - INFO - tesseract alt5 结果: 
2026-01-29 13:56:19,711 - INFO - 最终验证码识别结果: 78HA (engine=easyocr_alt2, prob=0.7857625059330219)
2026-01-29 13:56:19,711 - INFO - 查找验证码输入框...
2026-01-29 13:56:19,773 - INFO - 验证码填写完成
2026-01-29 13:56:19,773 - INFO - 验证码填写完成，点击登录按钮...
2026-01-29 13:56:19,773 - INFO - 查找并点击登录按钮...
2026-01-29 13:56:20,158 - INFO - 已点击登录按钮
2026-01-29 13:56:27,180 - INFO - 开始填写登录表单...
2026-01-29 13:56:27,244 - INFO - 用户名填写完成
2026-01-29 13:56:27,305 - INFO - 密码填写完成
2026-01-29 13:56:27,306 - INFO - 验证码图片已保存到 /home/runner/work/nju_electric_monitor/nju_electric_monitor/src/../data/captcha_debug.png
2026-01-29 13:56:27,306 - INFO - 验证码识别尝试 5/30
2026-01-29 13:56:27,306 - INFO - 开始识别验证码...（easyocr + pytesseract）
2026-01-29 13:56:27,407 - INFO - easyocr 结果: ['78HH(0.64)']
2026-01-29 13:56:27,511 - INFO - tesseract 结果: 78HH
2026-01-29 13:56:27,577 - INFO - easyocr alt1 结果: ['78HA(0.78)']
2026-01-29 13:56:27,684 - INFO - tesseract alt1 结果: 78HH
2026-01-29 13:56:27,749 - INFO - easyocr alt2 结果: ['78HA(0.79)']
2026-01-29 13:56:27,851 - INFO - tesseract alt2 结果: 78HH
2026-01-29 13:56:28,024 - INFO - easyocr alt3 结果: ['78R(0.23)']
2026-01-29 13:56:28,137 - INFO - tesseract alt3 结果: 78HH
2026-01-29 13:56:28,200 - INFO - easyocr alt4 结果: ['78HA(0.60)']
2026-01-29 13:56:28,302 - INFO - tesseract alt4 结果: 78HH
2026-01-29 13:56:28,384 - INFO - easyocr alt5 结果: ['781(0.09)']
2026-01-29 13:56:28,482 - INFO - tesseract alt5 结果: 
2026-01-29 13:56:28,482 - INFO - 最终验证码识别结果: 78HA (engine=easyocr_alt2, prob=0.7857625059330219)
2026-01-29 13:56:28,482 - INFO - 查找验证码输入框...
2026-01-29 13:56:28,542 - INFO - 验证码填写完成
2026-01-29 13:56:28,543 - INFO - 验证码填写完成，点击登录按钮...
2026-01-29 13:56:28,543 - INFO - 查找并点击登录按钮...
2026-01-29 13:56:28,920 - INFO - 已点击登录按钮
2026-01-29 13:56:35,943 - INFO - 开始填写登录表单...
2026-01-29 13:56:36,009 - INFO - 用户名填写完成
2026-01-29 13:56:36,070 - INFO - 密码填写完成
2026-01-29 13:56:36,071 - INFO - 验证码图片已保存到 /home/runner/work/nju_electric_monitor/nju_electric_monitor/src/../data/captcha_debug.png
2026-01-29 13:56:36,071 - INFO - 验证码识别尝试 6/30
2026-01-29 13:56:36,071 - INFO - 开始识别验证码...（easyocr + pytesseract）
2026-01-29 13:56:36,171 - INFO - easyocr 结果: ['78HH(0.64)']
2026-01-29 13:56:36,274 - INFO - tesseract 结果: 78HH
2026-01-29 13:56:36,361 - INFO - easyocr alt1 结果: ['78HA(0.78)']
2026-01-29 13:56:36,460 - INFO - tesseract alt1 结果: 78HH
2026-01-29 13:56:36,529 - INFO - easyocr alt2 结果: ['78HA(0.79)']
2026-01-29 13:56:36,626 - INFO - tesseract alt2 结果: 78HH
2026-01-29 13:56:36,784 - INFO - easyocr alt3 结果: ['78R(0.23)']
2026-01-29 13:56:36,898 - INFO - tesseract alt3 结果: 78HH
2026-01-29 13:56:36,959 - INFO - easyocr alt4 结果: ['78HA(0.60)']
2026-01-29 13:56:37,062 - INFO - tesseract alt4 结果: 78HH
2026-01-29 13:56:37,142 - INFO - easyocr alt5 结果: ['781(0.09)']
2026-01-29 13:56:37,237 - INFO - tesseract alt5 结果: 
2026-01-29 13:56:37,237 - INFO - 最终验证码识别结果: 78HA (engine=easyocr_alt2, prob=0.7857625059330219)
2026-01-29 13:56:37,237 - INFO - 查找验证码输入框...
2026-01-29 13:56:37,298 - INFO - 验证码填写完成
2026-01-29 13:56:37,298 - INFO - 验证码填写完成，点击登录按钮...
2026-01-29 13:56:37,298 - INFO - 查找并点击登录按钮...
2026-01-29 13:56:37,357 - INFO - 已点击登录按钮
2026-01-29 13:56:44,383 - INFO - 开始填写登录表单...
2026-01-29 13:56:44,451 - INFO - 用户名填写完成
2026-01-29 13:56:44,516 - INFO - 密码填写完成
2026-01-29 13:56:44,517 - INFO - 验证码图片已保存到 /home/runner/work/nju_electric_monitor/nju_electric_monitor/src/../data/captcha_debug.png
2026-01-29 13:56:44,517 - INFO - 验证码识别尝试 7/30
2026-01-29 13:56:44,517 - INFO - 开始识别验证码...（easyocr + pytesseract）
2026-01-29 13:56:44,627 - INFO - easyocr 结果: ['78HH(0.64)']
2026-01-29 13:56:44,726 - INFO - tesseract 结果: 78HH
2026-01-29 13:56:44,790 - INFO - easyocr alt1 结果: ['78HA(0.78)']
2026-01-29 13:56:44,894 - INFO - tesseract alt1 结果: 78HH
2026-01-29 13:56:44,955 - INFO - easyocr alt2 结果: ['78HA(0.79)']
2026-01-29 13:56:45,054 - INFO - tesseract alt2 结果: 78HH
2026-01-29 13:56:45,214 - INFO - easyocr alt3 结果: ['78R(0.23)']
2026-01-29 13:56:45,337 - INFO - tesseract alt3 结果: 78HH
2026-01-29 13:56:45,400 - INFO - easyocr alt4 结果: ['78HA(0.60)']
2026-01-29 13:56:45,498 - INFO - tesseract alt4 结果: 78HH
2026-01-29 13:56:45,578 - INFO - easyocr alt5 结果: ['781(0.09)']
2026-01-29 13:56:45,676 - INFO - tesseract alt5 结果: 
2026-01-29 13:56:45,676 - INFO - 最终验证码识别结果: 78HA (engine=easyocr_alt2, prob=0.7857625059330219)
2026-01-29 13:56:45,676 - INFO - 查找验证码输入框...
2026-01-29 13:56:45,736 - INFO - 验证码填写完成
2026-01-29 13:56:45,736 - INFO - 验证码填写完成，点击登录按钮...
2026-01-29 13:56:45,736 - INFO - 查找并点击登录按钮...
2026-01-29 13:56:46,117 - INFO - 已点击登录按钮
2026-01-29 13:56:53,142 - INFO - 开始填写登录表单...
2026-01-29 13:56:53,209 - INFO - 用户名填写完成
2026-01-29 13:56:53,273 - INFO - 密码填写完成
2026-01-29 13:56:53,274 - INFO - 验证码图片已保存到 /home/runner/work/nju_electric_monitor/nju_electric_monitor/src/../data/captcha_debug.png
2026-01-29 13:56:53,274 - INFO - 验证码识别尝试 8/30
2026-01-29 13:56:53,275 - INFO - 开始识别验证码...（easyocr + pytesseract）
2026-01-29 13:56:53,376 - INFO - easyocr 结果: ['78HH(0.64)']
2026-01-29 13:56:53,477 - INFO - tesseract 结果: 78HH
2026-01-29 13:56:53,540 - INFO - easyocr alt1 结果: ['78HA(0.78)']
2026-01-29 13:56:53,643 - INFO - tesseract alt1 结果: 78HH
2026-01-29 13:56:53,706 - INFO - easyocr alt2 结果: ['78HA(0.79)']
2026-01-29 13:56:53,808 - INFO - tesseract alt2 结果: 78HH
2026-01-29 13:56:53,968 - INFO - easyocr alt3 结果: ['78R(0.23)']
2026-01-29 13:56:54,083 - INFO - tesseract alt3 结果: 78HH
2026-01-29 13:56:54,145 - INFO - easyocr alt4 结果: ['78HA(0.60)']
2026-01-29 13:56:54,244 - INFO - tesseract alt4 结果: 78HH
2026-01-29 13:56:54,339 - INFO - easyocr alt5 结果: ['781(0.09)']
2026-01-29 13:56:54,438 - INFO - tesseract alt5 结果: 
2026-01-29 13:56:54,438 - INFO - 最终验证码识别结果: 78HA (engine=easyocr_alt2, prob=0.7857625059330219)
2026-01-29 13:56:54,438 - INFO - 查找验证码输入框...
2026-01-29 13:56:54,500 - INFO - 验证码填写完成
2026-01-29 13:56:54,500 - INFO - 验证码填写完成，点击登录按钮...
2026-01-29 13:56:54,501 - INFO - 查找并点击登录按钮...
2026-01-29 13:56:54,896 - INFO - 已点击登录按钮
2026-01-29 13:57:01,918 - INFO - 开始填写登录表单...
2026-01-29 13:57:01,982 - INFO - 用户名填写完成
2026-01-29 13:57:02,048 - INFO - 密码填写完成
2026-01-29 13:57:02,049 - INFO - 验证码图片已保存到 /home/runner/work/nju_electric_monitor/nju_electric_monitor/src/../data/captcha_debug.png
2026-01-29 13:57:02,049 - INFO - 验证码识别尝试 9/30
2026-01-29 13:57:02,049 - INFO - 开始识别验证码...（easyocr + pytesseract）
2026-01-29 13:57:02,159 - INFO - easyocr 结果: ['78HH(0.64)']
2026-01-29 13:57:02,258 - INFO - tesseract 结果: 78HH
2026-01-29 13:57:02,322 - INFO - easyocr alt1 结果: ['78HA(0.78)']
2026-01-29 13:57:02,422 - INFO - tesseract alt1 结果: 78HH
2026-01-29 13:57:02,484 - INFO - easyocr alt2 结果: ['78HA(0.79)']
2026-01-29 13:57:02,588 - INFO - tesseract alt2 结果: 78HH
2026-01-29 13:57:02,747 - INFO - easyocr alt3 结果: ['78R(0.23)']
2026-01-29 13:57:02,863 - INFO - tesseract alt3 结果: 78HH
2026-01-29 13:57:02,925 - INFO - easyocr alt4 结果: ['78HA(0.60)']
2026-01-29 13:57:03,024 - INFO - tesseract alt4 结果: 78HH
2026-01-29 13:57:03,121 - INFO - easyocr alt5 结果: ['781(0.09)']
2026-01-29 13:57:03,221 - INFO - tesseract alt5 结果: 
2026-01-29 13:57:03,221 - INFO - 最终验证码识别结果: 78HA (engine=easyocr_alt2, prob=0.7857625059330219)
2026-01-29 13:57:03,221 - INFO - 查找验证码输入框...
2026-01-29 13:57:03,282 - INFO - 验证码填写完成
2026-01-29 13:57:03,282 - INFO - 验证码填写完成，点击登录按钮...
2026-01-29 13:57:03,282 - INFO - 查找并点击登录按钮...
2026-01-29 13:57:03,681 - INFO - 已点击登录按钮
2026-01-29 13:57:10,703 - INFO - 开始填写登录表单...
2026-01-29 13:57:10,767 - INFO - 用户名填写完成
2026-01-29 13:57:10,835 - INFO - 密码填写完成
2026-01-29 13:57:10,836 - INFO - 验证码图片已保存到 /home/runner/work/nju_electric_monitor/nju_electric_monitor/src/../data/captcha_debug.png
2026-01-29 13:57:10,836 - INFO - 验证码识别尝试 10/30
2026-01-29 13:57:10,836 - INFO - 开始识别验证码...（easyocr + pytesseract）
2026-01-29 13:57:10,951 - INFO - easyocr 结果: ['78HH(0.64)']
2026-01-29 13:57:11,052 - INFO - tesseract 结果: 78HH
2026-01-29 13:57:11,121 - INFO - easyocr alt1 结果: ['78HA(0.78)']
2026-01-29 13:57:11,220 - INFO - tesseract alt1 结果: 78HH
2026-01-29 13:57:11,282 - INFO - easyocr alt2 结果: ['78HA(0.79)']
2026-01-29 13:57:11,381 - INFO - tesseract alt2 结果: 78HH
2026-01-29 13:57:11,541 - INFO - easyocr alt3 结果: ['78R(0.23)']
2026-01-29 13:57:11,651 - INFO - tesseract alt3 结果: 78HH
2026-01-29 13:57:11,711 - INFO - easyocr alt4 结果: ['78HA(0.60)']
2026-01-29 13:57:11,811 - INFO - tesseract alt4 结果: 78HH
2026-01-29 13:57:11,891 - INFO - easyocr alt5 结果: ['781(0.09)']
2026-01-29 13:57:11,985 - INFO - tesseract alt5 结果: 
2026-01-29 13:57:11,985 - INFO - 最终验证码识别结果: 78HA (engine=easyocr_alt2, prob=0.7857625059330219)
2026-01-29 13:57:11,985 - INFO - 查找验证码输入框...
2026-01-29 13:57:12,047 - INFO - 验证码填写完成
2026-01-29 13:57:12,048 - INFO - 验证码填写完成，点击登录按钮...
2026-01-29 13:57:12,048 - INFO - 查找并点击登录按钮...
2026-01-29 13:57:12,439 - INFO - 已点击登录按钮
2026-01-29 13:57:19,462 - INFO - 开始填写登录表单...
2026-01-29 13:57:19,529 - INFO - 用户名填写完成
2026-01-29 13:57:19,593 - INFO - 密码填写完成
2026-01-29 13:57:19,594 - INFO - 验证码图片已保存到 /home/runner/work/nju_electric_monitor/nju_electric_monitor/src/../data/captcha_debug.png
2026-01-29 13:57:19,594 - INFO - 验证码识别尝试 11/30
2026-01-29 13:57:19,594 - INFO - 开始识别验证码...（easyocr + pytesseract）
2026-01-29 13:57:19,698 - INFO - easyocr 结果: ['78HH(0.64)']
2026-01-29 13:57:19,801 - INFO - tesseract 结果: 78HH
2026-01-29 13:57:19,864 - INFO - easyocr alt1 结果: ['78HA(0.78)']
2026-01-29 13:57:19,964 - INFO - tesseract alt1 结果: 78HH
2026-01-29 13:57:20,026 - INFO - easyocr alt2 结果: ['78HA(0.79)']
2026-01-29 13:57:20,126 - INFO - tesseract alt2 结果: 78HH
2026-01-29 13:57:20,286 - INFO - easyocr alt3 结果: ['78R(0.23)']
2026-01-29 13:57:20,398 - INFO - tesseract alt3 结果: 78HH
2026-01-29 13:57:20,459 - INFO - easyocr alt4 结果: ['78HA(0.60)']
2026-01-29 13:57:20,559 - INFO - tesseract alt4 结果: 78HH
2026-01-29 13:57:20,640 - INFO - easyocr alt5 结果: ['781(0.09)']
2026-01-29 13:57:20,735 - INFO - tesseract alt5 结果: 
2026-01-29 13:57:20,735 - INFO - 最终验证码识别结果: 78HA (engine=easyocr_alt2, prob=0.7857625059330219)
2026-01-29 13:57:20,735 - INFO - 查找验证码输入框...
2026-01-29 13:57:20,803 - INFO - 验证码填写完成
2026-01-29 13:57:20,803 - INFO - 验证码填写完成，点击登录按钮...
2026-01-29 13:57:20,803 - INFO - 查找并点击登录按钮...
2026-01-29 13:57:21,176 - INFO - 已点击登录按钮
2026-01-29 13:57:28,198 - INFO - 开始填写登录表单...
2026-01-29 13:57:28,263 - INFO - 用户名填写完成
2026-01-29 13:57:28,328 - INFO - 密码填写完成
2026-01-29 13:57:28,329 - INFO - 验证码图片已保存到 /home/runner/work/nju_electric_monitor/nju_electric_monitor/src/../data/captcha_debug.png
2026-01-29 13:57:28,329 - INFO - 验证码识别尝试 12/30
2026-01-29 13:57:28,329 - INFO - 开始识别验证码...（easyocr + pytesseract）
2026-01-29 13:57:28,439 - INFO - easyocr 结果: ['78HH(0.64)']
2026-01-29 13:57:28,536 - INFO - tesseract 结果: 78HH
2026-01-29 13:57:28,596 - INFO - easyocr alt1 结果: ['78HA(0.78)']
2026-01-29 13:57:28,703 - INFO - tesseract alt1 结果: 78HH
2026-01-29 13:57:28,763 - INFO - easyocr alt2 结果: ['78HA(0.79)']
2026-01-29 13:57:28,862 - INFO - tesseract alt2 结果: 78HH
2026-01-29 13:57:29,020 - INFO - easyocr alt3 结果: ['78R(0.23)']
2026-01-29 13:57:29,130 - INFO - tesseract alt3 结果: 78HH
2026-01-29 13:57:29,190 - INFO - easyocr alt4 结果: ['78HA(0.60)']
2026-01-29 13:57:29,288 - INFO - tesseract alt4 结果: 78HH
2026-01-29 13:57:29,366 - INFO - easyocr alt5 结果: ['781(0.09)']
2026-01-29 13:57:29,461 - INFO - tesseract alt5 结果: 
2026-01-29 13:57:29,461 - INFO - 最终验证码识别结果: 78HA (engine=easyocr_alt2, prob=0.7857625059330219)
2026-01-29 13:57:29,461 - INFO - 查找验证码输入框...
2026-01-29 13:57:29,521 - INFO - 验证码填写完成
2026-01-29 13:57:29,521 - INFO - 验证码填写完成，点击登录按钮...
2026-01-29 13:57:29,521 - INFO - 查找并点击登录按钮...
2026-01-29 13:57:29,896 - INFO - 已点击登录按钮
2026-01-29 13:57:36,918 - INFO - 开始填写登录表单...
2026-01-29 13:57:36,983 - INFO - 用户名填写完成
2026-01-29 13:57:37,052 - INFO - 密码填写完成
2026-01-29 13:57:37,053 - INFO - 验证码图片已保存到 /home/runner/work/nju_electric_monitor/nju_electric_monitor/src/../data/captcha_debug.png
2026-01-29 13:57:37,053 - INFO - 验证码识别尝试 13/30
2026-01-29 13:57:37,053 - INFO - 开始识别验证码...（easyocr + pytesseract）
2026-01-29 13:57:37,152 - INFO - easyocr 结果: ['78HH(0.64)']
2026-01-29 13:57:37,257 - INFO - tesseract 结果: 78HH
2026-01-29 13:57:37,319 - INFO - easyocr alt1 结果: ['78HA(0.78)']
2026-01-29 13:57:37,417 - INFO - tesseract alt1 结果: 78HH
2026-01-29 13:57:37,477 - INFO - easyocr alt2 结果: ['78HA(0.79)']
2026-01-29 13:57:37,578 - INFO - tesseract alt2 结果: 78HH
2026-01-29 13:57:37,737 - INFO - easyocr alt3 结果: ['78R(0.23)']
2026-01-29 13:57:37,851 - INFO - tesseract alt3 结果: 78HH
2026-01-29 13:57:37,911 - INFO - easyocr alt4 结果: ['78HA(0.60)']
2026-01-29 13:57:38,010 - INFO - tesseract alt4 结果: 78HH
2026-01-29 13:57:38,100 - INFO - easyocr alt5 结果: ['781(0.09)']
2026-01-29 13:57:38,194 - INFO - tesseract alt5 结果: 
2026-01-29 13:57:38,194 - INFO - 最终验证码识别结果: 78HA (engine=easyocr_alt2, prob=0.7857625059330219)
2026-01-29 13:57:38,194 - INFO - 查找验证码输入框...
2026-01-29 13:57:38,254 - INFO - 验证码填写完成
2026-01-29 13:57:38,254 - INFO - 验证码填写完成，点击登录按钮...
2026-01-29 13:57:38,254 - INFO - 查找并点击登录按钮...
2026-01-29 13:57:38,624 - INFO - 已点击登录按钮
2026-01-29 13:57:45,650 - INFO - 开始填写登录表单...
2026-01-29 13:57:45,729 - INFO - 用户名填写完成
2026-01-29 13:57:45,799 - INFO - 密码填写完成
2026-01-29 13:57:45,800 - INFO - 验证码图片已保存到 /home/runner/work/nju_electric_monitor/nju_electric_monitor/src/../data/captcha_debug.png
2026-01-29 13:57:45,800 - INFO - 验证码识别尝试 14/30
2026-01-29 13:57:45,800 - INFO - 开始识别验证码...（easyocr + pytesseract）
2026-01-29 13:57:45,901 - INFO - easyocr 结果: ['78HH(0.64)']
2026-01-29 13:57:46,008 - INFO - tesseract 结果: 78HH
2026-01-29 13:57:46,070 - INFO - easyocr alt1 结果: ['78HA(0.78)']
2026-01-29 13:57:46,174 - INFO - tesseract alt1 结果: 78HH
2026-01-29 13:57:46,236 - INFO - easyocr alt2 结果: ['78HA(0.79)']
2026-01-29 13:57:46,336 - INFO - tesseract alt2 结果: 78HH
2026-01-29 13:57:46,494 - INFO - easyocr alt3 结果: ['78R(0.23)']
2026-01-29 13:57:46,612 - INFO - tesseract alt3 结果: 78HH
2026-01-29 13:57:46,673 - INFO - easyocr alt4 结果: ['78HA(0.60)']
2026-01-29 13:57:46,771 - INFO - tesseract alt4 结果: 78HH
2026-01-29 13:57:46,851 - INFO - easyocr alt5 结果: ['781(0.09)']
2026-01-29 13:57:46,947 - INFO - tesseract alt5 结果: 
2026-01-29 13:57:46,948 - INFO - 最终验证码识别结果: 78HA (engine=easyocr_alt2, prob=0.7857625059330219)
2026-01-29 13:57:46,948 - INFO - 查找验证码输入框...
2026-01-29 13:57:47,012 - INFO - 验证码填写完成
2026-01-29 13:57:47,012 - INFO - 验证码填写完成，点击登录按钮...
2026-01-29 13:57:47,012 - INFO - 查找并点击登录按钮...
2026-01-29 13:57:47,390 - INFO - 已点击登录按钮
2026-01-29 13:57:54,413 - INFO - 开始填写登录表单...
2026-01-29 13:57:54,479 - INFO - 用户名填写完成
2026-01-29 13:57:54,550 - INFO - 密码填写完成
2026-01-29 13:57:54,550 - INFO - 验证码图片已保存到 /home/runner/work/nju_electric_monitor/nju_electric_monitor/src/../data/captcha_debug.png
2026-01-29 13:57:54,551 - INFO - 验证码识别尝试 15/30
2026-01-29 13:57:54,551 - INFO - 开始识别验证码...（easyocr + pytesseract）
2026-01-29 13:57:54,650 - INFO - easyocr 结果: ['78HH(0.64)']
2026-01-29 13:57:54,755 - INFO - tesseract 结果: 78HH
2026-01-29 13:57:54,817 - INFO - easyocr alt1 结果: ['78HA(0.78)']
2026-01-29 13:57:54,920 - INFO - tesseract alt1 结果: 78HH
2026-01-29 13:57:54,982 - INFO - easyocr alt2 结果: ['78HA(0.79)']
2026-01-29 13:57:55,083 - INFO - tesseract alt2 结果: 78HH
2026-01-29 13:57:55,242 - INFO - easyocr alt3 结果: ['78R(0.23)']
2026-01-29 13:57:55,354 - INFO - tesseract alt3 结果: 78HH
2026-01-29 13:57:55,413 - INFO - easyocr alt4 结果: ['78HA(0.60)']
2026-01-29 13:57:55,511 - INFO - tesseract alt4 结果: 78HH
2026-01-29 13:57:55,591 - INFO - easyocr alt5 结果: ['781(0.09)']
2026-01-29 13:57:55,689 - INFO - tesseract alt5 结果: 
2026-01-29 13:57:55,689 - INFO - 最终验证码识别结果: 78HA (engine=easyocr_alt2, prob=0.7857625059330219)
2026-01-29 13:57:55,689 - INFO - 查找验证码输入框...
2026-01-29 13:57:55,755 - INFO - 验证码填写完成
2026-01-29 13:57:55,755 - INFO - 验证码填写完成，点击登录按钮...
2026-01-29 13:57:55,755 - INFO - 查找并点击登录按钮...
2026-01-29 13:57:56,146 - INFO - 已点击登录按钮
2026-01-29 13:58:03,168 - INFO - 开始填写登录表单...
2026-01-29 13:58:03,237 - INFO - 用户名填写完成
2026-01-29 13:58:03,300 - INFO - 密码填写完成
2026-01-29 13:58:03,301 - INFO - 验证码图片已保存到 /home/runner/work/nju_electric_monitor/nju_electric_monitor/src/../data/captcha_debug.png
2026-01-29 13:58:03,301 - INFO - 验证码识别尝试 16/30
2026-01-29 13:58:03,301 - INFO - 开始识别验证码...（easyocr + pytesseract）
2026-01-29 13:58:03,402 - INFO - easyocr 结果: ['78HH(0.64)']
2026-01-29 13:58:03,502 - INFO - tesseract 结果: 78HH
2026-01-29 13:58:03,565 - INFO - easyocr alt1 结果: ['78HA(0.78)']
2026-01-29 13:58:03,668 - INFO - tesseract alt1 结果: 78HH
2026-01-29 13:58:03,731 - INFO - easyocr alt2 结果: ['78HA(0.79)']
2026-01-29 13:58:03,830 - INFO - tesseract alt2 结果: 78HH
2026-01-29 13:58:03,989 - INFO - easyocr alt3 结果: ['78R(0.23)']
2026-01-29 13:58:04,108 - INFO - tesseract alt3 结果: 78HH
2026-01-29 13:58:04,170 - INFO - easyocr alt4 结果: ['78HA(0.60)']
2026-01-29 13:58:04,273 - INFO - tesseract alt4 结果: 78HH
2026-01-29 13:58:04,353 - INFO - easyocr alt5 结果: ['781(0.09)']
2026-01-29 13:58:04,447 - INFO - tesseract alt5 结果: 
2026-01-29 13:58:04,447 - INFO - 最终验证码识别结果: 78HA (engine=easyocr_alt2, prob=0.7857625059330219)
2026-01-29 13:58:04,448 - INFO - 查找验证码输入框...
2026-01-29 13:58:04,510 - INFO - 验证码填写完成
2026-01-29 13:58:04,510 - INFO - 验证码填写完成，点击登录按钮...
2026-01-29 13:58:04,510 - INFO - 查找并点击登录按钮...
2026-01-29 13:58:04,904 - INFO - 已点击登录按钮
2026-01-29 13:58:11,925 - INFO - 开始填写登录表单...
2026-01-29 13:58:11,989 - INFO - 用户名填写完成
2026-01-29 13:58:12,051 - INFO - 密码填写完成
2026-01-29 13:58:12,052 - INFO - 验证码图片已保存到 /home/runner/work/nju_electric_monitor/nju_electric_monitor/src/../data/captcha_debug.png
2026-01-29 13:58:12,052 - INFO - 验证码识别尝试 17/30
2026-01-29 13:58:12,052 - INFO - 开始识别验证码...（easyocr + pytesseract）
2026-01-29 13:58:12,165 - INFO - easyocr 结果: ['78HH(0.64)']
2026-01-29 13:58:12,267 - INFO - tesseract 结果: 78HH
2026-01-29 13:58:12,328 - INFO - easyocr alt1 结果: ['78HA(0.78)']
2026-01-29 13:58:12,426 - INFO - tesseract alt1 结果: 78HH
2026-01-29 13:58:12,486 - INFO - easyocr alt2 结果: ['78HA(0.79)']
2026-01-29 13:58:12,589 - INFO - tesseract alt2 结果: 78HH
2026-01-29 13:58:12,746 - INFO - easyocr alt3 结果: ['78R(0.23)']
2026-01-29 13:58:12,864 - INFO - tesseract alt3 结果: 78HH
2026-01-29 13:58:12,925 - INFO - easyocr alt4 结果: ['78HA(0.60)']
2026-01-29 13:58:13,028 - INFO - tesseract alt4 结果: 78HH
2026-01-29 13:58:13,108 - INFO - easyocr alt5 结果: ['781(0.09)']
2026-01-29 13:58:13,206 - INFO - tesseract alt5 结果: 
2026-01-29 13:58:13,206 - INFO - 最终验证码识别结果: 78HA (engine=easyocr_alt2, prob=0.7857625059330219)
2026-01-29 13:58:13,206 - INFO - 查找验证码输入框...
2026-01-29 13:58:13,264 - INFO - 验证码填写完成
2026-01-29 13:58:13,264 - INFO - 验证码填写完成，点击登录按钮...
2026-01-29 13:58:13,264 - INFO - 查找并点击登录按钮...
2026-01-29 13:58:13,650 - INFO - 已点击登录按钮
2026-01-29 13:58:20,675 - INFO - 开始填写登录表单...
2026-01-29 13:58:20,746 - INFO - 用户名填写完成
2026-01-29 13:58:20,811 - INFO - 密码填写完成
2026-01-29 13:58:20,811 - INFO - 验证码图片已保存到 /home/runner/work/nju_electric_monitor/nju_electric_monitor/src/../data/captcha_debug.png
2026-01-29 13:58:20,811 - INFO - 验证码识别尝试 18/30
2026-01-29 13:58:20,812 - INFO - 开始识别验证码...（easyocr + pytesseract）
2026-01-29 13:58:20,911 - INFO - easyocr 结果: ['78HH(0.64)']
2026-01-29 13:58:21,013 - INFO - tesseract 结果: 78HH
2026-01-29 13:58:21,075 - INFO - easyocr alt1 结果: ['78HA(0.78)']
2026-01-29 13:58:21,177 - INFO - tesseract alt1 结果: 78HH
2026-01-29 13:58:21,237 - INFO - easyocr alt2 结果: ['78HA(0.79)']
2026-01-29 13:58:21,339 - INFO - tesseract alt2 结果: 78HH
2026-01-29 13:58:21,505 - INFO - easyocr alt3 结果: ['78R(0.23)']
2026-01-29 13:58:21,617 - INFO - tesseract alt3 结果: 78HH
2026-01-29 13:58:21,678 - INFO - easyocr alt4 结果: ['78HA(0.60)']
2026-01-29 13:58:21,783 - INFO - tesseract alt4 结果: 78HH
2026-01-29 13:58:21,863 - INFO - easyocr alt5 结果: ['781(0.09)']
2026-01-29 13:58:21,960 - INFO - tesseract alt5 结果: 
2026-01-29 13:58:21,960 - INFO - 最终验证码识别结果: 78HA (engine=easyocr_alt2, prob=0.7857625059330219)
2026-01-29 13:58:21,960 - INFO - 查找验证码输入框...
2026-01-29 13:58:22,018 - INFO - 验证码填写完成
2026-01-29 13:58:22,019 - INFO - 验证码填写完成，点击登录按钮...
2026-01-29 13:58:22,019 - INFO - 查找并点击登录按钮...
2026-01-29 13:58:22,397 - INFO - 已点击登录按钮
2026-01-29 13:58:29,418 - INFO - 开始填写登录表单...
2026-01-29 13:58:29,483 - INFO - 用户名填写完成
2026-01-29 13:58:29,550 - INFO - 密码填写完成
2026-01-29 13:58:29,550 - INFO - 验证码图片已保存到 /home/runner/work/nju_electric_monitor/nju_electric_monitor/src/../data/captcha_debug.png
2026-01-29 13:58:29,550 - INFO - 验证码识别尝试 19/30
2026-01-29 13:58:29,550 - INFO - 开始识别验证码...（easyocr + pytesseract）
2026-01-29 13:58:29,649 - INFO - easyocr 结果: ['78HH(0.64)']
2026-01-29 13:58:29,752 - INFO - tesseract 结果: 78HH
2026-01-29 13:58:29,813 - INFO - easyocr alt1 结果: ['78HA(0.78)']
2026-01-29 13:58:29,910 - INFO - tesseract alt1 结果: 78HH
2026-01-29 13:58:29,971 - INFO - easyocr alt2 结果: ['78HA(0.79)']
2026-01-29 13:58:30,071 - INFO - tesseract alt2 结果: 78HH
2026-01-29 13:58:30,237 - INFO - easyocr alt3 结果: ['78R(0.23)']
2026-01-29 13:58:30,349 - INFO - tesseract alt3 结果: 78HH
2026-01-29 13:58:30,418 - INFO - easyocr alt4 结果: ['78HA(0.60)']
2026-01-29 13:58:30,522 - INFO - tesseract alt4 结果: 78HH
2026-01-29 13:58:30,602 - INFO - easyocr alt5 结果: ['781(0.09)']
2026-01-29 13:58:30,697 - INFO - tesseract alt5 结果: 
2026-01-29 13:58:30,697 - INFO - 最终验证码识别结果: 78HA (engine=easyocr_alt2, prob=0.7857625059330219)
2026-01-29 13:58:30,697 - INFO - 查找验证码输入框...
2026-01-29 13:58:30,759 - INFO - 验证码填写完成
2026-01-29 13:58:30,759 - INFO - 验证码填写完成，点击登录按钮...
2026-01-29 13:58:30,759 - INFO - 查找并点击登录按钮...
2026-01-29 13:58:31,159 - INFO - 已点击登录按钮
2026-01-29 13:58:38,182 - INFO - 开始填写登录表单...
2026-01-29 13:58:38,246 - INFO - 用户名填写完成
2026-01-29 13:58:38,310 - INFO - 密码填写完成
2026-01-29 13:58:38,311 - INFO - 验证码图片已保存到 /home/runner/work/nju_electric_monitor/nju_electric_monitor/src/../data/captcha_debug.png
2026-01-29 13:58:38,311 - INFO - 验证码识别尝试 20/30
2026-01-29 13:58:38,311 - INFO - 开始识别验证码...（easyocr + pytesseract）
2026-01-29 13:58:38,428 - INFO - easyocr 结果: ['78HH(0.64)']
2026-01-29 13:58:38,535 - INFO - tesseract 结果: 78HH
2026-01-29 13:58:38,598 - INFO - easyocr alt1 结果: ['78HA(0.78)']
2026-01-29 13:58:38,699 - INFO - tesseract alt1 结果: 78HH
2026-01-29 13:58:38,777 - INFO - easyocr alt2 结果: ['78HA(0.79)']
2026-01-29 13:58:38,889 - INFO - tesseract alt2 结果: 78HH
2026-01-29 13:58:39,061 - INFO - easyocr alt3 结果: ['78R(0.23)']
2026-01-29 13:58:39,174 - INFO - tesseract alt3 结果: 78HH
2026-01-29 13:58:39,234 - INFO - easyocr alt4 结果: ['78HA(0.60)']
2026-01-29 13:58:39,340 - INFO - tesseract alt4 结果: 78HH
2026-01-29 13:58:39,420 - INFO - easyocr alt5 结果: ['781(0.09)']
2026-01-29 13:58:39,512 - INFO - tesseract alt5 结果: 
2026-01-29 13:58:39,513 - INFO - 最终验证码识别结果: 78HA (engine=easyocr_alt2, prob=0.7857625059330219)
2026-01-29 13:58:39,513 - INFO - 查找验证码输入框...
2026-01-29 13:58:39,573 - INFO - 验证码填写完成
2026-01-29 13:58:39,573 - INFO - 验证码填写完成，点击登录按钮...
2026-01-29 13:58:39,573 - INFO - 查找并点击登录按钮...
2026-01-29 13:58:39,961 - INFO - 已点击登录按钮
2026-01-29 13:58:46,984 - INFO - 开始填写登录表单...
2026-01-29 13:58:47,048 - INFO - 用户名填写完成
2026-01-29 13:58:47,110 - INFO - 密码填写完成
2026-01-29 13:58:47,110 - INFO - 验证码图片已保存到 /home/runner/work/nju_electric_monitor/nju_electric_monitor/src/../data/captcha_debug.png
2026-01-29 13:58:47,110 - INFO - 验证码识别尝试 21/30
2026-01-29 13:58:47,110 - INFO - 开始识别验证码...（easyocr + pytesseract）
2026-01-29 13:58:47,219 - INFO - easyocr 结果: ['78HH(0.64)']
2026-01-29 13:58:47,317 - INFO - tesseract 结果: 78HH
2026-01-29 13:58:47,385 - INFO - easyocr alt1 结果: ['78HA(0.78)']
2026-01-29 13:58:47,484 - INFO - tesseract alt1 结果: 78HH
2026-01-29 13:58:47,544 - INFO - easyocr alt2 结果: ['78HA(0.79)']
2026-01-29 13:58:47,644 - INFO - tesseract alt2 结果: 78HH
2026-01-29 13:58:47,802 - INFO - easyocr alt3 结果: ['78R(0.23)']
2026-01-29 13:58:47,915 - INFO - tesseract alt3 结果: 78HH
2026-01-29 13:58:47,976 - INFO - easyocr alt4 结果: ['78HA(0.60)']
2026-01-29 13:58:48,074 - INFO - tesseract alt4 结果: 78HH
2026-01-29 13:58:48,155 - INFO - easyocr alt5 结果: ['781(0.09)']
2026-01-29 13:58:48,249 - INFO - tesseract alt5 结果: 
2026-01-29 13:58:48,249 - INFO - 最终验证码识别结果: 78HA (engine=easyocr_alt2, prob=0.7857625059330219)
2026-01-29 13:58:48,249 - INFO - 查找验证码输入框...
2026-01-29 13:58:48,308 - INFO - 验证码填写完成
2026-01-29 13:58:48,308 - INFO - 验证码填写完成，点击登录按钮...
2026-01-29 13:58:48,308 - INFO - 查找并点击登录按钮...
2026-01-29 13:58:48,689 - INFO - 已点击登录按钮
2026-01-29 13:58:55,710 - INFO - 开始填写登录表单...
2026-01-29 13:58:55,779 - INFO - 用户名填写完成
2026-01-29 13:58:55,843 - INFO - 密码填写完成
2026-01-29 13:58:55,844 - INFO - 验证码图片已保存到 /home/runner/work/nju_electric_monitor/nju_electric_monitor/src/../data/captcha_debug.png
2026-01-29 13:58:55,844 - INFO - 验证码识别尝试 22/30
2026-01-29 13:58:55,844 - INFO - 开始识别验证码...（easyocr + pytesseract）
2026-01-29 13:58:55,943 - INFO - easyocr 结果: ['78HH(0.64)']
2026-01-29 13:58:56,048 - INFO - tesseract 结果: 78HH
2026-01-29 13:58:56,110 - INFO - easyocr alt1 结果: ['78HA(0.78)']
2026-01-29 13:58:56,213 - INFO - tesseract alt1 结果: 78HH
2026-01-29 13:58:56,273 - INFO - easyocr alt2 结果: ['78HA(0.79)']
2026-01-29 13:58:56,373 - INFO - tesseract alt2 结果: 78HH
2026-01-29 13:58:56,530 - INFO - easyocr alt3 结果: ['78R(0.23)']
2026-01-29 13:58:56,641 - INFO - tesseract alt3 结果: 78HH
2026-01-29 13:58:56,702 - INFO - easyocr alt4 结果: ['78HA(0.60)']
2026-01-29 13:58:56,804 - INFO - tesseract alt4 结果: 78HH
2026-01-29 13:58:56,883 - INFO - easyocr alt5 结果: ['781(0.09)']
2026-01-29 13:58:56,977 - INFO - tesseract alt5 结果: 
2026-01-29 13:58:56,977 - INFO - 最终验证码识别结果: 78HA (engine=easyocr_alt2, prob=0.7857625059330219)
2026-01-29 13:58:56,977 - INFO - 查找验证码输入框...
2026-01-29 13:58:57,036 - INFO - 验证码填写完成
2026-01-29 13:58:57,036 - INFO - 验证码填写完成，点击登录按钮...
2026-01-29 13:58:57,037 - INFO - 查找并点击登录按钮...
2026-01-29 13:58:57,436 - INFO - 已点击登录按钮
2026-01-29 13:59:04,458 - INFO - 开始填写登录表单...
2026-01-29 13:59:04,530 - INFO - 用户名填写完成
2026-01-29 13:59:04,596 - INFO - 密码填写完成
2026-01-29 13:59:04,597 - INFO - 验证码图片已保存到 /home/runner/work/nju_electric_monitor/nju_electric_monitor/src/../data/captcha_debug.png
2026-01-29 13:59:04,597 - INFO - 验证码识别尝试 23/30
2026-01-29 13:59:04,597 - INFO - 开始识别验证码...（easyocr + pytesseract）
2026-01-29 13:59:04,697 - INFO - easyocr 结果: ['78HH(0.64)']
2026-01-29 13:59:04,797 - INFO - tesseract 结果: 78HH
2026-01-29 13:59:04,859 - INFO - easyocr alt1 结果: ['78HA(0.78)']
2026-01-29 13:59:04,959 - INFO - tesseract alt1 结果: 78HH
2026-01-29 13:59:05,020 - INFO - easyocr alt2 结果: ['78HA(0.79)']
2026-01-29 13:59:05,118 - INFO - tesseract alt2 结果: 78HH
2026-01-29 13:59:05,276 - INFO - easyocr alt3 结果: ['78R(0.23)']
2026-01-29 13:59:05,387 - INFO - tesseract alt3 结果: 78HH
2026-01-29 13:59:05,447 - INFO - easyocr alt4 结果: ['78HA(0.60)']
2026-01-29 13:59:05,546 - INFO - tesseract alt4 结果: 78HH
2026-01-29 13:59:05,625 - INFO - easyocr alt5 结果: ['781(0.09)']
2026-01-29 13:59:05,717 - INFO - tesseract alt5 结果: 
2026-01-29 13:59:05,717 - INFO - 最终验证码识别结果: 78HA (engine=easyocr_alt2, prob=0.7857625059330219)
2026-01-29 13:59:05,717 - INFO - 查找验证码输入框...
2026-01-29 13:59:05,776 - INFO - 验证码填写完成
2026-01-29 13:59:05,776 - INFO - 验证码填写完成，点击登录按钮...
2026-01-29 13:59:05,776 - INFO - 查找并点击登录按钮...
2026-01-29 13:59:05,835 - INFO - 已点击登录按钮
2026-01-29 13:59:12,858 - INFO - 开始填写登录表单...
2026-01-29 13:59:12,924 - INFO - 用户名填写完成
2026-01-29 13:59:12,996 - INFO - 密码填写完成
2026-01-29 13:59:12,997 - INFO - 验证码图片已保存到 /home/runner/work/nju_electric_monitor/nju_electric_monitor/src/../data/captcha_debug.png
2026-01-29 13:59:12,997 - INFO - 验证码识别尝试 24/30
2026-01-29 13:59:12,997 - INFO - 开始识别验证码...（easyocr + pytesseract）
2026-01-29 13:59:13,106 - INFO - easyocr 结果: ['78HH(0.64)']
2026-01-29 13:59:13,206 - INFO - tesseract 结果: 78HH
2026-01-29 13:59:13,285 - INFO - easyocr alt1 结果: ['78HA(0.78)']
2026-01-29 13:59:13,390 - INFO - tesseract alt1 结果: 78HH
2026-01-29 13:59:13,451 - INFO - easyocr alt2 结果: ['78HA(0.79)']
2026-01-29 13:59:13,557 - INFO - tesseract alt2 结果: 78HH
2026-01-29 13:59:13,714 - INFO - easyocr alt3 结果: ['78R(0.23)']
2026-01-29 13:59:13,827 - INFO - tesseract alt3 结果: 78HH
2026-01-29 13:59:13,889 - INFO - easyocr alt4 结果: ['78HA(0.60)']
2026-01-29 13:59:13,995 - INFO - tesseract alt4 结果: 78HH
2026-01-29 13:59:14,076 - INFO - easyocr alt5 结果: ['781(0.09)']
2026-01-29 13:59:14,172 - INFO - tesseract alt5 结果: 
2026-01-29 13:59:14,172 - INFO - 最终验证码识别结果: 78HA (engine=easyocr_alt2, prob=0.7857625059330219)
2026-01-29 13:59:14,172 - INFO - 查找验证码输入框...
2026-01-29 13:59:14,240 - INFO - 验证码填写完成
2026-01-29 13:59:14,240 - INFO - 验证码填写完成，点击登录按钮...
2026-01-29 13:59:14,240 - INFO - 查找并点击登录按钮...
2026-01-29 13:59:14,645 - INFO - 已点击登录按钮
2026-01-29 13:59:21,667 - INFO - 开始填写登录表单...
2026-01-29 13:59:21,731 - INFO - 用户名填写完成
2026-01-29 13:59:21,791 - INFO - 密码填写完成
2026-01-29 13:59:21,792 - INFO - 验证码图片已保存到 /home/runner/work/nju_electric_monitor/nju_electric_monitor/src/../data/captcha_debug.png
2026-01-29 13:59:21,792 - INFO - 验证码识别尝试 25/30
2026-01-29 13:59:21,792 - INFO - 开始识别验证码...（easyocr + pytesseract）
2026-01-29 13:59:21,891 - INFO - easyocr 结果: ['78HH(0.64)']
2026-01-29 13:59:21,993 - INFO - tesseract 结果: 78HH
2026-01-29 13:59:22,054 - INFO - easyocr alt1 结果: ['78HA(0.78)']
2026-01-29 13:59:22,159 - INFO - tesseract alt1 结果: 78HH
2026-01-29 13:59:22,221 - INFO - easyocr alt2 结果: ['78HA(0.79)']
2026-01-29 13:59:22,322 - INFO - tesseract alt2 结果: 78HH
2026-01-29 13:59:22,481 - INFO - easyocr alt3 结果: ['78R(0.23)']
2026-01-29 13:59:22,596 - INFO - tesseract alt3 结果: 78HH
2026-01-29 13:59:22,657 - INFO - easyocr alt4 结果: ['78HA(0.60)']
2026-01-29 13:59:22,758 - INFO - tesseract alt4 结果: 78HH
2026-01-29 13:59:22,839 - INFO - easyocr alt5 结果: ['781(0.09)']
2026-01-29 13:59:22,936 - INFO - tesseract alt5 结果: 
2026-01-29 13:59:22,937 - INFO - 最终验证码识别结果: 78HA (engine=easyocr_alt2, prob=0.7857625059330219)
2026-01-29 13:59:22,937 - INFO - 查找验证码输入框...
2026-01-29 13:59:22,996 - INFO - 验证码填写完成
2026-01-29 13:59:22,996 - INFO - 验证码填写完成，点击登录按钮...
2026-01-29 13:59:22,996 - INFO - 查找并点击登录按钮...
2026-01-29 13:59:23,397 - INFO - 已点击登录按钮
2026-01-29 13:59:30,422 - INFO - 开始填写登录表单...
2026-01-29 13:59:30,490 - INFO - 用户名填写完成
2026-01-29 13:59:30,554 - INFO - 密码填写完成
2026-01-29 13:59:30,555 - INFO - 验证码图片已保存到 /home/runner/work/nju_electric_monitor/nju_electric_monitor/src/../data/captcha_debug.png
2026-01-29 13:59:30,555 - INFO - 验证码识别尝试 26/30
2026-01-29 13:59:30,555 - INFO - 开始识别验证码...（easyocr + pytesseract）
2026-01-29 13:59:30,656 - INFO - easyocr 结果: ['78HH(0.64)']
2026-01-29 13:59:30,753 - INFO - tesseract 结果: 78HH
2026-01-29 13:59:30,815 - INFO - easyocr alt1 结果: ['78HA(0.78)']
2026-01-29 13:59:30,916 - INFO - tesseract alt1 结果: 78HH
2026-01-29 13:59:30,991 - INFO - easyocr alt2 结果: ['78HA(0.79)']
2026-01-29 13:59:31,090 - INFO - tesseract alt2 结果: 78HH
2026-01-29 13:59:31,247 - INFO - easyocr alt3 结果: ['78R(0.23)']
2026-01-29 13:59:31,365 - INFO - tesseract alt3 结果: 78HH
2026-01-29 13:59:31,424 - INFO - easyocr alt4 结果: ['78HA(0.60)']
2026-01-29 13:59:31,523 - INFO - tesseract alt4 结果: 78HH
2026-01-29 13:59:31,604 - INFO - easyocr alt5 结果: ['781(0.09)']
2026-01-29 13:59:31,700 - INFO - tesseract alt5 结果: 
2026-01-29 13:59:31,700 - INFO - 最终验证码识别结果: 78HA (engine=easyocr_alt2, prob=0.7857625059330219)
2026-01-29 13:59:31,700 - INFO - 查找验证码输入框...
2026-01-29 13:59:31,758 - INFO - 验证码填写完成
2026-01-29 13:59:31,758 - INFO - 验证码填写完成，点击登录按钮...
2026-01-29 13:59:31,758 - INFO - 查找并点击登录按钮...
2026-01-29 13:59:31,818 - INFO - 已点击登录按钮
2026-01-29 13:59:38,840 - INFO - 开始填写登录表单...
2026-01-29 13:59:38,907 - INFO - 用户名填写完成
2026-01-29 13:59:38,970 - INFO - 密码填写完成
2026-01-29 13:59:38,970 - INFO - 验证码图片已保存到 /home/runner/work/nju_electric_monitor/nju_electric_monitor/src/../data/captcha_debug.png
2026-01-29 13:59:38,971 - INFO - 验证码识别尝试 27/30
2026-01-29 13:59:38,971 - INFO - 开始识别验证码...（easyocr + pytesseract）
2026-01-29 13:59:39,070 - INFO - easyocr 结果: ['78HH(0.64)']
2026-01-29 13:59:39,169 - INFO - tesseract 结果: 78HH
2026-01-29 13:59:39,229 - INFO - easyocr alt1 结果: ['78HA(0.78)']
2026-01-29 13:59:39,328 - INFO - tesseract alt1 结果: 78HH
2026-01-29 13:59:39,389 - INFO - easyocr alt2 结果: ['78HA(0.79)']
2026-01-29 13:59:39,486 - INFO - tesseract alt2 结果: 78HH
2026-01-29 13:59:39,644 - INFO - easyocr alt3 结果: ['78R(0.23)']
2026-01-29 13:59:39,761 - INFO - tesseract alt3 结果: 78HH
2026-01-29 13:59:39,821 - INFO - easyocr alt4 结果: ['78HA(0.60)']
2026-01-29 13:59:39,921 - INFO - tesseract alt4 结果: 78HH
2026-01-29 13:59:40,010 - INFO - easyocr alt5 结果: ['781(0.09)']
2026-01-29 13:59:40,105 - INFO - tesseract alt5 结果: 
2026-01-29 13:59:40,105 - INFO - 最终验证码识别结果: 78HA (engine=easyocr_alt2, prob=0.7857625059330219)
2026-01-29 13:59:40,105 - INFO - 查找验证码输入框...
2026-01-29 13:59:40,164 - INFO - 验证码填写完成
2026-01-29 13:59:40,164 - INFO - 验证码填写完成，点击登录按钮...
2026-01-29 13:59:40,164 - INFO - 查找并点击登录按钮...
2026-01-29 13:59:40,566 - INFO - 已点击登录按钮
2026-01-29 13:59:47,588 - INFO - 开始填写登录表单...
2026-01-29 13:59:47,653 - INFO - 用户名填写完成
2026-01-29 13:59:47,715 - INFO - 密码填写完成
2026-01-29 13:59:47,716 - INFO - 验证码图片已保存到 /home/runner/work/nju_electric_monitor/nju_electric_monitor/src/../data/captcha_debug.png
2026-01-29 13:59:47,716 - INFO - 验证码识别尝试 28/30
2026-01-29 13:59:47,716 - INFO - 开始识别验证码...（easyocr + pytesseract）
2026-01-29 13:59:47,830 - INFO - easyocr 结果: ['78HH(0.64)']
2026-01-29 13:59:47,933 - INFO - tesseract 结果: 78HH
2026-01-29 13:59:47,994 - INFO - easyocr alt1 结果: ['78HA(0.78)']
2026-01-29 13:59:48,097 - INFO - tesseract alt1 结果: 78HH
2026-01-29 13:59:48,159 - INFO - easyocr alt2 结果: ['78HA(0.79)']
2026-01-29 13:59:48,260 - INFO - tesseract alt2 结果: 78HH
2026-01-29 13:59:48,419 - INFO - easyocr alt3 结果: ['78R(0.23)']
2026-01-29 13:59:48,533 - INFO - tesseract alt3 结果: 78HH
2026-01-29 13:59:48,594 - INFO - easyocr alt4 结果: ['78HA(0.60)']
2026-01-29 13:59:48,701 - INFO - tesseract alt4 结果: 78HH
2026-01-29 13:59:48,781 - INFO - easyocr alt5 结果: ['781(0.09)']
2026-01-29 13:59:48,878 - INFO - tesseract alt5 结果: 
2026-01-29 13:59:48,878 - INFO - 最终验证码识别结果: 78HA (engine=easyocr_alt2, prob=0.7857625059330219)
2026-01-29 13:59:48,878 - INFO - 查找验证码输入框...
2026-01-29 13:59:48,939 - INFO - 验证码填写完成
2026-01-29 13:59:48,940 - INFO - 验证码填写完成，点击登录按钮...
2026-01-29 13:59:48,940 - INFO - 查找并点击登录按钮...
2026-01-29 13:59:49,000 - INFO - 已点击登录按钮
2026-01-29 13:59:56,021 - INFO - 开始填写登录表单...
2026-01-29 13:59:56,086 - INFO - 用户名填写完成
2026-01-29 13:59:56,147 - INFO - 密码填写完成
2026-01-29 13:59:56,148 - INFO - 验证码图片已保存到 /home/runner/work/nju_electric_monitor/nju_electric_monitor/src/../data/captcha_debug.png
2026-01-29 13:59:56,148 - INFO - 验证码识别尝试 29/30
2026-01-29 13:59:56,148 - INFO - 开始识别验证码...（easyocr + pytesseract）
2026-01-29 13:59:56,258 - INFO - easyocr 结果: ['78HH(0.64)']
2026-01-29 13:59:56,363 - INFO - tesseract 结果: 78HH
2026-01-29 13:59:56,425 - INFO - easyocr alt1 结果: ['78HA(0.78)']
2026-01-29 13:59:56,522 - INFO - tesseract alt1 结果: 78HH
2026-01-29 13:59:56,598 - INFO - easyocr alt2 结果: ['78HA(0.79)']
2026-01-29 13:59:56,696 - INFO - tesseract alt2 结果: 78HH
2026-01-29 13:59:56,853 - INFO - easyocr alt3 结果: ['78R(0.23)']
2026-01-29 13:59:56,964 - INFO - tesseract alt3 结果: 78HH
2026-01-29 13:59:57,032 - INFO - easyocr alt4 结果: ['78HA(0.60)']
2026-01-29 13:59:57,129 - INFO - tesseract alt4 结果: 78HH
2026-01-29 13:59:57,209 - INFO - easyocr alt5 结果: ['781(0.09)']
2026-01-29 13:59:57,303 - INFO - tesseract alt5 结果: 
2026-01-29 13:59:57,303 - INFO - 最终验证码识别结果: 78HA (engine=easyocr_alt2, prob=0.7857625059330219)
2026-01-29 13:59:57,303 - INFO - 查找验证码输入框...
2026-01-29 13:59:57,362 - INFO - 验证码填写完成
2026-01-29 13:59:57,362 - INFO - 验证码填写完成，点击登录按钮...
2026-01-29 13:59:57,362 - INFO - 查找并点击登录按钮...
2026-01-29 13:59:57,747 - INFO - 已点击登录按钮
2026-01-29 14:00:04,770 - INFO - 开始填写登录表单...
2026-01-29 14:00:04,836 - INFO - 用户名填写完成
2026-01-29 14:00:04,896 - INFO - 密码填写完成
2026-01-29 14:00:04,897 - INFO - 验证码图片已保存到 /home/runner/work/nju_electric_monitor/nju_electric_monitor/src/../data/captcha_debug.png
2026-01-29 14:00:04,897 - INFO - 验证码识别尝试 30/30
2026-01-29 14:00:04,897 - INFO - 开始识别验证码...（easyocr + pytesseract）
2026-01-29 14:00:04,998 - INFO - easyocr 结果: ['78HH(0.64)']
2026-01-29 14:00:05,101 - INFO - tesseract 结果: 78HH
2026-01-29 14:00:05,164 - INFO - easyocr alt1 结果: ['78HA(0.78)']
2026-01-29 14:00:05,265 - INFO - tesseract alt1 结果: 78HH
2026-01-29 14:00:05,327 - INFO - easyocr alt2 结果: ['78HA(0.79)']
2026-01-29 14:00:05,428 - INFO - tesseract alt2 结果: 78HH
2026-01-29 14:00:05,587 - INFO - easyocr alt3 结果: ['78R(0.23)']
2026-01-29 14:00:05,704 - INFO - tesseract alt3 结果: 78HH
2026-01-29 14:00:05,765 - INFO - easyocr alt4 结果: ['78HA(0.60)']
2026-01-29 14:00:05,869 - INFO - tesseract alt4 结果: 78HH
2026-01-29 14:00:05,950 - INFO - easyocr alt5 结果: ['781(0.09)']
2026-01-29 14:00:06,044 - INFO - tesseract alt5 结果: 
2026-01-29 14:00:06,044 - INFO - 最终验证码识别结果: 78HA (engine=easyocr_alt2, prob=0.7857625059330219)
2026-01-29 14:00:06,044 - INFO - 查找验证码输入框...
2026-01-29 14:00:06,103 - INFO - 验证码填写完成
2026-01-29 14:00:06,103 - INFO - 验证码填写完成，点击登录按钮...
2026-01-29 14:00:06,103 - INFO - 查找并点击登录按钮...
2026-01-29 14:00:06,500 - INFO - 已点击登录按钮
2026-01-29 14:00:13,527 - WARNING - 自动验证码识别失败，请手动输入
2026-01-29 14:00:13,527 - ERROR - 处理验证码时出错: EOF when reading a line
2026-01-29 14:00:13,527 - WARNING - 验证码处理失败，但继续尝试登录
2026-01-29 14:00:13,527 - INFO - 查找并点击登录按钮...
2026-01-29 14:00:13,588 - INFO - 已点击登录按钮
2026-01-29 14:00:18,588 - INFO - 等待登录成功...
2026-01-29 14:00:23,593 - INFO - 登录可能成功，继续下一步...
2026-01-29 14:00:23,593 - INFO - 查找'去充值'按钮...
2026-01-29 14:00:23,663 - INFO - 已点击充值按钮
2026-01-29 14:00:26,663 - INFO - 开始提取剩余电量信息...
2026-01-29 14:00:26,668 - INFO - 页面源码已保存到 /home/runner/work/nju_electric_monitor/nju_electric_monitor/src/../data/debug_page_source.html
2026-01-29 14:00:26,678 - WARNING - 未找到电量信息元素，尝试其他方法...
2026-01-29 14:00:26,686 - WARNING - 未找到i标签中的电量信息，尝试其他方法...
2026-01-29 14:00:26,689 - INFO - 在页面源码中查找电量信息...
2026-01-29 14:00:26,702 - WARNING - 未能提取到剩余电量信息
2026-01-29 14:00:26,703 - WARNING - 没有电量数据可保存
2026-01-29 14:00:26,703 - INFO - 监控流程完成
