2026-02-22 07:32:44,842 - INFO - Matplotlib 字体设置：使用回退字体列表，首选可用字体: Noto Sans CJK JP
2026-02-22 07:32:46,284 - INFO - 使用 ChromeDriver: /usr/bin/chromedriver
2026-02-22 07:32:46,284 - WARNING - Using CPU. Note: This module is much faster with a GPU.
2026-02-22 07:32:47,763 - INFO - OCR识别器初始化成功
2026-02-22 07:32:47,763 - INFO - 开始南京大学电费监控流程（自动无头模式）
2026-02-22 07:32:47,763 - INFO - 正在打开页面: https://epay.nju.edu.cn/epay/h5/nju/electric/index
2026-02-22 07:32:56,980 - INFO - 等待登录表单加载...
2026-02-22 07:32:57,112 - INFO - 登录表单已加载
2026-02-22 07:32:57,112 - INFO - 开始填写登录表单...
2026-02-22 07:32:57,202 - INFO - 用户名填写完成
2026-02-22 07:32:57,272 - INFO - 密码填写完成
2026-02-22 07:32:57,273 - INFO - 检查是否有验证码...
2026-02-22 07:32:57,273 - INFO - 查找验证码图片...
2026-02-22 07:32:57,296 - INFO - 找到验证码图片，开始截图...
2026-02-22 07:32:57,383 - INFO - 验证码图片截取成功
2026-02-22 07:32:57,383 - INFO - 开始填写登录表单...
2026-02-22 07:32:57,450 - INFO - 用户名填写完成
2026-02-22 07:32:57,511 - INFO - 密码填写完成
2026-02-22 07:32:57,512 - INFO - 验证码图片已保存到 /home/runner/work/nju_electric_monitor/nju_electric_monitor/src/../data/captcha_debug.png
2026-02-22 07:32:57,512 - INFO - 验证码识别尝试 1/30
2026-02-22 07:32:57,513 - INFO - 开始识别验证码...（easyocr + pytesseract）
2026-02-22 07:32:57,612 - INFO - easyocr 结果: ['Gib(0.23)']
2026-02-22 07:32:57,768 - INFO - tesseract 结果: Gibby
2026-02-22 07:32:57,821 - INFO - easyocr alt1 结果: ['CTbv(0.36)']
2026-02-22 07:32:57,915 - INFO - tesseract alt1 结果: Giby
2026-02-22 07:32:57,961 - INFO - easyocr alt2 结果: ['GTbv(0.42)']
2026-02-22 07:32:58,054 - INFO - tesseract alt2 结果: Giebyv
2026-02-22 07:32:58,243 - INFO - easyocr alt3 结果: ['0Tb(0.09)']
2026-02-22 07:32:58,346 - INFO - tesseract alt3 结果: Giby
2026-02-22 07:32:58,393 - INFO - easyocr alt4 结果: ['GTbv(0.26)']
2026-02-22 07:32:58,491 - INFO - tesseract alt4 结果: Gibby
2026-02-22 07:32:58,556 - INFO - easyocr alt5 结果: ['4l(0.01)']
2026-02-22 07:32:58,652 - INFO - tesseract alt5 结果: Gibby
2026-02-22 07:32:58,652 - INFO - 最终验证码识别结果: Giby (engine=tesseract_alt1, prob=0.5)
2026-02-22 07:32:58,652 - INFO - 查找验证码输入框...
2026-02-22 07:32:58,662 - ERROR - 未找到验证码输入框
2026-02-22 07:32:58,662 - WARNING - 验证码填写失败
2026-02-22 07:32:58,662 - INFO - 开始填写登录表单...
2026-02-22 07:32:58,722 - INFO - 用户名填写完成
2026-02-22 07:32:58,782 - INFO - 密码填写完成
2026-02-22 07:32:58,783 - INFO - 验证码图片已保存到 /home/runner/work/nju_electric_monitor/nju_electric_monitor/src/../data/captcha_debug.png
2026-02-22 07:32:58,783 - INFO - 验证码识别尝试 2/30
2026-02-22 07:32:58,783 - INFO - 开始识别验证码...（easyocr + pytesseract）
2026-02-22 07:32:58,863 - INFO - easyocr 结果: ['Gib(0.23)']
2026-02-22 07:32:58,957 - INFO - tesseract 结果: Gibby
2026-02-22 07:32:59,003 - INFO - easyocr alt1 结果: ['CTbv(0.36)']
2026-02-22 07:32:59,109 - INFO - tesseract alt1 结果: Giby
2026-02-22 07:32:59,159 - INFO - easyocr alt2 结果: ['GTbv(0.42)']
2026-02-22 07:32:59,255 - INFO - tesseract alt2 结果: Giebyv
2026-02-22 07:32:59,419 - INFO - easyocr alt3 结果: ['0Tb(0.09)']
2026-02-22 07:32:59,525 - INFO - tesseract alt3 结果: Giby
2026-02-22 07:32:59,571 - INFO - easyocr alt4 结果: ['GTbv(0.26)']
2026-02-22 07:32:59,668 - INFO - tesseract alt4 结果: Gibby
2026-02-22 07:32:59,732 - INFO - easyocr alt5 结果: ['4l(0.01)']
2026-02-22 07:32:59,827 - INFO - tesseract alt5 结果: Gibby
2026-02-22 07:32:59,827 - INFO - 最终验证码识别结果: Giby (engine=tesseract_alt1, prob=0.5)
2026-02-22 07:32:59,828 - INFO - 查找验证码输入框...
2026-02-22 07:32:59,834 - ERROR - 未找到验证码输入框
2026-02-22 07:32:59,834 - WARNING - 验证码填写失败
2026-02-22 07:32:59,834 - INFO - 开始填写登录表单...
2026-02-22 07:32:59,894 - INFO - 用户名填写完成
2026-02-22 07:32:59,955 - INFO - 密码填写完成
2026-02-22 07:32:59,955 - INFO - 验证码图片已保存到 /home/runner/work/nju_electric_monitor/nju_electric_monitor/src/../data/captcha_debug.png
2026-02-22 07:32:59,955 - INFO - 验证码识别尝试 3/30
2026-02-22 07:32:59,955 - INFO - 开始识别验证码...（easyocr + pytesseract）
2026-02-22 07:33:00,044 - INFO - easyocr 结果: ['Gib(0.23)']
2026-02-22 07:33:00,138 - INFO - tesseract 结果: Gibby
2026-02-22 07:33:00,185 - INFO - easyocr alt1 结果: ['CTbv(0.36)']
2026-02-22 07:33:00,282 - INFO - tesseract alt1 结果: Giby
2026-02-22 07:33:00,328 - INFO - easyocr alt2 结果: ['GTbv(0.42)']
2026-02-22 07:33:00,421 - INFO - tesseract alt2 结果: Giebyv
2026-02-22 07:33:00,584 - INFO - easyocr alt3 结果: ['0Tb(0.09)']
2026-02-22 07:33:00,694 - INFO - tesseract alt3 结果: Giby
2026-02-22 07:33:00,739 - INFO - easyocr alt4 结果: ['GTbv(0.26)']
2026-02-22 07:33:00,831 - INFO - tesseract alt4 结果: Gibby
2026-02-22 07:33:00,894 - INFO - easyocr alt5 结果: ['4l(0.01)']
2026-02-22 07:33:00,989 - INFO - tesseract alt5 结果: Gibby
2026-02-22 07:33:00,989 - INFO - 最终验证码识别结果: Giby (engine=tesseract_alt1, prob=0.5)
2026-02-22 07:33:00,989 - INFO - 查找验证码输入框...
2026-02-22 07:33:00,996 - ERROR - 未找到验证码输入框
2026-02-22 07:33:00,996 - WARNING - 验证码填写失败
2026-02-22 07:33:00,996 - INFO - 开始填写登录表单...
2026-02-22 07:33:01,056 - INFO - 用户名填写完成
2026-02-22 07:33:01,122 - INFO - 密码填写完成
2026-02-22 07:33:01,122 - INFO - 验证码图片已保存到 /home/runner/work/nju_electric_monitor/nju_electric_monitor/src/../data/captcha_debug.png
2026-02-22 07:33:01,122 - INFO - 验证码识别尝试 4/30
2026-02-22 07:33:01,122 - INFO - 开始识别验证码...（easyocr + pytesseract）
2026-02-22 07:33:01,205 - INFO - easyocr 结果: ['Gib(0.23)']
2026-02-22 07:33:01,300 - INFO - tesseract 结果: Gibby
2026-02-22 07:33:01,346 - INFO - easyocr alt1 结果: ['CTbv(0.36)']
2026-02-22 07:33:01,440 - INFO - tesseract alt1 结果: Giby
2026-02-22 07:33:01,487 - INFO - easyocr alt2 结果: ['GTbv(0.42)']
2026-02-22 07:33:01,579 - INFO - tesseract alt2 结果: Giebyv
2026-02-22 07:33:01,744 - INFO - easyocr alt3 结果: ['0Tb(0.09)']
2026-02-22 07:33:01,848 - INFO - tesseract alt3 结果: Giby
2026-02-22 07:33:01,894 - INFO - easyocr alt4 结果: ['GTbv(0.26)']
2026-02-22 07:33:01,987 - INFO - tesseract alt4 结果: Gibby
2026-02-22 07:33:02,051 - INFO - easyocr alt5 结果: ['4l(0.01)']
2026-02-22 07:33:02,144 - INFO - tesseract alt5 结果: Gibby
2026-02-22 07:33:02,144 - INFO - 最终验证码识别结果: Giby (engine=tesseract_alt1, prob=0.5)
2026-02-22 07:33:02,144 - INFO - 查找验证码输入框...
2026-02-22 07:33:02,151 - ERROR - 未找到验证码输入框
2026-02-22 07:33:02,151 - WARNING - 验证码填写失败
2026-02-22 07:33:02,151 - INFO - 开始填写登录表单...
2026-02-22 07:33:02,212 - INFO - 用户名填写完成
2026-02-22 07:33:02,271 - INFO - 密码填写完成
2026-02-22 07:33:02,271 - INFO - 验证码图片已保存到 /home/runner/work/nju_electric_monitor/nju_electric_monitor/src/../data/captcha_debug.png
2026-02-22 07:33:02,271 - INFO - 验证码识别尝试 5/30
2026-02-22 07:33:02,272 - INFO - 开始识别验证码...（easyocr + pytesseract）
2026-02-22 07:33:02,352 - INFO - easyocr 结果: ['Gib(0.23)']
2026-02-22 07:33:02,447 - INFO - tesseract 结果: Gibby
2026-02-22 07:33:02,493 - INFO - easyocr alt1 结果: ['CTbv(0.36)']
2026-02-22 07:33:02,588 - INFO - tesseract alt1 结果: Giby
2026-02-22 07:33:02,640 - INFO - easyocr alt2 结果: ['GTbv(0.42)']
2026-02-22 07:33:02,734 - INFO - tesseract alt2 结果: Giebyv
2026-02-22 07:33:02,897 - INFO - easyocr alt3 结果: ['0Tb(0.09)']
2026-02-22 07:33:03,002 - INFO - tesseract alt3 结果: Giby
2026-02-22 07:33:03,048 - INFO - easyocr alt4 结果: ['GTbv(0.26)']
2026-02-22 07:33:03,141 - INFO - tesseract alt4 结果: Gibby
2026-02-22 07:33:03,206 - INFO - easyocr alt5 结果: ['4l(0.01)']
2026-02-22 07:33:03,299 - INFO - tesseract alt5 结果: Gibby
2026-02-22 07:33:03,299 - INFO - 最终验证码识别结果: Giby (engine=tesseract_alt1, prob=0.5)
2026-02-22 07:33:03,299 - INFO - 查找验证码输入框...
2026-02-22 07:33:03,306 - ERROR - 未找到验证码输入框
2026-02-22 07:33:03,306 - WARNING - 验证码填写失败
2026-02-22 07:33:03,306 - INFO - 开始填写登录表单...
2026-02-22 07:33:03,366 - INFO - 用户名填写完成
2026-02-22 07:33:03,427 - INFO - 密码填写完成
2026-02-22 07:33:03,428 - INFO - 验证码图片已保存到 /home/runner/work/nju_electric_monitor/nju_electric_monitor/src/../data/captcha_debug.png
2026-02-22 07:33:03,428 - INFO - 验证码识别尝试 6/30
2026-02-22 07:33:03,428 - INFO - 开始识别验证码...（easyocr + pytesseract）
2026-02-22 07:33:03,510 - INFO - easyocr 结果: ['Gib(0.23)']
2026-02-22 07:33:03,604 - INFO - tesseract 结果: Gibby
2026-02-22 07:33:03,650 - INFO - easyocr alt1 结果: ['CTbv(0.36)']
2026-02-22 07:33:03,749 - INFO - tesseract alt1 结果: Giby
2026-02-22 07:33:03,795 - INFO - easyocr alt2 结果: ['GTbv(0.42)']
2026-02-22 07:33:03,887 - INFO - tesseract alt2 结果: Giebyv
2026-02-22 07:33:04,051 - INFO - easyocr alt3 结果: ['0Tb(0.09)']
2026-02-22 07:33:04,155 - INFO - tesseract alt3 结果: Giby
2026-02-22 07:33:04,202 - INFO - easyocr alt4 结果: ['GTbv(0.26)']
2026-02-22 07:33:04,294 - INFO - tesseract alt4 结果: Gibby
2026-02-22 07:33:04,359 - INFO - easyocr alt5 结果: ['4l(0.01)']
2026-02-22 07:33:04,457 - INFO - tesseract alt5 结果: Gibby
2026-02-22 07:33:04,457 - INFO - 最终验证码识别结果: Giby (engine=tesseract_alt1, prob=0.5)
2026-02-22 07:33:04,457 - INFO - 查找验证码输入框...
2026-02-22 07:33:04,464 - ERROR - 未找到验证码输入框
2026-02-22 07:33:04,464 - WARNING - 验证码填写失败
2026-02-22 07:33:04,464 - INFO - 开始填写登录表单...
2026-02-22 07:33:04,525 - INFO - 用户名填写完成
2026-02-22 07:33:04,588 - INFO - 密码填写完成
2026-02-22 07:33:04,589 - INFO - 验证码图片已保存到 /home/runner/work/nju_electric_monitor/nju_electric_monitor/src/../data/captcha_debug.png
2026-02-22 07:33:04,589 - INFO - 验证码识别尝试 7/30
2026-02-22 07:33:04,589 - INFO - 开始识别验证码...（easyocr + pytesseract）
2026-02-22 07:33:04,671 - INFO - easyocr 结果: ['Gib(0.23)']
2026-02-22 07:33:04,766 - INFO - tesseract 结果: Gibby
2026-02-22 07:33:04,813 - INFO - easyocr alt1 结果: ['CTbv(0.36)']
2026-02-22 07:33:04,908 - INFO - tesseract alt1 结果: Giby
2026-02-22 07:33:04,955 - INFO - easyocr alt2 结果: ['GTbv(0.42)']
2026-02-22 07:33:05,048 - INFO - tesseract alt2 结果: Giebyv
2026-02-22 07:33:05,215 - INFO - easyocr alt3 结果: ['0Tb(0.09)']
2026-02-22 07:33:05,320 - INFO - tesseract alt3 结果: Giby
2026-02-22 07:33:05,366 - INFO - easyocr alt4 结果: ['GTbv(0.26)']
2026-02-22 07:33:05,460 - INFO - tesseract alt4 结果: Gibby
2026-02-22 07:33:05,534 - INFO - easyocr alt5 结果: ['4l(0.01)']
2026-02-22 07:33:05,629 - INFO - tesseract alt5 结果: Gibby
2026-02-22 07:33:05,629 - INFO - 最终验证码识别结果: Giby (engine=tesseract_alt1, prob=0.5)
2026-02-22 07:33:05,629 - INFO - 查找验证码输入框...
2026-02-22 07:33:05,636 - ERROR - 未找到验证码输入框
2026-02-22 07:33:05,636 - WARNING - 验证码填写失败
2026-02-22 07:33:05,636 - INFO - 开始填写登录表单...
2026-02-22 07:33:05,700 - INFO - 用户名填写完成
2026-02-22 07:33:05,762 - INFO - 密码填写完成
2026-02-22 07:33:05,763 - INFO - 验证码图片已保存到 /home/runner/work/nju_electric_monitor/nju_electric_monitor/src/../data/captcha_debug.png
2026-02-22 07:33:05,763 - INFO - 验证码识别尝试 8/30
2026-02-22 07:33:05,763 - INFO - 开始识别验证码...（easyocr + pytesseract）
2026-02-22 07:33:05,844 - INFO - easyocr 结果: ['Gib(0.23)']
2026-02-22 07:33:05,937 - INFO - tesseract 结果: Gibby
2026-02-22 07:33:05,984 - INFO - easyocr alt1 结果: ['CTbv(0.36)']
2026-02-22 07:33:06,079 - INFO - tesseract alt1 结果: Giby
2026-02-22 07:33:06,125 - INFO - easyocr alt2 结果: ['GTbv(0.42)']
2026-02-22 07:33:06,223 - INFO - tesseract alt2 结果: Giebyv
2026-02-22 07:33:06,400 - INFO - easyocr alt3 结果: ['0Tb(0.09)']
2026-02-22 07:33:06,508 - INFO - tesseract alt3 结果: Giby
2026-02-22 07:33:06,553 - INFO - easyocr alt4 结果: ['GTbv(0.26)']
2026-02-22 07:33:06,651 - INFO - tesseract alt4 结果: Gibby
2026-02-22 07:33:06,717 - INFO - easyocr alt5 结果: ['4l(0.01)']
2026-02-22 07:33:06,811 - INFO - tesseract alt5 结果: Gibby
2026-02-22 07:33:06,812 - INFO - 最终验证码识别结果: Giby (engine=tesseract_alt1, prob=0.5)
2026-02-22 07:33:06,812 - INFO - 查找验证码输入框...
2026-02-22 07:33:06,818 - ERROR - 未找到验证码输入框
2026-02-22 07:33:06,818 - WARNING - 验证码填写失败
2026-02-22 07:33:06,818 - INFO - 开始填写登录表单...
2026-02-22 07:33:06,878 - INFO - 用户名填写完成
2026-02-22 07:33:06,937 - INFO - 密码填写完成
2026-02-22 07:33:06,938 - INFO - 验证码图片已保存到 /home/runner/work/nju_electric_monitor/nju_electric_monitor/src/../data/captcha_debug.png
2026-02-22 07:33:06,938 - INFO - 验证码识别尝试 9/30
2026-02-22 07:33:06,938 - INFO - 开始识别验证码...（easyocr + pytesseract）
2026-02-22 07:33:07,027 - INFO - easyocr 结果: ['Gib(0.23)']
2026-02-22 07:33:07,120 - INFO - tesseract 结果: Gibby
2026-02-22 07:33:07,166 - INFO - easyocr alt1 结果: ['CTbv(0.36)']
2026-02-22 07:33:07,262 - INFO - tesseract alt1 结果: Giby
2026-02-22 07:33:07,318 - INFO - easyocr alt2 结果: ['GTbv(0.42)']
2026-02-22 07:33:07,411 - INFO - tesseract alt2 结果: Giebyv
2026-02-22 07:33:07,574 - INFO - easyocr alt3 结果: ['0Tb(0.09)']
2026-02-22 07:33:07,679 - INFO - tesseract alt3 结果: Giby
2026-02-22 07:33:07,724 - INFO - easyocr alt4 结果: ['GTbv(0.26)']
2026-02-22 07:33:07,818 - INFO - tesseract alt4 结果: Gibby
2026-02-22 07:33:07,882 - INFO - easyocr alt5 结果: ['4l(0.01)']
2026-02-22 07:33:07,975 - INFO - tesseract alt5 结果: Gibby
2026-02-22 07:33:07,975 - INFO - 最终验证码识别结果: Giby (engine=tesseract_alt1, prob=0.5)
2026-02-22 07:33:07,975 - INFO - 查找验证码输入框...
2026-02-22 07:33:07,981 - ERROR - 未找到验证码输入框
2026-02-22 07:33:07,981 - WARNING - 验证码填写失败
2026-02-22 07:33:07,981 - INFO - 开始填写登录表单...
2026-02-22 07:33:08,041 - INFO - 用户名填写完成
2026-02-22 07:33:08,102 - INFO - 密码填写完成
2026-02-22 07:33:08,103 - INFO - 验证码图片已保存到 /home/runner/work/nju_electric_monitor/nju_electric_monitor/src/../data/captcha_debug.png
2026-02-22 07:33:08,103 - INFO - 验证码识别尝试 10/30
2026-02-22 07:33:08,103 - INFO - 开始识别验证码...（easyocr + pytesseract）
2026-02-22 07:33:08,196 - INFO - easyocr 结果: ['Gib(0.23)']
2026-02-22 07:33:08,290 - INFO - tesseract 结果: Gibby
2026-02-22 07:33:08,336 - INFO - easyocr alt1 结果: ['CTbv(0.36)']
2026-02-22 07:33:08,431 - INFO - tesseract alt1 结果: Giby
2026-02-22 07:33:08,476 - INFO - easyocr alt2 结果: ['GTbv(0.42)']
2026-02-22 07:33:08,569 - INFO - tesseract alt2 结果: Giebyv
2026-02-22 07:33:08,732 - INFO - easyocr alt3 结果: ['0Tb(0.09)']
2026-02-22 07:33:08,837 - INFO - tesseract alt3 结果: Giby
2026-02-22 07:33:08,882 - INFO - easyocr alt4 结果: ['GTbv(0.26)']
2026-02-22 07:33:08,976 - INFO - tesseract alt4 结果: Gibby
2026-02-22 07:33:09,040 - INFO - easyocr alt5 结果: ['4l(0.01)']
2026-02-22 07:33:09,134 - INFO - tesseract alt5 结果: Gibby
2026-02-22 07:33:09,134 - INFO - 最终验证码识别结果: Giby (engine=tesseract_alt1, prob=0.5)
2026-02-22 07:33:09,134 - INFO - 查找验证码输入框...
2026-02-22 07:33:09,141 - ERROR - 未找到验证码输入框
2026-02-22 07:33:09,141 - WARNING - 验证码填写失败
2026-02-22 07:33:09,141 - INFO - 开始填写登录表单...
2026-02-22 07:33:09,202 - INFO - 用户名填写完成
2026-02-22 07:33:09,263 - INFO - 密码填写完成
2026-02-22 07:33:09,264 - INFO - 验证码图片已保存到 /home/runner/work/nju_electric_monitor/nju_electric_monitor/src/../data/captcha_debug.png
2026-02-22 07:33:09,264 - INFO - 验证码识别尝试 11/30
2026-02-22 07:33:09,264 - INFO - 开始识别验证码...（easyocr + pytesseract）
2026-02-22 07:33:09,345 - INFO - easyocr 结果: ['Gib(0.23)']
2026-02-22 07:33:09,438 - INFO - tesseract 结果: Gibby
2026-02-22 07:33:09,486 - INFO - easyocr alt1 结果: ['CTbv(0.36)']
2026-02-22 07:33:09,578 - INFO - tesseract alt1 结果: Giby
2026-02-22 07:33:09,624 - INFO - easyocr alt2 结果: ['GTbv(0.42)']
2026-02-22 07:33:09,719 - INFO - tesseract alt2 结果: Giebyv
2026-02-22 07:33:09,884 - INFO - easyocr alt3 结果: ['0Tb(0.09)']
2026-02-22 07:33:09,991 - INFO - tesseract alt3 结果: Giby
2026-02-22 07:33:10,037 - INFO - easyocr alt4 结果: ['GTbv(0.26)']
2026-02-22 07:33:10,133 - INFO - tesseract alt4 结果: Gibby
2026-02-22 07:33:10,198 - INFO - easyocr alt5 结果: ['4l(0.01)']
2026-02-22 07:33:10,292 - INFO - tesseract alt5 结果: Gibby
2026-02-22 07:33:10,292 - INFO - 最终验证码识别结果: Giby (engine=tesseract_alt1, prob=0.5)
2026-02-22 07:33:10,292 - INFO - 查找验证码输入框...
2026-02-22 07:33:10,299 - ERROR - 未找到验证码输入框
2026-02-22 07:33:10,299 - WARNING - 验证码填写失败
2026-02-22 07:33:10,299 - INFO - 开始填写登录表单...
2026-02-22 07:33:10,357 - INFO - 用户名填写完成
2026-02-22 07:33:10,417 - INFO - 密码填写完成
2026-02-22 07:33:10,418 - INFO - 验证码图片已保存到 /home/runner/work/nju_electric_monitor/nju_electric_monitor/src/../data/captcha_debug.png
2026-02-22 07:33:10,418 - INFO - 验证码识别尝试 12/30
2026-02-22 07:33:10,418 - INFO - 开始识别验证码...（easyocr + pytesseract）
2026-02-22 07:33:10,500 - INFO - easyocr 结果: ['Gib(0.23)']
2026-02-22 07:33:10,595 - INFO - tesseract 结果: Gibby
2026-02-22 07:33:10,642 - INFO - easyocr alt1 结果: ['CTbv(0.36)']
2026-02-22 07:33:10,739 - INFO - tesseract alt1 结果: Giby
2026-02-22 07:33:10,786 - INFO - easyocr alt2 结果: ['GTbv(0.42)']
2026-02-22 07:33:10,884 - INFO - tesseract alt2 结果: Giebyv
2026-02-22 07:33:11,050 - INFO - easyocr alt3 结果: ['0Tb(0.09)']
2026-02-22 07:33:11,155 - INFO - tesseract alt3 结果: Giby
2026-02-22 07:33:11,202 - INFO - easyocr alt4 结果: ['GTbv(0.26)']
2026-02-22 07:33:11,295 - INFO - tesseract alt4 结果: Gibby
2026-02-22 07:33:11,370 - INFO - easyocr alt5 结果: ['4l(0.01)']
2026-02-22 07:33:11,462 - INFO - tesseract alt5 结果: Gibby
2026-02-22 07:33:11,462 - INFO - 最终验证码识别结果: Giby (engine=tesseract_alt1, prob=0.5)
2026-02-22 07:33:11,462 - INFO - 查找验证码输入框...
2026-02-22 07:33:11,469 - ERROR - 未找到验证码输入框
2026-02-22 07:33:11,469 - WARNING - 验证码填写失败
2026-02-22 07:33:11,469 - INFO - 开始填写登录表单...
2026-02-22 07:33:11,534 - INFO - 用户名填写完成
2026-02-22 07:33:11,602 - INFO - 密码填写完成
2026-02-22 07:33:11,603 - INFO - 验证码图片已保存到 /home/runner/work/nju_electric_monitor/nju_electric_monitor/src/../data/captcha_debug.png
2026-02-22 07:33:11,603 - INFO - 验证码识别尝试 13/30
2026-02-22 07:33:11,603 - INFO - 开始识别验证码...（easyocr + pytesseract）
2026-02-22 07:33:11,694 - INFO - easyocr 结果: ['Gib(0.23)']
2026-02-22 07:33:11,788 - INFO - tesseract 结果: Gibby
2026-02-22 07:33:11,835 - INFO - easyocr alt1 结果: ['CTbv(0.36)']
2026-02-22 07:33:11,929 - INFO - tesseract alt1 结果: Giby
2026-02-22 07:33:11,974 - INFO - easyocr alt2 结果: ['GTbv(0.42)']
2026-02-22 07:33:12,067 - INFO - tesseract alt2 结果: Giebyv
2026-02-22 07:33:12,231 - INFO - easyocr alt3 结果: ['0Tb(0.09)']
2026-02-22 07:33:12,335 - INFO - tesseract alt3 结果: Giby
2026-02-22 07:33:12,380 - INFO - easyocr alt4 结果: ['GTbv(0.26)']
2026-02-22 07:33:12,473 - INFO - tesseract alt4 结果: Gibby
2026-02-22 07:33:12,539 - INFO - easyocr alt5 结果: ['4l(0.01)']
2026-02-22 07:33:12,639 - INFO - tesseract alt5 结果: Gibby
2026-02-22 07:33:12,639 - INFO - 最终验证码识别结果: Giby (engine=tesseract_alt1, prob=0.5)
2026-02-22 07:33:12,639 - INFO - 查找验证码输入框...
2026-02-22 07:33:12,646 - ERROR - 未找到验证码输入框
2026-02-22 07:33:12,646 - WARNING - 验证码填写失败
2026-02-22 07:33:12,646 - INFO - 开始填写登录表单...
2026-02-22 07:33:12,710 - INFO - 用户名填写完成
2026-02-22 07:33:12,770 - INFO - 密码填写完成
2026-02-22 07:33:12,771 - INFO - 验证码图片已保存到 /home/runner/work/nju_electric_monitor/nju_electric_monitor/src/../data/captcha_debug.png
2026-02-22 07:33:12,771 - INFO - 验证码识别尝试 14/30
2026-02-22 07:33:12,771 - INFO - 开始识别验证码...（easyocr + pytesseract）
2026-02-22 07:33:12,852 - INFO - easyocr 结果: ['Gib(0.23)']
2026-02-22 07:33:12,944 - INFO - tesseract 结果: Gibby
2026-02-22 07:33:12,992 - INFO - easyocr alt1 结果: ['CTbv(0.36)']
2026-02-22 07:33:13,084 - INFO - tesseract alt1 结果: Giby
2026-02-22 07:33:13,130 - INFO - easyocr alt2 结果: ['GTbv(0.42)']
2026-02-22 07:33:13,228 - INFO - tesseract alt2 结果: Giebyv
2026-02-22 07:33:13,392 - INFO - easyocr alt3 结果: ['0Tb(0.09)']
2026-02-22 07:33:13,496 - INFO - tesseract alt3 结果: Giby
2026-02-22 07:33:13,542 - INFO - easyocr alt4 结果: ['GTbv(0.26)']
2026-02-22 07:33:13,635 - INFO - tesseract alt4 结果: Gibby
2026-02-22 07:33:13,700 - INFO - easyocr alt5 结果: ['4l(0.01)']
2026-02-22 07:33:13,793 - INFO - tesseract alt5 结果: Gibby
2026-02-22 07:33:13,794 - INFO - 最终验证码识别结果: Giby (engine=tesseract_alt1, prob=0.5)
2026-02-22 07:33:13,794 - INFO - 查找验证码输入框...
2026-02-22 07:33:13,800 - ERROR - 未找到验证码输入框
2026-02-22 07:33:13,800 - WARNING - 验证码填写失败
2026-02-22 07:33:13,800 - INFO - 开始填写登录表单...
2026-02-22 07:33:13,861 - INFO - 用户名填写完成
2026-02-22 07:33:13,920 - INFO - 密码填写完成
2026-02-22 07:33:13,921 - INFO - 验证码图片已保存到 /home/runner/work/nju_electric_monitor/nju_electric_monitor/src/../data/captcha_debug.png
2026-02-22 07:33:13,921 - INFO - 验证码识别尝试 15/30
2026-02-22 07:33:13,921 - INFO - 开始识别验证码...（easyocr + pytesseract）
2026-02-22 07:33:14,002 - INFO - easyocr 结果: ['Gib(0.23)']
2026-02-22 07:33:14,099 - INFO - tesseract 结果: Gibby
2026-02-22 07:33:14,145 - INFO - easyocr alt1 结果: ['CTbv(0.36)']
2026-02-22 07:33:14,240 - INFO - tesseract alt1 结果: Giby
2026-02-22 07:33:14,287 - INFO - easyocr alt2 结果: ['GTbv(0.42)']
2026-02-22 07:33:14,380 - INFO - tesseract alt2 结果: Giebyv
2026-02-22 07:33:14,545 - INFO - easyocr alt3 结果: ['0Tb(0.09)']
2026-02-22 07:33:14,652 - INFO - tesseract alt3 结果: Giby
2026-02-22 07:33:14,698 - INFO - easyocr alt4 结果: ['GTbv(0.26)']
2026-02-22 07:33:14,790 - INFO - tesseract alt4 结果: Gibby
2026-02-22 07:33:14,854 - INFO - easyocr alt5 结果: ['4l(0.01)']
2026-02-22 07:33:14,947 - INFO - tesseract alt5 结果: Gibby
2026-02-22 07:33:14,947 - INFO - 最终验证码识别结果: Giby (engine=tesseract_alt1, prob=0.5)
2026-02-22 07:33:14,947 - INFO - 查找验证码输入框...
2026-02-22 07:33:14,954 - ERROR - 未找到验证码输入框
2026-02-22 07:33:14,954 - WARNING - 验证码填写失败
2026-02-22 07:33:14,954 - INFO - 开始填写登录表单...
2026-02-22 07:33:15,017 - INFO - 用户名填写完成
2026-02-22 07:33:15,078 - INFO - 密码填写完成
2026-02-22 07:33:15,079 - INFO - 验证码图片已保存到 /home/runner/work/nju_electric_monitor/nju_electric_monitor/src/../data/captcha_debug.png
2026-02-22 07:33:15,079 - INFO - 验证码识别尝试 16/30
2026-02-22 07:33:15,079 - INFO - 开始识别验证码...（easyocr + pytesseract）
2026-02-22 07:33:15,160 - INFO - easyocr 结果: ['Gib(0.23)']
2026-02-22 07:33:15,254 - INFO - tesseract 结果: Gibby
2026-02-22 07:33:15,302 - INFO - easyocr alt1 结果: ['CTbv(0.36)']
2026-02-22 07:33:15,394 - INFO - tesseract alt1 结果: Giby
2026-02-22 07:33:15,439 - INFO - easyocr alt2 结果: ['GTbv(0.42)']
2026-02-22 07:33:15,532 - INFO - tesseract alt2 结果: Giebyv
2026-02-22 07:33:15,695 - INFO - easyocr alt3 结果: ['0Tb(0.09)']
2026-02-22 07:33:15,800 - INFO - tesseract alt3 结果: Giby
2026-02-22 07:33:15,845 - INFO - easyocr alt4 结果: ['GTbv(0.26)']
2026-02-22 07:33:15,935 - INFO - tesseract alt4 结果: Gibby
2026-02-22 07:33:16,000 - INFO - easyocr alt5 结果: ['4l(0.01)']
2026-02-22 07:33:16,093 - INFO - tesseract alt5 结果: Gibby
2026-02-22 07:33:16,093 - INFO - 最终验证码识别结果: Giby (engine=tesseract_alt1, prob=0.5)
2026-02-22 07:33:16,093 - INFO - 查找验证码输入框...
2026-02-22 07:33:16,100 - ERROR - 未找到验证码输入框
2026-02-22 07:33:16,100 - WARNING - 验证码填写失败
2026-02-22 07:33:16,100 - INFO - 开始填写登录表单...
2026-02-22 07:33:16,160 - INFO - 用户名填写完成
2026-02-22 07:33:16,224 - INFO - 密码填写完成
2026-02-22 07:33:16,225 - INFO - 验证码图片已保存到 /home/runner/work/nju_electric_monitor/nju_electric_monitor/src/../data/captcha_debug.png
2026-02-22 07:33:16,225 - INFO - 验证码识别尝试 17/30
2026-02-22 07:33:16,225 - INFO - 开始识别验证码...（easyocr + pytesseract）
2026-02-22 07:33:16,307 - INFO - easyocr 结果: ['Gib(0.23)']
2026-02-22 07:33:16,402 - INFO - tesseract 结果: Gibby
2026-02-22 07:33:16,449 - INFO - easyocr alt1 结果: ['CTbv(0.36)']
2026-02-22 07:33:16,544 - INFO - tesseract alt1 结果: Giby
2026-02-22 07:33:16,591 - INFO - easyocr alt2 结果: ['GTbv(0.42)']
2026-02-22 07:33:16,683 - INFO - tesseract alt2 结果: Giebyv
2026-02-22 07:33:16,847 - INFO - easyocr alt3 结果: ['0Tb(0.09)']
2026-02-22 07:33:16,955 - INFO - tesseract alt3 结果: Giby
2026-02-22 07:33:17,001 - INFO - easyocr alt4 结果: ['GTbv(0.26)']
2026-02-22 07:33:17,094 - INFO - tesseract alt4 结果: Gibby
2026-02-22 07:33:17,159 - INFO - easyocr alt5 结果: ['4l(0.01)']
2026-02-22 07:33:17,254 - INFO - tesseract alt5 结果: Gibby
2026-02-22 07:33:17,254 - INFO - 最终验证码识别结果: Giby (engine=tesseract_alt1, prob=0.5)
2026-02-22 07:33:17,254 - INFO - 查找验证码输入框...
2026-02-22 07:33:17,261 - ERROR - 未找到验证码输入框
2026-02-22 07:33:17,261 - WARNING - 验证码填写失败
2026-02-22 07:33:17,261 - INFO - 开始填写登录表单...
2026-02-22 07:33:17,322 - INFO - 用户名填写完成
2026-02-22 07:33:17,381 - INFO - 密码填写完成
2026-02-22 07:33:17,382 - INFO - 验证码图片已保存到 /home/runner/work/nju_electric_monitor/nju_electric_monitor/src/../data/captcha_debug.png
2026-02-22 07:33:17,382 - INFO - 验证码识别尝试 18/30
2026-02-22 07:33:17,382 - INFO - 开始识别验证码...（easyocr + pytesseract）
2026-02-22 07:33:17,464 - INFO - easyocr 结果: ['Gib(0.23)']
2026-02-22 07:33:17,558 - INFO - tesseract 结果: Gibby
2026-02-22 07:33:17,605 - INFO - easyocr alt1 结果: ['CTbv(0.36)']
2026-02-22 07:33:17,697 - INFO - tesseract alt1 结果: Giby
2026-02-22 07:33:17,750 - INFO - easyocr alt2 结果: ['GTbv(0.42)']
2026-02-22 07:33:17,845 - INFO - tesseract alt2 结果: Giebyv
2026-02-22 07:33:18,008 - INFO - easyocr alt3 结果: ['0Tb(0.09)']
2026-02-22 07:33:18,113 - INFO - tesseract alt3 结果: Giby
2026-02-22 07:33:18,166 - INFO - easyocr alt4 结果: ['GTbv(0.26)']
2026-02-22 07:33:18,260 - INFO - tesseract alt4 结果: Gibby
2026-02-22 07:33:18,324 - INFO - easyocr alt5 结果: ['4l(0.01)']
2026-02-22 07:33:18,419 - INFO - tesseract alt5 结果: Gibby
2026-02-22 07:33:18,419 - INFO - 最终验证码识别结果: Giby (engine=tesseract_alt1, prob=0.5)
2026-02-22 07:33:18,419 - INFO - 查找验证码输入框...
2026-02-22 07:33:18,426 - ERROR - 未找到验证码输入框
2026-02-22 07:33:18,426 - WARNING - 验证码填写失败
2026-02-22 07:33:18,426 - INFO - 开始填写登录表单...
2026-02-22 07:33:18,485 - INFO - 用户名填写完成
2026-02-22 07:33:18,549 - INFO - 密码填写完成
2026-02-22 07:33:18,549 - INFO - 验证码图片已保存到 /home/runner/work/nju_electric_monitor/nju_electric_monitor/src/../data/captcha_debug.png
2026-02-22 07:33:18,549 - INFO - 验证码识别尝试 19/30
2026-02-22 07:33:18,550 - INFO - 开始识别验证码...（easyocr + pytesseract）
2026-02-22 07:33:18,632 - INFO - easyocr 结果: ['Gib(0.23)']
2026-02-22 07:33:18,726 - INFO - tesseract 结果: Gibby
2026-02-22 07:33:18,773 - INFO - easyocr alt1 结果: ['CTbv(0.36)']
2026-02-22 07:33:18,868 - INFO - tesseract alt1 结果: Giby
2026-02-22 07:33:18,913 - INFO - easyocr alt2 结果: ['GTbv(0.42)']
2026-02-22 07:33:19,006 - INFO - tesseract alt2 结果: Giebyv
2026-02-22 07:33:19,169 - INFO - easyocr alt3 结果: ['0Tb(0.09)']
2026-02-22 07:33:19,274 - INFO - tesseract alt3 结果: Giby
2026-02-22 07:33:19,320 - INFO - easyocr alt4 结果: ['GTbv(0.26)']
2026-02-22 07:33:19,416 - INFO - tesseract alt4 结果: Gibby
2026-02-22 07:33:19,480 - INFO - easyocr alt5 结果: ['4l(0.01)']
2026-02-22 07:33:19,573 - INFO - tesseract alt5 结果: Gibby
2026-02-22 07:33:19,573 - INFO - 最终验证码识别结果: Giby (engine=tesseract_alt1, prob=0.5)
2026-02-22 07:33:19,573 - INFO - 查找验证码输入框...
2026-02-22 07:33:19,580 - ERROR - 未找到验证码输入框
2026-02-22 07:33:19,580 - WARNING - 验证码填写失败
2026-02-22 07:33:19,580 - INFO - 开始填写登录表单...
2026-02-22 07:33:19,641 - INFO - 用户名填写完成
2026-02-22 07:33:19,702 - INFO - 密码填写完成
2026-02-22 07:33:19,703 - INFO - 验证码图片已保存到 /home/runner/work/nju_electric_monitor/nju_electric_monitor/src/../data/captcha_debug.png
2026-02-22 07:33:19,703 - INFO - 验证码识别尝试 20/30
2026-02-22 07:33:19,703 - INFO - 开始识别验证码...（easyocr + pytesseract）
2026-02-22 07:33:19,784 - INFO - easyocr 结果: ['Gib(0.23)']
2026-02-22 07:33:19,880 - INFO - tesseract 结果: Gibby
2026-02-22 07:33:19,937 - INFO - easyocr alt1 结果: ['CTbv(0.36)']
2026-02-22 07:33:20,031 - INFO - tesseract alt1 结果: Giby
2026-02-22 07:33:20,077 - INFO - easyocr alt2 结果: ['GTbv(0.42)']
2026-02-22 07:33:20,169 - INFO - tesseract alt2 结果: Giebyv
2026-02-22 07:33:20,332 - INFO - easyocr alt3 结果: ['0Tb(0.09)']
2026-02-22 07:33:20,435 - INFO - tesseract alt3 结果: Giby
2026-02-22 07:33:20,481 - INFO - easyocr alt4 结果: ['GTbv(0.26)']
2026-02-22 07:33:20,573 - INFO - tesseract alt4 结果: Gibby
2026-02-22 07:33:20,637 - INFO - easyocr alt5 结果: ['4l(0.01)']
2026-02-22 07:33:20,733 - INFO - tesseract alt5 结果: Gibby
2026-02-22 07:33:20,733 - INFO - 最终验证码识别结果: Giby (engine=tesseract_alt1, prob=0.5)
2026-02-22 07:33:20,733 - INFO - 查找验证码输入框...
2026-02-22 07:33:20,739 - ERROR - 未找到验证码输入框
2026-02-22 07:33:20,740 - WARNING - 验证码填写失败
2026-02-22 07:33:20,740 - INFO - 开始填写登录表单...
2026-02-22 07:33:20,800 - INFO - 用户名填写完成
2026-02-22 07:33:20,860 - INFO - 密码填写完成
2026-02-22 07:33:20,861 - INFO - 验证码图片已保存到 /home/runner/work/nju_electric_monitor/nju_electric_monitor/src/../data/captcha_debug.png
2026-02-22 07:33:20,861 - INFO - 验证码识别尝试 21/30
2026-02-22 07:33:20,861 - INFO - 开始识别验证码...（easyocr + pytesseract）
2026-02-22 07:33:20,941 - INFO - easyocr 结果: ['Gib(0.23)']
2026-02-22 07:33:21,039 - INFO - tesseract 结果: Gibby
2026-02-22 07:33:21,086 - INFO - easyocr alt1 结果: ['CTbv(0.36)']
2026-02-22 07:33:21,180 - INFO - tesseract alt1 结果: Giby
2026-02-22 07:33:21,227 - INFO - easyocr alt2 结果: ['GTbv(0.42)']
2026-02-22 07:33:21,323 - INFO - tesseract alt2 结果: Giebyv
2026-02-22 07:33:21,489 - INFO - easyocr alt3 结果: ['0Tb(0.09)']
2026-02-22 07:33:21,597 - INFO - tesseract alt3 结果: Giby
2026-02-22 07:33:21,643 - INFO - easyocr alt4 结果: ['GTbv(0.26)']
2026-02-22 07:33:21,740 - INFO - tesseract alt4 结果: Gibby
2026-02-22 07:33:21,806 - INFO - easyocr alt5 结果: ['4l(0.01)']
2026-02-22 07:33:21,899 - INFO - tesseract alt5 结果: Gibby
2026-02-22 07:33:21,900 - INFO - 最终验证码识别结果: Giby (engine=tesseract_alt1, prob=0.5)
2026-02-22 07:33:21,900 - INFO - 查找验证码输入框...
2026-02-22 07:33:21,906 - ERROR - 未找到验证码输入框
2026-02-22 07:33:21,906 - WARNING - 验证码填写失败
2026-02-22 07:33:21,906 - INFO - 开始填写登录表单...
2026-02-22 07:33:21,968 - INFO - 用户名填写完成
2026-02-22 07:33:22,030 - INFO - 密码填写完成
2026-02-22 07:33:22,031 - INFO - 验证码图片已保存到 /home/runner/work/nju_electric_monitor/nju_electric_monitor/src/../data/captcha_debug.png
2026-02-22 07:33:22,031 - INFO - 验证码识别尝试 22/30
2026-02-22 07:33:22,031 - INFO - 开始识别验证码...（easyocr + pytesseract）
2026-02-22 07:33:22,112 - INFO - easyocr 结果: ['Gib(0.23)']
2026-02-22 07:33:22,207 - INFO - tesseract 结果: Gibby
2026-02-22 07:33:22,254 - INFO - easyocr alt1 结果: ['CTbv(0.36)']
2026-02-22 07:33:22,351 - INFO - tesseract alt1 结果: Giby
2026-02-22 07:33:22,397 - INFO - easyocr alt2 结果: ['GTbv(0.42)']
2026-02-22 07:33:22,493 - INFO - tesseract alt2 结果: Giebyv
2026-02-22 07:33:22,656 - INFO - easyocr alt3 结果: ['0Tb(0.09)']
2026-02-22 07:33:22,760 - INFO - tesseract alt3 结果: Giby
2026-02-22 07:33:22,806 - INFO - easyocr alt4 结果: ['GTbv(0.26)']
2026-02-22 07:33:22,909 - INFO - tesseract alt4 结果: Gibby
2026-02-22 07:33:22,974 - INFO - easyocr alt5 结果: ['4l(0.01)']
2026-02-22 07:33:23,068 - INFO - tesseract alt5 结果: Gibby
2026-02-22 07:33:23,068 - INFO - 最终验证码识别结果: Giby (engine=tesseract_alt1, prob=0.5)
2026-02-22 07:33:23,068 - INFO - 查找验证码输入框...
2026-02-22 07:33:23,074 - ERROR - 未找到验证码输入框
2026-02-22 07:33:23,074 - WARNING - 验证码填写失败
2026-02-22 07:33:23,074 - INFO - 开始填写登录表单...
2026-02-22 07:33:23,135 - INFO - 用户名填写完成
2026-02-22 07:33:23,197 - INFO - 密码填写完成
2026-02-22 07:33:23,197 - INFO - 验证码图片已保存到 /home/runner/work/nju_electric_monitor/nju_electric_monitor/src/../data/captcha_debug.png
2026-02-22 07:33:23,197 - INFO - 验证码识别尝试 23/30
2026-02-22 07:33:23,198 - INFO - 开始识别验证码...（easyocr + pytesseract）
2026-02-22 07:33:23,280 - INFO - easyocr 结果: ['Gib(0.23)']
2026-02-22 07:33:23,375 - INFO - tesseract 结果: Gibby
2026-02-22 07:33:23,421 - INFO - easyocr alt1 结果: ['CTbv(0.36)']
2026-02-22 07:33:23,519 - INFO - tesseract alt1 结果: Giby
2026-02-22 07:33:23,566 - INFO - easyocr alt2 结果: ['GTbv(0.42)']
2026-02-22 07:33:23,659 - INFO - tesseract alt2 结果: Giebyv
2026-02-22 07:33:23,831 - INFO - easyocr alt3 结果: ['0Tb(0.09)']
2026-02-22 07:33:23,935 - INFO - tesseract alt3 结果: Giby
2026-02-22 07:33:23,981 - INFO - easyocr alt4 结果: ['GTbv(0.26)']
2026-02-22 07:33:24,078 - INFO - tesseract alt4 结果: Gibby
2026-02-22 07:33:24,145 - INFO - easyocr alt5 结果: ['4l(0.01)']
2026-02-22 07:33:24,242 - INFO - tesseract alt5 结果: Gibby
2026-02-22 07:33:24,242 - INFO - 最终验证码识别结果: Giby (engine=tesseract_alt1, prob=0.5)
2026-02-22 07:33:24,242 - INFO - 查找验证码输入框...
2026-02-22 07:33:24,249 - ERROR - 未找到验证码输入框
2026-02-22 07:33:24,249 - WARNING - 验证码填写失败
2026-02-22 07:33:24,249 - INFO - 开始填写登录表单...
2026-02-22 07:33:24,311 - INFO - 用户名填写完成
2026-02-22 07:33:24,372 - INFO - 密码填写完成
2026-02-22 07:33:24,372 - INFO - 验证码图片已保存到 /home/runner/work/nju_electric_monitor/nju_electric_monitor/src/../data/captcha_debug.png
2026-02-22 07:33:24,373 - INFO - 验证码识别尝试 24/30
2026-02-22 07:33:24,373 - INFO - 开始识别验证码...（easyocr + pytesseract）
2026-02-22 07:33:24,462 - INFO - easyocr 结果: ['Gib(0.23)']
2026-02-22 07:33:24,558 - INFO - tesseract 结果: Gibby
2026-02-22 07:33:24,605 - INFO - easyocr alt1 结果: ['CTbv(0.36)']
2026-02-22 07:33:24,708 - INFO - tesseract alt1 结果: Giby
2026-02-22 07:33:24,754 - INFO - easyocr alt2 结果: ['GTbv(0.42)']
2026-02-22 07:33:24,854 - INFO - tesseract alt2 结果: Giebyv
2026-02-22 07:33:25,020 - INFO - easyocr alt3 结果: ['0Tb(0.09)']
2026-02-22 07:33:25,125 - INFO - tesseract alt3 结果: Giby
2026-02-22 07:33:25,173 - INFO - easyocr alt4 结果: ['GTbv(0.26)']
2026-02-22 07:33:25,270 - INFO - tesseract alt4 结果: Gibby
2026-02-22 07:33:25,344 - INFO - easyocr alt5 结果: ['4l(0.01)']
2026-02-22 07:33:25,442 - INFO - tesseract alt5 结果: Gibby
2026-02-22 07:33:25,442 - INFO - 最终验证码识别结果: Giby (engine=tesseract_alt1, prob=0.5)
2026-02-22 07:33:25,442 - INFO - 查找验证码输入框...
2026-02-22 07:33:25,448 - ERROR - 未找到验证码输入框
2026-02-22 07:33:25,449 - WARNING - 验证码填写失败
2026-02-22 07:33:25,449 - INFO - 开始填写登录表单...
2026-02-22 07:33:25,510 - INFO - 用户名填写完成
2026-02-22 07:33:25,571 - INFO - 密码填写完成
2026-02-22 07:33:25,572 - INFO - 验证码图片已保存到 /home/runner/work/nju_electric_monitor/nju_electric_monitor/src/../data/captcha_debug.png
2026-02-22 07:33:25,572 - INFO - 验证码识别尝试 25/30
2026-02-22 07:33:25,572 - INFO - 开始识别验证码...（easyocr + pytesseract）
2026-02-22 07:33:25,654 - INFO - easyocr 结果: ['Gib(0.23)']
2026-02-22 07:33:25,752 - INFO - tesseract 结果: Gibby
2026-02-22 07:33:25,806 - INFO - easyocr alt1 结果: ['CTbv(0.36)']
2026-02-22 07:33:25,904 - INFO - tesseract alt1 结果: Giby
2026-02-22 07:33:25,951 - INFO - easyocr alt2 结果: ['GTbv(0.42)']
2026-02-22 07:33:26,044 - INFO - tesseract alt2 结果: Giebyv
2026-02-22 07:33:26,216 - INFO - easyocr alt3 结果: ['0Tb(0.09)']
2026-02-22 07:33:26,327 - INFO - tesseract alt3 结果: Giby
2026-02-22 07:33:26,376 - INFO - easyocr alt4 结果: ['GTbv(0.26)']
2026-02-22 07:33:26,477 - INFO - tesseract alt4 结果: Gibby
2026-02-22 07:33:26,547 - INFO - easyocr alt5 结果: ['4l(0.01)']
2026-02-22 07:33:26,645 - INFO - tesseract alt5 结果: Gibby
2026-02-22 07:33:26,645 - INFO - 最终验证码识别结果: Giby (engine=tesseract_alt1, prob=0.5)
2026-02-22 07:33:26,645 - INFO - 查找验证码输入框...
2026-02-22 07:33:26,652 - ERROR - 未找到验证码输入框
2026-02-22 07:33:26,652 - WARNING - 验证码填写失败
2026-02-22 07:33:26,652 - INFO - 开始填写登录表单...
2026-02-22 07:33:26,717 - INFO - 用户名填写完成
2026-02-22 07:33:26,780 - INFO - 密码填写完成
2026-02-22 07:33:26,787 - INFO - 验证码图片已保存到 /home/runner/work/nju_electric_monitor/nju_electric_monitor/src/../data/captcha_debug.png
2026-02-22 07:33:26,787 - INFO - 验证码识别尝试 26/30
2026-02-22 07:33:26,787 - INFO - 开始识别验证码...（easyocr + pytesseract）
2026-02-22 07:33:26,870 - INFO - easyocr 结果: ['Gib(0.23)']
2026-02-22 07:33:26,966 - INFO - tesseract 结果: Gibby
2026-02-22 07:33:27,014 - INFO - easyocr alt1 结果: ['CTbv(0.36)']
2026-02-22 07:33:27,114 - INFO - tesseract alt1 结果: Giby
2026-02-22 07:33:27,161 - INFO - easyocr alt2 结果: ['GTbv(0.42)']
2026-02-22 07:33:27,260 - INFO - tesseract alt2 结果: Giebyv
2026-02-22 07:33:27,429 - INFO - easyocr alt3 结果: ['0Tb(0.09)']
2026-02-22 07:33:27,537 - INFO - tesseract alt3 结果: Giby
2026-02-22 07:33:27,585 - INFO - easyocr alt4 结果: ['GTbv(0.26)']
2026-02-22 07:33:27,681 - INFO - tesseract alt4 结果: Gibby
2026-02-22 07:33:27,748 - INFO - easyocr alt5 结果: ['4l(0.01)']
2026-02-22 07:33:27,847 - INFO - tesseract alt5 结果: Gibby
2026-02-22 07:33:27,847 - INFO - 最终验证码识别结果: Giby (engine=tesseract_alt1, prob=0.5)
2026-02-22 07:33:27,847 - INFO - 查找验证码输入框...
2026-02-22 07:33:27,854 - ERROR - 未找到验证码输入框
2026-02-22 07:33:27,854 - WARNING - 验证码填写失败
2026-02-22 07:33:27,854 - INFO - 开始填写登录表单...
2026-02-22 07:33:27,915 - INFO - 用户名填写完成
2026-02-22 07:33:27,976 - INFO - 密码填写完成
2026-02-22 07:33:27,977 - INFO - 验证码图片已保存到 /home/runner/work/nju_electric_monitor/nju_electric_monitor/src/../data/captcha_debug.png
2026-02-22 07:33:27,977 - INFO - 验证码识别尝试 27/30
2026-02-22 07:33:27,977 - INFO - 开始识别验证码...（easyocr + pytesseract）
2026-02-22 07:33:28,059 - INFO - easyocr 结果: ['Gib(0.23)']
2026-02-22 07:33:28,157 - INFO - tesseract 结果: Gibby
2026-02-22 07:33:28,204 - INFO - easyocr alt1 结果: ['CTbv(0.36)']
2026-02-22 07:33:28,299 - INFO - tesseract alt1 结果: Giby
2026-02-22 07:33:28,344 - INFO - easyocr alt2 结果: ['GTbv(0.42)']
2026-02-22 07:33:28,437 - INFO - tesseract alt2 结果: Giebyv
2026-02-22 07:33:28,604 - INFO - easyocr alt3 结果: ['0Tb(0.09)']
2026-02-22 07:33:28,709 - INFO - tesseract alt3 结果: Giby
2026-02-22 07:33:28,754 - INFO - easyocr alt4 结果: ['GTbv(0.26)']
2026-02-22 07:33:28,848 - INFO - tesseract alt4 结果: Gibby
2026-02-22 07:33:28,913 - INFO - easyocr alt5 结果: ['4l(0.01)']
2026-02-22 07:33:29,009 - INFO - tesseract alt5 结果: Gibby
2026-02-22 07:33:29,009 - INFO - 最终验证码识别结果: Giby (engine=tesseract_alt1, prob=0.5)
2026-02-22 07:33:29,009 - INFO - 查找验证码输入框...
2026-02-22 07:33:29,016 - ERROR - 未找到验证码输入框
2026-02-22 07:33:29,016 - WARNING - 验证码填写失败
2026-02-22 07:33:29,016 - INFO - 开始填写登录表单...
2026-02-22 07:33:29,077 - INFO - 用户名填写完成
2026-02-22 07:33:29,137 - INFO - 密码填写完成
2026-02-22 07:33:29,138 - INFO - 验证码图片已保存到 /home/runner/work/nju_electric_monitor/nju_electric_monitor/src/../data/captcha_debug.png
2026-02-22 07:33:29,138 - INFO - 验证码识别尝试 28/30
2026-02-22 07:33:29,138 - INFO - 开始识别验证码...（easyocr + pytesseract）
2026-02-22 07:33:29,222 - INFO - easyocr 结果: ['Gib(0.23)']
2026-02-22 07:33:29,316 - INFO - tesseract 结果: Gibby
2026-02-22 07:33:29,363 - INFO - easyocr alt1 结果: ['CTbv(0.36)']
2026-02-22 07:33:29,459 - INFO - tesseract alt1 结果: Giby
2026-02-22 07:33:29,506 - INFO - easyocr alt2 结果: ['GTbv(0.42)']
2026-02-22 07:33:29,600 - INFO - tesseract alt2 结果: Giebyv
2026-02-22 07:33:29,766 - INFO - easyocr alt3 结果: ['0Tb(0.09)']
2026-02-22 07:33:29,875 - INFO - tesseract alt3 结果: Giby
2026-02-22 07:33:29,921 - INFO - easyocr alt4 结果: ['GTbv(0.26)']
2026-02-22 07:33:30,015 - INFO - tesseract alt4 结果: Gibby
2026-02-22 07:33:30,080 - INFO - easyocr alt5 结果: ['4l(0.01)']
2026-02-22 07:33:30,178 - INFO - tesseract alt5 结果: Gibby
2026-02-22 07:33:30,178 - INFO - 最终验证码识别结果: Giby (engine=tesseract_alt1, prob=0.5)
2026-02-22 07:33:30,178 - INFO - 查找验证码输入框...
2026-02-22 07:33:30,185 - ERROR - 未找到验证码输入框
2026-02-22 07:33:30,185 - WARNING - 验证码填写失败
2026-02-22 07:33:30,185 - INFO - 开始填写登录表单...
2026-02-22 07:33:30,249 - INFO - 用户名填写完成
2026-02-22 07:33:30,311 - INFO - 密码填写完成
2026-02-22 07:33:30,312 - INFO - 验证码图片已保存到 /home/runner/work/nju_electric_monitor/nju_electric_monitor/src/../data/captcha_debug.png
2026-02-22 07:33:30,312 - INFO - 验证码识别尝试 29/30
2026-02-22 07:33:30,312 - INFO - 开始识别验证码...（easyocr + pytesseract）
2026-02-22 07:33:30,393 - INFO - easyocr 结果: ['Gib(0.23)']
2026-02-22 07:33:30,485 - INFO - tesseract 结果: Gibby
2026-02-22 07:33:30,532 - INFO - easyocr alt1 结果: ['CTbv(0.36)']
2026-02-22 07:33:30,631 - INFO - tesseract alt1 结果: Giby
2026-02-22 07:33:30,677 - INFO - easyocr alt2 结果: ['GTbv(0.42)']
2026-02-22 07:33:30,775 - INFO - tesseract alt2 结果: Giebyv
2026-02-22 07:33:30,940 - INFO - easyocr alt3 结果: ['0Tb(0.09)']
2026-02-22 07:33:31,049 - INFO - tesseract alt3 结果: Giby
2026-02-22 07:33:31,096 - INFO - easyocr alt4 结果: ['GTbv(0.26)']
2026-02-22 07:33:31,190 - INFO - tesseract alt4 结果: Gibby
2026-02-22 07:33:31,253 - INFO - easyocr alt5 结果: ['4l(0.01)']
2026-02-22 07:33:31,349 - INFO - tesseract alt5 结果: Gibby
2026-02-22 07:33:31,349 - INFO - 最终验证码识别结果: Giby (engine=tesseract_alt1, prob=0.5)
2026-02-22 07:33:31,349 - INFO - 查找验证码输入框...
2026-02-22 07:33:31,355 - ERROR - 未找到验证码输入框
2026-02-22 07:33:31,355 - WARNING - 验证码填写失败
2026-02-22 07:33:31,356 - INFO - 开始填写登录表单...
2026-02-22 07:33:31,417 - INFO - 用户名填写完成
2026-02-22 07:33:31,481 - INFO - 密码填写完成
2026-02-22 07:33:31,481 - INFO - 验证码图片已保存到 /home/runner/work/nju_electric_monitor/nju_electric_monitor/src/../data/captcha_debug.png
2026-02-22 07:33:31,481 - INFO - 验证码识别尝试 30/30
2026-02-22 07:33:31,481 - INFO - 开始识别验证码...（easyocr + pytesseract）
2026-02-22 07:33:31,574 - INFO - easyocr 结果: ['Gib(0.23)']
2026-02-22 07:33:31,669 - INFO - tesseract 结果: Gibby
2026-02-22 07:33:31,716 - INFO - easyocr alt1 结果: ['CTbv(0.36)']
2026-02-22 07:33:31,811 - INFO - tesseract alt1 结果: Giby
2026-02-22 07:33:31,856 - INFO - easyocr alt2 结果: ['GTbv(0.42)']
2026-02-22 07:33:31,948 - INFO - tesseract alt2 结果: Giebyv
2026-02-22 07:33:32,113 - INFO - easyocr alt3 结果: ['0Tb(0.09)']
2026-02-22 07:33:32,223 - INFO - tesseract alt3 结果: Giby
2026-02-22 07:33:32,270 - INFO - easyocr alt4 结果: ['GTbv(0.26)']
2026-02-22 07:33:32,368 - INFO - tesseract alt4 结果: Gibby
2026-02-22 07:33:32,441 - INFO - easyocr alt5 结果: ['4l(0.01)']
2026-02-22 07:33:32,537 - INFO - tesseract alt5 结果: Gibby
2026-02-22 07:33:32,537 - INFO - 最终验证码识别结果: Giby (engine=tesseract_alt1, prob=0.5)
2026-02-22 07:33:32,537 - INFO - 查找验证码输入框...
2026-02-22 07:33:32,544 - ERROR - 未找到验证码输入框
2026-02-22 07:33:32,544 - WARNING - 验证码填写失败
2026-02-22 07:33:32,544 - WARNING - 自动验证码识别失败，请手动输入
2026-02-22 07:33:32,544 - ERROR - 处理验证码时出错: EOF when reading a line
2026-02-22 07:33:32,544 - WARNING - 验证码处理失败，但继续尝试登录
2026-02-22 07:33:32,544 - INFO - 查找并点击登录按钮...
2026-02-22 07:33:32,552 - ERROR - 未找到登录按钮
2026-02-22 07:33:32,552 - ERROR - 点击登录按钮失败
2026-02-22 07:33:32,552 - INFO - 等待登录成功...
2026-02-22 07:33:37,556 - INFO - 登录可能成功，继续下一步...
2026-02-22 07:33:37,557 - INFO - 查找'去充值'按钮...
2026-02-22 07:33:37,565 - ERROR - 未找到'去充值'按钮
2026-02-22 07:33:37,565 - WARNING - 点击充值按钮失败，尝试直接提取数据
2026-02-22 07:33:37,565 - INFO - 开始提取剩余电量信息...
2026-02-22 07:33:37,574 - INFO - 页面源码已保存到 /home/runner/work/nju_electric_monitor/nju_electric_monitor/src/../data/debug_page_source.html
2026-02-22 07:33:37,582 - WARNING - 未找到电量信息元素，尝试其他方法...
2026-02-22 07:33:37,590 - WARNING - 未找到i标签中的电量信息，尝试其他方法...
2026-02-22 07:33:37,598 - INFO - 在页面源码中查找电量信息...
2026-02-22 07:33:37,609 - WARNING - 未能提取到剩余电量信息
2026-02-22 07:33:37,609 - WARNING - 没有电量数据可保存
2026-02-22 07:33:37,609 - INFO - 监控流程完成
