2026-01-28 07:22:21,529 - INFO - Matplotlib 字体设置：使用回退字体列表，首选可用字体: Noto Sans CJK JP
2026-01-28 07:22:23,488 - INFO - 使用 ChromeDriver: /usr/bin/chromedriver
2026-01-28 07:22:23,488 - WARNING - Using CPU. Note: This module is much faster with a GPU.
2026-01-28 07:22:25,001 - INFO - OCR识别器初始化成功
2026-01-28 07:22:25,001 - INFO - 开始南京大学电费监控流程（自动无头模式）
2026-01-28 07:22:25,001 - INFO - 正在打开页面: https://epay.nju.edu.cn/epay/h5/nju/electric/index
2026-01-28 07:22:34,717 - INFO - 等待登录表单加载...
2026-01-28 07:22:34,727 - INFO - 登录表单已加载
2026-01-28 07:22:34,727 - INFO - 开始填写登录表单...
2026-01-28 07:22:34,791 - INFO - 用户名填写完成
2026-01-28 07:22:34,860 - INFO - 密码填写完成
2026-01-28 07:22:34,860 - INFO - 检查是否有验证码...
2026-01-28 07:22:34,860 - INFO - 查找验证码图片...
2026-01-28 07:22:34,883 - INFO - 找到验证码图片，开始截图...
2026-01-28 07:22:34,946 - INFO - 验证码图片截取成功
2026-01-28 07:22:34,946 - INFO - 开始填写登录表单...
2026-01-28 07:22:35,014 - INFO - 用户名填写完成
2026-01-28 07:22:35,077 - INFO - 密码填写完成
2026-01-28 07:22:35,078 - INFO - 验证码图片已保存到 /home/runner/work/nju_electric_monitor/nju_electric_monitor/src/../data/captcha_debug.png
2026-01-28 07:22:35,078 - INFO - 验证码识别尝试 1/30
2026-01-28 07:22:35,078 - INFO - 开始识别验证码...（easyocr + pytesseract）
2026-01-28 07:22:35,325 - INFO - easyocr 结果: ['fV88(0.51)']
2026-01-28 07:22:37,524 - INFO - tesseract 结果: fV88
2026-01-28 07:22:37,590 - INFO - easyocr alt1 结果: ['V88(0.49)']
2026-01-28 07:22:37,688 - INFO - tesseract alt1 结果: fV8s
2026-01-28 07:22:37,748 - INFO - easyocr alt2 结果: ['V88(0.55)']
2026-01-28 07:22:37,842 - INFO - tesseract alt2 结果: fV88
2026-01-28 07:22:38,006 - INFO - easyocr alt3 结果: ['fV88(0.65)']
2026-01-28 07:22:38,125 - INFO - tesseract alt3 结果: fV88
2026-01-28 07:22:38,188 - INFO - easyocr alt4 结果: ['V88(0.23)']
2026-01-28 07:22:38,289 - INFO - tesseract alt4 结果: fV8s
2026-01-28 07:22:38,350 - INFO - easyocr alt5 结果: ['V88(0.28)']
2026-01-28 07:22:38,449 - INFO - tesseract alt5 结果: fV8S
2026-01-28 07:22:38,449 - INFO - 最终验证码识别结果: fV88 (engine=easyocr_alt3, prob=0.6469724178314209)
2026-01-28 07:22:38,449 - INFO - 查找验证码输入框...
2026-01-28 07:22:38,510 - INFO - 验证码填写完成
2026-01-28 07:22:38,511 - INFO - 验证码填写完成，点击登录按钮...
2026-01-28 07:22:38,511 - INFO - 查找并点击登录按钮...
2026-01-28 07:22:38,871 - INFO - 已点击登录按钮
2026-01-28 07:22:45,900 - INFO - 开始填写登录表单...
2026-01-28 07:22:45,961 - INFO - 用户名填写完成
2026-01-28 07:22:46,019 - INFO - 密码填写完成
2026-01-28 07:22:46,020 - INFO - 验证码图片已保存到 /home/runner/work/nju_electric_monitor/nju_electric_monitor/src/../data/captcha_debug.png
2026-01-28 07:22:46,020 - INFO - 验证码识别尝试 2/30
2026-01-28 07:22:46,020 - INFO - 开始识别验证码...（easyocr + pytesseract）
2026-01-28 07:22:46,117 - INFO - easyocr 结果: ['fV88(0.51)']
2026-01-28 07:22:46,211 - INFO - tesseract 结果: fV88
2026-01-28 07:22:46,271 - INFO - easyocr alt1 结果: ['V88(0.49)']
2026-01-28 07:22:46,371 - INFO - tesseract alt1 结果: fV8s
2026-01-28 07:22:46,431 - INFO - easyocr alt2 结果: ['V88(0.55)']
2026-01-28 07:22:46,526 - INFO - tesseract alt2 结果: fV88
2026-01-28 07:22:46,683 - INFO - easyocr alt3 结果: ['fV88(0.65)']
2026-01-28 07:22:46,797 - INFO - tesseract alt3 结果: fV88
2026-01-28 07:22:46,865 - INFO - easyocr alt4 结果: ['V88(0.23)']
2026-01-28 07:22:46,964 - INFO - tesseract alt4 结果: fV8s
2026-01-28 07:22:47,022 - INFO - easyocr alt5 结果: ['V88(0.28)']
2026-01-28 07:22:47,121 - INFO - tesseract alt5 结果: fV8S
2026-01-28 07:22:47,122 - INFO - 最终验证码识别结果: fV88 (engine=easyocr_alt3, prob=0.6469724178314209)
2026-01-28 07:22:47,122 - INFO - 查找验证码输入框...
2026-01-28 07:22:47,178 - INFO - 验证码填写完成
2026-01-28 07:22:47,178 - INFO - 验证码填写完成，点击登录按钮...
2026-01-28 07:22:47,178 - INFO - 查找并点击登录按钮...
2026-01-28 07:22:47,236 - INFO - 已点击登录按钮
2026-01-28 07:22:54,256 - INFO - 开始填写登录表单...
2026-01-28 07:22:54,316 - INFO - 用户名填写完成
2026-01-28 07:22:54,376 - INFO - 密码填写完成
2026-01-28 07:22:54,376 - INFO - 验证码图片已保存到 /home/runner/work/nju_electric_monitor/nju_electric_monitor/src/../data/captcha_debug.png
2026-01-28 07:22:54,376 - INFO - 验证码识别尝试 3/30
2026-01-28 07:22:54,376 - INFO - 开始识别验证码...（easyocr + pytesseract）
2026-01-28 07:22:54,472 - INFO - easyocr 结果: ['fV88(0.51)']
2026-01-28 07:22:54,568 - INFO - tesseract 结果: fV88
2026-01-28 07:22:54,635 - INFO - easyocr alt1 结果: ['V88(0.49)']
2026-01-28 07:22:54,734 - INFO - tesseract alt1 结果: fV8s
2026-01-28 07:22:54,794 - INFO - easyocr alt2 结果: ['V88(0.55)']
2026-01-28 07:22:54,888 - INFO - tesseract alt2 结果: fV88
2026-01-28 07:22:55,044 - INFO - easyocr alt3 结果: ['fV88(0.65)']
2026-01-28 07:22:55,157 - INFO - tesseract alt3 结果: fV88
2026-01-28 07:22:55,216 - INFO - easyocr alt4 结果: ['V88(0.23)']
2026-01-28 07:22:55,318 - INFO - tesseract alt4 结果: fV8s
2026-01-28 07:22:55,377 - INFO - easyocr alt5 结果: ['V88(0.28)']
2026-01-28 07:22:55,479 - INFO - tesseract alt5 结果: fV8S
2026-01-28 07:22:55,479 - INFO - 最终验证码识别结果: fV88 (engine=easyocr_alt3, prob=0.6469724178314209)
2026-01-28 07:22:55,479 - INFO - 查找验证码输入框...
2026-01-28 07:22:55,535 - INFO - 验证码填写完成
2026-01-28 07:22:55,535 - INFO - 验证码填写完成，点击登录按钮...
2026-01-28 07:22:55,535 - INFO - 查找并点击登录按钮...
2026-01-28 07:22:55,884 - INFO - 已点击登录按钮
2026-01-28 07:23:02,904 - INFO - 开始填写登录表单...
2026-01-28 07:23:02,965 - INFO - 用户名填写完成
2026-01-28 07:23:03,024 - INFO - 密码填写完成
2026-01-28 07:23:03,025 - INFO - 验证码图片已保存到 /home/runner/work/nju_electric_monitor/nju_electric_monitor/src/../data/captcha_debug.png
2026-01-28 07:23:03,025 - INFO - 验证码识别尝试 4/30
2026-01-28 07:23:03,025 - INFO - 开始识别验证码...（easyocr + pytesseract）
2026-01-28 07:23:03,136 - INFO - easyocr 结果: ['fV88(0.51)']
2026-01-28 07:23:03,231 - INFO - tesseract 结果: fV88
2026-01-28 07:23:03,291 - INFO - easyocr alt1 结果: ['V88(0.49)']
2026-01-28 07:23:03,395 - INFO - tesseract alt1 结果: fV8s
2026-01-28 07:23:03,455 - INFO - easyocr alt2 结果: ['V88(0.55)']
2026-01-28 07:23:03,553 - INFO - tesseract alt2 结果: fV88
2026-01-28 07:23:03,708 - INFO - easyocr alt3 结果: ['fV88(0.65)']
2026-01-28 07:23:03,819 - INFO - tesseract alt3 结果: fV88
2026-01-28 07:23:03,878 - INFO - easyocr alt4 结果: ['V88(0.23)']
2026-01-28 07:23:03,979 - INFO - tesseract alt4 结果: fV8s
2026-01-28 07:23:04,046 - INFO - easyocr alt5 结果: ['V88(0.28)']
2026-01-28 07:23:04,146 - INFO - tesseract alt5 结果: fV8S
2026-01-28 07:23:04,146 - INFO - 最终验证码识别结果: fV88 (engine=easyocr_alt3, prob=0.6469724178314209)
2026-01-28 07:23:04,146 - INFO - 查找验证码输入框...
2026-01-28 07:23:04,204 - INFO - 验证码填写完成
2026-01-28 07:23:04,204 - INFO - 验证码填写完成，点击登录按钮...
2026-01-28 07:23:04,205 - INFO - 查找并点击登录按钮...
2026-01-28 07:23:04,566 - INFO - 已点击登录按钮
2026-01-28 07:23:11,585 - INFO - 开始填写登录表单...
2026-01-28 07:23:11,648 - INFO - 用户名填写完成
2026-01-28 07:23:11,707 - INFO - 密码填写完成
2026-01-28 07:23:11,708 - INFO - 验证码图片已保存到 /home/runner/work/nju_electric_monitor/nju_electric_monitor/src/../data/captcha_debug.png
2026-01-28 07:23:11,708 - INFO - 验证码识别尝试 5/30
2026-01-28 07:23:11,708 - INFO - 开始识别验证码...（easyocr + pytesseract）
2026-01-28 07:23:11,815 - INFO - easyocr 结果: ['fV88(0.51)']
2026-01-28 07:23:11,916 - INFO - tesseract 结果: fV88
2026-01-28 07:23:11,975 - INFO - easyocr alt1 结果: ['V88(0.49)']
2026-01-28 07:23:12,075 - INFO - tesseract alt1 结果: fV8s
2026-01-28 07:23:12,133 - INFO - easyocr alt2 结果: ['V88(0.55)']
2026-01-28 07:23:12,232 - INFO - tesseract alt2 结果: fV88
2026-01-28 07:23:12,385 - INFO - easyocr alt3 结果: ['fV88(0.65)']
2026-01-28 07:23:12,497 - INFO - tesseract alt3 结果: fV88
2026-01-28 07:23:12,556 - INFO - easyocr alt4 结果: ['V88(0.23)']
2026-01-28 07:23:12,654 - INFO - tesseract alt4 结果: fV8s
2026-01-28 07:23:12,712 - INFO - easyocr alt5 结果: ['V88(0.28)']
2026-01-28 07:23:12,808 - INFO - tesseract alt5 结果: fV8S
2026-01-28 07:23:12,809 - INFO - 最终验证码识别结果: fV88 (engine=easyocr_alt3, prob=0.6469724178314209)
2026-01-28 07:23:12,809 - INFO - 查找验证码输入框...
2026-01-28 07:23:12,865 - INFO - 验证码填写完成
2026-01-28 07:23:12,865 - INFO - 验证码填写完成，点击登录按钮...
2026-01-28 07:23:12,865 - INFO - 查找并点击登录按钮...
2026-01-28 07:23:13,216 - INFO - 已点击登录按钮
2026-01-28 07:23:20,236 - INFO - 开始填写登录表单...
2026-01-28 07:23:20,296 - INFO - 用户名填写完成
2026-01-28 07:23:20,357 - INFO - 密码填写完成
2026-01-28 07:23:20,357 - INFO - 验证码图片已保存到 /home/runner/work/nju_electric_monitor/nju_electric_monitor/src/../data/captcha_debug.png
2026-01-28 07:23:20,357 - INFO - 验证码识别尝试 6/30
2026-01-28 07:23:20,357 - INFO - 开始识别验证码...（easyocr + pytesseract）
2026-01-28 07:23:20,459 - INFO - easyocr 结果: ['fV88(0.51)']
2026-01-28 07:23:20,554 - INFO - tesseract 结果: fV88
2026-01-28 07:23:20,615 - INFO - easyocr alt1 结果: ['V88(0.49)']
2026-01-28 07:23:20,717 - INFO - tesseract alt1 结果: fV8s
2026-01-28 07:23:20,777 - INFO - easyocr alt2 结果: ['V88(0.55)']
2026-01-28 07:23:20,871 - INFO - tesseract alt2 结果: fV88
2026-01-28 07:23:21,027 - INFO - easyocr alt3 结果: ['fV88(0.65)']
2026-01-28 07:23:21,135 - INFO - tesseract alt3 结果: fV88
2026-01-28 07:23:21,195 - INFO - easyocr alt4 结果: ['V88(0.23)']
2026-01-28 07:23:21,293 - INFO - tesseract alt4 结果: fV8s
2026-01-28 07:23:21,352 - INFO - easyocr alt5 结果: ['V88(0.28)']
2026-01-28 07:23:21,452 - INFO - tesseract alt5 结果: fV8S
2026-01-28 07:23:21,452 - INFO - 最终验证码识别结果: fV88 (engine=easyocr_alt3, prob=0.6469724178314209)
2026-01-28 07:23:21,453 - INFO - 查找验证码输入框...
2026-01-28 07:23:21,510 - INFO - 验证码填写完成
2026-01-28 07:23:21,510 - INFO - 验证码填写完成，点击登录按钮...
2026-01-28 07:23:21,510 - INFO - 查找并点击登录按钮...
2026-01-28 07:23:21,566 - INFO - 已点击登录按钮
2026-01-28 07:23:28,586 - INFO - 开始填写登录表单...
2026-01-28 07:23:28,646 - INFO - 用户名填写完成
2026-01-28 07:23:28,706 - INFO - 密码填写完成
2026-01-28 07:23:28,707 - INFO - 验证码图片已保存到 /home/runner/work/nju_electric_monitor/nju_electric_monitor/src/../data/captcha_debug.png
2026-01-28 07:23:28,707 - INFO - 验证码识别尝试 7/30
2026-01-28 07:23:28,707 - INFO - 开始识别验证码...（easyocr + pytesseract）
2026-01-28 07:23:28,829 - INFO - easyocr 结果: ['fV88(0.51)']
2026-01-28 07:23:28,923 - INFO - tesseract 结果: fV88
2026-01-28 07:23:28,992 - INFO - easyocr alt1 结果: ['V88(0.49)']
2026-01-28 07:23:29,091 - INFO - tesseract alt1 结果: fV8s
2026-01-28 07:23:29,151 - INFO - easyocr alt2 结果: ['V88(0.55)']
2026-01-28 07:23:29,245 - INFO - tesseract alt2 结果: fV88
2026-01-28 07:23:29,401 - INFO - easyocr alt3 结果: ['fV88(0.65)']
2026-01-28 07:23:29,515 - INFO - tesseract alt3 结果: fV88
2026-01-28 07:23:29,584 - INFO - easyocr alt4 结果: ['V88(0.23)']
2026-01-28 07:23:29,682 - INFO - tesseract alt4 结果: fV8s
2026-01-28 07:23:29,741 - INFO - easyocr alt5 结果: ['V88(0.28)']
2026-01-28 07:23:29,842 - INFO - tesseract alt5 结果: fV8S
2026-01-28 07:23:29,842 - INFO - 最终验证码识别结果: fV88 (engine=easyocr_alt3, prob=0.6469724178314209)
2026-01-28 07:23:29,842 - INFO - 查找验证码输入框...
2026-01-28 07:23:29,899 - INFO - 验证码填写完成
2026-01-28 07:23:29,899 - INFO - 验证码填写完成，点击登录按钮...
2026-01-28 07:23:29,899 - INFO - 查找并点击登录按钮...
2026-01-28 07:23:32,621 - INFO - 已点击登录按钮
2026-01-28 07:23:39,642 - INFO - 开始填写登录表单...
2026-01-28 07:23:39,703 - INFO - 用户名填写完成
2026-01-28 07:23:39,762 - INFO - 密码填写完成
2026-01-28 07:23:39,762 - INFO - 验证码图片已保存到 /home/runner/work/nju_electric_monitor/nju_electric_monitor/src/../data/captcha_debug.png
2026-01-28 07:23:39,762 - INFO - 验证码识别尝试 8/30
2026-01-28 07:23:39,762 - INFO - 开始识别验证码...（easyocr + pytesseract）
2026-01-28 07:23:39,858 - INFO - easyocr 结果: ['fV88(0.51)']
2026-01-28 07:23:39,955 - INFO - tesseract 结果: fV88
2026-01-28 07:23:40,015 - INFO - easyocr alt1 结果: ['V88(0.49)']
2026-01-28 07:23:40,121 - INFO - tesseract alt1 结果: fV8s
2026-01-28 07:23:40,180 - INFO - easyocr alt2 结果: ['V88(0.55)']
2026-01-28 07:23:40,276 - INFO - tesseract alt2 结果: fV88
2026-01-28 07:23:40,430 - INFO - easyocr alt3 结果: ['fV88(0.65)']
2026-01-28 07:23:40,544 - INFO - tesseract alt3 结果: fV88
2026-01-28 07:23:40,602 - INFO - easyocr alt4 结果: ['V88(0.23)']
2026-01-28 07:23:40,706 - INFO - tesseract alt4 结果: fV8s
2026-01-28 07:23:40,765 - INFO - easyocr alt5 结果: ['V88(0.28)']
2026-01-28 07:23:40,865 - INFO - tesseract alt5 结果: fV8S
2026-01-28 07:23:40,865 - INFO - 最终验证码识别结果: fV88 (engine=easyocr_alt3, prob=0.6469724178314209)
2026-01-28 07:23:40,865 - INFO - 查找验证码输入框...
2026-01-28 07:23:40,922 - INFO - 验证码填写完成
2026-01-28 07:23:40,922 - INFO - 验证码填写完成，点击登录按钮...
2026-01-28 07:23:40,922 - INFO - 查找并点击登录按钮...
2026-01-28 07:23:41,275 - INFO - 已点击登录按钮
2026-01-28 07:23:48,296 - INFO - 开始填写登录表单...
2026-01-28 07:23:48,357 - INFO - 用户名填写完成
2026-01-28 07:23:48,416 - INFO - 密码填写完成
2026-01-28 07:23:48,417 - INFO - 验证码图片已保存到 /home/runner/work/nju_electric_monitor/nju_electric_monitor/src/../data/captcha_debug.png
2026-01-28 07:23:48,417 - INFO - 验证码识别尝试 9/30
2026-01-28 07:23:48,417 - INFO - 开始识别验证码...（easyocr + pytesseract）
2026-01-28 07:23:48,513 - INFO - easyocr 结果: ['fV88(0.51)']
2026-01-28 07:23:48,608 - INFO - tesseract 结果: fV88
2026-01-28 07:23:48,680 - INFO - easyocr alt1 结果: ['V88(0.49)']
2026-01-28 07:23:48,781 - INFO - tesseract alt1 结果: fV8s
2026-01-28 07:23:48,840 - INFO - easyocr alt2 结果: ['V88(0.55)']
2026-01-28 07:23:48,937 - INFO - tesseract alt2 结果: fV88
2026-01-28 07:23:49,091 - INFO - easyocr alt3 结果: ['fV88(0.65)']
2026-01-28 07:23:49,201 - INFO - tesseract alt3 结果: fV88
2026-01-28 07:23:49,275 - INFO - easyocr alt4 结果: ['V88(0.23)']
2026-01-28 07:23:49,374 - INFO - tesseract alt4 结果: fV8s
2026-01-28 07:23:49,441 - INFO - easyocr alt5 结果: ['V88(0.28)']
2026-01-28 07:23:49,541 - INFO - tesseract alt5 结果: fV8S
2026-01-28 07:23:49,541 - INFO - 最终验证码识别结果: fV88 (engine=easyocr_alt3, prob=0.6469724178314209)
2026-01-28 07:23:49,541 - INFO - 查找验证码输入框...
2026-01-28 07:23:49,598 - INFO - 验证码填写完成
2026-01-28 07:23:49,598 - INFO - 验证码填写完成，点击登录按钮...
2026-01-28 07:23:49,598 - INFO - 查找并点击登录按钮...
2026-01-28 07:23:49,656 - INFO - 已点击登录按钮
2026-01-28 07:23:56,677 - INFO - 开始填写登录表单...
2026-01-28 07:23:56,741 - INFO - 用户名填写完成
2026-01-28 07:23:56,802 - INFO - 密码填写完成
2026-01-28 07:23:56,802 - INFO - 验证码图片已保存到 /home/runner/work/nju_electric_monitor/nju_electric_monitor/src/../data/captcha_debug.png
2026-01-28 07:23:56,802 - INFO - 验证码识别尝试 10/30
2026-01-28 07:23:56,802 - INFO - 开始识别验证码...（easyocr + pytesseract）
2026-01-28 07:23:56,899 - INFO - easyocr 结果: ['fV88(0.51)']
2026-01-28 07:23:56,992 - INFO - tesseract 结果: fV88
2026-01-28 07:23:57,052 - INFO - easyocr alt1 结果: ['V88(0.49)']
2026-01-28 07:23:57,149 - INFO - tesseract alt1 结果: fV8s
2026-01-28 07:23:57,208 - INFO - easyocr alt2 结果: ['V88(0.55)']
2026-01-28 07:23:57,302 - INFO - tesseract alt2 结果: fV88
2026-01-28 07:23:57,456 - INFO - easyocr alt3 结果: ['fV88(0.65)']
2026-01-28 07:23:57,572 - INFO - tesseract alt3 结果: fV88
2026-01-28 07:23:57,631 - INFO - easyocr alt4 结果: ['V88(0.23)']
2026-01-28 07:23:57,729 - INFO - tesseract alt4 结果: fV8s
2026-01-28 07:23:57,787 - INFO - easyocr alt5 结果: ['V88(0.28)']
2026-01-28 07:23:57,885 - INFO - tesseract alt5 结果: fV8S
2026-01-28 07:23:57,885 - INFO - 最终验证码识别结果: fV88 (engine=easyocr_alt3, prob=0.6469724178314209)
2026-01-28 07:23:57,885 - INFO - 查找验证码输入框...
2026-01-28 07:23:57,942 - INFO - 验证码填写完成
2026-01-28 07:23:57,942 - INFO - 验证码填写完成，点击登录按钮...
2026-01-28 07:23:57,942 - INFO - 查找并点击登录按钮...
2026-01-28 07:23:57,999 - INFO - 已点击登录按钮
2026-01-28 07:24:05,021 - INFO - 开始填写登录表单...
2026-01-28 07:24:05,082 - INFO - 用户名填写完成
2026-01-28 07:24:05,142 - INFO - 密码填写完成
2026-01-28 07:24:05,143 - INFO - 验证码图片已保存到 /home/runner/work/nju_electric_monitor/nju_electric_monitor/src/../data/captcha_debug.png
2026-01-28 07:24:05,143 - INFO - 验证码识别尝试 11/30
2026-01-28 07:24:05,143 - INFO - 开始识别验证码...（easyocr + pytesseract）
2026-01-28 07:24:05,240 - INFO - easyocr 结果: ['fV88(0.51)']
2026-01-28 07:24:05,340 - INFO - tesseract 结果: fV88
2026-01-28 07:24:05,401 - INFO - easyocr alt1 结果: ['V88(0.49)']
2026-01-28 07:24:05,498 - INFO - tesseract alt1 结果: fV8s
2026-01-28 07:24:05,557 - INFO - easyocr alt2 结果: ['V88(0.55)']
2026-01-28 07:24:05,654 - INFO - tesseract alt2 结果: fV88
2026-01-28 07:24:05,808 - INFO - easyocr alt3 结果: ['fV88(0.65)']
2026-01-28 07:24:05,919 - INFO - tesseract alt3 结果: fV88
2026-01-28 07:24:05,989 - INFO - easyocr alt4 结果: ['V88(0.23)']
2026-01-28 07:24:06,086 - INFO - tesseract alt4 结果: fV8s
2026-01-28 07:24:06,144 - INFO - easyocr alt5 结果: ['V88(0.28)']
2026-01-28 07:24:06,246 - INFO - tesseract alt5 结果: fV8S
2026-01-28 07:24:06,246 - INFO - 最终验证码识别结果: fV88 (engine=easyocr_alt3, prob=0.6469724178314209)
2026-01-28 07:24:06,246 - INFO - 查找验证码输入框...
2026-01-28 07:24:06,305 - INFO - 验证码填写完成
2026-01-28 07:24:06,306 - INFO - 验证码填写完成，点击登录按钮...
2026-01-28 07:24:06,306 - INFO - 查找并点击登录按钮...
2026-01-28 07:24:06,363 - INFO - 已点击登录按钮
2026-01-28 07:24:13,385 - INFO - 开始填写登录表单...
2026-01-28 07:24:13,447 - INFO - 用户名填写完成
2026-01-28 07:24:13,507 - INFO - 密码填写完成
2026-01-28 07:24:13,508 - INFO - 验证码图片已保存到 /home/runner/work/nju_electric_monitor/nju_electric_monitor/src/../data/captcha_debug.png
2026-01-28 07:24:13,508 - INFO - 验证码识别尝试 12/30
2026-01-28 07:24:13,508 - INFO - 开始识别验证码...（easyocr + pytesseract）
2026-01-28 07:24:13,605 - INFO - easyocr 结果: ['fV88(0.51)']
2026-01-28 07:24:13,702 - INFO - tesseract 结果: fV88
2026-01-28 07:24:13,761 - INFO - easyocr alt1 结果: ['V88(0.49)']
2026-01-28 07:24:13,864 - INFO - tesseract alt1 结果: fV8s
2026-01-28 07:24:13,923 - INFO - easyocr alt2 结果: ['V88(0.55)']
2026-01-28 07:24:14,021 - INFO - tesseract alt2 结果: fV88
2026-01-28 07:24:14,176 - INFO - easyocr alt3 结果: ['fV88(0.65)']
2026-01-28 07:24:14,288 - INFO - tesseract alt3 结果: fV88
2026-01-28 07:24:14,347 - INFO - easyocr alt4 结果: ['V88(0.23)']
2026-01-28 07:24:14,447 - INFO - tesseract alt4 结果: fV8s
2026-01-28 07:24:14,507 - INFO - easyocr alt5 结果: ['V88(0.28)']
2026-01-28 07:24:14,609 - INFO - tesseract alt5 结果: fV8S
2026-01-28 07:24:14,610 - INFO - 最终验证码识别结果: fV88 (engine=easyocr_alt3, prob=0.6469724178314209)
2026-01-28 07:24:14,610 - INFO - 查找验证码输入框...
2026-01-28 07:24:14,667 - INFO - 验证码填写完成
2026-01-28 07:24:14,668 - INFO - 验证码填写完成，点击登录按钮...
2026-01-28 07:24:14,668 - INFO - 查找并点击登录按钮...
2026-01-28 07:24:15,040 - INFO - 已点击登录按钮
2026-01-28 07:24:22,061 - INFO - 开始填写登录表单...
2026-01-28 07:24:22,124 - INFO - 用户名填写完成
2026-01-28 07:24:22,185 - INFO - 密码填写完成
2026-01-28 07:24:22,186 - INFO - 验证码图片已保存到 /home/runner/work/nju_electric_monitor/nju_electric_monitor/src/../data/captcha_debug.png
2026-01-28 07:24:22,186 - INFO - 验证码识别尝试 13/30
2026-01-28 07:24:22,186 - INFO - 开始识别验证码...（easyocr + pytesseract）
2026-01-28 07:24:22,289 - INFO - easyocr 结果: ['fV88(0.51)']
2026-01-28 07:24:22,384 - INFO - tesseract 结果: fV88
2026-01-28 07:24:22,444 - INFO - easyocr alt1 结果: ['V88(0.49)']
2026-01-28 07:24:22,543 - INFO - tesseract alt1 结果: fV8s
2026-01-28 07:24:22,603 - INFO - easyocr alt2 结果: ['V88(0.55)']
2026-01-28 07:24:22,699 - INFO - tesseract alt2 结果: fV88
2026-01-28 07:24:22,852 - INFO - easyocr alt3 结果: ['fV88(0.65)']
2026-01-28 07:24:22,970 - INFO - tesseract alt3 结果: fV88
2026-01-28 07:24:23,029 - INFO - easyocr alt4 结果: ['V88(0.23)']
2026-01-28 07:24:23,129 - INFO - tesseract alt4 结果: fV8s
2026-01-28 07:24:23,189 - INFO - easyocr alt5 结果: ['V88(0.28)']
2026-01-28 07:24:23,291 - INFO - tesseract alt5 结果: fV8S
2026-01-28 07:24:23,291 - INFO - 最终验证码识别结果: fV88 (engine=easyocr_alt3, prob=0.6469724178314209)
2026-01-28 07:24:23,292 - INFO - 查找验证码输入框...
2026-01-28 07:24:23,350 - INFO - 验证码填写完成
2026-01-28 07:24:23,351 - INFO - 验证码填写完成，点击登录按钮...
2026-01-28 07:24:23,351 - INFO - 查找并点击登录按钮...
2026-01-28 07:24:23,697 - INFO - 已点击登录按钮
2026-01-28 07:24:30,720 - INFO - 开始填写登录表单...
2026-01-28 07:24:30,787 - INFO - 用户名填写完成
2026-01-28 07:24:30,850 - INFO - 密码填写完成
2026-01-28 07:24:30,851 - INFO - 验证码图片已保存到 /home/runner/work/nju_electric_monitor/nju_electric_monitor/src/../data/captcha_debug.png
2026-01-28 07:24:30,851 - INFO - 验证码识别尝试 14/30
2026-01-28 07:24:30,851 - INFO - 开始识别验证码...（easyocr + pytesseract）
2026-01-28 07:24:30,949 - INFO - easyocr 结果: ['fV88(0.51)']
2026-01-28 07:24:31,045 - INFO - tesseract 结果: fV88
2026-01-28 07:24:31,104 - INFO - easyocr alt1 结果: ['V88(0.49)']
2026-01-28 07:24:31,204 - INFO - tesseract alt1 结果: fV8s
2026-01-28 07:24:31,262 - INFO - easyocr alt2 结果: ['V88(0.55)']
2026-01-28 07:24:31,361 - INFO - tesseract alt2 结果: fV88
2026-01-28 07:24:31,515 - INFO - easyocr alt3 结果: ['fV88(0.65)']
2026-01-28 07:24:31,629 - INFO - tesseract alt3 结果: fV88
2026-01-28 07:24:31,688 - INFO - easyocr alt4 结果: ['V88(0.23)']
2026-01-28 07:24:31,789 - INFO - tesseract alt4 结果: fV8s
2026-01-28 07:24:31,848 - INFO - easyocr alt5 结果: ['V88(0.28)']
2026-01-28 07:24:31,951 - INFO - tesseract alt5 结果: fV8S
2026-01-28 07:24:31,952 - INFO - 最终验证码识别结果: fV88 (engine=easyocr_alt3, prob=0.6469724178314209)
2026-01-28 07:24:31,952 - INFO - 查找验证码输入框...
2026-01-28 07:24:32,012 - INFO - 验证码填写完成
2026-01-28 07:24:32,012 - INFO - 验证码填写完成，点击登录按钮...
2026-01-28 07:24:32,012 - INFO - 查找并点击登录按钮...
2026-01-28 07:24:32,360 - INFO - 已点击登录按钮
2026-01-28 07:24:39,380 - INFO - 开始填写登录表单...
2026-01-28 07:24:39,443 - INFO - 用户名填写完成
2026-01-28 07:24:39,504 - INFO - 密码填写完成
2026-01-28 07:24:39,504 - INFO - 验证码图片已保存到 /home/runner/work/nju_electric_monitor/nju_electric_monitor/src/../data/captcha_debug.png
2026-01-28 07:24:39,505 - INFO - 验证码识别尝试 15/30
2026-01-28 07:24:39,505 - INFO - 开始识别验证码...（easyocr + pytesseract）
2026-01-28 07:24:39,600 - INFO - easyocr 结果: ['fV88(0.51)']
2026-01-28 07:24:39,696 - INFO - tesseract 结果: fV88
2026-01-28 07:24:39,755 - INFO - easyocr alt1 结果: ['V88(0.49)']
2026-01-28 07:24:39,853 - INFO - tesseract alt1 结果: fV8s
2026-01-28 07:24:39,912 - INFO - easyocr alt2 结果: ['V88(0.55)']
2026-01-28 07:24:40,008 - INFO - tesseract alt2 结果: fV88
2026-01-28 07:24:40,161 - INFO - easyocr alt3 结果: ['fV88(0.65)']
2026-01-28 07:24:40,273 - INFO - tesseract alt3 结果: fV88
2026-01-28 07:24:40,331 - INFO - easyocr alt4 结果: ['V88(0.23)']
2026-01-28 07:24:40,430 - INFO - tesseract alt4 结果: fV8s
2026-01-28 07:24:40,489 - INFO - easyocr alt5 结果: ['V88(0.28)']
2026-01-28 07:24:40,587 - INFO - tesseract alt5 结果: fV8S
2026-01-28 07:24:40,587 - INFO - 最终验证码识别结果: fV88 (engine=easyocr_alt3, prob=0.6469724178314209)
2026-01-28 07:24:40,587 - INFO - 查找验证码输入框...
2026-01-28 07:24:40,646 - INFO - 验证码填写完成
2026-01-28 07:24:40,646 - INFO - 验证码填写完成，点击登录按钮...
2026-01-28 07:24:40,646 - INFO - 查找并点击登录按钮...
2026-01-28 07:24:40,993 - INFO - 已点击登录按钮
2026-01-28 07:24:48,014 - INFO - 开始填写登录表单...
2026-01-28 07:24:48,078 - INFO - 用户名填写完成
2026-01-28 07:24:48,141 - INFO - 密码填写完成
2026-01-28 07:24:48,142 - INFO - 验证码图片已保存到 /home/runner/work/nju_electric_monitor/nju_electric_monitor/src/../data/captcha_debug.png
2026-01-28 07:24:48,142 - INFO - 验证码识别尝试 16/30
2026-01-28 07:24:48,142 - INFO - 开始识别验证码...（easyocr + pytesseract）
2026-01-28 07:24:48,249 - INFO - easyocr 结果: ['fV88(0.51)']
2026-01-28 07:24:48,349 - INFO - tesseract 结果: fV88
2026-01-28 07:24:48,408 - INFO - easyocr alt1 结果: ['V88(0.49)']
2026-01-28 07:24:48,507 - INFO - tesseract alt1 结果: fV8s
2026-01-28 07:24:48,566 - INFO - easyocr alt2 结果: ['V88(0.55)']
2026-01-28 07:24:48,661 - INFO - tesseract alt2 结果: fV88
2026-01-28 07:24:48,818 - INFO - easyocr alt3 结果: ['fV88(0.65)']
2026-01-28 07:24:48,933 - INFO - tesseract alt3 结果: fV88
2026-01-28 07:24:48,992 - INFO - easyocr alt4 结果: ['V88(0.23)']
2026-01-28 07:24:49,090 - INFO - tesseract alt4 结果: fV8s
2026-01-28 07:24:49,150 - INFO - easyocr alt5 结果: ['V88(0.28)']
2026-01-28 07:24:49,253 - INFO - tesseract alt5 结果: fV8S
2026-01-28 07:24:49,253 - INFO - 最终验证码识别结果: fV88 (engine=easyocr_alt3, prob=0.6469724178314209)
2026-01-28 07:24:49,253 - INFO - 查找验证码输入框...
2026-01-28 07:24:49,309 - INFO - 验证码填写完成
2026-01-28 07:24:49,309 - INFO - 验证码填写完成，点击登录按钮...
2026-01-28 07:24:49,309 - INFO - 查找并点击登录按钮...
2026-01-28 07:24:49,367 - INFO - 已点击登录按钮
2026-01-28 07:24:56,389 - INFO - 开始填写登录表单...
2026-01-28 07:24:56,453 - INFO - 用户名填写完成
2026-01-28 07:24:56,515 - INFO - 密码填写完成
2026-01-28 07:24:56,515 - INFO - 验证码图片已保存到 /home/runner/work/nju_electric_monitor/nju_electric_monitor/src/../data/captcha_debug.png
2026-01-28 07:24:56,515 - INFO - 验证码识别尝试 17/30
2026-01-28 07:24:56,515 - INFO - 开始识别验证码...（easyocr + pytesseract）
2026-01-28 07:24:56,613 - INFO - easyocr 结果: ['fV88(0.51)']
2026-01-28 07:24:56,710 - INFO - tesseract 结果: fV88
2026-01-28 07:24:56,770 - INFO - easyocr alt1 结果: ['V88(0.49)']
2026-01-28 07:24:56,874 - INFO - tesseract alt1 结果: fV8s
2026-01-28 07:24:56,933 - INFO - easyocr alt2 结果: ['V88(0.55)']
2026-01-28 07:24:57,031 - INFO - tesseract alt2 结果: fV88
2026-01-28 07:24:57,187 - INFO - easyocr alt3 结果: ['fV88(0.65)']
2026-01-28 07:24:57,301 - INFO - tesseract alt3 结果: fV88
2026-01-28 07:24:57,360 - INFO - easyocr alt4 结果: ['V88(0.23)']
2026-01-28 07:24:57,466 - INFO - tesseract alt4 结果: fV8s
2026-01-28 07:24:57,526 - INFO - easyocr alt5 结果: ['V88(0.28)']
2026-01-28 07:24:57,625 - INFO - tesseract alt5 结果: fV8S
2026-01-28 07:24:57,626 - INFO - 最终验证码识别结果: fV88 (engine=easyocr_alt3, prob=0.6469724178314209)
2026-01-28 07:24:57,626 - INFO - 查找验证码输入框...
2026-01-28 07:24:57,685 - INFO - 验证码填写完成
2026-01-28 07:24:57,685 - INFO - 验证码填写完成，点击登录按钮...
2026-01-28 07:24:57,685 - INFO - 查找并点击登录按钮...
2026-01-28 07:24:58,060 - INFO - 已点击登录按钮
2026-01-28 07:25:05,081 - INFO - 开始填写登录表单...
2026-01-28 07:25:05,143 - INFO - 用户名填写完成
2026-01-28 07:25:05,204 - INFO - 密码填写完成
2026-01-28 07:25:05,205 - INFO - 验证码图片已保存到 /home/runner/work/nju_electric_monitor/nju_electric_monitor/src/../data/captcha_debug.png
2026-01-28 07:25:05,205 - INFO - 验证码识别尝试 18/30
2026-01-28 07:25:05,205 - INFO - 开始识别验证码...（easyocr + pytesseract）
2026-01-28 07:25:05,303 - INFO - easyocr 结果: ['fV88(0.51)']
2026-01-28 07:25:05,400 - INFO - tesseract 结果: fV88
2026-01-28 07:25:05,460 - INFO - easyocr alt1 结果: ['V88(0.49)']
2026-01-28 07:25:05,560 - INFO - tesseract alt1 结果: fV8s
2026-01-28 07:25:05,620 - INFO - easyocr alt2 结果: ['V88(0.55)']
2026-01-28 07:25:05,720 - INFO - tesseract alt2 结果: fV88
2026-01-28 07:25:05,878 - INFO - easyocr alt3 结果: ['fV88(0.65)']
2026-01-28 07:25:05,993 - INFO - tesseract alt3 结果: fV88
2026-01-28 07:25:06,061 - INFO - easyocr alt4 结果: ['V88(0.23)']
2026-01-28 07:25:06,164 - INFO - tesseract alt4 结果: fV8s
2026-01-28 07:25:06,224 - INFO - easyocr alt5 结果: ['V88(0.28)']
2026-01-28 07:25:06,327 - INFO - tesseract alt5 结果: fV8S
2026-01-28 07:25:06,327 - INFO - 最终验证码识别结果: fV88 (engine=easyocr_alt3, prob=0.6469724178314209)
2026-01-28 07:25:06,327 - INFO - 查找验证码输入框...
2026-01-28 07:25:06,386 - INFO - 验证码填写完成
2026-01-28 07:25:06,386 - INFO - 验证码填写完成，点击登录按钮...
2026-01-28 07:25:06,386 - INFO - 查找并点击登录按钮...
2026-01-28 07:25:06,730 - INFO - 已点击登录按钮
2026-01-28 07:25:13,751 - INFO - 开始填写登录表单...
2026-01-28 07:25:13,811 - INFO - 用户名填写完成
2026-01-28 07:25:13,871 - INFO - 密码填写完成
2026-01-28 07:25:13,872 - INFO - 验证码图片已保存到 /home/runner/work/nju_electric_monitor/nju_electric_monitor/src/../data/captcha_debug.png
2026-01-28 07:25:13,872 - INFO - 验证码识别尝试 19/30
2026-01-28 07:25:13,872 - INFO - 开始识别验证码...（easyocr + pytesseract）
2026-01-28 07:25:13,970 - INFO - easyocr 结果: ['fV88(0.51)']
2026-01-28 07:25:14,066 - INFO - tesseract 结果: fV88
2026-01-28 07:25:14,133 - INFO - easyocr alt1 结果: ['V88(0.49)']
2026-01-28 07:25:14,232 - INFO - tesseract alt1 结果: fV8s
2026-01-28 07:25:14,292 - INFO - easyocr alt2 结果: ['V88(0.55)']
2026-01-28 07:25:14,392 - INFO - tesseract alt2 结果: fV88
2026-01-28 07:25:14,555 - INFO - easyocr alt3 结果: ['fV88(0.65)']
2026-01-28 07:25:14,666 - INFO - tesseract alt3 结果: fV88
2026-01-28 07:25:14,726 - INFO - easyocr alt4 结果: ['V88(0.23)']
2026-01-28 07:25:14,826 - INFO - tesseract alt4 结果: fV8s
2026-01-28 07:25:14,887 - INFO - easyocr alt5 结果: ['V88(0.28)']
2026-01-28 07:25:14,985 - INFO - tesseract alt5 结果: fV8S
2026-01-28 07:25:14,985 - INFO - 最终验证码识别结果: fV88 (engine=easyocr_alt3, prob=0.6469724178314209)
2026-01-28 07:25:14,985 - INFO - 查找验证码输入框...
2026-01-28 07:25:15,042 - INFO - 验证码填写完成
2026-01-28 07:25:15,042 - INFO - 验证码填写完成，点击登录按钮...
2026-01-28 07:25:15,042 - INFO - 查找并点击登录按钮...
2026-01-28 07:25:15,100 - INFO - 已点击登录按钮
2026-01-28 07:25:22,120 - INFO - 开始填写登录表单...
2026-01-28 07:25:22,181 - INFO - 用户名填写完成
2026-01-28 07:25:22,242 - INFO - 密码填写完成
2026-01-28 07:25:22,242 - INFO - 验证码图片已保存到 /home/runner/work/nju_electric_monitor/nju_electric_monitor/src/../data/captcha_debug.png
2026-01-28 07:25:22,242 - INFO - 验证码识别尝试 20/30
2026-01-28 07:25:22,242 - INFO - 开始识别验证码...（easyocr + pytesseract）
2026-01-28 07:25:22,339 - INFO - easyocr 结果: ['fV88(0.51)']
2026-01-28 07:25:22,436 - INFO - tesseract 结果: fV88
2026-01-28 07:25:22,497 - INFO - easyocr alt1 结果: ['V88(0.49)']
2026-01-28 07:25:22,595 - INFO - tesseract alt1 结果: fV8s
2026-01-28 07:25:22,654 - INFO - easyocr alt2 结果: ['V88(0.55)']
2026-01-28 07:25:22,750 - INFO - tesseract alt2 结果: fV88
2026-01-28 07:25:22,917 - INFO - easyocr alt3 结果: ['fV88(0.65)']
2026-01-28 07:25:23,032 - INFO - tesseract alt3 结果: fV88
2026-01-28 07:25:23,091 - INFO - easyocr alt4 结果: ['V88(0.23)']
2026-01-28 07:25:23,202 - INFO - tesseract alt4 结果: fV8s
2026-01-28 07:25:23,301 - INFO - easyocr alt5 结果: ['V88(0.28)']
2026-01-28 07:25:23,410 - INFO - tesseract alt5 结果: fV8S
2026-01-28 07:25:23,410 - INFO - 最终验证码识别结果: fV88 (engine=easyocr_alt3, prob=0.6469724178314209)
2026-01-28 07:25:23,410 - INFO - 查找验证码输入框...
2026-01-28 07:25:23,467 - INFO - 验证码填写完成
2026-01-28 07:25:23,468 - INFO - 验证码填写完成，点击登录按钮...
2026-01-28 07:25:23,468 - INFO - 查找并点击登录按钮...
2026-01-28 07:25:23,842 - INFO - 已点击登录按钮
2026-01-28 07:25:30,862 - INFO - 开始填写登录表单...
2026-01-28 07:25:30,924 - INFO - 用户名填写完成
2026-01-28 07:25:30,982 - INFO - 密码填写完成
2026-01-28 07:25:30,983 - INFO - 验证码图片已保存到 /home/runner/work/nju_electric_monitor/nju_electric_monitor/src/../data/captcha_debug.png
2026-01-28 07:25:30,983 - INFO - 验证码识别尝试 21/30
2026-01-28 07:25:30,983 - INFO - 开始识别验证码...（easyocr + pytesseract）
2026-01-28 07:25:31,079 - INFO - easyocr 结果: ['fV88(0.51)']
2026-01-28 07:25:31,174 - INFO - tesseract 结果: fV88
2026-01-28 07:25:31,233 - INFO - easyocr alt1 结果: ['V88(0.49)']
2026-01-28 07:25:31,330 - INFO - tesseract alt1 结果: fV8s
2026-01-28 07:25:31,389 - INFO - easyocr alt2 结果: ['V88(0.55)']
2026-01-28 07:25:31,483 - INFO - tesseract alt2 结果: fV88
2026-01-28 07:25:31,637 - INFO - easyocr alt3 结果: ['fV88(0.65)']
2026-01-28 07:25:31,751 - INFO - tesseract alt3 结果: fV88
2026-01-28 07:25:31,810 - INFO - easyocr alt4 结果: ['V88(0.23)']
2026-01-28 07:25:31,912 - INFO - tesseract alt4 结果: fV8s
2026-01-28 07:25:31,972 - INFO - easyocr alt5 结果: ['V88(0.28)']
2026-01-28 07:25:32,076 - INFO - tesseract alt5 结果: fV8S
2026-01-28 07:25:32,077 - INFO - 最终验证码识别结果: fV88 (engine=easyocr_alt3, prob=0.6469724178314209)
2026-01-28 07:25:32,077 - INFO - 查找验证码输入框...
2026-01-28 07:25:32,135 - INFO - 验证码填写完成
2026-01-28 07:25:32,135 - INFO - 验证码填写完成，点击登录按钮...
2026-01-28 07:25:32,135 - INFO - 查找并点击登录按钮...
2026-01-28 07:25:32,193 - INFO - 已点击登录按钮
2026-01-28 07:25:39,214 - INFO - 开始填写登录表单...
2026-01-28 07:25:39,276 - INFO - 用户名填写完成
2026-01-28 07:25:39,337 - INFO - 密码填写完成
2026-01-28 07:25:39,338 - INFO - 验证码图片已保存到 /home/runner/work/nju_electric_monitor/nju_electric_monitor/src/../data/captcha_debug.png
2026-01-28 07:25:39,338 - INFO - 验证码识别尝试 22/30
2026-01-28 07:25:39,338 - INFO - 开始识别验证码...（easyocr + pytesseract）
2026-01-28 07:25:39,437 - INFO - easyocr 结果: ['fV88(0.51)']
2026-01-28 07:25:39,534 - INFO - tesseract 结果: fV88
2026-01-28 07:25:39,595 - INFO - easyocr alt1 结果: ['V88(0.49)']
2026-01-28 07:25:39,701 - INFO - tesseract alt1 结果: fV8s
2026-01-28 07:25:39,766 - INFO - easyocr alt2 结果: ['V88(0.55)']
2026-01-28 07:25:39,864 - INFO - tesseract alt2 结果: fV88
2026-01-28 07:25:40,024 - INFO - easyocr alt3 结果: ['fV88(0.65)']
2026-01-28 07:25:40,140 - INFO - tesseract alt3 结果: fV88
2026-01-28 07:25:40,199 - INFO - easyocr alt4 结果: ['V88(0.23)']
2026-01-28 07:25:40,298 - INFO - tesseract alt4 结果: fV8s
2026-01-28 07:25:40,358 - INFO - easyocr alt5 结果: ['V88(0.28)']
2026-01-28 07:25:40,462 - INFO - tesseract alt5 结果: fV8S
2026-01-28 07:25:40,462 - INFO - 最终验证码识别结果: fV88 (engine=easyocr_alt3, prob=0.6469724178314209)
2026-01-28 07:25:40,462 - INFO - 查找验证码输入框...
2026-01-28 07:25:40,520 - INFO - 验证码填写完成
2026-01-28 07:25:40,520 - INFO - 验证码填写完成，点击登录按钮...
2026-01-28 07:25:40,520 - INFO - 查找并点击登录按钮...
2026-01-28 07:25:40,892 - INFO - 已点击登录按钮
2026-01-28 07:25:47,913 - INFO - 开始填写登录表单...
2026-01-28 07:25:47,975 - INFO - 用户名填写完成
2026-01-28 07:25:48,035 - INFO - 密码填写完成
2026-01-28 07:25:48,035 - INFO - 验证码图片已保存到 /home/runner/work/nju_electric_monitor/nju_electric_monitor/src/../data/captcha_debug.png
2026-01-28 07:25:48,035 - INFO - 验证码识别尝试 23/30
2026-01-28 07:25:48,035 - INFO - 开始识别验证码...（easyocr + pytesseract）
2026-01-28 07:25:48,145 - INFO - easyocr 结果: ['fV88(0.51)']
2026-01-28 07:25:48,242 - INFO - tesseract 结果: fV88
2026-01-28 07:25:48,303 - INFO - easyocr alt1 结果: ['V88(0.49)']
2026-01-28 07:25:48,403 - INFO - tesseract alt1 结果: fV8s
2026-01-28 07:25:48,469 - INFO - easyocr alt2 结果: ['V88(0.55)']
2026-01-28 07:25:48,566 - INFO - tesseract alt2 结果: fV88
2026-01-28 07:25:48,723 - INFO - easyocr alt3 结果: ['fV88(0.65)']
2026-01-28 07:25:48,838 - INFO - tesseract alt3 结果: fV88
2026-01-28 07:25:48,898 - INFO - easyocr alt4 结果: ['V88(0.23)']
2026-01-28 07:25:48,998 - INFO - tesseract alt4 结果: fV8s
2026-01-28 07:25:49,067 - INFO - easyocr alt5 结果: ['V88(0.28)']
2026-01-28 07:25:49,168 - INFO - tesseract alt5 结果: fV8S
2026-01-28 07:25:49,169 - INFO - 最终验证码识别结果: fV88 (engine=easyocr_alt3, prob=0.6469724178314209)
2026-01-28 07:25:49,169 - INFO - 查找验证码输入框...
2026-01-28 07:25:49,227 - INFO - 验证码填写完成
2026-01-28 07:25:49,227 - INFO - 验证码填写完成，点击登录按钮...
2026-01-28 07:25:49,227 - INFO - 查找并点击登录按钮...
2026-01-28 07:25:49,574 - INFO - 已点击登录按钮
2026-01-28 07:25:56,594 - INFO - 开始填写登录表单...
2026-01-28 07:25:56,655 - INFO - 用户名填写完成
2026-01-28 07:25:56,713 - INFO - 密码填写完成
2026-01-28 07:25:56,714 - INFO - 验证码图片已保存到 /home/runner/work/nju_electric_monitor/nju_electric_monitor/src/../data/captcha_debug.png
2026-01-28 07:25:56,714 - INFO - 验证码识别尝试 24/30
2026-01-28 07:25:56,714 - INFO - 开始识别验证码...（easyocr + pytesseract）
2026-01-28 07:25:56,812 - INFO - easyocr 结果: ['fV88(0.51)']
2026-01-28 07:25:56,909 - INFO - tesseract 结果: fV88
2026-01-28 07:25:56,970 - INFO - easyocr alt1 结果: ['V88(0.49)']
2026-01-28 07:25:57,069 - INFO - tesseract alt1 结果: fV8s
2026-01-28 07:25:57,129 - INFO - easyocr alt2 结果: ['V88(0.55)']
2026-01-28 07:25:57,225 - INFO - tesseract alt2 结果: fV88
2026-01-28 07:25:57,381 - INFO - easyocr alt3 结果: ['fV88(0.65)']
2026-01-28 07:25:57,499 - INFO - tesseract alt3 结果: fV88
2026-01-28 07:25:57,559 - INFO - easyocr alt4 结果: ['V88(0.23)']
2026-01-28 07:25:57,659 - INFO - tesseract alt4 结果: fV8s
2026-01-28 07:25:57,720 - INFO - easyocr alt5 结果: ['V88(0.28)']
2026-01-28 07:25:57,829 - INFO - tesseract alt5 结果: fV8S
2026-01-28 07:25:57,829 - INFO - 最终验证码识别结果: fV88 (engine=easyocr_alt3, prob=0.6469724178314209)
2026-01-28 07:25:57,829 - INFO - 查找验证码输入框...
2026-01-28 07:25:57,887 - INFO - 验证码填写完成
2026-01-28 07:25:57,887 - INFO - 验证码填写完成，点击登录按钮...
2026-01-28 07:25:57,887 - INFO - 查找并点击登录按钮...
2026-01-28 07:25:57,945 - INFO - 已点击登录按钮
2026-01-28 07:26:04,965 - INFO - 开始填写登录表单...
2026-01-28 07:26:05,027 - INFO - 用户名填写完成
2026-01-28 07:26:05,087 - INFO - 密码填写完成
2026-01-28 07:26:05,088 - INFO - 验证码图片已保存到 /home/runner/work/nju_electric_monitor/nju_electric_monitor/src/../data/captcha_debug.png
2026-01-28 07:26:05,088 - INFO - 验证码识别尝试 25/30
2026-01-28 07:26:05,088 - INFO - 开始识别验证码...（easyocr + pytesseract）
2026-01-28 07:26:05,186 - INFO - easyocr 结果: ['fV88(0.51)']
2026-01-28 07:26:05,282 - INFO - tesseract 结果: fV88
2026-01-28 07:26:05,343 - INFO - easyocr alt1 结果: ['V88(0.49)']
2026-01-28 07:26:05,446 - INFO - tesseract alt1 结果: fV8s
2026-01-28 07:26:05,505 - INFO - easyocr alt2 结果: ['V88(0.55)']
2026-01-28 07:26:05,603 - INFO - tesseract alt2 结果: fV88
2026-01-28 07:26:05,758 - INFO - easyocr alt3 结果: ['fV88(0.65)']
2026-01-28 07:26:05,871 - INFO - tesseract alt3 结果: fV88
2026-01-28 07:26:05,930 - INFO - easyocr alt4 结果: ['V88(0.23)']
2026-01-28 07:26:06,033 - INFO - tesseract alt4 结果: fV8s
2026-01-28 07:26:06,094 - INFO - easyocr alt5 结果: ['V88(0.28)']
2026-01-28 07:26:06,193 - INFO - tesseract alt5 结果: fV8S
2026-01-28 07:26:06,193 - INFO - 最终验证码识别结果: fV88 (engine=easyocr_alt3, prob=0.6469724178314209)
2026-01-28 07:26:06,193 - INFO - 查找验证码输入框...
2026-01-28 07:26:06,250 - INFO - 验证码填写完成
2026-01-28 07:26:06,250 - INFO - 验证码填写完成，点击登录按钮...
2026-01-28 07:26:06,250 - INFO - 查找并点击登录按钮...
2026-01-28 07:26:06,622 - INFO - 已点击登录按钮
2026-01-28 07:26:13,642 - INFO - 开始填写登录表单...
2026-01-28 07:26:13,704 - INFO - 用户名填写完成
2026-01-28 07:26:13,763 - INFO - 密码填写完成
2026-01-28 07:26:13,763 - INFO - 验证码图片已保存到 /home/runner/work/nju_electric_monitor/nju_electric_monitor/src/../data/captcha_debug.png
2026-01-28 07:26:13,763 - INFO - 验证码识别尝试 26/30
2026-01-28 07:26:13,764 - INFO - 开始识别验证码...（easyocr + pytesseract）
2026-01-28 07:26:13,860 - INFO - easyocr 结果: ['fV88(0.51)']
2026-01-28 07:26:13,955 - INFO - tesseract 结果: fV88
2026-01-28 07:26:14,015 - INFO - easyocr alt1 结果: ['V88(0.49)']
2026-01-28 07:26:14,114 - INFO - tesseract alt1 结果: fV8s
2026-01-28 07:26:14,174 - INFO - easyocr alt2 结果: ['V88(0.55)']
2026-01-28 07:26:14,267 - INFO - tesseract alt2 结果: fV88
2026-01-28 07:26:14,426 - INFO - easyocr alt3 结果: ['fV88(0.65)']
2026-01-28 07:26:14,538 - INFO - tesseract alt3 结果: fV88
2026-01-28 07:26:14,606 - INFO - easyocr alt4 结果: ['V88(0.23)']
2026-01-28 07:26:14,706 - INFO - tesseract alt4 结果: fV8s
2026-01-28 07:26:14,765 - INFO - easyocr alt5 结果: ['V88(0.28)']
2026-01-28 07:26:14,862 - INFO - tesseract alt5 结果: fV8S
2026-01-28 07:26:14,863 - INFO - 最终验证码识别结果: fV88 (engine=easyocr_alt3, prob=0.6469724178314209)
2026-01-28 07:26:14,863 - INFO - 查找验证码输入框...
2026-01-28 07:26:14,919 - INFO - 验证码填写完成
2026-01-28 07:26:14,919 - INFO - 验证码填写完成，点击登录按钮...
2026-01-28 07:26:14,919 - INFO - 查找并点击登录按钮...
2026-01-28 07:26:15,262 - INFO - 已点击登录按钮
2026-01-28 07:26:22,283 - INFO - 开始填写登录表单...
2026-01-28 07:26:22,345 - INFO - 用户名填写完成
2026-01-28 07:26:22,404 - INFO - 密码填写完成
2026-01-28 07:26:22,404 - INFO - 验证码图片已保存到 /home/runner/work/nju_electric_monitor/nju_electric_monitor/src/../data/captcha_debug.png
2026-01-28 07:26:22,405 - INFO - 验证码识别尝试 27/30
2026-01-28 07:26:22,405 - INFO - 开始识别验证码...（easyocr + pytesseract）
2026-01-28 07:26:22,501 - INFO - easyocr 结果: ['fV88(0.51)']
2026-01-28 07:26:22,602 - INFO - tesseract 结果: fV88
2026-01-28 07:26:22,662 - INFO - easyocr alt1 结果: ['V88(0.49)']
2026-01-28 07:26:22,762 - INFO - tesseract alt1 结果: fV8s
2026-01-28 07:26:22,821 - INFO - easyocr alt2 结果: ['V88(0.55)']
2026-01-28 07:26:22,915 - INFO - tesseract alt2 结果: fV88
2026-01-28 07:26:23,071 - INFO - easyocr alt3 结果: ['fV88(0.65)']
2026-01-28 07:26:23,182 - INFO - tesseract alt3 结果: fV88
2026-01-28 07:26:23,242 - INFO - easyocr alt4 结果: ['V88(0.23)']
2026-01-28 07:26:23,345 - INFO - tesseract alt4 结果: fV8s
2026-01-28 07:26:23,406 - INFO - easyocr alt5 结果: ['V88(0.28)']
2026-01-28 07:26:23,505 - INFO - tesseract alt5 结果: fV8S
2026-01-28 07:26:23,505 - INFO - 最终验证码识别结果: fV88 (engine=easyocr_alt3, prob=0.6469724178314209)
2026-01-28 07:26:23,506 - INFO - 查找验证码输入框...
2026-01-28 07:26:23,564 - INFO - 验证码填写完成
2026-01-28 07:26:23,564 - INFO - 验证码填写完成，点击登录按钮...
2026-01-28 07:26:23,565 - INFO - 查找并点击登录按钮...
2026-01-28 07:26:23,909 - INFO - 已点击登录按钮
2026-01-28 07:26:30,931 - INFO - 开始填写登录表单...
2026-01-28 07:26:30,994 - INFO - 用户名填写完成
2026-01-28 07:26:31,056 - INFO - 密码填写完成
2026-01-28 07:26:31,056 - INFO - 验证码图片已保存到 /home/runner/work/nju_electric_monitor/nju_electric_monitor/src/../data/captcha_debug.png
2026-01-28 07:26:31,056 - INFO - 验证码识别尝试 28/30
2026-01-28 07:26:31,056 - INFO - 开始识别验证码...（easyocr + pytesseract）
2026-01-28 07:26:31,162 - INFO - easyocr 结果: ['fV88(0.51)']
2026-01-28 07:26:31,258 - INFO - tesseract 结果: fV88
2026-01-28 07:26:31,326 - INFO - easyocr alt1 结果: ['V88(0.49)']
2026-01-28 07:26:31,425 - INFO - tesseract alt1 结果: fV8s
2026-01-28 07:26:31,485 - INFO - easyocr alt2 结果: ['V88(0.55)']
2026-01-28 07:26:31,583 - INFO - tesseract alt2 结果: fV88
2026-01-28 07:26:31,736 - INFO - easyocr alt3 结果: ['fV88(0.65)']
2026-01-28 07:26:31,847 - INFO - tesseract alt3 结果: fV88
2026-01-28 07:26:31,906 - INFO - easyocr alt4 结果: ['V88(0.23)']
2026-01-28 07:26:32,004 - INFO - tesseract alt4 结果: fV8s
2026-01-28 07:26:32,063 - INFO - easyocr alt5 结果: ['V88(0.28)']
2026-01-28 07:26:32,164 - INFO - tesseract alt5 结果: fV8S
2026-01-28 07:26:32,164 - INFO - 最终验证码识别结果: fV88 (engine=easyocr_alt3, prob=0.6469724178314209)
2026-01-28 07:26:32,164 - INFO - 查找验证码输入框...
2026-01-28 07:26:32,222 - INFO - 验证码填写完成
2026-01-28 07:26:32,222 - INFO - 验证码填写完成，点击登录按钮...
2026-01-28 07:26:32,222 - INFO - 查找并点击登录按钮...
2026-01-28 07:26:32,567 - INFO - 已点击登录按钮
2026-01-28 07:26:39,587 - INFO - 开始填写登录表单...
2026-01-28 07:26:39,649 - INFO - 用户名填写完成
2026-01-28 07:26:39,720 - INFO - 密码填写完成
2026-01-28 07:26:39,721 - INFO - 验证码图片已保存到 /home/runner/work/nju_electric_monitor/nju_electric_monitor/src/../data/captcha_debug.png
2026-01-28 07:26:39,721 - INFO - 验证码识别尝试 29/30
2026-01-28 07:26:39,721 - INFO - 开始识别验证码...（easyocr + pytesseract）
2026-01-28 07:26:39,827 - INFO - easyocr 结果: ['fV88(0.51)']
2026-01-28 07:26:39,925 - INFO - tesseract 结果: fV88
2026-01-28 07:26:39,985 - INFO - easyocr alt1 结果: ['V88(0.49)']
2026-01-28 07:26:40,091 - INFO - tesseract alt1 结果: fV8s
2026-01-28 07:26:40,151 - INFO - easyocr alt2 结果: ['V88(0.55)']
2026-01-28 07:26:40,252 - INFO - tesseract alt2 结果: fV88
2026-01-28 07:26:40,407 - INFO - easyocr alt3 结果: ['fV88(0.65)']
2026-01-28 07:26:40,519 - INFO - tesseract alt3 结果: fV88
2026-01-28 07:26:40,579 - INFO - easyocr alt4 结果: ['V88(0.23)']
2026-01-28 07:26:40,678 - INFO - tesseract alt4 结果: fV8s
2026-01-28 07:26:40,739 - INFO - easyocr alt5 结果: ['V88(0.28)']
2026-01-28 07:26:40,846 - INFO - tesseract alt5 结果: fV8S
2026-01-28 07:26:40,846 - INFO - 最终验证码识别结果: fV88 (engine=easyocr_alt3, prob=0.6469724178314209)
2026-01-28 07:26:40,846 - INFO - 查找验证码输入框...
2026-01-28 07:26:40,905 - INFO - 验证码填写完成
2026-01-28 07:26:40,905 - INFO - 验证码填写完成，点击登录按钮...
2026-01-28 07:26:40,905 - INFO - 查找并点击登录按钮...
2026-01-28 07:26:41,252 - INFO - 已点击登录按钮
2026-01-28 07:26:48,272 - INFO - 开始填写登录表单...
2026-01-28 07:26:48,333 - INFO - 用户名填写完成
2026-01-28 07:26:48,392 - INFO - 密码填写完成
2026-01-28 07:26:48,393 - INFO - 验证码图片已保存到 /home/runner/work/nju_electric_monitor/nju_electric_monitor/src/../data/captcha_debug.png
2026-01-28 07:26:48,393 - INFO - 验证码识别尝试 30/30
2026-01-28 07:26:48,393 - INFO - 开始识别验证码...（easyocr + pytesseract）
2026-01-28 07:26:48,496 - INFO - easyocr 结果: ['fV88(0.51)']
2026-01-28 07:26:48,594 - INFO - tesseract 结果: fV88
2026-01-28 07:26:48,654 - INFO - easyocr alt1 结果: ['V88(0.49)']
2026-01-28 07:26:48,756 - INFO - tesseract alt1 结果: fV8s
2026-01-28 07:26:48,816 - INFO - easyocr alt2 结果: ['V88(0.55)']
2026-01-28 07:26:48,912 - INFO - tesseract alt2 结果: fV88
2026-01-28 07:26:49,065 - INFO - easyocr alt3 结果: ['fV88(0.65)']
2026-01-28 07:26:49,176 - INFO - tesseract alt3 结果: fV88
2026-01-28 07:26:49,251 - INFO - easyocr alt4 结果: ['V88(0.23)']
2026-01-28 07:26:49,349 - INFO - tesseract alt4 结果: fV8s
2026-01-28 07:26:49,407 - INFO - easyocr alt5 结果: ['V88(0.28)']
2026-01-28 07:26:49,504 - INFO - tesseract alt5 结果: fV8S
2026-01-28 07:26:49,504 - INFO - 最终验证码识别结果: fV88 (engine=easyocr_alt3, prob=0.6469724178314209)
2026-01-28 07:26:49,504 - INFO - 查找验证码输入框...
2026-01-28 07:26:49,559 - INFO - 验证码填写完成
2026-01-28 07:26:49,559 - INFO - 验证码填写完成，点击登录按钮...
2026-01-28 07:26:49,559 - INFO - 查找并点击登录按钮...
2026-01-28 07:26:49,904 - INFO - 已点击登录按钮
2026-01-28 07:26:56,924 - WARNING - 自动验证码识别失败，请手动输入
2026-01-28 07:26:56,924 - ERROR - 处理验证码时出错: EOF when reading a line
2026-01-28 07:26:56,924 - WARNING - 验证码处理失败，但继续尝试登录
2026-01-28 07:26:56,924 - INFO - 查找并点击登录按钮...
2026-01-28 07:26:56,981 - INFO - 已点击登录按钮
2026-01-28 07:27:01,982 - INFO - 等待登录成功...
2026-01-28 07:27:06,986 - INFO - 登录可能成功，继续下一步...
2026-01-28 07:27:06,986 - INFO - 查找'去充值'按钮...
2026-01-28 07:27:07,052 - INFO - 已点击充值按钮
2026-01-28 07:27:10,052 - INFO - 开始提取剩余电量信息...
2026-01-28 07:27:10,057 - INFO - 页面源码已保存到 /home/runner/work/nju_electric_monitor/nju_electric_monitor/src/../data/debug_page_source.html
2026-01-28 07:27:10,066 - WARNING - 未找到电量信息元素，尝试其他方法...
2026-01-28 07:27:10,075 - WARNING - 未找到i标签中的电量信息，尝试其他方法...
2026-01-28 07:27:10,078 - INFO - 在页面源码中查找电量信息...
2026-01-28 07:27:10,089 - WARNING - 未能提取到剩余电量信息
2026-01-28 07:27:10,089 - WARNING - 没有电量数据可保存
2026-01-28 07:27:10,089 - INFO - 监控流程完成
