2025-12-02 09:03:01,056 - INFO - 使用本地ChromeDriver: D:\Documents\Github\nju_electric_monitor\src\..\chromedriver-win64\chromedriver.exe
2025-12-02 09:03:01,057 - WARNING - Using CPU. Note: This module is much faster with a GPU.
2025-12-02 09:03:02,393 - INFO - OCR识别器初始化成功
2025-12-02 09:03:02,394 - INFO - 开始南京大学电费监控流程（自动无头模式）
2025-12-02 09:03:02,413 - INFO - 已获取登录凭据
2025-12-02 09:03:02,413 - INFO - 正在打开页面: https://epay.nju.edu.cn/epay/h5/nju/electric/index
2025-12-02 09:03:05,725 - INFO - 等待登录表单加载...
2025-12-02 09:03:05,732 - INFO - 登录表单已加载
2025-12-02 09:03:05,732 - INFO - 开始填写登录表单...
2025-12-02 09:03:05,762 - INFO - 用户名填写完成
2025-12-02 09:03:05,812 - INFO - 密码填写完成
2025-12-02 09:03:05,812 - INFO - 检查是否有验证码...
2025-12-02 09:03:05,818 - INFO - 查找验证码图片...
2025-12-02 09:03:05,828 - INFO - 找到验证码图片，开始截图...
2025-12-02 09:03:05,886 - INFO - 验证码图片截取成功
2025-12-02 09:03:05,887 - INFO - 开始填写登录表单...
2025-12-02 09:03:05,918 - INFO - 用户名填写完成
2025-12-02 09:03:05,949 - INFO - 密码填写完成
2025-12-02 09:03:05,950 - INFO - 验证码图片已保存到 D:\Documents\Github\nju_electric_monitor\src\..\data\captcha_debug.png
2025-12-02 09:03:05,951 - INFO - 验证码识别尝试 1/12
2025-12-02 09:03:05,951 - INFO - 开始识别验证码...
2025-12-02 09:03:06,130 - INFO - 验证码识别结果: DB8
2025-12-02 09:03:06,131 - INFO - 查找验证码输入框...
2025-12-02 09:03:06,194 - INFO - 验证码填写完成
2025-12-02 09:03:06,195 - INFO - 验证码填写完成，点击登录按钮...
2025-12-02 09:03:06,195 - INFO - 查找并点击登录按钮...
2025-12-02 09:03:06,240 - INFO - 已点击登录按钮
2025-12-02 09:03:13,255 - WARNING - 检测到无效的验证码提示，准备重试...
2025-12-02 09:03:13,256 - INFO - 查找验证码图片...
2025-12-02 09:03:13,285 - INFO - 找到验证码图片，开始截图...
2025-12-02 09:03:13,333 - INFO - 验证码图片截取成功
2025-12-02 09:03:13,334 - INFO - 开始填写登录表单...
2025-12-02 09:03:13,377 - INFO - 用户名填写完成
2025-12-02 09:03:13,405 - INFO - 密码填写完成
2025-12-02 09:03:13,406 - INFO - 验证码图片已保存到 D:\Documents\Github\nju_electric_monitor\src\..\data\captcha_debug.png
2025-12-02 09:03:13,406 - INFO - 验证码识别尝试 2/12
2025-12-02 09:03:13,407 - INFO - 开始识别验证码...
2025-12-02 09:03:13,466 - INFO - 验证码识别结果: Xbkf
2025-12-02 09:03:13,467 - INFO - 查找验证码输入框...
2025-12-02 09:03:13,506 - INFO - 验证码填写完成
2025-12-02 09:03:13,506 - INFO - 验证码填写完成，点击登录按钮...
2025-12-02 09:03:13,507 - INFO - 查找并点击登录按钮...
2025-12-02 09:03:13,541 - INFO - 已点击登录按钮
2025-12-02 09:03:20,546 - INFO - 未检测到无效验证码提示，验证码通过
2025-12-02 09:03:20,546 - INFO - 查找并点击登录按钮...
2025-12-02 09:03:20,549 - ERROR - 未找到登录按钮
2025-12-02 09:03:20,549 - ERROR - 点击登录按钮失败
2025-12-02 09:03:20,550 - INFO - 等待登录成功...
2025-12-02 09:03:25,552 - INFO - 登录可能成功，继续下一步...
2025-12-02 09:03:25,552 - INFO - 查找'去充值'按钮...
2025-12-02 09:03:26,307 - INFO - 已点击充值按钮
2025-12-02 09:03:29,308 - INFO - 开始提取剩余电量信息...
2025-12-02 09:03:29,312 - INFO - 页面源码已保存到 D:\Documents\Github\nju_electric_monitor\src\..\data\debug_page_source.html
2025-12-02 09:03:29,322 - INFO - 找到电量信息元素: 持卡人姓名：***
2025-12-02 09:03:29,323 - WARNING - 未在元素中找到标准格式的电量信息
2025-12-02 09:03:29,331 - INFO - 找到i标签中的电量信息: 吴相民
2025-12-02 09:03:29,341 - WARNING - i标签中未找到标准格式的电量信息
2025-12-02 09:03:29,342 - WARNING - 未找到i标签中的电量信息
2025-12-02 09:03:29,343 - INFO - 在页面源码中查找电量信息...
2025-12-02 09:03:29,343 - INFO - 从页面源码中提取到剩余电量: 358.48 度
2025-12-02 09:03:29,346 - INFO - 数据已保存: 358.48 度
2025-12-02 09:03:29,354 - WARNING - 生成电量曲线图PNG失败: unconverted data remains when parsing with format "%Y-%m-%dT%H:%M:%S.%f": "+08:00", at position 297. You might want to try:
    - passing `format` if your strings have a consistent format;
    - passing `format='ISO8601'` if your strings are all ISO8601 but not necessarily in exactly the same format;
    - passing `format='mixed'`, and the format will be inferred for each element individually. You might want to use `dayfirst` alongside this.
2025-12-02 09:03:29,354 - ERROR - 保存数据时出错: cannot access local variable 'df_sorted' where it is not associated with a value
2025-12-02 09:03:29,354 - INFO - 监控流程完成
