2025-12-25 13:30:29,510 - INFO - Matplotlib 字体设置：使用回退字体列表，首选可用字体: Noto Sans CJK JP
2025-12-25 13:30:30,935 - INFO - 使用 ChromeDriver: /usr/bin/chromedriver
2025-12-25 13:30:30,935 - WARNING - Using CPU. Note: This module is much faster with a GPU.
2025-12-25 13:30:32,515 - INFO - OCR识别器初始化成功
2025-12-25 13:30:32,515 - INFO - 开始南京大学电费监控流程（自动无头模式）
2025-12-25 13:30:32,516 - INFO - 正在打开页面: https://epay.nju.edu.cn/epay/h5/nju/electric/index
2025-12-25 13:30:40,769 - INFO - 等待登录表单加载...
2025-12-25 13:30:40,779 - INFO - 登录表单已加载
2025-12-25 13:30:40,779 - INFO - 开始填写登录表单...
2025-12-25 13:30:40,841 - INFO - 用户名填写完成
2025-12-25 13:30:40,910 - INFO - 密码填写完成
2025-12-25 13:30:40,911 - INFO - 检查是否有验证码...
2025-12-25 13:30:40,911 - INFO - 查找验证码图片...
2025-12-25 13:30:40,931 - INFO - 找到验证码图片，开始截图...
2025-12-25 13:30:40,985 - INFO - 验证码图片截取成功
2025-12-25 13:30:40,985 - INFO - 开始填写登录表单...
2025-12-25 13:30:41,048 - INFO - 用户名填写完成
2025-12-25 13:30:41,107 - INFO - 密码填写完成
2025-12-25 13:30:41,107 - INFO - 验证码图片已保存到 /home/runner/work/nju_electric_monitor/nju_electric_monitor/src/../data/captcha_debug.png
2025-12-25 13:30:41,108 - INFO - 验证码识别尝试 1/30
2025-12-25 13:30:41,108 - INFO - 开始识别验证码...（easyocr + pytesseract）
2025-12-25 13:30:41,250 - INFO - easyocr 结果: ['a5Xk(0.32)']
2025-12-25 13:30:41,414 - INFO - tesseract 结果: a5Xk
2025-12-25 13:30:41,477 - INFO - easyocr alt1 结果: ['A5X(0.41)']
2025-12-25 13:30:41,570 - INFO - tesseract alt1 结果: ad5xk
2025-12-25 13:30:41,628 - INFO - easyocr alt2 结果: ['A5X(0.37)']
2025-12-25 13:30:41,719 - INFO - tesseract alt2 结果: ad5xk
2025-12-25 13:30:41,877 - INFO - easyocr alt3 结果: ['35X(0.18)']
2025-12-25 13:30:41,975 - INFO - tesseract alt3 结果: 
2025-12-25 13:30:42,033 - INFO - easyocr alt4 结果: ['45X(0.17)']
2025-12-25 13:30:42,127 - INFO - tesseract alt4 结果: a5xXk
2025-12-25 13:30:42,203 - INFO - easyocr alt5 结果: ['45k(0.01)']
2025-12-25 13:30:42,298 - INFO - tesseract alt5 结果: 
2025-12-25 13:30:42,298 - INFO - 最终验证码识别结果: a5Xk (engine=tesseract, prob=0.5)
2025-12-25 13:30:42,298 - INFO - 查找验证码输入框...
2025-12-25 13:30:42,357 - INFO - 验证码填写完成
2025-12-25 13:30:42,357 - INFO - 验证码填写完成，点击登录按钮...
2025-12-25 13:30:42,357 - INFO - 查找并点击登录按钮...
2025-12-25 13:30:45,922 - INFO - 已点击登录按钮
2025-12-25 13:30:52,932 - INFO - 未检测到无效验证码提示，验证码通过
2025-12-25 13:30:52,932 - INFO - 查找并点击登录按钮...
2025-12-25 13:30:52,937 - ERROR - 未找到登录按钮
2025-12-25 13:30:52,938 - ERROR - 点击登录按钮失败
2025-12-25 13:30:52,938 - INFO - 等待登录成功...
2025-12-25 13:30:57,942 - INFO - 登录可能成功，继续下一步...
2025-12-25 13:30:57,942 - INFO - 查找'去充值'按钮...
2025-12-25 13:30:59,589 - INFO - 已点击充值按钮
2025-12-25 13:31:02,590 - INFO - 开始提取剩余电量信息...
2025-12-25 13:31:02,593 - INFO - 页面源码已保存到 /home/runner/work/nju_electric_monitor/nju_electric_monitor/src/../data/debug_page_source.html
2025-12-25 13:31:02,611 - INFO - 找到电量信息元素: 持卡人姓名：***
2025-12-25 13:31:02,611 - WARNING - 未在元素中找到标准格式的电量信息
2025-12-25 13:31:02,623 - INFO - 找到i标签中的电量信息: ***
2025-12-25 13:31:02,623 - WARNING - i标签中未找到标准格式的电量信息
2025-12-25 13:31:02,623 - WARNING - 未找到i标签中的电量信息
2025-12-25 13:31:02,626 - INFO - 在页面源码中查找电量信息...
2025-12-25 13:31:02,626 - INFO - 从页面源码中提取到剩余电量: 230.64 度
2025-12-25 13:31:02,651 - INFO - 数据已保存: 230.64 度
2025-12-25 13:31:02,976 - INFO - 电量变化曲线图已保存到: /home/runner/work/nju_electric_monitor/nju_electric_monitor/src/../data/electricity_trend.png
2025-12-25 13:31:03,242 - INFO - 最近20次电量变化曲线图已保存到: /home/runner/work/nju_electric_monitor/nju_electric_monitor/src/../data/recent_20_changes.png
2025-12-25 13:31:03,242 - INFO - 监控流程完成
