2026-01-14 13:38:31,067 - INFO - Matplotlib 字体设置：使用回退字体列表，首选可用字体: Noto Sans CJK JP
2026-01-14 13:38:33,118 - INFO - 使用 ChromeDriver: /usr/bin/chromedriver
2026-01-14 13:38:33,118 - WARNING - Using CPU. Note: This module is much faster with a GPU.
2026-01-14 13:38:34,754 - INFO - OCR识别器初始化成功
2026-01-14 13:38:34,754 - INFO - 开始南京大学电费监控流程（自动无头模式）
2026-01-14 13:38:34,754 - INFO - 正在打开页面: https://epay.nju.edu.cn/epay/h5/nju/electric/index
2026-01-14 13:38:43,570 - INFO - 等待登录表单加载...
2026-01-14 13:38:43,580 - INFO - 登录表单已加载
2026-01-14 13:38:43,580 - INFO - 开始填写登录表单...
2026-01-14 13:38:43,643 - INFO - 用户名填写完成
2026-01-14 13:38:43,711 - INFO - 密码填写完成
2026-01-14 13:38:43,711 - INFO - 检查是否有验证码...
2026-01-14 13:38:43,711 - INFO - 查找验证码图片...
2026-01-14 13:38:43,730 - INFO - 找到验证码图片，开始截图...
2026-01-14 13:38:43,795 - INFO - 验证码图片截取成功
2026-01-14 13:38:43,795 - INFO - 开始填写登录表单...
2026-01-14 13:38:43,860 - INFO - 用户名填写完成
2026-01-14 13:38:43,927 - INFO - 密码填写完成
2026-01-14 13:38:43,928 - INFO - 验证码图片已保存到 /home/runner/work/nju_electric_monitor/nju_electric_monitor/src/../data/captcha_debug.png
2026-01-14 13:38:43,928 - INFO - 验证码识别尝试 1/30
2026-01-14 13:38:43,928 - INFO - 开始识别验证码...（easyocr + pytesseract）
2026-01-14 13:38:44,067 - INFO - easyocr 结果: ['7eCY(0.51)']
2026-01-14 13:38:44,247 - INFO - tesseract 结果: 7eCY
2026-01-14 13:38:44,312 - INFO - easyocr alt1 结果: ['7eCY(0.37)']
2026-01-14 13:38:44,407 - INFO - tesseract alt1 结果: 7OCY
2026-01-14 13:38:44,464 - INFO - easyocr alt2 结果: ['7eC(0.36)']
2026-01-14 13:38:44,560 - INFO - tesseract alt2 结果: 7OCY
2026-01-14 13:38:44,723 - INFO - easyocr alt3 结果: ['7eCY(0.83)']
2026-01-14 13:38:44,829 - INFO - tesseract alt3 结果: LOGY
2026-01-14 13:38:44,896 - INFO - easyocr alt4 结果: ['7eCY(0.24)']
2026-01-14 13:38:44,991 - INFO - tesseract alt4 结果: ZOCY
2026-01-14 13:38:45,051 - INFO - easyocr alt5 结果: ['7eCY(0.31)']
2026-01-14 13:38:45,152 - INFO - tesseract alt5 结果: ZOCY
2026-01-14 13:38:45,152 - INFO - 最终验证码识别结果: 7eCY (engine=easyocr_alt3, prob=0.832431972026825)
2026-01-14 13:38:45,152 - INFO - 查找验证码输入框...
2026-01-14 13:38:45,212 - INFO - 验证码填写完成
2026-01-14 13:38:45,212 - INFO - 验证码填写完成，点击登录按钮...
2026-01-14 13:38:45,212 - INFO - 查找并点击登录按钮...
2026-01-14 13:38:48,701 - INFO - 已点击登录按钮
2026-01-14 13:38:55,711 - INFO - 未检测到无效验证码提示，验证码通过
2026-01-14 13:38:55,711 - INFO - 查找并点击登录按钮...
2026-01-14 13:38:55,716 - ERROR - 未找到登录按钮
2026-01-14 13:38:55,717 - ERROR - 点击登录按钮失败
2026-01-14 13:38:55,717 - INFO - 等待登录成功...
2026-01-14 13:39:00,721 - INFO - 登录可能成功，继续下一步...
2026-01-14 13:39:00,721 - INFO - 查找'去充值'按钮...
2026-01-14 13:39:02,197 - INFO - 已点击充值按钮
2026-01-14 13:39:05,198 - INFO - 开始提取剩余电量信息...
2026-01-14 13:39:05,202 - INFO - 页面源码已保存到 /home/runner/work/nju_electric_monitor/nju_electric_monitor/src/../data/debug_page_source.html
2026-01-14 13:39:05,220 - INFO - 找到电量信息元素: 持卡人姓名：***
2026-01-14 13:39:05,220 - WARNING - 未在元素中找到标准格式的电量信息
2026-01-14 13:39:05,233 - INFO - 找到i标签中的电量信息: 吴相民
2026-01-14 13:39:05,233 - WARNING - i标签中未找到标准格式的电量信息
2026-01-14 13:39:05,233 - WARNING - 未找到i标签中的电量信息
2026-01-14 13:39:05,236 - INFO - 在页面源码中查找电量信息...
2026-01-14 13:39:05,236 - INFO - 从页面源码中提取到剩余电量: 127.37 度
2026-01-14 13:39:05,261 - INFO - 数据已保存: 127.37 度
2026-01-14 13:39:05,539 - INFO - 电量变化曲线图已保存到: /home/runner/work/nju_electric_monitor/nju_electric_monitor/src/../data/electricity_trend.png
2026-01-14 13:39:05,793 - INFO - 最近20次电量变化曲线图已保存到: /home/runner/work/nju_electric_monitor/nju_electric_monitor/src/../data/recent_20_changes.png
2026-01-14 13:39:05,793 - INFO - 监控流程完成
