2026-06-14 15:04:48,148 - INFO - Matplotlib 字体设置：使用回退字体列表，首选可用字体: Noto Sans CJK SC
2026-06-14 15:04:49,537 - INFO - 使用指定 ChromeDriver: /usr/bin/chromedriver
2026-06-14 15:04:49,609 - INFO - ddddocr 识别器初始化成功
2026-06-14 15:04:49,609 - INFO - 开始南京大学电费监控流程（自动无头模式）
2026-06-14 15:04:49,609 - INFO - 已初始化并清空验证码图片目录: /home/runner/work/nju_electric_monitor/nju_electric_monitor/src/../data/captcha_workflow
2026-06-14 15:04:49,609 - INFO - 正在打开页面: https://epay.nju.edu.cn/epay/h5/nju/electric/index
2026-06-14 15:05:00,187 - INFO - 等待登录表单加载...
2026-06-14 15:05:00,198 - INFO - 登录表单已加载
2026-06-14 15:05:00,198 - INFO - 开始填写登录表单...
2026-06-14 15:05:00,287 - INFO - 用户名填写完成
2026-06-14 15:05:00,361 - INFO - 密码填写完成
2026-06-14 15:05:00,361 - INFO - 开始处理验证码（两层嵌套重试）...
2026-06-14 15:05:00,361 - INFO - 外层页面重试 1/4
2026-06-14 15:05:00,361 - INFO - 等待登录表单加载...
2026-06-14 15:05:00,368 - INFO - 登录表单已加载
2026-06-14 15:05:00,368 - INFO - 开始填写登录表单...
2026-06-14 15:05:00,438 - INFO - 用户名填写完成
2026-06-14 15:05:00,517 - INFO - 密码填写完成
2026-06-14 15:05:01,517 - INFO - 查找验证码图片...
2026-06-14 15:05:01,539 - INFO - 找到验证码图片，开始截图...
2026-06-14 15:05:01,594 - INFO - 验证码图片截取成功
2026-06-14 15:05:01,595 - INFO - 验证码图片已保存到 /home/runner/work/nju_electric_monitor/nju_electric_monitor/src/../data/captcha_debug.png
2026-06-14 15:05:01,596 - INFO - 验证码图片已保存到 /home/runner/work/nju_electric_monitor/nju_electric_monitor/src/../data/captcha_workflow/captcha_outer1.png
2026-06-14 15:05:01,596 - INFO - 验证码识别（同一图片）尝试 1/3，外层 1/4
2026-06-14 15:05:01,596 - INFO - 开始使用 ddddocr 识别验证码...
2026-06-14 15:05:01,606 - INFO - ddddocr 最终验证码识别结果: 2GNL
2026-06-14 15:05:01,606 - INFO - 已将验证码图片重命名为: /home/runner/work/nju_electric_monitor/nju_electric_monitor/src/../data/captcha_workflow/2GNL.png
2026-06-14 15:05:01,606 - INFO - 查找验证码输入框...
2026-06-14 15:05:01,668 - INFO - 通过 XPath 找到 1 个验证码候选输入框，使用第一个。
2026-06-14 15:05:01,726 - INFO - 验证码填写完成
2026-06-14 15:05:02,726 - INFO - 验证码填写完成，点击登录按钮...
2026-06-14 15:05:02,726 - INFO - 查找并点击登录按钮...
2026-06-14 15:05:02,749 - INFO - 通过 ID=login_submit 找到登录按钮
2026-06-14 15:05:06,576 - INFO - 已点击登录按钮
2026-06-14 15:05:15,615 - INFO - 未检测到验证码错误提示，验证码可能通过
2026-06-14 15:05:15,615 - INFO - 等待登录成功...
2026-06-14 15:05:15,625 - INFO - 检测到已跳转到电费页面: https://epay.nju.edu.cn/epay/h5/nju/electric/index
2026-06-14 15:05:15,625 - INFO - 查找'去充值'按钮...
2026-06-14 15:05:15,649 - INFO - 通过文本包含 '去充值' 找到充值按钮
2026-06-14 15:05:17,167 - INFO - 已点击充值按钮
2026-06-14 15:05:20,167 - INFO - 开始提取剩余电量信息...
2026-06-14 15:05:20,187 - INFO - 找到电量信息元素（已省略具体文本以保护隐私）
2026-06-14 15:05:20,187 - WARNING - 未在元素中找到标准格式的电量信息
2026-06-14 15:05:20,201 - INFO - 找到 i 标签中的电量信息（已省略具体文本）
2026-06-14 15:05:20,201 - WARNING - i标签中未找到标准格式的电量信息
2026-06-14 15:05:20,201 - WARNING - 未找到i标签中的电量信息
2026-06-14 15:05:20,204 - INFO - 在页面源码中查找电量信息...
2026-06-14 15:05:20,205 - INFO - 从页面源码中提取到剩余电量: 25.8 度
2026-06-14 15:05:20,219 - INFO - 数据已保存: 25.8 度
2026-06-14 15:05:20,473 - INFO - 电量变化曲线图已保存到: /home/runner/work/nju_electric_monitor/nju_electric_monitor/src/../data/electricity_trend.png
2026-06-14 15:05:20,719 - INFO - 最近20次电量变化曲线图已保存到: /home/runner/work/nju_electric_monitor/nju_electric_monitor/src/../data/recent_20_changes.png
2026-06-14 15:05:20,720 - INFO - 当前剩余电量 25.8 度，高于告警阈值 25.0 度，不发送邮件
2026-06-14 15:05:20,720 - INFO - 监控流程完成
