2026-01-30 07:37:06,490 - INFO - Matplotlib 字体设置：使用回退字体列表，首选可用字体: Noto Sans CJK JP
2026-01-30 07:37:07,823 - INFO - 使用 ChromeDriver: /usr/bin/chromedriver
2026-01-30 07:37:07,824 - WARNING - Using CPU. Note: This module is much faster with a GPU.
2026-01-30 07:37:09,317 - INFO - OCR识别器初始化成功
2026-01-30 07:37:09,317 - INFO - 开始南京大学电费监控流程（自动无头模式）
2026-01-30 07:37:09,317 - INFO - 正在打开页面: https://epay.nju.edu.cn/epay/h5/nju/electric/index
2026-01-30 07:37:19,623 - INFO - 等待登录表单加载...
2026-01-30 07:37:19,632 - INFO - 登录表单已加载
2026-01-30 07:37:19,632 - INFO - 开始填写登录表单...
2026-01-30 07:37:19,693 - INFO - 用户名填写完成
2026-01-30 07:37:19,757 - INFO - 密码填写完成
2026-01-30 07:37:19,758 - INFO - 检查是否有验证码...
2026-01-30 07:37:19,758 - INFO - 查找验证码图片...
2026-01-30 07:37:19,776 - INFO - 找到验证码图片，开始截图...
2026-01-30 07:37:19,822 - INFO - 验证码图片截取成功
2026-01-30 07:37:19,823 - INFO - 开始填写登录表单...
2026-01-30 07:37:19,885 - INFO - 用户名填写完成
2026-01-30 07:37:19,944 - INFO - 密码填写完成
2026-01-30 07:37:19,945 - INFO - 验证码图片已保存到 /home/runner/work/nju_electric_monitor/nju_electric_monitor/src/../data/captcha_debug.png
2026-01-30 07:37:19,945 - INFO - 验证码识别尝试 1/30
2026-01-30 07:37:19,945 - INFO - 开始识别验证码...（easyocr + pytesseract）
2026-01-30 07:37:20,081 - INFO - easyocr 结果: ['85K4(0.35)']
2026-01-30 07:37:20,253 - INFO - tesseract 结果: 85k4
2026-01-30 07:37:20,317 - INFO - easyocr alt1 结果: ['85k4(0.84)']
2026-01-30 07:37:20,414 - INFO - tesseract alt1 结果: Soka
2026-01-30 07:37:20,472 - INFO - easyocr alt2 结果: ['85K4(0.63)']
2026-01-30 07:37:20,567 - INFO - tesseract alt2 结果: Soka
2026-01-30 07:37:20,726 - INFO - easyocr alt3 结果: ['85k4(0.49)']
2026-01-30 07:37:20,839 - INFO - tesseract alt3 结果: Ska
2026-01-30 07:37:20,898 - INFO - easyocr alt4 结果: ['85k4(0.69)']
2026-01-30 07:37:20,998 - INFO - tesseract alt4 结果: oka
2026-01-30 07:37:21,056 - INFO - easyocr alt5 结果: ['85k4(0.92)']
2026-01-30 07:37:21,154 - INFO - tesseract alt5 结果: Soka
2026-01-30 07:37:21,154 - INFO - 最终验证码识别结果: 85k4 (engine=easyocr_alt5, prob=0.9175415635108948)
2026-01-30 07:37:21,154 - INFO - 查找验证码输入框...
2026-01-30 07:37:21,211 - INFO - 验证码填写完成
2026-01-30 07:37:21,211 - INFO - 验证码填写完成，点击登录按钮...
2026-01-30 07:37:21,212 - INFO - 查找并点击登录按钮...
2026-01-30 07:37:25,207 - INFO - 已点击登录按钮
2026-01-30 07:37:32,217 - INFO - 未检测到无效验证码提示，验证码通过
2026-01-30 07:37:32,217 - INFO - 查找并点击登录按钮...
2026-01-30 07:37:32,222 - ERROR - 未找到登录按钮
2026-01-30 07:37:32,223 - ERROR - 点击登录按钮失败
2026-01-30 07:37:32,223 - INFO - 等待登录成功...
2026-01-30 07:37:37,227 - INFO - 登录可能成功，继续下一步...
2026-01-30 07:37:37,227 - INFO - 查找'去充值'按钮...
2026-01-30 07:37:38,925 - INFO - 已点击充值按钮
2026-01-30 07:37:41,925 - INFO - 开始提取剩余电量信息...
2026-01-30 07:37:41,928 - INFO - 页面源码已保存到 /home/runner/work/nju_electric_monitor/nju_electric_monitor/src/../data/debug_page_source.html
2026-01-30 07:37:41,946 - INFO - 找到电量信息元素: 持卡人姓名：吴相民
2026-01-30 07:37:41,946 - WARNING - 未在元素中找到标准格式的电量信息
2026-01-30 07:37:41,958 - INFO - 找到i标签中的电量信息: 吴相民
2026-01-30 07:37:41,959 - WARNING - i标签中未找到标准格式的电量信息
2026-01-30 07:37:41,959 - WARNING - 未找到i标签中的电量信息
2026-01-30 07:37:41,961 - INFO - 在页面源码中查找电量信息...
2026-01-30 07:37:41,961 - INFO - 从页面源码中提取到剩余电量: 49.68 度
2026-01-30 07:37:41,979 - INFO - 数据已保存: 49.68 度
2026-01-30 07:37:42,265 - INFO - 电量变化曲线图已保存到: /home/runner/work/nju_electric_monitor/nju_electric_monitor/src/../data/electricity_trend.png
2026-01-30 07:37:42,552 - INFO - 最近20次电量变化曲线图已保存到: /home/runner/work/nju_electric_monitor/nju_electric_monitor/src/../data/recent_20_changes.png
2026-01-30 07:37:42,552 - INFO - 监控流程完成
