2026-03-04 02:04:26,886 - INFO - Matplotlib 字体设置：使用回退字体列表，首选可用字体: Noto Sans CJK JP
2026-03-04 02:04:28,139 - INFO - 使用指定 ChromeDriver: /usr/bin/chromedriver
2026-03-04 02:04:28,212 - INFO - ddddocr 识别器初始化成功
2026-03-04 02:04:28,212 - INFO - 开始南京大学电费监控流程（自动无头模式）
2026-03-04 02:04:28,212 - INFO - 已初始化并清空验证码图片目录: /home/runner/work/nju_electric_monitor/nju_electric_monitor/src/../data/captcha_workflow
2026-03-04 02:04:28,212 - INFO - 正在打开页面: https://epay.nju.edu.cn/epay/h5/nju/electric/index
2026-03-04 02:04:36,111 - INFO - 测试模式已开启，本次页面快照目录: /home/runner/work/nju_electric_monitor/nju_electric_monitor/src/../data/test_snapshots_workflow/20260304_100436
2026-03-04 02:04:36,926 - INFO - [测试模式] 已保存页面快照: /home/runner/work/nju_electric_monitor/nju_electric_monitor/src/../data/test_snapshots_workflow/20260304_100436/01_01_login_page_loaded.png
2026-03-04 02:04:36,926 - INFO - 等待登录表单加载...
2026-03-04 02:04:36,936 - INFO - 登录表单已加载
2026-03-04 02:04:37,499 - INFO - [测试模式] 已保存页面快照: /home/runner/work/nju_electric_monitor/nju_electric_monitor/src/../data/test_snapshots_workflow/20260304_100436/02_02_login_form_ready.png
2026-03-04 02:04:37,499 - INFO - 开始填写登录表单...
2026-03-04 02:04:37,585 - INFO - 用户名填写完成
2026-03-04 02:04:37,653 - INFO - 密码填写完成
2026-03-04 02:04:38,237 - INFO - [测试模式] 已保存页面快照: /home/runner/work/nju_electric_monitor/nju_electric_monitor/src/../data/test_snapshots_workflow/20260304_100436/03_03_form_filled_initial.png
2026-03-04 02:04:38,237 - INFO - 开始处理验证码（两层嵌套重试）...
2026-03-04 02:04:38,237 - INFO - 外层页面重试 1/4
2026-03-04 02:04:38,237 - INFO - 等待登录表单加载...
2026-03-04 02:04:38,244 - INFO - 登录表单已加载
2026-03-04 02:04:38,244 - INFO - 开始填写登录表单...
2026-03-04 02:04:38,311 - INFO - 用户名填写完成
2026-03-04 02:04:38,379 - INFO - 密码填写完成
2026-03-04 02:04:38,963 - INFO - [测试模式] 已保存页面快照: /home/runner/work/nju_electric_monitor/nju_electric_monitor/src/../data/test_snapshots_workflow/20260304_100436/04_10_outer1_form_filled.png
2026-03-04 02:04:38,963 - INFO - 查找验证码图片...
2026-03-04 02:04:38,984 - INFO - 找到验证码图片，开始截图...
2026-03-04 02:04:39,033 - INFO - 验证码图片截取成功
2026-03-04 02:04:39,034 - INFO - 验证码图片已保存到 /home/runner/work/nju_electric_monitor/nju_electric_monitor/src/../data/captcha_debug.png
2026-03-04 02:04:39,034 - INFO - 验证码图片已保存到 /home/runner/work/nju_electric_monitor/nju_electric_monitor/src/../data/captcha_workflow/captcha_outer1.png
2026-03-04 02:04:39,614 - INFO - [测试模式] 已保存页面快照: /home/runner/work/nju_electric_monitor/nju_electric_monitor/src/../data/test_snapshots_workflow/20260304_100436/05_11_outer1_captcha_page.png
2026-03-04 02:04:39,614 - INFO - 验证码识别（同一图片）尝试 1/3，外层 1/4
2026-03-04 02:04:39,614 - INFO - 开始使用 ddddocr 识别验证码...
2026-03-04 02:04:39,629 - INFO - ddddocr 最终验证码识别结果: QCNG
2026-03-04 02:04:39,630 - INFO - 已将验证码图片重命名为: /home/runner/work/nju_electric_monitor/nju_electric_monitor/src/../data/captcha_workflow/QCNG.png
2026-03-04 02:04:40,202 - INFO - [测试模式] 已保存页面快照: /home/runner/work/nju_electric_monitor/nju_electric_monitor/src/../data/test_snapshots_workflow/20260304_100436/06_12_outer1_inner1_before_fill_captcha.png
2026-03-04 02:04:40,202 - INFO - 查找验证码输入框...
2026-03-04 02:04:40,251 - INFO - 通过 XPath 找到 1 个验证码候选输入框，使用第一个。
2026-03-04 02:04:40,307 - INFO - 验证码填写完成
2026-03-04 02:04:40,877 - INFO - [测试模式] 已保存页面快照: /home/runner/work/nju_electric_monitor/nju_electric_monitor/src/../data/test_snapshots_workflow/20260304_100436/07_13_outer1_inner1_after_fill_captcha.png
2026-03-04 02:04:40,877 - INFO - 验证码填写完成，点击登录按钮...
2026-03-04 02:04:40,877 - INFO - 查找并点击登录按钮...
2026-03-04 02:04:40,900 - INFO - 通过 ID=login_submit 找到登录按钮
2026-03-04 02:04:45,027 - INFO - 已点击登录按钮
2026-03-04 02:04:53,103 - INFO - [测试模式] 已保存页面快照: /home/runner/work/nju_electric_monitor/nju_electric_monitor/src/../data/test_snapshots_workflow/20260304_100436/08_14_outer1_inner1_after_login_click.png
2026-03-04 02:04:53,140 - INFO - 未检测到验证码错误提示，验证码可能通过
2026-03-04 02:04:53,140 - INFO - 等待登录成功...
2026-03-04 02:04:53,149 - INFO - 检测到已跳转到电费页面: https://epay.nju.edu.cn/epay/h5/nju/electric/index
2026-03-04 02:04:53,218 - INFO - [测试模式] 已保存页面快照: /home/runner/work/nju_electric_monitor/nju_electric_monitor/src/../data/test_snapshots_workflow/20260304_100436/09_06_login_success_electric_page.png
2026-03-04 02:04:53,218 - INFO - 查找'去充值'按钮...
2026-03-04 02:04:53,243 - INFO - 通过文本包含 '去充值' 找到充值按钮
2026-03-04 02:04:54,998 - INFO - 已点击充值按钮
2026-03-04 02:04:57,998 - INFO - 开始提取剩余电量信息...
2026-03-04 02:04:58,021 - INFO - 找到电量信息元素（已省略具体文本以保护隐私）
2026-03-04 02:04:58,021 - WARNING - 未在元素中找到标准格式的电量信息
2026-03-04 02:04:58,036 - INFO - 找到 i 标签中的电量信息（已省略具体文本）
2026-03-04 02:04:58,036 - WARNING - i标签中未找到标准格式的电量信息
2026-03-04 02:04:58,036 - WARNING - 未找到i标签中的电量信息
2026-03-04 02:04:58,039 - INFO - 在页面源码中查找电量信息...
2026-03-04 02:04:58,039 - INFO - 从页面源码中提取到剩余电量: 16.5 度
2026-03-04 02:04:58,053 - INFO - 数据已保存: 16.5 度
2026-03-04 02:04:58,311 - INFO - 电量变化曲线图已保存到: /home/runner/work/nju_electric_monitor/nju_electric_monitor/src/../data/electricity_trend.png
2026-03-04 02:04:58,546 - INFO - 最近20次电量变化曲线图已保存到: /home/runner/work/nju_electric_monitor/nju_electric_monitor/src/../data/recent_20_changes.png
2026-03-04 02:04:58,546 - INFO - 监控流程完成
2026-03-04 02:22:13,754 - INFO - Matplotlib 字体设置：使用回退字体列表，首选可用字体: Noto Sans CJK JP
2026-03-04 02:22:15,052 - INFO - 使用指定 ChromeDriver: /usr/bin/chromedriver
2026-03-04 02:22:15,124 - INFO - ddddocr 识别器初始化成功
2026-03-04 02:22:15,124 - INFO - 开始南京大学电费监控流程（自动无头模式）
2026-03-04 02:22:15,125 - INFO - 已初始化并清空验证码图片目录: /home/runner/work/nju_electric_monitor/nju_electric_monitor/src/../data/captcha_workflow
2026-03-04 02:22:15,125 - INFO - 正在打开页面: https://epay.nju.edu.cn/epay/h5/nju/electric/index
2026-03-04 02:22:23,097 - INFO - 等待登录表单加载...
2026-03-04 02:22:23,183 - INFO - 登录表单已加载
2026-03-04 02:22:23,183 - INFO - 开始填写登录表单...
2026-03-04 02:22:23,348 - INFO - 用户名填写完成
2026-03-04 02:22:23,440 - INFO - 密码填写完成
2026-03-04 02:22:23,440 - INFO - 开始处理验证码（两层嵌套重试）...
2026-03-04 02:22:23,440 - INFO - 外层页面重试 1/4
2026-03-04 02:22:23,440 - INFO - 等待登录表单加载...
2026-03-04 02:22:23,447 - INFO - 登录表单已加载
2026-03-04 02:22:23,447 - INFO - 开始填写登录表单...
2026-03-04 02:22:23,518 - INFO - 用户名填写完成
2026-03-04 02:22:23,589 - INFO - 密码填写完成
2026-03-04 02:22:24,589 - INFO - 查找验证码图片...
2026-03-04 02:22:24,611 - INFO - 找到验证码图片，开始截图...
2026-03-04 02:22:24,668 - INFO - 验证码图片截取成功
2026-03-04 02:22:24,669 - INFO - 验证码图片已保存到 /home/runner/work/nju_electric_monitor/nju_electric_monitor/src/../data/captcha_debug.png
2026-03-04 02:22:24,669 - INFO - 验证码图片已保存到 /home/runner/work/nju_electric_monitor/nju_electric_monitor/src/../data/captcha_workflow/captcha_outer1.png
2026-03-04 02:22:24,669 - INFO - 验证码识别（同一图片）尝试 1/3，外层 1/4
2026-03-04 02:22:24,670 - INFO - 开始使用 ddddocr 识别验证码...
2026-03-04 02:22:24,686 - INFO - ddddocr 最终验证码识别结果: GKW2
2026-03-04 02:22:24,686 - INFO - 已将验证码图片重命名为: /home/runner/work/nju_electric_monitor/nju_electric_monitor/src/../data/captcha_workflow/GKW2.png
2026-03-04 02:22:24,686 - INFO - 查找验证码输入框...
2026-03-04 02:22:24,745 - INFO - 通过 XPath 找到 1 个验证码候选输入框，使用第一个。
2026-03-04 02:22:24,808 - INFO - 验证码填写完成
2026-03-04 02:22:25,808 - INFO - 验证码填写完成，点击登录按钮...
2026-03-04 02:22:25,808 - INFO - 查找并点击登录按钮...
2026-03-04 02:22:25,837 - INFO - 通过 ID=login_submit 找到登录按钮
2026-03-04 02:22:29,998 - INFO - 已点击登录按钮
2026-03-04 02:22:39,037 - INFO - 未检测到验证码错误提示，验证码可能通过
2026-03-04 02:22:39,037 - INFO - 等待登录成功...
2026-03-04 02:22:39,052 - INFO - 检测到已跳转到电费页面: https://epay.nju.edu.cn/epay/h5/nju/electric/index
2026-03-04 02:22:39,052 - INFO - 查找'去充值'按钮...
2026-03-04 02:22:39,077 - INFO - 通过文本包含 '去充值' 找到充值按钮
2026-03-04 02:22:41,751 - INFO - 已点击充值按钮
2026-03-04 02:22:44,751 - INFO - 开始提取剩余电量信息...
2026-03-04 02:22:44,772 - INFO - 找到电量信息元素（已省略具体文本以保护隐私）
2026-03-04 02:22:44,772 - WARNING - 未在元素中找到标准格式的电量信息
2026-03-04 02:22:44,788 - INFO - 找到 i 标签中的电量信息（已省略具体文本）
2026-03-04 02:22:44,788 - WARNING - i标签中未找到标准格式的电量信息
2026-03-04 02:22:44,788 - WARNING - 未找到i标签中的电量信息
2026-03-04 02:22:44,791 - INFO - 在页面源码中查找电量信息...
2026-03-04 02:22:44,791 - INFO - 从页面源码中提取到剩余电量: 16.5 度
2026-03-04 02:22:44,806 - INFO - 数据已保存: 16.5 度
2026-03-04 02:22:45,072 - INFO - 电量变化曲线图已保存到: /home/runner/work/nju_electric_monitor/nju_electric_monitor/src/../data/electricity_trend.png
2026-03-04 02:22:45,306 - INFO - 最近20次电量变化曲线图已保存到: /home/runner/work/nju_electric_monitor/nju_electric_monitor/src/../data/recent_20_changes.png
2026-03-04 02:22:45,306 - INFO - 监控流程完成
