2025-12-01 03:06:19,118 - INFO - Matplotlib 字体设置：使用回退字体列表，首选可用字体: Noto Sans CJK JP
2025-12-01 03:06:20,574 - INFO - 使用 ChromeDriver: /usr/bin/chromedriver
2025-12-01 03:06:20,575 - WARNING - Using CPU. Note: This module is much faster with a GPU.
2025-12-01 03:06:22,166 - INFO - OCR识别器初始化成功
2025-12-01 03:06:22,167 - INFO - 开始南京大学电费监控流程（自动无头模式）
2025-12-01 03:06:22,167 - INFO - 正在打开页面: https://epay.nju.edu.cn/epay/h5/nju/electric/index
2025-12-01 03:06:33,443 - INFO - 等待登录表单加载...
2025-12-01 03:06:33,453 - INFO - 登录表单已加载
2025-12-01 03:06:33,453 - INFO - 开始填写登录表单...
2025-12-01 03:06:33,518 - INFO - 用户名填写完成
2025-12-01 03:06:33,590 - INFO - 密码填写完成
2025-12-01 03:06:33,590 - INFO - 检查是否有验证码...
2025-12-01 03:06:33,590 - INFO - 查找验证码图片...
2025-12-01 03:06:33,610 - INFO - 找到验证码图片，开始截图...
2025-12-01 03:06:33,677 - INFO - 验证码图片截取成功
2025-12-01 03:06:33,677 - INFO - 开始填写登录表单...
2025-12-01 03:06:33,747 - INFO - 用户名填写完成
2025-12-01 03:06:33,812 - INFO - 密码填写完成
2025-12-01 03:06:33,813 - INFO - 验证码图片已保存到 /home/runner/work/nju_electric_monitor/nju_electric_monitor/src/../data/captcha_debug.png
2025-12-01 03:06:33,813 - INFO - 验证码识别尝试 1/50
2025-12-01 03:06:33,813 - INFO - 开始识别验证码...
2025-12-01 03:06:33,939 - INFO - 验证码识别结果: 8IQY
2025-12-01 03:06:33,939 - INFO - 查找验证码输入框...
2025-12-01 03:06:34,001 - INFO - 验证码填写完成
2025-12-01 03:06:34,001 - INFO - 验证码填写完成，点击登录按钮...
2025-12-01 03:06:34,001 - INFO - 查找并点击登录按钮...
2025-12-01 03:06:34,373 - INFO - 已点击登录按钮
2025-12-01 03:06:41,400 - INFO - 开始填写登录表单...
2025-12-01 03:06:41,462 - INFO - 用户名填写完成
2025-12-01 03:06:41,524 - INFO - 密码填写完成
2025-12-01 03:06:41,525 - INFO - 验证码图片已保存到 /home/runner/work/nju_electric_monitor/nju_electric_monitor/src/../data/captcha_debug.png
2025-12-01 03:06:41,525 - INFO - 验证码识别尝试 2/50
2025-12-01 03:06:41,525 - INFO - 开始识别验证码...
2025-12-01 03:06:41,622 - INFO - 验证码识别结果: 8IQY
2025-12-01 03:06:41,622 - INFO - 查找验证码输入框...
2025-12-01 03:06:41,681 - INFO - 验证码填写完成
2025-12-01 03:06:41,681 - INFO - 验证码填写完成，点击登录按钮...
2025-12-01 03:06:41,682 - INFO - 查找并点击登录按钮...
2025-12-01 03:06:42,047 - INFO - 已点击登录按钮
2025-12-01 03:06:49,068 - INFO - 开始填写登录表单...
2025-12-01 03:06:49,130 - INFO - 用户名填写完成
2025-12-01 03:06:49,193 - INFO - 密码填写完成
2025-12-01 03:06:49,194 - INFO - 验证码图片已保存到 /home/runner/work/nju_electric_monitor/nju_electric_monitor/src/../data/captcha_debug.png
2025-12-01 03:06:49,194 - INFO - 验证码识别尝试 3/50
2025-12-01 03:06:49,194 - INFO - 开始识别验证码...
2025-12-01 03:06:49,301 - INFO - 验证码识别结果: 8IQY
2025-12-01 03:06:49,301 - INFO - 查找验证码输入框...
2025-12-01 03:06:49,359 - INFO - 验证码填写完成
2025-12-01 03:06:49,359 - INFO - 验证码填写完成，点击登录按钮...
2025-12-01 03:06:49,359 - INFO - 查找并点击登录按钮...
2025-12-01 03:06:49,417 - INFO - 已点击登录按钮
2025-12-01 03:06:56,439 - INFO - 开始填写登录表单...
2025-12-01 03:06:56,503 - INFO - 用户名填写完成
2025-12-01 03:06:56,565 - INFO - 密码填写完成
2025-12-01 03:06:56,566 - INFO - 验证码图片已保存到 /home/runner/work/nju_electric_monitor/nju_electric_monitor/src/../data/captcha_debug.png
2025-12-01 03:06:56,566 - INFO - 验证码识别尝试 4/50
2025-12-01 03:06:56,566 - INFO - 开始识别验证码...
2025-12-01 03:06:56,664 - INFO - 验证码识别结果: 8IQY
2025-12-01 03:06:56,664 - INFO - 查找验证码输入框...
2025-12-01 03:06:56,723 - INFO - 验证码填写完成
2025-12-01 03:06:56,723 - INFO - 验证码填写完成，点击登录按钮...
2025-12-01 03:06:56,723 - INFO - 查找并点击登录按钮...
2025-12-01 03:06:56,783 - INFO - 已点击登录按钮
2025-12-01 03:07:03,804 - INFO - 开始填写登录表单...
2025-12-01 03:07:03,868 - INFO - 用户名填写完成
2025-12-01 03:07:03,933 - INFO - 密码填写完成
2025-12-01 03:07:03,933 - INFO - 验证码图片已保存到 /home/runner/work/nju_electric_monitor/nju_electric_monitor/src/../data/captcha_debug.png
2025-12-01 03:07:03,933 - INFO - 验证码识别尝试 5/50
2025-12-01 03:07:03,933 - INFO - 开始识别验证码...
2025-12-01 03:07:04,033 - INFO - 验证码识别结果: 8IQY
2025-12-01 03:07:04,033 - INFO - 查找验证码输入框...
2025-12-01 03:07:04,093 - INFO - 验证码填写完成
2025-12-01 03:07:04,093 - INFO - 验证码填写完成，点击登录按钮...
2025-12-01 03:07:04,093 - INFO - 查找并点击登录按钮...
2025-12-01 03:07:04,152 - INFO - 已点击登录按钮
2025-12-01 03:07:11,173 - INFO - 开始填写登录表单...
2025-12-01 03:07:11,237 - INFO - 用户名填写完成
2025-12-01 03:07:11,299 - INFO - 密码填写完成
2025-12-01 03:07:11,299 - INFO - 验证码图片已保存到 /home/runner/work/nju_electric_monitor/nju_electric_monitor/src/../data/captcha_debug.png
2025-12-01 03:07:11,299 - INFO - 验证码识别尝试 6/50
2025-12-01 03:07:11,299 - INFO - 开始识别验证码...
2025-12-01 03:07:11,399 - INFO - 验证码识别结果: 8IQY
2025-12-01 03:07:11,399 - INFO - 查找验证码输入框...
2025-12-01 03:07:11,458 - INFO - 验证码填写完成
2025-12-01 03:07:11,458 - INFO - 验证码填写完成，点击登录按钮...
2025-12-01 03:07:11,458 - INFO - 查找并点击登录按钮...
2025-12-01 03:07:11,519 - INFO - 已点击登录按钮
2025-12-01 03:07:18,540 - INFO - 开始填写登录表单...
2025-12-01 03:07:18,604 - INFO - 用户名填写完成
2025-12-01 03:07:18,665 - INFO - 密码填写完成
2025-12-01 03:07:18,666 - INFO - 验证码图片已保存到 /home/runner/work/nju_electric_monitor/nju_electric_monitor/src/../data/captcha_debug.png
2025-12-01 03:07:18,666 - INFO - 验证码识别尝试 7/50
2025-12-01 03:07:18,666 - INFO - 开始识别验证码...
2025-12-01 03:07:18,764 - INFO - 验证码识别结果: 8IQY
2025-12-01 03:07:18,764 - INFO - 查找验证码输入框...
2025-12-01 03:07:18,823 - INFO - 验证码填写完成
2025-12-01 03:07:18,823 - INFO - 验证码填写完成，点击登录按钮...
2025-12-01 03:07:18,823 - INFO - 查找并点击登录按钮...
2025-12-01 03:07:18,884 - INFO - 已点击登录按钮
2025-12-01 03:07:25,906 - INFO - 开始填写登录表单...
2025-12-01 03:07:25,968 - INFO - 用户名填写完成
2025-12-01 03:07:26,030 - INFO - 密码填写完成
2025-12-01 03:07:26,031 - INFO - 验证码图片已保存到 /home/runner/work/nju_electric_monitor/nju_electric_monitor/src/../data/captcha_debug.png
2025-12-01 03:07:26,031 - INFO - 验证码识别尝试 8/50
2025-12-01 03:07:26,031 - INFO - 开始识别验证码...
2025-12-01 03:07:26,130 - INFO - 验证码识别结果: 8IQY
2025-12-01 03:07:26,130 - INFO - 查找验证码输入框...
2025-12-01 03:07:26,190 - INFO - 验证码填写完成
2025-12-01 03:07:26,190 - INFO - 验证码填写完成，点击登录按钮...
2025-12-01 03:07:26,190 - INFO - 查找并点击登录按钮...
2025-12-01 03:07:26,250 - INFO - 已点击登录按钮
2025-12-01 03:07:33,273 - INFO - 开始填写登录表单...
2025-12-01 03:07:33,336 - INFO - 用户名填写完成
2025-12-01 03:07:33,397 - INFO - 密码填写完成
2025-12-01 03:07:33,398 - INFO - 验证码图片已保存到 /home/runner/work/nju_electric_monitor/nju_electric_monitor/src/../data/captcha_debug.png
2025-12-01 03:07:33,398 - INFO - 验证码识别尝试 9/50
2025-12-01 03:07:33,398 - INFO - 开始识别验证码...
2025-12-01 03:07:33,497 - INFO - 验证码识别结果: 8IQY
2025-12-01 03:07:33,497 - INFO - 查找验证码输入框...
2025-12-01 03:07:33,558 - INFO - 验证码填写完成
2025-12-01 03:07:33,558 - INFO - 验证码填写完成，点击登录按钮...
2025-12-01 03:07:33,558 - INFO - 查找并点击登录按钮...
2025-12-01 03:07:33,919 - INFO - 已点击登录按钮
2025-12-01 03:07:40,941 - INFO - 开始填写登录表单...
2025-12-01 03:07:41,008 - INFO - 用户名填写完成
2025-12-01 03:07:41,071 - INFO - 密码填写完成
2025-12-01 03:07:41,072 - INFO - 验证码图片已保存到 /home/runner/work/nju_electric_monitor/nju_electric_monitor/src/../data/captcha_debug.png
2025-12-01 03:07:41,072 - INFO - 验证码识别尝试 10/50
2025-12-01 03:07:41,072 - INFO - 开始识别验证码...
2025-12-01 03:07:41,182 - INFO - 验证码识别结果: 8IQY
2025-12-01 03:07:41,182 - INFO - 查找验证码输入框...
2025-12-01 03:07:41,241 - INFO - 验证码填写完成
2025-12-01 03:07:41,241 - INFO - 验证码填写完成，点击登录按钮...
2025-12-01 03:07:41,241 - INFO - 查找并点击登录按钮...
2025-12-01 03:07:41,609 - INFO - 已点击登录按钮
2025-12-01 03:07:48,631 - INFO - 开始填写登录表单...
2025-12-01 03:07:48,696 - INFO - 用户名填写完成
2025-12-01 03:07:48,758 - INFO - 密码填写完成
2025-12-01 03:07:48,758 - INFO - 验证码图片已保存到 /home/runner/work/nju_electric_monitor/nju_electric_monitor/src/../data/captcha_debug.png
2025-12-01 03:07:48,758 - INFO - 验证码识别尝试 11/50
2025-12-01 03:07:48,759 - INFO - 开始识别验证码...
2025-12-01 03:07:48,873 - INFO - 验证码识别结果: 8IQY
2025-12-01 03:07:48,873 - INFO - 查找验证码输入框...
2025-12-01 03:07:48,933 - INFO - 验证码填写完成
2025-12-01 03:07:48,933 - INFO - 验证码填写完成，点击登录按钮...
2025-12-01 03:07:48,933 - INFO - 查找并点击登录按钮...
2025-12-01 03:07:49,348 - INFO - 已点击登录按钮
2025-12-01 03:07:56,370 - INFO - 开始填写登录表单...
2025-12-01 03:07:56,435 - INFO - 用户名填写完成
2025-12-01 03:07:56,498 - INFO - 密码填写完成
2025-12-01 03:07:56,499 - INFO - 验证码图片已保存到 /home/runner/work/nju_electric_monitor/nju_electric_monitor/src/../data/captcha_debug.png
2025-12-01 03:07:56,499 - INFO - 验证码识别尝试 12/50
2025-12-01 03:07:56,499 - INFO - 开始识别验证码...
2025-12-01 03:07:56,606 - INFO - 验证码识别结果: 8IQY
2025-12-01 03:07:56,606 - INFO - 查找验证码输入框...
2025-12-01 03:07:56,665 - INFO - 验证码填写完成
2025-12-01 03:07:56,665 - INFO - 验证码填写完成，点击登录按钮...
2025-12-01 03:07:56,666 - INFO - 查找并点击登录按钮...
2025-12-01 03:07:57,042 - INFO - 已点击登录按钮
2025-12-01 03:08:04,067 - INFO - 开始填写登录表单...
2025-12-01 03:08:04,141 - INFO - 用户名填写完成
2025-12-01 03:08:04,204 - INFO - 密码填写完成
2025-12-01 03:08:04,205 - INFO - 验证码图片已保存到 /home/runner/work/nju_electric_monitor/nju_electric_monitor/src/../data/captcha_debug.png
2025-12-01 03:08:04,205 - INFO - 验证码识别尝试 13/50
2025-12-01 03:08:04,205 - INFO - 开始识别验证码...
2025-12-01 03:08:04,304 - INFO - 验证码识别结果: 8IQY
2025-12-01 03:08:04,304 - INFO - 查找验证码输入框...
2025-12-01 03:08:04,364 - INFO - 验证码填写完成
2025-12-01 03:08:04,364 - INFO - 验证码填写完成，点击登录按钮...
2025-12-01 03:08:04,364 - INFO - 查找并点击登录按钮...
2025-12-01 03:08:04,719 - INFO - 已点击登录按钮
2025-12-01 03:08:11,741 - INFO - 开始填写登录表单...
2025-12-01 03:08:11,806 - INFO - 用户名填写完成
2025-12-01 03:08:11,869 - INFO - 密码填写完成
2025-12-01 03:08:11,869 - INFO - 验证码图片已保存到 /home/runner/work/nju_electric_monitor/nju_electric_monitor/src/../data/captcha_debug.png
2025-12-01 03:08:11,869 - INFO - 验证码识别尝试 14/50
2025-12-01 03:08:11,869 - INFO - 开始识别验证码...
2025-12-01 03:08:11,968 - INFO - 验证码识别结果: 8IQY
2025-12-01 03:08:11,968 - INFO - 查找验证码输入框...
2025-12-01 03:08:12,028 - INFO - 验证码填写完成
2025-12-01 03:08:12,028 - INFO - 验证码填写完成，点击登录按钮...
2025-12-01 03:08:12,028 - INFO - 查找并点击登录按钮...
2025-12-01 03:08:12,380 - INFO - 已点击登录按钮
2025-12-01 03:08:19,401 - INFO - 开始填写登录表单...
2025-12-01 03:08:19,476 - INFO - 用户名填写完成
2025-12-01 03:08:19,539 - INFO - 密码填写完成
2025-12-01 03:08:19,540 - INFO - 验证码图片已保存到 /home/runner/work/nju_electric_monitor/nju_electric_monitor/src/../data/captcha_debug.png
2025-12-01 03:08:19,540 - INFO - 验证码识别尝试 15/50
2025-12-01 03:08:19,540 - INFO - 开始识别验证码...
2025-12-01 03:08:19,639 - INFO - 验证码识别结果: 8IQY
2025-12-01 03:08:19,639 - INFO - 查找验证码输入框...
2025-12-01 03:08:19,700 - INFO - 验证码填写完成
2025-12-01 03:08:19,700 - INFO - 验证码填写完成，点击登录按钮...
2025-12-01 03:08:19,700 - INFO - 查找并点击登录按钮...
2025-12-01 03:08:20,065 - INFO - 已点击登录按钮
2025-12-01 03:08:27,087 - INFO - 开始填写登录表单...
2025-12-01 03:08:27,153 - INFO - 用户名填写完成
2025-12-01 03:08:27,218 - INFO - 密码填写完成
2025-12-01 03:08:27,219 - INFO - 验证码图片已保存到 /home/runner/work/nju_electric_monitor/nju_electric_monitor/src/../data/captcha_debug.png
2025-12-01 03:08:27,219 - INFO - 验证码识别尝试 16/50
2025-12-01 03:08:27,219 - INFO - 开始识别验证码...
2025-12-01 03:08:27,319 - INFO - 验证码识别结果: 8IQY
2025-12-01 03:08:27,319 - INFO - 查找验证码输入框...
2025-12-01 03:08:27,380 - INFO - 验证码填写完成
2025-12-01 03:08:27,380 - INFO - 验证码填写完成，点击登录按钮...
2025-12-01 03:08:27,380 - INFO - 查找并点击登录按钮...
2025-12-01 03:08:27,735 - INFO - 已点击登录按钮
2025-12-01 03:08:34,756 - INFO - 开始填写登录表单...
2025-12-01 03:08:34,820 - INFO - 用户名填写完成
2025-12-01 03:08:34,883 - INFO - 密码填写完成
2025-12-01 03:08:34,884 - INFO - 验证码图片已保存到 /home/runner/work/nju_electric_monitor/nju_electric_monitor/src/../data/captcha_debug.png
2025-12-01 03:08:34,884 - INFO - 验证码识别尝试 17/50
2025-12-01 03:08:34,884 - INFO - 开始识别验证码...
2025-12-01 03:08:34,982 - INFO - 验证码识别结果: 8IQY
2025-12-01 03:08:34,982 - INFO - 查找验证码输入框...
2025-12-01 03:08:35,042 - INFO - 验证码填写完成
2025-12-01 03:08:35,042 - INFO - 验证码填写完成，点击登录按钮...
2025-12-01 03:08:35,042 - INFO - 查找并点击登录按钮...
2025-12-01 03:08:35,401 - INFO - 已点击登录按钮
2025-12-01 03:08:42,423 - INFO - 开始填写登录表单...
2025-12-01 03:08:42,487 - INFO - 用户名填写完成
2025-12-01 03:08:42,549 - INFO - 密码填写完成
2025-12-01 03:08:42,550 - INFO - 验证码图片已保存到 /home/runner/work/nju_electric_monitor/nju_electric_monitor/src/../data/captcha_debug.png
2025-12-01 03:08:42,550 - INFO - 验证码识别尝试 18/50
2025-12-01 03:08:42,550 - INFO - 开始识别验证码...
2025-12-01 03:08:42,651 - INFO - 验证码识别结果: 8IQY
2025-12-01 03:08:42,651 - INFO - 查找验证码输入框...
2025-12-01 03:08:42,710 - INFO - 验证码填写完成
2025-12-01 03:08:42,710 - INFO - 验证码填写完成，点击登录按钮...
2025-12-01 03:08:42,710 - INFO - 查找并点击登录按钮...
2025-12-01 03:08:43,071 - INFO - 已点击登录按钮
2025-12-01 03:08:50,091 - INFO - 开始填写登录表单...
2025-12-01 03:08:50,155 - INFO - 用户名填写完成
2025-12-01 03:08:50,217 - INFO - 密码填写完成
2025-12-01 03:08:50,218 - INFO - 验证码图片已保存到 /home/runner/work/nju_electric_monitor/nju_electric_monitor/src/../data/captcha_debug.png
2025-12-01 03:08:50,218 - INFO - 验证码识别尝试 19/50
2025-12-01 03:08:50,218 - INFO - 开始识别验证码...
2025-12-01 03:08:50,316 - INFO - 验证码识别结果: 8IQY
2025-12-01 03:08:50,316 - INFO - 查找验证码输入框...
2025-12-01 03:08:50,375 - INFO - 验证码填写完成
2025-12-01 03:08:50,375 - INFO - 验证码填写完成，点击登录按钮...
2025-12-01 03:08:50,375 - INFO - 查找并点击登录按钮...
2025-12-01 03:08:50,737 - INFO - 已点击登录按钮
2025-12-01 03:08:57,757 - INFO - 开始填写登录表单...
2025-12-01 03:08:57,820 - INFO - 用户名填写完成
2025-12-01 03:08:57,881 - INFO - 密码填写完成
2025-12-01 03:08:57,882 - INFO - 验证码图片已保存到 /home/runner/work/nju_electric_monitor/nju_electric_monitor/src/../data/captcha_debug.png
2025-12-01 03:08:57,882 - INFO - 验证码识别尝试 20/50
2025-12-01 03:08:57,882 - INFO - 开始识别验证码...
2025-12-01 03:08:57,981 - INFO - 验证码识别结果: 8IQY
2025-12-01 03:08:57,981 - INFO - 查找验证码输入框...
2025-12-01 03:08:58,042 - INFO - 验证码填写完成
2025-12-01 03:08:58,042 - INFO - 验证码填写完成，点击登录按钮...
2025-12-01 03:08:58,042 - INFO - 查找并点击登录按钮...
2025-12-01 03:08:58,396 - INFO - 已点击登录按钮
2025-12-01 03:09:05,416 - INFO - 开始填写登录表单...
2025-12-01 03:09:05,478 - INFO - 用户名填写完成
2025-12-01 03:09:05,539 - INFO - 密码填写完成
2025-12-01 03:09:05,540 - INFO - 验证码图片已保存到 /home/runner/work/nju_electric_monitor/nju_electric_monitor/src/../data/captcha_debug.png
2025-12-01 03:09:05,540 - INFO - 验证码识别尝试 21/50
2025-12-01 03:09:05,540 - INFO - 开始识别验证码...
2025-12-01 03:09:05,638 - INFO - 验证码识别结果: 8IQY
2025-12-01 03:09:05,638 - INFO - 查找验证码输入框...
2025-12-01 03:09:05,696 - INFO - 验证码填写完成
2025-12-01 03:09:05,697 - INFO - 验证码填写完成，点击登录按钮...
2025-12-01 03:09:05,697 - INFO - 查找并点击登录按钮...
2025-12-01 03:09:06,059 - INFO - 已点击登录按钮
2025-12-01 03:09:13,080 - INFO - 开始填写登录表单...
2025-12-01 03:09:13,141 - INFO - 用户名填写完成
2025-12-01 03:09:13,203 - INFO - 密码填写完成
2025-12-01 03:09:13,203 - INFO - 验证码图片已保存到 /home/runner/work/nju_electric_monitor/nju_electric_monitor/src/../data/captcha_debug.png
2025-12-01 03:09:13,203 - INFO - 验证码识别尝试 22/50
2025-12-01 03:09:13,203 - INFO - 开始识别验证码...
2025-12-01 03:09:13,302 - INFO - 验证码识别结果: 8IQY
2025-12-01 03:09:13,302 - INFO - 查找验证码输入框...
2025-12-01 03:09:13,360 - INFO - 验证码填写完成
2025-12-01 03:09:13,360 - INFO - 验证码填写完成，点击登录按钮...
2025-12-01 03:09:13,360 - INFO - 查找并点击登录按钮...
2025-12-01 03:09:13,719 - INFO - 已点击登录按钮
2025-12-01 03:09:20,739 - INFO - 开始填写登录表单...
2025-12-01 03:09:20,802 - INFO - 用户名填写完成
2025-12-01 03:09:20,863 - INFO - 密码填写完成
2025-12-01 03:09:20,863 - INFO - 验证码图片已保存到 /home/runner/work/nju_electric_monitor/nju_electric_monitor/src/../data/captcha_debug.png
2025-12-01 03:09:20,864 - INFO - 验证码识别尝试 23/50
2025-12-01 03:09:20,864 - INFO - 开始识别验证码...
2025-12-01 03:09:20,962 - INFO - 验证码识别结果: 8IQY
2025-12-01 03:09:20,963 - INFO - 查找验证码输入框...
2025-12-01 03:09:21,020 - INFO - 验证码填写完成
2025-12-01 03:09:21,020 - INFO - 验证码填写完成，点击登录按钮...
2025-12-01 03:09:21,020 - INFO - 查找并点击登录按钮...
2025-12-01 03:09:21,079 - INFO - 已点击登录按钮
2025-12-01 03:09:28,099 - INFO - 开始填写登录表单...
2025-12-01 03:09:28,160 - INFO - 用户名填写完成
2025-12-01 03:09:28,221 - INFO - 密码填写完成
2025-12-01 03:09:28,222 - INFO - 验证码图片已保存到 /home/runner/work/nju_electric_monitor/nju_electric_monitor/src/../data/captcha_debug.png
2025-12-01 03:09:28,222 - INFO - 验证码识别尝试 24/50
2025-12-01 03:09:28,222 - INFO - 开始识别验证码...
2025-12-01 03:09:28,328 - INFO - 验证码识别结果: 8IQY
2025-12-01 03:09:28,328 - INFO - 查找验证码输入框...
2025-12-01 03:09:28,386 - INFO - 验证码填写完成
2025-12-01 03:09:28,386 - INFO - 验证码填写完成，点击登录按钮...
2025-12-01 03:09:28,386 - INFO - 查找并点击登录按钮...
2025-12-01 03:09:28,446 - INFO - 已点击登录按钮
2025-12-01 03:09:35,466 - INFO - 开始填写登录表单...
2025-12-01 03:09:35,529 - INFO - 用户名填写完成
2025-12-01 03:09:35,589 - INFO - 密码填写完成
2025-12-01 03:09:35,590 - INFO - 验证码图片已保存到 /home/runner/work/nju_electric_monitor/nju_electric_monitor/src/../data/captcha_debug.png
2025-12-01 03:09:35,590 - INFO - 验证码识别尝试 25/50
2025-12-01 03:09:35,590 - INFO - 开始识别验证码...
2025-12-01 03:09:35,687 - INFO - 验证码识别结果: 8IQY
2025-12-01 03:09:35,687 - INFO - 查找验证码输入框...
2025-12-01 03:09:35,745 - INFO - 验证码填写完成
2025-12-01 03:09:35,745 - INFO - 验证码填写完成，点击登录按钮...
2025-12-01 03:09:35,745 - INFO - 查找并点击登录按钮...
2025-12-01 03:09:36,127 - INFO - 已点击登录按钮
2025-12-01 03:09:43,148 - INFO - 开始填写登录表单...
2025-12-01 03:09:43,210 - INFO - 用户名填写完成
2025-12-01 03:09:43,269 - INFO - 密码填写完成
2025-12-01 03:09:43,270 - INFO - 验证码图片已保存到 /home/runner/work/nju_electric_monitor/nju_electric_monitor/src/../data/captcha_debug.png
2025-12-01 03:09:43,270 - INFO - 验证码识别尝试 26/50
2025-12-01 03:09:43,270 - INFO - 开始识别验证码...
2025-12-01 03:09:43,381 - INFO - 验证码识别结果: 8IQY
2025-12-01 03:09:43,381 - INFO - 查找验证码输入框...
2025-12-01 03:09:43,439 - INFO - 验证码填写完成
2025-12-01 03:09:43,439 - INFO - 验证码填写完成，点击登录按钮...
2025-12-01 03:09:43,439 - INFO - 查找并点击登录按钮...
2025-12-01 03:09:43,793 - INFO - 已点击登录按钮
2025-12-01 03:09:50,814 - INFO - 开始填写登录表单...
2025-12-01 03:09:50,876 - INFO - 用户名填写完成
2025-12-01 03:09:50,935 - INFO - 密码填写完成
2025-12-01 03:09:50,936 - INFO - 验证码图片已保存到 /home/runner/work/nju_electric_monitor/nju_electric_monitor/src/../data/captcha_debug.png
2025-12-01 03:09:50,936 - INFO - 验证码识别尝试 27/50
2025-12-01 03:09:50,936 - INFO - 开始识别验证码...
2025-12-01 03:09:51,049 - INFO - 验证码识别结果: 8IQY
2025-12-01 03:09:51,049 - INFO - 查找验证码输入框...
2025-12-01 03:09:51,109 - INFO - 验证码填写完成
2025-12-01 03:09:51,109 - INFO - 验证码填写完成，点击登录按钮...
2025-12-01 03:09:51,109 - INFO - 查找并点击登录按钮...
2025-12-01 03:09:51,471 - INFO - 已点击登录按钮
2025-12-01 03:09:58,491 - INFO - 开始填写登录表单...
2025-12-01 03:09:58,554 - INFO - 用户名填写完成
2025-12-01 03:09:58,614 - INFO - 密码填写完成
2025-12-01 03:09:58,615 - INFO - 验证码图片已保存到 /home/runner/work/nju_electric_monitor/nju_electric_monitor/src/../data/captcha_debug.png
2025-12-01 03:09:58,615 - INFO - 验证码识别尝试 28/50
2025-12-01 03:09:58,615 - INFO - 开始识别验证码...
2025-12-01 03:09:58,724 - INFO - 验证码识别结果: 8IQY
2025-12-01 03:09:58,724 - INFO - 查找验证码输入框...
2025-12-01 03:09:58,784 - INFO - 验证码填写完成
2025-12-01 03:09:58,785 - INFO - 验证码填写完成，点击登录按钮...
2025-12-01 03:09:58,785 - INFO - 查找并点击登录按钮...
2025-12-01 03:09:58,845 - INFO - 已点击登录按钮
2025-12-01 03:10:05,865 - INFO - 开始填写登录表单...
2025-12-01 03:10:05,926 - INFO - 用户名填写完成
2025-12-01 03:10:05,987 - INFO - 密码填写完成
2025-12-01 03:10:05,987 - INFO - 验证码图片已保存到 /home/runner/work/nju_electric_monitor/nju_electric_monitor/src/../data/captcha_debug.png
2025-12-01 03:10:05,987 - INFO - 验证码识别尝试 29/50
2025-12-01 03:10:05,987 - INFO - 开始识别验证码...
2025-12-01 03:10:06,086 - INFO - 验证码识别结果: 8IQY
2025-12-01 03:10:06,086 - INFO - 查找验证码输入框...
2025-12-01 03:10:06,143 - INFO - 验证码填写完成
2025-12-01 03:10:06,144 - INFO - 验证码填写完成，点击登录按钮...
2025-12-01 03:10:06,144 - INFO - 查找并点击登录按钮...
2025-12-01 03:10:06,525 - INFO - 已点击登录按钮
2025-12-01 03:10:13,546 - INFO - 开始填写登录表单...
2025-12-01 03:10:13,609 - INFO - 用户名填写完成
2025-12-01 03:10:13,671 - INFO - 密码填写完成
2025-12-01 03:10:13,672 - INFO - 验证码图片已保存到 /home/runner/work/nju_electric_monitor/nju_electric_monitor/src/../data/captcha_debug.png
2025-12-01 03:10:13,672 - INFO - 验证码识别尝试 30/50
2025-12-01 03:10:13,672 - INFO - 开始识别验证码...
2025-12-01 03:10:13,771 - INFO - 验证码识别结果: 8IQY
2025-12-01 03:10:13,771 - INFO - 查找验证码输入框...
2025-12-01 03:10:13,831 - INFO - 验证码填写完成
2025-12-01 03:10:13,831 - INFO - 验证码填写完成，点击登录按钮...
2025-12-01 03:10:13,831 - INFO - 查找并点击登录按钮...
2025-12-01 03:10:13,891 - INFO - 已点击登录按钮
2025-12-01 03:10:20,911 - INFO - 开始填写登录表单...
2025-12-01 03:10:20,973 - INFO - 用户名填写完成
2025-12-01 03:10:21,034 - INFO - 密码填写完成
2025-12-01 03:10:21,034 - INFO - 验证码图片已保存到 /home/runner/work/nju_electric_monitor/nju_electric_monitor/src/../data/captcha_debug.png
2025-12-01 03:10:21,034 - INFO - 验证码识别尝试 31/50
2025-12-01 03:10:21,034 - INFO - 开始识别验证码...
2025-12-01 03:10:21,142 - INFO - 验证码识别结果: 8IQY
2025-12-01 03:10:21,142 - INFO - 查找验证码输入框...
2025-12-01 03:10:21,200 - INFO - 验证码填写完成
2025-12-01 03:10:21,200 - INFO - 验证码填写完成，点击登录按钮...
2025-12-01 03:10:21,200 - INFO - 查找并点击登录按钮...
2025-12-01 03:10:21,258 - INFO - 已点击登录按钮
2025-12-01 03:10:28,279 - INFO - 开始填写登录表单...
2025-12-01 03:10:28,341 - INFO - 用户名填写完成
2025-12-01 03:10:28,401 - INFO - 密码填写完成
2025-12-01 03:10:28,401 - INFO - 验证码图片已保存到 /home/runner/work/nju_electric_monitor/nju_electric_monitor/src/../data/captcha_debug.png
2025-12-01 03:10:28,401 - INFO - 验证码识别尝试 32/50
2025-12-01 03:10:28,401 - INFO - 开始识别验证码...
2025-12-01 03:10:28,508 - INFO - 验证码识别结果: 8IQY
2025-12-01 03:10:28,508 - INFO - 查找验证码输入框...
2025-12-01 03:10:28,567 - INFO - 验证码填写完成
2025-12-01 03:10:28,567 - INFO - 验证码填写完成，点击登录按钮...
2025-12-01 03:10:28,567 - INFO - 查找并点击登录按钮...
2025-12-01 03:10:28,626 - INFO - 已点击登录按钮
2025-12-01 03:10:35,647 - INFO - 开始填写登录表单...
2025-12-01 03:10:35,710 - INFO - 用户名填写完成
2025-12-01 03:10:35,770 - INFO - 密码填写完成
2025-12-01 03:10:35,771 - INFO - 验证码图片已保存到 /home/runner/work/nju_electric_monitor/nju_electric_monitor/src/../data/captcha_debug.png
2025-12-01 03:10:35,771 - INFO - 验证码识别尝试 33/50
2025-12-01 03:10:35,771 - INFO - 开始识别验证码...
2025-12-01 03:10:35,876 - INFO - 验证码识别结果: 8IQY
2025-12-01 03:10:35,876 - INFO - 查找验证码输入框...
2025-12-01 03:10:35,934 - INFO - 验证码填写完成
2025-12-01 03:10:35,934 - INFO - 验证码填写完成，点击登录按钮...
2025-12-01 03:10:35,934 - INFO - 查找并点击登录按钮...
2025-12-01 03:10:35,992 - INFO - 已点击登录按钮
2025-12-01 03:10:43,013 - INFO - 开始填写登录表单...
2025-12-01 03:10:43,075 - INFO - 用户名填写完成
2025-12-01 03:10:43,135 - INFO - 密码填写完成
2025-12-01 03:10:43,135 - INFO - 验证码图片已保存到 /home/runner/work/nju_electric_monitor/nju_electric_monitor/src/../data/captcha_debug.png
2025-12-01 03:10:43,136 - INFO - 验证码识别尝试 34/50
2025-12-01 03:10:43,136 - INFO - 开始识别验证码...
2025-12-01 03:10:43,243 - INFO - 验证码识别结果: 8IQY
2025-12-01 03:10:43,243 - INFO - 查找验证码输入框...
2025-12-01 03:10:43,302 - INFO - 验证码填写完成
2025-12-01 03:10:43,302 - INFO - 验证码填写完成，点击登录按钮...
2025-12-01 03:10:43,302 - INFO - 查找并点击登录按钮...
2025-12-01 03:10:43,680 - INFO - 已点击登录按钮
2025-12-01 03:10:50,700 - INFO - 开始填写登录表单...
2025-12-01 03:10:50,763 - INFO - 用户名填写完成
2025-12-01 03:10:50,823 - INFO - 密码填写完成
2025-12-01 03:10:50,824 - INFO - 验证码图片已保存到 /home/runner/work/nju_electric_monitor/nju_electric_monitor/src/../data/captcha_debug.png
2025-12-01 03:10:50,824 - INFO - 验证码识别尝试 35/50
2025-12-01 03:10:50,824 - INFO - 开始识别验证码...
2025-12-01 03:10:50,923 - INFO - 验证码识别结果: 8IQY
2025-12-01 03:10:50,923 - INFO - 查找验证码输入框...
2025-12-01 03:10:50,982 - INFO - 验证码填写完成
2025-12-01 03:10:50,982 - INFO - 验证码填写完成，点击登录按钮...
2025-12-01 03:10:50,982 - INFO - 查找并点击登录按钮...
2025-12-01 03:10:51,042 - INFO - 已点击登录按钮
2025-12-01 03:10:58,063 - INFO - 开始填写登录表单...
2025-12-01 03:10:58,126 - INFO - 用户名填写完成
2025-12-01 03:10:58,186 - INFO - 密码填写完成
2025-12-01 03:10:58,187 - INFO - 验证码图片已保存到 /home/runner/work/nju_electric_monitor/nju_electric_monitor/src/../data/captcha_debug.png
2025-12-01 03:10:58,187 - INFO - 验证码识别尝试 36/50
2025-12-01 03:10:58,187 - INFO - 开始识别验证码...
2025-12-01 03:10:58,293 - INFO - 验证码识别结果: 8IQY
2025-12-01 03:10:58,293 - INFO - 查找验证码输入框...
2025-12-01 03:10:58,351 - INFO - 验证码填写完成
2025-12-01 03:10:58,351 - INFO - 验证码填写完成，点击登录按钮...
2025-12-01 03:10:58,351 - INFO - 查找并点击登录按钮...
2025-12-01 03:10:58,729 - INFO - 已点击登录按钮
2025-12-01 03:11:05,750 - INFO - 开始填写登录表单...
2025-12-01 03:11:05,812 - INFO - 用户名填写完成
2025-12-01 03:11:05,872 - INFO - 密码填写完成
2025-12-01 03:11:05,873 - INFO - 验证码图片已保存到 /home/runner/work/nju_electric_monitor/nju_electric_monitor/src/../data/captcha_debug.png
2025-12-01 03:11:05,873 - INFO - 验证码识别尝试 37/50
2025-12-01 03:11:05,873 - INFO - 开始识别验证码...
2025-12-01 03:11:05,970 - INFO - 验证码识别结果: 8IQY
2025-12-01 03:11:05,970 - INFO - 查找验证码输入框...
2025-12-01 03:11:06,032 - INFO - 验证码填写完成
2025-12-01 03:11:06,032 - INFO - 验证码填写完成，点击登录按钮...
2025-12-01 03:11:06,032 - INFO - 查找并点击登录按钮...
2025-12-01 03:11:06,389 - INFO - 已点击登录按钮
2025-12-01 03:11:13,410 - INFO - 开始填写登录表单...
2025-12-01 03:11:13,471 - INFO - 用户名填写完成
2025-12-01 03:11:13,531 - INFO - 密码填写完成
2025-12-01 03:11:13,532 - INFO - 验证码图片已保存到 /home/runner/work/nju_electric_monitor/nju_electric_monitor/src/../data/captcha_debug.png
2025-12-01 03:11:13,532 - INFO - 验证码识别尝试 38/50
2025-12-01 03:11:13,532 - INFO - 开始识别验证码...
2025-12-01 03:11:13,640 - INFO - 验证码识别结果: 8IQY
2025-12-01 03:11:13,640 - INFO - 查找验证码输入框...
2025-12-01 03:11:13,698 - INFO - 验证码填写完成
2025-12-01 03:11:13,699 - INFO - 验证码填写完成，点击登录按钮...
2025-12-01 03:11:13,699 - INFO - 查找并点击登录按钮...
2025-12-01 03:11:13,758 - INFO - 已点击登录按钮
2025-12-01 03:11:20,778 - INFO - 开始填写登录表单...
2025-12-01 03:11:20,840 - INFO - 用户名填写完成
2025-12-01 03:11:20,900 - INFO - 密码填写完成
2025-12-01 03:11:20,901 - INFO - 验证码图片已保存到 /home/runner/work/nju_electric_monitor/nju_electric_monitor/src/../data/captcha_debug.png
2025-12-01 03:11:20,901 - INFO - 验证码识别尝试 39/50
2025-12-01 03:11:20,901 - INFO - 开始识别验证码...
2025-12-01 03:11:20,999 - INFO - 验证码识别结果: 8IQY
2025-12-01 03:11:20,999 - INFO - 查找验证码输入框...
2025-12-01 03:11:21,056 - INFO - 验证码填写完成
2025-12-01 03:11:21,056 - INFO - 验证码填写完成，点击登录按钮...
2025-12-01 03:11:21,056 - INFO - 查找并点击登录按钮...
2025-12-01 03:11:21,435 - INFO - 已点击登录按钮
2025-12-01 03:11:28,456 - INFO - 开始填写登录表单...
2025-12-01 03:11:28,518 - INFO - 用户名填写完成
2025-12-01 03:11:28,579 - INFO - 密码填写完成
2025-12-01 03:11:28,580 - INFO - 验证码图片已保存到 /home/runner/work/nju_electric_monitor/nju_electric_monitor/src/../data/captcha_debug.png
2025-12-01 03:11:28,580 - INFO - 验证码识别尝试 40/50
2025-12-01 03:11:28,580 - INFO - 开始识别验证码...
2025-12-01 03:11:28,676 - INFO - 验证码识别结果: 8IQY
2025-12-01 03:11:28,676 - INFO - 查找验证码输入框...
2025-12-01 03:11:28,735 - INFO - 验证码填写完成
2025-12-01 03:11:28,735 - INFO - 验证码填写完成，点击登录按钮...
2025-12-01 03:11:28,735 - INFO - 查找并点击登录按钮...
2025-12-01 03:11:29,088 - INFO - 已点击登录按钮
2025-12-01 03:11:36,108 - INFO - 开始填写登录表单...
2025-12-01 03:11:36,169 - INFO - 用户名填写完成
2025-12-01 03:11:36,231 - INFO - 密码填写完成
2025-12-01 03:11:36,231 - INFO - 验证码图片已保存到 /home/runner/work/nju_electric_monitor/nju_electric_monitor/src/../data/captcha_debug.png
2025-12-01 03:11:36,231 - INFO - 验证码识别尝试 41/50
2025-12-01 03:11:36,232 - INFO - 开始识别验证码...
2025-12-01 03:11:36,330 - INFO - 验证码识别结果: 8IQY
2025-12-01 03:11:36,331 - INFO - 查找验证码输入框...
2025-12-01 03:11:36,388 - INFO - 验证码填写完成
2025-12-01 03:11:36,389 - INFO - 验证码填写完成，点击登录按钮...
2025-12-01 03:11:36,389 - INFO - 查找并点击登录按钮...
2025-12-01 03:11:36,748 - INFO - 已点击登录按钮
2025-12-01 03:11:43,769 - INFO - 开始填写登录表单...
2025-12-01 03:11:43,832 - INFO - 用户名填写完成
2025-12-01 03:11:43,893 - INFO - 密码填写完成
2025-12-01 03:11:43,894 - INFO - 验证码图片已保存到 /home/runner/work/nju_electric_monitor/nju_electric_monitor/src/../data/captcha_debug.png
2025-12-01 03:11:43,894 - INFO - 验证码识别尝试 42/50
2025-12-01 03:11:43,894 - INFO - 开始识别验证码...
2025-12-01 03:11:43,994 - INFO - 验证码识别结果: 8IQY
2025-12-01 03:11:43,994 - INFO - 查找验证码输入框...
2025-12-01 03:11:44,054 - INFO - 验证码填写完成
2025-12-01 03:11:44,054 - INFO - 验证码填写完成，点击登录按钮...
2025-12-01 03:11:44,054 - INFO - 查找并点击登录按钮...
2025-12-01 03:11:44,471 - INFO - 已点击登录按钮
2025-12-01 03:11:51,492 - INFO - 开始填写登录表单...
2025-12-01 03:11:51,552 - INFO - 用户名填写完成
2025-12-01 03:11:51,612 - INFO - 密码填写完成
2025-12-01 03:11:51,613 - INFO - 验证码图片已保存到 /home/runner/work/nju_electric_monitor/nju_electric_monitor/src/../data/captcha_debug.png
2025-12-01 03:11:51,613 - INFO - 验证码识别尝试 43/50
2025-12-01 03:11:51,613 - INFO - 开始识别验证码...
2025-12-01 03:11:51,723 - INFO - 验证码识别结果: 8IQY
2025-12-01 03:11:51,723 - INFO - 查找验证码输入框...
2025-12-01 03:11:51,780 - INFO - 验证码填写完成
2025-12-01 03:11:51,780 - INFO - 验证码填写完成，点击登录按钮...
2025-12-01 03:11:51,780 - INFO - 查找并点击登录按钮...
2025-12-01 03:11:51,839 - INFO - 已点击登录按钮
2025-12-01 03:11:58,859 - INFO - 开始填写登录表单...
2025-12-01 03:11:58,921 - INFO - 用户名填写完成
2025-12-01 03:11:58,982 - INFO - 密码填写完成
2025-12-01 03:11:58,983 - INFO - 验证码图片已保存到 /home/runner/work/nju_electric_monitor/nju_electric_monitor/src/../data/captcha_debug.png
2025-12-01 03:11:58,983 - INFO - 验证码识别尝试 44/50
2025-12-01 03:11:58,983 - INFO - 开始识别验证码...
2025-12-01 03:11:59,080 - INFO - 验证码识别结果: 8IQY
2025-12-01 03:11:59,080 - INFO - 查找验证码输入框...
2025-12-01 03:11:59,137 - INFO - 验证码填写完成
2025-12-01 03:11:59,137 - INFO - 验证码填写完成，点击登录按钮...
2025-12-01 03:11:59,138 - INFO - 查找并点击登录按钮...
2025-12-01 03:11:59,516 - INFO - 已点击登录按钮
2025-12-01 03:12:06,537 - INFO - 开始填写登录表单...
2025-12-01 03:12:06,598 - INFO - 用户名填写完成
2025-12-01 03:12:06,658 - INFO - 密码填写完成
2025-12-01 03:12:06,659 - INFO - 验证码图片已保存到 /home/runner/work/nju_electric_monitor/nju_electric_monitor/src/../data/captcha_debug.png
2025-12-01 03:12:06,659 - INFO - 验证码识别尝试 45/50
2025-12-01 03:12:06,659 - INFO - 开始识别验证码...
2025-12-01 03:12:06,757 - INFO - 验证码识别结果: 8IQY
2025-12-01 03:12:06,757 - INFO - 查找验证码输入框...
2025-12-01 03:12:06,816 - INFO - 验证码填写完成
2025-12-01 03:12:06,816 - INFO - 验证码填写完成，点击登录按钮...
2025-12-01 03:12:06,816 - INFO - 查找并点击登录按钮...
2025-12-01 03:12:07,176 - INFO - 已点击登录按钮
2025-12-01 03:12:14,197 - INFO - 开始填写登录表单...
2025-12-01 03:12:14,259 - INFO - 用户名填写完成
2025-12-01 03:12:14,319 - INFO - 密码填写完成
2025-12-01 03:12:14,319 - INFO - 验证码图片已保存到 /home/runner/work/nju_electric_monitor/nju_electric_monitor/src/../data/captcha_debug.png
2025-12-01 03:12:14,320 - INFO - 验证码识别尝试 46/50
2025-12-01 03:12:14,320 - INFO - 开始识别验证码...
2025-12-01 03:12:14,424 - INFO - 验证码识别结果: 8IQY
2025-12-01 03:12:14,424 - INFO - 查找验证码输入框...
2025-12-01 03:12:14,482 - INFO - 验证码填写完成
2025-12-01 03:12:14,482 - INFO - 验证码填写完成，点击登录按钮...
2025-12-01 03:12:14,482 - INFO - 查找并点击登录按钮...
2025-12-01 03:12:14,836 - INFO - 已点击登录按钮
2025-12-01 03:12:21,857 - INFO - 开始填写登录表单...
2025-12-01 03:12:21,918 - INFO - 用户名填写完成
2025-12-01 03:12:21,978 - INFO - 密码填写完成
2025-12-01 03:12:21,978 - INFO - 验证码图片已保存到 /home/runner/work/nju_electric_monitor/nju_electric_monitor/src/../data/captcha_debug.png
2025-12-01 03:12:21,978 - INFO - 验证码识别尝试 47/50
2025-12-01 03:12:21,978 - INFO - 开始识别验证码...
2025-12-01 03:12:22,077 - INFO - 验证码识别结果: 8IQY
2025-12-01 03:12:22,077 - INFO - 查找验证码输入框...
2025-12-01 03:12:22,135 - INFO - 验证码填写完成
2025-12-01 03:12:22,135 - INFO - 验证码填写完成，点击登录按钮...
2025-12-01 03:12:22,135 - INFO - 查找并点击登录按钮...
2025-12-01 03:12:22,535 - INFO - 已点击登录按钮
2025-12-01 03:12:29,556 - INFO - 开始填写登录表单...
2025-12-01 03:12:29,617 - INFO - 用户名填写完成
2025-12-01 03:12:29,677 - INFO - 密码填写完成
2025-12-01 03:12:29,678 - INFO - 验证码图片已保存到 /home/runner/work/nju_electric_monitor/nju_electric_monitor/src/../data/captcha_debug.png
2025-12-01 03:12:29,678 - INFO - 验证码识别尝试 48/50
2025-12-01 03:12:29,678 - INFO - 开始识别验证码...
2025-12-01 03:12:29,775 - INFO - 验证码识别结果: 8IQY
2025-12-01 03:12:29,775 - INFO - 查找验证码输入框...
2025-12-01 03:12:29,834 - INFO - 验证码填写完成
2025-12-01 03:12:29,834 - INFO - 验证码填写完成，点击登录按钮...
2025-12-01 03:12:29,834 - INFO - 查找并点击登录按钮...
2025-12-01 03:12:30,189 - INFO - 已点击登录按钮
2025-12-01 03:12:37,210 - INFO - 开始填写登录表单...
2025-12-01 03:12:37,272 - INFO - 用户名填写完成
2025-12-01 03:12:37,332 - INFO - 密码填写完成
2025-12-01 03:12:37,332 - INFO - 验证码图片已保存到 /home/runner/work/nju_electric_monitor/nju_electric_monitor/src/../data/captcha_debug.png
2025-12-01 03:12:37,332 - INFO - 验证码识别尝试 49/50
2025-12-01 03:12:37,332 - INFO - 开始识别验证码...
2025-12-01 03:12:37,430 - INFO - 验证码识别结果: 8IQY
2025-12-01 03:12:37,430 - INFO - 查找验证码输入框...
2025-12-01 03:12:37,488 - INFO - 验证码填写完成
2025-12-01 03:12:37,488 - INFO - 验证码填写完成，点击登录按钮...
2025-12-01 03:12:37,488 - INFO - 查找并点击登录按钮...
2025-12-01 03:12:37,842 - INFO - 已点击登录按钮
2025-12-01 03:12:44,863 - INFO - 开始填写登录表单...
2025-12-01 03:12:44,926 - INFO - 用户名填写完成
2025-12-01 03:12:44,985 - INFO - 密码填写完成
2025-12-01 03:12:44,986 - INFO - 验证码图片已保存到 /home/runner/work/nju_electric_monitor/nju_electric_monitor/src/../data/captcha_debug.png
2025-12-01 03:12:44,986 - INFO - 验证码识别尝试 50/50
2025-12-01 03:12:44,986 - INFO - 开始识别验证码...
2025-12-01 03:12:45,084 - INFO - 验证码识别结果: 8IQY
2025-12-01 03:12:45,084 - INFO - 查找验证码输入框...
2025-12-01 03:12:45,143 - INFO - 验证码填写完成
2025-12-01 03:12:45,143 - INFO - 验证码填写完成，点击登录按钮...
2025-12-01 03:12:45,143 - INFO - 查找并点击登录按钮...
2025-12-01 03:12:45,203 - INFO - 已点击登录按钮
2025-12-01 03:12:52,224 - WARNING - 自动验证码识别失败，请手动输入
2025-12-01 03:12:52,224 - ERROR - 处理验证码时出错: EOF when reading a line
2025-12-01 03:12:52,224 - WARNING - 验证码处理失败，但继续尝试登录
2025-12-01 03:12:52,224 - INFO - 查找并点击登录按钮...
2025-12-01 03:12:52,282 - INFO - 已点击登录按钮
2025-12-01 03:12:57,282 - INFO - 等待登录成功...
2025-12-01 03:13:02,286 - INFO - 登录可能成功，继续下一步...
2025-12-01 03:13:02,287 - INFO - 查找'去充值'按钮...
2025-12-01 03:13:02,350 - INFO - 已点击充值按钮
2025-12-01 03:13:05,351 - INFO - 开始提取剩余电量信息...
2025-12-01 03:13:05,356 - INFO - 页面源码已保存到 /home/runner/work/nju_electric_monitor/nju_electric_monitor/src/../data/debug_page_source.html
2025-12-01 03:13:05,365 - WARNING - 未找到电量信息元素，尝试其他方法...
2025-12-01 03:13:05,374 - WARNING - 未找到i标签中的电量信息，尝试其他方法...
2025-12-01 03:13:05,378 - INFO - 在页面源码中查找电量信息...
2025-12-01 03:13:05,389 - WARNING - 未能提取到剩余电量信息
2025-12-01 03:13:05,389 - WARNING - 没有电量数据可保存
2025-12-01 03:13:05,389 - INFO - 监控流程完成
