2026-06-19 11:13:14,899 - INFO - Matplotlib 字体设置：使用回退字体列表，首选可用字体: Noto Sans CJK SC
2026-06-19 11:13:16,681 - INFO - 使用指定 ChromeDriver: /usr/bin/chromedriver
2026-06-19 11:13:16,761 - INFO - ddddocr 识别器初始化成功
2026-06-19 11:13:16,761 - INFO - 开始南京大学电费监控流程（自动无头模式）
2026-06-19 11:13:16,761 - INFO - 已初始化并清空验证码图片目录: /home/runner/work/nju_electric_monitor/nju_electric_monitor/src/../data/captcha_workflow
2026-06-19 11:13:16,761 - INFO - 正在打开页面: https://epay.nju.edu.cn/epay/h5/nju/electric/index
2026-06-19 11:13:32,321 - INFO - 等待登录表单加载...
2026-06-19 11:13:32,330 - INFO - 登录表单已加载
2026-06-19 11:13:32,330 - INFO - 开始填写登录表单...
2026-06-19 11:13:32,416 - INFO - 用户名填写完成
2026-06-19 11:13:32,488 - INFO - 密码填写完成
2026-06-19 11:13:32,488 - INFO - 开始处理验证码（两层嵌套重试）...
2026-06-19 11:13:32,488 - INFO - 外层页面重试 1/4
2026-06-19 11:13:32,488 - INFO - 等待登录表单加载...
2026-06-19 11:13:32,494 - INFO - 登录表单已加载
2026-06-19 11:13:32,494 - INFO - 开始填写登录表单...
2026-06-19 11:13:32,561 - INFO - 用户名填写完成
2026-06-19 11:13:32,628 - INFO - 密码填写完成
2026-06-19 11:13:33,629 - INFO - 查找验证码图片...
2026-06-19 11:13:33,649 - INFO - 找到验证码图片，开始截图...
2026-06-19 11:13:33,705 - INFO - 验证码图片截取成功
2026-06-19 11:13:33,706 - INFO - 验证码图片已保存到 /home/runner/work/nju_electric_monitor/nju_electric_monitor/src/../data/captcha_debug.png
2026-06-19 11:13:33,706 - INFO - 验证码图片已保存到 /home/runner/work/nju_electric_monitor/nju_electric_monitor/src/../data/captcha_workflow/captcha_outer1.png
2026-06-19 11:13:33,706 - INFO - 验证码识别（同一图片）尝试 1/3，外层 1/4
2026-06-19 11:13:33,706 - INFO - 开始使用 ddddocr 识别验证码...
2026-06-19 11:13:33,716 - INFO - ddddocr 最终验证码识别结果: GHDP
2026-06-19 11:13:33,716 - INFO - 已将验证码图片重命名为: /home/runner/work/nju_electric_monitor/nju_electric_monitor/src/../data/captcha_workflow/GHDP.png
2026-06-19 11:13:33,716 - INFO - 查找验证码输入框...
2026-06-19 11:13:33,779 - INFO - 通过 XPath 找到 1 个验证码候选输入框，使用第一个。
2026-06-19 11:13:33,837 - INFO - 验证码填写完成
2026-06-19 11:13:34,837 - INFO - 验证码填写完成，点击登录按钮...
2026-06-19 11:13:34,838 - INFO - 查找并点击登录按钮...
2026-06-19 11:13:34,860 - INFO - 通过 ID=login_submit 找到登录按钮
2026-06-19 11:13:38,027 - INFO - 已点击登录按钮
2026-06-19 11:13:47,094 - INFO - 检测到英文验证码错误提示: 'Verification code error \n\t\t\t\t\t\tVerification code error'
2026-06-19 11:13:47,094 - WARNING - 检测到验证码错误提示，将重新加载页面获取新验证码
2026-06-19 11:13:47,094 - INFO - 本轮登录未成功，等待 5 秒后进行下一轮验证码重试...
2026-06-19 11:13:52,094 - INFO - 外层页面重试 2/4
2026-06-19 11:13:56,601 - INFO - 等待登录表单加载...
2026-06-19 11:13:56,607 - INFO - 登录表单已加载
2026-06-19 11:13:56,607 - INFO - 开始填写登录表单...
2026-06-19 11:13:56,675 - INFO - 用户名填写完成
2026-06-19 11:13:56,743 - INFO - 密码填写完成
2026-06-19 11:13:57,743 - INFO - 查找验证码图片...
2026-06-19 11:13:57,758 - INFO - 找到验证码图片，开始截图...
2026-06-19 11:13:57,801 - INFO - 验证码图片截取成功
2026-06-19 11:13:57,802 - INFO - 验证码图片已保存到 /home/runner/work/nju_electric_monitor/nju_electric_monitor/src/../data/captcha_debug.png
2026-06-19 11:13:57,802 - INFO - 验证码图片已保存到 /home/runner/work/nju_electric_monitor/nju_electric_monitor/src/../data/captcha_workflow/captcha_outer2.png
2026-06-19 11:13:57,802 - INFO - 验证码识别（同一图片）尝试 1/3，外层 2/4
2026-06-19 11:13:57,802 - INFO - 开始使用 ddddocr 识别验证码...
2026-06-19 11:13:57,816 - INFO - ddddocr 最终验证码识别结果: XYLL
2026-06-19 11:13:57,817 - INFO - 已将验证码图片重命名为: /home/runner/work/nju_electric_monitor/nju_electric_monitor/src/../data/captcha_workflow/XYLL.png
2026-06-19 11:13:57,817 - INFO - 查找验证码输入框...
2026-06-19 11:13:57,870 - INFO - 通过 XPath 找到 1 个验证码候选输入框，使用第一个。
2026-06-19 11:13:57,930 - INFO - 验证码填写完成
2026-06-19 11:13:58,931 - INFO - 验证码填写完成，点击登录按钮...
2026-06-19 11:13:58,931 - INFO - 查找并点击登录按钮...
2026-06-19 11:13:58,950 - INFO - 通过 ID=login_submit 找到登录按钮
2026-06-19 11:14:03,314 - INFO - 已点击登录按钮
2026-06-19 11:14:12,339 - INFO - 未检测到验证码错误提示，验证码可能通过
2026-06-19 11:14:12,339 - INFO - 等待登录成功...
2026-06-19 11:14:12,348 - INFO - 检测到已跳转到电费页面: https://epay.nju.edu.cn/epay/h5/nju/electric/index
2026-06-19 11:14:12,349 - INFO - 查找'去充值'按钮...
2026-06-19 11:14:12,372 - INFO - 通过文本包含 '去充值' 找到充值按钮
2026-06-19 11:14:13,972 - INFO - 已点击充值按钮
2026-06-19 11:14:16,972 - INFO - 开始提取剩余电量信息...
2026-06-19 11:14:16,989 - INFO - 找到电量信息元素（已省略具体文本以保护隐私）
2026-06-19 11:14:16,989 - WARNING - 未在元素中找到标准格式的电量信息
2026-06-19 11:14:17,003 - INFO - 找到 i 标签中的电量信息（已省略具体文本）
2026-06-19 11:14:17,003 - WARNING - i标签中未找到标准格式的电量信息
2026-06-19 11:14:17,003 - WARNING - 未找到i标签中的电量信息
2026-06-19 11:14:17,006 - INFO - 在页面源码中查找电量信息...
2026-06-19 11:14:17,006 - INFO - 从页面源码中提取到剩余电量: 8.7 度
2026-06-19 11:14:17,020 - INFO - 数据已保存: 8.7 度
2026-06-19 11:14:17,273 - INFO - 电量变化曲线图已保存到: /home/runner/work/nju_electric_monitor/nju_electric_monitor/src/../data/electricity_trend.png
2026-06-19 11:14:17,505 - INFO - 最近20次电量变化曲线图已保存到: /home/runner/work/nju_electric_monitor/nju_electric_monitor/src/../data/recent_20_changes.png
2026-06-19 11:14:17,507 - INFO - 已将最近20次电费曲线图以内嵌方式添加到邮件: /home/runner/work/nju_electric_monitor/nju_electric_monitor/src/../data/recent_20_changes.png
2026-06-19 11:14:20,503 - INFO - 电量低于阈值（8.70 度），已发送邮件提醒到: ['1615372377@qq.com']
2026-06-19 11:14:20,665 - INFO - 监控流程完成
