2025-12-07 13:22:01,548 - INFO - Matplotlib 字体设置：使用回退字体列表，首选可用字体: Noto Sans CJK JP
2025-12-07 13:22:03,045 - INFO - 使用 ChromeDriver: /usr/bin/chromedriver
2025-12-07 13:22:03,045 - WARNING - Using CPU. Note: This module is much faster with a GPU.
2025-12-07 13:22:04,698 - INFO - OCR识别器初始化成功
2025-12-07 13:22:04,698 - INFO - 开始南京大学电费监控流程（自动无头模式）
2025-12-07 13:22:04,698 - INFO - 正在打开页面: https://epay.nju.edu.cn/epay/h5/nju/electric/index
2025-12-07 13:22:17,472 - INFO - 等待登录表单加载...
2025-12-07 13:22:17,482 - INFO - 登录表单已加载
2025-12-07 13:22:17,482 - INFO - 开始填写登录表单...
2025-12-07 13:22:17,548 - INFO - 用户名填写完成
2025-12-07 13:22:17,619 - INFO - 密码填写完成
2025-12-07 13:22:17,619 - INFO - 检查是否有验证码...
2025-12-07 13:22:17,619 - INFO - 查找验证码图片...
2025-12-07 13:22:17,640 - INFO - 找到验证码图片，开始截图...
2025-12-07 13:22:17,695 - INFO - 验证码图片截取成功
2025-12-07 13:22:17,695 - INFO - 开始填写登录表单...
2025-12-07 13:22:17,762 - INFO - 用户名填写完成
2025-12-07 13:22:17,827 - INFO - 密码填写完成
2025-12-07 13:22:17,828 - INFO - 验证码图片已保存到 /home/runner/work/nju_electric_monitor/nju_electric_monitor/src/../data/captcha_debug.png
2025-12-07 13:22:17,828 - INFO - 验证码识别尝试 1/30
2025-12-07 13:22:17,828 - INFO - 开始识别验证码...（easyocr + pytesseract）
2025-12-07 13:22:17,958 - INFO - easyocr 结果: ['KeA8(1.00)']
2025-12-07 13:22:18,138 - INFO - tesseract 结果: KeAS
2025-12-07 13:22:18,204 - INFO - easyocr alt1 结果: ['KeA8(0.92)']
2025-12-07 13:22:18,297 - INFO - tesseract alt1 结果: KeAS
2025-12-07 13:22:18,358 - INFO - easyocr alt2 结果: ['KeA8(0.97)']
2025-12-07 13:22:18,455 - INFO - tesseract alt2 结果: KeAS
2025-12-07 13:22:18,625 - INFO - easyocr alt3 结果: ['KeAg(0.55)']
2025-12-07 13:22:18,735 - INFO - tesseract alt3 结果: KeAs
2025-12-07 13:22:18,796 - INFO - easyocr alt4 结果: ['KeA8(0.93)']
2025-12-07 13:22:18,895 - INFO - tesseract alt4 结果: reas
2025-12-07 13:22:18,963 - INFO - easyocr alt5 结果: ['KeA8(0.55)']
2025-12-07 13:22:19,062 - INFO - tesseract alt5 结果: reAS
2025-12-07 13:22:19,063 - INFO - 最终验证码识别结果: KeA8 (engine=easyocr, prob=0.9995361566543579)
2025-12-07 13:22:19,063 - INFO - 查找验证码输入框...
2025-12-07 13:22:19,125 - INFO - 验证码填写完成
2025-12-07 13:22:19,125 - INFO - 验证码填写完成，点击登录按钮...
2025-12-07 13:22:19,125 - INFO - 查找并点击登录按钮...
2025-12-07 13:22:23,427 - INFO - 已点击登录按钮
2025-12-07 13:22:30,438 - INFO - 未检测到无效验证码提示，验证码通过
2025-12-07 13:22:30,438 - INFO - 查找并点击登录按钮...
2025-12-07 13:22:30,443 - ERROR - 未找到登录按钮
2025-12-07 13:22:30,443 - ERROR - 点击登录按钮失败
2025-12-07 13:22:30,444 - INFO - 等待登录成功...
2025-12-07 13:22:35,448 - INFO - 登录可能成功，继续下一步...
2025-12-07 13:22:35,449 - INFO - 查找'去充值'按钮...
2025-12-07 13:22:37,223 - INFO - 已点击充值按钮
2025-12-07 13:22:40,223 - INFO - 开始提取剩余电量信息...
2025-12-07 13:22:40,227 - INFO - 页面源码已保存到 /home/runner/work/nju_electric_monitor/nju_electric_monitor/src/../data/debug_page_source.html
2025-12-07 13:22:40,246 - INFO - 找到电量信息元素: 持卡人姓名：***
2025-12-07 13:22:40,246 - WARNING - 未在元素中找到标准格式的电量信息
2025-12-07 13:22:40,259 - INFO - 找到i标签中的电量信息: ***
2025-12-07 13:22:40,259 - WARNING - i标签中未找到标准格式的电量信息
2025-12-07 13:22:40,260 - WARNING - 未找到i标签中的电量信息
2025-12-07 13:22:40,262 - INFO - 在页面源码中查找电量信息...
2025-12-07 13:22:40,263 - INFO - 从页面源码中提取到剩余电量: 324.73 度
2025-12-07 13:22:40,287 - INFO - 数据已保存: 324.73 度
2025-12-07 13:22:40,588 - INFO - 电量变化曲线图已保存到: /home/runner/work/nju_electric_monitor/nju_electric_monitor/src/../data/electricity_trend.png
2025-12-07 13:22:40,843 - INFO - 最近20次电量变化曲线图已保存到: /home/runner/work/nju_electric_monitor/nju_electric_monitor/src/../data/recent_20_changes.png
2025-12-07 13:22:40,843 - INFO - 监控流程完成
