2025-12-10 13:34:36,249 - INFO - Matplotlib 字体设置：使用回退字体列表，首选可用字体: Noto Sans CJK JP
2025-12-10 13:34:37,615 - INFO - 使用 ChromeDriver: /usr/bin/chromedriver
2025-12-10 13:34:37,616 - WARNING - Using CPU. Note: This module is much faster with a GPU.
2025-12-10 13:34:39,201 - INFO - OCR识别器初始化成功
2025-12-10 13:34:39,201 - INFO - 开始南京大学电费监控流程（自动无头模式）
2025-12-10 13:34:39,202 - INFO - 正在打开页面: https://epay.nju.edu.cn/epay/h5/nju/electric/index
2025-12-10 13:34:52,116 - INFO - 等待登录表单加载...
2025-12-10 13:34:52,126 - INFO - 登录表单已加载
2025-12-10 13:34:52,126 - INFO - 开始填写登录表单...
2025-12-10 13:34:52,192 - INFO - 用户名填写完成
2025-12-10 13:34:52,263 - INFO - 密码填写完成
2025-12-10 13:34:52,263 - INFO - 检查是否有验证码...
2025-12-10 13:34:52,263 - INFO - 查找验证码图片...
2025-12-10 13:34:52,284 - INFO - 找到验证码图片，开始截图...
2025-12-10 13:34:52,334 - INFO - 验证码图片截取成功
2025-12-10 13:34:52,334 - INFO - 开始填写登录表单...
2025-12-10 13:34:52,404 - INFO - 用户名填写完成
2025-12-10 13:34:52,470 - INFO - 密码填写完成
2025-12-10 13:34:52,471 - INFO - 验证码图片已保存到 /home/runner/work/nju_electric_monitor/nju_electric_monitor/src/../data/captcha_debug.png
2025-12-10 13:34:52,472 - INFO - 验证码识别尝试 1/30
2025-12-10 13:34:52,472 - INFO - 开始识别验证码...（easyocr + pytesseract）
2025-12-10 13:34:52,612 - INFO - easyocr 结果: ['bN58(0.99)']
2025-12-10 13:34:52,792 - INFO - tesseract 结果: bN58
2025-12-10 13:34:52,860 - INFO - easyocr alt1 结果: ['6N58(0.81)']
2025-12-10 13:34:52,959 - INFO - tesseract alt1 结果: bNSS
2025-12-10 13:34:53,019 - INFO - easyocr alt2 结果: ['6N58(0.70)']
2025-12-10 13:34:53,119 - INFO - tesseract alt2 结果: bNSS
2025-12-10 13:34:53,281 - INFO - easyocr alt3 结果: ['6N158(0.34)']
2025-12-10 13:34:53,398 - INFO - tesseract alt3 结果: bNSS
2025-12-10 13:34:53,460 - INFO - easyocr alt4 结果: ['6N58(0.70)']
2025-12-10 13:34:53,560 - INFO - tesseract alt4 结果: BNSS
2025-12-10 13:34:53,620 - INFO - easyocr alt5 结果: ['6N58(0.35)']
2025-12-10 13:34:53,711 - INFO - tesseract alt5 结果: 
2025-12-10 13:34:53,711 - INFO - 最终验证码识别结果: bN58 (engine=easyocr, prob=0.9881447553634644)
2025-12-10 13:34:53,712 - INFO - 查找验证码输入框...
2025-12-10 13:34:53,773 - INFO - 验证码填写完成
2025-12-10 13:34:53,773 - INFO - 验证码填写完成，点击登录按钮...
2025-12-10 13:34:53,773 - INFO - 查找并点击登录按钮...
2025-12-10 13:35:01,580 - INFO - 已点击登录按钮
2025-12-10 13:35:08,591 - INFO - 未检测到无效验证码提示，验证码通过
2025-12-10 13:35:08,591 - INFO - 查找并点击登录按钮...
2025-12-10 13:35:08,596 - ERROR - 未找到登录按钮
2025-12-10 13:35:08,596 - ERROR - 点击登录按钮失败
2025-12-10 13:35:08,596 - INFO - 等待登录成功...
2025-12-10 13:35:13,602 - INFO - 登录可能成功，继续下一步...
2025-12-10 13:35:13,602 - INFO - 查找'去充值'按钮...
2025-12-10 13:35:15,399 - INFO - 已点击充值按钮
2025-12-10 13:35:18,399 - INFO - 开始提取剩余电量信息...
2025-12-10 13:35:18,403 - INFO - 页面源码已保存到 /home/runner/work/nju_electric_monitor/nju_electric_monitor/src/../data/debug_page_source.html
2025-12-10 13:35:18,422 - INFO - 找到电量信息元素: 持卡人姓名：***
2025-12-10 13:35:18,422 - WARNING - 未在元素中找到标准格式的电量信息
2025-12-10 13:35:18,435 - INFO - 找到i标签中的电量信息: 吴相民
2025-12-10 13:35:18,435 - WARNING - i标签中未找到标准格式的电量信息
2025-12-10 13:35:18,435 - WARNING - 未找到i标签中的电量信息
2025-12-10 13:35:18,438 - INFO - 在页面源码中查找电量信息...
2025-12-10 13:35:18,438 - INFO - 从页面源码中提取到剩余电量: 309.64 度
2025-12-10 13:35:18,462 - INFO - 数据已保存: 309.64 度
2025-12-10 13:35:18,773 - INFO - 电量变化曲线图已保存到: /home/runner/work/nju_electric_monitor/nju_electric_monitor/src/../data/electricity_trend.png
2025-12-10 13:35:19,044 - INFO - 最近20次电量变化曲线图已保存到: /home/runner/work/nju_electric_monitor/nju_electric_monitor/src/../data/recent_20_changes.png
2025-12-10 13:35:19,044 - INFO - 监控流程完成
