2026-01-27 03:04:38,985 - INFO - Matplotlib 字体设置：使用回退字体列表，首选可用字体: Noto Sans CJK JP
2026-01-27 03:04:40,374 - INFO - 使用 ChromeDriver: /usr/bin/chromedriver
2026-01-27 03:04:40,374 - WARNING - Using CPU. Note: This module is much faster with a GPU.
2026-01-27 03:04:41,903 - INFO - OCR识别器初始化成功
2026-01-27 03:04:41,903 - INFO - 开始南京大学电费监控流程（自动无头模式）
2026-01-27 03:04:41,903 - INFO - 正在打开页面: https://epay.nju.edu.cn/epay/h5/nju/electric/index
2026-01-27 03:04:52,530 - INFO - 等待登录表单加载...
2026-01-27 03:04:52,540 - INFO - 登录表单已加载
2026-01-27 03:04:52,540 - INFO - 开始填写登录表单...
2026-01-27 03:04:52,611 - INFO - 用户名填写完成
2026-01-27 03:04:52,684 - INFO - 密码填写完成
2026-01-27 03:04:52,684 - INFO - 检查是否有验证码...
2026-01-27 03:04:52,684 - INFO - 查找验证码图片...
2026-01-27 03:04:52,708 - INFO - 找到验证码图片，开始截图...
2026-01-27 03:04:52,765 - INFO - 验证码图片截取成功
2026-01-27 03:04:52,765 - INFO - 开始填写登录表单...
2026-01-27 03:04:52,835 - INFO - 用户名填写完成
2026-01-27 03:04:52,903 - INFO - 密码填写完成
2026-01-27 03:04:52,904 - INFO - 验证码图片已保存到 /home/runner/work/nju_electric_monitor/nju_electric_monitor/src/../data/captcha_debug.png
2026-01-27 03:04:52,904 - INFO - 验证码识别尝试 1/30
2026-01-27 03:04:52,904 - INFO - 开始识别验证码...（easyocr + pytesseract）
2026-01-27 03:04:53,055 - INFO - easyocr 结果: ['KC27(0.65)']
2026-01-27 03:04:53,646 - INFO - tesseract 结果: kc27
2026-01-27 03:04:53,719 - INFO - easyocr alt1 结果: ['Kc2(0.61)']
2026-01-27 03:04:53,822 - INFO - tesseract alt1 结果: Ke27
2026-01-27 03:04:53,896 - INFO - easyocr alt2 结果: ['KC27(0.74)']
2026-01-27 03:04:53,995 - INFO - tesseract alt2 结果: Ke27
2026-01-27 03:04:54,165 - INFO - easyocr alt3 结果: ['KC27(0.54)']
2026-01-27 03:04:54,281 - INFO - tesseract alt3 结果: ke27
2026-01-27 03:04:54,340 - INFO - easyocr alt4 结果: ['KC27(0.86)']
2026-01-27 03:04:54,443 - INFO - tesseract alt4 结果: keer
2026-01-27 03:04:54,506 - INFO - easyocr alt5 结果: ['KC27(0.84)']
2026-01-27 03:04:54,608 - INFO - tesseract alt5 结果: ke27
2026-01-27 03:04:54,608 - INFO - 最终验证码识别结果: KC27 (engine=easyocr_alt4, prob=0.8565544324403723)
2026-01-27 03:04:54,608 - INFO - 查找验证码输入框...
2026-01-27 03:04:54,675 - INFO - 验证码填写完成
2026-01-27 03:04:54,675 - INFO - 验证码填写完成，点击登录按钮...
2026-01-27 03:04:54,675 - INFO - 查找并点击登录按钮...
2026-01-27 03:04:59,031 - INFO - 已点击登录按钮
2026-01-27 03:05:06,043 - INFO - 未检测到无效验证码提示，验证码通过
2026-01-27 03:05:06,043 - INFO - 查找并点击登录按钮...
2026-01-27 03:05:06,049 - ERROR - 未找到登录按钮
2026-01-27 03:05:06,049 - ERROR - 点击登录按钮失败
2026-01-27 03:05:06,049 - INFO - 等待登录成功...
2026-01-27 03:05:11,054 - INFO - 登录可能成功，继续下一步...
2026-01-27 03:05:11,054 - INFO - 查找'去充值'按钮...
2026-01-27 03:05:12,837 - INFO - 已点击充值按钮
2026-01-27 03:05:15,837 - INFO - 开始提取剩余电量信息...
2026-01-27 03:05:15,841 - INFO - 页面源码已保存到 /home/runner/work/nju_electric_monitor/nju_electric_monitor/src/../data/debug_page_source.html
2026-01-27 03:05:15,861 - INFO - 找到电量信息元素: 持卡人姓名：***
2026-01-27 03:05:15,861 - WARNING - 未在元素中找到标准格式的电量信息
2026-01-27 03:05:15,875 - INFO - 找到i标签中的电量信息: ***
2026-01-27 03:05:15,875 - WARNING - i标签中未找到标准格式的电量信息
2026-01-27 03:05:15,875 - WARNING - 未找到i标签中的电量信息
2026-01-27 03:05:15,878 - INFO - 在页面源码中查找电量信息...
2026-01-27 03:05:15,878 - INFO - 从页面源码中提取到剩余电量: 61.03 度
2026-01-27 03:05:15,907 - INFO - 数据已保存: 61.03 度
2026-01-27 03:05:16,202 - INFO - 电量变化曲线图已保存到: /home/runner/work/nju_electric_monitor/nju_electric_monitor/src/../data/electricity_trend.png
2026-01-27 03:05:16,492 - INFO - 最近20次电量变化曲线图已保存到: /home/runner/work/nju_electric_monitor/nju_electric_monitor/src/../data/recent_20_changes.png
2026-01-27 03:05:16,492 - INFO - 监控流程完成
