2026-06-17 11:27:59,290 - INFO - Matplotlib 字体设置：使用回退字体列表，首选可用字体: Noto Sans CJK SC
2026-06-17 11:28:01,055 - INFO - 使用指定 ChromeDriver: /usr/bin/chromedriver
2026-06-17 11:28:01,134 - INFO - ddddocr 识别器初始化成功
2026-06-17 11:28:01,134 - INFO - 开始南京大学电费监控流程（自动无头模式）
2026-06-17 11:28:01,135 - INFO - 已初始化并清空验证码图片目录: /home/runner/work/nju_electric_monitor/nju_electric_monitor/src/../data/captcha_workflow
2026-06-17 11:28:01,135 - INFO - 正在打开页面: https://epay.nju.edu.cn/epay/h5/nju/electric/index
2026-06-17 11:28:13,320 - INFO - 等待登录表单加载...
2026-06-17 11:28:13,331 - INFO - 登录表单已加载
2026-06-17 11:28:13,331 - INFO - 开始填写登录表单...
2026-06-17 11:28:13,422 - INFO - 用户名填写完成
2026-06-17 11:28:13,494 - INFO - 密码填写完成
2026-06-17 11:28:13,494 - INFO - 开始处理验证码（两层嵌套重试）...
2026-06-17 11:28:13,494 - INFO - 外层页面重试 1/4
2026-06-17 11:28:13,494 - INFO - 等待登录表单加载...
2026-06-17 11:28:13,501 - INFO - 登录表单已加载
2026-06-17 11:28:13,501 - INFO - 开始填写登录表单...
2026-06-17 11:28:13,568 - INFO - 用户名填写完成
2026-06-17 11:28:13,634 - INFO - 密码填写完成
2026-06-17 11:28:14,634 - INFO - 查找验证码图片...
2026-06-17 11:28:14,656 - INFO - 找到验证码图片，开始截图...
2026-06-17 11:28:14,717 - INFO - 验证码图片截取成功
2026-06-17 11:28:14,718 - INFO - 验证码图片已保存到 /home/runner/work/nju_electric_monitor/nju_electric_monitor/src/../data/captcha_debug.png
2026-06-17 11:28:14,718 - INFO - 验证码图片已保存到 /home/runner/work/nju_electric_monitor/nju_electric_monitor/src/../data/captcha_workflow/captcha_outer1.png
2026-06-17 11:28:14,718 - INFO - 验证码识别（同一图片）尝试 1/3，外层 1/4
2026-06-17 11:28:14,718 - INFO - 开始使用 ddddocr 识别验证码...
2026-06-17 11:28:14,735 - INFO - ddddocr 最终验证码识别结果: YFEB
2026-06-17 11:28:14,736 - INFO - 已将验证码图片重命名为: /home/runner/work/nju_electric_monitor/nju_electric_monitor/src/../data/captcha_workflow/YFEB.png
2026-06-17 11:28:14,736 - INFO - 查找验证码输入框...
2026-06-17 11:28:14,794 - INFO - 通过 XPath 找到 1 个验证码候选输入框，使用第一个。
2026-06-17 11:28:14,851 - INFO - 验证码填写完成
2026-06-17 11:28:15,851 - INFO - 验证码填写完成，点击登录按钮...
2026-06-17 11:28:15,851 - INFO - 查找并点击登录按钮...
2026-06-17 11:28:15,873 - INFO - 通过 ID=login_submit 找到登录按钮
2026-06-17 11:28:20,040 - INFO - 已点击登录按钮
2026-06-17 11:28:29,109 - INFO - 检测到英文验证码错误提示: 'Verification code error \n\t\t\t\t\t\tVerification code error'
2026-06-17 11:28:29,109 - WARNING - 检测到验证码错误提示，将重新加载页面获取新验证码
2026-06-17 11:28:29,109 - INFO - 本轮登录未成功，等待 5 秒后进行下一轮验证码重试...
2026-06-17 11:28:34,109 - INFO - 外层页面重试 2/4
2026-06-17 11:28:40,213 - INFO - 等待登录表单加载...
2026-06-17 11:28:40,219 - INFO - 登录表单已加载
2026-06-17 11:28:40,220 - INFO - 开始填写登录表单...
2026-06-17 11:28:40,285 - INFO - 用户名填写完成
2026-06-17 11:28:40,352 - INFO - 密码填写完成
2026-06-17 11:28:41,352 - INFO - 查找验证码图片...
2026-06-17 11:28:41,367 - INFO - 找到验证码图片，开始截图...
2026-06-17 11:28:41,429 - INFO - 验证码图片截取成功
2026-06-17 11:28:41,430 - INFO - 验证码图片已保存到 /home/runner/work/nju_electric_monitor/nju_electric_monitor/src/../data/captcha_debug.png
2026-06-17 11:28:41,430 - INFO - 验证码图片已保存到 /home/runner/work/nju_electric_monitor/nju_electric_monitor/src/../data/captcha_workflow/captcha_outer2.png
2026-06-17 11:28:41,430 - INFO - 验证码识别（同一图片）尝试 1/3，外层 2/4
2026-06-17 11:28:41,430 - INFO - 开始使用 ddddocr 识别验证码...
2026-06-17 11:28:41,439 - INFO - ddddocr 最终验证码识别结果: 6ECR
2026-06-17 11:28:41,439 - INFO - 已将验证码图片重命名为: /home/runner/work/nju_electric_monitor/nju_electric_monitor/src/../data/captcha_workflow/6ECR.png
2026-06-17 11:28:41,439 - INFO - 查找验证码输入框...
2026-06-17 11:28:41,498 - INFO - 通过 XPath 找到 1 个验证码候选输入框，使用第一个。
2026-06-17 11:28:41,556 - INFO - 验证码填写完成
2026-06-17 11:28:42,556 - INFO - 验证码填写完成，点击登录按钮...
2026-06-17 11:28:42,556 - INFO - 查找并点击登录按钮...
2026-06-17 11:28:42,575 - INFO - 通过 ID=login_submit 找到登录按钮
2026-06-17 11:28:46,680 - INFO - 已点击登录按钮
2026-06-17 11:28:55,706 - INFO - 未检测到验证码错误提示，验证码可能通过
2026-06-17 11:28:55,706 - INFO - 等待登录成功...
2026-06-17 11:28:55,716 - INFO - 检测到已跳转到电费页面: https://epay.nju.edu.cn/epay/h5/nju/electric/index
2026-06-17 11:28:55,717 - INFO - 查找'去充值'按钮...
2026-06-17 11:28:55,739 - INFO - 通过文本包含 '去充值' 找到充值按钮
2026-06-17 11:28:58,308 - INFO - 已点击充值按钮
2026-06-17 11:29:01,308 - INFO - 开始提取剩余电量信息...
2026-06-17 11:29:01,325 - INFO - 找到电量信息元素（已省略具体文本以保护隐私）
2026-06-17 11:29:01,325 - WARNING - 未在元素中找到标准格式的电量信息
2026-06-17 11:29:01,339 - INFO - 找到 i 标签中的电量信息（已省略具体文本）
2026-06-17 11:29:01,339 - WARNING - i标签中未找到标准格式的电量信息
2026-06-17 11:29:01,339 - WARNING - 未找到i标签中的电量信息
2026-06-17 11:29:01,342 - INFO - 在页面源码中查找电量信息...
2026-06-17 11:29:01,342 - INFO - 从页面源码中提取到剩余电量: 17.91 度
2026-06-17 11:29:01,356 - INFO - 数据已保存: 17.91 度
2026-06-17 11:29:01,613 - INFO - 电量变化曲线图已保存到: /home/runner/work/nju_electric_monitor/nju_electric_monitor/src/../data/electricity_trend.png
2026-06-17 11:29:01,841 - INFO - 最近20次电量变化曲线图已保存到: /home/runner/work/nju_electric_monitor/nju_electric_monitor/src/../data/recent_20_changes.png
2026-06-17 11:29:01,842 - INFO - 已将最近20次电费曲线图以内嵌方式添加到邮件: /home/runner/work/nju_electric_monitor/nju_electric_monitor/src/../data/recent_20_changes.png
2026-06-17 11:29:05,320 - INFO - 电量低于阈值（17.91 度），已发送邮件提醒到: ['1615372377@qq.com']
2026-06-17 11:29:05,485 - INFO - 监控流程完成
