2025-11-30 09:03:00,813 - INFO - 使用本地ChromeDriver: D:\Documents\Github\nju_electric_monitor\src\..\chromedriver-win64\chromedriver.exe
2025-11-30 09:03:00,814 - WARNING - Using CPU. Note: This module is much faster with a GPU.
2025-11-30 09:03:02,591 - INFO - OCR识别器初始化成功
2025-11-30 09:03:02,591 - INFO - 开始南京大学电费监控流程（自动无头模式）
2025-11-30 09:03:02,610 - INFO - 已获取登录凭据
2025-11-30 09:03:02,610 - INFO - 正在打开页面: https://epay.nju.edu.cn/epay/h5/nju/electric/index
2025-11-30 09:03:05,863 - INFO - 等待登录表单加载...
2025-11-30 09:03:05,882 - INFO - 登录表单已加载
2025-11-30 09:03:05,882 - INFO - 开始填写登录表单...
2025-11-30 09:03:05,932 - INFO - 用户名填写完成
2025-11-30 09:03:05,964 - INFO - 密码填写完成
2025-11-30 09:03:05,964 - INFO - 检查是否有验证码...
2025-11-30 09:03:05,970 - INFO - 查找验证码图片...
2025-11-30 09:03:05,981 - INFO - 找到验证码图片，开始截图...
2025-11-30 09:03:06,038 - INFO - 验证码图片截取成功
2025-11-30 09:03:06,038 - INFO - 开始填写登录表单...
2025-11-30 09:03:06,091 - INFO - 用户名填写完成
2025-11-30 09:03:06,121 - INFO - 密码填写完成
2025-11-30 09:03:06,123 - INFO - 验证码图片已保存到 D:\Documents\Github\nju_electric_monitor\src\..\data\captcha_debug.png
2025-11-30 09:03:06,123 - INFO - 验证码识别尝试 1/12
2025-11-30 09:03:06,123 - INFO - 开始识别验证码...
2025-11-30 09:03:06,305 - INFO - 验证码识别结果: k82p
2025-11-30 09:03:06,305 - INFO - 查找验证码输入框...
2025-11-30 09:03:06,351 - INFO - 验证码填写完成
2025-11-30 09:03:06,351 - INFO - 验证码填写完成，点击登录按钮...
2025-11-30 09:03:06,352 - INFO - 查找并点击登录按钮...
2025-11-30 09:03:06,389 - INFO - 已点击登录按钮
2025-11-30 09:03:13,420 - INFO - 未检测到无效验证码提示，验证码通过
2025-11-30 09:03:13,420 - INFO - 查找并点击登录按钮...
2025-11-30 09:03:13,435 - ERROR - 未找到登录按钮
2025-11-30 09:03:13,436 - ERROR - 点击登录按钮失败
2025-11-30 09:03:13,436 - INFO - 等待登录成功...
2025-11-30 09:03:18,439 - INFO - 登录可能成功，继续下一步...
2025-11-30 09:03:18,440 - INFO - 查找'去充值'按钮...
2025-11-30 09:03:19,025 - INFO - 已点击充值按钮
2025-11-30 09:03:22,026 - INFO - 开始提取剩余电量信息...
2025-11-30 09:03:22,032 - INFO - 页面源码已保存到 D:\Documents\Github\nju_electric_monitor\src\..\data\debug_page_source.html
2025-11-30 09:03:22,047 - INFO - 找到电量信息元素: 持卡人姓名：***
2025-11-30 09:03:22,047 - WARNING - 未在元素中找到标准格式的电量信息
2025-11-30 09:03:22,057 - INFO - 找到i标签中的电量信息: 吴相民
2025-11-30 09:03:22,068 - WARNING - i标签中未找到标准格式的电量信息
2025-11-30 09:03:22,068 - WARNING - 未找到i标签中的电量信息
2025-11-30 09:03:22,069 - INFO - 在页面源码中查找电量信息...
2025-11-30 09:03:22,070 - INFO - 从页面源码中提取到剩余电量: 367.75 度
2025-11-30 09:03:22,072 - INFO - 数据已保存: 367.75 度
2025-11-30 09:03:22,394 - INFO - 电量变化曲线图已保存到: D:\Documents\Github\nju_electric_monitor\src\..\data\electricity_trend.png
2025-11-30 09:03:22,534 - INFO - 最近20次电量变化曲线图已保存到: D:\Documents\Github\nju_electric_monitor\src\..\data\recent_20_changes.png
2025-11-30 09:03:22,534 - INFO - 监控流程完成
2025-11-30 09:04:05,787 - INFO - 使用 ChromeDriver: /usr/bin/chromedriver
2025-11-30 09:04:05,788 - WARNING - Using CPU. Note: This module is much faster with a GPU.
2025-11-30 09:04:07,404 - INFO - OCR识别器初始化成功
2025-11-30 09:04:07,404 - INFO - 开始南京大学电费监控流程（自动无头模式）
2025-11-30 09:04:07,404 - INFO - 正在打开页面: https://epay.nju.edu.cn/epay/h5/nju/electric/index
2025-11-30 09:04:18,660 - INFO - 等待登录表单加载...
2025-11-30 09:04:18,670 - INFO - 登录表单已加载
2025-11-30 09:04:18,670 - INFO - 开始填写登录表单...
2025-11-30 09:04:18,734 - INFO - 用户名填写完成
2025-11-30 09:04:18,802 - INFO - 密码填写完成
2025-11-30 09:04:18,803 - INFO - 检查是否有验证码...
2025-11-30 09:04:18,803 - INFO - 查找验证码图片...
2025-11-30 09:04:18,822 - INFO - 找到验证码图片，开始截图...
2025-11-30 09:04:18,882 - INFO - 验证码图片截取成功
2025-11-30 09:04:18,882 - INFO - 开始填写登录表单...
2025-11-30 09:04:18,946 - INFO - 用户名填写完成
2025-11-30 09:04:19,007 - INFO - 密码填写完成
2025-11-30 09:04:19,008 - INFO - 验证码图片已保存到 /home/runner/work/nju_electric_monitor/nju_electric_monitor/src/../data/captcha_debug.png
2025-11-30 09:04:19,008 - INFO - 验证码识别尝试 1/50
2025-11-30 09:04:19,008 - INFO - 开始识别验证码...
2025-11-30 09:04:19,139 - INFO - 验证码识别结果: 8CC8
2025-11-30 09:04:19,139 - INFO - 查找验证码输入框...
2025-11-30 09:04:19,198 - INFO - 验证码填写完成
2025-11-30 09:04:19,198 - INFO - 验证码填写完成，点击登录按钮...
2025-11-30 09:04:19,198 - INFO - 查找并点击登录按钮...
2025-11-30 09:04:22,915 - INFO - 已点击登录按钮
2025-11-30 09:04:29,926 - INFO - 未检测到无效验证码提示，验证码通过
2025-11-30 09:04:29,926 - INFO - 查找并点击登录按钮...
2025-11-30 09:04:29,931 - ERROR - 未找到登录按钮
2025-11-30 09:04:29,931 - ERROR - 点击登录按钮失败
2025-11-30 09:04:29,931 - INFO - 等待登录成功...
2025-11-30 09:04:34,936 - INFO - 登录可能成功，继续下一步...
2025-11-30 09:04:34,936 - INFO - 查找'去充值'按钮...
2025-11-30 09:04:36,603 - INFO - 已点击充值按钮
2025-11-30 09:04:39,603 - INFO - 开始提取剩余电量信息...
2025-11-30 09:04:39,607 - INFO - 页面源码已保存到 /home/runner/work/nju_electric_monitor/nju_electric_monitor/src/../data/debug_page_source.html
2025-11-30 09:04:39,625 - INFO - 找到电量信息元素: 持卡人姓名：***
2025-11-30 09:04:39,625 - WARNING - 未在元素中找到标准格式的电量信息
2025-11-30 09:04:39,638 - INFO - 找到i标签中的电量信息: 吴相民
2025-11-30 09:04:39,638 - WARNING - i标签中未找到标准格式的电量信息
2025-11-30 09:04:39,638 - WARNING - 未找到i标签中的电量信息
2025-11-30 09:04:39,640 - INFO - 在页面源码中查找电量信息...
2025-11-30 09:04:39,641 - INFO - 从页面源码中提取到剩余电量: 365.77 度
2025-11-30 09:04:39,643 - INFO - 数据已保存: 365.77 度
2025-11-30 09:04:39,671 - WARNING - findfont: Generic family 'sans-serif' not found because none of the following families were found: Microsoft YaHei, Segoe UI, Arial Unicode MS
2025-11-30 09:04:39,673 - WARNING - findfont: Generic family 'sans-serif' not found because none of the following families were found: Microsoft YaHei, Segoe UI, Arial Unicode MS
2025-11-30 09:04:39,674 - WARNING - findfont: Generic family 'sans-serif' not found because none of the following families were found: Microsoft YaHei, Segoe UI, Arial Unicode MS
2025-11-30 09:04:39,675 - WARNING - findfont: Generic family 'sans-serif' not found because none of the following families were found: Microsoft YaHei, Segoe UI, Arial Unicode MS
2025-11-30 09:04:39,675 - WARNING - findfont: Generic family 'sans-serif' not found because none of the following families were found: Microsoft YaHei, Segoe UI, Arial Unicode MS
2025-11-30 09:04:39,676 - WARNING - findfont: Generic family 'sans-serif' not found because none of the following families were found: Microsoft YaHei, Segoe UI, Arial Unicode MS
2025-11-30 09:04:39,677 - WARNING - findfont: Generic family 'sans-serif' not found because none of the following families were found: Microsoft YaHei, Segoe UI, Arial Unicode MS
2025-11-30 09:04:39,677 - WARNING - findfont: Generic family 'sans-serif' not found because none of the following families were found: Microsoft YaHei, Segoe UI, Arial Unicode MS
2025-11-30 09:04:39,682 - WARNING - findfont: Font family 'Microsoft YaHei' not found.
2025-11-30 09:04:39,683 - WARNING - findfont: Font family 'Microsoft YaHei' not found.
2025-11-30 09:04:39,691 - WARNING - findfont: Generic family 'sans-serif' not found because none of the following families were found: Microsoft YaHei, Segoe UI, Arial Unicode MS
2025-11-30 09:04:39,691 - WARNING - findfont: Generic family 'sans-serif' not found because none of the following families were found: Microsoft YaHei, Segoe UI, Arial Unicode MS
2025-11-30 09:04:39,692 - WARNING - findfont: Generic family 'sans-serif' not found because none of the following families were found: Microsoft YaHei, Segoe UI, Arial Unicode MS
2025-11-30 09:04:39,692 - WARNING - findfont: Generic family 'sans-serif' not found because none of the following families were found: Microsoft YaHei, Segoe UI, Arial Unicode MS
2025-11-30 09:04:39,692 - WARNING - findfont: Generic family 'sans-serif' not found because none of the following families were found: Microsoft YaHei, Segoe UI, Arial Unicode MS
2025-11-30 09:04:39,693 - WARNING - findfont: Generic family 'sans-serif' not found because none of the following families were found: Microsoft YaHei, Segoe UI, Arial Unicode MS
2025-11-30 09:04:39,693 - WARNING - findfont: Generic family 'sans-serif' not found because none of the following families were found: Microsoft YaHei, Segoe UI, Arial Unicode MS
2025-11-30 09:04:39,693 - WARNING - findfont: Generic family 'sans-serif' not found because none of the following families were found: Microsoft YaHei, Segoe UI, Arial Unicode MS
2025-11-30 09:04:39,694 - WARNING - findfont: Generic family 'sans-serif' not found because none of the following families were found: Microsoft YaHei, Segoe UI, Arial Unicode MS
2025-11-30 09:04:39,696 - WARNING - findfont: Font family 'Microsoft YaHei' not found.
2025-11-30 09:04:39,701 - WARNING - findfont: Font family 'Microsoft YaHei' not found.
2025-11-30 09:04:39,703 - WARNING - findfont: Font family 'Microsoft YaHei' not found.
2025-11-30 09:04:39,773 - WARNING - findfont: Generic family 'sans-serif' not found because none of the following families were found: Microsoft YaHei, Segoe UI, Arial Unicode MS
2025-11-30 09:04:39,773 - WARNING - findfont: Generic family 'sans-serif' not found because none of the following families were found: Microsoft YaHei, Segoe UI, Arial Unicode MS
2025-11-30 09:04:39,773 - WARNING - findfont: Generic family 'sans-serif' not found because none of the following families were found: Microsoft YaHei, Segoe UI, Arial Unicode MS
2025-11-30 09:04:39,774 - WARNING - findfont: Generic family 'sans-serif' not found because none of the following families were found: Microsoft YaHei, Segoe UI, Arial Unicode MS
2025-11-30 09:04:39,774 - WARNING - findfont: Generic family 'sans-serif' not found because none of the following families were found: Microsoft YaHei, Segoe UI, Arial Unicode MS
2025-11-30 09:04:39,774 - WARNING - findfont: Generic family 'sans-serif' not found because none of the following families were found: Microsoft YaHei, Segoe UI, Arial Unicode MS
2025-11-30 09:04:39,775 - WARNING - findfont: Generic family 'sans-serif' not found because none of the following families were found: Microsoft YaHei, Segoe UI, Arial Unicode MS
2025-11-30 09:04:39,775 - WARNING - findfont: Generic family 'sans-serif' not found because none of the following families were found: Microsoft YaHei, Segoe UI, Arial Unicode MS
2025-11-30 09:04:39,775 - WARNING - findfont: Generic family 'sans-serif' not found because none of the following families were found: Microsoft YaHei, Segoe UI, Arial Unicode MS
2025-11-30 09:04:39,776 - WARNING - findfont: Generic family 'sans-serif' not found because none of the following families were found: Microsoft YaHei, Segoe UI, Arial Unicode MS
2025-11-30 09:04:39,778 - WARNING - findfont: Font family 'Microsoft YaHei' not found.
2025-11-30 09:04:39,778 - WARNING - findfont: Font family 'Microsoft YaHei' not found.
2025-11-30 09:04:39,779 - WARNING - findfont: Font family 'Microsoft YaHei' not found.
2025-11-30 09:04:39,779 - WARNING - findfont: Font family 'Microsoft YaHei' not found.
2025-11-30 09:04:39,782 - WARNING - findfont: Generic family 'sans-serif' not found because none of the following families were found: Microsoft YaHei, Segoe UI, Arial Unicode MS
2025-11-30 09:04:39,783 - WARNING - findfont: Generic family 'sans-serif' not found because none of the following families were found: Microsoft YaHei, Segoe UI, Arial Unicode MS
2025-11-30 09:04:39,784 - WARNING - findfont: Generic family 'sans-serif' not found because none of the following families were found: Microsoft YaHei, Segoe UI, Arial Unicode MS
2025-11-30 09:04:39,784 - WARNING - findfont: Generic family 'sans-serif' not found because none of the following families were found: Microsoft YaHei, Segoe UI, Arial Unicode MS
2025-11-30 09:04:39,785 - WARNING - findfont: Generic family 'sans-serif' not found because none of the following families were found: Microsoft YaHei, Segoe UI, Arial Unicode MS
2025-11-30 09:04:39,786 - WARNING - findfont: Generic family 'sans-serif' not found because none of the following families were found: Microsoft YaHei, Segoe UI, Arial Unicode MS
2025-11-30 09:04:39,786 - WARNING - findfont: Generic family 'sans-serif' not found because none of the following families were found: Microsoft YaHei, Segoe UI, Arial Unicode MS
2025-11-30 09:04:39,787 - WARNING - findfont: Generic family 'sans-serif' not found because none of the following families were found: Microsoft YaHei, Segoe UI, Arial Unicode MS
2025-11-30 09:04:39,789 - WARNING - findfont: Generic family 'sans-serif' not found because none of the following families were found: Microsoft YaHei, Segoe UI, Arial Unicode MS
2025-11-30 09:04:39,790 - WARNING - findfont: Generic family 'sans-serif' not found because none of the following families were found: Microsoft YaHei, Segoe UI, Arial Unicode MS
2025-11-30 09:04:39,792 - WARNING - findfont: Generic family 'sans-serif' not found because none of the following families were found: Microsoft YaHei, Segoe UI, Arial Unicode MS
2025-11-30 09:04:39,793 - WARNING - findfont: Generic family 'sans-serif' not found because none of the following families were found: Microsoft YaHei, Segoe UI, Arial Unicode MS
2025-11-30 09:04:39,794 - WARNING - findfont: Generic family 'sans-serif' not found because none of the following families were found: Microsoft YaHei, Segoe UI, Arial Unicode MS
2025-11-30 09:04:39,796 - WARNING - findfont: Generic family 'sans-serif' not found because none of the following families were found: Microsoft YaHei, Segoe UI, Arial Unicode MS
2025-11-30 09:04:39,802 - WARNING - findfont: Font family 'Microsoft YaHei' not found.
2025-11-30 09:04:39,802 - WARNING - findfont: Font family 'Microsoft YaHei' not found.
2025-11-30 09:04:39,805 - WARNING - findfont: Generic family 'sans-serif' not found because none of the following families were found: Microsoft YaHei, Segoe UI, Arial Unicode MS
2025-11-30 09:04:39,805 - WARNING - findfont: Generic family 'sans-serif' not found because none of the following families were found: Microsoft YaHei, Segoe UI, Arial Unicode MS
2025-11-30 09:04:39,806 - WARNING - findfont: Generic family 'sans-serif' not found because none of the following families were found: Microsoft YaHei, Segoe UI, Arial Unicode MS
2025-11-30 09:04:39,807 - WARNING - findfont: Generic family 'sans-serif' not found because none of the following families were found: Microsoft YaHei, Segoe UI, Arial Unicode MS
2025-11-30 09:04:39,808 - WARNING - findfont: Generic family 'sans-serif' not found because none of the following families were found: Microsoft YaHei, Segoe UI, Arial Unicode MS
2025-11-30 09:04:39,809 - WARNING - findfont: Generic family 'sans-serif' not found because none of the following families were found: Microsoft YaHei, Segoe UI, Arial Unicode MS
2025-11-30 09:04:39,809 - WARNING - findfont: Generic family 'sans-serif' not found because none of the following families were found: Microsoft YaHei, Segoe UI, Arial Unicode MS
2025-11-30 09:04:39,810 - WARNING - findfont: Generic family 'sans-serif' not found because none of the following families were found: Microsoft YaHei, Segoe UI, Arial Unicode MS
2025-11-30 09:04:39,811 - WARNING - findfont: Generic family 'sans-serif' not found because none of the following families were found: Microsoft YaHei, Segoe UI, Arial Unicode MS
2025-11-30 09:04:39,813 - WARNING - findfont: Font family 'Microsoft YaHei' not found.
2025-11-30 09:04:39,816 - WARNING - findfont: Font family 'Microsoft YaHei' not found.
2025-11-30 09:04:39,875 - WARNING - findfont: Generic family 'sans-serif' not found because none of the following families were found: Microsoft YaHei, Segoe UI, Arial Unicode MS
2025-11-30 09:04:39,875 - WARNING - findfont: Generic family 'sans-serif' not found because none of the following families were found: Microsoft YaHei, Segoe UI, Arial Unicode MS
2025-11-30 09:04:39,875 - WARNING - findfont: Generic family 'sans-serif' not found because none of the following families were found: Microsoft YaHei, Segoe UI, Arial Unicode MS
2025-11-30 09:04:39,875 - WARNING - findfont: Generic family 'sans-serif' not found because none of the following families were found: Microsoft YaHei, Segoe UI, Arial Unicode MS
2025-11-30 09:04:39,876 - WARNING - findfont: Generic family 'sans-serif' not found because none of the following families were found: Microsoft YaHei, Segoe UI, Arial Unicode MS
2025-11-30 09:04:39,876 - WARNING - findfont: Generic family 'sans-serif' not found because none of the following families were found: Microsoft YaHei, Segoe UI, Arial Unicode MS
2025-11-30 09:04:39,876 - WARNING - findfont: Generic family 'sans-serif' not found because none of the following families were found: Microsoft YaHei, Segoe UI, Arial Unicode MS
2025-11-30 09:04:39,877 - WARNING - findfont: Generic family 'sans-serif' not found because none of the following families were found: Microsoft YaHei, Segoe UI, Arial Unicode MS
2025-11-30 09:04:39,877 - WARNING - findfont: Generic family 'sans-serif' not found because none of the following families were found: Microsoft YaHei, Segoe UI, Arial Unicode MS
2025-11-30 09:04:39,878 - WARNING - findfont: Generic family 'sans-serif' not found because none of the following families were found: Microsoft YaHei, Segoe UI, Arial Unicode MS
2025-11-30 09:04:39,880 - WARNING - findfont: Font family 'Microsoft YaHei' not found.
2025-11-30 09:04:39,880 - WARNING - findfont: Font family 'Microsoft YaHei' not found.
2025-11-30 09:04:39,881 - WARNING - findfont: Font family 'Microsoft YaHei' not found.
2025-11-30 09:04:39,881 - WARNING - findfont: Font family 'Microsoft YaHei' not found.
2025-11-30 09:04:39,884 - WARNING - findfont: Generic family 'sans-serif' not found because none of the following families were found: Microsoft YaHei, Segoe UI, Arial Unicode MS
2025-11-30 09:04:39,885 - WARNING - findfont: Generic family 'sans-serif' not found because none of the following families were found: Microsoft YaHei, Segoe UI, Arial Unicode MS
2025-11-30 09:04:39,886 - WARNING - findfont: Generic family 'sans-serif' not found because none of the following families were found: Microsoft YaHei, Segoe UI, Arial Unicode MS
2025-11-30 09:04:39,886 - WARNING - findfont: Generic family 'sans-serif' not found because none of the following families were found: Microsoft YaHei, Segoe UI, Arial Unicode MS
2025-11-30 09:04:39,887 - WARNING - findfont: Generic family 'sans-serif' not found because none of the following families were found: Microsoft YaHei, Segoe UI, Arial Unicode MS
2025-11-30 09:04:39,888 - WARNING - findfont: Generic family 'sans-serif' not found because none of the following families were found: Microsoft YaHei, Segoe UI, Arial Unicode MS
2025-11-30 09:04:39,888 - WARNING - findfont: Generic family 'sans-serif' not found because none of the following families were found: Microsoft YaHei, Segoe UI, Arial Unicode MS
2025-11-30 09:04:39,890 - WARNING - findfont: Generic family 'sans-serif' not found because none of the following families were found: Microsoft YaHei, Segoe UI, Arial Unicode MS
2025-11-30 09:04:39,891 - WARNING - findfont: Generic family 'sans-serif' not found because none of the following families were found: Microsoft YaHei, Segoe UI, Arial Unicode MS
2025-11-30 09:04:39,892 - WARNING - findfont: Generic family 'sans-serif' not found because none of the following families were found: Microsoft YaHei, Segoe UI, Arial Unicode MS
2025-11-30 09:04:39,894 - WARNING - findfont: Generic family 'sans-serif' not found because none of the following families were found: Microsoft YaHei, Segoe UI, Arial Unicode MS
2025-11-30 09:04:39,895 - WARNING - findfont: Generic family 'sans-serif' not found because none of the following families were found: Microsoft YaHei, Segoe UI, Arial Unicode MS
2025-11-30 09:04:39,897 - WARNING - findfont: Generic family 'sans-serif' not found because none of the following families were found: Microsoft YaHei, Segoe UI, Arial Unicode MS
2025-11-30 09:04:39,898 - WARNING - findfont: Generic family 'sans-serif' not found because none of the following families were found: Microsoft YaHei, Segoe UI, Arial Unicode MS
2025-11-30 09:04:39,904 - WARNING - findfont: Font family 'Microsoft YaHei' not found.
2025-11-30 09:04:39,905 - WARNING - findfont: Font family 'Microsoft YaHei' not found.
2025-11-30 09:04:39,907 - WARNING - findfont: Generic family 'sans-serif' not found because none of the following families were found: Microsoft YaHei, Segoe UI, Arial Unicode MS
2025-11-30 09:04:39,908 - WARNING - findfont: Generic family 'sans-serif' not found because none of the following families were found: Microsoft YaHei, Segoe UI, Arial Unicode MS
2025-11-30 09:04:39,909 - WARNING - findfont: Generic family 'sans-serif' not found because none of the following families were found: Microsoft YaHei, Segoe UI, Arial Unicode MS
2025-11-30 09:04:39,909 - WARNING - findfont: Generic family 'sans-serif' not found because none of the following families were found: Microsoft YaHei, Segoe UI, Arial Unicode MS
2025-11-30 09:04:39,910 - WARNING - findfont: Generic family 'sans-serif' not found because none of the following families were found: Microsoft YaHei, Segoe UI, Arial Unicode MS
2025-11-30 09:04:39,911 - WARNING - findfont: Generic family 'sans-serif' not found because none of the following families were found: Microsoft YaHei, Segoe UI, Arial Unicode MS
2025-11-30 09:04:39,912 - WARNING - findfont: Generic family 'sans-serif' not found because none of the following families were found: Microsoft YaHei, Segoe UI, Arial Unicode MS
2025-11-30 09:04:39,912 - WARNING - findfont: Generic family 'sans-serif' not found because none of the following families were found: Microsoft YaHei, Segoe UI, Arial Unicode MS
2025-11-30 09:04:39,913 - WARNING - findfont: Generic family 'sans-serif' not found because none of the following families were found: Microsoft YaHei, Segoe UI, Arial Unicode MS
2025-11-30 09:04:39,916 - WARNING - findfont: Font family 'Microsoft YaHei' not found.
2025-11-30 09:04:39,918 - WARNING - findfont: Font family 'Microsoft YaHei' not found.
2025-11-30 09:04:39,919 - INFO - 电量变化曲线图已保存到: /home/runner/work/nju_electric_monitor/nju_electric_monitor/src/../data/electricity_trend.png
2025-11-30 09:04:39,934 - WARNING - findfont: Generic family 'sans-serif' not found because none of the following families were found: Microsoft YaHei, Segoe UI, Arial Unicode MS
2025-11-30 09:04:39,934 - WARNING - findfont: Generic family 'sans-serif' not found because none of the following families were found: Microsoft YaHei, Segoe UI, Arial Unicode MS
2025-11-30 09:04:39,935 - WARNING - findfont: Generic family 'sans-serif' not found because none of the following families were found: Microsoft YaHei, Segoe UI, Arial Unicode MS
2025-11-30 09:04:39,936 - WARNING - findfont: Generic family 'sans-serif' not found because none of the following families were found: Microsoft YaHei, Segoe UI, Arial Unicode MS
2025-11-30 09:04:39,936 - WARNING - findfont: Generic family 'sans-serif' not found because none of the following families were found: Microsoft YaHei, Segoe UI, Arial Unicode MS
2025-11-30 09:04:39,937 - WARNING - findfont: Generic family 'sans-serif' not found because none of the following families were found: Microsoft YaHei, Segoe UI, Arial Unicode MS
2025-11-30 09:04:39,938 - WARNING - findfont: Generic family 'sans-serif' not found because none of the following families were found: Microsoft YaHei, Segoe UI, Arial Unicode MS
2025-11-30 09:04:39,941 - WARNING - findfont: Font family 'Microsoft YaHei' not found.
2025-11-30 09:04:39,941 - WARNING - findfont: Font family 'Microsoft YaHei' not found.
2025-11-30 09:04:39,950 - WARNING - findfont: Generic family 'sans-serif' not found because none of the following families were found: Microsoft YaHei, Segoe UI, Arial Unicode MS
2025-11-30 09:04:39,950 - WARNING - findfont: Generic family 'sans-serif' not found because none of the following families were found: Microsoft YaHei, Segoe UI, Arial Unicode MS
2025-11-30 09:04:39,951 - WARNING - findfont: Generic family 'sans-serif' not found because none of the following families were found: Microsoft YaHei, Segoe UI, Arial Unicode MS
2025-11-30 09:04:39,951 - WARNING - findfont: Generic family 'sans-serif' not found because none of the following families were found: Microsoft YaHei, Segoe UI, Arial Unicode MS
2025-11-30 09:04:39,951 - WARNING - findfont: Generic family 'sans-serif' not found because none of the following families were found: Microsoft YaHei, Segoe UI, Arial Unicode MS
2025-11-30 09:04:39,952 - WARNING - findfont: Generic family 'sans-serif' not found because none of the following families were found: Microsoft YaHei, Segoe UI, Arial Unicode MS
2025-11-30 09:04:39,952 - WARNING - findfont: Generic family 'sans-serif' not found because none of the following families were found: Microsoft YaHei, Segoe UI, Arial Unicode MS
2025-11-30 09:04:39,952 - WARNING - findfont: Generic family 'sans-serif' not found because none of the following families were found: Microsoft YaHei, Segoe UI, Arial Unicode MS
2025-11-30 09:04:39,953 - WARNING - findfont: Generic family 'sans-serif' not found because none of the following families were found: Microsoft YaHei, Segoe UI, Arial Unicode MS
2025-11-30 09:04:39,953 - WARNING - findfont: Generic family 'sans-serif' not found because none of the following families were found: Microsoft YaHei, Segoe UI, Arial Unicode MS
2025-11-30 09:04:39,955 - WARNING - findfont: Font family 'Microsoft YaHei' not found.
2025-11-30 09:04:39,960 - WARNING - findfont: Font family 'Microsoft YaHei' not found.
2025-11-30 09:04:39,961 - WARNING - findfont: Font family 'Microsoft YaHei' not found.
2025-11-30 09:04:40,024 - WARNING - findfont: Generic family 'sans-serif' not found because none of the following families were found: Microsoft YaHei, Segoe UI, Arial Unicode MS
2025-11-30 09:04:40,025 - WARNING - findfont: Generic family 'sans-serif' not found because none of the following families were found: Microsoft YaHei, Segoe UI, Arial Unicode MS
2025-11-30 09:04:40,025 - WARNING - findfont: Generic family 'sans-serif' not found because none of the following families were found: Microsoft YaHei, Segoe UI, Arial Unicode MS
2025-11-30 09:04:40,025 - WARNING - findfont: Generic family 'sans-serif' not found because none of the following families were found: Microsoft YaHei, Segoe UI, Arial Unicode MS
2025-11-30 09:04:40,026 - WARNING - findfont: Generic family 'sans-serif' not found because none of the following families were found: Microsoft YaHei, Segoe UI, Arial Unicode MS
2025-11-30 09:04:40,026 - WARNING - findfont: Generic family 'sans-serif' not found because none of the following families were found: Microsoft YaHei, Segoe UI, Arial Unicode MS
2025-11-30 09:04:40,026 - WARNING - findfont: Generic family 'sans-serif' not found because none of the following families were found: Microsoft YaHei, Segoe UI, Arial Unicode MS
2025-11-30 09:04:40,027 - WARNING - findfont: Generic family 'sans-serif' not found because none of the following families were found: Microsoft YaHei, Segoe UI, Arial Unicode MS
2025-11-30 09:04:40,027 - WARNING - findfont: Generic family 'sans-serif' not found because none of the following families were found: Microsoft YaHei, Segoe UI, Arial Unicode MS
2025-11-30 09:04:40,027 - WARNING - findfont: Generic family 'sans-serif' not found because none of the following families were found: Microsoft YaHei, Segoe UI, Arial Unicode MS
2025-11-30 09:04:40,028 - WARNING - findfont: Generic family 'sans-serif' not found because none of the following families were found: Microsoft YaHei, Segoe UI, Arial Unicode MS
2025-11-30 09:04:40,030 - WARNING - findfont: Font family 'Microsoft YaHei' not found.
2025-11-30 09:04:40,030 - WARNING - findfont: Font family 'Microsoft YaHei' not found.
2025-11-30 09:04:40,031 - WARNING - findfont: Font family 'Microsoft YaHei' not found.
2025-11-30 09:04:40,031 - WARNING - findfont: Font family 'Microsoft YaHei' not found.
2025-11-30 09:04:40,034 - WARNING - findfont: Generic family 'sans-serif' not found because none of the following families were found: Microsoft YaHei, Segoe UI, Arial Unicode MS
2025-11-30 09:04:40,035 - WARNING - findfont: Generic family 'sans-serif' not found because none of the following families were found: Microsoft YaHei, Segoe UI, Arial Unicode MS
2025-11-30 09:04:40,036 - WARNING - findfont: Generic family 'sans-serif' not found because none of the following families were found: Microsoft YaHei, Segoe UI, Arial Unicode MS
2025-11-30 09:04:40,036 - WARNING - findfont: Generic family 'sans-serif' not found because none of the following families were found: Microsoft YaHei, Segoe UI, Arial Unicode MS
2025-11-30 09:04:40,037 - WARNING - findfont: Generic family 'sans-serif' not found because none of the following families were found: Microsoft YaHei, Segoe UI, Arial Unicode MS
2025-11-30 09:04:40,038 - WARNING - findfont: Generic family 'sans-serif' not found because none of the following families were found: Microsoft YaHei, Segoe UI, Arial Unicode MS
2025-11-30 09:04:40,039 - WARNING - findfont: Generic family 'sans-serif' not found because none of the following families were found: Microsoft YaHei, Segoe UI, Arial Unicode MS
2025-11-30 09:04:40,040 - WARNING - findfont: Generic family 'sans-serif' not found because none of the following families were found: Microsoft YaHei, Segoe UI, Arial Unicode MS
2025-11-30 09:04:40,042 - WARNING - findfont: Generic family 'sans-serif' not found because none of the following families were found: Microsoft YaHei, Segoe UI, Arial Unicode MS
2025-11-30 09:04:40,043 - WARNING - findfont: Generic family 'sans-serif' not found because none of the following families were found: Microsoft YaHei, Segoe UI, Arial Unicode MS
2025-11-30 09:04:40,044 - WARNING - findfont: Generic family 'sans-serif' not found because none of the following families were found: Microsoft YaHei, Segoe UI, Arial Unicode MS
2025-11-30 09:04:40,046 - WARNING - findfont: Generic family 'sans-serif' not found because none of the following families were found: Microsoft YaHei, Segoe UI, Arial Unicode MS
2025-11-30 09:04:40,051 - WARNING - findfont: Font family 'Microsoft YaHei' not found.
2025-11-30 09:04:40,051 - WARNING - findfont: Font family 'Microsoft YaHei' not found.
2025-11-30 09:04:40,054 - WARNING - findfont: Generic family 'sans-serif' not found because none of the following families were found: Microsoft YaHei, Segoe UI, Arial Unicode MS
2025-11-30 09:04:40,054 - WARNING - findfont: Generic family 'sans-serif' not found because none of the following families were found: Microsoft YaHei, Segoe UI, Arial Unicode MS
2025-11-30 09:04:40,055 - WARNING - findfont: Generic family 'sans-serif' not found because none of the following families were found: Microsoft YaHei, Segoe UI, Arial Unicode MS
2025-11-30 09:04:40,056 - WARNING - findfont: Generic family 'sans-serif' not found because none of the following families were found: Microsoft YaHei, Segoe UI, Arial Unicode MS
2025-11-30 09:04:40,057 - WARNING - findfont: Generic family 'sans-serif' not found because none of the following families were found: Microsoft YaHei, Segoe UI, Arial Unicode MS
2025-11-30 09:04:40,058 - WARNING - findfont: Generic family 'sans-serif' not found because none of the following families were found: Microsoft YaHei, Segoe UI, Arial Unicode MS
2025-11-30 09:04:40,058 - WARNING - findfont: Generic family 'sans-serif' not found because none of the following families were found: Microsoft YaHei, Segoe UI, Arial Unicode MS
2025-11-30 09:04:40,059 - WARNING - findfont: Generic family 'sans-serif' not found because none of the following families were found: Microsoft YaHei, Segoe UI, Arial Unicode MS
2025-11-30 09:04:40,060 - WARNING - findfont: Generic family 'sans-serif' not found because none of the following families were found: Microsoft YaHei, Segoe UI, Arial Unicode MS
2025-11-30 09:04:40,061 - WARNING - findfont: Generic family 'sans-serif' not found because none of the following families were found: Microsoft YaHei, Segoe UI, Arial Unicode MS
2025-11-30 09:04:40,063 - WARNING - findfont: Font family 'Microsoft YaHei' not found.
2025-11-30 09:04:40,065 - WARNING - findfont: Font family 'Microsoft YaHei' not found.
2025-11-30 09:04:40,124 - WARNING - findfont: Generic family 'sans-serif' not found because none of the following families were found: Microsoft YaHei, Segoe UI, Arial Unicode MS
2025-11-30 09:04:40,124 - WARNING - findfont: Generic family 'sans-serif' not found because none of the following families were found: Microsoft YaHei, Segoe UI, Arial Unicode MS
2025-11-30 09:04:40,124 - WARNING - findfont: Generic family 'sans-serif' not found because none of the following families were found: Microsoft YaHei, Segoe UI, Arial Unicode MS
2025-11-30 09:04:40,125 - WARNING - findfont: Generic family 'sans-serif' not found because none of the following families were found: Microsoft YaHei, Segoe UI, Arial Unicode MS
2025-11-30 09:04:40,125 - WARNING - findfont: Generic family 'sans-serif' not found because none of the following families were found: Microsoft YaHei, Segoe UI, Arial Unicode MS
2025-11-30 09:04:40,126 - WARNING - findfont: Generic family 'sans-serif' not found because none of the following families were found: Microsoft YaHei, Segoe UI, Arial Unicode MS
2025-11-30 09:04:40,126 - WARNING - findfont: Generic family 'sans-serif' not found because none of the following families were found: Microsoft YaHei, Segoe UI, Arial Unicode MS
2025-11-30 09:04:40,126 - WARNING - findfont: Generic family 'sans-serif' not found because none of the following families were found: Microsoft YaHei, Segoe UI, Arial Unicode MS
2025-11-30 09:04:40,126 - WARNING - findfont: Generic family 'sans-serif' not found because none of the following families were found: Microsoft YaHei, Segoe UI, Arial Unicode MS
2025-11-30 09:04:40,127 - WARNING - findfont: Generic family 'sans-serif' not found because none of the following families were found: Microsoft YaHei, Segoe UI, Arial Unicode MS
2025-11-30 09:04:40,127 - WARNING - findfont: Generic family 'sans-serif' not found because none of the following families were found: Microsoft YaHei, Segoe UI, Arial Unicode MS
2025-11-30 09:04:40,129 - WARNING - findfont: Font family 'Microsoft YaHei' not found.
2025-11-30 09:04:40,130 - WARNING - findfont: Font family 'Microsoft YaHei' not found.
2025-11-30 09:04:40,131 - WARNING - findfont: Font family 'Microsoft YaHei' not found.
2025-11-30 09:04:40,131 - WARNING - findfont: Font family 'Microsoft YaHei' not found.
2025-11-30 09:04:40,134 - WARNING - findfont: Generic family 'sans-serif' not found because none of the following families were found: Microsoft YaHei, Segoe UI, Arial Unicode MS
2025-11-30 09:04:40,135 - WARNING - findfont: Generic family 'sans-serif' not found because none of the following families were found: Microsoft YaHei, Segoe UI, Arial Unicode MS
2025-11-30 09:04:40,135 - WARNING - findfont: Generic family 'sans-serif' not found because none of the following families were found: Microsoft YaHei, Segoe UI, Arial Unicode MS
2025-11-30 09:04:40,136 - WARNING - findfont: Generic family 'sans-serif' not found because none of the following families were found: Microsoft YaHei, Segoe UI, Arial Unicode MS
2025-11-30 09:04:40,136 - WARNING - findfont: Generic family 'sans-serif' not found because none of the following families were found: Microsoft YaHei, Segoe UI, Arial Unicode MS
2025-11-30 09:04:40,137 - WARNING - findfont: Generic family 'sans-serif' not found because none of the following families were found: Microsoft YaHei, Segoe UI, Arial Unicode MS
2025-11-30 09:04:40,138 - WARNING - findfont: Generic family 'sans-serif' not found because none of the following families were found: Microsoft YaHei, Segoe UI, Arial Unicode MS
2025-11-30 09:04:40,140 - WARNING - findfont: Generic family 'sans-serif' not found because none of the following families were found: Microsoft YaHei, Segoe UI, Arial Unicode MS
2025-11-30 09:04:40,141 - WARNING - findfont: Generic family 'sans-serif' not found because none of the following families were found: Microsoft YaHei, Segoe UI, Arial Unicode MS
2025-11-30 09:04:40,143 - WARNING - findfont: Generic family 'sans-serif' not found because none of the following families were found: Microsoft YaHei, Segoe UI, Arial Unicode MS
2025-11-30 09:04:40,144 - WARNING - findfont: Generic family 'sans-serif' not found because none of the following families were found: Microsoft YaHei, Segoe UI, Arial Unicode MS
2025-11-30 09:04:40,145 - WARNING - findfont: Generic family 'sans-serif' not found because none of the following families were found: Microsoft YaHei, Segoe UI, Arial Unicode MS
2025-11-30 09:04:40,150 - WARNING - findfont: Font family 'Microsoft YaHei' not found.
2025-11-30 09:04:40,150 - WARNING - findfont: Font family 'Microsoft YaHei' not found.
2025-11-30 09:04:40,153 - WARNING - findfont: Generic family 'sans-serif' not found because none of the following families were found: Microsoft YaHei, Segoe UI, Arial Unicode MS
2025-11-30 09:04:40,154 - WARNING - findfont: Generic family 'sans-serif' not found because none of the following families were found: Microsoft YaHei, Segoe UI, Arial Unicode MS
2025-11-30 09:04:40,155 - WARNING - findfont: Generic family 'sans-serif' not found because none of the following families were found: Microsoft YaHei, Segoe UI, Arial Unicode MS
2025-11-30 09:04:40,155 - WARNING - findfont: Generic family 'sans-serif' not found because none of the following families were found: Microsoft YaHei, Segoe UI, Arial Unicode MS
2025-11-30 09:04:40,156 - WARNING - findfont: Generic family 'sans-serif' not found because none of the following families were found: Microsoft YaHei, Segoe UI, Arial Unicode MS
2025-11-30 09:04:40,157 - WARNING - findfont: Generic family 'sans-serif' not found because none of the following families were found: Microsoft YaHei, Segoe UI, Arial Unicode MS
2025-11-30 09:04:40,158 - WARNING - findfont: Generic family 'sans-serif' not found because none of the following families were found: Microsoft YaHei, Segoe UI, Arial Unicode MS
2025-11-30 09:04:40,158 - WARNING - findfont: Generic family 'sans-serif' not found because none of the following families were found: Microsoft YaHei, Segoe UI, Arial Unicode MS
2025-11-30 09:04:40,159 - WARNING - findfont: Generic family 'sans-serif' not found because none of the following families were found: Microsoft YaHei, Segoe UI, Arial Unicode MS
2025-11-30 09:04:40,160 - WARNING - findfont: Generic family 'sans-serif' not found because none of the following families were found: Microsoft YaHei, Segoe UI, Arial Unicode MS
2025-11-30 09:04:40,163 - WARNING - findfont: Font family 'Microsoft YaHei' not found.
2025-11-30 09:04:40,165 - WARNING - findfont: Font family 'Microsoft YaHei' not found.
2025-11-30 09:04:40,166 - INFO - 最近20次电量变化曲线图已保存到: /home/runner/work/nju_electric_monitor/nju_electric_monitor/src/../data/recent_20_changes.png
2025-11-30 09:04:40,166 - INFO - 监控流程完成
