2026-04-04 03:29:14,920 - INFO - Matplotlib 字体设置：使用回退字体列表，首选可用字体: Noto Sans CJK JP
2026-04-04 03:29:16,286 - INFO - 使用指定 ChromeDriver: /usr/bin/chromedriver
2026-04-04 03:29:16,350 - INFO - ddddocr 识别器初始化成功
2026-04-04 03:29:16,350 - INFO - 开始南京大学电费监控流程（自动无头模式）
2026-04-04 03:29:16,350 - INFO - 已初始化并清空验证码图片目录: /home/runner/work/nju_electric_monitor/nju_electric_monitor/src/../data/captcha_workflow
2026-04-04 03:29:16,350 - INFO - 正在打开页面: https://epay.nju.edu.cn/epay/h5/nju/electric/index
2026-04-04 03:29:25,108 - INFO - 等待登录表单加载...
2026-04-04 03:29:25,495 - INFO - 登录表单已加载
2026-04-04 03:29:25,495 - INFO - 开始填写登录表单...
2026-04-04 03:29:25,581 - INFO - 用户名填写完成
2026-04-04 03:29:25,652 - INFO - 密码填写完成
2026-04-04 03:29:25,652 - INFO - 开始处理验证码（两层嵌套重试）...
2026-04-04 03:29:25,652 - INFO - 外层页面重试 1/4
2026-04-04 03:29:25,652 - INFO - 等待登录表单加载...
2026-04-04 03:29:25,658 - INFO - 登录表单已加载
2026-04-04 03:29:25,658 - INFO - 开始填写登录表单...
2026-04-04 03:29:25,724 - INFO - 用户名填写完成
2026-04-04 03:29:25,788 - INFO - 密码填写完成
2026-04-04 03:29:26,789 - INFO - 查找验证码图片...
2026-04-04 03:29:26,809 - INFO - 找到验证码图片，开始截图...
2026-04-04 03:29:26,868 - INFO - 验证码图片截取成功
2026-04-04 03:29:26,868 - INFO - 验证码图片已保存到 /home/runner/work/nju_electric_monitor/nju_electric_monitor/src/../data/captcha_debug.png
2026-04-04 03:29:26,869 - INFO - 验证码图片已保存到 /home/runner/work/nju_electric_monitor/nju_electric_monitor/src/../data/captcha_workflow/captcha_outer1.png
2026-04-04 03:29:26,869 - INFO - 验证码识别（同一图片）尝试 1/3，外层 1/4
2026-04-04 03:29:26,869 - INFO - 开始使用 ddddocr 识别验证码...
2026-04-04 03:29:26,879 - INFO - ddddocr 最终验证码识别结果: XSM4
2026-04-04 03:29:26,879 - INFO - 已将验证码图片重命名为: /home/runner/work/nju_electric_monitor/nju_electric_monitor/src/../data/captcha_workflow/XSM4.png
2026-04-04 03:29:26,879 - INFO - 查找验证码输入框...
2026-04-04 03:29:26,939 - INFO - 通过 XPath 找到 1 个验证码候选输入框，使用第一个。
2026-04-04 03:29:26,992 - INFO - 验证码填写完成
2026-04-04 03:29:27,993 - INFO - 验证码填写完成，点击登录按钮...
2026-04-04 03:29:27,993 - INFO - 查找并点击登录按钮...
2026-04-04 03:29:28,014 - INFO - 通过 ID=login_submit 找到登录按钮
2026-04-04 03:29:31,229 - INFO - 已点击登录按钮
2026-04-04 03:29:40,295 - INFO - 检测到英文验证码错误提示: 'Verification code error \n\t\t\t\t\t\tVerification code error'
2026-04-04 03:29:40,295 - WARNING - 检测到验证码错误提示，将重新加载页面获取新验证码
2026-04-04 03:29:40,295 - INFO - 本轮登录未成功，等待 5 秒后进行下一轮验证码重试...
2026-04-04 03:29:45,296 - INFO - 外层页面重试 2/4
2026-04-04 03:29:50,416 - INFO - 等待登录表单加载...
2026-04-04 03:29:50,423 - INFO - 登录表单已加载
2026-04-04 03:29:50,423 - INFO - 开始填写登录表单...
2026-04-04 03:29:50,485 - INFO - 用户名填写完成
2026-04-04 03:29:50,547 - INFO - 密码填写完成
2026-04-04 03:29:51,547 - INFO - 查找验证码图片...
2026-04-04 03:29:51,561 - INFO - 找到验证码图片，开始截图...
2026-04-04 03:29:51,597 - INFO - 验证码图片截取成功
2026-04-04 03:29:51,597 - INFO - 验证码图片已保存到 /home/runner/work/nju_electric_monitor/nju_electric_monitor/src/../data/captcha_debug.png
2026-04-04 03:29:51,598 - INFO - 验证码图片已保存到 /home/runner/work/nju_electric_monitor/nju_electric_monitor/src/../data/captcha_workflow/captcha_outer2.png
2026-04-04 03:29:51,598 - INFO - 验证码识别（同一图片）尝试 1/3，外层 2/4
2026-04-04 03:29:51,598 - INFO - 开始使用 ddddocr 识别验证码...
2026-04-04 03:29:51,609 - INFO - ddddocr 最终验证码识别结果: S7SG
2026-04-04 03:29:51,609 - INFO - 已将验证码图片重命名为: /home/runner/work/nju_electric_monitor/nju_electric_monitor/src/../data/captcha_workflow/S7SG.png
2026-04-04 03:29:51,609 - INFO - 查找验证码输入框...
2026-04-04 03:29:51,654 - INFO - 通过 XPath 找到 1 个验证码候选输入框，使用第一个。
2026-04-04 03:29:51,706 - INFO - 验证码填写完成
2026-04-04 03:29:52,706 - INFO - 验证码填写完成，点击登录按钮...
2026-04-04 03:29:52,706 - INFO - 查找并点击登录按钮...
2026-04-04 03:29:52,726 - INFO - 通过 ID=login_submit 找到登录按钮
2026-04-04 03:29:56,711 - INFO - 已点击登录按钮
2026-04-04 03:30:05,736 - INFO - 未检测到验证码错误提示，验证码可能通过
2026-04-04 03:30:05,736 - INFO - 等待登录成功...
2026-04-04 03:30:05,746 - INFO - 检测到已跳转到电费页面: https://epay.nju.edu.cn/epay/h5/nju/electric/index
2026-04-04 03:30:05,746 - INFO - 查找'去充值'按钮...
2026-04-04 03:30:05,768 - INFO - 通过文本包含 '去充值' 找到充值按钮
2026-04-04 03:30:07,655 - INFO - 已点击充值按钮
2026-04-04 03:30:10,655 - INFO - 开始提取剩余电量信息...
2026-04-04 03:30:10,671 - INFO - 找到电量信息元素（已省略具体文本以保护隐私）
2026-04-04 03:30:10,671 - WARNING - 未在元素中找到标准格式的电量信息
2026-04-04 03:30:10,684 - INFO - 找到 i 标签中的电量信息（已省略具体文本）
2026-04-04 03:30:10,684 - WARNING - i标签中未找到标准格式的电量信息
2026-04-04 03:30:10,684 - WARNING - 未找到i标签中的电量信息
2026-04-04 03:30:10,686 - INFO - 在页面源码中查找电量信息...
2026-04-04 03:30:10,687 - INFO - 从页面源码中提取到剩余电量: 46.22 度
2026-04-04 03:30:10,701 - INFO - 数据已保存: 46.22 度
2026-04-04 03:30:10,925 - INFO - 电量变化曲线图已保存到: /home/runner/work/nju_electric_monitor/nju_electric_monitor/src/../data/electricity_trend.png
2026-04-04 03:30:11,148 - INFO - 最近20次电量变化曲线图已保存到: /home/runner/work/nju_electric_monitor/nju_electric_monitor/src/../data/recent_20_changes.png
2026-04-04 03:30:11,148 - INFO - 当前剩余电量 46.22 度，高于告警阈值 25.0 度，不发送邮件
2026-04-04 03:30:11,148 - INFO - 监控流程完成
