2026-06-30 04:57:36,235 - INFO - Matplotlib 字体设置：使用回退字体列表，首选可用字体: Noto Sans CJK SC
2026-06-30 04:57:38,009 - INFO - 使用指定 ChromeDriver: /usr/bin/chromedriver
2026-06-30 04:57:38,086 - INFO - ddddocr 识别器初始化成功
2026-06-30 04:57:38,086 - INFO - 开始南京大学电费监控流程（自动无头模式）
2026-06-30 04:57:38,086 - INFO - 已初始化并清空验证码图片目录: /home/runner/work/nju_electric_monitor/nju_electric_monitor/src/../data/captcha_workflow
2026-06-30 04:57:38,086 - INFO - 正在打开页面: https://epay.nju.edu.cn/epay/h5/nju/electric/index
2026-06-30 04:57:52,565 - INFO - 等待登录表单加载...
2026-06-30 04:57:52,575 - INFO - 登录表单已加载
2026-06-30 04:57:52,575 - INFO - 开始填写登录表单...
2026-06-30 04:57:52,669 - INFO - 用户名填写完成
2026-06-30 04:57:52,742 - INFO - 密码填写完成
2026-06-30 04:57:52,742 - INFO - 开始处理验证码（两层嵌套重试）...
2026-06-30 04:57:52,742 - INFO - 外层页面重试 1/4
2026-06-30 04:57:52,742 - INFO - 等待登录表单加载...
2026-06-30 04:57:52,749 - INFO - 登录表单已加载
2026-06-30 04:57:52,749 - INFO - 开始填写登录表单...
2026-06-30 04:57:52,820 - INFO - 用户名填写完成
2026-06-30 04:57:52,891 - INFO - 密码填写完成
2026-06-30 04:57:53,891 - INFO - 查找验证码图片...
2026-06-30 04:57:53,913 - INFO - 找到验证码图片，开始截图...
2026-06-30 04:57:53,967 - INFO - 验证码图片截取成功
2026-06-30 04:57:53,968 - INFO - 验证码图片已保存到 /home/runner/work/nju_electric_monitor/nju_electric_monitor/src/../data/captcha_debug.png
2026-06-30 04:57:53,968 - INFO - 验证码图片已保存到 /home/runner/work/nju_electric_monitor/nju_electric_monitor/src/../data/captcha_workflow/captcha_outer1.png
2026-06-30 04:57:53,968 - INFO - 验证码识别（同一图片）尝试 1/3，外层 1/4
2026-06-30 04:57:53,968 - INFO - 开始使用 ddddocr 识别验证码...
2026-06-30 04:57:53,987 - INFO - ddddocr 最终验证码识别结果: IA2C
2026-06-30 04:57:53,987 - INFO - 已将验证码图片重命名为: /home/runner/work/nju_electric_monitor/nju_electric_monitor/src/../data/captcha_workflow/IA2C.png
2026-06-30 04:57:53,987 - INFO - 查找验证码输入框...
2026-06-30 04:57:54,049 - INFO - 通过 XPath 找到 1 个验证码候选输入框，使用第一个。
2026-06-30 04:57:54,109 - INFO - 验证码填写完成
2026-06-30 04:57:55,109 - INFO - 验证码填写完成，点击登录按钮...
2026-06-30 04:57:55,109 - INFO - 查找并点击登录按钮...
2026-06-30 04:57:55,134 - INFO - 通过 ID=login_submit 找到登录按钮
2026-06-30 04:57:57,967 - INFO - 已点击登录按钮
2026-06-30 04:58:07,038 - INFO - 检测到英文验证码错误提示: 'Verification code error \n\t\t\t\t\t\tVerification code error'
2026-06-30 04:58:07,039 - WARNING - 检测到验证码错误提示，将重新加载页面获取新验证码
2026-06-30 04:58:07,039 - INFO - 本轮登录未成功，等待 5 秒后进行下一轮验证码重试...
2026-06-30 04:58:12,039 - INFO - 外层页面重试 2/4
2026-06-30 04:58:16,572 - INFO - 等待登录表单加载...
2026-06-30 04:58:16,580 - INFO - 登录表单已加载
2026-06-30 04:58:16,580 - INFO - 开始填写登录表单...
2026-06-30 04:58:16,653 - INFO - 用户名填写完成
2026-06-30 04:58:16,729 - INFO - 密码填写完成
2026-06-30 04:58:17,729 - INFO - 查找验证码图片...
2026-06-30 04:58:17,745 - INFO - 找到验证码图片，开始截图...
2026-06-30 04:58:17,796 - INFO - 验证码图片截取成功
2026-06-30 04:58:17,797 - INFO - 验证码图片已保存到 /home/runner/work/nju_electric_monitor/nju_electric_monitor/src/../data/captcha_debug.png
2026-06-30 04:58:17,797 - INFO - 验证码图片已保存到 /home/runner/work/nju_electric_monitor/nju_electric_monitor/src/../data/captcha_workflow/captcha_outer2.png
2026-06-30 04:58:17,797 - INFO - 验证码识别（同一图片）尝试 1/3，外层 2/4
2026-06-30 04:58:17,797 - INFO - 开始使用 ddddocr 识别验证码...
2026-06-30 04:58:17,814 - INFO - ddddocr 最终验证码识别结果: VTQC
2026-06-30 04:58:17,814 - INFO - 已将验证码图片重命名为: /home/runner/work/nju_electric_monitor/nju_electric_monitor/src/../data/captcha_workflow/VTQC.png
2026-06-30 04:58:17,814 - INFO - 查找验证码输入框...
2026-06-30 04:58:17,867 - INFO - 通过 XPath 找到 1 个验证码候选输入框，使用第一个。
2026-06-30 04:58:17,930 - INFO - 验证码填写完成
2026-06-30 04:58:18,931 - INFO - 验证码填写完成，点击登录按钮...
2026-06-30 04:58:18,931 - INFO - 查找并点击登录按钮...
2026-06-30 04:58:18,951 - INFO - 通过 ID=login_submit 找到登录按钮
2026-06-30 04:58:24,291 - INFO - 已点击登录按钮
2026-06-30 04:58:33,319 - INFO - 未检测到验证码错误提示，验证码可能通过
2026-06-30 04:58:33,319 - INFO - 等待登录成功...
2026-06-30 04:58:33,329 - INFO - 检测到已跳转到电费页面: https://epay.nju.edu.cn/epay/h5/nju/electric/index
2026-06-30 04:58:33,329 - INFO - 查找'去充值'按钮...
2026-06-30 04:58:33,354 - INFO - 通过文本包含 '去充值' 找到充值按钮
2026-06-30 04:58:35,798 - INFO - 已点击充值按钮
2026-06-30 04:58:38,799 - INFO - 开始提取剩余电量信息...
2026-06-30 04:58:38,817 - INFO - 找到电量信息元素（已省略具体文本以保护隐私）
2026-06-30 04:58:38,817 - WARNING - 未在元素中找到标准格式的电量信息
2026-06-30 04:58:38,833 - INFO - 找到 i 标签中的电量信息（已省略具体文本）
2026-06-30 04:58:38,833 - WARNING - i标签中未找到标准格式的电量信息
2026-06-30 04:58:38,833 - WARNING - 未找到i标签中的电量信息
2026-06-30 04:58:38,836 - INFO - 在页面源码中查找电量信息...
2026-06-30 04:58:38,837 - INFO - 从页面源码中提取到剩余电量: 24.88 度
2026-06-30 04:58:38,852 - INFO - 数据已保存: 24.88 度
2026-06-30 04:58:39,118 - INFO - 电量变化曲线图已保存到: /home/runner/work/nju_electric_monitor/nju_electric_monitor/src/../data/electricity_trend.png
2026-06-30 04:58:39,366 - INFO - 最近20次电量变化曲线图已保存到: /home/runner/work/nju_electric_monitor/nju_electric_monitor/src/../data/recent_20_changes.png
2026-06-30 04:58:39,368 - INFO - 已将最近20次电费曲线图以内嵌方式添加到邮件: /home/runner/work/nju_electric_monitor/nju_electric_monitor/src/../data/recent_20_changes.png
2026-06-30 04:58:42,701 - INFO - 电量低于阈值（24.88 度），已发送邮件提醒到: ['1615372377@qq.com']
2026-06-30 04:58:42,860 - INFO - 监控流程完成
