2026-01-07 07:21:10,989 - INFO - Matplotlib 字体设置：使用回退字体列表，首选可用字体: Noto Sans CJK JP
2026-01-07 07:21:13,073 - INFO - 使用 ChromeDriver: /usr/bin/chromedriver
2026-01-07 07:21:13,073 - WARNING - Using CPU. Note: This module is much faster with a GPU.
2026-01-07 07:21:14,698 - INFO - OCR识别器初始化成功
2026-01-07 07:21:14,698 - INFO - 开始南京大学电费监控流程（自动无头模式）
2026-01-07 07:21:14,698 - INFO - 正在打开页面: https://epay.nju.edu.cn/epay/h5/nju/electric/index
2026-01-07 07:21:27,235 - INFO - 等待登录表单加载...
2026-01-07 07:21:27,244 - INFO - 登录表单已加载
2026-01-07 07:21:27,244 - INFO - 开始填写登录表单...
2026-01-07 07:21:27,307 - INFO - 用户名填写完成
2026-01-07 07:21:27,375 - INFO - 密码填写完成
2026-01-07 07:21:27,375 - INFO - 检查是否有验证码...
2026-01-07 07:21:27,375 - INFO - 查找验证码图片...
2026-01-07 07:21:27,394 - INFO - 找到验证码图片，开始截图...
2026-01-07 07:21:27,445 - INFO - 验证码图片截取成功
2026-01-07 07:21:27,446 - INFO - 开始填写登录表单...
2026-01-07 07:21:27,512 - INFO - 用户名填写完成
2026-01-07 07:21:27,575 - INFO - 密码填写完成
2026-01-07 07:21:27,576 - INFO - 验证码图片已保存到 /home/runner/work/nju_electric_monitor/nju_electric_monitor/src/../data/captcha_debug.png
2026-01-07 07:21:27,576 - INFO - 验证码识别尝试 1/30
2026-01-07 07:21:27,576 - INFO - 开始识别验证码...（easyocr + pytesseract）
2026-01-07 07:21:27,721 - INFO - easyocr 结果: ['IQcF(0.89)']
2026-01-07 07:21:27,901 - INFO - tesseract 结果: lock
2026-01-07 07:21:27,966 - INFO - easyocr alt1 结果: ['IQcF(0.58)']
2026-01-07 07:21:28,059 - INFO - tesseract alt1 结果: locf
2026-01-07 07:21:28,118 - INFO - easyocr alt2 结果: ['IQcF(0.82)']
2026-01-07 07:21:28,214 - INFO - tesseract alt2 结果: locf
2026-01-07 07:21:28,376 - INFO - easyocr alt3 结果: ['IQCF(0.95)']
2026-01-07 07:21:28,488 - INFO - tesseract alt3 结果: locF
2026-01-07 07:21:28,547 - INFO - easyocr alt4 结果: ['IQCF(0.81)']
2026-01-07 07:21:28,641 - INFO - tesseract alt4 结果: lack
2026-01-07 07:21:28,701 - INFO - easyocr alt5 结果: ['IQCF(0.80)']
2026-01-07 07:21:28,800 - INFO - tesseract alt5 结果: lock
2026-01-07 07:21:28,800 - INFO - 最终验证码识别结果: IQCF (engine=easyocr_alt3, prob=0.9540330767631531)
2026-01-07 07:21:28,800 - INFO - 查找验证码输入框...
2026-01-07 07:21:28,860 - INFO - 验证码填写完成
2026-01-07 07:21:28,860 - INFO - 验证码填写完成，点击登录按钮...
2026-01-07 07:21:28,860 - INFO - 查找并点击登录按钮...
2026-01-07 07:21:29,257 - INFO - 已点击登录按钮
2026-01-07 07:21:36,288 - INFO - 开始填写登录表单...
2026-01-07 07:21:36,363 - INFO - 用户名填写完成
2026-01-07 07:21:36,424 - INFO - 密码填写完成
2026-01-07 07:21:36,424 - INFO - 验证码图片已保存到 /home/runner/work/nju_electric_monitor/nju_electric_monitor/src/../data/captcha_debug.png
2026-01-07 07:21:36,424 - INFO - 验证码识别尝试 2/30
2026-01-07 07:21:36,424 - INFO - 开始识别验证码...（easyocr + pytesseract）
2026-01-07 07:21:36,521 - INFO - easyocr 结果: ['IQcF(0.89)']
2026-01-07 07:21:36,616 - INFO - tesseract 结果: lock
2026-01-07 07:21:36,681 - INFO - easyocr alt1 结果: ['IQcF(0.58)']
2026-01-07 07:21:36,779 - INFO - tesseract alt1 结果: locf
2026-01-07 07:21:36,839 - INFO - easyocr alt2 结果: ['IQcF(0.82)']
2026-01-07 07:21:36,932 - INFO - tesseract alt2 结果: locf
2026-01-07 07:21:37,087 - INFO - easyocr alt3 结果: ['IQCF(0.95)']
2026-01-07 07:21:37,193 - INFO - tesseract alt3 结果: locF
2026-01-07 07:21:37,254 - INFO - easyocr alt4 结果: ['IQCF(0.81)']
2026-01-07 07:21:37,348 - INFO - tesseract alt4 结果: lack
2026-01-07 07:21:37,406 - INFO - easyocr alt5 结果: ['IQCF(0.80)']
2026-01-07 07:21:37,502 - INFO - tesseract alt5 结果: lock
2026-01-07 07:21:37,502 - INFO - 最终验证码识别结果: IQCF (engine=easyocr_alt3, prob=0.9540330767631531)
2026-01-07 07:21:37,502 - INFO - 查找验证码输入框...
2026-01-07 07:21:37,559 - INFO - 验证码填写完成
2026-01-07 07:21:37,559 - INFO - 验证码填写完成，点击登录按钮...
2026-01-07 07:21:37,560 - INFO - 查找并点击登录按钮...
2026-01-07 07:21:37,615 - INFO - 已点击登录按钮
2026-01-07 07:21:44,636 - INFO - 开始填写登录表单...
2026-01-07 07:21:44,698 - INFO - 用户名填写完成
2026-01-07 07:21:44,759 - INFO - 密码填写完成
2026-01-07 07:21:44,760 - INFO - 验证码图片已保存到 /home/runner/work/nju_electric_monitor/nju_electric_monitor/src/../data/captcha_debug.png
2026-01-07 07:21:44,760 - INFO - 验证码识别尝试 3/30
2026-01-07 07:21:44,760 - INFO - 开始识别验证码...（easyocr + pytesseract）
2026-01-07 07:21:44,858 - INFO - easyocr 结果: ['IQcF(0.89)']
2026-01-07 07:21:44,958 - INFO - tesseract 结果: lock
2026-01-07 07:21:45,019 - INFO - easyocr alt1 结果: ['IQcF(0.58)']
2026-01-07 07:21:45,117 - INFO - tesseract alt1 结果: locf
2026-01-07 07:21:45,177 - INFO - easyocr alt2 结果: ['IQcF(0.82)']
2026-01-07 07:21:45,272 - INFO - tesseract alt2 结果: locf
2026-01-07 07:21:45,426 - INFO - easyocr alt3 结果: ['IQCF(0.95)']
2026-01-07 07:21:45,535 - INFO - tesseract alt3 结果: locF
2026-01-07 07:21:45,599 - INFO - easyocr alt4 结果: ['IQCF(0.81)']
2026-01-07 07:21:45,699 - INFO - tesseract alt4 结果: lack
2026-01-07 07:21:45,767 - INFO - easyocr alt5 结果: ['IQCF(0.80)']
2026-01-07 07:21:45,863 - INFO - tesseract alt5 结果: lock
2026-01-07 07:21:45,864 - INFO - 最终验证码识别结果: IQCF (engine=easyocr_alt3, prob=0.9540330767631531)
2026-01-07 07:21:45,864 - INFO - 查找验证码输入框...
2026-01-07 07:21:45,920 - INFO - 验证码填写完成
2026-01-07 07:21:45,920 - INFO - 验证码填写完成，点击登录按钮...
2026-01-07 07:21:45,920 - INFO - 查找并点击登录按钮...
2026-01-07 07:21:46,307 - INFO - 已点击登录按钮
2026-01-07 07:21:53,328 - INFO - 开始填写登录表单...
2026-01-07 07:21:53,389 - INFO - 用户名填写完成
2026-01-07 07:21:53,449 - INFO - 密码填写完成
2026-01-07 07:21:53,449 - INFO - 验证码图片已保存到 /home/runner/work/nju_electric_monitor/nju_electric_monitor/src/../data/captcha_debug.png
2026-01-07 07:21:53,449 - INFO - 验证码识别尝试 4/30
2026-01-07 07:21:53,449 - INFO - 开始识别验证码...（easyocr + pytesseract）
2026-01-07 07:21:53,558 - INFO - easyocr 结果: ['IQcF(0.89)']
2026-01-07 07:21:53,654 - INFO - tesseract 结果: lock
2026-01-07 07:21:53,714 - INFO - easyocr alt1 结果: ['IQcF(0.58)']
2026-01-07 07:21:53,812 - INFO - tesseract alt1 结果: locf
2026-01-07 07:21:53,873 - INFO - easyocr alt2 结果: ['IQcF(0.82)']
2026-01-07 07:21:53,973 - INFO - tesseract alt2 结果: locf
2026-01-07 07:21:54,131 - INFO - easyocr alt3 结果: ['IQCF(0.95)']
2026-01-07 07:21:54,239 - INFO - tesseract alt3 结果: locF
2026-01-07 07:21:54,298 - INFO - easyocr alt4 结果: ['IQCF(0.81)']
2026-01-07 07:21:54,397 - INFO - tesseract alt4 结果: lack
2026-01-07 07:21:54,458 - INFO - easyocr alt5 结果: ['IQCF(0.80)']
2026-01-07 07:21:54,555 - INFO - tesseract alt5 结果: lock
2026-01-07 07:21:54,555 - INFO - 最终验证码识别结果: IQCF (engine=easyocr_alt3, prob=0.9540330767631531)
2026-01-07 07:21:54,555 - INFO - 查找验证码输入框...
2026-01-07 07:21:54,612 - INFO - 验证码填写完成
2026-01-07 07:21:54,612 - INFO - 验证码填写完成，点击登录按钮...
2026-01-07 07:21:54,612 - INFO - 查找并点击登录按钮...
2026-01-07 07:21:54,669 - INFO - 已点击登录按钮
2026-01-07 07:22:01,690 - INFO - 开始填写登录表单...
2026-01-07 07:22:01,749 - INFO - 用户名填写完成
2026-01-07 07:22:01,810 - INFO - 密码填写完成
2026-01-07 07:22:01,811 - INFO - 验证码图片已保存到 /home/runner/work/nju_electric_monitor/nju_electric_monitor/src/../data/captcha_debug.png
2026-01-07 07:22:01,811 - INFO - 验证码识别尝试 5/30
2026-01-07 07:22:01,811 - INFO - 开始识别验证码...（easyocr + pytesseract）
2026-01-07 07:22:01,909 - INFO - easyocr 结果: ['IQcF(0.89)']
2026-01-07 07:22:02,005 - INFO - tesseract 结果: lock
2026-01-07 07:22:02,066 - INFO - easyocr alt1 结果: ['IQcF(0.58)']
2026-01-07 07:22:02,162 - INFO - tesseract alt1 结果: locf
2026-01-07 07:22:02,222 - INFO - easyocr alt2 结果: ['IQcF(0.82)']
2026-01-07 07:22:02,325 - INFO - tesseract alt2 结果: locf
2026-01-07 07:22:02,481 - INFO - easyocr alt3 结果: ['IQCF(0.95)']
2026-01-07 07:22:02,591 - INFO - tesseract alt3 结果: locF
2026-01-07 07:22:02,651 - INFO - easyocr alt4 结果: ['IQCF(0.81)']
2026-01-07 07:22:02,748 - INFO - tesseract alt4 结果: lack
2026-01-07 07:22:02,807 - INFO - easyocr alt5 结果: ['IQCF(0.80)']
2026-01-07 07:22:02,902 - INFO - tesseract alt5 结果: lock
2026-01-07 07:22:02,902 - INFO - 最终验证码识别结果: IQCF (engine=easyocr_alt3, prob=0.9540330767631531)
2026-01-07 07:22:02,902 - INFO - 查找验证码输入框...
2026-01-07 07:22:02,959 - INFO - 验证码填写完成
2026-01-07 07:22:02,960 - INFO - 验证码填写完成，点击登录按钮...
2026-01-07 07:22:02,960 - INFO - 查找并点击登录按钮...
2026-01-07 07:22:03,018 - INFO - 已点击登录按钮
2026-01-07 07:22:10,039 - INFO - 开始填写登录表单...
2026-01-07 07:22:10,100 - INFO - 用户名填写完成
2026-01-07 07:22:10,160 - INFO - 密码填写完成
2026-01-07 07:22:10,160 - INFO - 验证码图片已保存到 /home/runner/work/nju_electric_monitor/nju_electric_monitor/src/../data/captcha_debug.png
2026-01-07 07:22:10,161 - INFO - 验证码识别尝试 6/30
2026-01-07 07:22:10,161 - INFO - 开始识别验证码...（easyocr + pytesseract）
2026-01-07 07:22:10,263 - INFO - easyocr 结果: ['IQcF(0.89)']
2026-01-07 07:22:10,356 - INFO - tesseract 结果: lock
2026-01-07 07:22:10,416 - INFO - easyocr alt1 结果: ['IQcF(0.58)']
2026-01-07 07:22:10,511 - INFO - tesseract alt1 结果: locf
2026-01-07 07:22:10,570 - INFO - easyocr alt2 结果: ['IQcF(0.82)']
2026-01-07 07:22:10,666 - INFO - tesseract alt2 结果: locf
2026-01-07 07:22:10,821 - INFO - easyocr alt3 结果: ['IQCF(0.95)']
2026-01-07 07:22:10,936 - INFO - tesseract alt3 结果: locF
2026-01-07 07:22:10,995 - INFO - easyocr alt4 结果: ['IQCF(0.81)']
2026-01-07 07:22:11,096 - INFO - tesseract alt4 结果: lack
2026-01-07 07:22:11,156 - INFO - easyocr alt5 结果: ['IQCF(0.80)']
2026-01-07 07:22:11,253 - INFO - tesseract alt5 结果: lock
2026-01-07 07:22:11,253 - INFO - 最终验证码识别结果: IQCF (engine=easyocr_alt3, prob=0.9540330767631531)
2026-01-07 07:22:11,253 - INFO - 查找验证码输入框...
2026-01-07 07:22:11,310 - INFO - 验证码填写完成
2026-01-07 07:22:11,310 - INFO - 验证码填写完成，点击登录按钮...
2026-01-07 07:22:11,310 - INFO - 查找并点击登录按钮...
2026-01-07 07:22:11,370 - INFO - 已点击登录按钮
2026-01-07 07:22:18,390 - INFO - 开始填写登录表单...
2026-01-07 07:22:18,450 - INFO - 用户名填写完成
2026-01-07 07:22:18,509 - INFO - 密码填写完成
2026-01-07 07:22:18,510 - INFO - 验证码图片已保存到 /home/runner/work/nju_electric_monitor/nju_electric_monitor/src/../data/captcha_debug.png
2026-01-07 07:22:18,510 - INFO - 验证码识别尝试 7/30
2026-01-07 07:22:18,510 - INFO - 开始识别验证码...（easyocr + pytesseract）
2026-01-07 07:22:18,609 - INFO - easyocr 结果: ['IQcF(0.89)']
2026-01-07 07:22:18,702 - INFO - tesseract 结果: lock
2026-01-07 07:22:18,763 - INFO - easyocr alt1 结果: ['IQcF(0.58)']
2026-01-07 07:22:18,859 - INFO - tesseract alt1 结果: locf
2026-01-07 07:22:18,919 - INFO - easyocr alt2 结果: ['IQcF(0.82)']
2026-01-07 07:22:19,015 - INFO - tesseract alt2 结果: locf
2026-01-07 07:22:19,179 - INFO - easyocr alt3 结果: ['IQCF(0.95)']
2026-01-07 07:22:19,287 - INFO - tesseract alt3 结果: locF
2026-01-07 07:22:19,347 - INFO - easyocr alt4 结果: ['IQCF(0.81)']
2026-01-07 07:22:19,446 - INFO - tesseract alt4 结果: lack
2026-01-07 07:22:19,506 - INFO - easyocr alt5 结果: ['IQCF(0.80)']
2026-01-07 07:22:19,602 - INFO - tesseract alt5 结果: lock
2026-01-07 07:22:19,602 - INFO - 最终验证码识别结果: IQCF (engine=easyocr_alt3, prob=0.9540330767631531)
2026-01-07 07:22:19,603 - INFO - 查找验证码输入框...
2026-01-07 07:22:19,660 - INFO - 验证码填写完成
2026-01-07 07:22:19,660 - INFO - 验证码填写完成，点击登录按钮...
2026-01-07 07:22:19,660 - INFO - 查找并点击登录按钮...
2026-01-07 07:22:19,719 - INFO - 已点击登录按钮
2026-01-07 07:22:26,740 - INFO - 开始填写登录表单...
2026-01-07 07:22:26,803 - INFO - 用户名填写完成
2026-01-07 07:22:26,864 - INFO - 密码填写完成
2026-01-07 07:22:26,864 - INFO - 验证码图片已保存到 /home/runner/work/nju_electric_monitor/nju_electric_monitor/src/../data/captcha_debug.png
2026-01-07 07:22:26,865 - INFO - 验证码识别尝试 8/30
2026-01-07 07:22:26,865 - INFO - 开始识别验证码...（easyocr + pytesseract）
2026-01-07 07:22:26,963 - INFO - easyocr 结果: ['IQcF(0.89)']
2026-01-07 07:22:27,059 - INFO - tesseract 结果: lock
2026-01-07 07:22:27,120 - INFO - easyocr alt1 结果: ['IQcF(0.58)']
2026-01-07 07:22:27,216 - INFO - tesseract alt1 结果: locf
2026-01-07 07:22:27,278 - INFO - easyocr alt2 结果: ['IQcF(0.82)']
2026-01-07 07:22:27,375 - INFO - tesseract alt2 结果: locf
2026-01-07 07:22:27,532 - INFO - easyocr alt3 结果: ['IQCF(0.95)']
2026-01-07 07:22:27,641 - INFO - tesseract alt3 结果: locF
2026-01-07 07:22:27,701 - INFO - easyocr alt4 结果: ['IQCF(0.81)']
2026-01-07 07:22:27,796 - INFO - tesseract alt4 结果: lack
2026-01-07 07:22:27,855 - INFO - easyocr alt5 结果: ['IQCF(0.80)']
2026-01-07 07:22:27,953 - INFO - tesseract alt5 结果: lock
2026-01-07 07:22:27,953 - INFO - 最终验证码识别结果: IQCF (engine=easyocr_alt3, prob=0.9540330767631531)
2026-01-07 07:22:27,953 - INFO - 查找验证码输入框...
2026-01-07 07:22:28,011 - INFO - 验证码填写完成
2026-01-07 07:22:28,011 - INFO - 验证码填写完成，点击登录按钮...
2026-01-07 07:22:28,011 - INFO - 查找并点击登录按钮...
2026-01-07 07:22:28,070 - INFO - 已点击登录按钮
2026-01-07 07:22:35,091 - INFO - 开始填写登录表单...
2026-01-07 07:22:35,152 - INFO - 用户名填写完成
2026-01-07 07:22:35,213 - INFO - 密码填写完成
2026-01-07 07:22:35,214 - INFO - 验证码图片已保存到 /home/runner/work/nju_electric_monitor/nju_electric_monitor/src/../data/captcha_debug.png
2026-01-07 07:22:35,214 - INFO - 验证码识别尝试 9/30
2026-01-07 07:22:35,214 - INFO - 开始识别验证码...（easyocr + pytesseract）
2026-01-07 07:22:35,314 - INFO - easyocr 结果: ['IQcF(0.89)']
2026-01-07 07:22:35,411 - INFO - tesseract 结果: lock
2026-01-07 07:22:35,472 - INFO - easyocr alt1 结果: ['IQcF(0.58)']
2026-01-07 07:22:35,570 - INFO - tesseract alt1 结果: locf
2026-01-07 07:22:35,631 - INFO - easyocr alt2 结果: ['IQcF(0.82)']
2026-01-07 07:22:35,729 - INFO - tesseract alt2 结果: locf
2026-01-07 07:22:35,885 - INFO - easyocr alt3 结果: ['IQCF(0.95)']
2026-01-07 07:22:35,996 - INFO - tesseract alt3 结果: locF
2026-01-07 07:22:36,056 - INFO - easyocr alt4 结果: ['IQCF(0.81)']
2026-01-07 07:22:36,151 - INFO - tesseract alt4 结果: lack
2026-01-07 07:22:36,212 - INFO - easyocr alt5 结果: ['IQCF(0.80)']
2026-01-07 07:22:36,308 - INFO - tesseract alt5 结果: lock
2026-01-07 07:22:36,308 - INFO - 最终验证码识别结果: IQCF (engine=easyocr_alt3, prob=0.9540330767631531)
2026-01-07 07:22:36,308 - INFO - 查找验证码输入框...
2026-01-07 07:22:36,366 - INFO - 验证码填写完成
2026-01-07 07:22:36,366 - INFO - 验证码填写完成，点击登录按钮...
2026-01-07 07:22:36,366 - INFO - 查找并点击登录按钮...
2026-01-07 07:22:36,746 - INFO - 已点击登录按钮
2026-01-07 07:22:43,768 - INFO - 开始填写登录表单...
2026-01-07 07:22:43,831 - INFO - 用户名填写完成
2026-01-07 07:22:43,893 - INFO - 密码填写完成
2026-01-07 07:22:43,894 - INFO - 验证码图片已保存到 /home/runner/work/nju_electric_monitor/nju_electric_monitor/src/../data/captcha_debug.png
2026-01-07 07:22:43,894 - INFO - 验证码识别尝试 10/30
2026-01-07 07:22:43,894 - INFO - 开始识别验证码...（easyocr + pytesseract）
2026-01-07 07:22:43,997 - INFO - easyocr 结果: ['IQcF(0.89)']
2026-01-07 07:22:44,094 - INFO - tesseract 结果: lock
2026-01-07 07:22:44,155 - INFO - easyocr alt1 结果: ['IQcF(0.58)']
2026-01-07 07:22:44,251 - INFO - tesseract alt1 结果: locf
2026-01-07 07:22:44,312 - INFO - easyocr alt2 结果: ['IQcF(0.82)']
2026-01-07 07:22:44,409 - INFO - tesseract alt2 结果: locf
2026-01-07 07:22:44,566 - INFO - easyocr alt3 结果: ['IQCF(0.95)']
2026-01-07 07:22:44,675 - INFO - tesseract alt3 结果: locF
2026-01-07 07:22:44,735 - INFO - easyocr alt4 结果: ['IQCF(0.81)']
2026-01-07 07:22:44,833 - INFO - tesseract alt4 结果: lack
2026-01-07 07:22:44,894 - INFO - easyocr alt5 结果: ['IQCF(0.80)']
2026-01-07 07:22:44,990 - INFO - tesseract alt5 结果: lock
2026-01-07 07:22:44,990 - INFO - 最终验证码识别结果: IQCF (engine=easyocr_alt3, prob=0.9540330767631531)
2026-01-07 07:22:44,990 - INFO - 查找验证码输入框...
2026-01-07 07:22:45,047 - INFO - 验证码填写完成
2026-01-07 07:22:45,047 - INFO - 验证码填写完成，点击登录按钮...
2026-01-07 07:22:45,047 - INFO - 查找并点击登录按钮...
2026-01-07 07:22:45,430 - INFO - 已点击登录按钮
2026-01-07 07:22:52,450 - INFO - 开始填写登录表单...
2026-01-07 07:22:52,511 - INFO - 用户名填写完成
2026-01-07 07:22:52,572 - INFO - 密码填写完成
2026-01-07 07:22:52,572 - INFO - 验证码图片已保存到 /home/runner/work/nju_electric_monitor/nju_electric_monitor/src/../data/captcha_debug.png
2026-01-07 07:22:52,572 - INFO - 验证码识别尝试 11/30
2026-01-07 07:22:52,572 - INFO - 开始识别验证码...（easyocr + pytesseract）
2026-01-07 07:22:52,670 - INFO - easyocr 结果: ['IQcF(0.89)']
2026-01-07 07:22:52,766 - INFO - tesseract 结果: lock
2026-01-07 07:22:52,828 - INFO - easyocr alt1 结果: ['IQcF(0.58)']
2026-01-07 07:22:52,924 - INFO - tesseract alt1 结果: locf
2026-01-07 07:22:52,983 - INFO - easyocr alt2 结果: ['IQcF(0.82)']
2026-01-07 07:22:53,081 - INFO - tesseract alt2 结果: locf
2026-01-07 07:22:53,235 - INFO - easyocr alt3 结果: ['IQCF(0.95)']
2026-01-07 07:22:53,344 - INFO - tesseract alt3 结果: locF
2026-01-07 07:22:53,402 - INFO - easyocr alt4 结果: ['IQCF(0.81)']
2026-01-07 07:22:53,496 - INFO - tesseract alt4 结果: lack
2026-01-07 07:22:53,555 - INFO - easyocr alt5 结果: ['IQCF(0.80)']
2026-01-07 07:22:53,650 - INFO - tesseract alt5 结果: lock
2026-01-07 07:22:53,650 - INFO - 最终验证码识别结果: IQCF (engine=easyocr_alt3, prob=0.9540330767631531)
2026-01-07 07:22:53,650 - INFO - 查找验证码输入框...
2026-01-07 07:22:53,708 - INFO - 验证码填写完成
2026-01-07 07:22:53,708 - INFO - 验证码填写完成，点击登录按钮...
2026-01-07 07:22:53,708 - INFO - 查找并点击登录按钮...
2026-01-07 07:22:53,765 - INFO - 已点击登录按钮
2026-01-07 07:23:00,786 - INFO - 开始填写登录表单...
2026-01-07 07:23:00,848 - INFO - 用户名填写完成
2026-01-07 07:23:00,908 - INFO - 密码填写完成
2026-01-07 07:23:00,909 - INFO - 验证码图片已保存到 /home/runner/work/nju_electric_monitor/nju_electric_monitor/src/../data/captcha_debug.png
2026-01-07 07:23:00,909 - INFO - 验证码识别尝试 12/30
2026-01-07 07:23:00,909 - INFO - 开始识别验证码...（easyocr + pytesseract）
2026-01-07 07:23:01,005 - INFO - easyocr 结果: ['IQcF(0.89)']
2026-01-07 07:23:01,099 - INFO - tesseract 结果: lock
2026-01-07 07:23:01,159 - INFO - easyocr alt1 结果: ['IQcF(0.58)']
2026-01-07 07:23:01,254 - INFO - tesseract alt1 结果: locf
2026-01-07 07:23:01,313 - INFO - easyocr alt2 结果: ['IQcF(0.82)']
2026-01-07 07:23:01,412 - INFO - tesseract alt2 结果: locf
2026-01-07 07:23:01,569 - INFO - easyocr alt3 结果: ['IQCF(0.95)']
2026-01-07 07:23:01,679 - INFO - tesseract alt3 结果: locF
2026-01-07 07:23:01,739 - INFO - easyocr alt4 结果: ['IQCF(0.81)']
2026-01-07 07:23:01,835 - INFO - tesseract alt4 结果: lack
2026-01-07 07:23:01,894 - INFO - easyocr alt5 结果: ['IQCF(0.80)']
2026-01-07 07:23:01,989 - INFO - tesseract alt5 结果: lock
2026-01-07 07:23:01,989 - INFO - 最终验证码识别结果: IQCF (engine=easyocr_alt3, prob=0.9540330767631531)
2026-01-07 07:23:01,989 - INFO - 查找验证码输入框...
2026-01-07 07:23:02,047 - INFO - 验证码填写完成
2026-01-07 07:23:02,047 - INFO - 验证码填写完成，点击登录按钮...
2026-01-07 07:23:02,047 - INFO - 查找并点击登录按钮...
2026-01-07 07:23:02,443 - INFO - 已点击登录按钮
2026-01-07 07:23:09,464 - INFO - 开始填写登录表单...
2026-01-07 07:23:09,526 - INFO - 用户名填写完成
2026-01-07 07:23:09,588 - INFO - 密码填写完成
2026-01-07 07:23:09,589 - INFO - 验证码图片已保存到 /home/runner/work/nju_electric_monitor/nju_electric_monitor/src/../data/captcha_debug.png
2026-01-07 07:23:09,589 - INFO - 验证码识别尝试 13/30
2026-01-07 07:23:09,589 - INFO - 开始识别验证码...（easyocr + pytesseract）
2026-01-07 07:23:09,684 - INFO - easyocr 结果: ['IQcF(0.89)']
2026-01-07 07:23:09,779 - INFO - tesseract 结果: lock
2026-01-07 07:23:09,839 - INFO - easyocr alt1 结果: ['IQcF(0.58)']
2026-01-07 07:23:09,936 - INFO - tesseract alt1 结果: locf
2026-01-07 07:23:09,995 - INFO - easyocr alt2 结果: ['IQcF(0.82)']
2026-01-07 07:23:10,091 - INFO - tesseract alt2 结果: locf
2026-01-07 07:23:10,247 - INFO - easyocr alt3 结果: ['IQCF(0.95)']
2026-01-07 07:23:10,356 - INFO - tesseract alt3 结果: locF
2026-01-07 07:23:10,415 - INFO - easyocr alt4 结果: ['IQCF(0.81)']
2026-01-07 07:23:10,513 - INFO - tesseract alt4 结果: lack
2026-01-07 07:23:10,576 - INFO - easyocr alt5 结果: ['IQCF(0.80)']
2026-01-07 07:23:10,673 - INFO - tesseract alt5 结果: lock
2026-01-07 07:23:10,674 - INFO - 最终验证码识别结果: IQCF (engine=easyocr_alt3, prob=0.9540330767631531)
2026-01-07 07:23:10,674 - INFO - 查找验证码输入框...
2026-01-07 07:23:10,732 - INFO - 验证码填写完成
2026-01-07 07:23:10,732 - INFO - 验证码填写完成，点击登录按钮...
2026-01-07 07:23:10,732 - INFO - 查找并点击登录按钮...
2026-01-07 07:23:11,114 - INFO - 已点击登录按钮
2026-01-07 07:23:18,135 - INFO - 开始填写登录表单...
2026-01-07 07:23:18,201 - INFO - 用户名填写完成
2026-01-07 07:23:18,263 - INFO - 密码填写完成
2026-01-07 07:23:18,264 - INFO - 验证码图片已保存到 /home/runner/work/nju_electric_monitor/nju_electric_monitor/src/../data/captcha_debug.png
2026-01-07 07:23:18,264 - INFO - 验证码识别尝试 14/30
2026-01-07 07:23:18,264 - INFO - 开始识别验证码...（easyocr + pytesseract）
2026-01-07 07:23:18,372 - INFO - easyocr 结果: ['IQcF(0.89)']
2026-01-07 07:23:18,468 - INFO - tesseract 结果: lock
2026-01-07 07:23:18,528 - INFO - easyocr alt1 结果: ['IQcF(0.58)']
2026-01-07 07:23:18,622 - INFO - tesseract alt1 结果: locf
2026-01-07 07:23:18,681 - INFO - easyocr alt2 结果: ['IQcF(0.82)']
2026-01-07 07:23:18,777 - INFO - tesseract alt2 结果: locf
2026-01-07 07:23:18,944 - INFO - easyocr alt3 结果: ['IQCF(0.95)']
2026-01-07 07:23:19,054 - INFO - tesseract alt3 结果: locF
2026-01-07 07:23:19,114 - INFO - easyocr alt4 结果: ['IQCF(0.81)']
2026-01-07 07:23:19,210 - INFO - tesseract alt4 结果: lack
2026-01-07 07:23:19,269 - INFO - easyocr alt5 结果: ['IQCF(0.80)']
2026-01-07 07:23:19,363 - INFO - tesseract alt5 结果: lock
2026-01-07 07:23:19,364 - INFO - 最终验证码识别结果: IQCF (engine=easyocr_alt3, prob=0.9540330767631531)
2026-01-07 07:23:19,364 - INFO - 查找验证码输入框...
2026-01-07 07:23:19,423 - INFO - 验证码填写完成
2026-01-07 07:23:19,423 - INFO - 验证码填写完成，点击登录按钮...
2026-01-07 07:23:19,423 - INFO - 查找并点击登录按钮...
2026-01-07 07:23:19,481 - INFO - 已点击登录按钮
2026-01-07 07:23:26,502 - INFO - 开始填写登录表单...
2026-01-07 07:23:26,564 - INFO - 用户名填写完成
2026-01-07 07:23:26,627 - INFO - 密码填写完成
2026-01-07 07:23:26,627 - INFO - 验证码图片已保存到 /home/runner/work/nju_electric_monitor/nju_electric_monitor/src/../data/captcha_debug.png
2026-01-07 07:23:26,627 - INFO - 验证码识别尝试 15/30
2026-01-07 07:23:26,627 - INFO - 开始识别验证码...（easyocr + pytesseract）
2026-01-07 07:23:26,724 - INFO - easyocr 结果: ['IQcF(0.89)']
2026-01-07 07:23:26,818 - INFO - tesseract 结果: lock
2026-01-07 07:23:26,879 - INFO - easyocr alt1 结果: ['IQcF(0.58)']
2026-01-07 07:23:26,974 - INFO - tesseract alt1 结果: locf
2026-01-07 07:23:27,034 - INFO - easyocr alt2 结果: ['IQcF(0.82)']
2026-01-07 07:23:27,132 - INFO - tesseract alt2 结果: locf
2026-01-07 07:23:27,289 - INFO - easyocr alt3 结果: ['IQCF(0.95)']
2026-01-07 07:23:27,403 - INFO - tesseract alt3 结果: locF
2026-01-07 07:23:27,463 - INFO - easyocr alt4 结果: ['IQCF(0.81)']
2026-01-07 07:23:27,559 - INFO - tesseract alt4 结果: lack
2026-01-07 07:23:27,618 - INFO - easyocr alt5 结果: ['IQCF(0.80)']
2026-01-07 07:23:27,714 - INFO - tesseract alt5 结果: lock
2026-01-07 07:23:27,714 - INFO - 最终验证码识别结果: IQCF (engine=easyocr_alt3, prob=0.9540330767631531)
2026-01-07 07:23:27,714 - INFO - 查找验证码输入框...
2026-01-07 07:23:27,773 - INFO - 验证码填写完成
2026-01-07 07:23:27,773 - INFO - 验证码填写完成，点击登录按钮...
2026-01-07 07:23:27,773 - INFO - 查找并点击登录按钮...
2026-01-07 07:23:27,830 - INFO - 已点击登录按钮
2026-01-07 07:23:34,850 - INFO - 开始填写登录表单...
2026-01-07 07:23:34,911 - INFO - 用户名填写完成
2026-01-07 07:23:34,971 - INFO - 密码填写完成
2026-01-07 07:23:34,972 - INFO - 验证码图片已保存到 /home/runner/work/nju_electric_monitor/nju_electric_monitor/src/../data/captcha_debug.png
2026-01-07 07:23:34,972 - INFO - 验证码识别尝试 16/30
2026-01-07 07:23:34,972 - INFO - 开始识别验证码...（easyocr + pytesseract）
2026-01-07 07:23:35,070 - INFO - easyocr 结果: ['IQcF(0.89)']
2026-01-07 07:23:35,165 - INFO - tesseract 结果: lock
2026-01-07 07:23:35,226 - INFO - easyocr alt1 结果: ['IQcF(0.58)']
2026-01-07 07:23:35,321 - INFO - tesseract alt1 结果: locf
2026-01-07 07:23:35,380 - INFO - easyocr alt2 结果: ['IQcF(0.82)']
2026-01-07 07:23:35,474 - INFO - tesseract alt2 结果: locf
2026-01-07 07:23:35,629 - INFO - easyocr alt3 结果: ['IQCF(0.95)']
2026-01-07 07:23:35,736 - INFO - tesseract alt3 结果: locF
2026-01-07 07:23:35,795 - INFO - easyocr alt4 结果: ['IQCF(0.81)']
2026-01-07 07:23:35,889 - INFO - tesseract alt4 结果: lack
2026-01-07 07:23:35,948 - INFO - easyocr alt5 结果: ['IQCF(0.80)']
2026-01-07 07:23:36,042 - INFO - tesseract alt5 结果: lock
2026-01-07 07:23:36,042 - INFO - 最终验证码识别结果: IQCF (engine=easyocr_alt3, prob=0.9540330767631531)
2026-01-07 07:23:36,042 - INFO - 查找验证码输入框...
2026-01-07 07:23:36,098 - INFO - 验证码填写完成
2026-01-07 07:23:36,098 - INFO - 验证码填写完成，点击登录按钮...
2026-01-07 07:23:36,098 - INFO - 查找并点击登录按钮...
2026-01-07 07:23:36,490 - INFO - 已点击登录按钮
2026-01-07 07:23:43,509 - INFO - 开始填写登录表单...
2026-01-07 07:23:43,569 - INFO - 用户名填写完成
2026-01-07 07:23:43,626 - INFO - 密码填写完成
2026-01-07 07:23:43,627 - INFO - 验证码图片已保存到 /home/runner/work/nju_electric_monitor/nju_electric_monitor/src/../data/captcha_debug.png
2026-01-07 07:23:43,627 - INFO - 验证码识别尝试 17/30
2026-01-07 07:23:43,627 - INFO - 开始识别验证码...（easyocr + pytesseract）
2026-01-07 07:23:43,722 - INFO - easyocr 结果: ['IQcF(0.89)']
2026-01-07 07:23:43,822 - INFO - tesseract 结果: lock
2026-01-07 07:23:43,882 - INFO - easyocr alt1 结果: ['IQcF(0.58)']
2026-01-07 07:23:43,976 - INFO - tesseract alt1 结果: locf
2026-01-07 07:23:44,035 - INFO - easyocr alt2 结果: ['IQcF(0.82)']
2026-01-07 07:23:44,128 - INFO - tesseract alt2 结果: locf
2026-01-07 07:23:44,281 - INFO - easyocr alt3 结果: ['IQCF(0.95)']
2026-01-07 07:23:44,388 - INFO - tesseract alt3 结果: locF
2026-01-07 07:23:44,447 - INFO - easyocr alt4 结果: ['IQCF(0.81)']
2026-01-07 07:23:44,542 - INFO - tesseract alt4 结果: lack
2026-01-07 07:23:44,602 - INFO - easyocr alt5 结果: ['IQCF(0.80)']
2026-01-07 07:23:44,696 - INFO - tesseract alt5 结果: lock
2026-01-07 07:23:44,696 - INFO - 最终验证码识别结果: IQCF (engine=easyocr_alt3, prob=0.9540330767631531)
2026-01-07 07:23:44,696 - INFO - 查找验证码输入框...
2026-01-07 07:23:44,754 - INFO - 验证码填写完成
2026-01-07 07:23:44,754 - INFO - 验证码填写完成，点击登录按钮...
2026-01-07 07:23:44,754 - INFO - 查找并点击登录按钮...
2026-01-07 07:23:44,810 - INFO - 已点击登录按钮
2026-01-07 07:23:51,830 - INFO - 开始填写登录表单...
2026-01-07 07:23:51,891 - INFO - 用户名填写完成
2026-01-07 07:23:51,947 - INFO - 密码填写完成
2026-01-07 07:23:51,948 - INFO - 验证码图片已保存到 /home/runner/work/nju_electric_monitor/nju_electric_monitor/src/../data/captcha_debug.png
2026-01-07 07:23:51,948 - INFO - 验证码识别尝试 18/30
2026-01-07 07:23:51,948 - INFO - 开始识别验证码...（easyocr + pytesseract）
2026-01-07 07:23:52,045 - INFO - easyocr 结果: ['IQcF(0.89)']
2026-01-07 07:23:52,144 - INFO - tesseract 结果: lock
2026-01-07 07:23:52,204 - INFO - easyocr alt1 结果: ['IQcF(0.58)']
2026-01-07 07:23:52,298 - INFO - tesseract alt1 结果: locf
2026-01-07 07:23:52,356 - INFO - easyocr alt2 结果: ['IQcF(0.82)']
2026-01-07 07:23:52,451 - INFO - tesseract alt2 结果: locf
2026-01-07 07:23:52,604 - INFO - easyocr alt3 结果: ['IQCF(0.95)']
2026-01-07 07:23:52,713 - INFO - tesseract alt3 结果: locF
2026-01-07 07:23:52,771 - INFO - easyocr alt4 结果: ['IQCF(0.81)']
2026-01-07 07:23:52,872 - INFO - tesseract alt4 结果: lack
2026-01-07 07:23:52,930 - INFO - easyocr alt5 结果: ['IQCF(0.80)']
2026-01-07 07:23:53,026 - INFO - tesseract alt5 结果: lock
2026-01-07 07:23:53,027 - INFO - 最终验证码识别结果: IQCF (engine=easyocr_alt3, prob=0.9540330767631531)
2026-01-07 07:23:53,027 - INFO - 查找验证码输入框...
2026-01-07 07:23:53,082 - INFO - 验证码填写完成
2026-01-07 07:23:53,082 - INFO - 验证码填写完成，点击登录按钮...
2026-01-07 07:23:53,082 - INFO - 查找并点击登录按钮...
2026-01-07 07:23:53,479 - INFO - 已点击登录按钮
2026-01-07 07:24:00,498 - INFO - 开始填写登录表单...
2026-01-07 07:24:00,558 - INFO - 用户名填写完成
2026-01-07 07:24:00,615 - INFO - 密码填写完成
2026-01-07 07:24:00,615 - INFO - 验证码图片已保存到 /home/runner/work/nju_electric_monitor/nju_electric_monitor/src/../data/captcha_debug.png
2026-01-07 07:24:00,615 - INFO - 验证码识别尝试 19/30
2026-01-07 07:24:00,615 - INFO - 开始识别验证码...（easyocr + pytesseract）
2026-01-07 07:24:00,711 - INFO - easyocr 结果: ['IQcF(0.89)']
2026-01-07 07:24:00,807 - INFO - tesseract 结果: lock
2026-01-07 07:24:00,867 - INFO - easyocr alt1 结果: ['IQcF(0.58)']
2026-01-07 07:24:00,963 - INFO - tesseract alt1 结果: locf
2026-01-07 07:24:01,021 - INFO - easyocr alt2 结果: ['IQcF(0.82)']
2026-01-07 07:24:01,116 - INFO - tesseract alt2 结果: locf
2026-01-07 07:24:01,289 - INFO - easyocr alt3 结果: ['IQCF(0.95)']
2026-01-07 07:24:01,399 - INFO - tesseract alt3 结果: locF
2026-01-07 07:24:01,458 - INFO - easyocr alt4 结果: ['IQCF(0.81)']
2026-01-07 07:24:01,553 - INFO - tesseract alt4 结果: lack
2026-01-07 07:24:01,612 - INFO - easyocr alt5 结果: ['IQCF(0.80)']
2026-01-07 07:24:01,707 - INFO - tesseract alt5 结果: lock
2026-01-07 07:24:01,707 - INFO - 最终验证码识别结果: IQCF (engine=easyocr_alt3, prob=0.9540330767631531)
2026-01-07 07:24:01,707 - INFO - 查找验证码输入框...
2026-01-07 07:24:01,762 - INFO - 验证码填写完成
2026-01-07 07:24:01,762 - INFO - 验证码填写完成，点击登录按钮...
2026-01-07 07:24:01,763 - INFO - 查找并点击登录按钮...
2026-01-07 07:24:02,144 - INFO - 已点击登录按钮
2026-01-07 07:24:09,164 - INFO - 开始填写登录表单...
2026-01-07 07:24:09,226 - INFO - 用户名填写完成
2026-01-07 07:24:09,285 - INFO - 密码填写完成
2026-01-07 07:24:09,286 - INFO - 验证码图片已保存到 /home/runner/work/nju_electric_monitor/nju_electric_monitor/src/../data/captcha_debug.png
2026-01-07 07:24:09,286 - INFO - 验证码识别尝试 20/30
2026-01-07 07:24:09,286 - INFO - 开始识别验证码...（easyocr + pytesseract）
2026-01-07 07:24:09,382 - INFO - easyocr 结果: ['IQcF(0.89)']
2026-01-07 07:24:09,482 - INFO - tesseract 结果: lock
2026-01-07 07:24:09,542 - INFO - easyocr alt1 结果: ['IQcF(0.58)']
2026-01-07 07:24:09,635 - INFO - tesseract alt1 结果: locf
2026-01-07 07:24:09,695 - INFO - easyocr alt2 结果: ['IQcF(0.82)']
2026-01-07 07:24:09,788 - INFO - tesseract alt2 结果: locf
2026-01-07 07:24:09,943 - INFO - easyocr alt3 结果: ['IQCF(0.95)']
2026-01-07 07:24:10,056 - INFO - tesseract alt3 结果: locF
2026-01-07 07:24:10,116 - INFO - easyocr alt4 结果: ['IQCF(0.81)']
2026-01-07 07:24:10,212 - INFO - tesseract alt4 结果: lack
2026-01-07 07:24:10,272 - INFO - easyocr alt5 结果: ['IQCF(0.80)']
2026-01-07 07:24:10,371 - INFO - tesseract alt5 结果: lock
2026-01-07 07:24:10,372 - INFO - 最终验证码识别结果: IQCF (engine=easyocr_alt3, prob=0.9540330767631531)
2026-01-07 07:24:10,372 - INFO - 查找验证码输入框...
2026-01-07 07:24:10,428 - INFO - 验证码填写完成
2026-01-07 07:24:10,428 - INFO - 验证码填写完成，点击登录按钮...
2026-01-07 07:24:10,428 - INFO - 查找并点击登录按钮...
2026-01-07 07:24:10,807 - INFO - 已点击登录按钮
2026-01-07 07:24:17,827 - INFO - 开始填写登录表单...
2026-01-07 07:24:17,889 - INFO - 用户名填写完成
2026-01-07 07:24:17,948 - INFO - 密码填写完成
2026-01-07 07:24:17,948 - INFO - 验证码图片已保存到 /home/runner/work/nju_electric_monitor/nju_electric_monitor/src/../data/captcha_debug.png
2026-01-07 07:24:17,948 - INFO - 验证码识别尝试 21/30
2026-01-07 07:24:17,948 - INFO - 开始识别验证码...（easyocr + pytesseract）
2026-01-07 07:24:18,051 - INFO - easyocr 结果: ['IQcF(0.89)']
2026-01-07 07:24:18,147 - INFO - tesseract 结果: lock
2026-01-07 07:24:18,208 - INFO - easyocr alt1 结果: ['IQcF(0.58)']
2026-01-07 07:24:18,308 - INFO - tesseract alt1 结果: locf
2026-01-07 07:24:18,366 - INFO - easyocr alt2 结果: ['IQcF(0.82)']
2026-01-07 07:24:18,460 - INFO - tesseract alt2 结果: locf
2026-01-07 07:24:18,616 - INFO - easyocr alt3 结果: ['IQCF(0.95)']
2026-01-07 07:24:18,726 - INFO - tesseract alt3 结果: locF
2026-01-07 07:24:18,786 - INFO - easyocr alt4 结果: ['IQCF(0.81)']
2026-01-07 07:24:18,880 - INFO - tesseract alt4 结果: lack
2026-01-07 07:24:18,941 - INFO - easyocr alt5 结果: ['IQCF(0.80)']
2026-01-07 07:24:19,042 - INFO - tesseract alt5 结果: lock
2026-01-07 07:24:19,042 - INFO - 最终验证码识别结果: IQCF (engine=easyocr_alt3, prob=0.9540330767631531)
2026-01-07 07:24:19,042 - INFO - 查找验证码输入框...
2026-01-07 07:24:19,099 - INFO - 验证码填写完成
2026-01-07 07:24:19,099 - INFO - 验证码填写完成，点击登录按钮...
2026-01-07 07:24:19,099 - INFO - 查找并点击登录按钮...
2026-01-07 07:24:19,492 - INFO - 已点击登录按钮
2026-01-07 07:24:26,512 - INFO - 开始填写登录表单...
2026-01-07 07:24:26,572 - INFO - 用户名填写完成
2026-01-07 07:24:26,629 - INFO - 密码填写完成
2026-01-07 07:24:26,630 - INFO - 验证码图片已保存到 /home/runner/work/nju_electric_monitor/nju_electric_monitor/src/../data/captcha_debug.png
2026-01-07 07:24:26,630 - INFO - 验证码识别尝试 22/30
2026-01-07 07:24:26,630 - INFO - 开始识别验证码...（easyocr + pytesseract）
2026-01-07 07:24:26,736 - INFO - easyocr 结果: ['IQcF(0.89)']
2026-01-07 07:24:26,831 - INFO - tesseract 结果: lock
2026-01-07 07:24:26,891 - INFO - easyocr alt1 结果: ['IQcF(0.58)']
2026-01-07 07:24:26,989 - INFO - tesseract alt1 结果: locf
2026-01-07 07:24:27,048 - INFO - easyocr alt2 结果: ['IQcF(0.82)']
2026-01-07 07:24:27,143 - INFO - tesseract alt2 结果: locf
2026-01-07 07:24:27,298 - INFO - easyocr alt3 结果: ['IQCF(0.95)']
2026-01-07 07:24:27,405 - INFO - tesseract alt3 结果: locF
2026-01-07 07:24:27,463 - INFO - easyocr alt4 结果: ['IQCF(0.81)']
2026-01-07 07:24:27,558 - INFO - tesseract alt4 结果: lack
2026-01-07 07:24:27,617 - INFO - easyocr alt5 结果: ['IQCF(0.80)']
2026-01-07 07:24:27,714 - INFO - tesseract alt5 结果: lock
2026-01-07 07:24:27,714 - INFO - 最终验证码识别结果: IQCF (engine=easyocr_alt3, prob=0.9540330767631531)
2026-01-07 07:24:27,714 - INFO - 查找验证码输入框...
2026-01-07 07:24:27,771 - INFO - 验证码填写完成
2026-01-07 07:24:27,771 - INFO - 验证码填写完成，点击登录按钮...
2026-01-07 07:24:27,771 - INFO - 查找并点击登录按钮...
2026-01-07 07:24:27,826 - INFO - 已点击登录按钮
2026-01-07 07:24:34,846 - INFO - 开始填写登录表单...
2026-01-07 07:24:34,907 - INFO - 用户名填写完成
2026-01-07 07:24:34,965 - INFO - 密码填写完成
2026-01-07 07:24:34,965 - INFO - 验证码图片已保存到 /home/runner/work/nju_electric_monitor/nju_electric_monitor/src/../data/captcha_debug.png
2026-01-07 07:24:34,965 - INFO - 验证码识别尝试 23/30
2026-01-07 07:24:34,966 - INFO - 开始识别验证码...（easyocr + pytesseract）
2026-01-07 07:24:35,062 - INFO - easyocr 结果: ['IQcF(0.89)']
2026-01-07 07:24:35,157 - INFO - tesseract 结果: lock
2026-01-07 07:24:35,217 - INFO - easyocr alt1 结果: ['IQcF(0.58)']
2026-01-07 07:24:35,312 - INFO - tesseract alt1 结果: locf
2026-01-07 07:24:35,370 - INFO - easyocr alt2 结果: ['IQcF(0.82)']
2026-01-07 07:24:35,466 - INFO - tesseract alt2 结果: locf
2026-01-07 07:24:35,620 - INFO - easyocr alt3 结果: ['IQCF(0.95)']
2026-01-07 07:24:35,728 - INFO - tesseract alt3 结果: locF
2026-01-07 07:24:35,787 - INFO - easyocr alt4 结果: ['IQCF(0.81)']
2026-01-07 07:24:35,881 - INFO - tesseract alt4 结果: lack
2026-01-07 07:24:35,941 - INFO - easyocr alt5 结果: ['IQCF(0.80)']
2026-01-07 07:24:36,038 - INFO - tesseract alt5 结果: lock
2026-01-07 07:24:36,038 - INFO - 最终验证码识别结果: IQCF (engine=easyocr_alt3, prob=0.9540330767631531)
2026-01-07 07:24:36,038 - INFO - 查找验证码输入框...
2026-01-07 07:24:36,094 - INFO - 验证码填写完成
2026-01-07 07:24:36,095 - INFO - 验证码填写完成，点击登录按钮...
2026-01-07 07:24:36,095 - INFO - 查找并点击登录按钮...
2026-01-07 07:24:36,489 - INFO - 已点击登录按钮
2026-01-07 07:24:43,510 - INFO - 开始填写登录表单...
2026-01-07 07:24:43,572 - INFO - 用户名填写完成
2026-01-07 07:24:43,631 - INFO - 密码填写完成
2026-01-07 07:24:43,632 - INFO - 验证码图片已保存到 /home/runner/work/nju_electric_monitor/nju_electric_monitor/src/../data/captcha_debug.png
2026-01-07 07:24:43,632 - INFO - 验证码识别尝试 24/30
2026-01-07 07:24:43,632 - INFO - 开始识别验证码...（easyocr + pytesseract）
2026-01-07 07:24:43,730 - INFO - easyocr 结果: ['IQcF(0.89)']
2026-01-07 07:24:43,827 - INFO - tesseract 结果: lock
2026-01-07 07:24:43,889 - INFO - easyocr alt1 结果: ['IQcF(0.58)']
2026-01-07 07:24:43,984 - INFO - tesseract alt1 结果: locf
2026-01-07 07:24:44,044 - INFO - easyocr alt2 结果: ['IQcF(0.82)']
2026-01-07 07:24:44,139 - INFO - tesseract alt2 结果: locf
2026-01-07 07:24:44,295 - INFO - easyocr alt3 结果: ['IQCF(0.95)']
2026-01-07 07:24:44,403 - INFO - tesseract alt3 结果: locF
2026-01-07 07:24:44,465 - INFO - easyocr alt4 结果: ['IQCF(0.81)']
2026-01-07 07:24:44,562 - INFO - tesseract alt4 结果: lack
2026-01-07 07:24:44,621 - INFO - easyocr alt5 结果: ['IQCF(0.80)']
2026-01-07 07:24:44,718 - INFO - tesseract alt5 结果: lock
2026-01-07 07:24:44,718 - INFO - 最终验证码识别结果: IQCF (engine=easyocr_alt3, prob=0.9540330767631531)
2026-01-07 07:24:44,718 - INFO - 查找验证码输入框...
2026-01-07 07:24:44,776 - INFO - 验证码填写完成
2026-01-07 07:24:44,777 - INFO - 验证码填写完成，点击登录按钮...
2026-01-07 07:24:44,777 - INFO - 查找并点击登录按钮...
2026-01-07 07:24:45,198 - INFO - 已点击登录按钮
2026-01-07 07:24:52,219 - INFO - 开始填写登录表单...
2026-01-07 07:24:52,280 - INFO - 用户名填写完成
2026-01-07 07:24:52,338 - INFO - 密码填写完成
2026-01-07 07:24:52,339 - INFO - 验证码图片已保存到 /home/runner/work/nju_electric_monitor/nju_electric_monitor/src/../data/captcha_debug.png
2026-01-07 07:24:52,339 - INFO - 验证码识别尝试 25/30
2026-01-07 07:24:52,339 - INFO - 开始识别验证码...（easyocr + pytesseract）
2026-01-07 07:24:52,454 - INFO - easyocr 结果: ['IQcF(0.89)']
2026-01-07 07:24:52,550 - INFO - tesseract 结果: lock
2026-01-07 07:24:52,611 - INFO - easyocr alt1 结果: ['IQcF(0.58)']
2026-01-07 07:24:52,708 - INFO - tesseract alt1 结果: locf
2026-01-07 07:24:52,769 - INFO - easyocr alt2 结果: ['IQcF(0.82)']
2026-01-07 07:24:52,867 - INFO - tesseract alt2 结果: locf
2026-01-07 07:24:53,022 - INFO - easyocr alt3 结果: ['IQCF(0.95)']
2026-01-07 07:24:53,130 - INFO - tesseract alt3 结果: locF
2026-01-07 07:24:53,189 - INFO - easyocr alt4 结果: ['IQCF(0.81)']
2026-01-07 07:24:53,286 - INFO - tesseract alt4 结果: lack
2026-01-07 07:24:53,345 - INFO - easyocr alt5 结果: ['IQCF(0.80)']
2026-01-07 07:24:53,440 - INFO - tesseract alt5 结果: lock
2026-01-07 07:24:53,440 - INFO - 最终验证码识别结果: IQCF (engine=easyocr_alt3, prob=0.9540330767631531)
2026-01-07 07:24:53,440 - INFO - 查找验证码输入框...
2026-01-07 07:24:53,495 - INFO - 验证码填写完成
2026-01-07 07:24:53,496 - INFO - 验证码填写完成，点击登录按钮...
2026-01-07 07:24:53,496 - INFO - 查找并点击登录按钮...
2026-01-07 07:24:53,876 - INFO - 已点击登录按钮
2026-01-07 07:25:00,895 - INFO - 开始填写登录表单...
2026-01-07 07:25:00,958 - INFO - 用户名填写完成
2026-01-07 07:25:01,016 - INFO - 密码填写完成
2026-01-07 07:25:01,017 - INFO - 验证码图片已保存到 /home/runner/work/nju_electric_monitor/nju_electric_monitor/src/../data/captcha_debug.png
2026-01-07 07:25:01,017 - INFO - 验证码识别尝试 26/30
2026-01-07 07:25:01,017 - INFO - 开始识别验证码...（easyocr + pytesseract）
2026-01-07 07:25:01,114 - INFO - easyocr 结果: ['IQcF(0.89)']
2026-01-07 07:25:01,212 - INFO - tesseract 结果: lock
2026-01-07 07:25:01,273 - INFO - easyocr alt1 结果: ['IQcF(0.58)']
2026-01-07 07:25:01,369 - INFO - tesseract alt1 结果: locf
2026-01-07 07:25:01,429 - INFO - easyocr alt2 结果: ['IQcF(0.82)']
2026-01-07 07:25:01,522 - INFO - tesseract alt2 结果: locf
2026-01-07 07:25:01,678 - INFO - easyocr alt3 结果: ['IQCF(0.95)']
2026-01-07 07:25:01,793 - INFO - tesseract alt3 结果: locF
2026-01-07 07:25:01,860 - INFO - easyocr alt4 结果: ['IQCF(0.81)']
2026-01-07 07:25:01,953 - INFO - tesseract alt4 结果: lack
2026-01-07 07:25:02,012 - INFO - easyocr alt5 结果: ['IQCF(0.80)']
2026-01-07 07:25:02,110 - INFO - tesseract alt5 结果: lock
2026-01-07 07:25:02,110 - INFO - 最终验证码识别结果: IQCF (engine=easyocr_alt3, prob=0.9540330767631531)
2026-01-07 07:25:02,110 - INFO - 查找验证码输入框...
2026-01-07 07:25:02,168 - INFO - 验证码填写完成
2026-01-07 07:25:02,168 - INFO - 验证码填写完成，点击登录按钮...
2026-01-07 07:25:02,168 - INFO - 查找并点击登录按钮...
2026-01-07 07:25:02,565 - INFO - 已点击登录按钮
2026-01-07 07:25:09,585 - INFO - 开始填写登录表单...
2026-01-07 07:25:09,645 - INFO - 用户名填写完成
2026-01-07 07:25:09,702 - INFO - 密码填写完成
2026-01-07 07:25:09,703 - INFO - 验证码图片已保存到 /home/runner/work/nju_electric_monitor/nju_electric_monitor/src/../data/captcha_debug.png
2026-01-07 07:25:09,703 - INFO - 验证码识别尝试 27/30
2026-01-07 07:25:09,703 - INFO - 开始识别验证码...（easyocr + pytesseract）
2026-01-07 07:25:09,799 - INFO - easyocr 结果: ['IQcF(0.89)']
2026-01-07 07:25:09,896 - INFO - tesseract 结果: lock
2026-01-07 07:25:09,956 - INFO - easyocr alt1 结果: ['IQcF(0.58)']
2026-01-07 07:25:10,053 - INFO - tesseract alt1 结果: locf
2026-01-07 07:25:10,112 - INFO - easyocr alt2 结果: ['IQcF(0.82)']
2026-01-07 07:25:10,210 - INFO - tesseract alt2 结果: locf
2026-01-07 07:25:10,364 - INFO - easyocr alt3 结果: ['IQCF(0.95)']
2026-01-07 07:25:10,473 - INFO - tesseract alt3 结果: locF
2026-01-07 07:25:10,532 - INFO - easyocr alt4 结果: ['IQCF(0.81)']
2026-01-07 07:25:10,627 - INFO - tesseract alt4 结果: lack
2026-01-07 07:25:10,693 - INFO - easyocr alt5 结果: ['IQCF(0.80)']
2026-01-07 07:25:10,791 - INFO - tesseract alt5 结果: lock
2026-01-07 07:25:10,791 - INFO - 最终验证码识别结果: IQCF (engine=easyocr_alt3, prob=0.9540330767631531)
2026-01-07 07:25:10,791 - INFO - 查找验证码输入框...
2026-01-07 07:25:10,847 - INFO - 验证码填写完成
2026-01-07 07:25:10,847 - INFO - 验证码填写完成，点击登录按钮...
2026-01-07 07:25:10,847 - INFO - 查找并点击登录按钮...
2026-01-07 07:25:11,231 - INFO - 已点击登录按钮
2026-01-07 07:25:18,250 - INFO - 开始填写登录表单...
2026-01-07 07:25:18,310 - INFO - 用户名填写完成
2026-01-07 07:25:18,369 - INFO - 密码填写完成
2026-01-07 07:25:18,370 - INFO - 验证码图片已保存到 /home/runner/work/nju_electric_monitor/nju_electric_monitor/src/../data/captcha_debug.png
2026-01-07 07:25:18,370 - INFO - 验证码识别尝试 28/30
2026-01-07 07:25:18,370 - INFO - 开始识别验证码...（easyocr + pytesseract）
2026-01-07 07:25:18,476 - INFO - easyocr 结果: ['IQcF(0.89)']
2026-01-07 07:25:18,571 - INFO - tesseract 结果: lock
2026-01-07 07:25:18,631 - INFO - easyocr alt1 结果: ['IQcF(0.58)']
2026-01-07 07:25:18,727 - INFO - tesseract alt1 结果: locf
2026-01-07 07:25:18,786 - INFO - easyocr alt2 结果: ['IQcF(0.82)']
2026-01-07 07:25:18,883 - INFO - tesseract alt2 结果: locf
2026-01-07 07:25:19,036 - INFO - easyocr alt3 结果: ['IQCF(0.95)']
2026-01-07 07:25:19,143 - INFO - tesseract alt3 结果: locF
2026-01-07 07:25:19,201 - INFO - easyocr alt4 结果: ['IQCF(0.81)']
2026-01-07 07:25:19,297 - INFO - tesseract alt4 结果: lack
2026-01-07 07:25:19,355 - INFO - easyocr alt5 结果: ['IQCF(0.80)']
2026-01-07 07:25:19,450 - INFO - tesseract alt5 结果: lock
2026-01-07 07:25:19,451 - INFO - 最终验证码识别结果: IQCF (engine=easyocr_alt3, prob=0.9540330767631531)
2026-01-07 07:25:19,451 - INFO - 查找验证码输入框...
2026-01-07 07:25:19,508 - INFO - 验证码填写完成
2026-01-07 07:25:19,508 - INFO - 验证码填写完成，点击登录按钮...
2026-01-07 07:25:19,508 - INFO - 查找并点击登录按钮...
2026-01-07 07:25:19,891 - INFO - 已点击登录按钮
2026-01-07 07:25:26,911 - INFO - 开始填写登录表单...
2026-01-07 07:25:26,971 - INFO - 用户名填写完成
2026-01-07 07:25:27,029 - INFO - 密码填写完成
2026-01-07 07:25:27,030 - INFO - 验证码图片已保存到 /home/runner/work/nju_electric_monitor/nju_electric_monitor/src/../data/captcha_debug.png
2026-01-07 07:25:27,030 - INFO - 验证码识别尝试 29/30
2026-01-07 07:25:27,030 - INFO - 开始识别验证码...（easyocr + pytesseract）
2026-01-07 07:25:27,129 - INFO - easyocr 结果: ['IQcF(0.89)']
2026-01-07 07:25:27,231 - INFO - tesseract 结果: lock
2026-01-07 07:25:27,292 - INFO - easyocr alt1 结果: ['IQcF(0.58)']
2026-01-07 07:25:27,388 - INFO - tesseract alt1 结果: locf
2026-01-07 07:25:27,462 - INFO - easyocr alt2 结果: ['IQcF(0.82)']
2026-01-07 07:25:27,558 - INFO - tesseract alt2 结果: locf
2026-01-07 07:25:27,712 - INFO - easyocr alt3 结果: ['IQCF(0.95)']
2026-01-07 07:25:27,821 - INFO - tesseract alt3 结果: locF
2026-01-07 07:25:27,880 - INFO - easyocr alt4 结果: ['IQCF(0.81)']
2026-01-07 07:25:27,976 - INFO - tesseract alt4 结果: lack
2026-01-07 07:25:28,036 - INFO - easyocr alt5 结果: ['IQCF(0.80)']
2026-01-07 07:25:28,134 - INFO - tesseract alt5 结果: lock
2026-01-07 07:25:28,134 - INFO - 最终验证码识别结果: IQCF (engine=easyocr_alt3, prob=0.9540330767631531)
2026-01-07 07:25:28,134 - INFO - 查找验证码输入框...
2026-01-07 07:25:28,189 - INFO - 验证码填写完成
2026-01-07 07:25:28,189 - INFO - 验证码填写完成，点击登录按钮...
2026-01-07 07:25:28,189 - INFO - 查找并点击登录按钮...
2026-01-07 07:25:28,246 - INFO - 已点击登录按钮
2026-01-07 07:25:35,266 - INFO - 开始填写登录表单...
2026-01-07 07:25:35,329 - INFO - 用户名填写完成
2026-01-07 07:25:35,388 - INFO - 密码填写完成
2026-01-07 07:25:35,389 - INFO - 验证码图片已保存到 /home/runner/work/nju_electric_monitor/nju_electric_monitor/src/../data/captcha_debug.png
2026-01-07 07:25:35,389 - INFO - 验证码识别尝试 30/30
2026-01-07 07:25:35,389 - INFO - 开始识别验证码...（easyocr + pytesseract）
2026-01-07 07:25:35,487 - INFO - easyocr 结果: ['IQcF(0.89)']
2026-01-07 07:25:35,583 - INFO - tesseract 结果: lock
2026-01-07 07:25:35,643 - INFO - easyocr alt1 结果: ['IQcF(0.58)']
2026-01-07 07:25:35,739 - INFO - tesseract alt1 结果: locf
2026-01-07 07:25:35,800 - INFO - easyocr alt2 结果: ['IQcF(0.82)']
2026-01-07 07:25:35,895 - INFO - tesseract alt2 结果: locf
2026-01-07 07:25:36,049 - INFO - easyocr alt3 结果: ['IQCF(0.95)']
2026-01-07 07:25:36,157 - INFO - tesseract alt3 结果: locF
2026-01-07 07:25:36,223 - INFO - easyocr alt4 结果: ['IQCF(0.81)']
2026-01-07 07:25:36,322 - INFO - tesseract alt4 结果: lack
2026-01-07 07:25:36,381 - INFO - easyocr alt5 结果: ['IQCF(0.80)']
2026-01-07 07:25:36,479 - INFO - tesseract alt5 结果: lock
2026-01-07 07:25:36,479 - INFO - 最终验证码识别结果: IQCF (engine=easyocr_alt3, prob=0.9540330767631531)
2026-01-07 07:25:36,479 - INFO - 查找验证码输入框...
2026-01-07 07:25:36,536 - INFO - 验证码填写完成
2026-01-07 07:25:36,536 - INFO - 验证码填写完成，点击登录按钮...
2026-01-07 07:25:36,536 - INFO - 查找并点击登录按钮...
2026-01-07 07:25:36,592 - INFO - 已点击登录按钮
2026-01-07 07:25:43,613 - WARNING - 自动验证码识别失败，请手动输入
2026-01-07 07:25:43,613 - ERROR - 处理验证码时出错: EOF when reading a line
2026-01-07 07:25:43,613 - WARNING - 验证码处理失败，但继续尝试登录
2026-01-07 07:25:43,614 - INFO - 查找并点击登录按钮...
2026-01-07 07:25:43,669 - INFO - 已点击登录按钮
2026-01-07 07:25:48,669 - INFO - 等待登录成功...
2026-01-07 07:25:53,674 - INFO - 登录可能成功，继续下一步...
2026-01-07 07:25:53,674 - INFO - 查找'去充值'按钮...
2026-01-07 07:25:53,736 - INFO - 已点击充值按钮
2026-01-07 07:25:56,737 - INFO - 开始提取剩余电量信息...
2026-01-07 07:25:56,741 - INFO - 页面源码已保存到 /home/runner/work/nju_electric_monitor/nju_electric_monitor/src/../data/debug_page_source.html
2026-01-07 07:25:56,751 - WARNING - 未找到电量信息元素，尝试其他方法...
2026-01-07 07:25:56,759 - WARNING - 未找到i标签中的电量信息，尝试其他方法...
2026-01-07 07:25:56,762 - INFO - 在页面源码中查找电量信息...
2026-01-07 07:25:56,773 - WARNING - 未能提取到剩余电量信息
2026-01-07 07:25:56,773 - WARNING - 没有电量数据可保存
2026-01-07 07:25:56,773 - INFO - 监控流程完成
