2026-06-15 17:49:02,423 - INFO - Matplotlib 字体设置：使用回退字体列表，首选可用字体: Noto Sans CJK SC
2026-06-15 17:49:03,854 - INFO - 使用指定 ChromeDriver: /usr/bin/chromedriver
2026-06-15 17:49:03,918 - INFO - ddddocr 识别器初始化成功
2026-06-15 17:49:03,918 - INFO - 开始南京大学电费监控流程（自动无头模式）
2026-06-15 17:49:03,918 - INFO - 已初始化并清空验证码图片目录: /home/runner/work/nju_electric_monitor/nju_electric_monitor/src/../data/captcha_workflow
2026-06-15 17:49:03,918 - INFO - 正在打开页面: https://epay.nju.edu.cn/epay/h5/nju/electric/index
2026-06-15 17:49:15,972 - INFO - 等待登录表单加载...
2026-06-15 17:49:15,982 - INFO - 登录表单已加载
2026-06-15 17:49:15,982 - INFO - 开始填写登录表单...
2026-06-15 17:49:16,075 - INFO - 用户名填写完成
2026-06-15 17:49:16,146 - INFO - 密码填写完成
2026-06-15 17:49:16,146 - INFO - 开始处理验证码（两层嵌套重试）...
2026-06-15 17:49:16,146 - INFO - 外层页面重试 1/4
2026-06-15 17:49:16,146 - INFO - 等待登录表单加载...
2026-06-15 17:49:16,153 - INFO - 登录表单已加载
2026-06-15 17:49:16,154 - INFO - 开始填写登录表单...
2026-06-15 17:49:16,221 - INFO - 用户名填写完成
2026-06-15 17:49:16,288 - INFO - 密码填写完成
2026-06-15 17:49:17,289 - INFO - 查找验证码图片...
2026-06-15 17:49:17,309 - WARNING - 验证码图片不可见
2026-06-15 17:49:17,309 - INFO - 未检测到验证码图片，可能无需验证码，直接尝试点击登录按钮
2026-06-15 17:49:17,309 - INFO - 查找并点击登录按钮...
2026-06-15 17:49:17,332 - INFO - 通过 ID=login_submit 找到登录按钮
2026-06-15 17:49:21,943 - INFO - 已点击登录按钮
2026-06-15 17:49:26,943 - INFO - 等待登录成功...
2026-06-15 17:49:26,953 - INFO - 检测到已跳转到电费页面: https://epay.nju.edu.cn/epay/h5/nju/electric/index
2026-06-15 17:49:26,953 - INFO - 查找'去充值'按钮...
2026-06-15 17:49:26,978 - INFO - 通过文本包含 '去充值' 找到充值按钮
2026-06-15 17:49:28,737 - INFO - 已点击充值按钮
2026-06-15 17:49:31,737 - INFO - 开始提取剩余电量信息...
2026-06-15 17:49:31,757 - INFO - 找到电量信息元素（已省略具体文本以保护隐私）
2026-06-15 17:49:31,757 - WARNING - 未在元素中找到标准格式的电量信息
2026-06-15 17:49:31,771 - INFO - 找到 i 标签中的电量信息（已省略具体文本）
2026-06-15 17:49:31,771 - WARNING - i标签中未找到标准格式的电量信息
2026-06-15 17:49:31,771 - WARNING - 未找到i标签中的电量信息
2026-06-15 17:49:31,774 - INFO - 在页面源码中查找电量信息...
2026-06-15 17:49:31,774 - INFO - 从页面源码中提取到剩余电量: 23.15 度
2026-06-15 17:49:31,789 - INFO - 数据已保存: 23.15 度
2026-06-15 17:49:32,028 - INFO - 电量变化曲线图已保存到: /home/runner/work/nju_electric_monitor/nju_electric_monitor/src/../data/electricity_trend.png
2026-06-15 17:49:32,281 - INFO - 最近20次电量变化曲线图已保存到: /home/runner/work/nju_electric_monitor/nju_electric_monitor/src/../data/recent_20_changes.png
2026-06-15 17:49:32,284 - INFO - 已将最近20次电费曲线图以内嵌方式添加到邮件: /home/runner/work/nju_electric_monitor/nju_electric_monitor/src/../data/recent_20_changes.png
2026-06-15 17:49:36,055 - INFO - 电量低于阈值（23.15 度），已发送邮件提醒到: ['1615372377@qq.com']
2026-06-15 17:49:36,260 - INFO - 监控流程完成
