2026-01-07 13:36:26,704 - INFO - Matplotlib 字体设置：使用回退字体列表，首选可用字体: Noto Sans CJK JP
2026-01-07 13:36:28,779 - INFO - 使用 ChromeDriver: /usr/bin/chromedriver
2026-01-07 13:36:28,780 - WARNING - Using CPU. Note: This module is much faster with a GPU.
2026-01-07 13:36:30,405 - INFO - OCR识别器初始化成功
2026-01-07 13:36:30,405 - INFO - 开始南京大学电费监控流程（自动无头模式）
2026-01-07 13:36:30,405 - INFO - 正在打开页面: https://epay.nju.edu.cn/epay/h5/nju/electric/index
2026-01-07 13:36:41,573 - INFO - 等待登录表单加载...
2026-01-07 13:36:41,584 - INFO - 登录表单已加载
2026-01-07 13:36:41,584 - INFO - 开始填写登录表单...
2026-01-07 13:36:41,650 - INFO - 用户名填写完成
2026-01-07 13:36:41,723 - INFO - 密码填写完成
2026-01-07 13:36:41,723 - INFO - 检查是否有验证码...
2026-01-07 13:36:41,723 - INFO - 查找验证码图片...
2026-01-07 13:36:41,744 - INFO - 找到验证码图片，开始截图...
2026-01-07 13:36:41,790 - INFO - 验证码图片截取成功
2026-01-07 13:36:41,790 - INFO - 开始填写登录表单...
2026-01-07 13:36:41,858 - INFO - 用户名填写完成
2026-01-07 13:36:41,923 - INFO - 密码填写完成
2026-01-07 13:36:41,924 - INFO - 验证码图片已保存到 /home/runner/work/nju_electric_monitor/nju_electric_monitor/src/../data/captcha_debug.png
2026-01-07 13:36:41,924 - INFO - 验证码识别尝试 1/30
2026-01-07 13:36:41,924 - INFO - 开始识别验证码...（easyocr + pytesseract）
2026-01-07 13:36:42,064 - INFO - easyocr 结果: ['2AN7(0.50)']
2026-01-07 13:36:42,300 - INFO - tesseract 结果: 2AN7
2026-01-07 13:36:42,368 - INFO - easyocr alt1 结果: ['2AN(0.78)']
2026-01-07 13:36:42,469 - INFO - tesseract alt1 结果: 2ANF
2026-01-07 13:36:42,536 - INFO - easyocr alt2 结果: ['2AN(0.81)']
2026-01-07 13:36:42,633 - INFO - tesseract alt2 结果: ANF
2026-01-07 13:36:42,799 - INFO - easyocr alt3 结果: ['2AN(0.98)']
2026-01-07 13:36:42,910 - INFO - tesseract alt3 结果: ANF
2026-01-07 13:36:42,972 - INFO - easyocr alt4 结果: ['2AN(0.78)']
2026-01-07 13:36:43,070 - INFO - tesseract alt4 结果: 2ANF
2026-01-07 13:36:43,130 - INFO - easyocr alt5 结果: ['2AN(0.82)']
2026-01-07 13:36:43,229 - INFO - tesseract alt5 结果: DAN
2026-01-07 13:36:43,229 - INFO - 最终验证码识别结果: 2AN7 (engine=tesseract, prob=0.5)
2026-01-07 13:36:43,229 - INFO - 查找验证码输入框...
2026-01-07 13:36:43,291 - INFO - 验证码填写完成
2026-01-07 13:36:43,291 - INFO - 验证码填写完成，点击登录按钮...
2026-01-07 13:36:43,291 - INFO - 查找并点击登录按钮...
2026-01-07 13:36:49,991 - INFO - 已点击登录按钮
2026-01-07 13:36:57,002 - INFO - 未检测到无效验证码提示，验证码通过
2026-01-07 13:36:57,002 - INFO - 查找并点击登录按钮...
2026-01-07 13:36:57,007 - ERROR - 未找到登录按钮
2026-01-07 13:36:57,007 - ERROR - 点击登录按钮失败
2026-01-07 13:36:57,007 - INFO - 等待登录成功...
2026-01-07 13:37:02,012 - INFO - 登录可能成功，继续下一步...
2026-01-07 13:37:02,012 - INFO - 查找'去充值'按钮...
2026-01-07 13:37:04,478 - INFO - 已点击充值按钮
2026-01-07 13:37:07,478 - INFO - 开始提取剩余电量信息...
2026-01-07 13:37:07,482 - INFO - 页面源码已保存到 /home/runner/work/nju_electric_monitor/nju_electric_monitor/src/../data/debug_page_source.html
2026-01-07 13:37:07,502 - INFO - 找到电量信息元素: 持卡人姓名：***
2026-01-07 13:37:07,503 - WARNING - 未在元素中找到标准格式的电量信息
2026-01-07 13:37:07,517 - INFO - 找到i标签中的电量信息: 吴相民
2026-01-07 13:37:07,517 - WARNING - i标签中未找到标准格式的电量信息
2026-01-07 13:37:07,517 - WARNING - 未找到i标签中的电量信息
2026-01-07 13:37:07,520 - INFO - 在页面源码中查找电量信息...
2026-01-07 13:37:07,520 - INFO - 从页面源码中提取到剩余电量: 165.65 度
2026-01-07 13:37:07,546 - INFO - 数据已保存: 165.65 度
2026-01-07 13:37:07,882 - INFO - 电量变化曲线图已保存到: /home/runner/work/nju_electric_monitor/nju_electric_monitor/src/../data/electricity_trend.png
2026-01-07 13:37:08,131 - INFO - 最近20次电量变化曲线图已保存到: /home/runner/work/nju_electric_monitor/nju_electric_monitor/src/../data/recent_20_changes.png
2026-01-07 13:37:08,131 - INFO - 监控流程完成
