2026-03-11 13:59:23,736 - INFO - Matplotlib 字体设置：使用回退字体列表，首选可用字体: Noto Sans CJK JP
2026-03-11 13:59:24,972 - INFO - 使用指定 ChromeDriver: /usr/bin/chromedriver
2026-03-11 13:59:25,042 - INFO - ddddocr 识别器初始化成功
2026-03-11 13:59:25,042 - INFO - 开始南京大学电费监控流程（自动无头模式）
2026-03-11 13:59:25,042 - INFO - 已初始化并清空验证码图片目录: /home/runner/work/nju_electric_monitor/nju_electric_monitor/src/../data/captcha_workflow
2026-03-11 13:59:25,043 - INFO - 正在打开页面: https://epay.nju.edu.cn/epay/h5/nju/electric/index
2026-03-11 13:59:34,045 - INFO - 等待登录表单加载...
2026-03-11 13:59:34,576 - INFO - 登录表单已加载
2026-03-11 13:59:34,576 - INFO - 开始填写登录表单...
2026-03-11 13:59:34,662 - INFO - 用户名填写完成
2026-03-11 13:59:34,733 - INFO - 密码填写完成
2026-03-11 13:59:34,733 - INFO - 开始处理验证码（两层嵌套重试）...
2026-03-11 13:59:34,733 - INFO - 外层页面重试 1/4
2026-03-11 13:59:34,733 - INFO - 等待登录表单加载...
2026-03-11 13:59:34,738 - INFO - 登录表单已加载
2026-03-11 13:59:34,738 - INFO - 开始填写登录表单...
2026-03-11 13:59:34,804 - INFO - 用户名填写完成
2026-03-11 13:59:34,868 - INFO - 密码填写完成
2026-03-11 13:59:35,868 - INFO - 查找验证码图片...
2026-03-11 13:59:35,888 - INFO - 找到验证码图片，开始截图...
2026-03-11 13:59:35,946 - INFO - 验证码图片截取成功
2026-03-11 13:59:35,946 - INFO - 验证码图片已保存到 /home/runner/work/nju_electric_monitor/nju_electric_monitor/src/../data/captcha_debug.png
2026-03-11 13:59:35,947 - INFO - 验证码图片已保存到 /home/runner/work/nju_electric_monitor/nju_electric_monitor/src/../data/captcha_workflow/captcha_outer1.png
2026-03-11 13:59:35,947 - INFO - 验证码识别（同一图片）尝试 1/3，外层 1/4
2026-03-11 13:59:35,947 - INFO - 开始使用 ddddocr 识别验证码...
2026-03-11 13:59:35,961 - INFO - ddddocr 最终验证码识别结果: MF9L
2026-03-11 13:59:35,961 - INFO - 已将验证码图片重命名为: /home/runner/work/nju_electric_monitor/nju_electric_monitor/src/../data/captcha_workflow/MF9L.png
2026-03-11 13:59:35,961 - INFO - 查找验证码输入框...
2026-03-11 13:59:36,015 - INFO - 通过 XPath 找到 1 个验证码候选输入框，使用第一个。
2026-03-11 13:59:36,067 - INFO - 验证码填写完成
2026-03-11 13:59:37,067 - INFO - 验证码填写完成，点击登录按钮...
2026-03-11 13:59:37,067 - INFO - 查找并点击登录按钮...
2026-03-11 13:59:37,092 - INFO - 通过 ID=login_submit 找到登录按钮
2026-03-11 13:59:41,496 - INFO - 已点击登录按钮
2026-03-11 13:59:50,532 - INFO - 未检测到验证码错误提示，验证码可能通过
2026-03-11 13:59:50,532 - INFO - 等待登录成功...
2026-03-11 13:59:50,540 - INFO - 检测到已跳转到电费页面: https://epay.nju.edu.cn/epay/h5/nju/electric/index
2026-03-11 13:59:50,541 - INFO - 查找'去充值'按钮...
2026-03-11 13:59:50,563 - INFO - 通过文本包含 '去充值' 找到充值按钮
2026-03-11 13:59:52,382 - INFO - 已点击充值按钮
2026-03-11 13:59:55,382 - INFO - 开始提取剩余电量信息...
2026-03-11 13:59:55,402 - INFO - 找到电量信息元素（已省略具体文本以保护隐私）
2026-03-11 13:59:55,402 - WARNING - 未在元素中找到标准格式的电量信息
2026-03-11 13:59:55,416 - INFO - 找到 i 标签中的电量信息（已省略具体文本）
2026-03-11 13:59:55,416 - WARNING - i标签中未找到标准格式的电量信息
2026-03-11 13:59:55,416 - WARNING - 未找到i标签中的电量信息
2026-03-11 13:59:55,419 - INFO - 在页面源码中查找电量信息...
2026-03-11 13:59:55,419 - INFO - 从页面源码中提取到剩余电量: 73.58 度
2026-03-11 13:59:55,432 - INFO - 数据已保存: 73.58 度
2026-03-11 13:59:55,683 - INFO - 电量变化曲线图已保存到: /home/runner/work/nju_electric_monitor/nju_electric_monitor/src/../data/electricity_trend.png
2026-03-11 13:59:55,904 - INFO - 最近20次电量变化曲线图已保存到: /home/runner/work/nju_electric_monitor/nju_electric_monitor/src/../data/recent_20_changes.png
2026-03-11 13:59:55,904 - INFO - 当前剩余电量 73.58 度，高于告警阈值 15.0 度，不发送邮件
2026-03-11 13:59:55,904 - INFO - 监控流程完成
