2026-01-08 02:55:53,588 - INFO - Matplotlib 字体设置：使用回退字体列表，首选可用字体: Noto Sans CJK JP
2026-01-08 02:55:54,966 - INFO - 使用 ChromeDriver: /usr/bin/chromedriver
2026-01-08 02:55:54,966 - WARNING - Using CPU. Note: This module is much faster with a GPU.
2026-01-08 02:55:56,578 - INFO - OCR识别器初始化成功
2026-01-08 02:55:56,578 - INFO - 开始南京大学电费监控流程（自动无头模式）
2026-01-08 02:55:56,578 - INFO - 正在打开页面: https://epay.nju.edu.cn/epay/h5/nju/electric/index
2026-01-08 02:56:03,547 - INFO - 等待登录表单加载...
2026-01-08 02:56:03,556 - INFO - 登录表单已加载
2026-01-08 02:56:03,556 - INFO - 开始填写登录表单...
2026-01-08 02:56:03,613 - INFO - 用户名填写完成
2026-01-08 02:56:03,674 - INFO - 密码填写完成
2026-01-08 02:56:03,674 - INFO - 检查是否有验证码...
2026-01-08 02:56:03,675 - INFO - 查找验证码图片...
2026-01-08 02:56:03,692 - INFO - 找到验证码图片，开始截图...
2026-01-08 02:56:03,750 - INFO - 验证码图片截取成功
2026-01-08 02:56:03,750 - INFO - 开始填写登录表单...
2026-01-08 02:56:03,809 - INFO - 用户名填写完成
2026-01-08 02:56:03,863 - INFO - 密码填写完成
2026-01-08 02:56:03,864 - INFO - 验证码图片已保存到 /home/runner/work/nju_electric_monitor/nju_electric_monitor/src/../data/captcha_debug.png
2026-01-08 02:56:03,864 - INFO - 验证码识别尝试 1/30
2026-01-08 02:56:03,864 - INFO - 开始识别验证码...（easyocr + pytesseract）
2026-01-08 02:56:03,971 - INFO - easyocr 结果: ['AKCe(0.99)']
2026-01-08 02:56:04,105 - INFO - tesseract 结果: Akce
2026-01-08 02:56:04,191 - INFO - easyocr alt1 结果: ['AKCe(0.99)']
2026-01-08 02:56:04,269 - INFO - tesseract alt1 结果: Akce
2026-01-08 02:56:04,325 - INFO - easyocr alt2 结果: ['AKCe(0.99)']
2026-01-08 02:56:04,402 - INFO - tesseract alt2 结果: Akce
2026-01-08 02:56:04,550 - INFO - easyocr alt3 结果: ['AKCe(0.99)']
2026-01-08 02:56:04,642 - INFO - tesseract alt3 结果: Akce
2026-01-08 02:56:04,699 - INFO - easyocr alt4 结果: ['AKCe(0.83)']
2026-01-08 02:56:04,779 - INFO - tesseract alt4 结果: AKCe
2026-01-08 02:56:04,846 - INFO - easyocr alt5 结果: ['KKCe(0.69)']
2026-01-08 02:56:04,925 - INFO - tesseract alt5 结果: AKee
2026-01-08 02:56:04,925 - INFO - 最终验证码识别结果: AKCe (engine=easyocr_alt1, prob=0.9928609132766724)
2026-01-08 02:56:04,925 - INFO - 查找验证码输入框...
2026-01-08 02:56:04,982 - INFO - 验证码填写完成
2026-01-08 02:56:04,982 - INFO - 验证码填写完成，点击登录按钮...
2026-01-08 02:56:04,982 - INFO - 查找并点击登录按钮...
2026-01-08 02:56:05,041 - INFO - 已点击登录按钮
2026-01-08 02:56:12,051 - INFO - 未检测到无效验证码提示，验证码通过
2026-01-08 02:56:12,052 - INFO - 查找并点击登录按钮...
2026-01-08 02:56:12,056 - ERROR - 未找到登录按钮
2026-01-08 02:56:12,056 - ERROR - 点击登录按钮失败
2026-01-08 02:56:12,057 - INFO - 等待登录成功...
2026-01-08 02:56:17,061 - INFO - 登录可能成功，继续下一步...
2026-01-08 02:56:17,061 - INFO - 查找'去充值'按钮...
2026-01-08 02:56:18,655 - INFO - 已点击充值按钮
2026-01-08 02:56:21,655 - INFO - 开始提取剩余电量信息...
2026-01-08 02:56:21,659 - INFO - 页面源码已保存到 /home/runner/work/nju_electric_monitor/nju_electric_monitor/src/../data/debug_page_source.html
2026-01-08 02:56:21,677 - INFO - 找到电量信息元素: 持卡人姓名：***
2026-01-08 02:56:21,677 - WARNING - 未在元素中找到标准格式的电量信息
2026-01-08 02:56:21,689 - INFO - 找到i标签中的电量信息: ***
2026-01-08 02:56:21,689 - WARNING - i标签中未找到标准格式的电量信息
2026-01-08 02:56:21,689 - WARNING - 未找到i标签中的电量信息
2026-01-08 02:56:21,692 - INFO - 在页面源码中查找电量信息...
2026-01-08 02:56:21,692 - INFO - 从页面源码中提取到剩余电量: 159.99 度
2026-01-08 02:56:21,711 - INFO - 数据已保存: 159.99 度
2026-01-08 02:56:22,007 - INFO - 电量变化曲线图已保存到: /home/runner/work/nju_electric_monitor/nju_electric_monitor/src/../data/electricity_trend.png
2026-01-08 02:56:22,215 - INFO - 最近20次电量变化曲线图已保存到: /home/runner/work/nju_electric_monitor/nju_electric_monitor/src/../data/recent_20_changes.png
2026-01-08 02:56:22,215 - INFO - 监控流程完成
