2026-04-19 08:01:07,194 - INFO - Matplotlib 字体设置：使用回退字体列表，首选可用字体: Noto Sans CJK JP
2026-04-19 08:01:08,588 - INFO - 使用指定 ChromeDriver: /usr/bin/chromedriver
2026-04-19 08:01:08,658 - INFO - ddddocr 识别器初始化成功
2026-04-19 08:01:08,658 - INFO - 开始南京大学电费监控流程（自动无头模式）
2026-04-19 08:01:08,659 - INFO - 已初始化并清空验证码图片目录: /home/runner/work/nju_electric_monitor/nju_electric_monitor/src/../data/captcha_workflow
2026-04-19 08:01:08,659 - INFO - 正在打开页面: https://epay.nju.edu.cn/epay/h5/nju/electric/index
2026-04-19 08:01:21,379 - INFO - 等待登录表单加载...
2026-04-19 08:01:21,390 - INFO - 登录表单已加载
2026-04-19 08:01:21,390 - INFO - 开始填写登录表单...
2026-04-19 08:01:21,479 - INFO - 用户名填写完成
2026-04-19 08:01:21,550 - INFO - 密码填写完成
2026-04-19 08:01:21,550 - INFO - 开始处理验证码（两层嵌套重试）...
2026-04-19 08:01:21,550 - INFO - 外层页面重试 1/4
2026-04-19 08:01:21,550 - INFO - 等待登录表单加载...
2026-04-19 08:01:21,556 - INFO - 登录表单已加载
2026-04-19 08:01:21,556 - INFO - 开始填写登录表单...
2026-04-19 08:01:21,622 - INFO - 用户名填写完成
2026-04-19 08:01:21,689 - INFO - 密码填写完成
2026-04-19 08:01:22,689 - INFO - 查找验证码图片...
2026-04-19 08:01:22,711 - INFO - 找到验证码图片，开始截图...
2026-04-19 08:01:22,763 - INFO - 验证码图片截取成功
2026-04-19 08:01:22,764 - INFO - 验证码图片已保存到 /home/runner/work/nju_electric_monitor/nju_electric_monitor/src/../data/captcha_debug.png
2026-04-19 08:01:22,765 - INFO - 验证码图片已保存到 /home/runner/work/nju_electric_monitor/nju_electric_monitor/src/../data/captcha_workflow/captcha_outer1.png
2026-04-19 08:01:22,765 - INFO - 验证码识别（同一图片）尝试 1/3，外层 1/4
2026-04-19 08:01:22,765 - INFO - 开始使用 ddddocr 识别验证码...
2026-04-19 08:01:22,775 - INFO - ddddocr 最终验证码识别结果: FLUK
2026-04-19 08:01:22,775 - INFO - 已将验证码图片重命名为: /home/runner/work/nju_electric_monitor/nju_electric_monitor/src/../data/captcha_workflow/FLUK.png
2026-04-19 08:01:22,775 - INFO - 查找验证码输入框...
2026-04-19 08:01:22,835 - INFO - 通过 XPath 找到 1 个验证码候选输入框，使用第一个。
2026-04-19 08:01:22,891 - INFO - 验证码填写完成
2026-04-19 08:01:23,891 - INFO - 验证码填写完成，点击登录按钮...
2026-04-19 08:01:23,892 - INFO - 查找并点击登录按钮...
2026-04-19 08:01:23,916 - INFO - 通过 ID=login_submit 找到登录按钮
2026-04-19 08:01:28,162 - INFO - 已点击登录按钮
2026-04-19 08:01:37,200 - INFO - 未检测到验证码错误提示，验证码可能通过
2026-04-19 08:01:37,200 - INFO - 等待登录成功...
2026-04-19 08:01:37,211 - INFO - 检测到已跳转到电费页面: https://epay.nju.edu.cn/epay/h5/nju/electric/index
2026-04-19 08:01:37,211 - INFO - 查找'去充值'按钮...
2026-04-19 08:01:37,234 - INFO - 通过文本包含 '去充值' 找到充值按钮
2026-04-19 08:01:38,962 - INFO - 已点击充值按钮
2026-04-19 08:01:41,962 - INFO - 开始提取剩余电量信息...
2026-04-19 08:01:41,983 - INFO - 找到电量信息元素（已省略具体文本以保护隐私）
2026-04-19 08:01:41,983 - WARNING - 未在元素中找到标准格式的电量信息
2026-04-19 08:01:41,997 - INFO - 找到 i 标签中的电量信息（已省略具体文本）
2026-04-19 08:01:41,997 - WARNING - i标签中未找到标准格式的电量信息
2026-04-19 08:01:41,997 - WARNING - 未找到i标签中的电量信息
2026-04-19 08:01:42,000 - INFO - 在页面源码中查找电量信息...
2026-04-19 08:01:42,000 - INFO - 从页面源码中提取到剩余电量: 56.25 度
2026-04-19 08:01:42,015 - INFO - 数据已保存: 56.25 度
2026-04-19 08:01:42,253 - INFO - 电量变化曲线图已保存到: /home/runner/work/nju_electric_monitor/nju_electric_monitor/src/../data/electricity_trend.png
2026-04-19 08:01:42,470 - INFO - 最近20次电量变化曲线图已保存到: /home/runner/work/nju_electric_monitor/nju_electric_monitor/src/../data/recent_20_changes.png
2026-04-19 08:01:42,471 - INFO - 当前剩余电量 56.25 度，高于告警阈值 25.0 度，不发送邮件
2026-04-19 08:01:42,471 - INFO - 监控流程完成
