2026-07-01 05:31:49,138 - INFO - Matplotlib 字体设置：使用回退字体列表，首选可用字体: Noto Sans CJK SC
2026-07-01 05:31:50,891 - INFO - 使用指定 ChromeDriver: /usr/bin/chromedriver
2026-07-01 05:31:50,973 - INFO - ddddocr 识别器初始化成功
2026-07-01 05:31:50,973 - INFO - 开始南京大学电费监控流程（自动无头模式）
2026-07-01 05:31:50,973 - INFO - 已初始化并清空验证码图片目录: /home/runner/work/nju_electric_monitor/nju_electric_monitor/src/../data/captcha_workflow
2026-07-01 05:31:50,973 - INFO - 正在打开页面: https://epay.nju.edu.cn/epay/h5/nju/electric/index
2026-07-01 05:32:05,053 - INFO - 等待登录表单加载...
2026-07-01 05:32:05,064 - INFO - 登录表单已加载
2026-07-01 05:32:05,064 - INFO - 开始填写登录表单...
2026-07-01 05:32:05,149 - INFO - 用户名填写完成
2026-07-01 05:32:05,220 - INFO - 密码填写完成
2026-07-01 05:32:05,220 - INFO - 开始处理验证码（两层嵌套重试）...
2026-07-01 05:32:05,220 - INFO - 外层页面重试 1/4
2026-07-01 05:32:05,220 - INFO - 等待登录表单加载...
2026-07-01 05:32:05,226 - INFO - 登录表单已加载
2026-07-01 05:32:05,226 - INFO - 开始填写登录表单...
2026-07-01 05:32:05,293 - INFO - 用户名填写完成
2026-07-01 05:32:05,359 - INFO - 密码填写完成
2026-07-01 05:32:06,360 - INFO - 查找验证码图片...
2026-07-01 05:32:06,380 - INFO - 找到验证码图片，开始截图...
2026-07-01 05:32:06,422 - INFO - 验证码图片截取成功
2026-07-01 05:32:06,423 - INFO - 验证码图片已保存到 /home/runner/work/nju_electric_monitor/nju_electric_monitor/src/../data/captcha_debug.png
2026-07-01 05:32:06,424 - INFO - 验证码图片已保存到 /home/runner/work/nju_electric_monitor/nju_electric_monitor/src/../data/captcha_workflow/captcha_outer1.png
2026-07-01 05:32:06,424 - INFO - 验证码识别（同一图片）尝试 1/3，外层 1/4
2026-07-01 05:32:06,424 - INFO - 开始使用 ddddocr 识别验证码...
2026-07-01 05:32:06,433 - INFO - ddddocr 最终验证码识别结果: UBWR
2026-07-01 05:32:06,434 - INFO - 已将验证码图片重命名为: /home/runner/work/nju_electric_monitor/nju_electric_monitor/src/../data/captcha_workflow/UBWR.png
2026-07-01 05:32:06,434 - INFO - 查找验证码输入框...
2026-07-01 05:32:06,492 - INFO - 通过 XPath 找到 1 个验证码候选输入框，使用第一个。
2026-07-01 05:32:06,547 - INFO - 验证码填写完成
2026-07-01 05:32:07,548 - INFO - 验证码填写完成，点击登录按钮...
2026-07-01 05:32:07,548 - INFO - 查找并点击登录按钮...
2026-07-01 05:32:07,570 - INFO - 通过 ID=login_submit 找到登录按钮
2026-07-01 05:32:12,306 - INFO - 已点击登录按钮
2026-07-01 05:32:21,343 - INFO - 未检测到验证码错误提示，验证码可能通过
2026-07-01 05:32:21,343 - INFO - 等待登录成功...
2026-07-01 05:32:21,352 - INFO - 检测到已跳转到电费页面: https://epay.nju.edu.cn/epay/h5/nju/electric/index
2026-07-01 05:32:21,352 - INFO - 查找'去充值'按钮...
2026-07-01 05:32:21,374 - INFO - 通过文本包含 '去充值' 找到充值按钮
2026-07-01 05:32:22,878 - INFO - 已点击充值按钮
2026-07-01 05:32:25,878 - INFO - 开始提取剩余电量信息...
2026-07-01 05:32:25,899 - INFO - 找到电量信息元素（已省略具体文本以保护隐私）
2026-07-01 05:32:25,899 - WARNING - 未在元素中找到标准格式的电量信息
2026-07-01 05:32:25,912 - INFO - 找到 i 标签中的电量信息（已省略具体文本）
2026-07-01 05:32:25,912 - WARNING - i标签中未找到标准格式的电量信息
2026-07-01 05:32:25,912 - WARNING - 未找到i标签中的电量信息
2026-07-01 05:32:25,915 - INFO - 在页面源码中查找电量信息...
2026-07-01 05:32:25,915 - INFO - 从页面源码中提取到剩余电量: 21.12 度
2026-07-01 05:32:25,929 - INFO - 数据已保存: 21.12 度
2026-07-01 05:32:26,190 - INFO - 电量变化曲线图已保存到: /home/runner/work/nju_electric_monitor/nju_electric_monitor/src/../data/electricity_trend.png
2026-07-01 05:32:26,432 - INFO - 最近20次电量变化曲线图已保存到: /home/runner/work/nju_electric_monitor/nju_electric_monitor/src/../data/recent_20_changes.png
2026-07-01 05:32:26,434 - INFO - 已将最近20次电费曲线图以内嵌方式添加到邮件: /home/runner/work/nju_electric_monitor/nju_electric_monitor/src/../data/recent_20_changes.png
2026-07-01 05:32:29,522 - INFO - 电量低于阈值（21.12 度），已发送邮件提醒到: ['1615372377@qq.com']
2026-07-01 05:32:29,674 - INFO - 监控流程完成
