2026-06-16 12:02:20,659 - INFO - Matplotlib 字体设置：使用回退字体列表，首选可用字体: Noto Sans CJK SC
2026-06-16 12:02:22,074 - INFO - 使用指定 ChromeDriver: /usr/bin/chromedriver
2026-06-16 12:02:22,139 - INFO - ddddocr 识别器初始化成功
2026-06-16 12:02:22,139 - INFO - 开始南京大学电费监控流程（自动无头模式）
2026-06-16 12:02:22,140 - INFO - 已初始化并清空验证码图片目录: /home/runner/work/nju_electric_monitor/nju_electric_monitor/src/../data/captcha_workflow
2026-06-16 12:02:22,140 - INFO - 正在打开页面: https://epay.nju.edu.cn/epay/h5/nju/electric/index
2026-06-16 12:02:36,110 - INFO - 等待登录表单加载...
2026-06-16 12:02:36,121 - INFO - 登录表单已加载
2026-06-16 12:02:36,121 - INFO - 开始填写登录表单...
2026-06-16 12:02:36,205 - INFO - 用户名填写完成
2026-06-16 12:02:36,275 - INFO - 密码填写完成
2026-06-16 12:02:36,275 - INFO - 开始处理验证码（两层嵌套重试）...
2026-06-16 12:02:36,275 - INFO - 外层页面重试 1/4
2026-06-16 12:02:36,275 - INFO - 等待登录表单加载...
2026-06-16 12:02:36,281 - INFO - 登录表单已加载
2026-06-16 12:02:36,281 - INFO - 开始填写登录表单...
2026-06-16 12:02:36,348 - INFO - 用户名填写完成
2026-06-16 12:02:36,411 - INFO - 密码填写完成
2026-06-16 12:02:37,412 - INFO - 查找验证码图片...
2026-06-16 12:02:37,435 - INFO - 找到验证码图片，开始截图...
2026-06-16 12:02:37,485 - INFO - 验证码图片截取成功
2026-06-16 12:02:37,486 - INFO - 验证码图片已保存到 /home/runner/work/nju_electric_monitor/nju_electric_monitor/src/../data/captcha_debug.png
2026-06-16 12:02:37,486 - INFO - 验证码图片已保存到 /home/runner/work/nju_electric_monitor/nju_electric_monitor/src/../data/captcha_workflow/captcha_outer1.png
2026-06-16 12:02:37,486 - INFO - 验证码识别（同一图片）尝试 1/3，外层 1/4
2026-06-16 12:02:37,486 - INFO - 开始使用 ddddocr 识别验证码...
2026-06-16 12:02:37,497 - INFO - ddddocr 最终验证码识别结果: QWXD
2026-06-16 12:02:37,497 - INFO - 已将验证码图片重命名为: /home/runner/work/nju_electric_monitor/nju_electric_monitor/src/../data/captcha_workflow/QWXD.png
2026-06-16 12:02:37,497 - INFO - 查找验证码输入框...
2026-06-16 12:02:37,561 - INFO - 通过 XPath 找到 1 个验证码候选输入框，使用第一个。
2026-06-16 12:02:37,616 - INFO - 验证码填写完成
2026-06-16 12:02:38,616 - INFO - 验证码填写完成，点击登录按钮...
2026-06-16 12:02:38,617 - INFO - 查找并点击登录按钮...
2026-06-16 12:02:38,639 - INFO - 通过 ID=login_submit 找到登录按钮
2026-06-16 12:02:43,093 - INFO - 已点击登录按钮
2026-06-16 12:02:52,130 - INFO - 未检测到验证码错误提示，验证码可能通过
2026-06-16 12:02:52,130 - INFO - 等待登录成功...
2026-06-16 12:02:52,138 - INFO - 检测到已跳转到电费页面: https://epay.nju.edu.cn/epay/h5/nju/electric/index
2026-06-16 12:02:52,139 - INFO - 查找'去充值'按钮...
2026-06-16 12:02:52,161 - INFO - 通过文本包含 '去充值' 找到充值按钮
2026-06-16 12:02:54,875 - INFO - 已点击充值按钮
2026-06-16 12:02:57,875 - INFO - 开始提取剩余电量信息...
2026-06-16 12:02:57,895 - INFO - 找到电量信息元素（已省略具体文本以保护隐私）
2026-06-16 12:02:57,896 - WARNING - 未在元素中找到标准格式的电量信息
2026-06-16 12:02:57,908 - INFO - 找到 i 标签中的电量信息（已省略具体文本）
2026-06-16 12:02:57,908 - WARNING - i标签中未找到标准格式的电量信息
2026-06-16 12:02:57,908 - WARNING - 未找到i标签中的电量信息
2026-06-16 12:02:57,911 - INFO - 在页面源码中查找电量信息...
2026-06-16 12:02:57,911 - INFO - 从页面源码中提取到剩余电量: 22.6 度
2026-06-16 12:02:57,926 - INFO - 数据已保存: 22.6 度
2026-06-16 12:02:58,167 - INFO - 电量变化曲线图已保存到: /home/runner/work/nju_electric_monitor/nju_electric_monitor/src/../data/electricity_trend.png
2026-06-16 12:02:58,385 - INFO - 最近20次电量变化曲线图已保存到: /home/runner/work/nju_electric_monitor/nju_electric_monitor/src/../data/recent_20_changes.png
2026-06-16 12:02:58,387 - INFO - 已将最近20次电费曲线图以内嵌方式添加到邮件: /home/runner/work/nju_electric_monitor/nju_electric_monitor/src/../data/recent_20_changes.png
2026-06-16 12:03:02,684 - INFO - 电量低于阈值（22.60 度），已发送邮件提醒到: ['1615372377@qq.com']
2026-06-16 12:03:02,896 - INFO - 监控流程完成
