2025-12-08 07:20:23,005 - INFO - Matplotlib 字体设置：使用回退字体列表，首选可用字体: Noto Sans CJK JP
2025-12-08 07:20:24,473 - INFO - 使用 ChromeDriver: /usr/bin/chromedriver
2025-12-08 07:20:24,474 - WARNING - Using CPU. Note: This module is much faster with a GPU.
2025-12-08 07:20:26,123 - INFO - OCR识别器初始化成功
2025-12-08 07:20:26,124 - INFO - 开始南京大学电费监控流程（自动无头模式）
2025-12-08 07:20:26,124 - INFO - 正在打开页面: https://epay.nju.edu.cn/epay/h5/nju/electric/index
2025-12-08 07:20:37,220 - INFO - 等待登录表单加载...
2025-12-08 07:20:37,230 - INFO - 登录表单已加载
2025-12-08 07:20:37,230 - INFO - 开始填写登录表单...
2025-12-08 07:20:37,293 - INFO - 用户名填写完成
2025-12-08 07:20:37,361 - INFO - 密码填写完成
2025-12-08 07:20:37,361 - INFO - 检查是否有验证码...
2025-12-08 07:20:37,361 - INFO - 查找验证码图片...
2025-12-08 07:20:37,380 - INFO - 找到验证码图片，开始截图...
2025-12-08 07:20:37,432 - INFO - 验证码图片截取成功
2025-12-08 07:20:37,432 - INFO - 开始填写登录表单...
2025-12-08 07:20:37,499 - INFO - 用户名填写完成
2025-12-08 07:20:37,563 - INFO - 密码填写完成
2025-12-08 07:20:37,564 - INFO - 验证码图片已保存到 /home/runner/work/nju_electric_monitor/nju_electric_monitor/src/../data/captcha_debug.png
2025-12-08 07:20:37,564 - INFO - 验证码识别尝试 1/30
2025-12-08 07:20:37,564 - INFO - 开始识别验证码...（easyocr + pytesseract）
2025-12-08 07:20:37,690 - INFO - easyocr 结果: ['AfHA(0.85)']
2025-12-08 07:20:37,846 - INFO - tesseract 结果: AFHA
2025-12-08 07:20:37,912 - INFO - easyocr alt1 结果: ['ATHA(0.35)']
2025-12-08 07:20:38,012 - INFO - tesseract alt1 结果: APHA
2025-12-08 07:20:38,071 - INFO - easyocr alt2 结果: ['ATHA(0.26)']
2025-12-08 07:20:38,166 - INFO - tesseract alt2 结果: APRA
2025-12-08 07:20:38,327 - INFO - easyocr alt3 结果: ['AfHA(0.58)']
2025-12-08 07:20:38,437 - INFO - tesseract alt3 结果: APHA
2025-12-08 07:20:38,497 - INFO - easyocr alt4 结果: ['AHA(0.80)']
2025-12-08 07:20:38,586 - INFO - tesseract alt4 结果: 
2025-12-08 07:20:38,646 - INFO - easyocr alt5 结果: ['AHA(0.30)']
2025-12-08 07:20:38,741 - INFO - tesseract alt5 结果: APHA
2025-12-08 07:20:38,741 - INFO - 最终验证码识别结果: AfHA (engine=easyocr, prob=0.8464705185919846)
2025-12-08 07:20:38,741 - INFO - 查找验证码输入框...
2025-12-08 07:20:38,803 - INFO - 验证码填写完成
2025-12-08 07:20:38,803 - INFO - 验证码填写完成，点击登录按钮...
2025-12-08 07:20:38,803 - INFO - 查找并点击登录按钮...
2025-12-08 07:20:42,645 - INFO - 已点击登录按钮
2025-12-08 07:20:49,656 - INFO - 未检测到无效验证码提示，验证码通过
2025-12-08 07:20:49,656 - INFO - 查找并点击登录按钮...
2025-12-08 07:20:49,662 - ERROR - 未找到登录按钮
2025-12-08 07:20:49,662 - ERROR - 点击登录按钮失败
2025-12-08 07:20:49,662 - INFO - 等待登录成功...
2025-12-08 07:20:54,667 - INFO - 登录可能成功，继续下一步...
2025-12-08 07:20:54,667 - INFO - 查找'去充值'按钮...
2025-12-08 07:20:56,416 - INFO - 已点击充值按钮
2025-12-08 07:20:59,416 - INFO - 开始提取剩余电量信息...
2025-12-08 07:20:59,420 - INFO - 页面源码已保存到 /home/runner/work/nju_electric_monitor/nju_electric_monitor/src/../data/debug_page_source.html
2025-12-08 07:20:59,439 - INFO - 找到电量信息元素: 持卡人姓名：吴相民
2025-12-08 07:20:59,439 - WARNING - 未在元素中找到标准格式的电量信息
2025-12-08 07:20:59,453 - INFO - 找到i标签中的电量信息: 吴相民
2025-12-08 07:20:59,454 - WARNING - i标签中未找到标准格式的电量信息
2025-12-08 07:20:59,454 - WARNING - 未找到i标签中的电量信息
2025-12-08 07:20:59,456 - INFO - 在页面源码中查找电量信息...
2025-12-08 07:20:59,457 - INFO - 从页面源码中提取到剩余电量: 318.36 度
2025-12-08 07:20:59,484 - INFO - 数据已保存: 318.36 度
2025-12-08 07:20:59,796 - INFO - 电量变化曲线图已保存到: /home/runner/work/nju_electric_monitor/nju_electric_monitor/src/../data/electricity_trend.png
2025-12-08 07:21:00,048 - INFO - 最近20次电量变化曲线图已保存到: /home/runner/work/nju_electric_monitor/nju_electric_monitor/src/../data/recent_20_changes.png
2025-12-08 07:21:00,048 - INFO - 监控流程完成
