2026-01-02 13:31:12,617 - INFO - Matplotlib 字体设置：使用回退字体列表，首选可用字体: Noto Sans CJK JP
2026-01-02 13:31:14,020 - INFO - 使用 ChromeDriver: /usr/bin/chromedriver
2026-01-02 13:31:14,020 - WARNING - Using CPU. Note: This module is much faster with a GPU.
2026-01-02 13:31:15,648 - INFO - OCR识别器初始化成功
2026-01-02 13:31:15,648 - INFO - 开始南京大学电费监控流程（自动无头模式）
2026-01-02 13:31:15,648 - INFO - 正在打开页面: https://epay.nju.edu.cn/epay/h5/nju/electric/index
2026-01-02 13:31:24,496 - INFO - 等待登录表单加载...
2026-01-02 13:31:24,507 - INFO - 登录表单已加载
2026-01-02 13:31:24,507 - INFO - 开始填写登录表单...
2026-01-02 13:31:24,567 - INFO - 用户名填写完成
2026-01-02 13:31:24,630 - INFO - 密码填写完成
2026-01-02 13:31:24,630 - INFO - 检查是否有验证码...
2026-01-02 13:31:24,630 - INFO - 查找验证码图片...
2026-01-02 13:31:24,649 - INFO - 找到验证码图片，开始截图...
2026-01-02 13:31:24,700 - INFO - 验证码图片截取成功
2026-01-02 13:31:24,700 - INFO - 开始填写登录表单...
2026-01-02 13:31:24,760 - INFO - 用户名填写完成
2026-01-02 13:31:24,819 - INFO - 密码填写完成
2026-01-02 13:31:24,820 - INFO - 验证码图片已保存到 /home/runner/work/nju_electric_monitor/nju_electric_monitor/src/../data/captcha_debug.png
2026-01-02 13:31:24,820 - INFO - 验证码识别尝试 1/30
2026-01-02 13:31:24,820 - INFO - 开始识别验证码...（easyocr + pytesseract）
2026-01-02 13:31:24,938 - INFO - easyocr 结果: ['F35H(0.72)']
2026-01-02 13:31:25,118 - INFO - tesseract 结果: F35H
2026-01-02 13:31:25,188 - INFO - easyocr alt1 结果: ['F354(0.62)']
2026-01-02 13:31:25,267 - INFO - tesseract alt1 结果: F35H
2026-01-02 13:31:25,328 - INFO - easyocr alt2 结果: ['F354(0.55)']
2026-01-02 13:31:25,407 - INFO - tesseract alt2 结果: F35H
2026-01-02 13:31:25,574 - INFO - easyocr alt3 结果: ['F354(0.54)']
2026-01-02 13:31:25,667 - INFO - tesseract alt3 结果: F35H
2026-01-02 13:31:25,729 - INFO - easyocr alt4 结果: ['F35H(0.74)']
2026-01-02 13:31:25,809 - INFO - tesseract alt4 结果: F35H
2026-01-02 13:31:25,872 - INFO - easyocr alt5 结果: ['F354(0.76)']
2026-01-02 13:31:25,953 - INFO - tesseract alt5 结果: F35H
2026-01-02 13:31:25,953 - INFO - 最终验证码识别结果: F354 (engine=easyocr_alt5, prob=0.7648375630378723)
2026-01-02 13:31:25,953 - INFO - 查找验证码输入框...
2026-01-02 13:31:26,011 - INFO - 验证码填写完成
2026-01-02 13:31:26,012 - INFO - 验证码填写完成，点击登录按钮...
2026-01-02 13:31:26,012 - INFO - 查找并点击登录按钮...
2026-01-02 13:31:26,347 - INFO - 已点击登录按钮
2026-01-02 13:31:33,374 - INFO - 开始填写登录表单...
2026-01-02 13:31:33,430 - INFO - 用户名填写完成
2026-01-02 13:31:33,487 - INFO - 密码填写完成
2026-01-02 13:31:33,487 - INFO - 验证码图片已保存到 /home/runner/work/nju_electric_monitor/nju_electric_monitor/src/../data/captcha_debug.png
2026-01-02 13:31:33,488 - INFO - 验证码识别尝试 2/30
2026-01-02 13:31:33,488 - INFO - 开始识别验证码...（easyocr + pytesseract）
2026-01-02 13:31:33,584 - INFO - easyocr 结果: ['F35H(0.72)']
2026-01-02 13:31:33,666 - INFO - tesseract 结果: F35H
2026-01-02 13:31:33,728 - INFO - easyocr alt1 结果: ['F354(0.62)']
2026-01-02 13:31:33,809 - INFO - tesseract alt1 结果: F35H
2026-01-02 13:31:33,873 - INFO - easyocr alt2 结果: ['F354(0.55)']
2026-01-02 13:31:33,954 - INFO - tesseract alt2 结果: F35H
2026-01-02 13:31:34,094 - INFO - easyocr alt3 结果: ['F354(0.54)']
2026-01-02 13:31:34,185 - INFO - tesseract alt3 结果: F35H
2026-01-02 13:31:34,244 - INFO - easyocr alt4 结果: ['F35H(0.74)']
2026-01-02 13:31:34,326 - INFO - tesseract alt4 结果: F35H
2026-01-02 13:31:34,388 - INFO - easyocr alt5 结果: ['F354(0.76)']
2026-01-02 13:31:34,471 - INFO - tesseract alt5 结果: F35H
2026-01-02 13:31:34,472 - INFO - 最终验证码识别结果: F354 (engine=easyocr_alt5, prob=0.7648375630378723)
2026-01-02 13:31:34,472 - INFO - 查找验证码输入框...
2026-01-02 13:31:34,525 - INFO - 验证码填写完成
2026-01-02 13:31:34,526 - INFO - 验证码填写完成，点击登录按钮...
2026-01-02 13:31:34,526 - INFO - 查找并点击登录按钮...
2026-01-02 13:31:34,850 - INFO - 已点击登录按钮
2026-01-02 13:31:41,870 - INFO - 开始填写登录表单...
2026-01-02 13:31:41,926 - INFO - 用户名填写完成
2026-01-02 13:31:41,981 - INFO - 密码填写完成
2026-01-02 13:31:41,982 - INFO - 验证码图片已保存到 /home/runner/work/nju_electric_monitor/nju_electric_monitor/src/../data/captcha_debug.png
2026-01-02 13:31:41,982 - INFO - 验证码识别尝试 3/30
2026-01-02 13:31:41,982 - INFO - 开始识别验证码...（easyocr + pytesseract）
2026-01-02 13:31:42,072 - INFO - easyocr 结果: ['F35H(0.72)']
2026-01-02 13:31:42,151 - INFO - tesseract 结果: F35H
2026-01-02 13:31:42,212 - INFO - easyocr alt1 结果: ['F354(0.62)']
2026-01-02 13:31:42,295 - INFO - tesseract alt1 结果: F35H
2026-01-02 13:31:42,354 - INFO - easyocr alt2 结果: ['F354(0.55)']
2026-01-02 13:31:42,433 - INFO - tesseract alt2 结果: F35H
2026-01-02 13:31:42,575 - INFO - easyocr alt3 结果: ['F354(0.54)']
2026-01-02 13:31:42,666 - INFO - tesseract alt3 结果: F35H
2026-01-02 13:31:42,727 - INFO - easyocr alt4 结果: ['F35H(0.74)']
2026-01-02 13:31:42,806 - INFO - tesseract alt4 结果: F35H
2026-01-02 13:31:42,866 - INFO - easyocr alt5 结果: ['F354(0.76)']
2026-01-02 13:31:42,946 - INFO - tesseract alt5 结果: F35H
2026-01-02 13:31:42,946 - INFO - 最终验证码识别结果: F354 (engine=easyocr_alt5, prob=0.7648375630378723)
2026-01-02 13:31:42,946 - INFO - 查找验证码输入框...
2026-01-02 13:31:42,998 - INFO - 验证码填写完成
2026-01-02 13:31:42,998 - INFO - 验证码填写完成，点击登录按钮...
2026-01-02 13:31:42,998 - INFO - 查找并点击登录按钮...
2026-01-02 13:31:43,051 - INFO - 已点击登录按钮
2026-01-02 13:31:50,071 - INFO - 开始填写登录表单...
2026-01-02 13:31:50,129 - INFO - 用户名填写完成
2026-01-02 13:31:50,184 - INFO - 密码填写完成
2026-01-02 13:31:50,185 - INFO - 验证码图片已保存到 /home/runner/work/nju_electric_monitor/nju_electric_monitor/src/../data/captcha_debug.png
2026-01-02 13:31:50,185 - INFO - 验证码识别尝试 4/30
2026-01-02 13:31:50,185 - INFO - 开始识别验证码...（easyocr + pytesseract）
2026-01-02 13:31:50,275 - INFO - easyocr 结果: ['F35H(0.72)']
2026-01-02 13:31:50,354 - INFO - tesseract 结果: F35H
2026-01-02 13:31:50,415 - INFO - easyocr alt1 结果: ['F354(0.62)']
2026-01-02 13:31:50,495 - INFO - tesseract alt1 结果: F35H
2026-01-02 13:31:50,555 - INFO - easyocr alt2 结果: ['F354(0.55)']
2026-01-02 13:31:50,633 - INFO - tesseract alt2 结果: F35H
2026-01-02 13:31:50,770 - INFO - easyocr alt3 结果: ['F354(0.54)']
2026-01-02 13:31:50,863 - INFO - tesseract alt3 结果: F35H
2026-01-02 13:31:50,926 - INFO - easyocr alt4 结果: ['F35H(0.74)']
2026-01-02 13:31:51,009 - INFO - tesseract alt4 结果: F35H
2026-01-02 13:31:51,071 - INFO - easyocr alt5 结果: ['F354(0.76)']
2026-01-02 13:31:51,150 - INFO - tesseract alt5 结果: F35H
2026-01-02 13:31:51,150 - INFO - 最终验证码识别结果: F354 (engine=easyocr_alt5, prob=0.7648375630378723)
2026-01-02 13:31:51,150 - INFO - 查找验证码输入框...
2026-01-02 13:31:51,204 - INFO - 验证码填写完成
2026-01-02 13:31:51,204 - INFO - 验证码填写完成，点击登录按钮...
2026-01-02 13:31:51,204 - INFO - 查找并点击登录按钮...
2026-01-02 13:31:51,256 - INFO - 已点击登录按钮
2026-01-02 13:31:58,277 - INFO - 开始填写登录表单...
2026-01-02 13:31:58,333 - INFO - 用户名填写完成
2026-01-02 13:31:58,388 - INFO - 密码填写完成
2026-01-02 13:31:58,389 - INFO - 验证码图片已保存到 /home/runner/work/nju_electric_monitor/nju_electric_monitor/src/../data/captcha_debug.png
2026-01-02 13:31:58,389 - INFO - 验证码识别尝试 5/30
2026-01-02 13:31:58,389 - INFO - 开始识别验证码...（easyocr + pytesseract）
2026-01-02 13:31:58,486 - INFO - easyocr 结果: ['F35H(0.72)']
2026-01-02 13:31:58,566 - INFO - tesseract 结果: F35H
2026-01-02 13:31:58,630 - INFO - easyocr alt1 结果: ['F354(0.62)']
2026-01-02 13:31:58,713 - INFO - tesseract alt1 结果: F35H
2026-01-02 13:31:58,773 - INFO - easyocr alt2 结果: ['F354(0.55)']
2026-01-02 13:31:58,851 - INFO - tesseract alt2 结果: F35H
2026-01-02 13:31:58,986 - INFO - easyocr alt3 结果: ['F354(0.54)']
2026-01-02 13:31:59,079 - INFO - tesseract alt3 结果: F35H
2026-01-02 13:31:59,140 - INFO - easyocr alt4 结果: ['F35H(0.74)']
2026-01-02 13:31:59,221 - INFO - tesseract alt4 结果: F35H
2026-01-02 13:31:59,281 - INFO - easyocr alt5 结果: ['F354(0.76)']
2026-01-02 13:31:59,363 - INFO - tesseract alt5 结果: F35H
2026-01-02 13:31:59,363 - INFO - 最终验证码识别结果: F354 (engine=easyocr_alt5, prob=0.7648375630378723)
2026-01-02 13:31:59,363 - INFO - 查找验证码输入框...
2026-01-02 13:31:59,416 - INFO - 验证码填写完成
2026-01-02 13:31:59,416 - INFO - 验证码填写完成，点击登录按钮...
2026-01-02 13:31:59,416 - INFO - 查找并点击登录按钮...
2026-01-02 13:31:59,467 - INFO - 已点击登录按钮
2026-01-02 13:32:06,487 - INFO - 开始填写登录表单...
2026-01-02 13:32:06,541 - INFO - 用户名填写完成
2026-01-02 13:32:06,595 - INFO - 密码填写完成
2026-01-02 13:32:06,596 - INFO - 验证码图片已保存到 /home/runner/work/nju_electric_monitor/nju_electric_monitor/src/../data/captcha_debug.png
2026-01-02 13:32:06,596 - INFO - 验证码识别尝试 6/30
2026-01-02 13:32:06,596 - INFO - 开始识别验证码...（easyocr + pytesseract）
2026-01-02 13:32:06,682 - INFO - easyocr 结果: ['F35H(0.72)']
2026-01-02 13:32:06,760 - INFO - tesseract 结果: F35H
2026-01-02 13:32:06,821 - INFO - easyocr alt1 结果: ['F354(0.62)']
2026-01-02 13:32:06,899 - INFO - tesseract alt1 结果: F35H
2026-01-02 13:32:06,957 - INFO - easyocr alt2 结果: ['F354(0.55)']
2026-01-02 13:32:07,038 - INFO - tesseract alt2 结果: F35H
2026-01-02 13:32:07,177 - INFO - easyocr alt3 结果: ['F354(0.54)']
2026-01-02 13:32:07,271 - INFO - tesseract alt3 结果: F35H
2026-01-02 13:32:07,330 - INFO - easyocr alt4 结果: ['F35H(0.74)']
2026-01-02 13:32:07,408 - INFO - tesseract alt4 结果: F35H
2026-01-02 13:32:07,470 - INFO - easyocr alt5 结果: ['F354(0.76)']
2026-01-02 13:32:07,548 - INFO - tesseract alt5 结果: F35H
2026-01-02 13:32:07,548 - INFO - 最终验证码识别结果: F354 (engine=easyocr_alt5, prob=0.7648375630378723)
2026-01-02 13:32:07,548 - INFO - 查找验证码输入框...
2026-01-02 13:32:07,600 - INFO - 验证码填写完成
2026-01-02 13:32:07,600 - INFO - 验证码填写完成，点击登录按钮...
2026-01-02 13:32:07,600 - INFO - 查找并点击登录按钮...
2026-01-02 13:32:07,651 - INFO - 已点击登录按钮
2026-01-02 13:32:14,675 - INFO - 开始填写登录表单...
2026-01-02 13:32:14,741 - INFO - 用户名填写完成
2026-01-02 13:32:14,803 - INFO - 密码填写完成
2026-01-02 13:32:14,803 - INFO - 验证码图片已保存到 /home/runner/work/nju_electric_monitor/nju_electric_monitor/src/../data/captcha_debug.png
2026-01-02 13:32:14,803 - INFO - 验证码识别尝试 7/30
2026-01-02 13:32:14,804 - INFO - 开始识别验证码...（easyocr + pytesseract）
2026-01-02 13:32:14,925 - INFO - easyocr 结果: ['F35H(0.72)']
2026-01-02 13:32:15,063 - INFO - tesseract 结果: F35H
2026-01-02 13:32:15,126 - INFO - easyocr alt1 结果: ['F354(0.62)']
2026-01-02 13:32:15,206 - INFO - tesseract alt1 结果: F35H
2026-01-02 13:32:15,266 - INFO - easyocr alt2 结果: ['F354(0.55)']
2026-01-02 13:32:15,347 - INFO - tesseract alt2 结果: F35H
2026-01-02 13:32:15,486 - INFO - easyocr alt3 结果: ['F354(0.54)']
2026-01-02 13:32:15,583 - INFO - tesseract alt3 结果: F35H
2026-01-02 13:32:15,642 - INFO - easyocr alt4 结果: ['F35H(0.74)']
2026-01-02 13:32:15,726 - INFO - tesseract alt4 结果: F35H
2026-01-02 13:32:15,786 - INFO - easyocr alt5 结果: ['F354(0.76)']
2026-01-02 13:32:15,865 - INFO - tesseract alt5 结果: F35H
2026-01-02 13:32:15,865 - INFO - 最终验证码识别结果: F354 (engine=easyocr_alt5, prob=0.7648375630378723)
2026-01-02 13:32:15,865 - INFO - 查找验证码输入框...
2026-01-02 13:32:15,934 - INFO - 验证码填写完成
2026-01-02 13:32:15,934 - INFO - 验证码填写完成，点击登录按钮...
2026-01-02 13:32:15,934 - INFO - 查找并点击登录按钮...
2026-01-02 13:32:15,989 - INFO - 已点击登录按钮
2026-01-02 13:32:23,009 - INFO - 开始填写登录表单...
2026-01-02 13:32:23,066 - INFO - 用户名填写完成
2026-01-02 13:32:23,121 - INFO - 密码填写完成
2026-01-02 13:32:23,121 - INFO - 验证码图片已保存到 /home/runner/work/nju_electric_monitor/nju_electric_monitor/src/../data/captcha_debug.png
2026-01-02 13:32:23,121 - INFO - 验证码识别尝试 8/30
2026-01-02 13:32:23,121 - INFO - 开始识别验证码...（easyocr + pytesseract）
2026-01-02 13:32:23,211 - INFO - easyocr 结果: ['F35H(0.72)']
2026-01-02 13:32:23,291 - INFO - tesseract 结果: F35H
2026-01-02 13:32:23,359 - INFO - easyocr alt1 结果: ['F354(0.62)']
2026-01-02 13:32:23,441 - INFO - tesseract alt1 结果: F35H
2026-01-02 13:32:23,502 - INFO - easyocr alt2 结果: ['F354(0.55)']
2026-01-02 13:32:23,585 - INFO - tesseract alt2 结果: F35H
2026-01-02 13:32:23,728 - INFO - easyocr alt3 结果: ['F354(0.54)']
2026-01-02 13:32:23,820 - INFO - tesseract alt3 结果: F35H
2026-01-02 13:32:23,886 - INFO - easyocr alt4 结果: ['F35H(0.74)']
2026-01-02 13:32:23,972 - INFO - tesseract alt4 结果: F35H
2026-01-02 13:32:24,040 - INFO - easyocr alt5 结果: ['F354(0.76)']
2026-01-02 13:32:24,124 - INFO - tesseract alt5 结果: F35H
2026-01-02 13:32:24,124 - INFO - 最终验证码识别结果: F354 (engine=easyocr_alt5, prob=0.7648375630378723)
2026-01-02 13:32:24,124 - INFO - 查找验证码输入框...
2026-01-02 13:32:24,179 - INFO - 验证码填写完成
2026-01-02 13:32:24,179 - INFO - 验证码填写完成，点击登录按钮...
2026-01-02 13:32:24,179 - INFO - 查找并点击登录按钮...
2026-01-02 13:32:24,233 - INFO - 已点击登录按钮
2026-01-02 13:32:31,252 - INFO - 开始填写登录表单...
2026-01-02 13:32:31,308 - INFO - 用户名填写完成
2026-01-02 13:32:31,362 - INFO - 密码填写完成
2026-01-02 13:32:31,362 - INFO - 验证码图片已保存到 /home/runner/work/nju_electric_monitor/nju_electric_monitor/src/../data/captcha_debug.png
2026-01-02 13:32:31,362 - INFO - 验证码识别尝试 9/30
2026-01-02 13:32:31,362 - INFO - 开始识别验证码...（easyocr + pytesseract）
2026-01-02 13:32:31,451 - INFO - easyocr 结果: ['F35H(0.72)']
2026-01-02 13:32:31,529 - INFO - tesseract 结果: F35H
2026-01-02 13:32:31,588 - INFO - easyocr alt1 结果: ['F354(0.62)']
2026-01-02 13:32:31,668 - INFO - tesseract alt1 结果: F35H
2026-01-02 13:32:31,727 - INFO - easyocr alt2 结果: ['F354(0.55)']
2026-01-02 13:32:31,809 - INFO - tesseract alt2 结果: F35H
2026-01-02 13:32:31,949 - INFO - easyocr alt3 结果: ['F354(0.54)']
2026-01-02 13:32:32,041 - INFO - tesseract alt3 结果: F35H
2026-01-02 13:32:32,101 - INFO - easyocr alt4 结果: ['F35H(0.74)']
2026-01-02 13:32:32,180 - INFO - tesseract alt4 结果: F35H
2026-01-02 13:32:32,239 - INFO - easyocr alt5 结果: ['F354(0.76)']
2026-01-02 13:32:32,318 - INFO - tesseract alt5 结果: F35H
2026-01-02 13:32:32,318 - INFO - 最终验证码识别结果: F354 (engine=easyocr_alt5, prob=0.7648375630378723)
2026-01-02 13:32:32,318 - INFO - 查找验证码输入框...
2026-01-02 13:32:32,372 - INFO - 验证码填写完成
2026-01-02 13:32:32,372 - INFO - 验证码填写完成，点击登录按钮...
2026-01-02 13:32:32,372 - INFO - 查找并点击登录按钮...
2026-01-02 13:32:32,423 - INFO - 已点击登录按钮
2026-01-02 13:32:39,444 - INFO - 开始填写登录表单...
2026-01-02 13:32:39,501 - INFO - 用户名填写完成
2026-01-02 13:32:39,556 - INFO - 密码填写完成
2026-01-02 13:32:39,557 - INFO - 验证码图片已保存到 /home/runner/work/nju_electric_monitor/nju_electric_monitor/src/../data/captcha_debug.png
2026-01-02 13:32:39,557 - INFO - 验证码识别尝试 10/30
2026-01-02 13:32:39,558 - INFO - 开始识别验证码...（easyocr + pytesseract）
2026-01-02 13:32:39,643 - INFO - easyocr 结果: ['F35H(0.72)']
2026-01-02 13:32:39,728 - INFO - tesseract 结果: F35H
2026-01-02 13:32:39,788 - INFO - easyocr alt1 结果: ['F354(0.62)']
2026-01-02 13:32:39,870 - INFO - tesseract alt1 结果: F35H
2026-01-02 13:32:39,928 - INFO - easyocr alt2 结果: ['F354(0.55)']
2026-01-02 13:32:40,006 - INFO - tesseract alt2 结果: F35H
2026-01-02 13:32:40,145 - INFO - easyocr alt3 结果: ['F354(0.54)']
2026-01-02 13:32:40,238 - INFO - tesseract alt3 结果: F35H
2026-01-02 13:32:40,315 - INFO - easyocr alt4 结果: ['F35H(0.74)']
2026-01-02 13:32:40,397 - INFO - tesseract alt4 结果: F35H
2026-01-02 13:32:40,459 - INFO - easyocr alt5 结果: ['F354(0.76)']
2026-01-02 13:32:40,540 - INFO - tesseract alt5 结果: F35H
2026-01-02 13:32:40,541 - INFO - 最终验证码识别结果: F354 (engine=easyocr_alt5, prob=0.7648375630378723)
2026-01-02 13:32:40,541 - INFO - 查找验证码输入框...
2026-01-02 13:32:40,595 - INFO - 验证码填写完成
2026-01-02 13:32:40,596 - INFO - 验证码填写完成，点击登录按钮...
2026-01-02 13:32:40,596 - INFO - 查找并点击登录按钮...
2026-01-02 13:32:40,650 - INFO - 已点击登录按钮
2026-01-02 13:32:47,671 - INFO - 开始填写登录表单...
2026-01-02 13:32:47,728 - INFO - 用户名填写完成
2026-01-02 13:32:47,783 - INFO - 密码填写完成
2026-01-02 13:32:47,784 - INFO - 验证码图片已保存到 /home/runner/work/nju_electric_monitor/nju_electric_monitor/src/../data/captcha_debug.png
2026-01-02 13:32:47,784 - INFO - 验证码识别尝试 11/30
2026-01-02 13:32:47,784 - INFO - 开始识别验证码...（easyocr + pytesseract）
2026-01-02 13:32:47,878 - INFO - easyocr 结果: ['F35H(0.72)']
2026-01-02 13:32:47,961 - INFO - tesseract 结果: F35H
2026-01-02 13:32:48,023 - INFO - easyocr alt1 结果: ['F354(0.62)']
2026-01-02 13:32:48,105 - INFO - tesseract alt1 结果: F35H
2026-01-02 13:32:48,164 - INFO - easyocr alt2 结果: ['F354(0.55)']
2026-01-02 13:32:48,247 - INFO - tesseract alt2 结果: F35H
2026-01-02 13:32:48,383 - INFO - easyocr alt3 结果: ['F354(0.54)']
2026-01-02 13:32:48,479 - INFO - tesseract alt3 结果: F35H
2026-01-02 13:32:48,550 - INFO - easyocr alt4 结果: ['F35H(0.74)']
2026-01-02 13:32:48,631 - INFO - tesseract alt4 结果: F35H
2026-01-02 13:32:48,690 - INFO - easyocr alt5 结果: ['F354(0.76)']
2026-01-02 13:32:48,771 - INFO - tesseract alt5 结果: F35H
2026-01-02 13:32:48,771 - INFO - 最终验证码识别结果: F354 (engine=easyocr_alt5, prob=0.7648375630378723)
2026-01-02 13:32:48,771 - INFO - 查找验证码输入框...
2026-01-02 13:32:48,827 - INFO - 验证码填写完成
2026-01-02 13:32:48,827 - INFO - 验证码填写完成，点击登录按钮...
2026-01-02 13:32:48,827 - INFO - 查找并点击登录按钮...
2026-01-02 13:32:48,880 - INFO - 已点击登录按钮
2026-01-02 13:32:55,900 - INFO - 开始填写登录表单...
2026-01-02 13:32:55,958 - INFO - 用户名填写完成
2026-01-02 13:32:56,014 - INFO - 密码填写完成
2026-01-02 13:32:56,014 - INFO - 验证码图片已保存到 /home/runner/work/nju_electric_monitor/nju_electric_monitor/src/../data/captcha_debug.png
2026-01-02 13:32:56,014 - INFO - 验证码识别尝试 12/30
2026-01-02 13:32:56,015 - INFO - 开始识别验证码...（easyocr + pytesseract）
2026-01-02 13:32:56,108 - INFO - easyocr 结果: ['F35H(0.72)']
2026-01-02 13:32:56,187 - INFO - tesseract 结果: F35H
2026-01-02 13:32:56,254 - INFO - easyocr alt1 结果: ['F354(0.62)']
2026-01-02 13:32:56,333 - INFO - tesseract alt1 结果: F35H
2026-01-02 13:32:56,393 - INFO - easyocr alt2 结果: ['F354(0.55)']
2026-01-02 13:32:56,471 - INFO - tesseract alt2 结果: F35H
2026-01-02 13:32:56,607 - INFO - easyocr alt3 结果: ['F354(0.54)']
2026-01-02 13:32:56,701 - INFO - tesseract alt3 结果: F35H
2026-01-02 13:32:56,779 - INFO - easyocr alt4 结果: ['F35H(0.74)']
2026-01-02 13:32:56,858 - INFO - tesseract alt4 结果: F35H
2026-01-02 13:32:56,915 - INFO - easyocr alt5 结果: ['F354(0.76)']
2026-01-02 13:32:56,993 - INFO - tesseract alt5 结果: F35H
2026-01-02 13:32:56,993 - INFO - 最终验证码识别结果: F354 (engine=easyocr_alt5, prob=0.7648375630378723)
2026-01-02 13:32:56,993 - INFO - 查找验证码输入框...
2026-01-02 13:32:57,047 - INFO - 验证码填写完成
2026-01-02 13:32:57,047 - INFO - 验证码填写完成，点击登录按钮...
2026-01-02 13:32:57,047 - INFO - 查找并点击登录按钮...
2026-01-02 13:32:57,099 - INFO - 已点击登录按钮
2026-01-02 13:33:04,119 - INFO - 开始填写登录表单...
2026-01-02 13:33:04,177 - INFO - 用户名填写完成
2026-01-02 13:33:04,234 - INFO - 密码填写完成
2026-01-02 13:33:04,234 - INFO - 验证码图片已保存到 /home/runner/work/nju_electric_monitor/nju_electric_monitor/src/../data/captcha_debug.png
2026-01-02 13:33:04,234 - INFO - 验证码识别尝试 13/30
2026-01-02 13:33:04,234 - INFO - 开始识别验证码...（easyocr + pytesseract）
2026-01-02 13:33:04,328 - INFO - easyocr 结果: ['F35H(0.72)']
2026-01-02 13:33:04,412 - INFO - tesseract 结果: F35H
2026-01-02 13:33:04,473 - INFO - easyocr alt1 结果: ['F354(0.62)']
2026-01-02 13:33:04,554 - INFO - tesseract alt1 结果: F35H
2026-01-02 13:33:04,615 - INFO - easyocr alt2 结果: ['F354(0.55)']
2026-01-02 13:33:04,696 - INFO - tesseract alt2 结果: F35H
2026-01-02 13:33:04,832 - INFO - easyocr alt3 结果: ['F354(0.54)']
2026-01-02 13:33:04,928 - INFO - tesseract alt3 结果: F35H
2026-01-02 13:33:04,988 - INFO - easyocr alt4 结果: ['F35H(0.74)']
2026-01-02 13:33:05,072 - INFO - tesseract alt4 结果: F35H
2026-01-02 13:33:05,132 - INFO - easyocr alt5 结果: ['F354(0.76)']
2026-01-02 13:33:05,215 - INFO - tesseract alt5 结果: F35H
2026-01-02 13:33:05,215 - INFO - 最终验证码识别结果: F354 (engine=easyocr_alt5, prob=0.7648375630378723)
2026-01-02 13:33:05,215 - INFO - 查找验证码输入框...
2026-01-02 13:33:05,269 - INFO - 验证码填写完成
2026-01-02 13:33:05,269 - INFO - 验证码填写完成，点击登录按钮...
2026-01-02 13:33:05,269 - INFO - 查找并点击登录按钮...
2026-01-02 13:33:05,322 - INFO - 已点击登录按钮
2026-01-02 13:33:12,342 - INFO - 开始填写登录表单...
2026-01-02 13:33:12,398 - INFO - 用户名填写完成
2026-01-02 13:33:12,454 - INFO - 密码填写完成
2026-01-02 13:33:12,455 - INFO - 验证码图片已保存到 /home/runner/work/nju_electric_monitor/nju_electric_monitor/src/../data/captcha_debug.png
2026-01-02 13:33:12,455 - INFO - 验证码识别尝试 14/30
2026-01-02 13:33:12,455 - INFO - 开始识别验证码...（easyocr + pytesseract）
2026-01-02 13:33:12,544 - INFO - easyocr 结果: ['F35H(0.72)']
2026-01-02 13:33:12,625 - INFO - tesseract 结果: F35H
2026-01-02 13:33:12,686 - INFO - easyocr alt1 结果: ['F354(0.62)']
2026-01-02 13:33:12,765 - INFO - tesseract alt1 结果: F35H
2026-01-02 13:33:12,828 - INFO - easyocr alt2 结果: ['F354(0.55)']
2026-01-02 13:33:12,908 - INFO - tesseract alt2 结果: F35H
2026-01-02 13:33:13,048 - INFO - easyocr alt3 结果: ['F354(0.54)']
2026-01-02 13:33:13,140 - INFO - tesseract alt3 结果: F35H
2026-01-02 13:33:13,202 - INFO - easyocr alt4 结果: ['F35H(0.74)']
2026-01-02 13:33:13,284 - INFO - tesseract alt4 结果: F35H
2026-01-02 13:33:13,343 - INFO - easyocr alt5 结果: ['F354(0.76)']
2026-01-02 13:33:13,423 - INFO - tesseract alt5 结果: F35H
2026-01-02 13:33:13,423 - INFO - 最终验证码识别结果: F354 (engine=easyocr_alt5, prob=0.7648375630378723)
2026-01-02 13:33:13,423 - INFO - 查找验证码输入框...
2026-01-02 13:33:13,477 - INFO - 验证码填写完成
2026-01-02 13:33:13,477 - INFO - 验证码填写完成，点击登录按钮...
2026-01-02 13:33:13,477 - INFO - 查找并点击登录按钮...
2026-01-02 13:33:13,531 - INFO - 已点击登录按钮
2026-01-02 13:33:20,551 - INFO - 开始填写登录表单...
2026-01-02 13:33:20,610 - INFO - 用户名填写完成
2026-01-02 13:33:20,666 - INFO - 密码填写完成
2026-01-02 13:33:20,666 - INFO - 验证码图片已保存到 /home/runner/work/nju_electric_monitor/nju_electric_monitor/src/../data/captcha_debug.png
2026-01-02 13:33:20,666 - INFO - 验证码识别尝试 15/30
2026-01-02 13:33:20,666 - INFO - 开始识别验证码...（easyocr + pytesseract）
2026-01-02 13:33:20,757 - INFO - easyocr 结果: ['F35H(0.72)']
2026-01-02 13:33:20,836 - INFO - tesseract 结果: F35H
2026-01-02 13:33:20,900 - INFO - easyocr alt1 结果: ['F354(0.62)']
2026-01-02 13:33:20,983 - INFO - tesseract alt1 结果: F35H
2026-01-02 13:33:21,044 - INFO - easyocr alt2 结果: ['F354(0.55)']
2026-01-02 13:33:21,126 - INFO - tesseract alt2 结果: F35H
2026-01-02 13:33:21,266 - INFO - easyocr alt3 结果: ['F354(0.54)']
2026-01-02 13:33:21,359 - INFO - tesseract alt3 结果: F35H
2026-01-02 13:33:21,423 - INFO - easyocr alt4 结果: ['F35H(0.74)']
2026-01-02 13:33:21,502 - INFO - tesseract alt4 结果: F35H
2026-01-02 13:33:21,562 - INFO - easyocr alt5 结果: ['F354(0.76)']
2026-01-02 13:33:21,641 - INFO - tesseract alt5 结果: F35H
2026-01-02 13:33:21,641 - INFO - 最终验证码识别结果: F354 (engine=easyocr_alt5, prob=0.7648375630378723)
2026-01-02 13:33:21,641 - INFO - 查找验证码输入框...
2026-01-02 13:33:21,695 - INFO - 验证码填写完成
2026-01-02 13:33:21,695 - INFO - 验证码填写完成，点击登录按钮...
2026-01-02 13:33:21,695 - INFO - 查找并点击登录按钮...
2026-01-02 13:33:21,748 - INFO - 已点击登录按钮
2026-01-02 13:33:28,769 - INFO - 开始填写登录表单...
2026-01-02 13:33:28,827 - INFO - 用户名填写完成
2026-01-02 13:33:28,883 - INFO - 密码填写完成
2026-01-02 13:33:28,884 - INFO - 验证码图片已保存到 /home/runner/work/nju_electric_monitor/nju_electric_monitor/src/../data/captcha_debug.png
2026-01-02 13:33:28,884 - INFO - 验证码识别尝试 16/30
2026-01-02 13:33:28,884 - INFO - 开始识别验证码...（easyocr + pytesseract）
2026-01-02 13:33:28,977 - INFO - easyocr 结果: ['F35H(0.72)']
2026-01-02 13:33:29,056 - INFO - tesseract 结果: F35H
2026-01-02 13:33:29,116 - INFO - easyocr alt1 结果: ['F354(0.62)']
2026-01-02 13:33:29,194 - INFO - tesseract alt1 结果: F35H
2026-01-02 13:33:29,254 - INFO - easyocr alt2 结果: ['F354(0.55)']
2026-01-02 13:33:29,331 - INFO - tesseract alt2 结果: F35H
2026-01-02 13:33:29,467 - INFO - easyocr alt3 结果: ['F354(0.54)']
2026-01-02 13:33:29,560 - INFO - tesseract alt3 结果: F35H
2026-01-02 13:33:29,620 - INFO - easyocr alt4 结果: ['F35H(0.74)']
2026-01-02 13:33:29,701 - INFO - tesseract alt4 结果: F35H
2026-01-02 13:33:29,760 - INFO - easyocr alt5 结果: ['F354(0.76)']
2026-01-02 13:33:29,839 - INFO - tesseract alt5 结果: F35H
2026-01-02 13:33:29,840 - INFO - 最终验证码识别结果: F354 (engine=easyocr_alt5, prob=0.7648375630378723)
2026-01-02 13:33:29,840 - INFO - 查找验证码输入框...
2026-01-02 13:33:29,894 - INFO - 验证码填写完成
2026-01-02 13:33:29,894 - INFO - 验证码填写完成，点击登录按钮...
2026-01-02 13:33:29,894 - INFO - 查找并点击登录按钮...
2026-01-02 13:33:29,948 - INFO - 已点击登录按钮
2026-01-02 13:33:36,969 - INFO - 开始填写登录表单...
2026-01-02 13:33:37,027 - INFO - 用户名填写完成
2026-01-02 13:33:37,083 - INFO - 密码填写完成
2026-01-02 13:33:37,084 - INFO - 验证码图片已保存到 /home/runner/work/nju_electric_monitor/nju_electric_monitor/src/../data/captcha_debug.png
2026-01-02 13:33:37,084 - INFO - 验证码识别尝试 17/30
2026-01-02 13:33:37,084 - INFO - 开始识别验证码...（easyocr + pytesseract）
2026-01-02 13:33:37,173 - INFO - easyocr 结果: ['F35H(0.72)']
2026-01-02 13:33:37,252 - INFO - tesseract 结果: F35H
2026-01-02 13:33:37,314 - INFO - easyocr alt1 结果: ['F354(0.62)']
2026-01-02 13:33:37,394 - INFO - tesseract alt1 结果: F35H
2026-01-02 13:33:37,453 - INFO - easyocr alt2 结果: ['F354(0.55)']
2026-01-02 13:33:37,536 - INFO - tesseract alt2 结果: F35H
2026-01-02 13:33:37,675 - INFO - easyocr alt3 结果: ['F354(0.54)']
2026-01-02 13:33:37,768 - INFO - tesseract alt3 结果: F35H
2026-01-02 13:33:37,830 - INFO - easyocr alt4 结果: ['F35H(0.74)']
2026-01-02 13:33:37,908 - INFO - tesseract alt4 结果: F35H
2026-01-02 13:33:37,968 - INFO - easyocr alt5 结果: ['F354(0.76)']
2026-01-02 13:33:38,050 - INFO - tesseract alt5 结果: F35H
2026-01-02 13:33:38,050 - INFO - 最终验证码识别结果: F354 (engine=easyocr_alt5, prob=0.7648375630378723)
2026-01-02 13:33:38,050 - INFO - 查找验证码输入框...
2026-01-02 13:33:38,105 - INFO - 验证码填写完成
2026-01-02 13:33:38,105 - INFO - 验证码填写完成，点击登录按钮...
2026-01-02 13:33:38,105 - INFO - 查找并点击登录按钮...
2026-01-02 13:33:38,446 - INFO - 已点击登录按钮
2026-01-02 13:33:45,467 - INFO - 开始填写登录表单...
2026-01-02 13:33:45,528 - INFO - 用户名填写完成
2026-01-02 13:33:45,585 - INFO - 密码填写完成
2026-01-02 13:33:45,585 - INFO - 验证码图片已保存到 /home/runner/work/nju_electric_monitor/nju_electric_monitor/src/../data/captcha_debug.png
2026-01-02 13:33:45,585 - INFO - 验证码识别尝试 18/30
2026-01-02 13:33:45,585 - INFO - 开始识别验证码...（easyocr + pytesseract）
2026-01-02 13:33:45,679 - INFO - easyocr 结果: ['F35H(0.72)']
2026-01-02 13:33:45,760 - INFO - tesseract 结果: F35H
2026-01-02 13:33:45,819 - INFO - easyocr alt1 结果: ['F354(0.62)']
2026-01-02 13:33:45,900 - INFO - tesseract alt1 结果: F35H
2026-01-02 13:33:45,972 - INFO - easyocr alt2 结果: ['F354(0.55)']
2026-01-02 13:33:46,052 - INFO - tesseract alt2 结果: F35H
2026-01-02 13:33:46,196 - INFO - easyocr alt3 结果: ['F354(0.54)']
2026-01-02 13:33:46,288 - INFO - tesseract alt3 结果: F35H
2026-01-02 13:33:46,348 - INFO - easyocr alt4 结果: ['F35H(0.74)']
2026-01-02 13:33:46,432 - INFO - tesseract alt4 结果: F35H
2026-01-02 13:33:46,491 - INFO - easyocr alt5 结果: ['F354(0.76)']
2026-01-02 13:33:46,571 - INFO - tesseract alt5 结果: F35H
2026-01-02 13:33:46,571 - INFO - 最终验证码识别结果: F354 (engine=easyocr_alt5, prob=0.7648375630378723)
2026-01-02 13:33:46,571 - INFO - 查找验证码输入框...
2026-01-02 13:33:46,627 - INFO - 验证码填写完成
2026-01-02 13:33:46,627 - INFO - 验证码填写完成，点击登录按钮...
2026-01-02 13:33:46,627 - INFO - 查找并点击登录按钮...
2026-01-02 13:33:46,682 - INFO - 已点击登录按钮
2026-01-02 13:33:53,701 - INFO - 开始填写登录表单...
2026-01-02 13:33:53,756 - INFO - 用户名填写完成
2026-01-02 13:33:53,811 - INFO - 密码填写完成
2026-01-02 13:33:53,812 - INFO - 验证码图片已保存到 /home/runner/work/nju_electric_monitor/nju_electric_monitor/src/../data/captcha_debug.png
2026-01-02 13:33:53,812 - INFO - 验证码识别尝试 19/30
2026-01-02 13:33:53,812 - INFO - 开始识别验证码...（easyocr + pytesseract）
2026-01-02 13:33:53,908 - INFO - easyocr 结果: ['F35H(0.72)']
2026-01-02 13:33:53,988 - INFO - tesseract 结果: F35H
2026-01-02 13:33:54,048 - INFO - easyocr alt1 结果: ['F354(0.62)']
2026-01-02 13:33:54,127 - INFO - tesseract alt1 结果: F35H
2026-01-02 13:33:54,186 - INFO - easyocr alt2 结果: ['F354(0.55)']
2026-01-02 13:33:54,263 - INFO - tesseract alt2 结果: F35H
2026-01-02 13:33:54,401 - INFO - easyocr alt3 结果: ['F354(0.54)']
2026-01-02 13:33:54,493 - INFO - tesseract alt3 结果: F35H
2026-01-02 13:33:54,553 - INFO - easyocr alt4 结果: ['F35H(0.74)']
2026-01-02 13:33:54,634 - INFO - tesseract alt4 结果: F35H
2026-01-02 13:33:54,693 - INFO - easyocr alt5 结果: ['F354(0.76)']
2026-01-02 13:33:54,772 - INFO - tesseract alt5 结果: F35H
2026-01-02 13:33:54,773 - INFO - 最终验证码识别结果: F354 (engine=easyocr_alt5, prob=0.7648375630378723)
2026-01-02 13:33:54,773 - INFO - 查找验证码输入框...
2026-01-02 13:33:54,826 - INFO - 验证码填写完成
2026-01-02 13:33:54,826 - INFO - 验证码填写完成，点击登录按钮...
2026-01-02 13:33:54,826 - INFO - 查找并点击登录按钮...
2026-01-02 13:33:54,881 - INFO - 已点击登录按钮
2026-01-02 13:34:01,901 - INFO - 开始填写登录表单...
2026-01-02 13:34:01,960 - INFO - 用户名填写完成
2026-01-02 13:34:02,017 - INFO - 密码填写完成
2026-01-02 13:34:02,018 - INFO - 验证码图片已保存到 /home/runner/work/nju_electric_monitor/nju_electric_monitor/src/../data/captcha_debug.png
2026-01-02 13:34:02,018 - INFO - 验证码识别尝试 20/30
2026-01-02 13:34:02,018 - INFO - 开始识别验证码...（easyocr + pytesseract）
2026-01-02 13:34:02,111 - INFO - easyocr 结果: ['F35H(0.72)']
2026-01-02 13:34:02,194 - INFO - tesseract 结果: F35H
2026-01-02 13:34:02,255 - INFO - easyocr alt1 结果: ['F354(0.62)']
2026-01-02 13:34:02,336 - INFO - tesseract alt1 结果: F35H
2026-01-02 13:34:02,399 - INFO - easyocr alt2 结果: ['F354(0.55)']
2026-01-02 13:34:02,481 - INFO - tesseract alt2 结果: F35H
2026-01-02 13:34:02,619 - INFO - easyocr alt3 结果: ['F354(0.54)']
2026-01-02 13:34:02,710 - INFO - tesseract alt3 结果: F35H
2026-01-02 13:34:02,772 - INFO - easyocr alt4 结果: ['F35H(0.74)']
2026-01-02 13:34:02,851 - INFO - tesseract alt4 结果: F35H
2026-01-02 13:34:02,912 - INFO - easyocr alt5 结果: ['F354(0.76)']
2026-01-02 13:34:02,993 - INFO - tesseract alt5 结果: F35H
2026-01-02 13:34:02,993 - INFO - 最终验证码识别结果: F354 (engine=easyocr_alt5, prob=0.7648375630378723)
2026-01-02 13:34:02,993 - INFO - 查找验证码输入框...
2026-01-02 13:34:03,047 - INFO - 验证码填写完成
2026-01-02 13:34:03,047 - INFO - 验证码填写完成，点击登录按钮...
2026-01-02 13:34:03,047 - INFO - 查找并点击登录按钮...
2026-01-02 13:34:03,101 - INFO - 已点击登录按钮
2026-01-02 13:34:10,122 - INFO - 开始填写登录表单...
2026-01-02 13:34:10,180 - INFO - 用户名填写完成
2026-01-02 13:34:10,234 - INFO - 密码填写完成
2026-01-02 13:34:10,235 - INFO - 验证码图片已保存到 /home/runner/work/nju_electric_monitor/nju_electric_monitor/src/../data/captcha_debug.png
2026-01-02 13:34:10,235 - INFO - 验证码识别尝试 21/30
2026-01-02 13:34:10,235 - INFO - 开始识别验证码...（easyocr + pytesseract）
2026-01-02 13:34:10,331 - INFO - easyocr 结果: ['F35H(0.72)']
2026-01-02 13:34:10,414 - INFO - tesseract 结果: F35H
2026-01-02 13:34:10,475 - INFO - easyocr alt1 结果: ['F354(0.62)']
2026-01-02 13:34:10,553 - INFO - tesseract alt1 结果: F35H
2026-01-02 13:34:10,611 - INFO - easyocr alt2 结果: ['F354(0.55)']
2026-01-02 13:34:10,689 - INFO - tesseract alt2 结果: F35H
2026-01-02 13:34:10,824 - INFO - easyocr alt3 结果: ['F354(0.54)']
2026-01-02 13:34:10,915 - INFO - tesseract alt3 结果: F35H
2026-01-02 13:34:10,973 - INFO - easyocr alt4 结果: ['F35H(0.74)']
2026-01-02 13:34:11,052 - INFO - tesseract alt4 结果: F35H
2026-01-02 13:34:11,111 - INFO - easyocr alt5 结果: ['F354(0.76)']
2026-01-02 13:34:11,193 - INFO - tesseract alt5 结果: F35H
2026-01-02 13:34:11,193 - INFO - 最终验证码识别结果: F354 (engine=easyocr_alt5, prob=0.7648375630378723)
2026-01-02 13:34:11,193 - INFO - 查找验证码输入框...
2026-01-02 13:34:11,245 - INFO - 验证码填写完成
2026-01-02 13:34:11,245 - INFO - 验证码填写完成，点击登录按钮...
2026-01-02 13:34:11,245 - INFO - 查找并点击登录按钮...
2026-01-02 13:34:11,296 - INFO - 已点击登录按钮
2026-01-02 13:34:18,316 - INFO - 开始填写登录表单...
2026-01-02 13:34:18,373 - INFO - 用户名填写完成
2026-01-02 13:34:18,427 - INFO - 密码填写完成
2026-01-02 13:34:18,428 - INFO - 验证码图片已保存到 /home/runner/work/nju_electric_monitor/nju_electric_monitor/src/../data/captcha_debug.png
2026-01-02 13:34:18,428 - INFO - 验证码识别尝试 22/30
2026-01-02 13:34:18,428 - INFO - 开始识别验证码...（easyocr + pytesseract）
2026-01-02 13:34:18,525 - INFO - easyocr 结果: ['F35H(0.72)']
2026-01-02 13:34:18,610 - INFO - tesseract 结果: F35H
2026-01-02 13:34:18,671 - INFO - easyocr alt1 结果: ['F354(0.62)']
2026-01-02 13:34:18,752 - INFO - tesseract alt1 结果: F35H
2026-01-02 13:34:18,821 - INFO - easyocr alt2 结果: ['F354(0.55)']
2026-01-02 13:34:18,899 - INFO - tesseract alt2 结果: F35H
2026-01-02 13:34:19,039 - INFO - easyocr alt3 结果: ['F354(0.54)']
2026-01-02 13:34:19,136 - INFO - tesseract alt3 结果: F35H
2026-01-02 13:34:19,197 - INFO - easyocr alt4 结果: ['F35H(0.74)']
2026-01-02 13:34:19,279 - INFO - tesseract alt4 结果: F35H
2026-01-02 13:34:19,338 - INFO - easyocr alt5 结果: ['F354(0.76)']
2026-01-02 13:34:19,422 - INFO - tesseract alt5 结果: F35H
2026-01-02 13:34:19,422 - INFO - 最终验证码识别结果: F354 (engine=easyocr_alt5, prob=0.7648375630378723)
2026-01-02 13:34:19,422 - INFO - 查找验证码输入框...
2026-01-02 13:34:19,475 - INFO - 验证码填写完成
2026-01-02 13:34:19,475 - INFO - 验证码填写完成，点击登录按钮...
2026-01-02 13:34:19,475 - INFO - 查找并点击登录按钮...
2026-01-02 13:34:19,528 - INFO - 已点击登录按钮
2026-01-02 13:34:26,548 - INFO - 开始填写登录表单...
2026-01-02 13:34:26,604 - INFO - 用户名填写完成
2026-01-02 13:34:26,658 - INFO - 密码填写完成
2026-01-02 13:34:26,659 - INFO - 验证码图片已保存到 /home/runner/work/nju_electric_monitor/nju_electric_monitor/src/../data/captcha_debug.png
2026-01-02 13:34:26,659 - INFO - 验证码识别尝试 23/30
2026-01-02 13:34:26,659 - INFO - 开始识别验证码...（easyocr + pytesseract）
2026-01-02 13:34:26,764 - INFO - easyocr 结果: ['F35H(0.72)']
2026-01-02 13:34:26,844 - INFO - tesseract 结果: F35H
2026-01-02 13:34:26,908 - INFO - easyocr alt1 结果: ['F354(0.62)']
2026-01-02 13:34:26,987 - INFO - tesseract alt1 结果: F35H
2026-01-02 13:34:27,048 - INFO - easyocr alt2 结果: ['F354(0.55)']
2026-01-02 13:34:27,126 - INFO - tesseract alt2 结果: F35H
2026-01-02 13:34:27,263 - INFO - easyocr alt3 结果: ['F354(0.54)']
2026-01-02 13:34:27,355 - INFO - tesseract alt3 结果: F35H
2026-01-02 13:34:27,415 - INFO - easyocr alt4 结果: ['F35H(0.74)']
2026-01-02 13:34:27,496 - INFO - tesseract alt4 结果: F35H
2026-01-02 13:34:27,555 - INFO - easyocr alt5 结果: ['F354(0.76)']
2026-01-02 13:34:27,636 - INFO - tesseract alt5 结果: F35H
2026-01-02 13:34:27,636 - INFO - 最终验证码识别结果: F354 (engine=easyocr_alt5, prob=0.7648375630378723)
2026-01-02 13:34:27,636 - INFO - 查找验证码输入框...
2026-01-02 13:34:27,688 - INFO - 验证码填写完成
2026-01-02 13:34:27,688 - INFO - 验证码填写完成，点击登录按钮...
2026-01-02 13:34:27,688 - INFO - 查找并点击登录按钮...
2026-01-02 13:34:28,017 - INFO - 已点击登录按钮
2026-01-02 13:34:35,037 - INFO - 开始填写登录表单...
2026-01-02 13:34:35,094 - INFO - 用户名填写完成
2026-01-02 13:34:35,148 - INFO - 密码填写完成
2026-01-02 13:34:35,148 - INFO - 验证码图片已保存到 /home/runner/work/nju_electric_monitor/nju_electric_monitor/src/../data/captcha_debug.png
2026-01-02 13:34:35,148 - INFO - 验证码识别尝试 24/30
2026-01-02 13:34:35,148 - INFO - 开始识别验证码...（easyocr + pytesseract）
2026-01-02 13:34:35,238 - INFO - easyocr 结果: ['F35H(0.72)']
2026-01-02 13:34:35,322 - INFO - tesseract 结果: F35H
2026-01-02 13:34:35,382 - INFO - easyocr alt1 结果: ['F354(0.62)']
2026-01-02 13:34:35,462 - INFO - tesseract alt1 结果: F35H
2026-01-02 13:34:35,528 - INFO - easyocr alt2 结果: ['F354(0.55)']
2026-01-02 13:34:35,608 - INFO - tesseract alt2 结果: F35H
2026-01-02 13:34:35,756 - INFO - easyocr alt3 结果: ['F354(0.54)']
2026-01-02 13:34:35,849 - INFO - tesseract alt3 结果: F35H
2026-01-02 13:34:35,917 - INFO - easyocr alt4 结果: ['F35H(0.74)']
2026-01-02 13:34:36,000 - INFO - tesseract alt4 结果: F35H
2026-01-02 13:34:36,063 - INFO - easyocr alt5 结果: ['F354(0.76)']
2026-01-02 13:34:36,146 - INFO - tesseract alt5 结果: F35H
2026-01-02 13:34:36,147 - INFO - 最终验证码识别结果: F354 (engine=easyocr_alt5, prob=0.7648375630378723)
2026-01-02 13:34:36,147 - INFO - 查找验证码输入框...
2026-01-02 13:34:36,204 - INFO - 验证码填写完成
2026-01-02 13:34:36,204 - INFO - 验证码填写完成，点击登录按钮...
2026-01-02 13:34:36,204 - INFO - 查找并点击登录按钮...
2026-01-02 13:34:36,538 - INFO - 已点击登录按钮
2026-01-02 13:34:43,558 - INFO - 开始填写登录表单...
2026-01-02 13:34:43,615 - INFO - 用户名填写完成
2026-01-02 13:34:43,669 - INFO - 密码填写完成
2026-01-02 13:34:43,670 - INFO - 验证码图片已保存到 /home/runner/work/nju_electric_monitor/nju_electric_monitor/src/../data/captcha_debug.png
2026-01-02 13:34:43,670 - INFO - 验证码识别尝试 25/30
2026-01-02 13:34:43,670 - INFO - 开始识别验证码...（easyocr + pytesseract）
2026-01-02 13:34:43,772 - INFO - easyocr 结果: ['F35H(0.72)']
2026-01-02 13:34:43,853 - INFO - tesseract 结果: F35H
2026-01-02 13:34:43,915 - INFO - easyocr alt1 结果: ['F354(0.62)']
2026-01-02 13:34:43,996 - INFO - tesseract alt1 结果: F35H
2026-01-02 13:34:44,056 - INFO - easyocr alt2 结果: ['F354(0.55)']
2026-01-02 13:34:44,135 - INFO - tesseract alt2 结果: F35H
2026-01-02 13:34:44,272 - INFO - easyocr alt3 结果: ['F354(0.54)']
2026-01-02 13:34:44,366 - INFO - tesseract alt3 结果: F35H
2026-01-02 13:34:44,427 - INFO - easyocr alt4 结果: ['F35H(0.74)']
2026-01-02 13:34:44,506 - INFO - tesseract alt4 结果: F35H
2026-01-02 13:34:44,569 - INFO - easyocr alt5 结果: ['F354(0.76)']
2026-01-02 13:34:44,648 - INFO - tesseract alt5 结果: F35H
2026-01-02 13:34:44,648 - INFO - 最终验证码识别结果: F354 (engine=easyocr_alt5, prob=0.7648375630378723)
2026-01-02 13:34:44,648 - INFO - 查找验证码输入框...
2026-01-02 13:34:44,699 - INFO - 验证码填写完成
2026-01-02 13:34:44,700 - INFO - 验证码填写完成，点击登录按钮...
2026-01-02 13:34:44,700 - INFO - 查找并点击登录按钮...
2026-01-02 13:34:45,023 - INFO - 已点击登录按钮
2026-01-02 13:34:52,042 - INFO - 开始填写登录表单...
2026-01-02 13:34:52,098 - INFO - 用户名填写完成
2026-01-02 13:34:52,151 - INFO - 密码填写完成
2026-01-02 13:34:52,151 - INFO - 验证码图片已保存到 /home/runner/work/nju_electric_monitor/nju_electric_monitor/src/../data/captcha_debug.png
2026-01-02 13:34:52,151 - INFO - 验证码识别尝试 26/30
2026-01-02 13:34:52,151 - INFO - 开始识别验证码...（easyocr + pytesseract）
2026-01-02 13:34:52,238 - INFO - easyocr 结果: ['F35H(0.72)']
2026-01-02 13:34:52,317 - INFO - tesseract 结果: F35H
2026-01-02 13:34:52,377 - INFO - easyocr alt1 结果: ['F354(0.62)']
2026-01-02 13:34:52,458 - INFO - tesseract alt1 结果: F35H
2026-01-02 13:34:52,528 - INFO - easyocr alt2 结果: ['F354(0.55)']
2026-01-02 13:34:52,608 - INFO - tesseract alt2 结果: F35H
2026-01-02 13:34:52,747 - INFO - easyocr alt3 结果: ['F354(0.54)']
2026-01-02 13:34:52,839 - INFO - tesseract alt3 结果: F35H
2026-01-02 13:34:52,902 - INFO - easyocr alt4 结果: ['F35H(0.74)']
2026-01-02 13:34:52,983 - INFO - tesseract alt4 结果: F35H
2026-01-02 13:34:53,044 - INFO - easyocr alt5 结果: ['F354(0.76)']
2026-01-02 13:34:53,125 - INFO - tesseract alt5 结果: F35H
2026-01-02 13:34:53,125 - INFO - 最终验证码识别结果: F354 (engine=easyocr_alt5, prob=0.7648375630378723)
2026-01-02 13:34:53,125 - INFO - 查找验证码输入框...
2026-01-02 13:34:53,178 - INFO - 验证码填写完成
2026-01-02 13:34:53,178 - INFO - 验证码填写完成，点击登录按钮...
2026-01-02 13:34:53,178 - INFO - 查找并点击登录按钮...
2026-01-02 13:34:53,232 - INFO - 已点击登录按钮
2026-01-02 13:35:00,252 - INFO - 开始填写登录表单...
2026-01-02 13:35:00,309 - INFO - 用户名填写完成
2026-01-02 13:35:00,364 - INFO - 密码填写完成
2026-01-02 13:35:00,364 - INFO - 验证码图片已保存到 /home/runner/work/nju_electric_monitor/nju_electric_monitor/src/../data/captcha_debug.png
2026-01-02 13:35:00,364 - INFO - 验证码识别尝试 27/30
2026-01-02 13:35:00,364 - INFO - 开始识别验证码...（easyocr + pytesseract）
2026-01-02 13:35:00,465 - INFO - easyocr 结果: ['F35H(0.72)']
2026-01-02 13:35:00,545 - INFO - tesseract 结果: F35H
2026-01-02 13:35:00,622 - INFO - easyocr alt1 结果: ['F354(0.62)']
2026-01-02 13:35:00,704 - INFO - tesseract alt1 结果: F35H
2026-01-02 13:35:00,766 - INFO - easyocr alt2 结果: ['F354(0.55)']
2026-01-02 13:35:00,846 - INFO - tesseract alt2 结果: F35H
2026-01-02 13:35:00,986 - INFO - easyocr alt3 结果: ['F354(0.54)']
2026-01-02 13:35:01,079 - INFO - tesseract alt3 结果: F35H
2026-01-02 13:35:01,142 - INFO - easyocr alt4 结果: ['F35H(0.74)']
2026-01-02 13:35:01,223 - INFO - tesseract alt4 结果: F35H
2026-01-02 13:35:01,293 - INFO - easyocr alt5 结果: ['F354(0.76)']
2026-01-02 13:35:01,376 - INFO - tesseract alt5 结果: F35H
2026-01-02 13:35:01,377 - INFO - 最终验证码识别结果: F354 (engine=easyocr_alt5, prob=0.7648375630378723)
2026-01-02 13:35:01,377 - INFO - 查找验证码输入框...
2026-01-02 13:35:01,429 - INFO - 验证码填写完成
2026-01-02 13:35:01,429 - INFO - 验证码填写完成，点击登录按钮...
2026-01-02 13:35:01,429 - INFO - 查找并点击登录按钮...
2026-01-02 13:35:01,482 - INFO - 已点击登录按钮
2026-01-02 13:35:08,504 - INFO - 开始填写登录表单...
2026-01-02 13:35:08,563 - INFO - 用户名填写完成
2026-01-02 13:35:08,620 - INFO - 密码填写完成
2026-01-02 13:35:08,620 - INFO - 验证码图片已保存到 /home/runner/work/nju_electric_monitor/nju_electric_monitor/src/../data/captcha_debug.png
2026-01-02 13:35:08,620 - INFO - 验证码识别尝试 28/30
2026-01-02 13:35:08,620 - INFO - 开始识别验证码...（easyocr + pytesseract）
2026-01-02 13:35:08,708 - INFO - easyocr 结果: ['F35H(0.72)']
2026-01-02 13:35:08,793 - INFO - tesseract 结果: F35H
2026-01-02 13:35:08,854 - INFO - easyocr alt1 结果: ['F354(0.62)']
2026-01-02 13:35:08,937 - INFO - tesseract alt1 结果: F35H
2026-01-02 13:35:08,998 - INFO - easyocr alt2 结果: ['F354(0.55)']
2026-01-02 13:35:09,078 - INFO - tesseract alt2 结果: F35H
2026-01-02 13:35:09,216 - INFO - easyocr alt3 结果: ['F354(0.54)']
2026-01-02 13:35:09,308 - INFO - tesseract alt3 结果: F35H
2026-01-02 13:35:09,373 - INFO - easyocr alt4 结果: ['F35H(0.74)']
2026-01-02 13:35:09,452 - INFO - tesseract alt4 结果: F35H
2026-01-02 13:35:09,512 - INFO - easyocr alt5 结果: ['F354(0.76)']
2026-01-02 13:35:09,592 - INFO - tesseract alt5 结果: F35H
2026-01-02 13:35:09,593 - INFO - 最终验证码识别结果: F354 (engine=easyocr_alt5, prob=0.7648375630378723)
2026-01-02 13:35:09,593 - INFO - 查找验证码输入框...
2026-01-02 13:35:09,645 - INFO - 验证码填写完成
2026-01-02 13:35:09,645 - INFO - 验证码填写完成，点击登录按钮...
2026-01-02 13:35:09,645 - INFO - 查找并点击登录按钮...
2026-01-02 13:35:09,697 - INFO - 已点击登录按钮
2026-01-02 13:35:16,717 - INFO - 开始填写登录表单...
2026-01-02 13:35:16,774 - INFO - 用户名填写完成
2026-01-02 13:35:16,829 - INFO - 密码填写完成
2026-01-02 13:35:16,830 - INFO - 验证码图片已保存到 /home/runner/work/nju_electric_monitor/nju_electric_monitor/src/../data/captcha_debug.png
2026-01-02 13:35:16,830 - INFO - 验证码识别尝试 29/30
2026-01-02 13:35:16,830 - INFO - 开始识别验证码...（easyocr + pytesseract）
2026-01-02 13:35:16,918 - INFO - easyocr 结果: ['F35H(0.72)']
2026-01-02 13:35:16,997 - INFO - tesseract 结果: F35H
2026-01-02 13:35:17,074 - INFO - easyocr alt1 结果: ['F354(0.62)']
2026-01-02 13:35:17,152 - INFO - tesseract alt1 结果: F35H
2026-01-02 13:35:17,213 - INFO - easyocr alt2 结果: ['F354(0.55)']
2026-01-02 13:35:17,295 - INFO - tesseract alt2 结果: F35H
2026-01-02 13:35:17,435 - INFO - easyocr alt3 结果: ['F354(0.54)']
2026-01-02 13:35:17,529 - INFO - tesseract alt3 结果: F35H
2026-01-02 13:35:17,598 - INFO - easyocr alt4 结果: ['F35H(0.74)']
2026-01-02 13:35:17,681 - INFO - tesseract alt4 结果: F35H
2026-01-02 13:35:17,744 - INFO - easyocr alt5 结果: ['F354(0.76)']
2026-01-02 13:35:17,825 - INFO - tesseract alt5 结果: F35H
2026-01-02 13:35:17,825 - INFO - 最终验证码识别结果: F354 (engine=easyocr_alt5, prob=0.7648375630378723)
2026-01-02 13:35:17,825 - INFO - 查找验证码输入框...
2026-01-02 13:35:17,878 - INFO - 验证码填写完成
2026-01-02 13:35:17,878 - INFO - 验证码填写完成，点击登录按钮...
2026-01-02 13:35:17,878 - INFO - 查找并点击登录按钮...
2026-01-02 13:35:17,930 - INFO - 已点击登录按钮
2026-01-02 13:35:24,950 - INFO - 开始填写登录表单...
2026-01-02 13:35:25,006 - INFO - 用户名填写完成
2026-01-02 13:35:25,060 - INFO - 密码填写完成
2026-01-02 13:35:25,061 - INFO - 验证码图片已保存到 /home/runner/work/nju_electric_monitor/nju_electric_monitor/src/../data/captcha_debug.png
2026-01-02 13:35:25,061 - INFO - 验证码识别尝试 30/30
2026-01-02 13:35:25,061 - INFO - 开始识别验证码...（easyocr + pytesseract）
2026-01-02 13:35:25,146 - INFO - easyocr 结果: ['F35H(0.72)']
2026-01-02 13:35:25,224 - INFO - tesseract 结果: F35H
2026-01-02 13:35:25,287 - INFO - easyocr alt1 结果: ['F354(0.62)']
2026-01-02 13:35:25,365 - INFO - tesseract alt1 结果: F35H
2026-01-02 13:35:25,424 - INFO - easyocr alt2 结果: ['F354(0.55)']
2026-01-02 13:35:25,502 - INFO - tesseract alt2 结果: F35H
2026-01-02 13:35:25,638 - INFO - easyocr alt3 结果: ['F354(0.54)']
2026-01-02 13:35:25,730 - INFO - tesseract alt3 结果: F35H
2026-01-02 13:35:25,799 - INFO - easyocr alt4 结果: ['F35H(0.74)']
2026-01-02 13:35:25,877 - INFO - tesseract alt4 结果: F35H
2026-01-02 13:35:25,937 - INFO - easyocr alt5 结果: ['F354(0.76)']
2026-01-02 13:35:26,016 - INFO - tesseract alt5 结果: F35H
2026-01-02 13:35:26,016 - INFO - 最终验证码识别结果: F354 (engine=easyocr_alt5, prob=0.7648375630378723)
2026-01-02 13:35:26,016 - INFO - 查找验证码输入框...
2026-01-02 13:35:26,068 - INFO - 验证码填写完成
2026-01-02 13:35:26,069 - INFO - 验证码填写完成，点击登录按钮...
2026-01-02 13:35:26,069 - INFO - 查找并点击登录按钮...
2026-01-02 13:35:26,409 - INFO - 已点击登录按钮
2026-01-02 13:35:33,429 - WARNING - 自动验证码识别失败，请手动输入
2026-01-02 13:35:33,429 - ERROR - 处理验证码时出错: EOF when reading a line
2026-01-02 13:35:33,429 - WARNING - 验证码处理失败，但继续尝试登录
2026-01-02 13:35:33,429 - INFO - 查找并点击登录按钮...
2026-01-02 13:35:33,482 - INFO - 已点击登录按钮
2026-01-02 13:35:38,482 - INFO - 等待登录成功...
2026-01-02 13:35:43,487 - INFO - 登录可能成功，继续下一步...
2026-01-02 13:35:43,487 - INFO - 查找'去充值'按钮...
2026-01-02 13:35:43,544 - INFO - 已点击充值按钮
2026-01-02 13:35:46,545 - INFO - 开始提取剩余电量信息...
2026-01-02 13:35:46,549 - INFO - 页面源码已保存到 /home/runner/work/nju_electric_monitor/nju_electric_monitor/src/../data/debug_page_source.html
2026-01-02 13:35:46,559 - WARNING - 未找到电量信息元素，尝试其他方法...
2026-01-02 13:35:46,567 - WARNING - 未找到i标签中的电量信息，尝试其他方法...
2026-01-02 13:35:46,570 - INFO - 在页面源码中查找电量信息...
2026-01-02 13:35:46,581 - WARNING - 未能提取到剩余电量信息
2026-01-02 13:35:46,581 - WARNING - 没有电量数据可保存
2026-01-02 13:35:46,581 - INFO - 监控流程完成
