2026-02-25 07:47:57,808 - INFO - Matplotlib 字体设置：使用回退字体列表，首选可用字体: Noto Sans CJK JP
2026-02-25 07:47:59,231 - INFO - 使用 ChromeDriver: /usr/bin/chromedriver
2026-02-25 07:47:59,231 - WARNING - Using CPU. Note: This module is much faster with a GPU.
2026-02-25 07:48:00,742 - INFO - OCR识别器初始化成功
2026-02-25 07:48:00,742 - INFO - 开始南京大学电费监控流程（自动无头模式）
2026-02-25 07:48:00,742 - INFO - 正在打开页面: https://epay.nju.edu.cn/epay/h5/nju/electric/index
2026-02-25 07:48:08,699 - INFO - 等待登录表单加载...
2026-02-25 07:48:09,026 - INFO - 登录表单已加载
2026-02-25 07:48:09,026 - INFO - 开始填写登录表单...
2026-02-25 07:48:09,109 - INFO - 用户名填写完成
2026-02-25 07:48:09,176 - INFO - 密码填写完成
2026-02-25 07:48:09,176 - INFO - 检查是否有验证码...
2026-02-25 07:48:09,176 - INFO - 查找验证码图片...
2026-02-25 07:48:09,197 - INFO - 找到验证码图片，开始截图...
2026-02-25 07:48:09,254 - INFO - 验证码图片截取成功
2026-02-25 07:48:09,254 - INFO - 开始填写登录表单...
2026-02-25 07:48:09,320 - INFO - 用户名填写完成
2026-02-25 07:48:09,381 - INFO - 密码填写完成
2026-02-25 07:48:09,382 - INFO - 验证码图片已保存到 /home/runner/work/nju_electric_monitor/nju_electric_monitor/src/../data/captcha_debug.png
2026-02-25 07:48:09,382 - INFO - 验证码识别尝试 1/30
2026-02-25 07:48:09,382 - INFO - 开始识别验证码...（easyocr + pytesseract）
2026-02-25 07:48:09,510 - INFO - easyocr 结果: ['MN4(0.02)']
2026-02-25 07:48:09,715 - INFO - tesseract 结果: MALS
2026-02-25 07:48:09,763 - INFO - easyocr alt1 结果: ['NI(0.13)']
2026-02-25 07:48:09,855 - INFO - tesseract alt1 结果: MALS
2026-02-25 07:48:09,931 - INFO - easyocr alt2 结果: ['MN(0.00)']
2026-02-25 07:48:10,022 - INFO - tesseract alt2 结果: MALS
2026-02-25 07:48:10,190 - INFO - easyocr alt3 结果: ['M(0.32)']
2026-02-25 07:48:10,311 - INFO - tesseract alt3 结果: MALL
2026-02-25 07:48:10,361 - INFO - easyocr alt4 结果: ['M(0.48)']
2026-02-25 07:48:10,457 - INFO - tesseract alt4 结果: MALS
2026-02-25 07:48:10,515 - INFO - easyocr alt5 结果: ['A(0.00)']
2026-02-25 07:48:10,608 - INFO - tesseract alt5 结果: MALS
2026-02-25 07:48:10,608 - INFO - 最终验证码识别结果: MALS (engine=tesseract, prob=0.5)
2026-02-25 07:48:10,608 - INFO - 查找验证码输入框...
2026-02-25 07:48:10,619 - ERROR - 未找到验证码输入框
2026-02-25 07:48:10,619 - WARNING - 验证码填写失败
2026-02-25 07:48:10,619 - INFO - 开始填写登录表单...
2026-02-25 07:48:10,678 - INFO - 用户名填写完成
2026-02-25 07:48:10,737 - INFO - 密码填写完成
2026-02-25 07:48:10,738 - INFO - 验证码图片已保存到 /home/runner/work/nju_electric_monitor/nju_electric_monitor/src/../data/captcha_debug.png
2026-02-25 07:48:10,738 - INFO - 验证码识别尝试 2/30
2026-02-25 07:48:10,738 - INFO - 开始识别验证码...（easyocr + pytesseract）
2026-02-25 07:48:10,847 - INFO - easyocr 结果: ['MN4(0.02)']
2026-02-25 07:48:10,939 - INFO - tesseract 结果: MALS
2026-02-25 07:48:10,985 - INFO - easyocr alt1 结果: ['NI(0.13)']
2026-02-25 07:48:11,079 - INFO - tesseract alt1 结果: MALS
2026-02-25 07:48:11,146 - INFO - easyocr alt2 结果: ['MN(0.00)']
2026-02-25 07:48:11,240 - INFO - tesseract alt2 结果: MALS
2026-02-25 07:48:11,377 - INFO - easyocr alt3 结果: ['M(0.32)']
2026-02-25 07:48:11,492 - INFO - tesseract alt3 结果: MALL
2026-02-25 07:48:11,540 - INFO - easyocr alt4 结果: ['M(0.48)']
2026-02-25 07:48:11,634 - INFO - tesseract alt4 结果: MALS
2026-02-25 07:48:11,692 - INFO - easyocr alt5 结果: ['A(0.00)']
2026-02-25 07:48:11,786 - INFO - tesseract alt5 结果: MALS
2026-02-25 07:48:11,786 - INFO - 最终验证码识别结果: MALS (engine=tesseract, prob=0.5)
2026-02-25 07:48:11,786 - INFO - 查找验证码输入框...
2026-02-25 07:48:11,793 - ERROR - 未找到验证码输入框
2026-02-25 07:48:11,793 - WARNING - 验证码填写失败
2026-02-25 07:48:11,793 - INFO - 开始填写登录表单...
2026-02-25 07:48:11,852 - INFO - 用户名填写完成
2026-02-25 07:48:11,910 - INFO - 密码填写完成
2026-02-25 07:48:11,911 - INFO - 验证码图片已保存到 /home/runner/work/nju_electric_monitor/nju_electric_monitor/src/../data/captcha_debug.png
2026-02-25 07:48:11,911 - INFO - 验证码识别尝试 3/30
2026-02-25 07:48:11,911 - INFO - 开始识别验证码...（easyocr + pytesseract）
2026-02-25 07:48:12,019 - INFO - easyocr 结果: ['MN4(0.02)']
2026-02-25 07:48:12,112 - INFO - tesseract 结果: MALS
2026-02-25 07:48:12,156 - INFO - easyocr alt1 结果: ['NI(0.13)']
2026-02-25 07:48:12,256 - INFO - tesseract alt1 结果: MALS
2026-02-25 07:48:12,333 - INFO - easyocr alt2 结果: ['MN(0.00)']
2026-02-25 07:48:12,429 - INFO - tesseract alt2 结果: MALS
2026-02-25 07:48:12,566 - INFO - easyocr alt3 结果: ['M(0.32)']
2026-02-25 07:48:12,680 - INFO - tesseract alt3 结果: MALL
2026-02-25 07:48:12,728 - INFO - easyocr alt4 结果: ['M(0.48)']
2026-02-25 07:48:12,823 - INFO - tesseract alt4 结果: MALS
2026-02-25 07:48:12,889 - INFO - easyocr alt5 结果: ['A(0.00)']
2026-02-25 07:48:12,990 - INFO - tesseract alt5 结果: MALS
2026-02-25 07:48:12,990 - INFO - 最终验证码识别结果: MALS (engine=tesseract, prob=0.5)
2026-02-25 07:48:12,990 - INFO - 查找验证码输入框...
2026-02-25 07:48:12,997 - ERROR - 未找到验证码输入框
2026-02-25 07:48:12,997 - WARNING - 验证码填写失败
2026-02-25 07:48:12,998 - INFO - 开始填写登录表单...
2026-02-25 07:48:13,056 - INFO - 用户名填写完成
2026-02-25 07:48:13,129 - INFO - 密码填写完成
2026-02-25 07:48:13,249 - INFO - 验证码图片已保存到 /home/runner/work/nju_electric_monitor/nju_electric_monitor/src/../data/captcha_debug.png
2026-02-25 07:48:13,249 - INFO - 验证码识别尝试 4/30
2026-02-25 07:48:13,249 - INFO - 开始识别验证码...（easyocr + pytesseract）
2026-02-25 07:48:13,374 - INFO - easyocr 结果: ['MN4(0.02)']
2026-02-25 07:48:13,471 - INFO - tesseract 结果: MALS
2026-02-25 07:48:13,517 - INFO - easyocr alt1 结果: ['NI(0.13)']
2026-02-25 07:48:13,611 - INFO - tesseract alt1 结果: MALS
2026-02-25 07:48:13,681 - INFO - easyocr alt2 结果: ['MN(0.00)']
2026-02-25 07:48:13,776 - INFO - tesseract alt2 结果: MALS
2026-02-25 07:48:13,918 - INFO - easyocr alt3 结果: ['M(0.32)']
2026-02-25 07:48:14,032 - INFO - tesseract alt3 结果: MALL
2026-02-25 07:48:14,080 - INFO - easyocr alt4 结果: ['M(0.48)']
2026-02-25 07:48:14,178 - INFO - tesseract alt4 结果: MALS
2026-02-25 07:48:14,235 - INFO - easyocr alt5 结果: ['A(0.00)']
2026-02-25 07:48:14,453 - INFO - tesseract alt5 结果: MALS
2026-02-25 07:48:14,453 - INFO - 最终验证码识别结果: MALS (engine=tesseract, prob=0.5)
2026-02-25 07:48:14,453 - INFO - 查找验证码输入框...
2026-02-25 07:48:14,460 - ERROR - 未找到验证码输入框
2026-02-25 07:48:14,460 - WARNING - 验证码填写失败
2026-02-25 07:48:14,460 - INFO - 开始填写登录表单...
2026-02-25 07:48:14,521 - INFO - 用户名填写完成
2026-02-25 07:48:14,580 - INFO - 密码填写完成
2026-02-25 07:48:14,659 - INFO - 验证码图片已保存到 /home/runner/work/nju_electric_monitor/nju_electric_monitor/src/../data/captcha_debug.png
2026-02-25 07:48:14,660 - INFO - 验证码识别尝试 5/30
2026-02-25 07:48:14,660 - INFO - 开始识别验证码...（easyocr + pytesseract）
2026-02-25 07:48:14,773 - INFO - easyocr 结果: ['MN4(0.02)']
2026-02-25 07:48:14,869 - INFO - tesseract 结果: MALS
2026-02-25 07:48:14,915 - INFO - easyocr alt1 结果: ['NI(0.13)']
2026-02-25 07:48:15,012 - INFO - tesseract alt1 结果: MALS
2026-02-25 07:48:15,087 - INFO - easyocr alt2 结果: ['MN(0.00)']
2026-02-25 07:48:15,183 - INFO - tesseract alt2 结果: MALS
2026-02-25 07:48:15,321 - INFO - easyocr alt3 结果: ['M(0.32)']
2026-02-25 07:48:15,437 - INFO - tesseract alt3 结果: MALL
2026-02-25 07:48:15,485 - INFO - easyocr alt4 结果: ['M(0.48)']
2026-02-25 07:48:15,582 - INFO - tesseract alt4 结果: MALS
2026-02-25 07:48:15,640 - INFO - easyocr alt5 结果: ['A(0.00)']
2026-02-25 07:48:15,732 - INFO - tesseract alt5 结果: MALS
2026-02-25 07:48:15,732 - INFO - 最终验证码识别结果: MALS (engine=tesseract, prob=0.5)
2026-02-25 07:48:15,733 - INFO - 查找验证码输入框...
2026-02-25 07:48:15,739 - ERROR - 未找到验证码输入框
2026-02-25 07:48:15,739 - WARNING - 验证码填写失败
2026-02-25 07:48:15,740 - INFO - 开始填写登录表单...
2026-02-25 07:48:15,800 - INFO - 用户名填写完成
2026-02-25 07:48:15,858 - INFO - 密码填写完成
2026-02-25 07:48:15,858 - INFO - 验证码图片已保存到 /home/runner/work/nju_electric_monitor/nju_electric_monitor/src/../data/captcha_debug.png
2026-02-25 07:48:15,858 - INFO - 验证码识别尝试 6/30
2026-02-25 07:48:15,858 - INFO - 开始识别验证码...（easyocr + pytesseract）
2026-02-25 07:48:15,974 - INFO - easyocr 结果: ['MN4(0.02)']
2026-02-25 07:48:16,065 - INFO - tesseract 结果: MALS
2026-02-25 07:48:16,109 - INFO - easyocr alt1 结果: ['NI(0.13)']
2026-02-25 07:48:16,203 - INFO - tesseract alt1 结果: MALS
2026-02-25 07:48:16,269 - INFO - easyocr alt2 结果: ['MN(0.00)']
2026-02-25 07:48:16,365 - INFO - tesseract alt2 结果: MALS
2026-02-25 07:48:16,502 - INFO - easyocr alt3 结果: ['M(0.32)']
2026-02-25 07:48:16,613 - INFO - tesseract alt3 结果: MALL
2026-02-25 07:48:16,661 - INFO - easyocr alt4 结果: ['M(0.48)']
2026-02-25 07:48:16,756 - INFO - tesseract alt4 结果: MALS
2026-02-25 07:48:16,813 - INFO - easyocr alt5 结果: ['A(0.00)']
2026-02-25 07:48:16,912 - INFO - tesseract alt5 结果: MALS
2026-02-25 07:48:16,912 - INFO - 最终验证码识别结果: MALS (engine=tesseract, prob=0.5)
2026-02-25 07:48:16,913 - INFO - 查找验证码输入框...
2026-02-25 07:48:16,919 - ERROR - 未找到验证码输入框
2026-02-25 07:48:16,919 - WARNING - 验证码填写失败
2026-02-25 07:48:16,919 - INFO - 开始填写登录表单...
2026-02-25 07:48:16,978 - INFO - 用户名填写完成
2026-02-25 07:48:17,038 - INFO - 密码填写完成
2026-02-25 07:48:17,039 - INFO - 验证码图片已保存到 /home/runner/work/nju_electric_monitor/nju_electric_monitor/src/../data/captcha_debug.png
2026-02-25 07:48:17,039 - INFO - 验证码识别尝试 7/30
2026-02-25 07:48:17,039 - INFO - 开始识别验证码...（easyocr + pytesseract）
2026-02-25 07:48:17,147 - INFO - easyocr 结果: ['MN4(0.02)']
2026-02-25 07:48:17,239 - INFO - tesseract 结果: MALS
2026-02-25 07:48:17,283 - INFO - easyocr alt1 结果: ['NI(0.13)']
2026-02-25 07:48:17,377 - INFO - tesseract alt1 结果: MALS
2026-02-25 07:48:17,443 - INFO - easyocr alt2 结果: ['MN(0.00)']
2026-02-25 07:48:17,538 - INFO - tesseract alt2 结果: MALS
2026-02-25 07:48:17,675 - INFO - easyocr alt3 结果: ['M(0.32)']
2026-02-25 07:48:17,787 - INFO - tesseract alt3 结果: MALL
2026-02-25 07:48:17,834 - INFO - easyocr alt4 结果: ['M(0.48)']
2026-02-25 07:48:17,934 - INFO - tesseract alt4 结果: MALS
2026-02-25 07:48:17,991 - INFO - easyocr alt5 结果: ['A(0.00)']
2026-02-25 07:48:18,088 - INFO - tesseract alt5 结果: MALS
2026-02-25 07:48:18,088 - INFO - 最终验证码识别结果: MALS (engine=tesseract, prob=0.5)
2026-02-25 07:48:18,088 - INFO - 查找验证码输入框...
2026-02-25 07:48:18,095 - ERROR - 未找到验证码输入框
2026-02-25 07:48:18,095 - WARNING - 验证码填写失败
2026-02-25 07:48:18,095 - INFO - 开始填写登录表单...
2026-02-25 07:48:18,155 - INFO - 用户名填写完成
2026-02-25 07:48:18,217 - INFO - 密码填写完成
2026-02-25 07:48:18,218 - INFO - 验证码图片已保存到 /home/runner/work/nju_electric_monitor/nju_electric_monitor/src/../data/captcha_debug.png
2026-02-25 07:48:18,218 - INFO - 验证码识别尝试 8/30
2026-02-25 07:48:18,218 - INFO - 开始识别验证码...（easyocr + pytesseract）
2026-02-25 07:48:18,327 - INFO - easyocr 结果: ['MN4(0.02)']
2026-02-25 07:48:18,422 - INFO - tesseract 结果: MALS
2026-02-25 07:48:18,467 - INFO - easyocr alt1 结果: ['NI(0.13)']
2026-02-25 07:48:18,570 - INFO - tesseract alt1 结果: MALS
2026-02-25 07:48:18,637 - INFO - easyocr alt2 结果: ['MN(0.00)']
2026-02-25 07:48:18,732 - INFO - tesseract alt2 结果: MALS
2026-02-25 07:48:18,869 - INFO - easyocr alt3 结果: ['M(0.32)']
2026-02-25 07:48:18,981 - INFO - tesseract alt3 结果: MALL
2026-02-25 07:48:19,030 - INFO - easyocr alt4 结果: ['M(0.48)']
2026-02-25 07:48:19,129 - INFO - tesseract alt4 结果: MALS
2026-02-25 07:48:19,186 - INFO - easyocr alt5 结果: ['A(0.00)']
2026-02-25 07:48:19,282 - INFO - tesseract alt5 结果: MALS
2026-02-25 07:48:19,282 - INFO - 最终验证码识别结果: MALS (engine=tesseract, prob=0.5)
2026-02-25 07:48:19,282 - INFO - 查找验证码输入框...
2026-02-25 07:48:19,289 - ERROR - 未找到验证码输入框
2026-02-25 07:48:19,289 - WARNING - 验证码填写失败
2026-02-25 07:48:19,289 - INFO - 开始填写登录表单...
2026-02-25 07:48:19,348 - INFO - 用户名填写完成
2026-02-25 07:48:19,407 - INFO - 密码填写完成
2026-02-25 07:48:19,408 - INFO - 验证码图片已保存到 /home/runner/work/nju_electric_monitor/nju_electric_monitor/src/../data/captcha_debug.png
2026-02-25 07:48:19,408 - INFO - 验证码识别尝试 9/30
2026-02-25 07:48:19,408 - INFO - 开始识别验证码...（easyocr + pytesseract）
2026-02-25 07:48:19,516 - INFO - easyocr 结果: ['MN4(0.02)']
2026-02-25 07:48:19,608 - INFO - tesseract 结果: MALS
2026-02-25 07:48:19,652 - INFO - easyocr alt1 结果: ['NI(0.13)']
2026-02-25 07:48:19,745 - INFO - tesseract alt1 结果: MALS
2026-02-25 07:48:19,811 - INFO - easyocr alt2 结果: ['MN(0.00)']
2026-02-25 07:48:19,904 - INFO - tesseract alt2 结果: MALS
2026-02-25 07:48:20,041 - INFO - easyocr alt3 结果: ['M(0.32)']
2026-02-25 07:48:20,154 - INFO - tesseract alt3 结果: MALL
2026-02-25 07:48:20,203 - INFO - easyocr alt4 结果: ['M(0.48)']
2026-02-25 07:48:20,301 - INFO - tesseract alt4 结果: MALS
2026-02-25 07:48:20,358 - INFO - easyocr alt5 结果: ['A(0.00)']
2026-02-25 07:48:20,454 - INFO - tesseract alt5 结果: MALS
2026-02-25 07:48:20,454 - INFO - 最终验证码识别结果: MALS (engine=tesseract, prob=0.5)
2026-02-25 07:48:20,454 - INFO - 查找验证码输入框...
2026-02-25 07:48:20,461 - ERROR - 未找到验证码输入框
2026-02-25 07:48:20,461 - WARNING - 验证码填写失败
2026-02-25 07:48:20,461 - INFO - 开始填写登录表单...
2026-02-25 07:48:20,520 - INFO - 用户名填写完成
2026-02-25 07:48:20,579 - INFO - 密码填写完成
2026-02-25 07:48:20,580 - INFO - 验证码图片已保存到 /home/runner/work/nju_electric_monitor/nju_electric_monitor/src/../data/captcha_debug.png
2026-02-25 07:48:20,580 - INFO - 验证码识别尝试 10/30
2026-02-25 07:48:20,580 - INFO - 开始识别验证码...（easyocr + pytesseract）
2026-02-25 07:48:20,689 - INFO - easyocr 结果: ['MN4(0.02)']
2026-02-25 07:48:20,782 - INFO - tesseract 结果: MALS
2026-02-25 07:48:20,825 - INFO - easyocr alt1 结果: ['NI(0.13)']
2026-02-25 07:48:20,919 - INFO - tesseract alt1 结果: MALS
2026-02-25 07:48:20,985 - INFO - easyocr alt2 结果: ['MN(0.00)']
2026-02-25 07:48:21,079 - INFO - tesseract alt2 结果: MALS
2026-02-25 07:48:21,217 - INFO - easyocr alt3 结果: ['M(0.32)']
2026-02-25 07:48:21,333 - INFO - tesseract alt3 结果: MALL
2026-02-25 07:48:21,383 - INFO - easyocr alt4 结果: ['M(0.48)']
2026-02-25 07:48:21,479 - INFO - tesseract alt4 结果: MALS
2026-02-25 07:48:21,536 - INFO - easyocr alt5 结果: ['A(0.00)']
2026-02-25 07:48:21,629 - INFO - tesseract alt5 结果: MALS
2026-02-25 07:48:21,629 - INFO - 最终验证码识别结果: MALS (engine=tesseract, prob=0.5)
2026-02-25 07:48:21,629 - INFO - 查找验证码输入框...
2026-02-25 07:48:21,636 - ERROR - 未找到验证码输入框
2026-02-25 07:48:21,636 - WARNING - 验证码填写失败
2026-02-25 07:48:21,636 - INFO - 开始填写登录表单...
2026-02-25 07:48:21,695 - INFO - 用户名填写完成
2026-02-25 07:48:21,755 - INFO - 密码填写完成
2026-02-25 07:48:21,756 - INFO - 验证码图片已保存到 /home/runner/work/nju_electric_monitor/nju_electric_monitor/src/../data/captcha_debug.png
2026-02-25 07:48:21,756 - INFO - 验证码识别尝试 11/30
2026-02-25 07:48:21,756 - INFO - 开始识别验证码...（easyocr + pytesseract）
2026-02-25 07:48:21,877 - INFO - easyocr 结果: ['MN4(0.02)']
2026-02-25 07:48:21,971 - INFO - tesseract 结果: MALS
2026-02-25 07:48:22,021 - INFO - easyocr alt1 结果: ['NI(0.13)']
2026-02-25 07:48:22,119 - INFO - tesseract alt1 结果: MALS
2026-02-25 07:48:22,186 - INFO - easyocr alt2 结果: ['MN(0.00)']
2026-02-25 07:48:22,285 - INFO - tesseract alt2 结果: MALS
2026-02-25 07:48:22,422 - INFO - easyocr alt3 结果: ['M(0.32)']
2026-02-25 07:48:22,535 - INFO - tesseract alt3 结果: MALL
2026-02-25 07:48:22,583 - INFO - easyocr alt4 结果: ['M(0.48)']
2026-02-25 07:48:22,683 - INFO - tesseract alt4 结果: MALS
2026-02-25 07:48:22,741 - INFO - easyocr alt5 结果: ['A(0.00)']
2026-02-25 07:48:22,837 - INFO - tesseract alt5 结果: MALS
2026-02-25 07:48:22,837 - INFO - 最终验证码识别结果: MALS (engine=tesseract, prob=0.5)
2026-02-25 07:48:22,837 - INFO - 查找验证码输入框...
2026-02-25 07:48:22,844 - ERROR - 未找到验证码输入框
2026-02-25 07:48:22,844 - WARNING - 验证码填写失败
2026-02-25 07:48:22,844 - INFO - 开始填写登录表单...
2026-02-25 07:48:22,903 - INFO - 用户名填写完成
2026-02-25 07:48:22,962 - INFO - 密码填写完成
2026-02-25 07:48:22,963 - INFO - 验证码图片已保存到 /home/runner/work/nju_electric_monitor/nju_electric_monitor/src/../data/captcha_debug.png
2026-02-25 07:48:22,963 - INFO - 验证码识别尝试 12/30
2026-02-25 07:48:22,963 - INFO - 开始识别验证码...（easyocr + pytesseract）
2026-02-25 07:48:23,071 - INFO - easyocr 结果: ['MN4(0.02)']
2026-02-25 07:48:23,164 - INFO - tesseract 结果: MALS
2026-02-25 07:48:23,208 - INFO - easyocr alt1 结果: ['NI(0.13)']
2026-02-25 07:48:23,307 - INFO - tesseract alt1 结果: MALS
2026-02-25 07:48:23,374 - INFO - easyocr alt2 结果: ['MN(0.00)']
2026-02-25 07:48:23,465 - INFO - tesseract alt2 结果: MALS
2026-02-25 07:48:23,604 - INFO - easyocr alt3 结果: ['M(0.32)']
2026-02-25 07:48:23,721 - INFO - tesseract alt3 结果: MALL
2026-02-25 07:48:23,769 - INFO - easyocr alt4 结果: ['M(0.48)']
2026-02-25 07:48:23,864 - INFO - tesseract alt4 结果: MALS
2026-02-25 07:48:23,922 - INFO - easyocr alt5 结果: ['A(0.00)']
2026-02-25 07:48:24,020 - INFO - tesseract alt5 结果: MALS
2026-02-25 07:48:24,021 - INFO - 最终验证码识别结果: MALS (engine=tesseract, prob=0.5)
2026-02-25 07:48:24,021 - INFO - 查找验证码输入框...
2026-02-25 07:48:24,028 - ERROR - 未找到验证码输入框
2026-02-25 07:48:24,028 - WARNING - 验证码填写失败
2026-02-25 07:48:24,028 - INFO - 开始填写登录表单...
2026-02-25 07:48:24,088 - INFO - 用户名填写完成
2026-02-25 07:48:24,148 - INFO - 密码填写完成
2026-02-25 07:48:24,149 - INFO - 验证码图片已保存到 /home/runner/work/nju_electric_monitor/nju_electric_monitor/src/../data/captcha_debug.png
2026-02-25 07:48:24,149 - INFO - 验证码识别尝试 13/30
2026-02-25 07:48:24,149 - INFO - 开始识别验证码...（easyocr + pytesseract）
2026-02-25 07:48:24,258 - INFO - easyocr 结果: ['MN4(0.02)']
2026-02-25 07:48:24,352 - INFO - tesseract 结果: MALS
2026-02-25 07:48:24,396 - INFO - easyocr alt1 结果: ['NI(0.13)']
2026-02-25 07:48:24,493 - INFO - tesseract alt1 结果: MALS
2026-02-25 07:48:24,561 - INFO - easyocr alt2 结果: ['MN(0.00)']
2026-02-25 07:48:24,660 - INFO - tesseract alt2 结果: MALS
2026-02-25 07:48:24,799 - INFO - easyocr alt3 结果: ['M(0.32)']
2026-02-25 07:48:24,916 - INFO - tesseract alt3 结果: MALL
2026-02-25 07:48:24,964 - INFO - easyocr alt4 结果: ['M(0.48)']
2026-02-25 07:48:25,063 - INFO - tesseract alt4 结果: MALS
2026-02-25 07:48:25,120 - INFO - easyocr alt5 结果: ['A(0.00)']
2026-02-25 07:48:25,219 - INFO - tesseract alt5 结果: MALS
2026-02-25 07:48:25,219 - INFO - 最终验证码识别结果: MALS (engine=tesseract, prob=0.5)
2026-02-25 07:48:25,219 - INFO - 查找验证码输入框...
2026-02-25 07:48:25,226 - ERROR - 未找到验证码输入框
2026-02-25 07:48:25,226 - WARNING - 验证码填写失败
2026-02-25 07:48:25,226 - INFO - 开始填写登录表单...
2026-02-25 07:48:25,287 - INFO - 用户名填写完成
2026-02-25 07:48:25,346 - INFO - 密码填写完成
2026-02-25 07:48:25,347 - INFO - 验证码图片已保存到 /home/runner/work/nju_electric_monitor/nju_electric_monitor/src/../data/captcha_debug.png
2026-02-25 07:48:25,347 - INFO - 验证码识别尝试 14/30
2026-02-25 07:48:25,347 - INFO - 开始识别验证码...（easyocr + pytesseract）
2026-02-25 07:48:25,455 - INFO - easyocr 结果: ['MN4(0.02)']
2026-02-25 07:48:25,549 - INFO - tesseract 结果: MALS
2026-02-25 07:48:25,594 - INFO - easyocr alt1 结果: ['NI(0.13)']
2026-02-25 07:48:25,690 - INFO - tesseract alt1 结果: MALS
2026-02-25 07:48:25,757 - INFO - easyocr alt2 结果: ['MN(0.00)']
2026-02-25 07:48:25,853 - INFO - tesseract alt2 结果: MALS
2026-02-25 07:48:25,991 - INFO - easyocr alt3 结果: ['M(0.32)']
2026-02-25 07:48:26,109 - INFO - tesseract alt3 结果: MALL
2026-02-25 07:48:26,158 - INFO - easyocr alt4 结果: ['M(0.48)']
2026-02-25 07:48:26,253 - INFO - tesseract alt4 结果: MALS
2026-02-25 07:48:26,310 - INFO - easyocr alt5 结果: ['A(0.00)']
2026-02-25 07:48:26,406 - INFO - tesseract alt5 结果: MALS
2026-02-25 07:48:26,406 - INFO - 最终验证码识别结果: MALS (engine=tesseract, prob=0.5)
2026-02-25 07:48:26,406 - INFO - 查找验证码输入框...
2026-02-25 07:48:26,413 - ERROR - 未找到验证码输入框
2026-02-25 07:48:26,413 - WARNING - 验证码填写失败
2026-02-25 07:48:26,413 - INFO - 开始填写登录表单...
2026-02-25 07:48:26,473 - INFO - 用户名填写完成
2026-02-25 07:48:26,532 - INFO - 密码填写完成
2026-02-25 07:48:26,533 - INFO - 验证码图片已保存到 /home/runner/work/nju_electric_monitor/nju_electric_monitor/src/../data/captcha_debug.png
2026-02-25 07:48:26,533 - INFO - 验证码识别尝试 15/30
2026-02-25 07:48:26,533 - INFO - 开始识别验证码...（easyocr + pytesseract）
2026-02-25 07:48:26,641 - INFO - easyocr 结果: ['MN4(0.02)']
2026-02-25 07:48:26,735 - INFO - tesseract 结果: MALS
2026-02-25 07:48:26,779 - INFO - easyocr alt1 结果: ['NI(0.13)']
2026-02-25 07:48:26,874 - INFO - tesseract alt1 结果: MALS
2026-02-25 07:48:26,941 - INFO - easyocr alt2 结果: ['MN(0.00)']
2026-02-25 07:48:27,036 - INFO - tesseract alt2 结果: MALS
2026-02-25 07:48:27,173 - INFO - easyocr alt3 结果: ['M(0.32)']
2026-02-25 07:48:27,285 - INFO - tesseract alt3 结果: MALL
2026-02-25 07:48:27,333 - INFO - easyocr alt4 结果: ['M(0.48)']
2026-02-25 07:48:27,432 - INFO - tesseract alt4 结果: MALS
2026-02-25 07:48:27,489 - INFO - easyocr alt5 结果: ['A(0.00)']
2026-02-25 07:48:27,585 - INFO - tesseract alt5 结果: MALS
2026-02-25 07:48:27,585 - INFO - 最终验证码识别结果: MALS (engine=tesseract, prob=0.5)
2026-02-25 07:48:27,585 - INFO - 查找验证码输入框...
2026-02-25 07:48:27,592 - ERROR - 未找到验证码输入框
2026-02-25 07:48:27,592 - WARNING - 验证码填写失败
2026-02-25 07:48:27,592 - INFO - 开始填写登录表单...
2026-02-25 07:48:27,654 - INFO - 用户名填写完成
2026-02-25 07:48:27,713 - INFO - 密码填写完成
2026-02-25 07:48:27,714 - INFO - 验证码图片已保存到 /home/runner/work/nju_electric_monitor/nju_electric_monitor/src/../data/captcha_debug.png
2026-02-25 07:48:27,714 - INFO - 验证码识别尝试 16/30
2026-02-25 07:48:27,714 - INFO - 开始识别验证码...（easyocr + pytesseract）
2026-02-25 07:48:27,822 - INFO - easyocr 结果: ['MN4(0.02)']
2026-02-25 07:48:27,913 - INFO - tesseract 结果: MALS
2026-02-25 07:48:27,957 - INFO - easyocr alt1 结果: ['NI(0.13)']
2026-02-25 07:48:28,052 - INFO - tesseract alt1 结果: MALS
2026-02-25 07:48:28,117 - INFO - easyocr alt2 结果: ['MN(0.00)']
2026-02-25 07:48:28,215 - INFO - tesseract alt2 结果: MALS
2026-02-25 07:48:28,352 - INFO - easyocr alt3 结果: ['M(0.32)']
2026-02-25 07:48:28,464 - INFO - tesseract alt3 结果: MALL
2026-02-25 07:48:28,512 - INFO - easyocr alt4 结果: ['M(0.48)']
2026-02-25 07:48:28,611 - INFO - tesseract alt4 结果: MALS
2026-02-25 07:48:28,669 - INFO - easyocr alt5 结果: ['A(0.00)']
2026-02-25 07:48:28,763 - INFO - tesseract alt5 结果: MALS
2026-02-25 07:48:28,763 - INFO - 最终验证码识别结果: MALS (engine=tesseract, prob=0.5)
2026-02-25 07:48:28,763 - INFO - 查找验证码输入框...
2026-02-25 07:48:28,770 - ERROR - 未找到验证码输入框
2026-02-25 07:48:28,770 - WARNING - 验证码填写失败
2026-02-25 07:48:28,770 - INFO - 开始填写登录表单...
2026-02-25 07:48:28,829 - INFO - 用户名填写完成
2026-02-25 07:48:28,888 - INFO - 密码填写完成
2026-02-25 07:48:28,888 - INFO - 验证码图片已保存到 /home/runner/work/nju_electric_monitor/nju_electric_monitor/src/../data/captcha_debug.png
2026-02-25 07:48:28,888 - INFO - 验证码识别尝试 17/30
2026-02-25 07:48:28,888 - INFO - 开始识别验证码...（easyocr + pytesseract）
2026-02-25 07:48:28,997 - INFO - easyocr 结果: ['MN4(0.02)']
2026-02-25 07:48:29,088 - INFO - tesseract 结果: MALS
2026-02-25 07:48:29,133 - INFO - easyocr alt1 结果: ['NI(0.13)']
2026-02-25 07:48:29,230 - INFO - tesseract alt1 结果: MALS
2026-02-25 07:48:29,296 - INFO - easyocr alt2 结果: ['MN(0.00)']
2026-02-25 07:48:29,391 - INFO - tesseract alt2 结果: MALS
2026-02-25 07:48:29,528 - INFO - easyocr alt3 结果: ['M(0.32)']
2026-02-25 07:48:29,640 - INFO - tesseract alt3 结果: MALL
2026-02-25 07:48:29,688 - INFO - easyocr alt4 结果: ['M(0.48)']
2026-02-25 07:48:29,784 - INFO - tesseract alt4 结果: MALS
2026-02-25 07:48:29,843 - INFO - easyocr alt5 结果: ['A(0.00)']
2026-02-25 07:48:29,940 - INFO - tesseract alt5 结果: MALS
2026-02-25 07:48:29,940 - INFO - 最终验证码识别结果: MALS (engine=tesseract, prob=0.5)
2026-02-25 07:48:29,940 - INFO - 查找验证码输入框...
2026-02-25 07:48:29,947 - ERROR - 未找到验证码输入框
2026-02-25 07:48:29,947 - WARNING - 验证码填写失败
2026-02-25 07:48:29,947 - INFO - 开始填写登录表单...
2026-02-25 07:48:30,006 - INFO - 用户名填写完成
2026-02-25 07:48:30,065 - INFO - 密码填写完成
2026-02-25 07:48:30,065 - INFO - 验证码图片已保存到 /home/runner/work/nju_electric_monitor/nju_electric_monitor/src/../data/captcha_debug.png
2026-02-25 07:48:30,066 - INFO - 验证码识别尝试 18/30
2026-02-25 07:48:30,066 - INFO - 开始识别验证码...（easyocr + pytesseract）
2026-02-25 07:48:30,174 - INFO - easyocr 结果: ['MN4(0.02)']
2026-02-25 07:48:30,268 - INFO - tesseract 结果: MALS
2026-02-25 07:48:30,312 - INFO - easyocr alt1 结果: ['NI(0.13)']
2026-02-25 07:48:30,405 - INFO - tesseract alt1 结果: MALS
2026-02-25 07:48:30,472 - INFO - easyocr alt2 结果: ['MN(0.00)']
2026-02-25 07:48:30,564 - INFO - tesseract alt2 结果: MALS
2026-02-25 07:48:30,703 - INFO - easyocr alt3 结果: ['M(0.32)']
2026-02-25 07:48:30,819 - INFO - tesseract alt3 结果: MALL
2026-02-25 07:48:30,867 - INFO - easyocr alt4 结果: ['M(0.48)']
2026-02-25 07:48:30,963 - INFO - tesseract alt4 结果: MALS
2026-02-25 07:48:31,020 - INFO - easyocr alt5 结果: ['A(0.00)']
2026-02-25 07:48:31,115 - INFO - tesseract alt5 结果: MALS
2026-02-25 07:48:31,115 - INFO - 最终验证码识别结果: MALS (engine=tesseract, prob=0.5)
2026-02-25 07:48:31,116 - INFO - 查找验证码输入框...
2026-02-25 07:48:31,122 - ERROR - 未找到验证码输入框
2026-02-25 07:48:31,123 - WARNING - 验证码填写失败
2026-02-25 07:48:31,123 - INFO - 开始填写登录表单...
2026-02-25 07:48:31,182 - INFO - 用户名填写完成
2026-02-25 07:48:31,241 - INFO - 密码填写完成
2026-02-25 07:48:31,242 - INFO - 验证码图片已保存到 /home/runner/work/nju_electric_monitor/nju_electric_monitor/src/../data/captcha_debug.png
2026-02-25 07:48:31,242 - INFO - 验证码识别尝试 19/30
2026-02-25 07:48:31,242 - INFO - 开始识别验证码...（easyocr + pytesseract）
2026-02-25 07:48:31,349 - INFO - easyocr 结果: ['MN4(0.02)']
2026-02-25 07:48:31,445 - INFO - tesseract 结果: MALS
2026-02-25 07:48:31,489 - INFO - easyocr alt1 结果: ['NI(0.13)']
2026-02-25 07:48:31,585 - INFO - tesseract alt1 结果: MALS
2026-02-25 07:48:31,651 - INFO - easyocr alt2 结果: ['MN(0.00)']
2026-02-25 07:48:31,745 - INFO - tesseract alt2 结果: MALS
2026-02-25 07:48:31,882 - INFO - easyocr alt3 结果: ['M(0.32)']
2026-02-25 07:48:31,995 - INFO - tesseract alt3 结果: MALL
2026-02-25 07:48:32,042 - INFO - easyocr alt4 结果: ['M(0.48)']
2026-02-25 07:48:32,137 - INFO - tesseract alt4 结果: MALS
2026-02-25 07:48:32,194 - INFO - easyocr alt5 结果: ['A(0.00)']
2026-02-25 07:48:32,289 - INFO - tesseract alt5 结果: MALS
2026-02-25 07:48:32,289 - INFO - 最终验证码识别结果: MALS (engine=tesseract, prob=0.5)
2026-02-25 07:48:32,289 - INFO - 查找验证码输入框...
2026-02-25 07:48:32,296 - ERROR - 未找到验证码输入框
2026-02-25 07:48:32,296 - WARNING - 验证码填写失败
2026-02-25 07:48:32,296 - INFO - 开始填写登录表单...
2026-02-25 07:48:32,356 - INFO - 用户名填写完成
2026-02-25 07:48:32,416 - INFO - 密码填写完成
2026-02-25 07:48:32,417 - INFO - 验证码图片已保存到 /home/runner/work/nju_electric_monitor/nju_electric_monitor/src/../data/captcha_debug.png
2026-02-25 07:48:32,417 - INFO - 验证码识别尝试 20/30
2026-02-25 07:48:32,417 - INFO - 开始识别验证码...（easyocr + pytesseract）
2026-02-25 07:48:32,525 - INFO - easyocr 结果: ['MN4(0.02)']
2026-02-25 07:48:32,616 - INFO - tesseract 结果: MALS
2026-02-25 07:48:32,661 - INFO - easyocr alt1 结果: ['NI(0.13)']
2026-02-25 07:48:32,763 - INFO - tesseract alt1 结果: MALS
2026-02-25 07:48:32,830 - INFO - easyocr alt2 结果: ['MN(0.00)']
2026-02-25 07:48:32,926 - INFO - tesseract alt2 结果: MALS
2026-02-25 07:48:33,064 - INFO - easyocr alt3 结果: ['M(0.32)']
2026-02-25 07:48:33,177 - INFO - tesseract alt3 结果: MALL
2026-02-25 07:48:33,225 - INFO - easyocr alt4 结果: ['M(0.48)']
2026-02-25 07:48:33,321 - INFO - tesseract alt4 结果: MALS
2026-02-25 07:48:33,378 - INFO - easyocr alt5 结果: ['A(0.00)']
2026-02-25 07:48:33,473 - INFO - tesseract alt5 结果: MALS
2026-02-25 07:48:33,473 - INFO - 最终验证码识别结果: MALS (engine=tesseract, prob=0.5)
2026-02-25 07:48:33,473 - INFO - 查找验证码输入框...
2026-02-25 07:48:33,480 - ERROR - 未找到验证码输入框
2026-02-25 07:48:33,480 - WARNING - 验证码填写失败
2026-02-25 07:48:33,480 - INFO - 开始填写登录表单...
2026-02-25 07:48:33,540 - INFO - 用户名填写完成
2026-02-25 07:48:33,600 - INFO - 密码填写完成
2026-02-25 07:48:33,600 - INFO - 验证码图片已保存到 /home/runner/work/nju_electric_monitor/nju_electric_monitor/src/../data/captcha_debug.png
2026-02-25 07:48:33,600 - INFO - 验证码识别尝试 21/30
2026-02-25 07:48:33,600 - INFO - 开始识别验证码...（easyocr + pytesseract）
2026-02-25 07:48:33,709 - INFO - easyocr 结果: ['MN4(0.02)']
2026-02-25 07:48:33,802 - INFO - tesseract 结果: MALS
2026-02-25 07:48:33,854 - INFO - easyocr alt1 结果: ['NI(0.13)']
2026-02-25 07:48:33,949 - INFO - tesseract alt1 结果: MALS
2026-02-25 07:48:34,014 - INFO - easyocr alt2 结果: ['MN(0.00)']
2026-02-25 07:48:34,111 - INFO - tesseract alt2 结果: MALS
2026-02-25 07:48:34,249 - INFO - easyocr alt3 结果: ['M(0.32)']
2026-02-25 07:48:34,363 - INFO - tesseract alt3 结果: MALL
2026-02-25 07:48:34,410 - INFO - easyocr alt4 结果: ['M(0.48)']
2026-02-25 07:48:34,506 - INFO - tesseract alt4 结果: MALS
2026-02-25 07:48:34,563 - INFO - easyocr alt5 结果: ['A(0.00)']
2026-02-25 07:48:34,660 - INFO - tesseract alt5 结果: MALS
2026-02-25 07:48:34,661 - INFO - 最终验证码识别结果: MALS (engine=tesseract, prob=0.5)
2026-02-25 07:48:34,661 - INFO - 查找验证码输入框...
2026-02-25 07:48:34,668 - ERROR - 未找到验证码输入框
2026-02-25 07:48:34,668 - WARNING - 验证码填写失败
2026-02-25 07:48:34,668 - INFO - 开始填写登录表单...
2026-02-25 07:48:34,728 - INFO - 用户名填写完成
2026-02-25 07:48:34,789 - INFO - 密码填写完成
2026-02-25 07:48:34,790 - INFO - 验证码图片已保存到 /home/runner/work/nju_electric_monitor/nju_electric_monitor/src/../data/captcha_debug.png
2026-02-25 07:48:34,790 - INFO - 验证码识别尝试 22/30
2026-02-25 07:48:34,790 - INFO - 开始识别验证码...（easyocr + pytesseract）
2026-02-25 07:48:34,898 - INFO - easyocr 结果: ['MN4(0.02)']
2026-02-25 07:48:34,992 - INFO - tesseract 结果: MALS
2026-02-25 07:48:35,036 - INFO - easyocr alt1 结果: ['NI(0.13)']
2026-02-25 07:48:35,129 - INFO - tesseract alt1 结果: MALS
2026-02-25 07:48:35,196 - INFO - easyocr alt2 结果: ['MN(0.00)']
2026-02-25 07:48:35,291 - INFO - tesseract alt2 结果: MALS
2026-02-25 07:48:35,428 - INFO - easyocr alt3 结果: ['M(0.32)']
2026-02-25 07:48:35,540 - INFO - tesseract alt3 结果: MALL
2026-02-25 07:48:35,588 - INFO - easyocr alt4 结果: ['M(0.48)']
2026-02-25 07:48:35,683 - INFO - tesseract alt4 结果: MALS
2026-02-25 07:48:35,740 - INFO - easyocr alt5 结果: ['A(0.00)']
2026-02-25 07:48:35,844 - INFO - tesseract alt5 结果: MALS
2026-02-25 07:48:35,844 - INFO - 最终验证码识别结果: MALS (engine=tesseract, prob=0.5)
2026-02-25 07:48:35,845 - INFO - 查找验证码输入框...
2026-02-25 07:48:35,852 - ERROR - 未找到验证码输入框
2026-02-25 07:48:35,852 - WARNING - 验证码填写失败
2026-02-25 07:48:35,852 - INFO - 开始填写登录表单...
2026-02-25 07:48:35,912 - INFO - 用户名填写完成
2026-02-25 07:48:35,972 - INFO - 密码填写完成
2026-02-25 07:48:35,973 - INFO - 验证码图片已保存到 /home/runner/work/nju_electric_monitor/nju_electric_monitor/src/../data/captcha_debug.png
2026-02-25 07:48:35,973 - INFO - 验证码识别尝试 23/30
2026-02-25 07:48:35,973 - INFO - 开始识别验证码...（easyocr + pytesseract）
2026-02-25 07:48:36,081 - INFO - easyocr 结果: ['MN4(0.02)']
2026-02-25 07:48:36,175 - INFO - tesseract 结果: MALS
2026-02-25 07:48:36,218 - INFO - easyocr alt1 结果: ['NI(0.13)']
2026-02-25 07:48:36,312 - INFO - tesseract alt1 结果: MALS
2026-02-25 07:48:36,379 - INFO - easyocr alt2 结果: ['MN(0.00)']
2026-02-25 07:48:36,478 - INFO - tesseract alt2 结果: MALS
2026-02-25 07:48:36,616 - INFO - easyocr alt3 结果: ['M(0.32)']
2026-02-25 07:48:36,733 - INFO - tesseract alt3 结果: MALL
2026-02-25 07:48:36,781 - INFO - easyocr alt4 结果: ['M(0.48)']
2026-02-25 07:48:36,882 - INFO - tesseract alt4 结果: MALS
2026-02-25 07:48:36,940 - INFO - easyocr alt5 结果: ['A(0.00)']
2026-02-25 07:48:37,035 - INFO - tesseract alt5 结果: MALS
2026-02-25 07:48:37,035 - INFO - 最终验证码识别结果: MALS (engine=tesseract, prob=0.5)
2026-02-25 07:48:37,035 - INFO - 查找验证码输入框...
2026-02-25 07:48:37,042 - ERROR - 未找到验证码输入框
2026-02-25 07:48:37,042 - WARNING - 验证码填写失败
2026-02-25 07:48:37,042 - INFO - 开始填写登录表单...
2026-02-25 07:48:37,102 - INFO - 用户名填写完成
2026-02-25 07:48:37,161 - INFO - 密码填写完成
2026-02-25 07:48:37,162 - INFO - 验证码图片已保存到 /home/runner/work/nju_electric_monitor/nju_electric_monitor/src/../data/captcha_debug.png
2026-02-25 07:48:37,162 - INFO - 验证码识别尝试 24/30
2026-02-25 07:48:37,162 - INFO - 开始识别验证码...（easyocr + pytesseract）
2026-02-25 07:48:37,272 - INFO - easyocr 结果: ['MN4(0.02)']
2026-02-25 07:48:37,365 - INFO - tesseract 结果: MALS
2026-02-25 07:48:37,410 - INFO - easyocr alt1 结果: ['NI(0.13)']
2026-02-25 07:48:37,509 - INFO - tesseract alt1 结果: MALS
2026-02-25 07:48:37,577 - INFO - easyocr alt2 结果: ['MN(0.00)']
2026-02-25 07:48:37,671 - INFO - tesseract alt2 结果: MALS
2026-02-25 07:48:37,809 - INFO - easyocr alt3 结果: ['M(0.32)']
2026-02-25 07:48:37,921 - INFO - tesseract alt3 结果: MALL
2026-02-25 07:48:37,969 - INFO - easyocr alt4 结果: ['M(0.48)']
2026-02-25 07:48:38,068 - INFO - tesseract alt4 结果: MALS
2026-02-25 07:48:38,125 - INFO - easyocr alt5 结果: ['A(0.00)']
2026-02-25 07:48:38,223 - INFO - tesseract alt5 结果: MALS
2026-02-25 07:48:38,223 - INFO - 最终验证码识别结果: MALS (engine=tesseract, prob=0.5)
2026-02-25 07:48:38,223 - INFO - 查找验证码输入框...
2026-02-25 07:48:38,230 - ERROR - 未找到验证码输入框
2026-02-25 07:48:38,230 - WARNING - 验证码填写失败
2026-02-25 07:48:38,230 - INFO - 开始填写登录表单...
2026-02-25 07:48:38,290 - INFO - 用户名填写完成
2026-02-25 07:48:38,350 - INFO - 密码填写完成
2026-02-25 07:48:38,351 - INFO - 验证码图片已保存到 /home/runner/work/nju_electric_monitor/nju_electric_monitor/src/../data/captcha_debug.png
2026-02-25 07:48:38,351 - INFO - 验证码识别尝试 25/30
2026-02-25 07:48:38,351 - INFO - 开始识别验证码...（easyocr + pytesseract）
2026-02-25 07:48:38,470 - INFO - easyocr 结果: ['MN4(0.02)']
2026-02-25 07:48:38,563 - INFO - tesseract 结果: MALS
2026-02-25 07:48:38,606 - INFO - easyocr alt1 结果: ['NI(0.13)']
2026-02-25 07:48:38,707 - INFO - tesseract alt1 结果: MALS
2026-02-25 07:48:38,773 - INFO - easyocr alt2 结果: ['MN(0.00)']
2026-02-25 07:48:38,867 - INFO - tesseract alt2 结果: MALS
2026-02-25 07:48:39,004 - INFO - easyocr alt3 结果: ['M(0.32)']
2026-02-25 07:48:39,115 - INFO - tesseract alt3 结果: MALL
2026-02-25 07:48:39,163 - INFO - easyocr alt4 结果: ['M(0.48)']
2026-02-25 07:48:39,260 - INFO - tesseract alt4 结果: MALS
2026-02-25 07:48:39,317 - INFO - easyocr alt5 结果: ['A(0.00)']
2026-02-25 07:48:39,420 - INFO - tesseract alt5 结果: MALS
2026-02-25 07:48:39,420 - INFO - 最终验证码识别结果: MALS (engine=tesseract, prob=0.5)
2026-02-25 07:48:39,420 - INFO - 查找验证码输入框...
2026-02-25 07:48:39,427 - ERROR - 未找到验证码输入框
2026-02-25 07:48:39,427 - WARNING - 验证码填写失败
2026-02-25 07:48:39,427 - INFO - 开始填写登录表单...
2026-02-25 07:48:39,487 - INFO - 用户名填写完成
2026-02-25 07:48:39,547 - INFO - 密码填写完成
2026-02-25 07:48:39,548 - INFO - 验证码图片已保存到 /home/runner/work/nju_electric_monitor/nju_electric_monitor/src/../data/captcha_debug.png
2026-02-25 07:48:39,548 - INFO - 验证码识别尝试 26/30
2026-02-25 07:48:39,548 - INFO - 开始识别验证码...（easyocr + pytesseract）
2026-02-25 07:48:39,656 - INFO - easyocr 结果: ['MN4(0.02)']
2026-02-25 07:48:39,748 - INFO - tesseract 结果: MALS
2026-02-25 07:48:39,792 - INFO - easyocr alt1 结果: ['NI(0.13)']
2026-02-25 07:48:39,891 - INFO - tesseract alt1 结果: MALS
2026-02-25 07:48:39,957 - INFO - easyocr alt2 结果: ['MN(0.00)']
2026-02-25 07:48:40,053 - INFO - tesseract alt2 结果: MALS
2026-02-25 07:48:40,190 - INFO - easyocr alt3 结果: ['M(0.32)']
2026-02-25 07:48:40,303 - INFO - tesseract alt3 结果: MALL
2026-02-25 07:48:40,351 - INFO - easyocr alt4 结果: ['M(0.48)']
2026-02-25 07:48:40,444 - INFO - tesseract alt4 结果: MALS
2026-02-25 07:48:40,500 - INFO - easyocr alt5 结果: ['A(0.00)']
2026-02-25 07:48:40,597 - INFO - tesseract alt5 结果: MALS
2026-02-25 07:48:40,597 - INFO - 最终验证码识别结果: MALS (engine=tesseract, prob=0.5)
2026-02-25 07:48:40,597 - INFO - 查找验证码输入框...
2026-02-25 07:48:40,604 - ERROR - 未找到验证码输入框
2026-02-25 07:48:40,604 - WARNING - 验证码填写失败
2026-02-25 07:48:40,604 - INFO - 开始填写登录表单...
2026-02-25 07:48:40,664 - INFO - 用户名填写完成
2026-02-25 07:48:40,723 - INFO - 密码填写完成
2026-02-25 07:48:40,724 - INFO - 验证码图片已保存到 /home/runner/work/nju_electric_monitor/nju_electric_monitor/src/../data/captcha_debug.png
2026-02-25 07:48:40,724 - INFO - 验证码识别尝试 27/30
2026-02-25 07:48:40,724 - INFO - 开始识别验证码...（easyocr + pytesseract）
2026-02-25 07:48:40,833 - INFO - easyocr 结果: ['MN4(0.02)']
2026-02-25 07:48:40,924 - INFO - tesseract 结果: MALS
2026-02-25 07:48:40,969 - INFO - easyocr alt1 结果: ['NI(0.13)']
2026-02-25 07:48:41,063 - INFO - tesseract alt1 结果: MALS
2026-02-25 07:48:41,129 - INFO - easyocr alt2 结果: ['MN(0.00)']
2026-02-25 07:48:41,223 - INFO - tesseract alt2 结果: MALS
2026-02-25 07:48:41,360 - INFO - easyocr alt3 结果: ['M(0.32)']
2026-02-25 07:48:41,473 - INFO - tesseract alt3 结果: MALL
2026-02-25 07:48:41,521 - INFO - easyocr alt4 结果: ['M(0.48)']
2026-02-25 07:48:41,615 - INFO - tesseract alt4 结果: MALS
2026-02-25 07:48:41,673 - INFO - easyocr alt5 结果: ['A(0.00)']
2026-02-25 07:48:41,773 - INFO - tesseract alt5 结果: MALS
2026-02-25 07:48:41,773 - INFO - 最终验证码识别结果: MALS (engine=tesseract, prob=0.5)
2026-02-25 07:48:41,773 - INFO - 查找验证码输入框...
2026-02-25 07:48:41,780 - ERROR - 未找到验证码输入框
2026-02-25 07:48:41,780 - WARNING - 验证码填写失败
2026-02-25 07:48:41,780 - INFO - 开始填写登录表单...
2026-02-25 07:48:41,842 - INFO - 用户名填写完成
2026-02-25 07:48:41,901 - INFO - 密码填写完成
2026-02-25 07:48:41,902 - INFO - 验证码图片已保存到 /home/runner/work/nju_electric_monitor/nju_electric_monitor/src/../data/captcha_debug.png
2026-02-25 07:48:41,902 - INFO - 验证码识别尝试 28/30
2026-02-25 07:48:41,902 - INFO - 开始识别验证码...（easyocr + pytesseract）
2026-02-25 07:48:42,011 - INFO - easyocr 结果: ['MN4(0.02)']
2026-02-25 07:48:42,109 - INFO - tesseract 结果: MALS
2026-02-25 07:48:42,154 - INFO - easyocr alt1 结果: ['NI(0.13)']
2026-02-25 07:48:42,252 - INFO - tesseract alt1 结果: MALS
2026-02-25 07:48:42,319 - INFO - easyocr alt2 结果: ['MN(0.00)']
2026-02-25 07:48:42,413 - INFO - tesseract alt2 结果: MALS
2026-02-25 07:48:42,550 - INFO - easyocr alt3 结果: ['M(0.32)']
2026-02-25 07:48:42,664 - INFO - tesseract alt3 结果: MALL
2026-02-25 07:48:42,712 - INFO - easyocr alt4 结果: ['M(0.48)']
2026-02-25 07:48:42,812 - INFO - tesseract alt4 结果: MALS
2026-02-25 07:48:42,871 - INFO - easyocr alt5 结果: ['A(0.00)']
2026-02-25 07:48:42,968 - INFO - tesseract alt5 结果: MALS
2026-02-25 07:48:42,968 - INFO - 最终验证码识别结果: MALS (engine=tesseract, prob=0.5)
2026-02-25 07:48:42,968 - INFO - 查找验证码输入框...
2026-02-25 07:48:42,975 - ERROR - 未找到验证码输入框
2026-02-25 07:48:42,975 - WARNING - 验证码填写失败
2026-02-25 07:48:42,975 - INFO - 开始填写登录表单...
2026-02-25 07:48:43,035 - INFO - 用户名填写完成
2026-02-25 07:48:43,095 - INFO - 密码填写完成
2026-02-25 07:48:43,095 - INFO - 验证码图片已保存到 /home/runner/work/nju_electric_monitor/nju_electric_monitor/src/../data/captcha_debug.png
2026-02-25 07:48:43,095 - INFO - 验证码识别尝试 29/30
2026-02-25 07:48:43,095 - INFO - 开始识别验证码...（easyocr + pytesseract）
2026-02-25 07:48:43,204 - INFO - easyocr 结果: ['MN4(0.02)']
2026-02-25 07:48:43,298 - INFO - tesseract 结果: MALS
2026-02-25 07:48:43,341 - INFO - easyocr alt1 结果: ['NI(0.13)']
2026-02-25 07:48:43,438 - INFO - tesseract alt1 结果: MALS
2026-02-25 07:48:43,505 - INFO - easyocr alt2 结果: ['MN(0.00)']
2026-02-25 07:48:43,598 - INFO - tesseract alt2 结果: MALS
2026-02-25 07:48:43,735 - INFO - easyocr alt3 结果: ['M(0.32)']
2026-02-25 07:48:43,853 - INFO - tesseract alt3 结果: MALL
2026-02-25 07:48:43,900 - INFO - easyocr alt4 结果: ['M(0.48)']
2026-02-25 07:48:43,998 - INFO - tesseract alt4 结果: MALS
2026-02-25 07:48:44,054 - INFO - easyocr alt5 结果: ['A(0.00)']
2026-02-25 07:48:44,150 - INFO - tesseract alt5 结果: MALS
2026-02-25 07:48:44,150 - INFO - 最终验证码识别结果: MALS (engine=tesseract, prob=0.5)
2026-02-25 07:48:44,150 - INFO - 查找验证码输入框...
2026-02-25 07:48:44,157 - ERROR - 未找到验证码输入框
2026-02-25 07:48:44,157 - WARNING - 验证码填写失败
2026-02-25 07:48:44,157 - INFO - 开始填写登录表单...
2026-02-25 07:48:44,217 - INFO - 用户名填写完成
2026-02-25 07:48:44,277 - INFO - 密码填写完成
2026-02-25 07:48:44,278 - INFO - 验证码图片已保存到 /home/runner/work/nju_electric_monitor/nju_electric_monitor/src/../data/captcha_debug.png
2026-02-25 07:48:44,278 - INFO - 验证码识别尝试 30/30
2026-02-25 07:48:44,278 - INFO - 开始识别验证码...（easyocr + pytesseract）
2026-02-25 07:48:44,387 - INFO - easyocr 结果: ['MN4(0.02)']
2026-02-25 07:48:44,485 - INFO - tesseract 结果: MALS
2026-02-25 07:48:44,530 - INFO - easyocr alt1 结果: ['NI(0.13)']
2026-02-25 07:48:44,625 - INFO - tesseract alt1 结果: MALS
2026-02-25 07:48:44,691 - INFO - easyocr alt2 结果: ['MN(0.00)']
2026-02-25 07:48:44,789 - INFO - tesseract alt2 结果: MALS
2026-02-25 07:48:44,927 - INFO - easyocr alt3 结果: ['M(0.32)']
2026-02-25 07:48:45,040 - INFO - tesseract alt3 结果: MALL
2026-02-25 07:48:45,089 - INFO - easyocr alt4 结果: ['M(0.48)']
2026-02-25 07:48:45,183 - INFO - tesseract alt4 结果: MALS
2026-02-25 07:48:45,240 - INFO - easyocr alt5 结果: ['A(0.00)']
2026-02-25 07:48:45,338 - INFO - tesseract alt5 结果: MALS
2026-02-25 07:48:45,338 - INFO - 最终验证码识别结果: MALS (engine=tesseract, prob=0.5)
2026-02-25 07:48:45,338 - INFO - 查找验证码输入框...
2026-02-25 07:48:45,346 - ERROR - 未找到验证码输入框
2026-02-25 07:48:45,346 - WARNING - 验证码填写失败
2026-02-25 07:48:45,346 - WARNING - 自动验证码识别失败，请手动输入
2026-02-25 07:48:45,346 - ERROR - 处理验证码时出错: EOF when reading a line
2026-02-25 07:48:45,346 - WARNING - 验证码处理失败，但继续尝试登录
2026-02-25 07:48:45,346 - INFO - 查找并点击登录按钮...
2026-02-25 07:48:45,355 - ERROR - 未找到登录按钮
2026-02-25 07:48:45,355 - ERROR - 点击登录按钮失败
2026-02-25 07:48:45,355 - INFO - 等待登录成功...
2026-02-25 07:48:50,359 - INFO - 登录可能成功，继续下一步...
2026-02-25 07:48:50,359 - INFO - 查找'去充值'按钮...
2026-02-25 07:48:50,368 - ERROR - 未找到'去充值'按钮
2026-02-25 07:48:50,368 - WARNING - 点击充值按钮失败，尝试直接提取数据
2026-02-25 07:48:50,368 - INFO - 开始提取剩余电量信息...
2026-02-25 07:48:50,376 - INFO - 页面源码已保存到 /home/runner/work/nju_electric_monitor/nju_electric_monitor/src/../data/debug_page_source.html
2026-02-25 07:48:50,385 - WARNING - 未找到电量信息元素，尝试其他方法...
2026-02-25 07:48:50,393 - WARNING - 未找到i标签中的电量信息，尝试其他方法...
2026-02-25 07:48:50,401 - INFO - 在页面源码中查找电量信息...
2026-02-25 07:48:50,413 - WARNING - 未能提取到剩余电量信息
2026-02-25 07:48:50,413 - WARNING - 没有电量数据可保存
2026-02-25 07:48:50,413 - INFO - 监控流程完成
