2026-04-27 14:56:58,100 - INFO - Matplotlib 字体设置：使用回退字体列表，首选可用字体: Noto Sans CJK JP
2026-04-27 14:56:59,485 - INFO - 使用指定 ChromeDriver: /usr/bin/chromedriver
2026-04-27 14:56:59,559 - INFO - ddddocr 识别器初始化成功
2026-04-27 14:56:59,559 - INFO - 开始南京大学电费监控流程（自动无头模式）
2026-04-27 14:56:59,559 - INFO - 已初始化并清空验证码图片目录: /home/runner/work/nju_electric_monitor/nju_electric_monitor/src/../data/captcha_workflow
2026-04-27 14:56:59,559 - INFO - 正在打开页面: https://epay.nju.edu.cn/epay/h5/nju/electric/index
2026-04-27 14:57:09,409 - INFO - 等待登录表单加载...
2026-04-27 14:57:09,419 - INFO - 登录表单已加载
2026-04-27 14:57:09,420 - INFO - 开始填写登录表单...
2026-04-27 14:57:09,505 - INFO - 用户名填写完成
2026-04-27 14:57:09,575 - INFO - 密码填写完成
2026-04-27 14:57:09,575 - INFO - 开始处理验证码（两层嵌套重试）...
2026-04-27 14:57:09,575 - INFO - 外层页面重试 1/4
2026-04-27 14:57:09,575 - INFO - 等待登录表单加载...
2026-04-27 14:57:09,581 - INFO - 登录表单已加载
2026-04-27 14:57:09,581 - INFO - 开始填写登录表单...
2026-04-27 14:57:09,648 - INFO - 用户名填写完成
2026-04-27 14:57:09,714 - INFO - 密码填写完成
2026-04-27 14:57:10,714 - INFO - 查找验证码图片...
2026-04-27 14:57:10,734 - INFO - 找到验证码图片，开始截图...
2026-04-27 14:57:10,791 - INFO - 验证码图片截取成功
2026-04-27 14:57:10,792 - INFO - 验证码图片已保存到 /home/runner/work/nju_electric_monitor/nju_electric_monitor/src/../data/captcha_debug.png
2026-04-27 14:57:10,792 - INFO - 验证码图片已保存到 /home/runner/work/nju_electric_monitor/nju_electric_monitor/src/../data/captcha_workflow/captcha_outer1.png
2026-04-27 14:57:10,792 - INFO - 验证码识别（同一图片）尝试 1/3，外层 1/4
2026-04-27 14:57:10,792 - INFO - 开始使用 ddddocr 识别验证码...
2026-04-27 14:57:10,803 - INFO - ddddocr 最终验证码识别结果: 3I8N
2026-04-27 14:57:10,803 - INFO - 已将验证码图片重命名为: /home/runner/work/nju_electric_monitor/nju_electric_monitor/src/../data/captcha_workflow/3I8N.png
2026-04-27 14:57:10,803 - INFO - 查找验证码输入框...
2026-04-27 14:57:10,861 - INFO - 通过 XPath 找到 1 个验证码候选输入框，使用第一个。
2026-04-27 14:57:10,913 - INFO - 验证码填写完成
2026-04-27 14:57:11,913 - INFO - 验证码填写完成，点击登录按钮...
2026-04-27 14:57:11,913 - INFO - 查找并点击登录按钮...
2026-04-27 14:57:11,936 - INFO - 通过 ID=login_submit 找到登录按钮
2026-04-27 14:57:16,104 - INFO - 已点击登录按钮
2026-04-27 14:57:25,140 - INFO - 未检测到验证码错误提示，验证码可能通过
2026-04-27 14:57:25,140 - INFO - 等待登录成功...
2026-04-27 14:57:25,149 - INFO - 检测到已跳转到电费页面: https://epay.nju.edu.cn/epay/h5/nju/electric/index
2026-04-27 14:57:25,150 - INFO - 查找'去充值'按钮...
2026-04-27 14:57:25,172 - INFO - 通过文本包含 '去充值' 找到充值按钮
2026-04-27 14:57:26,644 - INFO - 已点击充值按钮
2026-04-27 14:57:29,645 - INFO - 开始提取剩余电量信息...
2026-04-27 14:57:29,666 - INFO - 找到电量信息元素（已省略具体文本以保护隐私）
2026-04-27 14:57:29,666 - WARNING - 未在元素中找到标准格式的电量信息
2026-04-27 14:57:29,679 - INFO - 找到 i 标签中的电量信息（已省略具体文本）
2026-04-27 14:57:29,679 - WARNING - i标签中未找到标准格式的电量信息
2026-04-27 14:57:29,679 - WARNING - 未找到i标签中的电量信息
2026-04-27 14:57:29,682 - INFO - 在页面源码中查找电量信息...
2026-04-27 14:57:29,682 - INFO - 从页面源码中提取到剩余电量: 109.19 度
2026-04-27 14:57:29,697 - INFO - 数据已保存: 109.19 度
2026-04-27 14:57:29,935 - INFO - 电量变化曲线图已保存到: /home/runner/work/nju_electric_monitor/nju_electric_monitor/src/../data/electricity_trend.png
2026-04-27 14:57:30,164 - INFO - 最近20次电量变化曲线图已保存到: /home/runner/work/nju_electric_monitor/nju_electric_monitor/src/../data/recent_20_changes.png
2026-04-27 14:57:30,164 - INFO - 当前剩余电量 109.19 度，高于告警阈值 25.0 度，不发送邮件
2026-04-27 14:57:30,164 - INFO - 监控流程完成
