Wrapper start: 2025-12-12T15:22:59.321246+08:00

=== ENVIRONMENT SUMMARY ===
Environment variable keys (count=118):
- ACCEPT_EULA
- ACTIONS_RUNNER_ACTION_ARCHIVE_CACHE
- AGENT_TOOLSDIRECTORY
- ANDROID_HOME
- ANDROID_NDK
- ANDROID_NDK_HOME
- ANDROID_NDK_LATEST_HOME
- ANDROID_NDK_ROOT
- ANDROID_SDK_ROOT
- ANT_HOME
NJU_USERNAME set: yes
NJU_PASSWORD set: yes

=== DISK USAGE (df -h) ===
Filesystem      Size  Used Avail Use% Mounted on
/dev/root        72G   68G  4.0G  95% /
tmpfs           7.9G   84K  7.9G   1% /dev/shm
tmpfs           3.2G  3.3M  3.2G   1% /run
tmpfs           5.0M     0  5.0M   0% /run/lock
/dev/sdb16      881M   62M  758M   8% /boot
/dev/sdb15      105M  6.2M   99M   6% /boot/efi
/dev/sda1        74G  4.1G   66G   6% /mnt
tmpfs           1.6G   12K  1.6G   1% /run/user/1001


=== KEY DIR SIZES ===
5.0M	/home/runner/work/nju_electric_monitor/nju_electric_monitor/src/../logs

288K	/home/runner/work/nju_electric_monitor/nju_electric_monitor/src/../data

101M	/home/runner/work/nju_electric_monitor/nju_electric_monitor/src/../models


=== CONFIG_WORKFLOW SUMMARY ===
{
  "username": "",
  "password": "",
  "auto_login": true,
  "headless_mode": true,
  "captcha_retry_count": 30,
  "captcha_confidence_threshold": 0.3,
  "save_captcha_images": true,
  "log_level": "INFO"
}

=== FONT DIAGNOSTICS ===
Found system fonts (ttf) count: 59
- /usr/share/fonts/truetype/lato/Lato-MediumItalic.ttf
- /usr/share/fonts/truetype/lato/Lato-Bold.ttf
- /usr/share/fonts/truetype/dejavu/DejaVuSans-Bold.ttf
- /usr/share/fonts/truetype/dejavu/DejaVuSansMono.ttf
- /usr/share/fonts/truetype/lato/Lato-Thin.ttf
- /usr/share/fonts/truetype/lato/Lato-Hairline.ttf
- /usr/share/fonts/opentype/noto/NotoSansCJK-Regular.ttc
- /usr/share/fonts/opentype/noto/NotoSansCJK-Bold.ttc
- /usr/share/fonts/truetype/dejavu/DejaVuSans-Oblique.ttf
- /usr/share/fonts/truetype/liberation/LiberationSerif-Bold.ttf
- /usr/share/fonts/truetype/dejavu/DejaVuSans.ttf
- /usr/share/fonts/truetype/lato/Lato-HairlineItalic.ttf
- /usr/share/fonts/truetype/lato/Lato-ThinItalic.ttf
- /usr/share/fonts/truetype/noto/NotoColorEmoji.ttf
- /usr/share/fonts/truetype/lato/Lato-Heavy.ttf
- /usr/share/fonts/truetype/dejavu/DejaVuSerifCondensed-Italic.ttf
- /usr/share/fonts/truetype/liberation/LiberationSans-Italic.ttf
- /usr/share/fonts/truetype/dejavu/DejaVuSansCondensed.ttf
- /usr/share/fonts/opentype/noto/NotoSerifCJK-Regular.ttc
- /usr/share/fonts/truetype/liberation/LiberationSans-Bold.ttf
- /usr/share/fonts/truetype/lato/Lato-BlackItalic.ttf
- /usr/share/fonts/truetype/liberation/LiberationMono-BoldItalic.ttf
- /usr/share/fonts/truetype/dejavu/DejaVuSerif.ttf
- /usr/share/fonts/truetype/liberation/LiberationSans-BoldItalic.ttf
- /usr/share/fonts/truetype/dejavu/DejaVuSansCondensed-Oblique.ttf
- /usr/share/fonts/opentype/noto/NotoSerifCJK-Bold.ttc
- /usr/share/fonts/truetype/liberation/LiberationSerif-Regular.ttf
- /usr/share/fonts/truetype/dejavu/DejaVuSerifCondensed-Bold.ttf
- /usr/share/fonts/truetype/dejavu/DejaVuSansMono-Bold.ttf
- /usr/share/fonts/truetype/lato/Lato-LightItalic.ttf
- /usr/share/fonts/truetype/dejavu/DejaVuSansMono-BoldOblique.ttf
- /usr/share/fonts/truetype/liberation/LiberationMono-Regular.ttf
- /usr/share/fonts/truetype/lato/Lato-Black.ttf
- /usr/share/fonts/truetype/lato/Lato-BoldItalic.ttf
- /usr/share/fonts/truetype/dejavu/DejaVuSansMono-Oblique.ttf
- /usr/share/fonts/truetype/lato/Lato-Light.ttf
- /usr/share/fonts/truetype/wqy/wqy-zenhei.ttc
- /usr/share/fonts/truetype/dejavu/DejaVuSans-BoldOblique.ttf
- /usr/share/fonts/truetype/dejavu/DejaVuSerifCondensed.ttf
- /usr/share/fonts/truetype/dejavu/DejaVuSerif-Italic.ttf
- /usr/share/fonts/truetype/lato/Lato-Medium.ttf
- /usr/share/fonts/truetype/liberation/LiberationSerif-BoldItalic.ttf
- /usr/share/fonts/truetype/lato/Lato-SemiboldItalic.ttf
- /usr/share/fonts/truetype/dejavu/DejaVuSans-ExtraLight.ttf
- /usr/share/fonts/truetype/dejavu/DejaVuSansCondensed-BoldOblique.ttf
- /usr/share/fonts/truetype/dejavu/DejaVuSerif-Bold.ttf
- /usr/share/fonts/truetype/liberation/LiberationSerif-Italic.ttf
- /usr/share/fonts/truetype/dejavu/DejaVuSerifCondensed-BoldItalic.ttf
- /usr/share/fonts/truetype/liberation/LiberationMono-Italic.ttf
- /usr/share/fonts/truetype/lato/Lato-Italic.ttf

FontManager samples (name -> path):
DejaVu Sans -> /opt/hostedtoolcache/Python/3.14.2/x64/lib/python3.14/site-packages/matplotlib/mpl-data/fonts/ttf/DejaVuSans.ttf
STIXNonUnicode -> /opt/hostedtoolcache/Python/3.14.2/x64/lib/python3.14/site-packages/matplotlib/mpl-data/fonts/ttf/STIXNonUni.ttf
STIXSizeTwoSym -> /opt/hostedtoolcache/Python/3.14.2/x64/lib/python3.14/site-packages/matplotlib/mpl-data/fonts/ttf/STIXSizTwoSymBol.ttf
STIXNonUnicode -> /opt/hostedtoolcache/Python/3.14.2/x64/lib/python3.14/site-packages/matplotlib/mpl-data/fonts/ttf/STIXNonUniIta.ttf
DejaVu Sans Display -> /opt/hostedtoolcache/Python/3.14.2/x64/lib/python3.14/site-packages/matplotlib/mpl-data/fonts/ttf/DejaVuSansDisplay.ttf
cmmi10 -> /opt/hostedtoolcache/Python/3.14.2/x64/lib/python3.14/site-packages/matplotlib/mpl-data/fonts/ttf/cmmi10.ttf
STIXGeneral -> /opt/hostedtoolcache/Python/3.14.2/x64/lib/python3.14/site-packages/matplotlib/mpl-data/fonts/ttf/STIXGeneralItalic.ttf
STIXNonUnicode -> /opt/hostedtoolcache/Python/3.14.2/x64/lib/python3.14/site-packages/matplotlib/mpl-data/fonts/ttf/STIXNonUniBolIta.ttf
STIXNonUnicode -> /opt/hostedtoolcache/Python/3.14.2/x64/lib/python3.14/site-packages/matplotlib/mpl-data/fonts/ttf/STIXNonUniBol.ttf
DejaVu Sans -> /opt/hostedtoolcache/Python/3.14.2/x64/lib/python3.14/site-packages/matplotlib/mpl-data/fonts/ttf/DejaVuSans-BoldOblique.ttf
cmtt10 -> /opt/hostedtoolcache/Python/3.14.2/x64/lib/python3.14/site-packages/matplotlib/mpl-data/fonts/ttf/cmtt10.ttf
DejaVu Serif -> /opt/hostedtoolcache/Python/3.14.2/x64/lib/python3.14/site-packages/matplotlib/mpl-data/fonts/ttf/DejaVuSerif-Italic.ttf
DejaVu Sans Mono -> /opt/hostedtoolcache/Python/3.14.2/x64/lib/python3.14/site-packages/matplotlib/mpl-data/fonts/ttf/DejaVuSansMono.ttf
STIXGeneral -> /opt/hostedtoolcache/Python/3.14.2/x64/lib/python3.14/site-packages/matplotlib/mpl-data/fonts/ttf/STIXGeneral.ttf
STIXSizeThreeSym -> /opt/hostedtoolcache/Python/3.14.2/x64/lib/python3.14/site-packages/matplotlib/mpl-data/fonts/ttf/STIXSizThreeSymReg.ttf
cmss10 -> /opt/hostedtoolcache/Python/3.14.2/x64/lib/python3.14/site-packages/matplotlib/mpl-data/fonts/ttf/cmss10.ttf
DejaVu Serif Display -> /opt/hostedtoolcache/Python/3.14.2/x64/lib/python3.14/site-packages/matplotlib/mpl-data/fonts/ttf/DejaVuSerifDisplay.ttf
cmr10 -> /opt/hostedtoolcache/Python/3.14.2/x64/lib/python3.14/site-packages/matplotlib/mpl-data/fonts/ttf/cmr10.ttf
cmb10 -> /opt/hostedtoolcache/Python/3.14.2/x64/lib/python3.14/site-packages/matplotlib/mpl-data/fonts/ttf/cmb10.ttf
STIXGeneral -> /opt/hostedtoolcache/Python/3.14.2/x64/lib/python3.14/site-packages/matplotlib/mpl-data/fonts/ttf/STIXGeneralBol.ttf
STIXSizeTwoSym -> /opt/hostedtoolcache/Python/3.14.2/x64/lib/python3.14/site-packages/matplotlib/mpl-data/fonts/ttf/STIXSizTwoSymReg.ttf
STIXSizeFourSym -> /opt/hostedtoolcache/Python/3.14.2/x64/lib/python3.14/site-packages/matplotlib/mpl-data/fonts/ttf/STIXSizFourSymReg.ttf
DejaVu Sans Mono -> /opt/hostedtoolcache/Python/3.14.2/x64/lib/python3.14/site-packages/matplotlib/mpl-data/fonts/ttf/DejaVuSansMono-BoldOblique.ttf
cmsy10 -> /opt/hostedtoolcache/Python/3.14.2/x64/lib/python3.14/site-packages/matplotlib/mpl-data/fonts/ttf/cmsy10.ttf
DejaVu Sans Mono -> /opt/hostedtoolcache/Python/3.14.2/x64/lib/python3.14/site-packages/matplotlib/mpl-data/fonts/ttf/DejaVuSansMono-Bold.ttf
STIXGeneral -> /opt/hostedtoolcache/Python/3.14.2/x64/lib/python3.14/site-packages/matplotlib/mpl-data/fonts/ttf/STIXGeneralBolIta.ttf
DejaVu Sans Mono -> /opt/hostedtoolcache/Python/3.14.2/x64/lib/python3.14/site-packages/matplotlib/mpl-data/fonts/ttf/DejaVuSansMono-Oblique.ttf
cmex10 -> /opt/hostedtoolcache/Python/3.14.2/x64/lib/python3.14/site-packages/matplotlib/mpl-data/fonts/ttf/cmex10.ttf
DejaVu Sans -> /opt/hostedtoolcache/Python/3.14.2/x64/lib/python3.14/site-packages/matplotlib/mpl-data/fonts/ttf/DejaVuSans-Bold.ttf
STIXSizeFourSym -> /opt/hostedtoolcache/Python/3.14.2/x64/lib/python3.14/site-packages/matplotlib/mpl-data/fonts/ttf/STIXSizFourSymBol.ttf
DejaVu Serif -> /opt/hostedtoolcache/Python/3.14.2/x64/lib/python3.14/site-packages/matplotlib/mpl-data/fonts/ttf/DejaVuSerif-Bold.ttf
STIXSizeOneSym -> /opt/hostedtoolcache/Python/3.14.2/x64/lib/python3.14/site-packages/matplotlib/mpl-data/fonts/ttf/STIXSizOneSymBol.ttf
STIXSizeThreeSym -> /opt/hostedtoolcache/Python/3.14.2/x64/lib/python3.14/site-packages/matplotlib/mpl-data/fonts/ttf/STIXSizThreeSymBol.ttf
STIXSizeOneSym -> /opt/hostedtoolcache/Python/3.14.2/x64/lib/python3.14/site-packages/matplotlib/mpl-data/fonts/ttf/STIXSizOneSymReg.ttf
STIXSizeFiveSym -> /opt/hostedtoolcache/Python/3.14.2/x64/lib/python3.14/site-packages/matplotlib/mpl-data/fonts/ttf/STIXSizFiveSymReg.ttf
DejaVu Serif -> /opt/hostedtoolcache/Python/3.14.2/x64/lib/python3.14/site-packages/matplotlib/mpl-data/fonts/ttf/DejaVuSerif-BoldItalic.ttf
DejaVu Serif -> /opt/hostedtoolcache/Python/3.14.2/x64/lib/python3.14/site-packages/matplotlib/mpl-data/fonts/ttf/DejaVuSerif.ttf
DejaVu Sans -> /opt/hostedtoolcache/Python/3.14.2/x64/lib/python3.14/site-packages/matplotlib/mpl-data/fonts/ttf/DejaVuSans-Oblique.ttf
Lato -> /usr/share/fonts/truetype/lato/Lato-MediumItalic.ttf
Lato -> /usr/share/fonts/truetype/lato/Lato-Bold.ttf
DejaVu Sans -> /usr/share/fonts/truetype/dejavu/DejaVuSans-Bold.ttf
DejaVu Sans Mono -> /usr/share/fonts/truetype/dejavu/DejaVuSansMono.ttf
Lato -> /usr/share/fonts/truetype/lato/Lato-Thin.ttf
Lato -> /usr/share/fonts/truetype/lato/Lato-Hairline.ttf
Noto Sans CJK JP -> /usr/share/fonts/opentype/noto/NotoSansCJK-Regular.ttc
Noto Sans CJK JP -> /usr/share/fonts/opentype/noto/NotoSansCJK-Bold.ttc
DejaVu Sans -> /usr/share/fonts/truetype/dejavu/DejaVuSans-Oblique.ttf
Liberation Serif -> /usr/share/fonts/truetype/liberation/LiberationSerif-Bold.ttf
DejaVu Sans -> /usr/share/fonts/truetype/dejavu/DejaVuSans.ttf
Lato -> /usr/share/fonts/truetype/lato/Lato-HairlineItalic.ttf

Preferred font find results:
findfont('Microsoft YaHei') failed: Failed to find font Microsoft YaHei:style=normal:variant=normal:weight=normal:stretch=normal:size=10.0, and fallback to the default font was disabled
findfont('Segoe UI') failed: Failed to find font Segoe UI:style=normal:variant=normal:weight=normal:stretch=normal:size=10.0, and fallback to the default font was disabled
findfont('Arial Unicode MS') failed: Failed to find font Arial Unicode MS:style=normal:variant=normal:weight=normal:stretch=normal:size=10.0, and fallback to the default font was disabled
findfont('Noto Sans CJK SC') failed: Failed to find font Noto Sans CJK SC:style=normal:variant=normal:weight=normal:stretch=normal:size=10.0, and fallback to the default font was disabled
findfont('WenQuanYi Micro Hei') -> /usr/share/fonts/truetype/wqy/wqy-microhei.ttc
findfont('WenQuanYi Zen Hei') -> /usr/share/fonts/truetype/wqy/wqy-zenhei.ttc
findfont('DejaVu Sans') -> /opt/hostedtoolcache/Python/3.14.2/x64/lib/python3.14/site-packages/matplotlib/mpl-data/fonts/ttf/DejaVuSans.ttf

fc-list output sample (truncated to 10000 chars):
Liberation Mono - /usr/share/fonts/truetype/liberation/LiberationMono-Bold.ttf
Liberation Serif - /usr/share/fonts/truetype/liberation/LiberationSerif-BoldItalic.ttf
Lato,Lato Hairline - /usr/share/fonts/truetype/lato/Lato-Hairline.ttf
Lato,Lato Heavy - /usr/share/fonts/truetype/lato/Lato-Heavy.ttf
DejaVu Serif,DejaVu Serif Condensed - /usr/share/fonts/truetype/dejavu/DejaVuSerifCondensed-Italic.ttf
Lato,Lato Medium - /usr/share/fonts/truetype/lato/Lato-Medium.ttf
Lato,Lato Light - /usr/share/fonts/truetype/lato/Lato-LightItalic.ttf
WenQuanYi Zen Hei Sharp,文泉驛點陣正黑,文泉驿点阵正黑 - /usr/share/fonts/truetype/wqy/wqy-zenhei.ttc
WenQuanYi Micro Hei Mono,文泉驛等寬微米黑,文泉驿等宽微米黑 - /usr/share/fonts/truetype/wqy/wqy-microhei.ttc
Noto Sans Mono CJK KR - /usr/share/fonts/opentype/noto/NotoSansCJK-Bold.ttc
DejaVu Serif - /usr/share/fonts/truetype/dejavu/DejaVuSerif-Bold.ttf
Noto Sans Mono CJK JP - /usr/share/fonts/opentype/noto/NotoSansCJK-Bold.ttc
Noto Sans Mono CJK HK - /usr/share/fonts/opentype/noto/NotoSansCJK-Bold.ttc
Noto Serif CJK SC - /usr/share/fonts/opentype/noto/NotoSerifCJK-Regular.ttc
DejaVu Math TeX Gyre - /usr/share/fonts/truetype/dejavu/DejaVuMathTeXGyre.ttf
Liberation Sans - /usr/share/fonts/truetype/liberation/LiberationSans-Regular.ttf
Lato - /usr/share/fonts/truetype/lato/Lato-Italic.ttf
Liberation Sans - /usr/share/fonts/truetype/liberation/LiberationSans-Bold.ttf
Noto Serif CJK TC - /usr/share/fonts/opentype/noto/NotoSerifCJK-Regular.ttc
Noto Sans Mono CJK SC - /usr/share/fonts/opentype/noto/NotoSansCJK-Bold.ttc
Liberation Mono - /usr/share/fonts/truetype/liberation/LiberationMono-Italic.ttf
Noto Sans Mono CJK TC - /usr/share/fonts/opentype/noto/NotoSansCJK-Bold.ttc
DejaVu Sans,DejaVu Sans Condensed - /usr/share/fonts/truetype/dejavu/DejaVuSansCondensed.ttf
DejaVu Serif,DejaVu Serif Condensed - /usr/share/fonts/truetype/dejavu/DejaVuSerifCondensed.ttf
Liberation Serif - /usr/share/fonts/truetype/liberation/LiberationSerif-Italic.ttf
Lato,Lato Heavy - /usr/share/fonts/truetype/lato/Lato-HeavyItalic.ttf
Lato - /usr/share/fonts/truetype/lato/Lato-BoldItalic.ttf
Noto Serif CJK JP - /usr/share/fonts/opentype/noto/NotoSerifCJK-Regular.ttc
Lato,Lato Medium - /usr/share/fonts/truetype/lato/Lato-MediumItalic.ttf
Noto Serif CJK HK - /usr/share/fonts/opentype/noto/NotoSerifCJK-Regular.ttc
DejaVu Serif - /usr/share/fonts/truetype/dejavu/DejaVuSerif-Italic.ttf
DejaVu Sans - /usr/share/fonts/truetype/dejavu/DejaVuSans.ttf
Noto Serif CJK KR - /usr/share/fonts/opentype/noto/NotoSerifCJK-Regular.ttc
Lato,Lato Semibold - /usr/share/fonts/truetype/lato/Lato-SemiboldItalic.ttf
Lato,Lato Thin - /usr/share/fonts/truetype/lato/Lato-ThinItalic.ttf
DejaVu Sans,DejaVu Sans Condensed - /usr/share/fonts/truetype/dejavu/DejaVuSansCondensed-BoldOblique.ttf
Noto Sans CJK JP - /usr/share/fonts/opentype/noto/NotoSansCJK-Regular.ttc
Liberation Sans - /usr/share/fonts/truetype/liberation/LiberationSans-Italic.ttf
Noto Sans CJK HK - /usr/share/fonts/opentype/noto/NotoSansCJK-Regular.ttc
Lato,Lato Black - /usr/share/fonts/truetype/lato/Lato-BlackItalic.ttf
Lato,Lato Thin - /usr/share/fonts/truetype/lato/Lato-Thin.ttf
DejaVu Sans,DejaVu Sans Condensed - /usr/share/fonts/truetype/dejavu/DejaVuSansCondensed-Oblique.ttf
Noto Sans CJK KR - /usr/share/fonts/opentype/noto/NotoSansCJK-Regular.ttc
Lato,Lato Light - /usr/share/fonts/truetype/lato/Lato-Light.ttf
Noto Sans CJK TC - /usr/share/fonts/opentype/noto/NotoSansCJK-Regular.ttc
DejaVu Sans,DejaVu Sans Condensed - /usr/share/fonts/truetype/dejavu/DejaVuSansCondensed-Bold.ttf
DejaVu Sans Mono - /usr/share/fonts/truetype/dejavu/DejaVuSansMono-Oblique.ttf
Lato,Lato Hairline - /usr/share/fonts/truetype/lato/Lato-HairlineItalic.ttf
Noto Sans CJK SC - /usr/share/fonts/opentype/noto/NotoSansCJK-Regular.ttc
WenQuanYi Zen Hei,文泉驛正黑,文泉驿正黑 - /usr/share/fonts/truetype/wqy/wqy-zenhei.ttc
Lato,Lato Black - /usr/share/fonts/truetype/lato/Lato-Black.ttf
Lato - /usr/share/fonts/truetype/lato/Lato-Regular.ttf
DejaVu Sans - /usr/share/fonts/truetype/dejavu/DejaVuSans-BoldOblique.ttf
Liberation Mono - /usr/share/fonts/truetype/liberation/LiberationMono-BoldItalic.ttf
Noto Sans Mono CJK KR - /usr/share/fonts/opentype/noto/NotoSansCJK-Regular.ttc
Liberation Mono - /usr/share/fonts/truetype/liberation/LiberationMono-Regular.ttf
Noto Sans Mono CJK HK - /usr/share/fonts/opentype/noto/NotoSansCJK-Regular.ttc
DejaVu Sans,DejaVu Sans Light - /usr/share/fonts/truetype/dejavu/DejaVuSans-ExtraLight.ttf
DejaVu Serif - /usr/share/fonts/truetype/dejavu/DejaVuSerif.ttf
Noto Sans Mono CJK JP - /usr/share/fonts/opentype/noto/NotoSansCJK-Regular.ttc
Noto Serif CJK JP - /usr/share/fonts/opentype/noto/NotoSerifCJK-Bold.ttc
Noto Serif CJK HK - /usr/share/fonts/opentype/noto/NotoSerifCJK-Bold.ttc
Noto Serif CJK KR - /usr/share/fonts/opentype/noto/NotoSerifCJK-Bold.ttc
Noto Serif CJK TC - /usr/share/fonts/opentype/noto/NotoSerifCJK-Bold.ttc
Lato - /usr/share/fonts/truetype/lato/Lato-Bold.ttf
Noto Sans CJK SC - /usr/share/fonts/opentype/noto/NotoSansCJK-Bold.ttc
Noto Sans Mono CJK TC - /usr/share/fonts/opentype/noto/NotoSansCJK-Regular.ttc
Noto Sans CJK TC - /usr/share/fonts/opentype/noto/NotoSansCJK-Bold.ttc
Noto Serif CJK SC - /usr/share/fonts/opentype/noto/NotoSerifCJK-Bold.ttc
DejaVu Sans Mono - /usr/share/fonts/truetype/dejavu/DejaVuSansMono-Bold.ttf
DejaVu Serif - /usr/share/fonts/truetype/dejavu/DejaVuSerif-BoldItalic.ttf
WenQuanYi Zen Hei Mono,文泉驛等寬正黑,文泉驿等宽正黑 - /usr/share/fonts/truetype/wqy/wqy-zenhei.ttc
DejaVu Sans Mono - /usr/share/fonts/truetype/dejavu/DejaVuSansMono.ttf
Noto Sans CJK JP - /usr/share/fonts/opentype/noto/NotoSansCJK-Bold.ttc
Noto Sans CJK HK - /usr/share/fonts/opentype/noto/NotoSansCJK-Bold.ttc
Noto Sans CJK KR - /usr/share/fonts/opentype/noto/NotoSansCJK-Bold.ttc
WenQuanYi Micro Hei,文泉驛微米黑,文泉驿微米黑 - /usr/share/fonts/truetype/wqy/wqy-microhei.ttc
Noto Sans Mono CJK SC - /usr/share/fonts/opentype/noto/NotoSansCJK-Regular.ttc
Noto Color Emoji - /usr/share/fonts/truetype/noto/NotoColorEmoji.ttf
DejaVu Sans Mono - /usr/share/fonts/truetype/dejavu/DejaVuSansMono-BoldOblique.ttf
Liberation Sans - /usr/share/fonts/truetype/liberation/LiberationSans-BoldItalic.ttf
Liberation Serif - /usr/share/fonts/truetype/liberation/LiberationSerif-Regular.ttf
Lato,Lato Semibold - /usr/share/fonts/truetype/lato/Lato-Semibold.ttf
DejaVu Sans - /usr/share/fonts/truetype/dejavu/DejaVuSans-Oblique.ttf
DejaVu Serif,DejaVu Serif Condensed - /usr/share/fonts/truetype/dejavu/DejaVuSerifCondensed-Bold.ttf
DejaVu Sans - /usr/share/fonts/truetype/dejavu/DejaVuSans-Bold.ttf
Liberation Serif - /usr/share/fonts/truetype/liberation/LiberationSerif-Bold.ttf
DejaVu Serif,DejaVu Serif Condensed - /usr/share/fonts/truetype/dejavu/DejaVuSerifCondensed-BoldItalic.ttf

2025-12-12 07:23:04,668 - INFO - Matplotlib 字体设置：使用回退字体列表，首选可用字体: Noto Sans CJK JP
2025-12-12 07:23:06,622 - INFO - 使用 ChromeDriver: /usr/bin/chromedriver
2025-12-12 07:23:06,623 - WARNING - Using CPU. Note: This module is much faster with a GPU.
2025-12-12 07:23:08,228 - INFO - OCR识别器初始化成功
2025-12-12 07:23:08,228 - INFO - 开始南京大学电费监控流程（自动无头模式）
2025-12-12 07:23:08,228 - INFO - 正在打开页面: https://epay.nju.edu.cn/epay/h5/nju/electric/index
2025-12-12 07:23:22,275 - INFO - 等待登录表单加载...
2025-12-12 07:23:22,285 - INFO - 登录表单已加载
2025-12-12 07:23:22,285 - INFO - 开始填写登录表单...
2025-12-12 07:23:22,347 - INFO - 用户名填写完成
2025-12-12 07:23:22,415 - INFO - 密码填写完成
2025-12-12 07:23:22,415 - INFO - 检查是否有验证码...
2025-12-12 07:23:22,415 - INFO - 查找验证码图片...
2025-12-12 07:23:22,436 - INFO - 找到验证码图片，开始截图...
2025-12-12 07:23:22,490 - INFO - 验证码图片截取成功
2025-12-12 07:23:22,490 - INFO - 开始填写登录表单...
2025-12-12 07:23:22,555 - INFO - 用户名填写完成
2025-12-12 07:23:22,616 - INFO - 密码填写完成
2025-12-12 07:23:22,617 - INFO - 验证码图片已保存到 /home/runner/work/nju_electric_monitor/nju_electric_monitor/src/../data/captcha_debug.png
2025-12-12 07:23:22,617 - INFO - 验证码识别尝试 1/30
2025-12-12 07:23:22,617 - INFO - 开始识别验证码...（easyocr + pytesseract）
2025-12-12 07:23:22,741 - INFO - easyocr 结果: ['dDhe(0.48)']
2025-12-12 07:23:23,007 - INFO - tesseract 结果: dDhe
2025-12-12 07:23:23,070 - INFO - easyocr alt1 结果: ['dDhe(0.68)']
2025-12-12 07:23:23,167 - INFO - tesseract alt1 结果: dDhe
2025-12-12 07:23:23,225 - INFO - easyocr alt2 结果: ['dDhe(0.74)']
2025-12-12 07:23:23,318 - INFO - tesseract alt2 结果: dDhe
2025-12-12 07:23:23,486 - INFO - easyocr alt3 结果: ['ADhe(0.84)']
2025-12-12 07:23:23,591 - INFO - tesseract alt3 结果: dDhe
2025-12-12 07:23:23,649 - INFO - easyocr alt4 结果: ['ADhe(0.79)']
2025-12-12 07:23:23,747 - INFO - tesseract alt4 结果: dDhe
2025-12-12 07:23:23,805 - INFO - easyocr alt5 结果: ['ADhe(0.77)']
2025-12-12 07:23:23,900 - INFO - tesseract alt5 结果: dDhe
2025-12-12 07:23:23,900 - INFO - 最终验证码识别结果: ADhe (engine=easyocr_alt3, prob=0.8431234359741211)
2025-12-12 07:23:23,900 - INFO - 查找验证码输入框...
2025-12-12 07:23:23,959 - INFO - 验证码填写完成
2025-12-12 07:23:23,959 - INFO - 验证码填写完成，点击登录按钮...
2025-12-12 07:23:23,959 - INFO - 查找并点击登录按钮...
2025-12-12 07:23:24,361 - INFO - 已点击登录按钮
2025-12-12 07:23:31,389 - INFO - 开始填写登录表单...
2025-12-12 07:23:31,448 - INFO - 用户名填写完成
2025-12-12 07:23:31,507 - INFO - 密码填写完成
2025-12-12 07:23:31,508 - INFO - 验证码图片已保存到 /home/runner/work/nju_electric_monitor/nju_electric_monitor/src/../data/captcha_debug.png
2025-12-12 07:23:31,508 - INFO - 验证码识别尝试 2/30
2025-12-12 07:23:31,508 - INFO - 开始识别验证码...（easyocr + pytesseract）
2025-12-12 07:23:31,604 - INFO - easyocr 结果: ['dDhe(0.48)']
2025-12-12 07:23:31,699 - INFO - tesseract 结果: dDhe
2025-12-12 07:23:31,768 - INFO - easyocr alt1 结果: ['dDhe(0.68)']
2025-12-12 07:23:31,866 - INFO - tesseract alt1 结果: dDhe
2025-12-12 07:23:31,925 - INFO - easyocr alt2 结果: ['dDhe(0.74)']
2025-12-12 07:23:32,017 - INFO - tesseract alt2 结果: dDhe
2025-12-12 07:23:32,171 - INFO - easyocr alt3 结果: ['ADhe(0.84)']
2025-12-12 07:23:32,277 - INFO - tesseract alt3 结果: dDhe
2025-12-12 07:23:32,335 - INFO - easyocr alt4 结果: ['ADhe(0.79)']
2025-12-12 07:23:32,429 - INFO - tesseract alt4 结果: dDhe
2025-12-12 07:23:32,488 - INFO - easyocr alt5 结果: ['ADhe(0.77)']
2025-12-12 07:23:32,583 - INFO - tesseract alt5 结果: dDhe
2025-12-12 07:23:32,583 - INFO - 最终验证码识别结果: ADhe (engine=easyocr_alt3, prob=0.8431234359741211)
2025-12-12 07:23:32,583 - INFO - 查找验证码输入框...
2025-12-12 07:23:32,639 - INFO - 验证码填写完成
2025-12-12 07:23:32,639 - INFO - 验证码填写完成，点击登录按钮...
2025-12-12 07:23:32,640 - INFO - 查找并点击登录按钮...
2025-12-12 07:23:32,694 - INFO - 已点击登录按钮
2025-12-12 07:23:39,714 - INFO - 开始填写登录表单...
2025-12-12 07:23:39,775 - INFO - 用户名填写完成
2025-12-12 07:23:39,836 - INFO - 密码填写完成
2025-12-12 07:23:39,836 - INFO - 验证码图片已保存到 /home/runner/work/nju_electric_monitor/nju_electric_monitor/src/../data/captcha_debug.png
2025-12-12 07:23:39,836 - INFO - 验证码识别尝试 3/30
2025-12-12 07:23:39,837 - INFO - 开始识别验证码...（easyocr + pytesseract）
2025-12-12 07:23:39,944 - INFO - easyocr 结果: ['dDhe(0.48)']
2025-12-12 07:23:40,040 - INFO - tesseract 结果: dDhe
2025-12-12 07:23:40,100 - INFO - easyocr alt1 结果: ['dDhe(0.68)']
2025-12-12 07:23:40,194 - INFO - tesseract alt1 结果: dDhe
2025-12-12 07:23:40,253 - INFO - easyocr alt2 结果: ['dDhe(0.74)']
2025-12-12 07:23:40,351 - INFO - tesseract alt2 结果: dDhe
2025-12-12 07:23:40,505 - INFO - easyocr alt3 结果: ['ADhe(0.84)']
2025-12-12 07:23:40,610 - INFO - tesseract alt3 结果: dDhe
2025-12-12 07:23:40,668 - INFO - easyocr alt4 结果: ['ADhe(0.79)']
2025-12-12 07:23:40,763 - INFO - tesseract alt4 结果: dDhe
2025-12-12 07:23:40,822 - INFO - easyocr alt5 结果: ['ADhe(0.77)']
2025-12-12 07:23:40,916 - INFO - tesseract alt5 结果: dDhe
2025-12-12 07:23:40,916 - INFO - 最终验证码识别结果: ADhe (engine=easyocr_alt3, prob=0.8431234359741211)
2025-12-12 07:23:40,916 - INFO - 查找验证码输入框...
2025-12-12 07:23:40,972 - INFO - 验证码填写完成
2025-12-12 07:23:40,972 - INFO - 验证码填写完成，点击登录按钮...
2025-12-12 07:23:40,972 - INFO - 查找并点击登录按钮...
2025-12-12 07:23:41,027 - INFO - 已点击登录按钮
2025-12-12 07:23:48,047 - INFO - 开始填写登录表单...
2025-12-12 07:23:48,110 - INFO - 用户名填写完成
2025-12-12 07:23:48,168 - INFO - 密码填写完成
2025-12-12 07:23:48,169 - INFO - 验证码图片已保存到 /home/runner/work/nju_electric_monitor/nju_electric_monitor/src/../data/captcha_debug.png
2025-12-12 07:23:48,169 - INFO - 验证码识别尝试 4/30
2025-12-12 07:23:48,169 - INFO - 开始识别验证码...（easyocr + pytesseract）
2025-12-12 07:23:48,265 - INFO - easyocr 结果: ['dDhe(0.48)']
2025-12-12 07:23:48,364 - INFO - tesseract 结果: dDhe
2025-12-12 07:23:48,425 - INFO - easyocr alt1 结果: ['dDhe(0.68)']
2025-12-12 07:23:48,518 - INFO - tesseract alt1 结果: dDhe
2025-12-12 07:23:48,577 - INFO - easyocr alt2 结果: ['dDhe(0.74)']
2025-12-12 07:23:48,673 - INFO - tesseract alt2 结果: dDhe
2025-12-12 07:23:48,829 - INFO - easyocr alt3 结果: ['ADhe(0.84)']
2025-12-12 07:23:48,936 - INFO - tesseract alt3 结果: dDhe
2025-12-12 07:23:48,997 - INFO - easyocr alt4 结果: ['ADhe(0.79)']
2025-12-12 07:23:49,096 - INFO - tesseract alt4 结果: dDhe
2025-12-12 07:23:49,154 - INFO - easyocr alt5 结果: ['ADhe(0.77)']
2025-12-12 07:23:49,247 - INFO - tesseract alt5 结果: dDhe
2025-12-12 07:23:49,247 - INFO - 最终验证码识别结果: ADhe (engine=easyocr_alt3, prob=0.8431234359741211)
2025-12-12 07:23:49,247 - INFO - 查找验证码输入框...
2025-12-12 07:23:49,304 - INFO - 验证码填写完成
2025-12-12 07:23:49,304 - INFO - 验证码填写完成，点击登录按钮...
2025-12-12 07:23:49,304 - INFO - 查找并点击登录按钮...
2025-12-12 07:23:49,359 - INFO - 已点击登录按钮
2025-12-12 07:23:56,380 - INFO - 开始填写登录表单...
2025-12-12 07:23:56,442 - INFO - 用户名填写完成
2025-12-12 07:23:56,502 - INFO - 密码填写完成
2025-12-12 07:23:56,503 - INFO - 验证码图片已保存到 /home/runner/work/nju_electric_monitor/nju_electric_monitor/src/../data/captcha_debug.png
2025-12-12 07:23:56,503 - INFO - 验证码识别尝试 5/30
2025-12-12 07:23:56,503 - INFO - 开始识别验证码...（easyocr + pytesseract）
2025-12-12 07:23:56,599 - INFO - easyocr 结果: ['dDhe(0.48)']
2025-12-12 07:23:56,692 - INFO - tesseract 结果: dDhe
2025-12-12 07:23:56,751 - INFO - easyocr alt1 结果: ['dDhe(0.68)']
2025-12-12 07:23:56,845 - INFO - tesseract alt1 结果: dDhe
2025-12-12 07:23:56,905 - INFO - easyocr alt2 结果: ['dDhe(0.74)']
2025-12-12 07:23:56,998 - INFO - tesseract alt2 结果: dDhe
2025-12-12 07:23:57,151 - INFO - easyocr alt3 结果: ['ADhe(0.84)']
2025-12-12 07:23:57,258 - INFO - tesseract alt3 结果: dDhe
2025-12-12 07:23:57,325 - INFO - easyocr alt4 结果: ['ADhe(0.79)']
2025-12-12 07:23:57,418 - INFO - tesseract alt4 结果: dDhe
2025-12-12 07:23:57,484 - INFO - easyocr alt5 结果: ['ADhe(0.77)']
2025-12-12 07:23:57,581 - INFO - tesseract alt5 结果: dDhe
2025-12-12 07:23:57,581 - INFO - 最终验证码识别结果: ADhe (engine=easyocr_alt3, prob=0.8431234359741211)
2025-12-12 07:23:57,581 - INFO - 查找验证码输入框...
2025-12-12 07:23:57,637 - INFO - 验证码填写完成
2025-12-12 07:23:57,637 - INFO - 验证码填写完成，点击登录按钮...
2025-12-12 07:23:57,637 - INFO - 查找并点击登录按钮...
2025-12-12 07:23:57,692 - INFO - 已点击登录按钮
2025-12-12 07:24:04,712 - INFO - 开始填写登录表单...
2025-12-12 07:24:04,772 - INFO - 用户名填写完成
2025-12-12 07:24:04,830 - INFO - 密码填写完成
2025-12-12 07:24:04,831 - INFO - 验证码图片已保存到 /home/runner/work/nju_electric_monitor/nju_electric_monitor/src/../data/captcha_debug.png
2025-12-12 07:24:04,831 - INFO - 验证码识别尝试 6/30
2025-12-12 07:24:04,831 - INFO - 开始识别验证码...（easyocr + pytesseract）
2025-12-12 07:24:04,927 - INFO - easyocr 结果: ['dDhe(0.48)']
2025-12-12 07:24:05,021 - INFO - tesseract 结果: dDhe
2025-12-12 07:24:05,080 - INFO - easyocr alt1 结果: ['dDhe(0.68)']
2025-12-12 07:24:05,174 - INFO - tesseract alt1 结果: dDhe
2025-12-12 07:24:05,233 - INFO - easyocr alt2 结果: ['dDhe(0.74)']
2025-12-12 07:24:05,325 - INFO - tesseract alt2 结果: dDhe
2025-12-12 07:24:05,479 - INFO - easyocr alt3 结果: ['ADhe(0.84)']
2025-12-12 07:24:05,586 - INFO - tesseract alt3 结果: dDhe
2025-12-12 07:24:05,646 - INFO - easyocr alt4 结果: ['ADhe(0.79)']
2025-12-12 07:24:05,741 - INFO - tesseract alt4 结果: dDhe
2025-12-12 07:24:05,800 - INFO - easyocr alt5 结果: ['ADhe(0.77)']
2025-12-12 07:24:05,897 - INFO - tesseract alt5 结果: dDhe
2025-12-12 07:24:05,897 - INFO - 最终验证码识别结果: ADhe (engine=easyocr_alt3, prob=0.8431234359741211)
2025-12-12 07:24:05,898 - INFO - 查找验证码输入框...
2025-12-12 07:24:05,954 - INFO - 验证码填写完成
2025-12-12 07:24:05,954 - INFO - 验证码填写完成，点击登录按钮...
2025-12-12 07:24:05,954 - INFO - 查找并点击登录按钮...
2025-12-12 07:24:06,010 - INFO - 已点击登录按钮
2025-12-12 07:24:13,030 - INFO - 开始填写登录表单...
2025-12-12 07:24:13,091 - INFO - 用户名填写完成
2025-12-12 07:24:13,151 - INFO - 密码填写完成
2025-12-12 07:24:13,152 - INFO - 验证码图片已保存到 /home/runner/work/nju_electric_monitor/nju_electric_monitor/src/../data/captcha_debug.png
2025-12-12 07:24:13,152 - INFO - 验证码识别尝试 7/30
2025-12-12 07:24:13,152 - INFO - 开始识别验证码...（easyocr + pytesseract）
2025-12-12 07:24:13,259 - INFO - easyocr 结果: ['dDhe(0.48)']
2025-12-12 07:24:13,355 - INFO - tesseract 结果: dDhe
2025-12-12 07:24:13,415 - INFO - easyocr alt1 结果: ['dDhe(0.68)']
2025-12-12 07:24:13,510 - INFO - tesseract alt1 结果: dDhe
2025-12-12 07:24:13,568 - INFO - easyocr alt2 结果: ['dDhe(0.74)']
2025-12-12 07:24:13,661 - INFO - tesseract alt2 结果: dDhe
2025-12-12 07:24:13,815 - INFO - easyocr alt3 结果: ['ADhe(0.84)']
2025-12-12 07:24:13,922 - INFO - tesseract alt3 结果: dDhe
2025-12-12 07:24:13,980 - INFO - easyocr alt4 结果: ['ADhe(0.79)']
2025-12-12 07:24:14,076 - INFO - tesseract alt4 结果: dDhe
2025-12-12 07:24:14,134 - INFO - easyocr alt5 结果: ['ADhe(0.77)']
2025-12-12 07:24:14,231 - INFO - tesseract alt5 结果: dDhe
2025-12-12 07:24:14,231 - INFO - 最终验证码识别结果: ADhe (engine=easyocr_alt3, prob=0.8431234359741211)
2025-12-12 07:24:14,231 - INFO - 查找验证码输入框...
2025-12-12 07:24:14,287 - INFO - 验证码填写完成
2025-12-12 07:24:14,287 - INFO - 验证码填写完成，点击登录按钮...
2025-12-12 07:24:14,287 - INFO - 查找并点击登录按钮...
2025-12-12 07:24:14,677 - INFO - 已点击登录按钮
2025-12-12 07:24:21,697 - INFO - 开始填写登录表单...
2025-12-12 07:24:21,757 - INFO - 用户名填写完成
2025-12-12 07:24:21,817 - INFO - 密码填写完成
2025-12-12 07:24:21,817 - INFO - 验证码图片已保存到 /home/runner/work/nju_electric_monitor/nju_electric_monitor/src/../data/captcha_debug.png
2025-12-12 07:24:21,818 - INFO - 验证码识别尝试 8/30
2025-12-12 07:24:21,818 - INFO - 开始识别验证码...（easyocr + pytesseract）
2025-12-12 07:24:21,914 - INFO - easyocr 结果: ['dDhe(0.48)']
2025-12-12 07:24:22,008 - INFO - tesseract 结果: dDhe
2025-12-12 07:24:22,068 - INFO - easyocr alt1 结果: ['dDhe(0.68)']
2025-12-12 07:24:22,164 - INFO - tesseract alt1 结果: dDhe
2025-12-12 07:24:22,222 - INFO - easyocr alt2 结果: ['dDhe(0.74)']
2025-12-12 07:24:22,319 - INFO - tesseract alt2 结果: dDhe
2025-12-12 07:24:22,474 - INFO - easyocr alt3 结果: ['ADhe(0.84)']
2025-12-12 07:24:22,584 - INFO - tesseract alt3 结果: dDhe
2025-12-12 07:24:22,643 - INFO - easyocr alt4 结果: ['ADhe(0.79)']
2025-12-12 07:24:22,738 - INFO - tesseract alt4 结果: dDhe
2025-12-12 07:24:22,799 - INFO - easyocr alt5 结果: ['ADhe(0.77)']
2025-12-12 07:24:22,896 - INFO - tesseract alt5 结果: dDhe
2025-12-12 07:24:22,896 - INFO - 最终验证码识别结果: ADhe (engine=easyocr_alt3, prob=0.8431234359741211)
2025-12-12 07:24:22,896 - INFO - 查找验证码输入框...
2025-12-12 07:24:22,953 - INFO - 验证码填写完成
2025-12-12 07:24:22,953 - INFO - 验证码填写完成，点击登录按钮...
2025-12-12 07:24:22,953 - INFO - 查找并点击登录按钮...
2025-12-12 07:24:23,351 - INFO - 已点击登录按钮
2025-12-12 07:24:30,371 - INFO - 开始填写登录表单...
2025-12-12 07:24:30,431 - INFO - 用户名填写完成
2025-12-12 07:24:30,490 - INFO - 密码填写完成
2025-12-12 07:24:30,490 - INFO - 验证码图片已保存到 /home/runner/work/nju_electric_monitor/nju_electric_monitor/src/../data/captcha_debug.png
2025-12-12 07:24:30,490 - INFO - 验证码识别尝试 9/30
2025-12-12 07:24:30,490 - INFO - 开始识别验证码...（easyocr + pytesseract）
2025-12-12 07:24:30,587 - INFO - easyocr 结果: ['dDhe(0.48)']
2025-12-12 07:24:30,681 - INFO - tesseract 结果: dDhe
2025-12-12 07:24:30,740 - INFO - easyocr alt1 结果: ['dDhe(0.68)']
2025-12-12 07:24:30,836 - INFO - tesseract alt1 结果: dDhe
2025-12-12 07:24:30,894 - INFO - easyocr alt2 结果: ['dDhe(0.74)']
2025-12-12 07:24:30,993 - INFO - tesseract alt2 结果: dDhe
2025-12-12 07:24:31,149 - INFO - easyocr alt3 结果: ['ADhe(0.84)']
2025-12-12 07:24:31,258 - INFO - tesseract alt3 结果: dDhe
2025-12-12 07:24:31,316 - INFO - easyocr alt4 结果: ['ADhe(0.79)']
2025-12-12 07:24:31,410 - INFO - tesseract alt4 结果: dDhe
2025-12-12 07:24:31,469 - INFO - easyocr alt5 结果: ['ADhe(0.77)']
2025-12-12 07:24:31,565 - INFO - tesseract alt5 结果: dDhe
2025-12-12 07:24:31,566 - INFO - 最终验证码识别结果: ADhe (engine=easyocr_alt3, prob=0.8431234359741211)
2025-12-12 07:24:31,566 - INFO - 查找验证码输入框...
2025-12-12 07:24:31,622 - INFO - 验证码填写完成
2025-12-12 07:24:31,622 - INFO - 验证码填写完成，点击登录按钮...
2025-12-12 07:24:31,622 - INFO - 查找并点击登录按钮...
2025-12-12 07:24:31,678 - INFO - 已点击登录按钮
2025-12-12 07:24:38,698 - INFO - 开始填写登录表单...
2025-12-12 07:24:38,758 - INFO - 用户名填写完成
2025-12-12 07:24:38,820 - INFO - 密码填写完成
2025-12-12 07:24:38,820 - INFO - 验证码图片已保存到 /home/runner/work/nju_electric_monitor/nju_electric_monitor/src/../data/captcha_debug.png
2025-12-12 07:24:38,821 - INFO - 验证码识别尝试 10/30
2025-12-12 07:24:38,821 - INFO - 开始识别验证码...（easyocr + pytesseract）
2025-12-12 07:24:38,935 - INFO - easyocr 结果: ['dDhe(0.48)']
2025-12-12 07:24:39,029 - INFO - tesseract 结果: dDhe
2025-12-12 07:24:39,089 - INFO - easyocr alt1 结果: ['dDhe(0.68)']
2025-12-12 07:24:39,184 - INFO - tesseract alt1 结果: dDhe
2025-12-12 07:24:39,242 - INFO - easyocr alt2 结果: ['dDhe(0.74)']
2025-12-12 07:24:39,334 - INFO - tesseract alt2 结果: dDhe
2025-12-12 07:24:39,489 - INFO - easyocr alt3 结果: ['ADhe(0.84)']
2025-12-12 07:24:39,598 - INFO - tesseract alt3 结果: dDhe
2025-12-12 07:24:39,668 - INFO - easyocr alt4 结果: ['ADhe(0.79)']
2025-12-12 07:24:39,769 - INFO - tesseract alt4 结果: dDhe
2025-12-12 07:24:39,827 - INFO - easyocr alt5 结果: ['ADhe(0.77)']
2025-12-12 07:24:39,922 - INFO - tesseract alt5 结果: dDhe
2025-12-12 07:24:39,922 - INFO - 最终验证码识别结果: ADhe (engine=easyocr_alt3, prob=0.8431234359741211)
2025-12-12 07:24:39,922 - INFO - 查找验证码输入框...
2025-12-12 07:24:39,978 - INFO - 验证码填写完成
2025-12-12 07:24:39,978 - INFO - 验证码填写完成，点击登录按钮...
2025-12-12 07:24:39,978 - INFO - 查找并点击登录按钮...
2025-12-12 07:24:40,385 - INFO - 已点击登录按钮
2025-12-12 07:24:47,407 - INFO - 开始填写登录表单...
2025-12-12 07:24:47,470 - INFO - 用户名填写完成
2025-12-12 07:24:47,529 - INFO - 密码填写完成
2025-12-12 07:24:47,529 - INFO - 验证码图片已保存到 /home/runner/work/nju_electric_monitor/nju_electric_monitor/src/../data/captcha_debug.png
2025-12-12 07:24:47,529 - INFO - 验证码识别尝试 11/30
2025-12-12 07:24:47,529 - INFO - 开始识别验证码...（easyocr + pytesseract）
2025-12-12 07:24:47,625 - INFO - easyocr 结果: ['dDhe(0.48)']
2025-12-12 07:24:47,721 - INFO - tesseract 结果: dDhe
2025-12-12 07:24:47,780 - INFO - easyocr alt1 结果: ['dDhe(0.68)']
2025-12-12 07:24:47,879 - INFO - tesseract alt1 结果: dDhe
2025-12-12 07:24:47,937 - INFO - easyocr alt2 结果: ['dDhe(0.74)']
2025-12-12 07:24:48,030 - INFO - tesseract alt2 结果: dDhe
2025-12-12 07:24:48,185 - INFO - easyocr alt3 结果: ['ADhe(0.84)']
2025-12-12 07:24:48,293 - INFO - tesseract alt3 结果: dDhe
2025-12-12 07:24:48,351 - INFO - easyocr alt4 结果: ['ADhe(0.79)']
2025-12-12 07:24:48,447 - INFO - tesseract alt4 结果: dDhe
2025-12-12 07:24:48,505 - INFO - easyocr alt5 结果: ['ADhe(0.77)']
2025-12-12 07:24:48,599 - INFO - tesseract alt5 结果: dDhe
2025-12-12 07:24:48,599 - INFO - 最终验证码识别结果: ADhe (engine=easyocr_alt3, prob=0.8431234359741211)
2025-12-12 07:24:48,599 - INFO - 查找验证码输入框...
2025-12-12 07:24:48,655 - INFO - 验证码填写完成
2025-12-12 07:24:48,655 - INFO - 验证码填写完成，点击登录按钮...
2025-12-12 07:24:48,655 - INFO - 查找并点击登录按钮...
2025-12-12 07:24:48,711 - INFO - 已点击登录按钮
2025-12-12 07:24:55,731 - INFO - 开始填写登录表单...
2025-12-12 07:24:55,793 - INFO - 用户名填写完成
2025-12-12 07:24:55,853 - INFO - 密码填写完成
2025-12-12 07:24:55,854 - INFO - 验证码图片已保存到 /home/runner/work/nju_electric_monitor/nju_electric_monitor/src/../data/captcha_debug.png
2025-12-12 07:24:55,854 - INFO - 验证码识别尝试 12/30
2025-12-12 07:24:55,854 - INFO - 开始识别验证码...（easyocr + pytesseract）
2025-12-12 07:24:55,950 - INFO - easyocr 结果: ['dDhe(0.48)']
2025-12-12 07:24:56,045 - INFO - tesseract 结果: dDhe
2025-12-12 07:24:56,104 - INFO - easyocr alt1 结果: ['dDhe(0.68)']
2025-12-12 07:24:56,199 - INFO - tesseract alt1 结果: dDhe
2025-12-12 07:24:56,259 - INFO - easyocr alt2 结果: ['dDhe(0.74)']
2025-12-12 07:24:56,357 - INFO - tesseract alt2 结果: dDhe
2025-12-12 07:24:56,512 - INFO - easyocr alt3 结果: ['ADhe(0.84)']
2025-12-12 07:24:56,624 - INFO - tesseract alt3 结果: dDhe
2025-12-12 07:24:56,682 - INFO - easyocr alt4 结果: ['ADhe(0.79)']
2025-12-12 07:24:56,776 - INFO - tesseract alt4 结果: dDhe
2025-12-12 07:24:56,834 - INFO - easyocr alt5 结果: ['ADhe(0.77)']
2025-12-12 07:24:56,929 - INFO - tesseract alt5 结果: dDhe
2025-12-12 07:24:56,929 - INFO - 最终验证码识别结果: ADhe (engine=easyocr_alt3, prob=0.8431234359741211)
2025-12-12 07:24:56,929 - INFO - 查找验证码输入框...
2025-12-12 07:24:56,987 - INFO - 验证码填写完成
2025-12-12 07:24:56,987 - INFO - 验证码填写完成，点击登录按钮...
2025-12-12 07:24:56,987 - INFO - 查找并点击登录按钮...
2025-12-12 07:24:57,045 - INFO - 已点击登录按钮
2025-12-12 07:25:04,066 - INFO - 开始填写登录表单...
2025-12-12 07:25:04,127 - INFO - 用户名填写完成
2025-12-12 07:25:04,186 - INFO - 密码填写完成
2025-12-12 07:25:04,187 - INFO - 验证码图片已保存到 /home/runner/work/nju_electric_monitor/nju_electric_monitor/src/../data/captcha_debug.png
2025-12-12 07:25:04,187 - INFO - 验证码识别尝试 13/30
2025-12-12 07:25:04,187 - INFO - 开始识别验证码...（easyocr + pytesseract）
2025-12-12 07:25:04,283 - INFO - easyocr 结果: ['dDhe(0.48)']
2025-12-12 07:25:04,382 - INFO - tesseract 结果: dDhe
2025-12-12 07:25:04,441 - INFO - easyocr alt1 结果: ['dDhe(0.68)']
2025-12-12 07:25:04,537 - INFO - tesseract alt1 结果: dDhe
2025-12-12 07:25:04,595 - INFO - easyocr alt2 结果: ['dDhe(0.74)']
2025-12-12 07:25:04,689 - INFO - tesseract alt2 结果: dDhe
2025-12-12 07:25:04,842 - INFO - easyocr alt3 结果: ['ADhe(0.84)']
2025-12-12 07:25:04,950 - INFO - tesseract alt3 结果: dDhe
2025-12-12 07:25:05,010 - INFO - easyocr alt4 结果: ['ADhe(0.79)']
2025-12-12 07:25:05,104 - INFO - tesseract alt4 结果: dDhe
2025-12-12 07:25:05,162 - INFO - easyocr alt5 结果: ['ADhe(0.77)']
2025-12-12 07:25:05,261 - INFO - tesseract alt5 结果: dDhe
2025-12-12 07:25:05,262 - INFO - 最终验证码识别结果: ADhe (engine=easyocr_alt3, prob=0.8431234359741211)
2025-12-12 07:25:05,262 - INFO - 查找验证码输入框...
2025-12-12 07:25:05,319 - INFO - 验证码填写完成
2025-12-12 07:25:05,320 - INFO - 验证码填写完成，点击登录按钮...
2025-12-12 07:25:05,320 - INFO - 查找并点击登录按钮...
2025-12-12 07:25:05,715 - INFO - 已点击登录按钮
2025-12-12 07:25:12,736 - INFO - 开始填写登录表单...
2025-12-12 07:25:12,800 - INFO - 用户名填写完成
2025-12-12 07:25:12,862 - INFO - 密码填写完成
2025-12-12 07:25:12,863 - INFO - 验证码图片已保存到 /home/runner/work/nju_electric_monitor/nju_electric_monitor/src/../data/captcha_debug.png
2025-12-12 07:25:12,863 - INFO - 验证码识别尝试 14/30
2025-12-12 07:25:12,863 - INFO - 开始识别验证码...（easyocr + pytesseract）
2025-12-12 07:25:12,959 - INFO - easyocr 结果: ['dDhe(0.48)']
2025-12-12 07:25:13,056 - INFO - tesseract 结果: dDhe
2025-12-12 07:25:13,116 - INFO - easyocr alt1 结果: ['dDhe(0.68)']
2025-12-12 07:25:13,212 - INFO - tesseract alt1 结果: dDhe
2025-12-12 07:25:13,270 - INFO - easyocr alt2 结果: ['dDhe(0.74)']
2025-12-12 07:25:13,364 - INFO - tesseract alt2 结果: dDhe
2025-12-12 07:25:13,517 - INFO - easyocr alt3 结果: ['ADhe(0.84)']
2025-12-12 07:25:13,625 - INFO - tesseract alt3 结果: dDhe
2025-12-12 07:25:13,683 - INFO - easyocr alt4 结果: ['ADhe(0.79)']
2025-12-12 07:25:13,778 - INFO - tesseract alt4 结果: dDhe
2025-12-12 07:25:13,836 - INFO - easyocr alt5 结果: ['ADhe(0.77)']
2025-12-12 07:25:13,931 - INFO - tesseract alt5 结果: dDhe
2025-12-12 07:25:13,931 - INFO - 最终验证码识别结果: ADhe (engine=easyocr_alt3, prob=0.8431234359741211)
2025-12-12 07:25:13,931 - INFO - 查找验证码输入框...
2025-12-12 07:25:13,990 - INFO - 验证码填写完成
2025-12-12 07:25:13,990 - INFO - 验证码填写完成，点击登录按钮...
2025-12-12 07:25:13,990 - INFO - 查找并点击登录按钮...
2025-12-12 07:25:14,401 - INFO - 已点击登录按钮
2025-12-12 07:25:21,420 - INFO - 开始填写登录表单...
2025-12-12 07:25:21,481 - INFO - 用户名填写完成
2025-12-12 07:25:21,540 - INFO - 密码填写完成
2025-12-12 07:25:21,540 - INFO - 验证码图片已保存到 /home/runner/work/nju_electric_monitor/nju_electric_monitor/src/../data/captcha_debug.png
2025-12-12 07:25:21,540 - INFO - 验证码识别尝试 15/30
2025-12-12 07:25:21,540 - INFO - 开始识别验证码...（easyocr + pytesseract）
2025-12-12 07:25:21,636 - INFO - easyocr 结果: ['dDhe(0.48)']
2025-12-12 07:25:21,732 - INFO - tesseract 结果: dDhe
2025-12-12 07:25:21,792 - INFO - easyocr alt1 结果: ['dDhe(0.68)']
2025-12-12 07:25:21,888 - INFO - tesseract alt1 结果: dDhe
2025-12-12 07:25:21,946 - INFO - easyocr alt2 结果: ['dDhe(0.74)']
2025-12-12 07:25:22,040 - INFO - tesseract alt2 结果: dDhe
2025-12-12 07:25:22,193 - INFO - easyocr alt3 结果: ['ADhe(0.84)']
2025-12-12 07:25:22,300 - INFO - tesseract alt3 结果: dDhe
2025-12-12 07:25:22,367 - INFO - easyocr alt4 结果: ['ADhe(0.79)']
2025-12-12 07:25:22,467 - INFO - tesseract alt4 结果: dDhe
2025-12-12 07:25:22,525 - INFO - easyocr alt5 结果: ['ADhe(0.77)']
2025-12-12 07:25:22,619 - INFO - tesseract alt5 结果: dDhe
2025-12-12 07:25:22,619 - INFO - 最终验证码识别结果: ADhe (engine=easyocr_alt3, prob=0.8431234359741211)
2025-12-12 07:25:22,619 - INFO - 查找验证码输入框...
2025-12-12 07:25:22,676 - INFO - 验证码填写完成
2025-12-12 07:25:22,677 - INFO - 验证码填写完成，点击登录按钮...
2025-12-12 07:25:22,677 - INFO - 查找并点击登录按钮...
2025-12-12 07:25:23,068 - INFO - 已点击登录按钮
2025-12-12 07:25:30,088 - INFO - 开始填写登录表单...
2025-12-12 07:25:30,149 - INFO - 用户名填写完成
2025-12-12 07:25:30,207 - INFO - 密码填写完成
2025-12-12 07:25:30,208 - INFO - 验证码图片已保存到 /home/runner/work/nju_electric_monitor/nju_electric_monitor/src/../data/captcha_debug.png
2025-12-12 07:25:30,208 - INFO - 验证码识别尝试 16/30
2025-12-12 07:25:30,208 - INFO - 开始识别验证码...（easyocr + pytesseract）
2025-12-12 07:25:30,315 - INFO - easyocr 结果: ['dDhe(0.48)']
2025-12-12 07:25:30,411 - INFO - tesseract 结果: dDhe
2025-12-12 07:25:30,470 - INFO - easyocr alt1 结果: ['dDhe(0.68)']
2025-12-12 07:25:30,565 - INFO - tesseract alt1 结果: dDhe
2025-12-12 07:25:30,623 - INFO - easyocr alt2 结果: ['dDhe(0.74)']
2025-12-12 07:25:30,721 - INFO - tesseract alt2 结果: dDhe
2025-12-12 07:25:30,875 - INFO - easyocr alt3 结果: ['ADhe(0.84)']
2025-12-12 07:25:30,988 - INFO - tesseract alt3 结果: dDhe
2025-12-12 07:25:31,046 - INFO - easyocr alt4 结果: ['ADhe(0.79)']
2025-12-12 07:25:31,145 - INFO - tesseract alt4 结果: dDhe
2025-12-12 07:25:31,203 - INFO - easyocr alt5 结果: ['ADhe(0.77)']
2025-12-12 07:25:31,301 - INFO - tesseract alt5 结果: dDhe
2025-12-12 07:25:31,301 - INFO - 最终验证码识别结果: ADhe (engine=easyocr_alt3, prob=0.8431234359741211)
2025-12-12 07:25:31,301 - INFO - 查找验证码输入框...
2025-12-12 07:25:31,357 - INFO - 验证码填写完成
2025-12-12 07:25:31,357 - INFO - 验证码填写完成，点击登录按钮...
2025-12-12 07:25:31,357 - INFO - 查找并点击登录按钮...
2025-12-12 07:25:31,744 - INFO - 已点击登录按钮
2025-12-12 07:25:38,764 - INFO - 开始填写登录表单...
2025-12-12 07:25:38,824 - INFO - 用户名填写完成
2025-12-12 07:25:38,882 - INFO - 密码填写完成
2025-12-12 07:25:38,882 - INFO - 验证码图片已保存到 /home/runner/work/nju_electric_monitor/nju_electric_monitor/src/../data/captcha_debug.png
2025-12-12 07:25:38,882 - INFO - 验证码识别尝试 17/30
2025-12-12 07:25:38,882 - INFO - 开始识别验证码...（easyocr + pytesseract）
2025-12-12 07:25:38,979 - INFO - easyocr 结果: ['dDhe(0.48)']
2025-12-12 07:25:39,074 - INFO - tesseract 结果: dDhe
2025-12-12 07:25:39,133 - INFO - easyocr alt1 结果: ['dDhe(0.68)']
2025-12-12 07:25:39,227 - INFO - tesseract alt1 结果: dDhe
2025-12-12 07:25:39,286 - INFO - easyocr alt2 结果: ['dDhe(0.74)']
2025-12-12 07:25:39,379 - INFO - tesseract alt2 结果: dDhe
2025-12-12 07:25:39,532 - INFO - easyocr alt3 结果: ['ADhe(0.84)']
2025-12-12 07:25:39,640 - INFO - tesseract alt3 结果: dDhe
2025-12-12 07:25:39,698 - INFO - easyocr alt4 结果: ['ADhe(0.79)']
2025-12-12 07:25:39,792 - INFO - tesseract alt4 结果: dDhe
2025-12-12 07:25:39,850 - INFO - easyocr alt5 结果: ['ADhe(0.77)']
2025-12-12 07:25:39,947 - INFO - tesseract alt5 结果: dDhe
2025-12-12 07:25:39,947 - INFO - 最终验证码识别结果: ADhe (engine=easyocr_alt3, prob=0.8431234359741211)
2025-12-12 07:25:39,947 - INFO - 查找验证码输入框...
2025-12-12 07:25:40,002 - INFO - 验证码填写完成
2025-12-12 07:25:40,002 - INFO - 验证码填写完成，点击登录按钮...
2025-12-12 07:25:40,002 - INFO - 查找并点击登录按钮...
2025-12-12 07:25:40,057 - INFO - 已点击登录按钮
2025-12-12 07:25:47,077 - INFO - 开始填写登录表单...
2025-12-12 07:25:47,137 - INFO - 用户名填写完成
2025-12-12 07:25:47,192 - INFO - 密码填写完成
2025-12-12 07:25:47,193 - INFO - 验证码图片已保存到 /home/runner/work/nju_electric_monitor/nju_electric_monitor/src/../data/captcha_debug.png
2025-12-12 07:25:47,193 - INFO - 验证码识别尝试 18/30
2025-12-12 07:25:47,193 - INFO - 开始识别验证码...（easyocr + pytesseract）
2025-12-12 07:25:47,306 - INFO - easyocr 结果: ['dDhe(0.48)']
2025-12-12 07:25:47,402 - INFO - tesseract 结果: dDhe
2025-12-12 07:25:47,462 - INFO - easyocr alt1 结果: ['dDhe(0.68)']
2025-12-12 07:25:47,558 - INFO - tesseract alt1 结果: dDhe
2025-12-12 07:25:47,616 - INFO - easyocr alt2 结果: ['dDhe(0.74)']
2025-12-12 07:25:47,709 - INFO - tesseract alt2 结果: dDhe
2025-12-12 07:25:47,862 - INFO - easyocr alt3 结果: ['ADhe(0.84)']
2025-12-12 07:25:47,969 - INFO - tesseract alt3 结果: dDhe
2025-12-12 07:25:48,026 - INFO - easyocr alt4 结果: ['ADhe(0.79)']
2025-12-12 07:25:48,120 - INFO - tesseract alt4 结果: dDhe
2025-12-12 07:25:48,177 - INFO - easyocr alt5 结果: ['ADhe(0.77)']
2025-12-12 07:25:48,278 - INFO - tesseract alt5 结果: dDhe
2025-12-12 07:25:48,279 - INFO - 最终验证码识别结果: ADhe (engine=easyocr_alt3, prob=0.8431234359741211)
2025-12-12 07:25:48,279 - INFO - 查找验证码输入框...
2025-12-12 07:25:48,334 - INFO - 验证码填写完成
2025-12-12 07:25:48,334 - INFO - 验证码填写完成，点击登录按钮...
2025-12-12 07:25:48,334 - INFO - 查找并点击登录按钮...
2025-12-12 07:25:48,389 - INFO - 已点击登录按钮
2025-12-12 07:25:55,409 - INFO - 开始填写登录表单...
2025-12-12 07:25:55,469 - INFO - 用户名填写完成
2025-12-12 07:25:55,525 - INFO - 密码填写完成
2025-12-12 07:25:55,526 - INFO - 验证码图片已保存到 /home/runner/work/nju_electric_monitor/nju_electric_monitor/src/../data/captcha_debug.png
2025-12-12 07:25:55,526 - INFO - 验证码识别尝试 19/30
2025-12-12 07:25:55,526 - INFO - 开始识别验证码...（easyocr + pytesseract）
2025-12-12 07:25:55,621 - INFO - easyocr 结果: ['dDhe(0.48)']
2025-12-12 07:25:55,717 - INFO - tesseract 结果: dDhe
2025-12-12 07:25:55,776 - INFO - easyocr alt1 结果: ['dDhe(0.68)']
2025-12-12 07:25:55,878 - INFO - tesseract alt1 结果: dDhe
2025-12-12 07:25:55,941 - INFO - easyocr alt2 结果: ['dDhe(0.74)']
2025-12-12 07:25:56,040 - INFO - tesseract alt2 结果: dDhe
2025-12-12 07:25:56,193 - INFO - easyocr alt3 结果: ['ADhe(0.84)']
2025-12-12 07:25:56,303 - INFO - tesseract alt3 结果: dDhe
2025-12-12 07:25:56,362 - INFO - easyocr alt4 结果: ['ADhe(0.79)']
2025-12-12 07:25:56,458 - INFO - tesseract alt4 结果: dDhe
2025-12-12 07:25:56,517 - INFO - easyocr alt5 结果: ['ADhe(0.77)']
2025-12-12 07:25:56,611 - INFO - tesseract alt5 结果: dDhe
2025-12-12 07:25:56,611 - INFO - 最终验证码识别结果: ADhe (engine=easyocr_alt3, prob=0.8431234359741211)
2025-12-12 07:25:56,611 - INFO - 查找验证码输入框...
2025-12-12 07:25:56,666 - INFO - 验证码填写完成
2025-12-12 07:25:56,666 - INFO - 验证码填写完成，点击登录按钮...
2025-12-12 07:25:56,666 - INFO - 查找并点击登录按钮...
2025-12-12 07:25:56,722 - INFO - 已点击登录按钮
2025-12-12 07:26:03,742 - INFO - 开始填写登录表单...
2025-12-12 07:26:03,803 - INFO - 用户名填写完成
2025-12-12 07:26:03,862 - INFO - 密码填写完成
2025-12-12 07:26:03,863 - INFO - 验证码图片已保存到 /home/runner/work/nju_electric_monitor/nju_electric_monitor/src/../data/captcha_debug.png
2025-12-12 07:26:03,863 - INFO - 验证码识别尝试 20/30
2025-12-12 07:26:03,863 - INFO - 开始识别验证码...（easyocr + pytesseract）
2025-12-12 07:26:03,966 - INFO - easyocr 结果: ['dDhe(0.48)']
2025-12-12 07:26:04,061 - INFO - tesseract 结果: dDhe
2025-12-12 07:26:04,120 - INFO - easyocr alt1 结果: ['dDhe(0.68)']
2025-12-12 07:26:04,215 - INFO - tesseract alt1 结果: dDhe
2025-12-12 07:26:04,274 - INFO - easyocr alt2 结果: ['dDhe(0.74)']
2025-12-12 07:26:04,368 - INFO - tesseract alt2 结果: dDhe
2025-12-12 07:26:04,521 - INFO - easyocr alt3 结果: ['ADhe(0.84)']
2025-12-12 07:26:04,631 - INFO - tesseract alt3 结果: dDhe
2025-12-12 07:26:04,690 - INFO - easyocr alt4 结果: ['ADhe(0.79)']
2025-12-12 07:26:04,791 - INFO - tesseract alt4 结果: dDhe
2025-12-12 07:26:04,849 - INFO - easyocr alt5 结果: ['ADhe(0.77)']
2025-12-12 07:26:04,947 - INFO - tesseract alt5 结果: dDhe
2025-12-12 07:26:04,947 - INFO - 最终验证码识别结果: ADhe (engine=easyocr_alt3, prob=0.8431234359741211)
2025-12-12 07:26:04,947 - INFO - 查找验证码输入框...
2025-12-12 07:26:05,001 - INFO - 验证码填写完成
2025-12-12 07:26:05,002 - INFO - 验证码填写完成，点击登录按钮...
2025-12-12 07:26:05,002 - INFO - 查找并点击登录按钮...
2025-12-12 07:26:05,057 - INFO - 已点击登录按钮
2025-12-12 07:26:12,077 - INFO - 开始填写登录表单...
2025-12-12 07:26:12,136 - INFO - 用户名填写完成
2025-12-12 07:26:12,193 - INFO - 密码填写完成
2025-12-12 07:26:12,193 - INFO - 验证码图片已保存到 /home/runner/work/nju_electric_monitor/nju_electric_monitor/src/../data/captcha_debug.png
2025-12-12 07:26:12,194 - INFO - 验证码识别尝试 21/30
2025-12-12 07:26:12,194 - INFO - 开始识别验证码...（easyocr + pytesseract）
2025-12-12 07:26:12,290 - INFO - easyocr 结果: ['dDhe(0.48)']
2025-12-12 07:26:12,384 - INFO - tesseract 结果: dDhe
2025-12-12 07:26:12,444 - INFO - easyocr alt1 结果: ['dDhe(0.68)']
2025-12-12 07:26:12,539 - INFO - tesseract alt1 结果: dDhe
2025-12-12 07:26:12,597 - INFO - easyocr alt2 结果: ['dDhe(0.74)']
2025-12-12 07:26:12,690 - INFO - tesseract alt2 结果: dDhe
2025-12-12 07:26:12,845 - INFO - easyocr alt3 结果: ['ADhe(0.84)']
2025-12-12 07:26:12,957 - INFO - tesseract alt3 结果: dDhe
2025-12-12 07:26:13,015 - INFO - easyocr alt4 结果: ['ADhe(0.79)']
2025-12-12 07:26:13,111 - INFO - tesseract alt4 结果: dDhe
2025-12-12 07:26:13,170 - INFO - easyocr alt5 结果: ['ADhe(0.77)']
2025-12-12 07:26:13,270 - INFO - tesseract alt5 结果: dDhe
2025-12-12 07:26:13,271 - INFO - 最终验证码识别结果: ADhe (engine=easyocr_alt3, prob=0.8431234359741211)
2025-12-12 07:26:13,271 - INFO - 查找验证码输入框...
2025-12-12 07:26:13,326 - INFO - 验证码填写完成
2025-12-12 07:26:13,326 - INFO - 验证码填写完成，点击登录按钮...
2025-12-12 07:26:13,326 - INFO - 查找并点击登录按钮...
2025-12-12 07:26:16,006 - INFO - 已点击登录按钮
2025-12-12 07:26:23,025 - INFO - 开始填写登录表单...
2025-12-12 07:26:23,087 - INFO - 用户名填写完成
2025-12-12 07:26:23,143 - INFO - 密码填写完成
2025-12-12 07:26:23,144 - INFO - 验证码图片已保存到 /home/runner/work/nju_electric_monitor/nju_electric_monitor/src/../data/captcha_debug.png
2025-12-12 07:26:23,144 - INFO - 验证码识别尝试 22/30
2025-12-12 07:26:23,144 - INFO - 开始识别验证码...（easyocr + pytesseract）
2025-12-12 07:26:23,240 - INFO - easyocr 结果: ['dDhe(0.48)']
2025-12-12 07:26:23,337 - INFO - tesseract 结果: dDhe
2025-12-12 07:26:23,411 - INFO - easyocr alt1 结果: ['dDhe(0.68)']
2025-12-12 07:26:23,509 - INFO - tesseract alt1 结果: dDhe
2025-12-12 07:26:23,567 - INFO - easyocr alt2 结果: ['dDhe(0.74)']
2025-12-12 07:26:23,661 - INFO - tesseract alt2 结果: dDhe
2025-12-12 07:26:23,814 - INFO - easyocr alt3 结果: ['ADhe(0.84)']
2025-12-12 07:26:23,923 - INFO - tesseract alt3 结果: dDhe
2025-12-12 07:26:23,981 - INFO - easyocr alt4 结果: ['ADhe(0.79)']
2025-12-12 07:26:24,077 - INFO - tesseract alt4 结果: dDhe
2025-12-12 07:26:24,136 - INFO - easyocr alt5 结果: ['ADhe(0.77)']
2025-12-12 07:26:24,231 - INFO - tesseract alt5 结果: dDhe
2025-12-12 07:26:24,231 - INFO - 最终验证码识别结果: ADhe (engine=easyocr_alt3, prob=0.8431234359741211)
2025-12-12 07:26:24,231 - INFO - 查找验证码输入框...
2025-12-12 07:26:24,286 - INFO - 验证码填写完成
2025-12-12 07:26:24,287 - INFO - 验证码填写完成，点击登录按钮...
2025-12-12 07:26:24,287 - INFO - 查找并点击登录按钮...
2025-12-12 07:26:24,343 - INFO - 已点击登录按钮
2025-12-12 07:26:31,364 - INFO - 开始填写登录表单...
2025-12-12 07:26:31,422 - INFO - 用户名填写完成
2025-12-12 07:26:31,479 - INFO - 密码填写完成
2025-12-12 07:26:31,480 - INFO - 验证码图片已保存到 /home/runner/work/nju_electric_monitor/nju_electric_monitor/src/../data/captcha_debug.png
2025-12-12 07:26:31,480 - INFO - 验证码识别尝试 23/30
2025-12-12 07:26:31,480 - INFO - 开始识别验证码...（easyocr + pytesseract）
2025-12-12 07:26:31,594 - INFO - easyocr 结果: ['dDhe(0.48)']
2025-12-12 07:26:31,690 - INFO - tesseract 结果: dDhe
2025-12-12 07:26:31,750 - INFO - easyocr alt1 结果: ['dDhe(0.68)']
2025-12-12 07:26:31,850 - INFO - tesseract alt1 结果: dDhe
2025-12-12 07:26:31,909 - INFO - easyocr alt2 结果: ['dDhe(0.74)']
2025-12-12 07:26:32,003 - INFO - tesseract alt2 结果: dDhe
2025-12-12 07:26:32,156 - INFO - easyocr alt3 结果: ['ADhe(0.84)']
2025-12-12 07:26:32,263 - INFO - tesseract alt3 结果: dDhe
2025-12-12 07:26:32,321 - INFO - easyocr alt4 结果: ['ADhe(0.79)']
2025-12-12 07:26:32,416 - INFO - tesseract alt4 结果: dDhe
2025-12-12 07:26:32,474 - INFO - easyocr alt5 结果: ['ADhe(0.77)']
2025-12-12 07:26:32,571 - INFO - tesseract alt5 结果: dDhe
2025-12-12 07:26:32,572 - INFO - 最终验证码识别结果: ADhe (engine=easyocr_alt3, prob=0.8431234359741211)
2025-12-12 07:26:32,572 - INFO - 查找验证码输入框...
2025-12-12 07:26:32,626 - INFO - 验证码填写完成
2025-12-12 07:26:32,626 - INFO - 验证码填写完成，点击登录按钮...
2025-12-12 07:26:32,626 - INFO - 查找并点击登录按钮...
2025-12-12 07:26:35,769 - INFO - 已点击登录按钮
2025-12-12 07:26:42,789 - INFO - 开始填写登录表单...
2025-12-12 07:26:42,849 - INFO - 用户名填写完成
2025-12-12 07:26:42,907 - INFO - 密码填写完成
2025-12-12 07:26:42,908 - INFO - 验证码图片已保存到 /home/runner/work/nju_electric_monitor/nju_electric_monitor/src/../data/captcha_debug.png
2025-12-12 07:26:42,908 - INFO - 验证码识别尝试 24/30
2025-12-12 07:26:42,908 - INFO - 开始识别验证码...（easyocr + pytesseract）
2025-12-12 07:26:43,005 - INFO - easyocr 结果: ['dDhe(0.48)']
2025-12-12 07:26:43,103 - INFO - tesseract 结果: dDhe
2025-12-12 07:26:43,163 - INFO - easyocr alt1 结果: ['dDhe(0.68)']
2025-12-12 07:26:43,262 - INFO - tesseract alt1 结果: dDhe
2025-12-12 07:26:43,321 - INFO - easyocr alt2 结果: ['dDhe(0.74)']
2025-12-12 07:26:43,419 - INFO - tesseract alt2 结果: dDhe
2025-12-12 07:26:43,572 - INFO - easyocr alt3 结果: ['ADhe(0.84)']
2025-12-12 07:26:43,679 - INFO - tesseract alt3 结果: dDhe
2025-12-12 07:26:43,738 - INFO - easyocr alt4 结果: ['ADhe(0.79)']
2025-12-12 07:26:43,833 - INFO - tesseract alt4 结果: dDhe
2025-12-12 07:26:43,892 - INFO - easyocr alt5 结果: ['ADhe(0.77)']
2025-12-12 07:26:43,990 - INFO - tesseract alt5 结果: dDhe
2025-12-12 07:26:43,990 - INFO - 最终验证码识别结果: ADhe (engine=easyocr_alt3, prob=0.8431234359741211)
2025-12-12 07:26:43,990 - INFO - 查找验证码输入框...
2025-12-12 07:26:44,046 - INFO - 验证码填写完成
2025-12-12 07:26:44,046 - INFO - 验证码填写完成，点击登录按钮...
2025-12-12 07:26:44,046 - INFO - 查找并点击登录按钮...
2025-12-12 07:26:44,102 - INFO - 已点击登录按钮
2025-12-12 07:26:51,121 - INFO - 开始填写登录表单...
2025-12-12 07:26:51,181 - INFO - 用户名填写完成
2025-12-12 07:26:51,239 - INFO - 密码填写完成
2025-12-12 07:26:51,240 - INFO - 验证码图片已保存到 /home/runner/work/nju_electric_monitor/nju_electric_monitor/src/../data/captcha_debug.png
2025-12-12 07:26:51,240 - INFO - 验证码识别尝试 25/30
2025-12-12 07:26:51,240 - INFO - 开始识别验证码...（easyocr + pytesseract）
2025-12-12 07:26:51,335 - INFO - easyocr 结果: ['dDhe(0.48)']
2025-12-12 07:26:51,430 - INFO - tesseract 结果: dDhe
2025-12-12 07:26:51,489 - INFO - easyocr alt1 结果: ['dDhe(0.68)']
2025-12-12 07:26:51,585 - INFO - tesseract alt1 结果: dDhe
2025-12-12 07:26:51,643 - INFO - easyocr alt2 结果: ['dDhe(0.74)']
2025-12-12 07:26:51,737 - INFO - tesseract alt2 结果: dDhe
2025-12-12 07:26:51,891 - INFO - easyocr alt3 结果: ['ADhe(0.84)']
2025-12-12 07:26:51,998 - INFO - tesseract alt3 结果: dDhe
2025-12-12 07:26:52,056 - INFO - easyocr alt4 结果: ['ADhe(0.79)']
2025-12-12 07:26:52,156 - INFO - tesseract alt4 结果: dDhe
2025-12-12 07:26:52,214 - INFO - easyocr alt5 结果: ['ADhe(0.77)']
2025-12-12 07:26:52,309 - INFO - tesseract alt5 结果: dDhe
2025-12-12 07:26:52,309 - INFO - 最终验证码识别结果: ADhe (engine=easyocr_alt3, prob=0.8431234359741211)
2025-12-12 07:26:52,309 - INFO - 查找验证码输入框...
2025-12-12 07:26:52,365 - INFO - 验证码填写完成
2025-12-12 07:26:52,365 - INFO - 验证码填写完成，点击登录按钮...
2025-12-12 07:26:52,365 - INFO - 查找并点击登录按钮...
2025-12-12 07:26:52,420 - INFO - 已点击登录按钮
2025-12-12 07:26:59,439 - INFO - 开始填写登录表单...
2025-12-12 07:26:59,499 - INFO - 用户名填写完成
2025-12-12 07:26:59,556 - INFO - 密码填写完成
2025-12-12 07:26:59,556 - INFO - 验证码图片已保存到 /home/runner/work/nju_electric_monitor/nju_electric_monitor/src/../data/captcha_debug.png
2025-12-12 07:26:59,556 - INFO - 验证码识别尝试 26/30
2025-12-12 07:26:59,556 - INFO - 开始识别验证码...（easyocr + pytesseract）
2025-12-12 07:26:59,659 - INFO - easyocr 结果: ['dDhe(0.48)']
2025-12-12 07:26:59,758 - INFO - tesseract 结果: dDhe
2025-12-12 07:26:59,816 - INFO - easyocr alt1 结果: ['dDhe(0.68)']
2025-12-12 07:26:59,915 - INFO - tesseract alt1 结果: dDhe
2025-12-12 07:26:59,974 - INFO - easyocr alt2 结果: ['dDhe(0.74)']
2025-12-12 07:27:00,070 - INFO - tesseract alt2 结果: dDhe
2025-12-12 07:27:00,222 - INFO - easyocr alt3 结果: ['ADhe(0.84)']
2025-12-12 07:27:00,329 - INFO - tesseract alt3 结果: dDhe
2025-12-12 07:27:00,386 - INFO - easyocr alt4 结果: ['ADhe(0.79)']
2025-12-12 07:27:00,482 - INFO - tesseract alt4 结果: dDhe
2025-12-12 07:27:00,539 - INFO - easyocr alt5 结果: ['ADhe(0.77)']
2025-12-12 07:27:00,633 - INFO - tesseract alt5 结果: dDhe
2025-12-12 07:27:00,634 - INFO - 最终验证码识别结果: ADhe (engine=easyocr_alt3, prob=0.8431234359741211)
2025-12-12 07:27:00,634 - INFO - 查找验证码输入框...
2025-12-12 07:27:00,690 - INFO - 验证码填写完成
2025-12-12 07:27:00,690 - INFO - 验证码填写完成，点击登录按钮...
2025-12-12 07:27:00,690 - INFO - 查找并点击登录按钮...
2025-12-12 07:27:01,096 - INFO - 已点击登录按钮
2025-12-12 07:27:08,116 - INFO - 开始填写登录表单...
2025-12-12 07:27:08,176 - INFO - 用户名填写完成
2025-12-12 07:27:08,234 - INFO - 密码填写完成
2025-12-12 07:27:08,235 - INFO - 验证码图片已保存到 /home/runner/work/nju_electric_monitor/nju_electric_monitor/src/../data/captcha_debug.png
2025-12-12 07:27:08,235 - INFO - 验证码识别尝试 27/30
2025-12-12 07:27:08,235 - INFO - 开始识别验证码...（easyocr + pytesseract）
2025-12-12 07:27:08,353 - INFO - easyocr 结果: ['dDhe(0.48)']
2025-12-12 07:27:08,450 - INFO - tesseract 结果: dDhe
2025-12-12 07:27:08,509 - INFO - easyocr alt1 结果: ['dDhe(0.68)']
2025-12-12 07:27:08,605 - INFO - tesseract alt1 结果: dDhe
2025-12-12 07:27:08,673 - INFO - easyocr alt2 结果: ['dDhe(0.74)']
2025-12-12 07:27:08,771 - INFO - tesseract alt2 结果: dDhe
2025-12-12 07:27:08,924 - INFO - easyocr alt3 结果: ['ADhe(0.84)']
2025-12-12 07:27:09,032 - INFO - tesseract alt3 结果: dDhe
2025-12-12 07:27:09,090 - INFO - easyocr alt4 结果: ['ADhe(0.79)']
2025-12-12 07:27:09,186 - INFO - tesseract alt4 结果: dDhe
2025-12-12 07:27:09,244 - INFO - easyocr alt5 结果: ['ADhe(0.77)']
2025-12-12 07:27:09,344 - INFO - tesseract alt5 结果: dDhe
2025-12-12 07:27:09,344 - INFO - 最终验证码识别结果: ADhe (engine=easyocr_alt3, prob=0.8431234359741211)
2025-12-12 07:27:09,344 - INFO - 查找验证码输入框...
2025-12-12 07:27:09,399 - INFO - 验证码填写完成
2025-12-12 07:27:09,399 - INFO - 验证码填写完成，点击登录按钮...
2025-12-12 07:27:09,399 - INFO - 查找并点击登录按钮...
2025-12-12 07:27:09,457 - INFO - 已点击登录按钮
2025-12-12 07:27:16,477 - INFO - 开始填写登录表单...
2025-12-12 07:27:16,539 - INFO - 用户名填写完成
2025-12-12 07:27:16,597 - INFO - 密码填写完成
2025-12-12 07:27:16,597 - INFO - 验证码图片已保存到 /home/runner/work/nju_electric_monitor/nju_electric_monitor/src/../data/captcha_debug.png
2025-12-12 07:27:16,597 - INFO - 验证码识别尝试 28/30
2025-12-12 07:27:16,597 - INFO - 开始识别验证码...（easyocr + pytesseract）
2025-12-12 07:27:16,693 - INFO - easyocr 结果: ['dDhe(0.48)']
2025-12-12 07:27:16,789 - INFO - tesseract 结果: dDhe
2025-12-12 07:27:16,849 - INFO - easyocr alt1 结果: ['dDhe(0.68)']
2025-12-12 07:27:16,945 - INFO - tesseract alt1 结果: dDhe
2025-12-12 07:27:17,002 - INFO - easyocr alt2 结果: ['dDhe(0.74)']
2025-12-12 07:27:17,096 - INFO - tesseract alt2 结果: dDhe
2025-12-12 07:27:17,250 - INFO - easyocr alt3 结果: ['ADhe(0.84)']
2025-12-12 07:27:17,360 - INFO - tesseract alt3 结果: dDhe
2025-12-12 07:27:17,418 - INFO - easyocr alt4 结果: ['ADhe(0.79)']
2025-12-12 07:27:17,516 - INFO - tesseract alt4 结果: dDhe
2025-12-12 07:27:17,584 - INFO - easyocr alt5 结果: ['ADhe(0.77)']
2025-12-12 07:27:17,681 - INFO - tesseract alt5 结果: dDhe
2025-12-12 07:27:17,681 - INFO - 最终验证码识别结果: ADhe (engine=easyocr_alt3, prob=0.8431234359741211)
2025-12-12 07:27:17,681 - INFO - 查找验证码输入框...
2025-12-12 07:27:17,737 - INFO - 验证码填写完成
2025-12-12 07:27:17,738 - INFO - 验证码填写完成，点击登录按钮...
2025-12-12 07:27:17,738 - INFO - 查找并点击登录按钮...
2025-12-12 07:27:18,132 - INFO - 已点击登录按钮
2025-12-12 07:27:25,152 - INFO - 开始填写登录表单...
2025-12-12 07:27:25,212 - INFO - 用户名填写完成
2025-12-12 07:27:25,269 - INFO - 密码填写完成
2025-12-12 07:27:25,269 - INFO - 验证码图片已保存到 /home/runner/work/nju_electric_monitor/nju_electric_monitor/src/../data/captcha_debug.png
2025-12-12 07:27:25,269 - INFO - 验证码识别尝试 29/30
2025-12-12 07:27:25,270 - INFO - 开始识别验证码...（easyocr + pytesseract）
2025-12-12 07:27:25,365 - INFO - easyocr 结果: ['dDhe(0.48)']
2025-12-12 07:27:25,463 - INFO - tesseract 结果: dDhe
2025-12-12 07:27:25,522 - INFO - easyocr alt1 结果: ['dDhe(0.68)']
2025-12-12 07:27:25,616 - INFO - tesseract alt1 结果: dDhe
2025-12-12 07:27:25,674 - INFO - easyocr alt2 结果: ['dDhe(0.74)']
2025-12-12 07:27:25,771 - INFO - tesseract alt2 结果: dDhe
2025-12-12 07:27:25,923 - INFO - easyocr alt3 结果: ['ADhe(0.84)']
2025-12-12 07:27:26,032 - INFO - tesseract alt3 结果: dDhe
2025-12-12 07:27:26,090 - INFO - easyocr alt4 结果: ['ADhe(0.79)']
2025-12-12 07:27:26,187 - INFO - tesseract alt4 结果: dDhe
2025-12-12 07:27:26,244 - INFO - easyocr alt5 结果: ['ADhe(0.77)']
2025-12-12 07:27:26,341 - INFO - tesseract alt5 结果: dDhe
2025-12-12 07:27:26,341 - INFO - 最终验证码识别结果: ADhe (engine=easyocr_alt3, prob=0.8431234359741211)
2025-12-12 07:27:26,341 - INFO - 查找验证码输入框...
2025-12-12 07:27:26,397 - INFO - 验证码填写完成
2025-12-12 07:27:26,397 - INFO - 验证码填写完成，点击登录按钮...
2025-12-12 07:27:26,397 - INFO - 查找并点击登录按钮...
2025-12-12 07:27:26,453 - INFO - 已点击登录按钮
2025-12-12 07:27:33,473 - INFO - 开始填写登录表单...
2025-12-12 07:27:33,533 - INFO - 用户名填写完成
2025-12-12 07:27:33,592 - INFO - 密码填写完成
2025-12-12 07:27:33,593 - INFO - 验证码图片已保存到 /home/runner/work/nju_electric_monitor/nju_electric_monitor/src/../data/captcha_debug.png
2025-12-12 07:27:33,593 - INFO - 验证码识别尝试 30/30
2025-12-12 07:27:33,593 - INFO - 开始识别验证码...（easyocr + pytesseract）
2025-12-12 07:27:33,700 - INFO - easyocr 结果: ['dDhe(0.48)']
2025-12-12 07:27:33,797 - INFO - tesseract 结果: dDhe
2025-12-12 07:27:33,856 - INFO - easyocr alt1 结果: ['dDhe(0.68)']
2025-12-12 07:27:33,952 - INFO - tesseract alt1 结果: dDhe
2025-12-12 07:27:34,010 - INFO - easyocr alt2 结果: ['dDhe(0.74)']
2025-12-12 07:27:34,104 - INFO - tesseract alt2 结果: dDhe
2025-12-12 07:27:34,257 - INFO - easyocr alt3 结果: ['ADhe(0.84)']
2025-12-12 07:27:34,365 - INFO - tesseract alt3 结果: dDhe
2025-12-12 07:27:34,423 - INFO - easyocr alt4 结果: ['ADhe(0.79)']
2025-12-12 07:27:34,522 - INFO - tesseract alt4 结果: dDhe
2025-12-12 07:27:34,581 - INFO - easyocr alt5 结果: ['ADhe(0.77)']
2025-12-12 07:27:34,676 - INFO - tesseract alt5 结果: dDhe
2025-12-12 07:27:34,676 - INFO - 最终验证码识别结果: ADhe (engine=easyocr_alt3, prob=0.8431234359741211)
2025-12-12 07:27:34,676 - INFO - 查找验证码输入框...
2025-12-12 07:27:34,731 - INFO - 验证码填写完成
2025-12-12 07:27:34,732 - INFO - 验证码填写完成，点击登录按钮...
2025-12-12 07:27:34,732 - INFO - 查找并点击登录按钮...
2025-12-12 07:27:34,787 - INFO - 已点击登录按钮
2025-12-12 07:27:41,807 - WARNING - 自动验证码识别失败，请手动输入
请手动输入验证码: 2025-12-12 07:27:41,807 - ERROR - 处理验证码时出错: EOF when reading a line
2025-12-12 07:27:41,807 - WARNING - 验证码处理失败，但继续尝试登录
2025-12-12 07:27:41,807 - INFO - 查找并点击登录按钮...
2025-12-12 07:27:41,862 - INFO - 已点击登录按钮
2025-12-12 07:27:46,863 - INFO - 等待登录成功...
2025-12-12 07:27:51,868 - INFO - 登录可能成功，继续下一步...
2025-12-12 07:27:51,868 - INFO - 查找'去充值'按钮...
2025-12-12 07:27:51,930 - INFO - 已点击充值按钮
2025-12-12 07:27:54,930 - INFO - 开始提取剩余电量信息...
2025-12-12 07:27:54,935 - INFO - 页面源码已保存到 /home/runner/work/nju_electric_monitor/nju_electric_monitor/src/../data/debug_page_source.html
2025-12-12 07:27:54,944 - WARNING - 未找到电量信息元素，尝试其他方法...
2025-12-12 07:27:54,952 - WARNING - 未找到i标签中的电量信息，尝试其他方法...
2025-12-12 07:27:54,955 - INFO - 在页面源码中查找电量信息...
2025-12-12 07:27:54,966 - WARNING - 未能提取到剩余电量信息
2025-12-12 07:27:54,967 - WARNING - 没有电量数据可保存
2025-12-12 07:27:54,967 - INFO - 监控流程完成
Wrapper end: 2025-12-12T15:27:55.077772+08:00
