Wrapper start: 2025-12-27T10:48:35.377383+08:00

=== ENVIRONMENT SUMMARY ===
Environment variable keys (count=118):
- ACCEPT_EULA
- ACTIONS_RUNNER_ACTION_ARCHIVE_CACHE
- AGENT_TOOLSDIRECTORY
- ANDROID_HOME
- ANDROID_NDK
- ANDROID_NDK_HOME
- ANDROID_NDK_LATEST_HOME
- ANDROID_NDK_ROOT
- ANDROID_SDK_ROOT
- ANT_HOME
NJU_USERNAME set: yes
NJU_PASSWORD set: yes

=== DISK USAGE (df -h) ===
Filesystem      Size  Used Avail Use% Mounted on
/dev/root        72G   64G  8.2G  89% /
tmpfs           7.9G   84K  7.9G   1% /dev/shm
tmpfs           3.2G  3.3M  3.2G   1% /run
tmpfs           5.0M     0  5.0M   0% /run/lock
/dev/sda16      881M   62M  758M   8% /boot
/dev/sda15      105M  6.2M   99M   6% /boot/efi
/dev/sdb1        74G  4.1G   66G   6% /mnt
tmpfs           1.6G   12K  1.6G   1% /run/user/1001


=== KEY DIR SIZES ===
7.3M	/home/runner/work/nju_electric_monitor/nju_electric_monitor/src/../logs

288K	/home/runner/work/nju_electric_monitor/nju_electric_monitor/src/../data

101M	/home/runner/work/nju_electric_monitor/nju_electric_monitor/src/../models


=== CONFIG_WORKFLOW SUMMARY ===
{
  "username": "",
  "password": "",
  "auto_login": true,
  "headless_mode": true,
  "captcha_retry_count": 30,
  "captcha_confidence_threshold": 0.3,
  "save_captcha_images": true,
  "log_level": "INFO"
}

=== FONT DIAGNOSTICS ===
Found system fonts (ttf) count: 59
- /usr/share/fonts/truetype/dejavu/DejaVuSans-BoldOblique.ttf
- /usr/share/fonts/truetype/dejavu/DejaVuSerifCondensed-Italic.ttf
- /usr/share/fonts/truetype/liberation/LiberationSans-Regular.ttf
- /usr/share/fonts/truetype/lato/Lato-MediumItalic.ttf
- /usr/share/fonts/truetype/dejavu/DejaVuSansMono-BoldOblique.ttf
- /usr/share/fonts/truetype/dejavu/DejaVuSerifCondensed-Bold.ttf
- /usr/share/fonts/truetype/dejavu/DejaVuSansMono-Bold.ttf
- /usr/share/fonts/opentype/noto/NotoSerifCJK-Regular.ttc
- /usr/share/fonts/truetype/wqy/wqy-microhei.ttc
- /usr/share/fonts/truetype/dejavu/DejaVuSans.ttf
- /usr/share/fonts/truetype/lato/Lato-SemiboldItalic.ttf
- /usr/share/fonts/truetype/dejavu/DejaVuSerifCondensed-BoldItalic.ttf
- /usr/share/fonts/truetype/dejavu/DejaVuSans-Oblique.ttf
- /usr/share/fonts/truetype/lato/Lato-LightItalic.ttf
- /usr/share/fonts/truetype/liberation/LiberationSerif-Regular.ttf
- /usr/share/fonts/truetype/dejavu/DejaVuSerif-Bold.ttf
- /usr/share/fonts/truetype/lato/Lato-Light.ttf
- /usr/share/fonts/truetype/lato/Lato-Thin.ttf
- /usr/share/fonts/truetype/liberation/LiberationMono-Regular.ttf
- /usr/share/fonts/truetype/dejavu/DejaVuSansMono.ttf
- /usr/share/fonts/truetype/dejavu/DejaVuSansCondensed-Oblique.ttf
- /usr/share/fonts/truetype/dejavu/DejaVuSerifCondensed.ttf
- /usr/share/fonts/truetype/liberation/LiberationSans-Bold.ttf
- /usr/share/fonts/truetype/lato/Lato-Regular.ttf
- /usr/share/fonts/truetype/dejavu/DejaVuSerif-BoldItalic.ttf
- /usr/share/fonts/truetype/liberation/LiberationSans-Italic.ttf
- /usr/share/fonts/truetype/dejavu/DejaVuSerif.ttf
- /usr/share/fonts/truetype/lato/Lato-Bold.ttf
- /usr/share/fonts/truetype/lato/Lato-HeavyItalic.ttf
- /usr/share/fonts/truetype/wqy/wqy-zenhei.ttc
- /usr/share/fonts/truetype/lato/Lato-BoldItalic.ttf
- /usr/share/fonts/truetype/lato/Lato-ThinItalic.ttf
- /usr/share/fonts/truetype/lato/Lato-Heavy.ttf
- /usr/share/fonts/truetype/lato/Lato-BlackItalic.ttf
- /usr/share/fonts/truetype/lato/Lato-HairlineItalic.ttf
- /usr/share/fonts/truetype/lato/Lato-Black.ttf
- /usr/share/fonts/truetype/liberation/LiberationSerif-Bold.ttf
- /usr/share/fonts/truetype/liberation/LiberationMono-Italic.ttf
- /usr/share/fonts/truetype/lato/Lato-Medium.ttf
- /usr/share/fonts/opentype/noto/NotoSansCJK-Regular.ttc
- /usr/share/fonts/opentype/noto/NotoSerifCJK-Bold.ttc
- /usr/share/fonts/truetype/lato/Lato-Hairline.ttf
- /usr/share/fonts/truetype/liberation/LiberationSerif-BoldItalic.ttf
- /usr/share/fonts/truetype/dejavu/DejaVuSans-Bold.ttf
- /usr/share/fonts/truetype/dejavu/DejaVuSansCondensed-Bold.ttf
- /usr/share/fonts/truetype/noto/NotoColorEmoji.ttf
- /usr/share/fonts/truetype/dejavu/DejaVuSerif-Italic.ttf
- /usr/share/fonts/truetype/dejavu/DejaVuSansCondensed.ttf
- /usr/share/fonts/truetype/liberation/LiberationMono-BoldItalic.ttf
- /usr/share/fonts/truetype/dejavu/DejaVuSansMono-Oblique.ttf

FontManager samples (name -> path):
cmsy10 -> /opt/hostedtoolcache/Python/3.14.2/x64/lib/python3.14/site-packages/matplotlib/mpl-data/fonts/ttf/cmsy10.ttf
STIXNonUnicode -> /opt/hostedtoolcache/Python/3.14.2/x64/lib/python3.14/site-packages/matplotlib/mpl-data/fonts/ttf/STIXNonUniBolIta.ttf
STIXGeneral -> /opt/hostedtoolcache/Python/3.14.2/x64/lib/python3.14/site-packages/matplotlib/mpl-data/fonts/ttf/STIXGeneral.ttf
cmtt10 -> /opt/hostedtoolcache/Python/3.14.2/x64/lib/python3.14/site-packages/matplotlib/mpl-data/fonts/ttf/cmtt10.ttf
STIXSizeThreeSym -> /opt/hostedtoolcache/Python/3.14.2/x64/lib/python3.14/site-packages/matplotlib/mpl-data/fonts/ttf/STIXSizThreeSymBol.ttf
cmex10 -> /opt/hostedtoolcache/Python/3.14.2/x64/lib/python3.14/site-packages/matplotlib/mpl-data/fonts/ttf/cmex10.ttf
STIXSizeOneSym -> /opt/hostedtoolcache/Python/3.14.2/x64/lib/python3.14/site-packages/matplotlib/mpl-data/fonts/ttf/STIXSizOneSymBol.ttf
STIXNonUnicode -> /opt/hostedtoolcache/Python/3.14.2/x64/lib/python3.14/site-packages/matplotlib/mpl-data/fonts/ttf/STIXNonUniBol.ttf
STIXSizeFourSym -> /opt/hostedtoolcache/Python/3.14.2/x64/lib/python3.14/site-packages/matplotlib/mpl-data/fonts/ttf/STIXSizFourSymBol.ttf
DejaVu Serif -> /opt/hostedtoolcache/Python/3.14.2/x64/lib/python3.14/site-packages/matplotlib/mpl-data/fonts/ttf/DejaVuSerif-BoldItalic.ttf
DejaVu Sans -> /opt/hostedtoolcache/Python/3.14.2/x64/lib/python3.14/site-packages/matplotlib/mpl-data/fonts/ttf/DejaVuSans-Oblique.ttf
cmmi10 -> /opt/hostedtoolcache/Python/3.14.2/x64/lib/python3.14/site-packages/matplotlib/mpl-data/fonts/ttf/cmmi10.ttf
DejaVu Sans Mono -> /opt/hostedtoolcache/Python/3.14.2/x64/lib/python3.14/site-packages/matplotlib/mpl-data/fonts/ttf/DejaVuSansMono-BoldOblique.ttf
STIXSizeFiveSym -> /opt/hostedtoolcache/Python/3.14.2/x64/lib/python3.14/site-packages/matplotlib/mpl-data/fonts/ttf/STIXSizFiveSymReg.ttf
DejaVu Sans Mono -> /opt/hostedtoolcache/Python/3.14.2/x64/lib/python3.14/site-packages/matplotlib/mpl-data/fonts/ttf/DejaVuSansMono-Bold.ttf
STIXSizeTwoSym -> /opt/hostedtoolcache/Python/3.14.2/x64/lib/python3.14/site-packages/matplotlib/mpl-data/fonts/ttf/STIXSizTwoSymReg.ttf
DejaVu Sans Mono -> /opt/hostedtoolcache/Python/3.14.2/x64/lib/python3.14/site-packages/matplotlib/mpl-data/fonts/ttf/DejaVuSansMono.ttf
STIXNonUnicode -> /opt/hostedtoolcache/Python/3.14.2/x64/lib/python3.14/site-packages/matplotlib/mpl-data/fonts/ttf/STIXNonUniIta.ttf
DejaVu Sans -> /opt/hostedtoolcache/Python/3.14.2/x64/lib/python3.14/site-packages/matplotlib/mpl-data/fonts/ttf/DejaVuSans-Bold.ttf
DejaVu Serif Display -> /opt/hostedtoolcache/Python/3.14.2/x64/lib/python3.14/site-packages/matplotlib/mpl-data/fonts/ttf/DejaVuSerifDisplay.ttf
STIXGeneral -> /opt/hostedtoolcache/Python/3.14.2/x64/lib/python3.14/site-packages/matplotlib/mpl-data/fonts/ttf/STIXGeneralItalic.ttf
cmr10 -> /opt/hostedtoolcache/Python/3.14.2/x64/lib/python3.14/site-packages/matplotlib/mpl-data/fonts/ttf/cmr10.ttf
DejaVu Sans -> /opt/hostedtoolcache/Python/3.14.2/x64/lib/python3.14/site-packages/matplotlib/mpl-data/fonts/ttf/DejaVuSans-BoldOblique.ttf
STIXSizeTwoSym -> /opt/hostedtoolcache/Python/3.14.2/x64/lib/python3.14/site-packages/matplotlib/mpl-data/fonts/ttf/STIXSizTwoSymBol.ttf
cmss10 -> /opt/hostedtoolcache/Python/3.14.2/x64/lib/python3.14/site-packages/matplotlib/mpl-data/fonts/ttf/cmss10.ttf
STIXSizeThreeSym -> /opt/hostedtoolcache/Python/3.14.2/x64/lib/python3.14/site-packages/matplotlib/mpl-data/fonts/ttf/STIXSizThreeSymReg.ttf
DejaVu Serif -> /opt/hostedtoolcache/Python/3.14.2/x64/lib/python3.14/site-packages/matplotlib/mpl-data/fonts/ttf/DejaVuSerif-Bold.ttf
DejaVu Sans Display -> /opt/hostedtoolcache/Python/3.14.2/x64/lib/python3.14/site-packages/matplotlib/mpl-data/fonts/ttf/DejaVuSansDisplay.ttf
cmb10 -> /opt/hostedtoolcache/Python/3.14.2/x64/lib/python3.14/site-packages/matplotlib/mpl-data/fonts/ttf/cmb10.ttf
STIXGeneral -> /opt/hostedtoolcache/Python/3.14.2/x64/lib/python3.14/site-packages/matplotlib/mpl-data/fonts/ttf/STIXGeneralBolIta.ttf
DejaVu Serif -> /opt/hostedtoolcache/Python/3.14.2/x64/lib/python3.14/site-packages/matplotlib/mpl-data/fonts/ttf/DejaVuSerif-Italic.ttf
DejaVu Serif -> /opt/hostedtoolcache/Python/3.14.2/x64/lib/python3.14/site-packages/matplotlib/mpl-data/fonts/ttf/DejaVuSerif.ttf
DejaVu Sans Mono -> /opt/hostedtoolcache/Python/3.14.2/x64/lib/python3.14/site-packages/matplotlib/mpl-data/fonts/ttf/DejaVuSansMono-Oblique.ttf
STIXSizeFourSym -> /opt/hostedtoolcache/Python/3.14.2/x64/lib/python3.14/site-packages/matplotlib/mpl-data/fonts/ttf/STIXSizFourSymReg.ttf
STIXNonUnicode -> /opt/hostedtoolcache/Python/3.14.2/x64/lib/python3.14/site-packages/matplotlib/mpl-data/fonts/ttf/STIXNonUni.ttf
STIXSizeOneSym -> /opt/hostedtoolcache/Python/3.14.2/x64/lib/python3.14/site-packages/matplotlib/mpl-data/fonts/ttf/STIXSizOneSymReg.ttf
STIXGeneral -> /opt/hostedtoolcache/Python/3.14.2/x64/lib/python3.14/site-packages/matplotlib/mpl-data/fonts/ttf/STIXGeneralBol.ttf
DejaVu Sans -> /opt/hostedtoolcache/Python/3.14.2/x64/lib/python3.14/site-packages/matplotlib/mpl-data/fonts/ttf/DejaVuSans.ttf
DejaVu Sans -> /usr/share/fonts/truetype/dejavu/DejaVuSans-BoldOblique.ttf
DejaVu Serif -> /usr/share/fonts/truetype/dejavu/DejaVuSerifCondensed-Italic.ttf
Liberation Sans -> /usr/share/fonts/truetype/liberation/LiberationSans-Regular.ttf
Lato -> /usr/share/fonts/truetype/lato/Lato-MediumItalic.ttf
DejaVu Sans Mono -> /usr/share/fonts/truetype/dejavu/DejaVuSansMono-BoldOblique.ttf
DejaVu Serif -> /usr/share/fonts/truetype/dejavu/DejaVuSerifCondensed-Bold.ttf
DejaVu Sans Mono -> /usr/share/fonts/truetype/dejavu/DejaVuSansMono-Bold.ttf
Noto Serif CJK JP -> /usr/share/fonts/opentype/noto/NotoSerifCJK-Regular.ttc
WenQuanYi Micro Hei -> /usr/share/fonts/truetype/wqy/wqy-microhei.ttc
DejaVu Sans -> /usr/share/fonts/truetype/dejavu/DejaVuSans.ttf
Lato -> /usr/share/fonts/truetype/lato/Lato-SemiboldItalic.ttf
DejaVu Serif -> /usr/share/fonts/truetype/dejavu/DejaVuSerifCondensed-BoldItalic.ttf

Preferred font find results:
findfont('Microsoft YaHei') failed: Failed to find font Microsoft YaHei:style=normal:variant=normal:weight=normal:stretch=normal:size=10.0, and fallback to the default font was disabled
findfont('Segoe UI') failed: Failed to find font Segoe UI:style=normal:variant=normal:weight=normal:stretch=normal:size=10.0, and fallback to the default font was disabled
findfont('Arial Unicode MS') failed: Failed to find font Arial Unicode MS:style=normal:variant=normal:weight=normal:stretch=normal:size=10.0, and fallback to the default font was disabled
findfont('Noto Sans CJK SC') failed: Failed to find font Noto Sans CJK SC:style=normal:variant=normal:weight=normal:stretch=normal:size=10.0, and fallback to the default font was disabled
findfont('WenQuanYi Micro Hei') -> /usr/share/fonts/truetype/wqy/wqy-microhei.ttc
findfont('WenQuanYi Zen Hei') -> /usr/share/fonts/truetype/wqy/wqy-zenhei.ttc
findfont('DejaVu Sans') -> /opt/hostedtoolcache/Python/3.14.2/x64/lib/python3.14/site-packages/matplotlib/mpl-data/fonts/ttf/DejaVuSans.ttf

fc-list output sample (truncated to 10000 chars):
Liberation Mono - /usr/share/fonts/truetype/liberation/LiberationMono-Bold.ttf
Liberation Serif - /usr/share/fonts/truetype/liberation/LiberationSerif-BoldItalic.ttf
Lato,Lato Hairline - /usr/share/fonts/truetype/lato/Lato-Hairline.ttf
Lato,Lato Heavy - /usr/share/fonts/truetype/lato/Lato-Heavy.ttf
DejaVu Serif,DejaVu Serif Condensed - /usr/share/fonts/truetype/dejavu/DejaVuSerifCondensed-Italic.ttf
Lato,Lato Medium - /usr/share/fonts/truetype/lato/Lato-Medium.ttf
Lato,Lato Light - /usr/share/fonts/truetype/lato/Lato-LightItalic.ttf
WenQuanYi Zen Hei Sharp,文泉驛點陣正黑,文泉驿点阵正黑 - /usr/share/fonts/truetype/wqy/wqy-zenhei.ttc
WenQuanYi Micro Hei Mono,文泉驛等寬微米黑,文泉驿等宽微米黑 - /usr/share/fonts/truetype/wqy/wqy-microhei.ttc
Noto Sans Mono CJK KR - /usr/share/fonts/opentype/noto/NotoSansCJK-Bold.ttc
DejaVu Serif - /usr/share/fonts/truetype/dejavu/DejaVuSerif-Bold.ttf
Noto Sans Mono CJK JP - /usr/share/fonts/opentype/noto/NotoSansCJK-Bold.ttc
Noto Sans Mono CJK HK - /usr/share/fonts/opentype/noto/NotoSansCJK-Bold.ttc
Noto Serif CJK SC - /usr/share/fonts/opentype/noto/NotoSerifCJK-Regular.ttc
DejaVu Math TeX Gyre - /usr/share/fonts/truetype/dejavu/DejaVuMathTeXGyre.ttf
Liberation Sans - /usr/share/fonts/truetype/liberation/LiberationSans-Regular.ttf
Lato - /usr/share/fonts/truetype/lato/Lato-Italic.ttf
Liberation Sans - /usr/share/fonts/truetype/liberation/LiberationSans-Bold.ttf
Noto Serif CJK TC - /usr/share/fonts/opentype/noto/NotoSerifCJK-Regular.ttc
Noto Sans Mono CJK SC - /usr/share/fonts/opentype/noto/NotoSansCJK-Bold.ttc
Liberation Mono - /usr/share/fonts/truetype/liberation/LiberationMono-Italic.ttf
Noto Sans Mono CJK TC - /usr/share/fonts/opentype/noto/NotoSansCJK-Bold.ttc
DejaVu Sans,DejaVu Sans Condensed - /usr/share/fonts/truetype/dejavu/DejaVuSansCondensed.ttf
DejaVu Serif,DejaVu Serif Condensed - /usr/share/fonts/truetype/dejavu/DejaVuSerifCondensed.ttf
Liberation Serif - /usr/share/fonts/truetype/liberation/LiberationSerif-Italic.ttf
Lato,Lato Heavy - /usr/share/fonts/truetype/lato/Lato-HeavyItalic.ttf
Lato - /usr/share/fonts/truetype/lato/Lato-BoldItalic.ttf
Noto Serif CJK JP - /usr/share/fonts/opentype/noto/NotoSerifCJK-Regular.ttc
Lato,Lato Medium - /usr/share/fonts/truetype/lato/Lato-MediumItalic.ttf
Noto Serif CJK HK - /usr/share/fonts/opentype/noto/NotoSerifCJK-Regular.ttc
DejaVu Serif - /usr/share/fonts/truetype/dejavu/DejaVuSerif-Italic.ttf
DejaVu Sans - /usr/share/fonts/truetype/dejavu/DejaVuSans.ttf
Noto Serif CJK KR - /usr/share/fonts/opentype/noto/NotoSerifCJK-Regular.ttc
Lato,Lato Semibold - /usr/share/fonts/truetype/lato/Lato-SemiboldItalic.ttf
Lato,Lato Thin - /usr/share/fonts/truetype/lato/Lato-ThinItalic.ttf
DejaVu Sans,DejaVu Sans Condensed - /usr/share/fonts/truetype/dejavu/DejaVuSansCondensed-BoldOblique.ttf
Noto Sans CJK JP - /usr/share/fonts/opentype/noto/NotoSansCJK-Regular.ttc
Liberation Sans - /usr/share/fonts/truetype/liberation/LiberationSans-Italic.ttf
Noto Sans CJK HK - /usr/share/fonts/opentype/noto/NotoSansCJK-Regular.ttc
Lato,Lato Black - /usr/share/fonts/truetype/lato/Lato-BlackItalic.ttf
Lato,Lato Thin - /usr/share/fonts/truetype/lato/Lato-Thin.ttf
DejaVu Sans,DejaVu Sans Condensed - /usr/share/fonts/truetype/dejavu/DejaVuSansCondensed-Oblique.ttf
Noto Sans CJK KR - /usr/share/fonts/opentype/noto/NotoSansCJK-Regular.ttc
Lato,Lato Light - /usr/share/fonts/truetype/lato/Lato-Light.ttf
Noto Sans CJK TC - /usr/share/fonts/opentype/noto/NotoSansCJK-Regular.ttc
DejaVu Sans,DejaVu Sans Condensed - /usr/share/fonts/truetype/dejavu/DejaVuSansCondensed-Bold.ttf
DejaVu Sans Mono - /usr/share/fonts/truetype/dejavu/DejaVuSansMono-Oblique.ttf
Lato,Lato Hairline - /usr/share/fonts/truetype/lato/Lato-HairlineItalic.ttf
Noto Sans CJK SC - /usr/share/fonts/opentype/noto/NotoSansCJK-Regular.ttc
WenQuanYi Zen Hei,文泉驛正黑,文泉驿正黑 - /usr/share/fonts/truetype/wqy/wqy-zenhei.ttc
Lato,Lato Black - /usr/share/fonts/truetype/lato/Lato-Black.ttf
Lato - /usr/share/fonts/truetype/lato/Lato-Regular.ttf
DejaVu Sans - /usr/share/fonts/truetype/dejavu/DejaVuSans-BoldOblique.ttf
Liberation Mono - /usr/share/fonts/truetype/liberation/LiberationMono-BoldItalic.ttf
Noto Sans Mono CJK KR - /usr/share/fonts/opentype/noto/NotoSansCJK-Regular.ttc
Liberation Mono - /usr/share/fonts/truetype/liberation/LiberationMono-Regular.ttf
Noto Sans Mono CJK HK - /usr/share/fonts/opentype/noto/NotoSansCJK-Regular.ttc
DejaVu Sans,DejaVu Sans Light - /usr/share/fonts/truetype/dejavu/DejaVuSans-ExtraLight.ttf
DejaVu Serif - /usr/share/fonts/truetype/dejavu/DejaVuSerif.ttf
Noto Sans Mono CJK JP - /usr/share/fonts/opentype/noto/NotoSansCJK-Regular.ttc
Noto Serif CJK JP - /usr/share/fonts/opentype/noto/NotoSerifCJK-Bold.ttc
Noto Serif CJK HK - /usr/share/fonts/opentype/noto/NotoSerifCJK-Bold.ttc
Noto Serif CJK KR - /usr/share/fonts/opentype/noto/NotoSerifCJK-Bold.ttc
Noto Serif CJK TC - /usr/share/fonts/opentype/noto/NotoSerifCJK-Bold.ttc
Lato - /usr/share/fonts/truetype/lato/Lato-Bold.ttf
Noto Sans CJK SC - /usr/share/fonts/opentype/noto/NotoSansCJK-Bold.ttc
Noto Sans Mono CJK TC - /usr/share/fonts/opentype/noto/NotoSansCJK-Regular.ttc
Noto Sans CJK TC - /usr/share/fonts/opentype/noto/NotoSansCJK-Bold.ttc
Noto Serif CJK SC - /usr/share/fonts/opentype/noto/NotoSerifCJK-Bold.ttc
DejaVu Sans Mono - /usr/share/fonts/truetype/dejavu/DejaVuSansMono-Bold.ttf
DejaVu Serif - /usr/share/fonts/truetype/dejavu/DejaVuSerif-BoldItalic.ttf
WenQuanYi Zen Hei Mono,文泉驛等寬正黑,文泉驿等宽正黑 - /usr/share/fonts/truetype/wqy/wqy-zenhei.ttc
DejaVu Sans Mono - /usr/share/fonts/truetype/dejavu/DejaVuSansMono.ttf
Noto Sans CJK JP - /usr/share/fonts/opentype/noto/NotoSansCJK-Bold.ttc
Noto Sans CJK HK - /usr/share/fonts/opentype/noto/NotoSansCJK-Bold.ttc
Noto Sans CJK KR - /usr/share/fonts/opentype/noto/NotoSansCJK-Bold.ttc
WenQuanYi Micro Hei,文泉驛微米黑,文泉驿微米黑 - /usr/share/fonts/truetype/wqy/wqy-microhei.ttc
Noto Sans Mono CJK SC - /usr/share/fonts/opentype/noto/NotoSansCJK-Regular.ttc
Noto Color Emoji - /usr/share/fonts/truetype/noto/NotoColorEmoji.ttf
DejaVu Sans Mono - /usr/share/fonts/truetype/dejavu/DejaVuSansMono-BoldOblique.ttf
Liberation Sans - /usr/share/fonts/truetype/liberation/LiberationSans-BoldItalic.ttf
Liberation Serif - /usr/share/fonts/truetype/liberation/LiberationSerif-Regular.ttf
Lato,Lato Semibold - /usr/share/fonts/truetype/lato/Lato-Semibold.ttf
DejaVu Sans - /usr/share/fonts/truetype/dejavu/DejaVuSans-Oblique.ttf
DejaVu Serif,DejaVu Serif Condensed - /usr/share/fonts/truetype/dejavu/DejaVuSerifCondensed-Bold.ttf
DejaVu Sans - /usr/share/fonts/truetype/dejavu/DejaVuSans-Bold.ttf
Liberation Serif - /usr/share/fonts/truetype/liberation/LiberationSerif-Bold.ttf
DejaVu Serif,DejaVu Serif Condensed - /usr/share/fonts/truetype/dejavu/DejaVuSerifCondensed-BoldItalic.ttf

2025-12-27 02:48:39,546 - INFO - Matplotlib 字体设置：使用回退字体列表，首选可用字体: Noto Sans CJK JP
2025-12-27 02:48:40,992 - INFO - 使用 ChromeDriver: /usr/bin/chromedriver
2025-12-27 02:48:40,992 - WARNING - Using CPU. Note: This module is much faster with a GPU.
2025-12-27 02:48:42,589 - INFO - OCR识别器初始化成功
2025-12-27 02:48:42,589 - INFO - 开始南京大学电费监控流程（自动无头模式）
2025-12-27 02:48:42,589 - INFO - 正在打开页面: https://epay.nju.edu.cn/epay/h5/nju/electric/index
2025-12-27 02:48:54,766 - INFO - 等待登录表单加载...
2025-12-27 02:48:54,777 - INFO - 登录表单已加载
2025-12-27 02:48:54,777 - INFO - 开始填写登录表单...
2025-12-27 02:48:54,839 - INFO - 用户名填写完成
2025-12-27 02:48:54,908 - INFO - 密码填写完成
2025-12-27 02:48:54,908 - INFO - 检查是否有验证码...
2025-12-27 02:48:54,908 - INFO - 查找验证码图片...
2025-12-27 02:48:54,927 - INFO - 找到验证码图片，开始截图...
2025-12-27 02:48:54,979 - INFO - 验证码图片截取成功
2025-12-27 02:48:54,980 - INFO - 开始填写登录表单...
2025-12-27 02:48:55,046 - INFO - 用户名填写完成
2025-12-27 02:48:55,110 - INFO - 密码填写完成
2025-12-27 02:48:55,111 - INFO - 验证码图片已保存到 /home/runner/work/nju_electric_monitor/nju_electric_monitor/src/../data/captcha_debug.png
2025-12-27 02:48:55,111 - INFO - 验证码识别尝试 1/30
2025-12-27 02:48:55,111 - INFO - 开始识别验证码...（easyocr + pytesseract）
2025-12-27 02:48:55,246 - INFO - easyocr 结果: ['Z4k6(0.31)']
2025-12-27 02:48:55,425 - INFO - tesseract 结果: Zzdke
2025-12-27 02:48:55,491 - INFO - easyocr alt1 结果: ['ZdKG(0.65)']
2025-12-27 02:48:55,586 - INFO - tesseract alt1 结果: Zak
2025-12-27 02:48:55,647 - INFO - easyocr alt2 结果: ['ZdKG(0.58)']
2025-12-27 02:48:55,745 - INFO - tesseract alt2 结果: Zdk6
2025-12-27 02:48:55,909 - INFO - easyocr alt3 结果: ['ZdKG(0.81)']
2025-12-27 02:48:56,020 - INFO - tesseract alt3 结果: Zdk6
2025-12-27 02:48:56,081 - INFO - easyocr alt4 结果: ['ZdKG(0.40)']
2025-12-27 02:48:56,177 - INFO - tesseract alt4 结果: zdke
2025-12-27 02:48:56,239 - INFO - easyocr alt5 结果: ['Z0KG(0.62)']
2025-12-27 02:48:56,335 - INFO - tesseract alt5 结果: Z0k6
2025-12-27 02:48:56,335 - INFO - 最终验证码识别结果: ZdKG (engine=easyocr_alt3, prob=0.8126177787780762)
2025-12-27 02:48:56,335 - INFO - 查找验证码输入框...
2025-12-27 02:48:56,397 - INFO - 验证码填写完成
2025-12-27 02:48:56,397 - INFO - 验证码填写完成，点击登录按钮...
2025-12-27 02:48:56,397 - INFO - 查找并点击登录按钮...
2025-12-27 02:48:56,790 - INFO - 已点击登录按钮
2025-12-27 02:49:03,818 - INFO - 开始填写登录表单...
2025-12-27 02:49:03,881 - INFO - 用户名填写完成
2025-12-27 02:49:03,942 - INFO - 密码填写完成
2025-12-27 02:49:03,942 - INFO - 验证码图片已保存到 /home/runner/work/nju_electric_monitor/nju_electric_monitor/src/../data/captcha_debug.png
2025-12-27 02:49:03,942 - INFO - 验证码识别尝试 2/30
2025-12-27 02:49:03,942 - INFO - 开始识别验证码...（easyocr + pytesseract）
2025-12-27 02:49:04,040 - INFO - easyocr 结果: ['Z4k6(0.31)']
2025-12-27 02:49:04,137 - INFO - tesseract 结果: Zzdke
2025-12-27 02:49:04,198 - INFO - easyocr alt1 结果: ['ZdKG(0.65)']
2025-12-27 02:49:04,300 - INFO - tesseract alt1 结果: Zak
2025-12-27 02:49:04,361 - INFO - easyocr alt2 结果: ['ZdKG(0.58)']
2025-12-27 02:49:04,475 - INFO - tesseract alt2 结果: Zdk6
2025-12-27 02:49:04,652 - INFO - easyocr alt3 结果: ['ZdKG(0.81)']
2025-12-27 02:49:04,762 - INFO - tesseract alt3 结果: Zdk6
2025-12-27 02:49:04,822 - INFO - easyocr alt4 结果: ['ZdKG(0.40)']
2025-12-27 02:49:04,918 - INFO - tesseract alt4 结果: zdke
2025-12-27 02:49:04,979 - INFO - easyocr alt5 结果: ['Z0KG(0.62)']
2025-12-27 02:49:05,076 - INFO - tesseract alt5 结果: Z0k6
2025-12-27 02:49:05,076 - INFO - 最终验证码识别结果: ZdKG (engine=easyocr_alt3, prob=0.8126177787780762)
2025-12-27 02:49:05,076 - INFO - 查找验证码输入框...
2025-12-27 02:49:05,134 - INFO - 验证码填写完成
2025-12-27 02:49:05,134 - INFO - 验证码填写完成，点击登录按钮...
2025-12-27 02:49:05,134 - INFO - 查找并点击登录按钮...
2025-12-27 02:49:05,520 - INFO - 已点击登录按钮
2025-12-27 02:49:12,540 - INFO - 开始填写登录表单...
2025-12-27 02:49:12,601 - INFO - 用户名填写完成
2025-12-27 02:49:12,659 - INFO - 密码填写完成
2025-12-27 02:49:12,660 - INFO - 验证码图片已保存到 /home/runner/work/nju_electric_monitor/nju_electric_monitor/src/../data/captcha_debug.png
2025-12-27 02:49:12,660 - INFO - 验证码识别尝试 3/30
2025-12-27 02:49:12,660 - INFO - 开始识别验证码...（easyocr + pytesseract）
2025-12-27 02:49:12,757 - INFO - easyocr 结果: ['Z4k6(0.31)']
2025-12-27 02:49:12,850 - INFO - tesseract 结果: Zzdke
2025-12-27 02:49:12,910 - INFO - easyocr alt1 结果: ['ZdKG(0.65)']
2025-12-27 02:49:13,007 - INFO - tesseract alt1 结果: Zak
2025-12-27 02:49:13,066 - INFO - easyocr alt2 结果: ['ZdKG(0.58)']
2025-12-27 02:49:13,163 - INFO - tesseract alt2 结果: Zdk6
2025-12-27 02:49:13,317 - INFO - easyocr alt3 结果: ['ZdKG(0.81)']
2025-12-27 02:49:13,428 - INFO - tesseract alt3 结果: Zdk6
2025-12-27 02:49:13,495 - INFO - easyocr alt4 结果: ['ZdKG(0.40)']
2025-12-27 02:49:13,591 - INFO - tesseract alt4 结果: zdke
2025-12-27 02:49:13,650 - INFO - easyocr alt5 结果: ['Z0KG(0.62)']
2025-12-27 02:49:13,744 - INFO - tesseract alt5 结果: Z0k6
2025-12-27 02:49:13,745 - INFO - 最终验证码识别结果: ZdKG (engine=easyocr_alt3, prob=0.8126177787780762)
2025-12-27 02:49:13,745 - INFO - 查找验证码输入框...
2025-12-27 02:49:13,801 - INFO - 验证码填写完成
2025-12-27 02:49:13,801 - INFO - 验证码填写完成，点击登录按钮...
2025-12-27 02:49:13,801 - INFO - 查找并点击登录按钮...
2025-12-27 02:49:14,194 - INFO - 已点击登录按钮
2025-12-27 02:49:21,215 - INFO - 开始填写登录表单...
2025-12-27 02:49:21,274 - INFO - 用户名填写完成
2025-12-27 02:49:21,332 - INFO - 密码填写完成
2025-12-27 02:49:21,333 - INFO - 验证码图片已保存到 /home/runner/work/nju_electric_monitor/nju_electric_monitor/src/../data/captcha_debug.png
2025-12-27 02:49:21,333 - INFO - 验证码识别尝试 4/30
2025-12-27 02:49:21,333 - INFO - 开始识别验证码...（easyocr + pytesseract）
2025-12-27 02:49:21,430 - INFO - easyocr 结果: ['Z4k6(0.31)']
2025-12-27 02:49:21,525 - INFO - tesseract 结果: Zzdke
2025-12-27 02:49:21,586 - INFO - easyocr alt1 结果: ['ZdKG(0.65)']
2025-12-27 02:49:21,684 - INFO - tesseract alt1 结果: Zak
2025-12-27 02:49:21,744 - INFO - easyocr alt2 结果: ['ZdKG(0.58)']
2025-12-27 02:49:21,843 - INFO - tesseract alt2 结果: Zdk6
2025-12-27 02:49:21,998 - INFO - easyocr alt3 结果: ['ZdKG(0.81)']
2025-12-27 02:49:22,106 - INFO - tesseract alt3 结果: Zdk6
2025-12-27 02:49:22,165 - INFO - easyocr alt4 结果: ['ZdKG(0.40)']
2025-12-27 02:49:22,261 - INFO - tesseract alt4 结果: zdke
2025-12-27 02:49:22,320 - INFO - easyocr alt5 结果: ['Z0KG(0.62)']
2025-12-27 02:49:22,416 - INFO - tesseract alt5 结果: Z0k6
2025-12-27 02:49:22,416 - INFO - 最终验证码识别结果: ZdKG (engine=easyocr_alt3, prob=0.8126177787780762)
2025-12-27 02:49:22,416 - INFO - 查找验证码输入框...
2025-12-27 02:49:22,472 - INFO - 验证码填写完成
2025-12-27 02:49:22,472 - INFO - 验证码填写完成，点击登录按钮...
2025-12-27 02:49:22,472 - INFO - 查找并点击登录按钮...
2025-12-27 02:49:22,857 - INFO - 已点击登录按钮
2025-12-27 02:49:29,877 - INFO - 开始填写登录表单...
2025-12-27 02:49:29,936 - INFO - 用户名填写完成
2025-12-27 02:49:29,994 - INFO - 密码填写完成
2025-12-27 02:49:29,994 - INFO - 验证码图片已保存到 /home/runner/work/nju_electric_monitor/nju_electric_monitor/src/../data/captcha_debug.png
2025-12-27 02:49:29,994 - INFO - 验证码识别尝试 5/30
2025-12-27 02:49:29,994 - INFO - 开始识别验证码...（easyocr + pytesseract）
2025-12-27 02:49:30,104 - INFO - easyocr 结果: ['Z4k6(0.31)']
2025-12-27 02:49:30,204 - INFO - tesseract 结果: Zzdke
2025-12-27 02:49:30,271 - INFO - easyocr alt1 结果: ['ZdKG(0.65)']
2025-12-27 02:49:30,369 - INFO - tesseract alt1 结果: Zak
2025-12-27 02:49:30,429 - INFO - easyocr alt2 结果: ['ZdKG(0.58)']
2025-12-27 02:49:30,531 - INFO - tesseract alt2 结果: Zdk6
2025-12-27 02:49:30,684 - INFO - easyocr alt3 结果: ['ZdKG(0.81)']
2025-12-27 02:49:30,796 - INFO - tesseract alt3 结果: Zdk6
2025-12-27 02:49:30,855 - INFO - easyocr alt4 结果: ['ZdKG(0.40)']
2025-12-27 02:49:30,951 - INFO - tesseract alt4 结果: zdke
2025-12-27 02:49:31,010 - INFO - easyocr alt5 结果: ['Z0KG(0.62)']
2025-12-27 02:49:31,112 - INFO - tesseract alt5 结果: Z0k6
2025-12-27 02:49:31,113 - INFO - 最终验证码识别结果: ZdKG (engine=easyocr_alt3, prob=0.8126177787780762)
2025-12-27 02:49:31,113 - INFO - 查找验证码输入框...
2025-12-27 02:49:31,170 - INFO - 验证码填写完成
2025-12-27 02:49:31,170 - INFO - 验证码填写完成，点击登录按钮...
2025-12-27 02:49:31,170 - INFO - 查找并点击登录按钮...
2025-12-27 02:49:31,560 - INFO - 已点击登录按钮
2025-12-27 02:49:38,583 - INFO - 开始填写登录表单...
2025-12-27 02:49:38,646 - INFO - 用户名填写完成
2025-12-27 02:49:38,708 - INFO - 密码填写完成
2025-12-27 02:49:38,709 - INFO - 验证码图片已保存到 /home/runner/work/nju_electric_monitor/nju_electric_monitor/src/../data/captcha_debug.png
2025-12-27 02:49:38,709 - INFO - 验证码识别尝试 6/30
2025-12-27 02:49:38,709 - INFO - 开始识别验证码...（easyocr + pytesseract）
2025-12-27 02:49:38,809 - INFO - easyocr 结果: ['Z4k6(0.31)']
2025-12-27 02:49:38,910 - INFO - tesseract 结果: Zzdke
2025-12-27 02:49:38,973 - INFO - easyocr alt1 结果: ['ZdKG(0.65)']
2025-12-27 02:49:39,076 - INFO - tesseract alt1 结果: Zak
2025-12-27 02:49:39,138 - INFO - easyocr alt2 结果: ['ZdKG(0.58)']
2025-12-27 02:49:39,236 - INFO - tesseract alt2 结果: Zdk6
2025-12-27 02:49:39,394 - INFO - easyocr alt3 结果: ['ZdKG(0.81)']
2025-12-27 02:49:39,503 - INFO - tesseract alt3 结果: Zdk6
2025-12-27 02:49:39,563 - INFO - easyocr alt4 结果: ['ZdKG(0.40)']
2025-12-27 02:49:39,664 - INFO - tesseract alt4 结果: zdke
2025-12-27 02:49:39,724 - INFO - easyocr alt5 结果: ['Z0KG(0.62)']
2025-12-27 02:49:39,822 - INFO - tesseract alt5 结果: Z0k6
2025-12-27 02:49:39,822 - INFO - 最终验证码识别结果: ZdKG (engine=easyocr_alt3, prob=0.8126177787780762)
2025-12-27 02:49:39,822 - INFO - 查找验证码输入框...
2025-12-27 02:49:39,880 - INFO - 验证码填写完成
2025-12-27 02:49:39,880 - INFO - 验证码填写完成，点击登录按钮...
2025-12-27 02:49:39,880 - INFO - 查找并点击登录按钮...
2025-12-27 02:49:39,937 - INFO - 已点击登录按钮
2025-12-27 02:49:46,957 - INFO - 开始填写登录表单...
2025-12-27 02:49:47,016 - INFO - 用户名填写完成
2025-12-27 02:49:47,075 - INFO - 密码填写完成
2025-12-27 02:49:47,075 - INFO - 验证码图片已保存到 /home/runner/work/nju_electric_monitor/nju_electric_monitor/src/../data/captcha_debug.png
2025-12-27 02:49:47,076 - INFO - 验证码识别尝试 7/30
2025-12-27 02:49:47,076 - INFO - 开始识别验证码...（easyocr + pytesseract）
2025-12-27 02:49:47,177 - INFO - easyocr 结果: ['Z4k6(0.31)']
2025-12-27 02:49:47,274 - INFO - tesseract 结果: Zzdke
2025-12-27 02:49:47,337 - INFO - easyocr alt1 结果: ['ZdKG(0.65)']
2025-12-27 02:49:47,439 - INFO - tesseract alt1 结果: Zak
2025-12-27 02:49:47,498 - INFO - easyocr alt2 结果: ['ZdKG(0.58)']
2025-12-27 02:49:47,592 - INFO - tesseract alt2 结果: Zdk6
2025-12-27 02:49:47,755 - INFO - easyocr alt3 结果: ['ZdKG(0.81)']
2025-12-27 02:49:48,195 - INFO - tesseract alt3 结果: Zdk6
2025-12-27 02:49:48,254 - INFO - easyocr alt4 结果: ['ZdKG(0.40)']
2025-12-27 02:49:48,352 - INFO - tesseract alt4 结果: zdke
2025-12-27 02:49:48,411 - INFO - easyocr alt5 结果: ['Z0KG(0.62)']
2025-12-27 02:49:48,505 - INFO - tesseract alt5 结果: Z0k6
2025-12-27 02:49:48,505 - INFO - 最终验证码识别结果: ZdKG (engine=easyocr_alt3, prob=0.8126177787780762)
2025-12-27 02:49:48,505 - INFO - 查找验证码输入框...
2025-12-27 02:49:48,561 - INFO - 验证码填写完成
2025-12-27 02:49:48,561 - INFO - 验证码填写完成，点击登录按钮...
2025-12-27 02:49:48,561 - INFO - 查找并点击登录按钮...
2025-12-27 02:49:48,617 - INFO - 已点击登录按钮
2025-12-27 02:49:55,638 - INFO - 开始填写登录表单...
2025-12-27 02:49:55,698 - INFO - 用户名填写完成
2025-12-27 02:49:55,758 - INFO - 密码填写完成
2025-12-27 02:49:55,758 - INFO - 验证码图片已保存到 /home/runner/work/nju_electric_monitor/nju_electric_monitor/src/../data/captcha_debug.png
2025-12-27 02:49:55,758 - INFO - 验证码识别尝试 8/30
2025-12-27 02:49:55,758 - INFO - 开始识别验证码...（easyocr + pytesseract）
2025-12-27 02:49:55,856 - INFO - easyocr 结果: ['Z4k6(0.31)']
2025-12-27 02:49:55,953 - INFO - tesseract 结果: Zzdke
2025-12-27 02:49:56,015 - INFO - easyocr alt1 结果: ['ZdKG(0.65)']
2025-12-27 02:49:56,116 - INFO - tesseract alt1 结果: Zak
2025-12-27 02:49:56,177 - INFO - easyocr alt2 结果: ['ZdKG(0.58)']
2025-12-27 02:49:56,274 - INFO - tesseract alt2 结果: Zdk6
2025-12-27 02:49:56,428 - INFO - easyocr alt3 结果: ['ZdKG(0.81)']
2025-12-27 02:49:56,537 - INFO - tesseract alt3 结果: Zdk6
2025-12-27 02:49:56,596 - INFO - easyocr alt4 结果: ['ZdKG(0.40)']
2025-12-27 02:49:56,692 - INFO - tesseract alt4 结果: zdke
2025-12-27 02:49:56,751 - INFO - easyocr alt5 结果: ['Z0KG(0.62)']
2025-12-27 02:49:56,847 - INFO - tesseract alt5 结果: Z0k6
2025-12-27 02:49:56,847 - INFO - 最终验证码识别结果: ZdKG (engine=easyocr_alt3, prob=0.8126177787780762)
2025-12-27 02:49:56,848 - INFO - 查找验证码输入框...
2025-12-27 02:49:56,904 - INFO - 验证码填写完成
2025-12-27 02:49:56,904 - INFO - 验证码填写完成，点击登录按钮...
2025-12-27 02:49:56,904 - INFO - 查找并点击登录按钮...
2025-12-27 02:49:57,300 - INFO - 已点击登录按钮
2025-12-27 02:50:04,321 - INFO - 开始填写登录表单...
2025-12-27 02:50:04,381 - INFO - 用户名填写完成
2025-12-27 02:50:04,441 - INFO - 密码填写完成
2025-12-27 02:50:04,441 - INFO - 验证码图片已保存到 /home/runner/work/nju_electric_monitor/nju_electric_monitor/src/../data/captcha_debug.png
2025-12-27 02:50:04,441 - INFO - 验证码识别尝试 9/30
2025-12-27 02:50:04,441 - INFO - 开始识别验证码...（easyocr + pytesseract）
2025-12-27 02:50:04,556 - INFO - easyocr 结果: ['Z4k6(0.31)']
2025-12-27 02:50:04,652 - INFO - tesseract 结果: Zzdke
2025-12-27 02:50:04,712 - INFO - easyocr alt1 结果: ['ZdKG(0.65)']
2025-12-27 02:50:04,809 - INFO - tesseract alt1 结果: Zak
2025-12-27 02:50:04,869 - INFO - easyocr alt2 结果: ['ZdKG(0.58)']
2025-12-27 02:50:04,966 - INFO - tesseract alt2 结果: Zdk6
2025-12-27 02:50:05,121 - INFO - easyocr alt3 结果: ['ZdKG(0.81)']
2025-12-27 02:50:05,236 - INFO - tesseract alt3 结果: Zdk6
2025-12-27 02:50:05,295 - INFO - easyocr alt4 结果: ['ZdKG(0.40)']
2025-12-27 02:50:05,392 - INFO - tesseract alt4 结果: zdke
2025-12-27 02:50:05,451 - INFO - easyocr alt5 结果: ['Z0KG(0.62)']
2025-12-27 02:50:05,547 - INFO - tesseract alt5 结果: Z0k6
2025-12-27 02:50:05,548 - INFO - 最终验证码识别结果: ZdKG (engine=easyocr_alt3, prob=0.8126177787780762)
2025-12-27 02:50:05,548 - INFO - 查找验证码输入框...
2025-12-27 02:50:05,604 - INFO - 验证码填写完成
2025-12-27 02:50:05,604 - INFO - 验证码填写完成，点击登录按钮...
2025-12-27 02:50:05,604 - INFO - 查找并点击登录按钮...
2025-12-27 02:50:05,991 - INFO - 已点击登录按钮
2025-12-27 02:50:13,012 - INFO - 开始填写登录表单...
2025-12-27 02:50:13,072 - INFO - 用户名填写完成
2025-12-27 02:50:13,130 - INFO - 密码填写完成
2025-12-27 02:50:13,131 - INFO - 验证码图片已保存到 /home/runner/work/nju_electric_monitor/nju_electric_monitor/src/../data/captcha_debug.png
2025-12-27 02:50:13,131 - INFO - 验证码识别尝试 10/30
2025-12-27 02:50:13,131 - INFO - 开始识别验证码...（easyocr + pytesseract）
2025-12-27 02:50:13,248 - INFO - easyocr 结果: ['Z4k6(0.31)']
2025-12-27 02:50:13,344 - INFO - tesseract 结果: Zzdke
2025-12-27 02:50:13,403 - INFO - easyocr alt1 结果: ['ZdKG(0.65)']
2025-12-27 02:50:13,501 - INFO - tesseract alt1 结果: Zak
2025-12-27 02:50:13,563 - INFO - easyocr alt2 结果: ['ZdKG(0.58)']
2025-12-27 02:50:13,663 - INFO - tesseract alt2 结果: Zdk6
2025-12-27 02:50:13,817 - INFO - easyocr alt3 结果: ['ZdKG(0.81)']
2025-12-27 02:50:13,927 - INFO - tesseract alt3 结果: Zdk6
2025-12-27 02:50:13,986 - INFO - easyocr alt4 结果: ['ZdKG(0.40)']
2025-12-27 02:50:14,084 - INFO - tesseract alt4 结果: zdke
2025-12-27 02:50:14,143 - INFO - easyocr alt5 结果: ['Z0KG(0.62)']
2025-12-27 02:50:14,239 - INFO - tesseract alt5 结果: Z0k6
2025-12-27 02:50:14,239 - INFO - 最终验证码识别结果: ZdKG (engine=easyocr_alt3, prob=0.8126177787780762)
2025-12-27 02:50:14,239 - INFO - 查找验证码输入框...
2025-12-27 02:50:14,295 - INFO - 验证码填写完成
2025-12-27 02:50:14,295 - INFO - 验证码填写完成，点击登录按钮...
2025-12-27 02:50:14,295 - INFO - 查找并点击登录按钮...
2025-12-27 02:50:14,351 - INFO - 已点击登录按钮
2025-12-27 02:50:21,372 - INFO - 开始填写登录表单...
2025-12-27 02:50:21,434 - INFO - 用户名填写完成
2025-12-27 02:50:21,496 - INFO - 密码填写完成
2025-12-27 02:50:21,496 - INFO - 验证码图片已保存到 /home/runner/work/nju_electric_monitor/nju_electric_monitor/src/../data/captcha_debug.png
2025-12-27 02:50:21,496 - INFO - 验证码识别尝试 11/30
2025-12-27 02:50:21,496 - INFO - 开始识别验证码...（easyocr + pytesseract）
2025-12-27 02:50:21,602 - INFO - easyocr 结果: ['Z4k6(0.31)']
2025-12-27 02:50:21,699 - INFO - tesseract 结果: Zzdke
2025-12-27 02:50:21,759 - INFO - easyocr alt1 结果: ['ZdKG(0.65)']
2025-12-27 02:50:21,858 - INFO - tesseract alt1 结果: Zak
2025-12-27 02:50:21,916 - INFO - easyocr alt2 结果: ['ZdKG(0.58)']
2025-12-27 02:50:22,016 - INFO - tesseract alt2 结果: Zdk6
2025-12-27 02:50:22,169 - INFO - easyocr alt3 结果: ['ZdKG(0.81)']
2025-12-27 02:50:22,282 - INFO - tesseract alt3 结果: Zdk6
2025-12-27 02:50:22,349 - INFO - easyocr alt4 结果: ['ZdKG(0.40)']
2025-12-27 02:50:22,444 - INFO - tesseract alt4 结果: zdke
2025-12-27 02:50:22,503 - INFO - easyocr alt5 结果: ['Z0KG(0.62)']
2025-12-27 02:50:22,599 - INFO - tesseract alt5 结果: Z0k6
2025-12-27 02:50:22,599 - INFO - 最终验证码识别结果: ZdKG (engine=easyocr_alt3, prob=0.8126177787780762)
2025-12-27 02:50:22,599 - INFO - 查找验证码输入框...
2025-12-27 02:50:22,656 - INFO - 验证码填写完成
2025-12-27 02:50:22,657 - INFO - 验证码填写完成，点击登录按钮...
2025-12-27 02:50:22,657 - INFO - 查找并点击登录按钮...
2025-12-27 02:50:22,712 - INFO - 已点击登录按钮
2025-12-27 02:50:29,733 - INFO - 开始填写登录表单...
2025-12-27 02:50:29,794 - INFO - 用户名填写完成
2025-12-27 02:50:29,854 - INFO - 密码填写完成
2025-12-27 02:50:29,855 - INFO - 验证码图片已保存到 /home/runner/work/nju_electric_monitor/nju_electric_monitor/src/../data/captcha_debug.png
2025-12-27 02:50:29,855 - INFO - 验证码识别尝试 12/30
2025-12-27 02:50:29,855 - INFO - 开始识别验证码...（easyocr + pytesseract）
2025-12-27 02:50:29,951 - INFO - easyocr 结果: ['Z4k6(0.31)']
2025-12-27 02:50:30,047 - INFO - tesseract 结果: Zzdke
2025-12-27 02:50:30,107 - INFO - easyocr alt1 结果: ['ZdKG(0.65)']
2025-12-27 02:50:30,206 - INFO - tesseract alt1 结果: Zak
2025-12-27 02:50:30,265 - INFO - easyocr alt2 结果: ['ZdKG(0.58)']
2025-12-27 02:50:30,361 - INFO - tesseract alt2 结果: Zdk6
2025-12-27 02:50:30,515 - INFO - easyocr alt3 结果: ['ZdKG(0.81)']
2025-12-27 02:50:30,629 - INFO - tesseract alt3 结果: Zdk6
2025-12-27 02:50:30,688 - INFO - easyocr alt4 结果: ['ZdKG(0.40)']
2025-12-27 02:50:30,785 - INFO - tesseract alt4 结果: zdke
2025-12-27 02:50:30,844 - INFO - easyocr alt5 结果: ['Z0KG(0.62)']
2025-12-27 02:50:30,939 - INFO - tesseract alt5 结果: Z0k6
2025-12-27 02:50:30,939 - INFO - 最终验证码识别结果: ZdKG (engine=easyocr_alt3, prob=0.8126177787780762)
2025-12-27 02:50:30,939 - INFO - 查找验证码输入框...
2025-12-27 02:50:30,998 - INFO - 验证码填写完成
2025-12-27 02:50:30,998 - INFO - 验证码填写完成，点击登录按钮...
2025-12-27 02:50:30,998 - INFO - 查找并点击登录按钮...
2025-12-27 02:50:31,406 - INFO - 已点击登录按钮
2025-12-27 02:50:38,427 - INFO - 开始填写登录表单...
2025-12-27 02:50:38,491 - INFO - 用户名填写完成
2025-12-27 02:50:38,551 - INFO - 密码填写完成
2025-12-27 02:50:38,552 - INFO - 验证码图片已保存到 /home/runner/work/nju_electric_monitor/nju_electric_monitor/src/../data/captcha_debug.png
2025-12-27 02:50:38,552 - INFO - 验证码识别尝试 13/30
2025-12-27 02:50:38,552 - INFO - 开始识别验证码...（easyocr + pytesseract）
2025-12-27 02:50:38,661 - INFO - easyocr 结果: ['Z4k6(0.31)']
2025-12-27 02:50:38,756 - INFO - tesseract 结果: Zzdke
2025-12-27 02:50:38,815 - INFO - easyocr alt1 结果: ['ZdKG(0.65)']
2025-12-27 02:50:38,915 - INFO - tesseract alt1 结果: Zak
2025-12-27 02:50:38,973 - INFO - easyocr alt2 结果: ['ZdKG(0.58)']
2025-12-27 02:50:39,070 - INFO - tesseract alt2 结果: Zdk6
2025-12-27 02:50:39,223 - INFO - easyocr alt3 结果: ['ZdKG(0.81)']
2025-12-27 02:50:39,332 - INFO - tesseract alt3 结果: Zdk6
2025-12-27 02:50:39,390 - INFO - easyocr alt4 结果: ['ZdKG(0.40)']
2025-12-27 02:50:39,491 - INFO - tesseract alt4 结果: zdke
2025-12-27 02:50:39,549 - INFO - easyocr alt5 结果: ['Z0KG(0.62)']
2025-12-27 02:50:39,644 - INFO - tesseract alt5 结果: Z0k6
2025-12-27 02:50:39,644 - INFO - 最终验证码识别结果: ZdKG (engine=easyocr_alt3, prob=0.8126177787780762)
2025-12-27 02:50:39,644 - INFO - 查找验证码输入框...
2025-12-27 02:50:39,701 - INFO - 验证码填写完成
2025-12-27 02:50:39,701 - INFO - 验证码填写完成，点击登录按钮...
2025-12-27 02:50:39,701 - INFO - 查找并点击登录按钮...
2025-12-27 02:50:40,088 - INFO - 已点击登录按钮
2025-12-27 02:50:47,109 - INFO - 开始填写登录表单...
2025-12-27 02:50:47,172 - INFO - 用户名填写完成
2025-12-27 02:50:47,231 - INFO - 密码填写完成
2025-12-27 02:50:47,232 - INFO - 验证码图片已保存到 /home/runner/work/nju_electric_monitor/nju_electric_monitor/src/../data/captcha_debug.png
2025-12-27 02:50:47,232 - INFO - 验证码识别尝试 14/30
2025-12-27 02:50:47,232 - INFO - 开始识别验证码...（easyocr + pytesseract）
2025-12-27 02:50:47,342 - INFO - easyocr 结果: ['Z4k6(0.31)']
2025-12-27 02:50:47,439 - INFO - tesseract 结果: Zzdke
2025-12-27 02:50:47,499 - INFO - easyocr alt1 结果: ['ZdKG(0.65)']
2025-12-27 02:50:47,600 - INFO - tesseract alt1 结果: Zak
2025-12-27 02:50:47,658 - INFO - easyocr alt2 结果: ['ZdKG(0.58)']
2025-12-27 02:50:47,758 - INFO - tesseract alt2 结果: Zdk6
2025-12-27 02:50:47,910 - INFO - easyocr alt3 结果: ['ZdKG(0.81)']
2025-12-27 02:50:48,020 - INFO - tesseract alt3 结果: Zdk6
2025-12-27 02:50:48,079 - INFO - easyocr alt4 结果: ['ZdKG(0.40)']
2025-12-27 02:50:48,175 - INFO - tesseract alt4 结果: zdke
2025-12-27 02:50:48,233 - INFO - easyocr alt5 结果: ['Z0KG(0.62)']
2025-12-27 02:50:48,333 - INFO - tesseract alt5 结果: Z0k6
2025-12-27 02:50:48,333 - INFO - 最终验证码识别结果: ZdKG (engine=easyocr_alt3, prob=0.8126177787780762)
2025-12-27 02:50:48,333 - INFO - 查找验证码输入框...
2025-12-27 02:50:48,391 - INFO - 验证码填写完成
2025-12-27 02:50:48,391 - INFO - 验证码填写完成，点击登录按钮...
2025-12-27 02:50:48,391 - INFO - 查找并点击登录按钮...
2025-12-27 02:50:48,775 - INFO - 已点击登录按钮
2025-12-27 02:50:55,796 - INFO - 开始填写登录表单...
2025-12-27 02:50:55,859 - INFO - 用户名填写完成
2025-12-27 02:50:55,921 - INFO - 密码填写完成
2025-12-27 02:50:55,921 - INFO - 验证码图片已保存到 /home/runner/work/nju_electric_monitor/nju_electric_monitor/src/../data/captcha_debug.png
2025-12-27 02:50:55,921 - INFO - 验证码识别尝试 15/30
2025-12-27 02:50:55,921 - INFO - 开始识别验证码...（easyocr + pytesseract）
2025-12-27 02:50:56,019 - INFO - easyocr 结果: ['Z4k6(0.31)']
2025-12-27 02:50:56,114 - INFO - tesseract 结果: Zzdke
2025-12-27 02:50:56,174 - INFO - easyocr alt1 结果: ['ZdKG(0.65)']
2025-12-27 02:50:56,273 - INFO - tesseract alt1 结果: Zak
2025-12-27 02:50:56,331 - INFO - easyocr alt2 结果: ['ZdKG(0.58)']
2025-12-27 02:50:56,425 - INFO - tesseract alt2 结果: Zdk6
2025-12-27 02:50:56,578 - INFO - easyocr alt3 结果: ['ZdKG(0.81)']
2025-12-27 02:50:56,685 - INFO - tesseract alt3 结果: Zdk6
2025-12-27 02:50:56,743 - INFO - easyocr alt4 结果: ['ZdKG(0.40)']
2025-12-27 02:50:56,837 - INFO - tesseract alt4 结果: zdke
2025-12-27 02:50:56,895 - INFO - easyocr alt5 结果: ['Z0KG(0.62)']
2025-12-27 02:50:56,989 - INFO - tesseract alt5 结果: Z0k6
2025-12-27 02:50:56,990 - INFO - 最终验证码识别结果: ZdKG (engine=easyocr_alt3, prob=0.8126177787780762)
2025-12-27 02:50:56,990 - INFO - 查找验证码输入框...
2025-12-27 02:50:57,049 - INFO - 验证码填写完成
2025-12-27 02:50:57,049 - INFO - 验证码填写完成，点击登录按钮...
2025-12-27 02:50:57,049 - INFO - 查找并点击登录按钮...
2025-12-27 02:50:57,442 - INFO - 已点击登录按钮
2025-12-27 02:51:04,462 - INFO - 开始填写登录表单...
2025-12-27 02:51:04,523 - INFO - 用户名填写完成
2025-12-27 02:51:04,582 - INFO - 密码填写完成
2025-12-27 02:51:04,583 - INFO - 验证码图片已保存到 /home/runner/work/nju_electric_monitor/nju_electric_monitor/src/../data/captcha_debug.png
2025-12-27 02:51:04,583 - INFO - 验证码识别尝试 16/30
2025-12-27 02:51:04,583 - INFO - 开始识别验证码...（easyocr + pytesseract）
2025-12-27 02:51:04,686 - INFO - easyocr 结果: ['Z4k6(0.31)']
2025-12-27 02:51:04,781 - INFO - tesseract 结果: Zzdke
2025-12-27 02:51:04,841 - INFO - easyocr alt1 结果: ['ZdKG(0.65)']
2025-12-27 02:51:04,938 - INFO - tesseract alt1 结果: Zak
2025-12-27 02:51:04,996 - INFO - easyocr alt2 结果: ['ZdKG(0.58)']
2025-12-27 02:51:05,091 - INFO - tesseract alt2 结果: Zdk6
2025-12-27 02:51:05,244 - INFO - easyocr alt3 结果: ['ZdKG(0.81)']
2025-12-27 02:51:05,353 - INFO - tesseract alt3 结果: Zdk6
2025-12-27 02:51:05,412 - INFO - easyocr alt4 结果: ['ZdKG(0.40)']
2025-12-27 02:51:05,508 - INFO - tesseract alt4 结果: zdke
2025-12-27 02:51:05,566 - INFO - easyocr alt5 结果: ['Z0KG(0.62)']
2025-12-27 02:51:05,660 - INFO - tesseract alt5 结果: Z0k6
2025-12-27 02:51:05,660 - INFO - 最终验证码识别结果: ZdKG (engine=easyocr_alt3, prob=0.8126177787780762)
2025-12-27 02:51:05,660 - INFO - 查找验证码输入框...
2025-12-27 02:51:05,717 - INFO - 验证码填写完成
2025-12-27 02:51:05,717 - INFO - 验证码填写完成，点击登录按钮...
2025-12-27 02:51:05,717 - INFO - 查找并点击登录按钮...
2025-12-27 02:51:06,114 - INFO - 已点击登录按钮
2025-12-27 02:51:13,134 - INFO - 开始填写登录表单...
2025-12-27 02:51:13,194 - INFO - 用户名填写完成
2025-12-27 02:51:13,252 - INFO - 密码填写完成
2025-12-27 02:51:13,252 - INFO - 验证码图片已保存到 /home/runner/work/nju_electric_monitor/nju_electric_monitor/src/../data/captcha_debug.png
2025-12-27 02:51:13,253 - INFO - 验证码识别尝试 17/30
2025-12-27 02:51:13,253 - INFO - 开始识别验证码...（easyocr + pytesseract）
2025-12-27 02:51:13,348 - INFO - easyocr 结果: ['Z4k6(0.31)']
2025-12-27 02:51:13,442 - INFO - tesseract 结果: Zzdke
2025-12-27 02:51:13,511 - INFO - easyocr alt1 结果: ['ZdKG(0.65)']
2025-12-27 02:51:13,611 - INFO - tesseract alt1 结果: Zak
2025-12-27 02:51:13,670 - INFO - easyocr alt2 结果: ['ZdKG(0.58)']
2025-12-27 02:51:13,767 - INFO - tesseract alt2 结果: Zdk6
2025-12-27 02:51:13,920 - INFO - easyocr alt3 结果: ['ZdKG(0.81)']
2025-12-27 02:51:14,029 - INFO - tesseract alt3 结果: Zdk6
2025-12-27 02:51:14,089 - INFO - easyocr alt4 结果: ['ZdKG(0.40)']
2025-12-27 02:51:14,191 - INFO - tesseract alt4 结果: zdke
2025-12-27 02:51:14,251 - INFO - easyocr alt5 结果: ['Z0KG(0.62)']
2025-12-27 02:51:14,345 - INFO - tesseract alt5 结果: Z0k6
2025-12-27 02:51:14,345 - INFO - 最终验证码识别结果: ZdKG (engine=easyocr_alt3, prob=0.8126177787780762)
2025-12-27 02:51:14,345 - INFO - 查找验证码输入框...
2025-12-27 02:51:14,402 - INFO - 验证码填写完成
2025-12-27 02:51:14,403 - INFO - 验证码填写完成，点击登录按钮...
2025-12-27 02:51:14,403 - INFO - 查找并点击登录按钮...
2025-12-27 02:51:14,798 - INFO - 已点击登录按钮
2025-12-27 02:51:21,818 - INFO - 开始填写登录表单...
2025-12-27 02:51:21,877 - INFO - 用户名填写完成
2025-12-27 02:51:21,933 - INFO - 密码填写完成
2025-12-27 02:51:21,933 - INFO - 验证码图片已保存到 /home/runner/work/nju_electric_monitor/nju_electric_monitor/src/../data/captcha_debug.png
2025-12-27 02:51:21,933 - INFO - 验证码识别尝试 18/30
2025-12-27 02:51:21,933 - INFO - 开始识别验证码...（easyocr + pytesseract）
2025-12-27 02:51:22,044 - INFO - easyocr 结果: ['Z4k6(0.31)']
2025-12-27 02:51:22,137 - INFO - tesseract 结果: Zzdke
2025-12-27 02:51:22,197 - INFO - easyocr alt1 结果: ['ZdKG(0.65)']
2025-12-27 02:51:22,293 - INFO - tesseract alt1 结果: Zak
2025-12-27 02:51:22,361 - INFO - easyocr alt2 结果: ['ZdKG(0.58)']
2025-12-27 02:51:22,458 - INFO - tesseract alt2 结果: Zdk6
2025-12-27 02:51:22,611 - INFO - easyocr alt3 结果: ['ZdKG(0.81)']
2025-12-27 02:51:22,719 - INFO - tesseract alt3 结果: Zdk6
2025-12-27 02:51:22,778 - INFO - easyocr alt4 结果: ['ZdKG(0.40)']
2025-12-27 02:51:22,875 - INFO - tesseract alt4 结果: zdke
2025-12-27 02:51:22,933 - INFO - easyocr alt5 结果: ['Z0KG(0.62)']
2025-12-27 02:51:23,034 - INFO - tesseract alt5 结果: Z0k6
2025-12-27 02:51:23,034 - INFO - 最终验证码识别结果: ZdKG (engine=easyocr_alt3, prob=0.8126177787780762)
2025-12-27 02:51:23,034 - INFO - 查找验证码输入框...
2025-12-27 02:51:23,090 - INFO - 验证码填写完成
2025-12-27 02:51:23,090 - INFO - 验证码填写完成，点击登录按钮...
2025-12-27 02:51:23,090 - INFO - 查找并点击登录按钮...
2025-12-27 02:51:23,145 - INFO - 已点击登录按钮
2025-12-27 02:51:30,165 - INFO - 开始填写登录表单...
2025-12-27 02:51:30,226 - INFO - 用户名填写完成
2025-12-27 02:51:30,284 - INFO - 密码填写完成
2025-12-27 02:51:30,284 - INFO - 验证码图片已保存到 /home/runner/work/nju_electric_monitor/nju_electric_monitor/src/../data/captcha_debug.png
2025-12-27 02:51:30,285 - INFO - 验证码识别尝试 19/30
2025-12-27 02:51:30,285 - INFO - 开始识别验证码...（easyocr + pytesseract）
2025-12-27 02:51:30,380 - INFO - easyocr 结果: ['Z4k6(0.31)']
2025-12-27 02:51:30,476 - INFO - tesseract 结果: Zzdke
2025-12-27 02:51:30,536 - INFO - easyocr alt1 结果: ['ZdKG(0.65)']
2025-12-27 02:51:30,637 - INFO - tesseract alt1 结果: Zak
2025-12-27 02:51:30,696 - INFO - easyocr alt2 结果: ['ZdKG(0.58)']
2025-12-27 02:51:30,795 - INFO - tesseract alt2 结果: Zdk6
2025-12-27 02:51:30,949 - INFO - easyocr alt3 结果: ['ZdKG(0.81)']
2025-12-27 02:51:31,057 - INFO - tesseract alt3 结果: Zdk6
2025-12-27 02:51:31,115 - INFO - easyocr alt4 结果: ['ZdKG(0.40)']
2025-12-27 02:51:31,216 - INFO - tesseract alt4 结果: zdke
2025-12-27 02:51:31,275 - INFO - easyocr alt5 结果: ['Z0KG(0.62)']
2025-12-27 02:51:31,370 - INFO - tesseract alt5 结果: Z0k6
2025-12-27 02:51:31,370 - INFO - 最终验证码识别结果: ZdKG (engine=easyocr_alt3, prob=0.8126177787780762)
2025-12-27 02:51:31,370 - INFO - 查找验证码输入框...
2025-12-27 02:51:31,425 - INFO - 验证码填写完成
2025-12-27 02:51:31,425 - INFO - 验证码填写完成，点击登录按钮...
2025-12-27 02:51:31,425 - INFO - 查找并点击登录按钮...
2025-12-27 02:51:31,481 - INFO - 已点击登录按钮
2025-12-27 02:51:38,501 - INFO - 开始填写登录表单...
2025-12-27 02:51:38,564 - INFO - 用户名填写完成
2025-12-27 02:51:38,633 - INFO - 密码填写完成
2025-12-27 02:51:38,634 - INFO - 验证码图片已保存到 /home/runner/work/nju_electric_monitor/nju_electric_monitor/src/../data/captcha_debug.png
2025-12-27 02:51:38,634 - INFO - 验证码识别尝试 20/30
2025-12-27 02:51:38,634 - INFO - 开始识别验证码...（easyocr + pytesseract）
2025-12-27 02:51:38,734 - INFO - easyocr 结果: ['Z4k6(0.31)']
2025-12-27 02:51:38,830 - INFO - tesseract 结果: Zzdke
2025-12-27 02:51:38,891 - INFO - easyocr alt1 结果: ['ZdKG(0.65)']
2025-12-27 02:51:38,995 - INFO - tesseract alt1 结果: Zak
2025-12-27 02:51:39,055 - INFO - easyocr alt2 结果: ['ZdKG(0.58)']
2025-12-27 02:51:39,155 - INFO - tesseract alt2 结果: Zdk6
2025-12-27 02:51:39,312 - INFO - easyocr alt3 结果: ['ZdKG(0.81)']
2025-12-27 02:51:39,423 - INFO - tesseract alt3 结果: Zdk6
2025-12-27 02:51:39,483 - INFO - easyocr alt4 结果: ['ZdKG(0.40)']
2025-12-27 02:51:39,581 - INFO - tesseract alt4 结果: zdke
2025-12-27 02:51:39,641 - INFO - easyocr alt5 结果: ['Z0KG(0.62)']
2025-12-27 02:51:39,737 - INFO - tesseract alt5 结果: Z0k6
2025-12-27 02:51:39,737 - INFO - 最终验证码识别结果: ZdKG (engine=easyocr_alt3, prob=0.8126177787780762)
2025-12-27 02:51:39,737 - INFO - 查找验证码输入框...
2025-12-27 02:51:39,795 - INFO - 验证码填写完成
2025-12-27 02:51:39,795 - INFO - 验证码填写完成，点击登录按钮...
2025-12-27 02:51:39,795 - INFO - 查找并点击登录按钮...
2025-12-27 02:51:40,206 - INFO - 已点击登录按钮
2025-12-27 02:51:47,226 - INFO - 开始填写登录表单...
2025-12-27 02:51:47,286 - INFO - 用户名填写完成
2025-12-27 02:51:47,342 - INFO - 密码填写完成
2025-12-27 02:51:47,343 - INFO - 验证码图片已保存到 /home/runner/work/nju_electric_monitor/nju_electric_monitor/src/../data/captcha_debug.png
2025-12-27 02:51:47,343 - INFO - 验证码识别尝试 21/30
2025-12-27 02:51:47,343 - INFO - 开始识别验证码...（easyocr + pytesseract）
2025-12-27 02:51:47,441 - INFO - easyocr 结果: ['Z4k6(0.31)']
2025-12-27 02:51:47,536 - INFO - tesseract 结果: Zzdke
2025-12-27 02:51:47,596 - INFO - easyocr alt1 结果: ['ZdKG(0.65)']
2025-12-27 02:51:47,696 - INFO - tesseract alt1 结果: Zak
2025-12-27 02:51:47,754 - INFO - easyocr alt2 结果: ['ZdKG(0.58)']
2025-12-27 02:51:47,852 - INFO - tesseract alt2 结果: Zdk6
2025-12-27 02:51:48,005 - INFO - easyocr alt3 结果: ['ZdKG(0.81)']
2025-12-27 02:51:48,112 - INFO - tesseract alt3 结果: Zdk6
2025-12-27 02:51:48,170 - INFO - easyocr alt4 结果: ['ZdKG(0.40)']
2025-12-27 02:51:48,267 - INFO - tesseract alt4 结果: zdke
2025-12-27 02:51:48,325 - INFO - easyocr alt5 结果: ['Z0KG(0.62)']
2025-12-27 02:51:48,422 - INFO - tesseract alt5 结果: Z0k6
2025-12-27 02:51:48,422 - INFO - 最终验证码识别结果: ZdKG (engine=easyocr_alt3, prob=0.8126177787780762)
2025-12-27 02:51:48,422 - INFO - 查找验证码输入框...
2025-12-27 02:51:48,477 - INFO - 验证码填写完成
2025-12-27 02:51:48,477 - INFO - 验证码填写完成，点击登录按钮...
2025-12-27 02:51:48,477 - INFO - 查找并点击登录按钮...
2025-12-27 02:51:48,533 - INFO - 已点击登录按钮
2025-12-27 02:51:55,553 - INFO - 开始填写登录表单...
2025-12-27 02:51:55,612 - INFO - 用户名填写完成
2025-12-27 02:51:55,670 - INFO - 密码填写完成
2025-12-27 02:51:55,670 - INFO - 验证码图片已保存到 /home/runner/work/nju_electric_monitor/nju_electric_monitor/src/../data/captcha_debug.png
2025-12-27 02:51:55,670 - INFO - 验证码识别尝试 22/30
2025-12-27 02:51:55,671 - INFO - 开始识别验证码...（easyocr + pytesseract）
2025-12-27 02:51:55,778 - INFO - easyocr 结果: ['Z4k6(0.31)']
2025-12-27 02:51:55,872 - INFO - tesseract 结果: Zzdke
2025-12-27 02:51:55,932 - INFO - easyocr alt1 结果: ['ZdKG(0.65)']
2025-12-27 02:51:56,032 - INFO - tesseract alt1 结果: Zak
2025-12-27 02:51:56,090 - INFO - easyocr alt2 结果: ['ZdKG(0.58)']
2025-12-27 02:51:56,185 - INFO - tesseract alt2 结果: Zdk6
2025-12-27 02:51:56,338 - INFO - easyocr alt3 结果: ['ZdKG(0.81)']
2025-12-27 02:51:56,447 - INFO - tesseract alt3 结果: Zdk6
2025-12-27 02:51:56,506 - INFO - easyocr alt4 结果: ['ZdKG(0.40)']
2025-12-27 02:51:56,598 - INFO - tesseract alt4 结果: zdke
2025-12-27 02:51:56,667 - INFO - easyocr alt5 结果: ['Z0KG(0.62)']
2025-12-27 02:51:56,764 - INFO - tesseract alt5 结果: Z0k6
2025-12-27 02:51:56,764 - INFO - 最终验证码识别结果: ZdKG (engine=easyocr_alt3, prob=0.8126177787780762)
2025-12-27 02:51:56,764 - INFO - 查找验证码输入框...
2025-12-27 02:51:56,820 - INFO - 验证码填写完成
2025-12-27 02:51:56,820 - INFO - 验证码填写完成，点击登录按钮...
2025-12-27 02:51:56,820 - INFO - 查找并点击登录按钮...
2025-12-27 02:51:56,876 - INFO - 已点击登录按钮
2025-12-27 02:52:03,896 - INFO - 开始填写登录表单...
2025-12-27 02:52:03,956 - INFO - 用户名填写完成
2025-12-27 02:52:04,013 - INFO - 密码填写完成
2025-12-27 02:52:04,014 - INFO - 验证码图片已保存到 /home/runner/work/nju_electric_monitor/nju_electric_monitor/src/../data/captcha_debug.png
2025-12-27 02:52:04,014 - INFO - 验证码识别尝试 23/30
2025-12-27 02:52:04,014 - INFO - 开始识别验证码...（easyocr + pytesseract）
2025-12-27 02:52:04,111 - INFO - easyocr 结果: ['Z4k6(0.31)']
2025-12-27 02:52:04,205 - INFO - tesseract 结果: Zzdke
2025-12-27 02:52:04,266 - INFO - easyocr alt1 结果: ['ZdKG(0.65)']
2025-12-27 02:52:04,364 - INFO - tesseract alt1 结果: Zak
2025-12-27 02:52:04,423 - INFO - easyocr alt2 结果: ['ZdKG(0.58)']
2025-12-27 02:52:04,520 - INFO - tesseract alt2 结果: Zdk6
2025-12-27 02:52:04,674 - INFO - easyocr alt3 结果: ['ZdKG(0.81)']
2025-12-27 02:52:04,783 - INFO - tesseract alt3 结果: Zdk6
2025-12-27 02:52:04,850 - INFO - easyocr alt4 结果: ['ZdKG(0.40)']
2025-12-27 02:52:04,944 - INFO - tesseract alt4 结果: zdke
2025-12-27 02:52:05,003 - INFO - easyocr alt5 结果: ['Z0KG(0.62)']
2025-12-27 02:52:05,097 - INFO - tesseract alt5 结果: Z0k6
2025-12-27 02:52:05,098 - INFO - 最终验证码识别结果: ZdKG (engine=easyocr_alt3, prob=0.8126177787780762)
2025-12-27 02:52:05,098 - INFO - 查找验证码输入框...
2025-12-27 02:52:05,153 - INFO - 验证码填写完成
2025-12-27 02:52:05,153 - INFO - 验证码填写完成，点击登录按钮...
2025-12-27 02:52:05,153 - INFO - 查找并点击登录按钮...
2025-12-27 02:52:05,208 - INFO - 已点击登录按钮
2025-12-27 02:52:12,228 - INFO - 开始填写登录表单...
2025-12-27 02:52:12,287 - INFO - 用户名填写完成
2025-12-27 02:52:12,344 - INFO - 密码填写完成
2025-12-27 02:52:12,345 - INFO - 验证码图片已保存到 /home/runner/work/nju_electric_monitor/nju_electric_monitor/src/../data/captcha_debug.png
2025-12-27 02:52:12,345 - INFO - 验证码识别尝试 24/30
2025-12-27 02:52:12,345 - INFO - 开始识别验证码...（easyocr + pytesseract）
2025-12-27 02:52:12,448 - INFO - easyocr 结果: ['Z4k6(0.31)']
2025-12-27 02:52:12,543 - INFO - tesseract 结果: Zzdke
2025-12-27 02:52:12,613 - INFO - easyocr alt1 结果: ['ZdKG(0.65)']
2025-12-27 02:52:12,714 - INFO - tesseract alt1 结果: Zak
2025-12-27 02:52:12,773 - INFO - easyocr alt2 结果: ['ZdKG(0.58)']
2025-12-27 02:52:12,871 - INFO - tesseract alt2 结果: Zdk6
2025-12-27 02:52:13,024 - INFO - easyocr alt3 结果: ['ZdKG(0.81)']
2025-12-27 02:52:13,136 - INFO - tesseract alt3 结果: Zdk6
2025-12-27 02:52:13,194 - INFO - easyocr alt4 结果: ['ZdKG(0.40)']
2025-12-27 02:52:13,287 - INFO - tesseract alt4 结果: zdke
2025-12-27 02:52:13,345 - INFO - easyocr alt5 结果: ['Z0KG(0.62)']
2025-12-27 02:52:13,441 - INFO - tesseract alt5 结果: Z0k6
2025-12-27 02:52:13,441 - INFO - 最终验证码识别结果: ZdKG (engine=easyocr_alt3, prob=0.8126177787780762)
2025-12-27 02:52:13,441 - INFO - 查找验证码输入框...
2025-12-27 02:52:13,497 - INFO - 验证码填写完成
2025-12-27 02:52:13,497 - INFO - 验证码填写完成，点击登录按钮...
2025-12-27 02:52:13,497 - INFO - 查找并点击登录按钮...
2025-12-27 02:52:13,894 - INFO - 已点击登录按钮
2025-12-27 02:52:20,914 - INFO - 开始填写登录表单...
2025-12-27 02:52:20,974 - INFO - 用户名填写完成
2025-12-27 02:52:21,030 - INFO - 密码填写完成
2025-12-27 02:52:21,030 - INFO - 验证码图片已保存到 /home/runner/work/nju_electric_monitor/nju_electric_monitor/src/../data/captcha_debug.png
2025-12-27 02:52:21,030 - INFO - 验证码识别尝试 25/30
2025-12-27 02:52:21,030 - INFO - 开始识别验证码...（easyocr + pytesseract）
2025-12-27 02:52:21,126 - INFO - easyocr 结果: ['Z4k6(0.31)']
2025-12-27 02:52:21,220 - INFO - tesseract 结果: Zzdke
2025-12-27 02:52:21,280 - INFO - easyocr alt1 结果: ['ZdKG(0.65)']
2025-12-27 02:52:21,375 - INFO - tesseract alt1 结果: Zak
2025-12-27 02:52:21,434 - INFO - easyocr alt2 结果: ['ZdKG(0.58)']
2025-12-27 02:52:21,530 - INFO - tesseract alt2 结果: Zdk6
2025-12-27 02:52:21,684 - INFO - easyocr alt3 结果: ['ZdKG(0.81)']
2025-12-27 02:52:21,793 - INFO - tesseract alt3 结果: Zdk6
2025-12-27 02:52:21,851 - INFO - easyocr alt4 结果: ['ZdKG(0.40)']
2025-12-27 02:52:21,946 - INFO - tesseract alt4 结果: zdke
2025-12-27 02:52:22,005 - INFO - easyocr alt5 结果: ['Z0KG(0.62)']
2025-12-27 02:52:22,099 - INFO - tesseract alt5 结果: Z0k6
2025-12-27 02:52:22,099 - INFO - 最终验证码识别结果: ZdKG (engine=easyocr_alt3, prob=0.8126177787780762)
2025-12-27 02:52:22,099 - INFO - 查找验证码输入框...
2025-12-27 02:52:22,155 - INFO - 验证码填写完成
2025-12-27 02:52:22,155 - INFO - 验证码填写完成，点击登录按钮...
2025-12-27 02:52:22,155 - INFO - 查找并点击登录按钮...
2025-12-27 02:52:22,210 - INFO - 已点击登录按钮
2025-12-27 02:52:29,230 - INFO - 开始填写登录表单...
2025-12-27 02:52:29,290 - INFO - 用户名填写完成
2025-12-27 02:52:29,346 - INFO - 密码填写完成
2025-12-27 02:52:29,347 - INFO - 验证码图片已保存到 /home/runner/work/nju_electric_monitor/nju_electric_monitor/src/../data/captcha_debug.png
2025-12-27 02:52:29,347 - INFO - 验证码识别尝试 26/30
2025-12-27 02:52:29,347 - INFO - 开始识别验证码...（easyocr + pytesseract）
2025-12-27 02:52:29,443 - INFO - easyocr 结果: ['Z4k6(0.31)']
2025-12-27 02:52:29,538 - INFO - tesseract 结果: Zzdke
2025-12-27 02:52:29,597 - INFO - easyocr alt1 结果: ['ZdKG(0.65)']
2025-12-27 02:52:29,695 - INFO - tesseract alt1 结果: Zak
2025-12-27 02:52:29,754 - INFO - easyocr alt2 结果: ['ZdKG(0.58)']
2025-12-27 02:52:29,853 - INFO - tesseract alt2 结果: Zdk6
2025-12-27 02:52:30,006 - INFO - easyocr alt3 结果: ['ZdKG(0.81)']
2025-12-27 02:52:30,116 - INFO - tesseract alt3 结果: Zdk6
2025-12-27 02:52:30,174 - INFO - easyocr alt4 结果: ['ZdKG(0.40)']
2025-12-27 02:52:30,268 - INFO - tesseract alt4 结果: zdke
2025-12-27 02:52:30,327 - INFO - easyocr alt5 结果: ['Z0KG(0.62)']
2025-12-27 02:52:30,420 - INFO - tesseract alt5 结果: Z0k6
2025-12-27 02:52:30,421 - INFO - 最终验证码识别结果: ZdKG (engine=easyocr_alt3, prob=0.8126177787780762)
2025-12-27 02:52:30,421 - INFO - 查找验证码输入框...
2025-12-27 02:52:30,476 - INFO - 验证码填写完成
2025-12-27 02:52:30,476 - INFO - 验证码填写完成，点击登录按钮...
2025-12-27 02:52:30,476 - INFO - 查找并点击登录按钮...
2025-12-27 02:52:30,531 - INFO - 已点击登录按钮
2025-12-27 02:52:37,551 - INFO - 开始填写登录表单...
2025-12-27 02:52:37,611 - INFO - 用户名填写完成
2025-12-27 02:52:37,668 - INFO - 密码填写完成
2025-12-27 02:52:37,669 - INFO - 验证码图片已保存到 /home/runner/work/nju_electric_monitor/nju_electric_monitor/src/../data/captcha_debug.png
2025-12-27 02:52:37,669 - INFO - 验证码识别尝试 27/30
2025-12-27 02:52:37,669 - INFO - 开始识别验证码...（easyocr + pytesseract）
2025-12-27 02:52:37,765 - INFO - easyocr 结果: ['Z4k6(0.31)']
2025-12-27 02:52:37,858 - INFO - tesseract 结果: Zzdke
2025-12-27 02:52:37,917 - INFO - easyocr alt1 结果: ['ZdKG(0.65)']
2025-12-27 02:52:38,013 - INFO - tesseract alt1 结果: Zak
2025-12-27 02:52:38,071 - INFO - easyocr alt2 结果: ['ZdKG(0.58)']
2025-12-27 02:52:38,169 - INFO - tesseract alt2 结果: Zdk6
2025-12-27 02:52:38,323 - INFO - easyocr alt3 结果: ['ZdKG(0.81)']
2025-12-27 02:52:38,430 - INFO - tesseract alt3 结果: Zdk6
2025-12-27 02:52:38,489 - INFO - easyocr alt4 结果: ['ZdKG(0.40)']
2025-12-27 02:52:38,583 - INFO - tesseract alt4 结果: zdke
2025-12-27 02:52:38,641 - INFO - easyocr alt5 结果: ['Z0KG(0.62)']
2025-12-27 02:52:38,736 - INFO - tesseract alt5 结果: Z0k6
2025-12-27 02:52:38,737 - INFO - 最终验证码识别结果: ZdKG (engine=easyocr_alt3, prob=0.8126177787780762)
2025-12-27 02:52:38,737 - INFO - 查找验证码输入框...
2025-12-27 02:52:38,792 - INFO - 验证码填写完成
2025-12-27 02:52:38,792 - INFO - 验证码填写完成，点击登录按钮...
2025-12-27 02:52:38,792 - INFO - 查找并点击登录按钮...
2025-12-27 02:52:38,847 - INFO - 已点击登录按钮
2025-12-27 02:52:45,867 - INFO - 开始填写登录表单...
2025-12-27 02:52:45,929 - INFO - 用户名填写完成
2025-12-27 02:52:45,987 - INFO - 密码填写完成
2025-12-27 02:52:45,987 - INFO - 验证码图片已保存到 /home/runner/work/nju_electric_monitor/nju_electric_monitor/src/../data/captcha_debug.png
2025-12-27 02:52:45,987 - INFO - 验证码识别尝试 28/30
2025-12-27 02:52:45,987 - INFO - 开始识别验证码...（easyocr + pytesseract）
2025-12-27 02:52:46,084 - INFO - easyocr 结果: ['Z4k6(0.31)']
2025-12-27 02:52:46,180 - INFO - tesseract 结果: Zzdke
2025-12-27 02:52:46,240 - INFO - easyocr alt1 结果: ['ZdKG(0.65)']
2025-12-27 02:52:46,340 - INFO - tesseract alt1 结果: Zak
2025-12-27 02:52:46,398 - INFO - easyocr alt2 结果: ['ZdKG(0.58)']
2025-12-27 02:52:46,494 - INFO - tesseract alt2 结果: Zdk6
2025-12-27 02:52:46,647 - INFO - easyocr alt3 结果: ['ZdKG(0.81)']
2025-12-27 02:52:46,755 - INFO - tesseract alt3 结果: Zdk6
2025-12-27 02:52:46,813 - INFO - easyocr alt4 结果: ['ZdKG(0.40)']
2025-12-27 02:52:46,910 - INFO - tesseract alt4 结果: zdke
2025-12-27 02:52:46,968 - INFO - easyocr alt5 结果: ['Z0KG(0.62)']
2025-12-27 02:52:47,063 - INFO - tesseract alt5 结果: Z0k6
2025-12-27 02:52:47,064 - INFO - 最终验证码识别结果: ZdKG (engine=easyocr_alt3, prob=0.8126177787780762)
2025-12-27 02:52:47,064 - INFO - 查找验证码输入框...
2025-12-27 02:52:47,120 - INFO - 验证码填写完成
2025-12-27 02:52:47,120 - INFO - 验证码填写完成，点击登录按钮...
2025-12-27 02:52:47,120 - INFO - 查找并点击登录按钮...
2025-12-27 02:52:47,176 - INFO - 已点击登录按钮
2025-12-27 02:52:54,196 - INFO - 开始填写登录表单...
2025-12-27 02:52:54,255 - INFO - 用户名填写完成
2025-12-27 02:52:54,311 - INFO - 密码填写完成
2025-12-27 02:52:54,312 - INFO - 验证码图片已保存到 /home/runner/work/nju_electric_monitor/nju_electric_monitor/src/../data/captcha_debug.png
2025-12-27 02:52:54,312 - INFO - 验证码识别尝试 29/30
2025-12-27 02:52:54,312 - INFO - 开始识别验证码...（easyocr + pytesseract）
2025-12-27 02:52:54,416 - INFO - easyocr 结果: ['Z4k6(0.31)']
2025-12-27 02:52:54,510 - INFO - tesseract 结果: Zzdke
2025-12-27 02:52:54,569 - INFO - easyocr alt1 结果: ['ZdKG(0.65)']
2025-12-27 02:52:54,665 - INFO - tesseract alt1 结果: Zak
2025-12-27 02:52:54,724 - INFO - easyocr alt2 结果: ['ZdKG(0.58)']
2025-12-27 02:52:54,823 - INFO - tesseract alt2 结果: Zdk6
2025-12-27 02:52:54,976 - INFO - easyocr alt3 结果: ['ZdKG(0.81)']
2025-12-27 02:52:55,089 - INFO - tesseract alt3 结果: Zdk6
2025-12-27 02:52:55,147 - INFO - easyocr alt4 结果: ['ZdKG(0.40)']
2025-12-27 02:52:55,241 - INFO - tesseract alt4 结果: zdke
2025-12-27 02:52:55,300 - INFO - easyocr alt5 结果: ['Z0KG(0.62)']
2025-12-27 02:52:55,393 - INFO - tesseract alt5 结果: Z0k6
2025-12-27 02:52:55,393 - INFO - 最终验证码识别结果: ZdKG (engine=easyocr_alt3, prob=0.8126177787780762)
2025-12-27 02:52:55,393 - INFO - 查找验证码输入框...
2025-12-27 02:52:55,449 - INFO - 验证码填写完成
2025-12-27 02:52:55,449 - INFO - 验证码填写完成，点击登录按钮...
2025-12-27 02:52:55,449 - INFO - 查找并点击登录按钮...
2025-12-27 02:52:55,849 - INFO - 已点击登录按钮
2025-12-27 02:53:02,868 - INFO - 开始填写登录表单...
2025-12-27 02:53:02,928 - INFO - 用户名填写完成
2025-12-27 02:53:02,984 - INFO - 密码填写完成
2025-12-27 02:53:02,985 - INFO - 验证码图片已保存到 /home/runner/work/nju_electric_monitor/nju_electric_monitor/src/../data/captcha_debug.png
2025-12-27 02:53:02,985 - INFO - 验证码识别尝试 30/30
2025-12-27 02:53:02,985 - INFO - 开始识别验证码...（easyocr + pytesseract）
2025-12-27 02:53:03,082 - INFO - easyocr 结果: ['Z4k6(0.31)']
2025-12-27 02:53:03,176 - INFO - tesseract 结果: Zzdke
2025-12-27 02:53:03,236 - INFO - easyocr alt1 结果: ['ZdKG(0.65)']
2025-12-27 02:53:03,336 - INFO - tesseract alt1 结果: Zak
2025-12-27 02:53:03,395 - INFO - easyocr alt2 结果: ['ZdKG(0.58)']
2025-12-27 02:53:03,491 - INFO - tesseract alt2 结果: Zdk6
2025-12-27 02:53:03,644 - INFO - easyocr alt3 结果: ['ZdKG(0.81)']
2025-12-27 02:53:03,753 - INFO - tesseract alt3 结果: Zdk6
2025-12-27 02:53:03,812 - INFO - easyocr alt4 结果: ['ZdKG(0.40)']
2025-12-27 02:53:03,907 - INFO - tesseract alt4 结果: zdke
2025-12-27 02:53:03,966 - INFO - easyocr alt5 结果: ['Z0KG(0.62)']
2025-12-27 02:53:04,064 - INFO - tesseract alt5 结果: Z0k6
2025-12-27 02:53:04,064 - INFO - 最终验证码识别结果: ZdKG (engine=easyocr_alt3, prob=0.8126177787780762)
2025-12-27 02:53:04,064 - INFO - 查找验证码输入框...
2025-12-27 02:53:04,119 - INFO - 验证码填写完成
2025-12-27 02:53:04,119 - INFO - 验证码填写完成，点击登录按钮...
2025-12-27 02:53:04,119 - INFO - 查找并点击登录按钮...
2025-12-27 02:53:04,175 - INFO - 已点击登录按钮
2025-12-27 02:53:11,195 - WARNING - 自动验证码识别失败，请手动输入
请手动输入验证码: 2025-12-27 02:53:11,195 - ERROR - 处理验证码时出错: EOF when reading a line
2025-12-27 02:53:11,195 - WARNING - 验证码处理失败，但继续尝试登录
2025-12-27 02:53:11,195 - INFO - 查找并点击登录按钮...
2025-12-27 02:53:11,250 - INFO - 已点击登录按钮
2025-12-27 02:53:16,250 - INFO - 等待登录成功...
2025-12-27 02:53:21,255 - INFO - 登录可能成功，继续下一步...
2025-12-27 02:53:21,255 - INFO - 查找'去充值'按钮...
2025-12-27 02:53:21,317 - INFO - 已点击充值按钮
2025-12-27 02:53:24,318 - INFO - 开始提取剩余电量信息...
2025-12-27 02:53:24,322 - INFO - 页面源码已保存到 /home/runner/work/nju_electric_monitor/nju_electric_monitor/src/../data/debug_page_source.html
2025-12-27 02:53:24,331 - WARNING - 未找到电量信息元素，尝试其他方法...
2025-12-27 02:53:24,339 - WARNING - 未找到i标签中的电量信息，尝试其他方法...
2025-12-27 02:53:24,343 - INFO - 在页面源码中查找电量信息...
2025-12-27 02:53:24,354 - WARNING - 未能提取到剩余电量信息
2025-12-27 02:53:24,354 - WARNING - 没有电量数据可保存
2025-12-27 02:53:24,355 - INFO - 监控流程完成
Wrapper end: 2025-12-27T10:53:24.462275+08:00
