Wrapper start: 2026-01-22T11:04:09.278832+08:00

=== ENVIRONMENT SUMMARY ===
Environment variable keys (count=119):
- ACCEPT_EULA
- ACTIONS_RUNNER_ACTION_ARCHIVE_CACHE
- AGENT_TOOLSDIRECTORY
- ANDROID_HOME
- ANDROID_NDK
- ANDROID_NDK_HOME
- ANDROID_NDK_LATEST_HOME
- ANDROID_NDK_ROOT
- ANDROID_SDK_ROOT
- ANT_HOME
NJU_USERNAME set: yes
NJU_PASSWORD set: yes

=== DISK USAGE (df -h) ===
Filesystem      Size  Used Avail Use% Mounted on
/dev/root        72G   59G   14G  82% /
tmpfs           7.9G   84K  7.9G   1% /dev/shm
tmpfs           3.2G  3.3M  3.2G   1% /run
tmpfs           5.0M     0  5.0M   0% /run/lock
/dev/sda16      881M   62M  758M   8% /boot
/dev/sda15      105M  6.2M   99M   6% /boot/efi
/dev/sdb1        74G  4.1G   66G   6% /mnt
tmpfs           1.6G   12K  1.6G   1% /run/user/1001


=== KEY DIR SIZES ===
12M	/home/runner/work/nju_electric_monitor/nju_electric_monitor/src/../logs

284K	/home/runner/work/nju_electric_monitor/nju_electric_monitor/src/../data

101M	/home/runner/work/nju_electric_monitor/nju_electric_monitor/src/../models


=== CONFIG_WORKFLOW SUMMARY ===
{
  "username": "",
  "password": "",
  "auto_login": true,
  "headless_mode": true,
  "captcha_retry_count": 30,
  "captcha_confidence_threshold": 0.3,
  "save_captcha_images": true,
  "log_level": "INFO"
}

=== FONT DIAGNOSTICS ===
Found system fonts (ttf) count: 59
- /usr/share/fonts/truetype/liberation/LiberationMono-Italic.ttf
- /usr/share/fonts/truetype/lato/Lato-HairlineItalic.ttf
- /usr/share/fonts/truetype/lato/Lato-LightItalic.ttf
- /usr/share/fonts/truetype/dejavu/DejaVuSansMono.ttf
- /usr/share/fonts/truetype/dejavu/DejaVuSansMono-BoldOblique.ttf
- /usr/share/fonts/truetype/dejavu/DejaVuSansMono-Bold.ttf
- /usr/share/fonts/truetype/dejavu/DejaVuSerif-Italic.ttf
- /usr/share/fonts/truetype/lato/Lato-Bold.ttf
- /usr/share/fonts/truetype/dejavu/DejaVuMathTeXGyre.ttf
- /usr/share/fonts/truetype/dejavu/DejaVuSansCondensed-BoldOblique.ttf
- /usr/share/fonts/truetype/lato/Lato-Regular.ttf
- /usr/share/fonts/truetype/dejavu/DejaVuSerifCondensed-Bold.ttf
- /usr/share/fonts/truetype/lato/Lato-SemiboldItalic.ttf
- /usr/share/fonts/truetype/dejavu/DejaVuSansCondensed.ttf
- /usr/share/fonts/truetype/noto/NotoColorEmoji.ttf
- /usr/share/fonts/truetype/lato/Lato-Italic.ttf
- /usr/share/fonts/opentype/noto/NotoSerifCJK-Regular.ttc
- /usr/share/fonts/truetype/liberation/LiberationMono-Bold.ttf
- /usr/share/fonts/truetype/lato/Lato-Semibold.ttf
- /usr/share/fonts/truetype/wqy/wqy-microhei.ttc
- /usr/share/fonts/truetype/dejavu/DejaVuSerif.ttf
- /usr/share/fonts/truetype/lato/Lato-Black.ttf
- /usr/share/fonts/truetype/liberation/LiberationSans-BoldItalic.ttf
- /usr/share/fonts/truetype/liberation/LiberationSerif-BoldItalic.ttf
- /usr/share/fonts/truetype/lato/Lato-BoldItalic.ttf
- /usr/share/fonts/truetype/dejavu/DejaVuSansMono-Oblique.ttf
- /usr/share/fonts/truetype/dejavu/DejaVuSans-Oblique.ttf
- /usr/share/fonts/truetype/dejavu/DejaVuSans-Bold.ttf
- /usr/share/fonts/truetype/lato/Lato-HeavyItalic.ttf
- /usr/share/fonts/truetype/liberation/LiberationMono-Regular.ttf
- /usr/share/fonts/truetype/lato/Lato-MediumItalic.ttf
- /usr/share/fonts/opentype/noto/NotoSerifCJK-Bold.ttc
- /usr/share/fonts/truetype/liberation/LiberationSerif-Regular.ttf
- /usr/share/fonts/truetype/dejavu/DejaVuSerif-Bold.ttf
- /usr/share/fonts/truetype/dejavu/DejaVuSans.ttf
- /usr/share/fonts/truetype/lato/Lato-Thin.ttf
- /usr/share/fonts/opentype/noto/NotoSansCJK-Bold.ttc
- /usr/share/fonts/truetype/lato/Lato-Light.ttf
- /usr/share/fonts/truetype/liberation/LiberationSans-Bold.ttf
- /usr/share/fonts/truetype/dejavu/DejaVuSerifCondensed-Italic.ttf
- /usr/share/fonts/truetype/liberation/LiberationSerif-Italic.ttf
- /usr/share/fonts/truetype/liberation/LiberationSans-Italic.ttf
- /usr/share/fonts/opentype/noto/NotoSansCJK-Regular.ttc
- /usr/share/fonts/truetype/dejavu/DejaVuSerifCondensed-BoldItalic.ttf
- /usr/share/fonts/truetype/dejavu/DejaVuSans-ExtraLight.ttf
- /usr/share/fonts/truetype/lato/Lato-BlackItalic.ttf
- /usr/share/fonts/truetype/dejavu/DejaVuSans-BoldOblique.ttf
- /usr/share/fonts/truetype/wqy/wqy-zenhei.ttc
- /usr/share/fonts/truetype/liberation/LiberationMono-BoldItalic.ttf
- /usr/share/fonts/truetype/lato/Lato-Medium.ttf

FontManager samples (name -> path):
DejaVu Sans Mono -> /opt/hostedtoolcache/Python/3.14.2/x64/lib/python3.14/site-packages/matplotlib/mpl-data/fonts/ttf/DejaVuSansMono-BoldOblique.ttf
cmb10 -> /opt/hostedtoolcache/Python/3.14.2/x64/lib/python3.14/site-packages/matplotlib/mpl-data/fonts/ttf/cmb10.ttf
DejaVu Serif -> /opt/hostedtoolcache/Python/3.14.2/x64/lib/python3.14/site-packages/matplotlib/mpl-data/fonts/ttf/DejaVuSerif.ttf
STIXGeneral -> /opt/hostedtoolcache/Python/3.14.2/x64/lib/python3.14/site-packages/matplotlib/mpl-data/fonts/ttf/STIXGeneralBol.ttf
cmsy10 -> /opt/hostedtoolcache/Python/3.14.2/x64/lib/python3.14/site-packages/matplotlib/mpl-data/fonts/ttf/cmsy10.ttf
STIXSizeFourSym -> /opt/hostedtoolcache/Python/3.14.2/x64/lib/python3.14/site-packages/matplotlib/mpl-data/fonts/ttf/STIXSizFourSymReg.ttf
STIXSizeFiveSym -> /opt/hostedtoolcache/Python/3.14.2/x64/lib/python3.14/site-packages/matplotlib/mpl-data/fonts/ttf/STIXSizFiveSymReg.ttf
DejaVu Sans Display -> /opt/hostedtoolcache/Python/3.14.2/x64/lib/python3.14/site-packages/matplotlib/mpl-data/fonts/ttf/DejaVuSansDisplay.ttf
DejaVu Serif -> /opt/hostedtoolcache/Python/3.14.2/x64/lib/python3.14/site-packages/matplotlib/mpl-data/fonts/ttf/DejaVuSerif-Bold.ttf
STIXGeneral -> /opt/hostedtoolcache/Python/3.14.2/x64/lib/python3.14/site-packages/matplotlib/mpl-data/fonts/ttf/STIXGeneral.ttf
STIXGeneral -> /opt/hostedtoolcache/Python/3.14.2/x64/lib/python3.14/site-packages/matplotlib/mpl-data/fonts/ttf/STIXGeneralItalic.ttf
DejaVu Sans -> /opt/hostedtoolcache/Python/3.14.2/x64/lib/python3.14/site-packages/matplotlib/mpl-data/fonts/ttf/DejaVuSans-Oblique.ttf
DejaVu Serif Display -> /opt/hostedtoolcache/Python/3.14.2/x64/lib/python3.14/site-packages/matplotlib/mpl-data/fonts/ttf/DejaVuSerifDisplay.ttf
cmmi10 -> /opt/hostedtoolcache/Python/3.14.2/x64/lib/python3.14/site-packages/matplotlib/mpl-data/fonts/ttf/cmmi10.ttf
STIXSizeTwoSym -> /opt/hostedtoolcache/Python/3.14.2/x64/lib/python3.14/site-packages/matplotlib/mpl-data/fonts/ttf/STIXSizTwoSymBol.ttf
STIXGeneral -> /opt/hostedtoolcache/Python/3.14.2/x64/lib/python3.14/site-packages/matplotlib/mpl-data/fonts/ttf/STIXGeneralBolIta.ttf
DejaVu Sans -> /opt/hostedtoolcache/Python/3.14.2/x64/lib/python3.14/site-packages/matplotlib/mpl-data/fonts/ttf/DejaVuSans-Bold.ttf
DejaVu Serif -> /opt/hostedtoolcache/Python/3.14.2/x64/lib/python3.14/site-packages/matplotlib/mpl-data/fonts/ttf/DejaVuSerif-Italic.ttf
DejaVu Sans Mono -> /opt/hostedtoolcache/Python/3.14.2/x64/lib/python3.14/site-packages/matplotlib/mpl-data/fonts/ttf/DejaVuSansMono-Oblique.ttf
STIXNonUnicode -> /opt/hostedtoolcache/Python/3.14.2/x64/lib/python3.14/site-packages/matplotlib/mpl-data/fonts/ttf/STIXNonUni.ttf
STIXSizeOneSym -> /opt/hostedtoolcache/Python/3.14.2/x64/lib/python3.14/site-packages/matplotlib/mpl-data/fonts/ttf/STIXSizOneSymBol.ttf
STIXSizeTwoSym -> /opt/hostedtoolcache/Python/3.14.2/x64/lib/python3.14/site-packages/matplotlib/mpl-data/fonts/ttf/STIXSizTwoSymReg.ttf
cmtt10 -> /opt/hostedtoolcache/Python/3.14.2/x64/lib/python3.14/site-packages/matplotlib/mpl-data/fonts/ttf/cmtt10.ttf
STIXNonUnicode -> /opt/hostedtoolcache/Python/3.14.2/x64/lib/python3.14/site-packages/matplotlib/mpl-data/fonts/ttf/STIXNonUniBol.ttf
STIXSizeFourSym -> /opt/hostedtoolcache/Python/3.14.2/x64/lib/python3.14/site-packages/matplotlib/mpl-data/fonts/ttf/STIXSizFourSymBol.ttf
cmr10 -> /opt/hostedtoolcache/Python/3.14.2/x64/lib/python3.14/site-packages/matplotlib/mpl-data/fonts/ttf/cmr10.ttf
DejaVu Sans -> /opt/hostedtoolcache/Python/3.14.2/x64/lib/python3.14/site-packages/matplotlib/mpl-data/fonts/ttf/DejaVuSans-BoldOblique.ttf
STIXNonUnicode -> /opt/hostedtoolcache/Python/3.14.2/x64/lib/python3.14/site-packages/matplotlib/mpl-data/fonts/ttf/STIXNonUniBolIta.ttf
DejaVu Sans Mono -> /opt/hostedtoolcache/Python/3.14.2/x64/lib/python3.14/site-packages/matplotlib/mpl-data/fonts/ttf/DejaVuSansMono-Bold.ttf
DejaVu Sans Mono -> /opt/hostedtoolcache/Python/3.14.2/x64/lib/python3.14/site-packages/matplotlib/mpl-data/fonts/ttf/DejaVuSansMono.ttf
STIXSizeThreeSym -> /opt/hostedtoolcache/Python/3.14.2/x64/lib/python3.14/site-packages/matplotlib/mpl-data/fonts/ttf/STIXSizThreeSymReg.ttf
cmex10 -> /opt/hostedtoolcache/Python/3.14.2/x64/lib/python3.14/site-packages/matplotlib/mpl-data/fonts/ttf/cmex10.ttf
STIXSizeOneSym -> /opt/hostedtoolcache/Python/3.14.2/x64/lib/python3.14/site-packages/matplotlib/mpl-data/fonts/ttf/STIXSizOneSymReg.ttf
cmss10 -> /opt/hostedtoolcache/Python/3.14.2/x64/lib/python3.14/site-packages/matplotlib/mpl-data/fonts/ttf/cmss10.ttf
DejaVu Serif -> /opt/hostedtoolcache/Python/3.14.2/x64/lib/python3.14/site-packages/matplotlib/mpl-data/fonts/ttf/DejaVuSerif-BoldItalic.ttf
STIXNonUnicode -> /opt/hostedtoolcache/Python/3.14.2/x64/lib/python3.14/site-packages/matplotlib/mpl-data/fonts/ttf/STIXNonUniIta.ttf
DejaVu Sans -> /opt/hostedtoolcache/Python/3.14.2/x64/lib/python3.14/site-packages/matplotlib/mpl-data/fonts/ttf/DejaVuSans.ttf
STIXSizeThreeSym -> /opt/hostedtoolcache/Python/3.14.2/x64/lib/python3.14/site-packages/matplotlib/mpl-data/fonts/ttf/STIXSizThreeSymBol.ttf
Liberation Mono -> /usr/share/fonts/truetype/liberation/LiberationMono-Italic.ttf
Lato -> /usr/share/fonts/truetype/lato/Lato-HairlineItalic.ttf
Lato -> /usr/share/fonts/truetype/lato/Lato-LightItalic.ttf
DejaVu Sans Mono -> /usr/share/fonts/truetype/dejavu/DejaVuSansMono.ttf
DejaVu Sans Mono -> /usr/share/fonts/truetype/dejavu/DejaVuSansMono-BoldOblique.ttf
DejaVu Sans Mono -> /usr/share/fonts/truetype/dejavu/DejaVuSansMono-Bold.ttf
DejaVu Serif -> /usr/share/fonts/truetype/dejavu/DejaVuSerif-Italic.ttf
Lato -> /usr/share/fonts/truetype/lato/Lato-Bold.ttf
DejaVu Math TeX Gyre -> /usr/share/fonts/truetype/dejavu/DejaVuMathTeXGyre.ttf
DejaVu Sans -> /usr/share/fonts/truetype/dejavu/DejaVuSansCondensed-BoldOblique.ttf
Lato -> /usr/share/fonts/truetype/lato/Lato-Regular.ttf
DejaVu Serif -> /usr/share/fonts/truetype/dejavu/DejaVuSerifCondensed-Bold.ttf

Preferred font find results:
findfont('Microsoft YaHei') failed: Failed to find font Microsoft YaHei:style=normal:variant=normal:weight=normal:stretch=normal:size=10.0, and fallback to the default font was disabled
findfont('Segoe UI') failed: Failed to find font Segoe UI:style=normal:variant=normal:weight=normal:stretch=normal:size=10.0, and fallback to the default font was disabled
findfont('Arial Unicode MS') failed: Failed to find font Arial Unicode MS:style=normal:variant=normal:weight=normal:stretch=normal:size=10.0, and fallback to the default font was disabled
findfont('Noto Sans CJK SC') failed: Failed to find font Noto Sans CJK SC:style=normal:variant=normal:weight=normal:stretch=normal:size=10.0, and fallback to the default font was disabled
findfont('WenQuanYi Micro Hei') -> /usr/share/fonts/truetype/wqy/wqy-microhei.ttc
findfont('WenQuanYi Zen Hei') -> /usr/share/fonts/truetype/wqy/wqy-zenhei.ttc
findfont('DejaVu Sans') -> /opt/hostedtoolcache/Python/3.14.2/x64/lib/python3.14/site-packages/matplotlib/mpl-data/fonts/ttf/DejaVuSans.ttf

fc-list output sample (truncated to 10000 chars):
Liberation Mono - /usr/share/fonts/truetype/liberation/LiberationMono-Bold.ttf
Liberation Serif - /usr/share/fonts/truetype/liberation/LiberationSerif-BoldItalic.ttf
Lato,Lato Hairline - /usr/share/fonts/truetype/lato/Lato-Hairline.ttf
Lato,Lato Heavy - /usr/share/fonts/truetype/lato/Lato-Heavy.ttf
DejaVu Serif,DejaVu Serif Condensed - /usr/share/fonts/truetype/dejavu/DejaVuSerifCondensed-Italic.ttf
Lato,Lato Medium - /usr/share/fonts/truetype/lato/Lato-Medium.ttf
Lato,Lato Light - /usr/share/fonts/truetype/lato/Lato-LightItalic.ttf
WenQuanYi Zen Hei Sharp,文泉驛點陣正黑,文泉驿点阵正黑 - /usr/share/fonts/truetype/wqy/wqy-zenhei.ttc
WenQuanYi Micro Hei Mono,文泉驛等寬微米黑,文泉驿等宽微米黑 - /usr/share/fonts/truetype/wqy/wqy-microhei.ttc
Noto Sans Mono CJK KR - /usr/share/fonts/opentype/noto/NotoSansCJK-Bold.ttc
DejaVu Serif - /usr/share/fonts/truetype/dejavu/DejaVuSerif-Bold.ttf
Noto Sans Mono CJK JP - /usr/share/fonts/opentype/noto/NotoSansCJK-Bold.ttc
Noto Sans Mono CJK HK - /usr/share/fonts/opentype/noto/NotoSansCJK-Bold.ttc
Noto Serif CJK SC - /usr/share/fonts/opentype/noto/NotoSerifCJK-Regular.ttc
DejaVu Math TeX Gyre - /usr/share/fonts/truetype/dejavu/DejaVuMathTeXGyre.ttf
Liberation Sans - /usr/share/fonts/truetype/liberation/LiberationSans-Regular.ttf
Lato - /usr/share/fonts/truetype/lato/Lato-Italic.ttf
Liberation Sans - /usr/share/fonts/truetype/liberation/LiberationSans-Bold.ttf
Noto Serif CJK TC - /usr/share/fonts/opentype/noto/NotoSerifCJK-Regular.ttc
Noto Sans Mono CJK SC - /usr/share/fonts/opentype/noto/NotoSansCJK-Bold.ttc
Liberation Mono - /usr/share/fonts/truetype/liberation/LiberationMono-Italic.ttf
Noto Sans Mono CJK TC - /usr/share/fonts/opentype/noto/NotoSansCJK-Bold.ttc
DejaVu Sans,DejaVu Sans Condensed - /usr/share/fonts/truetype/dejavu/DejaVuSansCondensed.ttf
DejaVu Serif,DejaVu Serif Condensed - /usr/share/fonts/truetype/dejavu/DejaVuSerifCondensed.ttf
Liberation Serif - /usr/share/fonts/truetype/liberation/LiberationSerif-Italic.ttf
Lato,Lato Heavy - /usr/share/fonts/truetype/lato/Lato-HeavyItalic.ttf
Lato - /usr/share/fonts/truetype/lato/Lato-BoldItalic.ttf
Noto Serif CJK JP - /usr/share/fonts/opentype/noto/NotoSerifCJK-Regular.ttc
Lato,Lato Medium - /usr/share/fonts/truetype/lato/Lato-MediumItalic.ttf
Noto Serif CJK HK - /usr/share/fonts/opentype/noto/NotoSerifCJK-Regular.ttc
DejaVu Serif - /usr/share/fonts/truetype/dejavu/DejaVuSerif-Italic.ttf
DejaVu Sans - /usr/share/fonts/truetype/dejavu/DejaVuSans.ttf
Noto Serif CJK KR - /usr/share/fonts/opentype/noto/NotoSerifCJK-Regular.ttc
Lato,Lato Semibold - /usr/share/fonts/truetype/lato/Lato-SemiboldItalic.ttf
Lato,Lato Thin - /usr/share/fonts/truetype/lato/Lato-ThinItalic.ttf
DejaVu Sans,DejaVu Sans Condensed - /usr/share/fonts/truetype/dejavu/DejaVuSansCondensed-BoldOblique.ttf
Noto Sans CJK JP - /usr/share/fonts/opentype/noto/NotoSansCJK-Regular.ttc
Liberation Sans - /usr/share/fonts/truetype/liberation/LiberationSans-Italic.ttf
Noto Sans CJK HK - /usr/share/fonts/opentype/noto/NotoSansCJK-Regular.ttc
Lato,Lato Black - /usr/share/fonts/truetype/lato/Lato-BlackItalic.ttf
Lato,Lato Thin - /usr/share/fonts/truetype/lato/Lato-Thin.ttf
DejaVu Sans,DejaVu Sans Condensed - /usr/share/fonts/truetype/dejavu/DejaVuSansCondensed-Oblique.ttf
Noto Sans CJK KR - /usr/share/fonts/opentype/noto/NotoSansCJK-Regular.ttc
Lato,Lato Light - /usr/share/fonts/truetype/lato/Lato-Light.ttf
Noto Sans CJK TC - /usr/share/fonts/opentype/noto/NotoSansCJK-Regular.ttc
DejaVu Sans,DejaVu Sans Condensed - /usr/share/fonts/truetype/dejavu/DejaVuSansCondensed-Bold.ttf
DejaVu Sans Mono - /usr/share/fonts/truetype/dejavu/DejaVuSansMono-Oblique.ttf
Lato,Lato Hairline - /usr/share/fonts/truetype/lato/Lato-HairlineItalic.ttf
Noto Sans CJK SC - /usr/share/fonts/opentype/noto/NotoSansCJK-Regular.ttc
WenQuanYi Zen Hei,文泉驛正黑,文泉驿正黑 - /usr/share/fonts/truetype/wqy/wqy-zenhei.ttc
Lato,Lato Black - /usr/share/fonts/truetype/lato/Lato-Black.ttf
Lato - /usr/share/fonts/truetype/lato/Lato-Regular.ttf
DejaVu Sans - /usr/share/fonts/truetype/dejavu/DejaVuSans-BoldOblique.ttf
Liberation Mono - /usr/share/fonts/truetype/liberation/LiberationMono-BoldItalic.ttf
Noto Sans Mono CJK KR - /usr/share/fonts/opentype/noto/NotoSansCJK-Regular.ttc
Liberation Mono - /usr/share/fonts/truetype/liberation/LiberationMono-Regular.ttf
Noto Sans Mono CJK HK - /usr/share/fonts/opentype/noto/NotoSansCJK-Regular.ttc
DejaVu Sans,DejaVu Sans Light - /usr/share/fonts/truetype/dejavu/DejaVuSans-ExtraLight.ttf
DejaVu Serif - /usr/share/fonts/truetype/dejavu/DejaVuSerif.ttf
Noto Sans Mono CJK JP - /usr/share/fonts/opentype/noto/NotoSansCJK-Regular.ttc
Noto Serif CJK JP - /usr/share/fonts/opentype/noto/NotoSerifCJK-Bold.ttc
Noto Serif CJK HK - /usr/share/fonts/opentype/noto/NotoSerifCJK-Bold.ttc
Noto Serif CJK KR - /usr/share/fonts/opentype/noto/NotoSerifCJK-Bold.ttc
Noto Serif CJK TC - /usr/share/fonts/opentype/noto/NotoSerifCJK-Bold.ttc
Lato - /usr/share/fonts/truetype/lato/Lato-Bold.ttf
Noto Sans CJK SC - /usr/share/fonts/opentype/noto/NotoSansCJK-Bold.ttc
Noto Sans Mono CJK TC - /usr/share/fonts/opentype/noto/NotoSansCJK-Regular.ttc
Noto Sans CJK TC - /usr/share/fonts/opentype/noto/NotoSansCJK-Bold.ttc
Noto Serif CJK SC - /usr/share/fonts/opentype/noto/NotoSerifCJK-Bold.ttc
DejaVu Sans Mono - /usr/share/fonts/truetype/dejavu/DejaVuSansMono-Bold.ttf
DejaVu Serif - /usr/share/fonts/truetype/dejavu/DejaVuSerif-BoldItalic.ttf
WenQuanYi Zen Hei Mono,文泉驛等寬正黑,文泉驿等宽正黑 - /usr/share/fonts/truetype/wqy/wqy-zenhei.ttc
DejaVu Sans Mono - /usr/share/fonts/truetype/dejavu/DejaVuSansMono.ttf
Noto Sans CJK JP - /usr/share/fonts/opentype/noto/NotoSansCJK-Bold.ttc
Noto Sans CJK HK - /usr/share/fonts/opentype/noto/NotoSansCJK-Bold.ttc
Noto Sans CJK KR - /usr/share/fonts/opentype/noto/NotoSansCJK-Bold.ttc
WenQuanYi Micro Hei,文泉驛微米黑,文泉驿微米黑 - /usr/share/fonts/truetype/wqy/wqy-microhei.ttc
Noto Sans Mono CJK SC - /usr/share/fonts/opentype/noto/NotoSansCJK-Regular.ttc
Noto Color Emoji - /usr/share/fonts/truetype/noto/NotoColorEmoji.ttf
DejaVu Sans Mono - /usr/share/fonts/truetype/dejavu/DejaVuSansMono-BoldOblique.ttf
Liberation Sans - /usr/share/fonts/truetype/liberation/LiberationSans-BoldItalic.ttf
Liberation Serif - /usr/share/fonts/truetype/liberation/LiberationSerif-Regular.ttf
Lato,Lato Semibold - /usr/share/fonts/truetype/lato/Lato-Semibold.ttf
DejaVu Sans - /usr/share/fonts/truetype/dejavu/DejaVuSans-Oblique.ttf
DejaVu Serif,DejaVu Serif Condensed - /usr/share/fonts/truetype/dejavu/DejaVuSerifCondensed-Bold.ttf
DejaVu Sans - /usr/share/fonts/truetype/dejavu/DejaVuSans-Bold.ttf
Liberation Serif - /usr/share/fonts/truetype/liberation/LiberationSerif-Bold.ttf
DejaVu Serif,DejaVu Serif Condensed - /usr/share/fonts/truetype/dejavu/DejaVuSerifCondensed-BoldItalic.ttf

2026-01-22 03:04:14,370 - INFO - Matplotlib 字体设置：使用回退字体列表，首选可用字体: Noto Sans CJK JP
2026-01-22 03:04:16,448 - INFO - 使用 ChromeDriver: /usr/bin/chromedriver
2026-01-22 03:04:16,448 - WARNING - Using CPU. Note: This module is much faster with a GPU.
2026-01-22 03:04:17,954 - INFO - OCR识别器初始化成功
2026-01-22 03:04:17,954 - INFO - 开始南京大学电费监控流程（自动无头模式）
2026-01-22 03:04:17,954 - INFO - 正在打开页面: https://epay.nju.edu.cn/epay/h5/nju/electric/index
2026-01-22 03:04:28,595 - INFO - 等待登录表单加载...
2026-01-22 03:04:28,606 - INFO - 登录表单已加载
2026-01-22 03:04:28,606 - INFO - 开始填写登录表单...
2026-01-22 03:04:28,671 - INFO - 用户名填写完成
2026-01-22 03:04:28,744 - INFO - 密码填写完成
2026-01-22 03:04:28,744 - INFO - 检查是否有验证码...
2026-01-22 03:04:28,744 - INFO - 查找验证码图片...
2026-01-22 03:04:28,765 - INFO - 找到验证码图片，开始截图...
2026-01-22 03:04:28,816 - INFO - 验证码图片截取成功
2026-01-22 03:04:28,816 - INFO - 开始填写登录表单...
2026-01-22 03:04:28,884 - INFO - 用户名填写完成
2026-01-22 03:04:28,950 - INFO - 密码填写完成
2026-01-22 03:04:28,951 - INFO - 验证码图片已保存到 /home/runner/work/nju_electric_monitor/nju_electric_monitor/src/../data/captcha_debug.png
2026-01-22 03:04:28,951 - INFO - 验证码识别尝试 1/30
2026-01-22 03:04:28,951 - INFO - 开始识别验证码...（easyocr + pytesseract）
2026-01-22 03:04:29,091 - INFO - easyocr 结果: ['Yddh(0.94)']
2026-01-22 03:04:29,256 - INFO - tesseract 结果: yvddh
2026-01-22 03:04:29,321 - INFO - easyocr alt1 结果: ['Vddh(0.98)']
2026-01-22 03:04:29,415 - INFO - tesseract alt1 结果: vddh
2026-01-22 03:04:29,474 - INFO - easyocr alt2 结果: ['Vddh(0.98)']
2026-01-22 03:04:29,568 - INFO - tesseract alt2 结果: vddh
2026-01-22 03:04:29,730 - INFO - easyocr alt3 结果: ['Vddh(0.94)']
2026-01-22 03:04:29,834 - INFO - tesseract alt3 结果: 
2026-01-22 03:04:29,893 - INFO - easyocr alt4 结果: ['Vddh(0.94)']
2026-01-22 03:04:29,988 - INFO - tesseract alt4 结果: yvdoh
2026-01-22 03:04:30,049 - INFO - easyocr alt5 结果: ['Vadh(0.69)']
2026-01-22 03:04:30,146 - INFO - tesseract alt5 结果: vddh
2026-01-22 03:04:30,146 - INFO - 最终验证码识别结果: Vddh (engine=easyocr_alt2, prob=0.9826077222824097)
2026-01-22 03:04:30,146 - INFO - 查找验证码输入框...
2026-01-22 03:04:30,207 - INFO - 验证码填写完成
2026-01-22 03:04:30,208 - INFO - 验证码填写完成，点击登录按钮...
2026-01-22 03:04:30,208 - INFO - 查找并点击登录按钮...
2026-01-22 03:04:30,588 - INFO - 已点击登录按钮
2026-01-22 03:04:37,617 - INFO - 开始填写登录表单...
2026-01-22 03:04:37,680 - INFO - 用户名填写完成
2026-01-22 03:04:37,741 - INFO - 密码填写完成
2026-01-22 03:04:37,742 - INFO - 验证码图片已保存到 /home/runner/work/nju_electric_monitor/nju_electric_monitor/src/../data/captcha_debug.png
2026-01-22 03:04:37,742 - INFO - 验证码识别尝试 2/30
2026-01-22 03:04:37,742 - INFO - 开始识别验证码...（easyocr + pytesseract）
2026-01-22 03:04:37,841 - INFO - easyocr 结果: ['Yddh(0.94)']
2026-01-22 03:04:37,940 - INFO - tesseract 结果: yvddh
2026-01-22 03:04:38,000 - INFO - easyocr alt1 结果: ['Vddh(0.98)']
2026-01-22 03:04:38,096 - INFO - tesseract alt1 结果: vddh
2026-01-22 03:04:38,156 - INFO - easyocr alt2 结果: ['Vddh(0.98)']
2026-01-22 03:04:38,249 - INFO - tesseract alt2 结果: vddh
2026-01-22 03:04:38,407 - INFO - easyocr alt3 结果: ['Vddh(0.94)']
2026-01-22 03:04:38,504 - INFO - tesseract alt3 结果: 
2026-01-22 03:04:38,563 - INFO - easyocr alt4 结果: ['Vddh(0.94)']
2026-01-22 03:04:38,663 - INFO - tesseract alt4 结果: yvdoh
2026-01-22 03:04:38,724 - INFO - easyocr alt5 结果: ['Vadh(0.69)']
2026-01-22 03:04:38,820 - INFO - tesseract alt5 结果: vddh
2026-01-22 03:04:38,820 - INFO - 最终验证码识别结果: Vddh (engine=easyocr_alt2, prob=0.9826077222824097)
2026-01-22 03:04:38,820 - INFO - 查找验证码输入框...
2026-01-22 03:04:38,880 - INFO - 验证码填写完成
2026-01-22 03:04:38,880 - INFO - 验证码填写完成，点击登录按钮...
2026-01-22 03:04:38,880 - INFO - 查找并点击登录按钮...
2026-01-22 03:04:38,938 - INFO - 已点击登录按钮
2026-01-22 03:04:45,958 - INFO - 开始填写登录表单...
2026-01-22 03:04:46,021 - INFO - 用户名填写完成
2026-01-22 03:04:46,084 - INFO - 密码填写完成
2026-01-22 03:04:46,084 - INFO - 验证码图片已保存到 /home/runner/work/nju_electric_monitor/nju_electric_monitor/src/../data/captcha_debug.png
2026-01-22 03:04:46,084 - INFO - 验证码识别尝试 3/30
2026-01-22 03:04:46,085 - INFO - 开始识别验证码...（easyocr + pytesseract）
2026-01-22 03:04:46,190 - INFO - easyocr 结果: ['Yddh(0.94)']
2026-01-22 03:04:46,284 - INFO - tesseract 结果: yvddh
2026-01-22 03:04:46,345 - INFO - easyocr alt1 结果: ['Vddh(0.98)']
2026-01-22 03:04:46,450 - INFO - tesseract alt1 结果: vddh
2026-01-22 03:04:46,509 - INFO - easyocr alt2 结果: ['Vddh(0.98)']
2026-01-22 03:04:46,604 - INFO - tesseract alt2 结果: vddh
2026-01-22 03:04:46,759 - INFO - easyocr alt3 结果: ['Vddh(0.94)']
2026-01-22 03:04:46,864 - INFO - tesseract alt3 结果: 
2026-01-22 03:04:46,923 - INFO - easyocr alt4 结果: ['Vddh(0.94)']
2026-01-22 03:04:47,019 - INFO - tesseract alt4 结果: yvdoh
2026-01-22 03:04:47,080 - INFO - easyocr alt5 结果: ['Vadh(0.69)']
2026-01-22 03:04:47,176 - INFO - tesseract alt5 结果: vddh
2026-01-22 03:04:47,176 - INFO - 最终验证码识别结果: Vddh (engine=easyocr_alt2, prob=0.9826077222824097)
2026-01-22 03:04:47,176 - INFO - 查找验证码输入框...
2026-01-22 03:04:47,231 - INFO - 验证码填写完成
2026-01-22 03:04:47,231 - INFO - 验证码填写完成，点击登录按钮...
2026-01-22 03:04:47,231 - INFO - 查找并点击登录按钮...
2026-01-22 03:04:47,288 - INFO - 已点击登录按钮
2026-01-22 03:04:54,309 - INFO - 开始填写登录表单...
2026-01-22 03:04:54,371 - INFO - 用户名填写完成
2026-01-22 03:04:54,433 - INFO - 密码填写完成
2026-01-22 03:04:54,433 - INFO - 验证码图片已保存到 /home/runner/work/nju_electric_monitor/nju_electric_monitor/src/../data/captcha_debug.png
2026-01-22 03:04:54,433 - INFO - 验证码识别尝试 4/30
2026-01-22 03:04:54,433 - INFO - 开始识别验证码...（easyocr + pytesseract）
2026-01-22 03:04:54,540 - INFO - easyocr 结果: ['Yddh(0.94)']
2026-01-22 03:04:54,635 - INFO - tesseract 结果: yvddh
2026-01-22 03:04:54,695 - INFO - easyocr alt1 结果: ['Vddh(0.98)']
2026-01-22 03:04:54,789 - INFO - tesseract alt1 结果: vddh
2026-01-22 03:04:54,848 - INFO - easyocr alt2 结果: ['Vddh(0.98)']
2026-01-22 03:04:54,947 - INFO - tesseract alt2 结果: vddh
2026-01-22 03:04:55,118 - INFO - easyocr alt3 结果: ['Vddh(0.94)']
2026-01-22 03:04:55,222 - INFO - tesseract alt3 结果: 
2026-01-22 03:04:55,290 - INFO - easyocr alt4 结果: ['Vddh(0.94)']
2026-01-22 03:04:55,387 - INFO - tesseract alt4 结果: yvdoh
2026-01-22 03:04:55,450 - INFO - easyocr alt5 结果: ['Vadh(0.69)']
2026-01-22 03:04:55,548 - INFO - tesseract alt5 结果: vddh
2026-01-22 03:04:55,548 - INFO - 最终验证码识别结果: Vddh (engine=easyocr_alt2, prob=0.9826077222824097)
2026-01-22 03:04:55,548 - INFO - 查找验证码输入框...
2026-01-22 03:04:55,608 - INFO - 验证码填写完成
2026-01-22 03:04:55,608 - INFO - 验证码填写完成，点击登录按钮...
2026-01-22 03:04:55,609 - INFO - 查找并点击登录按钮...
2026-01-22 03:04:55,989 - INFO - 已点击登录按钮
2026-01-22 03:05:03,009 - INFO - 开始填写登录表单...
2026-01-22 03:05:03,069 - INFO - 用户名填写完成
2026-01-22 03:05:03,128 - INFO - 密码填写完成
2026-01-22 03:05:03,129 - INFO - 验证码图片已保存到 /home/runner/work/nju_electric_monitor/nju_electric_monitor/src/../data/captcha_debug.png
2026-01-22 03:05:03,129 - INFO - 验证码识别尝试 5/30
2026-01-22 03:05:03,129 - INFO - 开始识别验证码...（easyocr + pytesseract）
2026-01-22 03:05:03,234 - INFO - easyocr 结果: ['Yddh(0.94)']
2026-01-22 03:05:03,328 - INFO - tesseract 结果: yvddh
2026-01-22 03:05:03,388 - INFO - easyocr alt1 结果: ['Vddh(0.98)']
2026-01-22 03:05:03,485 - INFO - tesseract alt1 结果: vddh
2026-01-22 03:05:03,545 - INFO - easyocr alt2 结果: ['Vddh(0.98)']
2026-01-22 03:05:03,642 - INFO - tesseract alt2 结果: vddh
2026-01-22 03:05:03,798 - INFO - easyocr alt3 结果: ['Vddh(0.94)']
2026-01-22 03:05:03,896 - INFO - tesseract alt3 结果: 
2026-01-22 03:05:03,955 - INFO - easyocr alt4 结果: ['Vddh(0.94)']
2026-01-22 03:05:04,052 - INFO - tesseract alt4 结果: yvdoh
2026-01-22 03:05:04,111 - INFO - easyocr alt5 结果: ['Vadh(0.69)']
2026-01-22 03:05:04,212 - INFO - tesseract alt5 结果: vddh
2026-01-22 03:05:04,213 - INFO - 最终验证码识别结果: Vddh (engine=easyocr_alt2, prob=0.9826077222824097)
2026-01-22 03:05:04,213 - INFO - 查找验证码输入框...
2026-01-22 03:05:04,271 - INFO - 验证码填写完成
2026-01-22 03:05:04,271 - INFO - 验证码填写完成，点击登录按钮...
2026-01-22 03:05:04,271 - INFO - 查找并点击登录按钮...
2026-01-22 03:05:04,678 - INFO - 已点击登录按钮
2026-01-22 03:05:11,698 - INFO - 开始填写登录表单...
2026-01-22 03:05:11,759 - INFO - 用户名填写完成
2026-01-22 03:05:11,818 - INFO - 密码填写完成
2026-01-22 03:05:11,819 - INFO - 验证码图片已保存到 /home/runner/work/nju_electric_monitor/nju_electric_monitor/src/../data/captcha_debug.png
2026-01-22 03:05:11,819 - INFO - 验证码识别尝试 6/30
2026-01-22 03:05:11,819 - INFO - 开始识别验证码...（easyocr + pytesseract）
2026-01-22 03:05:11,916 - INFO - easyocr 结果: ['Yddh(0.94)']
2026-01-22 03:05:12,013 - INFO - tesseract 结果: yvddh
2026-01-22 03:05:12,074 - INFO - easyocr alt1 结果: ['Vddh(0.98)']
2026-01-22 03:05:12,172 - INFO - tesseract alt1 结果: vddh
2026-01-22 03:05:12,231 - INFO - easyocr alt2 结果: ['Vddh(0.98)']
2026-01-22 03:05:12,325 - INFO - tesseract alt2 结果: vddh
2026-01-22 03:05:12,479 - INFO - easyocr alt3 结果: ['Vddh(0.94)']
2026-01-22 03:05:12,575 - INFO - tesseract alt3 结果: 
2026-01-22 03:05:12,634 - INFO - easyocr alt4 结果: ['Vddh(0.94)']
2026-01-22 03:05:12,733 - INFO - tesseract alt4 结果: yvdoh
2026-01-22 03:05:12,792 - INFO - easyocr alt5 结果: ['Vadh(0.69)']
2026-01-22 03:05:12,891 - INFO - tesseract alt5 结果: vddh
2026-01-22 03:05:12,891 - INFO - 最终验证码识别结果: Vddh (engine=easyocr_alt2, prob=0.9826077222824097)
2026-01-22 03:05:12,891 - INFO - 查找验证码输入框...
2026-01-22 03:05:12,948 - INFO - 验证码填写完成
2026-01-22 03:05:12,948 - INFO - 验证码填写完成，点击登录按钮...
2026-01-22 03:05:12,948 - INFO - 查找并点击登录按钮...
2026-01-22 03:05:13,004 - INFO - 已点击登录按钮
2026-01-22 03:05:20,025 - INFO - 开始填写登录表单...
2026-01-22 03:05:20,091 - INFO - 用户名填写完成
2026-01-22 03:05:20,150 - INFO - 密码填写完成
2026-01-22 03:05:20,151 - INFO - 验证码图片已保存到 /home/runner/work/nju_electric_monitor/nju_electric_monitor/src/../data/captcha_debug.png
2026-01-22 03:05:20,151 - INFO - 验证码识别尝试 7/30
2026-01-22 03:05:20,151 - INFO - 开始识别验证码...（easyocr + pytesseract）
2026-01-22 03:05:20,256 - INFO - easyocr 结果: ['Yddh(0.94)']
2026-01-22 03:05:20,353 - INFO - tesseract 结果: yvddh
2026-01-22 03:05:20,413 - INFO - easyocr alt1 结果: ['Vddh(0.98)']
2026-01-22 03:05:20,513 - INFO - tesseract alt1 结果: vddh
2026-01-22 03:05:20,571 - INFO - easyocr alt2 结果: ['Vddh(0.98)']
2026-01-22 03:05:20,667 - INFO - tesseract alt2 结果: vddh
2026-01-22 03:05:20,826 - INFO - easyocr alt3 结果: ['Vddh(0.94)']
2026-01-22 03:05:20,925 - INFO - tesseract alt3 结果: 
2026-01-22 03:05:20,984 - INFO - easyocr alt4 结果: ['Vddh(0.94)']
2026-01-22 03:05:21,078 - INFO - tesseract alt4 结果: yvdoh
2026-01-22 03:05:21,136 - INFO - easyocr alt5 结果: ['Vadh(0.69)']
2026-01-22 03:05:21,236 - INFO - tesseract alt5 结果: vddh
2026-01-22 03:05:21,236 - INFO - 最终验证码识别结果: Vddh (engine=easyocr_alt2, prob=0.9826077222824097)
2026-01-22 03:05:21,236 - INFO - 查找验证码输入框...
2026-01-22 03:05:21,293 - INFO - 验证码填写完成
2026-01-22 03:05:21,294 - INFO - 验证码填写完成，点击登录按钮...
2026-01-22 03:05:21,294 - INFO - 查找并点击登录按钮...
2026-01-22 03:05:21,665 - INFO - 已点击登录按钮
2026-01-22 03:05:28,686 - INFO - 开始填写登录表单...
2026-01-22 03:05:28,748 - INFO - 用户名填写完成
2026-01-22 03:05:28,810 - INFO - 密码填写完成
2026-01-22 03:05:28,810 - INFO - 验证码图片已保存到 /home/runner/work/nju_electric_monitor/nju_electric_monitor/src/../data/captcha_debug.png
2026-01-22 03:05:28,810 - INFO - 验证码识别尝试 8/30
2026-01-22 03:05:28,810 - INFO - 开始识别验证码...（easyocr + pytesseract）
2026-01-22 03:05:28,917 - INFO - easyocr 结果: ['Yddh(0.94)']
2026-01-22 03:05:29,012 - INFO - tesseract 结果: yvddh
2026-01-22 03:05:29,073 - INFO - easyocr alt1 结果: ['Vddh(0.98)']
2026-01-22 03:05:29,171 - INFO - tesseract alt1 结果: vddh
2026-01-22 03:05:29,230 - INFO - easyocr alt2 结果: ['Vddh(0.98)']
2026-01-22 03:05:29,327 - INFO - tesseract alt2 结果: vddh
2026-01-22 03:05:29,480 - INFO - easyocr alt3 结果: ['Vddh(0.94)']
2026-01-22 03:05:29,578 - INFO - tesseract alt3 结果: 
2026-01-22 03:05:29,637 - INFO - easyocr alt4 结果: ['Vddh(0.94)']
2026-01-22 03:05:29,731 - INFO - tesseract alt4 结果: yvdoh
2026-01-22 03:05:29,789 - INFO - easyocr alt5 结果: ['Vadh(0.69)']
2026-01-22 03:05:29,884 - INFO - tesseract alt5 结果: vddh
2026-01-22 03:05:29,884 - INFO - 最终验证码识别结果: Vddh (engine=easyocr_alt2, prob=0.9826077222824097)
2026-01-22 03:05:29,884 - INFO - 查找验证码输入框...
2026-01-22 03:05:29,942 - INFO - 验证码填写完成
2026-01-22 03:05:29,942 - INFO - 验证码填写完成，点击登录按钮...
2026-01-22 03:05:29,942 - INFO - 查找并点击登录按钮...
2026-01-22 03:05:30,316 - INFO - 已点击登录按钮
2026-01-22 03:05:37,336 - INFO - 开始填写登录表单...
2026-01-22 03:05:37,397 - INFO - 用户名填写完成
2026-01-22 03:05:37,457 - INFO - 密码填写完成
2026-01-22 03:05:37,457 - INFO - 验证码图片已保存到 /home/runner/work/nju_electric_monitor/nju_electric_monitor/src/../data/captcha_debug.png
2026-01-22 03:05:37,457 - INFO - 验证码识别尝试 9/30
2026-01-22 03:05:37,457 - INFO - 开始识别验证码...（easyocr + pytesseract）
2026-01-22 03:05:37,553 - INFO - easyocr 结果: ['Yddh(0.94)']
2026-01-22 03:05:37,648 - INFO - tesseract 结果: yvddh
2026-01-22 03:05:37,707 - INFO - easyocr alt1 结果: ['Vddh(0.98)']
2026-01-22 03:05:37,802 - INFO - tesseract alt1 结果: vddh
2026-01-22 03:05:37,860 - INFO - easyocr alt2 结果: ['Vddh(0.98)']
2026-01-22 03:05:37,953 - INFO - tesseract alt2 结果: vddh
2026-01-22 03:05:38,109 - INFO - easyocr alt3 结果: ['Vddh(0.94)']
2026-01-22 03:05:38,209 - INFO - tesseract alt3 结果: 
2026-01-22 03:05:38,269 - INFO - easyocr alt4 结果: ['Vddh(0.94)']
2026-01-22 03:05:38,364 - INFO - tesseract alt4 结果: yvdoh
2026-01-22 03:05:38,423 - INFO - easyocr alt5 结果: ['Vadh(0.69)']
2026-01-22 03:05:38,518 - INFO - tesseract alt5 结果: vddh
2026-01-22 03:05:38,518 - INFO - 最终验证码识别结果: Vddh (engine=easyocr_alt2, prob=0.9826077222824097)
2026-01-22 03:05:38,519 - INFO - 查找验证码输入框...
2026-01-22 03:05:38,577 - INFO - 验证码填写完成
2026-01-22 03:05:38,577 - INFO - 验证码填写完成，点击登录按钮...
2026-01-22 03:05:38,577 - INFO - 查找并点击登录按钮...
2026-01-22 03:05:38,634 - INFO - 已点击登录按钮
2026-01-22 03:05:45,655 - INFO - 开始填写登录表单...
2026-01-22 03:05:45,717 - INFO - 用户名填写完成
2026-01-22 03:05:45,778 - INFO - 密码填写完成
2026-01-22 03:05:45,778 - INFO - 验证码图片已保存到 /home/runner/work/nju_electric_monitor/nju_electric_monitor/src/../data/captcha_debug.png
2026-01-22 03:05:45,778 - INFO - 验证码识别尝试 10/30
2026-01-22 03:05:45,778 - INFO - 开始识别验证码...（easyocr + pytesseract）
2026-01-22 03:05:45,876 - INFO - easyocr 结果: ['Yddh(0.94)']
2026-01-22 03:05:45,972 - INFO - tesseract 结果: yvddh
2026-01-22 03:05:46,032 - INFO - easyocr alt1 结果: ['Vddh(0.98)']
2026-01-22 03:05:46,127 - INFO - tesseract alt1 结果: vddh
2026-01-22 03:05:46,186 - INFO - easyocr alt2 结果: ['Vddh(0.98)']
2026-01-22 03:05:46,281 - INFO - tesseract alt2 结果: vddh
2026-01-22 03:05:46,436 - INFO - easyocr alt3 结果: ['Vddh(0.94)']
2026-01-22 03:05:46,534 - INFO - tesseract alt3 结果: 
2026-01-22 03:05:46,593 - INFO - easyocr alt4 结果: ['Vddh(0.94)']
2026-01-22 03:05:46,689 - INFO - tesseract alt4 结果: yvdoh
2026-01-22 03:05:46,747 - INFO - easyocr alt5 结果: ['Vadh(0.69)']
2026-01-22 03:05:46,843 - INFO - tesseract alt5 结果: vddh
2026-01-22 03:05:46,844 - INFO - 最终验证码识别结果: Vddh (engine=easyocr_alt2, prob=0.9826077222824097)
2026-01-22 03:05:46,844 - INFO - 查找验证码输入框...
2026-01-22 03:05:46,901 - INFO - 验证码填写完成
2026-01-22 03:05:46,901 - INFO - 验证码填写完成，点击登录按钮...
2026-01-22 03:05:46,901 - INFO - 查找并点击登录按钮...
2026-01-22 03:05:47,282 - INFO - 已点击登录按钮
2026-01-22 03:05:54,303 - INFO - 开始填写登录表单...
2026-01-22 03:05:54,367 - INFO - 用户名填写完成
2026-01-22 03:05:54,427 - INFO - 密码填写完成
2026-01-22 03:05:54,428 - INFO - 验证码图片已保存到 /home/runner/work/nju_electric_monitor/nju_electric_monitor/src/../data/captcha_debug.png
2026-01-22 03:05:54,428 - INFO - 验证码识别尝试 11/30
2026-01-22 03:05:54,428 - INFO - 开始识别验证码...（easyocr + pytesseract）
2026-01-22 03:05:54,538 - INFO - easyocr 结果: ['Yddh(0.94)']
2026-01-22 03:05:54,638 - INFO - tesseract 结果: yvddh
2026-01-22 03:05:54,697 - INFO - easyocr alt1 结果: ['Vddh(0.98)']
2026-01-22 03:05:54,799 - INFO - tesseract alt1 结果: vddh
2026-01-22 03:05:54,858 - INFO - easyocr alt2 结果: ['Vddh(0.98)']
2026-01-22 03:05:54,953 - INFO - tesseract alt2 结果: vddh
2026-01-22 03:05:55,106 - INFO - easyocr alt3 结果: ['Vddh(0.94)']
2026-01-22 03:05:55,207 - INFO - tesseract alt3 结果: 
2026-01-22 03:05:55,265 - INFO - easyocr alt4 结果: ['Vddh(0.94)']
2026-01-22 03:05:55,361 - INFO - tesseract alt4 结果: yvdoh
2026-01-22 03:05:55,420 - INFO - easyocr alt5 结果: ['Vadh(0.69)']
2026-01-22 03:05:55,517 - INFO - tesseract alt5 结果: vddh
2026-01-22 03:05:55,517 - INFO - 最终验证码识别结果: Vddh (engine=easyocr_alt2, prob=0.9826077222824097)
2026-01-22 03:05:55,517 - INFO - 查找验证码输入框...
2026-01-22 03:05:55,575 - INFO - 验证码填写完成
2026-01-22 03:05:55,575 - INFO - 验证码填写完成，点击登录按钮...
2026-01-22 03:05:55,575 - INFO - 查找并点击登录按钮...
2026-01-22 03:05:55,632 - INFO - 已点击登录按钮
2026-01-22 03:06:02,653 - INFO - 开始填写登录表单...
2026-01-22 03:06:02,716 - INFO - 用户名填写完成
2026-01-22 03:06:02,778 - INFO - 密码填写完成
2026-01-22 03:06:02,779 - INFO - 验证码图片已保存到 /home/runner/work/nju_electric_monitor/nju_electric_monitor/src/../data/captcha_debug.png
2026-01-22 03:06:02,779 - INFO - 验证码识别尝试 12/30
2026-01-22 03:06:02,779 - INFO - 开始识别验证码...（easyocr + pytesseract）
2026-01-22 03:06:02,885 - INFO - easyocr 结果: ['Yddh(0.94)']
2026-01-22 03:06:02,980 - INFO - tesseract 结果: yvddh
2026-01-22 03:06:03,041 - INFO - easyocr alt1 结果: ['Vddh(0.98)']
2026-01-22 03:06:03,141 - INFO - tesseract alt1 结果: vddh
2026-01-22 03:06:03,201 - INFO - easyocr alt2 结果: ['Vddh(0.98)']
2026-01-22 03:06:03,300 - INFO - tesseract alt2 结果: vddh
2026-01-22 03:06:03,453 - INFO - easyocr alt3 结果: ['Vddh(0.94)']
2026-01-22 03:06:03,552 - INFO - tesseract alt3 结果: 
2026-01-22 03:06:03,611 - INFO - easyocr alt4 结果: ['Vddh(0.94)']
2026-01-22 03:06:03,704 - INFO - tesseract alt4 结果: yvdoh
2026-01-22 03:06:03,771 - INFO - easyocr alt5 结果: ['Vadh(0.69)']
2026-01-22 03:06:03,867 - INFO - tesseract alt5 结果: vddh
2026-01-22 03:06:03,867 - INFO - 最终验证码识别结果: Vddh (engine=easyocr_alt2, prob=0.9826077222824097)
2026-01-22 03:06:03,867 - INFO - 查找验证码输入框...
2026-01-22 03:06:03,928 - INFO - 验证码填写完成
2026-01-22 03:06:03,928 - INFO - 验证码填写完成，点击登录按钮...
2026-01-22 03:06:03,928 - INFO - 查找并点击登录按钮...
2026-01-22 03:06:04,308 - INFO - 已点击登录按钮
2026-01-22 03:06:11,329 - INFO - 开始填写登录表单...
2026-01-22 03:06:11,392 - INFO - 用户名填写完成
2026-01-22 03:06:11,452 - INFO - 密码填写完成
2026-01-22 03:06:11,453 - INFO - 验证码图片已保存到 /home/runner/work/nju_electric_monitor/nju_electric_monitor/src/../data/captcha_debug.png
2026-01-22 03:06:11,453 - INFO - 验证码识别尝试 13/30
2026-01-22 03:06:11,453 - INFO - 开始识别验证码...（easyocr + pytesseract）
2026-01-22 03:06:11,557 - INFO - easyocr 结果: ['Yddh(0.94)']
2026-01-22 03:06:11,651 - INFO - tesseract 结果: yvddh
2026-01-22 03:06:11,711 - INFO - easyocr alt1 结果: ['Vddh(0.98)']
2026-01-22 03:06:11,808 - INFO - tesseract alt1 结果: vddh
2026-01-22 03:06:11,867 - INFO - easyocr alt2 结果: ['Vddh(0.98)']
2026-01-22 03:06:11,962 - INFO - tesseract alt2 结果: vddh
2026-01-22 03:06:12,124 - INFO - easyocr alt3 结果: ['Vddh(0.94)']
2026-01-22 03:06:12,221 - INFO - tesseract alt3 结果: 
2026-01-22 03:06:12,281 - INFO - easyocr alt4 结果: ['Vddh(0.94)']
2026-01-22 03:06:12,376 - INFO - tesseract alt4 结果: yvdoh
2026-01-22 03:06:12,435 - INFO - easyocr alt5 结果: ['Vadh(0.69)']
2026-01-22 03:06:12,534 - INFO - tesseract alt5 结果: vddh
2026-01-22 03:06:12,534 - INFO - 最终验证码识别结果: Vddh (engine=easyocr_alt2, prob=0.9826077222824097)
2026-01-22 03:06:12,534 - INFO - 查找验证码输入框...
2026-01-22 03:06:12,592 - INFO - 验证码填写完成
2026-01-22 03:06:12,592 - INFO - 验证码填写完成，点击登录按钮...
2026-01-22 03:06:12,593 - INFO - 查找并点击登录按钮...
2026-01-22 03:06:12,650 - INFO - 已点击登录按钮
2026-01-22 03:06:19,671 - INFO - 开始填写登录表单...
2026-01-22 03:06:19,735 - INFO - 用户名填写完成
2026-01-22 03:06:19,797 - INFO - 密码填写完成
2026-01-22 03:06:19,798 - INFO - 验证码图片已保存到 /home/runner/work/nju_electric_monitor/nju_electric_monitor/src/../data/captcha_debug.png
2026-01-22 03:06:19,798 - INFO - 验证码识别尝试 14/30
2026-01-22 03:06:19,798 - INFO - 开始识别验证码...（easyocr + pytesseract）
2026-01-22 03:06:19,894 - INFO - easyocr 结果: ['Yddh(0.94)']
2026-01-22 03:06:19,989 - INFO - tesseract 结果: yvddh
2026-01-22 03:06:20,049 - INFO - easyocr alt1 结果: ['Vddh(0.98)']
2026-01-22 03:06:20,142 - INFO - tesseract alt1 结果: vddh
2026-01-22 03:06:20,201 - INFO - easyocr alt2 结果: ['Vddh(0.98)']
2026-01-22 03:06:20,297 - INFO - tesseract alt2 结果: vddh
2026-01-22 03:06:20,451 - INFO - easyocr alt3 结果: ['Vddh(0.94)']
2026-01-22 03:06:20,548 - INFO - tesseract alt3 结果: 
2026-01-22 03:06:20,607 - INFO - easyocr alt4 结果: ['Vddh(0.94)']
2026-01-22 03:06:20,701 - INFO - tesseract alt4 结果: yvdoh
2026-01-22 03:06:20,759 - INFO - easyocr alt5 结果: ['Vadh(0.69)']
2026-01-22 03:06:20,853 - INFO - tesseract alt5 结果: vddh
2026-01-22 03:06:20,853 - INFO - 最终验证码识别结果: Vddh (engine=easyocr_alt2, prob=0.9826077222824097)
2026-01-22 03:06:20,853 - INFO - 查找验证码输入框...
2026-01-22 03:06:20,912 - INFO - 验证码填写完成
2026-01-22 03:06:20,912 - INFO - 验证码填写完成，点击登录按钮...
2026-01-22 03:06:20,912 - INFO - 查找并点击登录按钮...
2026-01-22 03:06:20,970 - INFO - 已点击登录按钮
2026-01-22 03:06:27,992 - INFO - 开始填写登录表单...
2026-01-22 03:06:28,052 - INFO - 用户名填写完成
2026-01-22 03:06:28,114 - INFO - 密码填写完成
2026-01-22 03:06:28,114 - INFO - 验证码图片已保存到 /home/runner/work/nju_electric_monitor/nju_electric_monitor/src/../data/captcha_debug.png
2026-01-22 03:06:28,114 - INFO - 验证码识别尝试 15/30
2026-01-22 03:06:28,114 - INFO - 开始识别验证码...（easyocr + pytesseract）
2026-01-22 03:06:28,211 - INFO - easyocr 结果: ['Yddh(0.94)']
2026-01-22 03:06:28,305 - INFO - tesseract 结果: yvddh
2026-01-22 03:06:28,365 - INFO - easyocr alt1 结果: ['Vddh(0.98)']
2026-01-22 03:06:28,459 - INFO - tesseract alt1 结果: vddh
2026-01-22 03:06:28,518 - INFO - easyocr alt2 结果: ['Vddh(0.98)']
2026-01-22 03:06:28,612 - INFO - tesseract alt2 结果: vddh
2026-01-22 03:06:28,768 - INFO - easyocr alt3 结果: ['Vddh(0.94)']
2026-01-22 03:06:28,865 - INFO - tesseract alt3 结果: 
2026-01-22 03:06:28,924 - INFO - easyocr alt4 结果: ['Vddh(0.94)']
2026-01-22 03:06:29,019 - INFO - tesseract alt4 结果: yvdoh
2026-01-22 03:06:29,078 - INFO - easyocr alt5 结果: ['Vadh(0.69)']
2026-01-22 03:06:29,172 - INFO - tesseract alt5 结果: vddh
2026-01-22 03:06:29,172 - INFO - 最终验证码识别结果: Vddh (engine=easyocr_alt2, prob=0.9826077222824097)
2026-01-22 03:06:29,172 - INFO - 查找验证码输入框...
2026-01-22 03:06:29,229 - INFO - 验证码填写完成
2026-01-22 03:06:29,230 - INFO - 验证码填写完成，点击登录按钮...
2026-01-22 03:06:29,230 - INFO - 查找并点击登录按钮...
2026-01-22 03:06:29,613 - INFO - 已点击登录按钮
2026-01-22 03:06:36,633 - INFO - 开始填写登录表单...
2026-01-22 03:06:36,694 - INFO - 用户名填写完成
2026-01-22 03:06:36,753 - INFO - 密码填写完成
2026-01-22 03:06:36,754 - INFO - 验证码图片已保存到 /home/runner/work/nju_electric_monitor/nju_electric_monitor/src/../data/captcha_debug.png
2026-01-22 03:06:36,754 - INFO - 验证码识别尝试 16/30
2026-01-22 03:06:36,754 - INFO - 开始识别验证码...（easyocr + pytesseract）
2026-01-22 03:06:36,850 - INFO - easyocr 结果: ['Yddh(0.94)']
2026-01-22 03:06:36,944 - INFO - tesseract 结果: yvddh
2026-01-22 03:06:37,004 - INFO - easyocr alt1 结果: ['Vddh(0.98)']
2026-01-22 03:06:37,098 - INFO - tesseract alt1 结果: vddh
2026-01-22 03:06:37,159 - INFO - easyocr alt2 结果: ['Vddh(0.98)']
2026-01-22 03:06:37,254 - INFO - tesseract alt2 结果: vddh
2026-01-22 03:06:37,407 - INFO - easyocr alt3 结果: ['Vddh(0.94)']
2026-01-22 03:06:37,505 - INFO - tesseract alt3 结果: 
2026-01-22 03:06:37,564 - INFO - easyocr alt4 结果: ['Vddh(0.94)']
2026-01-22 03:06:37,659 - INFO - tesseract alt4 结果: yvdoh
2026-01-22 03:06:37,717 - INFO - easyocr alt5 结果: ['Vadh(0.69)']
2026-01-22 03:06:37,813 - INFO - tesseract alt5 结果: vddh
2026-01-22 03:06:37,813 - INFO - 最终验证码识别结果: Vddh (engine=easyocr_alt2, prob=0.9826077222824097)
2026-01-22 03:06:37,813 - INFO - 查找验证码输入框...
2026-01-22 03:06:37,868 - INFO - 验证码填写完成
2026-01-22 03:06:37,869 - INFO - 验证码填写完成，点击登录按钮...
2026-01-22 03:06:37,869 - INFO - 查找并点击登录按钮...
2026-01-22 03:06:38,237 - INFO - 已点击登录按钮
2026-01-22 03:06:45,257 - INFO - 开始填写登录表单...
2026-01-22 03:06:45,317 - INFO - 用户名填写完成
2026-01-22 03:06:45,376 - INFO - 密码填写完成
2026-01-22 03:06:45,376 - INFO - 验证码图片已保存到 /home/runner/work/nju_electric_monitor/nju_electric_monitor/src/../data/captcha_debug.png
2026-01-22 03:06:45,376 - INFO - 验证码识别尝试 17/30
2026-01-22 03:06:45,376 - INFO - 开始识别验证码...（easyocr + pytesseract）
2026-01-22 03:06:45,482 - INFO - easyocr 结果: ['Yddh(0.94)']
2026-01-22 03:06:45,578 - INFO - tesseract 结果: yvddh
2026-01-22 03:06:45,637 - INFO - easyocr alt1 结果: ['Vddh(0.98)']
2026-01-22 03:06:45,732 - INFO - tesseract alt1 结果: vddh
2026-01-22 03:06:45,789 - INFO - easyocr alt2 结果: ['Vddh(0.98)']
2026-01-22 03:06:45,886 - INFO - tesseract alt2 结果: vddh
2026-01-22 03:06:46,039 - INFO - easyocr alt3 结果: ['Vddh(0.94)']
2026-01-22 03:06:46,141 - INFO - tesseract alt3 结果: 
2026-01-22 03:06:46,200 - INFO - easyocr alt4 结果: ['Vddh(0.94)']
2026-01-22 03:06:46,299 - INFO - tesseract alt4 结果: yvdoh
2026-01-22 03:06:46,357 - INFO - easyocr alt5 结果: ['Vadh(0.69)']
2026-01-22 03:06:46,456 - INFO - tesseract alt5 结果: vddh
2026-01-22 03:06:46,457 - INFO - 最终验证码识别结果: Vddh (engine=easyocr_alt2, prob=0.9826077222824097)
2026-01-22 03:06:46,457 - INFO - 查找验证码输入框...
2026-01-22 03:06:46,513 - INFO - 验证码填写完成
2026-01-22 03:06:46,513 - INFO - 验证码填写完成，点击登录按钮...
2026-01-22 03:06:46,513 - INFO - 查找并点击登录按钮...
2026-01-22 03:06:46,882 - INFO - 已点击登录按钮
2026-01-22 03:06:53,902 - INFO - 开始填写登录表单...
2026-01-22 03:06:53,962 - INFO - 用户名填写完成
2026-01-22 03:06:54,021 - INFO - 密码填写完成
2026-01-22 03:06:54,021 - INFO - 验证码图片已保存到 /home/runner/work/nju_electric_monitor/nju_electric_monitor/src/../data/captcha_debug.png
2026-01-22 03:06:54,021 - INFO - 验证码识别尝试 18/30
2026-01-22 03:06:54,021 - INFO - 开始识别验证码...（easyocr + pytesseract）
2026-01-22 03:06:54,116 - INFO - easyocr 结果: ['Yddh(0.94)']
2026-01-22 03:06:54,213 - INFO - tesseract 结果: yvddh
2026-01-22 03:06:54,272 - INFO - easyocr alt1 结果: ['Vddh(0.98)']
2026-01-22 03:06:54,367 - INFO - tesseract alt1 结果: vddh
2026-01-22 03:06:54,433 - INFO - easyocr alt2 结果: ['Vddh(0.98)']
2026-01-22 03:06:54,530 - INFO - tesseract alt2 结果: vddh
2026-01-22 03:06:54,683 - INFO - easyocr alt3 结果: ['Vddh(0.94)']
2026-01-22 03:06:54,779 - INFO - tesseract alt3 结果: 
2026-01-22 03:06:54,838 - INFO - easyocr alt4 结果: ['Vddh(0.94)']
2026-01-22 03:06:54,933 - INFO - tesseract alt4 结果: yvdoh
2026-01-22 03:06:54,990 - INFO - easyocr alt5 结果: ['Vadh(0.69)']
2026-01-22 03:06:55,086 - INFO - tesseract alt5 结果: vddh
2026-01-22 03:06:55,086 - INFO - 最终验证码识别结果: Vddh (engine=easyocr_alt2, prob=0.9826077222824097)
2026-01-22 03:06:55,086 - INFO - 查找验证码输入框...
2026-01-22 03:06:55,143 - INFO - 验证码填写完成
2026-01-22 03:06:55,143 - INFO - 验证码填写完成，点击登录按钮...
2026-01-22 03:06:55,143 - INFO - 查找并点击登录按钮...
2026-01-22 03:06:55,200 - INFO - 已点击登录按钮
2026-01-22 03:07:02,220 - INFO - 开始填写登录表单...
2026-01-22 03:07:02,280 - INFO - 用户名填写完成
2026-01-22 03:07:02,338 - INFO - 密码填写完成
2026-01-22 03:07:02,339 - INFO - 验证码图片已保存到 /home/runner/work/nju_electric_monitor/nju_electric_monitor/src/../data/captcha_debug.png
2026-01-22 03:07:02,339 - INFO - 验证码识别尝试 19/30
2026-01-22 03:07:02,339 - INFO - 开始识别验证码...（easyocr + pytesseract）
2026-01-22 03:07:02,456 - INFO - easyocr 结果: ['Yddh(0.94)']
2026-01-22 03:07:02,559 - INFO - tesseract 结果: yvddh
2026-01-22 03:07:02,618 - INFO - easyocr alt1 结果: ['Vddh(0.98)']
2026-01-22 03:07:02,714 - INFO - tesseract alt1 结果: vddh
2026-01-22 03:07:02,773 - INFO - easyocr alt2 结果: ['Vddh(0.98)']
2026-01-22 03:07:02,867 - INFO - tesseract alt2 结果: vddh
2026-01-22 03:07:03,022 - INFO - easyocr alt3 结果: ['Vddh(0.94)']
2026-01-22 03:07:03,119 - INFO - tesseract alt3 结果: 
2026-01-22 03:07:03,177 - INFO - easyocr alt4 结果: ['Vddh(0.94)']
2026-01-22 03:07:03,274 - INFO - tesseract alt4 结果: yvdoh
2026-01-22 03:07:03,331 - INFO - easyocr alt5 结果: ['Vadh(0.69)']
2026-01-22 03:07:03,428 - INFO - tesseract alt5 结果: vddh
2026-01-22 03:07:03,428 - INFO - 最终验证码识别结果: Vddh (engine=easyocr_alt2, prob=0.9826077222824097)
2026-01-22 03:07:03,428 - INFO - 查找验证码输入框...
2026-01-22 03:07:03,485 - INFO - 验证码填写完成
2026-01-22 03:07:03,485 - INFO - 验证码填写完成，点击登录按钮...
2026-01-22 03:07:03,485 - INFO - 查找并点击登录按钮...
2026-01-22 03:07:03,866 - INFO - 已点击登录按钮
2026-01-22 03:07:10,886 - INFO - 开始填写登录表单...
2026-01-22 03:07:10,947 - INFO - 用户名填写完成
2026-01-22 03:07:11,006 - INFO - 密码填写完成
2026-01-22 03:07:11,006 - INFO - 验证码图片已保存到 /home/runner/work/nju_electric_monitor/nju_electric_monitor/src/../data/captcha_debug.png
2026-01-22 03:07:11,007 - INFO - 验证码识别尝试 20/30
2026-01-22 03:07:11,007 - INFO - 开始识别验证码...（easyocr + pytesseract）
2026-01-22 03:07:11,105 - INFO - easyocr 结果: ['Yddh(0.94)']
2026-01-22 03:07:11,205 - INFO - tesseract 结果: yvddh
2026-01-22 03:07:11,264 - INFO - easyocr alt1 结果: ['Vddh(0.98)']
2026-01-22 03:07:11,362 - INFO - tesseract alt1 结果: vddh
2026-01-22 03:07:11,420 - INFO - easyocr alt2 结果: ['Vddh(0.98)']
2026-01-22 03:07:11,516 - INFO - tesseract alt2 结果: vddh
2026-01-22 03:07:11,669 - INFO - easyocr alt3 结果: ['Vddh(0.94)']
2026-01-22 03:07:11,767 - INFO - tesseract alt3 结果: 
2026-01-22 03:07:11,826 - INFO - easyocr alt4 结果: ['Vddh(0.94)']
2026-01-22 03:07:11,921 - INFO - tesseract alt4 结果: yvdoh
2026-01-22 03:07:11,980 - INFO - easyocr alt5 结果: ['Vadh(0.69)']
2026-01-22 03:07:12,078 - INFO - tesseract alt5 结果: vddh
2026-01-22 03:07:12,078 - INFO - 最终验证码识别结果: Vddh (engine=easyocr_alt2, prob=0.9826077222824097)
2026-01-22 03:07:12,079 - INFO - 查找验证码输入框...
2026-01-22 03:07:12,135 - INFO - 验证码填写完成
2026-01-22 03:07:12,135 - INFO - 验证码填写完成，点击登录按钮...
2026-01-22 03:07:12,135 - INFO - 查找并点击登录按钮...
2026-01-22 03:07:12,503 - INFO - 已点击登录按钮
2026-01-22 03:07:19,523 - INFO - 开始填写登录表单...
2026-01-22 03:07:19,585 - INFO - 用户名填写完成
2026-01-22 03:07:19,647 - INFO - 密码填写完成
2026-01-22 03:07:19,648 - INFO - 验证码图片已保存到 /home/runner/work/nju_electric_monitor/nju_electric_monitor/src/../data/captcha_debug.png
2026-01-22 03:07:19,648 - INFO - 验证码识别尝试 21/30
2026-01-22 03:07:19,648 - INFO - 开始识别验证码...（easyocr + pytesseract）
2026-01-22 03:07:19,746 - INFO - easyocr 结果: ['Yddh(0.94)']
2026-01-22 03:07:19,843 - INFO - tesseract 结果: yvddh
2026-01-22 03:07:19,909 - INFO - easyocr alt1 结果: ['Vddh(0.98)']
2026-01-22 03:07:20,006 - INFO - tesseract alt1 结果: vddh
2026-01-22 03:07:20,065 - INFO - easyocr alt2 结果: ['Vddh(0.98)']
2026-01-22 03:07:20,160 - INFO - tesseract alt2 结果: vddh
2026-01-22 03:07:20,313 - INFO - easyocr alt3 结果: ['Vddh(0.94)']
2026-01-22 03:07:20,413 - INFO - tesseract alt3 结果: 
2026-01-22 03:07:20,471 - INFO - easyocr alt4 结果: ['Vddh(0.94)']
2026-01-22 03:07:20,568 - INFO - tesseract alt4 结果: yvdoh
2026-01-22 03:07:20,626 - INFO - easyocr alt5 结果: ['Vadh(0.69)']
2026-01-22 03:07:20,721 - INFO - tesseract alt5 结果: vddh
2026-01-22 03:07:20,721 - INFO - 最终验证码识别结果: Vddh (engine=easyocr_alt2, prob=0.9826077222824097)
2026-01-22 03:07:20,721 - INFO - 查找验证码输入框...
2026-01-22 03:07:20,778 - INFO - 验证码填写完成
2026-01-22 03:07:20,778 - INFO - 验证码填写完成，点击登录按钮...
2026-01-22 03:07:20,778 - INFO - 查找并点击登录按钮...
2026-01-22 03:07:21,150 - INFO - 已点击登录按钮
2026-01-22 03:07:28,170 - INFO - 开始填写登录表单...
2026-01-22 03:07:28,230 - INFO - 用户名填写完成
2026-01-22 03:07:28,289 - INFO - 密码填写完成
2026-01-22 03:07:28,290 - INFO - 验证码图片已保存到 /home/runner/work/nju_electric_monitor/nju_electric_monitor/src/../data/captcha_debug.png
2026-01-22 03:07:28,290 - INFO - 验证码识别尝试 22/30
2026-01-22 03:07:28,290 - INFO - 开始识别验证码...（easyocr + pytesseract）
2026-01-22 03:07:28,389 - INFO - easyocr 结果: ['Yddh(0.94)']
2026-01-22 03:07:28,486 - INFO - tesseract 结果: yvddh
2026-01-22 03:07:28,545 - INFO - easyocr alt1 结果: ['Vddh(0.98)']
2026-01-22 03:07:28,644 - INFO - tesseract alt1 结果: vddh
2026-01-22 03:07:28,703 - INFO - easyocr alt2 结果: ['Vddh(0.98)']
2026-01-22 03:07:28,796 - INFO - tesseract alt2 结果: vddh
2026-01-22 03:07:28,949 - INFO - easyocr alt3 结果: ['Vddh(0.94)']
2026-01-22 03:07:29,048 - INFO - tesseract alt3 结果: 
2026-01-22 03:07:29,107 - INFO - easyocr alt4 结果: ['Vddh(0.94)']
2026-01-22 03:07:29,201 - INFO - tesseract alt4 结果: yvdoh
2026-01-22 03:07:29,259 - INFO - easyocr alt5 结果: ['Vadh(0.69)']
2026-01-22 03:07:29,354 - INFO - tesseract alt5 结果: vddh
2026-01-22 03:07:29,354 - INFO - 最终验证码识别结果: Vddh (engine=easyocr_alt2, prob=0.9826077222824097)
2026-01-22 03:07:29,354 - INFO - 查找验证码输入框...
2026-01-22 03:07:29,410 - INFO - 验证码填写完成
2026-01-22 03:07:29,410 - INFO - 验证码填写完成，点击登录按钮...
2026-01-22 03:07:29,410 - INFO - 查找并点击登录按钮...
2026-01-22 03:07:29,467 - INFO - 已点击登录按钮
2026-01-22 03:07:36,488 - INFO - 开始填写登录表单...
2026-01-22 03:07:36,551 - INFO - 用户名填写完成
2026-01-22 03:07:36,611 - INFO - 密码填写完成
2026-01-22 03:07:36,612 - INFO - 验证码图片已保存到 /home/runner/work/nju_electric_monitor/nju_electric_monitor/src/../data/captcha_debug.png
2026-01-22 03:07:36,612 - INFO - 验证码识别尝试 23/30
2026-01-22 03:07:36,612 - INFO - 开始识别验证码...（easyocr + pytesseract）
2026-01-22 03:07:36,709 - INFO - easyocr 结果: ['Yddh(0.94)']
2026-01-22 03:07:36,807 - INFO - tesseract 结果: yvddh
2026-01-22 03:07:36,867 - INFO - easyocr alt1 结果: ['Vddh(0.98)']
2026-01-22 03:07:36,966 - INFO - tesseract alt1 结果: vddh
2026-01-22 03:07:37,025 - INFO - easyocr alt2 结果: ['Vddh(0.98)']
2026-01-22 03:07:37,126 - INFO - tesseract alt2 结果: vddh
2026-01-22 03:07:37,287 - INFO - easyocr alt3 结果: ['Vddh(0.94)']
2026-01-22 03:07:37,390 - INFO - tesseract alt3 结果: 
2026-01-22 03:07:37,450 - INFO - easyocr alt4 结果: ['Vddh(0.94)']
2026-01-22 03:07:37,551 - INFO - tesseract alt4 结果: yvdoh
2026-01-22 03:07:37,618 - INFO - easyocr alt5 结果: ['Vadh(0.69)']
2026-01-22 03:07:37,717 - INFO - tesseract alt5 结果: vddh
2026-01-22 03:07:37,717 - INFO - 最终验证码识别结果: Vddh (engine=easyocr_alt2, prob=0.9826077222824097)
2026-01-22 03:07:37,717 - INFO - 查找验证码输入框...
2026-01-22 03:07:37,776 - INFO - 验证码填写完成
2026-01-22 03:07:37,776 - INFO - 验证码填写完成，点击登录按钮...
2026-01-22 03:07:37,776 - INFO - 查找并点击登录按钮...
2026-01-22 03:07:38,160 - INFO - 已点击登录按钮
2026-01-22 03:07:45,182 - INFO - 开始填写登录表单...
2026-01-22 03:07:45,247 - INFO - 用户名填写完成
2026-01-22 03:07:45,309 - INFO - 密码填写完成
2026-01-22 03:07:45,309 - INFO - 验证码图片已保存到 /home/runner/work/nju_electric_monitor/nju_electric_monitor/src/../data/captcha_debug.png
2026-01-22 03:07:45,310 - INFO - 验证码识别尝试 24/30
2026-01-22 03:07:45,310 - INFO - 开始识别验证码...（easyocr + pytesseract）
2026-01-22 03:07:45,418 - INFO - easyocr 结果: ['Yddh(0.94)']
2026-01-22 03:07:45,515 - INFO - tesseract 结果: yvddh
2026-01-22 03:07:45,577 - INFO - easyocr alt1 结果: ['Vddh(0.98)']
2026-01-22 03:07:45,677 - INFO - tesseract alt1 结果: vddh
2026-01-22 03:07:45,739 - INFO - easyocr alt2 结果: ['Vddh(0.98)']
2026-01-22 03:07:45,836 - INFO - tesseract alt2 结果: vddh
2026-01-22 03:07:45,993 - INFO - easyocr alt3 结果: ['Vddh(0.94)']
2026-01-22 03:07:46,093 - INFO - tesseract alt3 结果: 
2026-01-22 03:07:46,153 - INFO - easyocr alt4 结果: ['Vddh(0.94)']
2026-01-22 03:07:46,252 - INFO - tesseract alt4 结果: yvdoh
2026-01-22 03:07:46,314 - INFO - easyocr alt5 结果: ['Vadh(0.69)']
2026-01-22 03:07:46,413 - INFO - tesseract alt5 结果: vddh
2026-01-22 03:07:46,413 - INFO - 最终验证码识别结果: Vddh (engine=easyocr_alt2, prob=0.9826077222824097)
2026-01-22 03:07:46,413 - INFO - 查找验证码输入框...
2026-01-22 03:07:46,473 - INFO - 验证码填写完成
2026-01-22 03:07:46,473 - INFO - 验证码填写完成，点击登录按钮...
2026-01-22 03:07:46,473 - INFO - 查找并点击登录按钮...
2026-01-22 03:07:46,857 - INFO - 已点击登录按钮
2026-01-22 03:07:53,878 - INFO - 开始填写登录表单...
2026-01-22 03:07:53,942 - INFO - 用户名填写完成
2026-01-22 03:07:54,004 - INFO - 密码填写完成
2026-01-22 03:07:54,005 - INFO - 验证码图片已保存到 /home/runner/work/nju_electric_monitor/nju_electric_monitor/src/../data/captcha_debug.png
2026-01-22 03:07:54,005 - INFO - 验证码识别尝试 25/30
2026-01-22 03:07:54,005 - INFO - 开始识别验证码...（easyocr + pytesseract）
2026-01-22 03:07:54,105 - INFO - easyocr 结果: ['Yddh(0.94)']
2026-01-22 03:07:54,204 - INFO - tesseract 结果: yvddh
2026-01-22 03:07:54,264 - INFO - easyocr alt1 结果: ['Vddh(0.98)']
2026-01-22 03:07:54,361 - INFO - tesseract alt1 结果: vddh
2026-01-22 03:07:54,421 - INFO - easyocr alt2 结果: ['Vddh(0.98)']
2026-01-22 03:07:54,521 - INFO - tesseract alt2 结果: vddh
2026-01-22 03:07:54,697 - INFO - easyocr alt3 结果: ['Vddh(0.94)']
2026-01-22 03:07:54,796 - INFO - tesseract alt3 结果: 
2026-01-22 03:07:54,856 - INFO - easyocr alt4 结果: ['Vddh(0.94)']
2026-01-22 03:07:54,954 - INFO - tesseract alt4 结果: yvdoh
2026-01-22 03:07:55,022 - INFO - easyocr alt5 结果: ['Vadh(0.69)']
2026-01-22 03:07:55,124 - INFO - tesseract alt5 结果: vddh
2026-01-22 03:07:55,124 - INFO - 最终验证码识别结果: Vddh (engine=easyocr_alt2, prob=0.9826077222824097)
2026-01-22 03:07:55,124 - INFO - 查找验证码输入框...
2026-01-22 03:07:55,182 - INFO - 验证码填写完成
2026-01-22 03:07:55,182 - INFO - 验证码填写完成，点击登录按钮...
2026-01-22 03:07:55,182 - INFO - 查找并点击登录按钮...
2026-01-22 03:07:55,554 - INFO - 已点击登录按钮
2026-01-22 03:08:02,575 - INFO - 开始填写登录表单...
2026-01-22 03:08:02,641 - INFO - 用户名填写完成
2026-01-22 03:08:02,703 - INFO - 密码填写完成
2026-01-22 03:08:02,704 - INFO - 验证码图片已保存到 /home/runner/work/nju_electric_monitor/nju_electric_monitor/src/../data/captcha_debug.png
2026-01-22 03:08:02,704 - INFO - 验证码识别尝试 26/30
2026-01-22 03:08:02,704 - INFO - 开始识别验证码...（easyocr + pytesseract）
2026-01-22 03:08:02,802 - INFO - easyocr 结果: ['Yddh(0.94)']
2026-01-22 03:08:02,900 - INFO - tesseract 结果: yvddh
2026-01-22 03:08:02,961 - INFO - easyocr alt1 结果: ['Vddh(0.98)']
2026-01-22 03:08:03,060 - INFO - tesseract alt1 结果: vddh
2026-01-22 03:08:03,121 - INFO - easyocr alt2 结果: ['Vddh(0.98)']
2026-01-22 03:08:03,218 - INFO - tesseract alt2 结果: vddh
2026-01-22 03:08:03,382 - INFO - easyocr alt3 结果: ['Vddh(0.94)']
2026-01-22 03:08:03,483 - INFO - tesseract alt3 结果: 
2026-01-22 03:08:03,542 - INFO - easyocr alt4 结果: ['Vddh(0.94)']
2026-01-22 03:08:03,641 - INFO - tesseract alt4 结果: yvdoh
2026-01-22 03:08:03,700 - INFO - easyocr alt5 结果: ['Vadh(0.69)']
2026-01-22 03:08:03,800 - INFO - tesseract alt5 结果: vddh
2026-01-22 03:08:03,800 - INFO - 最终验证码识别结果: Vddh (engine=easyocr_alt2, prob=0.9826077222824097)
2026-01-22 03:08:03,800 - INFO - 查找验证码输入框...
2026-01-22 03:08:03,858 - INFO - 验证码填写完成
2026-01-22 03:08:03,858 - INFO - 验证码填写完成，点击登录按钮...
2026-01-22 03:08:03,858 - INFO - 查找并点击登录按钮...
2026-01-22 03:08:04,248 - INFO - 已点击登录按钮
2026-01-22 03:08:11,269 - INFO - 开始填写登录表单...
2026-01-22 03:08:11,331 - INFO - 用户名填写完成
2026-01-22 03:08:11,390 - INFO - 密码填写完成
2026-01-22 03:08:11,391 - INFO - 验证码图片已保存到 /home/runner/work/nju_electric_monitor/nju_electric_monitor/src/../data/captcha_debug.png
2026-01-22 03:08:11,391 - INFO - 验证码识别尝试 27/30
2026-01-22 03:08:11,391 - INFO - 开始识别验证码...（easyocr + pytesseract）
2026-01-22 03:08:11,499 - INFO - easyocr 结果: ['Yddh(0.94)']
2026-01-22 03:08:11,594 - INFO - tesseract 结果: yvddh
2026-01-22 03:08:11,653 - INFO - easyocr alt1 结果: ['Vddh(0.98)']
2026-01-22 03:08:11,750 - INFO - tesseract alt1 结果: vddh
2026-01-22 03:08:11,808 - INFO - easyocr alt2 结果: ['Vddh(0.98)']
2026-01-22 03:08:11,902 - INFO - tesseract alt2 结果: vddh
2026-01-22 03:08:12,055 - INFO - easyocr alt3 结果: ['Vddh(0.94)']
2026-01-22 03:08:12,151 - INFO - tesseract alt3 结果: 
2026-01-22 03:08:12,209 - INFO - easyocr alt4 结果: ['Vddh(0.94)']
2026-01-22 03:08:12,304 - INFO - tesseract alt4 结果: yvdoh
2026-01-22 03:08:12,378 - INFO - easyocr alt5 结果: ['Vadh(0.69)']
2026-01-22 03:08:12,473 - INFO - tesseract alt5 结果: vddh
2026-01-22 03:08:12,473 - INFO - 最终验证码识别结果: Vddh (engine=easyocr_alt2, prob=0.9826077222824097)
2026-01-22 03:08:12,473 - INFO - 查找验证码输入框...
2026-01-22 03:08:12,529 - INFO - 验证码填写完成
2026-01-22 03:08:12,530 - INFO - 验证码填写完成，点击登录按钮...
2026-01-22 03:08:12,530 - INFO - 查找并点击登录按钮...
2026-01-22 03:08:12,899 - INFO - 已点击登录按钮
2026-01-22 03:08:19,919 - INFO - 开始填写登录表单...
2026-01-22 03:08:19,979 - INFO - 用户名填写完成
2026-01-22 03:08:20,037 - INFO - 密码填写完成
2026-01-22 03:08:20,038 - INFO - 验证码图片已保存到 /home/runner/work/nju_electric_monitor/nju_electric_monitor/src/../data/captcha_debug.png
2026-01-22 03:08:20,038 - INFO - 验证码识别尝试 28/30
2026-01-22 03:08:20,038 - INFO - 开始识别验证码...（easyocr + pytesseract）
2026-01-22 03:08:20,134 - INFO - easyocr 结果: ['Yddh(0.94)']
2026-01-22 03:08:20,231 - INFO - tesseract 结果: yvddh
2026-01-22 03:08:20,290 - INFO - easyocr alt1 结果: ['Vddh(0.98)']
2026-01-22 03:08:20,386 - INFO - tesseract alt1 结果: vddh
2026-01-22 03:08:20,444 - INFO - easyocr alt2 结果: ['Vddh(0.98)']
2026-01-22 03:08:20,540 - INFO - tesseract alt2 结果: vddh
2026-01-22 03:08:20,693 - INFO - easyocr alt3 结果: ['Vddh(0.94)']
2026-01-22 03:08:20,792 - INFO - tesseract alt3 结果: 
2026-01-22 03:08:20,850 - INFO - easyocr alt4 结果: ['Vddh(0.94)']
2026-01-22 03:08:20,946 - INFO - tesseract alt4 结果: yvdoh
2026-01-22 03:08:21,004 - INFO - easyocr alt5 结果: ['Vadh(0.69)']
2026-01-22 03:08:21,105 - INFO - tesseract alt5 结果: vddh
2026-01-22 03:08:21,105 - INFO - 最终验证码识别结果: Vddh (engine=easyocr_alt2, prob=0.9826077222824097)
2026-01-22 03:08:21,105 - INFO - 查找验证码输入框...
2026-01-22 03:08:21,163 - INFO - 验证码填写完成
2026-01-22 03:08:21,163 - INFO - 验证码填写完成，点击登录按钮...
2026-01-22 03:08:21,163 - INFO - 查找并点击登录按钮...
2026-01-22 03:08:21,537 - INFO - 已点击登录按钮
2026-01-22 03:08:28,557 - INFO - 开始填写登录表单...
2026-01-22 03:08:28,618 - INFO - 用户名填写完成
2026-01-22 03:08:28,675 - INFO - 密码填写完成
2026-01-22 03:08:28,676 - INFO - 验证码图片已保存到 /home/runner/work/nju_electric_monitor/nju_electric_monitor/src/../data/captcha_debug.png
2026-01-22 03:08:28,676 - INFO - 验证码识别尝试 29/30
2026-01-22 03:08:28,676 - INFO - 开始识别验证码...（easyocr + pytesseract）
2026-01-22 03:08:28,781 - INFO - easyocr 结果: ['Yddh(0.94)']
2026-01-22 03:08:28,875 - INFO - tesseract 结果: yvddh
2026-01-22 03:08:28,935 - INFO - easyocr alt1 结果: ['Vddh(0.98)']
2026-01-22 03:08:29,031 - INFO - tesseract alt1 结果: vddh
2026-01-22 03:08:29,091 - INFO - easyocr alt2 结果: ['Vddh(0.98)']
2026-01-22 03:08:29,189 - INFO - tesseract alt2 结果: vddh
2026-01-22 03:08:29,344 - INFO - easyocr alt3 结果: ['Vddh(0.94)']
2026-01-22 03:08:29,443 - INFO - tesseract alt3 结果: 
2026-01-22 03:08:29,505 - INFO - easyocr alt4 结果: ['Vddh(0.94)']
2026-01-22 03:08:29,600 - INFO - tesseract alt4 结果: yvdoh
2026-01-22 03:08:29,660 - INFO - easyocr alt5 结果: ['Vadh(0.69)']
2026-01-22 03:08:29,756 - INFO - tesseract alt5 结果: vddh
2026-01-22 03:08:29,756 - INFO - 最终验证码识别结果: Vddh (engine=easyocr_alt2, prob=0.9826077222824097)
2026-01-22 03:08:29,756 - INFO - 查找验证码输入框...
2026-01-22 03:08:29,813 - INFO - 验证码填写完成
2026-01-22 03:08:29,813 - INFO - 验证码填写完成，点击登录按钮...
2026-01-22 03:08:29,813 - INFO - 查找并点击登录按钮...
2026-01-22 03:08:30,182 - INFO - 已点击登录按钮
2026-01-22 03:08:37,202 - INFO - 开始填写登录表单...
2026-01-22 03:08:37,263 - INFO - 用户名填写完成
2026-01-22 03:08:37,324 - INFO - 密码填写完成
2026-01-22 03:08:37,325 - INFO - 验证码图片已保存到 /home/runner/work/nju_electric_monitor/nju_electric_monitor/src/../data/captcha_debug.png
2026-01-22 03:08:37,325 - INFO - 验证码识别尝试 30/30
2026-01-22 03:08:37,325 - INFO - 开始识别验证码...（easyocr + pytesseract）
2026-01-22 03:08:37,422 - INFO - easyocr 结果: ['Yddh(0.94)']
2026-01-22 03:08:37,522 - INFO - tesseract 结果: yvddh
2026-01-22 03:08:37,582 - INFO - easyocr alt1 结果: ['Vddh(0.98)']
2026-01-22 03:08:37,681 - INFO - tesseract alt1 结果: vddh
2026-01-22 03:08:37,757 - INFO - easyocr alt2 结果: ['Vddh(0.98)']
2026-01-22 03:08:37,852 - INFO - tesseract alt2 结果: vddh
2026-01-22 03:08:38,007 - INFO - easyocr alt3 结果: ['Vddh(0.94)']
2026-01-22 03:08:38,104 - INFO - tesseract alt3 结果: 
2026-01-22 03:08:38,163 - INFO - easyocr alt4 结果: ['Vddh(0.94)']
2026-01-22 03:08:38,260 - INFO - tesseract alt4 结果: yvdoh
2026-01-22 03:08:38,319 - INFO - easyocr alt5 结果: ['Vadh(0.69)']
2026-01-22 03:08:38,420 - INFO - tesseract alt5 结果: vddh
2026-01-22 03:08:38,420 - INFO - 最终验证码识别结果: Vddh (engine=easyocr_alt2, prob=0.9826077222824097)
2026-01-22 03:08:38,420 - INFO - 查找验证码输入框...
2026-01-22 03:08:38,476 - INFO - 验证码填写完成
2026-01-22 03:08:38,476 - INFO - 验证码填写完成，点击登录按钮...
2026-01-22 03:08:38,476 - INFO - 查找并点击登录按钮...
2026-01-22 03:08:38,845 - INFO - 已点击登录按钮
2026-01-22 03:08:45,865 - WARNING - 自动验证码识别失败，请手动输入
请手动输入验证码: 2026-01-22 03:08:45,865 - ERROR - 处理验证码时出错: EOF when reading a line
2026-01-22 03:08:45,865 - WARNING - 验证码处理失败，但继续尝试登录
2026-01-22 03:08:45,865 - INFO - 查找并点击登录按钮...
2026-01-22 03:08:45,921 - INFO - 已点击登录按钮
2026-01-22 03:08:50,922 - INFO - 等待登录成功...
2026-01-22 03:08:55,928 - INFO - 登录可能成功，继续下一步...
2026-01-22 03:08:55,928 - INFO - 查找'去充值'按钮...
2026-01-22 03:08:55,991 - INFO - 已点击充值按钮
2026-01-22 03:08:58,991 - INFO - 开始提取剩余电量信息...
2026-01-22 03:08:58,996 - INFO - 页面源码已保存到 /home/runner/work/nju_electric_monitor/nju_electric_monitor/src/../data/debug_page_source.html
2026-01-22 03:08:59,005 - WARNING - 未找到电量信息元素，尝试其他方法...
2026-01-22 03:08:59,013 - WARNING - 未找到i标签中的电量信息，尝试其他方法...
2026-01-22 03:08:59,017 - INFO - 在页面源码中查找电量信息...
2026-01-22 03:08:59,028 - WARNING - 未能提取到剩余电量信息
2026-01-22 03:08:59,028 - WARNING - 没有电量数据可保存
2026-01-22 03:08:59,028 - INFO - 监控流程完成
Wrapper end: 2026-01-22T11:08:59.135993+08:00
