Wrapper start: 2026-02-11T11:46:52.044398+08:00

=== ENVIRONMENT SUMMARY ===
Environment variable keys (count=121):
- ACCEPT_EULA
- ACTIONS_ORCHESTRATION_ID
- ACTIONS_RUNNER_ACTION_ARCHIVE_CACHE
- AGENT_TOOLSDIRECTORY
- ANDROID_HOME
- ANDROID_NDK
- ANDROID_NDK_HOME
- ANDROID_NDK_LATEST_HOME
- ANDROID_NDK_ROOT
- ANDROID_SDK_ROOT
NJU_USERNAME set: yes
NJU_PASSWORD set: yes

=== DISK USAGE (df -h) ===
Filesystem      Size  Used Avail Use% Mounted on
/dev/root        72G   59G   13G  83% /
tmpfs           7.9G   84K  7.9G   1% /dev/shm
tmpfs           3.2G  2.5M  3.2G   1% /run
tmpfs           5.0M     0  5.0M   0% /run/lock
efivarfs        128M   32K  128M   1% /sys/firmware/efi/efivars
/dev/sda16      881M   62M  758M   8% /boot
/dev/sda15      105M  6.2M   99M   6% /boot/efi
/dev/sdb1        74G  4.1G   66G   6% /mnt
tmpfs           1.6G   12K  1.6G   1% /run/user/1001


=== KEY DIR SIZES ===
17M	/home/runner/work/nju_electric_monitor/nju_electric_monitor/src/../logs

344K	/home/runner/work/nju_electric_monitor/nju_electric_monitor/src/../data

101M	/home/runner/work/nju_electric_monitor/nju_electric_monitor/src/../models


=== CONFIG_WORKFLOW SUMMARY ===
{
  "username": "",
  "password": "",
  "auto_login": true,
  "headless_mode": true,
  "captcha_retry_count": 30,
  "captcha_confidence_threshold": 0.3,
  "save_captcha_images": true,
  "log_level": "INFO"
}

=== FONT DIAGNOSTICS ===
Found system fonts (ttf) count: 59
- /usr/share/fonts/truetype/noto/NotoColorEmoji.ttf
- /usr/share/fonts/truetype/liberation/LiberationSerif-BoldItalic.ttf
- /usr/share/fonts/truetype/dejavu/DejaVuSansMono-Bold.ttf
- /usr/share/fonts/truetype/dejavu/DejaVuSerif.ttf
- /usr/share/fonts/truetype/liberation/LiberationSans-Bold.ttf
- /usr/share/fonts/truetype/dejavu/DejaVuSerifCondensed-BoldItalic.ttf
- /usr/share/fonts/truetype/dejavu/DejaVuSans.ttf
- /usr/share/fonts/truetype/lato/Lato-Heavy.ttf
- /usr/share/fonts/opentype/noto/NotoSansCJK-Bold.ttc
- /usr/share/fonts/opentype/noto/NotoSansCJK-Regular.ttc
- /usr/share/fonts/truetype/lato/Lato-MediumItalic.ttf
- /usr/share/fonts/truetype/lato/Lato-BlackItalic.ttf
- /usr/share/fonts/truetype/dejavu/DejaVuSerifCondensed-Bold.ttf
- /usr/share/fonts/truetype/liberation/LiberationSerif-Bold.ttf
- /usr/share/fonts/truetype/lato/Lato-Light.ttf
- /usr/share/fonts/truetype/dejavu/DejaVuSansCondensed-Oblique.ttf
- /usr/share/fonts/truetype/dejavu/DejaVuSans-ExtraLight.ttf
- /usr/share/fonts/truetype/dejavu/DejaVuSansCondensed-BoldOblique.ttf
- /usr/share/fonts/truetype/dejavu/DejaVuSerif-Bold.ttf
- /usr/share/fonts/truetype/dejavu/DejaVuSans-Oblique.ttf
- /usr/share/fonts/truetype/dejavu/DejaVuSerif-BoldItalic.ttf
- /usr/share/fonts/truetype/liberation/LiberationSans-BoldItalic.ttf
- /usr/share/fonts/truetype/lato/Lato-Thin.ttf
- /usr/share/fonts/truetype/lato/Lato-HairlineItalic.ttf
- /usr/share/fonts/truetype/liberation/LiberationMono-Regular.ttf
- /usr/share/fonts/truetype/dejavu/DejaVuMathTeXGyre.ttf
- /usr/share/fonts/truetype/lato/Lato-SemiboldItalic.ttf
- /usr/share/fonts/truetype/lato/Lato-BoldItalic.ttf
- /usr/share/fonts/truetype/lato/Lato-Italic.ttf
- /usr/share/fonts/truetype/wqy/wqy-microhei.ttc
- /usr/share/fonts/truetype/dejavu/DejaVuSerifCondensed.ttf
- /usr/share/fonts/truetype/dejavu/DejaVuSansCondensed-Bold.ttf
- /usr/share/fonts/truetype/lato/Lato-Semibold.ttf
- /usr/share/fonts/truetype/dejavu/DejaVuSerif-Italic.ttf
- /usr/share/fonts/truetype/liberation/LiberationMono-Italic.ttf
- /usr/share/fonts/truetype/liberation/LiberationSerif-Italic.ttf
- /usr/share/fonts/truetype/lato/Lato-ThinItalic.ttf
- /usr/share/fonts/truetype/lato/Lato-Regular.ttf
- /usr/share/fonts/truetype/liberation/LiberationSans-Italic.ttf
- /usr/share/fonts/truetype/dejavu/DejaVuSans-Bold.ttf
- /usr/share/fonts/truetype/dejavu/DejaVuSans-BoldOblique.ttf
- /usr/share/fonts/truetype/lato/Lato-LightItalic.ttf
- /usr/share/fonts/truetype/dejavu/DejaVuSansMono-BoldOblique.ttf
- /usr/share/fonts/truetype/liberation/LiberationSerif-Regular.ttf
- /usr/share/fonts/truetype/dejavu/DejaVuSansCondensed.ttf
- /usr/share/fonts/truetype/lato/Lato-Black.ttf
- /usr/share/fonts/truetype/liberation/LiberationSans-Regular.ttf
- /usr/share/fonts/truetype/dejavu/DejaVuSerifCondensed-Italic.ttf
- /usr/share/fonts/truetype/lato/Lato-HeavyItalic.ttf
- /usr/share/fonts/opentype/noto/NotoSerifCJK-Bold.ttc

FontManager samples (name -> path):
DejaVu Sans Display -> /opt/hostedtoolcache/Python/3.14.2/x64/lib/python3.14/site-packages/matplotlib/mpl-data/fonts/ttf/DejaVuSansDisplay.ttf
STIXGeneral -> /opt/hostedtoolcache/Python/3.14.2/x64/lib/python3.14/site-packages/matplotlib/mpl-data/fonts/ttf/STIXGeneralBolIta.ttf
STIXGeneral -> /opt/hostedtoolcache/Python/3.14.2/x64/lib/python3.14/site-packages/matplotlib/mpl-data/fonts/ttf/STIXGeneral.ttf
DejaVu Serif -> /opt/hostedtoolcache/Python/3.14.2/x64/lib/python3.14/site-packages/matplotlib/mpl-data/fonts/ttf/DejaVuSerif-Bold.ttf
cmr10 -> /opt/hostedtoolcache/Python/3.14.2/x64/lib/python3.14/site-packages/matplotlib/mpl-data/fonts/ttf/cmr10.ttf
cmtt10 -> /opt/hostedtoolcache/Python/3.14.2/x64/lib/python3.14/site-packages/matplotlib/mpl-data/fonts/ttf/cmtt10.ttf
STIXNonUnicode -> /opt/hostedtoolcache/Python/3.14.2/x64/lib/python3.14/site-packages/matplotlib/mpl-data/fonts/ttf/STIXNonUniIta.ttf
STIXSizeOneSym -> /opt/hostedtoolcache/Python/3.14.2/x64/lib/python3.14/site-packages/matplotlib/mpl-data/fonts/ttf/STIXSizOneSymBol.ttf
STIXNonUnicode -> /opt/hostedtoolcache/Python/3.14.2/x64/lib/python3.14/site-packages/matplotlib/mpl-data/fonts/ttf/STIXNonUniBolIta.ttf
DejaVu Sans -> /opt/hostedtoolcache/Python/3.14.2/x64/lib/python3.14/site-packages/matplotlib/mpl-data/fonts/ttf/DejaVuSans-Bold.ttf
cmss10 -> /opt/hostedtoolcache/Python/3.14.2/x64/lib/python3.14/site-packages/matplotlib/mpl-data/fonts/ttf/cmss10.ttf
DejaVu Sans Mono -> /opt/hostedtoolcache/Python/3.14.2/x64/lib/python3.14/site-packages/matplotlib/mpl-data/fonts/ttf/DejaVuSansMono.ttf
STIXGeneral -> /opt/hostedtoolcache/Python/3.14.2/x64/lib/python3.14/site-packages/matplotlib/mpl-data/fonts/ttf/STIXGeneralItalic.ttf
DejaVu Sans -> /opt/hostedtoolcache/Python/3.14.2/x64/lib/python3.14/site-packages/matplotlib/mpl-data/fonts/ttf/DejaVuSans-Oblique.ttf
DejaVu Serif Display -> /opt/hostedtoolcache/Python/3.14.2/x64/lib/python3.14/site-packages/matplotlib/mpl-data/fonts/ttf/DejaVuSerifDisplay.ttf
STIXSizeTwoSym -> /opt/hostedtoolcache/Python/3.14.2/x64/lib/python3.14/site-packages/matplotlib/mpl-data/fonts/ttf/STIXSizTwoSymReg.ttf
DejaVu Sans Mono -> /opt/hostedtoolcache/Python/3.14.2/x64/lib/python3.14/site-packages/matplotlib/mpl-data/fonts/ttf/DejaVuSansMono-Bold.ttf
STIXSizeOneSym -> /opt/hostedtoolcache/Python/3.14.2/x64/lib/python3.14/site-packages/matplotlib/mpl-data/fonts/ttf/STIXSizOneSymReg.ttf
DejaVu Serif -> /opt/hostedtoolcache/Python/3.14.2/x64/lib/python3.14/site-packages/matplotlib/mpl-data/fonts/ttf/DejaVuSerif.ttf
DejaVu Serif -> /opt/hostedtoolcache/Python/3.14.2/x64/lib/python3.14/site-packages/matplotlib/mpl-data/fonts/ttf/DejaVuSerif-BoldItalic.ttf
STIXGeneral -> /opt/hostedtoolcache/Python/3.14.2/x64/lib/python3.14/site-packages/matplotlib/mpl-data/fonts/ttf/STIXGeneralBol.ttf
DejaVu Serif -> /opt/hostedtoolcache/Python/3.14.2/x64/lib/python3.14/site-packages/matplotlib/mpl-data/fonts/ttf/DejaVuSerif-Italic.ttf
cmmi10 -> /opt/hostedtoolcache/Python/3.14.2/x64/lib/python3.14/site-packages/matplotlib/mpl-data/fonts/ttf/cmmi10.ttf
STIXSizeThreeSym -> /opt/hostedtoolcache/Python/3.14.2/x64/lib/python3.14/site-packages/matplotlib/mpl-data/fonts/ttf/STIXSizThreeSymBol.ttf
STIXSizeThreeSym -> /opt/hostedtoolcache/Python/3.14.2/x64/lib/python3.14/site-packages/matplotlib/mpl-data/fonts/ttf/STIXSizThreeSymReg.ttf
STIXNonUnicode -> /opt/hostedtoolcache/Python/3.14.2/x64/lib/python3.14/site-packages/matplotlib/mpl-data/fonts/ttf/STIXNonUni.ttf
DejaVu Sans -> /opt/hostedtoolcache/Python/3.14.2/x64/lib/python3.14/site-packages/matplotlib/mpl-data/fonts/ttf/DejaVuSans.ttf
STIXSizeFourSym -> /opt/hostedtoolcache/Python/3.14.2/x64/lib/python3.14/site-packages/matplotlib/mpl-data/fonts/ttf/STIXSizFourSymReg.ttf
cmex10 -> /opt/hostedtoolcache/Python/3.14.2/x64/lib/python3.14/site-packages/matplotlib/mpl-data/fonts/ttf/cmex10.ttf
STIXSizeFiveSym -> /opt/hostedtoolcache/Python/3.14.2/x64/lib/python3.14/site-packages/matplotlib/mpl-data/fonts/ttf/STIXSizFiveSymReg.ttf
STIXSizeFourSym -> /opt/hostedtoolcache/Python/3.14.2/x64/lib/python3.14/site-packages/matplotlib/mpl-data/fonts/ttf/STIXSizFourSymBol.ttf
DejaVu Sans Mono -> /opt/hostedtoolcache/Python/3.14.2/x64/lib/python3.14/site-packages/matplotlib/mpl-data/fonts/ttf/DejaVuSansMono-Oblique.ttf
STIXNonUnicode -> /opt/hostedtoolcache/Python/3.14.2/x64/lib/python3.14/site-packages/matplotlib/mpl-data/fonts/ttf/STIXNonUniBol.ttf
cmb10 -> /opt/hostedtoolcache/Python/3.14.2/x64/lib/python3.14/site-packages/matplotlib/mpl-data/fonts/ttf/cmb10.ttf
STIXSizeTwoSym -> /opt/hostedtoolcache/Python/3.14.2/x64/lib/python3.14/site-packages/matplotlib/mpl-data/fonts/ttf/STIXSizTwoSymBol.ttf
cmsy10 -> /opt/hostedtoolcache/Python/3.14.2/x64/lib/python3.14/site-packages/matplotlib/mpl-data/fonts/ttf/cmsy10.ttf
DejaVu Sans -> /opt/hostedtoolcache/Python/3.14.2/x64/lib/python3.14/site-packages/matplotlib/mpl-data/fonts/ttf/DejaVuSans-BoldOblique.ttf
DejaVu Sans Mono -> /opt/hostedtoolcache/Python/3.14.2/x64/lib/python3.14/site-packages/matplotlib/mpl-data/fonts/ttf/DejaVuSansMono-BoldOblique.ttf
Liberation Serif -> /usr/share/fonts/truetype/liberation/LiberationSerif-BoldItalic.ttf
DejaVu Sans Mono -> /usr/share/fonts/truetype/dejavu/DejaVuSansMono-Bold.ttf
DejaVu Serif -> /usr/share/fonts/truetype/dejavu/DejaVuSerif.ttf
Liberation Sans -> /usr/share/fonts/truetype/liberation/LiberationSans-Bold.ttf
DejaVu Serif -> /usr/share/fonts/truetype/dejavu/DejaVuSerifCondensed-BoldItalic.ttf
DejaVu Sans -> /usr/share/fonts/truetype/dejavu/DejaVuSans.ttf
Lato -> /usr/share/fonts/truetype/lato/Lato-Heavy.ttf
Noto Sans CJK JP -> /usr/share/fonts/opentype/noto/NotoSansCJK-Bold.ttc
Noto Sans CJK JP -> /usr/share/fonts/opentype/noto/NotoSansCJK-Regular.ttc
Lato -> /usr/share/fonts/truetype/lato/Lato-MediumItalic.ttf
Lato -> /usr/share/fonts/truetype/lato/Lato-BlackItalic.ttf
DejaVu Serif -> /usr/share/fonts/truetype/dejavu/DejaVuSerifCondensed-Bold.ttf

Preferred font find results:
findfont('Microsoft YaHei') failed: Failed to find font Microsoft YaHei:style=normal:variant=normal:weight=normal:stretch=normal:size=10.0, and fallback to the default font was disabled
findfont('Segoe UI') failed: Failed to find font Segoe UI:style=normal:variant=normal:weight=normal:stretch=normal:size=10.0, and fallback to the default font was disabled
findfont('Arial Unicode MS') failed: Failed to find font Arial Unicode MS:style=normal:variant=normal:weight=normal:stretch=normal:size=10.0, and fallback to the default font was disabled
findfont('Noto Sans CJK SC') failed: Failed to find font Noto Sans CJK SC:style=normal:variant=normal:weight=normal:stretch=normal:size=10.0, and fallback to the default font was disabled
findfont('WenQuanYi Micro Hei') -> /usr/share/fonts/truetype/wqy/wqy-microhei.ttc
findfont('WenQuanYi Zen Hei') -> /usr/share/fonts/truetype/wqy/wqy-zenhei.ttc
findfont('DejaVu Sans') -> /opt/hostedtoolcache/Python/3.14.2/x64/lib/python3.14/site-packages/matplotlib/mpl-data/fonts/ttf/DejaVuSans.ttf

fc-list output sample (truncated to 10000 chars):
Liberation Mono - /usr/share/fonts/truetype/liberation/LiberationMono-Bold.ttf
Liberation Serif - /usr/share/fonts/truetype/liberation/LiberationSerif-BoldItalic.ttf
Lato,Lato Hairline - /usr/share/fonts/truetype/lato/Lato-Hairline.ttf
Lato,Lato Heavy - /usr/share/fonts/truetype/lato/Lato-Heavy.ttf
DejaVu Serif,DejaVu Serif Condensed - /usr/share/fonts/truetype/dejavu/DejaVuSerifCondensed-Italic.ttf
Lato,Lato Medium - /usr/share/fonts/truetype/lato/Lato-Medium.ttf
Lato,Lato Light - /usr/share/fonts/truetype/lato/Lato-LightItalic.ttf
WenQuanYi Zen Hei Sharp,文泉驛點陣正黑,文泉驿点阵正黑 - /usr/share/fonts/truetype/wqy/wqy-zenhei.ttc
WenQuanYi Micro Hei Mono,文泉驛等寬微米黑,文泉驿等宽微米黑 - /usr/share/fonts/truetype/wqy/wqy-microhei.ttc
Noto Sans Mono CJK KR - /usr/share/fonts/opentype/noto/NotoSansCJK-Bold.ttc
DejaVu Serif - /usr/share/fonts/truetype/dejavu/DejaVuSerif-Bold.ttf
Noto Sans Mono CJK JP - /usr/share/fonts/opentype/noto/NotoSansCJK-Bold.ttc
Noto Sans Mono CJK HK - /usr/share/fonts/opentype/noto/NotoSansCJK-Bold.ttc
Noto Serif CJK SC - /usr/share/fonts/opentype/noto/NotoSerifCJK-Regular.ttc
DejaVu Math TeX Gyre - /usr/share/fonts/truetype/dejavu/DejaVuMathTeXGyre.ttf
Liberation Sans - /usr/share/fonts/truetype/liberation/LiberationSans-Regular.ttf
Lato - /usr/share/fonts/truetype/lato/Lato-Italic.ttf
Liberation Sans - /usr/share/fonts/truetype/liberation/LiberationSans-Bold.ttf
Noto Serif CJK TC - /usr/share/fonts/opentype/noto/NotoSerifCJK-Regular.ttc
Noto Sans Mono CJK SC - /usr/share/fonts/opentype/noto/NotoSansCJK-Bold.ttc
Liberation Mono - /usr/share/fonts/truetype/liberation/LiberationMono-Italic.ttf
Noto Sans Mono CJK TC - /usr/share/fonts/opentype/noto/NotoSansCJK-Bold.ttc
DejaVu Sans,DejaVu Sans Condensed - /usr/share/fonts/truetype/dejavu/DejaVuSansCondensed.ttf
DejaVu Serif,DejaVu Serif Condensed - /usr/share/fonts/truetype/dejavu/DejaVuSerifCondensed.ttf
Liberation Serif - /usr/share/fonts/truetype/liberation/LiberationSerif-Italic.ttf
Lato,Lato Heavy - /usr/share/fonts/truetype/lato/Lato-HeavyItalic.ttf
Lato - /usr/share/fonts/truetype/lato/Lato-BoldItalic.ttf
Noto Serif CJK JP - /usr/share/fonts/opentype/noto/NotoSerifCJK-Regular.ttc
Lato,Lato Medium - /usr/share/fonts/truetype/lato/Lato-MediumItalic.ttf
Noto Serif CJK HK - /usr/share/fonts/opentype/noto/NotoSerifCJK-Regular.ttc
DejaVu Serif - /usr/share/fonts/truetype/dejavu/DejaVuSerif-Italic.ttf
DejaVu Sans - /usr/share/fonts/truetype/dejavu/DejaVuSans.ttf
Noto Serif CJK KR - /usr/share/fonts/opentype/noto/NotoSerifCJK-Regular.ttc
Lato,Lato Semibold - /usr/share/fonts/truetype/lato/Lato-SemiboldItalic.ttf
Lato,Lato Thin - /usr/share/fonts/truetype/lato/Lato-ThinItalic.ttf
DejaVu Sans,DejaVu Sans Condensed - /usr/share/fonts/truetype/dejavu/DejaVuSansCondensed-BoldOblique.ttf
Noto Sans CJK JP - /usr/share/fonts/opentype/noto/NotoSansCJK-Regular.ttc
Liberation Sans - /usr/share/fonts/truetype/liberation/LiberationSans-Italic.ttf
Noto Sans CJK HK - /usr/share/fonts/opentype/noto/NotoSansCJK-Regular.ttc
Lato,Lato Black - /usr/share/fonts/truetype/lato/Lato-BlackItalic.ttf
Lato,Lato Thin - /usr/share/fonts/truetype/lato/Lato-Thin.ttf
DejaVu Sans,DejaVu Sans Condensed - /usr/share/fonts/truetype/dejavu/DejaVuSansCondensed-Oblique.ttf
Noto Sans CJK KR - /usr/share/fonts/opentype/noto/NotoSansCJK-Regular.ttc
Lato,Lato Light - /usr/share/fonts/truetype/lato/Lato-Light.ttf
Noto Sans CJK TC - /usr/share/fonts/opentype/noto/NotoSansCJK-Regular.ttc
DejaVu Sans,DejaVu Sans Condensed - /usr/share/fonts/truetype/dejavu/DejaVuSansCondensed-Bold.ttf
DejaVu Sans Mono - /usr/share/fonts/truetype/dejavu/DejaVuSansMono-Oblique.ttf
Lato,Lato Hairline - /usr/share/fonts/truetype/lato/Lato-HairlineItalic.ttf
Noto Sans CJK SC - /usr/share/fonts/opentype/noto/NotoSansCJK-Regular.ttc
WenQuanYi Zen Hei,文泉驛正黑,文泉驿正黑 - /usr/share/fonts/truetype/wqy/wqy-zenhei.ttc
Lato,Lato Black - /usr/share/fonts/truetype/lato/Lato-Black.ttf
Lato - /usr/share/fonts/truetype/lato/Lato-Regular.ttf
DejaVu Sans - /usr/share/fonts/truetype/dejavu/DejaVuSans-BoldOblique.ttf
Liberation Mono - /usr/share/fonts/truetype/liberation/LiberationMono-BoldItalic.ttf
Noto Sans Mono CJK KR - /usr/share/fonts/opentype/noto/NotoSansCJK-Regular.ttc
Liberation Mono - /usr/share/fonts/truetype/liberation/LiberationMono-Regular.ttf
Noto Sans Mono CJK HK - /usr/share/fonts/opentype/noto/NotoSansCJK-Regular.ttc
DejaVu Sans,DejaVu Sans Light - /usr/share/fonts/truetype/dejavu/DejaVuSans-ExtraLight.ttf
DejaVu Serif - /usr/share/fonts/truetype/dejavu/DejaVuSerif.ttf
Noto Sans Mono CJK JP - /usr/share/fonts/opentype/noto/NotoSansCJK-Regular.ttc
Noto Serif CJK JP - /usr/share/fonts/opentype/noto/NotoSerifCJK-Bold.ttc
Noto Serif CJK HK - /usr/share/fonts/opentype/noto/NotoSerifCJK-Bold.ttc
Noto Serif CJK KR - /usr/share/fonts/opentype/noto/NotoSerifCJK-Bold.ttc
Noto Serif CJK TC - /usr/share/fonts/opentype/noto/NotoSerifCJK-Bold.ttc
Lato - /usr/share/fonts/truetype/lato/Lato-Bold.ttf
Noto Sans CJK SC - /usr/share/fonts/opentype/noto/NotoSansCJK-Bold.ttc
Noto Sans Mono CJK TC - /usr/share/fonts/opentype/noto/NotoSansCJK-Regular.ttc
Noto Sans CJK TC - /usr/share/fonts/opentype/noto/NotoSansCJK-Bold.ttc
Noto Serif CJK SC - /usr/share/fonts/opentype/noto/NotoSerifCJK-Bold.ttc
DejaVu Sans Mono - /usr/share/fonts/truetype/dejavu/DejaVuSansMono-Bold.ttf
DejaVu Serif - /usr/share/fonts/truetype/dejavu/DejaVuSerif-BoldItalic.ttf
WenQuanYi Zen Hei Mono,文泉驛等寬正黑,文泉驿等宽正黑 - /usr/share/fonts/truetype/wqy/wqy-zenhei.ttc
DejaVu Sans Mono - /usr/share/fonts/truetype/dejavu/DejaVuSansMono.ttf
Noto Sans CJK JP - /usr/share/fonts/opentype/noto/NotoSansCJK-Bold.ttc
Noto Sans CJK HK - /usr/share/fonts/opentype/noto/NotoSansCJK-Bold.ttc
Noto Sans CJK KR - /usr/share/fonts/opentype/noto/NotoSansCJK-Bold.ttc
WenQuanYi Micro Hei,文泉驛微米黑,文泉驿微米黑 - /usr/share/fonts/truetype/wqy/wqy-microhei.ttc
Noto Sans Mono CJK SC - /usr/share/fonts/opentype/noto/NotoSansCJK-Regular.ttc
Noto Color Emoji - /usr/share/fonts/truetype/noto/NotoColorEmoji.ttf
DejaVu Sans Mono - /usr/share/fonts/truetype/dejavu/DejaVuSansMono-BoldOblique.ttf
Liberation Sans - /usr/share/fonts/truetype/liberation/LiberationSans-BoldItalic.ttf
Liberation Serif - /usr/share/fonts/truetype/liberation/LiberationSerif-Regular.ttf
Lato,Lato Semibold - /usr/share/fonts/truetype/lato/Lato-Semibold.ttf
DejaVu Sans - /usr/share/fonts/truetype/dejavu/DejaVuSans-Oblique.ttf
DejaVu Serif,DejaVu Serif Condensed - /usr/share/fonts/truetype/dejavu/DejaVuSerifCondensed-Bold.ttf
DejaVu Sans - /usr/share/fonts/truetype/dejavu/DejaVuSans-Bold.ttf
Liberation Serif - /usr/share/fonts/truetype/liberation/LiberationSerif-Bold.ttf
DejaVu Serif,DejaVu Serif Condensed - /usr/share/fonts/truetype/dejavu/DejaVuSerifCondensed-BoldItalic.ttf

2026-02-11 03:46:56,832 - INFO - Matplotlib 字体设置：使用回退字体列表，首选可用字体: Noto Sans CJK JP
2026-02-11 03:46:58,264 - INFO - 使用 ChromeDriver: /usr/bin/chromedriver
2026-02-11 03:46:58,264 - WARNING - Using CPU. Note: This module is much faster with a GPU.
2026-02-11 03:46:59,731 - INFO - OCR识别器初始化成功
2026-02-11 03:46:59,731 - INFO - 开始南京大学电费监控流程（自动无头模式）
2026-02-11 03:46:59,731 - INFO - 正在打开页面: https://epay.nju.edu.cn/epay/h5/nju/electric/index
2026-02-11 03:47:11,881 - INFO - 等待登录表单加载...
2026-02-11 03:47:11,890 - INFO - 登录表单已加载
2026-02-11 03:47:11,891 - INFO - 开始填写登录表单...
2026-02-11 03:47:11,971 - INFO - 用户名填写完成
2026-02-11 03:47:12,037 - INFO - 密码填写完成
2026-02-11 03:47:12,037 - INFO - 检查是否有验证码...
2026-02-11 03:47:12,037 - INFO - 查找验证码图片...
2026-02-11 03:47:12,117 - INFO - 找到验证码图片，开始截图...
2026-02-11 03:47:12,511 - INFO - 验证码图片截取成功
2026-02-11 03:47:12,511 - INFO - 开始填写登录表单...
2026-02-11 03:47:12,576 - INFO - 用户名填写完成
2026-02-11 03:47:12,640 - INFO - 密码填写完成
2026-02-11 03:47:12,665 - INFO - 验证码图片已保存到 /home/runner/work/nju_electric_monitor/nju_electric_monitor/src/../data/captcha_debug.png
2026-02-11 03:47:12,665 - INFO - 验证码识别尝试 1/30
2026-02-11 03:47:12,665 - INFO - 开始识别验证码...（easyocr + pytesseract）
2026-02-11 03:47:12,806 - INFO - easyocr 结果: ['51fU(0.26)']
2026-02-11 03:47:14,088 - INFO - tesseract 结果: SrfU
2026-02-11 03:47:14,140 - INFO - easyocr alt1 结果: ['5LU(0.16)']
2026-02-11 03:47:14,240 - INFO - tesseract alt1 结果: srfU
2026-02-11 03:47:14,286 - INFO - easyocr alt2 结果: ['SrU(0.38)']
2026-02-11 03:47:14,382 - INFO - tesseract alt2 结果: srfU
2026-02-11 03:47:14,548 - INFO - easyocr alt3 结果: ['5fU(0.31)']
2026-02-11 03:47:14,663 - INFO - tesseract alt3 结果: SrfU
2026-02-11 03:47:14,719 - INFO - easyocr alt4 结果: ['SrfU(0.30)']
2026-02-11 03:47:14,821 - INFO - tesseract alt4 结果: srfU
2026-02-11 03:47:14,877 - INFO - easyocr alt5 结果: ['5yU(0.12)']
2026-02-11 03:47:14,980 - INFO - tesseract alt5 结果: srtU
2026-02-11 03:47:14,980 - INFO - 最终验证码识别结果: SrfU (engine=tesseract, prob=0.5)
2026-02-11 03:47:14,980 - INFO - 查找验证码输入框...
2026-02-11 03:47:14,990 - ERROR - 未找到验证码输入框
2026-02-11 03:47:14,990 - WARNING - 验证码填写失败
2026-02-11 03:47:14,990 - INFO - 开始填写登录表单...
2026-02-11 03:47:15,052 - INFO - 用户名填写完成
2026-02-11 03:47:15,114 - INFO - 密码填写完成
2026-02-11 03:47:15,115 - INFO - 验证码图片已保存到 /home/runner/work/nju_electric_monitor/nju_electric_monitor/src/../data/captcha_debug.png
2026-02-11 03:47:15,115 - INFO - 验证码识别尝试 2/30
2026-02-11 03:47:15,115 - INFO - 开始识别验证码...（easyocr + pytesseract）
2026-02-11 03:47:15,197 - INFO - easyocr 结果: ['51fU(0.26)']
2026-02-11 03:47:15,294 - INFO - tesseract 结果: SrfU
2026-02-11 03:47:15,342 - INFO - easyocr alt1 结果: ['5LU(0.16)']
2026-02-11 03:47:15,442 - INFO - tesseract alt1 结果: srfU
2026-02-11 03:47:15,488 - INFO - easyocr alt2 结果: ['SrU(0.38)']
2026-02-11 03:47:15,583 - INFO - tesseract alt2 结果: srfU
2026-02-11 03:47:15,725 - INFO - easyocr alt3 结果: ['5fU(0.31)']
2026-02-11 03:47:15,838 - INFO - tesseract alt3 结果: SrfU
2026-02-11 03:47:15,885 - INFO - easyocr alt4 结果: ['SrfU(0.30)']
2026-02-11 03:47:15,982 - INFO - tesseract alt4 结果: srfU
2026-02-11 03:47:16,029 - INFO - easyocr alt5 结果: ['5yU(0.12)']
2026-02-11 03:47:16,128 - INFO - tesseract alt5 结果: srtU
2026-02-11 03:47:16,128 - INFO - 最终验证码识别结果: SrfU (engine=tesseract, prob=0.5)
2026-02-11 03:47:16,128 - INFO - 查找验证码输入框...
2026-02-11 03:47:16,135 - ERROR - 未找到验证码输入框
2026-02-11 03:47:16,135 - WARNING - 验证码填写失败
2026-02-11 03:47:16,135 - INFO - 开始填写登录表单...
2026-02-11 03:47:16,197 - INFO - 用户名填写完成
2026-02-11 03:47:16,258 - INFO - 密码填写完成
2026-02-11 03:47:16,259 - INFO - 验证码图片已保存到 /home/runner/work/nju_electric_monitor/nju_electric_monitor/src/../data/captcha_debug.png
2026-02-11 03:47:16,259 - INFO - 验证码识别尝试 3/30
2026-02-11 03:47:16,259 - INFO - 开始识别验证码...（easyocr + pytesseract）
2026-02-11 03:47:16,342 - INFO - easyocr 结果: ['51fU(0.26)']
2026-02-11 03:47:16,439 - INFO - tesseract 结果: SrfU
2026-02-11 03:47:16,487 - INFO - easyocr alt1 结果: ['5LU(0.16)']
2026-02-11 03:47:16,591 - INFO - tesseract alt1 结果: srfU
2026-02-11 03:47:16,638 - INFO - easyocr alt2 结果: ['SrU(0.38)']
2026-02-11 03:47:16,731 - INFO - tesseract alt2 结果: srfU
2026-02-11 03:47:16,874 - INFO - easyocr alt3 结果: ['5fU(0.31)']
2026-02-11 03:47:16,988 - INFO - tesseract alt3 结果: SrfU
2026-02-11 03:47:17,035 - INFO - easyocr alt4 结果: ['SrfU(0.30)']
2026-02-11 03:47:17,132 - INFO - tesseract alt4 结果: srfU
2026-02-11 03:47:17,177 - INFO - easyocr alt5 结果: ['5yU(0.12)']
2026-02-11 03:47:17,279 - INFO - tesseract alt5 结果: srtU
2026-02-11 03:47:17,280 - INFO - 最终验证码识别结果: SrfU (engine=tesseract, prob=0.5)
2026-02-11 03:47:17,280 - INFO - 查找验证码输入框...
2026-02-11 03:47:17,286 - ERROR - 未找到验证码输入框
2026-02-11 03:47:17,286 - WARNING - 验证码填写失败
2026-02-11 03:47:17,286 - INFO - 开始填写登录表单...
2026-02-11 03:47:17,347 - INFO - 用户名填写完成
2026-02-11 03:47:17,406 - INFO - 密码填写完成
2026-02-11 03:47:17,407 - INFO - 验证码图片已保存到 /home/runner/work/nju_electric_monitor/nju_electric_monitor/src/../data/captcha_debug.png
2026-02-11 03:47:17,407 - INFO - 验证码识别尝试 4/30
2026-02-11 03:47:17,407 - INFO - 开始识别验证码...（easyocr + pytesseract）
2026-02-11 03:47:17,502 - INFO - easyocr 结果: ['51fU(0.26)']
2026-02-11 03:47:17,604 - INFO - tesseract 结果: SrfU
2026-02-11 03:47:17,653 - INFO - easyocr alt1 结果: ['5LU(0.16)']
2026-02-11 03:47:17,754 - INFO - tesseract alt1 结果: srfU
2026-02-11 03:47:17,799 - INFO - easyocr alt2 结果: ['SrU(0.38)']
2026-02-11 03:47:17,898 - INFO - tesseract alt2 结果: srfU
2026-02-11 03:47:18,041 - INFO - easyocr alt3 结果: ['5fU(0.31)']
2026-02-11 03:47:18,150 - INFO - tesseract alt3 结果: SrfU
2026-02-11 03:47:18,197 - INFO - easyocr alt4 结果: ['SrfU(0.30)']
2026-02-11 03:47:18,299 - INFO - tesseract alt4 结果: srfU
2026-02-11 03:47:18,357 - INFO - easyocr alt5 结果: ['5yU(0.12)']
2026-02-11 03:47:18,454 - INFO - tesseract alt5 结果: srtU
2026-02-11 03:47:18,454 - INFO - 最终验证码识别结果: SrfU (engine=tesseract, prob=0.5)
2026-02-11 03:47:18,454 - INFO - 查找验证码输入框...
2026-02-11 03:47:18,464 - ERROR - 未找到验证码输入框
2026-02-11 03:47:18,464 - WARNING - 验证码填写失败
2026-02-11 03:47:18,464 - INFO - 开始填写登录表单...
2026-02-11 03:47:18,528 - INFO - 用户名填写完成
2026-02-11 03:47:18,588 - INFO - 密码填写完成
2026-02-11 03:47:18,589 - INFO - 验证码图片已保存到 /home/runner/work/nju_electric_monitor/nju_electric_monitor/src/../data/captcha_debug.png
2026-02-11 03:47:18,589 - INFO - 验证码识别尝试 5/30
2026-02-11 03:47:18,589 - INFO - 开始识别验证码...（easyocr + pytesseract）
2026-02-11 03:47:18,671 - INFO - easyocr 结果: ['51fU(0.26)']
2026-02-11 03:47:18,770 - INFO - tesseract 结果: SrfU
2026-02-11 03:47:18,817 - INFO - easyocr alt1 结果: ['5LU(0.16)']
2026-02-11 03:47:18,918 - INFO - tesseract alt1 结果: srfU
2026-02-11 03:47:18,965 - INFO - easyocr alt2 结果: ['SrU(0.38)']
2026-02-11 03:47:19,059 - INFO - tesseract alt2 结果: srfU
2026-02-11 03:47:19,201 - INFO - easyocr alt3 结果: ['5fU(0.31)']
2026-02-11 03:47:19,312 - INFO - tesseract alt3 结果: SrfU
2026-02-11 03:47:19,377 - INFO - easyocr alt4 结果: ['SrfU(0.30)']
2026-02-11 03:47:19,479 - INFO - tesseract alt4 结果: srfU
2026-02-11 03:47:19,526 - INFO - easyocr alt5 结果: ['5yU(0.12)']
2026-02-11 03:47:19,627 - INFO - tesseract alt5 结果: srtU
2026-02-11 03:47:19,627 - INFO - 最终验证码识别结果: SrfU (engine=tesseract, prob=0.5)
2026-02-11 03:47:19,627 - INFO - 查找验证码输入框...
2026-02-11 03:47:19,633 - ERROR - 未找到验证码输入框
2026-02-11 03:47:19,633 - WARNING - 验证码填写失败
2026-02-11 03:47:19,634 - INFO - 开始填写登录表单...
2026-02-11 03:47:19,693 - INFO - 用户名填写完成
2026-02-11 03:47:19,753 - INFO - 密码填写完成
2026-02-11 03:47:19,754 - INFO - 验证码图片已保存到 /home/runner/work/nju_electric_monitor/nju_electric_monitor/src/../data/captcha_debug.png
2026-02-11 03:47:19,754 - INFO - 验证码识别尝试 6/30
2026-02-11 03:47:19,754 - INFO - 开始识别验证码...（easyocr + pytesseract）
2026-02-11 03:47:19,835 - INFO - easyocr 结果: ['51fU(0.26)']
2026-02-11 03:47:19,930 - INFO - tesseract 结果: SrfU
2026-02-11 03:47:19,977 - INFO - easyocr alt1 结果: ['5LU(0.16)']
2026-02-11 03:47:20,076 - INFO - tesseract alt1 结果: srfU
2026-02-11 03:47:20,122 - INFO - easyocr alt2 结果: ['SrU(0.38)']
2026-02-11 03:47:20,216 - INFO - tesseract alt2 结果: srfU
2026-02-11 03:47:20,357 - INFO - easyocr alt3 结果: ['5fU(0.31)']
2026-02-11 03:47:20,467 - INFO - tesseract alt3 结果: SrfU
2026-02-11 03:47:20,521 - INFO - easyocr alt4 结果: ['SrfU(0.30)']
2026-02-11 03:47:20,617 - INFO - tesseract alt4 结果: srfU
2026-02-11 03:47:20,664 - INFO - easyocr alt5 结果: ['5yU(0.12)']
2026-02-11 03:47:20,764 - INFO - tesseract alt5 结果: srtU
2026-02-11 03:47:20,764 - INFO - 最终验证码识别结果: SrfU (engine=tesseract, prob=0.5)
2026-02-11 03:47:20,764 - INFO - 查找验证码输入框...
2026-02-11 03:47:20,770 - ERROR - 未找到验证码输入框
2026-02-11 03:47:20,771 - WARNING - 验证码填写失败
2026-02-11 03:47:20,771 - INFO - 开始填写登录表单...
2026-02-11 03:47:20,830 - INFO - 用户名填写完成
2026-02-11 03:47:20,891 - INFO - 密码填写完成
2026-02-11 03:47:20,892 - INFO - 验证码图片已保存到 /home/runner/work/nju_electric_monitor/nju_electric_monitor/src/../data/captcha_debug.png
2026-02-11 03:47:20,892 - INFO - 验证码识别尝试 7/30
2026-02-11 03:47:20,892 - INFO - 开始识别验证码...（easyocr + pytesseract）
2026-02-11 03:47:20,986 - INFO - easyocr 结果: ['51fU(0.26)']
2026-02-11 03:47:21,080 - INFO - tesseract 结果: SrfU
2026-02-11 03:47:21,127 - INFO - easyocr alt1 结果: ['5LU(0.16)']
2026-02-11 03:47:21,231 - INFO - tesseract alt1 结果: srfU
2026-02-11 03:47:21,277 - INFO - easyocr alt2 结果: ['SrU(0.38)']
2026-02-11 03:47:21,372 - INFO - tesseract alt2 结果: srfU
2026-02-11 03:47:21,513 - INFO - easyocr alt3 结果: ['5fU(0.31)']
2026-02-11 03:47:21,626 - INFO - tesseract alt3 结果: SrfU
2026-02-11 03:47:21,673 - INFO - easyocr alt4 结果: ['SrfU(0.30)']
2026-02-11 03:47:21,774 - INFO - tesseract alt4 结果: srfU
2026-02-11 03:47:21,821 - INFO - easyocr alt5 结果: ['5yU(0.12)']
2026-02-11 03:47:21,921 - INFO - tesseract alt5 结果: srtU
2026-02-11 03:47:21,921 - INFO - 最终验证码识别结果: SrfU (engine=tesseract, prob=0.5)
2026-02-11 03:47:21,922 - INFO - 查找验证码输入框...
2026-02-11 03:47:21,928 - ERROR - 未找到验证码输入框
2026-02-11 03:47:21,928 - WARNING - 验证码填写失败
2026-02-11 03:47:21,928 - INFO - 开始填写登录表单...
2026-02-11 03:47:21,987 - INFO - 用户名填写完成
2026-02-11 03:47:22,047 - INFO - 密码填写完成
2026-02-11 03:47:22,048 - INFO - 验证码图片已保存到 /home/runner/work/nju_electric_monitor/nju_electric_monitor/src/../data/captcha_debug.png
2026-02-11 03:47:22,048 - INFO - 验证码识别尝试 8/30
2026-02-11 03:47:22,048 - INFO - 开始识别验证码...（easyocr + pytesseract）
2026-02-11 03:47:22,129 - INFO - easyocr 结果: ['51fU(0.26)']
2026-02-11 03:47:22,226 - INFO - tesseract 结果: SrfU
2026-02-11 03:47:22,273 - INFO - easyocr alt1 结果: ['5LU(0.16)']
2026-02-11 03:47:22,371 - INFO - tesseract alt1 结果: srfU
2026-02-11 03:47:22,417 - INFO - easyocr alt2 结果: ['SrU(0.38)']
2026-02-11 03:47:22,514 - INFO - tesseract alt2 结果: srfU
2026-02-11 03:47:22,656 - INFO - easyocr alt3 结果: ['5fU(0.31)']
2026-02-11 03:47:22,767 - INFO - tesseract alt3 结果: SrfU
2026-02-11 03:47:22,812 - INFO - easyocr alt4 结果: ['SrfU(0.30)']
2026-02-11 03:47:22,912 - INFO - tesseract alt4 结果: srfU
2026-02-11 03:47:22,958 - INFO - easyocr alt5 结果: ['5yU(0.12)']
2026-02-11 03:47:23,055 - INFO - tesseract alt5 结果: srtU
2026-02-11 03:47:23,055 - INFO - 最终验证码识别结果: SrfU (engine=tesseract, prob=0.5)
2026-02-11 03:47:23,055 - INFO - 查找验证码输入框...
2026-02-11 03:47:23,062 - ERROR - 未找到验证码输入框
2026-02-11 03:47:23,062 - WARNING - 验证码填写失败
2026-02-11 03:47:23,062 - INFO - 开始填写登录表单...
2026-02-11 03:47:23,125 - INFO - 用户名填写完成
2026-02-11 03:47:23,185 - INFO - 密码填写完成
2026-02-11 03:47:23,186 - INFO - 验证码图片已保存到 /home/runner/work/nju_electric_monitor/nju_electric_monitor/src/../data/captcha_debug.png
2026-02-11 03:47:23,186 - INFO - 验证码识别尝试 9/30
2026-02-11 03:47:23,186 - INFO - 开始识别验证码...（easyocr + pytesseract）
2026-02-11 03:47:23,275 - INFO - easyocr 结果: ['51fU(0.26)']
2026-02-11 03:47:23,371 - INFO - tesseract 结果: SrfU
2026-02-11 03:47:23,420 - INFO - easyocr alt1 结果: ['5LU(0.16)']
2026-02-11 03:47:23,524 - INFO - tesseract alt1 结果: srfU
2026-02-11 03:47:23,570 - INFO - easyocr alt2 结果: ['SrU(0.38)']
2026-02-11 03:47:23,668 - INFO - tesseract alt2 结果: srfU
2026-02-11 03:47:23,809 - INFO - easyocr alt3 结果: ['5fU(0.31)']
2026-02-11 03:47:23,922 - INFO - tesseract alt3 结果: SrfU
2026-02-11 03:47:23,967 - INFO - easyocr alt4 结果: ['SrfU(0.30)']
2026-02-11 03:47:24,066 - INFO - tesseract alt4 结果: srfU
2026-02-11 03:47:24,112 - INFO - easyocr alt5 结果: ['5yU(0.12)']
2026-02-11 03:47:24,217 - INFO - tesseract alt5 结果: srtU
2026-02-11 03:47:24,217 - INFO - 最终验证码识别结果: SrfU (engine=tesseract, prob=0.5)
2026-02-11 03:47:24,217 - INFO - 查找验证码输入框...
2026-02-11 03:47:24,224 - ERROR - 未找到验证码输入框
2026-02-11 03:47:24,224 - WARNING - 验证码填写失败
2026-02-11 03:47:24,224 - INFO - 开始填写登录表单...
2026-02-11 03:47:24,284 - INFO - 用户名填写完成
2026-02-11 03:47:24,345 - INFO - 密码填写完成
2026-02-11 03:47:24,345 - INFO - 验证码图片已保存到 /home/runner/work/nju_electric_monitor/nju_electric_monitor/src/../data/captcha_debug.png
2026-02-11 03:47:24,345 - INFO - 验证码识别尝试 10/30
2026-02-11 03:47:24,345 - INFO - 开始识别验证码...（easyocr + pytesseract）
2026-02-11 03:47:24,444 - INFO - easyocr 结果: ['51fU(0.26)']
2026-02-11 03:47:24,543 - INFO - tesseract 结果: SrfU
2026-02-11 03:47:24,589 - INFO - easyocr alt1 结果: ['5LU(0.16)']
2026-02-11 03:47:24,688 - INFO - tesseract alt1 结果: srfU
2026-02-11 03:47:24,735 - INFO - easyocr alt2 结果: ['SrU(0.38)']
2026-02-11 03:47:24,830 - INFO - tesseract alt2 结果: srfU
2026-02-11 03:47:24,973 - INFO - easyocr alt3 结果: ['5fU(0.31)']
2026-02-11 03:47:25,085 - INFO - tesseract alt3 结果: SrfU
2026-02-11 03:47:25,131 - INFO - easyocr alt4 结果: ['SrfU(0.30)']
2026-02-11 03:47:25,232 - INFO - tesseract alt4 结果: srfU
2026-02-11 03:47:25,279 - INFO - easyocr alt5 结果: ['5yU(0.12)']
2026-02-11 03:47:25,375 - INFO - tesseract alt5 结果: srtU
2026-02-11 03:47:25,375 - INFO - 最终验证码识别结果: SrfU (engine=tesseract, prob=0.5)
2026-02-11 03:47:25,375 - INFO - 查找验证码输入框...
2026-02-11 03:47:25,382 - ERROR - 未找到验证码输入框
2026-02-11 03:47:25,382 - WARNING - 验证码填写失败
2026-02-11 03:47:25,382 - INFO - 开始填写登录表单...
2026-02-11 03:47:25,442 - INFO - 用户名填写完成
2026-02-11 03:47:25,502 - INFO - 密码填写完成
2026-02-11 03:47:25,503 - INFO - 验证码图片已保存到 /home/runner/work/nju_electric_monitor/nju_electric_monitor/src/../data/captcha_debug.png
2026-02-11 03:47:25,503 - INFO - 验证码识别尝试 11/30
2026-02-11 03:47:25,503 - INFO - 开始识别验证码...（easyocr + pytesseract）
2026-02-11 03:47:25,586 - INFO - easyocr 结果: ['51fU(0.26)']
2026-02-11 03:47:25,682 - INFO - tesseract 结果: SrfU
2026-02-11 03:47:25,730 - INFO - easyocr alt1 结果: ['5LU(0.16)']
2026-02-11 03:47:25,832 - INFO - tesseract alt1 结果: srfU
2026-02-11 03:47:25,878 - INFO - easyocr alt2 结果: ['SrU(0.38)']
2026-02-11 03:47:25,972 - INFO - tesseract alt2 结果: srfU
2026-02-11 03:47:26,115 - INFO - easyocr alt3 结果: ['5fU(0.31)']
2026-02-11 03:47:26,227 - INFO - tesseract alt3 结果: SrfU
2026-02-11 03:47:26,272 - INFO - easyocr alt4 结果: ['SrfU(0.30)']
2026-02-11 03:47:26,372 - INFO - tesseract alt4 结果: srfU
2026-02-11 03:47:26,418 - INFO - easyocr alt5 结果: ['5yU(0.12)']
2026-02-11 03:47:26,519 - INFO - tesseract alt5 结果: srtU
2026-02-11 03:47:26,519 - INFO - 最终验证码识别结果: SrfU (engine=tesseract, prob=0.5)
2026-02-11 03:47:26,519 - INFO - 查找验证码输入框...
2026-02-11 03:47:26,526 - ERROR - 未找到验证码输入框
2026-02-11 03:47:26,526 - WARNING - 验证码填写失败
2026-02-11 03:47:26,526 - INFO - 开始填写登录表单...
2026-02-11 03:47:26,588 - INFO - 用户名填写完成
2026-02-11 03:47:26,650 - INFO - 密码填写完成
2026-02-11 03:47:26,651 - INFO - 验证码图片已保存到 /home/runner/work/nju_electric_monitor/nju_electric_monitor/src/../data/captcha_debug.png
2026-02-11 03:47:26,651 - INFO - 验证码识别尝试 12/30
2026-02-11 03:47:26,651 - INFO - 开始识别验证码...（easyocr + pytesseract）
2026-02-11 03:47:26,741 - INFO - easyocr 结果: ['51fU(0.26)']
2026-02-11 03:47:26,838 - INFO - tesseract 结果: SrfU
2026-02-11 03:47:26,885 - INFO - easyocr alt1 结果: ['5LU(0.16)']
2026-02-11 03:47:26,983 - INFO - tesseract alt1 结果: srfU
2026-02-11 03:47:27,029 - INFO - easyocr alt2 结果: ['SrU(0.38)']
2026-02-11 03:47:27,123 - INFO - tesseract alt2 结果: srfU
2026-02-11 03:47:27,266 - INFO - easyocr alt3 结果: ['5fU(0.31)']
2026-02-11 03:47:27,376 - INFO - tesseract alt3 结果: SrfU
2026-02-11 03:47:27,422 - INFO - easyocr alt4 结果: ['SrfU(0.30)']
2026-02-11 03:47:27,524 - INFO - tesseract alt4 结果: srfU
2026-02-11 03:47:27,572 - INFO - easyocr alt5 结果: ['5yU(0.12)']
2026-02-11 03:47:27,672 - INFO - tesseract alt5 结果: srtU
2026-02-11 03:47:27,673 - INFO - 最终验证码识别结果: SrfU (engine=tesseract, prob=0.5)
2026-02-11 03:47:27,673 - INFO - 查找验证码输入框...
2026-02-11 03:47:27,679 - ERROR - 未找到验证码输入框
2026-02-11 03:47:27,679 - WARNING - 验证码填写失败
2026-02-11 03:47:27,679 - INFO - 开始填写登录表单...
2026-02-11 03:47:27,739 - INFO - 用户名填写完成
2026-02-11 03:47:27,799 - INFO - 密码填写完成
2026-02-11 03:47:27,800 - INFO - 验证码图片已保存到 /home/runner/work/nju_electric_monitor/nju_electric_monitor/src/../data/captcha_debug.png
2026-02-11 03:47:27,800 - INFO - 验证码识别尝试 13/30
2026-02-11 03:47:27,800 - INFO - 开始识别验证码...（easyocr + pytesseract）
2026-02-11 03:47:27,881 - INFO - easyocr 结果: ['51fU(0.26)']
2026-02-11 03:47:27,979 - INFO - tesseract 结果: SrfU
2026-02-11 03:47:28,026 - INFO - easyocr alt1 结果: ['5LU(0.16)']
2026-02-11 03:47:28,124 - INFO - tesseract alt1 结果: srfU
2026-02-11 03:47:28,171 - INFO - easyocr alt2 结果: ['SrU(0.38)']
2026-02-11 03:47:28,272 - INFO - tesseract alt2 结果: srfU
2026-02-11 03:47:28,417 - INFO - easyocr alt3 结果: ['5fU(0.31)']
2026-02-11 03:47:28,530 - INFO - tesseract alt3 结果: SrfU
2026-02-11 03:47:28,576 - INFO - easyocr alt4 结果: ['SrfU(0.30)']
2026-02-11 03:47:28,677 - INFO - tesseract alt4 结果: srfU
2026-02-11 03:47:28,723 - INFO - easyocr alt5 结果: ['5yU(0.12)']
2026-02-11 03:47:28,823 - INFO - tesseract alt5 结果: srtU
2026-02-11 03:47:28,823 - INFO - 最终验证码识别结果: SrfU (engine=tesseract, prob=0.5)
2026-02-11 03:47:28,823 - INFO - 查找验证码输入框...
2026-02-11 03:47:28,830 - ERROR - 未找到验证码输入框
2026-02-11 03:47:28,830 - WARNING - 验证码填写失败
2026-02-11 03:47:28,830 - INFO - 开始填写登录表单...
2026-02-11 03:47:28,890 - INFO - 用户名填写完成
2026-02-11 03:47:28,950 - INFO - 密码填写完成
2026-02-11 03:47:28,951 - INFO - 验证码图片已保存到 /home/runner/work/nju_electric_monitor/nju_electric_monitor/src/../data/captcha_debug.png
2026-02-11 03:47:28,951 - INFO - 验证码识别尝试 14/30
2026-02-11 03:47:28,951 - INFO - 开始识别验证码...（easyocr + pytesseract）
2026-02-11 03:47:29,032 - INFO - easyocr 结果: ['51fU(0.26)']
2026-02-11 03:47:29,129 - INFO - tesseract 结果: SrfU
2026-02-11 03:47:29,175 - INFO - easyocr alt1 结果: ['5LU(0.16)']
2026-02-11 03:47:29,275 - INFO - tesseract alt1 结果: srfU
2026-02-11 03:47:29,322 - INFO - easyocr alt2 结果: ['SrU(0.38)']
2026-02-11 03:47:29,417 - INFO - tesseract alt2 结果: srfU
2026-02-11 03:47:29,579 - INFO - easyocr alt3 结果: ['5fU(0.31)']
2026-02-11 03:47:29,690 - INFO - tesseract alt3 结果: SrfU
2026-02-11 03:47:29,737 - INFO - easyocr alt4 结果: ['SrfU(0.30)']
2026-02-11 03:47:29,837 - INFO - tesseract alt4 结果: srfU
2026-02-11 03:47:29,883 - INFO - easyocr alt5 结果: ['5yU(0.12)']
2026-02-11 03:47:29,982 - INFO - tesseract alt5 结果: srtU
2026-02-11 03:47:29,982 - INFO - 最终验证码识别结果: SrfU (engine=tesseract, prob=0.5)
2026-02-11 03:47:29,982 - INFO - 查找验证码输入框...
2026-02-11 03:47:29,989 - ERROR - 未找到验证码输入框
2026-02-11 03:47:29,989 - WARNING - 验证码填写失败
2026-02-11 03:47:29,989 - INFO - 开始填写登录表单...
2026-02-11 03:47:30,051 - INFO - 用户名填写完成
2026-02-11 03:47:30,113 - INFO - 密码填写完成
2026-02-11 03:47:30,114 - INFO - 验证码图片已保存到 /home/runner/work/nju_electric_monitor/nju_electric_monitor/src/../data/captcha_debug.png
2026-02-11 03:47:30,114 - INFO - 验证码识别尝试 15/30
2026-02-11 03:47:30,114 - INFO - 开始识别验证码...（easyocr + pytesseract）
2026-02-11 03:47:30,207 - INFO - easyocr 结果: ['51fU(0.26)']
2026-02-11 03:47:30,302 - INFO - tesseract 结果: SrfU
2026-02-11 03:47:30,349 - INFO - easyocr alt1 结果: ['5LU(0.16)']
2026-02-11 03:47:30,448 - INFO - tesseract alt1 结果: srfU
2026-02-11 03:47:30,495 - INFO - easyocr alt2 结果: ['SrU(0.38)']
2026-02-11 03:47:30,589 - INFO - tesseract alt2 结果: srfU
2026-02-11 03:47:30,730 - INFO - easyocr alt3 结果: ['5fU(0.31)']
2026-02-11 03:47:30,840 - INFO - tesseract alt3 结果: SrfU
2026-02-11 03:47:30,885 - INFO - easyocr alt4 结果: ['SrfU(0.30)']
2026-02-11 03:47:30,983 - INFO - tesseract alt4 结果: srfU
2026-02-11 03:47:31,029 - INFO - easyocr alt5 结果: ['5yU(0.12)']
2026-02-11 03:47:31,131 - INFO - tesseract alt5 结果: srtU
2026-02-11 03:47:31,131 - INFO - 最终验证码识别结果: SrfU (engine=tesseract, prob=0.5)
2026-02-11 03:47:31,132 - INFO - 查找验证码输入框...
2026-02-11 03:47:31,138 - ERROR - 未找到验证码输入框
2026-02-11 03:47:31,138 - WARNING - 验证码填写失败
2026-02-11 03:47:31,138 - INFO - 开始填写登录表单...
2026-02-11 03:47:31,198 - INFO - 用户名填写完成
2026-02-11 03:47:31,262 - INFO - 密码填写完成
2026-02-11 03:47:31,263 - INFO - 验证码图片已保存到 /home/runner/work/nju_electric_monitor/nju_electric_monitor/src/../data/captcha_debug.png
2026-02-11 03:47:31,263 - INFO - 验证码识别尝试 16/30
2026-02-11 03:47:31,263 - INFO - 开始识别验证码...（easyocr + pytesseract）
2026-02-11 03:47:31,345 - INFO - easyocr 结果: ['51fU(0.26)']
2026-02-11 03:47:31,439 - INFO - tesseract 结果: SrfU
2026-02-11 03:47:31,486 - INFO - easyocr alt1 结果: ['5LU(0.16)']
2026-02-11 03:47:31,585 - INFO - tesseract alt1 结果: srfU
2026-02-11 03:47:31,631 - INFO - easyocr alt2 结果: ['SrU(0.38)']
2026-02-11 03:47:31,726 - INFO - tesseract alt2 结果: srfU
2026-02-11 03:47:31,874 - INFO - easyocr alt3 结果: ['5fU(0.31)']
2026-02-11 03:47:31,993 - INFO - tesseract alt3 结果: SrfU
2026-02-11 03:47:32,040 - INFO - easyocr alt4 结果: ['SrfU(0.30)']
2026-02-11 03:47:32,139 - INFO - tesseract alt4 结果: srfU
2026-02-11 03:47:32,186 - INFO - easyocr alt5 结果: ['5yU(0.12)']
2026-02-11 03:47:32,287 - INFO - tesseract alt5 结果: srtU
2026-02-11 03:47:32,287 - INFO - 最终验证码识别结果: SrfU (engine=tesseract, prob=0.5)
2026-02-11 03:47:32,287 - INFO - 查找验证码输入框...
2026-02-11 03:47:32,294 - ERROR - 未找到验证码输入框
2026-02-11 03:47:32,294 - WARNING - 验证码填写失败
2026-02-11 03:47:32,294 - INFO - 开始填写登录表单...
2026-02-11 03:47:32,353 - INFO - 用户名填写完成
2026-02-11 03:47:32,413 - INFO - 密码填写完成
2026-02-11 03:47:32,413 - INFO - 验证码图片已保存到 /home/runner/work/nju_electric_monitor/nju_electric_monitor/src/../data/captcha_debug.png
2026-02-11 03:47:32,414 - INFO - 验证码识别尝试 17/30
2026-02-11 03:47:32,414 - INFO - 开始识别验证码...（easyocr + pytesseract）
2026-02-11 03:47:32,495 - INFO - easyocr 结果: ['51fU(0.26)']
2026-02-11 03:47:32,593 - INFO - tesseract 结果: SrfU
2026-02-11 03:47:32,640 - INFO - easyocr alt1 结果: ['5LU(0.16)']
2026-02-11 03:47:32,737 - INFO - tesseract alt1 结果: srfU
2026-02-11 03:47:32,783 - INFO - easyocr alt2 结果: ['SrU(0.38)']
2026-02-11 03:47:32,876 - INFO - tesseract alt2 结果: srfU
2026-02-11 03:47:33,017 - INFO - easyocr alt3 结果: ['5fU(0.31)']
2026-02-11 03:47:33,128 - INFO - tesseract alt3 结果: SrfU
2026-02-11 03:47:33,174 - INFO - easyocr alt4 结果: ['SrfU(0.30)']
2026-02-11 03:47:33,273 - INFO - tesseract alt4 结果: srfU
2026-02-11 03:47:33,320 - INFO - easyocr alt5 结果: ['5yU(0.12)']
2026-02-11 03:47:33,421 - INFO - tesseract alt5 结果: srtU
2026-02-11 03:47:33,421 - INFO - 最终验证码识别结果: SrfU (engine=tesseract, prob=0.5)
2026-02-11 03:47:33,421 - INFO - 查找验证码输入框...
2026-02-11 03:47:33,428 - ERROR - 未找到验证码输入框
2026-02-11 03:47:33,428 - WARNING - 验证码填写失败
2026-02-11 03:47:33,428 - INFO - 开始填写登录表单...
2026-02-11 03:47:33,487 - INFO - 用户名填写完成
2026-02-11 03:47:33,548 - INFO - 密码填写完成
2026-02-11 03:47:33,549 - INFO - 验证码图片已保存到 /home/runner/work/nju_electric_monitor/nju_electric_monitor/src/../data/captcha_debug.png
2026-02-11 03:47:33,549 - INFO - 验证码识别尝试 18/30
2026-02-11 03:47:33,549 - INFO - 开始识别验证码...（easyocr + pytesseract）
2026-02-11 03:47:33,630 - INFO - easyocr 结果: ['51fU(0.26)']
2026-02-11 03:47:33,724 - INFO - tesseract 结果: SrfU
2026-02-11 03:47:33,771 - INFO - easyocr alt1 结果: ['5LU(0.16)']
2026-02-11 03:47:33,872 - INFO - tesseract alt1 结果: srfU
2026-02-11 03:47:33,918 - INFO - easyocr alt2 结果: ['SrU(0.38)']
2026-02-11 03:47:34,013 - INFO - tesseract alt2 结果: srfU
2026-02-11 03:47:34,153 - INFO - easyocr alt3 结果: ['5fU(0.31)']
2026-02-11 03:47:34,264 - INFO - tesseract alt3 结果: SrfU
2026-02-11 03:47:34,310 - INFO - easyocr alt4 结果: ['SrfU(0.30)']
2026-02-11 03:47:34,408 - INFO - tesseract alt4 结果: srfU
2026-02-11 03:47:34,454 - INFO - easyocr alt5 结果: ['5yU(0.12)']
2026-02-11 03:47:34,556 - INFO - tesseract alt5 结果: srtU
2026-02-11 03:47:34,556 - INFO - 最终验证码识别结果: SrfU (engine=tesseract, prob=0.5)
2026-02-11 03:47:34,556 - INFO - 查找验证码输入框...
2026-02-11 03:47:34,563 - ERROR - 未找到验证码输入框
2026-02-11 03:47:34,563 - WARNING - 验证码填写失败
2026-02-11 03:47:34,563 - INFO - 开始填写登录表单...
2026-02-11 03:47:34,623 - INFO - 用户名填写完成
2026-02-11 03:47:34,683 - INFO - 密码填写完成
2026-02-11 03:47:34,684 - INFO - 验证码图片已保存到 /home/runner/work/nju_electric_monitor/nju_electric_monitor/src/../data/captcha_debug.png
2026-02-11 03:47:34,684 - INFO - 验证码识别尝试 19/30
2026-02-11 03:47:34,684 - INFO - 开始识别验证码...（easyocr + pytesseract）
2026-02-11 03:47:34,765 - INFO - easyocr 结果: ['51fU(0.26)']
2026-02-11 03:47:34,859 - INFO - tesseract 结果: SrfU
2026-02-11 03:47:34,906 - INFO - easyocr alt1 结果: ['5LU(0.16)']
2026-02-11 03:47:35,005 - INFO - tesseract alt1 结果: srfU
2026-02-11 03:47:35,051 - INFO - easyocr alt2 结果: ['SrU(0.38)']
2026-02-11 03:47:35,147 - INFO - tesseract alt2 结果: srfU
2026-02-11 03:47:35,290 - INFO - easyocr alt3 结果: ['5fU(0.31)']
2026-02-11 03:47:35,401 - INFO - tesseract alt3 结果: SrfU
2026-02-11 03:47:35,447 - INFO - easyocr alt4 结果: ['SrfU(0.30)']
2026-02-11 03:47:35,546 - INFO - tesseract alt4 结果: srfU
2026-02-11 03:47:35,601 - INFO - easyocr alt5 结果: ['5yU(0.12)']
2026-02-11 03:47:35,700 - INFO - tesseract alt5 结果: srtU
2026-02-11 03:47:35,701 - INFO - 最终验证码识别结果: SrfU (engine=tesseract, prob=0.5)
2026-02-11 03:47:35,701 - INFO - 查找验证码输入框...
2026-02-11 03:47:35,707 - ERROR - 未找到验证码输入框
2026-02-11 03:47:35,707 - WARNING - 验证码填写失败
2026-02-11 03:47:35,707 - INFO - 开始填写登录表单...
2026-02-11 03:47:35,769 - INFO - 用户名填写完成
2026-02-11 03:47:35,831 - INFO - 密码填写完成
2026-02-11 03:47:35,831 - INFO - 验证码图片已保存到 /home/runner/work/nju_electric_monitor/nju_electric_monitor/src/../data/captcha_debug.png
2026-02-11 03:47:35,832 - INFO - 验证码识别尝试 20/30
2026-02-11 03:47:35,832 - INFO - 开始识别验证码...（easyocr + pytesseract）
2026-02-11 03:47:35,913 - INFO - easyocr 结果: ['51fU(0.26)']
2026-02-11 03:47:36,010 - INFO - tesseract 结果: SrfU
2026-02-11 03:47:36,058 - INFO - easyocr alt1 结果: ['5LU(0.16)']
2026-02-11 03:47:36,158 - INFO - tesseract alt1 结果: srfU
2026-02-11 03:47:36,204 - INFO - easyocr alt2 结果: ['SrU(0.38)']
2026-02-11 03:47:36,300 - INFO - tesseract alt2 结果: srfU
2026-02-11 03:47:36,445 - INFO - easyocr alt3 结果: ['5fU(0.31)']
2026-02-11 03:47:36,555 - INFO - tesseract alt3 结果: SrfU
2026-02-11 03:47:36,600 - INFO - easyocr alt4 结果: ['SrfU(0.30)']
2026-02-11 03:47:36,698 - INFO - tesseract alt4 结果: srfU
2026-02-11 03:47:36,744 - INFO - easyocr alt5 结果: ['5yU(0.12)']
2026-02-11 03:47:36,844 - INFO - tesseract alt5 结果: srtU
2026-02-11 03:47:36,844 - INFO - 最终验证码识别结果: SrfU (engine=tesseract, prob=0.5)
2026-02-11 03:47:36,844 - INFO - 查找验证码输入框...
2026-02-11 03:47:36,851 - ERROR - 未找到验证码输入框
2026-02-11 03:47:36,851 - WARNING - 验证码填写失败
2026-02-11 03:47:36,851 - INFO - 开始填写登录表单...
2026-02-11 03:47:36,912 - INFO - 用户名填写完成
2026-02-11 03:47:36,972 - INFO - 密码填写完成
2026-02-11 03:47:36,973 - INFO - 验证码图片已保存到 /home/runner/work/nju_electric_monitor/nju_electric_monitor/src/../data/captcha_debug.png
2026-02-11 03:47:36,973 - INFO - 验证码识别尝试 21/30
2026-02-11 03:47:36,973 - INFO - 开始识别验证码...（easyocr + pytesseract）
2026-02-11 03:47:37,053 - INFO - easyocr 结果: ['51fU(0.26)']
2026-02-11 03:47:37,152 - INFO - tesseract 结果: SrfU
2026-02-11 03:47:37,199 - INFO - easyocr alt1 结果: ['5LU(0.16)']
2026-02-11 03:47:37,300 - INFO - tesseract alt1 结果: srfU
2026-02-11 03:47:37,346 - INFO - easyocr alt2 结果: ['SrU(0.38)']
2026-02-11 03:47:37,444 - INFO - tesseract alt2 结果: srfU
2026-02-11 03:47:37,587 - INFO - easyocr alt3 结果: ['5fU(0.31)']
2026-02-11 03:47:37,699 - INFO - tesseract alt3 结果: SrfU
2026-02-11 03:47:37,745 - INFO - easyocr alt4 结果: ['SrfU(0.30)']
2026-02-11 03:47:37,843 - INFO - tesseract alt4 结果: srfU
2026-02-11 03:47:37,890 - INFO - easyocr alt5 结果: ['5yU(0.12)']
2026-02-11 03:47:37,988 - INFO - tesseract alt5 结果: srtU
2026-02-11 03:47:37,989 - INFO - 最终验证码识别结果: SrfU (engine=tesseract, prob=0.5)
2026-02-11 03:47:37,989 - INFO - 查找验证码输入框...
2026-02-11 03:47:37,995 - ERROR - 未找到验证码输入框
2026-02-11 03:47:37,995 - WARNING - 验证码填写失败
2026-02-11 03:47:37,995 - INFO - 开始填写登录表单...
2026-02-11 03:47:38,055 - INFO - 用户名填写完成
2026-02-11 03:47:38,117 - INFO - 密码填写完成
2026-02-11 03:47:38,117 - INFO - 验证码图片已保存到 /home/runner/work/nju_electric_monitor/nju_electric_monitor/src/../data/captcha_debug.png
2026-02-11 03:47:38,118 - INFO - 验证码识别尝试 22/30
2026-02-11 03:47:38,118 - INFO - 开始识别验证码...（easyocr + pytesseract）
2026-02-11 03:47:38,199 - INFO - easyocr 结果: ['51fU(0.26)']
2026-02-11 03:47:38,295 - INFO - tesseract 结果: SrfU
2026-02-11 03:47:38,342 - INFO - easyocr alt1 结果: ['5LU(0.16)']
2026-02-11 03:47:38,448 - INFO - tesseract alt1 结果: srfU
2026-02-11 03:47:38,495 - INFO - easyocr alt2 结果: ['SrU(0.38)']
2026-02-11 03:47:38,596 - INFO - tesseract alt2 结果: srfU
2026-02-11 03:47:38,738 - INFO - easyocr alt3 结果: ['5fU(0.31)']
2026-02-11 03:47:38,853 - INFO - tesseract alt3 结果: SrfU
2026-02-11 03:47:38,899 - INFO - easyocr alt4 结果: ['SrfU(0.30)']
2026-02-11 03:47:39,002 - INFO - tesseract alt4 结果: srfU
2026-02-11 03:47:39,048 - INFO - easyocr alt5 结果: ['5yU(0.12)']
2026-02-11 03:47:39,144 - INFO - tesseract alt5 结果: srtU
2026-02-11 03:47:39,144 - INFO - 最终验证码识别结果: SrfU (engine=tesseract, prob=0.5)
2026-02-11 03:47:39,144 - INFO - 查找验证码输入框...
2026-02-11 03:47:39,151 - ERROR - 未找到验证码输入框
2026-02-11 03:47:39,151 - WARNING - 验证码填写失败
2026-02-11 03:47:39,151 - INFO - 开始填写登录表单...
2026-02-11 03:47:39,211 - INFO - 用户名填写完成
2026-02-11 03:47:39,270 - INFO - 密码填写完成
2026-02-11 03:47:39,271 - INFO - 验证码图片已保存到 /home/runner/work/nju_electric_monitor/nju_electric_monitor/src/../data/captcha_debug.png
2026-02-11 03:47:39,271 - INFO - 验证码识别尝试 23/30
2026-02-11 03:47:39,271 - INFO - 开始识别验证码...（easyocr + pytesseract）
2026-02-11 03:47:39,352 - INFO - easyocr 结果: ['51fU(0.26)']
2026-02-11 03:47:39,448 - INFO - tesseract 结果: SrfU
2026-02-11 03:47:39,494 - INFO - easyocr alt1 结果: ['5LU(0.16)']
2026-02-11 03:47:39,592 - INFO - tesseract alt1 结果: srfU
2026-02-11 03:47:39,639 - INFO - easyocr alt2 结果: ['SrU(0.38)']
2026-02-11 03:47:39,733 - INFO - tesseract alt2 结果: srfU
2026-02-11 03:47:39,874 - INFO - easyocr alt3 结果: ['5fU(0.31)']
2026-02-11 03:47:39,985 - INFO - tesseract alt3 结果: SrfU
2026-02-11 03:47:40,031 - INFO - easyocr alt4 结果: ['SrfU(0.30)']
2026-02-11 03:47:40,129 - INFO - tesseract alt4 结果: srfU
2026-02-11 03:47:40,176 - INFO - easyocr alt5 结果: ['5yU(0.12)']
2026-02-11 03:47:40,276 - INFO - tesseract alt5 结果: srtU
2026-02-11 03:47:40,276 - INFO - 最终验证码识别结果: SrfU (engine=tesseract, prob=0.5)
2026-02-11 03:47:40,276 - INFO - 查找验证码输入框...
2026-02-11 03:47:40,283 - ERROR - 未找到验证码输入框
2026-02-11 03:47:40,283 - WARNING - 验证码填写失败
2026-02-11 03:47:40,283 - INFO - 开始填写登录表单...
2026-02-11 03:47:40,345 - INFO - 用户名填写完成
2026-02-11 03:47:40,406 - INFO - 密码填写完成
2026-02-11 03:47:40,407 - INFO - 验证码图片已保存到 /home/runner/work/nju_electric_monitor/nju_electric_monitor/src/../data/captcha_debug.png
2026-02-11 03:47:40,407 - INFO - 验证码识别尝试 24/30
2026-02-11 03:47:40,407 - INFO - 开始识别验证码...（easyocr + pytesseract）
2026-02-11 03:47:40,489 - INFO - easyocr 结果: ['51fU(0.26)']
2026-02-11 03:47:40,586 - INFO - tesseract 结果: SrfU
2026-02-11 03:47:40,633 - INFO - easyocr alt1 结果: ['5LU(0.16)']
2026-02-11 03:47:40,731 - INFO - tesseract alt1 结果: srfU
2026-02-11 03:47:40,777 - INFO - easyocr alt2 结果: ['SrU(0.38)']
2026-02-11 03:47:40,870 - INFO - tesseract alt2 结果: srfU
2026-02-11 03:47:41,011 - INFO - easyocr alt3 结果: ['5fU(0.31)']
2026-02-11 03:47:41,121 - INFO - tesseract alt3 结果: SrfU
2026-02-11 03:47:41,166 - INFO - easyocr alt4 结果: ['SrfU(0.30)']
2026-02-11 03:47:41,267 - INFO - tesseract alt4 结果: srfU
2026-02-11 03:47:41,312 - INFO - easyocr alt5 结果: ['5yU(0.12)']
2026-02-11 03:47:41,413 - INFO - tesseract alt5 结果: srtU
2026-02-11 03:47:41,413 - INFO - 最终验证码识别结果: SrfU (engine=tesseract, prob=0.5)
2026-02-11 03:47:41,413 - INFO - 查找验证码输入框...
2026-02-11 03:47:41,420 - ERROR - 未找到验证码输入框
2026-02-11 03:47:41,420 - WARNING - 验证码填写失败
2026-02-11 03:47:41,420 - INFO - 开始填写登录表单...
2026-02-11 03:47:41,480 - INFO - 用户名填写完成
2026-02-11 03:47:41,541 - INFO - 密码填写完成
2026-02-11 03:47:41,541 - INFO - 验证码图片已保存到 /home/runner/work/nju_electric_monitor/nju_electric_monitor/src/../data/captcha_debug.png
2026-02-11 03:47:41,541 - INFO - 验证码识别尝试 25/30
2026-02-11 03:47:41,541 - INFO - 开始识别验证码...（easyocr + pytesseract）
2026-02-11 03:47:41,622 - INFO - easyocr 结果: ['51fU(0.26)']
2026-02-11 03:47:41,719 - INFO - tesseract 结果: SrfU
2026-02-11 03:47:41,765 - INFO - easyocr alt1 结果: ['5LU(0.16)']
2026-02-11 03:47:41,866 - INFO - tesseract alt1 结果: srfU
2026-02-11 03:47:41,912 - INFO - easyocr alt2 结果: ['SrU(0.38)']
2026-02-11 03:47:42,008 - INFO - tesseract alt2 结果: srfU
2026-02-11 03:47:42,150 - INFO - easyocr alt3 结果: ['5fU(0.31)']
2026-02-11 03:47:42,261 - INFO - tesseract alt3 结果: SrfU
2026-02-11 03:47:42,307 - INFO - easyocr alt4 结果: ['SrfU(0.30)']
2026-02-11 03:47:42,408 - INFO - tesseract alt4 结果: srfU
2026-02-11 03:47:42,454 - INFO - easyocr alt5 结果: ['5yU(0.12)']
2026-02-11 03:47:42,552 - INFO - tesseract alt5 结果: srtU
2026-02-11 03:47:42,552 - INFO - 最终验证码识别结果: SrfU (engine=tesseract, prob=0.5)
2026-02-11 03:47:42,552 - INFO - 查找验证码输入框...
2026-02-11 03:47:42,558 - ERROR - 未找到验证码输入框
2026-02-11 03:47:42,559 - WARNING - 验证码填写失败
2026-02-11 03:47:42,559 - INFO - 开始填写登录表单...
2026-02-11 03:47:42,618 - INFO - 用户名填写完成
2026-02-11 03:47:42,678 - INFO - 密码填写完成
2026-02-11 03:47:42,679 - INFO - 验证码图片已保存到 /home/runner/work/nju_electric_monitor/nju_electric_monitor/src/../data/captcha_debug.png
2026-02-11 03:47:42,679 - INFO - 验证码识别尝试 26/30
2026-02-11 03:47:42,679 - INFO - 开始识别验证码...（easyocr + pytesseract）
2026-02-11 03:47:42,760 - INFO - easyocr 结果: ['51fU(0.26)']
2026-02-11 03:47:42,853 - INFO - tesseract 结果: SrfU
2026-02-11 03:47:42,901 - INFO - easyocr alt1 结果: ['5LU(0.16)']
2026-02-11 03:47:42,999 - INFO - tesseract alt1 结果: srfU
2026-02-11 03:47:43,046 - INFO - easyocr alt2 结果: ['SrU(0.38)']
2026-02-11 03:47:43,140 - INFO - tesseract alt2 结果: srfU
2026-02-11 03:47:43,282 - INFO - easyocr alt3 结果: ['5fU(0.31)']
2026-02-11 03:47:43,395 - INFO - tesseract alt3 结果: SrfU
2026-02-11 03:47:43,442 - INFO - easyocr alt4 结果: ['SrfU(0.30)']
2026-02-11 03:47:43,542 - INFO - tesseract alt4 结果: srfU
2026-02-11 03:47:43,589 - INFO - easyocr alt5 结果: ['5yU(0.12)']
2026-02-11 03:47:43,686 - INFO - tesseract alt5 结果: srtU
2026-02-11 03:47:43,686 - INFO - 最终验证码识别结果: SrfU (engine=tesseract, prob=0.5)
2026-02-11 03:47:43,686 - INFO - 查找验证码输入框...
2026-02-11 03:47:43,693 - ERROR - 未找到验证码输入框
2026-02-11 03:47:43,693 - WARNING - 验证码填写失败
2026-02-11 03:47:43,693 - INFO - 开始填写登录表单...
2026-02-11 03:47:43,753 - INFO - 用户名填写完成
2026-02-11 03:47:43,814 - INFO - 密码填写完成
2026-02-11 03:47:43,815 - INFO - 验证码图片已保存到 /home/runner/work/nju_electric_monitor/nju_electric_monitor/src/../data/captcha_debug.png
2026-02-11 03:47:43,815 - INFO - 验证码识别尝试 27/30
2026-02-11 03:47:43,815 - INFO - 开始识别验证码...（easyocr + pytesseract）
2026-02-11 03:47:43,907 - INFO - easyocr 结果: ['51fU(0.26)']
2026-02-11 03:47:44,006 - INFO - tesseract 结果: SrfU
2026-02-11 03:47:44,053 - INFO - easyocr alt1 结果: ['5LU(0.16)']
2026-02-11 03:47:44,154 - INFO - tesseract alt1 结果: srfU
2026-02-11 03:47:44,202 - INFO - easyocr alt2 结果: ['SrU(0.38)']
2026-02-11 03:47:44,294 - INFO - tesseract alt2 结果: srfU
2026-02-11 03:47:44,435 - INFO - easyocr alt3 结果: ['5fU(0.31)']
2026-02-11 03:47:44,546 - INFO - tesseract alt3 结果: SrfU
2026-02-11 03:47:44,593 - INFO - easyocr alt4 结果: ['SrfU(0.30)']
2026-02-11 03:47:44,693 - INFO - tesseract alt4 结果: srfU
2026-02-11 03:47:44,740 - INFO - easyocr alt5 结果: ['5yU(0.12)']
2026-02-11 03:47:44,839 - INFO - tesseract alt5 结果: srtU
2026-02-11 03:47:44,839 - INFO - 最终验证码识别结果: SrfU (engine=tesseract, prob=0.5)
2026-02-11 03:47:44,839 - INFO - 查找验证码输入框...
2026-02-11 03:47:44,846 - ERROR - 未找到验证码输入框
2026-02-11 03:47:44,846 - WARNING - 验证码填写失败
2026-02-11 03:47:44,846 - INFO - 开始填写登录表单...
2026-02-11 03:47:44,905 - INFO - 用户名填写完成
2026-02-11 03:47:44,965 - INFO - 密码填写完成
2026-02-11 03:47:44,966 - INFO - 验证码图片已保存到 /home/runner/work/nju_electric_monitor/nju_electric_monitor/src/../data/captcha_debug.png
2026-02-11 03:47:44,966 - INFO - 验证码识别尝试 28/30
2026-02-11 03:47:44,966 - INFO - 开始识别验证码...（easyocr + pytesseract）
2026-02-11 03:47:45,047 - INFO - easyocr 结果: ['51fU(0.26)']
2026-02-11 03:47:45,143 - INFO - tesseract 结果: SrfU
2026-02-11 03:47:45,190 - INFO - easyocr alt1 结果: ['5LU(0.16)']
2026-02-11 03:47:45,290 - INFO - tesseract alt1 结果: srfU
2026-02-11 03:47:45,337 - INFO - easyocr alt2 结果: ['SrU(0.38)']
2026-02-11 03:47:45,434 - INFO - tesseract alt2 结果: srfU
2026-02-11 03:47:45,575 - INFO - easyocr alt3 结果: ['5fU(0.31)']
2026-02-11 03:47:45,685 - INFO - tesseract alt3 结果: SrfU
2026-02-11 03:47:45,745 - INFO - easyocr alt4 结果: ['SrfU(0.30)']
2026-02-11 03:47:45,843 - INFO - tesseract alt4 结果: srfU
2026-02-11 03:47:45,890 - INFO - easyocr alt5 结果: ['5yU(0.12)']
2026-02-11 03:47:45,990 - INFO - tesseract alt5 结果: srtU
2026-02-11 03:47:45,990 - INFO - 最终验证码识别结果: SrfU (engine=tesseract, prob=0.5)
2026-02-11 03:47:45,990 - INFO - 查找验证码输入框...
2026-02-11 03:47:45,996 - ERROR - 未找到验证码输入框
2026-02-11 03:47:45,997 - WARNING - 验证码填写失败
2026-02-11 03:47:45,997 - INFO - 开始填写登录表单...
2026-02-11 03:47:46,056 - INFO - 用户名填写完成
2026-02-11 03:47:46,116 - INFO - 密码填写完成
2026-02-11 03:47:46,117 - INFO - 验证码图片已保存到 /home/runner/work/nju_electric_monitor/nju_electric_monitor/src/../data/captcha_debug.png
2026-02-11 03:47:46,117 - INFO - 验证码识别尝试 29/30
2026-02-11 03:47:46,117 - INFO - 开始识别验证码...（easyocr + pytesseract）
2026-02-11 03:47:46,213 - INFO - easyocr 结果: ['51fU(0.26)']
2026-02-11 03:47:46,311 - INFO - tesseract 结果: SrfU
2026-02-11 03:47:46,358 - INFO - easyocr alt1 结果: ['5LU(0.16)']
2026-02-11 03:47:46,459 - INFO - tesseract alt1 结果: srfU
2026-02-11 03:47:46,506 - INFO - easyocr alt2 结果: ['SrU(0.38)']
2026-02-11 03:47:46,602 - INFO - tesseract alt2 结果: srfU
2026-02-11 03:47:46,743 - INFO - easyocr alt3 结果: ['5fU(0.31)']
2026-02-11 03:47:46,852 - INFO - tesseract alt3 结果: SrfU
2026-02-11 03:47:46,899 - INFO - easyocr alt4 结果: ['SrfU(0.30)']
2026-02-11 03:47:46,999 - INFO - tesseract alt4 结果: srfU
2026-02-11 03:47:47,045 - INFO - easyocr alt5 结果: ['5yU(0.12)']
2026-02-11 03:47:47,144 - INFO - tesseract alt5 结果: srtU
2026-02-11 03:47:47,144 - INFO - 最终验证码识别结果: SrfU (engine=tesseract, prob=0.5)
2026-02-11 03:47:47,144 - INFO - 查找验证码输入框...
2026-02-11 03:47:47,151 - ERROR - 未找到验证码输入框
2026-02-11 03:47:47,151 - WARNING - 验证码填写失败
2026-02-11 03:47:47,151 - INFO - 开始填写登录表单...
2026-02-11 03:47:47,212 - INFO - 用户名填写完成
2026-02-11 03:47:47,271 - INFO - 密码填写完成
2026-02-11 03:47:47,272 - INFO - 验证码图片已保存到 /home/runner/work/nju_electric_monitor/nju_electric_monitor/src/../data/captcha_debug.png
2026-02-11 03:47:47,272 - INFO - 验证码识别尝试 30/30
2026-02-11 03:47:47,272 - INFO - 开始识别验证码...（easyocr + pytesseract）
2026-02-11 03:47:47,352 - INFO - easyocr 结果: ['51fU(0.26)']
2026-02-11 03:47:47,448 - INFO - tesseract 结果: SrfU
2026-02-11 03:47:47,495 - INFO - easyocr alt1 结果: ['5LU(0.16)']
2026-02-11 03:47:47,594 - INFO - tesseract alt1 结果: srfU
2026-02-11 03:47:47,640 - INFO - easyocr alt2 结果: ['SrU(0.38)']
2026-02-11 03:47:47,735 - INFO - tesseract alt2 结果: srfU
2026-02-11 03:47:47,875 - INFO - easyocr alt3 结果: ['5fU(0.31)']
2026-02-11 03:47:47,986 - INFO - tesseract alt3 结果: SrfU
2026-02-11 03:47:48,032 - INFO - easyocr alt4 结果: ['SrfU(0.30)']
2026-02-11 03:47:48,129 - INFO - tesseract alt4 结果: srfU
2026-02-11 03:47:48,176 - INFO - easyocr alt5 结果: ['5yU(0.12)']
2026-02-11 03:47:48,275 - INFO - tesseract alt5 结果: srtU
2026-02-11 03:47:48,275 - INFO - 最终验证码识别结果: SrfU (engine=tesseract, prob=0.5)
2026-02-11 03:47:48,275 - INFO - 查找验证码输入框...
2026-02-11 03:47:48,282 - ERROR - 未找到验证码输入框
2026-02-11 03:47:48,282 - WARNING - 验证码填写失败
2026-02-11 03:47:48,282 - WARNING - 自动验证码识别失败，请手动输入
请手动输入验证码: 2026-02-11 03:47:48,282 - ERROR - 处理验证码时出错: EOF when reading a line
2026-02-11 03:47:48,282 - WARNING - 验证码处理失败，但继续尝试登录
2026-02-11 03:47:48,282 - INFO - 查找并点击登录按钮...
2026-02-11 03:47:48,291 - ERROR - 未找到登录按钮
2026-02-11 03:47:48,291 - ERROR - 点击登录按钮失败
2026-02-11 03:47:48,291 - INFO - 等待登录成功...
2026-02-11 03:47:53,295 - INFO - 登录可能成功，继续下一步...
2026-02-11 03:47:53,295 - INFO - 查找'去充值'按钮...
2026-02-11 03:47:53,304 - ERROR - 未找到'去充值'按钮
2026-02-11 03:47:53,304 - WARNING - 点击充值按钮失败，尝试直接提取数据
2026-02-11 03:47:53,304 - INFO - 开始提取剩余电量信息...
2026-02-11 03:47:53,313 - INFO - 页面源码已保存到 /home/runner/work/nju_electric_monitor/nju_electric_monitor/src/../data/debug_page_source.html
2026-02-11 03:47:53,322 - WARNING - 未找到电量信息元素，尝试其他方法...
2026-02-11 03:47:53,330 - WARNING - 未找到i标签中的电量信息，尝试其他方法...
2026-02-11 03:47:53,338 - INFO - 在页面源码中查找电量信息...
2026-02-11 03:47:53,349 - WARNING - 未能提取到剩余电量信息
2026-02-11 03:47:53,350 - WARNING - 没有电量数据可保存
2026-02-11 03:47:53,350 - INFO - 监控流程完成
Wrapper end: 2026-02-11T11:47:53.430819+08:00
