Wrapper start: 2025-12-03T21:33:19.300182+08:00

=== ENVIRONMENT SUMMARY ===
Environment variable keys (count=118):
- ACCEPT_EULA
- ACTIONS_RUNNER_ACTION_ARCHIVE_CACHE
- AGENT_TOOLSDIRECTORY
- ANDROID_HOME
- ANDROID_NDK
- ANDROID_NDK_HOME
- ANDROID_NDK_LATEST_HOME
- ANDROID_NDK_ROOT
- ANDROID_SDK_ROOT
- ANT_HOME
NJU_USERNAME set: yes
NJU_PASSWORD set: yes

=== DISK USAGE (df -h) ===
Filesystem      Size  Used Avail Use% Mounted on
/dev/root        72G   68G  4.3G  95% /
tmpfs           7.9G   84K  7.9G   1% /dev/shm
tmpfs           3.2G  3.3M  3.2G   1% /run
tmpfs           5.0M     0  5.0M   0% /run/lock
/dev/sda16      881M   62M  758M   8% /boot
/dev/sda15      105M  6.2M   99M   6% /boot/efi
/dev/sdb1        74G  4.1G   66G   6% /mnt
tmpfs           1.6G   12K  1.6G   1% /run/user/1001


=== KEY DIR SIZES ===
3.4M	/home/runner/work/nju_electric_monitor/nju_electric_monitor/src/../logs

276K	/home/runner/work/nju_electric_monitor/nju_electric_monitor/src/../data

101M	/home/runner/work/nju_electric_monitor/nju_electric_monitor/src/../models


=== CONFIG_WORKFLOW SUMMARY ===
{
  "username": "",
  "password": "",
  "auto_login": true,
  "headless_mode": true,
  "captcha_retry_count": 30,
  "captcha_confidence_threshold": 0.3,
  "save_captcha_images": true,
  "log_level": "INFO"
}

=== FONT DIAGNOSTICS ===
Found system fonts (ttf) count: 59
- /usr/share/fonts/truetype/lato/Lato-Thin.ttf
- /usr/share/fonts/truetype/dejavu/DejaVuSerifCondensed-Bold.ttf
- /usr/share/fonts/truetype/liberation/LiberationSans-Italic.ttf
- /usr/share/fonts/truetype/lato/Lato-Semibold.ttf
- /usr/share/fonts/truetype/dejavu/DejaVuSerif-Bold.ttf
- /usr/share/fonts/truetype/dejavu/DejaVuSans.ttf
- /usr/share/fonts/truetype/dejavu/DejaVuSerif-BoldItalic.ttf
- /usr/share/fonts/opentype/noto/NotoSerifCJK-Bold.ttc
- /usr/share/fonts/truetype/dejavu/DejaVuSans-Oblique.ttf
- /usr/share/fonts/truetype/lato/Lato-ThinItalic.ttf
- /usr/share/fonts/truetype/dejavu/DejaVuSans-ExtraLight.ttf
- /usr/share/fonts/truetype/lato/Lato-BlackItalic.ttf
- /usr/share/fonts/opentype/noto/NotoSerifCJK-Regular.ttc
- /usr/share/fonts/truetype/liberation/LiberationMono-Regular.ttf
- /usr/share/fonts/truetype/dejavu/DejaVuSansMono-Bold.ttf
- /usr/share/fonts/truetype/lato/Lato-MediumItalic.ttf
- /usr/share/fonts/truetype/lato/Lato-Medium.ttf
- /usr/share/fonts/truetype/lato/Lato-SemiboldItalic.ttf
- /usr/share/fonts/truetype/liberation/LiberationMono-Italic.ttf
- /usr/share/fonts/truetype/lato/Lato-Light.ttf
- /usr/share/fonts/truetype/dejavu/DejaVuSansCondensed-Bold.ttf
- /usr/share/fonts/truetype/lato/Lato-Hairline.ttf
- /usr/share/fonts/truetype/dejavu/DejaVuSans-BoldOblique.ttf
- /usr/share/fonts/truetype/liberation/LiberationSans-BoldItalic.ttf
- /usr/share/fonts/truetype/liberation/LiberationSerif-Bold.ttf
- /usr/share/fonts/truetype/wqy/wqy-microhei.ttc
- /usr/share/fonts/truetype/dejavu/DejaVuSerifCondensed-BoldItalic.ttf
- /usr/share/fonts/truetype/lato/Lato-Heavy.ttf
- /usr/share/fonts/truetype/liberation/LiberationSerif-BoldItalic.ttf
- /usr/share/fonts/truetype/dejavu/DejaVuSerifCondensed-Italic.ttf
- /usr/share/fonts/opentype/noto/NotoSansCJK-Regular.ttc
- /usr/share/fonts/truetype/dejavu/DejaVuSerif.ttf
- /usr/share/fonts/truetype/liberation/LiberationSerif-Regular.ttf
- /usr/share/fonts/truetype/noto/NotoColorEmoji.ttf
- /usr/share/fonts/truetype/liberation/LiberationSans-Regular.ttf
- /usr/share/fonts/truetype/lato/Lato-Bold.ttf
- /usr/share/fonts/truetype/lato/Lato-Regular.ttf
- /usr/share/fonts/truetype/dejavu/DejaVuSerifCondensed.ttf
- /usr/share/fonts/truetype/liberation/LiberationMono-BoldItalic.ttf
- /usr/share/fonts/truetype/dejavu/DejaVuSansMono.ttf
- /usr/share/fonts/truetype/dejavu/DejaVuSansCondensed.ttf
- /usr/share/fonts/truetype/dejavu/DejaVuSerif-Italic.ttf
- /usr/share/fonts/truetype/lato/Lato-Italic.ttf
- /usr/share/fonts/truetype/lato/Lato-HairlineItalic.ttf
- /usr/share/fonts/truetype/dejavu/DejaVuSansMono-Oblique.ttf
- /usr/share/fonts/truetype/dejavu/DejaVuSansCondensed-BoldOblique.ttf
- /usr/share/fonts/opentype/noto/NotoSansCJK-Bold.ttc
- /usr/share/fonts/truetype/lato/Lato-HeavyItalic.ttf
- /usr/share/fonts/truetype/lato/Lato-Black.ttf
- /usr/share/fonts/truetype/dejavu/DejaVuSans-Bold.ttf

FontManager samples (name -> path):
DejaVu Sans Mono -> /opt/hostedtoolcache/Python/3.14.0/x64/lib/python3.14/site-packages/matplotlib/mpl-data/fonts/ttf/DejaVuSansMono.ttf
DejaVu Sans Mono -> /opt/hostedtoolcache/Python/3.14.0/x64/lib/python3.14/site-packages/matplotlib/mpl-data/fonts/ttf/DejaVuSansMono-Bold.ttf
DejaVu Sans -> /opt/hostedtoolcache/Python/3.14.0/x64/lib/python3.14/site-packages/matplotlib/mpl-data/fonts/ttf/DejaVuSans-Oblique.ttf
STIXSizeFourSym -> /opt/hostedtoolcache/Python/3.14.0/x64/lib/python3.14/site-packages/matplotlib/mpl-data/fonts/ttf/STIXSizFourSymReg.ttf
DejaVu Sans Display -> /opt/hostedtoolcache/Python/3.14.0/x64/lib/python3.14/site-packages/matplotlib/mpl-data/fonts/ttf/DejaVuSansDisplay.ttf
STIXGeneral -> /opt/hostedtoolcache/Python/3.14.0/x64/lib/python3.14/site-packages/matplotlib/mpl-data/fonts/ttf/STIXGeneralBolIta.ttf
cmb10 -> /opt/hostedtoolcache/Python/3.14.0/x64/lib/python3.14/site-packages/matplotlib/mpl-data/fonts/ttf/cmb10.ttf
DejaVu Serif Display -> /opt/hostedtoolcache/Python/3.14.0/x64/lib/python3.14/site-packages/matplotlib/mpl-data/fonts/ttf/DejaVuSerifDisplay.ttf
DejaVu Sans -> /opt/hostedtoolcache/Python/3.14.0/x64/lib/python3.14/site-packages/matplotlib/mpl-data/fonts/ttf/DejaVuSans-BoldOblique.ttf
STIXSizeTwoSym -> /opt/hostedtoolcache/Python/3.14.0/x64/lib/python3.14/site-packages/matplotlib/mpl-data/fonts/ttf/STIXSizTwoSymReg.ttf
STIXGeneral -> /opt/hostedtoolcache/Python/3.14.0/x64/lib/python3.14/site-packages/matplotlib/mpl-data/fonts/ttf/STIXGeneralItalic.ttf
STIXNonUnicode -> /opt/hostedtoolcache/Python/3.14.0/x64/lib/python3.14/site-packages/matplotlib/mpl-data/fonts/ttf/STIXNonUniBolIta.ttf
DejaVu Sans Mono -> /opt/hostedtoolcache/Python/3.14.0/x64/lib/python3.14/site-packages/matplotlib/mpl-data/fonts/ttf/DejaVuSansMono-BoldOblique.ttf
DejaVu Serif -> /opt/hostedtoolcache/Python/3.14.0/x64/lib/python3.14/site-packages/matplotlib/mpl-data/fonts/ttf/DejaVuSerif-BoldItalic.ttf
STIXNonUnicode -> /opt/hostedtoolcache/Python/3.14.0/x64/lib/python3.14/site-packages/matplotlib/mpl-data/fonts/ttf/STIXNonUniBol.ttf
cmtt10 -> /opt/hostedtoolcache/Python/3.14.0/x64/lib/python3.14/site-packages/matplotlib/mpl-data/fonts/ttf/cmtt10.ttf
DejaVu Serif -> /opt/hostedtoolcache/Python/3.14.0/x64/lib/python3.14/site-packages/matplotlib/mpl-data/fonts/ttf/DejaVuSerif-Bold.ttf
STIXSizeFourSym -> /opt/hostedtoolcache/Python/3.14.0/x64/lib/python3.14/site-packages/matplotlib/mpl-data/fonts/ttf/STIXSizFourSymBol.ttf
DejaVu Serif -> /opt/hostedtoolcache/Python/3.14.0/x64/lib/python3.14/site-packages/matplotlib/mpl-data/fonts/ttf/DejaVuSerif.ttf
DejaVu Sans Mono -> /opt/hostedtoolcache/Python/3.14.0/x64/lib/python3.14/site-packages/matplotlib/mpl-data/fonts/ttf/DejaVuSansMono-Oblique.ttf
STIXGeneral -> /opt/hostedtoolcache/Python/3.14.0/x64/lib/python3.14/site-packages/matplotlib/mpl-data/fonts/ttf/STIXGeneralBol.ttf
cmsy10 -> /opt/hostedtoolcache/Python/3.14.0/x64/lib/python3.14/site-packages/matplotlib/mpl-data/fonts/ttf/cmsy10.ttf
STIXSizeOneSym -> /opt/hostedtoolcache/Python/3.14.0/x64/lib/python3.14/site-packages/matplotlib/mpl-data/fonts/ttf/STIXSizOneSymBol.ttf
STIXSizeTwoSym -> /opt/hostedtoolcache/Python/3.14.0/x64/lib/python3.14/site-packages/matplotlib/mpl-data/fonts/ttf/STIXSizTwoSymBol.ttf
cmss10 -> /opt/hostedtoolcache/Python/3.14.0/x64/lib/python3.14/site-packages/matplotlib/mpl-data/fonts/ttf/cmss10.ttf
cmmi10 -> /opt/hostedtoolcache/Python/3.14.0/x64/lib/python3.14/site-packages/matplotlib/mpl-data/fonts/ttf/cmmi10.ttf
DejaVu Sans -> /opt/hostedtoolcache/Python/3.14.0/x64/lib/python3.14/site-packages/matplotlib/mpl-data/fonts/ttf/DejaVuSans.ttf
STIXNonUnicode -> /opt/hostedtoolcache/Python/3.14.0/x64/lib/python3.14/site-packages/matplotlib/mpl-data/fonts/ttf/STIXNonUniIta.ttf
STIXNonUnicode -> /opt/hostedtoolcache/Python/3.14.0/x64/lib/python3.14/site-packages/matplotlib/mpl-data/fonts/ttf/STIXNonUni.ttf
STIXGeneral -> /opt/hostedtoolcache/Python/3.14.0/x64/lib/python3.14/site-packages/matplotlib/mpl-data/fonts/ttf/STIXGeneral.ttf
cmr10 -> /opt/hostedtoolcache/Python/3.14.0/x64/lib/python3.14/site-packages/matplotlib/mpl-data/fonts/ttf/cmr10.ttf
STIXSizeFiveSym -> /opt/hostedtoolcache/Python/3.14.0/x64/lib/python3.14/site-packages/matplotlib/mpl-data/fonts/ttf/STIXSizFiveSymReg.ttf
cmex10 -> /opt/hostedtoolcache/Python/3.14.0/x64/lib/python3.14/site-packages/matplotlib/mpl-data/fonts/ttf/cmex10.ttf
STIXSizeThreeSym -> /opt/hostedtoolcache/Python/3.14.0/x64/lib/python3.14/site-packages/matplotlib/mpl-data/fonts/ttf/STIXSizThreeSymBol.ttf
STIXSizeThreeSym -> /opt/hostedtoolcache/Python/3.14.0/x64/lib/python3.14/site-packages/matplotlib/mpl-data/fonts/ttf/STIXSizThreeSymReg.ttf
DejaVu Sans -> /opt/hostedtoolcache/Python/3.14.0/x64/lib/python3.14/site-packages/matplotlib/mpl-data/fonts/ttf/DejaVuSans-Bold.ttf
DejaVu Serif -> /opt/hostedtoolcache/Python/3.14.0/x64/lib/python3.14/site-packages/matplotlib/mpl-data/fonts/ttf/DejaVuSerif-Italic.ttf
STIXSizeOneSym -> /opt/hostedtoolcache/Python/3.14.0/x64/lib/python3.14/site-packages/matplotlib/mpl-data/fonts/ttf/STIXSizOneSymReg.ttf
Lato -> /usr/share/fonts/truetype/lato/Lato-Thin.ttf
DejaVu Serif -> /usr/share/fonts/truetype/dejavu/DejaVuSerifCondensed-Bold.ttf
Liberation Sans -> /usr/share/fonts/truetype/liberation/LiberationSans-Italic.ttf
Lato -> /usr/share/fonts/truetype/lato/Lato-Semibold.ttf
DejaVu Serif -> /usr/share/fonts/truetype/dejavu/DejaVuSerif-Bold.ttf
DejaVu Sans -> /usr/share/fonts/truetype/dejavu/DejaVuSans.ttf
DejaVu Serif -> /usr/share/fonts/truetype/dejavu/DejaVuSerif-BoldItalic.ttf
Noto Serif CJK JP -> /usr/share/fonts/opentype/noto/NotoSerifCJK-Bold.ttc
DejaVu Sans -> /usr/share/fonts/truetype/dejavu/DejaVuSans-Oblique.ttf
Lato -> /usr/share/fonts/truetype/lato/Lato-ThinItalic.ttf
DejaVu Sans -> /usr/share/fonts/truetype/dejavu/DejaVuSans-ExtraLight.ttf
Lato -> /usr/share/fonts/truetype/lato/Lato-BlackItalic.ttf

Preferred font find results:
findfont('Microsoft YaHei') failed: Failed to find font Microsoft YaHei:style=normal:variant=normal:weight=normal:stretch=normal:size=10.0, and fallback to the default font was disabled
findfont('Segoe UI') failed: Failed to find font Segoe UI:style=normal:variant=normal:weight=normal:stretch=normal:size=10.0, and fallback to the default font was disabled
findfont('Arial Unicode MS') failed: Failed to find font Arial Unicode MS:style=normal:variant=normal:weight=normal:stretch=normal:size=10.0, and fallback to the default font was disabled
findfont('Noto Sans CJK SC') failed: Failed to find font Noto Sans CJK SC:style=normal:variant=normal:weight=normal:stretch=normal:size=10.0, and fallback to the default font was disabled
findfont('WenQuanYi Micro Hei') -> /usr/share/fonts/truetype/wqy/wqy-microhei.ttc
findfont('WenQuanYi Zen Hei') -> /usr/share/fonts/truetype/wqy/wqy-zenhei.ttc
findfont('DejaVu Sans') -> /opt/hostedtoolcache/Python/3.14.0/x64/lib/python3.14/site-packages/matplotlib/mpl-data/fonts/ttf/DejaVuSans.ttf

fc-list output sample (truncated to 10000 chars):
Liberation Mono - /usr/share/fonts/truetype/liberation/LiberationMono-Bold.ttf
Liberation Serif - /usr/share/fonts/truetype/liberation/LiberationSerif-BoldItalic.ttf
Lato,Lato Hairline - /usr/share/fonts/truetype/lato/Lato-Hairline.ttf
Lato,Lato Heavy - /usr/share/fonts/truetype/lato/Lato-Heavy.ttf
DejaVu Serif,DejaVu Serif Condensed - /usr/share/fonts/truetype/dejavu/DejaVuSerifCondensed-Italic.ttf
Lato,Lato Medium - /usr/share/fonts/truetype/lato/Lato-Medium.ttf
Lato,Lato Light - /usr/share/fonts/truetype/lato/Lato-LightItalic.ttf
WenQuanYi Zen Hei Sharp,文泉驛點陣正黑,文泉驿点阵正黑 - /usr/share/fonts/truetype/wqy/wqy-zenhei.ttc
WenQuanYi Micro Hei Mono,文泉驛等寬微米黑,文泉驿等宽微米黑 - /usr/share/fonts/truetype/wqy/wqy-microhei.ttc
Noto Sans Mono CJK KR - /usr/share/fonts/opentype/noto/NotoSansCJK-Bold.ttc
DejaVu Serif - /usr/share/fonts/truetype/dejavu/DejaVuSerif-Bold.ttf
Noto Sans Mono CJK JP - /usr/share/fonts/opentype/noto/NotoSansCJK-Bold.ttc
Noto Sans Mono CJK HK - /usr/share/fonts/opentype/noto/NotoSansCJK-Bold.ttc
Noto Serif CJK SC - /usr/share/fonts/opentype/noto/NotoSerifCJK-Regular.ttc
DejaVu Math TeX Gyre - /usr/share/fonts/truetype/dejavu/DejaVuMathTeXGyre.ttf
Liberation Sans - /usr/share/fonts/truetype/liberation/LiberationSans-Regular.ttf
Lato - /usr/share/fonts/truetype/lato/Lato-Italic.ttf
Liberation Sans - /usr/share/fonts/truetype/liberation/LiberationSans-Bold.ttf
Noto Serif CJK TC - /usr/share/fonts/opentype/noto/NotoSerifCJK-Regular.ttc
Noto Sans Mono CJK SC - /usr/share/fonts/opentype/noto/NotoSansCJK-Bold.ttc
Liberation Mono - /usr/share/fonts/truetype/liberation/LiberationMono-Italic.ttf
Noto Sans Mono CJK TC - /usr/share/fonts/opentype/noto/NotoSansCJK-Bold.ttc
DejaVu Sans,DejaVu Sans Condensed - /usr/share/fonts/truetype/dejavu/DejaVuSansCondensed.ttf
DejaVu Serif,DejaVu Serif Condensed - /usr/share/fonts/truetype/dejavu/DejaVuSerifCondensed.ttf
Liberation Serif - /usr/share/fonts/truetype/liberation/LiberationSerif-Italic.ttf
Lato,Lato Heavy - /usr/share/fonts/truetype/lato/Lato-HeavyItalic.ttf
Lato - /usr/share/fonts/truetype/lato/Lato-BoldItalic.ttf
Noto Serif CJK JP - /usr/share/fonts/opentype/noto/NotoSerifCJK-Regular.ttc
Lato,Lato Medium - /usr/share/fonts/truetype/lato/Lato-MediumItalic.ttf
Noto Serif CJK HK - /usr/share/fonts/opentype/noto/NotoSerifCJK-Regular.ttc
DejaVu Serif - /usr/share/fonts/truetype/dejavu/DejaVuSerif-Italic.ttf
DejaVu Sans - /usr/share/fonts/truetype/dejavu/DejaVuSans.ttf
Noto Serif CJK KR - /usr/share/fonts/opentype/noto/NotoSerifCJK-Regular.ttc
Lato,Lato Semibold - /usr/share/fonts/truetype/lato/Lato-SemiboldItalic.ttf
Lato,Lato Thin - /usr/share/fonts/truetype/lato/Lato-ThinItalic.ttf
DejaVu Sans,DejaVu Sans Condensed - /usr/share/fonts/truetype/dejavu/DejaVuSansCondensed-BoldOblique.ttf
Noto Sans CJK JP - /usr/share/fonts/opentype/noto/NotoSansCJK-Regular.ttc
Liberation Sans - /usr/share/fonts/truetype/liberation/LiberationSans-Italic.ttf
Noto Sans CJK HK - /usr/share/fonts/opentype/noto/NotoSansCJK-Regular.ttc
Lato,Lato Black - /usr/share/fonts/truetype/lato/Lato-BlackItalic.ttf
Lato,Lato Thin - /usr/share/fonts/truetype/lato/Lato-Thin.ttf
DejaVu Sans,DejaVu Sans Condensed - /usr/share/fonts/truetype/dejavu/DejaVuSansCondensed-Oblique.ttf
Noto Sans CJK KR - /usr/share/fonts/opentype/noto/NotoSansCJK-Regular.ttc
Lato,Lato Light - /usr/share/fonts/truetype/lato/Lato-Light.ttf
Noto Sans CJK TC - /usr/share/fonts/opentype/noto/NotoSansCJK-Regular.ttc
DejaVu Sans,DejaVu Sans Condensed - /usr/share/fonts/truetype/dejavu/DejaVuSansCondensed-Bold.ttf
DejaVu Sans Mono - /usr/share/fonts/truetype/dejavu/DejaVuSansMono-Oblique.ttf
Lato,Lato Hairline - /usr/share/fonts/truetype/lato/Lato-HairlineItalic.ttf
Noto Sans CJK SC - /usr/share/fonts/opentype/noto/NotoSansCJK-Regular.ttc
WenQuanYi Zen Hei,文泉驛正黑,文泉驿正黑 - /usr/share/fonts/truetype/wqy/wqy-zenhei.ttc
Lato,Lato Black - /usr/share/fonts/truetype/lato/Lato-Black.ttf
Lato - /usr/share/fonts/truetype/lato/Lato-Regular.ttf
DejaVu Sans - /usr/share/fonts/truetype/dejavu/DejaVuSans-BoldOblique.ttf
Liberation Mono - /usr/share/fonts/truetype/liberation/LiberationMono-BoldItalic.ttf
Noto Sans Mono CJK KR - /usr/share/fonts/opentype/noto/NotoSansCJK-Regular.ttc
Liberation Mono - /usr/share/fonts/truetype/liberation/LiberationMono-Regular.ttf
Noto Sans Mono CJK HK - /usr/share/fonts/opentype/noto/NotoSansCJK-Regular.ttc
DejaVu Sans,DejaVu Sans Light - /usr/share/fonts/truetype/dejavu/DejaVuSans-ExtraLight.ttf
DejaVu Serif - /usr/share/fonts/truetype/dejavu/DejaVuSerif.ttf
Noto Sans Mono CJK JP - /usr/share/fonts/opentype/noto/NotoSansCJK-Regular.ttc
Noto Serif CJK JP - /usr/share/fonts/opentype/noto/NotoSerifCJK-Bold.ttc
Noto Serif CJK HK - /usr/share/fonts/opentype/noto/NotoSerifCJK-Bold.ttc
Noto Serif CJK KR - /usr/share/fonts/opentype/noto/NotoSerifCJK-Bold.ttc
Noto Serif CJK TC - /usr/share/fonts/opentype/noto/NotoSerifCJK-Bold.ttc
Lato - /usr/share/fonts/truetype/lato/Lato-Bold.ttf
Noto Sans CJK SC - /usr/share/fonts/opentype/noto/NotoSansCJK-Bold.ttc
Noto Sans Mono CJK TC - /usr/share/fonts/opentype/noto/NotoSansCJK-Regular.ttc
Noto Sans CJK TC - /usr/share/fonts/opentype/noto/NotoSansCJK-Bold.ttc
Noto Serif CJK SC - /usr/share/fonts/opentype/noto/NotoSerifCJK-Bold.ttc
DejaVu Sans Mono - /usr/share/fonts/truetype/dejavu/DejaVuSansMono-Bold.ttf
DejaVu Serif - /usr/share/fonts/truetype/dejavu/DejaVuSerif-BoldItalic.ttf
WenQuanYi Zen Hei Mono,文泉驛等寬正黑,文泉驿等宽正黑 - /usr/share/fonts/truetype/wqy/wqy-zenhei.ttc
DejaVu Sans Mono - /usr/share/fonts/truetype/dejavu/DejaVuSansMono.ttf
Noto Sans CJK JP - /usr/share/fonts/opentype/noto/NotoSansCJK-Bold.ttc
Noto Sans CJK HK - /usr/share/fonts/opentype/noto/NotoSansCJK-Bold.ttc
Noto Sans CJK KR - /usr/share/fonts/opentype/noto/NotoSansCJK-Bold.ttc
WenQuanYi Micro Hei,文泉驛微米黑,文泉驿微米黑 - /usr/share/fonts/truetype/wqy/wqy-microhei.ttc
Noto Sans Mono CJK SC - /usr/share/fonts/opentype/noto/NotoSansCJK-Regular.ttc
Noto Color Emoji - /usr/share/fonts/truetype/noto/NotoColorEmoji.ttf
DejaVu Sans Mono - /usr/share/fonts/truetype/dejavu/DejaVuSansMono-BoldOblique.ttf
Liberation Sans - /usr/share/fonts/truetype/liberation/LiberationSans-BoldItalic.ttf
Liberation Serif - /usr/share/fonts/truetype/liberation/LiberationSerif-Regular.ttf
Lato,Lato Semibold - /usr/share/fonts/truetype/lato/Lato-Semibold.ttf
DejaVu Sans - /usr/share/fonts/truetype/dejavu/DejaVuSans-Oblique.ttf
DejaVu Serif,DejaVu Serif Condensed - /usr/share/fonts/truetype/dejavu/DejaVuSerifCondensed-Bold.ttf
DejaVu Sans - /usr/share/fonts/truetype/dejavu/DejaVuSans-Bold.ttf
Liberation Serif - /usr/share/fonts/truetype/liberation/LiberationSerif-Bold.ttf
DejaVu Serif,DejaVu Serif Condensed - /usr/share/fonts/truetype/dejavu/DejaVuSerifCondensed-BoldItalic.ttf

2025-12-03 13:33:24,063 - INFO - Matplotlib 字体设置：使用回退字体列表，首选可用字体: Noto Sans CJK JP
2025-12-03 13:33:25,521 - INFO - 使用 ChromeDriver: /usr/bin/chromedriver
2025-12-03 13:33:25,521 - WARNING - Using CPU. Note: This module is much faster with a GPU.
2025-12-03 13:33:27,111 - INFO - OCR识别器初始化成功
2025-12-03 13:33:27,111 - INFO - 开始南京大学电费监控流程（自动无头模式）
2025-12-03 13:33:27,111 - INFO - 正在打开页面: https://epay.nju.edu.cn/epay/h5/nju/electric/index
2025-12-03 13:33:38,730 - INFO - 等待登录表单加载...
2025-12-03 13:33:38,740 - INFO - 登录表单已加载
2025-12-03 13:33:38,740 - INFO - 开始填写登录表单...
2025-12-03 13:33:38,808 - INFO - 用户名填写完成
2025-12-03 13:33:38,879 - INFO - 密码填写完成
2025-12-03 13:33:38,879 - INFO - 检查是否有验证码...
2025-12-03 13:33:38,879 - INFO - 查找验证码图片...
2025-12-03 13:33:38,899 - INFO - 找到验证码图片，开始截图...
2025-12-03 13:33:38,952 - INFO - 验证码图片截取成功
2025-12-03 13:33:38,952 - INFO - 开始填写登录表单...
2025-12-03 13:33:39,020 - INFO - 用户名填写完成
2025-12-03 13:33:39,087 - INFO - 密码填写完成
2025-12-03 13:33:39,088 - INFO - 验证码图片已保存到 /home/runner/work/nju_electric_monitor/nju_electric_monitor/src/../data/captcha_debug.png
2025-12-03 13:33:39,088 - INFO - 验证码识别尝试 1/30
2025-12-03 13:33:39,088 - INFO - 开始识别验证码...（easyocr + pytesseract）
2025-12-03 13:33:39,218 - INFO - easyocr 结果: ['NCVC(0.97)']
2025-12-03 13:33:39,429 - INFO - tesseract 结果: NCYc
2025-12-03 13:33:39,496 - INFO - easyocr alt1 结果: ['NCVC(0.92)']
2025-12-03 13:33:39,591 - INFO - tesseract alt1 结果: NEVe
2025-12-03 13:33:39,659 - INFO - easyocr alt2 结果: ['NCVC(0.91)']
2025-12-03 13:33:39,754 - INFO - tesseract alt2 结果: NEVE
2025-12-03 13:33:39,920 - INFO - easyocr alt3 结果: ['NCVC(0.98)']
2025-12-03 13:33:40,034 - INFO - tesseract alt3 结果: NCVe
2025-12-03 13:33:40,096 - INFO - easyocr alt4 结果: ['NCVC(0.97)']
2025-12-03 13:33:40,192 - INFO - tesseract alt4 结果: NEVE
2025-12-03 13:33:40,262 - INFO - easyocr alt5 结果: ['NCVC(0.74)']
2025-12-03 13:33:40,353 - INFO - tesseract alt5 结果: 
2025-12-03 13:33:40,353 - INFO - 最终验证码识别结果: NCVC (engine=easyocr_alt3, prob=0.9784699082374573)
2025-12-03 13:33:40,353 - INFO - 查找验证码输入框...
2025-12-03 13:33:40,417 - INFO - 验证码填写完成
2025-12-03 13:33:40,417 - INFO - 验证码填写完成，点击登录按钮...
2025-12-03 13:33:40,417 - INFO - 查找并点击登录按钮...
2025-12-03 13:33:40,810 - INFO - 已点击登录按钮
2025-12-03 13:33:47,843 - INFO - 开始填写登录表单...
2025-12-03 13:33:47,908 - INFO - 用户名填写完成
2025-12-03 13:33:47,976 - INFO - 密码填写完成
2025-12-03 13:33:47,976 - INFO - 验证码图片已保存到 /home/runner/work/nju_electric_monitor/nju_electric_monitor/src/../data/captcha_debug.png
2025-12-03 13:33:47,976 - INFO - 验证码识别尝试 2/30
2025-12-03 13:33:47,977 - INFO - 开始识别验证码...（easyocr + pytesseract）
2025-12-03 13:33:48,076 - INFO - easyocr 结果: ['NCVC(0.97)']
2025-12-03 13:33:48,173 - INFO - tesseract 结果: NCYc
2025-12-03 13:33:48,233 - INFO - easyocr alt1 结果: ['NCVC(0.92)']
2025-12-03 13:33:48,329 - INFO - tesseract alt1 结果: NEVe
2025-12-03 13:33:48,389 - INFO - easyocr alt2 结果: ['NCVC(0.91)']
2025-12-03 13:33:48,483 - INFO - tesseract alt2 结果: NEVE
2025-12-03 13:33:48,641 - INFO - easyocr alt3 结果: ['NCVC(0.98)']
2025-12-03 13:33:48,757 - INFO - tesseract alt3 结果: NCVe
2025-12-03 13:33:48,819 - INFO - easyocr alt4 结果: ['NCVC(0.97)']
2025-12-03 13:33:48,920 - INFO - tesseract alt4 结果: NEVE
2025-12-03 13:33:48,981 - INFO - easyocr alt5 结果: ['NCVC(0.74)']
2025-12-03 13:33:49,075 - INFO - tesseract alt5 结果: 
2025-12-03 13:33:49,075 - INFO - 最终验证码识别结果: NCVC (engine=easyocr_alt3, prob=0.9784699082374573)
2025-12-03 13:33:49,075 - INFO - 查找验证码输入框...
2025-12-03 13:33:49,135 - INFO - 验证码填写完成
2025-12-03 13:33:49,135 - INFO - 验证码填写完成，点击登录按钮...
2025-12-03 13:33:49,135 - INFO - 查找并点击登录按钮...
2025-12-03 13:33:49,194 - INFO - 已点击登录按钮
2025-12-03 13:33:56,215 - INFO - 开始填写登录表单...
2025-12-03 13:33:56,276 - INFO - 用户名填写完成
2025-12-03 13:33:56,337 - INFO - 密码填写完成
2025-12-03 13:33:56,338 - INFO - 验证码图片已保存到 /home/runner/work/nju_electric_monitor/nju_electric_monitor/src/../data/captcha_debug.png
2025-12-03 13:33:56,338 - INFO - 验证码识别尝试 3/30
2025-12-03 13:33:56,338 - INFO - 开始识别验证码...（easyocr + pytesseract）
2025-12-03 13:33:56,437 - INFO - easyocr 结果: ['NCVC(0.97)']
2025-12-03 13:33:56,537 - INFO - tesseract 结果: NCYc
2025-12-03 13:33:56,600 - INFO - easyocr alt1 结果: ['NCVC(0.92)']
2025-12-03 13:33:56,696 - INFO - tesseract alt1 结果: NEVe
2025-12-03 13:33:56,757 - INFO - easyocr alt2 结果: ['NCVC(0.91)']
2025-12-03 13:33:56,854 - INFO - tesseract alt2 结果: NEVE
2025-12-03 13:33:57,011 - INFO - easyocr alt3 结果: ['NCVC(0.98)']
2025-12-03 13:33:57,129 - INFO - tesseract alt3 结果: NCVe
2025-12-03 13:33:57,189 - INFO - easyocr alt4 结果: ['NCVC(0.97)']
2025-12-03 13:33:57,285 - INFO - tesseract alt4 结果: NEVE
2025-12-03 13:33:57,346 - INFO - easyocr alt5 结果: ['NCVC(0.74)']
2025-12-03 13:33:57,442 - INFO - tesseract alt5 结果: 
2025-12-03 13:33:57,442 - INFO - 最终验证码识别结果: NCVC (engine=easyocr_alt3, prob=0.9784699082374573)
2025-12-03 13:33:57,442 - INFO - 查找验证码输入框...
2025-12-03 13:33:57,500 - INFO - 验证码填写完成
2025-12-03 13:33:57,501 - INFO - 验证码填写完成，点击登录按钮...
2025-12-03 13:33:57,501 - INFO - 查找并点击登录按钮...
2025-12-03 13:33:57,951 - INFO - 已点击登录按钮
2025-12-03 13:34:04,972 - INFO - 开始填写登录表单...
2025-12-03 13:34:05,035 - INFO - 用户名填写完成
2025-12-03 13:34:05,097 - INFO - 密码填写完成
2025-12-03 13:34:05,098 - INFO - 验证码图片已保存到 /home/runner/work/nju_electric_monitor/nju_electric_monitor/src/../data/captcha_debug.png
2025-12-03 13:34:05,098 - INFO - 验证码识别尝试 4/30
2025-12-03 13:34:05,098 - INFO - 开始识别验证码...（easyocr + pytesseract）
2025-12-03 13:34:05,201 - INFO - easyocr 结果: ['NCVC(0.97)']
2025-12-03 13:34:05,299 - INFO - tesseract 结果: NCYc
2025-12-03 13:34:05,363 - INFO - easyocr alt1 结果: ['NCVC(0.92)']
2025-12-03 13:34:05,462 - INFO - tesseract alt1 结果: NEVe
2025-12-03 13:34:05,524 - INFO - easyocr alt2 结果: ['NCVC(0.91)']
2025-12-03 13:34:05,624 - INFO - tesseract alt2 结果: NEVE
2025-12-03 13:34:05,783 - INFO - easyocr alt3 结果: ['NCVC(0.98)']
2025-12-03 13:34:05,898 - INFO - tesseract alt3 结果: NCVe
2025-12-03 13:34:05,960 - INFO - easyocr alt4 结果: ['NCVC(0.97)']
2025-12-03 13:34:06,057 - INFO - tesseract alt4 结果: NEVE
2025-12-03 13:34:06,119 - INFO - easyocr alt5 结果: ['NCVC(0.74)']
2025-12-03 13:34:06,212 - INFO - tesseract alt5 结果: 
2025-12-03 13:34:06,212 - INFO - 最终验证码识别结果: NCVC (engine=easyocr_alt3, prob=0.9784699082374573)
2025-12-03 13:34:06,212 - INFO - 查找验证码输入框...
2025-12-03 13:34:06,272 - INFO - 验证码填写完成
2025-12-03 13:34:06,272 - INFO - 验证码填写完成，点击登录按钮...
2025-12-03 13:34:06,272 - INFO - 查找并点击登录按钮...
2025-12-03 13:34:06,658 - INFO - 已点击登录按钮
2025-12-03 13:34:13,682 - INFO - 开始填写登录表单...
2025-12-03 13:34:13,745 - INFO - 用户名填写完成
2025-12-03 13:34:13,805 - INFO - 密码填写完成
2025-12-03 13:34:13,806 - INFO - 验证码图片已保存到 /home/runner/work/nju_electric_monitor/nju_electric_monitor/src/../data/captcha_debug.png
2025-12-03 13:34:13,806 - INFO - 验证码识别尝试 5/30
2025-12-03 13:34:13,806 - INFO - 开始识别验证码...（easyocr + pytesseract）
2025-12-03 13:34:13,914 - INFO - easyocr 结果: ['NCVC(0.97)']
2025-12-03 13:34:14,018 - INFO - tesseract 结果: NCYc
2025-12-03 13:34:14,081 - INFO - easyocr alt1 结果: ['NCVC(0.92)']
2025-12-03 13:34:14,179 - INFO - tesseract alt1 结果: NEVe
2025-12-03 13:34:14,240 - INFO - easyocr alt2 结果: ['NCVC(0.91)']
2025-12-03 13:34:14,339 - INFO - tesseract alt2 结果: NEVE
2025-12-03 13:34:14,498 - INFO - easyocr alt3 结果: ['NCVC(0.98)']
2025-12-03 13:34:14,610 - INFO - tesseract alt3 结果: NCVe
2025-12-03 13:34:14,683 - INFO - easyocr alt4 结果: ['NCVC(0.97)']
2025-12-03 13:34:14,784 - INFO - tesseract alt4 结果: NEVE
2025-12-03 13:34:14,845 - INFO - easyocr alt5 结果: ['NCVC(0.74)']
2025-12-03 13:34:14,942 - INFO - tesseract alt5 结果: 
2025-12-03 13:34:14,942 - INFO - 最终验证码识别结果: NCVC (engine=easyocr_alt3, prob=0.9784699082374573)
2025-12-03 13:34:14,942 - INFO - 查找验证码输入框...
2025-12-03 13:34:15,002 - INFO - 验证码填写完成
2025-12-03 13:34:15,002 - INFO - 验证码填写完成，点击登录按钮...
2025-12-03 13:34:15,002 - INFO - 查找并点击登录按钮...
2025-12-03 13:34:15,374 - INFO - 已点击登录按钮
2025-12-03 13:34:22,396 - INFO - 开始填写登录表单...
2025-12-03 13:34:22,459 - INFO - 用户名填写完成
2025-12-03 13:34:22,521 - INFO - 密码填写完成
2025-12-03 13:34:22,522 - INFO - 验证码图片已保存到 /home/runner/work/nju_electric_monitor/nju_electric_monitor/src/../data/captcha_debug.png
2025-12-03 13:34:22,522 - INFO - 验证码识别尝试 6/30
2025-12-03 13:34:22,522 - INFO - 开始识别验证码...（easyocr + pytesseract）
2025-12-03 13:34:22,630 - INFO - easyocr 结果: ['NCVC(0.97)']
2025-12-03 13:34:22,731 - INFO - tesseract 结果: NCYc
2025-12-03 13:34:22,800 - INFO - easyocr alt1 结果: ['NCVC(0.92)']
2025-12-03 13:34:22,899 - INFO - tesseract alt1 结果: NEVe
2025-12-03 13:34:22,963 - INFO - easyocr alt2 结果: ['NCVC(0.91)']
2025-12-03 13:34:23,068 - INFO - tesseract alt2 结果: NEVE
2025-12-03 13:34:23,229 - INFO - easyocr alt3 结果: ['NCVC(0.98)']
2025-12-03 13:34:23,343 - INFO - tesseract alt3 结果: NCVe
2025-12-03 13:34:23,407 - INFO - easyocr alt4 结果: ['NCVC(0.97)']
2025-12-03 13:34:23,508 - INFO - tesseract alt4 结果: NEVE
2025-12-03 13:34:23,570 - INFO - easyocr alt5 结果: ['NCVC(0.74)']
2025-12-03 13:34:23,677 - INFO - tesseract alt5 结果: 
2025-12-03 13:34:23,677 - INFO - 最终验证码识别结果: NCVC (engine=easyocr_alt3, prob=0.9784699082374573)
2025-12-03 13:34:23,677 - INFO - 查找验证码输入框...
2025-12-03 13:34:23,745 - INFO - 验证码填写完成
2025-12-03 13:34:23,745 - INFO - 验证码填写完成，点击登录按钮...
2025-12-03 13:34:23,745 - INFO - 查找并点击登录按钮...
2025-12-03 13:34:23,809 - INFO - 已点击登录按钮
2025-12-03 13:34:30,830 - INFO - 开始填写登录表单...
2025-12-03 13:34:30,894 - INFO - 用户名填写完成
2025-12-03 13:34:30,955 - INFO - 密码填写完成
2025-12-03 13:34:30,956 - INFO - 验证码图片已保存到 /home/runner/work/nju_electric_monitor/nju_electric_monitor/src/../data/captcha_debug.png
2025-12-03 13:34:30,956 - INFO - 验证码识别尝试 7/30
2025-12-03 13:34:30,956 - INFO - 开始识别验证码...（easyocr + pytesseract）
2025-12-03 13:34:31,057 - INFO - easyocr 结果: ['NCVC(0.97)']
2025-12-03 13:34:31,156 - INFO - tesseract 结果: NCYc
2025-12-03 13:34:31,219 - INFO - easyocr alt1 结果: ['NCVC(0.92)']
2025-12-03 13:34:31,318 - INFO - tesseract alt1 结果: NEVe
2025-12-03 13:34:31,380 - INFO - easyocr alt2 结果: ['NCVC(0.91)']
2025-12-03 13:34:31,479 - INFO - tesseract alt2 结果: NEVE
2025-12-03 13:34:31,634 - INFO - easyocr alt3 结果: ['NCVC(0.98)']
2025-12-03 13:34:31,747 - INFO - tesseract alt3 结果: NCVe
2025-12-03 13:34:31,808 - INFO - easyocr alt4 结果: ['NCVC(0.97)']
2025-12-03 13:34:31,911 - INFO - tesseract alt4 结果: NEVE
2025-12-03 13:34:31,973 - INFO - easyocr alt5 结果: ['NCVC(0.74)']
2025-12-03 13:34:32,071 - INFO - tesseract alt5 结果: 
2025-12-03 13:34:32,071 - INFO - 最终验证码识别结果: NCVC (engine=easyocr_alt3, prob=0.9784699082374573)
2025-12-03 13:34:32,071 - INFO - 查找验证码输入框...
2025-12-03 13:34:32,133 - INFO - 验证码填写完成
2025-12-03 13:34:32,134 - INFO - 验证码填写完成，点击登录按钮...
2025-12-03 13:34:32,134 - INFO - 查找并点击登录按钮...
2025-12-03 13:34:32,532 - INFO - 已点击登录按钮
2025-12-03 13:34:39,555 - INFO - 开始填写登录表单...
2025-12-03 13:34:39,624 - INFO - 用户名填写完成
2025-12-03 13:34:39,696 - INFO - 密码填写完成
2025-12-03 13:34:39,697 - INFO - 验证码图片已保存到 /home/runner/work/nju_electric_monitor/nju_electric_monitor/src/../data/captcha_debug.png
2025-12-03 13:34:39,697 - INFO - 验证码识别尝试 8/30
2025-12-03 13:34:39,697 - INFO - 开始识别验证码...（easyocr + pytesseract）
2025-12-03 13:34:39,802 - INFO - easyocr 结果: ['NCVC(0.97)']
2025-12-03 13:34:39,905 - INFO - tesseract 结果: NCYc
2025-12-03 13:34:39,968 - INFO - easyocr alt1 结果: ['NCVC(0.92)']
2025-12-03 13:34:40,069 - INFO - tesseract alt1 结果: NEVe
2025-12-03 13:34:40,130 - INFO - easyocr alt2 结果: ['NCVC(0.91)']
2025-12-03 13:34:40,230 - INFO - tesseract alt2 结果: NEVE
2025-12-03 13:34:40,387 - INFO - easyocr alt3 结果: ['NCVC(0.98)']
2025-12-03 13:34:40,508 - INFO - tesseract alt3 结果: NCVe
2025-12-03 13:34:40,570 - INFO - easyocr alt4 结果: ['NCVC(0.97)']
2025-12-03 13:34:40,672 - INFO - tesseract alt4 结果: NEVE
2025-12-03 13:34:40,733 - INFO - easyocr alt5 结果: ['NCVC(0.74)']
2025-12-03 13:34:40,825 - INFO - tesseract alt5 结果: 
2025-12-03 13:34:40,825 - INFO - 最终验证码识别结果: NCVC (engine=easyocr_alt3, prob=0.9784699082374573)
2025-12-03 13:34:40,826 - INFO - 查找验证码输入框...
2025-12-03 13:34:40,884 - INFO - 验证码填写完成
2025-12-03 13:34:40,884 - INFO - 验证码填写完成，点击登录按钮...
2025-12-03 13:34:40,884 - INFO - 查找并点击登录按钮...
2025-12-03 13:34:41,259 - INFO - 已点击登录按钮
2025-12-03 13:34:48,282 - INFO - 开始填写登录表单...
2025-12-03 13:34:48,348 - INFO - 用户名填写完成
2025-12-03 13:34:48,414 - INFO - 密码填写完成
2025-12-03 13:34:48,415 - INFO - 验证码图片已保存到 /home/runner/work/nju_electric_monitor/nju_electric_monitor/src/../data/captcha_debug.png
2025-12-03 13:34:48,415 - INFO - 验证码识别尝试 9/30
2025-12-03 13:34:48,415 - INFO - 开始识别验证码...（easyocr + pytesseract）
2025-12-03 13:34:48,517 - INFO - easyocr 结果: ['NCVC(0.97)']
2025-12-03 13:34:48,618 - INFO - tesseract 结果: NCYc
2025-12-03 13:34:48,686 - INFO - easyocr alt1 结果: ['NCVC(0.92)']
2025-12-03 13:34:48,791 - INFO - tesseract alt1 结果: NEVe
2025-12-03 13:34:48,865 - INFO - easyocr alt2 结果: ['NCVC(0.91)']
2025-12-03 13:34:48,967 - INFO - tesseract alt2 结果: NEVE
2025-12-03 13:34:49,128 - INFO - easyocr alt3 结果: ['NCVC(0.98)']
2025-12-03 13:34:49,250 - INFO - tesseract alt3 结果: NCVe
2025-12-03 13:34:49,314 - INFO - easyocr alt4 结果: ['NCVC(0.97)']
2025-12-03 13:34:49,415 - INFO - tesseract alt4 结果: NEVE
2025-12-03 13:34:49,478 - INFO - easyocr alt5 结果: ['NCVC(0.74)']
2025-12-03 13:34:49,573 - INFO - tesseract alt5 结果: 
2025-12-03 13:34:49,573 - INFO - 最终验证码识别结果: NCVC (engine=easyocr_alt3, prob=0.9784699082374573)
2025-12-03 13:34:49,573 - INFO - 查找验证码输入框...
2025-12-03 13:34:49,634 - INFO - 验证码填写完成
2025-12-03 13:34:49,635 - INFO - 验证码填写完成，点击登录按钮...
2025-12-03 13:34:49,635 - INFO - 查找并点击登录按钮...
2025-12-03 13:34:50,012 - INFO - 已点击登录按钮
2025-12-03 13:34:57,033 - INFO - 开始填写登录表单...
2025-12-03 13:34:57,095 - INFO - 用户名填写完成
2025-12-03 13:34:57,156 - INFO - 密码填写完成
2025-12-03 13:34:57,157 - INFO - 验证码图片已保存到 /home/runner/work/nju_electric_monitor/nju_electric_monitor/src/../data/captcha_debug.png
2025-12-03 13:34:57,157 - INFO - 验证码识别尝试 10/30
2025-12-03 13:34:57,157 - INFO - 开始识别验证码...（easyocr + pytesseract）
2025-12-03 13:34:57,256 - INFO - easyocr 结果: ['NCVC(0.97)']
2025-12-03 13:34:57,354 - INFO - tesseract 结果: NCYc
2025-12-03 13:34:57,415 - INFO - easyocr alt1 结果: ['NCVC(0.92)']
2025-12-03 13:34:57,512 - INFO - tesseract alt1 结果: NEVe
2025-12-03 13:34:57,573 - INFO - easyocr alt2 结果: ['NCVC(0.91)']
2025-12-03 13:34:57,675 - INFO - tesseract alt2 结果: NEVE
2025-12-03 13:34:57,832 - INFO - easyocr alt3 结果: ['NCVC(0.98)']
2025-12-03 13:34:57,948 - INFO - tesseract alt3 结果: NCVe
2025-12-03 13:34:58,010 - INFO - easyocr alt4 结果: ['NCVC(0.97)']
2025-12-03 13:34:58,107 - INFO - tesseract alt4 结果: NEVE
2025-12-03 13:34:58,169 - INFO - easyocr alt5 结果: ['NCVC(0.74)']
2025-12-03 13:34:58,261 - INFO - tesseract alt5 结果: 
2025-12-03 13:34:58,261 - INFO - 最终验证码识别结果: NCVC (engine=easyocr_alt3, prob=0.9784699082374573)
2025-12-03 13:34:58,261 - INFO - 查找验证码输入框...
2025-12-03 13:34:58,322 - INFO - 验证码填写完成
2025-12-03 13:34:58,322 - INFO - 验证码填写完成，点击登录按钮...
2025-12-03 13:34:58,322 - INFO - 查找并点击登录按钮...
2025-12-03 13:34:58,700 - INFO - 已点击登录按钮
2025-12-03 13:35:05,722 - INFO - 开始填写登录表单...
2025-12-03 13:35:05,788 - INFO - 用户名填写完成
2025-12-03 13:35:05,852 - INFO - 密码填写完成
2025-12-03 13:35:05,853 - INFO - 验证码图片已保存到 /home/runner/work/nju_electric_monitor/nju_electric_monitor/src/../data/captcha_debug.png
2025-12-03 13:35:05,853 - INFO - 验证码识别尝试 11/30
2025-12-03 13:35:05,853 - INFO - 开始识别验证码...（easyocr + pytesseract）
2025-12-03 13:35:05,952 - INFO - easyocr 结果: ['NCVC(0.97)']
2025-12-03 13:35:06,049 - INFO - tesseract 结果: NCYc
2025-12-03 13:35:06,110 - INFO - easyocr alt1 结果: ['NCVC(0.92)']
2025-12-03 13:35:06,212 - INFO - tesseract alt1 结果: NEVe
2025-12-03 13:35:06,275 - INFO - easyocr alt2 结果: ['NCVC(0.91)']
2025-12-03 13:35:06,371 - INFO - tesseract alt2 结果: NEVE
2025-12-03 13:35:06,528 - INFO - easyocr alt3 结果: ['NCVC(0.98)']
2025-12-03 13:35:06,649 - INFO - tesseract alt3 结果: NCVe
2025-12-03 13:35:06,711 - INFO - easyocr alt4 结果: ['NCVC(0.97)']
2025-12-03 13:35:06,811 - INFO - tesseract alt4 结果: NEVE
2025-12-03 13:35:06,872 - INFO - easyocr alt5 结果: ['NCVC(0.74)']
2025-12-03 13:35:06,969 - INFO - tesseract alt5 结果: 
2025-12-03 13:35:06,969 - INFO - 最终验证码识别结果: NCVC (engine=easyocr_alt3, prob=0.9784699082374573)
2025-12-03 13:35:06,969 - INFO - 查找验证码输入框...
2025-12-03 13:35:07,031 - INFO - 验证码填写完成
2025-12-03 13:35:07,031 - INFO - 验证码填写完成，点击登录按钮...
2025-12-03 13:35:07,031 - INFO - 查找并点击登录按钮...
2025-12-03 13:35:07,409 - INFO - 已点击登录按钮
2025-12-03 13:35:14,431 - INFO - 开始填写登录表单...
2025-12-03 13:35:14,496 - INFO - 用户名填写完成
2025-12-03 13:35:14,559 - INFO - 密码填写完成
2025-12-03 13:35:14,559 - INFO - 验证码图片已保存到 /home/runner/work/nju_electric_monitor/nju_electric_monitor/src/../data/captcha_debug.png
2025-12-03 13:35:14,559 - INFO - 验证码识别尝试 12/30
2025-12-03 13:35:14,559 - INFO - 开始识别验证码...（easyocr + pytesseract）
2025-12-03 13:35:14,657 - INFO - easyocr 结果: ['NCVC(0.97)']
2025-12-03 13:35:14,762 - INFO - tesseract 结果: NCYc
2025-12-03 13:35:14,825 - INFO - easyocr alt1 结果: ['NCVC(0.92)']
2025-12-03 13:35:14,925 - INFO - tesseract alt1 结果: NEVe
2025-12-03 13:35:14,985 - INFO - easyocr alt2 结果: ['NCVC(0.91)']
2025-12-03 13:35:15,084 - INFO - tesseract alt2 结果: NEVE
2025-12-03 13:35:15,240 - INFO - easyocr alt3 结果: ['NCVC(0.98)']
2025-12-03 13:35:15,354 - INFO - tesseract alt3 结果: NCVe
2025-12-03 13:35:15,415 - INFO - easyocr alt4 结果: ['NCVC(0.97)']
2025-12-03 13:35:15,512 - INFO - tesseract alt4 结果: NEVE
2025-12-03 13:35:15,573 - INFO - easyocr alt5 结果: ['NCVC(0.74)']
2025-12-03 13:35:15,667 - INFO - tesseract alt5 结果: 
2025-12-03 13:35:15,667 - INFO - 最终验证码识别结果: NCVC (engine=easyocr_alt3, prob=0.9784699082374573)
2025-12-03 13:35:15,667 - INFO - 查找验证码输入框...
2025-12-03 13:35:15,727 - INFO - 验证码填写完成
2025-12-03 13:35:15,728 - INFO - 验证码填写完成，点击登录按钮...
2025-12-03 13:35:15,728 - INFO - 查找并点击登录按钮...
2025-12-03 13:35:15,787 - INFO - 已点击登录按钮
2025-12-03 13:35:22,810 - INFO - 开始填写登录表单...
2025-12-03 13:35:22,878 - INFO - 用户名填写完成
2025-12-03 13:35:22,941 - INFO - 密码填写完成
2025-12-03 13:35:22,941 - INFO - 验证码图片已保存到 /home/runner/work/nju_electric_monitor/nju_electric_monitor/src/../data/captcha_debug.png
2025-12-03 13:35:22,941 - INFO - 验证码识别尝试 13/30
2025-12-03 13:35:22,942 - INFO - 开始识别验证码...（easyocr + pytesseract）
2025-12-03 13:35:23,054 - INFO - easyocr 结果: ['NCVC(0.97)']
2025-12-03 13:35:23,155 - INFO - tesseract 结果: NCYc
2025-12-03 13:35:23,216 - INFO - easyocr alt1 结果: ['NCVC(0.92)']
2025-12-03 13:35:23,320 - INFO - tesseract alt1 结果: NEVe
2025-12-03 13:35:23,383 - INFO - easyocr alt2 结果: ['NCVC(0.91)']
2025-12-03 13:35:23,481 - INFO - tesseract alt2 结果: NEVE
2025-12-03 13:35:23,639 - INFO - easyocr alt3 结果: ['NCVC(0.98)']
2025-12-03 13:35:23,763 - INFO - tesseract alt3 结果: NCVe
2025-12-03 13:35:23,823 - INFO - easyocr alt4 结果: ['NCVC(0.97)']
2025-12-03 13:35:23,924 - INFO - tesseract alt4 结果: NEVE
2025-12-03 13:35:23,985 - INFO - easyocr alt5 结果: ['NCVC(0.74)']
2025-12-03 13:35:24,078 - INFO - tesseract alt5 结果: 
2025-12-03 13:35:24,078 - INFO - 最终验证码识别结果: NCVC (engine=easyocr_alt3, prob=0.9784699082374573)
2025-12-03 13:35:24,078 - INFO - 查找验证码输入框...
2025-12-03 13:35:24,137 - INFO - 验证码填写完成
2025-12-03 13:35:24,138 - INFO - 验证码填写完成，点击登录按钮...
2025-12-03 13:35:24,138 - INFO - 查找并点击登录按钮...
2025-12-03 13:35:24,534 - INFO - 已点击登录按钮
2025-12-03 13:35:31,557 - INFO - 开始填写登录表单...
2025-12-03 13:35:31,628 - INFO - 用户名填写完成
2025-12-03 13:35:31,697 - INFO - 密码填写完成
2025-12-03 13:35:31,698 - INFO - 验证码图片已保存到 /home/runner/work/nju_electric_monitor/nju_electric_monitor/src/../data/captcha_debug.png
2025-12-03 13:35:31,698 - INFO - 验证码识别尝试 14/30
2025-12-03 13:35:31,698 - INFO - 开始识别验证码...（easyocr + pytesseract）
2025-12-03 13:35:31,816 - INFO - easyocr 结果: ['NCVC(0.97)']
2025-12-03 13:35:31,915 - INFO - tesseract 结果: NCYc
2025-12-03 13:35:31,975 - INFO - easyocr alt1 结果: ['NCVC(0.92)']
2025-12-03 13:35:32,072 - INFO - tesseract alt1 结果: NEVe
2025-12-03 13:35:32,132 - INFO - easyocr alt2 结果: ['NCVC(0.91)']
2025-12-03 13:35:32,227 - INFO - tesseract alt2 结果: NEVE
2025-12-03 13:35:32,385 - INFO - easyocr alt3 结果: ['NCVC(0.98)']
2025-12-03 13:35:32,507 - INFO - tesseract alt3 结果: NCVe
2025-12-03 13:35:32,568 - INFO - easyocr alt4 结果: ['NCVC(0.97)']
2025-12-03 13:35:32,666 - INFO - tesseract alt4 结果: NEVE
2025-12-03 13:35:32,727 - INFO - easyocr alt5 结果: ['NCVC(0.74)']
2025-12-03 13:35:32,826 - INFO - tesseract alt5 结果: 
2025-12-03 13:35:32,826 - INFO - 最终验证码识别结果: NCVC (engine=easyocr_alt3, prob=0.9784699082374573)
2025-12-03 13:35:32,826 - INFO - 查找验证码输入框...
2025-12-03 13:35:32,888 - INFO - 验证码填写完成
2025-12-03 13:35:32,888 - INFO - 验证码填写完成，点击登录按钮...
2025-12-03 13:35:32,888 - INFO - 查找并点击登录按钮...
2025-12-03 13:35:33,266 - INFO - 已点击登录按钮
2025-12-03 13:35:40,289 - INFO - 开始填写登录表单...
2025-12-03 13:35:40,360 - INFO - 用户名填写完成
2025-12-03 13:35:40,427 - INFO - 密码填写完成
2025-12-03 13:35:40,427 - INFO - 验证码图片已保存到 /home/runner/work/nju_electric_monitor/nju_electric_monitor/src/../data/captcha_debug.png
2025-12-03 13:35:40,427 - INFO - 验证码识别尝试 15/30
2025-12-03 13:35:40,427 - INFO - 开始识别验证码...（easyocr + pytesseract）
2025-12-03 13:35:40,526 - INFO - easyocr 结果: ['NCVC(0.97)']
2025-12-03 13:35:40,628 - INFO - tesseract 结果: NCYc
2025-12-03 13:35:40,690 - INFO - easyocr alt1 结果: ['NCVC(0.92)']
2025-12-03 13:35:40,791 - INFO - tesseract alt1 结果: NEVe
2025-12-03 13:35:40,853 - INFO - easyocr alt2 结果: ['NCVC(0.91)']
2025-12-03 13:35:40,950 - INFO - tesseract alt2 结果: NEVE
2025-12-03 13:35:41,107 - INFO - easyocr alt3 结果: ['NCVC(0.98)']
2025-12-03 13:35:41,227 - INFO - tesseract alt3 结果: NCVe
2025-12-03 13:35:41,287 - INFO - easyocr alt4 结果: ['NCVC(0.97)']
2025-12-03 13:35:41,382 - INFO - tesseract alt4 结果: NEVE
2025-12-03 13:35:41,453 - INFO - easyocr alt5 结果: ['NCVC(0.74)']
2025-12-03 13:35:41,545 - INFO - tesseract alt5 结果: 
2025-12-03 13:35:41,545 - INFO - 最终验证码识别结果: NCVC (engine=easyocr_alt3, prob=0.9784699082374573)
2025-12-03 13:35:41,545 - INFO - 查找验证码输入框...
2025-12-03 13:35:41,606 - INFO - 验证码填写完成
2025-12-03 13:35:41,606 - INFO - 验证码填写完成，点击登录按钮...
2025-12-03 13:35:41,606 - INFO - 查找并点击登录按钮...
2025-12-03 13:35:41,984 - INFO - 已点击登录按钮
2025-12-03 13:35:49,009 - INFO - 开始填写登录表单...
2025-12-03 13:35:49,081 - INFO - 用户名填写完成
2025-12-03 13:35:49,148 - INFO - 密码填写完成
2025-12-03 13:35:49,149 - INFO - 验证码图片已保存到 /home/runner/work/nju_electric_monitor/nju_electric_monitor/src/../data/captcha_debug.png
2025-12-03 13:35:49,149 - INFO - 验证码识别尝试 16/30
2025-12-03 13:35:49,149 - INFO - 开始识别验证码...（easyocr + pytesseract）
2025-12-03 13:35:49,253 - INFO - easyocr 结果: ['NCVC(0.97)']
2025-12-03 13:35:49,354 - INFO - tesseract 结果: NCYc
2025-12-03 13:35:49,418 - INFO - easyocr alt1 结果: ['NCVC(0.92)']
2025-12-03 13:35:49,521 - INFO - tesseract alt1 结果: NEVe
2025-12-03 13:35:49,583 - INFO - easyocr alt2 结果: ['NCVC(0.91)']
2025-12-03 13:35:49,684 - INFO - tesseract alt2 结果: NEVE
2025-12-03 13:35:49,851 - INFO - easyocr alt3 结果: ['NCVC(0.98)']
2025-12-03 13:35:49,976 - INFO - tesseract alt3 结果: NCVe
2025-12-03 13:35:50,040 - INFO - easyocr alt4 结果: ['NCVC(0.97)']
2025-12-03 13:35:50,139 - INFO - tesseract alt4 结果: NEVE
2025-12-03 13:35:50,203 - INFO - easyocr alt5 结果: ['NCVC(0.74)']
2025-12-03 13:35:50,299 - INFO - tesseract alt5 结果: 
2025-12-03 13:35:50,299 - INFO - 最终验证码识别结果: NCVC (engine=easyocr_alt3, prob=0.9784699082374573)
2025-12-03 13:35:50,299 - INFO - 查找验证码输入框...
2025-12-03 13:35:50,362 - INFO - 验证码填写完成
2025-12-03 13:35:50,362 - INFO - 验证码填写完成，点击登录按钮...
2025-12-03 13:35:50,362 - INFO - 查找并点击登录按钮...
2025-12-03 13:35:50,751 - INFO - 已点击登录按钮
2025-12-03 13:35:57,773 - INFO - 开始填写登录表单...
2025-12-03 13:35:57,836 - INFO - 用户名填写完成
2025-12-03 13:35:57,901 - INFO - 密码填写完成
2025-12-03 13:35:57,901 - INFO - 验证码图片已保存到 /home/runner/work/nju_electric_monitor/nju_electric_monitor/src/../data/captcha_debug.png
2025-12-03 13:35:57,901 - INFO - 验证码识别尝试 17/30
2025-12-03 13:35:57,901 - INFO - 开始识别验证码...（easyocr + pytesseract）
2025-12-03 13:35:58,001 - INFO - easyocr 结果: ['NCVC(0.97)']
2025-12-03 13:35:58,100 - INFO - tesseract 结果: NCYc
2025-12-03 13:35:58,163 - INFO - easyocr alt1 结果: ['NCVC(0.92)']
2025-12-03 13:35:58,263 - INFO - tesseract alt1 结果: NEVe
2025-12-03 13:35:58,325 - INFO - easyocr alt2 结果: ['NCVC(0.91)']
2025-12-03 13:35:58,423 - INFO - tesseract alt2 结果: NEVE
2025-12-03 13:35:58,584 - INFO - easyocr alt3 结果: ['NCVC(0.98)']
2025-12-03 13:35:58,698 - INFO - tesseract alt3 结果: NCVe
2025-12-03 13:35:58,760 - INFO - easyocr alt4 结果: ['NCVC(0.97)']
2025-12-03 13:35:58,859 - INFO - tesseract alt4 结果: NEVE
2025-12-03 13:35:58,921 - INFO - easyocr alt5 结果: ['NCVC(0.74)']
2025-12-03 13:35:59,017 - INFO - tesseract alt5 结果: 
2025-12-03 13:35:59,018 - INFO - 最终验证码识别结果: NCVC (engine=easyocr_alt3, prob=0.9784699082374573)
2025-12-03 13:35:59,018 - INFO - 查找验证码输入框...
2025-12-03 13:35:59,079 - INFO - 验证码填写完成
2025-12-03 13:35:59,079 - INFO - 验证码填写完成，点击登录按钮...
2025-12-03 13:35:59,079 - INFO - 查找并点击登录按钮...
2025-12-03 13:35:59,457 - INFO - 已点击登录按钮
2025-12-03 13:36:06,482 - INFO - 开始填写登录表单...
2025-12-03 13:36:06,548 - INFO - 用户名填写完成
2025-12-03 13:36:06,611 - INFO - 密码填写完成
2025-12-03 13:36:06,612 - INFO - 验证码图片已保存到 /home/runner/work/nju_electric_monitor/nju_electric_monitor/src/../data/captcha_debug.png
2025-12-03 13:36:06,612 - INFO - 验证码识别尝试 18/30
2025-12-03 13:36:06,612 - INFO - 开始识别验证码...（easyocr + pytesseract）
2025-12-03 13:36:06,711 - INFO - easyocr 结果: ['NCVC(0.97)']
2025-12-03 13:36:06,814 - INFO - tesseract 结果: NCYc
2025-12-03 13:36:06,878 - INFO - easyocr alt1 结果: ['NCVC(0.92)']
2025-12-03 13:36:06,977 - INFO - tesseract alt1 结果: NEVe
2025-12-03 13:36:07,039 - INFO - easyocr alt2 结果: ['NCVC(0.91)']
2025-12-03 13:36:07,139 - INFO - tesseract alt2 结果: NEVE
2025-12-03 13:36:07,296 - INFO - easyocr alt3 结果: ['NCVC(0.98)']
2025-12-03 13:36:07,410 - INFO - tesseract alt3 结果: NCVe
2025-12-03 13:36:07,472 - INFO - easyocr alt4 结果: ['NCVC(0.97)']
2025-12-03 13:36:07,577 - INFO - tesseract alt4 结果: NEVE
2025-12-03 13:36:07,640 - INFO - easyocr alt5 结果: ['NCVC(0.74)']
2025-12-03 13:36:07,734 - INFO - tesseract alt5 结果: 
2025-12-03 13:36:07,734 - INFO - 最终验证码识别结果: NCVC (engine=easyocr_alt3, prob=0.9784699082374573)
2025-12-03 13:36:07,734 - INFO - 查找验证码输入框...
2025-12-03 13:36:07,794 - INFO - 验证码填写完成
2025-12-03 13:36:07,795 - INFO - 验证码填写完成，点击登录按钮...
2025-12-03 13:36:07,795 - INFO - 查找并点击登录按钮...
2025-12-03 13:36:07,855 - INFO - 已点击登录按钮
2025-12-03 13:36:14,879 - INFO - 开始填写登录表单...
2025-12-03 13:36:14,945 - INFO - 用户名填写完成
2025-12-03 13:36:15,008 - INFO - 密码填写完成
2025-12-03 13:36:15,008 - INFO - 验证码图片已保存到 /home/runner/work/nju_electric_monitor/nju_electric_monitor/src/../data/captcha_debug.png
2025-12-03 13:36:15,009 - INFO - 验证码识别尝试 19/30
2025-12-03 13:36:15,009 - INFO - 开始识别验证码...（easyocr + pytesseract）
2025-12-03 13:36:15,108 - INFO - easyocr 结果: ['NCVC(0.97)']
2025-12-03 13:36:15,215 - INFO - tesseract 结果: NCYc
2025-12-03 13:36:15,279 - INFO - easyocr alt1 结果: ['NCVC(0.92)']
2025-12-03 13:36:15,384 - INFO - tesseract alt1 结果: NEVe
2025-12-03 13:36:15,447 - INFO - easyocr alt2 结果: ['NCVC(0.91)']
2025-12-03 13:36:15,549 - INFO - tesseract alt2 结果: NEVE
2025-12-03 13:36:15,708 - INFO - easyocr alt3 结果: ['NCVC(0.98)']
2025-12-03 13:36:15,824 - INFO - tesseract alt3 结果: NCVe
2025-12-03 13:36:15,886 - INFO - easyocr alt4 结果: ['NCVC(0.97)']
2025-12-03 13:36:15,984 - INFO - tesseract alt4 结果: NEVE
2025-12-03 13:36:16,046 - INFO - easyocr alt5 结果: ['NCVC(0.74)']
2025-12-03 13:36:16,141 - INFO - tesseract alt5 结果: 
2025-12-03 13:36:16,141 - INFO - 最终验证码识别结果: NCVC (engine=easyocr_alt3, prob=0.9784699082374573)
2025-12-03 13:36:16,141 - INFO - 查找验证码输入框...
2025-12-03 13:36:16,200 - INFO - 验证码填写完成
2025-12-03 13:36:16,201 - INFO - 验证码填写完成，点击登录按钮...
2025-12-03 13:36:16,201 - INFO - 查找并点击登录按钮...
2025-12-03 13:36:16,601 - INFO - 已点击登录按钮
2025-12-03 13:36:23,622 - INFO - 开始填写登录表单...
2025-12-03 13:36:23,691 - INFO - 用户名填写完成
2025-12-03 13:36:23,756 - INFO - 密码填写完成
2025-12-03 13:36:23,757 - INFO - 验证码图片已保存到 /home/runner/work/nju_electric_monitor/nju_electric_monitor/src/../data/captcha_debug.png
2025-12-03 13:36:23,757 - INFO - 验证码识别尝试 20/30
2025-12-03 13:36:23,757 - INFO - 开始识别验证码...（easyocr + pytesseract）
2025-12-03 13:36:23,855 - INFO - easyocr 结果: ['NCVC(0.97)']
2025-12-03 13:36:23,962 - INFO - tesseract 结果: NCYc
2025-12-03 13:36:24,023 - INFO - easyocr alt1 结果: ['NCVC(0.92)']
2025-12-03 13:36:24,118 - INFO - tesseract alt1 结果: NEVe
2025-12-03 13:36:24,178 - INFO - easyocr alt2 结果: ['NCVC(0.91)']
2025-12-03 13:36:24,276 - INFO - tesseract alt2 结果: NEVE
2025-12-03 13:36:24,433 - INFO - easyocr alt3 结果: ['NCVC(0.98)']
2025-12-03 13:36:24,543 - INFO - tesseract alt3 结果: NCVe
2025-12-03 13:36:24,604 - INFO - easyocr alt4 结果: ['NCVC(0.97)']
2025-12-03 13:36:24,701 - INFO - tesseract alt4 结果: NEVE
2025-12-03 13:36:24,761 - INFO - easyocr alt5 结果: ['NCVC(0.74)']
2025-12-03 13:36:24,853 - INFO - tesseract alt5 结果: 
2025-12-03 13:36:24,853 - INFO - 最终验证码识别结果: NCVC (engine=easyocr_alt3, prob=0.9784699082374573)
2025-12-03 13:36:24,853 - INFO - 查找验证码输入框...
2025-12-03 13:36:24,912 - INFO - 验证码填写完成
2025-12-03 13:36:24,912 - INFO - 验证码填写完成，点击登录按钮...
2025-12-03 13:36:24,912 - INFO - 查找并点击登录按钮...
2025-12-03 13:36:25,292 - INFO - 已点击登录按钮
2025-12-03 13:36:32,316 - INFO - 开始填写登录表单...
2025-12-03 13:36:32,381 - INFO - 用户名填写完成
2025-12-03 13:36:32,446 - INFO - 密码填写完成
2025-12-03 13:36:32,446 - INFO - 验证码图片已保存到 /home/runner/work/nju_electric_monitor/nju_electric_monitor/src/../data/captcha_debug.png
2025-12-03 13:36:32,446 - INFO - 验证码识别尝试 21/30
2025-12-03 13:36:32,446 - INFO - 开始识别验证码...（easyocr + pytesseract）
2025-12-03 13:36:32,545 - INFO - easyocr 结果: ['NCVC(0.97)']
2025-12-03 13:36:32,648 - INFO - tesseract 结果: NCYc
2025-12-03 13:36:32,712 - INFO - easyocr alt1 结果: ['NCVC(0.92)']
2025-12-03 13:36:32,815 - INFO - tesseract alt1 结果: NEVe
2025-12-03 13:36:32,878 - INFO - easyocr alt2 结果: ['NCVC(0.91)']
2025-12-03 13:36:32,977 - INFO - tesseract alt2 结果: NEVE
2025-12-03 13:36:33,135 - INFO - easyocr alt3 结果: ['NCVC(0.98)']
2025-12-03 13:36:33,257 - INFO - tesseract alt3 结果: NCVe
2025-12-03 13:36:33,318 - INFO - easyocr alt4 结果: ['NCVC(0.97)']
2025-12-03 13:36:33,418 - INFO - tesseract alt4 结果: NEVE
2025-12-03 13:36:33,478 - INFO - easyocr alt5 结果: ['NCVC(0.74)']
2025-12-03 13:36:33,578 - INFO - tesseract alt5 结果: 
2025-12-03 13:36:33,578 - INFO - 最终验证码识别结果: NCVC (engine=easyocr_alt3, prob=0.9784699082374573)
2025-12-03 13:36:33,578 - INFO - 查找验证码输入框...
2025-12-03 13:36:33,638 - INFO - 验证码填写完成
2025-12-03 13:36:33,639 - INFO - 验证码填写完成，点击登录按钮...
2025-12-03 13:36:33,639 - INFO - 查找并点击登录按钮...
2025-12-03 13:36:34,012 - INFO - 已点击登录按钮
2025-12-03 13:36:41,032 - INFO - 开始填写登录表单...
2025-12-03 13:36:41,096 - INFO - 用户名填写完成
2025-12-03 13:36:41,159 - INFO - 密码填写完成
2025-12-03 13:36:41,159 - INFO - 验证码图片已保存到 /home/runner/work/nju_electric_monitor/nju_electric_monitor/src/../data/captcha_debug.png
2025-12-03 13:36:41,159 - INFO - 验证码识别尝试 22/30
2025-12-03 13:36:41,159 - INFO - 开始识别验证码...（easyocr + pytesseract）
2025-12-03 13:36:41,258 - INFO - easyocr 结果: ['NCVC(0.97)']
2025-12-03 13:36:41,362 - INFO - tesseract 结果: NCYc
2025-12-03 13:36:41,424 - INFO - easyocr alt1 结果: ['NCVC(0.92)']
2025-12-03 13:36:41,520 - INFO - tesseract alt1 结果: NEVe
2025-12-03 13:36:41,582 - INFO - easyocr alt2 结果: ['NCVC(0.91)']
2025-12-03 13:36:41,680 - INFO - tesseract alt2 结果: NEVE
2025-12-03 13:36:41,835 - INFO - easyocr alt3 结果: ['NCVC(0.98)']
2025-12-03 13:36:41,952 - INFO - tesseract alt3 结果: NCVe
2025-12-03 13:36:42,013 - INFO - easyocr alt4 结果: ['NCVC(0.97)']
2025-12-03 13:36:42,118 - INFO - tesseract alt4 结果: NEVE
2025-12-03 13:36:42,180 - INFO - easyocr alt5 结果: ['NCVC(0.74)']
2025-12-03 13:36:42,273 - INFO - tesseract alt5 结果: 
2025-12-03 13:36:42,273 - INFO - 最终验证码识别结果: NCVC (engine=easyocr_alt3, prob=0.9784699082374573)
2025-12-03 13:36:42,273 - INFO - 查找验证码输入框...
2025-12-03 13:36:42,335 - INFO - 验证码填写完成
2025-12-03 13:36:42,335 - INFO - 验证码填写完成，点击登录按钮...
2025-12-03 13:36:42,335 - INFO - 查找并点击登录按钮...
2025-12-03 13:36:42,711 - INFO - 已点击登录按钮
2025-12-03 13:36:49,734 - INFO - 开始填写登录表单...
2025-12-03 13:36:49,803 - INFO - 用户名填写完成
2025-12-03 13:36:49,864 - INFO - 密码填写完成
2025-12-03 13:36:49,864 - INFO - 验证码图片已保存到 /home/runner/work/nju_electric_monitor/nju_electric_monitor/src/../data/captcha_debug.png
2025-12-03 13:36:49,865 - INFO - 验证码识别尝试 23/30
2025-12-03 13:36:49,865 - INFO - 开始识别验证码...（easyocr + pytesseract）
2025-12-03 13:36:49,964 - INFO - easyocr 结果: ['NCVC(0.97)']
2025-12-03 13:36:50,065 - INFO - tesseract 结果: NCYc
2025-12-03 13:36:50,127 - INFO - easyocr alt1 结果: ['NCVC(0.92)']
2025-12-03 13:36:50,224 - INFO - tesseract alt1 结果: NEVe
2025-12-03 13:36:50,284 - INFO - easyocr alt2 结果: ['NCVC(0.91)']
2025-12-03 13:36:50,385 - INFO - tesseract alt2 结果: NEVE
2025-12-03 13:36:50,542 - INFO - easyocr alt3 结果: ['NCVC(0.98)']
2025-12-03 13:36:50,655 - INFO - tesseract alt3 结果: NCVe
2025-12-03 13:36:50,717 - INFO - easyocr alt4 结果: ['NCVC(0.97)']
2025-12-03 13:36:50,818 - INFO - tesseract alt4 结果: NEVE
2025-12-03 13:36:50,886 - INFO - easyocr alt5 结果: ['NCVC(0.74)']
2025-12-03 13:36:50,982 - INFO - tesseract alt5 结果: 
2025-12-03 13:36:50,982 - INFO - 最终验证码识别结果: NCVC (engine=easyocr_alt3, prob=0.9784699082374573)
2025-12-03 13:36:50,982 - INFO - 查找验证码输入框...
2025-12-03 13:36:51,042 - INFO - 验证码填写完成
2025-12-03 13:36:51,042 - INFO - 验证码填写完成，点击登录按钮...
2025-12-03 13:36:51,042 - INFO - 查找并点击登录按钮...
2025-12-03 13:36:51,101 - INFO - 已点击登录按钮
2025-12-03 13:36:58,124 - INFO - 开始填写登录表单...
2025-12-03 13:36:58,189 - INFO - 用户名填写完成
2025-12-03 13:36:58,250 - INFO - 密码填写完成
2025-12-03 13:36:58,251 - INFO - 验证码图片已保存到 /home/runner/work/nju_electric_monitor/nju_electric_monitor/src/../data/captcha_debug.png
2025-12-03 13:36:58,251 - INFO - 验证码识别尝试 24/30
2025-12-03 13:36:58,251 - INFO - 开始识别验证码...（easyocr + pytesseract）
2025-12-03 13:36:58,350 - INFO - easyocr 结果: ['NCVC(0.97)']
2025-12-03 13:36:58,454 - INFO - tesseract 结果: NCYc
2025-12-03 13:36:58,517 - INFO - easyocr alt1 结果: ['NCVC(0.92)']
2025-12-03 13:36:58,612 - INFO - tesseract alt1 结果: NEVe
2025-12-03 13:36:58,675 - INFO - easyocr alt2 结果: ['NCVC(0.91)']
2025-12-03 13:36:58,773 - INFO - tesseract alt2 结果: NEVE
2025-12-03 13:36:58,931 - INFO - easyocr alt3 结果: ['NCVC(0.98)']
2025-12-03 13:36:59,050 - INFO - tesseract alt3 结果: NCVe
2025-12-03 13:36:59,111 - INFO - easyocr alt4 结果: ['NCVC(0.97)']
2025-12-03 13:36:59,209 - INFO - tesseract alt4 结果: NEVE
2025-12-03 13:36:59,270 - INFO - easyocr alt5 结果: ['NCVC(0.74)']
2025-12-03 13:36:59,370 - INFO - tesseract alt5 结果: 
2025-12-03 13:36:59,370 - INFO - 最终验证码识别结果: NCVC (engine=easyocr_alt3, prob=0.9784699082374573)
2025-12-03 13:36:59,370 - INFO - 查找验证码输入框...
2025-12-03 13:36:59,430 - INFO - 验证码填写完成
2025-12-03 13:36:59,430 - INFO - 验证码填写完成，点击登录按钮...
2025-12-03 13:36:59,430 - INFO - 查找并点击登录按钮...
2025-12-03 13:36:59,827 - INFO - 已点击登录按钮
2025-12-03 13:37:06,850 - INFO - 开始填写登录表单...
2025-12-03 13:37:06,914 - INFO - 用户名填写完成
2025-12-03 13:37:06,978 - INFO - 密码填写完成
2025-12-03 13:37:06,978 - INFO - 验证码图片已保存到 /home/runner/work/nju_electric_monitor/nju_electric_monitor/src/../data/captcha_debug.png
2025-12-03 13:37:06,978 - INFO - 验证码识别尝试 25/30
2025-12-03 13:37:06,979 - INFO - 开始识别验证码...（easyocr + pytesseract）
2025-12-03 13:37:07,077 - INFO - easyocr 结果: ['NCVC(0.97)']
2025-12-03 13:37:07,177 - INFO - tesseract 结果: NCYc
2025-12-03 13:37:07,239 - INFO - easyocr alt1 结果: ['NCVC(0.92)']
2025-12-03 13:37:07,340 - INFO - tesseract alt1 结果: NEVe
2025-12-03 13:37:07,401 - INFO - easyocr alt2 结果: ['NCVC(0.91)']
2025-12-03 13:37:07,503 - INFO - tesseract alt2 结果: NEVE
2025-12-03 13:37:07,659 - INFO - easyocr alt3 结果: ['NCVC(0.98)']
2025-12-03 13:37:07,777 - INFO - tesseract alt3 结果: NCVe
2025-12-03 13:37:07,838 - INFO - easyocr alt4 结果: ['NCVC(0.97)']
2025-12-03 13:37:07,937 - INFO - tesseract alt4 结果: NEVE
2025-12-03 13:37:08,000 - INFO - easyocr alt5 结果: ['NCVC(0.74)']
2025-12-03 13:37:08,091 - INFO - tesseract alt5 结果: 
2025-12-03 13:37:08,091 - INFO - 最终验证码识别结果: NCVC (engine=easyocr_alt3, prob=0.9784699082374573)
2025-12-03 13:37:08,092 - INFO - 查找验证码输入框...
2025-12-03 13:37:08,149 - INFO - 验证码填写完成
2025-12-03 13:37:08,149 - INFO - 验证码填写完成，点击登录按钮...
2025-12-03 13:37:08,149 - INFO - 查找并点击登录按钮...
2025-12-03 13:37:08,523 - INFO - 已点击登录按钮
2025-12-03 13:37:15,549 - INFO - 开始填写登录表单...
2025-12-03 13:37:15,620 - INFO - 用户名填写完成
2025-12-03 13:37:15,687 - INFO - 密码填写完成
2025-12-03 13:37:15,687 - INFO - 验证码图片已保存到 /home/runner/work/nju_electric_monitor/nju_electric_monitor/src/../data/captcha_debug.png
2025-12-03 13:37:15,687 - INFO - 验证码识别尝试 26/30
2025-12-03 13:37:15,687 - INFO - 开始识别验证码...（easyocr + pytesseract）
2025-12-03 13:37:15,789 - INFO - easyocr 结果: ['NCVC(0.97)']
2025-12-03 13:37:15,894 - INFO - tesseract 结果: NCYc
2025-12-03 13:37:15,966 - INFO - easyocr alt1 结果: ['NCVC(0.92)']
2025-12-03 13:37:16,072 - INFO - tesseract alt1 结果: NEVe
2025-12-03 13:37:16,136 - INFO - easyocr alt2 结果: ['NCVC(0.91)']
2025-12-03 13:37:16,237 - INFO - tesseract alt2 结果: NEVE
2025-12-03 13:37:16,399 - INFO - easyocr alt3 结果: ['NCVC(0.98)']
2025-12-03 13:37:16,518 - INFO - tesseract alt3 结果: NCVe
2025-12-03 13:37:16,581 - INFO - easyocr alt4 结果: ['NCVC(0.97)']
2025-12-03 13:37:16,683 - INFO - tesseract alt4 结果: NEVE
2025-12-03 13:37:16,744 - INFO - easyocr alt5 结果: ['NCVC(0.74)']
2025-12-03 13:37:16,840 - INFO - tesseract alt5 结果: 
2025-12-03 13:37:16,840 - INFO - 最终验证码识别结果: NCVC (engine=easyocr_alt3, prob=0.9784699082374573)
2025-12-03 13:37:16,840 - INFO - 查找验证码输入框...
2025-12-03 13:37:16,899 - INFO - 验证码填写完成
2025-12-03 13:37:16,899 - INFO - 验证码填写完成，点击登录按钮...
2025-12-03 13:37:16,899 - INFO - 查找并点击登录按钮...
2025-12-03 13:37:17,267 - INFO - 已点击登录按钮
2025-12-03 13:37:24,290 - INFO - 开始填写登录表单...
2025-12-03 13:37:24,357 - INFO - 用户名填写完成
2025-12-03 13:37:24,424 - INFO - 密码填写完成
2025-12-03 13:37:24,425 - INFO - 验证码图片已保存到 /home/runner/work/nju_electric_monitor/nju_electric_monitor/src/../data/captcha_debug.png
2025-12-03 13:37:24,425 - INFO - 验证码识别尝试 27/30
2025-12-03 13:37:24,425 - INFO - 开始识别验证码...（easyocr + pytesseract）
2025-12-03 13:37:24,524 - INFO - easyocr 结果: ['NCVC(0.97)']
2025-12-03 13:37:24,623 - INFO - tesseract 结果: NCYc
2025-12-03 13:37:24,686 - INFO - easyocr alt1 结果: ['NCVC(0.92)']
2025-12-03 13:37:24,790 - INFO - tesseract alt1 结果: NEVe
2025-12-03 13:37:24,852 - INFO - easyocr alt2 结果: ['NCVC(0.91)']
2025-12-03 13:37:24,959 - INFO - tesseract alt2 结果: NEVE
2025-12-03 13:37:25,116 - INFO - easyocr alt3 结果: ['NCVC(0.98)']
2025-12-03 13:37:25,232 - INFO - tesseract alt3 结果: NCVe
2025-12-03 13:37:25,292 - INFO - easyocr alt4 结果: ['NCVC(0.97)']
2025-12-03 13:37:25,397 - INFO - tesseract alt4 结果: NEVE
2025-12-03 13:37:25,460 - INFO - easyocr alt5 结果: ['NCVC(0.74)']
2025-12-03 13:37:25,558 - INFO - tesseract alt5 结果: 
2025-12-03 13:37:25,558 - INFO - 最终验证码识别结果: NCVC (engine=easyocr_alt3, prob=0.9784699082374573)
2025-12-03 13:37:25,558 - INFO - 查找验证码输入框...
2025-12-03 13:37:25,620 - INFO - 验证码填写完成
2025-12-03 13:37:25,620 - INFO - 验证码填写完成，点击登录按钮...
2025-12-03 13:37:25,620 - INFO - 查找并点击登录按钮...
2025-12-03 13:37:25,998 - INFO - 已点击登录按钮
2025-12-03 13:37:33,020 - INFO - 开始填写登录表单...
2025-12-03 13:37:33,083 - INFO - 用户名填写完成
2025-12-03 13:37:33,144 - INFO - 密码填写完成
2025-12-03 13:37:33,145 - INFO - 验证码图片已保存到 /home/runner/work/nju_electric_monitor/nju_electric_monitor/src/../data/captcha_debug.png
2025-12-03 13:37:33,145 - INFO - 验证码识别尝试 28/30
2025-12-03 13:37:33,145 - INFO - 开始识别验证码...（easyocr + pytesseract）
2025-12-03 13:37:33,242 - INFO - easyocr 结果: ['NCVC(0.97)']
2025-12-03 13:37:33,343 - INFO - tesseract 结果: NCYc
2025-12-03 13:37:33,416 - INFO - easyocr alt1 结果: ['NCVC(0.92)']
2025-12-03 13:37:33,516 - INFO - tesseract alt1 结果: NEVe
2025-12-03 13:37:33,576 - INFO - easyocr alt2 结果: ['NCVC(0.91)']
2025-12-03 13:37:33,679 - INFO - tesseract alt2 结果: NEVE
2025-12-03 13:37:33,835 - INFO - easyocr alt3 结果: ['NCVC(0.98)']
2025-12-03 13:37:33,946 - INFO - tesseract alt3 结果: NCVe
2025-12-03 13:37:34,008 - INFO - easyocr alt4 结果: ['NCVC(0.97)']
2025-12-03 13:37:34,109 - INFO - tesseract alt4 结果: NEVE
2025-12-03 13:37:34,171 - INFO - easyocr alt5 结果: ['NCVC(0.74)']
2025-12-03 13:37:34,264 - INFO - tesseract alt5 结果: 
2025-12-03 13:37:34,264 - INFO - 最终验证码识别结果: NCVC (engine=easyocr_alt3, prob=0.9784699082374573)
2025-12-03 13:37:34,264 - INFO - 查找验证码输入框...
2025-12-03 13:37:34,322 - INFO - 验证码填写完成
2025-12-03 13:37:34,322 - INFO - 验证码填写完成，点击登录按钮...
2025-12-03 13:37:34,322 - INFO - 查找并点击登录按钮...
2025-12-03 13:37:34,382 - INFO - 已点击登录按钮
2025-12-03 13:37:41,405 - INFO - 开始填写登录表单...
2025-12-03 13:37:41,473 - INFO - 用户名填写完成
2025-12-03 13:37:41,536 - INFO - 密码填写完成
2025-12-03 13:37:41,537 - INFO - 验证码图片已保存到 /home/runner/work/nju_electric_monitor/nju_electric_monitor/src/../data/captcha_debug.png
2025-12-03 13:37:41,537 - INFO - 验证码识别尝试 29/30
2025-12-03 13:37:41,537 - INFO - 开始识别验证码...（easyocr + pytesseract）
2025-12-03 13:37:41,636 - INFO - easyocr 结果: ['NCVC(0.97)']
2025-12-03 13:37:41,740 - INFO - tesseract 结果: NCYc
2025-12-03 13:37:41,803 - INFO - easyocr alt1 结果: ['NCVC(0.92)']
2025-12-03 13:37:41,907 - INFO - tesseract alt1 结果: NEVe
2025-12-03 13:37:41,969 - INFO - easyocr alt2 结果: ['NCVC(0.91)']
2025-12-03 13:37:42,069 - INFO - tesseract alt2 结果: NEVE
2025-12-03 13:37:42,229 - INFO - easyocr alt3 结果: ['NCVC(0.98)']
2025-12-03 13:37:42,344 - INFO - tesseract alt3 结果: NCVe
2025-12-03 13:37:42,403 - INFO - easyocr alt4 结果: ['NCVC(0.97)']
2025-12-03 13:37:42,498 - INFO - tesseract alt4 结果: NEVE
2025-12-03 13:37:42,559 - INFO - easyocr alt5 结果: ['NCVC(0.74)']
2025-12-03 13:37:42,657 - INFO - tesseract alt5 结果: 
2025-12-03 13:37:42,657 - INFO - 最终验证码识别结果: NCVC (engine=easyocr_alt3, prob=0.9784699082374573)
2025-12-03 13:37:42,657 - INFO - 查找验证码输入框...
2025-12-03 13:37:42,714 - INFO - 验证码填写完成
2025-12-03 13:37:42,714 - INFO - 验证码填写完成，点击登录按钮...
2025-12-03 13:37:42,714 - INFO - 查找并点击登录按钮...
2025-12-03 13:37:43,116 - INFO - 已点击登录按钮
2025-12-03 13:37:50,138 - INFO - 开始填写登录表单...
2025-12-03 13:37:50,203 - INFO - 用户名填写完成
2025-12-03 13:37:50,265 - INFO - 密码填写完成
2025-12-03 13:37:50,265 - INFO - 验证码图片已保存到 /home/runner/work/nju_electric_monitor/nju_electric_monitor/src/../data/captcha_debug.png
2025-12-03 13:37:50,265 - INFO - 验证码识别尝试 30/30
2025-12-03 13:37:50,265 - INFO - 开始识别验证码...（easyocr + pytesseract）
2025-12-03 13:37:50,370 - INFO - easyocr 结果: ['NCVC(0.97)']
2025-12-03 13:37:50,472 - INFO - tesseract 结果: NCYc
2025-12-03 13:37:50,534 - INFO - easyocr alt1 结果: ['NCVC(0.92)']
2025-12-03 13:37:50,630 - INFO - tesseract alt1 结果: NEVe
2025-12-03 13:37:50,691 - INFO - easyocr alt2 结果: ['NCVC(0.91)']
2025-12-03 13:37:50,791 - INFO - tesseract alt2 结果: NEVE
2025-12-03 13:37:50,948 - INFO - easyocr alt3 结果: ['NCVC(0.98)']
2025-12-03 13:37:51,064 - INFO - tesseract alt3 结果: NCVe
2025-12-03 13:37:51,125 - INFO - easyocr alt4 结果: ['NCVC(0.97)']
2025-12-03 13:37:51,224 - INFO - tesseract alt4 结果: NEVE
2025-12-03 13:37:51,286 - INFO - easyocr alt5 结果: ['NCVC(0.74)']
2025-12-03 13:37:51,386 - INFO - tesseract alt5 结果: 
2025-12-03 13:37:51,386 - INFO - 最终验证码识别结果: NCVC (engine=easyocr_alt3, prob=0.9784699082374573)
2025-12-03 13:37:51,386 - INFO - 查找验证码输入框...
2025-12-03 13:37:51,447 - INFO - 验证码填写完成
2025-12-03 13:37:51,447 - INFO - 验证码填写完成，点击登录按钮...
2025-12-03 13:37:51,447 - INFO - 查找并点击登录按钮...
2025-12-03 13:37:51,819 - INFO - 已点击登录按钮
2025-12-03 13:37:58,840 - WARNING - 自动验证码识别失败，请手动输入
请手动输入验证码: 2025-12-03 13:37:58,840 - ERROR - 处理验证码时出错: EOF when reading a line
2025-12-03 13:37:58,840 - WARNING - 验证码处理失败，但继续尝试登录
2025-12-03 13:37:58,841 - INFO - 查找并点击登录按钮...
2025-12-03 13:37:58,903 - INFO - 已点击登录按钮
2025-12-03 13:38:03,903 - INFO - 等待登录成功...
2025-12-03 13:38:08,908 - INFO - 登录可能成功，继续下一步...
2025-12-03 13:38:08,908 - INFO - 查找'去充值'按钮...
2025-12-03 13:38:08,977 - INFO - 已点击充值按钮
2025-12-03 13:38:11,978 - INFO - 开始提取剩余电量信息...
2025-12-03 13:38:11,983 - INFO - 页面源码已保存到 /home/runner/work/nju_electric_monitor/nju_electric_monitor/src/../data/debug_page_source.html
2025-12-03 13:38:11,992 - WARNING - 未找到电量信息元素，尝试其他方法...
2025-12-03 13:38:12,000 - WARNING - 未找到i标签中的电量信息，尝试其他方法...
2025-12-03 13:38:12,004 - INFO - 在页面源码中查找电量信息...
2025-12-03 13:38:12,016 - WARNING - 未能提取到剩余电量信息
2025-12-03 13:38:12,016 - WARNING - 没有电量数据可保存
2025-12-03 13:38:12,016 - INFO - 监控流程完成
Wrapper end: 2025-12-03T21:38:12.110313+08:00
