Wrapper start: 2026-01-28T11:01:59.301878+08:00

=== ENVIRONMENT SUMMARY ===
Environment variable keys (count=119):
- ACCEPT_EULA
- ACTIONS_RUNNER_ACTION_ARCHIVE_CACHE
- AGENT_TOOLSDIRECTORY
- ANDROID_HOME
- ANDROID_NDK
- ANDROID_NDK_HOME
- ANDROID_NDK_LATEST_HOME
- ANDROID_NDK_ROOT
- ANDROID_SDK_ROOT
- ANT_HOME
NJU_USERNAME set: yes
NJU_PASSWORD set: yes

=== DISK USAGE (df -h) ===
Filesystem      Size  Used Avail Use% Mounted on
/dev/root        72G   59G   13G  83% /
tmpfs           7.9G   84K  7.9G   1% /dev/shm
tmpfs           3.2G  2.5M  3.2G   1% /run
tmpfs           5.0M     0  5.0M   0% /run/lock
efivarfs        128M   32K  128M   1% /sys/firmware/efi/efivars
/dev/sda16      881M   62M  758M   8% /boot
/dev/sda15      105M  6.2M   99M   6% /boot/efi
/dev/sdb1        74G  4.1G   66G   6% /mnt
tmpfs           1.6G   12K  1.6G   1% /run/user/1001


=== KEY DIR SIZES ===
14M	/home/runner/work/nju_electric_monitor/nju_electric_monitor/src/../logs

280K	/home/runner/work/nju_electric_monitor/nju_electric_monitor/src/../data

101M	/home/runner/work/nju_electric_monitor/nju_electric_monitor/src/../models


=== CONFIG_WORKFLOW SUMMARY ===
{
  "username": "",
  "password": "",
  "auto_login": true,
  "headless_mode": true,
  "captcha_retry_count": 30,
  "captcha_confidence_threshold": 0.3,
  "save_captcha_images": true,
  "log_level": "INFO"
}

=== FONT DIAGNOSTICS ===
Found system fonts (ttf) count: 59
- /usr/share/fonts/opentype/noto/NotoSansCJK-Regular.ttc
- /usr/share/fonts/truetype/lato/Lato-Semibold.ttf
- /usr/share/fonts/truetype/lato/Lato-Black.ttf
- /usr/share/fonts/truetype/lato/Lato-Bold.ttf
- /usr/share/fonts/truetype/dejavu/DejaVuSerif-Bold.ttf
- /usr/share/fonts/truetype/dejavu/DejaVuSerif.ttf
- /usr/share/fonts/truetype/liberation/LiberationSerif-Bold.ttf
- /usr/share/fonts/truetype/wqy/wqy-microhei.ttc
- /usr/share/fonts/truetype/lato/Lato-Light.ttf
- /usr/share/fonts/truetype/dejavu/DejaVuSans-BoldOblique.ttf
- /usr/share/fonts/truetype/lato/Lato-Regular.ttf
- /usr/share/fonts/truetype/dejavu/DejaVuSansMono-Oblique.ttf
- /usr/share/fonts/truetype/liberation/LiberationMono-Italic.ttf
- /usr/share/fonts/truetype/dejavu/DejaVuSansCondensed-Bold.ttf
- /usr/share/fonts/truetype/dejavu/DejaVuSansCondensed-Oblique.ttf
- /usr/share/fonts/truetype/dejavu/DejaVuSansCondensed-BoldOblique.ttf
- /usr/share/fonts/truetype/lato/Lato-Medium.ttf
- /usr/share/fonts/opentype/noto/NotoSansCJK-Bold.ttc
- /usr/share/fonts/truetype/liberation/LiberationSans-Regular.ttf
- /usr/share/fonts/truetype/lato/Lato-BlackItalic.ttf
- /usr/share/fonts/truetype/noto/NotoColorEmoji.ttf
- /usr/share/fonts/truetype/dejavu/DejaVuSans.ttf
- /usr/share/fonts/truetype/dejavu/DejaVuSansMono.ttf
- /usr/share/fonts/truetype/lato/Lato-Thin.ttf
- /usr/share/fonts/opentype/noto/NotoSerifCJK-Bold.ttc
- /usr/share/fonts/truetype/dejavu/DejaVuSerifCondensed-Italic.ttf
- /usr/share/fonts/truetype/wqy/wqy-zenhei.ttc
- /usr/share/fonts/truetype/lato/Lato-Hairline.ttf
- /usr/share/fonts/truetype/dejavu/DejaVuSans-Oblique.ttf
- /usr/share/fonts/truetype/dejavu/DejaVuSansCondensed.ttf
- /usr/share/fonts/truetype/liberation/LiberationSerif-Italic.ttf
- /usr/share/fonts/truetype/lato/Lato-MediumItalic.ttf
- /usr/share/fonts/truetype/lato/Lato-HairlineItalic.ttf
- /usr/share/fonts/truetype/dejavu/DejaVuSerif-Italic.ttf
- /usr/share/fonts/opentype/noto/NotoSerifCJK-Regular.ttc
- /usr/share/fonts/truetype/liberation/LiberationMono-BoldItalic.ttf
- /usr/share/fonts/truetype/lato/Lato-Italic.ttf
- /usr/share/fonts/truetype/liberation/LiberationSans-Bold.ttf
- /usr/share/fonts/truetype/liberation/LiberationSans-Italic.ttf
- /usr/share/fonts/truetype/liberation/LiberationMono-Regular.ttf
- /usr/share/fonts/truetype/dejavu/DejaVuSansMono-Bold.ttf
- /usr/share/fonts/truetype/dejavu/DejaVuSansMono-BoldOblique.ttf
- /usr/share/fonts/truetype/liberation/LiberationMono-Bold.ttf
- /usr/share/fonts/truetype/lato/Lato-ThinItalic.ttf
- /usr/share/fonts/truetype/liberation/LiberationSerif-BoldItalic.ttf
- /usr/share/fonts/truetype/lato/Lato-BoldItalic.ttf
- /usr/share/fonts/truetype/lato/Lato-HeavyItalic.ttf
- /usr/share/fonts/truetype/liberation/LiberationSerif-Regular.ttf
- /usr/share/fonts/truetype/lato/Lato-LightItalic.ttf
- /usr/share/fonts/truetype/lato/Lato-SemiboldItalic.ttf

FontManager samples (name -> path):
cmex10 -> /opt/hostedtoolcache/Python/3.14.2/x64/lib/python3.14/site-packages/matplotlib/mpl-data/fonts/ttf/cmex10.ttf
DejaVu Serif -> /opt/hostedtoolcache/Python/3.14.2/x64/lib/python3.14/site-packages/matplotlib/mpl-data/fonts/ttf/DejaVuSerif.ttf
STIXSizeTwoSym -> /opt/hostedtoolcache/Python/3.14.2/x64/lib/python3.14/site-packages/matplotlib/mpl-data/fonts/ttf/STIXSizTwoSymReg.ttf
DejaVu Serif -> /opt/hostedtoolcache/Python/3.14.2/x64/lib/python3.14/site-packages/matplotlib/mpl-data/fonts/ttf/DejaVuSerif-Italic.ttf
STIXSizeFourSym -> /opt/hostedtoolcache/Python/3.14.2/x64/lib/python3.14/site-packages/matplotlib/mpl-data/fonts/ttf/STIXSizFourSymBol.ttf
STIXSizeFiveSym -> /opt/hostedtoolcache/Python/3.14.2/x64/lib/python3.14/site-packages/matplotlib/mpl-data/fonts/ttf/STIXSizFiveSymReg.ttf
STIXSizeOneSym -> /opt/hostedtoolcache/Python/3.14.2/x64/lib/python3.14/site-packages/matplotlib/mpl-data/fonts/ttf/STIXSizOneSymReg.ttf
STIXSizeOneSym -> /opt/hostedtoolcache/Python/3.14.2/x64/lib/python3.14/site-packages/matplotlib/mpl-data/fonts/ttf/STIXSizOneSymBol.ttf
cmb10 -> /opt/hostedtoolcache/Python/3.14.2/x64/lib/python3.14/site-packages/matplotlib/mpl-data/fonts/ttf/cmb10.ttf
DejaVu Serif -> /opt/hostedtoolcache/Python/3.14.2/x64/lib/python3.14/site-packages/matplotlib/mpl-data/fonts/ttf/DejaVuSerif-Bold.ttf
DejaVu Sans Mono -> /opt/hostedtoolcache/Python/3.14.2/x64/lib/python3.14/site-packages/matplotlib/mpl-data/fonts/ttf/DejaVuSansMono-BoldOblique.ttf
STIXNonUnicode -> /opt/hostedtoolcache/Python/3.14.2/x64/lib/python3.14/site-packages/matplotlib/mpl-data/fonts/ttf/STIXNonUniBolIta.ttf
DejaVu Sans -> /opt/hostedtoolcache/Python/3.14.2/x64/lib/python3.14/site-packages/matplotlib/mpl-data/fonts/ttf/DejaVuSans.ttf
DejaVu Sans Display -> /opt/hostedtoolcache/Python/3.14.2/x64/lib/python3.14/site-packages/matplotlib/mpl-data/fonts/ttf/DejaVuSansDisplay.ttf
cmtt10 -> /opt/hostedtoolcache/Python/3.14.2/x64/lib/python3.14/site-packages/matplotlib/mpl-data/fonts/ttf/cmtt10.ttf
STIXSizeTwoSym -> /opt/hostedtoolcache/Python/3.14.2/x64/lib/python3.14/site-packages/matplotlib/mpl-data/fonts/ttf/STIXSizTwoSymBol.ttf
DejaVu Sans Mono -> /opt/hostedtoolcache/Python/3.14.2/x64/lib/python3.14/site-packages/matplotlib/mpl-data/fonts/ttf/DejaVuSansMono-Bold.ttf
DejaVu Sans -> /opt/hostedtoolcache/Python/3.14.2/x64/lib/python3.14/site-packages/matplotlib/mpl-data/fonts/ttf/DejaVuSans-Bold.ttf
STIXGeneral -> /opt/hostedtoolcache/Python/3.14.2/x64/lib/python3.14/site-packages/matplotlib/mpl-data/fonts/ttf/STIXGeneralItalic.ttf
DejaVu Sans Mono -> /opt/hostedtoolcache/Python/3.14.2/x64/lib/python3.14/site-packages/matplotlib/mpl-data/fonts/ttf/DejaVuSansMono-Oblique.ttf
STIXGeneral -> /opt/hostedtoolcache/Python/3.14.2/x64/lib/python3.14/site-packages/matplotlib/mpl-data/fonts/ttf/STIXGeneralBol.ttf
STIXGeneral -> /opt/hostedtoolcache/Python/3.14.2/x64/lib/python3.14/site-packages/matplotlib/mpl-data/fonts/ttf/STIXGeneral.ttf
STIXSizeFourSym -> /opt/hostedtoolcache/Python/3.14.2/x64/lib/python3.14/site-packages/matplotlib/mpl-data/fonts/ttf/STIXSizFourSymReg.ttf
DejaVu Sans Mono -> /opt/hostedtoolcache/Python/3.14.2/x64/lib/python3.14/site-packages/matplotlib/mpl-data/fonts/ttf/DejaVuSansMono.ttf
STIXNonUnicode -> /opt/hostedtoolcache/Python/3.14.2/x64/lib/python3.14/site-packages/matplotlib/mpl-data/fonts/ttf/STIXNonUni.ttf
cmr10 -> /opt/hostedtoolcache/Python/3.14.2/x64/lib/python3.14/site-packages/matplotlib/mpl-data/fonts/ttf/cmr10.ttf
DejaVu Serif Display -> /opt/hostedtoolcache/Python/3.14.2/x64/lib/python3.14/site-packages/matplotlib/mpl-data/fonts/ttf/DejaVuSerifDisplay.ttf
STIXNonUnicode -> /opt/hostedtoolcache/Python/3.14.2/x64/lib/python3.14/site-packages/matplotlib/mpl-data/fonts/ttf/STIXNonUniBol.ttf
cmss10 -> /opt/hostedtoolcache/Python/3.14.2/x64/lib/python3.14/site-packages/matplotlib/mpl-data/fonts/ttf/cmss10.ttf
cmsy10 -> /opt/hostedtoolcache/Python/3.14.2/x64/lib/python3.14/site-packages/matplotlib/mpl-data/fonts/ttf/cmsy10.ttf
STIXGeneral -> /opt/hostedtoolcache/Python/3.14.2/x64/lib/python3.14/site-packages/matplotlib/mpl-data/fonts/ttf/STIXGeneralBolIta.ttf
STIXSizeThreeSym -> /opt/hostedtoolcache/Python/3.14.2/x64/lib/python3.14/site-packages/matplotlib/mpl-data/fonts/ttf/STIXSizThreeSymReg.ttf
STIXSizeThreeSym -> /opt/hostedtoolcache/Python/3.14.2/x64/lib/python3.14/site-packages/matplotlib/mpl-data/fonts/ttf/STIXSizThreeSymBol.ttf
cmmi10 -> /opt/hostedtoolcache/Python/3.14.2/x64/lib/python3.14/site-packages/matplotlib/mpl-data/fonts/ttf/cmmi10.ttf
DejaVu Sans -> /opt/hostedtoolcache/Python/3.14.2/x64/lib/python3.14/site-packages/matplotlib/mpl-data/fonts/ttf/DejaVuSans-BoldOblique.ttf
DejaVu Sans -> /opt/hostedtoolcache/Python/3.14.2/x64/lib/python3.14/site-packages/matplotlib/mpl-data/fonts/ttf/DejaVuSans-Oblique.ttf
DejaVu Serif -> /opt/hostedtoolcache/Python/3.14.2/x64/lib/python3.14/site-packages/matplotlib/mpl-data/fonts/ttf/DejaVuSerif-BoldItalic.ttf
STIXNonUnicode -> /opt/hostedtoolcache/Python/3.14.2/x64/lib/python3.14/site-packages/matplotlib/mpl-data/fonts/ttf/STIXNonUniIta.ttf
Noto Sans CJK JP -> /usr/share/fonts/opentype/noto/NotoSansCJK-Regular.ttc
Lato -> /usr/share/fonts/truetype/lato/Lato-Semibold.ttf
Lato -> /usr/share/fonts/truetype/lato/Lato-Black.ttf
Lato -> /usr/share/fonts/truetype/lato/Lato-Bold.ttf
DejaVu Serif -> /usr/share/fonts/truetype/dejavu/DejaVuSerif-Bold.ttf
DejaVu Serif -> /usr/share/fonts/truetype/dejavu/DejaVuSerif.ttf
Liberation Serif -> /usr/share/fonts/truetype/liberation/LiberationSerif-Bold.ttf
WenQuanYi Micro Hei -> /usr/share/fonts/truetype/wqy/wqy-microhei.ttc
Lato -> /usr/share/fonts/truetype/lato/Lato-Light.ttf
DejaVu Sans -> /usr/share/fonts/truetype/dejavu/DejaVuSans-BoldOblique.ttf
Lato -> /usr/share/fonts/truetype/lato/Lato-Regular.ttf
DejaVu Sans Mono -> /usr/share/fonts/truetype/dejavu/DejaVuSansMono-Oblique.ttf

Preferred font find results:
findfont('Microsoft YaHei') failed: Failed to find font Microsoft YaHei:style=normal:variant=normal:weight=normal:stretch=normal:size=10.0, and fallback to the default font was disabled
findfont('Segoe UI') failed: Failed to find font Segoe UI:style=normal:variant=normal:weight=normal:stretch=normal:size=10.0, and fallback to the default font was disabled
findfont('Arial Unicode MS') failed: Failed to find font Arial Unicode MS:style=normal:variant=normal:weight=normal:stretch=normal:size=10.0, and fallback to the default font was disabled
findfont('Noto Sans CJK SC') failed: Failed to find font Noto Sans CJK SC:style=normal:variant=normal:weight=normal:stretch=normal:size=10.0, and fallback to the default font was disabled
findfont('WenQuanYi Micro Hei') -> /usr/share/fonts/truetype/wqy/wqy-microhei.ttc
findfont('WenQuanYi Zen Hei') -> /usr/share/fonts/truetype/wqy/wqy-zenhei.ttc
findfont('DejaVu Sans') -> /opt/hostedtoolcache/Python/3.14.2/x64/lib/python3.14/site-packages/matplotlib/mpl-data/fonts/ttf/DejaVuSans.ttf

fc-list output sample (truncated to 10000 chars):
Liberation Mono - /usr/share/fonts/truetype/liberation/LiberationMono-Bold.ttf
Liberation Serif - /usr/share/fonts/truetype/liberation/LiberationSerif-BoldItalic.ttf
Lato,Lato Hairline - /usr/share/fonts/truetype/lato/Lato-Hairline.ttf
Lato,Lato Heavy - /usr/share/fonts/truetype/lato/Lato-Heavy.ttf
DejaVu Serif,DejaVu Serif Condensed - /usr/share/fonts/truetype/dejavu/DejaVuSerifCondensed-Italic.ttf
Lato,Lato Medium - /usr/share/fonts/truetype/lato/Lato-Medium.ttf
Lato,Lato Light - /usr/share/fonts/truetype/lato/Lato-LightItalic.ttf
WenQuanYi Zen Hei Sharp,文泉驛點陣正黑,文泉驿点阵正黑 - /usr/share/fonts/truetype/wqy/wqy-zenhei.ttc
WenQuanYi Micro Hei Mono,文泉驛等寬微米黑,文泉驿等宽微米黑 - /usr/share/fonts/truetype/wqy/wqy-microhei.ttc
Noto Sans Mono CJK KR - /usr/share/fonts/opentype/noto/NotoSansCJK-Bold.ttc
DejaVu Serif - /usr/share/fonts/truetype/dejavu/DejaVuSerif-Bold.ttf
Noto Sans Mono CJK JP - /usr/share/fonts/opentype/noto/NotoSansCJK-Bold.ttc
Noto Sans Mono CJK HK - /usr/share/fonts/opentype/noto/NotoSansCJK-Bold.ttc
Noto Serif CJK SC - /usr/share/fonts/opentype/noto/NotoSerifCJK-Regular.ttc
DejaVu Math TeX Gyre - /usr/share/fonts/truetype/dejavu/DejaVuMathTeXGyre.ttf
Liberation Sans - /usr/share/fonts/truetype/liberation/LiberationSans-Regular.ttf
Lato - /usr/share/fonts/truetype/lato/Lato-Italic.ttf
Liberation Sans - /usr/share/fonts/truetype/liberation/LiberationSans-Bold.ttf
Noto Serif CJK TC - /usr/share/fonts/opentype/noto/NotoSerifCJK-Regular.ttc
Noto Sans Mono CJK SC - /usr/share/fonts/opentype/noto/NotoSansCJK-Bold.ttc
Liberation Mono - /usr/share/fonts/truetype/liberation/LiberationMono-Italic.ttf
Noto Sans Mono CJK TC - /usr/share/fonts/opentype/noto/NotoSansCJK-Bold.ttc
DejaVu Sans,DejaVu Sans Condensed - /usr/share/fonts/truetype/dejavu/DejaVuSansCondensed.ttf
DejaVu Serif,DejaVu Serif Condensed - /usr/share/fonts/truetype/dejavu/DejaVuSerifCondensed.ttf
Liberation Serif - /usr/share/fonts/truetype/liberation/LiberationSerif-Italic.ttf
Lato,Lato Heavy - /usr/share/fonts/truetype/lato/Lato-HeavyItalic.ttf
Lato - /usr/share/fonts/truetype/lato/Lato-BoldItalic.ttf
Noto Serif CJK JP - /usr/share/fonts/opentype/noto/NotoSerifCJK-Regular.ttc
Lato,Lato Medium - /usr/share/fonts/truetype/lato/Lato-MediumItalic.ttf
Noto Serif CJK HK - /usr/share/fonts/opentype/noto/NotoSerifCJK-Regular.ttc
DejaVu Serif - /usr/share/fonts/truetype/dejavu/DejaVuSerif-Italic.ttf
DejaVu Sans - /usr/share/fonts/truetype/dejavu/DejaVuSans.ttf
Noto Serif CJK KR - /usr/share/fonts/opentype/noto/NotoSerifCJK-Regular.ttc
Lato,Lato Semibold - /usr/share/fonts/truetype/lato/Lato-SemiboldItalic.ttf
Lato,Lato Thin - /usr/share/fonts/truetype/lato/Lato-ThinItalic.ttf
DejaVu Sans,DejaVu Sans Condensed - /usr/share/fonts/truetype/dejavu/DejaVuSansCondensed-BoldOblique.ttf
Noto Sans CJK JP - /usr/share/fonts/opentype/noto/NotoSansCJK-Regular.ttc
Liberation Sans - /usr/share/fonts/truetype/liberation/LiberationSans-Italic.ttf
Noto Sans CJK HK - /usr/share/fonts/opentype/noto/NotoSansCJK-Regular.ttc
Lato,Lato Black - /usr/share/fonts/truetype/lato/Lato-BlackItalic.ttf
Lato,Lato Thin - /usr/share/fonts/truetype/lato/Lato-Thin.ttf
DejaVu Sans,DejaVu Sans Condensed - /usr/share/fonts/truetype/dejavu/DejaVuSansCondensed-Oblique.ttf
Noto Sans CJK KR - /usr/share/fonts/opentype/noto/NotoSansCJK-Regular.ttc
Lato,Lato Light - /usr/share/fonts/truetype/lato/Lato-Light.ttf
Noto Sans CJK TC - /usr/share/fonts/opentype/noto/NotoSansCJK-Regular.ttc
DejaVu Sans,DejaVu Sans Condensed - /usr/share/fonts/truetype/dejavu/DejaVuSansCondensed-Bold.ttf
DejaVu Sans Mono - /usr/share/fonts/truetype/dejavu/DejaVuSansMono-Oblique.ttf
Lato,Lato Hairline - /usr/share/fonts/truetype/lato/Lato-HairlineItalic.ttf
Noto Sans CJK SC - /usr/share/fonts/opentype/noto/NotoSansCJK-Regular.ttc
WenQuanYi Zen Hei,文泉驛正黑,文泉驿正黑 - /usr/share/fonts/truetype/wqy/wqy-zenhei.ttc
Lato,Lato Black - /usr/share/fonts/truetype/lato/Lato-Black.ttf
Lato - /usr/share/fonts/truetype/lato/Lato-Regular.ttf
DejaVu Sans - /usr/share/fonts/truetype/dejavu/DejaVuSans-BoldOblique.ttf
Liberation Mono - /usr/share/fonts/truetype/liberation/LiberationMono-BoldItalic.ttf
Noto Sans Mono CJK KR - /usr/share/fonts/opentype/noto/NotoSansCJK-Regular.ttc
Liberation Mono - /usr/share/fonts/truetype/liberation/LiberationMono-Regular.ttf
Noto Sans Mono CJK HK - /usr/share/fonts/opentype/noto/NotoSansCJK-Regular.ttc
DejaVu Sans,DejaVu Sans Light - /usr/share/fonts/truetype/dejavu/DejaVuSans-ExtraLight.ttf
DejaVu Serif - /usr/share/fonts/truetype/dejavu/DejaVuSerif.ttf
Noto Sans Mono CJK JP - /usr/share/fonts/opentype/noto/NotoSansCJK-Regular.ttc
Noto Serif CJK JP - /usr/share/fonts/opentype/noto/NotoSerifCJK-Bold.ttc
Noto Serif CJK HK - /usr/share/fonts/opentype/noto/NotoSerifCJK-Bold.ttc
Noto Serif CJK KR - /usr/share/fonts/opentype/noto/NotoSerifCJK-Bold.ttc
Noto Serif CJK TC - /usr/share/fonts/opentype/noto/NotoSerifCJK-Bold.ttc
Lato - /usr/share/fonts/truetype/lato/Lato-Bold.ttf
Noto Sans CJK SC - /usr/share/fonts/opentype/noto/NotoSansCJK-Bold.ttc
Noto Sans Mono CJK TC - /usr/share/fonts/opentype/noto/NotoSansCJK-Regular.ttc
Noto Sans CJK TC - /usr/share/fonts/opentype/noto/NotoSansCJK-Bold.ttc
Noto Serif CJK SC - /usr/share/fonts/opentype/noto/NotoSerifCJK-Bold.ttc
DejaVu Sans Mono - /usr/share/fonts/truetype/dejavu/DejaVuSansMono-Bold.ttf
DejaVu Serif - /usr/share/fonts/truetype/dejavu/DejaVuSerif-BoldItalic.ttf
WenQuanYi Zen Hei Mono,文泉驛等寬正黑,文泉驿等宽正黑 - /usr/share/fonts/truetype/wqy/wqy-zenhei.ttc
DejaVu Sans Mono - /usr/share/fonts/truetype/dejavu/DejaVuSansMono.ttf
Noto Sans CJK JP - /usr/share/fonts/opentype/noto/NotoSansCJK-Bold.ttc
Noto Sans CJK HK - /usr/share/fonts/opentype/noto/NotoSansCJK-Bold.ttc
Noto Sans CJK KR - /usr/share/fonts/opentype/noto/NotoSansCJK-Bold.ttc
WenQuanYi Micro Hei,文泉驛微米黑,文泉驿微米黑 - /usr/share/fonts/truetype/wqy/wqy-microhei.ttc
Noto Sans Mono CJK SC - /usr/share/fonts/opentype/noto/NotoSansCJK-Regular.ttc
Noto Color Emoji - /usr/share/fonts/truetype/noto/NotoColorEmoji.ttf
DejaVu Sans Mono - /usr/share/fonts/truetype/dejavu/DejaVuSansMono-BoldOblique.ttf
Liberation Sans - /usr/share/fonts/truetype/liberation/LiberationSans-BoldItalic.ttf
Liberation Serif - /usr/share/fonts/truetype/liberation/LiberationSerif-Regular.ttf
Lato,Lato Semibold - /usr/share/fonts/truetype/lato/Lato-Semibold.ttf
DejaVu Sans - /usr/share/fonts/truetype/dejavu/DejaVuSans-Oblique.ttf
DejaVu Serif,DejaVu Serif Condensed - /usr/share/fonts/truetype/dejavu/DejaVuSerifCondensed-Bold.ttf
DejaVu Sans - /usr/share/fonts/truetype/dejavu/DejaVuSans-Bold.ttf
Liberation Serif - /usr/share/fonts/truetype/liberation/LiberationSerif-Bold.ttf
DejaVu Serif,DejaVu Serif Condensed - /usr/share/fonts/truetype/dejavu/DejaVuSerifCondensed-BoldItalic.ttf

2026-01-28 03:02:04,576 - INFO - Matplotlib 字体设置：使用回退字体列表，首选可用字体: Noto Sans CJK JP
2026-01-28 03:02:06,678 - INFO - 使用 ChromeDriver: /usr/bin/chromedriver
2026-01-28 03:02:06,679 - WARNING - Using CPU. Note: This module is much faster with a GPU.
2026-01-28 03:02:08,238 - INFO - OCR识别器初始化成功
2026-01-28 03:02:08,238 - INFO - 开始南京大学电费监控流程（自动无头模式）
2026-01-28 03:02:08,238 - INFO - 正在打开页面: https://epay.nju.edu.cn/epay/h5/nju/electric/index
2026-01-28 03:02:18,379 - INFO - 等待登录表单加载...
2026-01-28 03:02:18,389 - INFO - 登录表单已加载
2026-01-28 03:02:18,389 - INFO - 开始填写登录表单...
2026-01-28 03:02:18,451 - INFO - 用户名填写完成
2026-01-28 03:02:18,517 - INFO - 密码填写完成
2026-01-28 03:02:18,517 - INFO - 检查是否有验证码...
2026-01-28 03:02:18,517 - INFO - 查找验证码图片...
2026-01-28 03:02:18,537 - INFO - 找到验证码图片，开始截图...
2026-01-28 03:02:18,592 - INFO - 验证码图片截取成功
2026-01-28 03:02:18,593 - INFO - 开始填写登录表单...
2026-01-28 03:02:18,656 - INFO - 用户名填写完成
2026-01-28 03:02:18,718 - INFO - 密码填写完成
2026-01-28 03:02:18,719 - INFO - 验证码图片已保存到 /home/runner/work/nju_electric_monitor/nju_electric_monitor/src/../data/captcha_debug.png
2026-01-28 03:02:18,719 - INFO - 验证码识别尝试 1/30
2026-01-28 03:02:18,719 - INFO - 开始识别验证码...（easyocr + pytesseract）
2026-01-28 03:02:18,972 - INFO - easyocr 结果: ['kHIf(0.41)']
2026-01-28 03:02:19,178 - INFO - tesseract 结果: kHif
2026-01-28 03:02:19,242 - INFO - easyocr alt1 结果: ['KHIf(0.22)']
2026-01-28 03:02:19,333 - INFO - tesseract alt1 结果: ALE
2026-01-28 03:02:19,391 - INFO - easyocr alt2 结果: ['KHIf(0.24)']
2026-01-28 03:02:19,484 - INFO - tesseract alt2 结果: HY
2026-01-28 03:02:19,643 - INFO - easyocr alt3 结果: ['KHIf(0.57)']
2026-01-28 03:02:19,753 - INFO - tesseract alt3 结果: HIF
2026-01-28 03:02:19,827 - INFO - easyocr alt4 结果: ['KAIFs(0.15)']
2026-01-28 03:02:19,922 - INFO - tesseract alt4 结果: CATE
2026-01-28 03:02:19,980 - INFO - easyocr alt5 结果: ['KAF(0.30)']
2026-01-28 03:02:20,068 - INFO - tesseract alt5 结果: 
2026-01-28 03:02:20,068 - INFO - 最终验证码识别结果: KHIf (engine=easyocr_alt3, prob=0.5733896493911743)
2026-01-28 03:02:20,068 - INFO - 查找验证码输入框...
2026-01-28 03:02:20,127 - INFO - 验证码填写完成
2026-01-28 03:02:20,127 - INFO - 验证码填写完成，点击登录按钮...
2026-01-28 03:02:20,127 - INFO - 查找并点击登录按钮...
2026-01-28 03:02:20,518 - INFO - 已点击登录按钮
2026-01-28 03:02:27,545 - INFO - 开始填写登录表单...
2026-01-28 03:02:27,606 - INFO - 用户名填写完成
2026-01-28 03:02:27,667 - INFO - 密码填写完成
2026-01-28 03:02:27,668 - INFO - 验证码图片已保存到 /home/runner/work/nju_electric_monitor/nju_electric_monitor/src/../data/captcha_debug.png
2026-01-28 03:02:27,668 - INFO - 验证码识别尝试 2/30
2026-01-28 03:02:27,668 - INFO - 开始识别验证码...（easyocr + pytesseract）
2026-01-28 03:02:27,764 - INFO - easyocr 结果: ['kHIf(0.41)']
2026-01-28 03:02:27,858 - INFO - tesseract 结果: kHif
2026-01-28 03:02:27,918 - INFO - easyocr alt1 结果: ['KHIf(0.22)']
2026-01-28 03:02:28,011 - INFO - tesseract alt1 结果: ALE
2026-01-28 03:02:28,069 - INFO - easyocr alt2 结果: ['KHIf(0.24)']
2026-01-28 03:02:28,166 - INFO - tesseract alt2 结果: HY
2026-01-28 03:02:28,320 - INFO - easyocr alt3 结果: ['KHIf(0.57)']
2026-01-28 03:02:28,429 - INFO - tesseract alt3 结果: HIF
2026-01-28 03:02:28,487 - INFO - easyocr alt4 结果: ['KAIFs(0.15)']
2026-01-28 03:02:28,587 - INFO - tesseract alt4 结果: CATE
2026-01-28 03:02:28,645 - INFO - easyocr alt5 结果: ['KAF(0.30)']
2026-01-28 03:02:28,735 - INFO - tesseract alt5 结果: 
2026-01-28 03:02:28,735 - INFO - 最终验证码识别结果: KHIf (engine=easyocr_alt3, prob=0.5733896493911743)
2026-01-28 03:02:28,735 - INFO - 查找验证码输入框...
2026-01-28 03:02:28,791 - INFO - 验证码填写完成
2026-01-28 03:02:28,791 - INFO - 验证码填写完成，点击登录按钮...
2026-01-28 03:02:28,791 - INFO - 查找并点击登录按钮...
2026-01-28 03:02:28,849 - INFO - 已点击登录按钮
2026-01-28 03:02:35,869 - INFO - 开始填写登录表单...
2026-01-28 03:02:35,929 - INFO - 用户名填写完成
2026-01-28 03:02:35,987 - INFO - 密码填写完成
2026-01-28 03:02:35,988 - INFO - 验证码图片已保存到 /home/runner/work/nju_electric_monitor/nju_electric_monitor/src/../data/captcha_debug.png
2026-01-28 03:02:35,988 - INFO - 验证码识别尝试 3/30
2026-01-28 03:02:35,988 - INFO - 开始识别验证码...（easyocr + pytesseract）
2026-01-28 03:02:36,101 - INFO - easyocr 结果: ['kHIf(0.41)']
2026-01-28 03:02:36,198 - INFO - tesseract 结果: kHif
2026-01-28 03:02:36,256 - INFO - easyocr alt1 结果: ['KHIf(0.22)']
2026-01-28 03:02:36,354 - INFO - tesseract alt1 结果: ALE
2026-01-28 03:02:36,413 - INFO - easyocr alt2 结果: ['KHIf(0.24)']
2026-01-28 03:02:36,506 - INFO - tesseract alt2 结果: HY
2026-01-28 03:02:36,661 - INFO - easyocr alt3 结果: ['KHIf(0.57)']
2026-01-28 03:02:36,771 - INFO - tesseract alt3 结果: HIF
2026-01-28 03:02:36,829 - INFO - easyocr alt4 结果: ['KAIFs(0.15)']
2026-01-28 03:02:36,925 - INFO - tesseract alt4 结果: CATE
2026-01-28 03:02:36,983 - INFO - easyocr alt5 结果: ['KAF(0.30)']
2026-01-28 03:02:37,073 - INFO - tesseract alt5 结果: 
2026-01-28 03:02:37,074 - INFO - 最终验证码识别结果: KHIf (engine=easyocr_alt3, prob=0.5733896493911743)
2026-01-28 03:02:37,074 - INFO - 查找验证码输入框...
2026-01-28 03:02:37,129 - INFO - 验证码填写完成
2026-01-28 03:02:37,129 - INFO - 验证码填写完成，点击登录按钮...
2026-01-28 03:02:37,129 - INFO - 查找并点击登录按钮...
2026-01-28 03:02:37,493 - INFO - 已点击登录按钮
2026-01-28 03:02:44,513 - INFO - 开始填写登录表单...
2026-01-28 03:02:44,573 - INFO - 用户名填写完成
2026-01-28 03:02:44,631 - INFO - 密码填写完成
2026-01-28 03:02:44,631 - INFO - 验证码图片已保存到 /home/runner/work/nju_electric_monitor/nju_electric_monitor/src/../data/captcha_debug.png
2026-01-28 03:02:44,631 - INFO - 验证码识别尝试 4/30
2026-01-28 03:02:44,631 - INFO - 开始识别验证码...（easyocr + pytesseract）
2026-01-28 03:02:44,728 - INFO - easyocr 结果: ['kHIf(0.41)']
2026-01-28 03:02:44,820 - INFO - tesseract 结果: kHif
2026-01-28 03:02:44,879 - INFO - easyocr alt1 结果: ['KHIf(0.22)']
2026-01-28 03:02:44,974 - INFO - tesseract alt1 结果: ALE
2026-01-28 03:02:45,034 - INFO - easyocr alt2 结果: ['KHIf(0.24)']
2026-01-28 03:02:45,132 - INFO - tesseract alt2 结果: HY
2026-01-28 03:02:45,286 - INFO - easyocr alt3 结果: ['KHIf(0.57)']
2026-01-28 03:02:45,399 - INFO - tesseract alt3 结果: HIF
2026-01-28 03:02:45,465 - INFO - easyocr alt4 结果: ['KAIFs(0.15)']
2026-01-28 03:02:45,562 - INFO - tesseract alt4 结果: CATE
2026-01-28 03:02:45,620 - INFO - easyocr alt5 结果: ['KAF(0.30)']
2026-01-28 03:02:45,711 - INFO - tesseract alt5 结果: 
2026-01-28 03:02:45,711 - INFO - 最终验证码识别结果: KHIf (engine=easyocr_alt3, prob=0.5733896493911743)
2026-01-28 03:02:45,711 - INFO - 查找验证码输入框...
2026-01-28 03:02:45,768 - INFO - 验证码填写完成
2026-01-28 03:02:45,768 - INFO - 验证码填写完成，点击登录按钮...
2026-01-28 03:02:45,768 - INFO - 查找并点击登录按钮...
2026-01-28 03:02:46,130 - INFO - 已点击登录按钮
2026-01-28 03:02:53,150 - INFO - 开始填写登录表单...
2026-01-28 03:02:53,209 - INFO - 用户名填写完成
2026-01-28 03:02:53,267 - INFO - 密码填写完成
2026-01-28 03:02:53,268 - INFO - 验证码图片已保存到 /home/runner/work/nju_electric_monitor/nju_electric_monitor/src/../data/captcha_debug.png
2026-01-28 03:02:53,268 - INFO - 验证码识别尝试 5/30
2026-01-28 03:02:53,268 - INFO - 开始识别验证码...（easyocr + pytesseract）
2026-01-28 03:02:53,370 - INFO - easyocr 结果: ['kHIf(0.41)']
2026-01-28 03:02:53,463 - INFO - tesseract 结果: kHif
2026-01-28 03:02:53,529 - INFO - easyocr alt1 结果: ['KHIf(0.22)']
2026-01-28 03:02:53,621 - INFO - tesseract alt1 结果: ALE
2026-01-28 03:02:53,680 - INFO - easyocr alt2 结果: ['KHIf(0.24)']
2026-01-28 03:02:53,775 - INFO - tesseract alt2 结果: HY
2026-01-28 03:02:53,927 - INFO - easyocr alt3 结果: ['KHIf(0.57)']
2026-01-28 03:02:54,044 - INFO - tesseract alt3 结果: HIF
2026-01-28 03:02:54,102 - INFO - easyocr alt4 结果: ['KAIFs(0.15)']
2026-01-28 03:02:54,199 - INFO - tesseract alt4 结果: CATE
2026-01-28 03:02:54,256 - INFO - easyocr alt5 结果: ['KAF(0.30)']
2026-01-28 03:02:54,351 - INFO - tesseract alt5 结果: 
2026-01-28 03:02:54,351 - INFO - 最终验证码识别结果: KHIf (engine=easyocr_alt3, prob=0.5733896493911743)
2026-01-28 03:02:54,351 - INFO - 查找验证码输入框...
2026-01-28 03:02:54,407 - INFO - 验证码填写完成
2026-01-28 03:02:54,407 - INFO - 验证码填写完成，点击登录按钮...
2026-01-28 03:02:54,407 - INFO - 查找并点击登录按钮...
2026-01-28 03:02:54,463 - INFO - 已点击登录按钮
2026-01-28 03:03:01,483 - INFO - 开始填写登录表单...
2026-01-28 03:03:01,545 - INFO - 用户名填写完成
2026-01-28 03:03:01,602 - INFO - 密码填写完成
2026-01-28 03:03:01,603 - INFO - 验证码图片已保存到 /home/runner/work/nju_electric_monitor/nju_electric_monitor/src/../data/captcha_debug.png
2026-01-28 03:03:01,603 - INFO - 验证码识别尝试 6/30
2026-01-28 03:03:01,603 - INFO - 开始识别验证码...（easyocr + pytesseract）
2026-01-28 03:03:01,700 - INFO - easyocr 结果: ['kHIf(0.41)']
2026-01-28 03:03:01,792 - INFO - tesseract 结果: kHif
2026-01-28 03:03:01,851 - INFO - easyocr alt1 结果: ['KHIf(0.22)']
2026-01-28 03:03:01,949 - INFO - tesseract alt1 结果: ALE
2026-01-28 03:03:02,015 - INFO - easyocr alt2 结果: ['KHIf(0.24)']
2026-01-28 03:03:02,113 - INFO - tesseract alt2 结果: HY
2026-01-28 03:03:02,268 - INFO - easyocr alt3 结果: ['KHIf(0.57)']
2026-01-28 03:03:02,377 - INFO - tesseract alt3 结果: HIF
2026-01-28 03:03:02,454 - INFO - easyocr alt4 结果: ['KAIFs(0.15)']
2026-01-28 03:03:02,550 - INFO - tesseract alt4 结果: CATE
2026-01-28 03:03:02,608 - INFO - easyocr alt5 结果: ['KAF(0.30)']
2026-01-28 03:03:02,698 - INFO - tesseract alt5 结果: 
2026-01-28 03:03:02,698 - INFO - 最终验证码识别结果: KHIf (engine=easyocr_alt3, prob=0.5733896493911743)
2026-01-28 03:03:02,698 - INFO - 查找验证码输入框...
2026-01-28 03:03:02,755 - INFO - 验证码填写完成
2026-01-28 03:03:02,755 - INFO - 验证码填写完成，点击登录按钮...
2026-01-28 03:03:02,755 - INFO - 查找并点击登录按钮...
2026-01-28 03:03:02,811 - INFO - 已点击登录按钮
2026-01-28 03:03:09,833 - INFO - 开始填写登录表单...
2026-01-28 03:03:09,897 - INFO - 用户名填写完成
2026-01-28 03:03:09,958 - INFO - 密码填写完成
2026-01-28 03:03:09,959 - INFO - 验证码图片已保存到 /home/runner/work/nju_electric_monitor/nju_electric_monitor/src/../data/captcha_debug.png
2026-01-28 03:03:09,959 - INFO - 验证码识别尝试 7/30
2026-01-28 03:03:09,959 - INFO - 开始识别验证码...（easyocr + pytesseract）
2026-01-28 03:03:10,072 - INFO - easyocr 结果: ['kHIf(0.41)']
2026-01-28 03:03:10,176 - INFO - tesseract 结果: kHif
2026-01-28 03:03:10,247 - INFO - easyocr alt1 结果: ['KHIf(0.22)']
2026-01-28 03:03:10,345 - INFO - tesseract alt1 结果: ALE
2026-01-28 03:03:10,403 - INFO - easyocr alt2 结果: ['KHIf(0.24)']
2026-01-28 03:03:10,500 - INFO - tesseract alt2 结果: HY
2026-01-28 03:03:10,655 - INFO - easyocr alt3 结果: ['KHIf(0.57)']
2026-01-28 03:03:10,768 - INFO - tesseract alt3 结果: HIF
2026-01-28 03:03:10,843 - INFO - easyocr alt4 结果: ['KAIFs(0.15)']
2026-01-28 03:03:10,943 - INFO - tesseract alt4 结果: CATE
2026-01-28 03:03:11,001 - INFO - easyocr alt5 结果: ['KAF(0.30)']
2026-01-28 03:03:11,090 - INFO - tesseract alt5 结果: 
2026-01-28 03:03:11,091 - INFO - 最终验证码识别结果: KHIf (engine=easyocr_alt3, prob=0.5733896493911743)
2026-01-28 03:03:11,091 - INFO - 查找验证码输入框...
2026-01-28 03:03:11,151 - INFO - 验证码填写完成
2026-01-28 03:03:11,151 - INFO - 验证码填写完成，点击登录按钮...
2026-01-28 03:03:11,151 - INFO - 查找并点击登录按钮...
2026-01-28 03:03:11,513 - INFO - 已点击登录按钮
2026-01-28 03:03:18,533 - INFO - 开始填写登录表单...
2026-01-28 03:03:18,595 - INFO - 用户名填写完成
2026-01-28 03:03:18,656 - INFO - 密码填写完成
2026-01-28 03:03:18,657 - INFO - 验证码图片已保存到 /home/runner/work/nju_electric_monitor/nju_electric_monitor/src/../data/captcha_debug.png
2026-01-28 03:03:18,657 - INFO - 验证码识别尝试 8/30
2026-01-28 03:03:18,657 - INFO - 开始识别验证码...（easyocr + pytesseract）
2026-01-28 03:03:18,763 - INFO - easyocr 结果: ['kHIf(0.41)']
2026-01-28 03:03:18,857 - INFO - tesseract 结果: kHif
2026-01-28 03:03:18,917 - INFO - easyocr alt1 结果: ['KHIf(0.22)']
2026-01-28 03:03:19,015 - INFO - tesseract alt1 结果: ALE
2026-01-28 03:03:19,074 - INFO - easyocr alt2 结果: ['KHIf(0.24)']
2026-01-28 03:03:19,175 - INFO - tesseract alt2 结果: HY
2026-01-28 03:03:19,330 - INFO - easyocr alt3 结果: ['KHIf(0.57)']
2026-01-28 03:03:19,440 - INFO - tesseract alt3 结果: HIF
2026-01-28 03:03:19,507 - INFO - easyocr alt4 结果: ['KAIFs(0.15)']
2026-01-28 03:03:19,605 - INFO - tesseract alt4 结果: CATE
2026-01-28 03:03:19,664 - INFO - easyocr alt5 结果: ['KAF(0.30)']
2026-01-28 03:03:19,761 - INFO - tesseract alt5 结果: 
2026-01-28 03:03:19,761 - INFO - 最终验证码识别结果: KHIf (engine=easyocr_alt3, prob=0.5733896493911743)
2026-01-28 03:03:19,761 - INFO - 查找验证码输入框...
2026-01-28 03:03:19,819 - INFO - 验证码填写完成
2026-01-28 03:03:19,819 - INFO - 验证码填写完成，点击登录按钮...
2026-01-28 03:03:19,819 - INFO - 查找并点击登录按钮...
2026-01-28 03:03:19,876 - INFO - 已点击登录按钮
2026-01-28 03:03:26,899 - INFO - 开始填写登录表单...
2026-01-28 03:03:26,963 - INFO - 用户名填写完成
2026-01-28 03:03:27,025 - INFO - 密码填写完成
2026-01-28 03:03:27,025 - INFO - 验证码图片已保存到 /home/runner/work/nju_electric_monitor/nju_electric_monitor/src/../data/captcha_debug.png
2026-01-28 03:03:27,025 - INFO - 验证码识别尝试 9/30
2026-01-28 03:03:27,025 - INFO - 开始识别验证码...（easyocr + pytesseract）
2026-01-28 03:03:27,132 - INFO - easyocr 结果: ['kHIf(0.41)']
2026-01-28 03:03:27,227 - INFO - tesseract 结果: kHif
2026-01-28 03:03:27,286 - INFO - easyocr alt1 结果: ['KHIf(0.22)']
2026-01-28 03:03:27,382 - INFO - tesseract alt1 结果: ALE
2026-01-28 03:03:27,440 - INFO - easyocr alt2 结果: ['KHIf(0.24)']
2026-01-28 03:03:27,537 - INFO - tesseract alt2 结果: HY
2026-01-28 03:03:27,691 - INFO - easyocr alt3 结果: ['KHIf(0.57)']
2026-01-28 03:03:27,802 - INFO - tesseract alt3 结果: HIF
2026-01-28 03:03:27,881 - INFO - easyocr alt4 结果: ['KAIFs(0.15)']
2026-01-28 03:03:27,979 - INFO - tesseract alt4 结果: CATE
2026-01-28 03:03:28,038 - INFO - easyocr alt5 结果: ['KAF(0.30)']
2026-01-28 03:03:28,129 - INFO - tesseract alt5 结果: 
2026-01-28 03:03:28,129 - INFO - 最终验证码识别结果: KHIf (engine=easyocr_alt3, prob=0.5733896493911743)
2026-01-28 03:03:28,129 - INFO - 查找验证码输入框...
2026-01-28 03:03:28,187 - INFO - 验证码填写完成
2026-01-28 03:03:28,187 - INFO - 验证码填写完成，点击登录按钮...
2026-01-28 03:03:28,187 - INFO - 查找并点击登录按钮...
2026-01-28 03:03:28,245 - INFO - 已点击登录按钮
2026-01-28 03:03:35,265 - INFO - 开始填写登录表单...
2026-01-28 03:03:35,327 - INFO - 用户名填写完成
2026-01-28 03:03:35,388 - INFO - 密码填写完成
2026-01-28 03:03:35,388 - INFO - 验证码图片已保存到 /home/runner/work/nju_electric_monitor/nju_electric_monitor/src/../data/captcha_debug.png
2026-01-28 03:03:35,388 - INFO - 验证码识别尝试 10/30
2026-01-28 03:03:35,388 - INFO - 开始识别验证码...（easyocr + pytesseract）
2026-01-28 03:03:35,496 - INFO - easyocr 结果: ['kHIf(0.41)']
2026-01-28 03:03:35,591 - INFO - tesseract 结果: kHif
2026-01-28 03:03:35,652 - INFO - easyocr alt1 结果: ['KHIf(0.22)']
2026-01-28 03:03:35,747 - INFO - tesseract alt1 结果: ALE
2026-01-28 03:03:35,815 - INFO - easyocr alt2 结果: ['KHIf(0.24)']
2026-01-28 03:03:35,916 - INFO - tesseract alt2 结果: HY
2026-01-28 03:03:36,072 - INFO - easyocr alt3 结果: ['KHIf(0.57)']
2026-01-28 03:03:36,184 - INFO - tesseract alt3 结果: HIF
2026-01-28 03:03:36,243 - INFO - easyocr alt4 结果: ['KAIFs(0.15)']
2026-01-28 03:03:36,340 - INFO - tesseract alt4 结果: CATE
2026-01-28 03:03:36,398 - INFO - easyocr alt5 结果: ['KAF(0.30)']
2026-01-28 03:03:36,490 - INFO - tesseract alt5 结果: 
2026-01-28 03:03:36,491 - INFO - 最终验证码识别结果: KHIf (engine=easyocr_alt3, prob=0.5733896493911743)
2026-01-28 03:03:36,491 - INFO - 查找验证码输入框...
2026-01-28 03:03:36,549 - INFO - 验证码填写完成
2026-01-28 03:03:36,549 - INFO - 验证码填写完成，点击登录按钮...
2026-01-28 03:03:36,549 - INFO - 查找并点击登录按钮...
2026-01-28 03:03:36,919 - INFO - 已点击登录按钮
2026-01-28 03:03:43,939 - INFO - 开始填写登录表单...
2026-01-28 03:03:44,001 - INFO - 用户名填写完成
2026-01-28 03:03:44,061 - INFO - 密码填写完成
2026-01-28 03:03:44,061 - INFO - 验证码图片已保存到 /home/runner/work/nju_electric_monitor/nju_electric_monitor/src/../data/captcha_debug.png
2026-01-28 03:03:44,061 - INFO - 验证码识别尝试 11/30
2026-01-28 03:03:44,061 - INFO - 开始识别验证码...（easyocr + pytesseract）
2026-01-28 03:03:44,158 - INFO - easyocr 结果: ['kHIf(0.41)']
2026-01-28 03:03:44,253 - INFO - tesseract 结果: kHif
2026-01-28 03:03:44,313 - INFO - easyocr alt1 结果: ['KHIf(0.22)']
2026-01-28 03:03:44,409 - INFO - tesseract alt1 结果: ALE
2026-01-28 03:03:44,467 - INFO - easyocr alt2 结果: ['KHIf(0.24)']
2026-01-28 03:03:44,563 - INFO - tesseract alt2 结果: HY
2026-01-28 03:03:44,716 - INFO - easyocr alt3 结果: ['KHIf(0.57)']
2026-01-28 03:03:44,826 - INFO - tesseract alt3 结果: HIF
2026-01-28 03:03:44,884 - INFO - easyocr alt4 结果: ['KAIFs(0.15)']
2026-01-28 03:03:44,986 - INFO - tesseract alt4 结果: CATE
2026-01-28 03:03:45,045 - INFO - easyocr alt5 结果: ['KAF(0.30)']
2026-01-28 03:03:45,136 - INFO - tesseract alt5 结果: 
2026-01-28 03:03:45,137 - INFO - 最终验证码识别结果: KHIf (engine=easyocr_alt3, prob=0.5733896493911743)
2026-01-28 03:03:45,137 - INFO - 查找验证码输入框...
2026-01-28 03:03:45,196 - INFO - 验证码填写完成
2026-01-28 03:03:45,196 - INFO - 验证码填写完成，点击登录按钮...
2026-01-28 03:03:45,196 - INFO - 查找并点击登录按钮...
2026-01-28 03:03:45,559 - INFO - 已点击登录按钮
2026-01-28 03:03:52,579 - INFO - 开始填写登录表单...
2026-01-28 03:03:52,640 - INFO - 用户名填写完成
2026-01-28 03:03:52,700 - INFO - 密码填写完成
2026-01-28 03:03:52,701 - INFO - 验证码图片已保存到 /home/runner/work/nju_electric_monitor/nju_electric_monitor/src/../data/captcha_debug.png
2026-01-28 03:03:52,701 - INFO - 验证码识别尝试 12/30
2026-01-28 03:03:52,701 - INFO - 开始识别验证码...（easyocr + pytesseract）
2026-01-28 03:03:52,809 - INFO - easyocr 结果: ['kHIf(0.41)']
2026-01-28 03:03:52,903 - INFO - tesseract 结果: kHif
2026-01-28 03:03:52,962 - INFO - easyocr alt1 结果: ['KHIf(0.22)']
2026-01-28 03:03:53,055 - INFO - tesseract alt1 结果: ALE
2026-01-28 03:03:53,115 - INFO - easyocr alt2 结果: ['KHIf(0.24)']
2026-01-28 03:03:53,210 - INFO - tesseract alt2 结果: HY
2026-01-28 03:03:53,364 - INFO - easyocr alt3 结果: ['KHIf(0.57)']
2026-01-28 03:03:53,475 - INFO - tesseract alt3 结果: HIF
2026-01-28 03:03:53,533 - INFO - easyocr alt4 结果: ['KAIFs(0.15)']
2026-01-28 03:03:53,630 - INFO - tesseract alt4 结果: CATE
2026-01-28 03:03:53,688 - INFO - easyocr alt5 结果: ['KAF(0.30)']
2026-01-28 03:03:53,783 - INFO - tesseract alt5 结果: 
2026-01-28 03:03:53,784 - INFO - 最终验证码识别结果: KHIf (engine=easyocr_alt3, prob=0.5733896493911743)
2026-01-28 03:03:53,784 - INFO - 查找验证码输入框...
2026-01-28 03:03:53,841 - INFO - 验证码填写完成
2026-01-28 03:03:53,841 - INFO - 验证码填写完成，点击登录按钮...
2026-01-28 03:03:53,841 - INFO - 查找并点击登录按钮...
2026-01-28 03:03:54,191 - INFO - 已点击登录按钮
2026-01-28 03:04:01,211 - INFO - 开始填写登录表单...
2026-01-28 03:04:01,275 - INFO - 用户名填写完成
2026-01-28 03:04:01,335 - INFO - 密码填写完成
2026-01-28 03:04:01,336 - INFO - 验证码图片已保存到 /home/runner/work/nju_electric_monitor/nju_electric_monitor/src/../data/captcha_debug.png
2026-01-28 03:04:01,336 - INFO - 验证码识别尝试 13/30
2026-01-28 03:04:01,336 - INFO - 开始识别验证码...（easyocr + pytesseract）
2026-01-28 03:04:01,433 - INFO - easyocr 结果: ['kHIf(0.41)']
2026-01-28 03:04:01,527 - INFO - tesseract 结果: kHif
2026-01-28 03:04:01,586 - INFO - easyocr alt1 结果: ['KHIf(0.22)']
2026-01-28 03:04:01,680 - INFO - tesseract alt1 结果: ALE
2026-01-28 03:04:01,738 - INFO - easyocr alt2 结果: ['KHIf(0.24)']
2026-01-28 03:04:01,835 - INFO - tesseract alt2 结果: HY
2026-01-28 03:04:01,988 - INFO - easyocr alt3 结果: ['KHIf(0.57)']
2026-01-28 03:04:02,102 - INFO - tesseract alt3 结果: HIF
2026-01-28 03:04:02,159 - INFO - easyocr alt4 结果: ['KAIFs(0.15)']
2026-01-28 03:04:02,259 - INFO - tesseract alt4 结果: CATE
2026-01-28 03:04:02,318 - INFO - easyocr alt5 结果: ['KAF(0.30)']
2026-01-28 03:04:02,417 - INFO - tesseract alt5 结果: 
2026-01-28 03:04:02,417 - INFO - 最终验证码识别结果: KHIf (engine=easyocr_alt3, prob=0.5733896493911743)
2026-01-28 03:04:02,417 - INFO - 查找验证码输入框...
2026-01-28 03:04:02,474 - INFO - 验证码填写完成
2026-01-28 03:04:02,474 - INFO - 验证码填写完成，点击登录按钮...
2026-01-28 03:04:02,474 - INFO - 查找并点击登录按钮...
2026-01-28 03:04:02,818 - INFO - 已点击登录按钮
2026-01-28 03:04:09,839 - INFO - 开始填写登录表单...
2026-01-28 03:04:09,902 - INFO - 用户名填写完成
2026-01-28 03:04:09,963 - INFO - 密码填写完成
2026-01-28 03:04:09,964 - INFO - 验证码图片已保存到 /home/runner/work/nju_electric_monitor/nju_electric_monitor/src/../data/captcha_debug.png
2026-01-28 03:04:09,964 - INFO - 验证码识别尝试 14/30
2026-01-28 03:04:09,964 - INFO - 开始识别验证码...（easyocr + pytesseract）
2026-01-28 03:04:10,066 - INFO - easyocr 结果: ['kHIf(0.41)']
2026-01-28 03:04:10,163 - INFO - tesseract 结果: kHif
2026-01-28 03:04:10,222 - INFO - easyocr alt1 结果: ['KHIf(0.22)']
2026-01-28 03:04:10,317 - INFO - tesseract alt1 结果: ALE
2026-01-28 03:04:10,376 - INFO - easyocr alt2 结果: ['KHIf(0.24)']
2026-01-28 03:04:10,476 - INFO - tesseract alt2 结果: HY
2026-01-28 03:04:10,630 - INFO - easyocr alt3 结果: ['KHIf(0.57)']
2026-01-28 03:04:10,741 - INFO - tesseract alt3 结果: HIF
2026-01-28 03:04:10,799 - INFO - easyocr alt4 结果: ['KAIFs(0.15)']
2026-01-28 03:04:10,902 - INFO - tesseract alt4 结果: CATE
2026-01-28 03:04:10,960 - INFO - easyocr alt5 结果: ['KAF(0.30)']
2026-01-28 03:04:11,055 - INFO - tesseract alt5 结果: 
2026-01-28 03:04:11,055 - INFO - 最终验证码识别结果: KHIf (engine=easyocr_alt3, prob=0.5733896493911743)
2026-01-28 03:04:11,055 - INFO - 查找验证码输入框...
2026-01-28 03:04:11,113 - INFO - 验证码填写完成
2026-01-28 03:04:11,113 - INFO - 验证码填写完成，点击登录按钮...
2026-01-28 03:04:11,113 - INFO - 查找并点击登录按钮...
2026-01-28 03:04:11,457 - INFO - 已点击登录按钮
2026-01-28 03:04:18,477 - INFO - 开始填写登录表单...
2026-01-28 03:04:18,539 - INFO - 用户名填写完成
2026-01-28 03:04:18,601 - INFO - 密码填写完成
2026-01-28 03:04:18,601 - INFO - 验证码图片已保存到 /home/runner/work/nju_electric_monitor/nju_electric_monitor/src/../data/captcha_debug.png
2026-01-28 03:04:18,601 - INFO - 验证码识别尝试 15/30
2026-01-28 03:04:18,601 - INFO - 开始识别验证码...（easyocr + pytesseract）
2026-01-28 03:04:18,698 - INFO - easyocr 结果: ['kHIf(0.41)']
2026-01-28 03:04:18,793 - INFO - tesseract 结果: kHif
2026-01-28 03:04:18,851 - INFO - easyocr alt1 结果: ['KHIf(0.22)']
2026-01-28 03:04:18,947 - INFO - tesseract alt1 结果: ALE
2026-01-28 03:04:19,018 - INFO - easyocr alt2 结果: ['KHIf(0.24)']
2026-01-28 03:04:19,114 - INFO - tesseract alt2 结果: HY
2026-01-28 03:04:19,267 - INFO - easyocr alt3 结果: ['KHIf(0.57)']
2026-01-28 03:04:19,378 - INFO - tesseract alt3 结果: HIF
2026-01-28 03:04:19,445 - INFO - easyocr alt4 结果: ['KAIFs(0.15)']
2026-01-28 03:04:19,543 - INFO - tesseract alt4 结果: CATE
2026-01-28 03:04:19,601 - INFO - easyocr alt5 结果: ['KAF(0.30)']
2026-01-28 03:04:19,693 - INFO - tesseract alt5 结果: 
2026-01-28 03:04:19,693 - INFO - 最终验证码识别结果: KHIf (engine=easyocr_alt3, prob=0.5733896493911743)
2026-01-28 03:04:19,694 - INFO - 查找验证码输入框...
2026-01-28 03:04:19,752 - INFO - 验证码填写完成
2026-01-28 03:04:19,752 - INFO - 验证码填写完成，点击登录按钮...
2026-01-28 03:04:19,752 - INFO - 查找并点击登录按钮...
2026-01-28 03:04:19,810 - INFO - 已点击登录按钮
2026-01-28 03:04:26,830 - INFO - 开始填写登录表单...
2026-01-28 03:04:26,890 - INFO - 用户名填写完成
2026-01-28 03:04:26,950 - INFO - 密码填写完成
2026-01-28 03:04:26,950 - INFO - 验证码图片已保存到 /home/runner/work/nju_electric_monitor/nju_electric_monitor/src/../data/captcha_debug.png
2026-01-28 03:04:26,950 - INFO - 验证码识别尝试 16/30
2026-01-28 03:04:26,950 - INFO - 开始识别验证码...（easyocr + pytesseract）
2026-01-28 03:04:27,058 - INFO - easyocr 结果: ['kHIf(0.41)']
2026-01-28 03:04:27,152 - INFO - tesseract 结果: kHif
2026-01-28 03:04:27,212 - INFO - easyocr alt1 结果: ['KHIf(0.22)']
2026-01-28 03:04:27,307 - INFO - tesseract alt1 结果: ALE
2026-01-28 03:04:27,366 - INFO - easyocr alt2 结果: ['KHIf(0.24)']
2026-01-28 03:04:27,468 - INFO - tesseract alt2 结果: HY
2026-01-28 03:04:27,622 - INFO - easyocr alt3 结果: ['KHIf(0.57)']
2026-01-28 03:04:27,735 - INFO - tesseract alt3 结果: HIF
2026-01-28 03:04:27,793 - INFO - easyocr alt4 结果: ['KAIFs(0.15)']
2026-01-28 03:04:27,895 - INFO - tesseract alt4 结果: CATE
2026-01-28 03:04:27,953 - INFO - easyocr alt5 结果: ['KAF(0.30)']
2026-01-28 03:04:28,048 - INFO - tesseract alt5 结果: 
2026-01-28 03:04:28,048 - INFO - 最终验证码识别结果: KHIf (engine=easyocr_alt3, prob=0.5733896493911743)
2026-01-28 03:04:28,048 - INFO - 查找验证码输入框...
2026-01-28 03:04:28,105 - INFO - 验证码填写完成
2026-01-28 03:04:28,105 - INFO - 验证码填写完成，点击登录按钮...
2026-01-28 03:04:28,105 - INFO - 查找并点击登录按钮...
2026-01-28 03:04:28,162 - INFO - 已点击登录按钮
2026-01-28 03:04:35,182 - INFO - 开始填写登录表单...
2026-01-28 03:04:35,242 - INFO - 用户名填写完成
2026-01-28 03:04:35,300 - INFO - 密码填写完成
2026-01-28 03:04:35,301 - INFO - 验证码图片已保存到 /home/runner/work/nju_electric_monitor/nju_electric_monitor/src/../data/captcha_debug.png
2026-01-28 03:04:35,301 - INFO - 验证码识别尝试 17/30
2026-01-28 03:04:35,301 - INFO - 开始识别验证码...（easyocr + pytesseract）
2026-01-28 03:04:35,415 - INFO - easyocr 结果: ['kHIf(0.41)']
2026-01-28 03:04:35,511 - INFO - tesseract 结果: kHif
2026-01-28 03:04:35,571 - INFO - easyocr alt1 结果: ['KHIf(0.22)']
2026-01-28 03:04:35,667 - INFO - tesseract alt1 结果: ALE
2026-01-28 03:04:35,725 - INFO - easyocr alt2 结果: ['KHIf(0.24)']
2026-01-28 03:04:35,821 - INFO - tesseract alt2 结果: HY
2026-01-28 03:04:35,973 - INFO - easyocr alt3 结果: ['KHIf(0.57)']
2026-01-28 03:04:36,083 - INFO - tesseract alt3 结果: HIF
2026-01-28 03:04:36,141 - INFO - easyocr alt4 结果: ['KAIFs(0.15)']
2026-01-28 03:04:36,240 - INFO - tesseract alt4 结果: CATE
2026-01-28 03:04:36,299 - INFO - easyocr alt5 结果: ['KAF(0.30)']
2026-01-28 03:04:36,390 - INFO - tesseract alt5 结果: 
2026-01-28 03:04:36,390 - INFO - 最终验证码识别结果: KHIf (engine=easyocr_alt3, prob=0.5733896493911743)
2026-01-28 03:04:36,390 - INFO - 查找验证码输入框...
2026-01-28 03:04:36,446 - INFO - 验证码填写完成
2026-01-28 03:04:36,446 - INFO - 验证码填写完成，点击登录按钮...
2026-01-28 03:04:36,446 - INFO - 查找并点击登录按钮...
2026-01-28 03:04:36,815 - INFO - 已点击登录按钮
2026-01-28 03:04:43,835 - INFO - 开始填写登录表单...
2026-01-28 03:04:43,895 - INFO - 用户名填写完成
2026-01-28 03:04:43,952 - INFO - 密码填写完成
2026-01-28 03:04:43,953 - INFO - 验证码图片已保存到 /home/runner/work/nju_electric_monitor/nju_electric_monitor/src/../data/captcha_debug.png
2026-01-28 03:04:43,953 - INFO - 验证码识别尝试 18/30
2026-01-28 03:04:43,953 - INFO - 开始识别验证码...（easyocr + pytesseract）
2026-01-28 03:04:44,050 - INFO - easyocr 结果: ['kHIf(0.41)']
2026-01-28 03:04:44,147 - INFO - tesseract 结果: kHif
2026-01-28 03:04:44,207 - INFO - easyocr alt1 结果: ['KHIf(0.22)']
2026-01-28 03:04:44,301 - INFO - tesseract alt1 结果: ALE
2026-01-28 03:04:44,359 - INFO - easyocr alt2 结果: ['KHIf(0.24)']
2026-01-28 03:04:44,454 - INFO - tesseract alt2 结果: HY
2026-01-28 03:04:44,608 - INFO - easyocr alt3 结果: ['KHIf(0.57)']
2026-01-28 03:04:44,718 - INFO - tesseract alt3 结果: HIF
2026-01-28 03:04:44,776 - INFO - easyocr alt4 结果: ['KAIFs(0.15)']
2026-01-28 03:04:44,873 - INFO - tesseract alt4 结果: CATE
2026-01-28 03:04:44,931 - INFO - easyocr alt5 结果: ['KAF(0.30)']
2026-01-28 03:04:45,022 - INFO - tesseract alt5 结果: 
2026-01-28 03:04:45,022 - INFO - 最终验证码识别结果: KHIf (engine=easyocr_alt3, prob=0.5733896493911743)
2026-01-28 03:04:45,022 - INFO - 查找验证码输入框...
2026-01-28 03:04:45,077 - INFO - 验证码填写完成
2026-01-28 03:04:45,077 - INFO - 验证码填写完成，点击登录按钮...
2026-01-28 03:04:45,077 - INFO - 查找并点击登录按钮...
2026-01-28 03:04:45,419 - INFO - 已点击登录按钮
2026-01-28 03:04:52,439 - INFO - 开始填写登录表单...
2026-01-28 03:04:52,500 - INFO - 用户名填写完成
2026-01-28 03:04:52,558 - INFO - 密码填写完成
2026-01-28 03:04:52,559 - INFO - 验证码图片已保存到 /home/runner/work/nju_electric_monitor/nju_electric_monitor/src/../data/captcha_debug.png
2026-01-28 03:04:52,559 - INFO - 验证码识别尝试 19/30
2026-01-28 03:04:52,559 - INFO - 开始识别验证码...（easyocr + pytesseract）
2026-01-28 03:04:52,655 - INFO - easyocr 结果: ['kHIf(0.41)']
2026-01-28 03:04:52,751 - INFO - tesseract 结果: kHif
2026-01-28 03:04:52,810 - INFO - easyocr alt1 结果: ['KHIf(0.22)']
2026-01-28 03:04:52,909 - INFO - tesseract alt1 结果: ALE
2026-01-28 03:04:52,967 - INFO - easyocr alt2 结果: ['KHIf(0.24)']
2026-01-28 03:04:53,064 - INFO - tesseract alt2 结果: HY
2026-01-28 03:04:53,219 - INFO - easyocr alt3 结果: ['KHIf(0.57)']
2026-01-28 03:04:53,331 - INFO - tesseract alt3 结果: HIF
2026-01-28 03:04:53,390 - INFO - easyocr alt4 结果: ['KAIFs(0.15)']
2026-01-28 03:04:53,489 - INFO - tesseract alt4 结果: CATE
2026-01-28 03:04:53,547 - INFO - easyocr alt5 结果: ['KAF(0.30)']
2026-01-28 03:04:53,639 - INFO - tesseract alt5 结果: 
2026-01-28 03:04:53,639 - INFO - 最终验证码识别结果: KHIf (engine=easyocr_alt3, prob=0.5733896493911743)
2026-01-28 03:04:53,640 - INFO - 查找验证码输入框...
2026-01-28 03:04:53,695 - INFO - 验证码填写完成
2026-01-28 03:04:53,695 - INFO - 验证码填写完成，点击登录按钮...
2026-01-28 03:04:53,695 - INFO - 查找并点击登录按钮...
2026-01-28 03:04:54,036 - INFO - 已点击登录按钮
2026-01-28 03:05:01,056 - INFO - 开始填写登录表单...
2026-01-28 03:05:01,118 - INFO - 用户名填写完成
2026-01-28 03:05:01,176 - INFO - 密码填写完成
2026-01-28 03:05:01,176 - INFO - 验证码图片已保存到 /home/runner/work/nju_electric_monitor/nju_electric_monitor/src/../data/captcha_debug.png
2026-01-28 03:05:01,176 - INFO - 验证码识别尝试 20/30
2026-01-28 03:05:01,176 - INFO - 开始识别验证码...（easyocr + pytesseract）
2026-01-28 03:05:01,272 - INFO - easyocr 结果: ['kHIf(0.41)']
2026-01-28 03:05:01,370 - INFO - tesseract 结果: kHif
2026-01-28 03:05:01,429 - INFO - easyocr alt1 结果: ['KHIf(0.22)']
2026-01-28 03:05:01,525 - INFO - tesseract alt1 结果: ALE
2026-01-28 03:05:01,584 - INFO - easyocr alt2 结果: ['KHIf(0.24)']
2026-01-28 03:05:01,687 - INFO - tesseract alt2 结果: HY
2026-01-28 03:05:01,841 - INFO - easyocr alt3 结果: ['KHIf(0.57)']
2026-01-28 03:05:01,954 - INFO - tesseract alt3 结果: HIF
2026-01-28 03:05:02,012 - INFO - easyocr alt4 结果: ['KAIFs(0.15)']
2026-01-28 03:05:02,116 - INFO - tesseract alt4 结果: CATE
2026-01-28 03:05:02,174 - INFO - easyocr alt5 结果: ['KAF(0.30)']
2026-01-28 03:05:02,268 - INFO - tesseract alt5 结果: 
2026-01-28 03:05:02,268 - INFO - 最终验证码识别结果: KHIf (engine=easyocr_alt3, prob=0.5733896493911743)
2026-01-28 03:05:02,268 - INFO - 查找验证码输入框...
2026-01-28 03:05:02,325 - INFO - 验证码填写完成
2026-01-28 03:05:02,325 - INFO - 验证码填写完成，点击登录按钮...
2026-01-28 03:05:02,325 - INFO - 查找并点击登录按钮...
2026-01-28 03:05:02,672 - INFO - 已点击登录按钮
2026-01-28 03:05:09,692 - INFO - 开始填写登录表单...
2026-01-28 03:05:09,752 - INFO - 用户名填写完成
2026-01-28 03:05:09,810 - INFO - 密码填写完成
2026-01-28 03:05:09,811 - INFO - 验证码图片已保存到 /home/runner/work/nju_electric_monitor/nju_electric_monitor/src/../data/captcha_debug.png
2026-01-28 03:05:09,811 - INFO - 验证码识别尝试 21/30
2026-01-28 03:05:09,811 - INFO - 开始识别验证码...（easyocr + pytesseract）
2026-01-28 03:05:09,908 - INFO - easyocr 结果: ['kHIf(0.41)']
2026-01-28 03:05:10,001 - INFO - tesseract 结果: kHif
2026-01-28 03:05:10,060 - INFO - easyocr alt1 结果: ['KHIf(0.22)']
2026-01-28 03:05:10,156 - INFO - tesseract alt1 结果: ALE
2026-01-28 03:05:10,216 - INFO - easyocr alt2 结果: ['KHIf(0.24)']
2026-01-28 03:05:10,311 - INFO - tesseract alt2 结果: HY
2026-01-28 03:05:10,466 - INFO - easyocr alt3 结果: ['KHIf(0.57)']
2026-01-28 03:05:10,578 - INFO - tesseract alt3 结果: HIF
2026-01-28 03:05:10,650 - INFO - easyocr alt4 结果: ['KAIFs(0.15)']
2026-01-28 03:05:10,747 - INFO - tesseract alt4 结果: CATE
2026-01-28 03:05:10,805 - INFO - easyocr alt5 结果: ['KAF(0.30)']
2026-01-28 03:05:10,896 - INFO - tesseract alt5 结果: 
2026-01-28 03:05:10,896 - INFO - 最终验证码识别结果: KHIf (engine=easyocr_alt3, prob=0.5733896493911743)
2026-01-28 03:05:10,896 - INFO - 查找验证码输入框...
2026-01-28 03:05:10,951 - INFO - 验证码填写完成
2026-01-28 03:05:10,951 - INFO - 验证码填写完成，点击登录按钮...
2026-01-28 03:05:10,951 - INFO - 查找并点击登录按钮...
2026-01-28 03:05:11,007 - INFO - 已点击登录按钮
2026-01-28 03:05:18,027 - INFO - 开始填写登录表单...
2026-01-28 03:05:18,087 - INFO - 用户名填写完成
2026-01-28 03:05:18,146 - INFO - 密码填写完成
2026-01-28 03:05:18,147 - INFO - 验证码图片已保存到 /home/runner/work/nju_electric_monitor/nju_electric_monitor/src/../data/captcha_debug.png
2026-01-28 03:05:18,147 - INFO - 验证码识别尝试 22/30
2026-01-28 03:05:18,147 - INFO - 开始识别验证码...（easyocr + pytesseract）
2026-01-28 03:05:18,243 - INFO - easyocr 结果: ['kHIf(0.41)']
2026-01-28 03:05:18,337 - INFO - tesseract 结果: kHif
2026-01-28 03:05:18,396 - INFO - easyocr alt1 结果: ['KHIf(0.22)']
2026-01-28 03:05:18,491 - INFO - tesseract alt1 结果: ALE
2026-01-28 03:05:18,549 - INFO - easyocr alt2 结果: ['KHIf(0.24)']
2026-01-28 03:05:18,646 - INFO - tesseract alt2 结果: HY
2026-01-28 03:05:18,799 - INFO - easyocr alt3 结果: ['KHIf(0.57)']
2026-01-28 03:05:18,913 - INFO - tesseract alt3 结果: HIF
2026-01-28 03:05:18,971 - INFO - easyocr alt4 结果: ['KAIFs(0.15)']
2026-01-28 03:05:19,071 - INFO - tesseract alt4 结果: CATE
2026-01-28 03:05:19,129 - INFO - easyocr alt5 结果: ['KAF(0.30)']
2026-01-28 03:05:19,221 - INFO - tesseract alt5 结果: 
2026-01-28 03:05:19,222 - INFO - 最终验证码识别结果: KHIf (engine=easyocr_alt3, prob=0.5733896493911743)
2026-01-28 03:05:19,222 - INFO - 查找验证码输入框...
2026-01-28 03:05:19,278 - INFO - 验证码填写完成
2026-01-28 03:05:19,278 - INFO - 验证码填写完成，点击登录按钮...
2026-01-28 03:05:19,278 - INFO - 查找并点击登录按钮...
2026-01-28 03:05:19,647 - INFO - 已点击登录按钮
2026-01-28 03:05:26,667 - INFO - 开始填写登录表单...
2026-01-28 03:05:26,727 - INFO - 用户名填写完成
2026-01-28 03:05:26,784 - INFO - 密码填写完成
2026-01-28 03:05:26,785 - INFO - 验证码图片已保存到 /home/runner/work/nju_electric_monitor/nju_electric_monitor/src/../data/captcha_debug.png
2026-01-28 03:05:26,785 - INFO - 验证码识别尝试 23/30
2026-01-28 03:05:26,785 - INFO - 开始识别验证码...（easyocr + pytesseract）
2026-01-28 03:05:26,890 - INFO - easyocr 结果: ['kHIf(0.41)']
2026-01-28 03:05:26,987 - INFO - tesseract 结果: kHif
2026-01-28 03:05:27,046 - INFO - easyocr alt1 结果: ['KHIf(0.22)']
2026-01-28 03:05:27,137 - INFO - tesseract alt1 结果: ALE
2026-01-28 03:05:27,197 - INFO - easyocr alt2 结果: ['KHIf(0.24)']
2026-01-28 03:05:27,292 - INFO - tesseract alt2 结果: HY
2026-01-28 03:05:27,446 - INFO - easyocr alt3 结果: ['KHIf(0.57)']
2026-01-28 03:05:27,557 - INFO - tesseract alt3 结果: HIF
2026-01-28 03:05:27,632 - INFO - easyocr alt4 结果: ['KAIFs(0.15)']
2026-01-28 03:05:27,729 - INFO - tesseract alt4 结果: CATE
2026-01-28 03:05:27,787 - INFO - easyocr alt5 结果: ['KAF(0.30)']
2026-01-28 03:05:27,879 - INFO - tesseract alt5 结果: 
2026-01-28 03:05:27,879 - INFO - 最终验证码识别结果: KHIf (engine=easyocr_alt3, prob=0.5733896493911743)
2026-01-28 03:05:27,879 - INFO - 查找验证码输入框...
2026-01-28 03:05:27,934 - INFO - 验证码填写完成
2026-01-28 03:05:27,934 - INFO - 验证码填写完成，点击登录按钮...
2026-01-28 03:05:27,934 - INFO - 查找并点击登录按钮...
2026-01-28 03:05:27,990 - INFO - 已点击登录按钮
2026-01-28 03:05:35,010 - INFO - 开始填写登录表单...
2026-01-28 03:05:35,071 - INFO - 用户名填写完成
2026-01-28 03:05:35,129 - INFO - 密码填写完成
2026-01-28 03:05:35,130 - INFO - 验证码图片已保存到 /home/runner/work/nju_electric_monitor/nju_electric_monitor/src/../data/captcha_debug.png
2026-01-28 03:05:35,130 - INFO - 验证码识别尝试 24/30
2026-01-28 03:05:35,130 - INFO - 开始识别验证码...（easyocr + pytesseract）
2026-01-28 03:05:35,231 - INFO - easyocr 结果: ['kHIf(0.41)']
2026-01-28 03:05:35,327 - INFO - tesseract 结果: kHif
2026-01-28 03:05:35,386 - INFO - easyocr alt1 结果: ['KHIf(0.22)']
2026-01-28 03:05:35,481 - INFO - tesseract alt1 结果: ALE
2026-01-28 03:05:35,539 - INFO - easyocr alt2 结果: ['KHIf(0.24)']
2026-01-28 03:05:35,637 - INFO - tesseract alt2 结果: HY
2026-01-28 03:05:35,791 - INFO - easyocr alt3 结果: ['KHIf(0.57)']
2026-01-28 03:05:35,903 - INFO - tesseract alt3 结果: HIF
2026-01-28 03:05:35,962 - INFO - easyocr alt4 结果: ['KAIFs(0.15)']
2026-01-28 03:05:36,063 - INFO - tesseract alt4 结果: CATE
2026-01-28 03:05:36,122 - INFO - easyocr alt5 结果: ['KAF(0.30)']
2026-01-28 03:05:36,218 - INFO - tesseract alt5 结果: 
2026-01-28 03:05:36,218 - INFO - 最终验证码识别结果: KHIf (engine=easyocr_alt3, prob=0.5733896493911743)
2026-01-28 03:05:36,218 - INFO - 查找验证码输入框...
2026-01-28 03:05:36,275 - INFO - 验证码填写完成
2026-01-28 03:05:36,275 - INFO - 验证码填写完成，点击登录按钮...
2026-01-28 03:05:36,275 - INFO - 查找并点击登录按钮...
2026-01-28 03:05:36,645 - INFO - 已点击登录按钮
2026-01-28 03:05:43,665 - INFO - 开始填写登录表单...
2026-01-28 03:05:43,725 - INFO - 用户名填写完成
2026-01-28 03:05:43,783 - INFO - 密码填写完成
2026-01-28 03:05:43,784 - INFO - 验证码图片已保存到 /home/runner/work/nju_electric_monitor/nju_electric_monitor/src/../data/captcha_debug.png
2026-01-28 03:05:43,784 - INFO - 验证码识别尝试 25/30
2026-01-28 03:05:43,784 - INFO - 开始识别验证码...（easyocr + pytesseract）
2026-01-28 03:05:43,890 - INFO - easyocr 结果: ['kHIf(0.41)']
2026-01-28 03:05:43,985 - INFO - tesseract 结果: kHif
2026-01-28 03:05:44,043 - INFO - easyocr alt1 结果: ['KHIf(0.22)']
2026-01-28 03:05:44,139 - INFO - tesseract alt1 结果: ALE
2026-01-28 03:05:44,197 - INFO - easyocr alt2 结果: ['KHIf(0.24)']
2026-01-28 03:05:44,293 - INFO - tesseract alt2 结果: HY
2026-01-28 03:05:44,446 - INFO - easyocr alt3 结果: ['KHIf(0.57)']
2026-01-28 03:05:44,556 - INFO - tesseract alt3 结果: HIF
2026-01-28 03:05:44,614 - INFO - easyocr alt4 结果: ['KAIFs(0.15)']
2026-01-28 03:05:44,712 - INFO - tesseract alt4 结果: CATE
2026-01-28 03:05:44,770 - INFO - easyocr alt5 结果: ['KAF(0.30)']
2026-01-28 03:05:44,863 - INFO - tesseract alt5 结果: 
2026-01-28 03:05:44,863 - INFO - 最终验证码识别结果: KHIf (engine=easyocr_alt3, prob=0.5733896493911743)
2026-01-28 03:05:44,864 - INFO - 查找验证码输入框...
2026-01-28 03:05:44,919 - INFO - 验证码填写完成
2026-01-28 03:05:44,919 - INFO - 验证码填写完成，点击登录按钮...
2026-01-28 03:05:44,919 - INFO - 查找并点击登录按钮...
2026-01-28 03:05:44,976 - INFO - 已点击登录按钮
2026-01-28 03:05:51,995 - INFO - 开始填写登录表单...
2026-01-28 03:05:52,055 - INFO - 用户名填写完成
2026-01-28 03:05:52,114 - INFO - 密码填写完成
2026-01-28 03:05:52,114 - INFO - 验证码图片已保存到 /home/runner/work/nju_electric_monitor/nju_electric_monitor/src/../data/captcha_debug.png
2026-01-28 03:05:52,114 - INFO - 验证码识别尝试 26/30
2026-01-28 03:05:52,115 - INFO - 开始识别验证码...（easyocr + pytesseract）
2026-01-28 03:05:52,228 - INFO - easyocr 结果: ['kHIf(0.41)']
2026-01-28 03:05:52,323 - INFO - tesseract 结果: kHif
2026-01-28 03:05:52,382 - INFO - easyocr alt1 结果: ['KHIf(0.22)']
2026-01-28 03:05:52,476 - INFO - tesseract alt1 结果: ALE
2026-01-28 03:05:52,534 - INFO - easyocr alt2 结果: ['KHIf(0.24)']
2026-01-28 03:05:52,634 - INFO - tesseract alt2 结果: HY
2026-01-28 03:05:52,787 - INFO - easyocr alt3 结果: ['KHIf(0.57)']
2026-01-28 03:05:52,898 - INFO - tesseract alt3 结果: HIF
2026-01-28 03:05:52,963 - INFO - easyocr alt4 结果: ['KAIFs(0.15)']
2026-01-28 03:05:53,061 - INFO - tesseract alt4 结果: CATE
2026-01-28 03:05:53,119 - INFO - easyocr alt5 结果: ['KAF(0.30)']
2026-01-28 03:05:53,211 - INFO - tesseract alt5 结果: 
2026-01-28 03:05:53,211 - INFO - 最终验证码识别结果: KHIf (engine=easyocr_alt3, prob=0.5733896493911743)
2026-01-28 03:05:53,211 - INFO - 查找验证码输入框...
2026-01-28 03:05:53,266 - INFO - 验证码填写完成
2026-01-28 03:05:53,266 - INFO - 验证码填写完成，点击登录按钮...
2026-01-28 03:05:53,266 - INFO - 查找并点击登录按钮...
2026-01-28 03:05:53,323 - INFO - 已点击登录按钮
2026-01-28 03:06:00,343 - INFO - 开始填写登录表单...
2026-01-28 03:06:00,403 - INFO - 用户名填写完成
2026-01-28 03:06:00,462 - INFO - 密码填写完成
2026-01-28 03:06:00,462 - INFO - 验证码图片已保存到 /home/runner/work/nju_electric_monitor/nju_electric_monitor/src/../data/captcha_debug.png
2026-01-28 03:06:00,463 - INFO - 验证码识别尝试 27/30
2026-01-28 03:06:00,463 - INFO - 开始识别验证码...（easyocr + pytesseract）
2026-01-28 03:06:00,573 - INFO - easyocr 结果: ['kHIf(0.41)']
2026-01-28 03:06:00,663 - INFO - tesseract 结果: kHif
2026-01-28 03:06:00,723 - INFO - easyocr alt1 结果: ['KHIf(0.22)']
2026-01-28 03:06:00,818 - INFO - tesseract alt1 结果: ALE
2026-01-28 03:06:00,877 - INFO - easyocr alt2 结果: ['KHIf(0.24)']
2026-01-28 03:06:00,971 - INFO - tesseract alt2 结果: HY
2026-01-28 03:06:01,126 - INFO - easyocr alt3 结果: ['KHIf(0.57)']
2026-01-28 03:06:01,240 - INFO - tesseract alt3 结果: HIF
2026-01-28 03:06:01,313 - INFO - easyocr alt4 结果: ['KAIFs(0.15)']
2026-01-28 03:06:01,409 - INFO - tesseract alt4 结果: CATE
2026-01-28 03:06:01,468 - INFO - easyocr alt5 结果: ['KAF(0.30)']
2026-01-28 03:06:01,559 - INFO - tesseract alt5 结果: 
2026-01-28 03:06:01,559 - INFO - 最终验证码识别结果: KHIf (engine=easyocr_alt3, prob=0.5733896493911743)
2026-01-28 03:06:01,559 - INFO - 查找验证码输入框...
2026-01-28 03:06:01,615 - INFO - 验证码填写完成
2026-01-28 03:06:01,616 - INFO - 验证码填写完成，点击登录按钮...
2026-01-28 03:06:01,616 - INFO - 查找并点击登录按钮...
2026-01-28 03:06:01,671 - INFO - 已点击登录按钮
2026-01-28 03:06:08,691 - INFO - 开始填写登录表单...
2026-01-28 03:06:08,752 - INFO - 用户名填写完成
2026-01-28 03:06:08,810 - INFO - 密码填写完成
2026-01-28 03:06:08,811 - INFO - 验证码图片已保存到 /home/runner/work/nju_electric_monitor/nju_electric_monitor/src/../data/captcha_debug.png
2026-01-28 03:06:08,811 - INFO - 验证码识别尝试 28/30
2026-01-28 03:06:08,811 - INFO - 开始识别验证码...（easyocr + pytesseract）
2026-01-28 03:06:08,913 - INFO - easyocr 结果: ['kHIf(0.41)']
2026-01-28 03:06:09,005 - INFO - tesseract 结果: kHif
2026-01-28 03:06:09,064 - INFO - easyocr alt1 结果: ['KHIf(0.22)']
2026-01-28 03:06:09,160 - INFO - tesseract alt1 结果: ALE
2026-01-28 03:06:09,218 - INFO - easyocr alt2 结果: ['KHIf(0.24)']
2026-01-28 03:06:09,316 - INFO - tesseract alt2 结果: HY
2026-01-28 03:06:09,469 - INFO - easyocr alt3 结果: ['KHIf(0.57)']
2026-01-28 03:06:09,581 - INFO - tesseract alt3 结果: HIF
2026-01-28 03:06:09,639 - INFO - easyocr alt4 结果: ['KAIFs(0.15)']
2026-01-28 03:06:09,736 - INFO - tesseract alt4 结果: CATE
2026-01-28 03:06:09,794 - INFO - easyocr alt5 结果: ['KAF(0.30)']
2026-01-28 03:06:09,883 - INFO - tesseract alt5 结果: 
2026-01-28 03:06:09,883 - INFO - 最终验证码识别结果: KHIf (engine=easyocr_alt3, prob=0.5733896493911743)
2026-01-28 03:06:09,883 - INFO - 查找验证码输入框...
2026-01-28 03:06:09,940 - INFO - 验证码填写完成
2026-01-28 03:06:09,940 - INFO - 验证码填写完成，点击登录按钮...
2026-01-28 03:06:09,940 - INFO - 查找并点击登录按钮...
2026-01-28 03:06:10,310 - INFO - 已点击登录按钮
2026-01-28 03:06:17,333 - INFO - 开始填写登录表单...
2026-01-28 03:06:17,401 - INFO - 用户名填写完成
2026-01-28 03:06:17,464 - INFO - 密码填写完成
2026-01-28 03:06:17,465 - INFO - 验证码图片已保存到 /home/runner/work/nju_electric_monitor/nju_electric_monitor/src/../data/captcha_debug.png
2026-01-28 03:06:17,465 - INFO - 验证码识别尝试 29/30
2026-01-28 03:06:17,465 - INFO - 开始识别验证码...（easyocr + pytesseract）
2026-01-28 03:06:17,561 - INFO - easyocr 结果: ['kHIf(0.41)']
2026-01-28 03:06:17,655 - INFO - tesseract 结果: kHif
2026-01-28 03:06:17,714 - INFO - easyocr alt1 结果: ['KHIf(0.22)']
2026-01-28 03:06:17,811 - INFO - tesseract alt1 结果: ALE
2026-01-28 03:06:17,873 - INFO - easyocr alt2 结果: ['KHIf(0.24)']
2026-01-28 03:06:17,973 - INFO - tesseract alt2 结果: HY
2026-01-28 03:06:18,126 - INFO - easyocr alt3 结果: ['KHIf(0.57)']
2026-01-28 03:06:18,235 - INFO - tesseract alt3 结果: HIF
2026-01-28 03:06:18,293 - INFO - easyocr alt4 结果: ['KAIFs(0.15)']
2026-01-28 03:06:18,390 - INFO - tesseract alt4 结果: CATE
2026-01-28 03:06:18,449 - INFO - easyocr alt5 结果: ['KAF(0.30)']
2026-01-28 03:06:18,543 - INFO - tesseract alt5 结果: 
2026-01-28 03:06:18,543 - INFO - 最终验证码识别结果: KHIf (engine=easyocr_alt3, prob=0.5733896493911743)
2026-01-28 03:06:18,543 - INFO - 查找验证码输入框...
2026-01-28 03:06:18,599 - INFO - 验证码填写完成
2026-01-28 03:06:18,599 - INFO - 验证码填写完成，点击登录按钮...
2026-01-28 03:06:18,599 - INFO - 查找并点击登录按钮...
2026-01-28 03:06:18,656 - INFO - 已点击登录按钮
2026-01-28 03:06:25,675 - INFO - 开始填写登录表单...
2026-01-28 03:06:25,735 - INFO - 用户名填写完成
2026-01-28 03:06:25,793 - INFO - 密码填写完成
2026-01-28 03:06:25,793 - INFO - 验证码图片已保存到 /home/runner/work/nju_electric_monitor/nju_electric_monitor/src/../data/captcha_debug.png
2026-01-28 03:06:25,793 - INFO - 验证码识别尝试 30/30
2026-01-28 03:06:25,793 - INFO - 开始识别验证码...（easyocr + pytesseract）
2026-01-28 03:06:25,889 - INFO - easyocr 结果: ['kHIf(0.41)']
2026-01-28 03:06:25,982 - INFO - tesseract 结果: kHif
2026-01-28 03:06:26,041 - INFO - easyocr alt1 结果: ['KHIf(0.22)']
2026-01-28 03:06:26,137 - INFO - tesseract alt1 结果: ALE
2026-01-28 03:06:26,195 - INFO - easyocr alt2 结果: ['KHIf(0.24)']
2026-01-28 03:06:26,291 - INFO - tesseract alt2 结果: HY
2026-01-28 03:06:26,458 - INFO - easyocr alt3 结果: ['KHIf(0.57)']
2026-01-28 03:06:26,567 - INFO - tesseract alt3 结果: HIF
2026-01-28 03:06:26,625 - INFO - easyocr alt4 结果: ['KAIFs(0.15)']
2026-01-28 03:06:26,721 - INFO - tesseract alt4 结果: CATE
2026-01-28 03:06:26,779 - INFO - easyocr alt5 结果: ['KAF(0.30)']
2026-01-28 03:06:26,869 - INFO - tesseract alt5 结果: 
2026-01-28 03:06:26,869 - INFO - 最终验证码识别结果: KHIf (engine=easyocr_alt3, prob=0.5733896493911743)
2026-01-28 03:06:26,869 - INFO - 查找验证码输入框...
2026-01-28 03:06:26,925 - INFO - 验证码填写完成
2026-01-28 03:06:26,925 - INFO - 验证码填写完成，点击登录按钮...
2026-01-28 03:06:26,926 - INFO - 查找并点击登录按钮...
2026-01-28 03:06:27,295 - INFO - 已点击登录按钮
2026-01-28 03:06:34,314 - WARNING - 自动验证码识别失败，请手动输入
请手动输入验证码: 2026-01-28 03:06:34,314 - ERROR - 处理验证码时出错: EOF when reading a line
2026-01-28 03:06:34,314 - WARNING - 验证码处理失败，但继续尝试登录
2026-01-28 03:06:34,314 - INFO - 查找并点击登录按钮...
2026-01-28 03:06:34,370 - INFO - 已点击登录按钮
2026-01-28 03:06:39,371 - INFO - 等待登录成功...
2026-01-28 03:06:44,375 - INFO - 登录可能成功，继续下一步...
2026-01-28 03:06:44,375 - INFO - 查找'去充值'按钮...
2026-01-28 03:06:44,438 - INFO - 已点击充值按钮
2026-01-28 03:06:47,438 - INFO - 开始提取剩余电量信息...
2026-01-28 03:06:47,443 - INFO - 页面源码已保存到 /home/runner/work/nju_electric_monitor/nju_electric_monitor/src/../data/debug_page_source.html
2026-01-28 03:06:47,452 - WARNING - 未找到电量信息元素，尝试其他方法...
2026-01-28 03:06:47,460 - WARNING - 未找到i标签中的电量信息，尝试其他方法...
2026-01-28 03:06:47,463 - INFO - 在页面源码中查找电量信息...
2026-01-28 03:06:47,474 - WARNING - 未能提取到剩余电量信息
2026-01-28 03:06:47,474 - WARNING - 没有电量数据可保存
2026-01-28 03:06:47,474 - INFO - 监控流程完成
Wrapper end: 2026-01-28T11:06:47.583291+08:00
