Wrapper start: 2026-02-28T11:08:53.109633+08:00

=== ENVIRONMENT SUMMARY ===
Environment variable keys (count=121):
- ACCEPT_EULA
- ACTIONS_ORCHESTRATION_ID
- ACTIONS_RUNNER_ACTION_ARCHIVE_CACHE
- AGENT_TOOLSDIRECTORY
- ANDROID_HOME
- ANDROID_NDK
- ANDROID_NDK_HOME
- ANDROID_NDK_LATEST_HOME
- ANDROID_NDK_ROOT
- ANDROID_SDK_ROOT
NJU_USERNAME set: yes
NJU_PASSWORD set: yes

=== DISK USAGE (df -h) ===
Filesystem      Size  Used Avail Use% Mounted on
/dev/root       145G   63G   82G  44% /
tmpfs           7.9G   84K  7.9G   1% /dev/shm
tmpfs           3.2G  2.6M  3.2G   1% /run
tmpfs           5.0M     0  5.0M   0% /run/lock
efivarfs        128M   26K  128M   1% /sys/firmware/efi/efivars
/dev/sda16      881M   63M  757M   8% /boot
/dev/sda15      105M  6.2M   99M   6% /boot/efi
tmpfs           1.6G   12K  1.6G   1% /run/user/1001


=== KEY DIR SIZES ===
23M	/home/runner/work/nju_electric_monitor/nju_electric_monitor/src/../logs

344K	/home/runner/work/nju_electric_monitor/nju_electric_monitor/src/../data

101M	/home/runner/work/nju_electric_monitor/nju_electric_monitor/src/../models


=== CONFIG_WORKFLOW SUMMARY ===
{
  "username": "",
  "password": "",
  "auto_login": true,
  "headless_mode": true,
  "captcha_retry_count": 30,
  "captcha_confidence_threshold": 0.3,
  "save_captcha_images": true,
  "log_level": "INFO"
}

=== FONT DIAGNOSTICS ===
Found system fonts (ttf) count: 59
- /usr/share/fonts/truetype/dejavu/DejaVuSansCondensed-BoldOblique.ttf
- /usr/share/fonts/truetype/liberation/LiberationSerif-Italic.ttf
- /usr/share/fonts/truetype/dejavu/DejaVuSerif.ttf
- /usr/share/fonts/truetype/liberation/LiberationSans-BoldItalic.ttf
- /usr/share/fonts/truetype/lato/Lato-Italic.ttf
- /usr/share/fonts/truetype/dejavu/DejaVuSerif-BoldItalic.ttf
- /usr/share/fonts/truetype/liberation/LiberationMono-Regular.ttf
- /usr/share/fonts/truetype/lato/Lato-SemiboldItalic.ttf
- /usr/share/fonts/truetype/lato/Lato-ThinItalic.ttf
- /usr/share/fonts/truetype/dejavu/DejaVuSans.ttf
- /usr/share/fonts/truetype/lato/Lato-Hairline.ttf
- /usr/share/fonts/truetype/lato/Lato-Thin.ttf
- /usr/share/fonts/truetype/liberation/LiberationMono-Bold.ttf
- /usr/share/fonts/truetype/dejavu/DejaVuSansCondensed-Bold.ttf
- /usr/share/fonts/truetype/lato/Lato-LightItalic.ttf
- /usr/share/fonts/truetype/dejavu/DejaVuSansMono-Bold.ttf
- /usr/share/fonts/truetype/dejavu/DejaVuSerif-Bold.ttf
- /usr/share/fonts/truetype/dejavu/DejaVuSans-Oblique.ttf
- /usr/share/fonts/truetype/dejavu/DejaVuMathTeXGyre.ttf
- /usr/share/fonts/truetype/dejavu/DejaVuSansMono-BoldOblique.ttf
- /usr/share/fonts/truetype/liberation/LiberationSans-Bold.ttf
- /usr/share/fonts/truetype/liberation/LiberationSans-Italic.ttf
- /usr/share/fonts/truetype/lato/Lato-BlackItalic.ttf
- /usr/share/fonts/truetype/dejavu/DejaVuSans-BoldOblique.ttf
- /usr/share/fonts/truetype/lato/Lato-BoldItalic.ttf
- /usr/share/fonts/opentype/noto/NotoSansCJK-Regular.ttc
- /usr/share/fonts/opentype/noto/NotoSerifCJK-Regular.ttc
- /usr/share/fonts/truetype/dejavu/DejaVuSerif-Italic.ttf
- /usr/share/fonts/truetype/wqy/wqy-zenhei.ttc
- /usr/share/fonts/truetype/dejavu/DejaVuSerifCondensed-Bold.ttf
- /usr/share/fonts/truetype/liberation/LiberationMono-Italic.ttf
- /usr/share/fonts/truetype/lato/Lato-MediumItalic.ttf
- /usr/share/fonts/truetype/lato/Lato-Bold.ttf
- /usr/share/fonts/truetype/dejavu/DejaVuSerifCondensed-BoldItalic.ttf
- /usr/share/fonts/truetype/dejavu/DejaVuSansCondensed.ttf
- /usr/share/fonts/truetype/dejavu/DejaVuSansMono-Oblique.ttf
- /usr/share/fonts/truetype/dejavu/DejaVuSans-Bold.ttf
- /usr/share/fonts/truetype/lato/Lato-Black.ttf
- /usr/share/fonts/truetype/liberation/LiberationSerif-BoldItalic.ttf
- /usr/share/fonts/truetype/dejavu/DejaVuSerifCondensed-Italic.ttf
- /usr/share/fonts/truetype/lato/Lato-Regular.ttf
- /usr/share/fonts/truetype/lato/Lato-Medium.ttf
- /usr/share/fonts/truetype/noto/NotoColorEmoji.ttf
- /usr/share/fonts/truetype/dejavu/DejaVuSerifCondensed.ttf
- /usr/share/fonts/truetype/lato/Lato-HairlineItalic.ttf
- /usr/share/fonts/truetype/dejavu/DejaVuSansCondensed-Oblique.ttf
- /usr/share/fonts/truetype/lato/Lato-HeavyItalic.ttf
- /usr/share/fonts/truetype/dejavu/DejaVuSans-ExtraLight.ttf
- /usr/share/fonts/truetype/wqy/wqy-microhei.ttc
- /usr/share/fonts/truetype/liberation/LiberationMono-BoldItalic.ttf

FontManager samples (name -> path):
cmex10 -> /opt/hostedtoolcache/Python/3.14.3/x64/lib/python3.14/site-packages/matplotlib/mpl-data/fonts/ttf/cmex10.ttf
cmss10 -> /opt/hostedtoolcache/Python/3.14.3/x64/lib/python3.14/site-packages/matplotlib/mpl-data/fonts/ttf/cmss10.ttf
cmmi10 -> /opt/hostedtoolcache/Python/3.14.3/x64/lib/python3.14/site-packages/matplotlib/mpl-data/fonts/ttf/cmmi10.ttf
cmb10 -> /opt/hostedtoolcache/Python/3.14.3/x64/lib/python3.14/site-packages/matplotlib/mpl-data/fonts/ttf/cmb10.ttf
STIXNonUnicode -> /opt/hostedtoolcache/Python/3.14.3/x64/lib/python3.14/site-packages/matplotlib/mpl-data/fonts/ttf/STIXNonUni.ttf
STIXGeneral -> /opt/hostedtoolcache/Python/3.14.3/x64/lib/python3.14/site-packages/matplotlib/mpl-data/fonts/ttf/STIXGeneralItalic.ttf
STIXNonUnicode -> /opt/hostedtoolcache/Python/3.14.3/x64/lib/python3.14/site-packages/matplotlib/mpl-data/fonts/ttf/STIXNonUniIta.ttf
DejaVu Sans -> /opt/hostedtoolcache/Python/3.14.3/x64/lib/python3.14/site-packages/matplotlib/mpl-data/fonts/ttf/DejaVuSans-Oblique.ttf
STIXSizeTwoSym -> /opt/hostedtoolcache/Python/3.14.3/x64/lib/python3.14/site-packages/matplotlib/mpl-data/fonts/ttf/STIXSizTwoSymBol.ttf
STIXSizeTwoSym -> /opt/hostedtoolcache/Python/3.14.3/x64/lib/python3.14/site-packages/matplotlib/mpl-data/fonts/ttf/STIXSizTwoSymReg.ttf
DejaVu Sans Mono -> /opt/hostedtoolcache/Python/3.14.3/x64/lib/python3.14/site-packages/matplotlib/mpl-data/fonts/ttf/DejaVuSansMono.ttf
STIXGeneral -> /opt/hostedtoolcache/Python/3.14.3/x64/lib/python3.14/site-packages/matplotlib/mpl-data/fonts/ttf/STIXGeneral.ttf
DejaVu Sans -> /opt/hostedtoolcache/Python/3.14.3/x64/lib/python3.14/site-packages/matplotlib/mpl-data/fonts/ttf/DejaVuSans-Bold.ttf
DejaVu Serif -> /opt/hostedtoolcache/Python/3.14.3/x64/lib/python3.14/site-packages/matplotlib/mpl-data/fonts/ttf/DejaVuSerif-Italic.ttf
DejaVu Sans -> /opt/hostedtoolcache/Python/3.14.3/x64/lib/python3.14/site-packages/matplotlib/mpl-data/fonts/ttf/DejaVuSans-BoldOblique.ttf
cmtt10 -> /opt/hostedtoolcache/Python/3.14.3/x64/lib/python3.14/site-packages/matplotlib/mpl-data/fonts/ttf/cmtt10.ttf
STIXGeneral -> /opt/hostedtoolcache/Python/3.14.3/x64/lib/python3.14/site-packages/matplotlib/mpl-data/fonts/ttf/STIXGeneralBolIta.ttf
STIXSizeFourSym -> /opt/hostedtoolcache/Python/3.14.3/x64/lib/python3.14/site-packages/matplotlib/mpl-data/fonts/ttf/STIXSizFourSymBol.ttf
DejaVu Serif -> /opt/hostedtoolcache/Python/3.14.3/x64/lib/python3.14/site-packages/matplotlib/mpl-data/fonts/ttf/DejaVuSerif-Bold.ttf
STIXSizeOneSym -> /opt/hostedtoolcache/Python/3.14.3/x64/lib/python3.14/site-packages/matplotlib/mpl-data/fonts/ttf/STIXSizOneSymBol.ttf
STIXNonUnicode -> /opt/hostedtoolcache/Python/3.14.3/x64/lib/python3.14/site-packages/matplotlib/mpl-data/fonts/ttf/STIXNonUniBolIta.ttf
cmr10 -> /opt/hostedtoolcache/Python/3.14.3/x64/lib/python3.14/site-packages/matplotlib/mpl-data/fonts/ttf/cmr10.ttf
STIXGeneral -> /opt/hostedtoolcache/Python/3.14.3/x64/lib/python3.14/site-packages/matplotlib/mpl-data/fonts/ttf/STIXGeneralBol.ttf
DejaVu Sans Mono -> /opt/hostedtoolcache/Python/3.14.3/x64/lib/python3.14/site-packages/matplotlib/mpl-data/fonts/ttf/DejaVuSansMono-BoldOblique.ttf
DejaVu Serif -> /opt/hostedtoolcache/Python/3.14.3/x64/lib/python3.14/site-packages/matplotlib/mpl-data/fonts/ttf/DejaVuSerif-BoldItalic.ttf
STIXSizeFiveSym -> /opt/hostedtoolcache/Python/3.14.3/x64/lib/python3.14/site-packages/matplotlib/mpl-data/fonts/ttf/STIXSizFiveSymReg.ttf
STIXSizeOneSym -> /opt/hostedtoolcache/Python/3.14.3/x64/lib/python3.14/site-packages/matplotlib/mpl-data/fonts/ttf/STIXSizOneSymReg.ttf
cmsy10 -> /opt/hostedtoolcache/Python/3.14.3/x64/lib/python3.14/site-packages/matplotlib/mpl-data/fonts/ttf/cmsy10.ttf
STIXSizeThreeSym -> /opt/hostedtoolcache/Python/3.14.3/x64/lib/python3.14/site-packages/matplotlib/mpl-data/fonts/ttf/STIXSizThreeSymReg.ttf
DejaVu Serif Display -> /opt/hostedtoolcache/Python/3.14.3/x64/lib/python3.14/site-packages/matplotlib/mpl-data/fonts/ttf/DejaVuSerifDisplay.ttf
STIXSizeThreeSym -> /opt/hostedtoolcache/Python/3.14.3/x64/lib/python3.14/site-packages/matplotlib/mpl-data/fonts/ttf/STIXSizThreeSymBol.ttf
STIXNonUnicode -> /opt/hostedtoolcache/Python/3.14.3/x64/lib/python3.14/site-packages/matplotlib/mpl-data/fonts/ttf/STIXNonUniBol.ttf
DejaVu Serif -> /opt/hostedtoolcache/Python/3.14.3/x64/lib/python3.14/site-packages/matplotlib/mpl-data/fonts/ttf/DejaVuSerif.ttf
DejaVu Sans Mono -> /opt/hostedtoolcache/Python/3.14.3/x64/lib/python3.14/site-packages/matplotlib/mpl-data/fonts/ttf/DejaVuSansMono-Bold.ttf
DejaVu Sans -> /opt/hostedtoolcache/Python/3.14.3/x64/lib/python3.14/site-packages/matplotlib/mpl-data/fonts/ttf/DejaVuSans.ttf
DejaVu Sans Display -> /opt/hostedtoolcache/Python/3.14.3/x64/lib/python3.14/site-packages/matplotlib/mpl-data/fonts/ttf/DejaVuSansDisplay.ttf
STIXSizeFourSym -> /opt/hostedtoolcache/Python/3.14.3/x64/lib/python3.14/site-packages/matplotlib/mpl-data/fonts/ttf/STIXSizFourSymReg.ttf
DejaVu Sans Mono -> /opt/hostedtoolcache/Python/3.14.3/x64/lib/python3.14/site-packages/matplotlib/mpl-data/fonts/ttf/DejaVuSansMono-Oblique.ttf
DejaVu Sans -> /usr/share/fonts/truetype/dejavu/DejaVuSansCondensed-BoldOblique.ttf
Liberation Serif -> /usr/share/fonts/truetype/liberation/LiberationSerif-Italic.ttf
DejaVu Serif -> /usr/share/fonts/truetype/dejavu/DejaVuSerif.ttf
Liberation Sans -> /usr/share/fonts/truetype/liberation/LiberationSans-BoldItalic.ttf
Lato -> /usr/share/fonts/truetype/lato/Lato-Italic.ttf
DejaVu Serif -> /usr/share/fonts/truetype/dejavu/DejaVuSerif-BoldItalic.ttf
Liberation Mono -> /usr/share/fonts/truetype/liberation/LiberationMono-Regular.ttf
Lato -> /usr/share/fonts/truetype/lato/Lato-SemiboldItalic.ttf
Lato -> /usr/share/fonts/truetype/lato/Lato-ThinItalic.ttf
DejaVu Sans -> /usr/share/fonts/truetype/dejavu/DejaVuSans.ttf
Lato -> /usr/share/fonts/truetype/lato/Lato-Hairline.ttf
Lato -> /usr/share/fonts/truetype/lato/Lato-Thin.ttf

Preferred font find results:
findfont('Microsoft YaHei') failed: Failed to find font Microsoft YaHei:style=normal:variant=normal:weight=normal:stretch=normal:size=10.0, and fallback to the default font was disabled
findfont('Segoe UI') failed: Failed to find font Segoe UI:style=normal:variant=normal:weight=normal:stretch=normal:size=10.0, and fallback to the default font was disabled
findfont('Arial Unicode MS') failed: Failed to find font Arial Unicode MS:style=normal:variant=normal:weight=normal:stretch=normal:size=10.0, and fallback to the default font was disabled
findfont('Noto Sans CJK SC') failed: Failed to find font Noto Sans CJK SC:style=normal:variant=normal:weight=normal:stretch=normal:size=10.0, and fallback to the default font was disabled
findfont('WenQuanYi Micro Hei') -> /usr/share/fonts/truetype/wqy/wqy-microhei.ttc
findfont('WenQuanYi Zen Hei') -> /usr/share/fonts/truetype/wqy/wqy-zenhei.ttc
findfont('DejaVu Sans') -> /opt/hostedtoolcache/Python/3.14.3/x64/lib/python3.14/site-packages/matplotlib/mpl-data/fonts/ttf/DejaVuSans.ttf

fc-list output sample (truncated to 10000 chars):
Liberation Mono - /usr/share/fonts/truetype/liberation/LiberationMono-Bold.ttf
Liberation Serif - /usr/share/fonts/truetype/liberation/LiberationSerif-BoldItalic.ttf
Lato,Lato Hairline - /usr/share/fonts/truetype/lato/Lato-Hairline.ttf
Lato,Lato Heavy - /usr/share/fonts/truetype/lato/Lato-Heavy.ttf
DejaVu Serif,DejaVu Serif Condensed - /usr/share/fonts/truetype/dejavu/DejaVuSerifCondensed-Italic.ttf
Lato,Lato Medium - /usr/share/fonts/truetype/lato/Lato-Medium.ttf
Lato,Lato Light - /usr/share/fonts/truetype/lato/Lato-LightItalic.ttf
WenQuanYi Zen Hei Sharp,文泉驛點陣正黑,文泉驿点阵正黑 - /usr/share/fonts/truetype/wqy/wqy-zenhei.ttc
WenQuanYi Micro Hei Mono,文泉驛等寬微米黑,文泉驿等宽微米黑 - /usr/share/fonts/truetype/wqy/wqy-microhei.ttc
Noto Sans Mono CJK KR - /usr/share/fonts/opentype/noto/NotoSansCJK-Bold.ttc
DejaVu Serif - /usr/share/fonts/truetype/dejavu/DejaVuSerif-Bold.ttf
Noto Sans Mono CJK JP - /usr/share/fonts/opentype/noto/NotoSansCJK-Bold.ttc
Noto Sans Mono CJK HK - /usr/share/fonts/opentype/noto/NotoSansCJK-Bold.ttc
Noto Serif CJK SC - /usr/share/fonts/opentype/noto/NotoSerifCJK-Regular.ttc
DejaVu Math TeX Gyre - /usr/share/fonts/truetype/dejavu/DejaVuMathTeXGyre.ttf
Liberation Sans - /usr/share/fonts/truetype/liberation/LiberationSans-Regular.ttf
Lato - /usr/share/fonts/truetype/lato/Lato-Italic.ttf
Liberation Sans - /usr/share/fonts/truetype/liberation/LiberationSans-Bold.ttf
Noto Serif CJK TC - /usr/share/fonts/opentype/noto/NotoSerifCJK-Regular.ttc
Noto Sans Mono CJK SC - /usr/share/fonts/opentype/noto/NotoSansCJK-Bold.ttc
Liberation Mono - /usr/share/fonts/truetype/liberation/LiberationMono-Italic.ttf
Noto Sans Mono CJK TC - /usr/share/fonts/opentype/noto/NotoSansCJK-Bold.ttc
DejaVu Sans,DejaVu Sans Condensed - /usr/share/fonts/truetype/dejavu/DejaVuSansCondensed.ttf
DejaVu Serif,DejaVu Serif Condensed - /usr/share/fonts/truetype/dejavu/DejaVuSerifCondensed.ttf
Liberation Serif - /usr/share/fonts/truetype/liberation/LiberationSerif-Italic.ttf
Lato,Lato Heavy - /usr/share/fonts/truetype/lato/Lato-HeavyItalic.ttf
Lato - /usr/share/fonts/truetype/lato/Lato-BoldItalic.ttf
Noto Serif CJK JP - /usr/share/fonts/opentype/noto/NotoSerifCJK-Regular.ttc
Lato,Lato Medium - /usr/share/fonts/truetype/lato/Lato-MediumItalic.ttf
Noto Serif CJK HK - /usr/share/fonts/opentype/noto/NotoSerifCJK-Regular.ttc
DejaVu Serif - /usr/share/fonts/truetype/dejavu/DejaVuSerif-Italic.ttf
DejaVu Sans - /usr/share/fonts/truetype/dejavu/DejaVuSans.ttf
Noto Serif CJK KR - /usr/share/fonts/opentype/noto/NotoSerifCJK-Regular.ttc
Lato,Lato Semibold - /usr/share/fonts/truetype/lato/Lato-SemiboldItalic.ttf
Lato,Lato Thin - /usr/share/fonts/truetype/lato/Lato-ThinItalic.ttf
DejaVu Sans,DejaVu Sans Condensed - /usr/share/fonts/truetype/dejavu/DejaVuSansCondensed-BoldOblique.ttf
Noto Sans CJK JP - /usr/share/fonts/opentype/noto/NotoSansCJK-Regular.ttc
Liberation Sans - /usr/share/fonts/truetype/liberation/LiberationSans-Italic.ttf
Noto Sans CJK HK - /usr/share/fonts/opentype/noto/NotoSansCJK-Regular.ttc
Lato,Lato Black - /usr/share/fonts/truetype/lato/Lato-BlackItalic.ttf
Lato,Lato Thin - /usr/share/fonts/truetype/lato/Lato-Thin.ttf
DejaVu Sans,DejaVu Sans Condensed - /usr/share/fonts/truetype/dejavu/DejaVuSansCondensed-Oblique.ttf
Noto Sans CJK KR - /usr/share/fonts/opentype/noto/NotoSansCJK-Regular.ttc
Lato,Lato Light - /usr/share/fonts/truetype/lato/Lato-Light.ttf
Noto Sans CJK TC - /usr/share/fonts/opentype/noto/NotoSansCJK-Regular.ttc
DejaVu Sans,DejaVu Sans Condensed - /usr/share/fonts/truetype/dejavu/DejaVuSansCondensed-Bold.ttf
DejaVu Sans Mono - /usr/share/fonts/truetype/dejavu/DejaVuSansMono-Oblique.ttf
Lato,Lato Hairline - /usr/share/fonts/truetype/lato/Lato-HairlineItalic.ttf
Noto Sans CJK SC - /usr/share/fonts/opentype/noto/NotoSansCJK-Regular.ttc
WenQuanYi Zen Hei,文泉驛正黑,文泉驿正黑 - /usr/share/fonts/truetype/wqy/wqy-zenhei.ttc
Lato,Lato Black - /usr/share/fonts/truetype/lato/Lato-Black.ttf
Lato - /usr/share/fonts/truetype/lato/Lato-Regular.ttf
DejaVu Sans - /usr/share/fonts/truetype/dejavu/DejaVuSans-BoldOblique.ttf
Liberation Mono - /usr/share/fonts/truetype/liberation/LiberationMono-BoldItalic.ttf
Noto Sans Mono CJK KR - /usr/share/fonts/opentype/noto/NotoSansCJK-Regular.ttc
Liberation Mono - /usr/share/fonts/truetype/liberation/LiberationMono-Regular.ttf
Noto Sans Mono CJK HK - /usr/share/fonts/opentype/noto/NotoSansCJK-Regular.ttc
DejaVu Sans,DejaVu Sans Light - /usr/share/fonts/truetype/dejavu/DejaVuSans-ExtraLight.ttf
DejaVu Serif - /usr/share/fonts/truetype/dejavu/DejaVuSerif.ttf
Noto Sans Mono CJK JP - /usr/share/fonts/opentype/noto/NotoSansCJK-Regular.ttc
Noto Serif CJK JP - /usr/share/fonts/opentype/noto/NotoSerifCJK-Bold.ttc
Noto Serif CJK HK - /usr/share/fonts/opentype/noto/NotoSerifCJK-Bold.ttc
Noto Serif CJK KR - /usr/share/fonts/opentype/noto/NotoSerifCJK-Bold.ttc
Noto Serif CJK TC - /usr/share/fonts/opentype/noto/NotoSerifCJK-Bold.ttc
Lato - /usr/share/fonts/truetype/lato/Lato-Bold.ttf
Noto Sans CJK SC - /usr/share/fonts/opentype/noto/NotoSansCJK-Bold.ttc
Noto Sans Mono CJK TC - /usr/share/fonts/opentype/noto/NotoSansCJK-Regular.ttc
Noto Sans CJK TC - /usr/share/fonts/opentype/noto/NotoSansCJK-Bold.ttc
Noto Serif CJK SC - /usr/share/fonts/opentype/noto/NotoSerifCJK-Bold.ttc
DejaVu Sans Mono - /usr/share/fonts/truetype/dejavu/DejaVuSansMono-Bold.ttf
DejaVu Serif - /usr/share/fonts/truetype/dejavu/DejaVuSerif-BoldItalic.ttf
WenQuanYi Zen Hei Mono,文泉驛等寬正黑,文泉驿等宽正黑 - /usr/share/fonts/truetype/wqy/wqy-zenhei.ttc
DejaVu Sans Mono - /usr/share/fonts/truetype/dejavu/DejaVuSansMono.ttf
Noto Sans CJK JP - /usr/share/fonts/opentype/noto/NotoSansCJK-Bold.ttc
Noto Sans CJK HK - /usr/share/fonts/opentype/noto/NotoSansCJK-Bold.ttc
Noto Sans CJK KR - /usr/share/fonts/opentype/noto/NotoSansCJK-Bold.ttc
WenQuanYi Micro Hei,文泉驛微米黑,文泉驿微米黑 - /usr/share/fonts/truetype/wqy/wqy-microhei.ttc
Noto Sans Mono CJK SC - /usr/share/fonts/opentype/noto/NotoSansCJK-Regular.ttc
Noto Color Emoji - /usr/share/fonts/truetype/noto/NotoColorEmoji.ttf
DejaVu Sans Mono - /usr/share/fonts/truetype/dejavu/DejaVuSansMono-BoldOblique.ttf
Liberation Sans - /usr/share/fonts/truetype/liberation/LiberationSans-BoldItalic.ttf
Liberation Serif - /usr/share/fonts/truetype/liberation/LiberationSerif-Regular.ttf
Lato,Lato Semibold - /usr/share/fonts/truetype/lato/Lato-Semibold.ttf
DejaVu Sans - /usr/share/fonts/truetype/dejavu/DejaVuSans-Oblique.ttf
DejaVu Serif,DejaVu Serif Condensed - /usr/share/fonts/truetype/dejavu/DejaVuSerifCondensed-Bold.ttf
DejaVu Sans - /usr/share/fonts/truetype/dejavu/DejaVuSans-Bold.ttf
Liberation Serif - /usr/share/fonts/truetype/liberation/LiberationSerif-Bold.ttf
DejaVu Serif,DejaVu Serif Condensed - /usr/share/fonts/truetype/dejavu/DejaVuSerifCondensed-BoldItalic.ttf

2026-02-28 03:08:58,035 - INFO - Matplotlib 字体设置：使用回退字体列表，首选可用字体: Noto Sans CJK JP
2026-02-28 03:08:59,214 - INFO - 使用 ChromeDriver: /usr/bin/chromedriver
2026-02-28 03:08:59,214 - WARNING - Using CPU. Note: This module is much faster with a GPU.
2026-02-28 03:09:00,776 - INFO - OCR识别器初始化成功
2026-02-28 03:09:00,776 - INFO - 开始南京大学电费监控流程（自动无头模式）
2026-02-28 03:09:00,776 - INFO - 正在打开页面: https://epay.nju.edu.cn/epay/h5/nju/electric/index
2026-02-28 03:09:08,901 - INFO - 等待登录表单加载...
2026-02-28 03:09:08,913 - INFO - 登录表单已加载
2026-02-28 03:09:08,913 - INFO - 开始填写登录表单...
2026-02-28 03:09:08,997 - INFO - 用户名填写完成
2026-02-28 03:09:09,059 - INFO - 密码填写完成
2026-02-28 03:09:09,059 - INFO - 检查是否有验证码...
2026-02-28 03:09:09,059 - INFO - 查找验证码图片...
2026-02-28 03:09:09,078 - INFO - 找到验证码图片，开始截图...
2026-02-28 03:09:09,127 - INFO - 验证码图片截取成功
2026-02-28 03:09:09,127 - INFO - 开始填写登录表单...
2026-02-28 03:09:09,191 - INFO - 用户名填写完成
2026-02-28 03:09:09,246 - INFO - 密码填写完成
2026-02-28 03:09:09,247 - INFO - 验证码图片已保存到 /home/runner/work/nju_electric_monitor/nju_electric_monitor/src/../data/captcha_debug.png
2026-02-28 03:09:09,247 - INFO - 验证码识别尝试 1/30
2026-02-28 03:09:09,247 - INFO - 开始识别验证码...（easyocr + pytesseract）
2026-02-28 03:09:09,336 - INFO - easyocr 结果: ['aOkp(0.28)']
2026-02-28 03:09:09,601 - INFO - tesseract 结果: Ggap
2026-02-28 03:09:09,646 - INFO - easyocr alt1 结果: ['Gykp(0.28)']
2026-02-28 03:09:09,726 - INFO - tesseract alt1 结果: Ggkp
2026-02-28 03:09:09,770 - INFO - easyocr alt2 结果: ['Ggkp(0.21)']
2026-02-28 03:09:09,850 - INFO - tesseract alt2 结果: Ggkp
2026-02-28 03:09:09,954 - INFO - easyocr alt3 结果: ['Cgkp(0.34)']
2026-02-28 03:09:10,044 - INFO - tesseract alt3 结果: 6gkp
2026-02-28 03:09:10,082 - INFO - easyocr alt4 结果: ['Eykp(0.34)']
2026-02-28 03:09:10,159 - INFO - tesseract alt4 结果: Ggkp
2026-02-28 03:09:10,214 - INFO - easyocr alt5 结果: ['9kp(0.04)']
2026-02-28 03:09:10,293 - INFO - tesseract alt5 结果: Ggkp
2026-02-28 03:09:10,357 - INFO - easyocr alt6 结果: ['aOkp(0.28)']
2026-02-28 03:09:10,434 - INFO - tesseract alt6 结果: Ggap
2026-02-28 03:09:10,434 - INFO - 最终验证码识别结果: Ggap (engine=tesseract, prob=0.5)
2026-02-28 03:09:10,434 - INFO - 查找验证码输入框...
2026-02-28 03:09:10,443 - ERROR - 未找到验证码输入框
2026-02-28 03:09:10,443 - WARNING - 验证码填写失败
2026-02-28 03:09:10,443 - INFO - 开始填写登录表单...
2026-02-28 03:09:10,497 - INFO - 用户名填写完成
2026-02-28 03:09:10,551 - INFO - 密码填写完成
2026-02-28 03:09:10,552 - INFO - 验证码图片已保存到 /home/runner/work/nju_electric_monitor/nju_electric_monitor/src/../data/captcha_debug.png
2026-02-28 03:09:10,552 - INFO - 验证码识别尝试 2/30
2026-02-28 03:09:10,552 - INFO - 开始识别验证码...（easyocr + pytesseract）
2026-02-28 03:09:10,612 - INFO - easyocr 结果: ['aOkp(0.28)']
2026-02-28 03:09:10,688 - INFO - tesseract 结果: Ggap
2026-02-28 03:09:10,727 - INFO - easyocr alt1 结果: ['Gykp(0.28)']
2026-02-28 03:09:10,818 - INFO - tesseract alt1 结果: Ggkp
2026-02-28 03:09:10,857 - INFO - easyocr alt2 结果: ['Ggkp(0.21)']
2026-02-28 03:09:10,940 - INFO - tesseract alt2 结果: Ggkp
2026-02-28 03:09:11,032 - INFO - easyocr alt3 结果: ['Cgkp(0.34)']
2026-02-28 03:09:11,120 - INFO - tesseract alt3 结果: 6gkp
2026-02-28 03:09:11,159 - INFO - easyocr alt4 结果: ['Eykp(0.34)']
2026-02-28 03:09:11,240 - INFO - tesseract alt4 结果: Ggkp
2026-02-28 03:09:11,293 - INFO - easyocr alt5 结果: ['9kp(0.04)']
2026-02-28 03:09:11,370 - INFO - tesseract alt5 结果: Ggkp
2026-02-28 03:09:11,430 - INFO - easyocr alt6 结果: ['aOkp(0.28)']
2026-02-28 03:09:11,508 - INFO - tesseract alt6 结果: Ggap
2026-02-28 03:09:11,508 - INFO - 最终验证码识别结果: Ggap (engine=tesseract, prob=0.5)
2026-02-28 03:09:11,508 - INFO - 查找验证码输入框...
2026-02-28 03:09:11,515 - ERROR - 未找到验证码输入框
2026-02-28 03:09:11,515 - WARNING - 验证码填写失败
2026-02-28 03:09:11,515 - INFO - 开始填写登录表单...
2026-02-28 03:09:11,569 - INFO - 用户名填写完成
2026-02-28 03:09:11,623 - INFO - 密码填写完成
2026-02-28 03:09:11,623 - INFO - 验证码图片已保存到 /home/runner/work/nju_electric_monitor/nju_electric_monitor/src/../data/captcha_debug.png
2026-02-28 03:09:11,623 - INFO - 验证码识别尝试 3/30
2026-02-28 03:09:11,624 - INFO - 开始识别验证码...（easyocr + pytesseract）
2026-02-28 03:09:11,686 - INFO - easyocr 结果: ['aOkp(0.28)']
2026-02-28 03:09:11,765 - INFO - tesseract 结果: Ggap
2026-02-28 03:09:11,810 - INFO - easyocr alt1 结果: ['Gykp(0.28)']
2026-02-28 03:09:11,890 - INFO - tesseract alt1 结果: Ggkp
2026-02-28 03:09:11,928 - INFO - easyocr alt2 结果: ['Ggkp(0.21)']
2026-02-28 03:09:12,005 - INFO - tesseract alt2 结果: Ggkp
2026-02-28 03:09:12,105 - INFO - easyocr alt3 结果: ['Cgkp(0.34)']
2026-02-28 03:09:12,193 - INFO - tesseract alt3 结果: 6gkp
2026-02-28 03:09:12,231 - INFO - easyocr alt4 结果: ['Eykp(0.34)']
2026-02-28 03:09:12,310 - INFO - tesseract alt4 结果: Ggkp
2026-02-28 03:09:12,363 - INFO - easyocr alt5 结果: ['9kp(0.04)']
2026-02-28 03:09:12,441 - INFO - tesseract alt5 结果: Ggkp
2026-02-28 03:09:12,499 - INFO - easyocr alt6 结果: ['aOkp(0.28)']
2026-02-28 03:09:12,575 - INFO - tesseract alt6 结果: Ggap
2026-02-28 03:09:12,576 - INFO - 最终验证码识别结果: Ggap (engine=tesseract, prob=0.5)
2026-02-28 03:09:12,576 - INFO - 查找验证码输入框...
2026-02-28 03:09:12,582 - ERROR - 未找到验证码输入框
2026-02-28 03:09:12,582 - WARNING - 验证码填写失败
2026-02-28 03:09:12,582 - INFO - 开始填写登录表单...
2026-02-28 03:09:12,636 - INFO - 用户名填写完成
2026-02-28 03:09:12,696 - INFO - 密码填写完成
2026-02-28 03:09:12,697 - INFO - 验证码图片已保存到 /home/runner/work/nju_electric_monitor/nju_electric_monitor/src/../data/captcha_debug.png
2026-02-28 03:09:12,697 - INFO - 验证码识别尝试 4/30
2026-02-28 03:09:12,697 - INFO - 开始识别验证码...（easyocr + pytesseract）
2026-02-28 03:09:12,758 - INFO - easyocr 结果: ['aOkp(0.28)']
2026-02-28 03:09:12,835 - INFO - tesseract 结果: Ggap
2026-02-28 03:09:12,874 - INFO - easyocr alt1 结果: ['Gykp(0.28)']
2026-02-28 03:09:12,952 - INFO - tesseract alt1 结果: Ggkp
2026-02-28 03:09:12,996 - INFO - easyocr alt2 结果: ['Ggkp(0.21)']
2026-02-28 03:09:13,072 - INFO - tesseract alt2 结果: Ggkp
2026-02-28 03:09:13,162 - INFO - easyocr alt3 结果: ['Cgkp(0.34)']
2026-02-28 03:09:13,252 - INFO - tesseract alt3 结果: 6gkp
2026-02-28 03:09:13,290 - INFO - easyocr alt4 结果: ['Eykp(0.34)']
2026-02-28 03:09:13,370 - INFO - tesseract alt4 结果: Ggkp
2026-02-28 03:09:13,421 - INFO - easyocr alt5 结果: ['9kp(0.04)']
2026-02-28 03:09:13,498 - INFO - tesseract alt5 结果: Ggkp
2026-02-28 03:09:13,557 - INFO - easyocr alt6 结果: ['aOkp(0.28)']
2026-02-28 03:09:13,666 - INFO - tesseract alt6 结果: Ggap
2026-02-28 03:09:13,666 - INFO - 最终验证码识别结果: Ggap (engine=tesseract, prob=0.5)
2026-02-28 03:09:13,666 - INFO - 查找验证码输入框...
2026-02-28 03:09:13,672 - ERROR - 未找到验证码输入框
2026-02-28 03:09:13,673 - WARNING - 验证码填写失败
2026-02-28 03:09:13,673 - INFO - 开始填写登录表单...
2026-02-28 03:09:13,728 - INFO - 用户名填写完成
2026-02-28 03:09:13,781 - INFO - 密码填写完成
2026-02-28 03:09:13,781 - INFO - 验证码图片已保存到 /home/runner/work/nju_electric_monitor/nju_electric_monitor/src/../data/captcha_debug.png
2026-02-28 03:09:13,781 - INFO - 验证码识别尝试 5/30
2026-02-28 03:09:13,781 - INFO - 开始识别验证码...（easyocr + pytesseract）
2026-02-28 03:09:13,843 - INFO - easyocr 结果: ['aOkp(0.28)']
2026-02-28 03:09:13,921 - INFO - tesseract 结果: Ggap
2026-02-28 03:09:13,960 - INFO - easyocr alt1 结果: ['Gykp(0.28)']
2026-02-28 03:09:14,039 - INFO - tesseract alt1 结果: Ggkp
2026-02-28 03:09:14,077 - INFO - easyocr alt2 结果: ['Ggkp(0.21)']
2026-02-28 03:09:14,156 - INFO - tesseract alt2 结果: Ggkp
2026-02-28 03:09:14,252 - INFO - easyocr alt3 结果: ['Cgkp(0.34)']
2026-02-28 03:09:14,342 - INFO - tesseract alt3 结果: 6gkp
2026-02-28 03:09:14,384 - INFO - easyocr alt4 结果: ['Eykp(0.34)']
2026-02-28 03:09:14,462 - INFO - tesseract alt4 结果: Ggkp
2026-02-28 03:09:14,514 - INFO - easyocr alt5 结果: ['9kp(0.04)']
2026-02-28 03:09:14,593 - INFO - tesseract alt5 结果: Ggkp
2026-02-28 03:09:14,652 - INFO - easyocr alt6 结果: ['aOkp(0.28)']
2026-02-28 03:09:14,729 - INFO - tesseract alt6 结果: Ggap
2026-02-28 03:09:14,729 - INFO - 最终验证码识别结果: Ggap (engine=tesseract, prob=0.5)
2026-02-28 03:09:14,729 - INFO - 查找验证码输入框...
2026-02-28 03:09:14,735 - ERROR - 未找到验证码输入框
2026-02-28 03:09:14,735 - WARNING - 验证码填写失败
2026-02-28 03:09:14,735 - INFO - 开始填写登录表单...
2026-02-28 03:09:14,789 - INFO - 用户名填写完成
2026-02-28 03:09:14,842 - INFO - 密码填写完成
2026-02-28 03:09:14,843 - INFO - 验证码图片已保存到 /home/runner/work/nju_electric_monitor/nju_electric_monitor/src/../data/captcha_debug.png
2026-02-28 03:09:14,843 - INFO - 验证码识别尝试 6/30
2026-02-28 03:09:14,843 - INFO - 开始识别验证码...（easyocr + pytesseract）
2026-02-28 03:09:14,904 - INFO - easyocr 结果: ['aOkp(0.28)']
2026-02-28 03:09:14,980 - INFO - tesseract 结果: Ggap
2026-02-28 03:09:15,018 - INFO - easyocr alt1 结果: ['Gykp(0.28)']
2026-02-28 03:09:15,099 - INFO - tesseract alt1 结果: Ggkp
2026-02-28 03:09:15,146 - INFO - easyocr alt2 结果: ['Ggkp(0.21)']
2026-02-28 03:09:15,226 - INFO - tesseract alt2 结果: Ggkp
2026-02-28 03:09:15,319 - INFO - easyocr alt3 结果: ['Cgkp(0.34)']
2026-02-28 03:09:15,411 - INFO - tesseract alt3 结果: 6gkp
2026-02-28 03:09:15,452 - INFO - easyocr alt4 结果: ['Eykp(0.34)']
2026-02-28 03:09:15,531 - INFO - tesseract alt4 结果: Ggkp
2026-02-28 03:09:15,584 - INFO - easyocr alt5 结果: ['9kp(0.04)']
2026-02-28 03:09:15,662 - INFO - tesseract alt5 结果: Ggkp
2026-02-28 03:09:15,723 - INFO - easyocr alt6 结果: ['aOkp(0.28)']
2026-02-28 03:09:15,802 - INFO - tesseract alt6 结果: Ggap
2026-02-28 03:09:15,802 - INFO - 最终验证码识别结果: Ggap (engine=tesseract, prob=0.5)
2026-02-28 03:09:15,802 - INFO - 查找验证码输入框...
2026-02-28 03:09:15,808 - ERROR - 未找到验证码输入框
2026-02-28 03:09:15,808 - WARNING - 验证码填写失败
2026-02-28 03:09:15,808 - INFO - 开始填写登录表单...
2026-02-28 03:09:15,864 - INFO - 用户名填写完成
2026-02-28 03:09:15,919 - INFO - 密码填写完成
2026-02-28 03:09:15,992 - INFO - 验证码图片已保存到 /home/runner/work/nju_electric_monitor/nju_electric_monitor/src/../data/captcha_debug.png
2026-02-28 03:09:15,992 - INFO - 验证码识别尝试 7/30
2026-02-28 03:09:15,992 - INFO - 开始识别验证码...（easyocr + pytesseract）
2026-02-28 03:09:16,054 - INFO - easyocr 结果: ['aOkp(0.28)']
2026-02-28 03:09:16,131 - INFO - tesseract 结果: Ggap
2026-02-28 03:09:16,171 - INFO - easyocr alt1 结果: ['Gykp(0.28)']
2026-02-28 03:09:16,253 - INFO - tesseract alt1 结果: Ggkp
2026-02-28 03:09:16,291 - INFO - easyocr alt2 结果: ['Ggkp(0.21)']
2026-02-28 03:09:16,368 - INFO - tesseract alt2 结果: Ggkp
2026-02-28 03:09:16,463 - INFO - easyocr alt3 结果: ['Cgkp(0.34)']
2026-02-28 03:09:16,550 - INFO - tesseract alt3 结果: 6gkp
2026-02-28 03:09:16,588 - INFO - easyocr alt4 结果: ['Eykp(0.34)']
2026-02-28 03:09:16,666 - INFO - tesseract alt4 结果: Ggkp
2026-02-28 03:09:16,721 - INFO - easyocr alt5 结果: ['9kp(0.04)']
2026-02-28 03:09:16,798 - INFO - tesseract alt5 结果: Ggkp
2026-02-28 03:09:16,860 - INFO - easyocr alt6 结果: ['aOkp(0.28)']
2026-02-28 03:09:16,939 - INFO - tesseract alt6 结果: Ggap
2026-02-28 03:09:16,939 - INFO - 最终验证码识别结果: Ggap (engine=tesseract, prob=0.5)
2026-02-28 03:09:16,939 - INFO - 查找验证码输入框...
2026-02-28 03:09:16,945 - ERROR - 未找到验证码输入框
2026-02-28 03:09:16,945 - WARNING - 验证码填写失败
2026-02-28 03:09:16,945 - INFO - 开始填写登录表单...
2026-02-28 03:09:16,999 - INFO - 用户名填写完成
2026-02-28 03:09:17,055 - INFO - 密码填写完成
2026-02-28 03:09:17,188 - INFO - 验证码图片已保存到 /home/runner/work/nju_electric_monitor/nju_electric_monitor/src/../data/captcha_debug.png
2026-02-28 03:09:17,188 - INFO - 验证码识别尝试 8/30
2026-02-28 03:09:17,188 - INFO - 开始识别验证码...（easyocr + pytesseract）
2026-02-28 03:09:17,250 - INFO - easyocr 结果: ['aOkp(0.28)']
2026-02-28 03:09:17,328 - INFO - tesseract 结果: Ggap
2026-02-28 03:09:17,366 - INFO - easyocr alt1 结果: ['Gykp(0.28)']
2026-02-28 03:09:17,444 - INFO - tesseract alt1 结果: Ggkp
2026-02-28 03:09:17,482 - INFO - easyocr alt2 结果: ['Ggkp(0.21)']
2026-02-28 03:09:17,559 - INFO - tesseract alt2 结果: Ggkp
2026-02-28 03:09:17,647 - INFO - easyocr alt3 结果: ['Cgkp(0.34)']
2026-02-28 03:09:17,735 - INFO - tesseract alt3 结果: 6gkp
2026-02-28 03:09:17,772 - INFO - easyocr alt4 结果: ['Eykp(0.34)']
2026-02-28 03:09:17,851 - INFO - tesseract alt4 结果: Ggkp
2026-02-28 03:09:17,902 - INFO - easyocr alt5 结果: ['9kp(0.04)']
2026-02-28 03:09:17,981 - INFO - tesseract alt5 结果: Ggkp
2026-02-28 03:09:18,040 - INFO - easyocr alt6 结果: ['aOkp(0.28)']
2026-02-28 03:09:18,117 - INFO - tesseract alt6 结果: Ggap
2026-02-28 03:09:18,117 - INFO - 最终验证码识别结果: Ggap (engine=tesseract, prob=0.5)
2026-02-28 03:09:18,117 - INFO - 查找验证码输入框...
2026-02-28 03:09:18,123 - ERROR - 未找到验证码输入框
2026-02-28 03:09:18,124 - WARNING - 验证码填写失败
2026-02-28 03:09:18,124 - INFO - 开始填写登录表单...
2026-02-28 03:09:18,179 - INFO - 用户名填写完成
2026-02-28 03:09:18,230 - INFO - 密码填写完成
2026-02-28 03:09:18,231 - INFO - 验证码图片已保存到 /home/runner/work/nju_electric_monitor/nju_electric_monitor/src/../data/captcha_debug.png
2026-02-28 03:09:18,231 - INFO - 验证码识别尝试 9/30
2026-02-28 03:09:18,231 - INFO - 开始识别验证码...（easyocr + pytesseract）
2026-02-28 03:09:18,291 - INFO - easyocr 结果: ['aOkp(0.28)']
2026-02-28 03:09:18,369 - INFO - tesseract 结果: Ggap
2026-02-28 03:09:18,407 - INFO - easyocr alt1 结果: ['Gykp(0.28)']
2026-02-28 03:09:18,485 - INFO - tesseract alt1 结果: Ggkp
2026-02-28 03:09:18,523 - INFO - easyocr alt2 结果: ['Ggkp(0.21)']
2026-02-28 03:09:18,599 - INFO - tesseract alt2 结果: Ggkp
2026-02-28 03:09:18,688 - INFO - easyocr alt3 结果: ['Cgkp(0.34)']
2026-02-28 03:09:18,777 - INFO - tesseract alt3 结果: 6gkp
2026-02-28 03:09:18,814 - INFO - easyocr alt4 结果: ['Eykp(0.34)']
2026-02-28 03:09:18,892 - INFO - tesseract alt4 结果: Ggkp
2026-02-28 03:09:18,944 - INFO - easyocr alt5 结果: ['9kp(0.04)']
2026-02-28 03:09:19,022 - INFO - tesseract alt5 结果: Ggkp
2026-02-28 03:09:19,081 - INFO - easyocr alt6 结果: ['aOkp(0.28)']
2026-02-28 03:09:19,158 - INFO - tesseract alt6 结果: Ggap
2026-02-28 03:09:19,158 - INFO - 最终验证码识别结果: Ggap (engine=tesseract, prob=0.5)
2026-02-28 03:09:19,158 - INFO - 查找验证码输入框...
2026-02-28 03:09:19,165 - ERROR - 未找到验证码输入框
2026-02-28 03:09:19,165 - WARNING - 验证码填写失败
2026-02-28 03:09:19,165 - INFO - 开始填写登录表单...
2026-02-28 03:09:19,219 - INFO - 用户名填写完成
2026-02-28 03:09:19,271 - INFO - 密码填写完成
2026-02-28 03:09:19,272 - INFO - 验证码图片已保存到 /home/runner/work/nju_electric_monitor/nju_electric_monitor/src/../data/captcha_debug.png
2026-02-28 03:09:19,272 - INFO - 验证码识别尝试 10/30
2026-02-28 03:09:19,272 - INFO - 开始识别验证码...（easyocr + pytesseract）
2026-02-28 03:09:19,337 - INFO - easyocr 结果: ['aOkp(0.28)']
2026-02-28 03:09:19,414 - INFO - tesseract 结果: Ggap
2026-02-28 03:09:19,452 - INFO - easyocr alt1 结果: ['Gykp(0.28)']
2026-02-28 03:09:19,530 - INFO - tesseract alt1 结果: Ggkp
2026-02-28 03:09:19,568 - INFO - easyocr alt2 结果: ['Ggkp(0.21)']
2026-02-28 03:09:19,642 - INFO - tesseract alt2 结果: Ggkp
2026-02-28 03:09:19,733 - INFO - easyocr alt3 结果: ['Cgkp(0.34)']
2026-02-28 03:09:19,820 - INFO - tesseract alt3 结果: 6gkp
2026-02-28 03:09:19,858 - INFO - easyocr alt4 结果: ['Eykp(0.34)']
2026-02-28 03:09:19,935 - INFO - tesseract alt4 结果: Ggkp
2026-02-28 03:09:19,987 - INFO - easyocr alt5 结果: ['9kp(0.04)']
2026-02-28 03:09:20,063 - INFO - tesseract alt5 结果: Ggkp
2026-02-28 03:09:20,123 - INFO - easyocr alt6 结果: ['aOkp(0.28)']
2026-02-28 03:09:20,203 - INFO - tesseract alt6 结果: Ggap
2026-02-28 03:09:20,203 - INFO - 最终验证码识别结果: Ggap (engine=tesseract, prob=0.5)
2026-02-28 03:09:20,203 - INFO - 查找验证码输入框...
2026-02-28 03:09:20,209 - ERROR - 未找到验证码输入框
2026-02-28 03:09:20,209 - WARNING - 验证码填写失败
2026-02-28 03:09:20,209 - INFO - 开始填写登录表单...
2026-02-28 03:09:20,263 - INFO - 用户名填写完成
2026-02-28 03:09:20,317 - INFO - 密码填写完成
2026-02-28 03:09:20,317 - INFO - 验证码图片已保存到 /home/runner/work/nju_electric_monitor/nju_electric_monitor/src/../data/captcha_debug.png
2026-02-28 03:09:20,317 - INFO - 验证码识别尝试 11/30
2026-02-28 03:09:20,317 - INFO - 开始识别验证码...（easyocr + pytesseract）
2026-02-28 03:09:20,388 - INFO - easyocr 结果: ['aOkp(0.28)']
2026-02-28 03:09:20,464 - INFO - tesseract 结果: Ggap
2026-02-28 03:09:20,503 - INFO - easyocr alt1 结果: ['Gykp(0.28)']
2026-02-28 03:09:20,582 - INFO - tesseract alt1 结果: Ggkp
2026-02-28 03:09:20,620 - INFO - easyocr alt2 结果: ['Ggkp(0.21)']
2026-02-28 03:09:20,696 - INFO - tesseract alt2 结果: Ggkp
2026-02-28 03:09:20,787 - INFO - easyocr alt3 结果: ['Cgkp(0.34)']
2026-02-28 03:09:20,875 - INFO - tesseract alt3 结果: 6gkp
2026-02-28 03:09:20,914 - INFO - easyocr alt4 结果: ['Eykp(0.34)']
2026-02-28 03:09:20,992 - INFO - tesseract alt4 结果: Ggkp
2026-02-28 03:09:21,050 - INFO - easyocr alt5 结果: ['9kp(0.04)']
2026-02-28 03:09:21,133 - INFO - tesseract alt5 结果: Ggkp
2026-02-28 03:09:21,198 - INFO - easyocr alt6 结果: ['aOkp(0.28)']
2026-02-28 03:09:21,277 - INFO - tesseract alt6 结果: Ggap
2026-02-28 03:09:21,277 - INFO - 最终验证码识别结果: Ggap (engine=tesseract, prob=0.5)
2026-02-28 03:09:21,277 - INFO - 查找验证码输入框...
2026-02-28 03:09:21,283 - ERROR - 未找到验证码输入框
2026-02-28 03:09:21,283 - WARNING - 验证码填写失败
2026-02-28 03:09:21,284 - INFO - 开始填写登录表单...
2026-02-28 03:09:21,338 - INFO - 用户名填写完成
2026-02-28 03:09:21,392 - INFO - 密码填写完成
2026-02-28 03:09:21,393 - INFO - 验证码图片已保存到 /home/runner/work/nju_electric_monitor/nju_electric_monitor/src/../data/captcha_debug.png
2026-02-28 03:09:21,393 - INFO - 验证码识别尝试 12/30
2026-02-28 03:09:21,393 - INFO - 开始识别验证码...（easyocr + pytesseract）
2026-02-28 03:09:21,452 - INFO - easyocr 结果: ['aOkp(0.28)']
2026-02-28 03:09:21,529 - INFO - tesseract 结果: Ggap
2026-02-28 03:09:21,568 - INFO - easyocr alt1 结果: ['Gykp(0.28)']
2026-02-28 03:09:21,645 - INFO - tesseract alt1 结果: Ggkp
2026-02-28 03:09:21,688 - INFO - easyocr alt2 结果: ['Ggkp(0.21)']
2026-02-28 03:09:21,766 - INFO - tesseract alt2 结果: Ggkp
2026-02-28 03:09:21,855 - INFO - easyocr alt3 结果: ['Cgkp(0.34)']
2026-02-28 03:09:21,944 - INFO - tesseract alt3 结果: 6gkp
2026-02-28 03:09:21,989 - INFO - easyocr alt4 结果: ['Eykp(0.34)']
2026-02-28 03:09:22,068 - INFO - tesseract alt4 结果: Ggkp
2026-02-28 03:09:22,120 - INFO - easyocr alt5 结果: ['9kp(0.04)']
2026-02-28 03:09:22,200 - INFO - tesseract alt5 结果: Ggkp
2026-02-28 03:09:22,261 - INFO - easyocr alt6 结果: ['aOkp(0.28)']
2026-02-28 03:09:22,342 - INFO - tesseract alt6 结果: Ggap
2026-02-28 03:09:22,342 - INFO - 最终验证码识别结果: Ggap (engine=tesseract, prob=0.5)
2026-02-28 03:09:22,343 - INFO - 查找验证码输入框...
2026-02-28 03:09:22,349 - ERROR - 未找到验证码输入框
2026-02-28 03:09:22,349 - WARNING - 验证码填写失败
2026-02-28 03:09:22,349 - INFO - 开始填写登录表单...
2026-02-28 03:09:22,403 - INFO - 用户名填写完成
2026-02-28 03:09:22,456 - INFO - 密码填写完成
2026-02-28 03:09:22,456 - INFO - 验证码图片已保存到 /home/runner/work/nju_electric_monitor/nju_electric_monitor/src/../data/captcha_debug.png
2026-02-28 03:09:22,456 - INFO - 验证码识别尝试 13/30
2026-02-28 03:09:22,456 - INFO - 开始识别验证码...（easyocr + pytesseract）
2026-02-28 03:09:22,519 - INFO - easyocr 结果: ['aOkp(0.28)']
2026-02-28 03:09:22,598 - INFO - tesseract 结果: Ggap
2026-02-28 03:09:22,644 - INFO - easyocr alt1 结果: ['Gykp(0.28)']
2026-02-28 03:09:22,723 - INFO - tesseract alt1 结果: Ggkp
2026-02-28 03:09:22,761 - INFO - easyocr alt2 结果: ['Ggkp(0.21)']
2026-02-28 03:09:22,838 - INFO - tesseract alt2 结果: Ggkp
2026-02-28 03:09:22,934 - INFO - easyocr alt3 结果: ['Cgkp(0.34)']
2026-02-28 03:09:23,026 - INFO - tesseract alt3 结果: 6gkp
2026-02-28 03:09:23,064 - INFO - easyocr alt4 结果: ['Eykp(0.34)']
2026-02-28 03:09:23,140 - INFO - tesseract alt4 结果: Ggkp
2026-02-28 03:09:23,193 - INFO - easyocr alt5 结果: ['9kp(0.04)']
2026-02-28 03:09:23,270 - INFO - tesseract alt5 结果: Ggkp
2026-02-28 03:09:23,329 - INFO - easyocr alt6 结果: ['aOkp(0.28)']
2026-02-28 03:09:23,404 - INFO - tesseract alt6 结果: Ggap
2026-02-28 03:09:23,404 - INFO - 最终验证码识别结果: Ggap (engine=tesseract, prob=0.5)
2026-02-28 03:09:23,404 - INFO - 查找验证码输入框...
2026-02-28 03:09:23,410 - ERROR - 未找到验证码输入框
2026-02-28 03:09:23,410 - WARNING - 验证码填写失败
2026-02-28 03:09:23,410 - INFO - 开始填写登录表单...
2026-02-28 03:09:23,466 - INFO - 用户名填写完成
2026-02-28 03:09:23,518 - INFO - 密码填写完成
2026-02-28 03:09:23,519 - INFO - 验证码图片已保存到 /home/runner/work/nju_electric_monitor/nju_electric_monitor/src/../data/captcha_debug.png
2026-02-28 03:09:23,519 - INFO - 验证码识别尝试 14/30
2026-02-28 03:09:23,519 - INFO - 开始识别验证码...（easyocr + pytesseract）
2026-02-28 03:09:23,580 - INFO - easyocr 结果: ['aOkp(0.28)']
2026-02-28 03:09:23,659 - INFO - tesseract 结果: Ggap
2026-02-28 03:09:23,698 - INFO - easyocr alt1 结果: ['Gykp(0.28)']
2026-02-28 03:09:23,777 - INFO - tesseract alt1 结果: Ggkp
2026-02-28 03:09:23,814 - INFO - easyocr alt2 结果: ['Ggkp(0.21)']
2026-02-28 03:09:23,892 - INFO - tesseract alt2 结果: Ggkp
2026-02-28 03:09:23,983 - INFO - easyocr alt3 结果: ['Cgkp(0.34)']
2026-02-28 03:09:24,071 - INFO - tesseract alt3 结果: 6gkp
2026-02-28 03:09:24,110 - INFO - easyocr alt4 结果: ['Eykp(0.34)']
2026-02-28 03:09:24,193 - INFO - tesseract alt4 结果: Ggkp
2026-02-28 03:09:24,245 - INFO - easyocr alt5 结果: ['9kp(0.04)']
2026-02-28 03:09:24,329 - INFO - tesseract alt5 结果: Ggkp
2026-02-28 03:09:24,393 - INFO - easyocr alt6 结果: ['aOkp(0.28)']
2026-02-28 03:09:24,469 - INFO - tesseract alt6 结果: Ggap
2026-02-28 03:09:24,469 - INFO - 最终验证码识别结果: Ggap (engine=tesseract, prob=0.5)
2026-02-28 03:09:24,469 - INFO - 查找验证码输入框...
2026-02-28 03:09:24,475 - ERROR - 未找到验证码输入框
2026-02-28 03:09:24,475 - WARNING - 验证码填写失败
2026-02-28 03:09:24,475 - INFO - 开始填写登录表单...
2026-02-28 03:09:24,529 - INFO - 用户名填写完成
2026-02-28 03:09:24,583 - INFO - 密码填写完成
2026-02-28 03:09:24,583 - INFO - 验证码图片已保存到 /home/runner/work/nju_electric_monitor/nju_electric_monitor/src/../data/captcha_debug.png
2026-02-28 03:09:24,583 - INFO - 验证码识别尝试 15/30
2026-02-28 03:09:24,583 - INFO - 开始识别验证码...（easyocr + pytesseract）
2026-02-28 03:09:24,650 - INFO - easyocr 结果: ['aOkp(0.28)']
2026-02-28 03:09:24,726 - INFO - tesseract 结果: Ggap
2026-02-28 03:09:24,765 - INFO - easyocr alt1 结果: ['Gykp(0.28)']
2026-02-28 03:09:24,844 - INFO - tesseract alt1 结果: Ggkp
2026-02-28 03:09:24,883 - INFO - easyocr alt2 结果: ['Ggkp(0.21)']
2026-02-28 03:09:24,960 - INFO - tesseract alt2 结果: Ggkp
2026-02-28 03:09:25,058 - INFO - easyocr alt3 结果: ['Cgkp(0.34)']
2026-02-28 03:09:25,147 - INFO - tesseract alt3 结果: 6gkp
2026-02-28 03:09:25,188 - INFO - easyocr alt4 结果: ['Eykp(0.34)']
2026-02-28 03:09:25,268 - INFO - tesseract alt4 结果: Ggkp
2026-02-28 03:09:25,323 - INFO - easyocr alt5 结果: ['9kp(0.04)']
2026-02-28 03:09:25,401 - INFO - tesseract alt5 结果: Ggkp
2026-02-28 03:09:25,468 - INFO - easyocr alt6 结果: ['aOkp(0.28)']
2026-02-28 03:09:25,545 - INFO - tesseract alt6 结果: Ggap
2026-02-28 03:09:25,545 - INFO - 最终验证码识别结果: Ggap (engine=tesseract, prob=0.5)
2026-02-28 03:09:25,545 - INFO - 查找验证码输入框...
2026-02-28 03:09:25,551 - ERROR - 未找到验证码输入框
2026-02-28 03:09:25,551 - WARNING - 验证码填写失败
2026-02-28 03:09:25,552 - INFO - 开始填写登录表单...
2026-02-28 03:09:25,609 - INFO - 用户名填写完成
2026-02-28 03:09:25,662 - INFO - 密码填写完成
2026-02-28 03:09:25,663 - INFO - 验证码图片已保存到 /home/runner/work/nju_electric_monitor/nju_electric_monitor/src/../data/captcha_debug.png
2026-02-28 03:09:25,663 - INFO - 验证码识别尝试 16/30
2026-02-28 03:09:25,663 - INFO - 开始识别验证码...（easyocr + pytesseract）
2026-02-28 03:09:25,724 - INFO - easyocr 结果: ['aOkp(0.28)']
2026-02-28 03:09:25,801 - INFO - tesseract 结果: Ggap
2026-02-28 03:09:25,838 - INFO - easyocr alt1 结果: ['Gykp(0.28)']
2026-02-28 03:09:25,916 - INFO - tesseract alt1 结果: Ggkp
2026-02-28 03:09:25,954 - INFO - easyocr alt2 结果: ['Ggkp(0.21)']
2026-02-28 03:09:26,029 - INFO - tesseract alt2 结果: Ggkp
2026-02-28 03:09:26,121 - INFO - easyocr alt3 结果: ['Cgkp(0.34)']
2026-02-28 03:09:26,213 - INFO - tesseract alt3 结果: 6gkp
2026-02-28 03:09:26,250 - INFO - easyocr alt4 结果: ['Eykp(0.34)']
2026-02-28 03:09:26,331 - INFO - tesseract alt4 结果: Ggkp
2026-02-28 03:09:26,395 - INFO - easyocr alt5 结果: ['9kp(0.04)']
2026-02-28 03:09:26,473 - INFO - tesseract alt5 结果: Ggkp
2026-02-28 03:09:26,532 - INFO - easyocr alt6 结果: ['aOkp(0.28)']
2026-02-28 03:09:26,610 - INFO - tesseract alt6 结果: Ggap
2026-02-28 03:09:26,610 - INFO - 最终验证码识别结果: Ggap (engine=tesseract, prob=0.5)
2026-02-28 03:09:26,610 - INFO - 查找验证码输入框...
2026-02-28 03:09:26,616 - ERROR - 未找到验证码输入框
2026-02-28 03:09:26,616 - WARNING - 验证码填写失败
2026-02-28 03:09:26,616 - INFO - 开始填写登录表单...
2026-02-28 03:09:26,671 - INFO - 用户名填写完成
2026-02-28 03:09:26,724 - INFO - 密码填写完成
2026-02-28 03:09:26,724 - INFO - 验证码图片已保存到 /home/runner/work/nju_electric_monitor/nju_electric_monitor/src/../data/captcha_debug.png
2026-02-28 03:09:26,725 - INFO - 验证码识别尝试 17/30
2026-02-28 03:09:26,725 - INFO - 开始识别验证码...（easyocr + pytesseract）
2026-02-28 03:09:26,796 - INFO - easyocr 结果: ['aOkp(0.28)']
2026-02-28 03:09:26,875 - INFO - tesseract 结果: Ggap
2026-02-28 03:09:26,914 - INFO - easyocr alt1 结果: ['Gykp(0.28)']
2026-02-28 03:09:26,994 - INFO - tesseract alt1 结果: Ggkp
2026-02-28 03:09:27,032 - INFO - easyocr alt2 结果: ['Ggkp(0.21)']
2026-02-28 03:09:27,110 - INFO - tesseract alt2 结果: Ggkp
2026-02-28 03:09:27,201 - INFO - easyocr alt3 结果: ['Cgkp(0.34)']
2026-02-28 03:09:27,289 - INFO - tesseract alt3 结果: 6gkp
2026-02-28 03:09:27,327 - INFO - easyocr alt4 结果: ['Eykp(0.34)']
2026-02-28 03:09:27,406 - INFO - tesseract alt4 结果: Ggkp
2026-02-28 03:09:27,461 - INFO - easyocr alt5 结果: ['9kp(0.04)']
2026-02-28 03:09:27,538 - INFO - tesseract alt5 结果: Ggkp
2026-02-28 03:09:27,597 - INFO - easyocr alt6 结果: ['aOkp(0.28)']
2026-02-28 03:09:27,673 - INFO - tesseract alt6 结果: Ggap
2026-02-28 03:09:27,674 - INFO - 最终验证码识别结果: Ggap (engine=tesseract, prob=0.5)
2026-02-28 03:09:27,674 - INFO - 查找验证码输入框...
2026-02-28 03:09:27,680 - ERROR - 未找到验证码输入框
2026-02-28 03:09:27,680 - WARNING - 验证码填写失败
2026-02-28 03:09:27,680 - INFO - 开始填写登录表单...
2026-02-28 03:09:27,733 - INFO - 用户名填写完成
2026-02-28 03:09:27,786 - INFO - 密码填写完成
2026-02-28 03:09:27,787 - INFO - 验证码图片已保存到 /home/runner/work/nju_electric_monitor/nju_electric_monitor/src/../data/captcha_debug.png
2026-02-28 03:09:27,787 - INFO - 验证码识别尝试 18/30
2026-02-28 03:09:27,787 - INFO - 开始识别验证码...（easyocr + pytesseract）
2026-02-28 03:09:27,853 - INFO - easyocr 结果: ['aOkp(0.28)']
2026-02-28 03:09:27,930 - INFO - tesseract 结果: Ggap
2026-02-28 03:09:27,970 - INFO - easyocr alt1 结果: ['Gykp(0.28)']
2026-02-28 03:09:28,047 - INFO - tesseract alt1 结果: Ggkp
2026-02-28 03:09:28,085 - INFO - easyocr alt2 结果: ['Ggkp(0.21)']
2026-02-28 03:09:28,161 - INFO - tesseract alt2 结果: Ggkp
2026-02-28 03:09:28,250 - INFO - easyocr alt3 结果: ['Cgkp(0.34)']
2026-02-28 03:09:28,340 - INFO - tesseract alt3 结果: 6gkp
2026-02-28 03:09:28,382 - INFO - easyocr alt4 结果: ['Eykp(0.34)']
2026-02-28 03:09:28,465 - INFO - tesseract alt4 结果: Ggkp
2026-02-28 03:09:28,516 - INFO - easyocr alt5 结果: ['9kp(0.04)']
2026-02-28 03:09:28,595 - INFO - tesseract alt5 结果: Ggkp
2026-02-28 03:09:28,654 - INFO - easyocr alt6 结果: ['aOkp(0.28)']
2026-02-28 03:09:28,734 - INFO - tesseract alt6 结果: Ggap
2026-02-28 03:09:28,734 - INFO - 最终验证码识别结果: Ggap (engine=tesseract, prob=0.5)
2026-02-28 03:09:28,734 - INFO - 查找验证码输入框...
2026-02-28 03:09:28,740 - ERROR - 未找到验证码输入框
2026-02-28 03:09:28,740 - WARNING - 验证码填写失败
2026-02-28 03:09:28,740 - INFO - 开始填写登录表单...
2026-02-28 03:09:28,794 - INFO - 用户名填写完成
2026-02-28 03:09:28,847 - INFO - 密码填写完成
2026-02-28 03:09:28,848 - INFO - 验证码图片已保存到 /home/runner/work/nju_electric_monitor/nju_electric_monitor/src/../data/captcha_debug.png
2026-02-28 03:09:28,848 - INFO - 验证码识别尝试 19/30
2026-02-28 03:09:28,848 - INFO - 开始识别验证码...（easyocr + pytesseract）
2026-02-28 03:09:28,910 - INFO - easyocr 结果: ['aOkp(0.28)']
2026-02-28 03:09:28,989 - INFO - tesseract 结果: Ggap
2026-02-28 03:09:29,027 - INFO - easyocr alt1 结果: ['Gykp(0.28)']
2026-02-28 03:09:29,107 - INFO - tesseract alt1 结果: Ggkp
2026-02-28 03:09:29,145 - INFO - easyocr alt2 结果: ['Ggkp(0.21)']
2026-02-28 03:09:29,229 - INFO - tesseract alt2 结果: Ggkp
2026-02-28 03:09:29,322 - INFO - easyocr alt3 结果: ['Cgkp(0.34)']
2026-02-28 03:09:29,411 - INFO - tesseract alt3 结果: 6gkp
2026-02-28 03:09:29,448 - INFO - easyocr alt4 结果: ['Eykp(0.34)']
2026-02-28 03:09:29,526 - INFO - tesseract alt4 结果: Ggkp
2026-02-28 03:09:29,579 - INFO - easyocr alt5 结果: ['9kp(0.04)']
2026-02-28 03:09:29,659 - INFO - tesseract alt5 结果: Ggkp
2026-02-28 03:09:29,720 - INFO - easyocr alt6 结果: ['aOkp(0.28)']
2026-02-28 03:09:29,798 - INFO - tesseract alt6 结果: Ggap
2026-02-28 03:09:29,798 - INFO - 最终验证码识别结果: Ggap (engine=tesseract, prob=0.5)
2026-02-28 03:09:29,798 - INFO - 查找验证码输入框...
2026-02-28 03:09:29,804 - ERROR - 未找到验证码输入框
2026-02-28 03:09:29,805 - WARNING - 验证码填写失败
2026-02-28 03:09:29,805 - INFO - 开始填写登录表单...
2026-02-28 03:09:29,859 - INFO - 用户名填写完成
2026-02-28 03:09:29,913 - INFO - 密码填写完成
2026-02-28 03:09:29,914 - INFO - 验证码图片已保存到 /home/runner/work/nju_electric_monitor/nju_electric_monitor/src/../data/captcha_debug.png
2026-02-28 03:09:29,914 - INFO - 验证码识别尝试 20/30
2026-02-28 03:09:29,914 - INFO - 开始识别验证码...（easyocr + pytesseract）
2026-02-28 03:09:29,974 - INFO - easyocr 结果: ['aOkp(0.28)']
2026-02-28 03:09:30,052 - INFO - tesseract 结果: Ggap
2026-02-28 03:09:30,091 - INFO - easyocr alt1 结果: ['Gykp(0.28)']
2026-02-28 03:09:30,173 - INFO - tesseract alt1 结果: Ggkp
2026-02-28 03:09:30,210 - INFO - easyocr alt2 结果: ['Ggkp(0.21)']
2026-02-28 03:09:30,287 - INFO - tesseract alt2 结果: Ggkp
2026-02-28 03:09:30,390 - INFO - easyocr alt3 结果: ['Cgkp(0.34)']
2026-02-28 03:09:30,480 - INFO - tesseract alt3 结果: 6gkp
2026-02-28 03:09:30,517 - INFO - easyocr alt4 结果: ['Eykp(0.34)']
2026-02-28 03:09:30,594 - INFO - tesseract alt4 结果: Ggkp
2026-02-28 03:09:30,645 - INFO - easyocr alt5 结果: ['9kp(0.04)']
2026-02-28 03:09:30,725 - INFO - tesseract alt5 结果: Ggkp
2026-02-28 03:09:30,784 - INFO - easyocr alt6 结果: ['aOkp(0.28)']
2026-02-28 03:09:30,861 - INFO - tesseract alt6 结果: Ggap
2026-02-28 03:09:30,861 - INFO - 最终验证码识别结果: Ggap (engine=tesseract, prob=0.5)
2026-02-28 03:09:30,861 - INFO - 查找验证码输入框...
2026-02-28 03:09:30,868 - ERROR - 未找到验证码输入框
2026-02-28 03:09:30,868 - WARNING - 验证码填写失败
2026-02-28 03:09:30,868 - INFO - 开始填写登录表单...
2026-02-28 03:09:30,922 - INFO - 用户名填写完成
2026-02-28 03:09:30,975 - INFO - 密码填写完成
2026-02-28 03:09:30,976 - INFO - 验证码图片已保存到 /home/runner/work/nju_electric_monitor/nju_electric_monitor/src/../data/captcha_debug.png
2026-02-28 03:09:30,976 - INFO - 验证码识别尝试 21/30
2026-02-28 03:09:30,976 - INFO - 开始识别验证码...（easyocr + pytesseract）
2026-02-28 03:09:31,054 - INFO - easyocr 结果: ['aOkp(0.28)']
2026-02-28 03:09:31,132 - INFO - tesseract 结果: Ggap
2026-02-28 03:09:31,172 - INFO - easyocr alt1 结果: ['Gykp(0.28)']
2026-02-28 03:09:31,249 - INFO - tesseract alt1 结果: Ggkp
2026-02-28 03:09:31,287 - INFO - easyocr alt2 结果: ['Ggkp(0.21)']
2026-02-28 03:09:31,362 - INFO - tesseract alt2 结果: Ggkp
2026-02-28 03:09:31,451 - INFO - easyocr alt3 结果: ['Cgkp(0.34)']
2026-02-28 03:09:31,540 - INFO - tesseract alt3 结果: 6gkp
2026-02-28 03:09:31,587 - INFO - easyocr alt4 结果: ['Eykp(0.34)']
2026-02-28 03:09:31,663 - INFO - tesseract alt4 结果: Ggkp
2026-02-28 03:09:31,717 - INFO - easyocr alt5 结果: ['9kp(0.04)']
2026-02-28 03:09:31,794 - INFO - tesseract alt5 结果: Ggkp
2026-02-28 03:09:31,854 - INFO - easyocr alt6 结果: ['aOkp(0.28)']
2026-02-28 03:09:31,933 - INFO - tesseract alt6 结果: Ggap
2026-02-28 03:09:31,933 - INFO - 最终验证码识别结果: Ggap (engine=tesseract, prob=0.5)
2026-02-28 03:09:31,933 - INFO - 查找验证码输入框...
2026-02-28 03:09:31,940 - ERROR - 未找到验证码输入框
2026-02-28 03:09:31,940 - WARNING - 验证码填写失败
2026-02-28 03:09:31,940 - INFO - 开始填写登录表单...
2026-02-28 03:09:31,995 - INFO - 用户名填写完成
2026-02-28 03:09:32,047 - INFO - 密码填写完成
2026-02-28 03:09:32,048 - INFO - 验证码图片已保存到 /home/runner/work/nju_electric_monitor/nju_electric_monitor/src/../data/captcha_debug.png
2026-02-28 03:09:32,048 - INFO - 验证码识别尝试 22/30
2026-02-28 03:09:32,048 - INFO - 开始识别验证码...（easyocr + pytesseract）
2026-02-28 03:09:32,107 - INFO - easyocr 结果: ['aOkp(0.28)']
2026-02-28 03:09:32,184 - INFO - tesseract 结果: Ggap
2026-02-28 03:09:32,222 - INFO - easyocr alt1 结果: ['Gykp(0.28)']
2026-02-28 03:09:32,303 - INFO - tesseract alt1 结果: Ggkp
2026-02-28 03:09:32,343 - INFO - easyocr alt2 结果: ['Ggkp(0.21)']
2026-02-28 03:09:32,421 - INFO - tesseract alt2 结果: Ggkp
2026-02-28 03:09:32,511 - INFO - easyocr alt3 结果: ['Cgkp(0.34)']
2026-02-28 03:09:32,601 - INFO - tesseract alt3 结果: 6gkp
2026-02-28 03:09:32,647 - INFO - easyocr alt4 结果: ['Eykp(0.34)']
2026-02-28 03:09:32,724 - INFO - tesseract alt4 结果: Ggkp
2026-02-28 03:09:32,775 - INFO - easyocr alt5 结果: ['9kp(0.04)']
2026-02-28 03:09:32,852 - INFO - tesseract alt5 结果: Ggkp
2026-02-28 03:09:32,916 - INFO - easyocr alt6 结果: ['aOkp(0.28)']
2026-02-28 03:09:32,997 - INFO - tesseract alt6 结果: Ggap
2026-02-28 03:09:32,997 - INFO - 最终验证码识别结果: Ggap (engine=tesseract, prob=0.5)
2026-02-28 03:09:32,997 - INFO - 查找验证码输入框...
2026-02-28 03:09:33,003 - ERROR - 未找到验证码输入框
2026-02-28 03:09:33,003 - WARNING - 验证码填写失败
2026-02-28 03:09:33,003 - INFO - 开始填写登录表单...
2026-02-28 03:09:33,058 - INFO - 用户名填写完成
2026-02-28 03:09:33,110 - INFO - 密码填写完成
2026-02-28 03:09:33,111 - INFO - 验证码图片已保存到 /home/runner/work/nju_electric_monitor/nju_electric_monitor/src/../data/captcha_debug.png
2026-02-28 03:09:33,111 - INFO - 验证码识别尝试 23/30
2026-02-28 03:09:33,111 - INFO - 开始识别验证码...（easyocr + pytesseract）
2026-02-28 03:09:33,181 - INFO - easyocr 结果: ['aOkp(0.28)']
2026-02-28 03:09:33,264 - INFO - tesseract 结果: Ggap
2026-02-28 03:09:33,302 - INFO - easyocr alt1 结果: ['Gykp(0.28)']
2026-02-28 03:09:33,379 - INFO - tesseract alt1 结果: Ggkp
2026-02-28 03:09:33,417 - INFO - easyocr alt2 结果: ['Ggkp(0.21)']
2026-02-28 03:09:33,496 - INFO - tesseract alt2 结果: Ggkp
2026-02-28 03:09:33,590 - INFO - easyocr alt3 结果: ['Cgkp(0.34)']
2026-02-28 03:09:33,678 - INFO - tesseract alt3 结果: 6gkp
2026-02-28 03:09:33,715 - INFO - easyocr alt4 结果: ['Eykp(0.34)']
2026-02-28 03:09:33,792 - INFO - tesseract alt4 结果: Ggkp
2026-02-28 03:09:33,844 - INFO - easyocr alt5 结果: ['9kp(0.04)']
2026-02-28 03:09:33,921 - INFO - tesseract alt5 结果: Ggkp
2026-02-28 03:09:33,979 - INFO - easyocr alt6 结果: ['aOkp(0.28)']
2026-02-28 03:09:34,057 - INFO - tesseract alt6 结果: Ggap
2026-02-28 03:09:34,057 - INFO - 最终验证码识别结果: Ggap (engine=tesseract, prob=0.5)
2026-02-28 03:09:34,057 - INFO - 查找验证码输入框...
2026-02-28 03:09:34,063 - ERROR - 未找到验证码输入框
2026-02-28 03:09:34,064 - WARNING - 验证码填写失败
2026-02-28 03:09:34,064 - INFO - 开始填写登录表单...
2026-02-28 03:09:34,117 - INFO - 用户名填写完成
2026-02-28 03:09:34,176 - INFO - 密码填写完成
2026-02-28 03:09:34,176 - INFO - 验证码图片已保存到 /home/runner/work/nju_electric_monitor/nju_electric_monitor/src/../data/captcha_debug.png
2026-02-28 03:09:34,176 - INFO - 验证码识别尝试 24/30
2026-02-28 03:09:34,176 - INFO - 开始识别验证码...（easyocr + pytesseract）
2026-02-28 03:09:34,241 - INFO - easyocr 结果: ['aOkp(0.28)']
2026-02-28 03:09:34,318 - INFO - tesseract 结果: Ggap
2026-02-28 03:09:34,357 - INFO - easyocr alt1 结果: ['Gykp(0.28)']
2026-02-28 03:09:34,433 - INFO - tesseract alt1 结果: Ggkp
2026-02-28 03:09:34,470 - INFO - easyocr alt2 结果: ['Ggkp(0.21)']
2026-02-28 03:09:34,547 - INFO - tesseract alt2 结果: Ggkp
2026-02-28 03:09:34,646 - INFO - easyocr alt3 结果: ['Cgkp(0.34)']
2026-02-28 03:09:34,733 - INFO - tesseract alt3 结果: 6gkp
2026-02-28 03:09:34,770 - INFO - easyocr alt4 结果: ['Eykp(0.34)']
2026-02-28 03:09:34,847 - INFO - tesseract alt4 结果: Ggkp
2026-02-28 03:09:34,898 - INFO - easyocr alt5 结果: ['9kp(0.04)']
2026-02-28 03:09:34,978 - INFO - tesseract alt5 结果: Ggkp
2026-02-28 03:09:35,037 - INFO - easyocr alt6 结果: ['aOkp(0.28)']
2026-02-28 03:09:35,118 - INFO - tesseract alt6 结果: Ggap
2026-02-28 03:09:35,118 - INFO - 最终验证码识别结果: Ggap (engine=tesseract, prob=0.5)
2026-02-28 03:09:35,118 - INFO - 查找验证码输入框...
2026-02-28 03:09:35,124 - ERROR - 未找到验证码输入框
2026-02-28 03:09:35,124 - WARNING - 验证码填写失败
2026-02-28 03:09:35,124 - INFO - 开始填写登录表单...
2026-02-28 03:09:35,178 - INFO - 用户名填写完成
2026-02-28 03:09:35,230 - INFO - 密码填写完成
2026-02-28 03:09:35,231 - INFO - 验证码图片已保存到 /home/runner/work/nju_electric_monitor/nju_electric_monitor/src/../data/captcha_debug.png
2026-02-28 03:09:35,231 - INFO - 验证码识别尝试 25/30
2026-02-28 03:09:35,231 - INFO - 开始识别验证码...（easyocr + pytesseract）
2026-02-28 03:09:35,300 - INFO - easyocr 结果: ['aOkp(0.28)']
2026-02-28 03:09:35,378 - INFO - tesseract 结果: Ggap
2026-02-28 03:09:35,423 - INFO - easyocr alt1 结果: ['Gykp(0.28)']
2026-02-28 03:09:35,502 - INFO - tesseract alt1 结果: Ggkp
2026-02-28 03:09:35,540 - INFO - easyocr alt2 结果: ['Ggkp(0.21)']
2026-02-28 03:09:35,616 - INFO - tesseract alt2 结果: Ggkp
2026-02-28 03:09:35,705 - INFO - easyocr alt3 结果: ['Cgkp(0.34)']
2026-02-28 03:09:35,797 - INFO - tesseract alt3 结果: 6gkp
2026-02-28 03:09:35,834 - INFO - easyocr alt4 结果: ['Eykp(0.34)']
2026-02-28 03:09:35,915 - INFO - tesseract alt4 结果: Ggkp
2026-02-28 03:09:35,967 - INFO - easyocr alt5 结果: ['9kp(0.04)']
2026-02-28 03:09:36,046 - INFO - tesseract alt5 结果: Ggkp
2026-02-28 03:09:36,108 - INFO - easyocr alt6 结果: ['aOkp(0.28)']
2026-02-28 03:09:36,187 - INFO - tesseract alt6 结果: Ggap
2026-02-28 03:09:36,187 - INFO - 最终验证码识别结果: Ggap (engine=tesseract, prob=0.5)
2026-02-28 03:09:36,187 - INFO - 查找验证码输入框...
2026-02-28 03:09:36,194 - ERROR - 未找到验证码输入框
2026-02-28 03:09:36,194 - WARNING - 验证码填写失败
2026-02-28 03:09:36,194 - INFO - 开始填写登录表单...
2026-02-28 03:09:36,247 - INFO - 用户名填写完成
2026-02-28 03:09:36,300 - INFO - 密码填写完成
2026-02-28 03:09:36,301 - INFO - 验证码图片已保存到 /home/runner/work/nju_electric_monitor/nju_electric_monitor/src/../data/captcha_debug.png
2026-02-28 03:09:36,301 - INFO - 验证码识别尝试 26/30
2026-02-28 03:09:36,301 - INFO - 开始识别验证码...（easyocr + pytesseract）
2026-02-28 03:09:36,364 - INFO - easyocr 结果: ['aOkp(0.28)']
2026-02-28 03:09:36,442 - INFO - tesseract 结果: Ggap
2026-02-28 03:09:36,480 - INFO - easyocr alt1 结果: ['Gykp(0.28)']
2026-02-28 03:09:36,557 - INFO - tesseract alt1 结果: Ggkp
2026-02-28 03:09:36,594 - INFO - easyocr alt2 结果: ['Ggkp(0.21)']
2026-02-28 03:09:36,670 - INFO - tesseract alt2 结果: Ggkp
2026-02-28 03:09:36,760 - INFO - easyocr alt3 结果: ['Cgkp(0.34)']
2026-02-28 03:09:36,848 - INFO - tesseract alt3 结果: 6gkp
2026-02-28 03:09:36,885 - INFO - easyocr alt4 结果: ['Eykp(0.34)']
2026-02-28 03:09:36,962 - INFO - tesseract alt4 结果: Ggkp
2026-02-28 03:09:37,014 - INFO - easyocr alt5 结果: ['9kp(0.04)']
2026-02-28 03:09:37,095 - INFO - tesseract alt5 结果: Ggkp
2026-02-28 03:09:37,153 - INFO - easyocr alt6 结果: ['aOkp(0.28)']
2026-02-28 03:09:37,231 - INFO - tesseract alt6 结果: Ggap
2026-02-28 03:09:37,231 - INFO - 最终验证码识别结果: Ggap (engine=tesseract, prob=0.5)
2026-02-28 03:09:37,231 - INFO - 查找验证码输入框...
2026-02-28 03:09:37,237 - ERROR - 未找到验证码输入框
2026-02-28 03:09:37,237 - WARNING - 验证码填写失败
2026-02-28 03:09:37,237 - INFO - 开始填写登录表单...
2026-02-28 03:09:37,292 - INFO - 用户名填写完成
2026-02-28 03:09:37,344 - INFO - 密码填写完成
2026-02-28 03:09:37,345 - INFO - 验证码图片已保存到 /home/runner/work/nju_electric_monitor/nju_electric_monitor/src/../data/captcha_debug.png
2026-02-28 03:09:37,345 - INFO - 验证码识别尝试 27/30
2026-02-28 03:09:37,345 - INFO - 开始识别验证码...（easyocr + pytesseract）
2026-02-28 03:09:37,405 - INFO - easyocr 结果: ['aOkp(0.28)']
2026-02-28 03:09:37,482 - INFO - tesseract 结果: Ggap
2026-02-28 03:09:37,521 - INFO - easyocr alt1 结果: ['Gykp(0.28)']
2026-02-28 03:09:37,601 - INFO - tesseract alt1 结果: Ggkp
2026-02-28 03:09:37,639 - INFO - easyocr alt2 结果: ['Ggkp(0.21)']
2026-02-28 03:09:37,716 - INFO - tesseract alt2 结果: Ggkp
2026-02-28 03:09:37,805 - INFO - easyocr alt3 结果: ['Cgkp(0.34)']
2026-02-28 03:09:37,896 - INFO - tesseract alt3 结果: 6gkp
2026-02-28 03:09:37,934 - INFO - easyocr alt4 结果: ['Eykp(0.34)']
2026-02-28 03:09:38,011 - INFO - tesseract alt4 结果: Ggkp
2026-02-28 03:09:38,063 - INFO - easyocr alt5 结果: ['9kp(0.04)']
2026-02-28 03:09:38,144 - INFO - tesseract alt5 结果: Ggkp
2026-02-28 03:09:38,202 - INFO - easyocr alt6 结果: ['aOkp(0.28)']
2026-02-28 03:09:38,279 - INFO - tesseract alt6 结果: Ggap
2026-02-28 03:09:38,279 - INFO - 最终验证码识别结果: Ggap (engine=tesseract, prob=0.5)
2026-02-28 03:09:38,279 - INFO - 查找验证码输入框...
2026-02-28 03:09:38,286 - ERROR - 未找到验证码输入框
2026-02-28 03:09:38,286 - WARNING - 验证码填写失败
2026-02-28 03:09:38,286 - INFO - 开始填写登录表单...
2026-02-28 03:09:38,341 - INFO - 用户名填写完成
2026-02-28 03:09:38,394 - INFO - 密码填写完成
2026-02-28 03:09:38,394 - INFO - 验证码图片已保存到 /home/runner/work/nju_electric_monitor/nju_electric_monitor/src/../data/captcha_debug.png
2026-02-28 03:09:38,394 - INFO - 验证码识别尝试 28/30
2026-02-28 03:09:38,394 - INFO - 开始识别验证码...（easyocr + pytesseract）
2026-02-28 03:09:38,467 - INFO - easyocr 结果: ['aOkp(0.28)']
2026-02-28 03:09:38,546 - INFO - tesseract 结果: Ggap
2026-02-28 03:09:38,584 - INFO - easyocr alt1 结果: ['Gykp(0.28)']
2026-02-28 03:09:38,660 - INFO - tesseract alt1 结果: Ggkp
2026-02-28 03:09:38,698 - INFO - easyocr alt2 结果: ['Ggkp(0.21)']
2026-02-28 03:09:38,773 - INFO - tesseract alt2 结果: Ggkp
2026-02-28 03:09:38,862 - INFO - easyocr alt3 结果: ['Cgkp(0.34)']
2026-02-28 03:09:38,950 - INFO - tesseract alt3 结果: 6gkp
2026-02-28 03:09:38,994 - INFO - easyocr alt4 结果: ['Eykp(0.34)']
2026-02-28 03:09:39,073 - INFO - tesseract alt4 结果: Ggkp
2026-02-28 03:09:39,124 - INFO - easyocr alt5 结果: ['9kp(0.04)']
2026-02-28 03:09:39,203 - INFO - tesseract alt5 结果: Ggkp
2026-02-28 03:09:39,276 - INFO - easyocr alt6 结果: ['aOkp(0.28)']
2026-02-28 03:09:39,353 - INFO - tesseract alt6 结果: Ggap
2026-02-28 03:09:39,353 - INFO - 最终验证码识别结果: Ggap (engine=tesseract, prob=0.5)
2026-02-28 03:09:39,353 - INFO - 查找验证码输入框...
2026-02-28 03:09:39,359 - ERROR - 未找到验证码输入框
2026-02-28 03:09:39,359 - WARNING - 验证码填写失败
2026-02-28 03:09:39,359 - INFO - 开始填写登录表单...
2026-02-28 03:09:39,413 - INFO - 用户名填写完成
2026-02-28 03:09:39,466 - INFO - 密码填写完成
2026-02-28 03:09:39,466 - INFO - 验证码图片已保存到 /home/runner/work/nju_electric_monitor/nju_electric_monitor/src/../data/captcha_debug.png
2026-02-28 03:09:39,467 - INFO - 验证码识别尝试 29/30
2026-02-28 03:09:39,467 - INFO - 开始识别验证码...（easyocr + pytesseract）
2026-02-28 03:09:39,527 - INFO - easyocr 结果: ['aOkp(0.28)']
2026-02-28 03:09:39,604 - INFO - tesseract 结果: Ggap
2026-02-28 03:09:39,641 - INFO - easyocr alt1 结果: ['Gykp(0.28)']
2026-02-28 03:09:39,718 - INFO - tesseract alt1 结果: Ggkp
2026-02-28 03:09:39,756 - INFO - easyocr alt2 结果: ['Ggkp(0.21)']
2026-02-28 03:09:39,832 - INFO - tesseract alt2 结果: Ggkp
2026-02-28 03:09:39,921 - INFO - easyocr alt3 结果: ['Cgkp(0.34)']
2026-02-28 03:09:40,009 - INFO - tesseract alt3 结果: 6gkp
2026-02-28 03:09:40,047 - INFO - easyocr alt4 结果: ['Eykp(0.34)']
2026-02-28 03:09:40,124 - INFO - tesseract alt4 结果: Ggkp
2026-02-28 03:09:40,185 - INFO - easyocr alt5 结果: ['9kp(0.04)']
2026-02-28 03:09:40,263 - INFO - tesseract alt5 结果: Ggkp
2026-02-28 03:09:40,325 - INFO - easyocr alt6 结果: ['aOkp(0.28)']
2026-02-28 03:09:40,403 - INFO - tesseract alt6 结果: Ggap
2026-02-28 03:09:40,403 - INFO - 最终验证码识别结果: Ggap (engine=tesseract, prob=0.5)
2026-02-28 03:09:40,403 - INFO - 查找验证码输入框...
2026-02-28 03:09:40,409 - ERROR - 未找到验证码输入框
2026-02-28 03:09:40,409 - WARNING - 验证码填写失败
2026-02-28 03:09:40,409 - INFO - 开始填写登录表单...
2026-02-28 03:09:40,463 - INFO - 用户名填写完成
2026-02-28 03:09:40,516 - INFO - 密码填写完成
2026-02-28 03:09:40,517 - INFO - 验证码图片已保存到 /home/runner/work/nju_electric_monitor/nju_electric_monitor/src/../data/captcha_debug.png
2026-02-28 03:09:40,517 - INFO - 验证码识别尝试 30/30
2026-02-28 03:09:40,517 - INFO - 开始识别验证码...（easyocr + pytesseract）
2026-02-28 03:09:40,576 - INFO - easyocr 结果: ['aOkp(0.28)']
2026-02-28 03:09:40,654 - INFO - tesseract 结果: Ggap
2026-02-28 03:09:40,692 - INFO - easyocr alt1 结果: ['Gykp(0.28)']
2026-02-28 03:09:40,769 - INFO - tesseract alt1 结果: Ggkp
2026-02-28 03:09:40,806 - INFO - easyocr alt2 结果: ['Ggkp(0.21)']
2026-02-28 03:09:40,882 - INFO - tesseract alt2 结果: Ggkp
2026-02-28 03:09:40,972 - INFO - easyocr alt3 结果: ['Cgkp(0.34)']
2026-02-28 03:09:41,060 - INFO - tesseract alt3 结果: 6gkp
2026-02-28 03:09:41,097 - INFO - easyocr alt4 结果: ['Eykp(0.34)']
2026-02-28 03:09:41,174 - INFO - tesseract alt4 结果: Ggkp
2026-02-28 03:09:41,225 - INFO - easyocr alt5 结果: ['9kp(0.04)']
2026-02-28 03:09:41,302 - INFO - tesseract alt5 结果: Ggkp
2026-02-28 03:09:41,361 - INFO - easyocr alt6 结果: ['aOkp(0.28)']
2026-02-28 03:09:41,440 - INFO - tesseract alt6 结果: Ggap
2026-02-28 03:09:41,440 - INFO - 最终验证码识别结果: Ggap (engine=tesseract, prob=0.5)
2026-02-28 03:09:41,440 - INFO - 查找验证码输入框...
2026-02-28 03:09:41,446 - ERROR - 未找到验证码输入框
2026-02-28 03:09:41,446 - WARNING - 验证码填写失败
2026-02-28 03:09:41,446 - WARNING - 自动验证码识别失败，请手动输入
请手动输入验证码: 2026-02-28 03:09:41,446 - ERROR - 处理验证码时出错: EOF when reading a line
2026-02-28 03:09:41,446 - WARNING - 验证码处理失败，但继续尝试登录
2026-02-28 03:09:41,446 - INFO - 查找并点击登录按钮...
2026-02-28 03:09:41,454 - ERROR - 未找到登录按钮
2026-02-28 03:09:41,454 - ERROR - 点击登录按钮失败
2026-02-28 03:09:41,454 - INFO - 等待登录成功...
2026-02-28 03:09:46,458 - INFO - 登录可能成功，继续下一步...
2026-02-28 03:09:46,458 - INFO - 查找'去充值'按钮...
2026-02-28 03:09:46,467 - ERROR - 未找到'去充值'按钮
2026-02-28 03:09:46,467 - WARNING - 点击充值按钮失败，尝试直接提取数据
2026-02-28 03:09:46,467 - INFO - 开始提取剩余电量信息...
2026-02-28 03:09:46,474 - INFO - 页面源码已保存到 /home/runner/work/nju_electric_monitor/nju_electric_monitor/src/../data/debug_page_source.html
2026-02-28 03:09:46,482 - WARNING - 未找到电量信息元素，尝试其他方法...
2026-02-28 03:09:46,489 - WARNING - 未找到i标签中的电量信息，尝试其他方法...
2026-02-28 03:09:46,496 - INFO - 在页面源码中查找电量信息...
2026-02-28 03:09:46,506 - WARNING - 未能提取到剩余电量信息
2026-02-28 03:09:46,506 - WARNING - 没有电量数据可保存
2026-02-28 03:09:46,506 - INFO - 监控流程完成
Wrapper end: 2026-02-28T11:09:46.585737+08:00
