Wrapper start: 2026-02-28T21:19:23.022320+08:00

=== ENVIRONMENT SUMMARY ===
Environment variable keys (count=121):
- ACCEPT_EULA
- ACTIONS_ORCHESTRATION_ID
- ACTIONS_RUNNER_ACTION_ARCHIVE_CACHE
- AGENT_TOOLSDIRECTORY
- ANDROID_HOME
- ANDROID_NDK
- ANDROID_NDK_HOME
- ANDROID_NDK_LATEST_HOME
- ANDROID_NDK_ROOT
- ANDROID_SDK_ROOT
NJU_USERNAME set: yes
NJU_PASSWORD set: yes

=== DISK USAGE (df -h) ===
Filesystem      Size  Used Avail Use% Mounted on
/dev/root       145G   56G   89G  39% /
tmpfs           7.9G   84K  7.9G   1% /dev/shm
tmpfs           3.2G  2.6M  3.2G   1% /run
tmpfs           5.0M     0  5.0M   0% /run/lock
efivarfs        128M   32K  128M   1% /sys/firmware/efi/efivars
/dev/sda16      881M   63M  757M   8% /boot
/dev/sda15      105M  6.2M   99M   6% /boot/efi
tmpfs           1.6G   12K  1.6G   1% /run/user/1001


=== KEY DIR SIZES ===
23M	/home/runner/work/nju_electric_monitor/nju_electric_monitor/src/../logs

352K	/home/runner/work/nju_electric_monitor/nju_electric_monitor/src/../data

101M	/home/runner/work/nju_electric_monitor/nju_electric_monitor/src/../models


=== CONFIG_WORKFLOW SUMMARY ===
{
  "username": "",
  "password": "",
  "auto_login": true,
  "headless_mode": true,
  "captcha_retry_count": 30,
  "captcha_confidence_threshold": 0.3,
  "save_captcha_images": true,
  "log_level": "INFO"
}

=== FONT DIAGNOSTICS ===
Found system fonts (ttf) count: 59
- /usr/share/fonts/truetype/lato/Lato-LightItalic.ttf
- /usr/share/fonts/opentype/noto/NotoSerifCJK-Regular.ttc
- /usr/share/fonts/truetype/liberation/LiberationSans-Regular.ttf
- /usr/share/fonts/truetype/liberation/LiberationMono-Italic.ttf
- /usr/share/fonts/truetype/dejavu/DejaVuSansCondensed.ttf
- /usr/share/fonts/truetype/lato/Lato-Light.ttf
- /usr/share/fonts/truetype/dejavu/DejaVuSans-Bold.ttf
- /usr/share/fonts/truetype/dejavu/DejaVuSerif-BoldItalic.ttf
- /usr/share/fonts/truetype/liberation/LiberationSans-Italic.ttf
- /usr/share/fonts/truetype/dejavu/DejaVuSansMono-Bold.ttf
- /usr/share/fonts/truetype/liberation/LiberationSans-Bold.ttf
- /usr/share/fonts/truetype/dejavu/DejaVuSerif-Bold.ttf
- /usr/share/fonts/truetype/dejavu/DejaVuSansCondensed-Oblique.ttf
- /usr/share/fonts/truetype/lato/Lato-Italic.ttf
- /usr/share/fonts/truetype/dejavu/DejaVuSansCondensed-BoldOblique.ttf
- /usr/share/fonts/truetype/dejavu/DejaVuSans-BoldOblique.ttf
- /usr/share/fonts/truetype/dejavu/DejaVuSansMono.ttf
- /usr/share/fonts/truetype/liberation/LiberationSerif-Bold.ttf
- /usr/share/fonts/truetype/liberation/LiberationSerif-BoldItalic.ttf
- /usr/share/fonts/truetype/wqy/wqy-zenhei.ttc
- /usr/share/fonts/truetype/lato/Lato-Regular.ttf
- /usr/share/fonts/truetype/dejavu/DejaVuSerifCondensed-Italic.ttf
- /usr/share/fonts/truetype/lato/Lato-Black.ttf
- /usr/share/fonts/truetype/lato/Lato-HeavyItalic.ttf
- /usr/share/fonts/truetype/liberation/LiberationMono-BoldItalic.ttf
- /usr/share/fonts/truetype/lato/Lato-BoldItalic.ttf
- /usr/share/fonts/truetype/lato/Lato-ThinItalic.ttf
- /usr/share/fonts/truetype/lato/Lato-Heavy.ttf
- /usr/share/fonts/truetype/lato/Lato-Thin.ttf
- /usr/share/fonts/truetype/liberation/LiberationMono-Bold.ttf
- /usr/share/fonts/truetype/dejavu/DejaVuSerif-Italic.ttf
- /usr/share/fonts/truetype/dejavu/DejaVuMathTeXGyre.ttf
- /usr/share/fonts/truetype/lato/Lato-Medium.ttf
- /usr/share/fonts/truetype/lato/Lato-BlackItalic.ttf
- /usr/share/fonts/truetype/dejavu/DejaVuSerifCondensed-BoldItalic.ttf
- /usr/share/fonts/truetype/wqy/wqy-microhei.ttc
- /usr/share/fonts/truetype/liberation/LiberationSans-BoldItalic.ttf
- /usr/share/fonts/truetype/dejavu/DejaVuSansMono-Oblique.ttf
- /usr/share/fonts/truetype/liberation/LiberationSerif-Italic.ttf
- /usr/share/fonts/truetype/dejavu/DejaVuSans.ttf
- /usr/share/fonts/truetype/lato/Lato-SemiboldItalic.ttf
- /usr/share/fonts/truetype/liberation/LiberationMono-Regular.ttf
- /usr/share/fonts/truetype/lato/Lato-MediumItalic.ttf
- /usr/share/fonts/opentype/noto/NotoSansCJK-Regular.ttc
- /usr/share/fonts/truetype/dejavu/DejaVuSans-ExtraLight.ttf
- /usr/share/fonts/truetype/dejavu/DejaVuSansCondensed-Bold.ttf
- /usr/share/fonts/opentype/noto/NotoSerifCJK-Bold.ttc
- /usr/share/fonts/truetype/dejavu/DejaVuSerifCondensed.ttf
- /usr/share/fonts/truetype/lato/Lato-Hairline.ttf
- /usr/share/fonts/truetype/noto/NotoColorEmoji.ttf

FontManager samples (name -> path):
STIXNonUnicode -> /opt/hostedtoolcache/Python/3.11.14/x64/lib/python3.11/site-packages/matplotlib/mpl-data/fonts/ttf/STIXNonUniIta.ttf
STIXSizeTwoSym -> /opt/hostedtoolcache/Python/3.11.14/x64/lib/python3.11/site-packages/matplotlib/mpl-data/fonts/ttf/STIXSizTwoSymBol.ttf
STIXSizeFourSym -> /opt/hostedtoolcache/Python/3.11.14/x64/lib/python3.11/site-packages/matplotlib/mpl-data/fonts/ttf/STIXSizFourSymReg.ttf
STIXGeneral -> /opt/hostedtoolcache/Python/3.11.14/x64/lib/python3.11/site-packages/matplotlib/mpl-data/fonts/ttf/STIXGeneralBolIta.ttf
cmr10 -> /opt/hostedtoolcache/Python/3.11.14/x64/lib/python3.11/site-packages/matplotlib/mpl-data/fonts/ttf/cmr10.ttf
STIXNonUnicode -> /opt/hostedtoolcache/Python/3.11.14/x64/lib/python3.11/site-packages/matplotlib/mpl-data/fonts/ttf/STIXNonUni.ttf
cmsy10 -> /opt/hostedtoolcache/Python/3.11.14/x64/lib/python3.11/site-packages/matplotlib/mpl-data/fonts/ttf/cmsy10.ttf
DejaVu Sans -> /opt/hostedtoolcache/Python/3.11.14/x64/lib/python3.11/site-packages/matplotlib/mpl-data/fonts/ttf/DejaVuSans.ttf
DejaVu Serif -> /opt/hostedtoolcache/Python/3.11.14/x64/lib/python3.11/site-packages/matplotlib/mpl-data/fonts/ttf/DejaVuSerif-Bold.ttf
STIXSizeTwoSym -> /opt/hostedtoolcache/Python/3.11.14/x64/lib/python3.11/site-packages/matplotlib/mpl-data/fonts/ttf/STIXSizTwoSymReg.ttf
cmmi10 -> /opt/hostedtoolcache/Python/3.11.14/x64/lib/python3.11/site-packages/matplotlib/mpl-data/fonts/ttf/cmmi10.ttf
STIXSizeOneSym -> /opt/hostedtoolcache/Python/3.11.14/x64/lib/python3.11/site-packages/matplotlib/mpl-data/fonts/ttf/STIXSizOneSymReg.ttf
STIXSizeThreeSym -> /opt/hostedtoolcache/Python/3.11.14/x64/lib/python3.11/site-packages/matplotlib/mpl-data/fonts/ttf/STIXSizThreeSymReg.ttf
STIXNonUnicode -> /opt/hostedtoolcache/Python/3.11.14/x64/lib/python3.11/site-packages/matplotlib/mpl-data/fonts/ttf/STIXNonUniBolIta.ttf
DejaVu Serif Display -> /opt/hostedtoolcache/Python/3.11.14/x64/lib/python3.11/site-packages/matplotlib/mpl-data/fonts/ttf/DejaVuSerifDisplay.ttf
DejaVu Sans Mono -> /opt/hostedtoolcache/Python/3.11.14/x64/lib/python3.11/site-packages/matplotlib/mpl-data/fonts/ttf/DejaVuSansMono-BoldOblique.ttf
cmex10 -> /opt/hostedtoolcache/Python/3.11.14/x64/lib/python3.11/site-packages/matplotlib/mpl-data/fonts/ttf/cmex10.ttf
DejaVu Serif -> /opt/hostedtoolcache/Python/3.11.14/x64/lib/python3.11/site-packages/matplotlib/mpl-data/fonts/ttf/DejaVuSerif.ttf
STIXSizeOneSym -> /opt/hostedtoolcache/Python/3.11.14/x64/lib/python3.11/site-packages/matplotlib/mpl-data/fonts/ttf/STIXSizOneSymBol.ttf
DejaVu Sans Display -> /opt/hostedtoolcache/Python/3.11.14/x64/lib/python3.11/site-packages/matplotlib/mpl-data/fonts/ttf/DejaVuSansDisplay.ttf
STIXNonUnicode -> /opt/hostedtoolcache/Python/3.11.14/x64/lib/python3.11/site-packages/matplotlib/mpl-data/fonts/ttf/STIXNonUniBol.ttf
DejaVu Sans Mono -> /opt/hostedtoolcache/Python/3.11.14/x64/lib/python3.11/site-packages/matplotlib/mpl-data/fonts/ttf/DejaVuSansMono-Bold.ttf
cmtt10 -> /opt/hostedtoolcache/Python/3.11.14/x64/lib/python3.11/site-packages/matplotlib/mpl-data/fonts/ttf/cmtt10.ttf
DejaVu Sans -> /opt/hostedtoolcache/Python/3.11.14/x64/lib/python3.11/site-packages/matplotlib/mpl-data/fonts/ttf/DejaVuSans-Bold.ttf
cmss10 -> /opt/hostedtoolcache/Python/3.11.14/x64/lib/python3.11/site-packages/matplotlib/mpl-data/fonts/ttf/cmss10.ttf
STIXGeneral -> /opt/hostedtoolcache/Python/3.11.14/x64/lib/python3.11/site-packages/matplotlib/mpl-data/fonts/ttf/STIXGeneral.ttf
STIXSizeThreeSym -> /opt/hostedtoolcache/Python/3.11.14/x64/lib/python3.11/site-packages/matplotlib/mpl-data/fonts/ttf/STIXSizThreeSymBol.ttf
DejaVu Serif -> /opt/hostedtoolcache/Python/3.11.14/x64/lib/python3.11/site-packages/matplotlib/mpl-data/fonts/ttf/DejaVuSerif-Italic.ttf
STIXGeneral -> /opt/hostedtoolcache/Python/3.11.14/x64/lib/python3.11/site-packages/matplotlib/mpl-data/fonts/ttf/STIXGeneralItalic.ttf
STIXSizeFiveSym -> /opt/hostedtoolcache/Python/3.11.14/x64/lib/python3.11/site-packages/matplotlib/mpl-data/fonts/ttf/STIXSizFiveSymReg.ttf
DejaVu Sans -> /opt/hostedtoolcache/Python/3.11.14/x64/lib/python3.11/site-packages/matplotlib/mpl-data/fonts/ttf/DejaVuSans-BoldOblique.ttf
DejaVu Sans Mono -> /opt/hostedtoolcache/Python/3.11.14/x64/lib/python3.11/site-packages/matplotlib/mpl-data/fonts/ttf/DejaVuSansMono.ttf
cmb10 -> /opt/hostedtoolcache/Python/3.11.14/x64/lib/python3.11/site-packages/matplotlib/mpl-data/fonts/ttf/cmb10.ttf
DejaVu Sans -> /opt/hostedtoolcache/Python/3.11.14/x64/lib/python3.11/site-packages/matplotlib/mpl-data/fonts/ttf/DejaVuSans-Oblique.ttf
STIXGeneral -> /opt/hostedtoolcache/Python/3.11.14/x64/lib/python3.11/site-packages/matplotlib/mpl-data/fonts/ttf/STIXGeneralBol.ttf
DejaVu Serif -> /opt/hostedtoolcache/Python/3.11.14/x64/lib/python3.11/site-packages/matplotlib/mpl-data/fonts/ttf/DejaVuSerif-BoldItalic.ttf
DejaVu Sans Mono -> /opt/hostedtoolcache/Python/3.11.14/x64/lib/python3.11/site-packages/matplotlib/mpl-data/fonts/ttf/DejaVuSansMono-Oblique.ttf
STIXSizeFourSym -> /opt/hostedtoolcache/Python/3.11.14/x64/lib/python3.11/site-packages/matplotlib/mpl-data/fonts/ttf/STIXSizFourSymBol.ttf
Lato -> /usr/share/fonts/truetype/lato/Lato-LightItalic.ttf
Noto Serif CJK JP -> /usr/share/fonts/opentype/noto/NotoSerifCJK-Regular.ttc
Liberation Sans -> /usr/share/fonts/truetype/liberation/LiberationSans-Regular.ttf
Liberation Mono -> /usr/share/fonts/truetype/liberation/LiberationMono-Italic.ttf
DejaVu Sans -> /usr/share/fonts/truetype/dejavu/DejaVuSansCondensed.ttf
Lato -> /usr/share/fonts/truetype/lato/Lato-Light.ttf
DejaVu Sans -> /usr/share/fonts/truetype/dejavu/DejaVuSans-Bold.ttf
DejaVu Serif -> /usr/share/fonts/truetype/dejavu/DejaVuSerif-BoldItalic.ttf
Liberation Sans -> /usr/share/fonts/truetype/liberation/LiberationSans-Italic.ttf
DejaVu Sans Mono -> /usr/share/fonts/truetype/dejavu/DejaVuSansMono-Bold.ttf
Liberation Sans -> /usr/share/fonts/truetype/liberation/LiberationSans-Bold.ttf
DejaVu Serif -> /usr/share/fonts/truetype/dejavu/DejaVuSerif-Bold.ttf

Preferred font find results:
findfont('Microsoft YaHei') failed: Failed to find font Microsoft YaHei:style=normal:variant=normal:weight=normal:stretch=normal:size=10.0, and fallback to the default font was disabled
findfont('Segoe UI') failed: Failed to find font Segoe UI:style=normal:variant=normal:weight=normal:stretch=normal:size=10.0, and fallback to the default font was disabled
findfont('Arial Unicode MS') failed: Failed to find font Arial Unicode MS:style=normal:variant=normal:weight=normal:stretch=normal:size=10.0, and fallback to the default font was disabled
findfont('Noto Sans CJK SC') failed: Failed to find font Noto Sans CJK SC:style=normal:variant=normal:weight=normal:stretch=normal:size=10.0, and fallback to the default font was disabled
findfont('WenQuanYi Micro Hei') -> /usr/share/fonts/truetype/wqy/wqy-microhei.ttc
findfont('WenQuanYi Zen Hei') -> /usr/share/fonts/truetype/wqy/wqy-zenhei.ttc
findfont('DejaVu Sans') -> /opt/hostedtoolcache/Python/3.11.14/x64/lib/python3.11/site-packages/matplotlib/mpl-data/fonts/ttf/DejaVuSans.ttf

fc-list output sample (truncated to 10000 chars):
Liberation Mono - /usr/share/fonts/truetype/liberation/LiberationMono-Bold.ttf
Liberation Serif - /usr/share/fonts/truetype/liberation/LiberationSerif-BoldItalic.ttf
Lato,Lato Hairline - /usr/share/fonts/truetype/lato/Lato-Hairline.ttf
Lato,Lato Heavy - /usr/share/fonts/truetype/lato/Lato-Heavy.ttf
DejaVu Serif,DejaVu Serif Condensed - /usr/share/fonts/truetype/dejavu/DejaVuSerifCondensed-Italic.ttf
Lato,Lato Medium - /usr/share/fonts/truetype/lato/Lato-Medium.ttf
Lato,Lato Light - /usr/share/fonts/truetype/lato/Lato-LightItalic.ttf
WenQuanYi Zen Hei Sharp,文泉驛點陣正黑,文泉驿点阵正黑 - /usr/share/fonts/truetype/wqy/wqy-zenhei.ttc
WenQuanYi Micro Hei Mono,文泉驛等寬微米黑,文泉驿等宽微米黑 - /usr/share/fonts/truetype/wqy/wqy-microhei.ttc
Noto Sans Mono CJK KR - /usr/share/fonts/opentype/noto/NotoSansCJK-Bold.ttc
DejaVu Serif - /usr/share/fonts/truetype/dejavu/DejaVuSerif-Bold.ttf
Noto Sans Mono CJK JP - /usr/share/fonts/opentype/noto/NotoSansCJK-Bold.ttc
Noto Sans Mono CJK HK - /usr/share/fonts/opentype/noto/NotoSansCJK-Bold.ttc
Noto Serif CJK SC - /usr/share/fonts/opentype/noto/NotoSerifCJK-Regular.ttc
DejaVu Math TeX Gyre - /usr/share/fonts/truetype/dejavu/DejaVuMathTeXGyre.ttf
Liberation Sans - /usr/share/fonts/truetype/liberation/LiberationSans-Regular.ttf
Lato - /usr/share/fonts/truetype/lato/Lato-Italic.ttf
Liberation Sans - /usr/share/fonts/truetype/liberation/LiberationSans-Bold.ttf
Noto Serif CJK TC - /usr/share/fonts/opentype/noto/NotoSerifCJK-Regular.ttc
Noto Sans Mono CJK SC - /usr/share/fonts/opentype/noto/NotoSansCJK-Bold.ttc
Liberation Mono - /usr/share/fonts/truetype/liberation/LiberationMono-Italic.ttf
Noto Sans Mono CJK TC - /usr/share/fonts/opentype/noto/NotoSansCJK-Bold.ttc
DejaVu Sans,DejaVu Sans Condensed - /usr/share/fonts/truetype/dejavu/DejaVuSansCondensed.ttf
DejaVu Serif,DejaVu Serif Condensed - /usr/share/fonts/truetype/dejavu/DejaVuSerifCondensed.ttf
Liberation Serif - /usr/share/fonts/truetype/liberation/LiberationSerif-Italic.ttf
Lato,Lato Heavy - /usr/share/fonts/truetype/lato/Lato-HeavyItalic.ttf
Lato - /usr/share/fonts/truetype/lato/Lato-BoldItalic.ttf
Noto Serif CJK JP - /usr/share/fonts/opentype/noto/NotoSerifCJK-Regular.ttc
Lato,Lato Medium - /usr/share/fonts/truetype/lato/Lato-MediumItalic.ttf
Noto Serif CJK HK - /usr/share/fonts/opentype/noto/NotoSerifCJK-Regular.ttc
DejaVu Serif - /usr/share/fonts/truetype/dejavu/DejaVuSerif-Italic.ttf
DejaVu Sans - /usr/share/fonts/truetype/dejavu/DejaVuSans.ttf
Noto Serif CJK KR - /usr/share/fonts/opentype/noto/NotoSerifCJK-Regular.ttc
Lato,Lato Semibold - /usr/share/fonts/truetype/lato/Lato-SemiboldItalic.ttf
Lato,Lato Thin - /usr/share/fonts/truetype/lato/Lato-ThinItalic.ttf
DejaVu Sans,DejaVu Sans Condensed - /usr/share/fonts/truetype/dejavu/DejaVuSansCondensed-BoldOblique.ttf
Noto Sans CJK JP - /usr/share/fonts/opentype/noto/NotoSansCJK-Regular.ttc
Liberation Sans - /usr/share/fonts/truetype/liberation/LiberationSans-Italic.ttf
Noto Sans CJK HK - /usr/share/fonts/opentype/noto/NotoSansCJK-Regular.ttc
Lato,Lato Black - /usr/share/fonts/truetype/lato/Lato-BlackItalic.ttf
Lato,Lato Thin - /usr/share/fonts/truetype/lato/Lato-Thin.ttf
DejaVu Sans,DejaVu Sans Condensed - /usr/share/fonts/truetype/dejavu/DejaVuSansCondensed-Oblique.ttf
Noto Sans CJK KR - /usr/share/fonts/opentype/noto/NotoSansCJK-Regular.ttc
Lato,Lato Light - /usr/share/fonts/truetype/lato/Lato-Light.ttf
Noto Sans CJK TC - /usr/share/fonts/opentype/noto/NotoSansCJK-Regular.ttc
DejaVu Sans,DejaVu Sans Condensed - /usr/share/fonts/truetype/dejavu/DejaVuSansCondensed-Bold.ttf
DejaVu Sans Mono - /usr/share/fonts/truetype/dejavu/DejaVuSansMono-Oblique.ttf
Lato,Lato Hairline - /usr/share/fonts/truetype/lato/Lato-HairlineItalic.ttf
Noto Sans CJK SC - /usr/share/fonts/opentype/noto/NotoSansCJK-Regular.ttc
WenQuanYi Zen Hei,文泉驛正黑,文泉驿正黑 - /usr/share/fonts/truetype/wqy/wqy-zenhei.ttc
Lato,Lato Black - /usr/share/fonts/truetype/lato/Lato-Black.ttf
Lato - /usr/share/fonts/truetype/lato/Lato-Regular.ttf
DejaVu Sans - /usr/share/fonts/truetype/dejavu/DejaVuSans-BoldOblique.ttf
Liberation Mono - /usr/share/fonts/truetype/liberation/LiberationMono-BoldItalic.ttf
Noto Sans Mono CJK KR - /usr/share/fonts/opentype/noto/NotoSansCJK-Regular.ttc
Liberation Mono - /usr/share/fonts/truetype/liberation/LiberationMono-Regular.ttf
Noto Sans Mono CJK HK - /usr/share/fonts/opentype/noto/NotoSansCJK-Regular.ttc
DejaVu Sans,DejaVu Sans Light - /usr/share/fonts/truetype/dejavu/DejaVuSans-ExtraLight.ttf
DejaVu Serif - /usr/share/fonts/truetype/dejavu/DejaVuSerif.ttf
Noto Sans Mono CJK JP - /usr/share/fonts/opentype/noto/NotoSansCJK-Regular.ttc
Noto Serif CJK JP - /usr/share/fonts/opentype/noto/NotoSerifCJK-Bold.ttc
Noto Serif CJK HK - /usr/share/fonts/opentype/noto/NotoSerifCJK-Bold.ttc
Noto Serif CJK KR - /usr/share/fonts/opentype/noto/NotoSerifCJK-Bold.ttc
Noto Serif CJK TC - /usr/share/fonts/opentype/noto/NotoSerifCJK-Bold.ttc
Lato - /usr/share/fonts/truetype/lato/Lato-Bold.ttf
Noto Sans CJK SC - /usr/share/fonts/opentype/noto/NotoSansCJK-Bold.ttc
Noto Sans Mono CJK TC - /usr/share/fonts/opentype/noto/NotoSansCJK-Regular.ttc
Noto Sans CJK TC - /usr/share/fonts/opentype/noto/NotoSansCJK-Bold.ttc
Noto Serif CJK SC - /usr/share/fonts/opentype/noto/NotoSerifCJK-Bold.ttc
DejaVu Sans Mono - /usr/share/fonts/truetype/dejavu/DejaVuSansMono-Bold.ttf
DejaVu Serif - /usr/share/fonts/truetype/dejavu/DejaVuSerif-BoldItalic.ttf
WenQuanYi Zen Hei Mono,文泉驛等寬正黑,文泉驿等宽正黑 - /usr/share/fonts/truetype/wqy/wqy-zenhei.ttc
DejaVu Sans Mono - /usr/share/fonts/truetype/dejavu/DejaVuSansMono.ttf
Noto Sans CJK JP - /usr/share/fonts/opentype/noto/NotoSansCJK-Bold.ttc
Noto Sans CJK HK - /usr/share/fonts/opentype/noto/NotoSansCJK-Bold.ttc
Noto Sans CJK KR - /usr/share/fonts/opentype/noto/NotoSansCJK-Bold.ttc
WenQuanYi Micro Hei,文泉驛微米黑,文泉驿微米黑 - /usr/share/fonts/truetype/wqy/wqy-microhei.ttc
Noto Sans Mono CJK SC - /usr/share/fonts/opentype/noto/NotoSansCJK-Regular.ttc
Noto Color Emoji - /usr/share/fonts/truetype/noto/NotoColorEmoji.ttf
DejaVu Sans Mono - /usr/share/fonts/truetype/dejavu/DejaVuSansMono-BoldOblique.ttf
Liberation Sans - /usr/share/fonts/truetype/liberation/LiberationSans-BoldItalic.ttf
Liberation Serif - /usr/share/fonts/truetype/liberation/LiberationSerif-Regular.ttf
Lato,Lato Semibold - /usr/share/fonts/truetype/lato/Lato-Semibold.ttf
DejaVu Sans - /usr/share/fonts/truetype/dejavu/DejaVuSans-Oblique.ttf
DejaVu Serif,DejaVu Serif Condensed - /usr/share/fonts/truetype/dejavu/DejaVuSerifCondensed-Bold.ttf
DejaVu Sans - /usr/share/fonts/truetype/dejavu/DejaVuSans-Bold.ttf
Liberation Serif - /usr/share/fonts/truetype/liberation/LiberationSerif-Bold.ttf
DejaVu Serif,DejaVu Serif Condensed - /usr/share/fonts/truetype/dejavu/DejaVuSerifCondensed-BoldItalic.ttf

Running workflow script: /home/runner/work/nju_electric_monitor/nju_electric_monitor/src/nju_electric_monitor_workflow.py
[0;93m2026-02-28 13:19:23.868057561 [W:onnxruntime:Default, device_discovery.cc:131 GetPciBusId] Skipping pci_bus_id for PCI path at "/sys/devices/LNXSYSTM:00/LNXSYBUS:00/ACPI0004:00/MSFT1000:00/5620e0c7-8062-4dce-aeb7-520c7ef76171" because filename ""5620e0c7-8062-4dce-aeb7-520c7ef76171"" dit not match expected pattern of [0-9a-f]+:[0-9a-f]+:[0-9a-f]+[.][0-9a-f]+[m
2026-02-28 13:19:24,395 - INFO - Matplotlib 字体设置：使用回退字体列表，首选可用字体: Noto Sans CJK JP
2026-02-28 13:19:25,653 - INFO - 使用 ChromeDriver: /usr/bin/chromedriver
2026-02-28 13:19:25,725 - INFO - ddddocr 识别器初始化成功
2026-02-28 13:19:25,725 - INFO - 开始南京大学电费监控流程（自动无头模式）
2026-02-28 13:19:25,725 - INFO - 正在打开页面: https://epay.nju.edu.cn/epay/h5/nju/electric/index
2026-02-28 13:19:34,766 - INFO - 等待登录表单加载...
2026-02-28 13:19:34,828 - INFO - 登录表单已加载
2026-02-28 13:19:34,828 - INFO - 开始填写登录表单...
2026-02-28 13:19:34,949 - INFO - 用户名填写完成
2026-02-28 13:19:35,049 - INFO - 密码填写完成
2026-02-28 13:19:35,050 - INFO - 检查是否有验证码...
2026-02-28 13:19:35,050 - INFO - 查找验证码图片...
2026-02-28 13:19:35,072 - INFO - 找到验证码图片，开始截图...
2026-02-28 13:19:35,120 - INFO - 验证码图片截取成功
2026-02-28 13:19:35,120 - INFO - 开始填写登录表单...
2026-02-28 13:19:35,193 - INFO - 用户名填写完成
2026-02-28 13:19:35,260 - INFO - 密码填写完成
2026-02-28 13:19:35,261 - INFO - 验证码图片已保存到 /home/runner/work/nju_electric_monitor/nju_electric_monitor/src/../data/captcha_debug.png
2026-02-28 13:19:35,261 - INFO - 验证码识别尝试 1/30
2026-02-28 13:19:35,261 - INFO - 开始使用 ddddocr 识别验证码...
2026-02-28 13:19:35,273 - INFO - ddddocr 返回长度为 3 的结果: 'VXB'，尝试截取前4位
2026-02-28 13:19:35,273 - WARNING - 验证码识别失败，尝试 1
2026-02-28 13:19:35,273 - INFO - 开始填写登录表单...
2026-02-28 13:19:35,347 - INFO - 用户名填写完成
2026-02-28 13:19:35,411 - INFO - 密码填写完成
2026-02-28 13:19:35,411 - INFO - 验证码图片已保存到 /home/runner/work/nju_electric_monitor/nju_electric_monitor/src/../data/captcha_debug.png
2026-02-28 13:19:35,412 - INFO - 验证码识别尝试 2/30
2026-02-28 13:19:35,412 - INFO - 开始使用 ddddocr 识别验证码...
2026-02-28 13:19:35,422 - INFO - ddddocr 返回长度为 3 的结果: 'VXB'，尝试截取前4位
2026-02-28 13:19:35,422 - WARNING - 验证码识别失败，尝试 2
2026-02-28 13:19:35,422 - INFO - 开始填写登录表单...
2026-02-28 13:19:35,495 - INFO - 用户名填写完成
2026-02-28 13:19:35,558 - INFO - 密码填写完成
2026-02-28 13:19:35,559 - INFO - 验证码图片已保存到 /home/runner/work/nju_electric_monitor/nju_electric_monitor/src/../data/captcha_debug.png
2026-02-28 13:19:35,559 - INFO - 验证码识别尝试 3/30
2026-02-28 13:19:35,559 - INFO - 开始使用 ddddocr 识别验证码...
2026-02-28 13:19:35,569 - INFO - ddddocr 返回长度为 3 的结果: 'VXB'，尝试截取前4位
2026-02-28 13:19:35,569 - WARNING - 验证码识别失败，尝试 3
2026-02-28 13:19:35,569 - INFO - 开始填写登录表单...
2026-02-28 13:19:35,643 - INFO - 用户名填写完成
2026-02-28 13:19:35,707 - INFO - 密码填写完成
2026-02-28 13:19:35,708 - INFO - 验证码图片已保存到 /home/runner/work/nju_electric_monitor/nju_electric_monitor/src/../data/captcha_debug.png
2026-02-28 13:19:35,708 - INFO - 验证码识别尝试 4/30
2026-02-28 13:19:35,708 - INFO - 开始使用 ddddocr 识别验证码...
2026-02-28 13:19:35,718 - INFO - ddddocr 返回长度为 3 的结果: 'VXB'，尝试截取前4位
2026-02-28 13:19:35,719 - WARNING - 验证码识别失败，尝试 4
2026-02-28 13:19:35,719 - INFO - 开始填写登录表单...
2026-02-28 13:19:35,799 - INFO - 用户名填写完成
2026-02-28 13:19:35,861 - INFO - 密码填写完成
2026-02-28 13:19:35,862 - INFO - 验证码图片已保存到 /home/runner/work/nju_electric_monitor/nju_electric_monitor/src/../data/captcha_debug.png
2026-02-28 13:19:35,862 - INFO - 验证码识别尝试 5/30
2026-02-28 13:19:35,862 - INFO - 开始使用 ddddocr 识别验证码...
2026-02-28 13:19:35,872 - INFO - ddddocr 返回长度为 3 的结果: 'VXB'，尝试截取前4位
2026-02-28 13:19:35,872 - WARNING - 验证码识别失败，尝试 5
2026-02-28 13:19:35,872 - INFO - 开始填写登录表单...
2026-02-28 13:19:35,947 - INFO - 用户名填写完成
2026-02-28 13:19:36,010 - INFO - 密码填写完成
2026-02-28 13:19:36,011 - INFO - 验证码图片已保存到 /home/runner/work/nju_electric_monitor/nju_electric_monitor/src/../data/captcha_debug.png
2026-02-28 13:19:36,011 - INFO - 验证码识别尝试 6/30
2026-02-28 13:19:36,011 - INFO - 开始使用 ddddocr 识别验证码...
2026-02-28 13:19:36,022 - INFO - ddddocr 返回长度为 3 的结果: 'VXB'，尝试截取前4位
2026-02-28 13:19:36,022 - WARNING - 验证码识别失败，尝试 6
2026-02-28 13:19:36,022 - INFO - 开始填写登录表单...
2026-02-28 13:19:36,095 - INFO - 用户名填写完成
2026-02-28 13:19:36,158 - INFO - 密码填写完成
2026-02-28 13:19:36,159 - INFO - 验证码图片已保存到 /home/runner/work/nju_electric_monitor/nju_electric_monitor/src/../data/captcha_debug.png
2026-02-28 13:19:36,159 - INFO - 验证码识别尝试 7/30
2026-02-28 13:19:36,159 - INFO - 开始使用 ddddocr 识别验证码...
2026-02-28 13:19:36,171 - INFO - ddddocr 返回长度为 3 的结果: 'VXB'，尝试截取前4位
2026-02-28 13:19:36,171 - WARNING - 验证码识别失败，尝试 7
2026-02-28 13:19:36,171 - INFO - 开始填写登录表单...
2026-02-28 13:19:36,244 - INFO - 用户名填写完成
2026-02-28 13:19:36,307 - INFO - 密码填写完成
2026-02-28 13:19:36,308 - INFO - 验证码图片已保存到 /home/runner/work/nju_electric_monitor/nju_electric_monitor/src/../data/captcha_debug.png
2026-02-28 13:19:36,308 - INFO - 验证码识别尝试 8/30
2026-02-28 13:19:36,308 - INFO - 开始使用 ddddocr 识别验证码...
2026-02-28 13:19:36,318 - INFO - ddddocr 返回长度为 3 的结果: 'VXB'，尝试截取前4位
2026-02-28 13:19:36,318 - WARNING - 验证码识别失败，尝试 8
2026-02-28 13:19:36,318 - INFO - 开始填写登录表单...
2026-02-28 13:19:36,391 - INFO - 用户名填写完成
2026-02-28 13:19:36,455 - INFO - 密码填写完成
2026-02-28 13:19:36,456 - INFO - 验证码图片已保存到 /home/runner/work/nju_electric_monitor/nju_electric_monitor/src/../data/captcha_debug.png
2026-02-28 13:19:36,456 - INFO - 验证码识别尝试 9/30
2026-02-28 13:19:36,456 - INFO - 开始使用 ddddocr 识别验证码...
2026-02-28 13:19:36,468 - INFO - ddddocr 返回长度为 3 的结果: 'VXB'，尝试截取前4位
2026-02-28 13:19:36,468 - WARNING - 验证码识别失败，尝试 9
2026-02-28 13:19:36,468 - INFO - 开始填写登录表单...
2026-02-28 13:19:36,541 - INFO - 用户名填写完成
2026-02-28 13:19:36,605 - INFO - 密码填写完成
2026-02-28 13:19:36,606 - INFO - 验证码图片已保存到 /home/runner/work/nju_electric_monitor/nju_electric_monitor/src/../data/captcha_debug.png
2026-02-28 13:19:36,606 - INFO - 验证码识别尝试 10/30
2026-02-28 13:19:36,606 - INFO - 开始使用 ddddocr 识别验证码...
2026-02-28 13:19:36,617 - INFO - ddddocr 返回长度为 3 的结果: 'VXB'，尝试截取前4位
2026-02-28 13:19:36,617 - WARNING - 验证码识别失败，尝试 10
2026-02-28 13:19:36,617 - INFO - 开始填写登录表单...
2026-02-28 13:19:36,690 - INFO - 用户名填写完成
2026-02-28 13:19:36,754 - INFO - 密码填写完成
2026-02-28 13:19:36,755 - INFO - 验证码图片已保存到 /home/runner/work/nju_electric_monitor/nju_electric_monitor/src/../data/captcha_debug.png
2026-02-28 13:19:36,755 - INFO - 验证码识别尝试 11/30
2026-02-28 13:19:36,755 - INFO - 开始使用 ddddocr 识别验证码...
2026-02-28 13:19:36,770 - INFO - ddddocr 返回长度为 3 的结果: 'VXB'，尝试截取前4位
2026-02-28 13:19:36,770 - WARNING - 验证码识别失败，尝试 11
2026-02-28 13:19:36,770 - INFO - 开始填写登录表单...
2026-02-28 13:19:36,845 - INFO - 用户名填写完成
2026-02-28 13:19:36,911 - INFO - 密码填写完成
2026-02-28 13:19:36,912 - INFO - 验证码图片已保存到 /home/runner/work/nju_electric_monitor/nju_electric_monitor/src/../data/captcha_debug.png
2026-02-28 13:19:36,912 - INFO - 验证码识别尝试 12/30
2026-02-28 13:19:36,912 - INFO - 开始使用 ddddocr 识别验证码...
2026-02-28 13:19:36,928 - INFO - ddddocr 返回长度为 3 的结果: 'VXB'，尝试截取前4位
2026-02-28 13:19:36,928 - WARNING - 验证码识别失败，尝试 12
2026-02-28 13:19:36,928 - INFO - 开始填写登录表单...
2026-02-28 13:19:37,015 - INFO - 用户名填写完成
2026-02-28 13:19:37,078 - INFO - 密码填写完成
2026-02-28 13:19:37,079 - INFO - 验证码图片已保存到 /home/runner/work/nju_electric_monitor/nju_electric_monitor/src/../data/captcha_debug.png
2026-02-28 13:19:37,079 - INFO - 验证码识别尝试 13/30
2026-02-28 13:19:37,079 - INFO - 开始使用 ddddocr 识别验证码...
2026-02-28 13:19:37,089 - INFO - ddddocr 返回长度为 3 的结果: 'VXB'，尝试截取前4位
2026-02-28 13:19:37,089 - WARNING - 验证码识别失败，尝试 13
2026-02-28 13:19:37,089 - INFO - 开始填写登录表单...
2026-02-28 13:19:37,167 - INFO - 用户名填写完成
2026-02-28 13:19:37,230 - INFO - 密码填写完成
2026-02-28 13:19:37,231 - INFO - 验证码图片已保存到 /home/runner/work/nju_electric_monitor/nju_electric_monitor/src/../data/captcha_debug.png
2026-02-28 13:19:37,231 - INFO - 验证码识别尝试 14/30
2026-02-28 13:19:37,231 - INFO - 开始使用 ddddocr 识别验证码...
2026-02-28 13:19:37,242 - INFO - ddddocr 返回长度为 3 的结果: 'VXB'，尝试截取前4位
2026-02-28 13:19:37,242 - WARNING - 验证码识别失败，尝试 14
2026-02-28 13:19:37,242 - INFO - 开始填写登录表单...
2026-02-28 13:19:37,315 - INFO - 用户名填写完成
2026-02-28 13:19:37,377 - INFO - 密码填写完成
2026-02-28 13:19:37,378 - INFO - 验证码图片已保存到 /home/runner/work/nju_electric_monitor/nju_electric_monitor/src/../data/captcha_debug.png
2026-02-28 13:19:37,378 - INFO - 验证码识别尝试 15/30
2026-02-28 13:19:37,378 - INFO - 开始使用 ddddocr 识别验证码...
2026-02-28 13:19:37,388 - INFO - ddddocr 返回长度为 3 的结果: 'VXB'，尝试截取前4位
2026-02-28 13:19:37,388 - WARNING - 验证码识别失败，尝试 15
2026-02-28 13:19:37,388 - INFO - 开始填写登录表单...
2026-02-28 13:19:37,463 - INFO - 用户名填写完成
2026-02-28 13:19:37,525 - INFO - 密码填写完成
2026-02-28 13:19:37,526 - INFO - 验证码图片已保存到 /home/runner/work/nju_electric_monitor/nju_electric_monitor/src/../data/captcha_debug.png
2026-02-28 13:19:37,526 - INFO - 验证码识别尝试 16/30
2026-02-28 13:19:37,526 - INFO - 开始使用 ddddocr 识别验证码...
2026-02-28 13:19:37,538 - INFO - ddddocr 返回长度为 3 的结果: 'VXB'，尝试截取前4位
2026-02-28 13:19:37,538 - WARNING - 验证码识别失败，尝试 16
2026-02-28 13:19:37,539 - INFO - 开始填写登录表单...
2026-02-28 13:19:37,611 - INFO - 用户名填写完成
2026-02-28 13:19:37,677 - INFO - 密码填写完成
2026-02-28 13:19:37,678 - INFO - 验证码图片已保存到 /home/runner/work/nju_electric_monitor/nju_electric_monitor/src/../data/captcha_debug.png
2026-02-28 13:19:37,678 - INFO - 验证码识别尝试 17/30
2026-02-28 13:19:37,678 - INFO - 开始使用 ddddocr 识别验证码...
2026-02-28 13:19:37,688 - INFO - ddddocr 返回长度为 3 的结果: 'VXB'，尝试截取前4位
2026-02-28 13:19:37,688 - WARNING - 验证码识别失败，尝试 17
2026-02-28 13:19:37,688 - INFO - 开始填写登录表单...
2026-02-28 13:19:37,764 - INFO - 用户名填写完成
2026-02-28 13:19:37,826 - INFO - 密码填写完成
2026-02-28 13:19:37,827 - INFO - 验证码图片已保存到 /home/runner/work/nju_electric_monitor/nju_electric_monitor/src/../data/captcha_debug.png
2026-02-28 13:19:37,827 - INFO - 验证码识别尝试 18/30
2026-02-28 13:19:37,827 - INFO - 开始使用 ddddocr 识别验证码...
2026-02-28 13:19:37,839 - INFO - ddddocr 返回长度为 3 的结果: 'VXB'，尝试截取前4位
2026-02-28 13:19:37,839 - WARNING - 验证码识别失败，尝试 18
2026-02-28 13:19:37,839 - INFO - 开始填写登录表单...
2026-02-28 13:19:37,912 - INFO - 用户名填写完成
2026-02-28 13:19:37,975 - INFO - 密码填写完成
2026-02-28 13:19:37,976 - INFO - 验证码图片已保存到 /home/runner/work/nju_electric_monitor/nju_electric_monitor/src/../data/captcha_debug.png
2026-02-28 13:19:37,976 - INFO - 验证码识别尝试 19/30
2026-02-28 13:19:37,976 - INFO - 开始使用 ddddocr 识别验证码...
2026-02-28 13:19:37,986 - INFO - ddddocr 返回长度为 3 的结果: 'VXB'，尝试截取前4位
2026-02-28 13:19:37,986 - WARNING - 验证码识别失败，尝试 19
2026-02-28 13:19:37,986 - INFO - 开始填写登录表单...
2026-02-28 13:19:38,063 - INFO - 用户名填写完成
2026-02-28 13:19:38,126 - INFO - 密码填写完成
2026-02-28 13:19:38,127 - INFO - 验证码图片已保存到 /home/runner/work/nju_electric_monitor/nju_electric_monitor/src/../data/captcha_debug.png
2026-02-28 13:19:38,127 - INFO - 验证码识别尝试 20/30
2026-02-28 13:19:38,127 - INFO - 开始使用 ddddocr 识别验证码...
2026-02-28 13:19:38,138 - INFO - ddddocr 返回长度为 3 的结果: 'VXB'，尝试截取前4位
2026-02-28 13:19:38,139 - WARNING - 验证码识别失败，尝试 20
2026-02-28 13:19:38,139 - INFO - 开始填写登录表单...
2026-02-28 13:19:38,213 - INFO - 用户名填写完成
2026-02-28 13:19:38,275 - INFO - 密码填写完成
2026-02-28 13:19:38,276 - INFO - 验证码图片已保存到 /home/runner/work/nju_electric_monitor/nju_electric_monitor/src/../data/captcha_debug.png
2026-02-28 13:19:38,276 - INFO - 验证码识别尝试 21/30
2026-02-28 13:19:38,276 - INFO - 开始使用 ddddocr 识别验证码...
2026-02-28 13:19:38,287 - INFO - ddddocr 返回长度为 3 的结果: 'VXB'，尝试截取前4位
2026-02-28 13:19:38,287 - WARNING - 验证码识别失败，尝试 21
2026-02-28 13:19:38,287 - INFO - 开始填写登录表单...
2026-02-28 13:19:38,360 - INFO - 用户名填写完成
2026-02-28 13:19:38,423 - INFO - 密码填写完成
2026-02-28 13:19:38,423 - INFO - 验证码图片已保存到 /home/runner/work/nju_electric_monitor/nju_electric_monitor/src/../data/captcha_debug.png
2026-02-28 13:19:38,423 - INFO - 验证码识别尝试 22/30
2026-02-28 13:19:38,423 - INFO - 开始使用 ddddocr 识别验证码...
2026-02-28 13:19:38,437 - INFO - ddddocr 返回长度为 3 的结果: 'VXB'，尝试截取前4位
2026-02-28 13:19:38,437 - WARNING - 验证码识别失败，尝试 22
2026-02-28 13:19:38,437 - INFO - 开始填写登录表单...
2026-02-28 13:19:38,516 - INFO - 用户名填写完成
2026-02-28 13:19:38,579 - INFO - 密码填写完成
2026-02-28 13:19:38,579 - INFO - 验证码图片已保存到 /home/runner/work/nju_electric_monitor/nju_electric_monitor/src/../data/captcha_debug.png
2026-02-28 13:19:38,579 - INFO - 验证码识别尝试 23/30
2026-02-28 13:19:38,579 - INFO - 开始使用 ddddocr 识别验证码...
2026-02-28 13:19:38,589 - INFO - ddddocr 返回长度为 3 的结果: 'VXB'，尝试截取前4位
2026-02-28 13:19:38,589 - WARNING - 验证码识别失败，尝试 23
2026-02-28 13:19:38,589 - INFO - 开始填写登录表单...
2026-02-28 13:19:38,663 - INFO - 用户名填写完成
2026-02-28 13:19:38,727 - INFO - 密码填写完成
2026-02-28 13:19:38,728 - INFO - 验证码图片已保存到 /home/runner/work/nju_electric_monitor/nju_electric_monitor/src/../data/captcha_debug.png
2026-02-28 13:19:38,728 - INFO - 验证码识别尝试 24/30
2026-02-28 13:19:38,728 - INFO - 开始使用 ddddocr 识别验证码...
2026-02-28 13:19:38,738 - INFO - ddddocr 返回长度为 3 的结果: 'VXB'，尝试截取前4位
2026-02-28 13:19:38,738 - WARNING - 验证码识别失败，尝试 24
2026-02-28 13:19:38,738 - INFO - 开始填写登录表单...
2026-02-28 13:19:38,812 - INFO - 用户名填写完成
2026-02-28 13:19:38,880 - INFO - 密码填写完成
2026-02-28 13:19:38,880 - INFO - 验证码图片已保存到 /home/runner/work/nju_electric_monitor/nju_electric_monitor/src/../data/captcha_debug.png
2026-02-28 13:19:38,881 - INFO - 验证码识别尝试 25/30
2026-02-28 13:19:38,881 - INFO - 开始使用 ddddocr 识别验证码...
2026-02-28 13:19:38,892 - INFO - ddddocr 返回长度为 3 的结果: 'VXB'，尝试截取前4位
2026-02-28 13:19:38,892 - WARNING - 验证码识别失败，尝试 25
2026-02-28 13:19:38,892 - INFO - 开始填写登录表单...
2026-02-28 13:19:38,966 - INFO - 用户名填写完成
2026-02-28 13:19:39,029 - INFO - 密码填写完成
2026-02-28 13:19:39,029 - INFO - 验证码图片已保存到 /home/runner/work/nju_electric_monitor/nju_electric_monitor/src/../data/captcha_debug.png
2026-02-28 13:19:39,029 - INFO - 验证码识别尝试 26/30
2026-02-28 13:19:39,029 - INFO - 开始使用 ddddocr 识别验证码...
2026-02-28 13:19:39,039 - INFO - ddddocr 返回长度为 3 的结果: 'VXB'，尝试截取前4位
2026-02-28 13:19:39,039 - WARNING - 验证码识别失败，尝试 26
2026-02-28 13:19:39,039 - INFO - 开始填写登录表单...
2026-02-28 13:19:39,112 - INFO - 用户名填写完成
2026-02-28 13:19:39,175 - INFO - 密码填写完成
2026-02-28 13:19:39,176 - INFO - 验证码图片已保存到 /home/runner/work/nju_electric_monitor/nju_electric_monitor/src/../data/captcha_debug.png
2026-02-28 13:19:39,176 - INFO - 验证码识别尝试 27/30
2026-02-28 13:19:39,176 - INFO - 开始使用 ddddocr 识别验证码...
2026-02-28 13:19:39,187 - INFO - ddddocr 返回长度为 3 的结果: 'VXB'，尝试截取前4位
2026-02-28 13:19:39,187 - WARNING - 验证码识别失败，尝试 27
2026-02-28 13:19:39,187 - INFO - 开始填写登录表单...
2026-02-28 13:19:39,261 - INFO - 用户名填写完成
2026-02-28 13:19:39,325 - INFO - 密码填写完成
2026-02-28 13:19:39,326 - INFO - 验证码图片已保存到 /home/runner/work/nju_electric_monitor/nju_electric_monitor/src/../data/captcha_debug.png
2026-02-28 13:19:39,326 - INFO - 验证码识别尝试 28/30
2026-02-28 13:19:39,326 - INFO - 开始使用 ddddocr 识别验证码...
2026-02-28 13:19:39,335 - INFO - ddddocr 返回长度为 3 的结果: 'VXB'，尝试截取前4位
2026-02-28 13:19:39,335 - WARNING - 验证码识别失败，尝试 28
2026-02-28 13:19:39,336 - INFO - 开始填写登录表单...
2026-02-28 13:19:39,419 - INFO - 用户名填写完成
2026-02-28 13:19:39,483 - INFO - 密码填写完成
2026-02-28 13:19:39,483 - INFO - 验证码图片已保存到 /home/runner/work/nju_electric_monitor/nju_electric_monitor/src/../data/captcha_debug.png
2026-02-28 13:19:39,483 - INFO - 验证码识别尝试 29/30
2026-02-28 13:19:39,483 - INFO - 开始使用 ddddocr 识别验证码...
2026-02-28 13:19:39,492 - INFO - ddddocr 返回长度为 3 的结果: 'VXB'，尝试截取前4位
2026-02-28 13:19:39,492 - WARNING - 验证码识别失败，尝试 29
2026-02-28 13:19:39,492 - INFO - 开始填写登录表单...
2026-02-28 13:19:39,568 - INFO - 用户名填写完成
2026-02-28 13:19:39,631 - INFO - 密码填写完成
2026-02-28 13:19:39,632 - INFO - 验证码图片已保存到 /home/runner/work/nju_electric_monitor/nju_electric_monitor/src/../data/captcha_debug.png
2026-02-28 13:19:39,632 - INFO - 验证码识别尝试 30/30
2026-02-28 13:19:39,632 - INFO - 开始使用 ddddocr 识别验证码...
2026-02-28 13:19:39,642 - INFO - ddddocr 返回长度为 3 的结果: 'VXB'，尝试截取前4位
2026-02-28 13:19:39,642 - WARNING - 验证码识别失败，尝试 30
2026-02-28 13:19:39,642 - WARNING - 自动验证码识别失败，请手动输入
请手动输入验证码: 2026-02-28 13:19:39,642 - ERROR - 处理验证码时出错: EOF when reading a line
2026-02-28 13:19:39,642 - WARNING - 验证码处理失败，但继续尝试登录
2026-02-28 13:19:39,642 - INFO - 查找并点击登录按钮...
2026-02-28 13:19:39,672 - INFO - 通过 ID=login_submit 找到登录按钮
2026-02-28 13:19:39,721 - INFO - 已点击登录按钮
2026-02-28 13:19:44,721 - INFO - 等待登录成功...
2026-02-28 13:19:49,726 - INFO - 登录可能成功，继续下一步...
2026-02-28 13:19:49,726 - INFO - 查找'去充值'按钮...
2026-02-28 13:19:49,735 - ERROR - 未找到'去充值'按钮
2026-02-28 13:19:49,735 - WARNING - 点击充值按钮失败，尝试直接提取数据
2026-02-28 13:19:49,735 - INFO - 开始提取剩余电量信息...
2026-02-28 13:19:49,951 - INFO - 页面源码已保存到 /home/runner/work/nju_electric_monitor/nju_electric_monitor/src/../data/debug_page_source.html
2026-02-28 13:19:49,960 - WARNING - 未找到电量信息元素，尝试其他方法...
2026-02-28 13:19:49,969 - WARNING - 未找到i标签中的电量信息，尝试其他方法...
2026-02-28 13:19:49,977 - INFO - 在页面源码中查找电量信息...
2026-02-28 13:19:49,988 - WARNING - 未能提取到剩余电量信息
2026-02-28 13:19:49,988 - WARNING - 没有电量数据可保存
2026-02-28 13:19:49,988 - INFO - 监控流程完成
Wrapper end: 2026-02-28T21:19:50.157060+08:00
