Wrapper start: 2026-01-23T10:59:00.314602+08:00

=== ENVIRONMENT SUMMARY ===
Environment variable keys (count=119):
- ACCEPT_EULA
- ACTIONS_RUNNER_ACTION_ARCHIVE_CACHE
- AGENT_TOOLSDIRECTORY
- ANDROID_HOME
- ANDROID_NDK
- ANDROID_NDK_HOME
- ANDROID_NDK_LATEST_HOME
- ANDROID_NDK_ROOT
- ANDROID_SDK_ROOT
- ANT_HOME
NJU_USERNAME set: yes
NJU_PASSWORD set: yes

=== DISK USAGE (df -h) ===
Filesystem      Size  Used Avail Use% Mounted on
/dev/root        72G   59G   13G  83% /
tmpfs           7.9G   84K  7.9G   1% /dev/shm
tmpfs           3.2G  2.5M  3.2G   1% /run
tmpfs           5.0M     0  5.0M   0% /run/lock
efivarfs        128M   26K  128M   1% /sys/firmware/efi/efivars
/dev/sda16      881M   62M  758M   8% /boot
/dev/sda15      105M  6.2M   99M   6% /boot/efi
/dev/sdb1        74G  4.1G   66G   6% /mnt
tmpfs           1.6G   12K  1.6G   1% /run/user/1001


=== KEY DIR SIZES ===
12M	/home/runner/work/nju_electric_monitor/nju_electric_monitor/src/../logs

284K	/home/runner/work/nju_electric_monitor/nju_electric_monitor/src/../data

101M	/home/runner/work/nju_electric_monitor/nju_electric_monitor/src/../models


=== CONFIG_WORKFLOW SUMMARY ===
{
  "username": "",
  "password": "",
  "auto_login": true,
  "headless_mode": true,
  "captcha_retry_count": 30,
  "captcha_confidence_threshold": 0.3,
  "save_captcha_images": true,
  "log_level": "INFO"
}

=== FONT DIAGNOSTICS ===
Found system fonts (ttf) count: 59
- /usr/share/fonts/truetype/noto/NotoColorEmoji.ttf
- /usr/share/fonts/truetype/dejavu/DejaVuSerifCondensed-Bold.ttf
- /usr/share/fonts/truetype/lato/Lato-Regular.ttf
- /usr/share/fonts/truetype/lato/Lato-SemiboldItalic.ttf
- /usr/share/fonts/truetype/liberation/LiberationSerif-Bold.ttf
- /usr/share/fonts/truetype/lato/Lato-Hairline.ttf
- /usr/share/fonts/truetype/liberation/LiberationSerif-Italic.ttf
- /usr/share/fonts/opentype/noto/NotoSerifCJK-Bold.ttc
- /usr/share/fonts/truetype/dejavu/DejaVuSans-Oblique.ttf
- /usr/share/fonts/truetype/lato/Lato-Thin.ttf
- /usr/share/fonts/truetype/lato/Lato-BlackItalic.ttf
- /usr/share/fonts/truetype/wqy/wqy-microhei.ttc
- /usr/share/fonts/truetype/dejavu/DejaVuSans-BoldOblique.ttf
- /usr/share/fonts/opentype/noto/NotoSerifCJK-Regular.ttc
- /usr/share/fonts/truetype/dejavu/DejaVuSansCondensed-BoldOblique.ttf
- /usr/share/fonts/truetype/liberation/LiberationMono-Regular.ttf
- /usr/share/fonts/truetype/lato/Lato-Medium.ttf
- /usr/share/fonts/truetype/lato/Lato-Italic.ttf
- /usr/share/fonts/truetype/liberation/LiberationMono-Bold.ttf
- /usr/share/fonts/truetype/dejavu/DejaVuSansMono-Bold.ttf
- /usr/share/fonts/truetype/dejavu/DejaVuSerifCondensed.ttf
- /usr/share/fonts/opentype/noto/NotoSansCJK-Bold.ttc
- /usr/share/fonts/truetype/lato/Lato-BoldItalic.ttf
- /usr/share/fonts/truetype/lato/Lato-Black.ttf
- /usr/share/fonts/truetype/dejavu/DejaVuSansCondensed-Bold.ttf
- /usr/share/fonts/truetype/liberation/LiberationSans-BoldItalic.ttf
- /usr/share/fonts/truetype/liberation/LiberationSans-Bold.ttf
- /usr/share/fonts/truetype/lato/Lato-ThinItalic.ttf
- /usr/share/fonts/truetype/liberation/LiberationSans-Regular.ttf
- /usr/share/fonts/truetype/lato/Lato-LightItalic.ttf
- /usr/share/fonts/truetype/dejavu/DejaVuSans-Bold.ttf
- /usr/share/fonts/truetype/lato/Lato-Light.ttf
- /usr/share/fonts/truetype/lato/Lato-Semibold.ttf
- /usr/share/fonts/truetype/dejavu/DejaVuSerif-Bold.ttf
- /usr/share/fonts/truetype/wqy/wqy-zenhei.ttc
- /usr/share/fonts/truetype/liberation/LiberationSerif-Regular.ttf
- /usr/share/fonts/truetype/liberation/LiberationSerif-BoldItalic.ttf
- /usr/share/fonts/truetype/lato/Lato-MediumItalic.ttf
- /usr/share/fonts/truetype/liberation/LiberationMono-BoldItalic.ttf
- /usr/share/fonts/truetype/lato/Lato-Bold.ttf
- /usr/share/fonts/truetype/lato/Lato-HairlineItalic.ttf
- /usr/share/fonts/truetype/lato/Lato-HeavyItalic.ttf
- /usr/share/fonts/opentype/noto/NotoSansCJK-Regular.ttc
- /usr/share/fonts/truetype/dejavu/DejaVuSans-ExtraLight.ttf
- /usr/share/fonts/truetype/dejavu/DejaVuSerifCondensed-Italic.ttf
- /usr/share/fonts/truetype/dejavu/DejaVuSerif.ttf
- /usr/share/fonts/truetype/lato/Lato-Heavy.ttf
- /usr/share/fonts/truetype/dejavu/DejaVuMathTeXGyre.ttf
- /usr/share/fonts/truetype/dejavu/DejaVuSerifCondensed-BoldItalic.ttf
- /usr/share/fonts/truetype/liberation/LiberationSans-Italic.ttf

FontManager samples (name -> path):
DejaVu Serif -> /opt/hostedtoolcache/Python/3.14.2/x64/lib/python3.14/site-packages/matplotlib/mpl-data/fonts/ttf/DejaVuSerif-Bold.ttf
STIXNonUnicode -> /opt/hostedtoolcache/Python/3.14.2/x64/lib/python3.14/site-packages/matplotlib/mpl-data/fonts/ttf/STIXNonUniBol.ttf
STIXGeneral -> /opt/hostedtoolcache/Python/3.14.2/x64/lib/python3.14/site-packages/matplotlib/mpl-data/fonts/ttf/STIXGeneralBolIta.ttf
STIXSizeFiveSym -> /opt/hostedtoolcache/Python/3.14.2/x64/lib/python3.14/site-packages/matplotlib/mpl-data/fonts/ttf/STIXSizFiveSymReg.ttf
cmss10 -> /opt/hostedtoolcache/Python/3.14.2/x64/lib/python3.14/site-packages/matplotlib/mpl-data/fonts/ttf/cmss10.ttf
DejaVu Sans -> /opt/hostedtoolcache/Python/3.14.2/x64/lib/python3.14/site-packages/matplotlib/mpl-data/fonts/ttf/DejaVuSans-BoldOblique.ttf
DejaVu Sans Mono -> /opt/hostedtoolcache/Python/3.14.2/x64/lib/python3.14/site-packages/matplotlib/mpl-data/fonts/ttf/DejaVuSansMono-Bold.ttf
DejaVu Sans Mono -> /opt/hostedtoolcache/Python/3.14.2/x64/lib/python3.14/site-packages/matplotlib/mpl-data/fonts/ttf/DejaVuSansMono-BoldOblique.ttf
STIXNonUnicode -> /opt/hostedtoolcache/Python/3.14.2/x64/lib/python3.14/site-packages/matplotlib/mpl-data/fonts/ttf/STIXNonUniIta.ttf
cmtt10 -> /opt/hostedtoolcache/Python/3.14.2/x64/lib/python3.14/site-packages/matplotlib/mpl-data/fonts/ttf/cmtt10.ttf
STIXSizeFourSym -> /opt/hostedtoolcache/Python/3.14.2/x64/lib/python3.14/site-packages/matplotlib/mpl-data/fonts/ttf/STIXSizFourSymReg.ttf
STIXSizeThreeSym -> /opt/hostedtoolcache/Python/3.14.2/x64/lib/python3.14/site-packages/matplotlib/mpl-data/fonts/ttf/STIXSizThreeSymReg.ttf
DejaVu Sans Mono -> /opt/hostedtoolcache/Python/3.14.2/x64/lib/python3.14/site-packages/matplotlib/mpl-data/fonts/ttf/DejaVuSansMono-Oblique.ttf
DejaVu Sans -> /opt/hostedtoolcache/Python/3.14.2/x64/lib/python3.14/site-packages/matplotlib/mpl-data/fonts/ttf/DejaVuSans-Bold.ttf
cmb10 -> /opt/hostedtoolcache/Python/3.14.2/x64/lib/python3.14/site-packages/matplotlib/mpl-data/fonts/ttf/cmb10.ttf
STIXSizeTwoSym -> /opt/hostedtoolcache/Python/3.14.2/x64/lib/python3.14/site-packages/matplotlib/mpl-data/fonts/ttf/STIXSizTwoSymReg.ttf
STIXSizeOneSym -> /opt/hostedtoolcache/Python/3.14.2/x64/lib/python3.14/site-packages/matplotlib/mpl-data/fonts/ttf/STIXSizOneSymReg.ttf
DejaVu Sans Display -> /opt/hostedtoolcache/Python/3.14.2/x64/lib/python3.14/site-packages/matplotlib/mpl-data/fonts/ttf/DejaVuSansDisplay.ttf
DejaVu Serif Display -> /opt/hostedtoolcache/Python/3.14.2/x64/lib/python3.14/site-packages/matplotlib/mpl-data/fonts/ttf/DejaVuSerifDisplay.ttf
STIXSizeOneSym -> /opt/hostedtoolcache/Python/3.14.2/x64/lib/python3.14/site-packages/matplotlib/mpl-data/fonts/ttf/STIXSizOneSymBol.ttf
STIXGeneral -> /opt/hostedtoolcache/Python/3.14.2/x64/lib/python3.14/site-packages/matplotlib/mpl-data/fonts/ttf/STIXGeneral.ttf
DejaVu Sans Mono -> /opt/hostedtoolcache/Python/3.14.2/x64/lib/python3.14/site-packages/matplotlib/mpl-data/fonts/ttf/DejaVuSansMono.ttf
DejaVu Serif -> /opt/hostedtoolcache/Python/3.14.2/x64/lib/python3.14/site-packages/matplotlib/mpl-data/fonts/ttf/DejaVuSerif.ttf
DejaVu Sans -> /opt/hostedtoolcache/Python/3.14.2/x64/lib/python3.14/site-packages/matplotlib/mpl-data/fonts/ttf/DejaVuSans-Oblique.ttf
DejaVu Serif -> /opt/hostedtoolcache/Python/3.14.2/x64/lib/python3.14/site-packages/matplotlib/mpl-data/fonts/ttf/DejaVuSerif-BoldItalic.ttf
STIXGeneral -> /opt/hostedtoolcache/Python/3.14.2/x64/lib/python3.14/site-packages/matplotlib/mpl-data/fonts/ttf/STIXGeneralBol.ttf
cmex10 -> /opt/hostedtoolcache/Python/3.14.2/x64/lib/python3.14/site-packages/matplotlib/mpl-data/fonts/ttf/cmex10.ttf
STIXSizeTwoSym -> /opt/hostedtoolcache/Python/3.14.2/x64/lib/python3.14/site-packages/matplotlib/mpl-data/fonts/ttf/STIXSizTwoSymBol.ttf
STIXSizeFourSym -> /opt/hostedtoolcache/Python/3.14.2/x64/lib/python3.14/site-packages/matplotlib/mpl-data/fonts/ttf/STIXSizFourSymBol.ttf
cmr10 -> /opt/hostedtoolcache/Python/3.14.2/x64/lib/python3.14/site-packages/matplotlib/mpl-data/fonts/ttf/cmr10.ttf
STIXGeneral -> /opt/hostedtoolcache/Python/3.14.2/x64/lib/python3.14/site-packages/matplotlib/mpl-data/fonts/ttf/STIXGeneralItalic.ttf
cmsy10 -> /opt/hostedtoolcache/Python/3.14.2/x64/lib/python3.14/site-packages/matplotlib/mpl-data/fonts/ttf/cmsy10.ttf
DejaVu Sans -> /opt/hostedtoolcache/Python/3.14.2/x64/lib/python3.14/site-packages/matplotlib/mpl-data/fonts/ttf/DejaVuSans.ttf
DejaVu Serif -> /opt/hostedtoolcache/Python/3.14.2/x64/lib/python3.14/site-packages/matplotlib/mpl-data/fonts/ttf/DejaVuSerif-Italic.ttf
STIXSizeThreeSym -> /opt/hostedtoolcache/Python/3.14.2/x64/lib/python3.14/site-packages/matplotlib/mpl-data/fonts/ttf/STIXSizThreeSymBol.ttf
STIXNonUnicode -> /opt/hostedtoolcache/Python/3.14.2/x64/lib/python3.14/site-packages/matplotlib/mpl-data/fonts/ttf/STIXNonUniBolIta.ttf
STIXNonUnicode -> /opt/hostedtoolcache/Python/3.14.2/x64/lib/python3.14/site-packages/matplotlib/mpl-data/fonts/ttf/STIXNonUni.ttf
cmmi10 -> /opt/hostedtoolcache/Python/3.14.2/x64/lib/python3.14/site-packages/matplotlib/mpl-data/fonts/ttf/cmmi10.ttf
DejaVu Serif -> /usr/share/fonts/truetype/dejavu/DejaVuSerifCondensed-Bold.ttf
Lato -> /usr/share/fonts/truetype/lato/Lato-Regular.ttf
Lato -> /usr/share/fonts/truetype/lato/Lato-SemiboldItalic.ttf
Liberation Serif -> /usr/share/fonts/truetype/liberation/LiberationSerif-Bold.ttf
Lato -> /usr/share/fonts/truetype/lato/Lato-Hairline.ttf
Liberation Serif -> /usr/share/fonts/truetype/liberation/LiberationSerif-Italic.ttf
Noto Serif CJK JP -> /usr/share/fonts/opentype/noto/NotoSerifCJK-Bold.ttc
DejaVu Sans -> /usr/share/fonts/truetype/dejavu/DejaVuSans-Oblique.ttf
Lato -> /usr/share/fonts/truetype/lato/Lato-Thin.ttf
Lato -> /usr/share/fonts/truetype/lato/Lato-BlackItalic.ttf
WenQuanYi Micro Hei -> /usr/share/fonts/truetype/wqy/wqy-microhei.ttc
DejaVu Sans -> /usr/share/fonts/truetype/dejavu/DejaVuSans-BoldOblique.ttf

Preferred font find results:
findfont('Microsoft YaHei') failed: Failed to find font Microsoft YaHei:style=normal:variant=normal:weight=normal:stretch=normal:size=10.0, and fallback to the default font was disabled
findfont('Segoe UI') failed: Failed to find font Segoe UI:style=normal:variant=normal:weight=normal:stretch=normal:size=10.0, and fallback to the default font was disabled
findfont('Arial Unicode MS') failed: Failed to find font Arial Unicode MS:style=normal:variant=normal:weight=normal:stretch=normal:size=10.0, and fallback to the default font was disabled
findfont('Noto Sans CJK SC') failed: Failed to find font Noto Sans CJK SC:style=normal:variant=normal:weight=normal:stretch=normal:size=10.0, and fallback to the default font was disabled
findfont('WenQuanYi Micro Hei') -> /usr/share/fonts/truetype/wqy/wqy-microhei.ttc
findfont('WenQuanYi Zen Hei') -> /usr/share/fonts/truetype/wqy/wqy-zenhei.ttc
findfont('DejaVu Sans') -> /opt/hostedtoolcache/Python/3.14.2/x64/lib/python3.14/site-packages/matplotlib/mpl-data/fonts/ttf/DejaVuSans.ttf

fc-list output sample (truncated to 10000 chars):
Liberation Mono - /usr/share/fonts/truetype/liberation/LiberationMono-Bold.ttf
Liberation Serif - /usr/share/fonts/truetype/liberation/LiberationSerif-BoldItalic.ttf
Lato,Lato Hairline - /usr/share/fonts/truetype/lato/Lato-Hairline.ttf
Lato,Lato Heavy - /usr/share/fonts/truetype/lato/Lato-Heavy.ttf
DejaVu Serif,DejaVu Serif Condensed - /usr/share/fonts/truetype/dejavu/DejaVuSerifCondensed-Italic.ttf
Lato,Lato Medium - /usr/share/fonts/truetype/lato/Lato-Medium.ttf
Lato,Lato Light - /usr/share/fonts/truetype/lato/Lato-LightItalic.ttf
WenQuanYi Zen Hei Sharp,文泉驛點陣正黑,文泉驿点阵正黑 - /usr/share/fonts/truetype/wqy/wqy-zenhei.ttc
WenQuanYi Micro Hei Mono,文泉驛等寬微米黑,文泉驿等宽微米黑 - /usr/share/fonts/truetype/wqy/wqy-microhei.ttc
Noto Sans Mono CJK KR - /usr/share/fonts/opentype/noto/NotoSansCJK-Bold.ttc
DejaVu Serif - /usr/share/fonts/truetype/dejavu/DejaVuSerif-Bold.ttf
Noto Sans Mono CJK JP - /usr/share/fonts/opentype/noto/NotoSansCJK-Bold.ttc
Noto Sans Mono CJK HK - /usr/share/fonts/opentype/noto/NotoSansCJK-Bold.ttc
Noto Serif CJK SC - /usr/share/fonts/opentype/noto/NotoSerifCJK-Regular.ttc
DejaVu Math TeX Gyre - /usr/share/fonts/truetype/dejavu/DejaVuMathTeXGyre.ttf
Liberation Sans - /usr/share/fonts/truetype/liberation/LiberationSans-Regular.ttf
Lato - /usr/share/fonts/truetype/lato/Lato-Italic.ttf
Liberation Sans - /usr/share/fonts/truetype/liberation/LiberationSans-Bold.ttf
Noto Serif CJK TC - /usr/share/fonts/opentype/noto/NotoSerifCJK-Regular.ttc
Noto Sans Mono CJK SC - /usr/share/fonts/opentype/noto/NotoSansCJK-Bold.ttc
Liberation Mono - /usr/share/fonts/truetype/liberation/LiberationMono-Italic.ttf
Noto Sans Mono CJK TC - /usr/share/fonts/opentype/noto/NotoSansCJK-Bold.ttc
DejaVu Sans,DejaVu Sans Condensed - /usr/share/fonts/truetype/dejavu/DejaVuSansCondensed.ttf
DejaVu Serif,DejaVu Serif Condensed - /usr/share/fonts/truetype/dejavu/DejaVuSerifCondensed.ttf
Liberation Serif - /usr/share/fonts/truetype/liberation/LiberationSerif-Italic.ttf
Lato,Lato Heavy - /usr/share/fonts/truetype/lato/Lato-HeavyItalic.ttf
Lato - /usr/share/fonts/truetype/lato/Lato-BoldItalic.ttf
Noto Serif CJK JP - /usr/share/fonts/opentype/noto/NotoSerifCJK-Regular.ttc
Lato,Lato Medium - /usr/share/fonts/truetype/lato/Lato-MediumItalic.ttf
Noto Serif CJK HK - /usr/share/fonts/opentype/noto/NotoSerifCJK-Regular.ttc
DejaVu Serif - /usr/share/fonts/truetype/dejavu/DejaVuSerif-Italic.ttf
DejaVu Sans - /usr/share/fonts/truetype/dejavu/DejaVuSans.ttf
Noto Serif CJK KR - /usr/share/fonts/opentype/noto/NotoSerifCJK-Regular.ttc
Lato,Lato Semibold - /usr/share/fonts/truetype/lato/Lato-SemiboldItalic.ttf
Lato,Lato Thin - /usr/share/fonts/truetype/lato/Lato-ThinItalic.ttf
DejaVu Sans,DejaVu Sans Condensed - /usr/share/fonts/truetype/dejavu/DejaVuSansCondensed-BoldOblique.ttf
Noto Sans CJK JP - /usr/share/fonts/opentype/noto/NotoSansCJK-Regular.ttc
Liberation Sans - /usr/share/fonts/truetype/liberation/LiberationSans-Italic.ttf
Noto Sans CJK HK - /usr/share/fonts/opentype/noto/NotoSansCJK-Regular.ttc
Lato,Lato Black - /usr/share/fonts/truetype/lato/Lato-BlackItalic.ttf
Lato,Lato Thin - /usr/share/fonts/truetype/lato/Lato-Thin.ttf
DejaVu Sans,DejaVu Sans Condensed - /usr/share/fonts/truetype/dejavu/DejaVuSansCondensed-Oblique.ttf
Noto Sans CJK KR - /usr/share/fonts/opentype/noto/NotoSansCJK-Regular.ttc
Lato,Lato Light - /usr/share/fonts/truetype/lato/Lato-Light.ttf
Noto Sans CJK TC - /usr/share/fonts/opentype/noto/NotoSansCJK-Regular.ttc
DejaVu Sans,DejaVu Sans Condensed - /usr/share/fonts/truetype/dejavu/DejaVuSansCondensed-Bold.ttf
DejaVu Sans Mono - /usr/share/fonts/truetype/dejavu/DejaVuSansMono-Oblique.ttf
Lato,Lato Hairline - /usr/share/fonts/truetype/lato/Lato-HairlineItalic.ttf
Noto Sans CJK SC - /usr/share/fonts/opentype/noto/NotoSansCJK-Regular.ttc
WenQuanYi Zen Hei,文泉驛正黑,文泉驿正黑 - /usr/share/fonts/truetype/wqy/wqy-zenhei.ttc
Lato,Lato Black - /usr/share/fonts/truetype/lato/Lato-Black.ttf
Lato - /usr/share/fonts/truetype/lato/Lato-Regular.ttf
DejaVu Sans - /usr/share/fonts/truetype/dejavu/DejaVuSans-BoldOblique.ttf
Liberation Mono - /usr/share/fonts/truetype/liberation/LiberationMono-BoldItalic.ttf
Noto Sans Mono CJK KR - /usr/share/fonts/opentype/noto/NotoSansCJK-Regular.ttc
Liberation Mono - /usr/share/fonts/truetype/liberation/LiberationMono-Regular.ttf
Noto Sans Mono CJK HK - /usr/share/fonts/opentype/noto/NotoSansCJK-Regular.ttc
DejaVu Sans,DejaVu Sans Light - /usr/share/fonts/truetype/dejavu/DejaVuSans-ExtraLight.ttf
DejaVu Serif - /usr/share/fonts/truetype/dejavu/DejaVuSerif.ttf
Noto Sans Mono CJK JP - /usr/share/fonts/opentype/noto/NotoSansCJK-Regular.ttc
Noto Serif CJK JP - /usr/share/fonts/opentype/noto/NotoSerifCJK-Bold.ttc
Noto Serif CJK HK - /usr/share/fonts/opentype/noto/NotoSerifCJK-Bold.ttc
Noto Serif CJK KR - /usr/share/fonts/opentype/noto/NotoSerifCJK-Bold.ttc
Noto Serif CJK TC - /usr/share/fonts/opentype/noto/NotoSerifCJK-Bold.ttc
Lato - /usr/share/fonts/truetype/lato/Lato-Bold.ttf
Noto Sans CJK SC - /usr/share/fonts/opentype/noto/NotoSansCJK-Bold.ttc
Noto Sans Mono CJK TC - /usr/share/fonts/opentype/noto/NotoSansCJK-Regular.ttc
Noto Sans CJK TC - /usr/share/fonts/opentype/noto/NotoSansCJK-Bold.ttc
Noto Serif CJK SC - /usr/share/fonts/opentype/noto/NotoSerifCJK-Bold.ttc
DejaVu Sans Mono - /usr/share/fonts/truetype/dejavu/DejaVuSansMono-Bold.ttf
DejaVu Serif - /usr/share/fonts/truetype/dejavu/DejaVuSerif-BoldItalic.ttf
WenQuanYi Zen Hei Mono,文泉驛等寬正黑,文泉驿等宽正黑 - /usr/share/fonts/truetype/wqy/wqy-zenhei.ttc
DejaVu Sans Mono - /usr/share/fonts/truetype/dejavu/DejaVuSansMono.ttf
Noto Sans CJK JP - /usr/share/fonts/opentype/noto/NotoSansCJK-Bold.ttc
Noto Sans CJK HK - /usr/share/fonts/opentype/noto/NotoSansCJK-Bold.ttc
Noto Sans CJK KR - /usr/share/fonts/opentype/noto/NotoSansCJK-Bold.ttc
WenQuanYi Micro Hei,文泉驛微米黑,文泉驿微米黑 - /usr/share/fonts/truetype/wqy/wqy-microhei.ttc
Noto Sans Mono CJK SC - /usr/share/fonts/opentype/noto/NotoSansCJK-Regular.ttc
Noto Color Emoji - /usr/share/fonts/truetype/noto/NotoColorEmoji.ttf
DejaVu Sans Mono - /usr/share/fonts/truetype/dejavu/DejaVuSansMono-BoldOblique.ttf
Liberation Sans - /usr/share/fonts/truetype/liberation/LiberationSans-BoldItalic.ttf
Liberation Serif - /usr/share/fonts/truetype/liberation/LiberationSerif-Regular.ttf
Lato,Lato Semibold - /usr/share/fonts/truetype/lato/Lato-Semibold.ttf
DejaVu Sans - /usr/share/fonts/truetype/dejavu/DejaVuSans-Oblique.ttf
DejaVu Serif,DejaVu Serif Condensed - /usr/share/fonts/truetype/dejavu/DejaVuSerifCondensed-Bold.ttf
DejaVu Sans - /usr/share/fonts/truetype/dejavu/DejaVuSans-Bold.ttf
Liberation Serif - /usr/share/fonts/truetype/liberation/LiberationSerif-Bold.ttf
DejaVu Serif,DejaVu Serif Condensed - /usr/share/fonts/truetype/dejavu/DejaVuSerifCondensed-BoldItalic.ttf

2026-01-23 02:59:06,069 - INFO - Matplotlib 字体设置：使用回退字体列表，首选可用字体: Noto Sans CJK JP
2026-01-23 02:59:07,517 - INFO - 使用 ChromeDriver: /usr/bin/chromedriver
2026-01-23 02:59:07,518 - WARNING - Using CPU. Note: This module is much faster with a GPU.
2026-01-23 02:59:09,007 - INFO - OCR识别器初始化成功
2026-01-23 02:59:09,007 - INFO - 开始南京大学电费监控流程（自动无头模式）
2026-01-23 02:59:09,007 - INFO - 正在打开页面: https://epay.nju.edu.cn/epay/h5/nju/electric/index
2026-01-23 02:59:21,112 - INFO - 等待登录表单加载...
2026-01-23 02:59:21,122 - INFO - 登录表单已加载
2026-01-23 02:59:21,122 - INFO - 开始填写登录表单...
2026-01-23 02:59:21,183 - INFO - 用户名填写完成
2026-01-23 02:59:21,250 - INFO - 密码填写完成
2026-01-23 02:59:21,250 - INFO - 检查是否有验证码...
2026-01-23 02:59:21,250 - INFO - 查找验证码图片...
2026-01-23 02:59:21,270 - INFO - 找到验证码图片，开始截图...
2026-01-23 02:59:21,320 - INFO - 验证码图片截取成功
2026-01-23 02:59:21,320 - INFO - 开始填写登录表单...
2026-01-23 02:59:21,384 - INFO - 用户名填写完成
2026-01-23 02:59:21,446 - INFO - 密码填写完成
2026-01-23 02:59:21,447 - INFO - 验证码图片已保存到 /home/runner/work/nju_electric_monitor/nju_electric_monitor/src/../data/captcha_debug.png
2026-01-23 02:59:21,447 - INFO - 验证码识别尝试 1/30
2026-01-23 02:59:21,447 - INFO - 开始识别验证码...（easyocr + pytesseract）
2026-01-23 02:59:21,592 - INFO - easyocr 结果: ['BQ28(0.19)']
2026-01-23 02:59:21,772 - INFO - tesseract 结果: Baozs
2026-01-23 02:59:21,836 - INFO - easyocr alt1 结果: ['8028(0.20)']
2026-01-23 02:59:21,933 - INFO - tesseract alt1 结果: Boz8
2026-01-23 02:59:21,992 - INFO - easyocr alt2 结果: ['8028(0.23)']
2026-01-23 02:59:22,088 - INFO - tesseract alt2 结果: Boz8
2026-01-23 02:59:22,248 - INFO - easyocr alt3 结果: ['028(0.22)']
2026-01-23 02:59:22,355 - INFO - tesseract alt3 结果: BOzZ8
2026-01-23 02:59:22,434 - INFO - easyocr alt4 结果: ['8028(0.07)']
2026-01-23 02:59:22,531 - INFO - tesseract alt4 结果: BezB
2026-01-23 02:59:22,608 - INFO - easyocr alt5 结果: ['078(0.09)']
2026-01-23 02:59:22,704 - INFO - tesseract alt5 结果: BozB
2026-01-23 02:59:22,704 - INFO - 最终验证码识别结果: Boz8 (engine=tesseract_alt1, prob=0.5)
2026-01-23 02:59:22,704 - INFO - 查找验证码输入框...
2026-01-23 02:59:22,762 - INFO - 验证码填写完成
2026-01-23 02:59:22,762 - INFO - 验证码填写完成，点击登录按钮...
2026-01-23 02:59:22,763 - INFO - 查找并点击登录按钮...
2026-01-23 02:59:23,139 - INFO - 已点击登录按钮
2026-01-23 02:59:30,166 - INFO - 开始填写登录表单...
2026-01-23 02:59:30,224 - INFO - 用户名填写完成
2026-01-23 02:59:30,283 - INFO - 密码填写完成
2026-01-23 02:59:30,283 - INFO - 验证码图片已保存到 /home/runner/work/nju_electric_monitor/nju_electric_monitor/src/../data/captcha_debug.png
2026-01-23 02:59:30,283 - INFO - 验证码识别尝试 2/30
2026-01-23 02:59:30,283 - INFO - 开始识别验证码...（easyocr + pytesseract）
2026-01-23 02:59:30,384 - INFO - easyocr 结果: ['BQ28(0.19)']
2026-01-23 02:59:30,483 - INFO - tesseract 结果: Baozs
2026-01-23 02:59:30,543 - INFO - easyocr alt1 结果: ['8028(0.20)']
2026-01-23 02:59:30,639 - INFO - tesseract alt1 结果: Boz8
2026-01-23 02:59:30,698 - INFO - easyocr alt2 结果: ['8028(0.23)']
2026-01-23 02:59:30,795 - INFO - tesseract alt2 结果: Boz8
2026-01-23 02:59:30,951 - INFO - easyocr alt3 结果: ['028(0.22)']
2026-01-23 02:59:31,059 - INFO - tesseract alt3 结果: BOzZ8
2026-01-23 02:59:31,136 - INFO - easyocr alt4 结果: ['8028(0.07)']
2026-01-23 02:59:31,232 - INFO - tesseract alt4 结果: BezB
2026-01-23 02:59:31,308 - INFO - easyocr alt5 结果: ['078(0.09)']
2026-01-23 02:59:31,410 - INFO - tesseract alt5 结果: BozB
2026-01-23 02:59:31,410 - INFO - 最终验证码识别结果: Boz8 (engine=tesseract_alt1, prob=0.5)
2026-01-23 02:59:31,410 - INFO - 查找验证码输入框...
2026-01-23 02:59:31,466 - INFO - 验证码填写完成
2026-01-23 02:59:31,466 - INFO - 验证码填写完成，点击登录按钮...
2026-01-23 02:59:31,466 - INFO - 查找并点击登录按钮...
2026-01-23 02:59:31,839 - INFO - 已点击登录按钮
2026-01-23 02:59:38,859 - INFO - 开始填写登录表单...
2026-01-23 02:59:38,921 - INFO - 用户名填写完成
2026-01-23 02:59:38,979 - INFO - 密码填写完成
2026-01-23 02:59:38,979 - INFO - 验证码图片已保存到 /home/runner/work/nju_electric_monitor/nju_electric_monitor/src/../data/captcha_debug.png
2026-01-23 02:59:38,979 - INFO - 验证码识别尝试 3/30
2026-01-23 02:59:38,979 - INFO - 开始识别验证码...（easyocr + pytesseract）
2026-01-23 02:59:39,076 - INFO - easyocr 结果: ['BQ28(0.19)']
2026-01-23 02:59:39,170 - INFO - tesseract 结果: Baozs
2026-01-23 02:59:39,244 - INFO - easyocr alt1 结果: ['8028(0.20)']
2026-01-23 02:59:39,343 - INFO - tesseract alt1 结果: Boz8
2026-01-23 02:59:39,402 - INFO - easyocr alt2 结果: ['8028(0.23)']
2026-01-23 02:59:39,498 - INFO - tesseract alt2 结果: Boz8
2026-01-23 02:59:39,650 - INFO - easyocr alt3 结果: ['028(0.22)']
2026-01-23 02:59:39,757 - INFO - tesseract alt3 结果: BOzZ8
2026-01-23 02:59:39,848 - INFO - easyocr alt4 结果: ['8028(0.07)']
2026-01-23 02:59:39,943 - INFO - tesseract alt4 结果: BezB
2026-01-23 02:59:40,020 - INFO - easyocr alt5 结果: ['078(0.09)']
2026-01-23 02:59:40,116 - INFO - tesseract alt5 结果: BozB
2026-01-23 02:59:40,116 - INFO - 最终验证码识别结果: Boz8 (engine=tesseract_alt1, prob=0.5)
2026-01-23 02:59:40,117 - INFO - 查找验证码输入框...
2026-01-23 02:59:40,172 - INFO - 验证码填写完成
2026-01-23 02:59:40,172 - INFO - 验证码填写完成，点击登录按钮...
2026-01-23 02:59:40,172 - INFO - 查找并点击登录按钮...
2026-01-23 02:59:40,543 - INFO - 已点击登录按钮
2026-01-23 02:59:47,563 - INFO - 开始填写登录表单...
2026-01-23 02:59:47,621 - INFO - 用户名填写完成
2026-01-23 02:59:47,679 - INFO - 密码填写完成
2026-01-23 02:59:47,680 - INFO - 验证码图片已保存到 /home/runner/work/nju_electric_monitor/nju_electric_monitor/src/../data/captcha_debug.png
2026-01-23 02:59:47,680 - INFO - 验证码识别尝试 4/30
2026-01-23 02:59:47,680 - INFO - 开始识别验证码...（easyocr + pytesseract）
2026-01-23 02:59:47,776 - INFO - easyocr 结果: ['BQ28(0.19)']
2026-01-23 02:59:47,873 - INFO - tesseract 结果: Baozs
2026-01-23 02:59:47,933 - INFO - easyocr alt1 结果: ['8028(0.20)']
2026-01-23 02:59:48,030 - INFO - tesseract alt1 结果: Boz8
2026-01-23 02:59:48,097 - INFO - easyocr alt2 结果: ['8028(0.23)']
2026-01-23 02:59:48,193 - INFO - tesseract alt2 结果: Boz8
2026-01-23 02:59:48,346 - INFO - easyocr alt3 结果: ['028(0.22)']
2026-01-23 02:59:48,456 - INFO - tesseract alt3 结果: BOzZ8
2026-01-23 02:59:48,534 - INFO - easyocr alt4 结果: ['8028(0.07)']
2026-01-23 02:59:48,628 - INFO - tesseract alt4 结果: BezB
2026-01-23 02:59:48,704 - INFO - easyocr alt5 结果: ['078(0.09)']
2026-01-23 02:59:48,806 - INFO - tesseract alt5 结果: BozB
2026-01-23 02:59:48,806 - INFO - 最终验证码识别结果: Boz8 (engine=tesseract_alt1, prob=0.5)
2026-01-23 02:59:48,806 - INFO - 查找验证码输入框...
2026-01-23 02:59:48,861 - INFO - 验证码填写完成
2026-01-23 02:59:48,861 - INFO - 验证码填写完成，点击登录按钮...
2026-01-23 02:59:48,861 - INFO - 查找并点击登录按钮...
2026-01-23 02:59:49,229 - INFO - 已点击登录按钮
2026-01-23 02:59:56,249 - INFO - 开始填写登录表单...
2026-01-23 02:59:56,307 - INFO - 用户名填写完成
2026-01-23 02:59:56,365 - INFO - 密码填写完成
2026-01-23 02:59:56,365 - INFO - 验证码图片已保存到 /home/runner/work/nju_electric_monitor/nju_electric_monitor/src/../data/captcha_debug.png
2026-01-23 02:59:56,365 - INFO - 验证码识别尝试 5/30
2026-01-23 02:59:56,365 - INFO - 开始识别验证码...（easyocr + pytesseract）
2026-01-23 02:59:56,463 - INFO - easyocr 结果: ['BQ28(0.19)']
2026-01-23 02:59:56,558 - INFO - tesseract 结果: Baozs
2026-01-23 02:59:56,619 - INFO - easyocr alt1 结果: ['8028(0.20)']
2026-01-23 02:59:56,716 - INFO - tesseract alt1 结果: Boz8
2026-01-23 02:59:56,775 - INFO - easyocr alt2 结果: ['8028(0.23)']
2026-01-23 02:59:56,873 - INFO - tesseract alt2 结果: Boz8
2026-01-23 02:59:57,028 - INFO - easyocr alt3 结果: ['028(0.22)']
2026-01-23 02:59:57,137 - INFO - tesseract alt3 结果: BOzZ8
2026-01-23 02:59:57,213 - INFO - easyocr alt4 结果: ['8028(0.07)']
2026-01-23 02:59:57,309 - INFO - tesseract alt4 结果: BezB
2026-01-23 02:59:57,387 - INFO - easyocr alt5 结果: ['078(0.09)']
2026-01-23 02:59:57,492 - INFO - tesseract alt5 结果: BozB
2026-01-23 02:59:57,492 - INFO - 最终验证码识别结果: Boz8 (engine=tesseract_alt1, prob=0.5)
2026-01-23 02:59:57,492 - INFO - 查找验证码输入框...
2026-01-23 02:59:57,549 - INFO - 验证码填写完成
2026-01-23 02:59:57,549 - INFO - 验证码填写完成，点击登录按钮...
2026-01-23 02:59:57,549 - INFO - 查找并点击登录按钮...
2026-01-23 02:59:57,606 - INFO - 已点击登录按钮
2026-01-23 03:00:04,626 - INFO - 开始填写登录表单...
2026-01-23 03:00:04,685 - INFO - 用户名填写完成
2026-01-23 03:00:04,742 - INFO - 密码填写完成
2026-01-23 03:00:04,743 - INFO - 验证码图片已保存到 /home/runner/work/nju_electric_monitor/nju_electric_monitor/src/../data/captcha_debug.png
2026-01-23 03:00:04,743 - INFO - 验证码识别尝试 6/30
2026-01-23 03:00:04,743 - INFO - 开始识别验证码...（easyocr + pytesseract）
2026-01-23 03:00:04,839 - INFO - easyocr 结果: ['BQ28(0.19)']
2026-01-23 03:00:04,934 - INFO - tesseract 结果: Baozs
2026-01-23 03:00:05,004 - INFO - easyocr alt1 结果: ['8028(0.20)']
2026-01-23 03:00:05,100 - INFO - tesseract alt1 结果: Boz8
2026-01-23 03:00:05,160 - INFO - easyocr alt2 结果: ['8028(0.23)']
2026-01-23 03:00:05,255 - INFO - tesseract alt2 结果: Boz8
2026-01-23 03:00:05,409 - INFO - easyocr alt3 结果: ['028(0.22)']
2026-01-23 03:00:05,516 - INFO - tesseract alt3 结果: BOzZ8
2026-01-23 03:00:05,599 - INFO - easyocr alt4 结果: ['8028(0.07)']
2026-01-23 03:00:05,695 - INFO - tesseract alt4 结果: BezB
2026-01-23 03:00:05,772 - INFO - easyocr alt5 结果: ['078(0.09)']
2026-01-23 03:00:05,872 - INFO - tesseract alt5 结果: BozB
2026-01-23 03:00:05,872 - INFO - 最终验证码识别结果: Boz8 (engine=tesseract_alt1, prob=0.5)
2026-01-23 03:00:05,872 - INFO - 查找验证码输入框...
2026-01-23 03:00:05,927 - INFO - 验证码填写完成
2026-01-23 03:00:05,927 - INFO - 验证码填写完成，点击登录按钮...
2026-01-23 03:00:05,928 - INFO - 查找并点击登录按钮...
2026-01-23 03:00:06,293 - INFO - 已点击登录按钮
2026-01-23 03:00:13,313 - INFO - 开始填写登录表单...
2026-01-23 03:00:13,373 - INFO - 用户名填写完成
2026-01-23 03:00:13,431 - INFO - 密码填写完成
2026-01-23 03:00:13,431 - INFO - 验证码图片已保存到 /home/runner/work/nju_electric_monitor/nju_electric_monitor/src/../data/captcha_debug.png
2026-01-23 03:00:13,431 - INFO - 验证码识别尝试 7/30
2026-01-23 03:00:13,431 - INFO - 开始识别验证码...（easyocr + pytesseract）
2026-01-23 03:00:13,529 - INFO - easyocr 结果: ['BQ28(0.19)']
2026-01-23 03:00:13,626 - INFO - tesseract 结果: Baozs
2026-01-23 03:00:13,686 - INFO - easyocr alt1 结果: ['8028(0.20)']
2026-01-23 03:00:13,783 - INFO - tesseract alt1 结果: Boz8
2026-01-23 03:00:13,849 - INFO - easyocr alt2 结果: ['8028(0.23)']
2026-01-23 03:00:13,946 - INFO - tesseract alt2 结果: Boz8
2026-01-23 03:00:14,118 - INFO - easyocr alt3 结果: ['028(0.22)']
2026-01-23 03:00:14,230 - INFO - tesseract alt3 结果: BOzZ8
2026-01-23 03:00:14,309 - INFO - easyocr alt4 结果: ['8028(0.07)']
2026-01-23 03:00:14,405 - INFO - tesseract alt4 结果: BezB
2026-01-23 03:00:14,484 - INFO - easyocr alt5 结果: ['078(0.09)']
2026-01-23 03:00:14,586 - INFO - tesseract alt5 结果: BozB
2026-01-23 03:00:14,586 - INFO - 最终验证码识别结果: Boz8 (engine=tesseract_alt1, prob=0.5)
2026-01-23 03:00:14,586 - INFO - 查找验证码输入框...
2026-01-23 03:00:14,642 - INFO - 验证码填写完成
2026-01-23 03:00:14,642 - INFO - 验证码填写完成，点击登录按钮...
2026-01-23 03:00:14,642 - INFO - 查找并点击登录按钮...
2026-01-23 03:00:15,007 - INFO - 已点击登录按钮
2026-01-23 03:00:22,028 - INFO - 开始填写登录表单...
2026-01-23 03:00:22,087 - INFO - 用户名填写完成
2026-01-23 03:00:22,145 - INFO - 密码填写完成
2026-01-23 03:00:22,146 - INFO - 验证码图片已保存到 /home/runner/work/nju_electric_monitor/nju_electric_monitor/src/../data/captcha_debug.png
2026-01-23 03:00:22,146 - INFO - 验证码识别尝试 8/30
2026-01-23 03:00:22,146 - INFO - 开始识别验证码...（easyocr + pytesseract）
2026-01-23 03:00:22,244 - INFO - easyocr 结果: ['BQ28(0.19)']
2026-01-23 03:00:22,342 - INFO - tesseract 结果: Baozs
2026-01-23 03:00:22,402 - INFO - easyocr alt1 结果: ['8028(0.20)']
2026-01-23 03:00:22,498 - INFO - tesseract alt1 结果: Boz8
2026-01-23 03:00:22,558 - INFO - easyocr alt2 结果: ['8028(0.23)']
2026-01-23 03:00:22,656 - INFO - tesseract alt2 结果: Boz8
2026-01-23 03:00:22,819 - INFO - easyocr alt3 结果: ['028(0.22)']
2026-01-23 03:00:22,936 - INFO - tesseract alt3 结果: BOzZ8
2026-01-23 03:00:23,015 - INFO - easyocr alt4 结果: ['8028(0.07)']
2026-01-23 03:00:23,112 - INFO - tesseract alt4 结果: BezB
2026-01-23 03:00:23,191 - INFO - easyocr alt5 结果: ['078(0.09)']
2026-01-23 03:00:23,291 - INFO - tesseract alt5 结果: BozB
2026-01-23 03:00:23,291 - INFO - 最终验证码识别结果: Boz8 (engine=tesseract_alt1, prob=0.5)
2026-01-23 03:00:23,291 - INFO - 查找验证码输入框...
2026-01-23 03:00:23,348 - INFO - 验证码填写完成
2026-01-23 03:00:23,348 - INFO - 验证码填写完成，点击登录按钮...
2026-01-23 03:00:23,348 - INFO - 查找并点击登录按钮...
2026-01-23 03:00:23,403 - INFO - 已点击登录按钮
2026-01-23 03:00:30,424 - INFO - 开始填写登录表单...
2026-01-23 03:00:30,487 - INFO - 用户名填写完成
2026-01-23 03:00:30,547 - INFO - 密码填写完成
2026-01-23 03:00:30,547 - INFO - 验证码图片已保存到 /home/runner/work/nju_electric_monitor/nju_electric_monitor/src/../data/captcha_debug.png
2026-01-23 03:00:30,547 - INFO - 验证码识别尝试 9/30
2026-01-23 03:00:30,547 - INFO - 开始识别验证码...（easyocr + pytesseract）
2026-01-23 03:00:30,647 - INFO - easyocr 结果: ['BQ28(0.19)']
2026-01-23 03:00:30,748 - INFO - tesseract 结果: Baozs
2026-01-23 03:00:30,809 - INFO - easyocr alt1 结果: ['8028(0.20)']
2026-01-23 03:00:30,906 - INFO - tesseract alt1 结果: Boz8
2026-01-23 03:00:30,966 - INFO - easyocr alt2 结果: ['8028(0.23)']
2026-01-23 03:00:31,062 - INFO - tesseract alt2 结果: Boz8
2026-01-23 03:00:31,220 - INFO - easyocr alt3 结果: ['028(0.22)']
2026-01-23 03:00:31,330 - INFO - tesseract alt3 结果: BOzZ8
2026-01-23 03:00:31,416 - INFO - easyocr alt4 结果: ['8028(0.07)']
2026-01-23 03:00:31,511 - INFO - tesseract alt4 结果: BezB
2026-01-23 03:00:31,588 - INFO - easyocr alt5 结果: ['078(0.09)']
2026-01-23 03:00:31,684 - INFO - tesseract alt5 结果: BozB
2026-01-23 03:00:31,685 - INFO - 最终验证码识别结果: Boz8 (engine=tesseract_alt1, prob=0.5)
2026-01-23 03:00:31,685 - INFO - 查找验证码输入框...
2026-01-23 03:00:31,741 - INFO - 验证码填写完成
2026-01-23 03:00:31,741 - INFO - 验证码填写完成，点击登录按钮...
2026-01-23 03:00:31,741 - INFO - 查找并点击登录按钮...
2026-01-23 03:00:32,109 - INFO - 已点击登录按钮
2026-01-23 03:00:39,129 - INFO - 开始填写登录表单...
2026-01-23 03:00:39,192 - INFO - 用户名填写完成
2026-01-23 03:00:39,253 - INFO - 密码填写完成
2026-01-23 03:00:39,254 - INFO - 验证码图片已保存到 /home/runner/work/nju_electric_monitor/nju_electric_monitor/src/../data/captcha_debug.png
2026-01-23 03:00:39,254 - INFO - 验证码识别尝试 10/30
2026-01-23 03:00:39,254 - INFO - 开始识别验证码...（easyocr + pytesseract）
2026-01-23 03:00:39,351 - INFO - easyocr 结果: ['BQ28(0.19)']
2026-01-23 03:00:39,447 - INFO - tesseract 结果: Baozs
2026-01-23 03:00:39,506 - INFO - easyocr alt1 结果: ['8028(0.20)']
2026-01-23 03:00:39,602 - INFO - tesseract alt1 结果: Boz8
2026-01-23 03:00:39,661 - INFO - easyocr alt2 结果: ['8028(0.23)']
2026-01-23 03:00:39,761 - INFO - tesseract alt2 结果: Boz8
2026-01-23 03:00:39,922 - INFO - easyocr alt3 结果: ['028(0.22)']
2026-01-23 03:00:40,028 - INFO - tesseract alt3 结果: BOzZ8
2026-01-23 03:00:40,106 - INFO - easyocr alt4 结果: ['8028(0.07)']
2026-01-23 03:00:40,208 - INFO - tesseract alt4 结果: BezB
2026-01-23 03:00:40,295 - INFO - easyocr alt5 结果: ['078(0.09)']
2026-01-23 03:00:40,410 - INFO - tesseract alt5 结果: BozB
2026-01-23 03:00:40,410 - INFO - 最终验证码识别结果: Boz8 (engine=tesseract_alt1, prob=0.5)
2026-01-23 03:00:40,410 - INFO - 查找验证码输入框...
2026-01-23 03:00:40,467 - INFO - 验证码填写完成
2026-01-23 03:00:40,467 - INFO - 验证码填写完成，点击登录按钮...
2026-01-23 03:00:40,467 - INFO - 查找并点击登录按钮...
2026-01-23 03:00:40,524 - INFO - 已点击登录按钮
2026-01-23 03:00:47,545 - INFO - 开始填写登录表单...
2026-01-23 03:00:47,605 - INFO - 用户名填写完成
2026-01-23 03:00:47,663 - INFO - 密码填写完成
2026-01-23 03:00:47,664 - INFO - 验证码图片已保存到 /home/runner/work/nju_electric_monitor/nju_electric_monitor/src/../data/captcha_debug.png
2026-01-23 03:00:47,664 - INFO - 验证码识别尝试 11/30
2026-01-23 03:00:47,664 - INFO - 开始识别验证码...（easyocr + pytesseract）
2026-01-23 03:00:47,760 - INFO - easyocr 结果: ['BQ28(0.19)']
2026-01-23 03:00:47,856 - INFO - tesseract 结果: Baozs
2026-01-23 03:00:47,915 - INFO - easyocr alt1 结果: ['8028(0.20)']
2026-01-23 03:00:48,009 - INFO - tesseract alt1 结果: Boz8
2026-01-23 03:00:48,067 - INFO - easyocr alt2 结果: ['8028(0.23)']
2026-01-23 03:00:48,164 - INFO - tesseract alt2 结果: Boz8
2026-01-23 03:00:48,317 - INFO - easyocr alt3 结果: ['028(0.22)']
2026-01-23 03:00:48,429 - INFO - tesseract alt3 结果: BOzZ8
2026-01-23 03:00:48,505 - INFO - easyocr alt4 结果: ['8028(0.07)']
2026-01-23 03:00:48,601 - INFO - tesseract alt4 结果: BezB
2026-01-23 03:00:48,679 - INFO - easyocr alt5 结果: ['078(0.09)']
2026-01-23 03:00:48,777 - INFO - tesseract alt5 结果: BozB
2026-01-23 03:00:48,777 - INFO - 最终验证码识别结果: Boz8 (engine=tesseract_alt1, prob=0.5)
2026-01-23 03:00:48,777 - INFO - 查找验证码输入框...
2026-01-23 03:00:48,833 - INFO - 验证码填写完成
2026-01-23 03:00:48,833 - INFO - 验证码填写完成，点击登录按钮...
2026-01-23 03:00:48,833 - INFO - 查找并点击登录按钮...
2026-01-23 03:00:48,888 - INFO - 已点击登录按钮
2026-01-23 03:00:55,909 - INFO - 开始填写登录表单...
2026-01-23 03:00:55,970 - INFO - 用户名填写完成
2026-01-23 03:00:56,029 - INFO - 密码填写完成
2026-01-23 03:00:56,029 - INFO - 验证码图片已保存到 /home/runner/work/nju_electric_monitor/nju_electric_monitor/src/../data/captcha_debug.png
2026-01-23 03:00:56,029 - INFO - 验证码识别尝试 12/30
2026-01-23 03:00:56,030 - INFO - 开始识别验证码...（easyocr + pytesseract）
2026-01-23 03:00:56,126 - INFO - easyocr 结果: ['BQ28(0.19)']
2026-01-23 03:00:56,228 - INFO - tesseract 结果: Baozs
2026-01-23 03:00:56,287 - INFO - easyocr alt1 结果: ['8028(0.20)']
2026-01-23 03:00:56,381 - INFO - tesseract alt1 结果: Boz8
2026-01-23 03:00:56,440 - INFO - easyocr alt2 结果: ['8028(0.23)']
2026-01-23 03:00:56,535 - INFO - tesseract alt2 结果: Boz8
2026-01-23 03:00:56,688 - INFO - easyocr alt3 结果: ['028(0.22)']
2026-01-23 03:00:56,797 - INFO - tesseract alt3 结果: BOzZ8
2026-01-23 03:00:56,874 - INFO - easyocr alt4 结果: ['8028(0.07)']
2026-01-23 03:00:56,972 - INFO - tesseract alt4 结果: BezB
2026-01-23 03:00:57,049 - INFO - easyocr alt5 结果: ['078(0.09)']
2026-01-23 03:00:57,147 - INFO - tesseract alt5 结果: BozB
2026-01-23 03:00:57,148 - INFO - 最终验证码识别结果: Boz8 (engine=tesseract_alt1, prob=0.5)
2026-01-23 03:00:57,148 - INFO - 查找验证码输入框...
2026-01-23 03:00:57,206 - INFO - 验证码填写完成
2026-01-23 03:00:57,206 - INFO - 验证码填写完成，点击登录按钮...
2026-01-23 03:00:57,206 - INFO - 查找并点击登录按钮...
2026-01-23 03:00:57,580 - INFO - 已点击登录按钮
2026-01-23 03:01:04,600 - INFO - 开始填写登录表单...
2026-01-23 03:01:04,662 - INFO - 用户名填写完成
2026-01-23 03:01:04,721 - INFO - 密码填写完成
2026-01-23 03:01:04,722 - INFO - 验证码图片已保存到 /home/runner/work/nju_electric_monitor/nju_electric_monitor/src/../data/captcha_debug.png
2026-01-23 03:01:04,722 - INFO - 验证码识别尝试 13/30
2026-01-23 03:01:04,722 - INFO - 开始识别验证码...（easyocr + pytesseract）
2026-01-23 03:01:04,819 - INFO - easyocr 结果: ['BQ28(0.19)']
2026-01-23 03:01:04,919 - INFO - tesseract 结果: Baozs
2026-01-23 03:01:04,978 - INFO - easyocr alt1 结果: ['8028(0.20)']
2026-01-23 03:01:05,075 - INFO - tesseract alt1 结果: Boz8
2026-01-23 03:01:05,133 - INFO - easyocr alt2 结果: ['8028(0.23)']
2026-01-23 03:01:05,228 - INFO - tesseract alt2 结果: Boz8
2026-01-23 03:01:05,381 - INFO - easyocr alt3 结果: ['028(0.22)']
2026-01-23 03:01:05,489 - INFO - tesseract alt3 结果: BOzZ8
2026-01-23 03:01:05,567 - INFO - easyocr alt4 结果: ['8028(0.07)']
2026-01-23 03:01:05,663 - INFO - tesseract alt4 结果: BezB
2026-01-23 03:01:05,740 - INFO - easyocr alt5 结果: ['078(0.09)']
2026-01-23 03:01:05,839 - INFO - tesseract alt5 结果: BozB
2026-01-23 03:01:05,840 - INFO - 最终验证码识别结果: Boz8 (engine=tesseract_alt1, prob=0.5)
2026-01-23 03:01:05,840 - INFO - 查找验证码输入框...
2026-01-23 03:01:05,897 - INFO - 验证码填写完成
2026-01-23 03:01:05,897 - INFO - 验证码填写完成，点击登录按钮...
2026-01-23 03:01:05,897 - INFO - 查找并点击登录按钮...
2026-01-23 03:01:05,955 - INFO - 已点击登录按钮
2026-01-23 03:01:12,976 - INFO - 开始填写登录表单...
2026-01-23 03:01:13,042 - INFO - 用户名填写完成
2026-01-23 03:01:13,103 - INFO - 密码填写完成
2026-01-23 03:01:13,104 - INFO - 验证码图片已保存到 /home/runner/work/nju_electric_monitor/nju_electric_monitor/src/../data/captcha_debug.png
2026-01-23 03:01:13,104 - INFO - 验证码识别尝试 14/30
2026-01-23 03:01:13,104 - INFO - 开始识别验证码...（easyocr + pytesseract）
2026-01-23 03:01:13,209 - INFO - easyocr 结果: ['BQ28(0.19)']
2026-01-23 03:01:13,307 - INFO - tesseract 结果: Baozs
2026-01-23 03:01:13,366 - INFO - easyocr alt1 结果: ['8028(0.20)']
2026-01-23 03:01:13,466 - INFO - tesseract alt1 结果: Boz8
2026-01-23 03:01:13,525 - INFO - easyocr alt2 结果: ['8028(0.23)']
2026-01-23 03:01:13,622 - INFO - tesseract alt2 结果: Boz8
2026-01-23 03:01:13,775 - INFO - easyocr alt3 结果: ['028(0.22)']
2026-01-23 03:01:13,886 - INFO - tesseract alt3 结果: BOzZ8
2026-01-23 03:01:13,994 - INFO - easyocr alt4 结果: ['8028(0.07)']
2026-01-23 03:01:14,093 - INFO - tesseract alt4 结果: BezB
2026-01-23 03:01:14,172 - INFO - easyocr alt5 结果: ['078(0.09)']
2026-01-23 03:01:14,275 - INFO - tesseract alt5 结果: BozB
2026-01-23 03:01:14,275 - INFO - 最终验证码识别结果: Boz8 (engine=tesseract_alt1, prob=0.5)
2026-01-23 03:01:14,275 - INFO - 查找验证码输入框...
2026-01-23 03:01:14,333 - INFO - 验证码填写完成
2026-01-23 03:01:14,334 - INFO - 验证码填写完成，点击登录按钮...
2026-01-23 03:01:14,334 - INFO - 查找并点击登录按钮...
2026-01-23 03:01:14,712 - INFO - 已点击登录按钮
2026-01-23 03:01:21,732 - INFO - 开始填写登录表单...
2026-01-23 03:01:21,793 - INFO - 用户名填写完成
2026-01-23 03:01:21,852 - INFO - 密码填写完成
2026-01-23 03:01:21,853 - INFO - 验证码图片已保存到 /home/runner/work/nju_electric_monitor/nju_electric_monitor/src/../data/captcha_debug.png
2026-01-23 03:01:21,853 - INFO - 验证码识别尝试 15/30
2026-01-23 03:01:21,853 - INFO - 开始识别验证码...（easyocr + pytesseract）
2026-01-23 03:01:21,951 - INFO - easyocr 结果: ['BQ28(0.19)']
2026-01-23 03:01:22,048 - INFO - tesseract 结果: Baozs
2026-01-23 03:01:22,109 - INFO - easyocr alt1 结果: ['8028(0.20)']
2026-01-23 03:01:22,208 - INFO - tesseract alt1 结果: Boz8
2026-01-23 03:01:22,266 - INFO - easyocr alt2 结果: ['8028(0.23)']
2026-01-23 03:01:22,360 - INFO - tesseract alt2 结果: Boz8
2026-01-23 03:01:22,513 - INFO - easyocr alt3 结果: ['028(0.22)']
2026-01-23 03:01:22,622 - INFO - tesseract alt3 结果: BOzZ8
2026-01-23 03:01:22,698 - INFO - easyocr alt4 结果: ['8028(0.07)']
2026-01-23 03:01:22,794 - INFO - tesseract alt4 结果: BezB
2026-01-23 03:01:22,872 - INFO - easyocr alt5 结果: ['078(0.09)']
2026-01-23 03:01:22,974 - INFO - tesseract alt5 结果: BozB
2026-01-23 03:01:22,974 - INFO - 最终验证码识别结果: Boz8 (engine=tesseract_alt1, prob=0.5)
2026-01-23 03:01:22,975 - INFO - 查找验证码输入框...
2026-01-23 03:01:23,031 - INFO - 验证码填写完成
2026-01-23 03:01:23,031 - INFO - 验证码填写完成，点击登录按钮...
2026-01-23 03:01:23,031 - INFO - 查找并点击登录按钮...
2026-01-23 03:01:23,088 - INFO - 已点击登录按钮
2026-01-23 03:01:30,109 - INFO - 开始填写登录表单...
2026-01-23 03:01:30,169 - INFO - 用户名填写完成
2026-01-23 03:01:30,229 - INFO - 密码填写完成
2026-01-23 03:01:30,230 - INFO - 验证码图片已保存到 /home/runner/work/nju_electric_monitor/nju_electric_monitor/src/../data/captcha_debug.png
2026-01-23 03:01:30,230 - INFO - 验证码识别尝试 16/30
2026-01-23 03:01:30,230 - INFO - 开始识别验证码...（easyocr + pytesseract）
2026-01-23 03:01:30,326 - INFO - easyocr 结果: ['BQ28(0.19)']
2026-01-23 03:01:30,423 - INFO - tesseract 结果: Baozs
2026-01-23 03:01:30,483 - INFO - easyocr alt1 结果: ['8028(0.20)']
2026-01-23 03:01:30,581 - INFO - tesseract alt1 结果: Boz8
2026-01-23 03:01:30,639 - INFO - easyocr alt2 结果: ['8028(0.23)']
2026-01-23 03:01:30,735 - INFO - tesseract alt2 结果: Boz8
2026-01-23 03:01:30,888 - INFO - easyocr alt3 结果: ['028(0.22)']
2026-01-23 03:01:30,997 - INFO - tesseract alt3 结果: BOzZ8
2026-01-23 03:01:31,074 - INFO - easyocr alt4 结果: ['8028(0.07)']
2026-01-23 03:01:31,176 - INFO - tesseract alt4 结果: BezB
2026-01-23 03:01:31,253 - INFO - easyocr alt5 结果: ['078(0.09)']
2026-01-23 03:01:31,352 - INFO - tesseract alt5 结果: BozB
2026-01-23 03:01:31,352 - INFO - 最终验证码识别结果: Boz8 (engine=tesseract_alt1, prob=0.5)
2026-01-23 03:01:31,352 - INFO - 查找验证码输入框...
2026-01-23 03:01:31,409 - INFO - 验证码填写完成
2026-01-23 03:01:31,409 - INFO - 验证码填写完成，点击登录按钮...
2026-01-23 03:01:31,409 - INFO - 查找并点击登录按钮...
2026-01-23 03:01:31,780 - INFO - 已点击登录按钮
2026-01-23 03:01:38,799 - INFO - 开始填写登录表单...
2026-01-23 03:01:38,860 - INFO - 用户名填写完成
2026-01-23 03:01:38,916 - INFO - 密码填写完成
2026-01-23 03:01:38,916 - INFO - 验证码图片已保存到 /home/runner/work/nju_electric_monitor/nju_electric_monitor/src/../data/captcha_debug.png
2026-01-23 03:01:38,916 - INFO - 验证码识别尝试 17/30
2026-01-23 03:01:38,916 - INFO - 开始识别验证码...（easyocr + pytesseract）
2026-01-23 03:01:39,014 - INFO - easyocr 结果: ['BQ28(0.19)']
2026-01-23 03:01:39,115 - INFO - tesseract 结果: Baozs
2026-01-23 03:01:39,175 - INFO - easyocr alt1 结果: ['8028(0.20)']
2026-01-23 03:01:39,275 - INFO - tesseract alt1 结果: Boz8
2026-01-23 03:01:39,333 - INFO - easyocr alt2 结果: ['8028(0.23)']
2026-01-23 03:01:39,431 - INFO - tesseract alt2 结果: Boz8
2026-01-23 03:01:39,584 - INFO - easyocr alt3 结果: ['028(0.22)']
2026-01-23 03:01:39,694 - INFO - tesseract alt3 结果: BOzZ8
2026-01-23 03:01:39,771 - INFO - easyocr alt4 结果: ['8028(0.07)']
2026-01-23 03:01:39,870 - INFO - tesseract alt4 结果: BezB
2026-01-23 03:01:39,948 - INFO - easyocr alt5 结果: ['078(0.09)']
2026-01-23 03:01:40,050 - INFO - tesseract alt5 结果: BozB
2026-01-23 03:01:40,050 - INFO - 最终验证码识别结果: Boz8 (engine=tesseract_alt1, prob=0.5)
2026-01-23 03:01:40,050 - INFO - 查找验证码输入框...
2026-01-23 03:01:40,105 - INFO - 验证码填写完成
2026-01-23 03:01:40,105 - INFO - 验证码填写完成，点击登录按钮...
2026-01-23 03:01:40,105 - INFO - 查找并点击登录按钮...
2026-01-23 03:01:40,471 - INFO - 已点击登录按钮
2026-01-23 03:01:47,490 - INFO - 开始填写登录表单...
2026-01-23 03:01:47,551 - INFO - 用户名填写完成
2026-01-23 03:01:47,609 - INFO - 密码填写完成
2026-01-23 03:01:47,610 - INFO - 验证码图片已保存到 /home/runner/work/nju_electric_monitor/nju_electric_monitor/src/../data/captcha_debug.png
2026-01-23 03:01:47,610 - INFO - 验证码识别尝试 18/30
2026-01-23 03:01:47,610 - INFO - 开始识别验证码...（easyocr + pytesseract）
2026-01-23 03:01:47,718 - INFO - easyocr 结果: ['BQ28(0.19)']
2026-01-23 03:01:47,814 - INFO - tesseract 结果: Baozs
2026-01-23 03:01:47,874 - INFO - easyocr alt1 结果: ['8028(0.20)']
2026-01-23 03:01:47,970 - INFO - tesseract alt1 结果: Boz8
2026-01-23 03:01:48,028 - INFO - easyocr alt2 结果: ['8028(0.23)']
2026-01-23 03:01:48,121 - INFO - tesseract alt2 结果: Boz8
2026-01-23 03:01:48,274 - INFO - easyocr alt3 结果: ['028(0.22)']
2026-01-23 03:01:48,384 - INFO - tesseract alt3 结果: BOzZ8
2026-01-23 03:01:48,461 - INFO - easyocr alt4 结果: ['8028(0.07)']
2026-01-23 03:01:48,557 - INFO - tesseract alt4 结果: BezB
2026-01-23 03:01:48,634 - INFO - easyocr alt5 结果: ['078(0.09)']
2026-01-23 03:01:48,734 - INFO - tesseract alt5 结果: BozB
2026-01-23 03:01:48,734 - INFO - 最终验证码识别结果: Boz8 (engine=tesseract_alt1, prob=0.5)
2026-01-23 03:01:48,735 - INFO - 查找验证码输入框...
2026-01-23 03:01:48,790 - INFO - 验证码填写完成
2026-01-23 03:01:48,790 - INFO - 验证码填写完成，点击登录按钮...
2026-01-23 03:01:48,790 - INFO - 查找并点击登录按钮...
2026-01-23 03:01:49,164 - INFO - 已点击登录按钮
2026-01-23 03:01:56,184 - INFO - 开始填写登录表单...
2026-01-23 03:01:56,244 - INFO - 用户名填写完成
2026-01-23 03:01:56,300 - INFO - 密码填写完成
2026-01-23 03:01:56,301 - INFO - 验证码图片已保存到 /home/runner/work/nju_electric_monitor/nju_electric_monitor/src/../data/captcha_debug.png
2026-01-23 03:01:56,301 - INFO - 验证码识别尝试 19/30
2026-01-23 03:01:56,301 - INFO - 开始识别验证码...（easyocr + pytesseract）
2026-01-23 03:01:56,398 - INFO - easyocr 结果: ['BQ28(0.19)']
2026-01-23 03:01:56,496 - INFO - tesseract 结果: Baozs
2026-01-23 03:01:56,555 - INFO - easyocr alt1 结果: ['8028(0.20)']
2026-01-23 03:01:56,652 - INFO - tesseract alt1 结果: Boz8
2026-01-23 03:01:56,710 - INFO - easyocr alt2 结果: ['8028(0.23)']
2026-01-23 03:01:56,805 - INFO - tesseract alt2 结果: Boz8
2026-01-23 03:01:56,958 - INFO - easyocr alt3 结果: ['028(0.22)']
2026-01-23 03:01:57,066 - INFO - tesseract alt3 结果: BOzZ8
2026-01-23 03:01:57,142 - INFO - easyocr alt4 结果: ['8028(0.07)']
2026-01-23 03:01:57,237 - INFO - tesseract alt4 结果: BezB
2026-01-23 03:01:57,315 - INFO - easyocr alt5 结果: ['078(0.09)']
2026-01-23 03:01:57,413 - INFO - tesseract alt5 结果: BozB
2026-01-23 03:01:57,413 - INFO - 最终验证码识别结果: Boz8 (engine=tesseract_alt1, prob=0.5)
2026-01-23 03:01:57,413 - INFO - 查找验证码输入框...
2026-01-23 03:01:57,467 - INFO - 验证码填写完成
2026-01-23 03:01:57,467 - INFO - 验证码填写完成，点击登录按钮...
2026-01-23 03:01:57,467 - INFO - 查找并点击登录按钮...
2026-01-23 03:01:57,838 - INFO - 已点击登录按钮
2026-01-23 03:02:04,858 - INFO - 开始填写登录表单...
2026-01-23 03:02:04,917 - INFO - 用户名填写完成
2026-01-23 03:02:04,975 - INFO - 密码填写完成
2026-01-23 03:02:04,976 - INFO - 验证码图片已保存到 /home/runner/work/nju_electric_monitor/nju_electric_monitor/src/../data/captcha_debug.png
2026-01-23 03:02:04,976 - INFO - 验证码识别尝试 20/30
2026-01-23 03:02:04,976 - INFO - 开始识别验证码...（easyocr + pytesseract）
2026-01-23 03:02:05,090 - INFO - easyocr 结果: ['BQ28(0.19)']
2026-01-23 03:02:05,188 - INFO - tesseract 结果: Baozs
2026-01-23 03:02:05,246 - INFO - easyocr alt1 结果: ['8028(0.20)']
2026-01-23 03:02:05,340 - INFO - tesseract alt1 结果: Boz8
2026-01-23 03:02:05,398 - INFO - easyocr alt2 结果: ['8028(0.23)']
2026-01-23 03:02:05,497 - INFO - tesseract alt2 结果: Boz8
2026-01-23 03:02:05,651 - INFO - easyocr alt3 结果: ['028(0.22)']
2026-01-23 03:02:05,767 - INFO - tesseract alt3 结果: BOzZ8
2026-01-23 03:02:05,844 - INFO - easyocr alt4 结果: ['8028(0.07)']
2026-01-23 03:02:05,944 - INFO - tesseract alt4 结果: BezB
2026-01-23 03:02:06,021 - INFO - easyocr alt5 结果: ['078(0.09)']
2026-01-23 03:02:06,122 - INFO - tesseract alt5 结果: BozB
2026-01-23 03:02:06,122 - INFO - 最终验证码识别结果: Boz8 (engine=tesseract_alt1, prob=0.5)
2026-01-23 03:02:06,122 - INFO - 查找验证码输入框...
2026-01-23 03:02:06,178 - INFO - 验证码填写完成
2026-01-23 03:02:06,178 - INFO - 验证码填写完成，点击登录按钮...
2026-01-23 03:02:06,178 - INFO - 查找并点击登录按钮...
2026-01-23 03:02:06,234 - INFO - 已点击登录按钮
2026-01-23 03:02:13,254 - INFO - 开始填写登录表单...
2026-01-23 03:02:13,314 - INFO - 用户名填写完成
2026-01-23 03:02:13,373 - INFO - 密码填写完成
2026-01-23 03:02:13,374 - INFO - 验证码图片已保存到 /home/runner/work/nju_electric_monitor/nju_electric_monitor/src/../data/captcha_debug.png
2026-01-23 03:02:13,374 - INFO - 验证码识别尝试 21/30
2026-01-23 03:02:13,374 - INFO - 开始识别验证码...（easyocr + pytesseract）
2026-01-23 03:02:13,470 - INFO - easyocr 结果: ['BQ28(0.19)']
2026-01-23 03:02:13,568 - INFO - tesseract 结果: Baozs
2026-01-23 03:02:13,628 - INFO - easyocr alt1 结果: ['8028(0.20)']
2026-01-23 03:02:13,727 - INFO - tesseract alt1 结果: Boz8
2026-01-23 03:02:13,787 - INFO - easyocr alt2 结果: ['8028(0.23)']
2026-01-23 03:02:13,886 - INFO - tesseract alt2 结果: Boz8
2026-01-23 03:02:14,051 - INFO - easyocr alt3 结果: ['028(0.22)']
2026-01-23 03:02:14,160 - INFO - tesseract alt3 结果: BOzZ8
2026-01-23 03:02:14,237 - INFO - easyocr alt4 结果: ['8028(0.07)']
2026-01-23 03:02:14,333 - INFO - tesseract alt4 结果: BezB
2026-01-23 03:02:14,419 - INFO - easyocr alt5 结果: ['078(0.09)']
2026-01-23 03:02:14,518 - INFO - tesseract alt5 结果: BozB
2026-01-23 03:02:14,518 - INFO - 最终验证码识别结果: Boz8 (engine=tesseract_alt1, prob=0.5)
2026-01-23 03:02:14,518 - INFO - 查找验证码输入框...
2026-01-23 03:02:14,574 - INFO - 验证码填写完成
2026-01-23 03:02:14,574 - INFO - 验证码填写完成，点击登录按钮...
2026-01-23 03:02:14,574 - INFO - 查找并点击登录按钮...
2026-01-23 03:02:14,947 - INFO - 已点击登录按钮
2026-01-23 03:02:21,967 - INFO - 开始填写登录表单...
2026-01-23 03:02:22,027 - INFO - 用户名填写完成
2026-01-23 03:02:22,084 - INFO - 密码填写完成
2026-01-23 03:02:22,085 - INFO - 验证码图片已保存到 /home/runner/work/nju_electric_monitor/nju_electric_monitor/src/../data/captcha_debug.png
2026-01-23 03:02:22,085 - INFO - 验证码识别尝试 22/30
2026-01-23 03:02:22,085 - INFO - 开始识别验证码...（easyocr + pytesseract）
2026-01-23 03:02:22,190 - INFO - easyocr 结果: ['BQ28(0.19)']
2026-01-23 03:02:22,292 - INFO - tesseract 结果: Baozs
2026-01-23 03:02:22,352 - INFO - easyocr alt1 结果: ['8028(0.20)']
2026-01-23 03:02:22,449 - INFO - tesseract alt1 结果: Boz8
2026-01-23 03:02:22,507 - INFO - easyocr alt2 结果: ['8028(0.23)']
2026-01-23 03:02:22,606 - INFO - tesseract alt2 结果: Boz8
2026-01-23 03:02:22,759 - INFO - easyocr alt3 结果: ['028(0.22)']
2026-01-23 03:02:22,870 - INFO - tesseract alt3 结果: BOzZ8
2026-01-23 03:02:22,946 - INFO - easyocr alt4 结果: ['8028(0.07)']
2026-01-23 03:02:23,045 - INFO - tesseract alt4 结果: BezB
2026-01-23 03:02:23,123 - INFO - easyocr alt5 结果: ['078(0.09)']
2026-01-23 03:02:23,224 - INFO - tesseract alt5 结果: BozB
2026-01-23 03:02:23,224 - INFO - 最终验证码识别结果: Boz8 (engine=tesseract_alt1, prob=0.5)
2026-01-23 03:02:23,224 - INFO - 查找验证码输入框...
2026-01-23 03:02:23,280 - INFO - 验证码填写完成
2026-01-23 03:02:23,280 - INFO - 验证码填写完成，点击登录按钮...
2026-01-23 03:02:23,280 - INFO - 查找并点击登录按钮...
2026-01-23 03:02:23,335 - INFO - 已点击登录按钮
2026-01-23 03:02:30,354 - INFO - 开始填写登录表单...
2026-01-23 03:02:30,413 - INFO - 用户名填写完成
2026-01-23 03:02:30,469 - INFO - 密码填写完成
2026-01-23 03:02:30,469 - INFO - 验证码图片已保存到 /home/runner/work/nju_electric_monitor/nju_electric_monitor/src/../data/captcha_debug.png
2026-01-23 03:02:30,469 - INFO - 验证码识别尝试 23/30
2026-01-23 03:02:30,469 - INFO - 开始识别验证码...（easyocr + pytesseract）
2026-01-23 03:02:30,568 - INFO - easyocr 结果: ['BQ28(0.19)']
2026-01-23 03:02:30,667 - INFO - tesseract 结果: Baozs
2026-01-23 03:02:30,726 - INFO - easyocr alt1 结果: ['8028(0.20)']
2026-01-23 03:02:30,821 - INFO - tesseract alt1 结果: Boz8
2026-01-23 03:02:30,889 - INFO - easyocr alt2 结果: ['8028(0.23)']
2026-01-23 03:02:30,985 - INFO - tesseract alt2 结果: Boz8
2026-01-23 03:02:31,138 - INFO - easyocr alt3 结果: ['028(0.22)']
2026-01-23 03:02:31,246 - INFO - tesseract alt3 结果: BOzZ8
2026-01-23 03:02:31,324 - INFO - easyocr alt4 结果: ['8028(0.07)']
2026-01-23 03:02:31,420 - INFO - tesseract alt4 结果: BezB
2026-01-23 03:02:31,497 - INFO - easyocr alt5 结果: ['078(0.09)']
2026-01-23 03:02:31,594 - INFO - tesseract alt5 结果: BozB
2026-01-23 03:02:31,594 - INFO - 最终验证码识别结果: Boz8 (engine=tesseract_alt1, prob=0.5)
2026-01-23 03:02:31,594 - INFO - 查找验证码输入框...
2026-01-23 03:02:31,649 - INFO - 验证码填写完成
2026-01-23 03:02:31,649 - INFO - 验证码填写完成，点击登录按钮...
2026-01-23 03:02:31,649 - INFO - 查找并点击登录按钮...
2026-01-23 03:02:31,704 - INFO - 已点击登录按钮
2026-01-23 03:02:38,723 - INFO - 开始填写登录表单...
2026-01-23 03:02:38,781 - INFO - 用户名填写完成
2026-01-23 03:02:38,839 - INFO - 密码填写完成
2026-01-23 03:02:38,839 - INFO - 验证码图片已保存到 /home/runner/work/nju_electric_monitor/nju_electric_monitor/src/../data/captcha_debug.png
2026-01-23 03:02:38,839 - INFO - 验证码识别尝试 24/30
2026-01-23 03:02:38,839 - INFO - 开始识别验证码...（easyocr + pytesseract）
2026-01-23 03:02:38,935 - INFO - easyocr 结果: ['BQ28(0.19)']
2026-01-23 03:02:39,033 - INFO - tesseract 结果: Baozs
2026-01-23 03:02:39,092 - INFO - easyocr alt1 结果: ['8028(0.20)']
2026-01-23 03:02:39,187 - INFO - tesseract alt1 结果: Boz8
2026-01-23 03:02:39,245 - INFO - easyocr alt2 结果: ['8028(0.23)']
2026-01-23 03:02:39,341 - INFO - tesseract alt2 结果: Boz8
2026-01-23 03:02:39,494 - INFO - easyocr alt3 结果: ['028(0.22)']
2026-01-23 03:02:39,602 - INFO - tesseract alt3 结果: BOzZ8
2026-01-23 03:02:39,678 - INFO - easyocr alt4 结果: ['8028(0.07)']
2026-01-23 03:02:39,778 - INFO - tesseract alt4 结果: BezB
2026-01-23 03:02:39,854 - INFO - easyocr alt5 结果: ['078(0.09)']
2026-01-23 03:02:39,952 - INFO - tesseract alt5 结果: BozB
2026-01-23 03:02:39,952 - INFO - 最终验证码识别结果: Boz8 (engine=tesseract_alt1, prob=0.5)
2026-01-23 03:02:39,952 - INFO - 查找验证码输入框...
2026-01-23 03:02:40,007 - INFO - 验证码填写完成
2026-01-23 03:02:40,007 - INFO - 验证码填写完成，点击登录按钮...
2026-01-23 03:02:40,007 - INFO - 查找并点击登录按钮...
2026-01-23 03:02:40,379 - INFO - 已点击登录按钮
2026-01-23 03:02:47,398 - INFO - 开始填写登录表单...
2026-01-23 03:02:47,457 - INFO - 用户名填写完成
2026-01-23 03:02:47,513 - INFO - 密码填写完成
2026-01-23 03:02:47,514 - INFO - 验证码图片已保存到 /home/runner/work/nju_electric_monitor/nju_electric_monitor/src/../data/captcha_debug.png
2026-01-23 03:02:47,514 - INFO - 验证码识别尝试 25/30
2026-01-23 03:02:47,514 - INFO - 开始识别验证码...（easyocr + pytesseract）
2026-01-23 03:02:47,611 - INFO - easyocr 结果: ['BQ28(0.19)']
2026-01-23 03:02:47,705 - INFO - tesseract 结果: Baozs
2026-01-23 03:02:47,764 - INFO - easyocr alt1 结果: ['8028(0.20)']
2026-01-23 03:02:47,860 - INFO - tesseract alt1 结果: Boz8
2026-01-23 03:02:47,920 - INFO - easyocr alt2 结果: ['8028(0.23)']
2026-01-23 03:02:48,018 - INFO - tesseract alt2 结果: Boz8
2026-01-23 03:02:48,170 - INFO - easyocr alt3 结果: ['028(0.22)']
2026-01-23 03:02:48,280 - INFO - tesseract alt3 结果: BOzZ8
2026-01-23 03:02:48,358 - INFO - easyocr alt4 结果: ['8028(0.07)']
2026-01-23 03:02:48,454 - INFO - tesseract alt4 结果: BezB
2026-01-23 03:02:48,530 - INFO - easyocr alt5 结果: ['078(0.09)']
2026-01-23 03:02:48,628 - INFO - tesseract alt5 结果: BozB
2026-01-23 03:02:48,628 - INFO - 最终验证码识别结果: Boz8 (engine=tesseract_alt1, prob=0.5)
2026-01-23 03:02:48,629 - INFO - 查找验证码输入框...
2026-01-23 03:02:48,683 - INFO - 验证码填写完成
2026-01-23 03:02:48,683 - INFO - 验证码填写完成，点击登录按钮...
2026-01-23 03:02:48,683 - INFO - 查找并点击登录按钮...
2026-01-23 03:02:49,054 - INFO - 已点击登录按钮
2026-01-23 03:02:56,073 - INFO - 开始填写登录表单...
2026-01-23 03:02:56,133 - INFO - 用户名填写完成
2026-01-23 03:02:56,190 - INFO - 密码填写完成
2026-01-23 03:02:56,191 - INFO - 验证码图片已保存到 /home/runner/work/nju_electric_monitor/nju_electric_monitor/src/../data/captcha_debug.png
2026-01-23 03:02:56,191 - INFO - 验证码识别尝试 26/30
2026-01-23 03:02:56,191 - INFO - 开始识别验证码...（easyocr + pytesseract）
2026-01-23 03:02:56,288 - INFO - easyocr 结果: ['BQ28(0.19)']
2026-01-23 03:02:56,388 - INFO - tesseract 结果: Baozs
2026-01-23 03:02:56,448 - INFO - easyocr alt1 结果: ['8028(0.20)']
2026-01-23 03:02:56,543 - INFO - tesseract alt1 结果: Boz8
2026-01-23 03:02:56,603 - INFO - easyocr alt2 结果: ['8028(0.23)']
2026-01-23 03:02:56,698 - INFO - tesseract alt2 结果: Boz8
2026-01-23 03:02:56,851 - INFO - easyocr alt3 结果: ['028(0.22)']
2026-01-23 03:02:56,964 - INFO - tesseract alt3 结果: BOzZ8
2026-01-23 03:02:57,040 - INFO - easyocr alt4 结果: ['8028(0.07)']
2026-01-23 03:02:57,136 - INFO - tesseract alt4 结果: BezB
2026-01-23 03:02:57,221 - INFO - easyocr alt5 结果: ['078(0.09)']
2026-01-23 03:02:57,321 - INFO - tesseract alt5 结果: BozB
2026-01-23 03:02:57,321 - INFO - 最终验证码识别结果: Boz8 (engine=tesseract_alt1, prob=0.5)
2026-01-23 03:02:57,321 - INFO - 查找验证码输入框...
2026-01-23 03:02:57,376 - INFO - 验证码填写完成
2026-01-23 03:02:57,376 - INFO - 验证码填写完成，点击登录按钮...
2026-01-23 03:02:57,376 - INFO - 查找并点击登录按钮...
2026-01-23 03:02:57,746 - INFO - 已点击登录按钮
2026-01-23 03:03:04,766 - INFO - 开始填写登录表单...
2026-01-23 03:03:04,827 - INFO - 用户名填写完成
2026-01-23 03:03:04,884 - INFO - 密码填写完成
2026-01-23 03:03:04,885 - INFO - 验证码图片已保存到 /home/runner/work/nju_electric_monitor/nju_electric_monitor/src/../data/captcha_debug.png
2026-01-23 03:03:04,885 - INFO - 验证码识别尝试 27/30
2026-01-23 03:03:04,885 - INFO - 开始识别验证码...（easyocr + pytesseract）
2026-01-23 03:03:04,983 - INFO - easyocr 结果: ['BQ28(0.19)']
2026-01-23 03:03:05,083 - INFO - tesseract 结果: Baozs
2026-01-23 03:03:05,143 - INFO - easyocr alt1 结果: ['8028(0.20)']
2026-01-23 03:03:05,240 - INFO - tesseract alt1 结果: Boz8
2026-01-23 03:03:05,299 - INFO - easyocr alt2 结果: ['8028(0.23)']
2026-01-23 03:03:05,397 - INFO - tesseract alt2 结果: Boz8
2026-01-23 03:03:05,551 - INFO - easyocr alt3 结果: ['028(0.22)']
2026-01-23 03:03:05,663 - INFO - tesseract alt3 结果: BOzZ8
2026-01-23 03:03:05,742 - INFO - easyocr alt4 结果: ['8028(0.07)']
2026-01-23 03:03:05,844 - INFO - tesseract alt4 结果: BezB
2026-01-23 03:03:05,922 - INFO - easyocr alt5 结果: ['078(0.09)']
2026-01-23 03:03:06,025 - INFO - tesseract alt5 结果: BozB
2026-01-23 03:03:06,025 - INFO - 最终验证码识别结果: Boz8 (engine=tesseract_alt1, prob=0.5)
2026-01-23 03:03:06,025 - INFO - 查找验证码输入框...
2026-01-23 03:03:06,080 - INFO - 验证码填写完成
2026-01-23 03:03:06,080 - INFO - 验证码填写完成，点击登录按钮...
2026-01-23 03:03:06,080 - INFO - 查找并点击登录按钮...
2026-01-23 03:03:06,449 - INFO - 已点击登录按钮
2026-01-23 03:03:13,469 - INFO - 开始填写登录表单...
2026-01-23 03:03:13,527 - INFO - 用户名填写完成
2026-01-23 03:03:13,584 - INFO - 密码填写完成
2026-01-23 03:03:13,585 - INFO - 验证码图片已保存到 /home/runner/work/nju_electric_monitor/nju_electric_monitor/src/../data/captcha_debug.png
2026-01-23 03:03:13,585 - INFO - 验证码识别尝试 28/30
2026-01-23 03:03:13,585 - INFO - 开始识别验证码...（easyocr + pytesseract）
2026-01-23 03:03:13,681 - INFO - easyocr 结果: ['BQ28(0.19)']
2026-01-23 03:03:13,776 - INFO - tesseract 结果: Baozs
2026-01-23 03:03:13,836 - INFO - easyocr alt1 结果: ['8028(0.20)']
2026-01-23 03:03:13,937 - INFO - tesseract alt1 结果: Boz8
2026-01-23 03:03:13,995 - INFO - easyocr alt2 结果: ['8028(0.23)']
2026-01-23 03:03:14,092 - INFO - tesseract alt2 结果: Boz8
2026-01-23 03:03:14,245 - INFO - easyocr alt3 结果: ['028(0.22)']
2026-01-23 03:03:14,355 - INFO - tesseract alt3 结果: BOzZ8
2026-01-23 03:03:14,444 - INFO - easyocr alt4 结果: ['8028(0.07)']
2026-01-23 03:03:14,541 - INFO - tesseract alt4 结果: BezB
2026-01-23 03:03:14,618 - INFO - easyocr alt5 结果: ['078(0.09)']
2026-01-23 03:03:14,718 - INFO - tesseract alt5 结果: BozB
2026-01-23 03:03:14,718 - INFO - 最终验证码识别结果: Boz8 (engine=tesseract_alt1, prob=0.5)
2026-01-23 03:03:14,719 - INFO - 查找验证码输入框...
2026-01-23 03:03:14,773 - INFO - 验证码填写完成
2026-01-23 03:03:14,773 - INFO - 验证码填写完成，点击登录按钮...
2026-01-23 03:03:14,773 - INFO - 查找并点击登录按钮...
2026-01-23 03:03:15,147 - INFO - 已点击登录按钮
2026-01-23 03:03:22,167 - INFO - 开始填写登录表单...
2026-01-23 03:03:22,229 - INFO - 用户名填写完成
2026-01-23 03:03:22,287 - INFO - 密码填写完成
2026-01-23 03:03:22,288 - INFO - 验证码图片已保存到 /home/runner/work/nju_electric_monitor/nju_electric_monitor/src/../data/captcha_debug.png
2026-01-23 03:03:22,288 - INFO - 验证码识别尝试 29/30
2026-01-23 03:03:22,288 - INFO - 开始识别验证码...（easyocr + pytesseract）
2026-01-23 03:03:22,396 - INFO - easyocr 结果: ['BQ28(0.19)']
2026-01-23 03:03:22,494 - INFO - tesseract 结果: Baozs
2026-01-23 03:03:22,553 - INFO - easyocr alt1 结果: ['8028(0.20)']
2026-01-23 03:03:22,649 - INFO - tesseract alt1 结果: Boz8
2026-01-23 03:03:22,708 - INFO - easyocr alt2 结果: ['8028(0.23)']
2026-01-23 03:03:22,802 - INFO - tesseract alt2 结果: Boz8
2026-01-23 03:03:22,954 - INFO - easyocr alt3 结果: ['028(0.22)']
2026-01-23 03:03:23,065 - INFO - tesseract alt3 结果: BOzZ8
2026-01-23 03:03:23,141 - INFO - easyocr alt4 结果: ['8028(0.07)']
2026-01-23 03:03:23,238 - INFO - tesseract alt4 结果: BezB
2026-01-23 03:03:23,315 - INFO - easyocr alt5 结果: ['078(0.09)']
2026-01-23 03:03:23,415 - INFO - tesseract alt5 结果: BozB
2026-01-23 03:03:23,415 - INFO - 最终验证码识别结果: Boz8 (engine=tesseract_alt1, prob=0.5)
2026-01-23 03:03:23,415 - INFO - 查找验证码输入框...
2026-01-23 03:03:23,469 - INFO - 验证码填写完成
2026-01-23 03:03:23,470 - INFO - 验证码填写完成，点击登录按钮...
2026-01-23 03:03:23,470 - INFO - 查找并点击登录按钮...
2026-01-23 03:03:23,835 - INFO - 已点击登录按钮
2026-01-23 03:03:30,854 - INFO - 开始填写登录表单...
2026-01-23 03:03:30,914 - INFO - 用户名填写完成
2026-01-23 03:03:30,971 - INFO - 密码填写完成
2026-01-23 03:03:30,972 - INFO - 验证码图片已保存到 /home/runner/work/nju_electric_monitor/nju_electric_monitor/src/../data/captcha_debug.png
2026-01-23 03:03:30,972 - INFO - 验证码识别尝试 30/30
2026-01-23 03:03:30,972 - INFO - 开始识别验证码...（easyocr + pytesseract）
2026-01-23 03:03:31,080 - INFO - easyocr 结果: ['BQ28(0.19)']
2026-01-23 03:03:31,182 - INFO - tesseract 结果: Baozs
2026-01-23 03:03:31,241 - INFO - easyocr alt1 结果: ['8028(0.20)']
2026-01-23 03:03:31,338 - INFO - tesseract alt1 结果: Boz8
2026-01-23 03:03:31,396 - INFO - easyocr alt2 结果: ['8028(0.23)']
2026-01-23 03:03:31,491 - INFO - tesseract alt2 结果: Boz8
2026-01-23 03:03:31,643 - INFO - easyocr alt3 结果: ['028(0.22)']
2026-01-23 03:03:31,751 - INFO - tesseract alt3 结果: BOzZ8
2026-01-23 03:03:31,827 - INFO - easyocr alt4 结果: ['8028(0.07)']
2026-01-23 03:03:31,923 - INFO - tesseract alt4 结果: BezB
2026-01-23 03:03:31,999 - INFO - easyocr alt5 结果: ['078(0.09)']
2026-01-23 03:03:32,100 - INFO - tesseract alt5 结果: BozB
2026-01-23 03:03:32,100 - INFO - 最终验证码识别结果: Boz8 (engine=tesseract_alt1, prob=0.5)
2026-01-23 03:03:32,100 - INFO - 查找验证码输入框...
2026-01-23 03:03:32,155 - INFO - 验证码填写完成
2026-01-23 03:03:32,155 - INFO - 验证码填写完成，点击登录按钮...
2026-01-23 03:03:32,155 - INFO - 查找并点击登录按钮...
2026-01-23 03:03:32,522 - INFO - 已点击登录按钮
2026-01-23 03:03:39,541 - WARNING - 自动验证码识别失败，请手动输入
请手动输入验证码: 2026-01-23 03:03:39,541 - ERROR - 处理验证码时出错: EOF when reading a line
2026-01-23 03:03:39,541 - WARNING - 验证码处理失败，但继续尝试登录
2026-01-23 03:03:39,541 - INFO - 查找并点击登录按钮...
2026-01-23 03:03:39,595 - INFO - 已点击登录按钮
2026-01-23 03:03:44,595 - INFO - 等待登录成功...
2026-01-23 03:03:49,600 - INFO - 登录可能成功，继续下一步...
2026-01-23 03:03:49,600 - INFO - 查找'去充值'按钮...
2026-01-23 03:03:49,662 - INFO - 已点击充值按钮
2026-01-23 03:03:52,663 - INFO - 开始提取剩余电量信息...
2026-01-23 03:03:52,667 - INFO - 页面源码已保存到 /home/runner/work/nju_electric_monitor/nju_electric_monitor/src/../data/debug_page_source.html
2026-01-23 03:03:52,676 - WARNING - 未找到电量信息元素，尝试其他方法...
2026-01-23 03:03:52,684 - WARNING - 未找到i标签中的电量信息，尝试其他方法...
2026-01-23 03:03:52,687 - INFO - 在页面源码中查找电量信息...
2026-01-23 03:03:52,698 - WARNING - 未能提取到剩余电量信息
2026-01-23 03:03:52,698 - WARNING - 没有电量数据可保存
2026-01-23 03:03:52,698 - INFO - 监控流程完成
Wrapper end: 2026-01-23T11:03:52.778266+08:00
