Wrapper start: 2026-03-02T15:43:12.284548+08:00

=== ENVIRONMENT SUMMARY ===
Environment variable keys (count=121):
- ACCEPT_EULA
- ACTIONS_ORCHESTRATION_ID
- ACTIONS_RUNNER_ACTION_ARCHIVE_CACHE
- AGENT_TOOLSDIRECTORY
- ANDROID_HOME
- ANDROID_NDK
- ANDROID_NDK_HOME
- ANDROID_NDK_LATEST_HOME
- ANDROID_NDK_ROOT
- ANDROID_SDK_ROOT
NJU_USERNAME set: yes
NJU_PASSWORD set: yes

=== DISK USAGE (df -h) ===
Filesystem      Size  Used Avail Use% Mounted on
/dev/root       145G   56G   89G  39% /
tmpfs           7.9G   84K  7.9G   1% /dev/shm
tmpfs           3.2G  2.5M  3.2G   1% /run
tmpfs           5.0M     0  5.0M   0% /run/lock
efivarfs        128M   32K  128M   1% /sys/firmware/efi/efivars
/dev/sda16      881M   63M  757M   8% /boot
/dev/sda15      105M  6.2M   99M   6% /boot/efi
tmpfs           1.6G   12K  1.6G   1% /run/user/1001


=== KEY DIR SIZES ===
24M	/home/runner/work/nju_electric_monitor/nju_electric_monitor/src/../logs

336K	/home/runner/work/nju_electric_monitor/nju_electric_monitor/src/../data

101M	/home/runner/work/nju_electric_monitor/nju_electric_monitor/src/../models


=== CONFIG_WORKFLOW SUMMARY ===
{
  "username": "",
  "password": "",
  "auto_login": true,
  "headless_mode": true,
  "captcha_retry_count": 5,
  "save_captcha_images": true,
  "log_level": "INFO",
  "test_mode": false
}

=== FONT DIAGNOSTICS ===
Found system fonts (ttf) count: 53
- /usr/share/fonts/truetype/liberation/LiberationMono-Regular.ttf
- /usr/share/fonts/truetype/liberation/LiberationSerif-BoldItalic.ttf
- /usr/share/fonts/truetype/dejavu/DejaVuSerifCondensed-Bold.ttf
- /usr/share/fonts/truetype/dejavu/DejaVuSerifCondensed-BoldItalic.ttf
- /usr/share/fonts/truetype/lato/Lato-Light.ttf
- /usr/share/fonts/truetype/liberation/LiberationSans-Regular.ttf
- /usr/share/fonts/truetype/lato/Lato-BoldItalic.ttf
- /usr/share/fonts/truetype/dejavu/DejaVuSans-ExtraLight.ttf
- /usr/share/fonts/truetype/lato/Lato-HeavyItalic.ttf
- /usr/share/fonts/truetype/lato/Lato-Thin.ttf
- /usr/share/fonts/truetype/lato/Lato-ThinItalic.ttf
- /usr/share/fonts/truetype/liberation/LiberationSerif-Italic.ttf
- /usr/share/fonts/truetype/lato/Lato-BlackItalic.ttf
- /usr/share/fonts/truetype/lato/Lato-Regular.ttf
- /usr/share/fonts/truetype/lato/Lato-Heavy.ttf
- /usr/share/fonts/truetype/liberation/LiberationSans-Italic.ttf
- /usr/share/fonts/truetype/dejavu/DejaVuSans.ttf
- /usr/share/fonts/truetype/dejavu/DejaVuSans-Bold.ttf
- /usr/share/fonts/truetype/liberation/LiberationSans-Bold.ttf
- /usr/share/fonts/truetype/lato/Lato-Hairline.ttf
- /usr/share/fonts/truetype/dejavu/DejaVuMathTeXGyre.ttf
- /usr/share/fonts/truetype/dejavu/DejaVuSerif-Italic.ttf
- /usr/share/fonts/truetype/liberation/LiberationSans-BoldItalic.ttf
- /usr/share/fonts/truetype/dejavu/DejaVuSansCondensed-Bold.ttf
- /usr/share/fonts/truetype/dejavu/DejaVuSerifCondensed-Italic.ttf
- /usr/share/fonts/truetype/liberation/LiberationSerif-Regular.ttf
- /usr/share/fonts/truetype/lato/Lato-MediumItalic.ttf
- /usr/share/fonts/truetype/dejavu/DejaVuSansCondensed.ttf
- /usr/share/fonts/truetype/lato/Lato-Black.ttf
- /usr/share/fonts/truetype/lato/Lato-Medium.ttf
- /usr/share/fonts/truetype/dejavu/DejaVuSerif-Bold.ttf
- /usr/share/fonts/truetype/liberation/LiberationMono-Italic.ttf
- /usr/share/fonts/truetype/liberation/LiberationMono-BoldItalic.ttf
- /usr/share/fonts/truetype/lato/Lato-LightItalic.ttf
- /usr/share/fonts/truetype/liberation/LiberationMono-Bold.ttf
- /usr/share/fonts/truetype/dejavu/DejaVuSansCondensed-BoldOblique.ttf
- /usr/share/fonts/truetype/noto/NotoColorEmoji.ttf
- /usr/share/fonts/truetype/dejavu/DejaVuSansCondensed-Oblique.ttf
- /usr/share/fonts/truetype/dejavu/DejaVuSans-BoldOblique.ttf
- /usr/share/fonts/truetype/dejavu/DejaVuSansMono.ttf
- /usr/share/fonts/truetype/lato/Lato-SemiboldItalic.ttf
- /usr/share/fonts/truetype/lato/Lato-Semibold.ttf
- /usr/share/fonts/truetype/dejavu/DejaVuSansMono-Bold.ttf
- /usr/share/fonts/truetype/dejavu/DejaVuSerifCondensed.ttf
- /usr/share/fonts/truetype/dejavu/DejaVuSerif.ttf
- /usr/share/fonts/truetype/lato/Lato-Bold.ttf
- /usr/share/fonts/truetype/dejavu/DejaVuSansMono-BoldOblique.ttf
- /usr/share/fonts/truetype/dejavu/DejaVuSans-Oblique.ttf
- /usr/share/fonts/truetype/lato/Lato-Italic.ttf
- /usr/share/fonts/truetype/dejavu/DejaVuSerif-BoldItalic.ttf

FontManager samples (name -> path):
DejaVu Sans Mono -> /opt/hostedtoolcache/Python/3.11.14/x64/lib/python3.11/site-packages/matplotlib/mpl-data/fonts/ttf/DejaVuSansMono.ttf
STIXNonUnicode -> /opt/hostedtoolcache/Python/3.11.14/x64/lib/python3.11/site-packages/matplotlib/mpl-data/fonts/ttf/STIXNonUniIta.ttf
STIXSizeFourSym -> /opt/hostedtoolcache/Python/3.11.14/x64/lib/python3.11/site-packages/matplotlib/mpl-data/fonts/ttf/STIXSizFourSymReg.ttf
STIXNonUnicode -> /opt/hostedtoolcache/Python/3.11.14/x64/lib/python3.11/site-packages/matplotlib/mpl-data/fonts/ttf/STIXNonUniBolIta.ttf
cmmi10 -> /opt/hostedtoolcache/Python/3.11.14/x64/lib/python3.11/site-packages/matplotlib/mpl-data/fonts/ttf/cmmi10.ttf
cmex10 -> /opt/hostedtoolcache/Python/3.11.14/x64/lib/python3.11/site-packages/matplotlib/mpl-data/fonts/ttf/cmex10.ttf
STIXGeneral -> /opt/hostedtoolcache/Python/3.11.14/x64/lib/python3.11/site-packages/matplotlib/mpl-data/fonts/ttf/STIXGeneralItalic.ttf
STIXNonUnicode -> /opt/hostedtoolcache/Python/3.11.14/x64/lib/python3.11/site-packages/matplotlib/mpl-data/fonts/ttf/STIXNonUni.ttf
cmb10 -> /opt/hostedtoolcache/Python/3.11.14/x64/lib/python3.11/site-packages/matplotlib/mpl-data/fonts/ttf/cmb10.ttf
STIXSizeOneSym -> /opt/hostedtoolcache/Python/3.11.14/x64/lib/python3.11/site-packages/matplotlib/mpl-data/fonts/ttf/STIXSizOneSymBol.ttf
DejaVu Sans -> /opt/hostedtoolcache/Python/3.11.14/x64/lib/python3.11/site-packages/matplotlib/mpl-data/fonts/ttf/DejaVuSans-Oblique.ttf
STIXSizeThreeSym -> /opt/hostedtoolcache/Python/3.11.14/x64/lib/python3.11/site-packages/matplotlib/mpl-data/fonts/ttf/STIXSizThreeSymBol.ttf
DejaVu Serif Display -> /opt/hostedtoolcache/Python/3.11.14/x64/lib/python3.11/site-packages/matplotlib/mpl-data/fonts/ttf/DejaVuSerifDisplay.ttf
STIXSizeThreeSym -> /opt/hostedtoolcache/Python/3.11.14/x64/lib/python3.11/site-packages/matplotlib/mpl-data/fonts/ttf/STIXSizThreeSymReg.ttf
DejaVu Serif -> /opt/hostedtoolcache/Python/3.11.14/x64/lib/python3.11/site-packages/matplotlib/mpl-data/fonts/ttf/DejaVuSerif-BoldItalic.ttf
DejaVu Sans -> /opt/hostedtoolcache/Python/3.11.14/x64/lib/python3.11/site-packages/matplotlib/mpl-data/fonts/ttf/DejaVuSans.ttf
DejaVu Sans Mono -> /opt/hostedtoolcache/Python/3.11.14/x64/lib/python3.11/site-packages/matplotlib/mpl-data/fonts/ttf/DejaVuSansMono-BoldOblique.ttf
DejaVu Sans Display -> /opt/hostedtoolcache/Python/3.11.14/x64/lib/python3.11/site-packages/matplotlib/mpl-data/fonts/ttf/DejaVuSansDisplay.ttf
cmr10 -> /opt/hostedtoolcache/Python/3.11.14/x64/lib/python3.11/site-packages/matplotlib/mpl-data/fonts/ttf/cmr10.ttf
STIXSizeFiveSym -> /opt/hostedtoolcache/Python/3.11.14/x64/lib/python3.11/site-packages/matplotlib/mpl-data/fonts/ttf/STIXSizFiveSymReg.ttf
STIXNonUnicode -> /opt/hostedtoolcache/Python/3.11.14/x64/lib/python3.11/site-packages/matplotlib/mpl-data/fonts/ttf/STIXNonUniBol.ttf
DejaVu Serif -> /opt/hostedtoolcache/Python/3.11.14/x64/lib/python3.11/site-packages/matplotlib/mpl-data/fonts/ttf/DejaVuSerif-Bold.ttf
STIXSizeOneSym -> /opt/hostedtoolcache/Python/3.11.14/x64/lib/python3.11/site-packages/matplotlib/mpl-data/fonts/ttf/STIXSizOneSymReg.ttf
STIXSizeFourSym -> /opt/hostedtoolcache/Python/3.11.14/x64/lib/python3.11/site-packages/matplotlib/mpl-data/fonts/ttf/STIXSizFourSymBol.ttf
STIXGeneral -> /opt/hostedtoolcache/Python/3.11.14/x64/lib/python3.11/site-packages/matplotlib/mpl-data/fonts/ttf/STIXGeneral.ttf
DejaVu Sans -> /opt/hostedtoolcache/Python/3.11.14/x64/lib/python3.11/site-packages/matplotlib/mpl-data/fonts/ttf/DejaVuSans-BoldOblique.ttf
DejaVu Serif -> /opt/hostedtoolcache/Python/3.11.14/x64/lib/python3.11/site-packages/matplotlib/mpl-data/fonts/ttf/DejaVuSerif.ttf
DejaVu Sans Mono -> /opt/hostedtoolcache/Python/3.11.14/x64/lib/python3.11/site-packages/matplotlib/mpl-data/fonts/ttf/DejaVuSansMono-Bold.ttf
STIXGeneral -> /opt/hostedtoolcache/Python/3.11.14/x64/lib/python3.11/site-packages/matplotlib/mpl-data/fonts/ttf/STIXGeneralBolIta.ttf
DejaVu Sans Mono -> /opt/hostedtoolcache/Python/3.11.14/x64/lib/python3.11/site-packages/matplotlib/mpl-data/fonts/ttf/DejaVuSansMono-Oblique.ttf
STIXSizeTwoSym -> /opt/hostedtoolcache/Python/3.11.14/x64/lib/python3.11/site-packages/matplotlib/mpl-data/fonts/ttf/STIXSizTwoSymBol.ttf
cmsy10 -> /opt/hostedtoolcache/Python/3.11.14/x64/lib/python3.11/site-packages/matplotlib/mpl-data/fonts/ttf/cmsy10.ttf
cmtt10 -> /opt/hostedtoolcache/Python/3.11.14/x64/lib/python3.11/site-packages/matplotlib/mpl-data/fonts/ttf/cmtt10.ttf
DejaVu Serif -> /opt/hostedtoolcache/Python/3.11.14/x64/lib/python3.11/site-packages/matplotlib/mpl-data/fonts/ttf/DejaVuSerif-Italic.ttf
STIXGeneral -> /opt/hostedtoolcache/Python/3.11.14/x64/lib/python3.11/site-packages/matplotlib/mpl-data/fonts/ttf/STIXGeneralBol.ttf
DejaVu Sans -> /opt/hostedtoolcache/Python/3.11.14/x64/lib/python3.11/site-packages/matplotlib/mpl-data/fonts/ttf/DejaVuSans-Bold.ttf
STIXSizeTwoSym -> /opt/hostedtoolcache/Python/3.11.14/x64/lib/python3.11/site-packages/matplotlib/mpl-data/fonts/ttf/STIXSizTwoSymReg.ttf
cmss10 -> /opt/hostedtoolcache/Python/3.11.14/x64/lib/python3.11/site-packages/matplotlib/mpl-data/fonts/ttf/cmss10.ttf
Liberation Mono -> /usr/share/fonts/truetype/liberation/LiberationMono-Regular.ttf
Liberation Serif -> /usr/share/fonts/truetype/liberation/LiberationSerif-BoldItalic.ttf
DejaVu Serif -> /usr/share/fonts/truetype/dejavu/DejaVuSerifCondensed-Bold.ttf
DejaVu Serif -> /usr/share/fonts/truetype/dejavu/DejaVuSerifCondensed-BoldItalic.ttf
Lato -> /usr/share/fonts/truetype/lato/Lato-Light.ttf
Liberation Sans -> /usr/share/fonts/truetype/liberation/LiberationSans-Regular.ttf
Lato -> /usr/share/fonts/truetype/lato/Lato-BoldItalic.ttf
DejaVu Sans -> /usr/share/fonts/truetype/dejavu/DejaVuSans-ExtraLight.ttf
Lato -> /usr/share/fonts/truetype/lato/Lato-HeavyItalic.ttf
Lato -> /usr/share/fonts/truetype/lato/Lato-Thin.ttf
Lato -> /usr/share/fonts/truetype/lato/Lato-ThinItalic.ttf
Liberation Serif -> /usr/share/fonts/truetype/liberation/LiberationSerif-Italic.ttf

Preferred font find results:
findfont('Microsoft YaHei') failed: Failed to find font Microsoft YaHei:style=normal:variant=normal:weight=normal:stretch=normal:size=10.0, and fallback to the default font was disabled
findfont('Segoe UI') failed: Failed to find font Segoe UI:style=normal:variant=normal:weight=normal:stretch=normal:size=10.0, and fallback to the default font was disabled
findfont('Arial Unicode MS') failed: Failed to find font Arial Unicode MS:style=normal:variant=normal:weight=normal:stretch=normal:size=10.0, and fallback to the default font was disabled
findfont('Noto Sans CJK SC') failed: Failed to find font Noto Sans CJK SC:style=normal:variant=normal:weight=normal:stretch=normal:size=10.0, and fallback to the default font was disabled
findfont('WenQuanYi Micro Hei') failed: Failed to find font WenQuanYi Micro Hei:style=normal:variant=normal:weight=normal:stretch=normal:size=10.0, and fallback to the default font was disabled
findfont('WenQuanYi Zen Hei') failed: Failed to find font WenQuanYi Zen Hei:style=normal:variant=normal:weight=normal:stretch=normal:size=10.0, and fallback to the default font was disabled
findfont('DejaVu Sans') -> /opt/hostedtoolcache/Python/3.11.14/x64/lib/python3.11/site-packages/matplotlib/mpl-data/fonts/ttf/DejaVuSans.ttf

fc-list output sample (truncated to 10000 chars):
Liberation Mono - /usr/share/fonts/truetype/liberation/LiberationMono-Bold.ttf
Liberation Serif - /usr/share/fonts/truetype/liberation/LiberationSerif-BoldItalic.ttf
Lato,Lato Hairline - /usr/share/fonts/truetype/lato/Lato-Hairline.ttf
Lato,Lato Heavy - /usr/share/fonts/truetype/lato/Lato-Heavy.ttf
DejaVu Serif,DejaVu Serif Condensed - /usr/share/fonts/truetype/dejavu/DejaVuSerifCondensed-Italic.ttf
Lato,Lato Medium - /usr/share/fonts/truetype/lato/Lato-Medium.ttf
Lato,Lato Light - /usr/share/fonts/truetype/lato/Lato-LightItalic.ttf
DejaVu Serif - /usr/share/fonts/truetype/dejavu/DejaVuSerif-Bold.ttf
DejaVu Math TeX Gyre - /usr/share/fonts/truetype/dejavu/DejaVuMathTeXGyre.ttf
Liberation Sans - /usr/share/fonts/truetype/liberation/LiberationSans-Regular.ttf
Lato - /usr/share/fonts/truetype/lato/Lato-Italic.ttf
Liberation Sans - /usr/share/fonts/truetype/liberation/LiberationSans-Bold.ttf
Liberation Mono - /usr/share/fonts/truetype/liberation/LiberationMono-Italic.ttf
DejaVu Sans,DejaVu Sans Condensed - /usr/share/fonts/truetype/dejavu/DejaVuSansCondensed.ttf
DejaVu Serif,DejaVu Serif Condensed - /usr/share/fonts/truetype/dejavu/DejaVuSerifCondensed.ttf
Liberation Serif - /usr/share/fonts/truetype/liberation/LiberationSerif-Italic.ttf
Lato,Lato Heavy - /usr/share/fonts/truetype/lato/Lato-HeavyItalic.ttf
Lato - /usr/share/fonts/truetype/lato/Lato-BoldItalic.ttf
Lato,Lato Medium - /usr/share/fonts/truetype/lato/Lato-MediumItalic.ttf
DejaVu Serif - /usr/share/fonts/truetype/dejavu/DejaVuSerif-Italic.ttf
DejaVu Sans - /usr/share/fonts/truetype/dejavu/DejaVuSans.ttf
Lato,Lato Semibold - /usr/share/fonts/truetype/lato/Lato-SemiboldItalic.ttf
Lato,Lato Thin - /usr/share/fonts/truetype/lato/Lato-ThinItalic.ttf
DejaVu Sans,DejaVu Sans Condensed - /usr/share/fonts/truetype/dejavu/DejaVuSansCondensed-BoldOblique.ttf
Liberation Sans - /usr/share/fonts/truetype/liberation/LiberationSans-Italic.ttf
Lato,Lato Black - /usr/share/fonts/truetype/lato/Lato-BlackItalic.ttf
Lato,Lato Thin - /usr/share/fonts/truetype/lato/Lato-Thin.ttf
DejaVu Sans,DejaVu Sans Condensed - /usr/share/fonts/truetype/dejavu/DejaVuSansCondensed-Oblique.ttf
Lato,Lato Light - /usr/share/fonts/truetype/lato/Lato-Light.ttf
DejaVu Sans,DejaVu Sans Condensed - /usr/share/fonts/truetype/dejavu/DejaVuSansCondensed-Bold.ttf
DejaVu Sans Mono - /usr/share/fonts/truetype/dejavu/DejaVuSansMono-Oblique.ttf
Lato,Lato Hairline - /usr/share/fonts/truetype/lato/Lato-HairlineItalic.ttf
Lato,Lato Black - /usr/share/fonts/truetype/lato/Lato-Black.ttf
Lato - /usr/share/fonts/truetype/lato/Lato-Regular.ttf
DejaVu Sans - /usr/share/fonts/truetype/dejavu/DejaVuSans-BoldOblique.ttf
Liberation Mono - /usr/share/fonts/truetype/liberation/LiberationMono-BoldItalic.ttf
Liberation Mono - /usr/share/fonts/truetype/liberation/LiberationMono-Regular.ttf
DejaVu Sans,DejaVu Sans Light - /usr/share/fonts/truetype/dejavu/DejaVuSans-ExtraLight.ttf
DejaVu Serif - /usr/share/fonts/truetype/dejavu/DejaVuSerif.ttf
Lato - /usr/share/fonts/truetype/lato/Lato-Bold.ttf
DejaVu Sans Mono - /usr/share/fonts/truetype/dejavu/DejaVuSansMono-Bold.ttf
DejaVu Serif - /usr/share/fonts/truetype/dejavu/DejaVuSerif-BoldItalic.ttf
DejaVu Sans Mono - /usr/share/fonts/truetype/dejavu/DejaVuSansMono.ttf
Noto Color Emoji - /usr/share/fonts/truetype/noto/NotoColorEmoji.ttf
DejaVu Sans Mono - /usr/share/fonts/truetype/dejavu/DejaVuSansMono-BoldOblique.ttf
Liberation Sans - /usr/share/fonts/truetype/liberation/LiberationSans-BoldItalic.ttf
Liberation Serif - /usr/share/fonts/truetype/liberation/LiberationSerif-Regular.ttf
Lato,Lato Semibold - /usr/share/fonts/truetype/lato/Lato-Semibold.ttf
DejaVu Sans - /usr/share/fonts/truetype/dejavu/DejaVuSans-Oblique.ttf
DejaVu Serif,DejaVu Serif Condensed - /usr/share/fonts/truetype/dejavu/DejaVuSerifCondensed-Bold.ttf
DejaVu Sans - /usr/share/fonts/truetype/dejavu/DejaVuSans-Bold.ttf
Liberation Serif - /usr/share/fonts/truetype/liberation/LiberationSerif-Bold.ttf
DejaVu Serif,DejaVu Serif Condensed - /usr/share/fonts/truetype/dejavu/DejaVuSerifCondensed-BoldItalic.ttf

Running workflow script: /home/runner/work/nju_electric_monitor/nju_electric_monitor/src/nju_electric_monitor_workflow.py
[0;93m2026-03-02 07:43:13.383959421 [W:onnxruntime:Default, device_discovery.cc:131 GetPciBusId] Skipping pci_bus_id for PCI path at "/sys/devices/LNXSYSTM:00/LNXSYBUS:00/ACPI0004:00/MSFT1000:00/5620e0c7-8062-4dce-aeb7-520c7ef76171" because filename ""5620e0c7-8062-4dce-aeb7-520c7ef76171"" dit not match expected pattern of [0-9a-f]+:[0-9a-f]+:[0-9a-f]+[.][0-9a-f]+[m
2026-03-02 07:43:13,957 - INFO - Matplotlib 字体设置：使用回退字体列表，首选可用字体: DejaVu Sans
2026-03-02 07:43:43,987 - ERROR - 浏览器驱动初始化失败: Message: Can not connect to the Service /usr/bin/chromedriver

Traceback (most recent call last):
  File "/home/runner/work/nju_electric_monitor/nju_electric_monitor/src/nju_electric_monitor_workflow.py", line 1520, in <module>
    main()
  File "/home/runner/work/nju_electric_monitor/nju_electric_monitor/src/nju_electric_monitor_workflow.py", line 1506, in main
    monitor = NJUElectricMonitor(config_file)
              ^^^^^^^^^^^^^^^^^^^^^^^^^^^^^^^
  File "/home/runner/work/nju_electric_monitor/nju_electric_monitor/src/nju_electric_monitor_workflow.py", line 87, in __init__
    self.setup_driver()
  File "/home/runner/work/nju_electric_monitor/nju_electric_monitor/src/nju_electric_monitor_workflow.py", line 267, in setup_driver
    self.driver = webdriver.Chrome(service=service, options=chrome_options)
                  ^^^^^^^^^^^^^^^^^^^^^^^^^^^^^^^^^^^^^^^^^^^^^^^^^^^^^^^^^
  File "/opt/hostedtoolcache/Python/3.11.14/x64/lib/python3.11/site-packages/selenium/webdriver/chrome/webdriver.py", line 45, in __init__
    super().__init__(
  File "/opt/hostedtoolcache/Python/3.11.14/x64/lib/python3.11/site-packages/selenium/webdriver/chromium/webdriver.py", line 53, in __init__
    self.service.start()
  File "/opt/hostedtoolcache/Python/3.11.14/x64/lib/python3.11/site-packages/selenium/webdriver/common/service.py", line 109, in start
    raise WebDriverException(f"Can not connect to the Service {self._path}")
selenium.common.exceptions.WebDriverException: Message: Can not connect to the Service /usr/bin/chromedriver

Workflow script exited with code 1
Wrapper end: 2026-03-02T15:43:44.091384+08:00
