Wrapper start: 2026-01-13T10:54:28.207551+08:00

=== ENVIRONMENT SUMMARY ===
Environment variable keys (count=118):
- ACCEPT_EULA
- ACTIONS_RUNNER_ACTION_ARCHIVE_CACHE
- AGENT_TOOLSDIRECTORY
- ANDROID_HOME
- ANDROID_NDK
- ANDROID_NDK_HOME
- ANDROID_NDK_LATEST_HOME
- ANDROID_NDK_ROOT
- ANDROID_SDK_ROOT
- ANT_HOME
NJU_USERNAME set: yes
NJU_PASSWORD set: yes

=== DISK USAGE (df -h) ===
Filesystem      Size  Used Avail Use% Mounted on
/dev/root        72G   64G  8.3G  89% /
tmpfs           7.9G   84K  7.9G   1% /dev/shm
tmpfs           3.2G  3.3M  3.2G   1% /run
tmpfs           5.0M     0  5.0M   0% /run/lock
/dev/sdb16      881M   62M  758M   8% /boot
/dev/sdb15      105M  6.2M   99M   6% /boot/efi
/dev/sda1        74G  4.1G   66G   6% /mnt
tmpfs           1.6G   12K  1.6G   1% /run/user/1001


=== KEY DIR SIZES ===
11M	/home/runner/work/nju_electric_monitor/nju_electric_monitor/src/../logs

284K	/home/runner/work/nju_electric_monitor/nju_electric_monitor/src/../data

101M	/home/runner/work/nju_electric_monitor/nju_electric_monitor/src/../models


=== CONFIG_WORKFLOW SUMMARY ===
{
  "username": "",
  "password": "",
  "auto_login": true,
  "headless_mode": true,
  "captcha_retry_count": 30,
  "captcha_confidence_threshold": 0.3,
  "save_captcha_images": true,
  "log_level": "INFO"
}

=== FONT DIAGNOSTICS ===
Found system fonts (ttf) count: 59
- /usr/share/fonts/truetype/liberation/LiberationSans-Bold.ttf
- /usr/share/fonts/truetype/liberation/LiberationMono-Regular.ttf
- /usr/share/fonts/truetype/lato/Lato-ThinItalic.ttf
- /usr/share/fonts/truetype/liberation/LiberationSerif-BoldItalic.ttf
- /usr/share/fonts/truetype/dejavu/DejaVuSerifCondensed.ttf
- /usr/share/fonts/truetype/dejavu/DejaVuSerifCondensed-Bold.ttf
- /usr/share/fonts/truetype/lato/Lato-SemiboldItalic.ttf
- /usr/share/fonts/truetype/lato/Lato-Heavy.ttf
- /usr/share/fonts/truetype/lato/Lato-Medium.ttf
- /usr/share/fonts/truetype/lato/Lato-Thin.ttf
- /usr/share/fonts/truetype/dejavu/DejaVuSansMono.ttf
- /usr/share/fonts/truetype/dejavu/DejaVuSans-BoldOblique.ttf
- /usr/share/fonts/truetype/dejavu/DejaVuSansMono-BoldOblique.ttf
- /usr/share/fonts/truetype/dejavu/DejaVuMathTeXGyre.ttf
- /usr/share/fonts/truetype/lato/Lato-BoldItalic.ttf
- /usr/share/fonts/truetype/wqy/wqy-microhei.ttc
- /usr/share/fonts/truetype/lato/Lato-Hairline.ttf
- /usr/share/fonts/truetype/dejavu/DejaVuSerifCondensed-Italic.ttf
- /usr/share/fonts/truetype/dejavu/DejaVuSerifCondensed-BoldItalic.ttf
- /usr/share/fonts/truetype/noto/NotoColorEmoji.ttf
- /usr/share/fonts/truetype/lato/Lato-MediumItalic.ttf
- /usr/share/fonts/truetype/dejavu/DejaVuSerif-BoldItalic.ttf
- /usr/share/fonts/truetype/dejavu/DejaVuSerif.ttf
- /usr/share/fonts/truetype/dejavu/DejaVuSans-Oblique.ttf
- /usr/share/fonts/truetype/liberation/LiberationSans-Regular.ttf
- /usr/share/fonts/opentype/noto/NotoSerifCJK-Bold.ttc
- /usr/share/fonts/truetype/liberation/LiberationSerif-Regular.ttf
- /usr/share/fonts/truetype/dejavu/DejaVuSerif-Bold.ttf
- /usr/share/fonts/truetype/lato/Lato-Regular.ttf
- /usr/share/fonts/truetype/lato/Lato-HeavyItalic.ttf
- /usr/share/fonts/truetype/lato/Lato-Light.ttf
- /usr/share/fonts/truetype/lato/Lato-Semibold.ttf
- /usr/share/fonts/truetype/lato/Lato-HairlineItalic.ttf
- /usr/share/fonts/truetype/liberation/LiberationSerif-Italic.ttf
- /usr/share/fonts/truetype/liberation/LiberationMono-BoldItalic.ttf
- /usr/share/fonts/truetype/liberation/LiberationSans-Italic.ttf
- /usr/share/fonts/truetype/dejavu/DejaVuSansCondensed-Oblique.ttf
- /usr/share/fonts/truetype/dejavu/DejaVuSans-ExtraLight.ttf
- /usr/share/fonts/truetype/lato/Lato-LightItalic.ttf
- /usr/share/fonts/truetype/dejavu/DejaVuSansCondensed.ttf
- /usr/share/fonts/opentype/noto/NotoSansCJK-Bold.ttc
- /usr/share/fonts/opentype/noto/NotoSansCJK-Regular.ttc
- /usr/share/fonts/truetype/lato/Lato-BlackItalic.ttf
- /usr/share/fonts/truetype/lato/Lato-Italic.ttf
- /usr/share/fonts/truetype/dejavu/DejaVuSansCondensed-Bold.ttf
- /usr/share/fonts/truetype/dejavu/DejaVuSansMono-Bold.ttf
- /usr/share/fonts/truetype/liberation/LiberationMono-Italic.ttf
- /usr/share/fonts/truetype/dejavu/DejaVuSansCondensed-BoldOblique.ttf
- /usr/share/fonts/truetype/lato/Lato-Bold.ttf
- /usr/share/fonts/truetype/dejavu/DejaVuSerif-Italic.ttf

FontManager samples (name -> path):
DejaVu Serif -> /opt/hostedtoolcache/Python/3.14.2/x64/lib/python3.14/site-packages/matplotlib/mpl-data/fonts/ttf/DejaVuSerif-BoldItalic.ttf
STIXNonUnicode -> /opt/hostedtoolcache/Python/3.14.2/x64/lib/python3.14/site-packages/matplotlib/mpl-data/fonts/ttf/STIXNonUniIta.ttf
cmsy10 -> /opt/hostedtoolcache/Python/3.14.2/x64/lib/python3.14/site-packages/matplotlib/mpl-data/fonts/ttf/cmsy10.ttf
STIXSizeFourSym -> /opt/hostedtoolcache/Python/3.14.2/x64/lib/python3.14/site-packages/matplotlib/mpl-data/fonts/ttf/STIXSizFourSymReg.ttf
cmb10 -> /opt/hostedtoolcache/Python/3.14.2/x64/lib/python3.14/site-packages/matplotlib/mpl-data/fonts/ttf/cmb10.ttf
DejaVu Sans Mono -> /opt/hostedtoolcache/Python/3.14.2/x64/lib/python3.14/site-packages/matplotlib/mpl-data/fonts/ttf/DejaVuSansMono.ttf
STIXGeneral -> /opt/hostedtoolcache/Python/3.14.2/x64/lib/python3.14/site-packages/matplotlib/mpl-data/fonts/ttf/STIXGeneral.ttf
DejaVu Sans Mono -> /opt/hostedtoolcache/Python/3.14.2/x64/lib/python3.14/site-packages/matplotlib/mpl-data/fonts/ttf/DejaVuSansMono-Bold.ttf
STIXNonUnicode -> /opt/hostedtoolcache/Python/3.14.2/x64/lib/python3.14/site-packages/matplotlib/mpl-data/fonts/ttf/STIXNonUni.ttf
STIXNonUnicode -> /opt/hostedtoolcache/Python/3.14.2/x64/lib/python3.14/site-packages/matplotlib/mpl-data/fonts/ttf/STIXNonUniBolIta.ttf
STIXSizeFourSym -> /opt/hostedtoolcache/Python/3.14.2/x64/lib/python3.14/site-packages/matplotlib/mpl-data/fonts/ttf/STIXSizFourSymBol.ttf
DejaVu Serif Display -> /opt/hostedtoolcache/Python/3.14.2/x64/lib/python3.14/site-packages/matplotlib/mpl-data/fonts/ttf/DejaVuSerifDisplay.ttf
cmmi10 -> /opt/hostedtoolcache/Python/3.14.2/x64/lib/python3.14/site-packages/matplotlib/mpl-data/fonts/ttf/cmmi10.ttf
cmr10 -> /opt/hostedtoolcache/Python/3.14.2/x64/lib/python3.14/site-packages/matplotlib/mpl-data/fonts/ttf/cmr10.ttf
STIXSizeOneSym -> /opt/hostedtoolcache/Python/3.14.2/x64/lib/python3.14/site-packages/matplotlib/mpl-data/fonts/ttf/STIXSizOneSymBol.ttf
DejaVu Sans Display -> /opt/hostedtoolcache/Python/3.14.2/x64/lib/python3.14/site-packages/matplotlib/mpl-data/fonts/ttf/DejaVuSansDisplay.ttf
DejaVu Serif -> /opt/hostedtoolcache/Python/3.14.2/x64/lib/python3.14/site-packages/matplotlib/mpl-data/fonts/ttf/DejaVuSerif.ttf
STIXGeneral -> /opt/hostedtoolcache/Python/3.14.2/x64/lib/python3.14/site-packages/matplotlib/mpl-data/fonts/ttf/STIXGeneralBol.ttf
DejaVu Sans -> /opt/hostedtoolcache/Python/3.14.2/x64/lib/python3.14/site-packages/matplotlib/mpl-data/fonts/ttf/DejaVuSans-Bold.ttf
STIXSizeThreeSym -> /opt/hostedtoolcache/Python/3.14.2/x64/lib/python3.14/site-packages/matplotlib/mpl-data/fonts/ttf/STIXSizThreeSymBol.ttf
cmex10 -> /opt/hostedtoolcache/Python/3.14.2/x64/lib/python3.14/site-packages/matplotlib/mpl-data/fonts/ttf/cmex10.ttf
STIXSizeOneSym -> /opt/hostedtoolcache/Python/3.14.2/x64/lib/python3.14/site-packages/matplotlib/mpl-data/fonts/ttf/STIXSizOneSymReg.ttf
STIXGeneral -> /opt/hostedtoolcache/Python/3.14.2/x64/lib/python3.14/site-packages/matplotlib/mpl-data/fonts/ttf/STIXGeneralItalic.ttf
STIXNonUnicode -> /opt/hostedtoolcache/Python/3.14.2/x64/lib/python3.14/site-packages/matplotlib/mpl-data/fonts/ttf/STIXNonUniBol.ttf
DejaVu Sans -> /opt/hostedtoolcache/Python/3.14.2/x64/lib/python3.14/site-packages/matplotlib/mpl-data/fonts/ttf/DejaVuSans-Oblique.ttf
cmtt10 -> /opt/hostedtoolcache/Python/3.14.2/x64/lib/python3.14/site-packages/matplotlib/mpl-data/fonts/ttf/cmtt10.ttf
DejaVu Sans -> /opt/hostedtoolcache/Python/3.14.2/x64/lib/python3.14/site-packages/matplotlib/mpl-data/fonts/ttf/DejaVuSans-BoldOblique.ttf
STIXSizeTwoSym -> /opt/hostedtoolcache/Python/3.14.2/x64/lib/python3.14/site-packages/matplotlib/mpl-data/fonts/ttf/STIXSizTwoSymReg.ttf
DejaVu Sans Mono -> /opt/hostedtoolcache/Python/3.14.2/x64/lib/python3.14/site-packages/matplotlib/mpl-data/fonts/ttf/DejaVuSansMono-BoldOblique.ttf
DejaVu Serif -> /opt/hostedtoolcache/Python/3.14.2/x64/lib/python3.14/site-packages/matplotlib/mpl-data/fonts/ttf/DejaVuSerif-Italic.ttf
STIXGeneral -> /opt/hostedtoolcache/Python/3.14.2/x64/lib/python3.14/site-packages/matplotlib/mpl-data/fonts/ttf/STIXGeneralBolIta.ttf
STIXSizeThreeSym -> /opt/hostedtoolcache/Python/3.14.2/x64/lib/python3.14/site-packages/matplotlib/mpl-data/fonts/ttf/STIXSizThreeSymReg.ttf
DejaVu Sans Mono -> /opt/hostedtoolcache/Python/3.14.2/x64/lib/python3.14/site-packages/matplotlib/mpl-data/fonts/ttf/DejaVuSansMono-Oblique.ttf
DejaVu Sans -> /opt/hostedtoolcache/Python/3.14.2/x64/lib/python3.14/site-packages/matplotlib/mpl-data/fonts/ttf/DejaVuSans.ttf
DejaVu Serif -> /opt/hostedtoolcache/Python/3.14.2/x64/lib/python3.14/site-packages/matplotlib/mpl-data/fonts/ttf/DejaVuSerif-Bold.ttf
cmss10 -> /opt/hostedtoolcache/Python/3.14.2/x64/lib/python3.14/site-packages/matplotlib/mpl-data/fonts/ttf/cmss10.ttf
STIXSizeFiveSym -> /opt/hostedtoolcache/Python/3.14.2/x64/lib/python3.14/site-packages/matplotlib/mpl-data/fonts/ttf/STIXSizFiveSymReg.ttf
STIXSizeTwoSym -> /opt/hostedtoolcache/Python/3.14.2/x64/lib/python3.14/site-packages/matplotlib/mpl-data/fonts/ttf/STIXSizTwoSymBol.ttf
Liberation Sans -> /usr/share/fonts/truetype/liberation/LiberationSans-Bold.ttf
Liberation Mono -> /usr/share/fonts/truetype/liberation/LiberationMono-Regular.ttf
Lato -> /usr/share/fonts/truetype/lato/Lato-ThinItalic.ttf
Liberation Serif -> /usr/share/fonts/truetype/liberation/LiberationSerif-BoldItalic.ttf
DejaVu Serif -> /usr/share/fonts/truetype/dejavu/DejaVuSerifCondensed.ttf
DejaVu Serif -> /usr/share/fonts/truetype/dejavu/DejaVuSerifCondensed-Bold.ttf
Lato -> /usr/share/fonts/truetype/lato/Lato-SemiboldItalic.ttf
Lato -> /usr/share/fonts/truetype/lato/Lato-Heavy.ttf
Lato -> /usr/share/fonts/truetype/lato/Lato-Medium.ttf
Lato -> /usr/share/fonts/truetype/lato/Lato-Thin.ttf
DejaVu Sans Mono -> /usr/share/fonts/truetype/dejavu/DejaVuSansMono.ttf
DejaVu Sans -> /usr/share/fonts/truetype/dejavu/DejaVuSans-BoldOblique.ttf

Preferred font find results:
findfont('Microsoft YaHei') failed: Failed to find font Microsoft YaHei:style=normal:variant=normal:weight=normal:stretch=normal:size=10.0, and fallback to the default font was disabled
findfont('Segoe UI') failed: Failed to find font Segoe UI:style=normal:variant=normal:weight=normal:stretch=normal:size=10.0, and fallback to the default font was disabled
findfont('Arial Unicode MS') failed: Failed to find font Arial Unicode MS:style=normal:variant=normal:weight=normal:stretch=normal:size=10.0, and fallback to the default font was disabled
findfont('Noto Sans CJK SC') failed: Failed to find font Noto Sans CJK SC:style=normal:variant=normal:weight=normal:stretch=normal:size=10.0, and fallback to the default font was disabled
findfont('WenQuanYi Micro Hei') -> /usr/share/fonts/truetype/wqy/wqy-microhei.ttc
findfont('WenQuanYi Zen Hei') -> /usr/share/fonts/truetype/wqy/wqy-zenhei.ttc
findfont('DejaVu Sans') -> /opt/hostedtoolcache/Python/3.14.2/x64/lib/python3.14/site-packages/matplotlib/mpl-data/fonts/ttf/DejaVuSans.ttf

fc-list output sample (truncated to 10000 chars):
Liberation Mono - /usr/share/fonts/truetype/liberation/LiberationMono-Bold.ttf
Liberation Serif - /usr/share/fonts/truetype/liberation/LiberationSerif-BoldItalic.ttf
Lato,Lato Hairline - /usr/share/fonts/truetype/lato/Lato-Hairline.ttf
Lato,Lato Heavy - /usr/share/fonts/truetype/lato/Lato-Heavy.ttf
DejaVu Serif,DejaVu Serif Condensed - /usr/share/fonts/truetype/dejavu/DejaVuSerifCondensed-Italic.ttf
Lato,Lato Medium - /usr/share/fonts/truetype/lato/Lato-Medium.ttf
Lato,Lato Light - /usr/share/fonts/truetype/lato/Lato-LightItalic.ttf
WenQuanYi Zen Hei Sharp,文泉驛點陣正黑,文泉驿点阵正黑 - /usr/share/fonts/truetype/wqy/wqy-zenhei.ttc
WenQuanYi Micro Hei Mono,文泉驛等寬微米黑,文泉驿等宽微米黑 - /usr/share/fonts/truetype/wqy/wqy-microhei.ttc
Noto Sans Mono CJK KR - /usr/share/fonts/opentype/noto/NotoSansCJK-Bold.ttc
DejaVu Serif - /usr/share/fonts/truetype/dejavu/DejaVuSerif-Bold.ttf
Noto Sans Mono CJK JP - /usr/share/fonts/opentype/noto/NotoSansCJK-Bold.ttc
Noto Sans Mono CJK HK - /usr/share/fonts/opentype/noto/NotoSansCJK-Bold.ttc
Noto Serif CJK SC - /usr/share/fonts/opentype/noto/NotoSerifCJK-Regular.ttc
DejaVu Math TeX Gyre - /usr/share/fonts/truetype/dejavu/DejaVuMathTeXGyre.ttf
Liberation Sans - /usr/share/fonts/truetype/liberation/LiberationSans-Regular.ttf
Lato - /usr/share/fonts/truetype/lato/Lato-Italic.ttf
Liberation Sans - /usr/share/fonts/truetype/liberation/LiberationSans-Bold.ttf
Noto Serif CJK TC - /usr/share/fonts/opentype/noto/NotoSerifCJK-Regular.ttc
Noto Sans Mono CJK SC - /usr/share/fonts/opentype/noto/NotoSansCJK-Bold.ttc
Liberation Mono - /usr/share/fonts/truetype/liberation/LiberationMono-Italic.ttf
Noto Sans Mono CJK TC - /usr/share/fonts/opentype/noto/NotoSansCJK-Bold.ttc
DejaVu Sans,DejaVu Sans Condensed - /usr/share/fonts/truetype/dejavu/DejaVuSansCondensed.ttf
DejaVu Serif,DejaVu Serif Condensed - /usr/share/fonts/truetype/dejavu/DejaVuSerifCondensed.ttf
Liberation Serif - /usr/share/fonts/truetype/liberation/LiberationSerif-Italic.ttf
Lato,Lato Heavy - /usr/share/fonts/truetype/lato/Lato-HeavyItalic.ttf
Lato - /usr/share/fonts/truetype/lato/Lato-BoldItalic.ttf
Noto Serif CJK JP - /usr/share/fonts/opentype/noto/NotoSerifCJK-Regular.ttc
Lato,Lato Medium - /usr/share/fonts/truetype/lato/Lato-MediumItalic.ttf
Noto Serif CJK HK - /usr/share/fonts/opentype/noto/NotoSerifCJK-Regular.ttc
DejaVu Serif - /usr/share/fonts/truetype/dejavu/DejaVuSerif-Italic.ttf
DejaVu Sans - /usr/share/fonts/truetype/dejavu/DejaVuSans.ttf
Noto Serif CJK KR - /usr/share/fonts/opentype/noto/NotoSerifCJK-Regular.ttc
Lato,Lato Semibold - /usr/share/fonts/truetype/lato/Lato-SemiboldItalic.ttf
Lato,Lato Thin - /usr/share/fonts/truetype/lato/Lato-ThinItalic.ttf
DejaVu Sans,DejaVu Sans Condensed - /usr/share/fonts/truetype/dejavu/DejaVuSansCondensed-BoldOblique.ttf
Noto Sans CJK JP - /usr/share/fonts/opentype/noto/NotoSansCJK-Regular.ttc
Liberation Sans - /usr/share/fonts/truetype/liberation/LiberationSans-Italic.ttf
Noto Sans CJK HK - /usr/share/fonts/opentype/noto/NotoSansCJK-Regular.ttc
Lato,Lato Black - /usr/share/fonts/truetype/lato/Lato-BlackItalic.ttf
Lato,Lato Thin - /usr/share/fonts/truetype/lato/Lato-Thin.ttf
DejaVu Sans,DejaVu Sans Condensed - /usr/share/fonts/truetype/dejavu/DejaVuSansCondensed-Oblique.ttf
Noto Sans CJK KR - /usr/share/fonts/opentype/noto/NotoSansCJK-Regular.ttc
Lato,Lato Light - /usr/share/fonts/truetype/lato/Lato-Light.ttf
Noto Sans CJK TC - /usr/share/fonts/opentype/noto/NotoSansCJK-Regular.ttc
DejaVu Sans,DejaVu Sans Condensed - /usr/share/fonts/truetype/dejavu/DejaVuSansCondensed-Bold.ttf
DejaVu Sans Mono - /usr/share/fonts/truetype/dejavu/DejaVuSansMono-Oblique.ttf
Lato,Lato Hairline - /usr/share/fonts/truetype/lato/Lato-HairlineItalic.ttf
Noto Sans CJK SC - /usr/share/fonts/opentype/noto/NotoSansCJK-Regular.ttc
WenQuanYi Zen Hei,文泉驛正黑,文泉驿正黑 - /usr/share/fonts/truetype/wqy/wqy-zenhei.ttc
Lato,Lato Black - /usr/share/fonts/truetype/lato/Lato-Black.ttf
Lato - /usr/share/fonts/truetype/lato/Lato-Regular.ttf
DejaVu Sans - /usr/share/fonts/truetype/dejavu/DejaVuSans-BoldOblique.ttf
Liberation Mono - /usr/share/fonts/truetype/liberation/LiberationMono-BoldItalic.ttf
Noto Sans Mono CJK KR - /usr/share/fonts/opentype/noto/NotoSansCJK-Regular.ttc
Liberation Mono - /usr/share/fonts/truetype/liberation/LiberationMono-Regular.ttf
Noto Sans Mono CJK HK - /usr/share/fonts/opentype/noto/NotoSansCJK-Regular.ttc
DejaVu Sans,DejaVu Sans Light - /usr/share/fonts/truetype/dejavu/DejaVuSans-ExtraLight.ttf
DejaVu Serif - /usr/share/fonts/truetype/dejavu/DejaVuSerif.ttf
Noto Sans Mono CJK JP - /usr/share/fonts/opentype/noto/NotoSansCJK-Regular.ttc
Noto Serif CJK JP - /usr/share/fonts/opentype/noto/NotoSerifCJK-Bold.ttc
Noto Serif CJK HK - /usr/share/fonts/opentype/noto/NotoSerifCJK-Bold.ttc
Noto Serif CJK KR - /usr/share/fonts/opentype/noto/NotoSerifCJK-Bold.ttc
Noto Serif CJK TC - /usr/share/fonts/opentype/noto/NotoSerifCJK-Bold.ttc
Lato - /usr/share/fonts/truetype/lato/Lato-Bold.ttf
Noto Sans CJK SC - /usr/share/fonts/opentype/noto/NotoSansCJK-Bold.ttc
Noto Sans Mono CJK TC - /usr/share/fonts/opentype/noto/NotoSansCJK-Regular.ttc
Noto Sans CJK TC - /usr/share/fonts/opentype/noto/NotoSansCJK-Bold.ttc
Noto Serif CJK SC - /usr/share/fonts/opentype/noto/NotoSerifCJK-Bold.ttc
DejaVu Sans Mono - /usr/share/fonts/truetype/dejavu/DejaVuSansMono-Bold.ttf
DejaVu Serif - /usr/share/fonts/truetype/dejavu/DejaVuSerif-BoldItalic.ttf
WenQuanYi Zen Hei Mono,文泉驛等寬正黑,文泉驿等宽正黑 - /usr/share/fonts/truetype/wqy/wqy-zenhei.ttc
DejaVu Sans Mono - /usr/share/fonts/truetype/dejavu/DejaVuSansMono.ttf
Noto Sans CJK JP - /usr/share/fonts/opentype/noto/NotoSansCJK-Bold.ttc
Noto Sans CJK HK - /usr/share/fonts/opentype/noto/NotoSansCJK-Bold.ttc
Noto Sans CJK KR - /usr/share/fonts/opentype/noto/NotoSansCJK-Bold.ttc
WenQuanYi Micro Hei,文泉驛微米黑,文泉驿微米黑 - /usr/share/fonts/truetype/wqy/wqy-microhei.ttc
Noto Sans Mono CJK SC - /usr/share/fonts/opentype/noto/NotoSansCJK-Regular.ttc
Noto Color Emoji - /usr/share/fonts/truetype/noto/NotoColorEmoji.ttf
DejaVu Sans Mono - /usr/share/fonts/truetype/dejavu/DejaVuSansMono-BoldOblique.ttf
Liberation Sans - /usr/share/fonts/truetype/liberation/LiberationSans-BoldItalic.ttf
Liberation Serif - /usr/share/fonts/truetype/liberation/LiberationSerif-Regular.ttf
Lato,Lato Semibold - /usr/share/fonts/truetype/lato/Lato-Semibold.ttf
DejaVu Sans - /usr/share/fonts/truetype/dejavu/DejaVuSans-Oblique.ttf
DejaVu Serif,DejaVu Serif Condensed - /usr/share/fonts/truetype/dejavu/DejaVuSerifCondensed-Bold.ttf
DejaVu Sans - /usr/share/fonts/truetype/dejavu/DejaVuSans-Bold.ttf
Liberation Serif - /usr/share/fonts/truetype/liberation/LiberationSerif-Bold.ttf
DejaVu Serif,DejaVu Serif Condensed - /usr/share/fonts/truetype/dejavu/DejaVuSerifCondensed-BoldItalic.ttf

2026-01-13 02:54:32,909 - INFO - Matplotlib 字体设置：使用回退字体列表，首选可用字体: Noto Sans CJK JP
2026-01-13 02:54:34,330 - INFO - 使用 ChromeDriver: /usr/bin/chromedriver
2026-01-13 02:54:34,331 - WARNING - Using CPU. Note: This module is much faster with a GPU.
2026-01-13 02:54:35,955 - INFO - OCR识别器初始化成功
2026-01-13 02:54:35,955 - INFO - 开始南京大学电费监控流程（自动无头模式）
2026-01-13 02:54:35,955 - INFO - 正在打开页面: https://epay.nju.edu.cn/epay/h5/nju/electric/index
2026-01-13 02:54:48,190 - INFO - 等待登录表单加载...
2026-01-13 02:54:48,200 - INFO - 登录表单已加载
2026-01-13 02:54:48,200 - INFO - 开始填写登录表单...
2026-01-13 02:54:48,260 - INFO - 用户名填写完成
2026-01-13 02:54:48,325 - INFO - 密码填写完成
2026-01-13 02:54:48,325 - INFO - 检查是否有验证码...
2026-01-13 02:54:48,325 - INFO - 查找验证码图片...
2026-01-13 02:54:48,344 - INFO - 找到验证码图片，开始截图...
2026-01-13 02:54:48,397 - INFO - 验证码图片截取成功
2026-01-13 02:54:48,397 - INFO - 开始填写登录表单...
2026-01-13 02:54:48,460 - INFO - 用户名填写完成
2026-01-13 02:54:48,519 - INFO - 密码填写完成
2026-01-13 02:54:48,520 - INFO - 验证码图片已保存到 /home/runner/work/nju_electric_monitor/nju_electric_monitor/src/../data/captcha_debug.png
2026-01-13 02:54:48,520 - INFO - 验证码识别尝试 1/30
2026-01-13 02:54:48,520 - INFO - 开始识别验证码...（easyocr + pytesseract）
2026-01-13 02:54:48,651 - INFO - easyocr 结果: ['CGxB(0.42)']
2026-01-13 02:54:48,789 - INFO - tesseract 结果: c6xB
2026-01-13 02:54:48,856 - INFO - easyocr alt1 结果: ['CGxB(0.52)']
2026-01-13 02:54:48,949 - INFO - tesseract alt1 结果: COxB
2026-01-13 02:54:49,011 - INFO - easyocr alt2 结果: ['CGx8(0.49)']
2026-01-13 02:54:49,103 - INFO - tesseract alt2 结果: COxB
2026-01-13 02:54:49,275 - INFO - easyocr alt3 结果: ['CGxB(0.56)']
2026-01-13 02:54:49,381 - INFO - tesseract alt3 结果: COxB
2026-01-13 02:54:49,442 - INFO - easyocr alt4 结果: ['C6xB(0.30)']
2026-01-13 02:54:49,536 - INFO - tesseract alt4 结果: COXB
2026-01-13 02:54:49,597 - INFO - easyocr alt5 结果: ['CGxB(0.26)']
2026-01-13 02:54:49,691 - INFO - tesseract alt5 结果: COxB
2026-01-13 02:54:49,691 - INFO - 最终验证码识别结果: CGxB (engine=easyocr_alt3, prob=0.5568939476293755)
2026-01-13 02:54:49,691 - INFO - 查找验证码输入框...
2026-01-13 02:54:49,748 - INFO - 验证码填写完成
2026-01-13 02:54:49,749 - INFO - 验证码填写完成，点击登录按钮...
2026-01-13 02:54:49,749 - INFO - 查找并点击登录按钮...
2026-01-13 02:54:50,129 - INFO - 已点击登录按钮
2026-01-13 02:54:57,157 - INFO - 开始填写登录表单...
2026-01-13 02:54:57,215 - INFO - 用户名填写完成
2026-01-13 02:54:57,272 - INFO - 密码填写完成
2026-01-13 02:54:57,273 - INFO - 验证码图片已保存到 /home/runner/work/nju_electric_monitor/nju_electric_monitor/src/../data/captcha_debug.png
2026-01-13 02:54:57,273 - INFO - 验证码识别尝试 2/30
2026-01-13 02:54:57,273 - INFO - 开始识别验证码...（easyocr + pytesseract）
2026-01-13 02:54:57,387 - INFO - easyocr 结果: ['CGxB(0.42)']
2026-01-13 02:54:57,478 - INFO - tesseract 结果: c6xB
2026-01-13 02:54:57,540 - INFO - easyocr alt1 结果: ['CGxB(0.52)']
2026-01-13 02:54:57,633 - INFO - tesseract alt1 结果: COxB
2026-01-13 02:54:57,695 - INFO - easyocr alt2 结果: ['CGx8(0.49)']
2026-01-13 02:54:57,788 - INFO - tesseract alt2 结果: COxB
2026-01-13 02:54:57,950 - INFO - easyocr alt3 结果: ['CGxB(0.56)']
2026-01-13 02:54:58,054 - INFO - tesseract alt3 结果: COxB
2026-01-13 02:54:58,115 - INFO - easyocr alt4 结果: ['C6xB(0.30)']
2026-01-13 02:54:58,209 - INFO - tesseract alt4 结果: COXB
2026-01-13 02:54:58,271 - INFO - easyocr alt5 结果: ['CGxB(0.26)']
2026-01-13 02:54:58,369 - INFO - tesseract alt5 结果: COxB
2026-01-13 02:54:58,369 - INFO - 最终验证码识别结果: CGxB (engine=easyocr_alt3, prob=0.5568939476293755)
2026-01-13 02:54:58,369 - INFO - 查找验证码输入框...
2026-01-13 02:54:58,423 - INFO - 验证码填写完成
2026-01-13 02:54:58,424 - INFO - 验证码填写完成，点击登录按钮...
2026-01-13 02:54:58,424 - INFO - 查找并点击登录按钮...
2026-01-13 02:54:58,802 - INFO - 已点击登录按钮
2026-01-13 02:55:05,822 - INFO - 开始填写登录表单...
2026-01-13 02:55:05,882 - INFO - 用户名填写完成
2026-01-13 02:55:05,941 - INFO - 密码填写完成
2026-01-13 02:55:05,942 - INFO - 验证码图片已保存到 /home/runner/work/nju_electric_monitor/nju_electric_monitor/src/../data/captcha_debug.png
2026-01-13 02:55:05,942 - INFO - 验证码识别尝试 3/30
2026-01-13 02:55:05,942 - INFO - 开始识别验证码...（easyocr + pytesseract）
2026-01-13 02:55:06,069 - INFO - easyocr 结果: ['CGxB(0.42)']
2026-01-13 02:55:06,158 - INFO - tesseract 结果: c6xB
2026-01-13 02:55:06,220 - INFO - easyocr alt1 结果: ['CGxB(0.52)']
2026-01-13 02:55:06,317 - INFO - tesseract alt1 结果: COxB
2026-01-13 02:55:06,378 - INFO - easyocr alt2 结果: ['CGx8(0.49)']
2026-01-13 02:55:06,477 - INFO - tesseract alt2 结果: COxB
2026-01-13 02:55:06,650 - INFO - easyocr alt3 结果: ['CGxB(0.56)']
2026-01-13 02:55:06,755 - INFO - tesseract alt3 结果: COxB
2026-01-13 02:55:06,816 - INFO - easyocr alt4 结果: ['C6xB(0.30)']
2026-01-13 02:55:06,907 - INFO - tesseract alt4 结果: COXB
2026-01-13 02:55:06,969 - INFO - easyocr alt5 结果: ['CGxB(0.26)']
2026-01-13 02:55:07,063 - INFO - tesseract alt5 结果: COxB
2026-01-13 02:55:07,063 - INFO - 最终验证码识别结果: CGxB (engine=easyocr_alt3, prob=0.5568939476293755)
2026-01-13 02:55:07,063 - INFO - 查找验证码输入框...
2026-01-13 02:55:07,118 - INFO - 验证码填写完成
2026-01-13 02:55:07,118 - INFO - 验证码填写完成，点击登录按钮...
2026-01-13 02:55:07,118 - INFO - 查找并点击登录按钮...
2026-01-13 02:55:07,173 - INFO - 已点击登录按钮
2026-01-13 02:55:14,194 - INFO - 开始填写登录表单...
2026-01-13 02:55:14,252 - INFO - 用户名填写完成
2026-01-13 02:55:14,310 - INFO - 密码填写完成
2026-01-13 02:55:14,310 - INFO - 验证码图片已保存到 /home/runner/work/nju_electric_monitor/nju_electric_monitor/src/../data/captcha_debug.png
2026-01-13 02:55:14,310 - INFO - 验证码识别尝试 4/30
2026-01-13 02:55:14,311 - INFO - 开始识别验证码...（easyocr + pytesseract）
2026-01-13 02:55:14,412 - INFO - easyocr 结果: ['CGxB(0.42)']
2026-01-13 02:55:14,503 - INFO - tesseract 结果: c6xB
2026-01-13 02:55:14,565 - INFO - easyocr alt1 结果: ['CGxB(0.52)']
2026-01-13 02:55:14,663 - INFO - tesseract alt1 结果: COxB
2026-01-13 02:55:14,725 - INFO - easyocr alt2 结果: ['CGx8(0.49)']
2026-01-13 02:55:14,818 - INFO - tesseract alt2 结果: COxB
2026-01-13 02:55:14,983 - INFO - easyocr alt3 结果: ['CGxB(0.56)']
2026-01-13 02:55:15,088 - INFO - tesseract alt3 结果: COxB
2026-01-13 02:55:15,150 - INFO - easyocr alt4 结果: ['C6xB(0.30)']
2026-01-13 02:55:15,246 - INFO - tesseract alt4 结果: COXB
2026-01-13 02:55:15,307 - INFO - easyocr alt5 结果: ['CGxB(0.26)']
2026-01-13 02:55:15,403 - INFO - tesseract alt5 结果: COxB
2026-01-13 02:55:15,403 - INFO - 最终验证码识别结果: CGxB (engine=easyocr_alt3, prob=0.5568939476293755)
2026-01-13 02:55:15,403 - INFO - 查找验证码输入框...
2026-01-13 02:55:15,458 - INFO - 验证码填写完成
2026-01-13 02:55:15,458 - INFO - 验证码填写完成，点击登录按钮...
2026-01-13 02:55:15,458 - INFO - 查找并点击登录按钮...
2026-01-13 02:55:15,838 - INFO - 已点击登录按钮
2026-01-13 02:55:22,866 - INFO - 开始填写登录表单...
2026-01-13 02:55:22,926 - INFO - 用户名填写完成
2026-01-13 02:55:22,983 - INFO - 密码填写完成
2026-01-13 02:55:22,984 - INFO - 验证码图片已保存到 /home/runner/work/nju_electric_monitor/nju_electric_monitor/src/../data/captcha_debug.png
2026-01-13 02:55:22,984 - INFO - 验证码识别尝试 5/30
2026-01-13 02:55:22,984 - INFO - 开始识别验证码...（easyocr + pytesseract）
2026-01-13 02:55:23,087 - INFO - easyocr 结果: ['CGxB(0.42)']
2026-01-13 02:55:23,177 - INFO - tesseract 结果: c6xB
2026-01-13 02:55:23,239 - INFO - easyocr alt1 结果: ['CGxB(0.52)']
2026-01-13 02:55:23,333 - INFO - tesseract alt1 结果: COxB
2026-01-13 02:55:23,395 - INFO - easyocr alt2 结果: ['CGx8(0.49)']
2026-01-13 02:55:23,490 - INFO - tesseract alt2 结果: COxB
2026-01-13 02:55:23,655 - INFO - easyocr alt3 结果: ['CGxB(0.56)']
2026-01-13 02:55:23,761 - INFO - tesseract alt3 结果: COxB
2026-01-13 02:55:23,822 - INFO - easyocr alt4 结果: ['C6xB(0.30)']
2026-01-13 02:55:23,915 - INFO - tesseract alt4 结果: COXB
2026-01-13 02:55:23,976 - INFO - easyocr alt5 结果: ['CGxB(0.26)']
2026-01-13 02:55:24,073 - INFO - tesseract alt5 结果: COxB
2026-01-13 02:55:24,073 - INFO - 最终验证码识别结果: CGxB (engine=easyocr_alt3, prob=0.5568939476293755)
2026-01-13 02:55:24,073 - INFO - 查找验证码输入框...
2026-01-13 02:55:24,128 - INFO - 验证码填写完成
2026-01-13 02:55:24,128 - INFO - 验证码填写完成，点击登录按钮...
2026-01-13 02:55:24,128 - INFO - 查找并点击登录按钮...
2026-01-13 02:55:24,493 - INFO - 已点击登录按钮
2026-01-13 02:55:31,513 - INFO - 开始填写登录表单...
2026-01-13 02:55:31,573 - INFO - 用户名填写完成
2026-01-13 02:55:31,629 - INFO - 密码填写完成
2026-01-13 02:55:31,630 - INFO - 验证码图片已保存到 /home/runner/work/nju_electric_monitor/nju_electric_monitor/src/../data/captcha_debug.png
2026-01-13 02:55:31,630 - INFO - 验证码识别尝试 6/30
2026-01-13 02:55:31,630 - INFO - 开始识别验证码...（easyocr + pytesseract）
2026-01-13 02:55:31,733 - INFO - easyocr 结果: ['CGxB(0.42)']
2026-01-13 02:55:31,826 - INFO - tesseract 结果: c6xB
2026-01-13 02:55:31,889 - INFO - easyocr alt1 结果: ['CGxB(0.52)']
2026-01-13 02:55:31,988 - INFO - tesseract alt1 结果: COxB
2026-01-13 02:55:32,050 - INFO - easyocr alt2 结果: ['CGx8(0.49)']
2026-01-13 02:55:32,144 - INFO - tesseract alt2 结果: COxB
2026-01-13 02:55:32,308 - INFO - easyocr alt3 结果: ['CGxB(0.56)']
2026-01-13 02:55:32,418 - INFO - tesseract alt3 结果: COxB
2026-01-13 02:55:32,480 - INFO - easyocr alt4 结果: ['C6xB(0.30)']
2026-01-13 02:55:32,571 - INFO - tesseract alt4 结果: COXB
2026-01-13 02:55:32,642 - INFO - easyocr alt5 结果: ['CGxB(0.26)']
2026-01-13 02:55:32,737 - INFO - tesseract alt5 结果: COxB
2026-01-13 02:55:32,738 - INFO - 最终验证码识别结果: CGxB (engine=easyocr_alt3, prob=0.5568939476293755)
2026-01-13 02:55:32,738 - INFO - 查找验证码输入框...
2026-01-13 02:55:32,793 - INFO - 验证码填写完成
2026-01-13 02:55:32,793 - INFO - 验证码填写完成，点击登录按钮...
2026-01-13 02:55:32,793 - INFO - 查找并点击登录按钮...
2026-01-13 02:55:33,159 - INFO - 已点击登录按钮
2026-01-13 02:55:40,180 - INFO - 开始填写登录表单...
2026-01-13 02:55:40,238 - INFO - 用户名填写完成
2026-01-13 02:55:40,295 - INFO - 密码填写完成
2026-01-13 02:55:40,296 - INFO - 验证码图片已保存到 /home/runner/work/nju_electric_monitor/nju_electric_monitor/src/../data/captcha_debug.png
2026-01-13 02:55:40,296 - INFO - 验证码识别尝试 7/30
2026-01-13 02:55:40,296 - INFO - 开始识别验证码...（easyocr + pytesseract）
2026-01-13 02:55:40,398 - INFO - easyocr 结果: ['CGxB(0.42)']
2026-01-13 02:55:40,487 - INFO - tesseract 结果: c6xB
2026-01-13 02:55:40,550 - INFO - easyocr alt1 结果: ['CGxB(0.52)']
2026-01-13 02:55:40,645 - INFO - tesseract alt1 结果: COxB
2026-01-13 02:55:40,707 - INFO - easyocr alt2 结果: ['CGx8(0.49)']
2026-01-13 02:55:40,807 - INFO - tesseract alt2 结果: COxB
2026-01-13 02:55:40,972 - INFO - easyocr alt3 结果: ['CGxB(0.56)']
2026-01-13 02:55:41,079 - INFO - tesseract alt3 结果: COxB
2026-01-13 02:55:41,141 - INFO - easyocr alt4 结果: ['C6xB(0.30)']
2026-01-13 02:55:41,235 - INFO - tesseract alt4 结果: COXB
2026-01-13 02:55:41,296 - INFO - easyocr alt5 结果: ['CGxB(0.26)']
2026-01-13 02:55:41,396 - INFO - tesseract alt5 结果: COxB
2026-01-13 02:55:41,397 - INFO - 最终验证码识别结果: CGxB (engine=easyocr_alt3, prob=0.5568939476293755)
2026-01-13 02:55:41,397 - INFO - 查找验证码输入框...
2026-01-13 02:55:41,452 - INFO - 验证码填写完成
2026-01-13 02:55:41,452 - INFO - 验证码填写完成，点击登录按钮...
2026-01-13 02:55:41,452 - INFO - 查找并点击登录按钮...
2026-01-13 02:55:41,823 - INFO - 已点击登录按钮
2026-01-13 02:55:48,845 - INFO - 开始填写登录表单...
2026-01-13 02:55:48,903 - INFO - 用户名填写完成
2026-01-13 02:55:48,962 - INFO - 密码填写完成
2026-01-13 02:55:48,963 - INFO - 验证码图片已保存到 /home/runner/work/nju_electric_monitor/nju_electric_monitor/src/../data/captcha_debug.png
2026-01-13 02:55:48,963 - INFO - 验证码识别尝试 8/30
2026-01-13 02:55:48,963 - INFO - 开始识别验证码...（easyocr + pytesseract）
2026-01-13 02:55:49,074 - INFO - easyocr 结果: ['CGxB(0.42)']
2026-01-13 02:55:49,165 - INFO - tesseract 结果: c6xB
2026-01-13 02:55:49,228 - INFO - easyocr alt1 结果: ['CGxB(0.52)']
2026-01-13 02:55:49,324 - INFO - tesseract alt1 结果: COxB
2026-01-13 02:55:49,386 - INFO - easyocr alt2 结果: ['CGx8(0.49)']
2026-01-13 02:55:49,482 - INFO - tesseract alt2 结果: COxB
2026-01-13 02:55:49,649 - INFO - easyocr alt3 结果: ['CGxB(0.56)']
2026-01-13 02:55:49,754 - INFO - tesseract alt3 结果: COxB
2026-01-13 02:55:49,815 - INFO - easyocr alt4 结果: ['C6xB(0.30)']
2026-01-13 02:55:49,907 - INFO - tesseract alt4 结果: COXB
2026-01-13 02:55:49,969 - INFO - easyocr alt5 结果: ['CGxB(0.26)']
2026-01-13 02:55:50,068 - INFO - tesseract alt5 结果: COxB
2026-01-13 02:55:50,068 - INFO - 最终验证码识别结果: CGxB (engine=easyocr_alt3, prob=0.5568939476293755)
2026-01-13 02:55:50,068 - INFO - 查找验证码输入框...
2026-01-13 02:55:50,124 - INFO - 验证码填写完成
2026-01-13 02:55:50,124 - INFO - 验证码填写完成，点击登录按钮...
2026-01-13 02:55:50,124 - INFO - 查找并点击登录按钮...
2026-01-13 02:55:50,179 - INFO - 已点击登录按钮
2026-01-13 02:55:57,200 - INFO - 开始填写登录表单...
2026-01-13 02:55:57,258 - INFO - 用户名填写完成
2026-01-13 02:55:57,315 - INFO - 密码填写完成
2026-01-13 02:55:57,316 - INFO - 验证码图片已保存到 /home/runner/work/nju_electric_monitor/nju_electric_monitor/src/../data/captcha_debug.png
2026-01-13 02:55:57,316 - INFO - 验证码识别尝试 9/30
2026-01-13 02:55:57,316 - INFO - 开始识别验证码...（easyocr + pytesseract）
2026-01-13 02:55:57,417 - INFO - easyocr 结果: ['CGxB(0.42)']
2026-01-13 02:55:57,508 - INFO - tesseract 结果: c6xB
2026-01-13 02:55:57,570 - INFO - easyocr alt1 结果: ['CGxB(0.52)']
2026-01-13 02:55:57,662 - INFO - tesseract alt1 结果: COxB
2026-01-13 02:55:57,723 - INFO - easyocr alt2 结果: ['CGx8(0.49)']
2026-01-13 02:55:57,818 - INFO - tesseract alt2 结果: COxB
2026-01-13 02:55:57,990 - INFO - easyocr alt3 结果: ['CGxB(0.56)']
2026-01-13 02:55:58,096 - INFO - tesseract alt3 结果: COxB
2026-01-13 02:55:58,156 - INFO - easyocr alt4 结果: ['C6xB(0.30)']
2026-01-13 02:55:58,248 - INFO - tesseract alt4 结果: COXB
2026-01-13 02:55:58,309 - INFO - easyocr alt5 结果: ['CGxB(0.26)']
2026-01-13 02:55:58,408 - INFO - tesseract alt5 结果: COxB
2026-01-13 02:55:58,408 - INFO - 最终验证码识别结果: CGxB (engine=easyocr_alt3, prob=0.5568939476293755)
2026-01-13 02:55:58,408 - INFO - 查找验证码输入框...
2026-01-13 02:55:58,463 - INFO - 验证码填写完成
2026-01-13 02:55:58,463 - INFO - 验证码填写完成，点击登录按钮...
2026-01-13 02:55:58,463 - INFO - 查找并点击登录按钮...
2026-01-13 02:55:58,519 - INFO - 已点击登录按钮
2026-01-13 02:56:05,540 - INFO - 开始填写登录表单...
2026-01-13 02:56:05,601 - INFO - 用户名填写完成
2026-01-13 02:56:05,659 - INFO - 密码填写完成
2026-01-13 02:56:05,660 - INFO - 验证码图片已保存到 /home/runner/work/nju_electric_monitor/nju_electric_monitor/src/../data/captcha_debug.png
2026-01-13 02:56:05,660 - INFO - 验证码识别尝试 10/30
2026-01-13 02:56:05,660 - INFO - 开始识别验证码...（easyocr + pytesseract）
2026-01-13 02:56:05,761 - INFO - easyocr 结果: ['CGxB(0.42)']
2026-01-13 02:56:05,856 - INFO - tesseract 结果: c6xB
2026-01-13 02:56:05,928 - INFO - easyocr alt1 结果: ['CGxB(0.52)']
2026-01-13 02:56:06,025 - INFO - tesseract alt1 结果: COxB
2026-01-13 02:56:06,087 - INFO - easyocr alt2 结果: ['CGx8(0.49)']
2026-01-13 02:56:06,181 - INFO - tesseract alt2 结果: COxB
2026-01-13 02:56:06,342 - INFO - easyocr alt3 结果: ['CGxB(0.56)']
2026-01-13 02:56:06,453 - INFO - tesseract alt3 结果: COxB
2026-01-13 02:56:06,514 - INFO - easyocr alt4 结果: ['C6xB(0.30)']
2026-01-13 02:56:06,603 - INFO - tesseract alt4 结果: COXB
2026-01-13 02:56:06,664 - INFO - easyocr alt5 结果: ['CGxB(0.26)']
2026-01-13 02:56:06,757 - INFO - tesseract alt5 结果: COxB
2026-01-13 02:56:06,757 - INFO - 最终验证码识别结果: CGxB (engine=easyocr_alt3, prob=0.5568939476293755)
2026-01-13 02:56:06,757 - INFO - 查找验证码输入框...
2026-01-13 02:56:06,813 - INFO - 验证码填写完成
2026-01-13 02:56:06,813 - INFO - 验证码填写完成，点击登录按钮...
2026-01-13 02:56:06,813 - INFO - 查找并点击登录按钮...
2026-01-13 02:56:06,868 - INFO - 已点击登录按钮
2026-01-13 02:56:13,889 - INFO - 开始填写登录表单...
2026-01-13 02:56:13,948 - INFO - 用户名填写完成
2026-01-13 02:56:14,007 - INFO - 密码填写完成
2026-01-13 02:56:14,008 - INFO - 验证码图片已保存到 /home/runner/work/nju_electric_monitor/nju_electric_monitor/src/../data/captcha_debug.png
2026-01-13 02:56:14,008 - INFO - 验证码识别尝试 11/30
2026-01-13 02:56:14,008 - INFO - 开始识别验证码...（easyocr + pytesseract）
2026-01-13 02:56:14,109 - INFO - easyocr 结果: ['CGxB(0.42)']
2026-01-13 02:56:14,204 - INFO - tesseract 结果: c6xB
2026-01-13 02:56:14,266 - INFO - easyocr alt1 结果: ['CGxB(0.52)']
2026-01-13 02:56:14,361 - INFO - tesseract alt1 结果: COxB
2026-01-13 02:56:14,422 - INFO - easyocr alt2 结果: ['CGx8(0.49)']
2026-01-13 02:56:14,521 - INFO - tesseract alt2 结果: COxB
2026-01-13 02:56:14,683 - INFO - easyocr alt3 结果: ['CGxB(0.56)']
2026-01-13 02:56:14,791 - INFO - tesseract alt3 结果: COxB
2026-01-13 02:56:14,852 - INFO - easyocr alt4 结果: ['C6xB(0.30)']
2026-01-13 02:56:14,945 - INFO - tesseract alt4 结果: COXB
2026-01-13 02:56:15,007 - INFO - easyocr alt5 结果: ['CGxB(0.26)']
2026-01-13 02:56:15,101 - INFO - tesseract alt5 结果: COxB
2026-01-13 02:56:15,101 - INFO - 最终验证码识别结果: CGxB (engine=easyocr_alt3, prob=0.5568939476293755)
2026-01-13 02:56:15,101 - INFO - 查找验证码输入框...
2026-01-13 02:56:15,158 - INFO - 验证码填写完成
2026-01-13 02:56:15,159 - INFO - 验证码填写完成，点击登录按钮...
2026-01-13 02:56:15,159 - INFO - 查找并点击登录按钮...
2026-01-13 02:56:15,542 - INFO - 已点击登录按钮
2026-01-13 02:56:22,563 - INFO - 开始填写登录表单...
2026-01-13 02:56:22,625 - INFO - 用户名填写完成
2026-01-13 02:56:22,686 - INFO - 密码填写完成
2026-01-13 02:56:22,686 - INFO - 验证码图片已保存到 /home/runner/work/nju_electric_monitor/nju_electric_monitor/src/../data/captcha_debug.png
2026-01-13 02:56:22,686 - INFO - 验证码识别尝试 12/30
2026-01-13 02:56:22,686 - INFO - 开始识别验证码...（easyocr + pytesseract）
2026-01-13 02:56:22,789 - INFO - easyocr 结果: ['CGxB(0.42)']
2026-01-13 02:56:22,886 - INFO - tesseract 结果: c6xB
2026-01-13 02:56:22,948 - INFO - easyocr alt1 结果: ['CGxB(0.52)']
2026-01-13 02:56:23,047 - INFO - tesseract alt1 结果: COxB
2026-01-13 02:56:23,109 - INFO - easyocr alt2 结果: ['CGx8(0.49)']
2026-01-13 02:56:23,207 - INFO - tesseract alt2 结果: COxB
2026-01-13 02:56:23,370 - INFO - easyocr alt3 结果: ['CGxB(0.56)']
2026-01-13 02:56:23,482 - INFO - tesseract alt3 结果: COxB
2026-01-13 02:56:23,544 - INFO - easyocr alt4 结果: ['C6xB(0.30)']
2026-01-13 02:56:23,641 - INFO - tesseract alt4 结果: COXB
2026-01-13 02:56:23,702 - INFO - easyocr alt5 结果: ['CGxB(0.26)']
2026-01-13 02:56:23,798 - INFO - tesseract alt5 结果: COxB
2026-01-13 02:56:23,798 - INFO - 最终验证码识别结果: CGxB (engine=easyocr_alt3, prob=0.5568939476293755)
2026-01-13 02:56:23,798 - INFO - 查找验证码输入框...
2026-01-13 02:56:23,857 - INFO - 验证码填写完成
2026-01-13 02:56:23,857 - INFO - 验证码填写完成，点击登录按钮...
2026-01-13 02:56:23,857 - INFO - 查找并点击登录按钮...
2026-01-13 02:56:24,230 - INFO - 已点击登录按钮
2026-01-13 02:56:31,251 - INFO - 开始填写登录表单...
2026-01-13 02:56:31,313 - INFO - 用户名填写完成
2026-01-13 02:56:31,372 - INFO - 密码填写完成
2026-01-13 02:56:31,373 - INFO - 验证码图片已保存到 /home/runner/work/nju_electric_monitor/nju_electric_monitor/src/../data/captcha_debug.png
2026-01-13 02:56:31,373 - INFO - 验证码识别尝试 13/30
2026-01-13 02:56:31,373 - INFO - 开始识别验证码...（easyocr + pytesseract）
2026-01-13 02:56:31,476 - INFO - easyocr 结果: ['CGxB(0.42)']
2026-01-13 02:56:31,567 - INFO - tesseract 结果: c6xB
2026-01-13 02:56:31,641 - INFO - easyocr alt1 结果: ['CGxB(0.52)']
2026-01-13 02:56:31,740 - INFO - tesseract alt1 结果: COxB
2026-01-13 02:56:31,803 - INFO - easyocr alt2 结果: ['CGx8(0.49)']
2026-01-13 02:56:31,896 - INFO - tesseract alt2 结果: COxB
2026-01-13 02:56:32,058 - INFO - easyocr alt3 结果: ['CGxB(0.56)']
2026-01-13 02:56:32,168 - INFO - tesseract alt3 结果: COxB
2026-01-13 02:56:32,229 - INFO - easyocr alt4 结果: ['C6xB(0.30)']
2026-01-13 02:56:32,320 - INFO - tesseract alt4 结果: COXB
2026-01-13 02:56:32,381 - INFO - easyocr alt5 结果: ['CGxB(0.26)']
2026-01-13 02:56:32,476 - INFO - tesseract alt5 结果: COxB
2026-01-13 02:56:32,477 - INFO - 最终验证码识别结果: CGxB (engine=easyocr_alt3, prob=0.5568939476293755)
2026-01-13 02:56:32,477 - INFO - 查找验证码输入框...
2026-01-13 02:56:32,533 - INFO - 验证码填写完成
2026-01-13 02:56:32,534 - INFO - 验证码填写完成，点击登录按钮...
2026-01-13 02:56:32,534 - INFO - 查找并点击登录按钮...
2026-01-13 02:56:32,906 - INFO - 已点击登录按钮
2026-01-13 02:56:39,928 - INFO - 开始填写登录表单...
2026-01-13 02:56:39,990 - INFO - 用户名填写完成
2026-01-13 02:56:40,056 - INFO - 密码填写完成
2026-01-13 02:56:40,057 - INFO - 验证码图片已保存到 /home/runner/work/nju_electric_monitor/nju_electric_monitor/src/../data/captcha_debug.png
2026-01-13 02:56:40,057 - INFO - 验证码识别尝试 14/30
2026-01-13 02:56:40,057 - INFO - 开始识别验证码...（easyocr + pytesseract）
2026-01-13 02:56:40,177 - INFO - easyocr 结果: ['CGxB(0.42)']
2026-01-13 02:56:40,269 - INFO - tesseract 结果: c6xB
2026-01-13 02:56:40,331 - INFO - easyocr alt1 结果: ['CGxB(0.52)']
2026-01-13 02:56:40,426 - INFO - tesseract alt1 结果: COxB
2026-01-13 02:56:40,488 - INFO - easyocr alt2 结果: ['CGx8(0.49)']
2026-01-13 02:56:40,581 - INFO - tesseract alt2 结果: COxB
2026-01-13 02:56:40,743 - INFO - easyocr alt3 结果: ['CGxB(0.56)']
2026-01-13 02:56:40,851 - INFO - tesseract alt3 结果: COxB
2026-01-13 02:56:40,912 - INFO - easyocr alt4 结果: ['C6xB(0.30)']
2026-01-13 02:56:41,005 - INFO - tesseract alt4 结果: COXB
2026-01-13 02:56:41,065 - INFO - easyocr alt5 结果: ['CGxB(0.26)']
2026-01-13 02:56:41,161 - INFO - tesseract alt5 结果: COxB
2026-01-13 02:56:41,161 - INFO - 最终验证码识别结果: CGxB (engine=easyocr_alt3, prob=0.5568939476293755)
2026-01-13 02:56:41,161 - INFO - 查找验证码输入框...
2026-01-13 02:56:41,218 - INFO - 验证码填写完成
2026-01-13 02:56:41,218 - INFO - 验证码填写完成，点击登录按钮...
2026-01-13 02:56:41,219 - INFO - 查找并点击登录按钮...
2026-01-13 02:56:41,593 - INFO - 已点击登录按钮
2026-01-13 02:56:48,614 - INFO - 开始填写登录表单...
2026-01-13 02:56:48,676 - INFO - 用户名填写完成
2026-01-13 02:56:48,737 - INFO - 密码填写完成
2026-01-13 02:56:48,738 - INFO - 验证码图片已保存到 /home/runner/work/nju_electric_monitor/nju_electric_monitor/src/../data/captcha_debug.png
2026-01-13 02:56:48,738 - INFO - 验证码识别尝试 15/30
2026-01-13 02:56:48,738 - INFO - 开始识别验证码...（easyocr + pytesseract）
2026-01-13 02:56:48,844 - INFO - easyocr 结果: ['CGxB(0.42)']
2026-01-13 02:56:48,933 - INFO - tesseract 结果: c6xB
2026-01-13 02:56:48,995 - INFO - easyocr alt1 结果: ['CGxB(0.52)']
2026-01-13 02:56:49,096 - INFO - tesseract alt1 结果: COxB
2026-01-13 02:56:49,166 - INFO - easyocr alt2 结果: ['CGx8(0.49)']
2026-01-13 02:56:49,262 - INFO - tesseract alt2 结果: COxB
2026-01-13 02:56:49,424 - INFO - easyocr alt3 结果: ['CGxB(0.56)']
2026-01-13 02:56:49,535 - INFO - tesseract alt3 结果: COxB
2026-01-13 02:56:49,596 - INFO - easyocr alt4 结果: ['C6xB(0.30)']
2026-01-13 02:56:49,687 - INFO - tesseract alt4 结果: COXB
2026-01-13 02:56:49,748 - INFO - easyocr alt5 结果: ['CGxB(0.26)']
2026-01-13 02:56:49,842 - INFO - tesseract alt5 结果: COxB
2026-01-13 02:56:49,842 - INFO - 最终验证码识别结果: CGxB (engine=easyocr_alt3, prob=0.5568939476293755)
2026-01-13 02:56:49,843 - INFO - 查找验证码输入框...
2026-01-13 02:56:49,901 - INFO - 验证码填写完成
2026-01-13 02:56:49,901 - INFO - 验证码填写完成，点击登录按钮...
2026-01-13 02:56:49,901 - INFO - 查找并点击登录按钮...
2026-01-13 02:56:50,274 - INFO - 已点击登录按钮
2026-01-13 02:56:57,294 - INFO - 开始填写登录表单...
2026-01-13 02:56:57,354 - INFO - 用户名填写完成
2026-01-13 02:56:57,412 - INFO - 密码填写完成
2026-01-13 02:56:57,412 - INFO - 验证码图片已保存到 /home/runner/work/nju_electric_monitor/nju_electric_monitor/src/../data/captcha_debug.png
2026-01-13 02:56:57,412 - INFO - 验证码识别尝试 16/30
2026-01-13 02:56:57,412 - INFO - 开始识别验证码...（easyocr + pytesseract）
2026-01-13 02:56:57,525 - INFO - easyocr 结果: ['CGxB(0.42)']
2026-01-13 02:56:57,616 - INFO - tesseract 结果: c6xB
2026-01-13 02:56:57,678 - INFO - easyocr alt1 结果: ['CGxB(0.52)']
2026-01-13 02:56:57,772 - INFO - tesseract alt1 结果: COxB
2026-01-13 02:56:57,833 - INFO - easyocr alt2 结果: ['CGx8(0.49)']
2026-01-13 02:56:57,926 - INFO - tesseract alt2 结果: COxB
2026-01-13 02:56:58,088 - INFO - easyocr alt3 结果: ['CGxB(0.56)']
2026-01-13 02:56:58,194 - INFO - tesseract alt3 结果: COxB
2026-01-13 02:56:58,255 - INFO - easyocr alt4 结果: ['C6xB(0.30)']
2026-01-13 02:56:58,347 - INFO - tesseract alt4 结果: COXB
2026-01-13 02:56:58,408 - INFO - easyocr alt5 结果: ['CGxB(0.26)']
2026-01-13 02:56:58,505 - INFO - tesseract alt5 结果: COxB
2026-01-13 02:56:58,505 - INFO - 最终验证码识别结果: CGxB (engine=easyocr_alt3, prob=0.5568939476293755)
2026-01-13 02:56:58,505 - INFO - 查找验证码输入框...
2026-01-13 02:56:58,559 - INFO - 验证码填写完成
2026-01-13 02:56:58,559 - INFO - 验证码填写完成，点击登录按钮...
2026-01-13 02:56:58,559 - INFO - 查找并点击登录按钮...
2026-01-13 02:56:58,615 - INFO - 已点击登录按钮
2026-01-13 02:57:05,635 - INFO - 开始填写登录表单...
2026-01-13 02:57:05,694 - INFO - 用户名填写完成
2026-01-13 02:57:05,749 - INFO - 密码填写完成
2026-01-13 02:57:05,750 - INFO - 验证码图片已保存到 /home/runner/work/nju_electric_monitor/nju_electric_monitor/src/../data/captcha_debug.png
2026-01-13 02:57:05,750 - INFO - 验证码识别尝试 17/30
2026-01-13 02:57:05,750 - INFO - 开始识别验证码...（easyocr + pytesseract）
2026-01-13 02:57:05,850 - INFO - easyocr 结果: ['CGxB(0.42)']
2026-01-13 02:57:05,942 - INFO - tesseract 结果: c6xB
2026-01-13 02:57:06,004 - INFO - easyocr alt1 结果: ['CGxB(0.52)']
2026-01-13 02:57:06,100 - INFO - tesseract alt1 结果: COxB
2026-01-13 02:57:06,160 - INFO - easyocr alt2 结果: ['CGx8(0.49)']
2026-01-13 02:57:06,255 - INFO - tesseract alt2 结果: COxB
2026-01-13 02:57:06,416 - INFO - easyocr alt3 结果: ['CGxB(0.56)']
2026-01-13 02:57:06,527 - INFO - tesseract alt3 结果: COxB
2026-01-13 02:57:06,588 - INFO - easyocr alt4 结果: ['C6xB(0.30)']
2026-01-13 02:57:06,682 - INFO - tesseract alt4 结果: COXB
2026-01-13 02:57:06,742 - INFO - easyocr alt5 结果: ['CGxB(0.26)']
2026-01-13 02:57:06,836 - INFO - tesseract alt5 结果: COxB
2026-01-13 02:57:06,836 - INFO - 最终验证码识别结果: CGxB (engine=easyocr_alt3, prob=0.5568939476293755)
2026-01-13 02:57:06,836 - INFO - 查找验证码输入框...
2026-01-13 02:57:06,890 - INFO - 验证码填写完成
2026-01-13 02:57:06,891 - INFO - 验证码填写完成，点击登录按钮...
2026-01-13 02:57:06,891 - INFO - 查找并点击登录按钮...
2026-01-13 02:57:06,947 - INFO - 已点击登录按钮
2026-01-13 02:57:13,966 - INFO - 开始填写登录表单...
2026-01-13 02:57:14,026 - INFO - 用户名填写完成
2026-01-13 02:57:14,083 - INFO - 密码填写完成
2026-01-13 02:57:14,084 - INFO - 验证码图片已保存到 /home/runner/work/nju_electric_monitor/nju_electric_monitor/src/../data/captcha_debug.png
2026-01-13 02:57:14,084 - INFO - 验证码识别尝试 18/30
2026-01-13 02:57:14,084 - INFO - 开始识别验证码...（easyocr + pytesseract）
2026-01-13 02:57:14,191 - INFO - easyocr 结果: ['CGxB(0.42)']
2026-01-13 02:57:14,286 - INFO - tesseract 结果: c6xB
2026-01-13 02:57:14,348 - INFO - easyocr alt1 结果: ['CGxB(0.52)']
2026-01-13 02:57:14,443 - INFO - tesseract alt1 结果: COxB
2026-01-13 02:57:14,514 - INFO - easyocr alt2 结果: ['CGx8(0.49)']
2026-01-13 02:57:14,605 - INFO - tesseract alt2 结果: COxB
2026-01-13 02:57:14,766 - INFO - easyocr alt3 结果: ['CGxB(0.56)']
2026-01-13 02:57:14,879 - INFO - tesseract alt3 结果: COxB
2026-01-13 02:57:14,948 - INFO - easyocr alt4 结果: ['C6xB(0.30)']
2026-01-13 02:57:15,046 - INFO - tesseract alt4 结果: COXB
2026-01-13 02:57:15,107 - INFO - easyocr alt5 结果: ['CGxB(0.26)']
2026-01-13 02:57:15,203 - INFO - tesseract alt5 结果: COxB
2026-01-13 02:57:15,203 - INFO - 最终验证码识别结果: CGxB (engine=easyocr_alt3, prob=0.5568939476293755)
2026-01-13 02:57:15,203 - INFO - 查找验证码输入框...
2026-01-13 02:57:15,257 - INFO - 验证码填写完成
2026-01-13 02:57:15,257 - INFO - 验证码填写完成，点击登录按钮...
2026-01-13 02:57:15,257 - INFO - 查找并点击登录按钮...
2026-01-13 02:57:15,313 - INFO - 已点击登录按钮
2026-01-13 02:57:22,332 - INFO - 开始填写登录表单...
2026-01-13 02:57:22,391 - INFO - 用户名填写完成
2026-01-13 02:57:22,445 - INFO - 密码填写完成
2026-01-13 02:57:22,446 - INFO - 验证码图片已保存到 /home/runner/work/nju_electric_monitor/nju_electric_monitor/src/../data/captcha_debug.png
2026-01-13 02:57:22,446 - INFO - 验证码识别尝试 19/30
2026-01-13 02:57:22,446 - INFO - 开始识别验证码...（easyocr + pytesseract）
2026-01-13 02:57:22,547 - INFO - easyocr 结果: ['CGxB(0.42)']
2026-01-13 02:57:22,639 - INFO - tesseract 结果: c6xB
2026-01-13 02:57:22,701 - INFO - easyocr alt1 结果: ['CGxB(0.52)']
2026-01-13 02:57:22,800 - INFO - tesseract alt1 结果: COxB
2026-01-13 02:57:22,862 - INFO - easyocr alt2 结果: ['CGx8(0.49)']
2026-01-13 02:57:22,955 - INFO - tesseract alt2 结果: COxB
2026-01-13 02:57:23,117 - INFO - easyocr alt3 结果: ['CGxB(0.56)']
2026-01-13 02:57:23,222 - INFO - tesseract alt3 结果: COxB
2026-01-13 02:57:23,284 - INFO - easyocr alt4 结果: ['C6xB(0.30)']
2026-01-13 02:57:23,376 - INFO - tesseract alt4 结果: COXB
2026-01-13 02:57:23,437 - INFO - easyocr alt5 结果: ['CGxB(0.26)']
2026-01-13 02:57:23,532 - INFO - tesseract alt5 结果: COxB
2026-01-13 02:57:23,532 - INFO - 最终验证码识别结果: CGxB (engine=easyocr_alt3, prob=0.5568939476293755)
2026-01-13 02:57:23,532 - INFO - 查找验证码输入框...
2026-01-13 02:57:23,588 - INFO - 验证码填写完成
2026-01-13 02:57:23,588 - INFO - 验证码填写完成，点击登录按钮...
2026-01-13 02:57:23,588 - INFO - 查找并点击登录按钮...
2026-01-13 02:57:23,643 - INFO - 已点击登录按钮
2026-01-13 02:57:30,664 - INFO - 开始填写登录表单...
2026-01-13 02:57:30,723 - INFO - 用户名填写完成
2026-01-13 02:57:30,779 - INFO - 密码填写完成
2026-01-13 02:57:30,780 - INFO - 验证码图片已保存到 /home/runner/work/nju_electric_monitor/nju_electric_monitor/src/../data/captcha_debug.png
2026-01-13 02:57:30,780 - INFO - 验证码识别尝试 20/30
2026-01-13 02:57:30,780 - INFO - 开始识别验证码...（easyocr + pytesseract）
2026-01-13 02:57:30,881 - INFO - easyocr 结果: ['CGxB(0.42)']
2026-01-13 02:57:30,974 - INFO - tesseract 结果: c6xB
2026-01-13 02:57:31,036 - INFO - easyocr alt1 结果: ['CGxB(0.52)']
2026-01-13 02:57:31,132 - INFO - tesseract alt1 结果: COxB
2026-01-13 02:57:31,192 - INFO - easyocr alt2 结果: ['CGx8(0.49)']
2026-01-13 02:57:31,285 - INFO - tesseract alt2 结果: COxB
2026-01-13 02:57:31,446 - INFO - easyocr alt3 结果: ['CGxB(0.56)']
2026-01-13 02:57:31,555 - INFO - tesseract alt3 结果: COxB
2026-01-13 02:57:31,616 - INFO - easyocr alt4 结果: ['C6xB(0.30)']
2026-01-13 02:57:31,714 - INFO - tesseract alt4 结果: COXB
2026-01-13 02:57:31,775 - INFO - easyocr alt5 结果: ['CGxB(0.26)']
2026-01-13 02:57:31,868 - INFO - tesseract alt5 结果: COxB
2026-01-13 02:57:31,868 - INFO - 最终验证码识别结果: CGxB (engine=easyocr_alt3, prob=0.5568939476293755)
2026-01-13 02:57:31,868 - INFO - 查找验证码输入框...
2026-01-13 02:57:31,923 - INFO - 验证码填写完成
2026-01-13 02:57:31,923 - INFO - 验证码填写完成，点击登录按钮...
2026-01-13 02:57:31,923 - INFO - 查找并点击登录按钮...
2026-01-13 02:57:31,978 - INFO - 已点击登录按钮
2026-01-13 02:57:38,997 - INFO - 开始填写登录表单...
2026-01-13 02:57:39,056 - INFO - 用户名填写完成
2026-01-13 02:57:39,112 - INFO - 密码填写完成
2026-01-13 02:57:39,113 - INFO - 验证码图片已保存到 /home/runner/work/nju_electric_monitor/nju_electric_monitor/src/../data/captcha_debug.png
2026-01-13 02:57:39,113 - INFO - 验证码识别尝试 21/30
2026-01-13 02:57:39,113 - INFO - 开始识别验证码...（easyocr + pytesseract）
2026-01-13 02:57:39,214 - INFO - easyocr 结果: ['CGxB(0.42)']
2026-01-13 02:57:39,306 - INFO - tesseract 结果: c6xB
2026-01-13 02:57:39,368 - INFO - easyocr alt1 结果: ['CGxB(0.52)']
2026-01-13 02:57:39,463 - INFO - tesseract alt1 结果: COxB
2026-01-13 02:57:39,526 - INFO - easyocr alt2 结果: ['CGx8(0.49)']
2026-01-13 02:57:39,624 - INFO - tesseract alt2 结果: COxB
2026-01-13 02:57:39,787 - INFO - easyocr alt3 结果: ['CGxB(0.56)']
2026-01-13 02:57:39,891 - INFO - tesseract alt3 结果: COxB
2026-01-13 02:57:39,955 - INFO - easyocr alt4 结果: ['C6xB(0.30)']
2026-01-13 02:57:40,046 - INFO - tesseract alt4 结果: COXB
2026-01-13 02:57:40,108 - INFO - easyocr alt5 结果: ['CGxB(0.26)']
2026-01-13 02:57:40,202 - INFO - tesseract alt5 结果: COxB
2026-01-13 02:57:40,203 - INFO - 最终验证码识别结果: CGxB (engine=easyocr_alt3, prob=0.5568939476293755)
2026-01-13 02:57:40,203 - INFO - 查找验证码输入框...
2026-01-13 02:57:40,257 - INFO - 验证码填写完成
2026-01-13 02:57:40,257 - INFO - 验证码填写完成，点击登录按钮...
2026-01-13 02:57:40,257 - INFO - 查找并点击登录按钮...
2026-01-13 02:57:40,313 - INFO - 已点击登录按钮
2026-01-13 02:57:47,332 - INFO - 开始填写登录表单...
2026-01-13 02:57:47,391 - INFO - 用户名填写完成
2026-01-13 02:57:47,447 - INFO - 密码填写完成
2026-01-13 02:57:47,448 - INFO - 验证码图片已保存到 /home/runner/work/nju_electric_monitor/nju_electric_monitor/src/../data/captcha_debug.png
2026-01-13 02:57:47,448 - INFO - 验证码识别尝试 22/30
2026-01-13 02:57:47,448 - INFO - 开始识别验证码...（easyocr + pytesseract）
2026-01-13 02:57:47,557 - INFO - easyocr 结果: ['CGxB(0.42)']
2026-01-13 02:57:47,647 - INFO - tesseract 结果: c6xB
2026-01-13 02:57:47,709 - INFO - easyocr alt1 结果: ['CGxB(0.52)']
2026-01-13 02:57:47,809 - INFO - tesseract alt1 结果: COxB
2026-01-13 02:57:47,870 - INFO - easyocr alt2 结果: ['CGx8(0.49)']
2026-01-13 02:57:47,963 - INFO - tesseract alt2 结果: COxB
2026-01-13 02:57:48,138 - INFO - easyocr alt3 结果: ['CGxB(0.56)']
2026-01-13 02:57:48,243 - INFO - tesseract alt3 结果: COxB
2026-01-13 02:57:48,311 - INFO - easyocr alt4 结果: ['C6xB(0.30)']
2026-01-13 02:57:48,403 - INFO - tesseract alt4 结果: COXB
2026-01-13 02:57:48,463 - INFO - easyocr alt5 结果: ['CGxB(0.26)']
2026-01-13 02:57:48,559 - INFO - tesseract alt5 结果: COxB
2026-01-13 02:57:48,559 - INFO - 最终验证码识别结果: CGxB (engine=easyocr_alt3, prob=0.5568939476293755)
2026-01-13 02:57:48,559 - INFO - 查找验证码输入框...
2026-01-13 02:57:48,614 - INFO - 验证码填写完成
2026-01-13 02:57:48,614 - INFO - 验证码填写完成，点击登录按钮...
2026-01-13 02:57:48,614 - INFO - 查找并点击登录按钮...
2026-01-13 02:57:49,002 - INFO - 已点击登录按钮
2026-01-13 02:57:56,022 - INFO - 开始填写登录表单...
2026-01-13 02:57:56,080 - INFO - 用户名填写完成
2026-01-13 02:57:56,137 - INFO - 密码填写完成
2026-01-13 02:57:56,137 - INFO - 验证码图片已保存到 /home/runner/work/nju_electric_monitor/nju_electric_monitor/src/../data/captcha_debug.png
2026-01-13 02:57:56,138 - INFO - 验证码识别尝试 23/30
2026-01-13 02:57:56,138 - INFO - 开始识别验证码...（easyocr + pytesseract）
2026-01-13 02:57:56,239 - INFO - easyocr 结果: ['CGxB(0.42)']
2026-01-13 02:57:56,335 - INFO - tesseract 结果: c6xB
2026-01-13 02:57:56,398 - INFO - easyocr alt1 结果: ['CGxB(0.52)']
2026-01-13 02:57:56,492 - INFO - tesseract alt1 结果: COxB
2026-01-13 02:57:56,554 - INFO - easyocr alt2 结果: ['CGx8(0.49)']
2026-01-13 02:57:56,652 - INFO - tesseract alt2 结果: COxB
2026-01-13 02:57:56,813 - INFO - easyocr alt3 结果: ['CGxB(0.56)']
2026-01-13 02:57:56,919 - INFO - tesseract alt3 结果: COxB
2026-01-13 02:57:56,981 - INFO - easyocr alt4 结果: ['C6xB(0.30)']
2026-01-13 02:57:57,074 - INFO - tesseract alt4 结果: COXB
2026-01-13 02:57:57,135 - INFO - easyocr alt5 结果: ['CGxB(0.26)']
2026-01-13 02:57:57,228 - INFO - tesseract alt5 结果: COxB
2026-01-13 02:57:57,228 - INFO - 最终验证码识别结果: CGxB (engine=easyocr_alt3, prob=0.5568939476293755)
2026-01-13 02:57:57,228 - INFO - 查找验证码输入框...
2026-01-13 02:57:57,282 - INFO - 验证码填写完成
2026-01-13 02:57:57,282 - INFO - 验证码填写完成，点击登录按钮...
2026-01-13 02:57:57,282 - INFO - 查找并点击登录按钮...
2026-01-13 02:57:57,717 - INFO - 已点击登录按钮
2026-01-13 02:58:04,738 - INFO - 开始填写登录表单...
2026-01-13 02:58:04,796 - INFO - 用户名填写完成
2026-01-13 02:58:04,854 - INFO - 密码填写完成
2026-01-13 02:58:04,855 - INFO - 验证码图片已保存到 /home/runner/work/nju_electric_monitor/nju_electric_monitor/src/../data/captcha_debug.png
2026-01-13 02:58:04,855 - INFO - 验证码识别尝试 24/30
2026-01-13 02:58:04,855 - INFO - 开始识别验证码...（easyocr + pytesseract）
2026-01-13 02:58:04,968 - INFO - easyocr 结果: ['CGxB(0.42)']
2026-01-13 02:58:05,061 - INFO - tesseract 结果: c6xB
2026-01-13 02:58:05,133 - INFO - easyocr alt1 结果: ['CGxB(0.52)']
2026-01-13 02:58:05,229 - INFO - tesseract alt1 结果: COxB
2026-01-13 02:58:05,304 - INFO - easyocr alt2 结果: ['CGx8(0.49)']
2026-01-13 02:58:05,398 - INFO - tesseract alt2 结果: COxB
2026-01-13 02:58:05,559 - INFO - easyocr alt3 结果: ['CGxB(0.56)']
2026-01-13 02:58:05,672 - INFO - tesseract alt3 结果: COxB
2026-01-13 02:58:05,733 - INFO - easyocr alt4 结果: ['C6xB(0.30)']
2026-01-13 02:58:05,827 - INFO - tesseract alt4 结果: COXB
2026-01-13 02:58:05,888 - INFO - easyocr alt5 结果: ['CGxB(0.26)']
2026-01-13 02:58:05,983 - INFO - tesseract alt5 结果: COxB
2026-01-13 02:58:05,983 - INFO - 最终验证码识别结果: CGxB (engine=easyocr_alt3, prob=0.5568939476293755)
2026-01-13 02:58:05,983 - INFO - 查找验证码输入框...
2026-01-13 02:58:06,038 - INFO - 验证码填写完成
2026-01-13 02:58:06,038 - INFO - 验证码填写完成，点击登录按钮...
2026-01-13 02:58:06,038 - INFO - 查找并点击登录按钮...
2026-01-13 02:58:06,407 - INFO - 已点击登录按钮
2026-01-13 02:58:13,426 - INFO - 开始填写登录表单...
2026-01-13 02:58:13,485 - INFO - 用户名填写完成
2026-01-13 02:58:13,541 - INFO - 密码填写完成
2026-01-13 02:58:13,542 - INFO - 验证码图片已保存到 /home/runner/work/nju_electric_monitor/nju_electric_monitor/src/../data/captcha_debug.png
2026-01-13 02:58:13,542 - INFO - 验证码识别尝试 25/30
2026-01-13 02:58:13,542 - INFO - 开始识别验证码...（easyocr + pytesseract）
2026-01-13 02:58:13,653 - INFO - easyocr 结果: ['CGxB(0.42)']
2026-01-13 02:58:13,745 - INFO - tesseract 结果: c6xB
2026-01-13 02:58:13,807 - INFO - easyocr alt1 结果: ['CGxB(0.52)']
2026-01-13 02:58:13,906 - INFO - tesseract alt1 结果: COxB
2026-01-13 02:58:13,966 - INFO - easyocr alt2 结果: ['CGx8(0.49)']
2026-01-13 02:58:14,061 - INFO - tesseract alt2 结果: COxB
2026-01-13 02:58:14,222 - INFO - easyocr alt3 结果: ['CGxB(0.56)']
2026-01-13 02:58:14,330 - INFO - tesseract alt3 结果: COxB
2026-01-13 02:58:14,390 - INFO - easyocr alt4 结果: ['C6xB(0.30)']
2026-01-13 02:58:14,481 - INFO - tesseract alt4 结果: COXB
2026-01-13 02:58:14,541 - INFO - easyocr alt5 结果: ['CGxB(0.26)']
2026-01-13 02:58:14,635 - INFO - tesseract alt5 结果: COxB
2026-01-13 02:58:14,635 - INFO - 最终验证码识别结果: CGxB (engine=easyocr_alt3, prob=0.5568939476293755)
2026-01-13 02:58:14,635 - INFO - 查找验证码输入框...
2026-01-13 02:58:14,690 - INFO - 验证码填写完成
2026-01-13 02:58:14,690 - INFO - 验证码填写完成，点击登录按钮...
2026-01-13 02:58:14,690 - INFO - 查找并点击登录按钮...
2026-01-13 02:58:14,745 - INFO - 已点击登录按钮
2026-01-13 02:58:21,765 - INFO - 开始填写登录表单...
2026-01-13 02:58:21,824 - INFO - 用户名填写完成
2026-01-13 02:58:21,881 - INFO - 密码填写完成
2026-01-13 02:58:21,882 - INFO - 验证码图片已保存到 /home/runner/work/nju_electric_monitor/nju_electric_monitor/src/../data/captcha_debug.png
2026-01-13 02:58:21,882 - INFO - 验证码识别尝试 26/30
2026-01-13 02:58:21,882 - INFO - 开始识别验证码...（easyocr + pytesseract）
2026-01-13 02:58:21,983 - INFO - easyocr 结果: ['CGxB(0.42)']
2026-01-13 02:58:22,078 - INFO - tesseract 结果: c6xB
2026-01-13 02:58:22,152 - INFO - easyocr alt1 结果: ['CGxB(0.52)']
2026-01-13 02:58:22,245 - INFO - tesseract alt1 结果: COxB
2026-01-13 02:58:22,305 - INFO - easyocr alt2 结果: ['CGx8(0.49)']
2026-01-13 02:58:22,400 - INFO - tesseract alt2 结果: COxB
2026-01-13 02:58:22,568 - INFO - easyocr alt3 结果: ['CGxB(0.56)']
2026-01-13 02:58:22,674 - INFO - tesseract alt3 结果: COxB
2026-01-13 02:58:22,735 - INFO - easyocr alt4 结果: ['C6xB(0.30)']
2026-01-13 02:58:22,829 - INFO - tesseract alt4 结果: COXB
2026-01-13 02:58:22,890 - INFO - easyocr alt5 结果: ['CGxB(0.26)']
2026-01-13 02:58:22,989 - INFO - tesseract alt5 结果: COxB
2026-01-13 02:58:22,989 - INFO - 最终验证码识别结果: CGxB (engine=easyocr_alt3, prob=0.5568939476293755)
2026-01-13 02:58:22,989 - INFO - 查找验证码输入框...
2026-01-13 02:58:23,044 - INFO - 验证码填写完成
2026-01-13 02:58:23,044 - INFO - 验证码填写完成，点击登录按钮...
2026-01-13 02:58:23,044 - INFO - 查找并点击登录按钮...
2026-01-13 02:58:23,428 - INFO - 已点击登录按钮
2026-01-13 02:58:30,448 - INFO - 开始填写登录表单...
2026-01-13 02:58:30,507 - INFO - 用户名填写完成
2026-01-13 02:58:30,563 - INFO - 密码填写完成
2026-01-13 02:58:30,564 - INFO - 验证码图片已保存到 /home/runner/work/nju_electric_monitor/nju_electric_monitor/src/../data/captcha_debug.png
2026-01-13 02:58:30,564 - INFO - 验证码识别尝试 27/30
2026-01-13 02:58:30,564 - INFO - 开始识别验证码...（easyocr + pytesseract）
2026-01-13 02:58:30,671 - INFO - easyocr 结果: ['CGxB(0.42)']
2026-01-13 02:58:30,767 - INFO - tesseract 结果: c6xB
2026-01-13 02:58:30,829 - INFO - easyocr alt1 结果: ['CGxB(0.52)']
2026-01-13 02:58:30,924 - INFO - tesseract alt1 结果: COxB
2026-01-13 02:58:30,986 - INFO - easyocr alt2 结果: ['CGx8(0.49)']
2026-01-13 02:58:31,079 - INFO - tesseract alt2 结果: COxB
2026-01-13 02:58:31,241 - INFO - easyocr alt3 结果: ['CGxB(0.56)']
2026-01-13 02:58:31,350 - INFO - tesseract alt3 结果: COxB
2026-01-13 02:58:31,411 - INFO - easyocr alt4 结果: ['C6xB(0.30)']
2026-01-13 02:58:31,507 - INFO - tesseract alt4 结果: COXB
2026-01-13 02:58:31,568 - INFO - easyocr alt5 结果: ['CGxB(0.26)']
2026-01-13 02:58:31,669 - INFO - tesseract alt5 结果: COxB
2026-01-13 02:58:31,669 - INFO - 最终验证码识别结果: CGxB (engine=easyocr_alt3, prob=0.5568939476293755)
2026-01-13 02:58:31,669 - INFO - 查找验证码输入框...
2026-01-13 02:58:31,723 - INFO - 验证码填写完成
2026-01-13 02:58:31,723 - INFO - 验证码填写完成，点击登录按钮...
2026-01-13 02:58:31,723 - INFO - 查找并点击登录按钮...
2026-01-13 02:58:31,780 - INFO - 已点击登录按钮
2026-01-13 02:58:38,800 - INFO - 开始填写登录表单...
2026-01-13 02:58:38,859 - INFO - 用户名填写完成
2026-01-13 02:58:38,917 - INFO - 密码填写完成
2026-01-13 02:58:38,918 - INFO - 验证码图片已保存到 /home/runner/work/nju_electric_monitor/nju_electric_monitor/src/../data/captcha_debug.png
2026-01-13 02:58:38,918 - INFO - 验证码识别尝试 28/30
2026-01-13 02:58:38,918 - INFO - 开始识别验证码...（easyocr + pytesseract）
2026-01-13 02:58:39,018 - INFO - easyocr 结果: ['CGxB(0.42)']
2026-01-13 02:58:39,109 - INFO - tesseract 结果: c6xB
2026-01-13 02:58:39,170 - INFO - easyocr alt1 结果: ['CGxB(0.52)']
2026-01-13 02:58:39,267 - INFO - tesseract alt1 结果: COxB
2026-01-13 02:58:39,330 - INFO - easyocr alt2 结果: ['CGx8(0.49)']
2026-01-13 02:58:39,427 - INFO - tesseract alt2 结果: COxB
2026-01-13 02:58:39,588 - INFO - easyocr alt3 结果: ['CGxB(0.56)']
2026-01-13 02:58:39,695 - INFO - tesseract alt3 结果: COxB
2026-01-13 02:58:39,755 - INFO - easyocr alt4 结果: ['C6xB(0.30)']
2026-01-13 02:58:39,848 - INFO - tesseract alt4 结果: COXB
2026-01-13 02:58:39,908 - INFO - easyocr alt5 结果: ['CGxB(0.26)']
2026-01-13 02:58:40,011 - INFO - tesseract alt5 结果: COxB
2026-01-13 02:58:40,011 - INFO - 最终验证码识别结果: CGxB (engine=easyocr_alt3, prob=0.5568939476293755)
2026-01-13 02:58:40,011 - INFO - 查找验证码输入框...
2026-01-13 02:58:40,065 - INFO - 验证码填写完成
2026-01-13 02:58:40,065 - INFO - 验证码填写完成，点击登录按钮...
2026-01-13 02:58:40,066 - INFO - 查找并点击登录按钮...
2026-01-13 02:58:40,477 - INFO - 已点击登录按钮
2026-01-13 02:58:47,497 - INFO - 开始填写登录表单...
2026-01-13 02:58:47,556 - INFO - 用户名填写完成
2026-01-13 02:58:47,611 - INFO - 密码填写完成
2026-01-13 02:58:47,612 - INFO - 验证码图片已保存到 /home/runner/work/nju_electric_monitor/nju_electric_monitor/src/../data/captcha_debug.png
2026-01-13 02:58:47,612 - INFO - 验证码识别尝试 29/30
2026-01-13 02:58:47,612 - INFO - 开始识别验证码...（easyocr + pytesseract）
2026-01-13 02:58:47,715 - INFO - easyocr 结果: ['CGxB(0.42)']
2026-01-13 02:58:47,806 - INFO - tesseract 结果: c6xB
2026-01-13 02:58:47,869 - INFO - easyocr alt1 结果: ['CGxB(0.52)']
2026-01-13 02:58:47,964 - INFO - tesseract alt1 结果: COxB
2026-01-13 02:58:48,025 - INFO - easyocr alt2 结果: ['CGx8(0.49)']
2026-01-13 02:58:48,123 - INFO - tesseract alt2 结果: COxB
2026-01-13 02:58:48,283 - INFO - easyocr alt3 结果: ['CGxB(0.56)']
2026-01-13 02:58:48,389 - INFO - tesseract alt3 结果: COxB
2026-01-13 02:58:48,449 - INFO - easyocr alt4 结果: ['C6xB(0.30)']
2026-01-13 02:58:48,545 - INFO - tesseract alt4 结果: COXB
2026-01-13 02:58:48,605 - INFO - easyocr alt5 结果: ['CGxB(0.26)']
2026-01-13 02:58:48,704 - INFO - tesseract alt5 结果: COxB
2026-01-13 02:58:48,704 - INFO - 最终验证码识别结果: CGxB (engine=easyocr_alt3, prob=0.5568939476293755)
2026-01-13 02:58:48,704 - INFO - 查找验证码输入框...
2026-01-13 02:58:48,759 - INFO - 验证码填写完成
2026-01-13 02:58:48,759 - INFO - 验证码填写完成，点击登录按钮...
2026-01-13 02:58:48,759 - INFO - 查找并点击登录按钮...
2026-01-13 02:58:48,814 - INFO - 已点击登录按钮
2026-01-13 02:58:55,833 - INFO - 开始填写登录表单...
2026-01-13 02:58:55,893 - INFO - 用户名填写完成
2026-01-13 02:58:55,950 - INFO - 密码填写完成
2026-01-13 02:58:55,951 - INFO - 验证码图片已保存到 /home/runner/work/nju_electric_monitor/nju_electric_monitor/src/../data/captcha_debug.png
2026-01-13 02:58:55,951 - INFO - 验证码识别尝试 30/30
2026-01-13 02:58:55,951 - INFO - 开始识别验证码...（easyocr + pytesseract）
2026-01-13 02:58:56,052 - INFO - easyocr 结果: ['CGxB(0.42)']
2026-01-13 02:58:56,145 - INFO - tesseract 结果: c6xB
2026-01-13 02:58:56,206 - INFO - easyocr alt1 结果: ['CGxB(0.52)']
2026-01-13 02:58:56,300 - INFO - tesseract alt1 结果: COxB
2026-01-13 02:58:56,361 - INFO - easyocr alt2 结果: ['CGx8(0.49)']
2026-01-13 02:58:56,461 - INFO - tesseract alt2 结果: COxB
2026-01-13 02:58:56,622 - INFO - easyocr alt3 结果: ['CGxB(0.56)']
2026-01-13 02:58:56,727 - INFO - tesseract alt3 结果: COxB
2026-01-13 02:58:56,787 - INFO - easyocr alt4 结果: ['C6xB(0.30)']
2026-01-13 02:58:56,885 - INFO - tesseract alt4 结果: COXB
2026-01-13 02:58:56,945 - INFO - easyocr alt5 结果: ['CGxB(0.26)']
2026-01-13 02:58:57,039 - INFO - tesseract alt5 结果: COxB
2026-01-13 02:58:57,039 - INFO - 最终验证码识别结果: CGxB (engine=easyocr_alt3, prob=0.5568939476293755)
2026-01-13 02:58:57,039 - INFO - 查找验证码输入框...
2026-01-13 02:58:57,092 - INFO - 验证码填写完成
2026-01-13 02:58:57,093 - INFO - 验证码填写完成，点击登录按钮...
2026-01-13 02:58:57,093 - INFO - 查找并点击登录按钮...
2026-01-13 02:58:57,148 - INFO - 已点击登录按钮
2026-01-13 02:59:04,168 - WARNING - 自动验证码识别失败，请手动输入
请手动输入验证码: 2026-01-13 02:59:04,168 - ERROR - 处理验证码时出错: EOF when reading a line
2026-01-13 02:59:04,168 - WARNING - 验证码处理失败，但继续尝试登录
2026-01-13 02:59:04,168 - INFO - 查找并点击登录按钮...
2026-01-13 02:59:04,224 - INFO - 已点击登录按钮
2026-01-13 02:59:09,224 - INFO - 等待登录成功...
2026-01-13 02:59:14,229 - INFO - 登录可能成功，继续下一步...
2026-01-13 02:59:14,229 - INFO - 查找'去充值'按钮...
2026-01-13 02:59:14,291 - INFO - 已点击充值按钮
2026-01-13 02:59:17,291 - INFO - 开始提取剩余电量信息...
2026-01-13 02:59:17,296 - INFO - 页面源码已保存到 /home/runner/work/nju_electric_monitor/nju_electric_monitor/src/../data/debug_page_source.html
2026-01-13 02:59:17,305 - WARNING - 未找到电量信息元素，尝试其他方法...
2026-01-13 02:59:17,313 - WARNING - 未找到i标签中的电量信息，尝试其他方法...
2026-01-13 02:59:17,317 - INFO - 在页面源码中查找电量信息...
2026-01-13 02:59:17,328 - WARNING - 未能提取到剩余电量信息
2026-01-13 02:59:17,328 - WARNING - 没有电量数据可保存
2026-01-13 02:59:17,328 - INFO - 监控流程完成
Wrapper end: 2026-01-13T10:59:17.448711+08:00
