Wrapper start: 2025-12-05T21:29:34.849894+08:00

=== ENVIRONMENT SUMMARY ===
Environment variable keys (count=118):
- ACCEPT_EULA
- ACTIONS_RUNNER_ACTION_ARCHIVE_CACHE
- AGENT_TOOLSDIRECTORY
- ANDROID_HOME
- ANDROID_NDK
- ANDROID_NDK_HOME
- ANDROID_NDK_LATEST_HOME
- ANDROID_NDK_ROOT
- ANDROID_SDK_ROOT
- ANT_HOME
NJU_USERNAME set: yes
NJU_PASSWORD set: yes

=== DISK USAGE (df -h) ===
Filesystem      Size  Used Avail Use% Mounted on
/dev/root        72G   68G  4.1G  95% /
tmpfs           7.9G   84K  7.9G   1% /dev/shm
tmpfs           3.2G  3.3M  3.2G   1% /run
tmpfs           5.0M     0  5.0M   0% /run/lock
/dev/sda16      881M   62M  758M   8% /boot
/dev/sda15      105M  6.2M   99M   6% /boot/efi
/dev/sdb1        74G  4.1G   66G   6% /mnt
tmpfs           1.6G   12K  1.6G   1% /run/user/1001


=== KEY DIR SIZES ===
3.8M	/home/runner/work/nju_electric_monitor/nju_electric_monitor/src/../logs

244K	/home/runner/work/nju_electric_monitor/nju_electric_monitor/src/../data

101M	/home/runner/work/nju_electric_monitor/nju_electric_monitor/src/../models


=== CONFIG_WORKFLOW SUMMARY ===
{
  "username": "",
  "password": "",
  "auto_login": true,
  "headless_mode": true,
  "captcha_retry_count": 30,
  "captcha_confidence_threshold": 0.3,
  "save_captcha_images": true,
  "log_level": "INFO"
}

=== FONT DIAGNOSTICS ===
Found system fonts (ttf) count: 59
- /usr/share/fonts/truetype/liberation/LiberationMono-Bold.ttf
- /usr/share/fonts/truetype/liberation/LiberationSans-Bold.ttf
- /usr/share/fonts/truetype/dejavu/DejaVuSerifCondensed-Italic.ttf
- /usr/share/fonts/opentype/noto/NotoSerifCJK-Regular.ttc
- /usr/share/fonts/opentype/noto/NotoSansCJK-Regular.ttc
- /usr/share/fonts/truetype/dejavu/DejaVuSerifCondensed-BoldItalic.ttf
- /usr/share/fonts/truetype/lato/Lato-Light.ttf
- /usr/share/fonts/truetype/dejavu/DejaVuSansMono-Bold.ttf
- /usr/share/fonts/truetype/lato/Lato-Regular.ttf
- /usr/share/fonts/truetype/dejavu/DejaVuSerif-Italic.ttf
- /usr/share/fonts/truetype/lato/Lato-Black.ttf
- /usr/share/fonts/truetype/wqy/wqy-microhei.ttc
- /usr/share/fonts/truetype/dejavu/DejaVuMathTeXGyre.ttf
- /usr/share/fonts/truetype/liberation/LiberationMono-BoldItalic.ttf
- /usr/share/fonts/truetype/dejavu/DejaVuSansCondensed.ttf
- /usr/share/fonts/truetype/lato/Lato-Thin.ttf
- /usr/share/fonts/truetype/lato/Lato-ThinItalic.ttf
- /usr/share/fonts/truetype/liberation/LiberationSans-Italic.ttf
- /usr/share/fonts/truetype/dejavu/DejaVuSansCondensed-Oblique.ttf
- /usr/share/fonts/truetype/dejavu/DejaVuSerif-BoldItalic.ttf
- /usr/share/fonts/truetype/liberation/LiberationSerif-Bold.ttf
- /usr/share/fonts/truetype/noto/NotoColorEmoji.ttf
- /usr/share/fonts/truetype/lato/Lato-Italic.ttf
- /usr/share/fonts/truetype/dejavu/DejaVuSansCondensed-BoldOblique.ttf
- /usr/share/fonts/truetype/dejavu/DejaVuSans-Bold.ttf
- /usr/share/fonts/truetype/lato/Lato-BoldItalic.ttf
- /usr/share/fonts/truetype/liberation/LiberationSerif-Italic.ttf
- /usr/share/fonts/truetype/liberation/LiberationSerif-Regular.ttf
- /usr/share/fonts/truetype/liberation/LiberationMono-Italic.ttf
- /usr/share/fonts/truetype/dejavu/DejaVuSerifCondensed.ttf
- /usr/share/fonts/truetype/lato/Lato-SemiboldItalic.ttf
- /usr/share/fonts/truetype/dejavu/DejaVuSans-ExtraLight.ttf
- /usr/share/fonts/truetype/lato/Lato-HairlineItalic.ttf
- /usr/share/fonts/truetype/lato/Lato-HeavyItalic.ttf
- /usr/share/fonts/truetype/dejavu/DejaVuSansMono-Oblique.ttf
- /usr/share/fonts/truetype/dejavu/DejaVuSans-BoldOblique.ttf
- /usr/share/fonts/truetype/lato/Lato-MediumItalic.ttf
- /usr/share/fonts/truetype/dejavu/DejaVuSansMono-BoldOblique.ttf
- /usr/share/fonts/truetype/lato/Lato-Hairline.ttf
- /usr/share/fonts/truetype/liberation/LiberationSans-BoldItalic.ttf
- /usr/share/fonts/truetype/lato/Lato-Semibold.ttf
- /usr/share/fonts/truetype/dejavu/DejaVuSansMono.ttf
- /usr/share/fonts/truetype/dejavu/DejaVuSans-Oblique.ttf
- /usr/share/fonts/opentype/noto/NotoSansCJK-Bold.ttc
- /usr/share/fonts/truetype/dejavu/DejaVuSansCondensed-Bold.ttf
- /usr/share/fonts/truetype/liberation/LiberationSerif-BoldItalic.ttf
- /usr/share/fonts/truetype/dejavu/DejaVuSerif.ttf
- /usr/share/fonts/truetype/lato/Lato-Bold.ttf
- /usr/share/fonts/truetype/dejavu/DejaVuSans.ttf
- /usr/share/fonts/truetype/dejavu/DejaVuSerifCondensed-Bold.ttf

FontManager samples (name -> path):
STIXGeneral -> /opt/hostedtoolcache/Python/3.14.0/x64/lib/python3.14/site-packages/matplotlib/mpl-data/fonts/ttf/STIXGeneralItalic.ttf
STIXGeneral -> /opt/hostedtoolcache/Python/3.14.0/x64/lib/python3.14/site-packages/matplotlib/mpl-data/fonts/ttf/STIXGeneralBol.ttf
STIXSizeFourSym -> /opt/hostedtoolcache/Python/3.14.0/x64/lib/python3.14/site-packages/matplotlib/mpl-data/fonts/ttf/STIXSizFourSymReg.ttf
STIXGeneral -> /opt/hostedtoolcache/Python/3.14.0/x64/lib/python3.14/site-packages/matplotlib/mpl-data/fonts/ttf/STIXGeneral.ttf
STIXSizeFiveSym -> /opt/hostedtoolcache/Python/3.14.0/x64/lib/python3.14/site-packages/matplotlib/mpl-data/fonts/ttf/STIXSizFiveSymReg.ttf
DejaVu Serif -> /opt/hostedtoolcache/Python/3.14.0/x64/lib/python3.14/site-packages/matplotlib/mpl-data/fonts/ttf/DejaVuSerif.ttf
DejaVu Sans Mono -> /opt/hostedtoolcache/Python/3.14.0/x64/lib/python3.14/site-packages/matplotlib/mpl-data/fonts/ttf/DejaVuSansMono-BoldOblique.ttf
DejaVu Sans Display -> /opt/hostedtoolcache/Python/3.14.0/x64/lib/python3.14/site-packages/matplotlib/mpl-data/fonts/ttf/DejaVuSansDisplay.ttf
DejaVu Sans -> /opt/hostedtoolcache/Python/3.14.0/x64/lib/python3.14/site-packages/matplotlib/mpl-data/fonts/ttf/DejaVuSans.ttf
cmsy10 -> /opt/hostedtoolcache/Python/3.14.0/x64/lib/python3.14/site-packages/matplotlib/mpl-data/fonts/ttf/cmsy10.ttf
DejaVu Sans -> /opt/hostedtoolcache/Python/3.14.0/x64/lib/python3.14/site-packages/matplotlib/mpl-data/fonts/ttf/DejaVuSans-BoldOblique.ttf
cmss10 -> /opt/hostedtoolcache/Python/3.14.0/x64/lib/python3.14/site-packages/matplotlib/mpl-data/fonts/ttf/cmss10.ttf
DejaVu Sans -> /opt/hostedtoolcache/Python/3.14.0/x64/lib/python3.14/site-packages/matplotlib/mpl-data/fonts/ttf/DejaVuSans-Bold.ttf
STIXSizeOneSym -> /opt/hostedtoolcache/Python/3.14.0/x64/lib/python3.14/site-packages/matplotlib/mpl-data/fonts/ttf/STIXSizOneSymReg.ttf
STIXNonUnicode -> /opt/hostedtoolcache/Python/3.14.0/x64/lib/python3.14/site-packages/matplotlib/mpl-data/fonts/ttf/STIXNonUni.ttf
cmr10 -> /opt/hostedtoolcache/Python/3.14.0/x64/lib/python3.14/site-packages/matplotlib/mpl-data/fonts/ttf/cmr10.ttf
STIXNonUnicode -> /opt/hostedtoolcache/Python/3.14.0/x64/lib/python3.14/site-packages/matplotlib/mpl-data/fonts/ttf/STIXNonUniBol.ttf
DejaVu Sans Mono -> /opt/hostedtoolcache/Python/3.14.0/x64/lib/python3.14/site-packages/matplotlib/mpl-data/fonts/ttf/DejaVuSansMono.ttf
cmex10 -> /opt/hostedtoolcache/Python/3.14.0/x64/lib/python3.14/site-packages/matplotlib/mpl-data/fonts/ttf/cmex10.ttf
DejaVu Serif -> /opt/hostedtoolcache/Python/3.14.0/x64/lib/python3.14/site-packages/matplotlib/mpl-data/fonts/ttf/DejaVuSerif-Bold.ttf
DejaVu Sans -> /opt/hostedtoolcache/Python/3.14.0/x64/lib/python3.14/site-packages/matplotlib/mpl-data/fonts/ttf/DejaVuSans-Oblique.ttf
STIXSizeTwoSym -> /opt/hostedtoolcache/Python/3.14.0/x64/lib/python3.14/site-packages/matplotlib/mpl-data/fonts/ttf/STIXSizTwoSymReg.ttf
STIXNonUnicode -> /opt/hostedtoolcache/Python/3.14.0/x64/lib/python3.14/site-packages/matplotlib/mpl-data/fonts/ttf/STIXNonUniBolIta.ttf
DejaVu Serif Display -> /opt/hostedtoolcache/Python/3.14.0/x64/lib/python3.14/site-packages/matplotlib/mpl-data/fonts/ttf/DejaVuSerifDisplay.ttf
STIXGeneral -> /opt/hostedtoolcache/Python/3.14.0/x64/lib/python3.14/site-packages/matplotlib/mpl-data/fonts/ttf/STIXGeneralBolIta.ttf
STIXSizeThreeSym -> /opt/hostedtoolcache/Python/3.14.0/x64/lib/python3.14/site-packages/matplotlib/mpl-data/fonts/ttf/STIXSizThreeSymReg.ttf
STIXSizeOneSym -> /opt/hostedtoolcache/Python/3.14.0/x64/lib/python3.14/site-packages/matplotlib/mpl-data/fonts/ttf/STIXSizOneSymBol.ttf
STIXSizeThreeSym -> /opt/hostedtoolcache/Python/3.14.0/x64/lib/python3.14/site-packages/matplotlib/mpl-data/fonts/ttf/STIXSizThreeSymBol.ttf
STIXSizeFourSym -> /opt/hostedtoolcache/Python/3.14.0/x64/lib/python3.14/site-packages/matplotlib/mpl-data/fonts/ttf/STIXSizFourSymBol.ttf
DejaVu Sans Mono -> /opt/hostedtoolcache/Python/3.14.0/x64/lib/python3.14/site-packages/matplotlib/mpl-data/fonts/ttf/DejaVuSansMono-Oblique.ttf
cmmi10 -> /opt/hostedtoolcache/Python/3.14.0/x64/lib/python3.14/site-packages/matplotlib/mpl-data/fonts/ttf/cmmi10.ttf
STIXNonUnicode -> /opt/hostedtoolcache/Python/3.14.0/x64/lib/python3.14/site-packages/matplotlib/mpl-data/fonts/ttf/STIXNonUniIta.ttf
DejaVu Serif -> /opt/hostedtoolcache/Python/3.14.0/x64/lib/python3.14/site-packages/matplotlib/mpl-data/fonts/ttf/DejaVuSerif-BoldItalic.ttf
cmtt10 -> /opt/hostedtoolcache/Python/3.14.0/x64/lib/python3.14/site-packages/matplotlib/mpl-data/fonts/ttf/cmtt10.ttf
DejaVu Serif -> /opt/hostedtoolcache/Python/3.14.0/x64/lib/python3.14/site-packages/matplotlib/mpl-data/fonts/ttf/DejaVuSerif-Italic.ttf
DejaVu Sans Mono -> /opt/hostedtoolcache/Python/3.14.0/x64/lib/python3.14/site-packages/matplotlib/mpl-data/fonts/ttf/DejaVuSansMono-Bold.ttf
STIXSizeTwoSym -> /opt/hostedtoolcache/Python/3.14.0/x64/lib/python3.14/site-packages/matplotlib/mpl-data/fonts/ttf/STIXSizTwoSymBol.ttf
cmb10 -> /opt/hostedtoolcache/Python/3.14.0/x64/lib/python3.14/site-packages/matplotlib/mpl-data/fonts/ttf/cmb10.ttf
Liberation Mono -> /usr/share/fonts/truetype/liberation/LiberationMono-Bold.ttf
Liberation Sans -> /usr/share/fonts/truetype/liberation/LiberationSans-Bold.ttf
DejaVu Serif -> /usr/share/fonts/truetype/dejavu/DejaVuSerifCondensed-Italic.ttf
Noto Serif CJK JP -> /usr/share/fonts/opentype/noto/NotoSerifCJK-Regular.ttc
Noto Sans CJK JP -> /usr/share/fonts/opentype/noto/NotoSansCJK-Regular.ttc
DejaVu Serif -> /usr/share/fonts/truetype/dejavu/DejaVuSerifCondensed-BoldItalic.ttf
Lato -> /usr/share/fonts/truetype/lato/Lato-Light.ttf
DejaVu Sans Mono -> /usr/share/fonts/truetype/dejavu/DejaVuSansMono-Bold.ttf
Lato -> /usr/share/fonts/truetype/lato/Lato-Regular.ttf
DejaVu Serif -> /usr/share/fonts/truetype/dejavu/DejaVuSerif-Italic.ttf
Lato -> /usr/share/fonts/truetype/lato/Lato-Black.ttf
WenQuanYi Micro Hei -> /usr/share/fonts/truetype/wqy/wqy-microhei.ttc

Preferred font find results:
findfont('Microsoft YaHei') failed: Failed to find font Microsoft YaHei:style=normal:variant=normal:weight=normal:stretch=normal:size=10.0, and fallback to the default font was disabled
findfont('Segoe UI') failed: Failed to find font Segoe UI:style=normal:variant=normal:weight=normal:stretch=normal:size=10.0, and fallback to the default font was disabled
findfont('Arial Unicode MS') failed: Failed to find font Arial Unicode MS:style=normal:variant=normal:weight=normal:stretch=normal:size=10.0, and fallback to the default font was disabled
findfont('Noto Sans CJK SC') failed: Failed to find font Noto Sans CJK SC:style=normal:variant=normal:weight=normal:stretch=normal:size=10.0, and fallback to the default font was disabled
findfont('WenQuanYi Micro Hei') -> /usr/share/fonts/truetype/wqy/wqy-microhei.ttc
findfont('WenQuanYi Zen Hei') -> /usr/share/fonts/truetype/wqy/wqy-zenhei.ttc
findfont('DejaVu Sans') -> /opt/hostedtoolcache/Python/3.14.0/x64/lib/python3.14/site-packages/matplotlib/mpl-data/fonts/ttf/DejaVuSans.ttf

fc-list output sample (truncated to 10000 chars):
Liberation Mono - /usr/share/fonts/truetype/liberation/LiberationMono-Bold.ttf
Liberation Serif - /usr/share/fonts/truetype/liberation/LiberationSerif-BoldItalic.ttf
Lato,Lato Hairline - /usr/share/fonts/truetype/lato/Lato-Hairline.ttf
Lato,Lato Heavy - /usr/share/fonts/truetype/lato/Lato-Heavy.ttf
DejaVu Serif,DejaVu Serif Condensed - /usr/share/fonts/truetype/dejavu/DejaVuSerifCondensed-Italic.ttf
Lato,Lato Medium - /usr/share/fonts/truetype/lato/Lato-Medium.ttf
Lato,Lato Light - /usr/share/fonts/truetype/lato/Lato-LightItalic.ttf
WenQuanYi Zen Hei Sharp,文泉驛點陣正黑,文泉驿点阵正黑 - /usr/share/fonts/truetype/wqy/wqy-zenhei.ttc
WenQuanYi Micro Hei Mono,文泉驛等寬微米黑,文泉驿等宽微米黑 - /usr/share/fonts/truetype/wqy/wqy-microhei.ttc
Noto Sans Mono CJK KR - /usr/share/fonts/opentype/noto/NotoSansCJK-Bold.ttc
DejaVu Serif - /usr/share/fonts/truetype/dejavu/DejaVuSerif-Bold.ttf
Noto Sans Mono CJK JP - /usr/share/fonts/opentype/noto/NotoSansCJK-Bold.ttc
Noto Sans Mono CJK HK - /usr/share/fonts/opentype/noto/NotoSansCJK-Bold.ttc
Noto Serif CJK SC - /usr/share/fonts/opentype/noto/NotoSerifCJK-Regular.ttc
DejaVu Math TeX Gyre - /usr/share/fonts/truetype/dejavu/DejaVuMathTeXGyre.ttf
Liberation Sans - /usr/share/fonts/truetype/liberation/LiberationSans-Regular.ttf
Lato - /usr/share/fonts/truetype/lato/Lato-Italic.ttf
Liberation Sans - /usr/share/fonts/truetype/liberation/LiberationSans-Bold.ttf
Noto Serif CJK TC - /usr/share/fonts/opentype/noto/NotoSerifCJK-Regular.ttc
Noto Sans Mono CJK SC - /usr/share/fonts/opentype/noto/NotoSansCJK-Bold.ttc
Liberation Mono - /usr/share/fonts/truetype/liberation/LiberationMono-Italic.ttf
Noto Sans Mono CJK TC - /usr/share/fonts/opentype/noto/NotoSansCJK-Bold.ttc
DejaVu Sans,DejaVu Sans Condensed - /usr/share/fonts/truetype/dejavu/DejaVuSansCondensed.ttf
DejaVu Serif,DejaVu Serif Condensed - /usr/share/fonts/truetype/dejavu/DejaVuSerifCondensed.ttf
Liberation Serif - /usr/share/fonts/truetype/liberation/LiberationSerif-Italic.ttf
Lato,Lato Heavy - /usr/share/fonts/truetype/lato/Lato-HeavyItalic.ttf
Lato - /usr/share/fonts/truetype/lato/Lato-BoldItalic.ttf
Noto Serif CJK JP - /usr/share/fonts/opentype/noto/NotoSerifCJK-Regular.ttc
Lato,Lato Medium - /usr/share/fonts/truetype/lato/Lato-MediumItalic.ttf
Noto Serif CJK HK - /usr/share/fonts/opentype/noto/NotoSerifCJK-Regular.ttc
DejaVu Serif - /usr/share/fonts/truetype/dejavu/DejaVuSerif-Italic.ttf
DejaVu Sans - /usr/share/fonts/truetype/dejavu/DejaVuSans.ttf
Noto Serif CJK KR - /usr/share/fonts/opentype/noto/NotoSerifCJK-Regular.ttc
Lato,Lato Semibold - /usr/share/fonts/truetype/lato/Lato-SemiboldItalic.ttf
Lato,Lato Thin - /usr/share/fonts/truetype/lato/Lato-ThinItalic.ttf
DejaVu Sans,DejaVu Sans Condensed - /usr/share/fonts/truetype/dejavu/DejaVuSansCondensed-BoldOblique.ttf
Noto Sans CJK JP - /usr/share/fonts/opentype/noto/NotoSansCJK-Regular.ttc
Liberation Sans - /usr/share/fonts/truetype/liberation/LiberationSans-Italic.ttf
Noto Sans CJK HK - /usr/share/fonts/opentype/noto/NotoSansCJK-Regular.ttc
Lato,Lato Black - /usr/share/fonts/truetype/lato/Lato-BlackItalic.ttf
Lato,Lato Thin - /usr/share/fonts/truetype/lato/Lato-Thin.ttf
DejaVu Sans,DejaVu Sans Condensed - /usr/share/fonts/truetype/dejavu/DejaVuSansCondensed-Oblique.ttf
Noto Sans CJK KR - /usr/share/fonts/opentype/noto/NotoSansCJK-Regular.ttc
Lato,Lato Light - /usr/share/fonts/truetype/lato/Lato-Light.ttf
Noto Sans CJK TC - /usr/share/fonts/opentype/noto/NotoSansCJK-Regular.ttc
DejaVu Sans,DejaVu Sans Condensed - /usr/share/fonts/truetype/dejavu/DejaVuSansCondensed-Bold.ttf
DejaVu Sans Mono - /usr/share/fonts/truetype/dejavu/DejaVuSansMono-Oblique.ttf
Lato,Lato Hairline - /usr/share/fonts/truetype/lato/Lato-HairlineItalic.ttf
Noto Sans CJK SC - /usr/share/fonts/opentype/noto/NotoSansCJK-Regular.ttc
WenQuanYi Zen Hei,文泉驛正黑,文泉驿正黑 - /usr/share/fonts/truetype/wqy/wqy-zenhei.ttc
Lato,Lato Black - /usr/share/fonts/truetype/lato/Lato-Black.ttf
Lato - /usr/share/fonts/truetype/lato/Lato-Regular.ttf
DejaVu Sans - /usr/share/fonts/truetype/dejavu/DejaVuSans-BoldOblique.ttf
Liberation Mono - /usr/share/fonts/truetype/liberation/LiberationMono-BoldItalic.ttf
Noto Sans Mono CJK KR - /usr/share/fonts/opentype/noto/NotoSansCJK-Regular.ttc
Liberation Mono - /usr/share/fonts/truetype/liberation/LiberationMono-Regular.ttf
Noto Sans Mono CJK HK - /usr/share/fonts/opentype/noto/NotoSansCJK-Regular.ttc
DejaVu Sans,DejaVu Sans Light - /usr/share/fonts/truetype/dejavu/DejaVuSans-ExtraLight.ttf
DejaVu Serif - /usr/share/fonts/truetype/dejavu/DejaVuSerif.ttf
Noto Sans Mono CJK JP - /usr/share/fonts/opentype/noto/NotoSansCJK-Regular.ttc
Noto Serif CJK JP - /usr/share/fonts/opentype/noto/NotoSerifCJK-Bold.ttc
Noto Serif CJK HK - /usr/share/fonts/opentype/noto/NotoSerifCJK-Bold.ttc
Noto Serif CJK KR - /usr/share/fonts/opentype/noto/NotoSerifCJK-Bold.ttc
Noto Serif CJK TC - /usr/share/fonts/opentype/noto/NotoSerifCJK-Bold.ttc
Lato - /usr/share/fonts/truetype/lato/Lato-Bold.ttf
Noto Sans CJK SC - /usr/share/fonts/opentype/noto/NotoSansCJK-Bold.ttc
Noto Sans Mono CJK TC - /usr/share/fonts/opentype/noto/NotoSansCJK-Regular.ttc
Noto Sans CJK TC - /usr/share/fonts/opentype/noto/NotoSansCJK-Bold.ttc
Noto Serif CJK SC - /usr/share/fonts/opentype/noto/NotoSerifCJK-Bold.ttc
DejaVu Sans Mono - /usr/share/fonts/truetype/dejavu/DejaVuSansMono-Bold.ttf
DejaVu Serif - /usr/share/fonts/truetype/dejavu/DejaVuSerif-BoldItalic.ttf
WenQuanYi Zen Hei Mono,文泉驛等寬正黑,文泉驿等宽正黑 - /usr/share/fonts/truetype/wqy/wqy-zenhei.ttc
DejaVu Sans Mono - /usr/share/fonts/truetype/dejavu/DejaVuSansMono.ttf
Noto Sans CJK JP - /usr/share/fonts/opentype/noto/NotoSansCJK-Bold.ttc
Noto Sans CJK HK - /usr/share/fonts/opentype/noto/NotoSansCJK-Bold.ttc
Noto Sans CJK KR - /usr/share/fonts/opentype/noto/NotoSansCJK-Bold.ttc
WenQuanYi Micro Hei,文泉驛微米黑,文泉驿微米黑 - /usr/share/fonts/truetype/wqy/wqy-microhei.ttc
Noto Sans Mono CJK SC - /usr/share/fonts/opentype/noto/NotoSansCJK-Regular.ttc
Noto Color Emoji - /usr/share/fonts/truetype/noto/NotoColorEmoji.ttf
DejaVu Sans Mono - /usr/share/fonts/truetype/dejavu/DejaVuSansMono-BoldOblique.ttf
Liberation Sans - /usr/share/fonts/truetype/liberation/LiberationSans-BoldItalic.ttf
Liberation Serif - /usr/share/fonts/truetype/liberation/LiberationSerif-Regular.ttf
Lato,Lato Semibold - /usr/share/fonts/truetype/lato/Lato-Semibold.ttf
DejaVu Sans - /usr/share/fonts/truetype/dejavu/DejaVuSans-Oblique.ttf
DejaVu Serif,DejaVu Serif Condensed - /usr/share/fonts/truetype/dejavu/DejaVuSerifCondensed-Bold.ttf
DejaVu Sans - /usr/share/fonts/truetype/dejavu/DejaVuSans-Bold.ttf
Liberation Serif - /usr/share/fonts/truetype/liberation/LiberationSerif-Bold.ttf
DejaVu Serif,DejaVu Serif Condensed - /usr/share/fonts/truetype/dejavu/DejaVuSerifCondensed-BoldItalic.ttf

2025-12-05 13:29:39,725 - INFO - Matplotlib 字体设置：使用回退字体列表，首选可用字体: Noto Sans CJK JP
2025-12-05 13:29:41,772 - INFO - 使用 ChromeDriver: /usr/bin/chromedriver
2025-12-05 13:29:41,772 - WARNING - Using CPU. Note: This module is much faster with a GPU.
2025-12-05 13:29:43,378 - INFO - OCR识别器初始化成功
2025-12-05 13:29:43,378 - INFO - 开始南京大学电费监控流程（自动无头模式）
2025-12-05 13:29:43,378 - INFO - 正在打开页面: https://epay.nju.edu.cn/epay/h5/nju/electric/index
2025-12-05 13:29:55,119 - INFO - 等待登录表单加载...
2025-12-05 13:29:55,129 - INFO - 登录表单已加载
2025-12-05 13:29:55,129 - INFO - 开始填写登录表单...
2025-12-05 13:29:55,192 - INFO - 用户名填写完成
2025-12-05 13:29:55,259 - INFO - 密码填写完成
2025-12-05 13:29:55,259 - INFO - 检查是否有验证码...
2025-12-05 13:29:55,259 - INFO - 查找验证码图片...
2025-12-05 13:29:55,279 - INFO - 找到验证码图片，开始截图...
2025-12-05 13:29:55,322 - INFO - 验证码图片截取成功
2025-12-05 13:29:55,322 - INFO - 开始填写登录表单...
2025-12-05 13:29:55,385 - INFO - 用户名填写完成
2025-12-05 13:29:55,447 - INFO - 密码填写完成
2025-12-05 13:29:55,448 - INFO - 验证码图片已保存到 /home/runner/work/nju_electric_monitor/nju_electric_monitor/src/../data/captcha_debug.png
2025-12-05 13:29:55,448 - INFO - 验证码识别尝试 1/30
2025-12-05 13:29:55,448 - INFO - 开始识别验证码...（easyocr + pytesseract）
2025-12-05 13:29:55,573 - INFO - easyocr 结果: ['ZHFB(0.47)']
2025-12-05 13:29:55,714 - INFO - tesseract 结果: ZHFB
2025-12-05 13:29:55,778 - INFO - easyocr alt1 结果: ['ZHrB(0.49)']
2025-12-05 13:29:55,875 - INFO - tesseract alt1 结果: ZHEB
2025-12-05 13:29:55,933 - INFO - easyocr alt2 结果: ['ZHrB(0.40)']
2025-12-05 13:29:56,026 - INFO - tesseract alt2 结果: ZHEB
2025-12-05 13:29:56,185 - INFO - easyocr alt3 结果: ['ZHrB(0.49)']
2025-12-05 13:29:56,294 - INFO - tesseract alt3 结果: ZHEB
2025-12-05 13:29:56,353 - INFO - easyocr alt4 结果: ['ZHrB(0.34)']
2025-12-05 13:29:56,445 - INFO - tesseract alt4 结果: ZHEB
2025-12-05 13:29:56,505 - INFO - easyocr alt5 结果: ['ZAB(0.42)']
2025-12-05 13:29:56,597 - INFO - tesseract alt5 结果: ZHER
2025-12-05 13:29:56,597 - INFO - 最终验证码识别结果: ZHFB (engine=tesseract, prob=0.5)
2025-12-05 13:29:56,598 - INFO - 查找验证码输入框...
2025-12-05 13:29:56,657 - INFO - 验证码填写完成
2025-12-05 13:29:56,657 - INFO - 验证码填写完成，点击登录按钮...
2025-12-05 13:29:56,657 - INFO - 查找并点击登录按钮...
2025-12-05 13:30:00,684 - INFO - 已点击登录按钮
2025-12-05 13:30:07,695 - INFO - 未检测到无效验证码提示，验证码通过
2025-12-05 13:30:07,695 - INFO - 查找并点击登录按钮...
2025-12-05 13:30:07,701 - ERROR - 未找到登录按钮
2025-12-05 13:30:07,701 - ERROR - 点击登录按钮失败
2025-12-05 13:30:07,701 - INFO - 等待登录成功...
2025-12-05 13:30:12,706 - INFO - 登录可能成功，继续下一步...
2025-12-05 13:30:12,706 - INFO - 查找'去充值'按钮...
2025-12-05 13:30:14,512 - INFO - 已点击充值按钮
2025-12-05 13:30:17,512 - INFO - 开始提取剩余电量信息...
2025-12-05 13:30:17,516 - INFO - 页面源码已保存到 /home/runner/work/nju_electric_monitor/nju_electric_monitor/src/../data/debug_page_source.html
2025-12-05 13:30:17,534 - INFO - 找到电量信息元素: 持卡人姓名：***
2025-12-05 13:30:17,535 - WARNING - 未在元素中找到标准格式的电量信息
2025-12-05 13:30:17,547 - INFO - 找到i标签中的电量信息: 吴相民
2025-12-05 13:30:17,547 - WARNING - i标签中未找到标准格式的电量信息
2025-12-05 13:30:17,547 - WARNING - 未找到i标签中的电量信息
2025-12-05 13:30:17,550 - INFO - 在页面源码中查找电量信息...
2025-12-05 13:30:17,550 - INFO - 从页面源码中提取到剩余电量: 338.67 度
2025-12-05 13:30:17,574 - INFO - 数据已保存: 338.67 度
2025-12-05 13:30:17,612 - WARNING - findfont: Font family 'Microsoft YaHei' not found.
2025-12-05 13:30:17,615 - WARNING - findfont: Font family 'Microsoft YaHei' not found.
2025-12-05 13:30:17,628 - WARNING - findfont: Font family 'Microsoft YaHei' not found.
2025-12-05 13:30:17,634 - WARNING - findfont: Font family 'Microsoft YaHei' not found.
2025-12-05 13:30:17,636 - WARNING - findfont: Font family 'Microsoft YaHei' not found.
2025-12-05 13:30:17,713 - WARNING - findfont: Font family 'Microsoft YaHei' not found.
2025-12-05 13:30:17,714 - WARNING - findfont: Font family 'Microsoft YaHei' not found.
2025-12-05 13:30:17,715 - WARNING - findfont: Font family 'Microsoft YaHei' not found.
2025-12-05 13:30:17,715 - WARNING - findfont: Font family 'Microsoft YaHei' not found.
2025-12-05 13:30:17,742 - WARNING - findfont: Font family 'Microsoft YaHei' not found.
2025-12-05 13:30:17,742 - WARNING - findfont: Font family 'Microsoft YaHei' not found.
2025-12-05 13:30:17,753 - WARNING - findfont: Font family 'Microsoft YaHei' not found.
2025-12-05 13:30:17,756 - WARNING - findfont: Font family 'Microsoft YaHei' not found.
2025-12-05 13:30:17,821 - WARNING - findfont: Font family 'Microsoft YaHei' not found.
2025-12-05 13:30:17,821 - WARNING - findfont: Font family 'Microsoft YaHei' not found.
2025-12-05 13:30:17,822 - WARNING - findfont: Font family 'Microsoft YaHei' not found.
2025-12-05 13:30:17,823 - WARNING - findfont: Font family 'Microsoft YaHei' not found.
2025-12-05 13:30:17,850 - WARNING - findfont: Font family 'Microsoft YaHei' not found.
2025-12-05 13:30:17,851 - WARNING - findfont: Font family 'Microsoft YaHei' not found.
2025-12-05 13:30:17,862 - WARNING - findfont: Font family 'Microsoft YaHei' not found.
2025-12-05 13:30:17,865 - WARNING - findfont: Font family 'Microsoft YaHei' not found.
2025-12-05 13:30:17,866 - INFO - 电量变化曲线图已保存到: /home/runner/work/nju_electric_monitor/nju_electric_monitor/src/../data/electricity_trend.png
2025-12-05 13:30:17,892 - WARNING - findfont: Font family 'Microsoft YaHei' not found.
2025-12-05 13:30:17,893 - WARNING - findfont: Font family 'Microsoft YaHei' not found.
2025-12-05 13:30:17,906 - WARNING - findfont: Font family 'Microsoft YaHei' not found.
2025-12-05 13:30:17,910 - WARNING - findfont: Font family 'Microsoft YaHei' not found.
2025-12-05 13:30:17,911 - WARNING - findfont: Font family 'Microsoft YaHei' not found.
2025-12-05 13:30:17,978 - WARNING - findfont: Font family 'Microsoft YaHei' not found.
2025-12-05 13:30:17,978 - WARNING - findfont: Font family 'Microsoft YaHei' not found.
2025-12-05 13:30:17,979 - WARNING - findfont: Font family 'Microsoft YaHei' not found.
2025-12-05 13:30:17,979 - WARNING - findfont: Font family 'Microsoft YaHei' not found.
2025-12-05 13:30:18,005 - WARNING - findfont: Font family 'Microsoft YaHei' not found.
2025-12-05 13:30:18,005 - WARNING - findfont: Font family 'Microsoft YaHei' not found.
2025-12-05 13:30:18,015 - WARNING - findfont: Font family 'Microsoft YaHei' not found.
2025-12-05 13:30:18,017 - WARNING - findfont: Font family 'Microsoft YaHei' not found.
2025-12-05 13:30:18,079 - WARNING - findfont: Font family 'Microsoft YaHei' not found.
2025-12-05 13:30:18,079 - WARNING - findfont: Font family 'Microsoft YaHei' not found.
2025-12-05 13:30:18,080 - WARNING - findfont: Font family 'Microsoft YaHei' not found.
2025-12-05 13:30:18,080 - WARNING - findfont: Font family 'Microsoft YaHei' not found.
2025-12-05 13:30:18,106 - WARNING - findfont: Font family 'Microsoft YaHei' not found.
2025-12-05 13:30:18,106 - WARNING - findfont: Font family 'Microsoft YaHei' not found.
2025-12-05 13:30:18,117 - WARNING - findfont: Font family 'Microsoft YaHei' not found.
2025-12-05 13:30:18,118 - WARNING - findfont: Font family 'Microsoft YaHei' not found.
2025-12-05 13:30:18,119 - INFO - 最近20次电量变化曲线图已保存到: /home/runner/work/nju_electric_monitor/nju_electric_monitor/src/../data/recent_20_changes.png
2025-12-05 13:30:18,120 - INFO - 监控流程完成
Wrapper end: 2025-12-05T21:30:18.201037+08:00
