Wrapper start: 2025-11-30T18:57:16.578883+08:00

=== ENVIRONMENT SUMMARY ===
Environment variable keys (count=118):
- ACCEPT_EULA
- ACTIONS_RUNNER_ACTION_ARCHIVE_CACHE
- AGENT_TOOLSDIRECTORY
- ANDROID_HOME
- ANDROID_NDK
- ANDROID_NDK_HOME
- ANDROID_NDK_LATEST_HOME
- ANDROID_NDK_ROOT
- ANDROID_SDK_ROOT
- ANT_HOME
NJU_USERNAME set: yes
NJU_PASSWORD set: yes

=== DISK USAGE (df -h) ===
Filesystem      Size  Used Avail Use% Mounted on
/dev/root        72G   67G  5.2G  93% /
tmpfs           7.9G   84K  7.9G   1% /dev/shm
tmpfs           3.2G  3.3M  3.2G   1% /run
tmpfs           5.0M     0  5.0M   0% /run/lock
/dev/sdb16      881M   62M  758M   8% /boot
/dev/sdb15      105M  6.2M   99M   6% /boot/efi
/dev/sda1        74G  4.1G   66G   6% /mnt
tmpfs           1.6G   12K  1.6G   1% /run/user/1001


=== KEY DIR SIZES ===
2.5M	/home/runner/work/nju_electric_monitor/nju_electric_monitor/src/../logs

256K	/home/runner/work/nju_electric_monitor/nju_electric_monitor/src/../data

101M	/home/runner/work/nju_electric_monitor/nju_electric_monitor/src/../models


=== CONFIG_WORKFLOW SUMMARY ===
{
  "username": "",
  "password": "",
  "auto_login": true,
  "headless_mode": true,
  "captcha_retry_count": 50,
  "captcha_confidence_threshold": 0.4,
  "save_captcha_images": true,
  "log_level": "INFO"
}

=== FONT DIAGNOSTICS ===
Found system fonts (ttf) count: 59
- /usr/share/fonts/truetype/dejavu/DejaVuSans-Bold.ttf
- /usr/share/fonts/opentype/noto/NotoSansCJK-Regular.ttc
- /usr/share/fonts/truetype/dejavu/DejaVuSansCondensed-Bold.ttf
- /usr/share/fonts/truetype/dejavu/DejaVuSansMono-Oblique.ttf
- /usr/share/fonts/truetype/liberation/LiberationSerif-Bold.ttf
- /usr/share/fonts/truetype/dejavu/DejaVuSerifCondensed-BoldItalic.ttf
- /usr/share/fonts/truetype/dejavu/DejaVuSans-BoldOblique.ttf
- /usr/share/fonts/truetype/dejavu/DejaVuSerifCondensed-Italic.ttf
- /usr/share/fonts/truetype/dejavu/DejaVuSansMono-BoldOblique.ttf
- /usr/share/fonts/truetype/dejavu/DejaVuSerifCondensed.ttf
- /usr/share/fonts/truetype/liberation/LiberationSans-Italic.ttf
- /usr/share/fonts/truetype/lato/Lato-BlackItalic.ttf
- /usr/share/fonts/truetype/dejavu/DejaVuSansCondensed-BoldOblique.ttf
- /usr/share/fonts/truetype/liberation/LiberationSerif-Regular.ttf
- /usr/share/fonts/truetype/liberation/LiberationSans-BoldItalic.ttf
- /usr/share/fonts/truetype/wqy/wqy-microhei.ttc
- /usr/share/fonts/opentype/noto/NotoSerifCJK-Regular.ttc
- /usr/share/fonts/truetype/lato/Lato-ThinItalic.ttf
- /usr/share/fonts/truetype/lato/Lato-BoldItalic.ttf
- /usr/share/fonts/truetype/dejavu/DejaVuSerif-BoldItalic.ttf
- /usr/share/fonts/truetype/liberation/LiberationMono-Bold.ttf
- /usr/share/fonts/truetype/dejavu/DejaVuSerif-Italic.ttf
- /usr/share/fonts/truetype/dejavu/DejaVuSans.ttf
- /usr/share/fonts/truetype/dejavu/DejaVuMathTeXGyre.ttf
- /usr/share/fonts/opentype/noto/NotoSansCJK-Bold.ttc
- /usr/share/fonts/truetype/dejavu/DejaVuSans-ExtraLight.ttf
- /usr/share/fonts/truetype/wqy/wqy-zenhei.ttc
- /usr/share/fonts/truetype/lato/Lato-SemiboldItalic.ttf
- /usr/share/fonts/truetype/lato/Lato-HeavyItalic.ttf
- /usr/share/fonts/truetype/lato/Lato-Hairline.ttf
- /usr/share/fonts/truetype/dejavu/DejaVuSerif.ttf
- /usr/share/fonts/truetype/liberation/LiberationSerif-Italic.ttf
- /usr/share/fonts/truetype/liberation/LiberationMono-BoldItalic.ttf
- /usr/share/fonts/truetype/noto/NotoColorEmoji.ttf
- /usr/share/fonts/truetype/lato/Lato-Medium.ttf
- /usr/share/fonts/truetype/lato/Lato-Bold.ttf
- /usr/share/fonts/truetype/dejavu/DejaVuSerifCondensed-Bold.ttf
- /usr/share/fonts/truetype/lato/Lato-Thin.ttf
- /usr/share/fonts/truetype/lato/Lato-Heavy.ttf
- /usr/share/fonts/truetype/liberation/LiberationSans-Bold.ttf
- /usr/share/fonts/truetype/dejavu/DejaVuSansCondensed-Oblique.ttf
- /usr/share/fonts/truetype/dejavu/DejaVuSansMono.ttf
- /usr/share/fonts/truetype/lato/Lato-Italic.ttf
- /usr/share/fonts/truetype/lato/Lato-HairlineItalic.ttf
- /usr/share/fonts/truetype/dejavu/DejaVuSerif-Bold.ttf
- /usr/share/fonts/truetype/liberation/LiberationMono-Italic.ttf
- /usr/share/fonts/truetype/liberation/LiberationSans-Regular.ttf
- /usr/share/fonts/truetype/lato/Lato-Black.ttf
- /usr/share/fonts/truetype/lato/Lato-Regular.ttf
- /usr/share/fonts/truetype/lato/Lato-Light.ttf

FontManager samples (name -> path):
STIXGeneral -> /opt/hostedtoolcache/Python/3.14.0/x64/lib/python3.14/site-packages/matplotlib/mpl-data/fonts/ttf/STIXGeneralBol.ttf
STIXSizeThreeSym -> /opt/hostedtoolcache/Python/3.14.0/x64/lib/python3.14/site-packages/matplotlib/mpl-data/fonts/ttf/STIXSizThreeSymBol.ttf
STIXGeneral -> /opt/hostedtoolcache/Python/3.14.0/x64/lib/python3.14/site-packages/matplotlib/mpl-data/fonts/ttf/STIXGeneral.ttf
cmtt10 -> /opt/hostedtoolcache/Python/3.14.0/x64/lib/python3.14/site-packages/matplotlib/mpl-data/fonts/ttf/cmtt10.ttf
STIXGeneral -> /opt/hostedtoolcache/Python/3.14.0/x64/lib/python3.14/site-packages/matplotlib/mpl-data/fonts/ttf/STIXGeneralItalic.ttf
STIXSizeOneSym -> /opt/hostedtoolcache/Python/3.14.0/x64/lib/python3.14/site-packages/matplotlib/mpl-data/fonts/ttf/STIXSizOneSymBol.ttf
DejaVu Serif -> /opt/hostedtoolcache/Python/3.14.0/x64/lib/python3.14/site-packages/matplotlib/mpl-data/fonts/ttf/DejaVuSerif-BoldItalic.ttf
DejaVu Serif -> /opt/hostedtoolcache/Python/3.14.0/x64/lib/python3.14/site-packages/matplotlib/mpl-data/fonts/ttf/DejaVuSerif-Bold.ttf
cmb10 -> /opt/hostedtoolcache/Python/3.14.0/x64/lib/python3.14/site-packages/matplotlib/mpl-data/fonts/ttf/cmb10.ttf
cmmi10 -> /opt/hostedtoolcache/Python/3.14.0/x64/lib/python3.14/site-packages/matplotlib/mpl-data/fonts/ttf/cmmi10.ttf
STIXSizeFourSym -> /opt/hostedtoolcache/Python/3.14.0/x64/lib/python3.14/site-packages/matplotlib/mpl-data/fonts/ttf/STIXSizFourSymBol.ttf
STIXNonUnicode -> /opt/hostedtoolcache/Python/3.14.0/x64/lib/python3.14/site-packages/matplotlib/mpl-data/fonts/ttf/STIXNonUniBol.ttf
cmss10 -> /opt/hostedtoolcache/Python/3.14.0/x64/lib/python3.14/site-packages/matplotlib/mpl-data/fonts/ttf/cmss10.ttf
cmr10 -> /opt/hostedtoolcache/Python/3.14.0/x64/lib/python3.14/site-packages/matplotlib/mpl-data/fonts/ttf/cmr10.ttf
DejaVu Sans Mono -> /opt/hostedtoolcache/Python/3.14.0/x64/lib/python3.14/site-packages/matplotlib/mpl-data/fonts/ttf/DejaVuSansMono-Oblique.ttf
DejaVu Sans -> /opt/hostedtoolcache/Python/3.14.0/x64/lib/python3.14/site-packages/matplotlib/mpl-data/fonts/ttf/DejaVuSans.ttf
DejaVu Serif -> /opt/hostedtoolcache/Python/3.14.0/x64/lib/python3.14/site-packages/matplotlib/mpl-data/fonts/ttf/DejaVuSerif-Italic.ttf
DejaVu Sans -> /opt/hostedtoolcache/Python/3.14.0/x64/lib/python3.14/site-packages/matplotlib/mpl-data/fonts/ttf/DejaVuSans-Bold.ttf
STIXSizeTwoSym -> /opt/hostedtoolcache/Python/3.14.0/x64/lib/python3.14/site-packages/matplotlib/mpl-data/fonts/ttf/STIXSizTwoSymReg.ttf
DejaVu Sans -> /opt/hostedtoolcache/Python/3.14.0/x64/lib/python3.14/site-packages/matplotlib/mpl-data/fonts/ttf/DejaVuSans-Oblique.ttf
DejaVu Sans Display -> /opt/hostedtoolcache/Python/3.14.0/x64/lib/python3.14/site-packages/matplotlib/mpl-data/fonts/ttf/DejaVuSansDisplay.ttf
STIXSizeFiveSym -> /opt/hostedtoolcache/Python/3.14.0/x64/lib/python3.14/site-packages/matplotlib/mpl-data/fonts/ttf/STIXSizFiveSymReg.ttf
DejaVu Sans Mono -> /opt/hostedtoolcache/Python/3.14.0/x64/lib/python3.14/site-packages/matplotlib/mpl-data/fonts/ttf/DejaVuSansMono.ttf
STIXNonUnicode -> /opt/hostedtoolcache/Python/3.14.0/x64/lib/python3.14/site-packages/matplotlib/mpl-data/fonts/ttf/STIXNonUni.ttf
STIXSizeTwoSym -> /opt/hostedtoolcache/Python/3.14.0/x64/lib/python3.14/site-packages/matplotlib/mpl-data/fonts/ttf/STIXSizTwoSymBol.ttf
cmex10 -> /opt/hostedtoolcache/Python/3.14.0/x64/lib/python3.14/site-packages/matplotlib/mpl-data/fonts/ttf/cmex10.ttf
STIXNonUnicode -> /opt/hostedtoolcache/Python/3.14.0/x64/lib/python3.14/site-packages/matplotlib/mpl-data/fonts/ttf/STIXNonUniIta.ttf
STIXNonUnicode -> /opt/hostedtoolcache/Python/3.14.0/x64/lib/python3.14/site-packages/matplotlib/mpl-data/fonts/ttf/STIXNonUniBolIta.ttf
cmsy10 -> /opt/hostedtoolcache/Python/3.14.0/x64/lib/python3.14/site-packages/matplotlib/mpl-data/fonts/ttf/cmsy10.ttf
DejaVu Sans -> /opt/hostedtoolcache/Python/3.14.0/x64/lib/python3.14/site-packages/matplotlib/mpl-data/fonts/ttf/DejaVuSans-BoldOblique.ttf
DejaVu Serif Display -> /opt/hostedtoolcache/Python/3.14.0/x64/lib/python3.14/site-packages/matplotlib/mpl-data/fonts/ttf/DejaVuSerifDisplay.ttf
DejaVu Sans Mono -> /opt/hostedtoolcache/Python/3.14.0/x64/lib/python3.14/site-packages/matplotlib/mpl-data/fonts/ttf/DejaVuSansMono-BoldOblique.ttf
STIXSizeThreeSym -> /opt/hostedtoolcache/Python/3.14.0/x64/lib/python3.14/site-packages/matplotlib/mpl-data/fonts/ttf/STIXSizThreeSymReg.ttf
STIXGeneral -> /opt/hostedtoolcache/Python/3.14.0/x64/lib/python3.14/site-packages/matplotlib/mpl-data/fonts/ttf/STIXGeneralBolIta.ttf
STIXSizeOneSym -> /opt/hostedtoolcache/Python/3.14.0/x64/lib/python3.14/site-packages/matplotlib/mpl-data/fonts/ttf/STIXSizOneSymReg.ttf
STIXSizeFourSym -> /opt/hostedtoolcache/Python/3.14.0/x64/lib/python3.14/site-packages/matplotlib/mpl-data/fonts/ttf/STIXSizFourSymReg.ttf
DejaVu Sans Mono -> /opt/hostedtoolcache/Python/3.14.0/x64/lib/python3.14/site-packages/matplotlib/mpl-data/fonts/ttf/DejaVuSansMono-Bold.ttf
DejaVu Serif -> /opt/hostedtoolcache/Python/3.14.0/x64/lib/python3.14/site-packages/matplotlib/mpl-data/fonts/ttf/DejaVuSerif.ttf
DejaVu Sans -> /usr/share/fonts/truetype/dejavu/DejaVuSans-Bold.ttf
Noto Sans CJK JP -> /usr/share/fonts/opentype/noto/NotoSansCJK-Regular.ttc
DejaVu Sans -> /usr/share/fonts/truetype/dejavu/DejaVuSansCondensed-Bold.ttf
DejaVu Sans Mono -> /usr/share/fonts/truetype/dejavu/DejaVuSansMono-Oblique.ttf
Liberation Serif -> /usr/share/fonts/truetype/liberation/LiberationSerif-Bold.ttf
DejaVu Serif -> /usr/share/fonts/truetype/dejavu/DejaVuSerifCondensed-BoldItalic.ttf
DejaVu Sans -> /usr/share/fonts/truetype/dejavu/DejaVuSans-BoldOblique.ttf
DejaVu Serif -> /usr/share/fonts/truetype/dejavu/DejaVuSerifCondensed-Italic.ttf
DejaVu Sans Mono -> /usr/share/fonts/truetype/dejavu/DejaVuSansMono-BoldOblique.ttf
DejaVu Serif -> /usr/share/fonts/truetype/dejavu/DejaVuSerifCondensed.ttf
Liberation Sans -> /usr/share/fonts/truetype/liberation/LiberationSans-Italic.ttf
Lato -> /usr/share/fonts/truetype/lato/Lato-BlackItalic.ttf

Preferred font find results:
findfont('Microsoft YaHei') failed: Failed to find font Microsoft YaHei:style=normal:variant=normal:weight=normal:stretch=normal:size=10.0, and fallback to the default font was disabled
findfont('Segoe UI') failed: Failed to find font Segoe UI:style=normal:variant=normal:weight=normal:stretch=normal:size=10.0, and fallback to the default font was disabled
findfont('Arial Unicode MS') failed: Failed to find font Arial Unicode MS:style=normal:variant=normal:weight=normal:stretch=normal:size=10.0, and fallback to the default font was disabled
findfont('Noto Sans CJK SC') failed: Failed to find font Noto Sans CJK SC:style=normal:variant=normal:weight=normal:stretch=normal:size=10.0, and fallback to the default font was disabled
findfont('WenQuanYi Micro Hei') -> /usr/share/fonts/truetype/wqy/wqy-microhei.ttc
findfont('WenQuanYi Zen Hei') -> /usr/share/fonts/truetype/wqy/wqy-zenhei.ttc
findfont('DejaVu Sans') -> /opt/hostedtoolcache/Python/3.14.0/x64/lib/python3.14/site-packages/matplotlib/mpl-data/fonts/ttf/DejaVuSans.ttf

fc-list output sample (truncated to 10000 chars):
Liberation Mono - /usr/share/fonts/truetype/liberation/LiberationMono-Bold.ttf
Liberation Serif - /usr/share/fonts/truetype/liberation/LiberationSerif-BoldItalic.ttf
Lato,Lato Hairline - /usr/share/fonts/truetype/lato/Lato-Hairline.ttf
Lato,Lato Heavy - /usr/share/fonts/truetype/lato/Lato-Heavy.ttf
DejaVu Serif,DejaVu Serif Condensed - /usr/share/fonts/truetype/dejavu/DejaVuSerifCondensed-Italic.ttf
Lato,Lato Medium - /usr/share/fonts/truetype/lato/Lato-Medium.ttf
Lato,Lato Light - /usr/share/fonts/truetype/lato/Lato-LightItalic.ttf
WenQuanYi Zen Hei Sharp,文泉驛點陣正黑,文泉驿点阵正黑 - /usr/share/fonts/truetype/wqy/wqy-zenhei.ttc
WenQuanYi Micro Hei Mono,文泉驛等寬微米黑,文泉驿等宽微米黑 - /usr/share/fonts/truetype/wqy/wqy-microhei.ttc
Noto Sans Mono CJK KR - /usr/share/fonts/opentype/noto/NotoSansCJK-Bold.ttc
DejaVu Serif - /usr/share/fonts/truetype/dejavu/DejaVuSerif-Bold.ttf
Noto Sans Mono CJK JP - /usr/share/fonts/opentype/noto/NotoSansCJK-Bold.ttc
Noto Sans Mono CJK HK - /usr/share/fonts/opentype/noto/NotoSansCJK-Bold.ttc
Noto Serif CJK SC - /usr/share/fonts/opentype/noto/NotoSerifCJK-Regular.ttc
DejaVu Math TeX Gyre - /usr/share/fonts/truetype/dejavu/DejaVuMathTeXGyre.ttf
Liberation Sans - /usr/share/fonts/truetype/liberation/LiberationSans-Regular.ttf
Lato - /usr/share/fonts/truetype/lato/Lato-Italic.ttf
Liberation Sans - /usr/share/fonts/truetype/liberation/LiberationSans-Bold.ttf
Noto Serif CJK TC - /usr/share/fonts/opentype/noto/NotoSerifCJK-Regular.ttc
Noto Sans Mono CJK SC - /usr/share/fonts/opentype/noto/NotoSansCJK-Bold.ttc
Liberation Mono - /usr/share/fonts/truetype/liberation/LiberationMono-Italic.ttf
Noto Sans Mono CJK TC - /usr/share/fonts/opentype/noto/NotoSansCJK-Bold.ttc
DejaVu Sans,DejaVu Sans Condensed - /usr/share/fonts/truetype/dejavu/DejaVuSansCondensed.ttf
DejaVu Serif,DejaVu Serif Condensed - /usr/share/fonts/truetype/dejavu/DejaVuSerifCondensed.ttf
Liberation Serif - /usr/share/fonts/truetype/liberation/LiberationSerif-Italic.ttf
Lato,Lato Heavy - /usr/share/fonts/truetype/lato/Lato-HeavyItalic.ttf
Lato - /usr/share/fonts/truetype/lato/Lato-BoldItalic.ttf
Noto Serif CJK JP - /usr/share/fonts/opentype/noto/NotoSerifCJK-Regular.ttc
Lato,Lato Medium - /usr/share/fonts/truetype/lato/Lato-MediumItalic.ttf
Noto Serif CJK HK - /usr/share/fonts/opentype/noto/NotoSerifCJK-Regular.ttc
DejaVu Serif - /usr/share/fonts/truetype/dejavu/DejaVuSerif-Italic.ttf
DejaVu Sans - /usr/share/fonts/truetype/dejavu/DejaVuSans.ttf
Noto Serif CJK KR - /usr/share/fonts/opentype/noto/NotoSerifCJK-Regular.ttc
Lato,Lato Semibold - /usr/share/fonts/truetype/lato/Lato-SemiboldItalic.ttf
Lato,Lato Thin - /usr/share/fonts/truetype/lato/Lato-ThinItalic.ttf
DejaVu Sans,DejaVu Sans Condensed - /usr/share/fonts/truetype/dejavu/DejaVuSansCondensed-BoldOblique.ttf
Noto Sans CJK JP - /usr/share/fonts/opentype/noto/NotoSansCJK-Regular.ttc
Liberation Sans - /usr/share/fonts/truetype/liberation/LiberationSans-Italic.ttf
Noto Sans CJK HK - /usr/share/fonts/opentype/noto/NotoSansCJK-Regular.ttc
Lato,Lato Black - /usr/share/fonts/truetype/lato/Lato-BlackItalic.ttf
Lato,Lato Thin - /usr/share/fonts/truetype/lato/Lato-Thin.ttf
DejaVu Sans,DejaVu Sans Condensed - /usr/share/fonts/truetype/dejavu/DejaVuSansCondensed-Oblique.ttf
Noto Sans CJK KR - /usr/share/fonts/opentype/noto/NotoSansCJK-Regular.ttc
Lato,Lato Light - /usr/share/fonts/truetype/lato/Lato-Light.ttf
Noto Sans CJK TC - /usr/share/fonts/opentype/noto/NotoSansCJK-Regular.ttc
DejaVu Sans,DejaVu Sans Condensed - /usr/share/fonts/truetype/dejavu/DejaVuSansCondensed-Bold.ttf
DejaVu Sans Mono - /usr/share/fonts/truetype/dejavu/DejaVuSansMono-Oblique.ttf
Lato,Lato Hairline - /usr/share/fonts/truetype/lato/Lato-HairlineItalic.ttf
Noto Sans CJK SC - /usr/share/fonts/opentype/noto/NotoSansCJK-Regular.ttc
WenQuanYi Zen Hei,文泉驛正黑,文泉驿正黑 - /usr/share/fonts/truetype/wqy/wqy-zenhei.ttc
Lato,Lato Black - /usr/share/fonts/truetype/lato/Lato-Black.ttf
Lato - /usr/share/fonts/truetype/lato/Lato-Regular.ttf
DejaVu Sans - /usr/share/fonts/truetype/dejavu/DejaVuSans-BoldOblique.ttf
Liberation Mono - /usr/share/fonts/truetype/liberation/LiberationMono-BoldItalic.ttf
Noto Sans Mono CJK KR - /usr/share/fonts/opentype/noto/NotoSansCJK-Regular.ttc
Liberation Mono - /usr/share/fonts/truetype/liberation/LiberationMono-Regular.ttf
Noto Sans Mono CJK HK - /usr/share/fonts/opentype/noto/NotoSansCJK-Regular.ttc
DejaVu Sans,DejaVu Sans Light - /usr/share/fonts/truetype/dejavu/DejaVuSans-ExtraLight.ttf
DejaVu Serif - /usr/share/fonts/truetype/dejavu/DejaVuSerif.ttf
Noto Sans Mono CJK JP - /usr/share/fonts/opentype/noto/NotoSansCJK-Regular.ttc
Noto Serif CJK JP - /usr/share/fonts/opentype/noto/NotoSerifCJK-Bold.ttc
Noto Serif CJK HK - /usr/share/fonts/opentype/noto/NotoSerifCJK-Bold.ttc
Noto Serif CJK KR - /usr/share/fonts/opentype/noto/NotoSerifCJK-Bold.ttc
Noto Serif CJK TC - /usr/share/fonts/opentype/noto/NotoSerifCJK-Bold.ttc
Lato - /usr/share/fonts/truetype/lato/Lato-Bold.ttf
Noto Sans CJK SC - /usr/share/fonts/opentype/noto/NotoSansCJK-Bold.ttc
Noto Sans Mono CJK TC - /usr/share/fonts/opentype/noto/NotoSansCJK-Regular.ttc
Noto Sans CJK TC - /usr/share/fonts/opentype/noto/NotoSansCJK-Bold.ttc
Noto Serif CJK SC - /usr/share/fonts/opentype/noto/NotoSerifCJK-Bold.ttc
DejaVu Sans Mono - /usr/share/fonts/truetype/dejavu/DejaVuSansMono-Bold.ttf
DejaVu Serif - /usr/share/fonts/truetype/dejavu/DejaVuSerif-BoldItalic.ttf
WenQuanYi Zen Hei Mono,文泉驛等寬正黑,文泉驿等宽正黑 - /usr/share/fonts/truetype/wqy/wqy-zenhei.ttc
DejaVu Sans Mono - /usr/share/fonts/truetype/dejavu/DejaVuSansMono.ttf
Noto Sans CJK JP - /usr/share/fonts/opentype/noto/NotoSansCJK-Bold.ttc
Noto Sans CJK HK - /usr/share/fonts/opentype/noto/NotoSansCJK-Bold.ttc
Noto Sans CJK KR - /usr/share/fonts/opentype/noto/NotoSansCJK-Bold.ttc
WenQuanYi Micro Hei,文泉驛微米黑,文泉驿微米黑 - /usr/share/fonts/truetype/wqy/wqy-microhei.ttc
Noto Sans Mono CJK SC - /usr/share/fonts/opentype/noto/NotoSansCJK-Regular.ttc
Noto Color Emoji - /usr/share/fonts/truetype/noto/NotoColorEmoji.ttf
DejaVu Sans Mono - /usr/share/fonts/truetype/dejavu/DejaVuSansMono-BoldOblique.ttf
Liberation Sans - /usr/share/fonts/truetype/liberation/LiberationSans-BoldItalic.ttf
Liberation Serif - /usr/share/fonts/truetype/liberation/LiberationSerif-Regular.ttf
Lato,Lato Semibold - /usr/share/fonts/truetype/lato/Lato-Semibold.ttf
DejaVu Sans - /usr/share/fonts/truetype/dejavu/DejaVuSans-Oblique.ttf
DejaVu Serif,DejaVu Serif Condensed - /usr/share/fonts/truetype/dejavu/DejaVuSerifCondensed-Bold.ttf
DejaVu Sans - /usr/share/fonts/truetype/dejavu/DejaVuSans-Bold.ttf
Liberation Serif - /usr/share/fonts/truetype/liberation/LiberationSerif-Bold.ttf
DejaVu Serif,DejaVu Serif Condensed - /usr/share/fonts/truetype/dejavu/DejaVuSerifCondensed-BoldItalic.ttf

2025-11-30 10:57:22,107 - INFO - Matplotlib 字体设置：使用回退字体列表，首选可用字体: Noto Sans CJK JP
2025-11-30 10:57:24,111 - INFO - 使用 ChromeDriver: /usr/bin/chromedriver
2025-11-30 10:57:24,111 - WARNING - Using CPU. Note: This module is much faster with a GPU.
2025-11-30 10:57:25,753 - INFO - OCR识别器初始化成功
2025-11-30 10:57:25,753 - INFO - 开始南京大学电费监控流程（自动无头模式）
2025-11-30 10:57:25,754 - INFO - 正在打开页面: https://epay.nju.edu.cn/epay/h5/nju/electric/index
2025-11-30 10:57:36,983 - INFO - 等待登录表单加载...
2025-11-30 10:57:36,993 - INFO - 登录表单已加载
2025-11-30 10:57:36,993 - INFO - 开始填写登录表单...
2025-11-30 10:57:37,058 - INFO - 用户名填写完成
2025-11-30 10:57:37,127 - INFO - 密码填写完成
2025-11-30 10:57:37,127 - INFO - 检查是否有验证码...
2025-11-30 10:57:37,127 - INFO - 查找验证码图片...
2025-11-30 10:57:37,147 - INFO - 找到验证码图片，开始截图...
2025-11-30 10:57:37,204 - INFO - 验证码图片截取成功
2025-11-30 10:57:37,204 - INFO - 开始填写登录表单...
2025-11-30 10:57:37,270 - INFO - 用户名填写完成
2025-11-30 10:57:37,337 - INFO - 密码填写完成
2025-11-30 10:57:37,338 - INFO - 验证码图片已保存到 /home/runner/work/nju_electric_monitor/nju_electric_monitor/src/../data/captcha_debug.png
2025-11-30 10:57:37,338 - INFO - 验证码识别尝试 1/50
2025-11-30 10:57:37,338 - INFO - 开始识别验证码...
2025-11-30 10:57:37,473 - INFO - 验证码识别结果: 8VBC
2025-11-30 10:57:37,473 - INFO - 查找验证码输入框...
2025-11-30 10:57:37,534 - INFO - 验证码填写完成
2025-11-30 10:57:37,534 - INFO - 验证码填写完成，点击登录按钮...
2025-11-30 10:57:37,534 - INFO - 查找并点击登录按钮...
2025-11-30 10:57:37,908 - INFO - 已点击登录按钮
2025-11-30 10:57:44,936 - INFO - 开始填写登录表单...
2025-11-30 10:57:44,999 - INFO - 用户名填写完成
2025-11-30 10:57:45,059 - INFO - 密码填写完成
2025-11-30 10:57:45,060 - INFO - 验证码图片已保存到 /home/runner/work/nju_electric_monitor/nju_electric_monitor/src/../data/captcha_debug.png
2025-11-30 10:57:45,060 - INFO - 验证码识别尝试 2/50
2025-11-30 10:57:45,060 - INFO - 开始识别验证码...
2025-11-30 10:57:45,157 - INFO - 验证码识别结果: 8VBC
2025-11-30 10:57:45,157 - INFO - 查找验证码输入框...
2025-11-30 10:57:45,216 - INFO - 验证码填写完成
2025-11-30 10:57:45,216 - INFO - 验证码填写完成，点击登录按钮...
2025-11-30 10:57:45,216 - INFO - 查找并点击登录按钮...
2025-11-30 10:57:45,274 - INFO - 已点击登录按钮
2025-11-30 10:57:52,295 - INFO - 开始填写登录表单...
2025-11-30 10:57:52,356 - INFO - 用户名填写完成
2025-11-30 10:57:52,417 - INFO - 密码填写完成
2025-11-30 10:57:52,418 - INFO - 验证码图片已保存到 /home/runner/work/nju_electric_monitor/nju_electric_monitor/src/../data/captcha_debug.png
2025-11-30 10:57:52,418 - INFO - 验证码识别尝试 3/50
2025-11-30 10:57:52,418 - INFO - 开始识别验证码...
2025-11-30 10:57:52,516 - INFO - 验证码识别结果: 8VBC
2025-11-30 10:57:52,516 - INFO - 查找验证码输入框...
2025-11-30 10:57:52,572 - INFO - 验证码填写完成
2025-11-30 10:57:52,572 - INFO - 验证码填写完成，点击登录按钮...
2025-11-30 10:57:52,572 - INFO - 查找并点击登录按钮...
2025-11-30 10:57:52,629 - INFO - 已点击登录按钮
2025-11-30 10:57:59,651 - INFO - 开始填写登录表单...
2025-11-30 10:57:59,717 - INFO - 用户名填写完成
2025-11-30 10:57:59,781 - INFO - 密码填写完成
2025-11-30 10:57:59,782 - INFO - 验证码图片已保存到 /home/runner/work/nju_electric_monitor/nju_electric_monitor/src/../data/captcha_debug.png
2025-11-30 10:57:59,782 - INFO - 验证码识别尝试 4/50
2025-11-30 10:57:59,782 - INFO - 开始识别验证码...
2025-11-30 10:57:59,898 - INFO - 验证码识别结果: 8VBC
2025-11-30 10:57:59,898 - INFO - 查找验证码输入框...
2025-11-30 10:57:59,958 - INFO - 验证码填写完成
2025-11-30 10:57:59,959 - INFO - 验证码填写完成，点击登录按钮...
2025-11-30 10:57:59,959 - INFO - 查找并点击登录按钮...
2025-11-30 10:58:00,329 - INFO - 已点击登录按钮
2025-11-30 10:58:07,350 - INFO - 开始填写登录表单...
2025-11-30 10:58:07,414 - INFO - 用户名填写完成
2025-11-30 10:58:07,476 - INFO - 密码填写完成
2025-11-30 10:58:07,476 - INFO - 验证码图片已保存到 /home/runner/work/nju_electric_monitor/nju_electric_monitor/src/../data/captcha_debug.png
2025-11-30 10:58:07,476 - INFO - 验证码识别尝试 5/50
2025-11-30 10:58:07,477 - INFO - 开始识别验证码...
2025-11-30 10:58:07,592 - INFO - 验证码识别结果: 8VBC
2025-11-30 10:58:07,592 - INFO - 查找验证码输入框...
2025-11-30 10:58:07,652 - INFO - 验证码填写完成
2025-11-30 10:58:07,652 - INFO - 验证码填写完成，点击登录按钮...
2025-11-30 10:58:07,652 - INFO - 查找并点击登录按钮...
2025-11-30 10:58:07,711 - INFO - 已点击登录按钮
2025-11-30 10:58:14,732 - INFO - 开始填写登录表单...
2025-11-30 10:58:14,795 - INFO - 用户名填写完成
2025-11-30 10:58:14,858 - INFO - 密码填写完成
2025-11-30 10:58:14,858 - INFO - 验证码图片已保存到 /home/runner/work/nju_electric_monitor/nju_electric_monitor/src/../data/captcha_debug.png
2025-11-30 10:58:14,859 - INFO - 验证码识别尝试 6/50
2025-11-30 10:58:14,859 - INFO - 开始识别验证码...
2025-11-30 10:58:14,958 - INFO - 验证码识别结果: 8VBC
2025-11-30 10:58:14,958 - INFO - 查找验证码输入框...
2025-11-30 10:58:15,018 - INFO - 验证码填写完成
2025-11-30 10:58:15,018 - INFO - 验证码填写完成，点击登录按钮...
2025-11-30 10:58:15,018 - INFO - 查找并点击登录按钮...
2025-11-30 10:58:15,078 - INFO - 已点击登录按钮
2025-11-30 10:58:22,100 - INFO - 开始填写登录表单...
2025-11-30 10:58:22,165 - INFO - 用户名填写完成
2025-11-30 10:58:22,227 - INFO - 密码填写完成
2025-11-30 10:58:22,228 - INFO - 验证码图片已保存到 /home/runner/work/nju_electric_monitor/nju_electric_monitor/src/../data/captcha_debug.png
2025-11-30 10:58:22,228 - INFO - 验证码识别尝试 7/50
2025-11-30 10:58:22,228 - INFO - 开始识别验证码...
2025-11-30 10:58:22,337 - INFO - 验证码识别结果: 8VBC
2025-11-30 10:58:22,337 - INFO - 查找验证码输入框...
2025-11-30 10:58:22,405 - INFO - 验证码填写完成
2025-11-30 10:58:22,405 - INFO - 验证码填写完成，点击登录按钮...
2025-11-30 10:58:22,405 - INFO - 查找并点击登录按钮...
2025-11-30 10:58:22,799 - INFO - 已点击登录按钮
2025-11-30 10:58:29,820 - INFO - 开始填写登录表单...
2025-11-30 10:58:29,882 - INFO - 用户名填写完成
2025-11-30 10:58:29,942 - INFO - 密码填写完成
2025-11-30 10:58:29,942 - INFO - 验证码图片已保存到 /home/runner/work/nju_electric_monitor/nju_electric_monitor/src/../data/captcha_debug.png
2025-11-30 10:58:29,942 - INFO - 验证码识别尝试 8/50
2025-11-30 10:58:29,942 - INFO - 开始识别验证码...
2025-11-30 10:58:30,046 - INFO - 验证码识别结果: 8VBC
2025-11-30 10:58:30,046 - INFO - 查找验证码输入框...
2025-11-30 10:58:30,105 - INFO - 验证码填写完成
2025-11-30 10:58:30,105 - INFO - 验证码填写完成，点击登录按钮...
2025-11-30 10:58:30,105 - INFO - 查找并点击登录按钮...
2025-11-30 10:58:30,461 - INFO - 已点击登录按钮
2025-11-30 10:58:37,482 - INFO - 开始填写登录表单...
2025-11-30 10:58:37,543 - INFO - 用户名填写完成
2025-11-30 10:58:37,603 - INFO - 密码填写完成
2025-11-30 10:58:37,604 - INFO - 验证码图片已保存到 /home/runner/work/nju_electric_monitor/nju_electric_monitor/src/../data/captcha_debug.png
2025-11-30 10:58:37,604 - INFO - 验证码识别尝试 9/50
2025-11-30 10:58:37,604 - INFO - 开始识别验证码...
2025-11-30 10:58:37,712 - INFO - 验证码识别结果: 8VBC
2025-11-30 10:58:37,712 - INFO - 查找验证码输入框...
2025-11-30 10:58:37,770 - INFO - 验证码填写完成
2025-11-30 10:58:37,770 - INFO - 验证码填写完成，点击登录按钮...
2025-11-30 10:58:37,770 - INFO - 查找并点击登录按钮...
2025-11-30 10:58:38,131 - INFO - 已点击登录按钮
2025-11-30 10:58:45,151 - INFO - 开始填写登录表单...
2025-11-30 10:58:45,214 - INFO - 用户名填写完成
2025-11-30 10:58:45,274 - INFO - 密码填写完成
2025-11-30 10:58:45,275 - INFO - 验证码图片已保存到 /home/runner/work/nju_electric_monitor/nju_electric_monitor/src/../data/captcha_debug.png
2025-11-30 10:58:45,275 - INFO - 验证码识别尝试 10/50
2025-11-30 10:58:45,275 - INFO - 开始识别验证码...
2025-11-30 10:58:45,374 - INFO - 验证码识别结果: 8VBC
2025-11-30 10:58:45,375 - INFO - 查找验证码输入框...
2025-11-30 10:58:45,434 - INFO - 验证码填写完成
2025-11-30 10:58:45,434 - INFO - 验证码填写完成，点击登录按钮...
2025-11-30 10:58:45,434 - INFO - 查找并点击登录按钮...
2025-11-30 10:58:45,802 - INFO - 已点击登录按钮
2025-11-30 10:58:52,823 - INFO - 开始填写登录表单...
2025-11-30 10:58:52,886 - INFO - 用户名填写完成
2025-11-30 10:58:52,946 - INFO - 密码填写完成
2025-11-30 10:58:52,946 - INFO - 验证码图片已保存到 /home/runner/work/nju_electric_monitor/nju_electric_monitor/src/../data/captcha_debug.png
2025-11-30 10:58:52,947 - INFO - 验证码识别尝试 11/50
2025-11-30 10:58:52,947 - INFO - 开始识别验证码...
2025-11-30 10:58:53,055 - INFO - 验证码识别结果: 8VBC
2025-11-30 10:58:53,055 - INFO - 查找验证码输入框...
2025-11-30 10:58:53,114 - INFO - 验证码填写完成
2025-11-30 10:58:53,114 - INFO - 验证码填写完成，点击登录按钮...
2025-11-30 10:58:53,114 - INFO - 查找并点击登录按钮...
2025-11-30 10:58:53,171 - INFO - 已点击登录按钮
2025-11-30 10:59:00,191 - INFO - 开始填写登录表单...
2025-11-30 10:59:00,253 - INFO - 用户名填写完成
2025-11-30 10:59:00,314 - INFO - 密码填写完成
2025-11-30 10:59:00,314 - INFO - 验证码图片已保存到 /home/runner/work/nju_electric_monitor/nju_electric_monitor/src/../data/captcha_debug.png
2025-11-30 10:59:00,314 - INFO - 验证码识别尝试 12/50
2025-11-30 10:59:00,314 - INFO - 开始识别验证码...
2025-11-30 10:59:00,411 - INFO - 验证码识别结果: 8VBC
2025-11-30 10:59:00,412 - INFO - 查找验证码输入框...
2025-11-30 10:59:00,470 - INFO - 验证码填写完成
2025-11-30 10:59:00,470 - INFO - 验证码填写完成，点击登录按钮...
2025-11-30 10:59:00,470 - INFO - 查找并点击登录按钮...
2025-11-30 10:59:00,851 - INFO - 已点击登录按钮
2025-11-30 10:59:07,871 - INFO - 开始填写登录表单...
2025-11-30 10:59:07,933 - INFO - 用户名填写完成
2025-11-30 10:59:07,993 - INFO - 密码填写完成
2025-11-30 10:59:07,994 - INFO - 验证码图片已保存到 /home/runner/work/nju_electric_monitor/nju_electric_monitor/src/../data/captcha_debug.png
2025-11-30 10:59:07,994 - INFO - 验证码识别尝试 13/50
2025-11-30 10:59:07,994 - INFO - 开始识别验证码...
2025-11-30 10:59:08,093 - INFO - 验证码识别结果: 8VBC
2025-11-30 10:59:08,093 - INFO - 查找验证码输入框...
2025-11-30 10:59:08,152 - INFO - 验证码填写完成
2025-11-30 10:59:08,152 - INFO - 验证码填写完成，点击登录按钮...
2025-11-30 10:59:08,152 - INFO - 查找并点击登录按钮...
2025-11-30 10:59:08,209 - INFO - 已点击登录按钮
2025-11-30 10:59:15,230 - INFO - 开始填写登录表单...
2025-11-30 10:59:15,292 - INFO - 用户名填写完成
2025-11-30 10:59:15,353 - INFO - 密码填写完成
2025-11-30 10:59:15,353 - INFO - 验证码图片已保存到 /home/runner/work/nju_electric_monitor/nju_electric_monitor/src/../data/captcha_debug.png
2025-11-30 10:59:15,353 - INFO - 验证码识别尝试 14/50
2025-11-30 10:59:15,353 - INFO - 开始识别验证码...
2025-11-30 10:59:15,451 - INFO - 验证码识别结果: 8VBC
2025-11-30 10:59:15,451 - INFO - 查找验证码输入框...
2025-11-30 10:59:15,510 - INFO - 验证码填写完成
2025-11-30 10:59:15,510 - INFO - 验证码填写完成，点击登录按钮...
2025-11-30 10:59:15,510 - INFO - 查找并点击登录按钮...
2025-11-30 10:59:15,888 - INFO - 已点击登录按钮
2025-11-30 10:59:22,909 - INFO - 开始填写登录表单...
2025-11-30 10:59:22,971 - INFO - 用户名填写完成
2025-11-30 10:59:23,031 - INFO - 密码填写完成
2025-11-30 10:59:23,032 - INFO - 验证码图片已保存到 /home/runner/work/nju_electric_monitor/nju_electric_monitor/src/../data/captcha_debug.png
2025-11-30 10:59:23,032 - INFO - 验证码识别尝试 15/50
2025-11-30 10:59:23,032 - INFO - 开始识别验证码...
2025-11-30 10:59:23,130 - INFO - 验证码识别结果: 8VBC
2025-11-30 10:59:23,130 - INFO - 查找验证码输入框...
2025-11-30 10:59:23,188 - INFO - 验证码填写完成
2025-11-30 10:59:23,188 - INFO - 验证码填写完成，点击登录按钮...
2025-11-30 10:59:23,188 - INFO - 查找并点击登录按钮...
2025-11-30 10:59:23,544 - INFO - 已点击登录按钮
2025-11-30 10:59:30,565 - INFO - 开始填写登录表单...
2025-11-30 10:59:30,630 - INFO - 用户名填写完成
2025-11-30 10:59:30,691 - INFO - 密码填写完成
2025-11-30 10:59:30,692 - INFO - 验证码图片已保存到 /home/runner/work/nju_electric_monitor/nju_electric_monitor/src/../data/captcha_debug.png
2025-11-30 10:59:30,692 - INFO - 验证码识别尝试 16/50
2025-11-30 10:59:30,692 - INFO - 开始识别验证码...
2025-11-30 10:59:30,790 - INFO - 验证码识别结果: 8VBC
2025-11-30 10:59:30,791 - INFO - 查找验证码输入框...
2025-11-30 10:59:30,851 - INFO - 验证码填写完成
2025-11-30 10:59:30,851 - INFO - 验证码填写完成，点击登录按钮...
2025-11-30 10:59:30,851 - INFO - 查找并点击登录按钮...
2025-11-30 10:59:31,211 - INFO - 已点击登录按钮
2025-11-30 10:59:38,233 - INFO - 开始填写登录表单...
2025-11-30 10:59:38,298 - INFO - 用户名填写完成
2025-11-30 10:59:38,360 - INFO - 密码填写完成
2025-11-30 10:59:38,361 - INFO - 验证码图片已保存到 /home/runner/work/nju_electric_monitor/nju_electric_monitor/src/../data/captcha_debug.png
2025-11-30 10:59:38,361 - INFO - 验证码识别尝试 17/50
2025-11-30 10:59:38,361 - INFO - 开始识别验证码...
2025-11-30 10:59:38,464 - INFO - 验证码识别结果: 8VBC
2025-11-30 10:59:38,464 - INFO - 查找验证码输入框...
2025-11-30 10:59:38,525 - INFO - 验证码填写完成
2025-11-30 10:59:38,526 - INFO - 验证码填写完成，点击登录按钮...
2025-11-30 10:59:38,526 - INFO - 查找并点击登录按钮...
2025-11-30 10:59:38,884 - INFO - 已点击登录按钮
2025-11-30 10:59:45,905 - INFO - 开始填写登录表单...
2025-11-30 10:59:45,967 - INFO - 用户名填写完成
2025-11-30 10:59:46,027 - INFO - 密码填写完成
2025-11-30 10:59:46,028 - INFO - 验证码图片已保存到 /home/runner/work/nju_electric_monitor/nju_electric_monitor/src/../data/captcha_debug.png
2025-11-30 10:59:46,028 - INFO - 验证码识别尝试 18/50
2025-11-30 10:59:46,028 - INFO - 开始识别验证码...
2025-11-30 10:59:46,126 - INFO - 验证码识别结果: 8VBC
2025-11-30 10:59:46,126 - INFO - 查找验证码输入框...
2025-11-30 10:59:46,185 - INFO - 验证码填写完成
2025-11-30 10:59:46,185 - INFO - 验证码填写完成，点击登录按钮...
2025-11-30 10:59:46,185 - INFO - 查找并点击登录按钮...
2025-11-30 10:59:46,546 - INFO - 已点击登录按钮
2025-11-30 10:59:53,567 - INFO - 开始填写登录表单...
2025-11-30 10:59:53,628 - INFO - 用户名填写完成
2025-11-30 10:59:53,687 - INFO - 密码填写完成
2025-11-30 10:59:53,688 - INFO - 验证码图片已保存到 /home/runner/work/nju_electric_monitor/nju_electric_monitor/src/../data/captcha_debug.png
2025-11-30 10:59:53,688 - INFO - 验证码识别尝试 19/50
2025-11-30 10:59:53,688 - INFO - 开始识别验证码...
2025-11-30 10:59:53,786 - INFO - 验证码识别结果: 8VBC
2025-11-30 10:59:53,786 - INFO - 查找验证码输入框...
2025-11-30 10:59:53,843 - INFO - 验证码填写完成
2025-11-30 10:59:53,843 - INFO - 验证码填写完成，点击登录按钮...
2025-11-30 10:59:53,843 - INFO - 查找并点击登录按钮...
2025-11-30 10:59:53,901 - INFO - 已点击登录按钮
2025-11-30 11:00:00,922 - INFO - 开始填写登录表单...
2025-11-30 11:00:00,982 - INFO - 用户名填写完成
2025-11-30 11:00:01,040 - INFO - 密码填写完成
2025-11-30 11:00:01,041 - INFO - 验证码图片已保存到 /home/runner/work/nju_electric_monitor/nju_electric_monitor/src/../data/captcha_debug.png
2025-11-30 11:00:01,041 - INFO - 验证码识别尝试 20/50
2025-11-30 11:00:01,041 - INFO - 开始识别验证码...
2025-11-30 11:00:01,138 - INFO - 验证码识别结果: 8VBC
2025-11-30 11:00:01,139 - INFO - 查找验证码输入框...
2025-11-30 11:00:01,196 - INFO - 验证码填写完成
2025-11-30 11:00:01,196 - INFO - 验证码填写完成，点击登录按钮...
2025-11-30 11:00:01,196 - INFO - 查找并点击登录按钮...
2025-11-30 11:00:01,253 - INFO - 已点击登录按钮
2025-11-30 11:00:08,273 - INFO - 开始填写登录表单...
2025-11-30 11:00:08,334 - INFO - 用户名填写完成
2025-11-30 11:00:08,392 - INFO - 密码填写完成
2025-11-30 11:00:08,392 - INFO - 验证码图片已保存到 /home/runner/work/nju_electric_monitor/nju_electric_monitor/src/../data/captcha_debug.png
2025-11-30 11:00:08,393 - INFO - 验证码识别尝试 21/50
2025-11-30 11:00:08,393 - INFO - 开始识别验证码...
2025-11-30 11:00:08,490 - INFO - 验证码识别结果: 8VBC
2025-11-30 11:00:08,490 - INFO - 查找验证码输入框...
2025-11-30 11:00:08,546 - INFO - 验证码填写完成
2025-11-30 11:00:08,546 - INFO - 验证码填写完成，点击登录按钮...
2025-11-30 11:00:08,547 - INFO - 查找并点击登录按钮...
2025-11-30 11:00:08,603 - INFO - 已点击登录按钮
2025-11-30 11:00:15,623 - INFO - 开始填写登录表单...
2025-11-30 11:00:15,684 - INFO - 用户名填写完成
2025-11-30 11:00:15,744 - INFO - 密码填写完成
2025-11-30 11:00:15,744 - INFO - 验证码图片已保存到 /home/runner/work/nju_electric_monitor/nju_electric_monitor/src/../data/captcha_debug.png
2025-11-30 11:00:15,744 - INFO - 验证码识别尝试 22/50
2025-11-30 11:00:15,744 - INFO - 开始识别验证码...
2025-11-30 11:00:15,843 - INFO - 验证码识别结果: 8VBC
2025-11-30 11:00:15,843 - INFO - 查找验证码输入框...
2025-11-30 11:00:15,900 - INFO - 验证码填写完成
2025-11-30 11:00:15,900 - INFO - 验证码填写完成，点击登录按钮...
2025-11-30 11:00:15,900 - INFO - 查找并点击登录按钮...
2025-11-30 11:00:15,958 - INFO - 已点击登录按钮
2025-11-30 11:00:22,977 - INFO - 开始填写登录表单...
2025-11-30 11:00:23,039 - INFO - 用户名填写完成
2025-11-30 11:00:23,110 - INFO - 密码填写完成
2025-11-30 11:00:23,111 - INFO - 验证码图片已保存到 /home/runner/work/nju_electric_monitor/nju_electric_monitor/src/../data/captcha_debug.png
2025-11-30 11:00:23,111 - INFO - 验证码识别尝试 23/50
2025-11-30 11:00:23,111 - INFO - 开始识别验证码...
2025-11-30 11:00:23,220 - INFO - 验证码识别结果: 8VBC
2025-11-30 11:00:23,221 - INFO - 查找验证码输入框...
2025-11-30 11:00:23,278 - INFO - 验证码填写完成
2025-11-30 11:00:23,278 - INFO - 验证码填写完成，点击登录按钮...
2025-11-30 11:00:23,278 - INFO - 查找并点击登录按钮...
2025-11-30 11:00:23,336 - INFO - 已点击登录按钮
2025-11-30 11:00:30,357 - INFO - 开始填写登录表单...
2025-11-30 11:00:30,417 - INFO - 用户名填写完成
2025-11-30 11:00:30,477 - INFO - 密码填写完成
2025-11-30 11:00:30,478 - INFO - 验证码图片已保存到 /home/runner/work/nju_electric_monitor/nju_electric_monitor/src/../data/captcha_debug.png
2025-11-30 11:00:30,478 - INFO - 验证码识别尝试 24/50
2025-11-30 11:00:30,478 - INFO - 开始识别验证码...
2025-11-30 11:00:30,576 - INFO - 验证码识别结果: 8VBC
2025-11-30 11:00:30,576 - INFO - 查找验证码输入框...
2025-11-30 11:00:30,634 - INFO - 验证码填写完成
2025-11-30 11:00:30,634 - INFO - 验证码填写完成，点击登录按钮...
2025-11-30 11:00:30,634 - INFO - 查找并点击登录按钮...
2025-11-30 11:00:31,015 - INFO - 已点击登录按钮
2025-11-30 11:00:38,035 - INFO - 开始填写登录表单...
2025-11-30 11:00:38,095 - INFO - 用户名填写完成
2025-11-30 11:00:38,152 - INFO - 密码填写完成
2025-11-30 11:00:38,153 - INFO - 验证码图片已保存到 /home/runner/work/nju_electric_monitor/nju_electric_monitor/src/../data/captcha_debug.png
2025-11-30 11:00:38,153 - INFO - 验证码识别尝试 25/50
2025-11-30 11:00:38,153 - INFO - 开始识别验证码...
2025-11-30 11:00:38,252 - INFO - 验证码识别结果: 8VBC
2025-11-30 11:00:38,252 - INFO - 查找验证码输入框...
2025-11-30 11:00:38,310 - INFO - 验证码填写完成
2025-11-30 11:00:38,310 - INFO - 验证码填写完成，点击登录按钮...
2025-11-30 11:00:38,310 - INFO - 查找并点击登录按钮...
2025-11-30 11:00:38,367 - INFO - 已点击登录按钮
2025-11-30 11:00:45,387 - INFO - 开始填写登录表单...
2025-11-30 11:00:45,446 - INFO - 用户名填写完成
2025-11-30 11:00:45,505 - INFO - 密码填写完成
2025-11-30 11:00:45,505 - INFO - 验证码图片已保存到 /home/runner/work/nju_electric_monitor/nju_electric_monitor/src/../data/captcha_debug.png
2025-11-30 11:00:45,505 - INFO - 验证码识别尝试 26/50
2025-11-30 11:00:45,505 - INFO - 开始识别验证码...
2025-11-30 11:00:45,610 - INFO - 验证码识别结果: 8VBC
2025-11-30 11:00:45,610 - INFO - 查找验证码输入框...
2025-11-30 11:00:45,667 - INFO - 验证码填写完成
2025-11-30 11:00:45,667 - INFO - 验证码填写完成，点击登录按钮...
2025-11-30 11:00:45,667 - INFO - 查找并点击登录按钮...
2025-11-30 11:00:46,048 - INFO - 已点击登录按钮
2025-11-30 11:00:53,068 - INFO - 开始填写登录表单...
2025-11-30 11:00:53,128 - INFO - 用户名填写完成
2025-11-30 11:00:53,187 - INFO - 密码填写完成
2025-11-30 11:00:53,187 - INFO - 验证码图片已保存到 /home/runner/work/nju_electric_monitor/nju_electric_monitor/src/../data/captcha_debug.png
2025-11-30 11:00:53,187 - INFO - 验证码识别尝试 27/50
2025-11-30 11:00:53,187 - INFO - 开始识别验证码...
2025-11-30 11:00:53,293 - INFO - 验证码识别结果: 8VBC
2025-11-30 11:00:53,293 - INFO - 查找验证码输入框...
2025-11-30 11:00:53,350 - INFO - 验证码填写完成
2025-11-30 11:00:53,350 - INFO - 验证码填写完成，点击登录按钮...
2025-11-30 11:00:53,350 - INFO - 查找并点击登录按钮...
2025-11-30 11:00:53,406 - INFO - 已点击登录按钮
2025-11-30 11:01:00,426 - INFO - 开始填写登录表单...
2025-11-30 11:01:00,486 - INFO - 用户名填写完成
2025-11-30 11:01:00,545 - INFO - 密码填写完成
2025-11-30 11:01:00,546 - INFO - 验证码图片已保存到 /home/runner/work/nju_electric_monitor/nju_electric_monitor/src/../data/captcha_debug.png
2025-11-30 11:01:00,546 - INFO - 验证码识别尝试 28/50
2025-11-30 11:01:00,546 - INFO - 开始识别验证码...
2025-11-30 11:01:00,654 - INFO - 验证码识别结果: 8VBC
2025-11-30 11:01:00,654 - INFO - 查找验证码输入框...
2025-11-30 11:01:00,712 - INFO - 验证码填写完成
2025-11-30 11:01:00,712 - INFO - 验证码填写完成，点击登录按钮...
2025-11-30 11:01:00,712 - INFO - 查找并点击登录按钮...
2025-11-30 11:01:00,770 - INFO - 已点击登录按钮
2025-11-30 11:01:07,791 - INFO - 开始填写登录表单...
2025-11-30 11:01:07,850 - INFO - 用户名填写完成
2025-11-30 11:01:07,909 - INFO - 密码填写完成
2025-11-30 11:01:07,909 - INFO - 验证码图片已保存到 /home/runner/work/nju_electric_monitor/nju_electric_monitor/src/../data/captcha_debug.png
2025-11-30 11:01:07,909 - INFO - 验证码识别尝试 29/50
2025-11-30 11:01:07,909 - INFO - 开始识别验证码...
2025-11-30 11:01:08,009 - INFO - 验证码识别结果: 8VBC
2025-11-30 11:01:08,009 - INFO - 查找验证码输入框...
2025-11-30 11:01:08,065 - INFO - 验证码填写完成
2025-11-30 11:01:08,066 - INFO - 验证码填写完成，点击登录按钮...
2025-11-30 11:01:08,066 - INFO - 查找并点击登录按钮...
2025-11-30 11:01:08,444 - INFO - 已点击登录按钮
2025-11-30 11:01:15,464 - INFO - 开始填写登录表单...
2025-11-30 11:01:15,526 - INFO - 用户名填写完成
2025-11-30 11:01:15,584 - INFO - 密码填写完成
2025-11-30 11:01:15,585 - INFO - 验证码图片已保存到 /home/runner/work/nju_electric_monitor/nju_electric_monitor/src/../data/captcha_debug.png
2025-11-30 11:01:15,585 - INFO - 验证码识别尝试 30/50
2025-11-30 11:01:15,585 - INFO - 开始识别验证码...
2025-11-30 11:01:15,682 - INFO - 验证码识别结果: 8VBC
2025-11-30 11:01:15,682 - INFO - 查找验证码输入框...
2025-11-30 11:01:15,739 - INFO - 验证码填写完成
2025-11-30 11:01:15,739 - INFO - 验证码填写完成，点击登录按钮...
2025-11-30 11:01:15,740 - INFO - 查找并点击登录按钮...
2025-11-30 11:01:16,089 - INFO - 已点击登录按钮
2025-11-30 11:01:23,109 - INFO - 开始填写登录表单...
2025-11-30 11:01:23,169 - INFO - 用户名填写完成
2025-11-30 11:01:23,227 - INFO - 密码填写完成
2025-11-30 11:01:23,228 - INFO - 验证码图片已保存到 /home/runner/work/nju_electric_monitor/nju_electric_monitor/src/../data/captcha_debug.png
2025-11-30 11:01:23,228 - INFO - 验证码识别尝试 31/50
2025-11-30 11:01:23,228 - INFO - 开始识别验证码...
2025-11-30 11:01:23,326 - INFO - 验证码识别结果: 8VBC
2025-11-30 11:01:23,326 - INFO - 查找验证码输入框...
2025-11-30 11:01:23,382 - INFO - 验证码填写完成
2025-11-30 11:01:23,382 - INFO - 验证码填写完成，点击登录按钮...
2025-11-30 11:01:23,382 - INFO - 查找并点击登录按钮...
2025-11-30 11:01:23,438 - INFO - 已点击登录按钮
2025-11-30 11:01:30,458 - INFO - 开始填写登录表单...
2025-11-30 11:01:30,521 - INFO - 用户名填写完成
2025-11-30 11:01:30,580 - INFO - 密码填写完成
2025-11-30 11:01:30,581 - INFO - 验证码图片已保存到 /home/runner/work/nju_electric_monitor/nju_electric_monitor/src/../data/captcha_debug.png
2025-11-30 11:01:30,581 - INFO - 验证码识别尝试 32/50
2025-11-30 11:01:30,581 - INFO - 开始识别验证码...
2025-11-30 11:01:30,677 - INFO - 验证码识别结果: 8VBC
2025-11-30 11:01:30,678 - INFO - 查找验证码输入框...
2025-11-30 11:01:30,735 - INFO - 验证码填写完成
2025-11-30 11:01:30,735 - INFO - 验证码填写完成，点击登录按钮...
2025-11-30 11:01:30,735 - INFO - 查找并点击登录按钮...
2025-11-30 11:01:31,114 - INFO - 已点击登录按钮
2025-11-30 11:01:38,134 - INFO - 开始填写登录表单...
2025-11-30 11:01:38,195 - INFO - 用户名填写完成
2025-11-30 11:01:38,253 - INFO - 密码填写完成
2025-11-30 11:01:38,254 - INFO - 验证码图片已保存到 /home/runner/work/nju_electric_monitor/nju_electric_monitor/src/../data/captcha_debug.png
2025-11-30 11:01:38,254 - INFO - 验证码识别尝试 33/50
2025-11-30 11:01:38,254 - INFO - 开始识别验证码...
2025-11-30 11:01:38,353 - INFO - 验证码识别结果: 8VBC
2025-11-30 11:01:38,353 - INFO - 查找验证码输入框...
2025-11-30 11:01:38,410 - INFO - 验证码填写完成
2025-11-30 11:01:38,411 - INFO - 验证码填写完成，点击登录按钮...
2025-11-30 11:01:38,411 - INFO - 查找并点击登录按钮...
2025-11-30 11:01:38,467 - INFO - 已点击登录按钮
2025-11-30 11:01:45,487 - INFO - 开始填写登录表单...
2025-11-30 11:01:45,547 - INFO - 用户名填写完成
2025-11-30 11:01:45,607 - INFO - 密码填写完成
2025-11-30 11:01:45,608 - INFO - 验证码图片已保存到 /home/runner/work/nju_electric_monitor/nju_electric_monitor/src/../data/captcha_debug.png
2025-11-30 11:01:45,608 - INFO - 验证码识别尝试 34/50
2025-11-30 11:01:45,608 - INFO - 开始识别验证码...
2025-11-30 11:01:45,714 - INFO - 验证码识别结果: 8VBC
2025-11-30 11:01:45,715 - INFO - 查找验证码输入框...
2025-11-30 11:01:45,772 - INFO - 验证码填写完成
2025-11-30 11:01:45,772 - INFO - 验证码填写完成，点击登录按钮...
2025-11-30 11:01:45,772 - INFO - 查找并点击登录按钮...
2025-11-30 11:01:46,152 - INFO - 已点击登录按钮
2025-11-30 11:01:53,172 - INFO - 开始填写登录表单...
2025-11-30 11:01:53,231 - INFO - 用户名填写完成
2025-11-30 11:01:53,290 - INFO - 密码填写完成
2025-11-30 11:01:53,291 - INFO - 验证码图片已保存到 /home/runner/work/nju_electric_monitor/nju_electric_monitor/src/../data/captcha_debug.png
2025-11-30 11:01:53,291 - INFO - 验证码识别尝试 35/50
2025-11-30 11:01:53,291 - INFO - 开始识别验证码...
2025-11-30 11:01:53,388 - INFO - 验证码识别结果: 8VBC
2025-11-30 11:01:53,388 - INFO - 查找验证码输入框...
2025-11-30 11:01:53,444 - INFO - 验证码填写完成
2025-11-30 11:01:53,444 - INFO - 验证码填写完成，点击登录按钮...
2025-11-30 11:01:53,444 - INFO - 查找并点击登录按钮...
2025-11-30 11:01:53,500 - INFO - 已点击登录按钮
2025-11-30 11:02:00,520 - INFO - 开始填写登录表单...
2025-11-30 11:02:00,581 - INFO - 用户名填写完成
2025-11-30 11:02:00,641 - INFO - 密码填写完成
2025-11-30 11:02:00,642 - INFO - 验证码图片已保存到 /home/runner/work/nju_electric_monitor/nju_electric_monitor/src/../data/captcha_debug.png
2025-11-30 11:02:00,642 - INFO - 验证码识别尝试 36/50
2025-11-30 11:02:00,642 - INFO - 开始识别验证码...
2025-11-30 11:02:00,739 - INFO - 验证码识别结果: 8VBC
2025-11-30 11:02:00,739 - INFO - 查找验证码输入框...
2025-11-30 11:02:00,796 - INFO - 验证码填写完成
2025-11-30 11:02:00,796 - INFO - 验证码填写完成，点击登录按钮...
2025-11-30 11:02:00,796 - INFO - 查找并点击登录按钮...
2025-11-30 11:02:00,853 - INFO - 已点击登录按钮
2025-11-30 11:02:07,873 - INFO - 开始填写登录表单...
2025-11-30 11:02:07,934 - INFO - 用户名填写完成
2025-11-30 11:02:07,993 - INFO - 密码填写完成
2025-11-30 11:02:07,994 - INFO - 验证码图片已保存到 /home/runner/work/nju_electric_monitor/nju_electric_monitor/src/../data/captcha_debug.png
2025-11-30 11:02:07,994 - INFO - 验证码识别尝试 37/50
2025-11-30 11:02:07,994 - INFO - 开始识别验证码...
2025-11-30 11:02:08,094 - INFO - 验证码识别结果: 8VBC
2025-11-30 11:02:08,094 - INFO - 查找验证码输入框...
2025-11-30 11:02:08,149 - INFO - 验证码填写完成
2025-11-30 11:02:08,150 - INFO - 验证码填写完成，点击登录按钮...
2025-11-30 11:02:08,150 - INFO - 查找并点击登录按钮...
2025-11-30 11:02:08,526 - INFO - 已点击登录按钮
2025-11-30 11:02:15,546 - INFO - 开始填写登录表单...
2025-11-30 11:02:15,607 - INFO - 用户名填写完成
2025-11-30 11:02:15,666 - INFO - 密码填写完成
2025-11-30 11:02:15,667 - INFO - 验证码图片已保存到 /home/runner/work/nju_electric_monitor/nju_electric_monitor/src/../data/captcha_debug.png
2025-11-30 11:02:15,667 - INFO - 验证码识别尝试 38/50
2025-11-30 11:02:15,667 - INFO - 开始识别验证码...
2025-11-30 11:02:15,765 - INFO - 验证码识别结果: 8VBC
2025-11-30 11:02:15,765 - INFO - 查找验证码输入框...
2025-11-30 11:02:15,822 - INFO - 验证码填写完成
2025-11-30 11:02:15,822 - INFO - 验证码填写完成，点击登录按钮...
2025-11-30 11:02:15,822 - INFO - 查找并点击登录按钮...
2025-11-30 11:02:16,194 - INFO - 已点击登录按钮
2025-11-30 11:02:23,214 - INFO - 开始填写登录表单...
2025-11-30 11:02:23,276 - INFO - 用户名填写完成
2025-11-30 11:02:23,335 - INFO - 密码填写完成
2025-11-30 11:02:23,336 - INFO - 验证码图片已保存到 /home/runner/work/nju_electric_monitor/nju_electric_monitor/src/../data/captcha_debug.png
2025-11-30 11:02:23,336 - INFO - 验证码识别尝试 39/50
2025-11-30 11:02:23,336 - INFO - 开始识别验证码...
2025-11-30 11:02:23,433 - INFO - 验证码识别结果: 8VBC
2025-11-30 11:02:23,433 - INFO - 查找验证码输入框...
2025-11-30 11:02:23,489 - INFO - 验证码填写完成
2025-11-30 11:02:23,489 - INFO - 验证码填写完成，点击登录按钮...
2025-11-30 11:02:23,489 - INFO - 查找并点击登录按钮...
2025-11-30 11:02:23,546 - INFO - 已点击登录按钮
2025-11-30 11:02:30,566 - INFO - 开始填写登录表单...
2025-11-30 11:02:30,627 - INFO - 用户名填写完成
2025-11-30 11:02:30,688 - INFO - 密码填写完成
2025-11-30 11:02:30,688 - INFO - 验证码图片已保存到 /home/runner/work/nju_electric_monitor/nju_electric_monitor/src/../data/captcha_debug.png
2025-11-30 11:02:30,688 - INFO - 验证码识别尝试 40/50
2025-11-30 11:02:30,689 - INFO - 开始识别验证码...
2025-11-30 11:02:30,787 - INFO - 验证码识别结果: 8VBC
2025-11-30 11:02:30,787 - INFO - 查找验证码输入框...
2025-11-30 11:02:30,844 - INFO - 验证码填写完成
2025-11-30 11:02:30,845 - INFO - 验证码填写完成，点击登录按钮...
2025-11-30 11:02:30,845 - INFO - 查找并点击登录按钮...
2025-11-30 11:02:30,902 - INFO - 已点击登录按钮
2025-11-30 11:02:37,922 - INFO - 开始填写登录表单...
2025-11-30 11:02:37,981 - INFO - 用户名填写完成
2025-11-30 11:02:38,041 - INFO - 密码填写完成
2025-11-30 11:02:38,042 - INFO - 验证码图片已保存到 /home/runner/work/nju_electric_monitor/nju_electric_monitor/src/../data/captcha_debug.png
2025-11-30 11:02:38,042 - INFO - 验证码识别尝试 41/50
2025-11-30 11:02:38,042 - INFO - 开始识别验证码...
2025-11-30 11:02:38,139 - INFO - 验证码识别结果: 8VBC
2025-11-30 11:02:38,139 - INFO - 查找验证码输入框...
2025-11-30 11:02:38,196 - INFO - 验证码填写完成
2025-11-30 11:02:38,196 - INFO - 验证码填写完成，点击登录按钮...
2025-11-30 11:02:38,196 - INFO - 查找并点击登录按钮...
2025-11-30 11:02:38,574 - INFO - 已点击登录按钮
2025-11-30 11:02:45,594 - INFO - 开始填写登录表单...
2025-11-30 11:02:45,657 - INFO - 用户名填写完成
2025-11-30 11:02:45,716 - INFO - 密码填写完成
2025-11-30 11:02:45,717 - INFO - 验证码图片已保存到 /home/runner/work/nju_electric_monitor/nju_electric_monitor/src/../data/captcha_debug.png
2025-11-30 11:02:45,717 - INFO - 验证码识别尝试 42/50
2025-11-30 11:02:45,717 - INFO - 开始识别验证码...
2025-11-30 11:02:45,820 - INFO - 验证码识别结果: 8VBC
2025-11-30 11:02:45,821 - INFO - 查找验证码输入框...
2025-11-30 11:02:45,878 - INFO - 验证码填写完成
2025-11-30 11:02:45,879 - INFO - 验证码填写完成，点击登录按钮...
2025-11-30 11:02:45,879 - INFO - 查找并点击登录按钮...
2025-11-30 11:02:46,232 - INFO - 已点击登录按钮
2025-11-30 11:02:53,252 - INFO - 开始填写登录表单...
2025-11-30 11:02:53,312 - INFO - 用户名填写完成
2025-11-30 11:02:53,371 - INFO - 密码填写完成
2025-11-30 11:02:53,371 - INFO - 验证码图片已保存到 /home/runner/work/nju_electric_monitor/nju_electric_monitor/src/../data/captcha_debug.png
2025-11-30 11:02:53,372 - INFO - 验证码识别尝试 43/50
2025-11-30 11:02:53,372 - INFO - 开始识别验证码...
2025-11-30 11:02:53,468 - INFO - 验证码识别结果: 8VBC
2025-11-30 11:02:53,468 - INFO - 查找验证码输入框...
2025-11-30 11:02:53,524 - INFO - 验证码填写完成
2025-11-30 11:02:53,524 - INFO - 验证码填写完成，点击登录按钮...
2025-11-30 11:02:53,524 - INFO - 查找并点击登录按钮...
2025-11-30 11:02:53,581 - INFO - 已点击登录按钮
2025-11-30 11:03:00,602 - INFO - 开始填写登录表单...
2025-11-30 11:03:00,662 - INFO - 用户名填写完成
2025-11-30 11:03:00,722 - INFO - 密码填写完成
2025-11-30 11:03:00,723 - INFO - 验证码图片已保存到 /home/runner/work/nju_electric_monitor/nju_electric_monitor/src/../data/captcha_debug.png
2025-11-30 11:03:00,723 - INFO - 验证码识别尝试 44/50
2025-11-30 11:03:00,723 - INFO - 开始识别验证码...
2025-11-30 11:03:00,821 - INFO - 验证码识别结果: 8VBC
2025-11-30 11:03:00,821 - INFO - 查找验证码输入框...
2025-11-30 11:03:00,878 - INFO - 验证码填写完成
2025-11-30 11:03:00,878 - INFO - 验证码填写完成，点击登录按钮...
2025-11-30 11:03:00,878 - INFO - 查找并点击登录按钮...
2025-11-30 11:03:01,265 - INFO - 已点击登录按钮
2025-11-30 11:03:08,285 - INFO - 开始填写登录表单...
2025-11-30 11:03:08,345 - INFO - 用户名填写完成
2025-11-30 11:03:08,403 - INFO - 密码填写完成
2025-11-30 11:03:08,403 - INFO - 验证码图片已保存到 /home/runner/work/nju_electric_monitor/nju_electric_monitor/src/../data/captcha_debug.png
2025-11-30 11:03:08,403 - INFO - 验证码识别尝试 45/50
2025-11-30 11:03:08,403 - INFO - 开始识别验证码...
2025-11-30 11:03:08,502 - INFO - 验证码识别结果: 8VBC
2025-11-30 11:03:08,502 - INFO - 查找验证码输入框...
2025-11-30 11:03:08,559 - INFO - 验证码填写完成
2025-11-30 11:03:08,559 - INFO - 验证码填写完成，点击登录按钮...
2025-11-30 11:03:08,560 - INFO - 查找并点击登录按钮...
2025-11-30 11:03:08,617 - INFO - 已点击登录按钮
2025-11-30 11:03:15,640 - INFO - 开始填写登录表单...
2025-11-30 11:03:15,700 - INFO - 用户名填写完成
2025-11-30 11:03:15,760 - INFO - 密码填写完成
2025-11-30 11:03:15,760 - INFO - 验证码图片已保存到 /home/runner/work/nju_electric_monitor/nju_electric_monitor/src/../data/captcha_debug.png
2025-11-30 11:03:15,760 - INFO - 验证码识别尝试 46/50
2025-11-30 11:03:15,760 - INFO - 开始识别验证码...
2025-11-30 11:03:15,866 - INFO - 验证码识别结果: 8VBC
2025-11-30 11:03:15,866 - INFO - 查找验证码输入框...
2025-11-30 11:03:15,923 - INFO - 验证码填写完成
2025-11-30 11:03:15,924 - INFO - 验证码填写完成，点击登录按钮...
2025-11-30 11:03:15,924 - INFO - 查找并点击登录按钮...
2025-11-30 11:03:15,981 - INFO - 已点击登录按钮
2025-11-30 11:03:23,002 - INFO - 开始填写登录表单...
2025-11-30 11:03:23,061 - INFO - 用户名填写完成
2025-11-30 11:03:23,120 - INFO - 密码填写完成
2025-11-30 11:03:23,120 - INFO - 验证码图片已保存到 /home/runner/work/nju_electric_monitor/nju_electric_monitor/src/../data/captcha_debug.png
2025-11-30 11:03:23,121 - INFO - 验证码识别尝试 47/50
2025-11-30 11:03:23,121 - INFO - 开始识别验证码...
2025-11-30 11:03:23,217 - INFO - 验证码识别结果: 8VBC
2025-11-30 11:03:23,217 - INFO - 查找验证码输入框...
2025-11-30 11:03:23,275 - INFO - 验证码填写完成
2025-11-30 11:03:23,275 - INFO - 验证码填写完成，点击登录按钮...
2025-11-30 11:03:23,275 - INFO - 查找并点击登录按钮...
2025-11-30 11:03:23,333 - INFO - 已点击登录按钮
2025-11-30 11:03:30,353 - INFO - 开始填写登录表单...
2025-11-30 11:03:30,413 - INFO - 用户名填写完成
2025-11-30 11:03:30,472 - INFO - 密码填写完成
2025-11-30 11:03:30,473 - INFO - 验证码图片已保存到 /home/runner/work/nju_electric_monitor/nju_electric_monitor/src/../data/captcha_debug.png
2025-11-30 11:03:30,473 - INFO - 验证码识别尝试 48/50
2025-11-30 11:03:30,473 - INFO - 开始识别验证码...
2025-11-30 11:03:30,572 - INFO - 验证码识别结果: 8VBC
2025-11-30 11:03:30,572 - INFO - 查找验证码输入框...
2025-11-30 11:03:30,629 - INFO - 验证码填写完成
2025-11-30 11:03:30,629 - INFO - 验证码填写完成，点击登录按钮...
2025-11-30 11:03:30,629 - INFO - 查找并点击登录按钮...
2025-11-30 11:03:31,015 - INFO - 已点击登录按钮
2025-11-30 11:03:38,034 - INFO - 开始填写登录表单...
2025-11-30 11:03:38,096 - INFO - 用户名填写完成
2025-11-30 11:03:38,154 - INFO - 密码填写完成
2025-11-30 11:03:38,155 - INFO - 验证码图片已保存到 /home/runner/work/nju_electric_monitor/nju_electric_monitor/src/../data/captcha_debug.png
2025-11-30 11:03:38,155 - INFO - 验证码识别尝试 49/50
2025-11-30 11:03:38,155 - INFO - 开始识别验证码...
2025-11-30 11:03:38,252 - INFO - 验证码识别结果: 8VBC
2025-11-30 11:03:38,252 - INFO - 查找验证码输入框...
2025-11-30 11:03:38,309 - INFO - 验证码填写完成
2025-11-30 11:03:38,309 - INFO - 验证码填写完成，点击登录按钮...
2025-11-30 11:03:38,309 - INFO - 查找并点击登录按钮...
2025-11-30 11:03:38,366 - INFO - 已点击登录按钮
2025-11-30 11:03:45,387 - INFO - 开始填写登录表单...
2025-11-30 11:03:45,446 - INFO - 用户名填写完成
2025-11-30 11:03:45,506 - INFO - 密码填写完成
2025-11-30 11:03:45,506 - INFO - 验证码图片已保存到 /home/runner/work/nju_electric_monitor/nju_electric_monitor/src/../data/captcha_debug.png
2025-11-30 11:03:45,506 - INFO - 验证码识别尝试 50/50
2025-11-30 11:03:45,506 - INFO - 开始识别验证码...
2025-11-30 11:03:45,605 - INFO - 验证码识别结果: 8VBC
2025-11-30 11:03:45,605 - INFO - 查找验证码输入框...
2025-11-30 11:03:45,663 - INFO - 验证码填写完成
2025-11-30 11:03:45,663 - INFO - 验证码填写完成，点击登录按钮...
2025-11-30 11:03:45,663 - INFO - 查找并点击登录按钮...
2025-11-30 11:03:46,046 - INFO - 已点击登录按钮
2025-11-30 11:03:53,066 - WARNING - 自动验证码识别失败，请手动输入
请手动输入验证码: 2025-11-30 11:03:53,066 - ERROR - 处理验证码时出错: EOF when reading a line
2025-11-30 11:03:53,066 - WARNING - 验证码处理失败，但继续尝试登录
2025-11-30 11:03:53,066 - INFO - 查找并点击登录按钮...
2025-11-30 11:03:53,123 - INFO - 已点击登录按钮
2025-11-30 11:03:58,123 - INFO - 等待登录成功...
2025-11-30 11:04:03,128 - INFO - 登录可能成功，继续下一步...
2025-11-30 11:04:03,128 - INFO - 查找'去充值'按钮...
2025-11-30 11:04:03,190 - INFO - 已点击充值按钮
2025-11-30 11:04:06,190 - INFO - 开始提取剩余电量信息...
2025-11-30 11:04:06,195 - INFO - 页面源码已保存到 /home/runner/work/nju_electric_monitor/nju_electric_monitor/src/../data/debug_page_source.html
2025-11-30 11:04:06,205 - WARNING - 未找到电量信息元素，尝试其他方法...
2025-11-30 11:04:06,214 - WARNING - 未找到i标签中的电量信息，尝试其他方法...
2025-11-30 11:04:06,217 - INFO - 在页面源码中查找电量信息...
2025-11-30 11:04:06,229 - WARNING - 未能提取到剩余电量信息
2025-11-30 11:04:06,229 - WARNING - 没有电量数据可保存
2025-11-30 11:04:06,229 - INFO - 监控流程完成
Wrapper end: 2025-11-30T19:04:06.344992+08:00
