Wrapper start: 2026-02-18T15:47:15.524222+08:00

=== ENVIRONMENT SUMMARY ===
Environment variable keys (count=121):
- ACCEPT_EULA
- ACTIONS_ORCHESTRATION_ID
- ACTIONS_RUNNER_ACTION_ARCHIVE_CACHE
- AGENT_TOOLSDIRECTORY
- ANDROID_HOME
- ANDROID_NDK
- ANDROID_NDK_HOME
- ANDROID_NDK_LATEST_HOME
- ANDROID_NDK_ROOT
- ANDROID_SDK_ROOT
NJU_USERNAME set: yes
NJU_PASSWORD set: yes

=== DISK USAGE (df -h) ===
Filesystem      Size  Used Avail Use% Mounted on
/dev/root       145G   63G   82G  44% /
tmpfs           7.9G   84K  7.9G   1% /dev/shm
tmpfs           3.2G  2.5M  3.2G   1% /run
tmpfs           5.0M     0  5.0M   0% /run/lock
efivarfs        128M   26K  128M   1% /sys/firmware/efi/efivars
/dev/sda16      881M   63M  757M   8% /boot
/dev/sda15      105M  6.2M   99M   6% /boot/efi
tmpfs           1.6G   12K  1.6G   1% /run/user/1001


=== KEY DIR SIZES ===
19M	/home/runner/work/nju_electric_monitor/nju_electric_monitor/src/../logs

344K	/home/runner/work/nju_electric_monitor/nju_electric_monitor/src/../data

101M	/home/runner/work/nju_electric_monitor/nju_electric_monitor/src/../models


=== CONFIG_WORKFLOW SUMMARY ===
{
  "username": "",
  "password": "",
  "auto_login": true,
  "headless_mode": true,
  "captcha_retry_count": 30,
  "captcha_confidence_threshold": 0.3,
  "save_captcha_images": true,
  "log_level": "INFO"
}

=== FONT DIAGNOSTICS ===
Found system fonts (ttf) count: 59
- /usr/share/fonts/opentype/noto/NotoSansCJK-Bold.ttc
- /usr/share/fonts/truetype/wqy/wqy-zenhei.ttc
- /usr/share/fonts/truetype/liberation/LiberationMono-Italic.ttf
- /usr/share/fonts/truetype/dejavu/DejaVuSerif.ttf
- /usr/share/fonts/truetype/lato/Lato-Medium.ttf
- /usr/share/fonts/truetype/dejavu/DejaVuSans-Bold.ttf
- /usr/share/fonts/truetype/dejavu/DejaVuSans-Oblique.ttf
- /usr/share/fonts/truetype/dejavu/DejaVuSerifCondensed-BoldItalic.ttf
- /usr/share/fonts/truetype/dejavu/DejaVuSansMono.ttf
- /usr/share/fonts/truetype/lato/Lato-Semibold.ttf
- /usr/share/fonts/opentype/noto/NotoSerifCJK-Regular.ttc
- /usr/share/fonts/truetype/lato/Lato-ThinItalic.ttf
- /usr/share/fonts/truetype/liberation/LiberationSans-Italic.ttf
- /usr/share/fonts/truetype/lato/Lato-Bold.ttf
- /usr/share/fonts/truetype/dejavu/DejaVuSerif-Bold.ttf
- /usr/share/fonts/truetype/lato/Lato-BlackItalic.ttf
- /usr/share/fonts/truetype/noto/NotoColorEmoji.ttf
- /usr/share/fonts/truetype/lato/Lato-Hairline.ttf
- /usr/share/fonts/truetype/dejavu/DejaVuSansCondensed-BoldOblique.ttf
- /usr/share/fonts/truetype/dejavu/DejaVuSerif-Italic.ttf
- /usr/share/fonts/truetype/liberation/LiberationSerif-BoldItalic.ttf
- /usr/share/fonts/truetype/lato/Lato-Regular.ttf
- /usr/share/fonts/truetype/dejavu/DejaVuMathTeXGyre.ttf
- /usr/share/fonts/truetype/liberation/LiberationSans-Regular.ttf
- /usr/share/fonts/truetype/dejavu/DejaVuSans.ttf
- /usr/share/fonts/truetype/liberation/LiberationMono-Regular.ttf
- /usr/share/fonts/truetype/dejavu/DejaVuSansCondensed-Bold.ttf
- /usr/share/fonts/truetype/liberation/LiberationSerif-Italic.ttf
- /usr/share/fonts/truetype/liberation/LiberationSerif-Regular.ttf
- /usr/share/fonts/truetype/dejavu/DejaVuSerifCondensed.ttf
- /usr/share/fonts/opentype/noto/NotoSansCJK-Regular.ttc
- /usr/share/fonts/truetype/dejavu/DejaVuSansCondensed-Oblique.ttf
- /usr/share/fonts/truetype/liberation/LiberationSerif-Bold.ttf
- /usr/share/fonts/truetype/dejavu/DejaVuSans-BoldOblique.ttf
- /usr/share/fonts/truetype/lato/Lato-BoldItalic.ttf
- /usr/share/fonts/truetype/lato/Lato-HeavyItalic.ttf
- /usr/share/fonts/truetype/liberation/LiberationMono-Bold.ttf
- /usr/share/fonts/truetype/dejavu/DejaVuSerifCondensed-Italic.ttf
- /usr/share/fonts/truetype/wqy/wqy-microhei.ttc
- /usr/share/fonts/truetype/lato/Lato-MediumItalic.ttf
- /usr/share/fonts/truetype/lato/Lato-Thin.ttf
- /usr/share/fonts/truetype/lato/Lato-Light.ttf
- /usr/share/fonts/truetype/dejavu/DejaVuSansMono-BoldOblique.ttf
- /usr/share/fonts/truetype/lato/Lato-HairlineItalic.ttf
- /usr/share/fonts/truetype/dejavu/DejaVuSansMono-Oblique.ttf
- /usr/share/fonts/truetype/liberation/LiberationMono-BoldItalic.ttf
- /usr/share/fonts/truetype/lato/Lato-Heavy.ttf
- /usr/share/fonts/truetype/dejavu/DejaVuSansMono-Bold.ttf
- /usr/share/fonts/truetype/dejavu/DejaVuSerif-BoldItalic.ttf
- /usr/share/fonts/truetype/dejavu/DejaVuSansCondensed.ttf

FontManager samples (name -> path):
STIXSizeTwoSym -> /opt/hostedtoolcache/Python/3.14.3/x64/lib/python3.14/site-packages/matplotlib/mpl-data/fonts/ttf/STIXSizTwoSymReg.ttf
STIXSizeThreeSym -> /opt/hostedtoolcache/Python/3.14.3/x64/lib/python3.14/site-packages/matplotlib/mpl-data/fonts/ttf/STIXSizThreeSymBol.ttf
STIXGeneral -> /opt/hostedtoolcache/Python/3.14.3/x64/lib/python3.14/site-packages/matplotlib/mpl-data/fonts/ttf/STIXGeneralItalic.ttf
STIXNonUnicode -> /opt/hostedtoolcache/Python/3.14.3/x64/lib/python3.14/site-packages/matplotlib/mpl-data/fonts/ttf/STIXNonUniBol.ttf
DejaVu Sans -> /opt/hostedtoolcache/Python/3.14.3/x64/lib/python3.14/site-packages/matplotlib/mpl-data/fonts/ttf/DejaVuSans-BoldOblique.ttf
STIXGeneral -> /opt/hostedtoolcache/Python/3.14.3/x64/lib/python3.14/site-packages/matplotlib/mpl-data/fonts/ttf/STIXGeneralBolIta.ttf
cmmi10 -> /opt/hostedtoolcache/Python/3.14.3/x64/lib/python3.14/site-packages/matplotlib/mpl-data/fonts/ttf/cmmi10.ttf
DejaVu Sans Display -> /opt/hostedtoolcache/Python/3.14.3/x64/lib/python3.14/site-packages/matplotlib/mpl-data/fonts/ttf/DejaVuSansDisplay.ttf
STIXSizeOneSym -> /opt/hostedtoolcache/Python/3.14.3/x64/lib/python3.14/site-packages/matplotlib/mpl-data/fonts/ttf/STIXSizOneSymBol.ttf
STIXNonUnicode -> /opt/hostedtoolcache/Python/3.14.3/x64/lib/python3.14/site-packages/matplotlib/mpl-data/fonts/ttf/STIXNonUniIta.ttf
STIXSizeFourSym -> /opt/hostedtoolcache/Python/3.14.3/x64/lib/python3.14/site-packages/matplotlib/mpl-data/fonts/ttf/STIXSizFourSymBol.ttf
STIXSizeFourSym -> /opt/hostedtoolcache/Python/3.14.3/x64/lib/python3.14/site-packages/matplotlib/mpl-data/fonts/ttf/STIXSizFourSymReg.ttf
STIXNonUnicode -> /opt/hostedtoolcache/Python/3.14.3/x64/lib/python3.14/site-packages/matplotlib/mpl-data/fonts/ttf/STIXNonUni.ttf
STIXSizeThreeSym -> /opt/hostedtoolcache/Python/3.14.3/x64/lib/python3.14/site-packages/matplotlib/mpl-data/fonts/ttf/STIXSizThreeSymReg.ttf
DejaVu Sans Mono -> /opt/hostedtoolcache/Python/3.14.3/x64/lib/python3.14/site-packages/matplotlib/mpl-data/fonts/ttf/DejaVuSansMono-Oblique.ttf
DejaVu Sans -> /opt/hostedtoolcache/Python/3.14.3/x64/lib/python3.14/site-packages/matplotlib/mpl-data/fonts/ttf/DejaVuSans-Oblique.ttf
DejaVu Sans Mono -> /opt/hostedtoolcache/Python/3.14.3/x64/lib/python3.14/site-packages/matplotlib/mpl-data/fonts/ttf/DejaVuSansMono.ttf
DejaVu Serif -> /opt/hostedtoolcache/Python/3.14.3/x64/lib/python3.14/site-packages/matplotlib/mpl-data/fonts/ttf/DejaVuSerif-BoldItalic.ttf
cmr10 -> /opt/hostedtoolcache/Python/3.14.3/x64/lib/python3.14/site-packages/matplotlib/mpl-data/fonts/ttf/cmr10.ttf
cmsy10 -> /opt/hostedtoolcache/Python/3.14.3/x64/lib/python3.14/site-packages/matplotlib/mpl-data/fonts/ttf/cmsy10.ttf
STIXNonUnicode -> /opt/hostedtoolcache/Python/3.14.3/x64/lib/python3.14/site-packages/matplotlib/mpl-data/fonts/ttf/STIXNonUniBolIta.ttf
DejaVu Sans Mono -> /opt/hostedtoolcache/Python/3.14.3/x64/lib/python3.14/site-packages/matplotlib/mpl-data/fonts/ttf/DejaVuSansMono-BoldOblique.ttf
DejaVu Serif -> /opt/hostedtoolcache/Python/3.14.3/x64/lib/python3.14/site-packages/matplotlib/mpl-data/fonts/ttf/DejaVuSerif-Italic.ttf
STIXGeneral -> /opt/hostedtoolcache/Python/3.14.3/x64/lib/python3.14/site-packages/matplotlib/mpl-data/fonts/ttf/STIXGeneral.ttf
cmss10 -> /opt/hostedtoolcache/Python/3.14.3/x64/lib/python3.14/site-packages/matplotlib/mpl-data/fonts/ttf/cmss10.ttf
STIXSizeFiveSym -> /opt/hostedtoolcache/Python/3.14.3/x64/lib/python3.14/site-packages/matplotlib/mpl-data/fonts/ttf/STIXSizFiveSymReg.ttf
DejaVu Serif Display -> /opt/hostedtoolcache/Python/3.14.3/x64/lib/python3.14/site-packages/matplotlib/mpl-data/fonts/ttf/DejaVuSerifDisplay.ttf
cmtt10 -> /opt/hostedtoolcache/Python/3.14.3/x64/lib/python3.14/site-packages/matplotlib/mpl-data/fonts/ttf/cmtt10.ttf
DejaVu Sans -> /opt/hostedtoolcache/Python/3.14.3/x64/lib/python3.14/site-packages/matplotlib/mpl-data/fonts/ttf/DejaVuSans.ttf
cmb10 -> /opt/hostedtoolcache/Python/3.14.3/x64/lib/python3.14/site-packages/matplotlib/mpl-data/fonts/ttf/cmb10.ttf
STIXGeneral -> /opt/hostedtoolcache/Python/3.14.3/x64/lib/python3.14/site-packages/matplotlib/mpl-data/fonts/ttf/STIXGeneralBol.ttf
DejaVu Sans Mono -> /opt/hostedtoolcache/Python/3.14.3/x64/lib/python3.14/site-packages/matplotlib/mpl-data/fonts/ttf/DejaVuSansMono-Bold.ttf
STIXSizeOneSym -> /opt/hostedtoolcache/Python/3.14.3/x64/lib/python3.14/site-packages/matplotlib/mpl-data/fonts/ttf/STIXSizOneSymReg.ttf
DejaVu Serif -> /opt/hostedtoolcache/Python/3.14.3/x64/lib/python3.14/site-packages/matplotlib/mpl-data/fonts/ttf/DejaVuSerif-Bold.ttf
DejaVu Sans -> /opt/hostedtoolcache/Python/3.14.3/x64/lib/python3.14/site-packages/matplotlib/mpl-data/fonts/ttf/DejaVuSans-Bold.ttf
DejaVu Serif -> /opt/hostedtoolcache/Python/3.14.3/x64/lib/python3.14/site-packages/matplotlib/mpl-data/fonts/ttf/DejaVuSerif.ttf
cmex10 -> /opt/hostedtoolcache/Python/3.14.3/x64/lib/python3.14/site-packages/matplotlib/mpl-data/fonts/ttf/cmex10.ttf
STIXSizeTwoSym -> /opt/hostedtoolcache/Python/3.14.3/x64/lib/python3.14/site-packages/matplotlib/mpl-data/fonts/ttf/STIXSizTwoSymBol.ttf
Noto Sans CJK JP -> /usr/share/fonts/opentype/noto/NotoSansCJK-Bold.ttc
WenQuanYi Zen Hei -> /usr/share/fonts/truetype/wqy/wqy-zenhei.ttc
Liberation Mono -> /usr/share/fonts/truetype/liberation/LiberationMono-Italic.ttf
DejaVu Serif -> /usr/share/fonts/truetype/dejavu/DejaVuSerif.ttf
Lato -> /usr/share/fonts/truetype/lato/Lato-Medium.ttf
DejaVu Sans -> /usr/share/fonts/truetype/dejavu/DejaVuSans-Bold.ttf
DejaVu Sans -> /usr/share/fonts/truetype/dejavu/DejaVuSans-Oblique.ttf
DejaVu Serif -> /usr/share/fonts/truetype/dejavu/DejaVuSerifCondensed-BoldItalic.ttf
DejaVu Sans Mono -> /usr/share/fonts/truetype/dejavu/DejaVuSansMono.ttf
Lato -> /usr/share/fonts/truetype/lato/Lato-Semibold.ttf
Noto Serif CJK JP -> /usr/share/fonts/opentype/noto/NotoSerifCJK-Regular.ttc
Lato -> /usr/share/fonts/truetype/lato/Lato-ThinItalic.ttf

Preferred font find results:
findfont('Microsoft YaHei') failed: Failed to find font Microsoft YaHei:style=normal:variant=normal:weight=normal:stretch=normal:size=10.0, and fallback to the default font was disabled
findfont('Segoe UI') failed: Failed to find font Segoe UI:style=normal:variant=normal:weight=normal:stretch=normal:size=10.0, and fallback to the default font was disabled
findfont('Arial Unicode MS') failed: Failed to find font Arial Unicode MS:style=normal:variant=normal:weight=normal:stretch=normal:size=10.0, and fallback to the default font was disabled
findfont('Noto Sans CJK SC') failed: Failed to find font Noto Sans CJK SC:style=normal:variant=normal:weight=normal:stretch=normal:size=10.0, and fallback to the default font was disabled
findfont('WenQuanYi Micro Hei') -> /usr/share/fonts/truetype/wqy/wqy-microhei.ttc
findfont('WenQuanYi Zen Hei') -> /usr/share/fonts/truetype/wqy/wqy-zenhei.ttc
findfont('DejaVu Sans') -> /opt/hostedtoolcache/Python/3.14.3/x64/lib/python3.14/site-packages/matplotlib/mpl-data/fonts/ttf/DejaVuSans.ttf

fc-list output sample (truncated to 10000 chars):
Liberation Mono - /usr/share/fonts/truetype/liberation/LiberationMono-Bold.ttf
Liberation Serif - /usr/share/fonts/truetype/liberation/LiberationSerif-BoldItalic.ttf
Lato,Lato Hairline - /usr/share/fonts/truetype/lato/Lato-Hairline.ttf
Lato,Lato Heavy - /usr/share/fonts/truetype/lato/Lato-Heavy.ttf
DejaVu Serif,DejaVu Serif Condensed - /usr/share/fonts/truetype/dejavu/DejaVuSerifCondensed-Italic.ttf
Lato,Lato Medium - /usr/share/fonts/truetype/lato/Lato-Medium.ttf
Lato,Lato Light - /usr/share/fonts/truetype/lato/Lato-LightItalic.ttf
WenQuanYi Zen Hei Sharp,文泉驛點陣正黑,文泉驿点阵正黑 - /usr/share/fonts/truetype/wqy/wqy-zenhei.ttc
WenQuanYi Micro Hei Mono,文泉驛等寬微米黑,文泉驿等宽微米黑 - /usr/share/fonts/truetype/wqy/wqy-microhei.ttc
Noto Sans Mono CJK KR - /usr/share/fonts/opentype/noto/NotoSansCJK-Bold.ttc
DejaVu Serif - /usr/share/fonts/truetype/dejavu/DejaVuSerif-Bold.ttf
Noto Sans Mono CJK JP - /usr/share/fonts/opentype/noto/NotoSansCJK-Bold.ttc
Noto Sans Mono CJK HK - /usr/share/fonts/opentype/noto/NotoSansCJK-Bold.ttc
Noto Serif CJK SC - /usr/share/fonts/opentype/noto/NotoSerifCJK-Regular.ttc
DejaVu Math TeX Gyre - /usr/share/fonts/truetype/dejavu/DejaVuMathTeXGyre.ttf
Liberation Sans - /usr/share/fonts/truetype/liberation/LiberationSans-Regular.ttf
Lato - /usr/share/fonts/truetype/lato/Lato-Italic.ttf
Liberation Sans - /usr/share/fonts/truetype/liberation/LiberationSans-Bold.ttf
Noto Serif CJK TC - /usr/share/fonts/opentype/noto/NotoSerifCJK-Regular.ttc
Noto Sans Mono CJK SC - /usr/share/fonts/opentype/noto/NotoSansCJK-Bold.ttc
Liberation Mono - /usr/share/fonts/truetype/liberation/LiberationMono-Italic.ttf
Noto Sans Mono CJK TC - /usr/share/fonts/opentype/noto/NotoSansCJK-Bold.ttc
DejaVu Sans,DejaVu Sans Condensed - /usr/share/fonts/truetype/dejavu/DejaVuSansCondensed.ttf
DejaVu Serif,DejaVu Serif Condensed - /usr/share/fonts/truetype/dejavu/DejaVuSerifCondensed.ttf
Liberation Serif - /usr/share/fonts/truetype/liberation/LiberationSerif-Italic.ttf
Lato,Lato Heavy - /usr/share/fonts/truetype/lato/Lato-HeavyItalic.ttf
Lato - /usr/share/fonts/truetype/lato/Lato-BoldItalic.ttf
Noto Serif CJK JP - /usr/share/fonts/opentype/noto/NotoSerifCJK-Regular.ttc
Lato,Lato Medium - /usr/share/fonts/truetype/lato/Lato-MediumItalic.ttf
Noto Serif CJK HK - /usr/share/fonts/opentype/noto/NotoSerifCJK-Regular.ttc
DejaVu Serif - /usr/share/fonts/truetype/dejavu/DejaVuSerif-Italic.ttf
DejaVu Sans - /usr/share/fonts/truetype/dejavu/DejaVuSans.ttf
Noto Serif CJK KR - /usr/share/fonts/opentype/noto/NotoSerifCJK-Regular.ttc
Lato,Lato Semibold - /usr/share/fonts/truetype/lato/Lato-SemiboldItalic.ttf
Lato,Lato Thin - /usr/share/fonts/truetype/lato/Lato-ThinItalic.ttf
DejaVu Sans,DejaVu Sans Condensed - /usr/share/fonts/truetype/dejavu/DejaVuSansCondensed-BoldOblique.ttf
Noto Sans CJK JP - /usr/share/fonts/opentype/noto/NotoSansCJK-Regular.ttc
Liberation Sans - /usr/share/fonts/truetype/liberation/LiberationSans-Italic.ttf
Noto Sans CJK HK - /usr/share/fonts/opentype/noto/NotoSansCJK-Regular.ttc
Lato,Lato Black - /usr/share/fonts/truetype/lato/Lato-BlackItalic.ttf
Lato,Lato Thin - /usr/share/fonts/truetype/lato/Lato-Thin.ttf
DejaVu Sans,DejaVu Sans Condensed - /usr/share/fonts/truetype/dejavu/DejaVuSansCondensed-Oblique.ttf
Noto Sans CJK KR - /usr/share/fonts/opentype/noto/NotoSansCJK-Regular.ttc
Lato,Lato Light - /usr/share/fonts/truetype/lato/Lato-Light.ttf
Noto Sans CJK TC - /usr/share/fonts/opentype/noto/NotoSansCJK-Regular.ttc
DejaVu Sans,DejaVu Sans Condensed - /usr/share/fonts/truetype/dejavu/DejaVuSansCondensed-Bold.ttf
DejaVu Sans Mono - /usr/share/fonts/truetype/dejavu/DejaVuSansMono-Oblique.ttf
Lato,Lato Hairline - /usr/share/fonts/truetype/lato/Lato-HairlineItalic.ttf
Noto Sans CJK SC - /usr/share/fonts/opentype/noto/NotoSansCJK-Regular.ttc
WenQuanYi Zen Hei,文泉驛正黑,文泉驿正黑 - /usr/share/fonts/truetype/wqy/wqy-zenhei.ttc
Lato,Lato Black - /usr/share/fonts/truetype/lato/Lato-Black.ttf
Lato - /usr/share/fonts/truetype/lato/Lato-Regular.ttf
DejaVu Sans - /usr/share/fonts/truetype/dejavu/DejaVuSans-BoldOblique.ttf
Liberation Mono - /usr/share/fonts/truetype/liberation/LiberationMono-BoldItalic.ttf
Noto Sans Mono CJK KR - /usr/share/fonts/opentype/noto/NotoSansCJK-Regular.ttc
Liberation Mono - /usr/share/fonts/truetype/liberation/LiberationMono-Regular.ttf
Noto Sans Mono CJK HK - /usr/share/fonts/opentype/noto/NotoSansCJK-Regular.ttc
DejaVu Sans,DejaVu Sans Light - /usr/share/fonts/truetype/dejavu/DejaVuSans-ExtraLight.ttf
DejaVu Serif - /usr/share/fonts/truetype/dejavu/DejaVuSerif.ttf
Noto Sans Mono CJK JP - /usr/share/fonts/opentype/noto/NotoSansCJK-Regular.ttc
Noto Serif CJK JP - /usr/share/fonts/opentype/noto/NotoSerifCJK-Bold.ttc
Noto Serif CJK HK - /usr/share/fonts/opentype/noto/NotoSerifCJK-Bold.ttc
Noto Serif CJK KR - /usr/share/fonts/opentype/noto/NotoSerifCJK-Bold.ttc
Noto Serif CJK TC - /usr/share/fonts/opentype/noto/NotoSerifCJK-Bold.ttc
Lato - /usr/share/fonts/truetype/lato/Lato-Bold.ttf
Noto Sans CJK SC - /usr/share/fonts/opentype/noto/NotoSansCJK-Bold.ttc
Noto Sans Mono CJK TC - /usr/share/fonts/opentype/noto/NotoSansCJK-Regular.ttc
Noto Sans CJK TC - /usr/share/fonts/opentype/noto/NotoSansCJK-Bold.ttc
Noto Serif CJK SC - /usr/share/fonts/opentype/noto/NotoSerifCJK-Bold.ttc
DejaVu Sans Mono - /usr/share/fonts/truetype/dejavu/DejaVuSansMono-Bold.ttf
DejaVu Serif - /usr/share/fonts/truetype/dejavu/DejaVuSerif-BoldItalic.ttf
WenQuanYi Zen Hei Mono,文泉驛等寬正黑,文泉驿等宽正黑 - /usr/share/fonts/truetype/wqy/wqy-zenhei.ttc
DejaVu Sans Mono - /usr/share/fonts/truetype/dejavu/DejaVuSansMono.ttf
Noto Sans CJK JP - /usr/share/fonts/opentype/noto/NotoSansCJK-Bold.ttc
Noto Sans CJK HK - /usr/share/fonts/opentype/noto/NotoSansCJK-Bold.ttc
Noto Sans CJK KR - /usr/share/fonts/opentype/noto/NotoSansCJK-Bold.ttc
WenQuanYi Micro Hei,文泉驛微米黑,文泉驿微米黑 - /usr/share/fonts/truetype/wqy/wqy-microhei.ttc
Noto Sans Mono CJK SC - /usr/share/fonts/opentype/noto/NotoSansCJK-Regular.ttc
Noto Color Emoji - /usr/share/fonts/truetype/noto/NotoColorEmoji.ttf
DejaVu Sans Mono - /usr/share/fonts/truetype/dejavu/DejaVuSansMono-BoldOblique.ttf
Liberation Sans - /usr/share/fonts/truetype/liberation/LiberationSans-BoldItalic.ttf
Liberation Serif - /usr/share/fonts/truetype/liberation/LiberationSerif-Regular.ttf
Lato,Lato Semibold - /usr/share/fonts/truetype/lato/Lato-Semibold.ttf
DejaVu Sans - /usr/share/fonts/truetype/dejavu/DejaVuSans-Oblique.ttf
DejaVu Serif,DejaVu Serif Condensed - /usr/share/fonts/truetype/dejavu/DejaVuSerifCondensed-Bold.ttf
DejaVu Sans - /usr/share/fonts/truetype/dejavu/DejaVuSans-Bold.ttf
Liberation Serif - /usr/share/fonts/truetype/liberation/LiberationSerif-Bold.ttf
DejaVu Serif,DejaVu Serif Condensed - /usr/share/fonts/truetype/dejavu/DejaVuSerifCondensed-BoldItalic.ttf

2026-02-18 07:47:21,448 - INFO - Matplotlib 字体设置：使用回退字体列表，首选可用字体: Noto Sans CJK JP
2026-02-18 07:47:23,492 - INFO - 使用 ChromeDriver: /usr/bin/chromedriver
2026-02-18 07:47:23,492 - WARNING - Using CPU. Note: This module is much faster with a GPU.
2026-02-18 07:47:24,972 - INFO - OCR识别器初始化成功
2026-02-18 07:47:24,972 - INFO - 开始南京大学电费监控流程（自动无头模式）
2026-02-18 07:47:24,972 - INFO - 正在打开页面: https://epay.nju.edu.cn/epay/h5/nju/electric/index
2026-02-18 07:47:34,907 - INFO - 等待登录表单加载...
2026-02-18 07:47:34,919 - INFO - 登录表单已加载
2026-02-18 07:47:34,919 - INFO - 开始填写登录表单...
2026-02-18 07:47:35,004 - INFO - 用户名填写完成
2026-02-18 07:47:35,110 - INFO - 密码填写完成
2026-02-18 07:47:35,110 - INFO - 检查是否有验证码...
2026-02-18 07:47:35,110 - INFO - 查找验证码图片...
2026-02-18 07:47:35,130 - INFO - 找到验证码图片，开始截图...
2026-02-18 07:47:35,177 - INFO - 验证码图片截取成功
2026-02-18 07:47:35,177 - INFO - 开始填写登录表单...
2026-02-18 07:47:35,246 - INFO - 用户名填写完成
2026-02-18 07:47:35,310 - INFO - 密码填写完成
2026-02-18 07:47:35,311 - INFO - 验证码图片已保存到 /home/runner/work/nju_electric_monitor/nju_electric_monitor/src/../data/captcha_debug.png
2026-02-18 07:47:35,311 - INFO - 验证码识别尝试 1/30
2026-02-18 07:47:35,311 - INFO - 开始识别验证码...（easyocr + pytesseract）
2026-02-18 07:47:35,421 - INFO - easyocr 结果: ['b(0.01)']
2026-02-18 07:47:35,587 - INFO - tesseract 结果: JASFb
2026-02-18 07:47:35,637 - INFO - easyocr alt1 结果: ['b(0.34)']
2026-02-18 07:47:35,740 - INFO - tesseract alt1 结果: fASEb
2026-02-18 07:47:35,805 - INFO - easyocr alt2 结果: ['h(0.00)']
2026-02-18 07:47:35,909 - INFO - tesseract alt2 结果: JASEb
2026-02-18 07:47:36,088 - INFO - easyocr alt3 结果: ['b(0.03)']
2026-02-18 07:47:36,204 - INFO - tesseract alt3 结果: JASEb
2026-02-18 07:47:36,270 - INFO - easyocr alt4 结果: ['h(0.00)']
2026-02-18 07:47:36,374 - INFO - tesseract alt4 结果: JASEb
2026-02-18 07:47:36,439 - INFO - easyocr alt5 结果: ['h(0.01)']
2026-02-18 07:47:36,543 - INFO - tesseract alt5 结果: feSEb
2026-02-18 07:47:36,543 - INFO - 最终验证码识别结果: JASFb (engine=tesseract, prob=0.5)
2026-02-18 07:47:36,543 - INFO - 查找验证码输入框...
2026-02-18 07:47:36,553 - ERROR - 未找到验证码输入框
2026-02-18 07:47:36,554 - WARNING - 验证码填写失败
2026-02-18 07:47:36,554 - INFO - 开始填写登录表单...
2026-02-18 07:47:36,617 - INFO - 用户名填写完成
2026-02-18 07:47:36,681 - INFO - 密码填写完成
2026-02-18 07:47:36,682 - INFO - 验证码图片已保存到 /home/runner/work/nju_electric_monitor/nju_electric_monitor/src/../data/captcha_debug.png
2026-02-18 07:47:36,682 - INFO - 验证码识别尝试 2/30
2026-02-18 07:47:36,682 - INFO - 开始识别验证码...（easyocr + pytesseract）
2026-02-18 07:47:36,790 - INFO - easyocr 结果: ['b(0.01)']
2026-02-18 07:47:36,889 - INFO - tesseract 结果: JASFb
2026-02-18 07:47:36,962 - INFO - easyocr alt1 结果: ['b(0.34)']
2026-02-18 07:47:37,083 - INFO - tesseract alt1 结果: fASEb
2026-02-18 07:47:37,150 - INFO - easyocr alt2 结果: ['h(0.00)']
2026-02-18 07:47:37,250 - INFO - tesseract alt2 结果: JASEb
2026-02-18 07:47:37,404 - INFO - easyocr alt3 结果: ['b(0.03)']
2026-02-18 07:47:37,517 - INFO - tesseract alt3 结果: JASEb
2026-02-18 07:47:37,581 - INFO - easyocr alt4 结果: ['h(0.00)']
2026-02-18 07:47:37,682 - INFO - tesseract alt4 结果: JASEb
2026-02-18 07:47:37,747 - INFO - easyocr alt5 结果: ['h(0.01)']
2026-02-18 07:47:37,851 - INFO - tesseract alt5 结果: feSEb
2026-02-18 07:47:37,851 - INFO - 最终验证码识别结果: JASFb (engine=tesseract, prob=0.5)
2026-02-18 07:47:37,851 - INFO - 查找验证码输入框...
2026-02-18 07:47:37,858 - ERROR - 未找到验证码输入框
2026-02-18 07:47:37,858 - WARNING - 验证码填写失败
2026-02-18 07:47:37,858 - INFO - 开始填写登录表单...
2026-02-18 07:47:37,921 - INFO - 用户名填写完成
2026-02-18 07:47:37,986 - INFO - 密码填写完成
2026-02-18 07:47:37,987 - INFO - 验证码图片已保存到 /home/runner/work/nju_electric_monitor/nju_electric_monitor/src/../data/captcha_debug.png
2026-02-18 07:47:37,987 - INFO - 验证码识别尝试 3/30
2026-02-18 07:47:37,987 - INFO - 开始识别验证码...（easyocr + pytesseract）
2026-02-18 07:47:38,082 - INFO - easyocr 结果: ['b(0.01)']
2026-02-18 07:47:38,181 - INFO - tesseract 结果: JASFb
2026-02-18 07:47:38,228 - INFO - easyocr alt1 结果: ['b(0.34)']
2026-02-18 07:47:38,328 - INFO - tesseract alt1 结果: fASEb
2026-02-18 07:47:38,393 - INFO - easyocr alt2 结果: ['h(0.00)']
2026-02-18 07:47:38,498 - INFO - tesseract alt2 结果: JASEb
2026-02-18 07:47:38,653 - INFO - easyocr alt3 结果: ['b(0.03)']
2026-02-18 07:47:38,765 - INFO - tesseract alt3 结果: JASEb
2026-02-18 07:47:38,830 - INFO - easyocr alt4 结果: ['h(0.00)']
2026-02-18 07:47:38,930 - INFO - tesseract alt4 结果: JASEb
2026-02-18 07:47:38,995 - INFO - easyocr alt5 结果: ['h(0.01)']
2026-02-18 07:47:39,097 - INFO - tesseract alt5 结果: feSEb
2026-02-18 07:47:39,097 - INFO - 最终验证码识别结果: JASFb (engine=tesseract, prob=0.5)
2026-02-18 07:47:39,097 - INFO - 查找验证码输入框...
2026-02-18 07:47:39,104 - ERROR - 未找到验证码输入框
2026-02-18 07:47:39,104 - WARNING - 验证码填写失败
2026-02-18 07:47:39,104 - INFO - 开始填写登录表单...
2026-02-18 07:47:39,167 - INFO - 用户名填写完成
2026-02-18 07:47:39,239 - INFO - 密码填写完成
2026-02-18 07:47:39,240 - INFO - 验证码图片已保存到 /home/runner/work/nju_electric_monitor/nju_electric_monitor/src/../data/captcha_debug.png
2026-02-18 07:47:39,240 - INFO - 验证码识别尝试 4/30
2026-02-18 07:47:39,240 - INFO - 开始识别验证码...（easyocr + pytesseract）
2026-02-18 07:47:39,344 - INFO - easyocr 结果: ['b(0.01)']
2026-02-18 07:47:39,441 - INFO - tesseract 结果: JASFb
2026-02-18 07:47:39,489 - INFO - easyocr alt1 结果: ['b(0.34)']
2026-02-18 07:47:39,588 - INFO - tesseract alt1 结果: fASEb
2026-02-18 07:47:39,654 - INFO - easyocr alt2 结果: ['h(0.00)']
2026-02-18 07:47:39,754 - INFO - tesseract alt2 结果: JASEb
2026-02-18 07:47:39,908 - INFO - easyocr alt3 结果: ['b(0.03)']
2026-02-18 07:47:40,042 - INFO - tesseract alt3 结果: JASEb
2026-02-18 07:47:40,111 - INFO - easyocr alt4 结果: ['h(0.00)']
2026-02-18 07:47:40,214 - INFO - tesseract alt4 结果: JASEb
2026-02-18 07:47:40,279 - INFO - easyocr alt5 结果: ['h(0.01)']
2026-02-18 07:47:40,382 - INFO - tesseract alt5 结果: feSEb
2026-02-18 07:47:40,383 - INFO - 最终验证码识别结果: JASFb (engine=tesseract, prob=0.5)
2026-02-18 07:47:40,383 - INFO - 查找验证码输入框...
2026-02-18 07:47:40,390 - ERROR - 未找到验证码输入框
2026-02-18 07:47:40,390 - WARNING - 验证码填写失败
2026-02-18 07:47:40,390 - INFO - 开始填写登录表单...
2026-02-18 07:47:40,455 - INFO - 用户名填写完成
2026-02-18 07:47:40,520 - INFO - 密码填写完成
2026-02-18 07:47:40,589 - INFO - 验证码图片已保存到 /home/runner/work/nju_electric_monitor/nju_electric_monitor/src/../data/captcha_debug.png
2026-02-18 07:47:40,589 - INFO - 验证码识别尝试 5/30
2026-02-18 07:47:40,589 - INFO - 开始识别验证码...（easyocr + pytesseract）
2026-02-18 07:47:40,694 - INFO - easyocr 结果: ['b(0.01)']
2026-02-18 07:47:40,791 - INFO - tesseract 结果: JASFb
2026-02-18 07:47:40,839 - INFO - easyocr alt1 结果: ['b(0.34)']
2026-02-18 07:47:40,943 - INFO - tesseract alt1 结果: fASEb
2026-02-18 07:47:41,014 - INFO - easyocr alt2 结果: ['h(0.00)']
2026-02-18 07:47:41,116 - INFO - tesseract alt2 结果: JASEb
2026-02-18 07:47:41,275 - INFO - easyocr alt3 结果: ['b(0.03)']
2026-02-18 07:47:41,388 - INFO - tesseract alt3 结果: JASEb
2026-02-18 07:47:41,466 - INFO - easyocr alt4 结果: ['h(0.00)']
2026-02-18 07:47:41,569 - INFO - tesseract alt4 结果: JASEb
2026-02-18 07:47:41,635 - INFO - easyocr alt5 结果: ['h(0.01)']
2026-02-18 07:47:41,738 - INFO - tesseract alt5 结果: feSEb
2026-02-18 07:47:41,738 - INFO - 最终验证码识别结果: JASFb (engine=tesseract, prob=0.5)
2026-02-18 07:47:41,738 - INFO - 查找验证码输入框...
2026-02-18 07:47:41,745 - ERROR - 未找到验证码输入框
2026-02-18 07:47:41,745 - WARNING - 验证码填写失败
2026-02-18 07:47:41,745 - INFO - 开始填写登录表单...
2026-02-18 07:47:41,809 - INFO - 用户名填写完成
2026-02-18 07:47:41,874 - INFO - 密码填写完成
2026-02-18 07:47:41,875 - INFO - 验证码图片已保存到 /home/runner/work/nju_electric_monitor/nju_electric_monitor/src/../data/captcha_debug.png
2026-02-18 07:47:41,875 - INFO - 验证码识别尝试 6/30
2026-02-18 07:47:41,875 - INFO - 开始识别验证码...（easyocr + pytesseract）
2026-02-18 07:47:41,970 - INFO - easyocr 结果: ['b(0.01)']
2026-02-18 07:47:42,066 - INFO - tesseract 结果: JASFb
2026-02-18 07:47:42,115 - INFO - easyocr alt1 结果: ['b(0.34)']
2026-02-18 07:47:42,218 - INFO - tesseract alt1 结果: fASEb
2026-02-18 07:47:42,283 - INFO - easyocr alt2 结果: ['h(0.00)']
2026-02-18 07:47:42,387 - INFO - tesseract alt2 结果: JASEb
2026-02-18 07:47:42,543 - INFO - easyocr alt3 结果: ['b(0.03)']
2026-02-18 07:47:42,656 - INFO - tesseract alt3 结果: JASEb
2026-02-18 07:47:42,721 - INFO - easyocr alt4 结果: ['h(0.00)']
2026-02-18 07:47:42,823 - INFO - tesseract alt4 结果: JASEb
2026-02-18 07:47:42,888 - INFO - easyocr alt5 结果: ['h(0.01)']
2026-02-18 07:47:42,989 - INFO - tesseract alt5 结果: feSEb
2026-02-18 07:47:42,990 - INFO - 最终验证码识别结果: JASFb (engine=tesseract, prob=0.5)
2026-02-18 07:47:42,990 - INFO - 查找验证码输入框...
2026-02-18 07:47:42,996 - ERROR - 未找到验证码输入框
2026-02-18 07:47:42,997 - WARNING - 验证码填写失败
2026-02-18 07:47:42,997 - INFO - 开始填写登录表单...
2026-02-18 07:47:43,059 - INFO - 用户名填写完成
2026-02-18 07:47:43,124 - INFO - 密码填写完成
2026-02-18 07:47:43,125 - INFO - 验证码图片已保存到 /home/runner/work/nju_electric_monitor/nju_electric_monitor/src/../data/captcha_debug.png
2026-02-18 07:47:43,125 - INFO - 验证码识别尝试 7/30
2026-02-18 07:47:43,125 - INFO - 开始识别验证码...（easyocr + pytesseract）
2026-02-18 07:47:43,223 - INFO - easyocr 结果: ['b(0.01)']
2026-02-18 07:47:43,320 - INFO - tesseract 结果: JASFb
2026-02-18 07:47:43,368 - INFO - easyocr alt1 结果: ['b(0.34)']
2026-02-18 07:47:43,470 - INFO - tesseract alt1 结果: fASEb
2026-02-18 07:47:43,545 - INFO - easyocr alt2 结果: ['h(0.00)']
2026-02-18 07:47:43,646 - INFO - tesseract alt2 结果: JASEb
2026-02-18 07:47:43,801 - INFO - easyocr alt3 结果: ['b(0.03)']
2026-02-18 07:47:43,914 - INFO - tesseract alt3 结果: JASEb
2026-02-18 07:47:43,979 - INFO - easyocr alt4 结果: ['h(0.00)']
2026-02-18 07:47:44,080 - INFO - tesseract alt4 结果: JASEb
2026-02-18 07:47:44,146 - INFO - easyocr alt5 结果: ['h(0.01)']
2026-02-18 07:47:44,250 - INFO - tesseract alt5 结果: feSEb
2026-02-18 07:47:44,250 - INFO - 最终验证码识别结果: JASFb (engine=tesseract, prob=0.5)
2026-02-18 07:47:44,250 - INFO - 查找验证码输入框...
2026-02-18 07:47:44,257 - ERROR - 未找到验证码输入框
2026-02-18 07:47:44,257 - WARNING - 验证码填写失败
2026-02-18 07:47:44,257 - INFO - 开始填写登录表单...
2026-02-18 07:47:44,320 - INFO - 用户名填写完成
2026-02-18 07:47:44,390 - INFO - 密码填写完成
2026-02-18 07:47:44,391 - INFO - 验证码图片已保存到 /home/runner/work/nju_electric_monitor/nju_electric_monitor/src/../data/captcha_debug.png
2026-02-18 07:47:44,391 - INFO - 验证码识别尝试 8/30
2026-02-18 07:47:44,391 - INFO - 开始识别验证码...（easyocr + pytesseract）
2026-02-18 07:47:44,486 - INFO - easyocr 结果: ['b(0.01)']
2026-02-18 07:47:44,585 - INFO - tesseract 结果: JASFb
2026-02-18 07:47:44,634 - INFO - easyocr alt1 结果: ['b(0.34)']
2026-02-18 07:47:44,734 - INFO - tesseract alt1 结果: fASEb
2026-02-18 07:47:44,799 - INFO - easyocr alt2 结果: ['h(0.00)']
2026-02-18 07:47:44,900 - INFO - tesseract alt2 结果: JASEb
2026-02-18 07:47:45,056 - INFO - easyocr alt3 结果: ['b(0.03)']
2026-02-18 07:47:45,169 - INFO - tesseract alt3 结果: JASEb
2026-02-18 07:47:45,234 - INFO - easyocr alt4 结果: ['h(0.00)']
2026-02-18 07:47:45,337 - INFO - tesseract alt4 结果: JASEb
2026-02-18 07:47:45,402 - INFO - easyocr alt5 结果: ['h(0.01)']
2026-02-18 07:47:45,503 - INFO - tesseract alt5 结果: feSEb
2026-02-18 07:47:45,503 - INFO - 最终验证码识别结果: JASFb (engine=tesseract, prob=0.5)
2026-02-18 07:47:45,503 - INFO - 查找验证码输入框...
2026-02-18 07:47:45,510 - ERROR - 未找到验证码输入框
2026-02-18 07:47:45,510 - WARNING - 验证码填写失败
2026-02-18 07:47:45,510 - INFO - 开始填写登录表单...
2026-02-18 07:47:45,573 - INFO - 用户名填写完成
2026-02-18 07:47:45,637 - INFO - 密码填写完成
2026-02-18 07:47:45,638 - INFO - 验证码图片已保存到 /home/runner/work/nju_electric_monitor/nju_electric_monitor/src/../data/captcha_debug.png
2026-02-18 07:47:45,638 - INFO - 验证码识别尝试 9/30
2026-02-18 07:47:45,638 - INFO - 开始识别验证码...（easyocr + pytesseract）
2026-02-18 07:47:45,737 - INFO - easyocr 结果: ['b(0.01)']
2026-02-18 07:47:45,833 - INFO - tesseract 结果: JASFb
2026-02-18 07:47:45,880 - INFO - easyocr alt1 结果: ['b(0.34)']
2026-02-18 07:47:45,982 - INFO - tesseract alt1 结果: fASEb
2026-02-18 07:47:46,053 - INFO - easyocr alt2 结果: ['h(0.00)']
2026-02-18 07:47:46,159 - INFO - tesseract alt2 结果: JASEb
2026-02-18 07:47:46,315 - INFO - easyocr alt3 结果: ['b(0.03)']
2026-02-18 07:47:46,429 - INFO - tesseract alt3 结果: JASEb
2026-02-18 07:47:46,493 - INFO - easyocr alt4 结果: ['h(0.00)']
2026-02-18 07:47:46,592 - INFO - tesseract alt4 结果: JASEb
2026-02-18 07:47:46,658 - INFO - easyocr alt5 结果: ['h(0.01)']
2026-02-18 07:47:46,760 - INFO - tesseract alt5 结果: feSEb
2026-02-18 07:47:46,760 - INFO - 最终验证码识别结果: JASFb (engine=tesseract, prob=0.5)
2026-02-18 07:47:46,760 - INFO - 查找验证码输入框...
2026-02-18 07:47:46,767 - ERROR - 未找到验证码输入框
2026-02-18 07:47:46,767 - WARNING - 验证码填写失败
2026-02-18 07:47:46,767 - INFO - 开始填写登录表单...
2026-02-18 07:47:46,830 - INFO - 用户名填写完成
2026-02-18 07:47:46,895 - INFO - 密码填写完成
2026-02-18 07:47:46,895 - INFO - 验证码图片已保存到 /home/runner/work/nju_electric_monitor/nju_electric_monitor/src/../data/captcha_debug.png
2026-02-18 07:47:46,895 - INFO - 验证码识别尝试 10/30
2026-02-18 07:47:46,895 - INFO - 开始识别验证码...（easyocr + pytesseract）
2026-02-18 07:47:46,996 - INFO - easyocr 结果: ['b(0.01)']
2026-02-18 07:47:47,092 - INFO - tesseract 结果: JASFb
2026-02-18 07:47:47,141 - INFO - easyocr alt1 结果: ['b(0.34)']
2026-02-18 07:47:47,244 - INFO - tesseract alt1 结果: fASEb
2026-02-18 07:47:47,309 - INFO - easyocr alt2 结果: ['h(0.00)']
2026-02-18 07:47:47,414 - INFO - tesseract alt2 结果: JASEb
2026-02-18 07:47:47,571 - INFO - easyocr alt3 结果: ['b(0.03)']
2026-02-18 07:47:47,684 - INFO - tesseract alt3 结果: JASEb
2026-02-18 07:47:47,749 - INFO - easyocr alt4 结果: ['h(0.00)']
2026-02-18 07:47:47,856 - INFO - tesseract alt4 结果: JASEb
2026-02-18 07:47:47,922 - INFO - easyocr alt5 结果: ['h(0.01)']
2026-02-18 07:47:48,024 - INFO - tesseract alt5 结果: feSEb
2026-02-18 07:47:48,025 - INFO - 最终验证码识别结果: JASFb (engine=tesseract, prob=0.5)
2026-02-18 07:47:48,025 - INFO - 查找验证码输入框...
2026-02-18 07:47:48,032 - ERROR - 未找到验证码输入框
2026-02-18 07:47:48,032 - WARNING - 验证码填写失败
2026-02-18 07:47:48,032 - INFO - 开始填写登录表单...
2026-02-18 07:47:48,095 - INFO - 用户名填写完成
2026-02-18 07:47:48,160 - INFO - 密码填写完成
2026-02-18 07:47:48,161 - INFO - 验证码图片已保存到 /home/runner/work/nju_electric_monitor/nju_electric_monitor/src/../data/captcha_debug.png
2026-02-18 07:47:48,161 - INFO - 验证码识别尝试 11/30
2026-02-18 07:47:48,161 - INFO - 开始识别验证码...（easyocr + pytesseract）
2026-02-18 07:47:48,258 - INFO - easyocr 结果: ['b(0.01)']
2026-02-18 07:47:48,358 - INFO - tesseract 结果: JASFb
2026-02-18 07:47:48,405 - INFO - easyocr alt1 结果: ['b(0.34)']
2026-02-18 07:47:48,509 - INFO - tesseract alt1 结果: fASEb
2026-02-18 07:47:48,574 - INFO - easyocr alt2 结果: ['h(0.00)']
2026-02-18 07:47:48,676 - INFO - tesseract alt2 结果: JASEb
2026-02-18 07:47:48,835 - INFO - easyocr alt3 结果: ['b(0.03)']
2026-02-18 07:47:48,949 - INFO - tesseract alt3 结果: JASEb
2026-02-18 07:47:49,015 - INFO - easyocr alt4 结果: ['h(0.00)']
2026-02-18 07:47:49,117 - INFO - tesseract alt4 结果: JASEb
2026-02-18 07:47:49,183 - INFO - easyocr alt5 结果: ['h(0.01)']
2026-02-18 07:47:49,287 - INFO - tesseract alt5 结果: feSEb
2026-02-18 07:47:49,287 - INFO - 最终验证码识别结果: JASFb (engine=tesseract, prob=0.5)
2026-02-18 07:47:49,287 - INFO - 查找验证码输入框...
2026-02-18 07:47:49,294 - ERROR - 未找到验证码输入框
2026-02-18 07:47:49,294 - WARNING - 验证码填写失败
2026-02-18 07:47:49,294 - INFO - 开始填写登录表单...
2026-02-18 07:47:49,356 - INFO - 用户名填写完成
2026-02-18 07:47:49,418 - INFO - 密码填写完成
2026-02-18 07:47:49,419 - INFO - 验证码图片已保存到 /home/runner/work/nju_electric_monitor/nju_electric_monitor/src/../data/captcha_debug.png
2026-02-18 07:47:49,419 - INFO - 验证码识别尝试 12/30
2026-02-18 07:47:49,419 - INFO - 开始识别验证码...（easyocr + pytesseract）
2026-02-18 07:47:49,514 - INFO - easyocr 结果: ['b(0.01)']
2026-02-18 07:47:49,614 - INFO - tesseract 结果: JASFb
2026-02-18 07:47:49,662 - INFO - easyocr alt1 结果: ['b(0.34)']
2026-02-18 07:47:49,763 - INFO - tesseract alt1 结果: fASEb
2026-02-18 07:47:49,828 - INFO - easyocr alt2 结果: ['h(0.00)']
2026-02-18 07:47:49,928 - INFO - tesseract alt2 结果: JASEb
2026-02-18 07:47:50,084 - INFO - easyocr alt3 结果: ['b(0.03)']
2026-02-18 07:47:50,197 - INFO - tesseract alt3 结果: JASEb
2026-02-18 07:47:50,262 - INFO - easyocr alt4 结果: ['h(0.00)']
2026-02-18 07:47:50,364 - INFO - tesseract alt4 结果: JASEb
2026-02-18 07:47:50,430 - INFO - easyocr alt5 结果: ['h(0.01)']
2026-02-18 07:47:50,531 - INFO - tesseract alt5 结果: feSEb
2026-02-18 07:47:50,531 - INFO - 最终验证码识别结果: JASFb (engine=tesseract, prob=0.5)
2026-02-18 07:47:50,531 - INFO - 查找验证码输入框...
2026-02-18 07:47:50,538 - ERROR - 未找到验证码输入框
2026-02-18 07:47:50,538 - WARNING - 验证码填写失败
2026-02-18 07:47:50,538 - INFO - 开始填写登录表单...
2026-02-18 07:47:50,602 - INFO - 用户名填写完成
2026-02-18 07:47:50,667 - INFO - 密码填写完成
2026-02-18 07:47:50,668 - INFO - 验证码图片已保存到 /home/runner/work/nju_electric_monitor/nju_electric_monitor/src/../data/captcha_debug.png
2026-02-18 07:47:50,668 - INFO - 验证码识别尝试 13/30
2026-02-18 07:47:50,668 - INFO - 开始识别验证码...（easyocr + pytesseract）
2026-02-18 07:47:50,764 - INFO - easyocr 结果: ['b(0.01)']
2026-02-18 07:47:50,862 - INFO - tesseract 结果: JASFb
2026-02-18 07:47:50,909 - INFO - easyocr alt1 结果: ['b(0.34)']
2026-02-18 07:47:51,010 - INFO - tesseract alt1 结果: fASEb
2026-02-18 07:47:51,075 - INFO - easyocr alt2 结果: ['h(0.00)']
2026-02-18 07:47:51,179 - INFO - tesseract alt2 结果: JASEb
2026-02-18 07:47:51,336 - INFO - easyocr alt3 结果: ['b(0.03)']
2026-02-18 07:47:51,449 - INFO - tesseract alt3 结果: JASEb
2026-02-18 07:47:51,514 - INFO - easyocr alt4 结果: ['h(0.00)']
2026-02-18 07:47:51,622 - INFO - tesseract alt4 结果: JASEb
2026-02-18 07:47:51,688 - INFO - easyocr alt5 结果: ['h(0.01)']
2026-02-18 07:47:51,790 - INFO - tesseract alt5 结果: feSEb
2026-02-18 07:47:51,790 - INFO - 最终验证码识别结果: JASFb (engine=tesseract, prob=0.5)
2026-02-18 07:47:51,790 - INFO - 查找验证码输入框...
2026-02-18 07:47:51,797 - ERROR - 未找到验证码输入框
2026-02-18 07:47:51,797 - WARNING - 验证码填写失败
2026-02-18 07:47:51,797 - INFO - 开始填写登录表单...
2026-02-18 07:47:51,862 - INFO - 用户名填写完成
2026-02-18 07:47:51,927 - INFO - 密码填写完成
2026-02-18 07:47:51,928 - INFO - 验证码图片已保存到 /home/runner/work/nju_electric_monitor/nju_electric_monitor/src/../data/captcha_debug.png
2026-02-18 07:47:51,928 - INFO - 验证码识别尝试 14/30
2026-02-18 07:47:51,928 - INFO - 开始识别验证码...（easyocr + pytesseract）
2026-02-18 07:47:52,024 - INFO - easyocr 结果: ['b(0.01)']
2026-02-18 07:47:52,122 - INFO - tesseract 结果: JASFb
2026-02-18 07:47:52,171 - INFO - easyocr alt1 结果: ['b(0.34)']
2026-02-18 07:47:52,272 - INFO - tesseract alt1 结果: fASEb
2026-02-18 07:47:52,339 - INFO - easyocr alt2 结果: ['h(0.00)']
2026-02-18 07:47:52,442 - INFO - tesseract alt2 结果: JASEb
2026-02-18 07:47:52,599 - INFO - easyocr alt3 结果: ['b(0.03)']
2026-02-18 07:47:52,712 - INFO - tesseract alt3 结果: JASEb
2026-02-18 07:47:52,778 - INFO - easyocr alt4 结果: ['h(0.00)']
2026-02-18 07:47:52,882 - INFO - tesseract alt4 结果: JASEb
2026-02-18 07:47:52,955 - INFO - easyocr alt5 结果: ['h(0.01)']
2026-02-18 07:47:53,061 - INFO - tesseract alt5 结果: feSEb
2026-02-18 07:47:53,061 - INFO - 最终验证码识别结果: JASFb (engine=tesseract, prob=0.5)
2026-02-18 07:47:53,061 - INFO - 查找验证码输入框...
2026-02-18 07:47:53,068 - ERROR - 未找到验证码输入框
2026-02-18 07:47:53,068 - WARNING - 验证码填写失败
2026-02-18 07:47:53,068 - INFO - 开始填写登录表单...
2026-02-18 07:47:53,132 - INFO - 用户名填写完成
2026-02-18 07:47:53,197 - INFO - 密码填写完成
2026-02-18 07:47:53,198 - INFO - 验证码图片已保存到 /home/runner/work/nju_electric_monitor/nju_electric_monitor/src/../data/captcha_debug.png
2026-02-18 07:47:53,198 - INFO - 验证码识别尝试 15/30
2026-02-18 07:47:53,198 - INFO - 开始识别验证码...（easyocr + pytesseract）
2026-02-18 07:47:53,302 - INFO - easyocr 结果: ['b(0.01)']
2026-02-18 07:47:53,402 - INFO - tesseract 结果: JASFb
2026-02-18 07:47:53,454 - INFO - easyocr alt1 结果: ['b(0.34)']
2026-02-18 07:47:53,555 - INFO - tesseract alt1 结果: fASEb
2026-02-18 07:47:53,620 - INFO - easyocr alt2 结果: ['h(0.00)']
2026-02-18 07:47:53,722 - INFO - tesseract alt2 结果: JASEb
2026-02-18 07:47:53,878 - INFO - easyocr alt3 结果: ['b(0.03)']
2026-02-18 07:47:53,990 - INFO - tesseract alt3 结果: JASEb
2026-02-18 07:47:54,055 - INFO - easyocr alt4 结果: ['h(0.00)']
2026-02-18 07:47:54,159 - INFO - tesseract alt4 结果: JASEb
2026-02-18 07:47:54,234 - INFO - easyocr alt5 结果: ['h(0.01)']
2026-02-18 07:47:54,337 - INFO - tesseract alt5 结果: feSEb
2026-02-18 07:47:54,337 - INFO - 最终验证码识别结果: JASFb (engine=tesseract, prob=0.5)
2026-02-18 07:47:54,337 - INFO - 查找验证码输入框...
2026-02-18 07:47:54,344 - ERROR - 未找到验证码输入框
2026-02-18 07:47:54,344 - WARNING - 验证码填写失败
2026-02-18 07:47:54,344 - INFO - 开始填写登录表单...
2026-02-18 07:47:54,411 - INFO - 用户名填写完成
2026-02-18 07:47:54,476 - INFO - 密码填写完成
2026-02-18 07:47:54,477 - INFO - 验证码图片已保存到 /home/runner/work/nju_electric_monitor/nju_electric_monitor/src/../data/captcha_debug.png
2026-02-18 07:47:54,477 - INFO - 验证码识别尝试 16/30
2026-02-18 07:47:54,477 - INFO - 开始识别验证码...（easyocr + pytesseract）
2026-02-18 07:47:54,572 - INFO - easyocr 结果: ['b(0.01)']
2026-02-18 07:47:54,668 - INFO - tesseract 结果: JASFb
2026-02-18 07:47:54,724 - INFO - easyocr alt1 结果: ['b(0.34)']
2026-02-18 07:47:54,824 - INFO - tesseract alt1 结果: fASEb
2026-02-18 07:47:54,897 - INFO - easyocr alt2 结果: ['h(0.00)']
2026-02-18 07:47:55,000 - INFO - tesseract alt2 结果: JASEb
2026-02-18 07:47:55,156 - INFO - easyocr alt3 结果: ['b(0.03)']
2026-02-18 07:47:55,272 - INFO - tesseract alt3 结果: JASEb
2026-02-18 07:47:55,337 - INFO - easyocr alt4 结果: ['h(0.00)']
2026-02-18 07:47:55,439 - INFO - tesseract alt4 结果: JASEb
2026-02-18 07:47:55,504 - INFO - easyocr alt5 结果: ['h(0.01)']
2026-02-18 07:47:55,606 - INFO - tesseract alt5 结果: feSEb
2026-02-18 07:47:55,606 - INFO - 最终验证码识别结果: JASFb (engine=tesseract, prob=0.5)
2026-02-18 07:47:55,606 - INFO - 查找验证码输入框...
2026-02-18 07:47:55,613 - ERROR - 未找到验证码输入框
2026-02-18 07:47:55,613 - WARNING - 验证码填写失败
2026-02-18 07:47:55,613 - INFO - 开始填写登录表单...
2026-02-18 07:47:55,676 - INFO - 用户名填写完成
2026-02-18 07:47:55,740 - INFO - 密码填写完成
2026-02-18 07:47:55,741 - INFO - 验证码图片已保存到 /home/runner/work/nju_electric_monitor/nju_electric_monitor/src/../data/captcha_debug.png
2026-02-18 07:47:55,741 - INFO - 验证码识别尝试 17/30
2026-02-18 07:47:55,741 - INFO - 开始识别验证码...（easyocr + pytesseract）
2026-02-18 07:47:55,835 - INFO - easyocr 结果: ['b(0.01)']
2026-02-18 07:47:55,933 - INFO - tesseract 结果: JASFb
2026-02-18 07:47:55,987 - INFO - easyocr alt1 结果: ['b(0.34)']
2026-02-18 07:47:56,088 - INFO - tesseract alt1 结果: fASEb
2026-02-18 07:47:56,154 - INFO - easyocr alt2 结果: ['h(0.00)']
2026-02-18 07:47:56,259 - INFO - tesseract alt2 结果: JASEb
2026-02-18 07:47:56,415 - INFO - easyocr alt3 结果: ['b(0.03)']
2026-02-18 07:47:56,528 - INFO - tesseract alt3 结果: JASEb
2026-02-18 07:47:56,593 - INFO - easyocr alt4 结果: ['h(0.00)']
2026-02-18 07:47:56,692 - INFO - tesseract alt4 结果: JASEb
2026-02-18 07:47:56,758 - INFO - easyocr alt5 结果: ['h(0.01)']
2026-02-18 07:47:56,859 - INFO - tesseract alt5 结果: feSEb
2026-02-18 07:47:56,859 - INFO - 最终验证码识别结果: JASFb (engine=tesseract, prob=0.5)
2026-02-18 07:47:56,859 - INFO - 查找验证码输入框...
2026-02-18 07:47:56,866 - ERROR - 未找到验证码输入框
2026-02-18 07:47:56,867 - WARNING - 验证码填写失败
2026-02-18 07:47:56,867 - INFO - 开始填写登录表单...
2026-02-18 07:47:56,929 - INFO - 用户名填写完成
2026-02-18 07:47:56,994 - INFO - 密码填写完成
2026-02-18 07:47:56,994 - INFO - 验证码图片已保存到 /home/runner/work/nju_electric_monitor/nju_electric_monitor/src/../data/captcha_debug.png
2026-02-18 07:47:56,995 - INFO - 验证码识别尝试 18/30
2026-02-18 07:47:56,995 - INFO - 开始识别验证码...（easyocr + pytesseract）
2026-02-18 07:47:57,100 - INFO - easyocr 结果: ['b(0.01)']
2026-02-18 07:47:57,198 - INFO - tesseract 结果: JASFb
2026-02-18 07:47:57,245 - INFO - easyocr alt1 结果: ['b(0.34)']
2026-02-18 07:47:57,345 - INFO - tesseract alt1 结果: fASEb
2026-02-18 07:47:57,411 - INFO - easyocr alt2 结果: ['h(0.00)']
2026-02-18 07:47:57,514 - INFO - tesseract alt2 结果: JASEb
2026-02-18 07:47:57,669 - INFO - easyocr alt3 结果: ['b(0.03)']
2026-02-18 07:47:57,782 - INFO - tesseract alt3 结果: JASEb
2026-02-18 07:47:57,847 - INFO - easyocr alt4 结果: ['h(0.00)']
2026-02-18 07:47:57,948 - INFO - tesseract alt4 结果: JASEb
2026-02-18 07:47:58,014 - INFO - easyocr alt5 结果: ['h(0.01)']
2026-02-18 07:47:58,116 - INFO - tesseract alt5 结果: feSEb
2026-02-18 07:47:58,116 - INFO - 最终验证码识别结果: JASFb (engine=tesseract, prob=0.5)
2026-02-18 07:47:58,116 - INFO - 查找验证码输入框...
2026-02-18 07:47:58,123 - ERROR - 未找到验证码输入框
2026-02-18 07:47:58,123 - WARNING - 验证码填写失败
2026-02-18 07:47:58,123 - INFO - 开始填写登录表单...
2026-02-18 07:47:58,186 - INFO - 用户名填写完成
2026-02-18 07:47:58,250 - INFO - 密码填写完成
2026-02-18 07:47:58,251 - INFO - 验证码图片已保存到 /home/runner/work/nju_electric_monitor/nju_electric_monitor/src/../data/captcha_debug.png
2026-02-18 07:47:58,251 - INFO - 验证码识别尝试 19/30
2026-02-18 07:47:58,251 - INFO - 开始识别验证码...（easyocr + pytesseract）
2026-02-18 07:47:58,352 - INFO - easyocr 结果: ['b(0.01)']
2026-02-18 07:47:58,453 - INFO - tesseract 结果: JASFb
2026-02-18 07:47:58,501 - INFO - easyocr alt1 结果: ['b(0.34)']
2026-02-18 07:47:58,604 - INFO - tesseract alt1 结果: fASEb
2026-02-18 07:47:58,682 - INFO - easyocr alt2 结果: ['h(0.00)']
2026-02-18 07:47:58,783 - INFO - tesseract alt2 结果: JASEb
2026-02-18 07:47:58,945 - INFO - easyocr alt3 结果: ['b(0.03)']
2026-02-18 07:47:59,059 - INFO - tesseract alt3 结果: JASEb
2026-02-18 07:47:59,125 - INFO - easyocr alt4 结果: ['h(0.00)']
2026-02-18 07:47:59,227 - INFO - tesseract alt4 结果: JASEb
2026-02-18 07:47:59,293 - INFO - easyocr alt5 结果: ['h(0.01)']
2026-02-18 07:47:59,395 - INFO - tesseract alt5 结果: feSEb
2026-02-18 07:47:59,395 - INFO - 最终验证码识别结果: JASFb (engine=tesseract, prob=0.5)
2026-02-18 07:47:59,395 - INFO - 查找验证码输入框...
2026-02-18 07:47:59,402 - ERROR - 未找到验证码输入框
2026-02-18 07:47:59,402 - WARNING - 验证码填写失败
2026-02-18 07:47:59,402 - INFO - 开始填写登录表单...
2026-02-18 07:47:59,465 - INFO - 用户名填写完成
2026-02-18 07:47:59,530 - INFO - 密码填写完成
2026-02-18 07:47:59,530 - INFO - 验证码图片已保存到 /home/runner/work/nju_electric_monitor/nju_electric_monitor/src/../data/captcha_debug.png
2026-02-18 07:47:59,530 - INFO - 验证码识别尝试 20/30
2026-02-18 07:47:59,530 - INFO - 开始识别验证码...（easyocr + pytesseract）
2026-02-18 07:47:59,627 - INFO - easyocr 结果: ['b(0.01)']
2026-02-18 07:47:59,728 - INFO - tesseract 结果: JASFb
2026-02-18 07:47:59,775 - INFO - easyocr alt1 结果: ['b(0.34)']
2026-02-18 07:47:59,874 - INFO - tesseract alt1 结果: fASEb
2026-02-18 07:47:59,939 - INFO - easyocr alt2 结果: ['h(0.00)']
2026-02-18 07:48:00,040 - INFO - tesseract alt2 结果: JASEb
2026-02-18 07:48:00,197 - INFO - easyocr alt3 结果: ['b(0.03)']
2026-02-18 07:48:00,310 - INFO - tesseract alt3 结果: JASEb
2026-02-18 07:48:00,375 - INFO - easyocr alt4 结果: ['h(0.00)']
2026-02-18 07:48:00,478 - INFO - tesseract alt4 结果: JASEb
2026-02-18 07:48:00,545 - INFO - easyocr alt5 结果: ['h(0.01)']
2026-02-18 07:48:00,648 - INFO - tesseract alt5 结果: feSEb
2026-02-18 07:48:00,648 - INFO - 最终验证码识别结果: JASFb (engine=tesseract, prob=0.5)
2026-02-18 07:48:00,648 - INFO - 查找验证码输入框...
2026-02-18 07:48:00,655 - ERROR - 未找到验证码输入框
2026-02-18 07:48:00,655 - WARNING - 验证码填写失败
2026-02-18 07:48:00,655 - INFO - 开始填写登录表单...
2026-02-18 07:48:00,720 - INFO - 用户名填写完成
2026-02-18 07:48:00,786 - INFO - 密码填写完成
2026-02-18 07:48:00,787 - INFO - 验证码图片已保存到 /home/runner/work/nju_electric_monitor/nju_electric_monitor/src/../data/captcha_debug.png
2026-02-18 07:48:00,787 - INFO - 验证码识别尝试 21/30
2026-02-18 07:48:00,787 - INFO - 开始识别验证码...（easyocr + pytesseract）
2026-02-18 07:48:00,884 - INFO - easyocr 结果: ['b(0.01)']
2026-02-18 07:48:00,981 - INFO - tesseract 结果: JASFb
2026-02-18 07:48:01,030 - INFO - easyocr alt1 结果: ['b(0.34)']
2026-02-18 07:48:01,131 - INFO - tesseract alt1 结果: fASEb
2026-02-18 07:48:01,196 - INFO - easyocr alt2 结果: ['h(0.00)']
2026-02-18 07:48:01,298 - INFO - tesseract alt2 结果: JASEb
2026-02-18 07:48:01,454 - INFO - easyocr alt3 结果: ['b(0.03)']
2026-02-18 07:48:01,566 - INFO - tesseract alt3 结果: JASEb
2026-02-18 07:48:01,631 - INFO - easyocr alt4 结果: ['h(0.00)']
2026-02-18 07:48:01,732 - INFO - tesseract alt4 结果: JASEb
2026-02-18 07:48:01,797 - INFO - easyocr alt5 结果: ['h(0.01)']
2026-02-18 07:48:01,899 - INFO - tesseract alt5 结果: feSEb
2026-02-18 07:48:01,899 - INFO - 最终验证码识别结果: JASFb (engine=tesseract, prob=0.5)
2026-02-18 07:48:01,899 - INFO - 查找验证码输入框...
2026-02-18 07:48:01,906 - ERROR - 未找到验证码输入框
2026-02-18 07:48:01,906 - WARNING - 验证码填写失败
2026-02-18 07:48:01,907 - INFO - 开始填写登录表单...
2026-02-18 07:48:01,971 - INFO - 用户名填写完成
2026-02-18 07:48:02,033 - INFO - 密码填写完成
2026-02-18 07:48:02,033 - INFO - 验证码图片已保存到 /home/runner/work/nju_electric_monitor/nju_electric_monitor/src/../data/captcha_debug.png
2026-02-18 07:48:02,033 - INFO - 验证码识别尝试 22/30
2026-02-18 07:48:02,033 - INFO - 开始识别验证码...（easyocr + pytesseract）
2026-02-18 07:48:02,129 - INFO - easyocr 结果: ['b(0.01)']
2026-02-18 07:48:02,230 - INFO - tesseract 结果: JASFb
2026-02-18 07:48:02,276 - INFO - easyocr alt1 结果: ['b(0.34)']
2026-02-18 07:48:02,376 - INFO - tesseract alt1 结果: fASEb
2026-02-18 07:48:02,448 - INFO - easyocr alt2 结果: ['h(0.00)']
2026-02-18 07:48:02,549 - INFO - tesseract alt2 结果: JASEb
2026-02-18 07:48:02,704 - INFO - easyocr alt3 结果: ['b(0.03)']
2026-02-18 07:48:02,819 - INFO - tesseract alt3 结果: JASEb
2026-02-18 07:48:02,883 - INFO - easyocr alt4 结果: ['h(0.00)']
2026-02-18 07:48:02,987 - INFO - tesseract alt4 结果: JASEb
2026-02-18 07:48:03,051 - INFO - easyocr alt5 结果: ['h(0.01)']
2026-02-18 07:48:03,153 - INFO - tesseract alt5 结果: feSEb
2026-02-18 07:48:03,153 - INFO - 最终验证码识别结果: JASFb (engine=tesseract, prob=0.5)
2026-02-18 07:48:03,153 - INFO - 查找验证码输入框...
2026-02-18 07:48:03,160 - ERROR - 未找到验证码输入框
2026-02-18 07:48:03,160 - WARNING - 验证码填写失败
2026-02-18 07:48:03,160 - INFO - 开始填写登录表单...
2026-02-18 07:48:03,222 - INFO - 用户名填写完成
2026-02-18 07:48:03,283 - INFO - 密码填写完成
2026-02-18 07:48:03,284 - INFO - 验证码图片已保存到 /home/runner/work/nju_electric_monitor/nju_electric_monitor/src/../data/captcha_debug.png
2026-02-18 07:48:03,284 - INFO - 验证码识别尝试 23/30
2026-02-18 07:48:03,284 - INFO - 开始识别验证码...（easyocr + pytesseract）
2026-02-18 07:48:03,379 - INFO - easyocr 结果: ['b(0.01)']
2026-02-18 07:48:03,482 - INFO - tesseract 结果: JASFb
2026-02-18 07:48:03,530 - INFO - easyocr alt1 结果: ['b(0.34)']
2026-02-18 07:48:03,635 - INFO - tesseract alt1 结果: fASEb
2026-02-18 07:48:03,699 - INFO - easyocr alt2 结果: ['h(0.00)']
2026-02-18 07:48:03,805 - INFO - tesseract alt2 结果: JASEb
2026-02-18 07:48:03,959 - INFO - easyocr alt3 结果: ['b(0.03)']
2026-02-18 07:48:04,073 - INFO - tesseract alt3 结果: JASEb
2026-02-18 07:48:04,137 - INFO - easyocr alt4 结果: ['h(0.00)']
2026-02-18 07:48:04,238 - INFO - tesseract alt4 结果: JASEb
2026-02-18 07:48:04,303 - INFO - easyocr alt5 结果: ['h(0.01)']
2026-02-18 07:48:04,409 - INFO - tesseract alt5 结果: feSEb
2026-02-18 07:48:04,409 - INFO - 最终验证码识别结果: JASFb (engine=tesseract, prob=0.5)
2026-02-18 07:48:04,409 - INFO - 查找验证码输入框...
2026-02-18 07:48:04,416 - ERROR - 未找到验证码输入框
2026-02-18 07:48:04,416 - WARNING - 验证码填写失败
2026-02-18 07:48:04,416 - INFO - 开始填写登录表单...
2026-02-18 07:48:04,480 - INFO - 用户名填写完成
2026-02-18 07:48:04,546 - INFO - 密码填写完成
2026-02-18 07:48:04,547 - INFO - 验证码图片已保存到 /home/runner/work/nju_electric_monitor/nju_electric_monitor/src/../data/captcha_debug.png
2026-02-18 07:48:04,547 - INFO - 验证码识别尝试 24/30
2026-02-18 07:48:04,547 - INFO - 开始识别验证码...（easyocr + pytesseract）
2026-02-18 07:48:04,642 - INFO - easyocr 结果: ['b(0.01)']
2026-02-18 07:48:04,740 - INFO - tesseract 结果: JASFb
2026-02-18 07:48:04,787 - INFO - easyocr alt1 结果: ['b(0.34)']
2026-02-18 07:48:04,889 - INFO - tesseract alt1 结果: fASEb
2026-02-18 07:48:04,954 - INFO - easyocr alt2 结果: ['h(0.00)']
2026-02-18 07:48:05,055 - INFO - tesseract alt2 结果: JASEb
2026-02-18 07:48:05,210 - INFO - easyocr alt3 结果: ['b(0.03)']
2026-02-18 07:48:05,324 - INFO - tesseract alt3 结果: JASEb
2026-02-18 07:48:05,389 - INFO - easyocr alt4 结果: ['h(0.00)']
2026-02-18 07:48:05,490 - INFO - tesseract alt4 结果: JASEb
2026-02-18 07:48:05,556 - INFO - easyocr alt5 结果: ['h(0.01)']
2026-02-18 07:48:05,657 - INFO - tesseract alt5 结果: feSEb
2026-02-18 07:48:05,657 - INFO - 最终验证码识别结果: JASFb (engine=tesseract, prob=0.5)
2026-02-18 07:48:05,657 - INFO - 查找验证码输入框...
2026-02-18 07:48:05,664 - ERROR - 未找到验证码输入框
2026-02-18 07:48:05,664 - WARNING - 验证码填写失败
2026-02-18 07:48:05,664 - INFO - 开始填写登录表单...
2026-02-18 07:48:05,726 - INFO - 用户名填写完成
2026-02-18 07:48:05,789 - INFO - 密码填写完成
2026-02-18 07:48:05,790 - INFO - 验证码图片已保存到 /home/runner/work/nju_electric_monitor/nju_electric_monitor/src/../data/captcha_debug.png
2026-02-18 07:48:05,790 - INFO - 验证码识别尝试 25/30
2026-02-18 07:48:05,790 - INFO - 开始识别验证码...（easyocr + pytesseract）
2026-02-18 07:48:05,884 - INFO - easyocr 结果: ['b(0.01)']
2026-02-18 07:48:05,982 - INFO - tesseract 结果: JASFb
2026-02-18 07:48:06,030 - INFO - easyocr alt1 结果: ['b(0.34)']
2026-02-18 07:48:06,134 - INFO - tesseract alt1 结果: fASEb
2026-02-18 07:48:06,200 - INFO - easyocr alt2 结果: ['h(0.00)']
2026-02-18 07:48:06,301 - INFO - tesseract alt2 结果: JASEb
2026-02-18 07:48:06,458 - INFO - easyocr alt3 结果: ['b(0.03)']
2026-02-18 07:48:06,569 - INFO - tesseract alt3 结果: JASEb
2026-02-18 07:48:06,633 - INFO - easyocr alt4 结果: ['h(0.00)']
2026-02-18 07:48:06,738 - INFO - tesseract alt4 结果: JASEb
2026-02-18 07:48:06,803 - INFO - easyocr alt5 结果: ['h(0.01)']
2026-02-18 07:48:06,906 - INFO - tesseract alt5 结果: feSEb
2026-02-18 07:48:06,906 - INFO - 最终验证码识别结果: JASFb (engine=tesseract, prob=0.5)
2026-02-18 07:48:06,906 - INFO - 查找验证码输入框...
2026-02-18 07:48:06,913 - ERROR - 未找到验证码输入框
2026-02-18 07:48:06,913 - WARNING - 验证码填写失败
2026-02-18 07:48:06,913 - INFO - 开始填写登录表单...
2026-02-18 07:48:06,976 - INFO - 用户名填写完成
2026-02-18 07:48:07,040 - INFO - 密码填写完成
2026-02-18 07:48:07,041 - INFO - 验证码图片已保存到 /home/runner/work/nju_electric_monitor/nju_electric_monitor/src/../data/captcha_debug.png
2026-02-18 07:48:07,041 - INFO - 验证码识别尝试 26/30
2026-02-18 07:48:07,041 - INFO - 开始识别验证码...（easyocr + pytesseract）
2026-02-18 07:48:07,141 - INFO - easyocr 结果: ['b(0.01)']
2026-02-18 07:48:07,239 - INFO - tesseract 结果: JASFb
2026-02-18 07:48:07,286 - INFO - easyocr alt1 结果: ['b(0.34)']
2026-02-18 07:48:07,387 - INFO - tesseract alt1 结果: fASEb
2026-02-18 07:48:07,452 - INFO - easyocr alt2 结果: ['h(0.00)']
2026-02-18 07:48:07,553 - INFO - tesseract alt2 结果: JASEb
2026-02-18 07:48:07,707 - INFO - easyocr alt3 结果: ['b(0.03)']
2026-02-18 07:48:07,819 - INFO - tesseract alt3 结果: JASEb
2026-02-18 07:48:07,882 - INFO - easyocr alt4 结果: ['h(0.00)']
2026-02-18 07:48:07,983 - INFO - tesseract alt4 结果: JASEb
2026-02-18 07:48:08,049 - INFO - easyocr alt5 结果: ['h(0.01)']
2026-02-18 07:48:08,152 - INFO - tesseract alt5 结果: feSEb
2026-02-18 07:48:08,152 - INFO - 最终验证码识别结果: JASFb (engine=tesseract, prob=0.5)
2026-02-18 07:48:08,152 - INFO - 查找验证码输入框...
2026-02-18 07:48:08,159 - ERROR - 未找到验证码输入框
2026-02-18 07:48:08,159 - WARNING - 验证码填写失败
2026-02-18 07:48:08,159 - INFO - 开始填写登录表单...
2026-02-18 07:48:08,224 - INFO - 用户名填写完成
2026-02-18 07:48:08,290 - INFO - 密码填写完成
2026-02-18 07:48:08,291 - INFO - 验证码图片已保存到 /home/runner/work/nju_electric_monitor/nju_electric_monitor/src/../data/captcha_debug.png
2026-02-18 07:48:08,291 - INFO - 验证码识别尝试 27/30
2026-02-18 07:48:08,291 - INFO - 开始识别验证码...（easyocr + pytesseract）
2026-02-18 07:48:08,386 - INFO - easyocr 结果: ['b(0.01)']
2026-02-18 07:48:08,484 - INFO - tesseract 结果: JASFb
2026-02-18 07:48:08,532 - INFO - easyocr alt1 结果: ['b(0.34)']
2026-02-18 07:48:08,638 - INFO - tesseract alt1 结果: fASEb
2026-02-18 07:48:08,704 - INFO - easyocr alt2 结果: ['h(0.00)']
2026-02-18 07:48:08,808 - INFO - tesseract alt2 结果: JASEb
2026-02-18 07:48:08,975 - INFO - easyocr alt3 结果: ['b(0.03)']
2026-02-18 07:48:09,091 - INFO - tesseract alt3 结果: JASEb
2026-02-18 07:48:09,157 - INFO - easyocr alt4 结果: ['h(0.00)']
2026-02-18 07:48:09,261 - INFO - tesseract alt4 结果: JASEb
2026-02-18 07:48:09,327 - INFO - easyocr alt5 结果: ['h(0.01)']
2026-02-18 07:48:09,431 - INFO - tesseract alt5 结果: feSEb
2026-02-18 07:48:09,431 - INFO - 最终验证码识别结果: JASFb (engine=tesseract, prob=0.5)
2026-02-18 07:48:09,431 - INFO - 查找验证码输入框...
2026-02-18 07:48:09,438 - ERROR - 未找到验证码输入框
2026-02-18 07:48:09,438 - WARNING - 验证码填写失败
2026-02-18 07:48:09,438 - INFO - 开始填写登录表单...
2026-02-18 07:48:09,500 - INFO - 用户名填写完成
2026-02-18 07:48:09,566 - INFO - 密码填写完成
2026-02-18 07:48:09,567 - INFO - 验证码图片已保存到 /home/runner/work/nju_electric_monitor/nju_electric_monitor/src/../data/captcha_debug.png
2026-02-18 07:48:09,567 - INFO - 验证码识别尝试 28/30
2026-02-18 07:48:09,567 - INFO - 开始识别验证码...（easyocr + pytesseract）
2026-02-18 07:48:09,663 - INFO - easyocr 结果: ['b(0.01)']
2026-02-18 07:48:09,762 - INFO - tesseract 结果: JASFb
2026-02-18 07:48:09,808 - INFO - easyocr alt1 结果: ['b(0.34)']
2026-02-18 07:48:09,909 - INFO - tesseract alt1 结果: fASEb
2026-02-18 07:48:09,974 - INFO - easyocr alt2 结果: ['h(0.00)']
2026-02-18 07:48:10,076 - INFO - tesseract alt2 结果: JASEb
2026-02-18 07:48:10,231 - INFO - easyocr alt3 结果: ['b(0.03)']
2026-02-18 07:48:10,344 - INFO - tesseract alt3 结果: JASEb
2026-02-18 07:48:10,410 - INFO - easyocr alt4 结果: ['h(0.00)']
2026-02-18 07:48:10,512 - INFO - tesseract alt4 结果: JASEb
2026-02-18 07:48:10,578 - INFO - easyocr alt5 结果: ['h(0.01)']
2026-02-18 07:48:10,679 - INFO - tesseract alt5 结果: feSEb
2026-02-18 07:48:10,680 - INFO - 最终验证码识别结果: JASFb (engine=tesseract, prob=0.5)
2026-02-18 07:48:10,680 - INFO - 查找验证码输入框...
2026-02-18 07:48:10,687 - ERROR - 未找到验证码输入框
2026-02-18 07:48:10,687 - WARNING - 验证码填写失败
2026-02-18 07:48:10,687 - INFO - 开始填写登录表单...
2026-02-18 07:48:10,749 - INFO - 用户名填写完成
2026-02-18 07:48:10,813 - INFO - 密码填写完成
2026-02-18 07:48:10,814 - INFO - 验证码图片已保存到 /home/runner/work/nju_electric_monitor/nju_electric_monitor/src/../data/captcha_debug.png
2026-02-18 07:48:10,814 - INFO - 验证码识别尝试 29/30
2026-02-18 07:48:10,814 - INFO - 开始识别验证码...（easyocr + pytesseract）
2026-02-18 07:48:10,939 - INFO - easyocr 结果: ['b(0.01)']
2026-02-18 07:48:11,036 - INFO - tesseract 结果: JASFb
2026-02-18 07:48:11,084 - INFO - easyocr alt1 结果: ['b(0.34)']
2026-02-18 07:48:11,186 - INFO - tesseract alt1 结果: fASEb
2026-02-18 07:48:11,250 - INFO - easyocr alt2 结果: ['h(0.00)']
2026-02-18 07:48:11,350 - INFO - tesseract alt2 结果: JASEb
2026-02-18 07:48:11,505 - INFO - easyocr alt3 结果: ['b(0.03)']
2026-02-18 07:48:11,614 - INFO - tesseract alt3 结果: JASEb
2026-02-18 07:48:11,678 - INFO - easyocr alt4 结果: ['h(0.00)']
2026-02-18 07:48:11,779 - INFO - tesseract alt4 结果: JASEb
2026-02-18 07:48:11,844 - INFO - easyocr alt5 结果: ['h(0.01)']
2026-02-18 07:48:11,945 - INFO - tesseract alt5 结果: feSEb
2026-02-18 07:48:11,945 - INFO - 最终验证码识别结果: JASFb (engine=tesseract, prob=0.5)
2026-02-18 07:48:11,945 - INFO - 查找验证码输入框...
2026-02-18 07:48:11,952 - ERROR - 未找到验证码输入框
2026-02-18 07:48:11,952 - WARNING - 验证码填写失败
2026-02-18 07:48:11,952 - INFO - 开始填写登录表单...
2026-02-18 07:48:12,014 - INFO - 用户名填写完成
2026-02-18 07:48:12,076 - INFO - 密码填写完成
2026-02-18 07:48:12,077 - INFO - 验证码图片已保存到 /home/runner/work/nju_electric_monitor/nju_electric_monitor/src/../data/captcha_debug.png
2026-02-18 07:48:12,077 - INFO - 验证码识别尝试 30/30
2026-02-18 07:48:12,077 - INFO - 开始识别验证码...（easyocr + pytesseract）
2026-02-18 07:48:12,173 - INFO - easyocr 结果: ['b(0.01)']
2026-02-18 07:48:12,274 - INFO - tesseract 结果: JASFb
2026-02-18 07:48:12,320 - INFO - easyocr alt1 结果: ['b(0.34)']
2026-02-18 07:48:12,423 - INFO - tesseract alt1 结果: fASEb
2026-02-18 07:48:12,488 - INFO - easyocr alt2 结果: ['h(0.00)']
2026-02-18 07:48:12,592 - INFO - tesseract alt2 结果: JASEb
2026-02-18 07:48:12,748 - INFO - easyocr alt3 结果: ['b(0.03)']
2026-02-18 07:48:12,867 - INFO - tesseract alt3 结果: JASEb
2026-02-18 07:48:12,931 - INFO - easyocr alt4 结果: ['h(0.00)']
2026-02-18 07:48:13,033 - INFO - tesseract alt4 结果: JASEb
2026-02-18 07:48:13,097 - INFO - easyocr alt5 结果: ['h(0.01)']
2026-02-18 07:48:13,198 - INFO - tesseract alt5 结果: feSEb
2026-02-18 07:48:13,198 - INFO - 最终验证码识别结果: JASFb (engine=tesseract, prob=0.5)
2026-02-18 07:48:13,199 - INFO - 查找验证码输入框...
2026-02-18 07:48:13,205 - ERROR - 未找到验证码输入框
2026-02-18 07:48:13,205 - WARNING - 验证码填写失败
2026-02-18 07:48:13,206 - WARNING - 自动验证码识别失败，请手动输入
请手动输入验证码: 2026-02-18 07:48:13,206 - ERROR - 处理验证码时出错: EOF when reading a line
2026-02-18 07:48:13,206 - WARNING - 验证码处理失败，但继续尝试登录
2026-02-18 07:48:13,206 - INFO - 查找并点击登录按钮...
2026-02-18 07:48:13,215 - ERROR - 未找到登录按钮
2026-02-18 07:48:13,215 - ERROR - 点击登录按钮失败
2026-02-18 07:48:13,215 - INFO - 等待登录成功...
2026-02-18 07:48:18,222 - INFO - 登录可能成功，继续下一步...
2026-02-18 07:48:18,222 - INFO - 查找'去充值'按钮...
2026-02-18 07:48:18,232 - ERROR - 未找到'去充值'按钮
2026-02-18 07:48:18,232 - WARNING - 点击充值按钮失败，尝试直接提取数据
2026-02-18 07:48:18,232 - INFO - 开始提取剩余电量信息...
2026-02-18 07:48:18,241 - INFO - 页面源码已保存到 /home/runner/work/nju_electric_monitor/nju_electric_monitor/src/../data/debug_page_source.html
2026-02-18 07:48:18,250 - WARNING - 未找到电量信息元素，尝试其他方法...
2026-02-18 07:48:18,259 - WARNING - 未找到i标签中的电量信息，尝试其他方法...
2026-02-18 07:48:18,268 - INFO - 在页面源码中查找电量信息...
2026-02-18 07:48:18,280 - WARNING - 未能提取到剩余电量信息
2026-02-18 07:48:18,280 - WARNING - 没有电量数据可保存
2026-02-18 07:48:18,280 - INFO - 监控流程完成
Wrapper end: 2026-02-18T15:48:18.361244+08:00
