Wrapper start: 2025-12-15T15:20:53.517329+08:00

=== ENVIRONMENT SUMMARY ===
Environment variable keys (count=118):
- ACCEPT_EULA
- ACTIONS_RUNNER_ACTION_ARCHIVE_CACHE
- AGENT_TOOLSDIRECTORY
- ANDROID_HOME
- ANDROID_NDK
- ANDROID_NDK_HOME
- ANDROID_NDK_LATEST_HOME
- ANDROID_NDK_ROOT
- ANDROID_SDK_ROOT
- ANT_HOME
NJU_USERNAME set: yes
NJU_PASSWORD set: yes

=== DISK USAGE (df -h) ===
Filesystem      Size  Used Avail Use% Mounted on
/dev/root        72G   67G  4.9G  94% /
tmpfs           7.9G   84K  7.9G   1% /dev/shm
tmpfs           3.2G  3.3M  3.2G   1% /run
tmpfs           5.0M     0  5.0M   0% /run/lock
/dev/sdb16      881M   62M  758M   8% /boot
/dev/sdb15      105M  6.2M   99M   6% /boot/efi
/dev/sda1        74G  4.1G   66G   6% /mnt
tmpfs           1.6G   12K  1.6G   1% /run/user/1001


=== KEY DIR SIZES ===
5.6M	/home/runner/work/nju_electric_monitor/nju_electric_monitor/src/../logs

284K	/home/runner/work/nju_electric_monitor/nju_electric_monitor/src/../data

101M	/home/runner/work/nju_electric_monitor/nju_electric_monitor/src/../models


=== CONFIG_WORKFLOW SUMMARY ===
{
  "username": "",
  "password": "",
  "auto_login": true,
  "headless_mode": true,
  "captcha_retry_count": 30,
  "captcha_confidence_threshold": 0.3,
  "save_captcha_images": true,
  "log_level": "INFO"
}

=== FONT DIAGNOSTICS ===
Found system fonts (ttf) count: 59
- /usr/share/fonts/truetype/dejavu/DejaVuSerif-Bold.ttf
- /usr/share/fonts/truetype/lato/Lato-Italic.ttf
- /usr/share/fonts/truetype/dejavu/DejaVuSansCondensed-BoldOblique.ttf
- /usr/share/fonts/truetype/wqy/wqy-microhei.ttc
- /usr/share/fonts/truetype/liberation/LiberationSerif-Regular.ttf
- /usr/share/fonts/truetype/lato/Lato-Semibold.ttf
- /usr/share/fonts/opentype/noto/NotoSerifCJK-Bold.ttc
- /usr/share/fonts/truetype/dejavu/DejaVuSerifCondensed.ttf
- /usr/share/fonts/truetype/lato/Lato-BlackItalic.ttf
- /usr/share/fonts/truetype/lato/Lato-Bold.ttf
- /usr/share/fonts/truetype/lato/Lato-Hairline.ttf
- /usr/share/fonts/truetype/liberation/LiberationSerif-Bold.ttf
- /usr/share/fonts/opentype/noto/NotoSerifCJK-Regular.ttc
- /usr/share/fonts/truetype/liberation/LiberationMono-Bold.ttf
- /usr/share/fonts/truetype/dejavu/DejaVuSans-BoldOblique.ttf
- /usr/share/fonts/truetype/dejavu/DejaVuSerifCondensed-BoldItalic.ttf
- /usr/share/fonts/truetype/wqy/wqy-zenhei.ttc
- /usr/share/fonts/truetype/dejavu/DejaVuSansMono.ttf
- /usr/share/fonts/opentype/noto/NotoSansCJK-Bold.ttc
- /usr/share/fonts/truetype/liberation/LiberationSans-Bold.ttf
- /usr/share/fonts/truetype/lato/Lato-Light.ttf
- /usr/share/fonts/truetype/liberation/LiberationSans-Italic.ttf
- /usr/share/fonts/truetype/dejavu/DejaVuSans.ttf
- /usr/share/fonts/truetype/noto/NotoColorEmoji.ttf
- /usr/share/fonts/truetype/dejavu/DejaVuSerifCondensed-Bold.ttf
- /usr/share/fonts/truetype/lato/Lato-LightItalic.ttf
- /usr/share/fonts/truetype/lato/Lato-HeavyItalic.ttf
- /usr/share/fonts/truetype/dejavu/DejaVuMathTeXGyre.ttf
- /usr/share/fonts/truetype/lato/Lato-MediumItalic.ttf
- /usr/share/fonts/truetype/dejavu/DejaVuSans-ExtraLight.ttf
- /usr/share/fonts/truetype/liberation/LiberationMono-Regular.ttf
- /usr/share/fonts/truetype/liberation/LiberationSerif-Italic.ttf
- /usr/share/fonts/truetype/dejavu/DejaVuSans-Bold.ttf
- /usr/share/fonts/truetype/lato/Lato-Heavy.ttf
- /usr/share/fonts/truetype/liberation/LiberationMono-BoldItalic.ttf
- /usr/share/fonts/truetype/dejavu/DejaVuSans-Oblique.ttf
- /usr/share/fonts/truetype/lato/Lato-Medium.ttf
- /usr/share/fonts/truetype/lato/Lato-Black.ttf
- /usr/share/fonts/truetype/dejavu/DejaVuSerifCondensed-Italic.ttf
- /usr/share/fonts/opentype/noto/NotoSansCJK-Regular.ttc
- /usr/share/fonts/truetype/lato/Lato-BoldItalic.ttf
- /usr/share/fonts/truetype/dejavu/DejaVuSansCondensed.ttf
- /usr/share/fonts/truetype/lato/Lato-Regular.ttf
- /usr/share/fonts/truetype/lato/Lato-Thin.ttf
- /usr/share/fonts/truetype/liberation/LiberationMono-Italic.ttf
- /usr/share/fonts/truetype/dejavu/DejaVuSansMono-Bold.ttf
- /usr/share/fonts/truetype/lato/Lato-SemiboldItalic.ttf
- /usr/share/fonts/truetype/liberation/LiberationSerif-BoldItalic.ttf
- /usr/share/fonts/truetype/dejavu/DejaVuSerif.ttf
- /usr/share/fonts/truetype/liberation/LiberationSans-BoldItalic.ttf

FontManager samples (name -> path):
STIXSizeFourSym -> /opt/hostedtoolcache/Python/3.14.2/x64/lib/python3.14/site-packages/matplotlib/mpl-data/fonts/ttf/STIXSizFourSymBol.ttf
STIXSizeOneSym -> /opt/hostedtoolcache/Python/3.14.2/x64/lib/python3.14/site-packages/matplotlib/mpl-data/fonts/ttf/STIXSizOneSymBol.ttf
DejaVu Sans Mono -> /opt/hostedtoolcache/Python/3.14.2/x64/lib/python3.14/site-packages/matplotlib/mpl-data/fonts/ttf/DejaVuSansMono.ttf
DejaVu Sans -> /opt/hostedtoolcache/Python/3.14.2/x64/lib/python3.14/site-packages/matplotlib/mpl-data/fonts/ttf/DejaVuSans-BoldOblique.ttf
DejaVu Sans Mono -> /opt/hostedtoolcache/Python/3.14.2/x64/lib/python3.14/site-packages/matplotlib/mpl-data/fonts/ttf/DejaVuSansMono-Bold.ttf
cmr10 -> /opt/hostedtoolcache/Python/3.14.2/x64/lib/python3.14/site-packages/matplotlib/mpl-data/fonts/ttf/cmr10.ttf
STIXNonUnicode -> /opt/hostedtoolcache/Python/3.14.2/x64/lib/python3.14/site-packages/matplotlib/mpl-data/fonts/ttf/STIXNonUni.ttf
STIXNonUnicode -> /opt/hostedtoolcache/Python/3.14.2/x64/lib/python3.14/site-packages/matplotlib/mpl-data/fonts/ttf/STIXNonUniBolIta.ttf
STIXSizeThreeSym -> /opt/hostedtoolcache/Python/3.14.2/x64/lib/python3.14/site-packages/matplotlib/mpl-data/fonts/ttf/STIXSizThreeSymReg.ttf
DejaVu Serif -> /opt/hostedtoolcache/Python/3.14.2/x64/lib/python3.14/site-packages/matplotlib/mpl-data/fonts/ttf/DejaVuSerif.ttf
cmmi10 -> /opt/hostedtoolcache/Python/3.14.2/x64/lib/python3.14/site-packages/matplotlib/mpl-data/fonts/ttf/cmmi10.ttf
STIXNonUnicode -> /opt/hostedtoolcache/Python/3.14.2/x64/lib/python3.14/site-packages/matplotlib/mpl-data/fonts/ttf/STIXNonUniBol.ttf
STIXGeneral -> /opt/hostedtoolcache/Python/3.14.2/x64/lib/python3.14/site-packages/matplotlib/mpl-data/fonts/ttf/STIXGeneral.ttf
STIXSizeOneSym -> /opt/hostedtoolcache/Python/3.14.2/x64/lib/python3.14/site-packages/matplotlib/mpl-data/fonts/ttf/STIXSizOneSymReg.ttf
DejaVu Sans -> /opt/hostedtoolcache/Python/3.14.2/x64/lib/python3.14/site-packages/matplotlib/mpl-data/fonts/ttf/DejaVuSans-Bold.ttf
cmtt10 -> /opt/hostedtoolcache/Python/3.14.2/x64/lib/python3.14/site-packages/matplotlib/mpl-data/fonts/ttf/cmtt10.ttf
cmss10 -> /opt/hostedtoolcache/Python/3.14.2/x64/lib/python3.14/site-packages/matplotlib/mpl-data/fonts/ttf/cmss10.ttf
DejaVu Serif -> /opt/hostedtoolcache/Python/3.14.2/x64/lib/python3.14/site-packages/matplotlib/mpl-data/fonts/ttf/DejaVuSerif-Bold.ttf
DejaVu Serif Display -> /opt/hostedtoolcache/Python/3.14.2/x64/lib/python3.14/site-packages/matplotlib/mpl-data/fonts/ttf/DejaVuSerifDisplay.ttf
STIXGeneral -> /opt/hostedtoolcache/Python/3.14.2/x64/lib/python3.14/site-packages/matplotlib/mpl-data/fonts/ttf/STIXGeneralBolIta.ttf
STIXSizeThreeSym -> /opt/hostedtoolcache/Python/3.14.2/x64/lib/python3.14/site-packages/matplotlib/mpl-data/fonts/ttf/STIXSizThreeSymBol.ttf
DejaVu Serif -> /opt/hostedtoolcache/Python/3.14.2/x64/lib/python3.14/site-packages/matplotlib/mpl-data/fonts/ttf/DejaVuSerif-Italic.ttf
DejaVu Sans Mono -> /opt/hostedtoolcache/Python/3.14.2/x64/lib/python3.14/site-packages/matplotlib/mpl-data/fonts/ttf/DejaVuSansMono-BoldOblique.ttf
cmb10 -> /opt/hostedtoolcache/Python/3.14.2/x64/lib/python3.14/site-packages/matplotlib/mpl-data/fonts/ttf/cmb10.ttf
STIXSizeFourSym -> /opt/hostedtoolcache/Python/3.14.2/x64/lib/python3.14/site-packages/matplotlib/mpl-data/fonts/ttf/STIXSizFourSymReg.ttf
DejaVu Sans Display -> /opt/hostedtoolcache/Python/3.14.2/x64/lib/python3.14/site-packages/matplotlib/mpl-data/fonts/ttf/DejaVuSansDisplay.ttf
DejaVu Sans Mono -> /opt/hostedtoolcache/Python/3.14.2/x64/lib/python3.14/site-packages/matplotlib/mpl-data/fonts/ttf/DejaVuSansMono-Oblique.ttf
DejaVu Sans -> /opt/hostedtoolcache/Python/3.14.2/x64/lib/python3.14/site-packages/matplotlib/mpl-data/fonts/ttf/DejaVuSans.ttf
STIXGeneral -> /opt/hostedtoolcache/Python/3.14.2/x64/lib/python3.14/site-packages/matplotlib/mpl-data/fonts/ttf/STIXGeneralBol.ttf
STIXSizeFiveSym -> /opt/hostedtoolcache/Python/3.14.2/x64/lib/python3.14/site-packages/matplotlib/mpl-data/fonts/ttf/STIXSizFiveSymReg.ttf
cmex10 -> /opt/hostedtoolcache/Python/3.14.2/x64/lib/python3.14/site-packages/matplotlib/mpl-data/fonts/ttf/cmex10.ttf
cmsy10 -> /opt/hostedtoolcache/Python/3.14.2/x64/lib/python3.14/site-packages/matplotlib/mpl-data/fonts/ttf/cmsy10.ttf
DejaVu Sans -> /opt/hostedtoolcache/Python/3.14.2/x64/lib/python3.14/site-packages/matplotlib/mpl-data/fonts/ttf/DejaVuSans-Oblique.ttf
DejaVu Serif -> /opt/hostedtoolcache/Python/3.14.2/x64/lib/python3.14/site-packages/matplotlib/mpl-data/fonts/ttf/DejaVuSerif-BoldItalic.ttf
STIXNonUnicode -> /opt/hostedtoolcache/Python/3.14.2/x64/lib/python3.14/site-packages/matplotlib/mpl-data/fonts/ttf/STIXNonUniIta.ttf
STIXSizeTwoSym -> /opt/hostedtoolcache/Python/3.14.2/x64/lib/python3.14/site-packages/matplotlib/mpl-data/fonts/ttf/STIXSizTwoSymReg.ttf
STIXSizeTwoSym -> /opt/hostedtoolcache/Python/3.14.2/x64/lib/python3.14/site-packages/matplotlib/mpl-data/fonts/ttf/STIXSizTwoSymBol.ttf
STIXGeneral -> /opt/hostedtoolcache/Python/3.14.2/x64/lib/python3.14/site-packages/matplotlib/mpl-data/fonts/ttf/STIXGeneralItalic.ttf
DejaVu Serif -> /usr/share/fonts/truetype/dejavu/DejaVuSerif-Bold.ttf
Lato -> /usr/share/fonts/truetype/lato/Lato-Italic.ttf
DejaVu Sans -> /usr/share/fonts/truetype/dejavu/DejaVuSansCondensed-BoldOblique.ttf
WenQuanYi Micro Hei -> /usr/share/fonts/truetype/wqy/wqy-microhei.ttc
Liberation Serif -> /usr/share/fonts/truetype/liberation/LiberationSerif-Regular.ttf
Lato -> /usr/share/fonts/truetype/lato/Lato-Semibold.ttf
Noto Serif CJK JP -> /usr/share/fonts/opentype/noto/NotoSerifCJK-Bold.ttc
DejaVu Serif -> /usr/share/fonts/truetype/dejavu/DejaVuSerifCondensed.ttf
Lato -> /usr/share/fonts/truetype/lato/Lato-BlackItalic.ttf
Lato -> /usr/share/fonts/truetype/lato/Lato-Bold.ttf
Lato -> /usr/share/fonts/truetype/lato/Lato-Hairline.ttf
Liberation Serif -> /usr/share/fonts/truetype/liberation/LiberationSerif-Bold.ttf

Preferred font find results:
findfont('Microsoft YaHei') failed: Failed to find font Microsoft YaHei:style=normal:variant=normal:weight=normal:stretch=normal:size=10.0, and fallback to the default font was disabled
findfont('Segoe UI') failed: Failed to find font Segoe UI:style=normal:variant=normal:weight=normal:stretch=normal:size=10.0, and fallback to the default font was disabled
findfont('Arial Unicode MS') failed: Failed to find font Arial Unicode MS:style=normal:variant=normal:weight=normal:stretch=normal:size=10.0, and fallback to the default font was disabled
findfont('Noto Sans CJK SC') failed: Failed to find font Noto Sans CJK SC:style=normal:variant=normal:weight=normal:stretch=normal:size=10.0, and fallback to the default font was disabled
findfont('WenQuanYi Micro Hei') -> /usr/share/fonts/truetype/wqy/wqy-microhei.ttc
findfont('WenQuanYi Zen Hei') -> /usr/share/fonts/truetype/wqy/wqy-zenhei.ttc
findfont('DejaVu Sans') -> /opt/hostedtoolcache/Python/3.14.2/x64/lib/python3.14/site-packages/matplotlib/mpl-data/fonts/ttf/DejaVuSans.ttf

fc-list output sample (truncated to 10000 chars):
Liberation Mono - /usr/share/fonts/truetype/liberation/LiberationMono-Bold.ttf
Liberation Serif - /usr/share/fonts/truetype/liberation/LiberationSerif-BoldItalic.ttf
Lato,Lato Hairline - /usr/share/fonts/truetype/lato/Lato-Hairline.ttf
Lato,Lato Heavy - /usr/share/fonts/truetype/lato/Lato-Heavy.ttf
DejaVu Serif,DejaVu Serif Condensed - /usr/share/fonts/truetype/dejavu/DejaVuSerifCondensed-Italic.ttf
Lato,Lato Medium - /usr/share/fonts/truetype/lato/Lato-Medium.ttf
Lato,Lato Light - /usr/share/fonts/truetype/lato/Lato-LightItalic.ttf
WenQuanYi Zen Hei Sharp,文泉驛點陣正黑,文泉驿点阵正黑 - /usr/share/fonts/truetype/wqy/wqy-zenhei.ttc
WenQuanYi Micro Hei Mono,文泉驛等寬微米黑,文泉驿等宽微米黑 - /usr/share/fonts/truetype/wqy/wqy-microhei.ttc
Noto Sans Mono CJK KR - /usr/share/fonts/opentype/noto/NotoSansCJK-Bold.ttc
DejaVu Serif - /usr/share/fonts/truetype/dejavu/DejaVuSerif-Bold.ttf
Noto Sans Mono CJK JP - /usr/share/fonts/opentype/noto/NotoSansCJK-Bold.ttc
Noto Sans Mono CJK HK - /usr/share/fonts/opentype/noto/NotoSansCJK-Bold.ttc
Noto Serif CJK SC - /usr/share/fonts/opentype/noto/NotoSerifCJK-Regular.ttc
DejaVu Math TeX Gyre - /usr/share/fonts/truetype/dejavu/DejaVuMathTeXGyre.ttf
Liberation Sans - /usr/share/fonts/truetype/liberation/LiberationSans-Regular.ttf
Lato - /usr/share/fonts/truetype/lato/Lato-Italic.ttf
Liberation Sans - /usr/share/fonts/truetype/liberation/LiberationSans-Bold.ttf
Noto Serif CJK TC - /usr/share/fonts/opentype/noto/NotoSerifCJK-Regular.ttc
Noto Sans Mono CJK SC - /usr/share/fonts/opentype/noto/NotoSansCJK-Bold.ttc
Liberation Mono - /usr/share/fonts/truetype/liberation/LiberationMono-Italic.ttf
Noto Sans Mono CJK TC - /usr/share/fonts/opentype/noto/NotoSansCJK-Bold.ttc
DejaVu Sans,DejaVu Sans Condensed - /usr/share/fonts/truetype/dejavu/DejaVuSansCondensed.ttf
DejaVu Serif,DejaVu Serif Condensed - /usr/share/fonts/truetype/dejavu/DejaVuSerifCondensed.ttf
Liberation Serif - /usr/share/fonts/truetype/liberation/LiberationSerif-Italic.ttf
Lato,Lato Heavy - /usr/share/fonts/truetype/lato/Lato-HeavyItalic.ttf
Lato - /usr/share/fonts/truetype/lato/Lato-BoldItalic.ttf
Noto Serif CJK JP - /usr/share/fonts/opentype/noto/NotoSerifCJK-Regular.ttc
Lato,Lato Medium - /usr/share/fonts/truetype/lato/Lato-MediumItalic.ttf
Noto Serif CJK HK - /usr/share/fonts/opentype/noto/NotoSerifCJK-Regular.ttc
DejaVu Serif - /usr/share/fonts/truetype/dejavu/DejaVuSerif-Italic.ttf
DejaVu Sans - /usr/share/fonts/truetype/dejavu/DejaVuSans.ttf
Noto Serif CJK KR - /usr/share/fonts/opentype/noto/NotoSerifCJK-Regular.ttc
Lato,Lato Semibold - /usr/share/fonts/truetype/lato/Lato-SemiboldItalic.ttf
Lato,Lato Thin - /usr/share/fonts/truetype/lato/Lato-ThinItalic.ttf
DejaVu Sans,DejaVu Sans Condensed - /usr/share/fonts/truetype/dejavu/DejaVuSansCondensed-BoldOblique.ttf
Noto Sans CJK JP - /usr/share/fonts/opentype/noto/NotoSansCJK-Regular.ttc
Liberation Sans - /usr/share/fonts/truetype/liberation/LiberationSans-Italic.ttf
Noto Sans CJK HK - /usr/share/fonts/opentype/noto/NotoSansCJK-Regular.ttc
Lato,Lato Black - /usr/share/fonts/truetype/lato/Lato-BlackItalic.ttf
Lato,Lato Thin - /usr/share/fonts/truetype/lato/Lato-Thin.ttf
DejaVu Sans,DejaVu Sans Condensed - /usr/share/fonts/truetype/dejavu/DejaVuSansCondensed-Oblique.ttf
Noto Sans CJK KR - /usr/share/fonts/opentype/noto/NotoSansCJK-Regular.ttc
Lato,Lato Light - /usr/share/fonts/truetype/lato/Lato-Light.ttf
Noto Sans CJK TC - /usr/share/fonts/opentype/noto/NotoSansCJK-Regular.ttc
DejaVu Sans,DejaVu Sans Condensed - /usr/share/fonts/truetype/dejavu/DejaVuSansCondensed-Bold.ttf
DejaVu Sans Mono - /usr/share/fonts/truetype/dejavu/DejaVuSansMono-Oblique.ttf
Lato,Lato Hairline - /usr/share/fonts/truetype/lato/Lato-HairlineItalic.ttf
Noto Sans CJK SC - /usr/share/fonts/opentype/noto/NotoSansCJK-Regular.ttc
WenQuanYi Zen Hei,文泉驛正黑,文泉驿正黑 - /usr/share/fonts/truetype/wqy/wqy-zenhei.ttc
Lato,Lato Black - /usr/share/fonts/truetype/lato/Lato-Black.ttf
Lato - /usr/share/fonts/truetype/lato/Lato-Regular.ttf
DejaVu Sans - /usr/share/fonts/truetype/dejavu/DejaVuSans-BoldOblique.ttf
Liberation Mono - /usr/share/fonts/truetype/liberation/LiberationMono-BoldItalic.ttf
Noto Sans Mono CJK KR - /usr/share/fonts/opentype/noto/NotoSansCJK-Regular.ttc
Liberation Mono - /usr/share/fonts/truetype/liberation/LiberationMono-Regular.ttf
Noto Sans Mono CJK HK - /usr/share/fonts/opentype/noto/NotoSansCJK-Regular.ttc
DejaVu Sans,DejaVu Sans Light - /usr/share/fonts/truetype/dejavu/DejaVuSans-ExtraLight.ttf
DejaVu Serif - /usr/share/fonts/truetype/dejavu/DejaVuSerif.ttf
Noto Sans Mono CJK JP - /usr/share/fonts/opentype/noto/NotoSansCJK-Regular.ttc
Noto Serif CJK JP - /usr/share/fonts/opentype/noto/NotoSerifCJK-Bold.ttc
Noto Serif CJK HK - /usr/share/fonts/opentype/noto/NotoSerifCJK-Bold.ttc
Noto Serif CJK KR - /usr/share/fonts/opentype/noto/NotoSerifCJK-Bold.ttc
Noto Serif CJK TC - /usr/share/fonts/opentype/noto/NotoSerifCJK-Bold.ttc
Lato - /usr/share/fonts/truetype/lato/Lato-Bold.ttf
Noto Sans CJK SC - /usr/share/fonts/opentype/noto/NotoSansCJK-Bold.ttc
Noto Sans Mono CJK TC - /usr/share/fonts/opentype/noto/NotoSansCJK-Regular.ttc
Noto Sans CJK TC - /usr/share/fonts/opentype/noto/NotoSansCJK-Bold.ttc
Noto Serif CJK SC - /usr/share/fonts/opentype/noto/NotoSerifCJK-Bold.ttc
DejaVu Sans Mono - /usr/share/fonts/truetype/dejavu/DejaVuSansMono-Bold.ttf
DejaVu Serif - /usr/share/fonts/truetype/dejavu/DejaVuSerif-BoldItalic.ttf
WenQuanYi Zen Hei Mono,文泉驛等寬正黑,文泉驿等宽正黑 - /usr/share/fonts/truetype/wqy/wqy-zenhei.ttc
DejaVu Sans Mono - /usr/share/fonts/truetype/dejavu/DejaVuSansMono.ttf
Noto Sans CJK JP - /usr/share/fonts/opentype/noto/NotoSansCJK-Bold.ttc
Noto Sans CJK HK - /usr/share/fonts/opentype/noto/NotoSansCJK-Bold.ttc
Noto Sans CJK KR - /usr/share/fonts/opentype/noto/NotoSansCJK-Bold.ttc
WenQuanYi Micro Hei,文泉驛微米黑,文泉驿微米黑 - /usr/share/fonts/truetype/wqy/wqy-microhei.ttc
Noto Sans Mono CJK SC - /usr/share/fonts/opentype/noto/NotoSansCJK-Regular.ttc
Noto Color Emoji - /usr/share/fonts/truetype/noto/NotoColorEmoji.ttf
DejaVu Sans Mono - /usr/share/fonts/truetype/dejavu/DejaVuSansMono-BoldOblique.ttf
Liberation Sans - /usr/share/fonts/truetype/liberation/LiberationSans-BoldItalic.ttf
Liberation Serif - /usr/share/fonts/truetype/liberation/LiberationSerif-Regular.ttf
Lato,Lato Semibold - /usr/share/fonts/truetype/lato/Lato-Semibold.ttf
DejaVu Sans - /usr/share/fonts/truetype/dejavu/DejaVuSans-Oblique.ttf
DejaVu Serif,DejaVu Serif Condensed - /usr/share/fonts/truetype/dejavu/DejaVuSerifCondensed-Bold.ttf
DejaVu Sans - /usr/share/fonts/truetype/dejavu/DejaVuSans-Bold.ttf
Liberation Serif - /usr/share/fonts/truetype/liberation/LiberationSerif-Bold.ttf
DejaVu Serif,DejaVu Serif Condensed - /usr/share/fonts/truetype/dejavu/DejaVuSerifCondensed-BoldItalic.ttf

2025-12-15 07:20:58,097 - INFO - Matplotlib 字体设置：使用回退字体列表，首选可用字体: Noto Sans CJK JP
2025-12-15 07:21:00,062 - INFO - 使用 ChromeDriver: /usr/bin/chromedriver
2025-12-15 07:21:00,063 - WARNING - Using CPU. Note: This module is much faster with a GPU.
2025-12-15 07:21:01,662 - INFO - OCR识别器初始化成功
2025-12-15 07:21:01,662 - INFO - 开始南京大学电费监控流程（自动无头模式）
2025-12-15 07:21:01,662 - INFO - 正在打开页面: https://epay.nju.edu.cn/epay/h5/nju/electric/index
2025-12-15 07:21:11,915 - INFO - 等待登录表单加载...
2025-12-15 07:21:11,925 - INFO - 登录表单已加载
2025-12-15 07:21:11,925 - INFO - 开始填写登录表单...
2025-12-15 07:21:11,987 - INFO - 用户名填写完成
2025-12-15 07:21:12,053 - INFO - 密码填写完成
2025-12-15 07:21:12,053 - INFO - 检查是否有验证码...
2025-12-15 07:21:12,053 - INFO - 查找验证码图片...
2025-12-15 07:21:12,073 - INFO - 找到验证码图片，开始截图...
2025-12-15 07:21:12,133 - INFO - 验证码图片截取成功
2025-12-15 07:21:12,133 - INFO - 开始填写登录表单...
2025-12-15 07:21:12,200 - INFO - 用户名填写完成
2025-12-15 07:21:12,260 - INFO - 密码填写完成
2025-12-15 07:21:12,261 - INFO - 验证码图片已保存到 /home/runner/work/nju_electric_monitor/nju_electric_monitor/src/../data/captcha_debug.png
2025-12-15 07:21:12,261 - INFO - 验证码识别尝试 1/30
2025-12-15 07:21:12,262 - INFO - 开始识别验证码...（easyocr + pytesseract）
2025-12-15 07:21:12,386 - INFO - easyocr 结果: ['1bc0(0.66)']
2025-12-15 07:21:12,549 - INFO - tesseract 结果: lbcD
2025-12-15 07:21:12,628 - INFO - easyocr alt1 结果: ['1bc0(0.54)']
2025-12-15 07:21:12,721 - INFO - tesseract alt1 结果: lbcD
2025-12-15 07:21:12,781 - INFO - easyocr alt2 结果: ['1hc0(0.46)']
2025-12-15 07:21:12,874 - INFO - tesseract alt2 结果: lbcD
2025-12-15 07:21:13,033 - INFO - easyocr alt3 结果: ['1bc0(0.82)']
2025-12-15 07:21:13,145 - INFO - tesseract alt3 结果: LbpcD
2025-12-15 07:21:13,205 - INFO - easyocr alt4 结果: ['1bc0(0.21)']
2025-12-15 07:21:13,303 - INFO - tesseract alt4 结果: LbcD
2025-12-15 07:21:13,362 - INFO - easyocr alt5 结果: ['1c0(0.49)']
2025-12-15 07:21:13,459 - INFO - tesseract alt5 结果: lbcD
2025-12-15 07:21:13,460 - INFO - 最终验证码识别结果: 1bc0 (engine=easyocr_alt3, prob=0.8221631050109863)
2025-12-15 07:21:13,460 - INFO - 查找验证码输入框...
2025-12-15 07:21:13,517 - INFO - 验证码填写完成
2025-12-15 07:21:13,517 - INFO - 验证码填写完成，点击登录按钮...
2025-12-15 07:21:13,517 - INFO - 查找并点击登录按钮...
2025-12-15 07:21:13,851 - INFO - 已点击登录按钮
2025-12-15 07:21:20,879 - INFO - 开始填写登录表单...
2025-12-15 07:21:20,937 - INFO - 用户名填写完成
2025-12-15 07:21:20,997 - INFO - 密码填写完成
2025-12-15 07:21:20,998 - INFO - 验证码图片已保存到 /home/runner/work/nju_electric_monitor/nju_electric_monitor/src/../data/captcha_debug.png
2025-12-15 07:21:20,998 - INFO - 验证码识别尝试 2/30
2025-12-15 07:21:20,998 - INFO - 开始识别验证码...（easyocr + pytesseract）
2025-12-15 07:21:21,099 - INFO - easyocr 结果: ['1bc0(0.66)']
2025-12-15 07:21:21,195 - INFO - tesseract 结果: lbcD
2025-12-15 07:21:21,256 - INFO - easyocr alt1 结果: ['1bc0(0.54)']
2025-12-15 07:21:21,350 - INFO - tesseract alt1 结果: lbcD
2025-12-15 07:21:21,408 - INFO - easyocr alt2 结果: ['1hc0(0.46)']
2025-12-15 07:21:21,502 - INFO - tesseract alt2 结果: lbcD
2025-12-15 07:21:21,673 - INFO - easyocr alt3 结果: ['1bc0(0.82)']
2025-12-15 07:21:21,780 - INFO - tesseract alt3 结果: LbpcD
2025-12-15 07:21:21,839 - INFO - easyocr alt4 结果: ['1bc0(0.21)']
2025-12-15 07:21:21,937 - INFO - tesseract alt4 结果: LbcD
2025-12-15 07:21:21,997 - INFO - easyocr alt5 结果: ['1c0(0.49)']
2025-12-15 07:21:22,096 - INFO - tesseract alt5 结果: lbcD
2025-12-15 07:21:22,096 - INFO - 最终验证码识别结果: 1bc0 (engine=easyocr_alt3, prob=0.8221631050109863)
2025-12-15 07:21:22,096 - INFO - 查找验证码输入框...
2025-12-15 07:21:22,151 - INFO - 验证码填写完成
2025-12-15 07:21:22,152 - INFO - 验证码填写完成，点击登录按钮...
2025-12-15 07:21:22,152 - INFO - 查找并点击登录按钮...
2025-12-15 07:21:22,206 - INFO - 已点击登录按钮
2025-12-15 07:21:29,226 - INFO - 开始填写登录表单...
2025-12-15 07:21:29,286 - INFO - 用户名填写完成
2025-12-15 07:21:29,343 - INFO - 密码填写完成
2025-12-15 07:21:29,343 - INFO - 验证码图片已保存到 /home/runner/work/nju_electric_monitor/nju_electric_monitor/src/../data/captcha_debug.png
2025-12-15 07:21:29,343 - INFO - 验证码识别尝试 3/30
2025-12-15 07:21:29,343 - INFO - 开始识别验证码...（easyocr + pytesseract）
2025-12-15 07:21:29,440 - INFO - easyocr 结果: ['1bc0(0.66)']
2025-12-15 07:21:29,537 - INFO - tesseract 结果: lbcD
2025-12-15 07:21:29,597 - INFO - easyocr alt1 结果: ['1bc0(0.54)']
2025-12-15 07:21:29,690 - INFO - tesseract alt1 结果: lbcD
2025-12-15 07:21:29,751 - INFO - easyocr alt2 结果: ['1hc0(0.46)']
2025-12-15 07:21:29,843 - INFO - tesseract alt2 结果: lbcD
2025-12-15 07:21:30,009 - INFO - easyocr alt3 结果: ['1bc0(0.82)']
2025-12-15 07:21:30,118 - INFO - tesseract alt3 结果: LbpcD
2025-12-15 07:21:30,177 - INFO - easyocr alt4 结果: ['1bc0(0.21)']
2025-12-15 07:21:30,279 - INFO - tesseract alt4 结果: LbcD
2025-12-15 07:21:30,338 - INFO - easyocr alt5 结果: ['1c0(0.49)']
2025-12-15 07:21:30,433 - INFO - tesseract alt5 结果: lbcD
2025-12-15 07:21:30,433 - INFO - 最终验证码识别结果: 1bc0 (engine=easyocr_alt3, prob=0.8221631050109863)
2025-12-15 07:21:30,433 - INFO - 查找验证码输入框...
2025-12-15 07:21:30,488 - INFO - 验证码填写完成
2025-12-15 07:21:30,488 - INFO - 验证码填写完成，点击登录按钮...
2025-12-15 07:21:30,488 - INFO - 查找并点击登录按钮...
2025-12-15 07:21:30,543 - INFO - 已点击登录按钮
2025-12-15 07:21:37,563 - INFO - 开始填写登录表单...
2025-12-15 07:21:37,626 - INFO - 用户名填写完成
2025-12-15 07:21:37,683 - INFO - 密码填写完成
2025-12-15 07:21:37,684 - INFO - 验证码图片已保存到 /home/runner/work/nju_electric_monitor/nju_electric_monitor/src/../data/captcha_debug.png
2025-12-15 07:21:37,684 - INFO - 验证码识别尝试 4/30
2025-12-15 07:21:37,684 - INFO - 开始识别验证码...（easyocr + pytesseract）
2025-12-15 07:21:37,780 - INFO - easyocr 结果: ['1bc0(0.66)']
2025-12-15 07:21:37,879 - INFO - tesseract 结果: lbcD
2025-12-15 07:21:37,939 - INFO - easyocr alt1 结果: ['1bc0(0.54)']
2025-12-15 07:21:38,034 - INFO - tesseract alt1 结果: lbcD
2025-12-15 07:21:38,093 - INFO - easyocr alt2 结果: ['1hc0(0.46)']
2025-12-15 07:21:38,186 - INFO - tesseract alt2 结果: lbcD
2025-12-15 07:21:38,343 - INFO - easyocr alt3 结果: ['1bc0(0.82)']
2025-12-15 07:21:38,452 - INFO - tesseract alt3 结果: LbpcD
2025-12-15 07:21:38,511 - INFO - easyocr alt4 结果: ['1bc0(0.21)']
2025-12-15 07:21:38,608 - INFO - tesseract alt4 结果: LbcD
2025-12-15 07:21:38,670 - INFO - easyocr alt5 结果: ['1c0(0.49)']
2025-12-15 07:21:38,770 - INFO - tesseract alt5 结果: lbcD
2025-12-15 07:21:38,770 - INFO - 最终验证码识别结果: 1bc0 (engine=easyocr_alt3, prob=0.8221631050109863)
2025-12-15 07:21:38,770 - INFO - 查找验证码输入框...
2025-12-15 07:21:38,825 - INFO - 验证码填写完成
2025-12-15 07:21:38,825 - INFO - 验证码填写完成，点击登录按钮...
2025-12-15 07:21:38,825 - INFO - 查找并点击登录按钮...
2025-12-15 07:21:39,147 - INFO - 已点击登录按钮
2025-12-15 07:21:46,168 - INFO - 开始填写登录表单...
2025-12-15 07:21:46,225 - INFO - 用户名填写完成
2025-12-15 07:21:46,284 - INFO - 密码填写完成
2025-12-15 07:21:46,285 - INFO - 验证码图片已保存到 /home/runner/work/nju_electric_monitor/nju_electric_monitor/src/../data/captcha_debug.png
2025-12-15 07:21:46,285 - INFO - 验证码识别尝试 5/30
2025-12-15 07:21:46,285 - INFO - 开始识别验证码...（easyocr + pytesseract）
2025-12-15 07:21:46,390 - INFO - easyocr 结果: ['1bc0(0.66)']
2025-12-15 07:21:46,490 - INFO - tesseract 结果: lbcD
2025-12-15 07:21:46,550 - INFO - easyocr alt1 结果: ['1bc0(0.54)']
2025-12-15 07:21:46,644 - INFO - tesseract alt1 结果: lbcD
2025-12-15 07:21:46,703 - INFO - easyocr alt2 结果: ['1hc0(0.46)']
2025-12-15 07:21:46,795 - INFO - tesseract alt2 结果: lbcD
2025-12-15 07:21:46,948 - INFO - easyocr alt3 结果: ['1bc0(0.82)']
2025-12-15 07:21:47,055 - INFO - tesseract alt3 结果: LbpcD
2025-12-15 07:21:47,122 - INFO - easyocr alt4 结果: ['1bc0(0.21)']
2025-12-15 07:21:47,224 - INFO - tesseract alt4 结果: LbcD
2025-12-15 07:21:47,283 - INFO - easyocr alt5 结果: ['1c0(0.49)']
2025-12-15 07:21:47,385 - INFO - tesseract alt5 结果: lbcD
2025-12-15 07:21:47,385 - INFO - 最终验证码识别结果: 1bc0 (engine=easyocr_alt3, prob=0.8221631050109863)
2025-12-15 07:21:47,385 - INFO - 查找验证码输入框...
2025-12-15 07:21:47,440 - INFO - 验证码填写完成
2025-12-15 07:21:47,440 - INFO - 验证码填写完成，点击登录按钮...
2025-12-15 07:21:47,440 - INFO - 查找并点击登录按钮...
2025-12-15 07:21:49,770 - INFO - 已点击登录按钮
2025-12-15 07:21:56,789 - INFO - 开始填写登录表单...
2025-12-15 07:21:56,848 - INFO - 用户名填写完成
2025-12-15 07:21:56,904 - INFO - 密码填写完成
2025-12-15 07:21:56,905 - INFO - 验证码图片已保存到 /home/runner/work/nju_electric_monitor/nju_electric_monitor/src/../data/captcha_debug.png
2025-12-15 07:21:56,905 - INFO - 验证码识别尝试 6/30
2025-12-15 07:21:56,905 - INFO - 开始识别验证码...（easyocr + pytesseract）
2025-12-15 07:21:57,002 - INFO - easyocr 结果: ['1bc0(0.66)']
2025-12-15 07:21:57,096 - INFO - tesseract 结果: lbcD
2025-12-15 07:21:57,157 - INFO - easyocr alt1 结果: ['1bc0(0.54)']
2025-12-15 07:21:57,251 - INFO - tesseract alt1 结果: lbcD
2025-12-15 07:21:57,311 - INFO - easyocr alt2 结果: ['1hc0(0.46)']
2025-12-15 07:21:57,408 - INFO - tesseract alt2 结果: lbcD
2025-12-15 07:21:57,564 - INFO - easyocr alt3 结果: ['1bc0(0.82)']
2025-12-15 07:21:57,670 - INFO - tesseract alt3 结果: LbpcD
2025-12-15 07:21:57,730 - INFO - easyocr alt4 结果: ['1bc0(0.21)']
2025-12-15 07:21:57,829 - INFO - tesseract alt4 结果: LbcD
2025-12-15 07:21:57,888 - INFO - easyocr alt5 结果: ['1c0(0.49)']
2025-12-15 07:21:57,984 - INFO - tesseract alt5 结果: lbcD
2025-12-15 07:21:57,984 - INFO - 最终验证码识别结果: 1bc0 (engine=easyocr_alt3, prob=0.8221631050109863)
2025-12-15 07:21:57,984 - INFO - 查找验证码输入框...
2025-12-15 07:21:58,038 - INFO - 验证码填写完成
2025-12-15 07:21:58,038 - INFO - 验证码填写完成，点击登录按钮...
2025-12-15 07:21:58,038 - INFO - 查找并点击登录按钮...
2025-12-15 07:21:58,367 - INFO - 已点击登录按钮
2025-12-15 07:22:05,387 - INFO - 开始填写登录表单...
2025-12-15 07:22:05,447 - INFO - 用户名填写完成
2025-12-15 07:22:05,504 - INFO - 密码填写完成
2025-12-15 07:22:05,505 - INFO - 验证码图片已保存到 /home/runner/work/nju_electric_monitor/nju_electric_monitor/src/../data/captcha_debug.png
2025-12-15 07:22:05,505 - INFO - 验证码识别尝试 7/30
2025-12-15 07:22:05,505 - INFO - 开始识别验证码...（easyocr + pytesseract）
2025-12-15 07:22:05,602 - INFO - easyocr 结果: ['1bc0(0.66)']
2025-12-15 07:22:05,698 - INFO - tesseract 结果: lbcD
2025-12-15 07:22:05,759 - INFO - easyocr alt1 结果: ['1bc0(0.54)']
2025-12-15 07:22:05,853 - INFO - tesseract alt1 结果: lbcD
2025-12-15 07:22:05,913 - INFO - easyocr alt2 结果: ['1hc0(0.46)']
2025-12-15 07:22:06,007 - INFO - tesseract alt2 结果: lbcD
2025-12-15 07:22:06,161 - INFO - easyocr alt3 结果: ['1bc0(0.82)']
2025-12-15 07:22:06,270 - INFO - tesseract alt3 结果: LbpcD
2025-12-15 07:22:06,330 - INFO - easyocr alt4 结果: ['1bc0(0.21)']
2025-12-15 07:22:06,427 - INFO - tesseract alt4 结果: LbcD
2025-12-15 07:22:06,486 - INFO - easyocr alt5 结果: ['1c0(0.49)']
2025-12-15 07:22:06,586 - INFO - tesseract alt5 结果: lbcD
2025-12-15 07:22:06,586 - INFO - 最终验证码识别结果: 1bc0 (engine=easyocr_alt3, prob=0.8221631050109863)
2025-12-15 07:22:06,586 - INFO - 查找验证码输入框...
2025-12-15 07:22:06,642 - INFO - 验证码填写完成
2025-12-15 07:22:06,642 - INFO - 验证码填写完成，点击登录按钮...
2025-12-15 07:22:06,642 - INFO - 查找并点击登录按钮...
2025-12-15 07:22:06,965 - INFO - 已点击登录按钮
2025-12-15 07:22:13,985 - INFO - 开始填写登录表单...
2025-12-15 07:22:14,044 - INFO - 用户名填写完成
2025-12-15 07:22:14,103 - INFO - 密码填写完成
2025-12-15 07:22:14,103 - INFO - 验证码图片已保存到 /home/runner/work/nju_electric_monitor/nju_electric_monitor/src/../data/captcha_debug.png
2025-12-15 07:22:14,103 - INFO - 验证码识别尝试 8/30
2025-12-15 07:22:14,103 - INFO - 开始识别验证码...（easyocr + pytesseract）
2025-12-15 07:22:14,200 - INFO - easyocr 结果: ['1bc0(0.66)']
2025-12-15 07:22:14,299 - INFO - tesseract 结果: lbcD
2025-12-15 07:22:14,360 - INFO - easyocr alt1 结果: ['1bc0(0.54)']
2025-12-15 07:22:14,454 - INFO - tesseract alt1 结果: lbcD
2025-12-15 07:22:14,514 - INFO - easyocr alt2 结果: ['1hc0(0.46)']
2025-12-15 07:22:14,609 - INFO - tesseract alt2 结果: lbcD
2025-12-15 07:22:14,762 - INFO - easyocr alt3 结果: ['1bc0(0.82)']
2025-12-15 07:22:14,874 - INFO - tesseract alt3 结果: LbpcD
2025-12-15 07:22:14,934 - INFO - easyocr alt4 结果: ['1bc0(0.21)']
2025-12-15 07:22:15,032 - INFO - tesseract alt4 结果: LbcD
2025-12-15 07:22:15,091 - INFO - easyocr alt5 结果: ['1c0(0.49)']
2025-12-15 07:22:15,189 - INFO - tesseract alt5 结果: lbcD
2025-12-15 07:22:15,189 - INFO - 最终验证码识别结果: 1bc0 (engine=easyocr_alt3, prob=0.8221631050109863)
2025-12-15 07:22:15,189 - INFO - 查找验证码输入框...
2025-12-15 07:22:15,244 - INFO - 验证码填写完成
2025-12-15 07:22:15,244 - INFO - 验证码填写完成，点击登录按钮...
2025-12-15 07:22:15,244 - INFO - 查找并点击登录按钮...
2025-12-15 07:22:15,571 - INFO - 已点击登录按钮
2025-12-15 07:22:22,593 - INFO - 开始填写登录表单...
2025-12-15 07:22:22,653 - INFO - 用户名填写完成
2025-12-15 07:22:22,713 - INFO - 密码填写完成
2025-12-15 07:22:22,714 - INFO - 验证码图片已保存到 /home/runner/work/nju_electric_monitor/nju_electric_monitor/src/../data/captcha_debug.png
2025-12-15 07:22:22,714 - INFO - 验证码识别尝试 9/30
2025-12-15 07:22:22,714 - INFO - 开始识别验证码...（easyocr + pytesseract）
2025-12-15 07:22:22,810 - INFO - easyocr 结果: ['1bc0(0.66)']
2025-12-15 07:22:22,905 - INFO - tesseract 结果: lbcD
2025-12-15 07:22:22,965 - INFO - easyocr alt1 结果: ['1bc0(0.54)']
2025-12-15 07:22:23,061 - INFO - tesseract alt1 结果: lbcD
2025-12-15 07:22:23,120 - INFO - easyocr alt2 结果: ['1hc0(0.46)']
2025-12-15 07:22:23,215 - INFO - tesseract alt2 结果: lbcD
2025-12-15 07:22:23,369 - INFO - easyocr alt3 结果: ['1bc0(0.82)']
2025-12-15 07:22:23,474 - INFO - tesseract alt3 结果: LbpcD
2025-12-15 07:22:23,534 - INFO - easyocr alt4 结果: ['1bc0(0.21)']
2025-12-15 07:22:23,633 - INFO - tesseract alt4 结果: LbcD
2025-12-15 07:22:23,693 - INFO - easyocr alt5 结果: ['1c0(0.49)']
2025-12-15 07:22:23,790 - INFO - tesseract alt5 结果: lbcD
2025-12-15 07:22:23,790 - INFO - 最终验证码识别结果: 1bc0 (engine=easyocr_alt3, prob=0.8221631050109863)
2025-12-15 07:22:23,790 - INFO - 查找验证码输入框...
2025-12-15 07:22:23,848 - INFO - 验证码填写完成
2025-12-15 07:22:23,848 - INFO - 验证码填写完成，点击登录按钮...
2025-12-15 07:22:23,848 - INFO - 查找并点击登录按钮...
2025-12-15 07:22:23,904 - INFO - 已点击登录按钮
2025-12-15 07:22:30,924 - INFO - 开始填写登录表单...
2025-12-15 07:22:30,984 - INFO - 用户名填写完成
2025-12-15 07:22:31,042 - INFO - 密码填写完成
2025-12-15 07:22:31,043 - INFO - 验证码图片已保存到 /home/runner/work/nju_electric_monitor/nju_electric_monitor/src/../data/captcha_debug.png
2025-12-15 07:22:31,043 - INFO - 验证码识别尝试 10/30
2025-12-15 07:22:31,043 - INFO - 开始识别验证码...（easyocr + pytesseract）
2025-12-15 07:22:31,139 - INFO - easyocr 结果: ['1bc0(0.66)']
2025-12-15 07:22:31,241 - INFO - tesseract 结果: lbcD
2025-12-15 07:22:31,302 - INFO - easyocr alt1 结果: ['1bc0(0.54)']
2025-12-15 07:22:31,396 - INFO - tesseract alt1 结果: lbcD
2025-12-15 07:22:31,456 - INFO - easyocr alt2 结果: ['1hc0(0.46)']
2025-12-15 07:22:31,549 - INFO - tesseract alt2 结果: lbcD
2025-12-15 07:22:31,703 - INFO - easyocr alt3 结果: ['1bc0(0.82)']
2025-12-15 07:22:31,809 - INFO - tesseract alt3 结果: LbpcD
2025-12-15 07:22:31,877 - INFO - easyocr alt4 结果: ['1bc0(0.21)']
2025-12-15 07:22:31,974 - INFO - tesseract alt4 结果: LbcD
2025-12-15 07:22:32,034 - INFO - easyocr alt5 结果: ['1c0(0.49)']
2025-12-15 07:22:32,129 - INFO - tesseract alt5 结果: lbcD
2025-12-15 07:22:32,130 - INFO - 最终验证码识别结果: 1bc0 (engine=easyocr_alt3, prob=0.8221631050109863)
2025-12-15 07:22:32,130 - INFO - 查找验证码输入框...
2025-12-15 07:22:32,185 - INFO - 验证码填写完成
2025-12-15 07:22:32,185 - INFO - 验证码填写完成，点击登录按钮...
2025-12-15 07:22:32,185 - INFO - 查找并点击登录按钮...
2025-12-15 07:22:32,241 - INFO - 已点击登录按钮
2025-12-15 07:22:39,261 - INFO - 开始填写登录表单...
2025-12-15 07:22:39,322 - INFO - 用户名填写完成
2025-12-15 07:22:39,381 - INFO - 密码填写完成
2025-12-15 07:22:39,382 - INFO - 验证码图片已保存到 /home/runner/work/nju_electric_monitor/nju_electric_monitor/src/../data/captcha_debug.png
2025-12-15 07:22:39,382 - INFO - 验证码识别尝试 11/30
2025-12-15 07:22:39,382 - INFO - 开始识别验证码...（easyocr + pytesseract）
2025-12-15 07:22:39,479 - INFO - easyocr 结果: ['1bc0(0.66)']
2025-12-15 07:22:39,579 - INFO - tesseract 结果: lbcD
2025-12-15 07:22:39,639 - INFO - easyocr alt1 结果: ['1bc0(0.54)']
2025-12-15 07:22:39,734 - INFO - tesseract alt1 结果: lbcD
2025-12-15 07:22:39,793 - INFO - easyocr alt2 结果: ['1hc0(0.46)']
2025-12-15 07:22:39,885 - INFO - tesseract alt2 结果: lbcD
2025-12-15 07:22:40,048 - INFO - easyocr alt3 结果: ['1bc0(0.82)']
2025-12-15 07:22:40,163 - INFO - tesseract alt3 结果: LbpcD
2025-12-15 07:22:40,222 - INFO - easyocr alt4 结果: ['1bc0(0.21)']
2025-12-15 07:22:40,320 - INFO - tesseract alt4 结果: LbcD
2025-12-15 07:22:40,379 - INFO - easyocr alt5 结果: ['1c0(0.49)']
2025-12-15 07:22:40,476 - INFO - tesseract alt5 结果: lbcD
2025-12-15 07:22:40,476 - INFO - 最终验证码识别结果: 1bc0 (engine=easyocr_alt3, prob=0.8221631050109863)
2025-12-15 07:22:40,476 - INFO - 查找验证码输入框...
2025-12-15 07:22:40,532 - INFO - 验证码填写完成
2025-12-15 07:22:40,532 - INFO - 验证码填写完成，点击登录按钮...
2025-12-15 07:22:40,532 - INFO - 查找并点击登录按钮...
2025-12-15 07:22:40,588 - INFO - 已点击登录按钮
2025-12-15 07:22:47,608 - INFO - 开始填写登录表单...
2025-12-15 07:22:47,668 - INFO - 用户名填写完成
2025-12-15 07:22:47,727 - INFO - 密码填写完成
2025-12-15 07:22:47,728 - INFO - 验证码图片已保存到 /home/runner/work/nju_electric_monitor/nju_electric_monitor/src/../data/captcha_debug.png
2025-12-15 07:22:47,728 - INFO - 验证码识别尝试 12/30
2025-12-15 07:22:47,728 - INFO - 开始识别验证码...（easyocr + pytesseract）
2025-12-15 07:22:47,824 - INFO - easyocr 结果: ['1bc0(0.66)']
2025-12-15 07:22:47,921 - INFO - tesseract 结果: lbcD
2025-12-15 07:22:47,981 - INFO - easyocr alt1 结果: ['1bc0(0.54)']
2025-12-15 07:22:48,078 - INFO - tesseract alt1 结果: lbcD
2025-12-15 07:22:48,138 - INFO - easyocr alt2 结果: ['1hc0(0.46)']
2025-12-15 07:22:48,231 - INFO - tesseract alt2 结果: lbcD
2025-12-15 07:22:48,387 - INFO - easyocr alt3 结果: ['1bc0(0.82)']
2025-12-15 07:22:48,499 - INFO - tesseract alt3 结果: LbpcD
2025-12-15 07:22:48,560 - INFO - easyocr alt4 结果: ['1bc0(0.21)']
2025-12-15 07:22:48,656 - INFO - tesseract alt4 结果: LbcD
2025-12-15 07:22:48,716 - INFO - easyocr alt5 结果: ['1c0(0.49)']
2025-12-15 07:22:48,815 - INFO - tesseract alt5 结果: lbcD
2025-12-15 07:22:48,815 - INFO - 最终验证码识别结果: 1bc0 (engine=easyocr_alt3, prob=0.8221631050109863)
2025-12-15 07:22:48,815 - INFO - 查找验证码输入框...
2025-12-15 07:22:48,873 - INFO - 验证码填写完成
2025-12-15 07:22:48,873 - INFO - 验证码填写完成，点击登录按钮...
2025-12-15 07:22:48,873 - INFO - 查找并点击登录按钮...
2025-12-15 07:22:51,271 - INFO - 已点击登录按钮
2025-12-15 07:22:58,291 - INFO - 开始填写登录表单...
2025-12-15 07:22:58,353 - INFO - 用户名填写完成
2025-12-15 07:22:58,413 - INFO - 密码填写完成
2025-12-15 07:22:58,414 - INFO - 验证码图片已保存到 /home/runner/work/nju_electric_monitor/nju_electric_monitor/src/../data/captcha_debug.png
2025-12-15 07:22:58,414 - INFO - 验证码识别尝试 13/30
2025-12-15 07:22:58,414 - INFO - 开始识别验证码...（easyocr + pytesseract）
2025-12-15 07:22:58,510 - INFO - easyocr 结果: ['1bc0(0.66)']
2025-12-15 07:22:58,603 - INFO - tesseract 结果: lbcD
2025-12-15 07:22:58,663 - INFO - easyocr alt1 结果: ['1bc0(0.54)']
2025-12-15 07:22:58,764 - INFO - tesseract alt1 结果: lbcD
2025-12-15 07:22:58,823 - INFO - easyocr alt2 结果: ['1hc0(0.46)']
2025-12-15 07:22:58,914 - INFO - tesseract alt2 结果: lbcD
2025-12-15 07:22:59,068 - INFO - easyocr alt3 结果: ['1bc0(0.82)']
2025-12-15 07:22:59,177 - INFO - tesseract alt3 结果: LbpcD
2025-12-15 07:22:59,237 - INFO - easyocr alt4 结果: ['1bc0(0.21)']
2025-12-15 07:22:59,334 - INFO - tesseract alt4 结果: LbcD
2025-12-15 07:22:59,395 - INFO - easyocr alt5 结果: ['1c0(0.49)']
2025-12-15 07:22:59,498 - INFO - tesseract alt5 结果: lbcD
2025-12-15 07:22:59,498 - INFO - 最终验证码识别结果: 1bc0 (engine=easyocr_alt3, prob=0.8221631050109863)
2025-12-15 07:22:59,498 - INFO - 查找验证码输入框...
2025-12-15 07:22:59,557 - INFO - 验证码填写完成
2025-12-15 07:22:59,557 - INFO - 验证码填写完成，点击登录按钮...
2025-12-15 07:22:59,557 - INFO - 查找并点击登录按钮...
2025-12-15 07:22:59,883 - INFO - 已点击登录按钮
2025-12-15 07:23:06,904 - INFO - 开始填写登录表单...
2025-12-15 07:23:06,967 - INFO - 用户名填写完成
2025-12-15 07:23:07,028 - INFO - 密码填写完成
2025-12-15 07:23:07,029 - INFO - 验证码图片已保存到 /home/runner/work/nju_electric_monitor/nju_electric_monitor/src/../data/captcha_debug.png
2025-12-15 07:23:07,029 - INFO - 验证码识别尝试 14/30
2025-12-15 07:23:07,029 - INFO - 开始识别验证码...（easyocr + pytesseract）
2025-12-15 07:23:07,125 - INFO - easyocr 结果: ['1bc0(0.66)']
2025-12-15 07:23:07,220 - INFO - tesseract 结果: lbcD
2025-12-15 07:23:07,280 - INFO - easyocr alt1 结果: ['1bc0(0.54)']
2025-12-15 07:23:07,373 - INFO - tesseract alt1 结果: lbcD
2025-12-15 07:23:07,432 - INFO - easyocr alt2 结果: ['1hc0(0.46)']
2025-12-15 07:23:07,530 - INFO - tesseract alt2 结果: lbcD
2025-12-15 07:23:07,683 - INFO - easyocr alt3 结果: ['1bc0(0.82)']
2025-12-15 07:23:07,793 - INFO - tesseract alt3 结果: LbpcD
2025-12-15 07:23:07,869 - INFO - easyocr alt4 结果: ['1bc0(0.21)']
2025-12-15 07:23:07,967 - INFO - tesseract alt4 结果: LbcD
2025-12-15 07:23:08,026 - INFO - easyocr alt5 结果: ['1c0(0.49)']
2025-12-15 07:23:08,128 - INFO - tesseract alt5 结果: lbcD
2025-12-15 07:23:08,129 - INFO - 最终验证码识别结果: 1bc0 (engine=easyocr_alt3, prob=0.8221631050109863)
2025-12-15 07:23:08,129 - INFO - 查找验证码输入框...
2025-12-15 07:23:08,187 - INFO - 验证码填写完成
2025-12-15 07:23:08,187 - INFO - 验证码填写完成，点击登录按钮...
2025-12-15 07:23:08,187 - INFO - 查找并点击登录按钮...
2025-12-15 07:23:08,513 - INFO - 已点击登录按钮
2025-12-15 07:23:15,534 - INFO - 开始填写登录表单...
2025-12-15 07:23:15,594 - INFO - 用户名填写完成
2025-12-15 07:23:15,653 - INFO - 密码填写完成
2025-12-15 07:23:15,654 - INFO - 验证码图片已保存到 /home/runner/work/nju_electric_monitor/nju_electric_monitor/src/../data/captcha_debug.png
2025-12-15 07:23:15,654 - INFO - 验证码识别尝试 15/30
2025-12-15 07:23:15,654 - INFO - 开始识别验证码...（easyocr + pytesseract）
2025-12-15 07:23:15,750 - INFO - easyocr 结果: ['1bc0(0.66)']
2025-12-15 07:23:15,848 - INFO - tesseract 结果: lbcD
2025-12-15 07:23:15,908 - INFO - easyocr alt1 结果: ['1bc0(0.54)']
2025-12-15 07:23:16,005 - INFO - tesseract alt1 结果: lbcD
2025-12-15 07:23:16,064 - INFO - easyocr alt2 结果: ['1hc0(0.46)']
2025-12-15 07:23:16,158 - INFO - tesseract alt2 结果: lbcD
2025-12-15 07:23:16,312 - INFO - easyocr alt3 结果: ['1bc0(0.82)']
2025-12-15 07:23:16,419 - INFO - tesseract alt3 结果: LbpcD
2025-12-15 07:23:16,478 - INFO - easyocr alt4 结果: ['1bc0(0.21)']
2025-12-15 07:23:16,582 - INFO - tesseract alt4 结果: LbcD
2025-12-15 07:23:16,641 - INFO - easyocr alt5 结果: ['1c0(0.49)']
2025-12-15 07:23:16,742 - INFO - tesseract alt5 结果: lbcD
2025-12-15 07:23:16,742 - INFO - 最终验证码识别结果: 1bc0 (engine=easyocr_alt3, prob=0.8221631050109863)
2025-12-15 07:23:16,742 - INFO - 查找验证码输入框...
2025-12-15 07:23:16,798 - INFO - 验证码填写完成
2025-12-15 07:23:16,798 - INFO - 验证码填写完成，点击登录按钮...
2025-12-15 07:23:16,798 - INFO - 查找并点击登录按钮...
2025-12-15 07:23:16,853 - INFO - 已点击登录按钮
2025-12-15 07:23:23,873 - INFO - 开始填写登录表单...
2025-12-15 07:23:23,934 - INFO - 用户名填写完成
2025-12-15 07:23:23,992 - INFO - 密码填写完成
2025-12-15 07:23:23,992 - INFO - 验证码图片已保存到 /home/runner/work/nju_electric_monitor/nju_electric_monitor/src/../data/captcha_debug.png
2025-12-15 07:23:23,992 - INFO - 验证码识别尝试 16/30
2025-12-15 07:23:23,992 - INFO - 开始识别验证码...（easyocr + pytesseract）
2025-12-15 07:23:24,088 - INFO - easyocr 结果: ['1bc0(0.66)']
2025-12-15 07:23:24,185 - INFO - tesseract 结果: lbcD
2025-12-15 07:23:24,244 - INFO - easyocr alt1 结果: ['1bc0(0.54)']
2025-12-15 07:23:24,340 - INFO - tesseract alt1 结果: lbcD
2025-12-15 07:23:24,401 - INFO - easyocr alt2 结果: ['1hc0(0.46)']
2025-12-15 07:23:24,497 - INFO - tesseract alt2 结果: lbcD
2025-12-15 07:23:24,651 - INFO - easyocr alt3 结果: ['1bc0(0.82)']
2025-12-15 07:23:24,759 - INFO - tesseract alt3 结果: LbpcD
2025-12-15 07:23:24,818 - INFO - easyocr alt4 结果: ['1bc0(0.21)']
2025-12-15 07:23:24,920 - INFO - tesseract alt4 结果: LbcD
2025-12-15 07:23:24,979 - INFO - easyocr alt5 结果: ['1c0(0.49)']
2025-12-15 07:23:25,076 - INFO - tesseract alt5 结果: lbcD
2025-12-15 07:23:25,076 - INFO - 最终验证码识别结果: 1bc0 (engine=easyocr_alt3, prob=0.8221631050109863)
2025-12-15 07:23:25,076 - INFO - 查找验证码输入框...
2025-12-15 07:23:25,132 - INFO - 验证码填写完成
2025-12-15 07:23:25,132 - INFO - 验证码填写完成，点击登录按钮...
2025-12-15 07:23:25,132 - INFO - 查找并点击登录按钮...
2025-12-15 07:23:25,188 - INFO - 已点击登录按钮
2025-12-15 07:23:32,208 - INFO - 开始填写登录表单...
2025-12-15 07:23:32,267 - INFO - 用户名填写完成
2025-12-15 07:23:32,325 - INFO - 密码填写完成
2025-12-15 07:23:32,326 - INFO - 验证码图片已保存到 /home/runner/work/nju_electric_monitor/nju_electric_monitor/src/../data/captcha_debug.png
2025-12-15 07:23:32,326 - INFO - 验证码识别尝试 17/30
2025-12-15 07:23:32,326 - INFO - 开始识别验证码...（easyocr + pytesseract）
2025-12-15 07:23:32,422 - INFO - easyocr 结果: ['1bc0(0.66)']
2025-12-15 07:23:32,517 - INFO - tesseract 结果: lbcD
2025-12-15 07:23:32,577 - INFO - easyocr alt1 结果: ['1bc0(0.54)']
2025-12-15 07:23:32,673 - INFO - tesseract alt1 结果: lbcD
2025-12-15 07:23:32,732 - INFO - easyocr alt2 结果: ['1hc0(0.46)']
2025-12-15 07:23:32,830 - INFO - tesseract alt2 结果: lbcD
2025-12-15 07:23:32,983 - INFO - easyocr alt3 结果: ['1bc0(0.82)']
2025-12-15 07:23:33,091 - INFO - tesseract alt3 结果: LbpcD
2025-12-15 07:23:33,150 - INFO - easyocr alt4 结果: ['1bc0(0.21)']
2025-12-15 07:23:33,248 - INFO - tesseract alt4 结果: LbcD
2025-12-15 07:23:33,307 - INFO - easyocr alt5 结果: ['1c0(0.49)']
2025-12-15 07:23:33,406 - INFO - tesseract alt5 结果: lbcD
2025-12-15 07:23:33,406 - INFO - 最终验证码识别结果: 1bc0 (engine=easyocr_alt3, prob=0.8221631050109863)
2025-12-15 07:23:33,406 - INFO - 查找验证码输入框...
2025-12-15 07:23:33,461 - INFO - 验证码填写完成
2025-12-15 07:23:33,461 - INFO - 验证码填写完成，点击登录按钮...
2025-12-15 07:23:33,461 - INFO - 查找并点击登录按钮...
2025-12-15 07:23:33,785 - INFO - 已点击登录按钮
2025-12-15 07:23:40,805 - INFO - 开始填写登录表单...
2025-12-15 07:23:40,865 - INFO - 用户名填写完成
2025-12-15 07:23:40,922 - INFO - 密码填写完成
2025-12-15 07:23:40,923 - INFO - 验证码图片已保存到 /home/runner/work/nju_electric_monitor/nju_electric_monitor/src/../data/captcha_debug.png
2025-12-15 07:23:40,923 - INFO - 验证码识别尝试 18/30
2025-12-15 07:23:40,923 - INFO - 开始识别验证码...（easyocr + pytesseract）
2025-12-15 07:23:41,026 - INFO - easyocr 结果: ['1bc0(0.66)']
2025-12-15 07:23:41,122 - INFO - tesseract 结果: lbcD
2025-12-15 07:23:41,182 - INFO - easyocr alt1 结果: ['1bc0(0.54)']
2025-12-15 07:23:41,276 - INFO - tesseract alt1 结果: lbcD
2025-12-15 07:23:41,336 - INFO - easyocr alt2 结果: ['1hc0(0.46)']
2025-12-15 07:23:41,437 - INFO - tesseract alt2 结果: lbcD
2025-12-15 07:23:41,590 - INFO - easyocr alt3 结果: ['1bc0(0.82)']
2025-12-15 07:23:41,698 - INFO - tesseract alt3 结果: LbpcD
2025-12-15 07:23:41,763 - INFO - easyocr alt4 结果: ['1bc0(0.21)']
2025-12-15 07:23:41,865 - INFO - tesseract alt4 结果: LbcD
2025-12-15 07:23:41,924 - INFO - easyocr alt5 结果: ['1c0(0.49)']
2025-12-15 07:23:42,022 - INFO - tesseract alt5 结果: lbcD
2025-12-15 07:23:42,022 - INFO - 最终验证码识别结果: 1bc0 (engine=easyocr_alt3, prob=0.8221631050109863)
2025-12-15 07:23:42,022 - INFO - 查找验证码输入框...
2025-12-15 07:23:42,077 - INFO - 验证码填写完成
2025-12-15 07:23:42,077 - INFO - 验证码填写完成，点击登录按钮...
2025-12-15 07:23:42,077 - INFO - 查找并点击登录按钮...
2025-12-15 07:23:42,408 - INFO - 已点击登录按钮
2025-12-15 07:23:49,428 - INFO - 开始填写登录表单...
2025-12-15 07:23:49,487 - INFO - 用户名填写完成
2025-12-15 07:23:49,543 - INFO - 密码填写完成
2025-12-15 07:23:49,544 - INFO - 验证码图片已保存到 /home/runner/work/nju_electric_monitor/nju_electric_monitor/src/../data/captcha_debug.png
2025-12-15 07:23:49,544 - INFO - 验证码识别尝试 19/30
2025-12-15 07:23:49,544 - INFO - 开始识别验证码...（easyocr + pytesseract）
2025-12-15 07:23:49,651 - INFO - easyocr 结果: ['1bc0(0.66)']
2025-12-15 07:23:49,751 - INFO - tesseract 结果: lbcD
2025-12-15 07:23:49,812 - INFO - easyocr alt1 结果: ['1bc0(0.54)']
2025-12-15 07:23:49,907 - INFO - tesseract alt1 结果: lbcD
2025-12-15 07:23:49,966 - INFO - easyocr alt2 结果: ['1hc0(0.46)']
2025-12-15 07:23:50,064 - INFO - tesseract alt2 结果: lbcD
2025-12-15 07:23:50,219 - INFO - easyocr alt3 结果: ['1bc0(0.82)']
2025-12-15 07:23:50,332 - INFO - tesseract alt3 结果: LbpcD
2025-12-15 07:23:50,392 - INFO - easyocr alt4 结果: ['1bc0(0.21)']
2025-12-15 07:23:50,489 - INFO - tesseract alt4 结果: LbcD
2025-12-15 07:23:50,549 - INFO - easyocr alt5 结果: ['1c0(0.49)']
2025-12-15 07:23:50,653 - INFO - tesseract alt5 结果: lbcD
2025-12-15 07:23:50,653 - INFO - 最终验证码识别结果: 1bc0 (engine=easyocr_alt3, prob=0.8221631050109863)
2025-12-15 07:23:50,653 - INFO - 查找验证码输入框...
2025-12-15 07:23:50,708 - INFO - 验证码填写完成
2025-12-15 07:23:50,708 - INFO - 验证码填写完成，点击登录按钮...
2025-12-15 07:23:50,708 - INFO - 查找并点击登录按钮...
2025-12-15 07:23:51,043 - INFO - 已点击登录按钮
2025-12-15 07:23:58,064 - INFO - 开始填写登录表单...
2025-12-15 07:23:58,124 - INFO - 用户名填写完成
2025-12-15 07:23:58,180 - INFO - 密码填写完成
2025-12-15 07:23:58,180 - INFO - 验证码图片已保存到 /home/runner/work/nju_electric_monitor/nju_electric_monitor/src/../data/captcha_debug.png
2025-12-15 07:23:58,180 - INFO - 验证码识别尝试 20/30
2025-12-15 07:23:58,180 - INFO - 开始识别验证码...（easyocr + pytesseract）
2025-12-15 07:23:58,277 - INFO - easyocr 结果: ['1bc0(0.66)']
2025-12-15 07:23:58,375 - INFO - tesseract 结果: lbcD
2025-12-15 07:23:58,436 - INFO - easyocr alt1 结果: ['1bc0(0.54)']
2025-12-15 07:23:58,529 - INFO - tesseract alt1 结果: lbcD
2025-12-15 07:23:58,588 - INFO - easyocr alt2 结果: ['1hc0(0.46)']
2025-12-15 07:23:58,681 - INFO - tesseract alt2 结果: lbcD
2025-12-15 07:23:58,836 - INFO - easyocr alt3 结果: ['1bc0(0.82)']
2025-12-15 07:23:58,944 - INFO - tesseract alt3 结果: LbpcD
2025-12-15 07:23:59,004 - INFO - easyocr alt4 结果: ['1bc0(0.21)']
2025-12-15 07:23:59,100 - INFO - tesseract alt4 结果: LbcD
2025-12-15 07:23:59,159 - INFO - easyocr alt5 结果: ['1c0(0.49)']
2025-12-15 07:23:59,258 - INFO - tesseract alt5 结果: lbcD
2025-12-15 07:23:59,258 - INFO - 最终验证码识别结果: 1bc0 (engine=easyocr_alt3, prob=0.8221631050109863)
2025-12-15 07:23:59,258 - INFO - 查找验证码输入框...
2025-12-15 07:23:59,312 - INFO - 验证码填写完成
2025-12-15 07:23:59,312 - INFO - 验证码填写完成，点击登录按钮...
2025-12-15 07:23:59,313 - INFO - 查找并点击登录按钮...
2025-12-15 07:23:59,368 - INFO - 已点击登录按钮
2025-12-15 07:24:06,388 - INFO - 开始填写登录表单...
2025-12-15 07:24:06,449 - INFO - 用户名填写完成
2025-12-15 07:24:06,506 - INFO - 密码填写完成
2025-12-15 07:24:06,507 - INFO - 验证码图片已保存到 /home/runner/work/nju_electric_monitor/nju_electric_monitor/src/../data/captcha_debug.png
2025-12-15 07:24:06,507 - INFO - 验证码识别尝试 21/30
2025-12-15 07:24:06,507 - INFO - 开始识别验证码...（easyocr + pytesseract）
2025-12-15 07:24:06,603 - INFO - easyocr 结果: ['1bc0(0.66)']
2025-12-15 07:24:06,703 - INFO - tesseract 结果: lbcD
2025-12-15 07:24:06,763 - INFO - easyocr alt1 结果: ['1bc0(0.54)']
2025-12-15 07:24:06,860 - INFO - tesseract alt1 结果: lbcD
2025-12-15 07:24:06,926 - INFO - easyocr alt2 结果: ['1hc0(0.46)']
2025-12-15 07:24:07,022 - INFO - tesseract alt2 结果: lbcD
2025-12-15 07:24:07,175 - INFO - easyocr alt3 结果: ['1bc0(0.82)']
2025-12-15 07:24:07,282 - INFO - tesseract alt3 结果: LbpcD
2025-12-15 07:24:07,341 - INFO - easyocr alt4 结果: ['1bc0(0.21)']
2025-12-15 07:24:07,439 - INFO - tesseract alt4 结果: LbcD
2025-12-15 07:24:07,498 - INFO - easyocr alt5 结果: ['1c0(0.49)']
2025-12-15 07:24:07,596 - INFO - tesseract alt5 结果: lbcD
2025-12-15 07:24:07,596 - INFO - 最终验证码识别结果: 1bc0 (engine=easyocr_alt3, prob=0.8221631050109863)
2025-12-15 07:24:07,596 - INFO - 查找验证码输入框...
2025-12-15 07:24:07,651 - INFO - 验证码填写完成
2025-12-15 07:24:07,651 - INFO - 验证码填写完成，点击登录按钮...
2025-12-15 07:24:07,651 - INFO - 查找并点击登录按钮...
2025-12-15 07:24:07,971 - INFO - 已点击登录按钮
2025-12-15 07:24:14,992 - INFO - 开始填写登录表单...
2025-12-15 07:24:15,051 - INFO - 用户名填写完成
2025-12-15 07:24:15,109 - INFO - 密码填写完成
2025-12-15 07:24:15,110 - INFO - 验证码图片已保存到 /home/runner/work/nju_electric_monitor/nju_electric_monitor/src/../data/captcha_debug.png
2025-12-15 07:24:15,110 - INFO - 验证码识别尝试 22/30
2025-12-15 07:24:15,110 - INFO - 开始识别验证码...（easyocr + pytesseract）
2025-12-15 07:24:15,206 - INFO - easyocr 结果: ['1bc0(0.66)']
2025-12-15 07:24:15,301 - INFO - tesseract 结果: lbcD
2025-12-15 07:24:15,362 - INFO - easyocr alt1 结果: ['1bc0(0.54)']
2025-12-15 07:24:15,461 - INFO - tesseract alt1 结果: lbcD
2025-12-15 07:24:15,520 - INFO - easyocr alt2 结果: ['1hc0(0.46)']
2025-12-15 07:24:15,616 - INFO - tesseract alt2 结果: lbcD
2025-12-15 07:24:15,770 - INFO - easyocr alt3 结果: ['1bc0(0.82)']
2025-12-15 07:24:15,877 - INFO - tesseract alt3 结果: LbpcD
2025-12-15 07:24:15,935 - INFO - easyocr alt4 结果: ['1bc0(0.21)']
2025-12-15 07:24:16,032 - INFO - tesseract alt4 结果: LbcD
2025-12-15 07:24:16,091 - INFO - easyocr alt5 结果: ['1c0(0.49)']
2025-12-15 07:24:16,187 - INFO - tesseract alt5 结果: lbcD
2025-12-15 07:24:16,187 - INFO - 最终验证码识别结果: 1bc0 (engine=easyocr_alt3, prob=0.8221631050109863)
2025-12-15 07:24:16,187 - INFO - 查找验证码输入框...
2025-12-15 07:24:16,242 - INFO - 验证码填写完成
2025-12-15 07:24:16,242 - INFO - 验证码填写完成，点击登录按钮...
2025-12-15 07:24:16,242 - INFO - 查找并点击登录按钮...
2025-12-15 07:24:16,567 - INFO - 已点击登录按钮
2025-12-15 07:24:23,587 - INFO - 开始填写登录表单...
2025-12-15 07:24:23,645 - INFO - 用户名填写完成
2025-12-15 07:24:23,701 - INFO - 密码填写完成
2025-12-15 07:24:23,702 - INFO - 验证码图片已保存到 /home/runner/work/nju_electric_monitor/nju_electric_monitor/src/../data/captcha_debug.png
2025-12-15 07:24:23,702 - INFO - 验证码识别尝试 23/30
2025-12-15 07:24:23,702 - INFO - 开始识别验证码...（easyocr + pytesseract）
2025-12-15 07:24:23,797 - INFO - easyocr 结果: ['1bc0(0.66)']
2025-12-15 07:24:23,894 - INFO - tesseract 结果: lbcD
2025-12-15 07:24:23,959 - INFO - easyocr alt1 结果: ['1bc0(0.54)']
2025-12-15 07:24:24,054 - INFO - tesseract alt1 结果: lbcD
2025-12-15 07:24:24,113 - INFO - easyocr alt2 结果: ['1hc0(0.46)']
2025-12-15 07:24:24,206 - INFO - tesseract alt2 结果: lbcD
2025-12-15 07:24:24,360 - INFO - easyocr alt3 结果: ['1bc0(0.82)']
2025-12-15 07:24:24,470 - INFO - tesseract alt3 结果: LbpcD
2025-12-15 07:24:24,529 - INFO - easyocr alt4 结果: ['1bc0(0.21)']
2025-12-15 07:24:24,627 - INFO - tesseract alt4 结果: LbcD
2025-12-15 07:24:24,686 - INFO - easyocr alt5 结果: ['1c0(0.49)']
2025-12-15 07:24:24,782 - INFO - tesseract alt5 结果: lbcD
2025-12-15 07:24:24,782 - INFO - 最终验证码识别结果: 1bc0 (engine=easyocr_alt3, prob=0.8221631050109863)
2025-12-15 07:24:24,782 - INFO - 查找验证码输入框...
2025-12-15 07:24:24,836 - INFO - 验证码填写完成
2025-12-15 07:24:24,836 - INFO - 验证码填写完成，点击登录按钮...
2025-12-15 07:24:24,836 - INFO - 查找并点击登录按钮...
2025-12-15 07:24:25,161 - INFO - 已点击登录按钮
2025-12-15 07:24:32,180 - INFO - 开始填写登录表单...
2025-12-15 07:24:32,240 - INFO - 用户名填写完成
2025-12-15 07:24:32,298 - INFO - 密码填写完成
2025-12-15 07:24:32,298 - INFO - 验证码图片已保存到 /home/runner/work/nju_electric_monitor/nju_electric_monitor/src/../data/captcha_debug.png
2025-12-15 07:24:32,298 - INFO - 验证码识别尝试 24/30
2025-12-15 07:24:32,298 - INFO - 开始识别验证码...（easyocr + pytesseract）
2025-12-15 07:24:32,395 - INFO - easyocr 结果: ['1bc0(0.66)']
2025-12-15 07:24:32,489 - INFO - tesseract 结果: lbcD
2025-12-15 07:24:32,549 - INFO - easyocr alt1 结果: ['1bc0(0.54)']
2025-12-15 07:24:32,649 - INFO - tesseract alt1 结果: lbcD
2025-12-15 07:24:32,711 - INFO - easyocr alt2 结果: ['1hc0(0.46)']
2025-12-15 07:24:32,805 - INFO - tesseract alt2 结果: lbcD
2025-12-15 07:24:32,958 - INFO - easyocr alt3 结果: ['1bc0(0.82)']
2025-12-15 07:24:33,068 - INFO - tesseract alt3 结果: LbpcD
2025-12-15 07:24:33,132 - INFO - easyocr alt4 结果: ['1bc0(0.21)']
2025-12-15 07:24:33,229 - INFO - tesseract alt4 结果: LbcD
2025-12-15 07:24:33,288 - INFO - easyocr alt5 结果: ['1c0(0.49)']
2025-12-15 07:24:33,387 - INFO - tesseract alt5 结果: lbcD
2025-12-15 07:24:33,387 - INFO - 最终验证码识别结果: 1bc0 (engine=easyocr_alt3, prob=0.8221631050109863)
2025-12-15 07:24:33,387 - INFO - 查找验证码输入框...
2025-12-15 07:24:33,443 - INFO - 验证码填写完成
2025-12-15 07:24:33,443 - INFO - 验证码填写完成，点击登录按钮...
2025-12-15 07:24:33,443 - INFO - 查找并点击登录按钮...
2025-12-15 07:24:33,499 - INFO - 已点击登录按钮
2025-12-15 07:24:40,519 - INFO - 开始填写登录表单...
2025-12-15 07:24:40,579 - INFO - 用户名填写完成
2025-12-15 07:24:40,635 - INFO - 密码填写完成
2025-12-15 07:24:40,636 - INFO - 验证码图片已保存到 /home/runner/work/nju_electric_monitor/nju_electric_monitor/src/../data/captcha_debug.png
2025-12-15 07:24:40,636 - INFO - 验证码识别尝试 25/30
2025-12-15 07:24:40,636 - INFO - 开始识别验证码...（easyocr + pytesseract）
2025-12-15 07:24:40,732 - INFO - easyocr 结果: ['1bc0(0.66)']
2025-12-15 07:24:40,826 - INFO - tesseract 结果: lbcD
2025-12-15 07:24:40,886 - INFO - easyocr alt1 结果: ['1bc0(0.54)']
2025-12-15 07:24:40,982 - INFO - tesseract alt1 结果: lbcD
2025-12-15 07:24:41,049 - INFO - easyocr alt2 结果: ['1hc0(0.46)']
2025-12-15 07:24:41,147 - INFO - tesseract alt2 结果: lbcD
2025-12-15 07:24:41,301 - INFO - easyocr alt3 结果: ['1bc0(0.82)']
2025-12-15 07:24:41,408 - INFO - tesseract alt3 结果: LbpcD
2025-12-15 07:24:41,478 - INFO - easyocr alt4 结果: ['1bc0(0.21)']
2025-12-15 07:24:41,576 - INFO - tesseract alt4 结果: LbcD
2025-12-15 07:24:41,636 - INFO - easyocr alt5 结果: ['1c0(0.49)']
2025-12-15 07:24:41,735 - INFO - tesseract alt5 结果: lbcD
2025-12-15 07:24:41,735 - INFO - 最终验证码识别结果: 1bc0 (engine=easyocr_alt3, prob=0.8221631050109863)
2025-12-15 07:24:41,735 - INFO - 查找验证码输入框...
2025-12-15 07:24:41,790 - INFO - 验证码填写完成
2025-12-15 07:24:41,790 - INFO - 验证码填写完成，点击登录按钮...
2025-12-15 07:24:41,790 - INFO - 查找并点击登录按钮...
2025-12-15 07:24:42,121 - INFO - 已点击登录按钮
2025-12-15 07:24:49,141 - INFO - 开始填写登录表单...
2025-12-15 07:24:49,200 - INFO - 用户名填写完成
2025-12-15 07:24:49,257 - INFO - 密码填写完成
2025-12-15 07:24:49,258 - INFO - 验证码图片已保存到 /home/runner/work/nju_electric_monitor/nju_electric_monitor/src/../data/captcha_debug.png
2025-12-15 07:24:49,258 - INFO - 验证码识别尝试 26/30
2025-12-15 07:24:49,258 - INFO - 开始识别验证码...（easyocr + pytesseract）
2025-12-15 07:24:49,354 - INFO - easyocr 结果: ['1bc0(0.66)']
2025-12-15 07:24:49,450 - INFO - tesseract 结果: lbcD
2025-12-15 07:24:49,510 - INFO - easyocr alt1 结果: ['1bc0(0.54)']
2025-12-15 07:24:49,608 - INFO - tesseract alt1 结果: lbcD
2025-12-15 07:24:49,667 - INFO - easyocr alt2 结果: ['1hc0(0.46)']
2025-12-15 07:24:49,763 - INFO - tesseract alt2 结果: lbcD
2025-12-15 07:24:49,916 - INFO - easyocr alt3 结果: ['1bc0(0.82)']
2025-12-15 07:24:50,024 - INFO - tesseract alt3 结果: LbpcD
2025-12-15 07:24:50,083 - INFO - easyocr alt4 结果: ['1bc0(0.21)']
2025-12-15 07:24:50,180 - INFO - tesseract alt4 结果: LbcD
2025-12-15 07:24:50,239 - INFO - easyocr alt5 结果: ['1c0(0.49)']
2025-12-15 07:24:50,337 - INFO - tesseract alt5 结果: lbcD
2025-12-15 07:24:50,337 - INFO - 最终验证码识别结果: 1bc0 (engine=easyocr_alt3, prob=0.8221631050109863)
2025-12-15 07:24:50,337 - INFO - 查找验证码输入框...
2025-12-15 07:24:50,392 - INFO - 验证码填写完成
2025-12-15 07:24:50,392 - INFO - 验证码填写完成，点击登录按钮...
2025-12-15 07:24:50,392 - INFO - 查找并点击登录按钮...
2025-12-15 07:24:50,447 - INFO - 已点击登录按钮
2025-12-15 07:24:57,467 - INFO - 开始填写登录表单...
2025-12-15 07:24:57,526 - INFO - 用户名填写完成
2025-12-15 07:24:57,582 - INFO - 密码填写完成
2025-12-15 07:24:57,583 - INFO - 验证码图片已保存到 /home/runner/work/nju_electric_monitor/nju_electric_monitor/src/../data/captcha_debug.png
2025-12-15 07:24:57,583 - INFO - 验证码识别尝试 27/30
2025-12-15 07:24:57,583 - INFO - 开始识别验证码...（easyocr + pytesseract）
2025-12-15 07:24:57,685 - INFO - easyocr 结果: ['1bc0(0.66)']
2025-12-15 07:24:57,781 - INFO - tesseract 结果: lbcD
2025-12-15 07:24:57,841 - INFO - easyocr alt1 结果: ['1bc0(0.54)']
2025-12-15 07:24:57,940 - INFO - tesseract alt1 结果: lbcD
2025-12-15 07:24:57,999 - INFO - easyocr alt2 结果: ['1hc0(0.46)']
2025-12-15 07:24:58,095 - INFO - tesseract alt2 结果: lbcD
2025-12-15 07:24:58,249 - INFO - easyocr alt3 结果: ['1bc0(0.82)']
2025-12-15 07:24:58,358 - INFO - tesseract alt3 结果: LbpcD
2025-12-15 07:24:58,417 - INFO - easyocr alt4 结果: ['1bc0(0.21)']
2025-12-15 07:24:58,517 - INFO - tesseract alt4 结果: LbcD
2025-12-15 07:24:58,577 - INFO - easyocr alt5 结果: ['1c0(0.49)']
2025-12-15 07:24:58,673 - INFO - tesseract alt5 结果: lbcD
2025-12-15 07:24:58,673 - INFO - 最终验证码识别结果: 1bc0 (engine=easyocr_alt3, prob=0.8221631050109863)
2025-12-15 07:24:58,673 - INFO - 查找验证码输入框...
2025-12-15 07:24:58,727 - INFO - 验证码填写完成
2025-12-15 07:24:58,727 - INFO - 验证码填写完成，点击登录按钮...
2025-12-15 07:24:58,727 - INFO - 查找并点击登录按钮...
2025-12-15 07:24:58,782 - INFO - 已点击登录按钮
2025-12-15 07:25:05,802 - INFO - 开始填写登录表单...
2025-12-15 07:25:05,861 - INFO - 用户名填写完成
2025-12-15 07:25:05,917 - INFO - 密码填写完成
2025-12-15 07:25:05,917 - INFO - 验证码图片已保存到 /home/runner/work/nju_electric_monitor/nju_electric_monitor/src/../data/captcha_debug.png
2025-12-15 07:25:05,917 - INFO - 验证码识别尝试 28/30
2025-12-15 07:25:05,917 - INFO - 开始识别验证码...（easyocr + pytesseract）
2025-12-15 07:25:06,028 - INFO - easyocr 结果: ['1bc0(0.66)']
2025-12-15 07:25:06,124 - INFO - tesseract 结果: lbcD
2025-12-15 07:25:06,184 - INFO - easyocr alt1 结果: ['1bc0(0.54)']
2025-12-15 07:25:06,279 - INFO - tesseract alt1 结果: lbcD
2025-12-15 07:25:06,338 - INFO - easyocr alt2 结果: ['1hc0(0.46)']
2025-12-15 07:25:06,432 - INFO - tesseract alt2 结果: lbcD
2025-12-15 07:25:06,587 - INFO - easyocr alt3 结果: ['1bc0(0.82)']
2025-12-15 07:25:06,699 - INFO - tesseract alt3 结果: LbpcD
2025-12-15 07:25:06,758 - INFO - easyocr alt4 结果: ['1bc0(0.21)']
2025-12-15 07:25:06,855 - INFO - tesseract alt4 结果: LbcD
2025-12-15 07:25:06,927 - INFO - easyocr alt5 结果: ['1c0(0.49)']
2025-12-15 07:25:07,028 - INFO - tesseract alt5 结果: lbcD
2025-12-15 07:25:07,028 - INFO - 最终验证码识别结果: 1bc0 (engine=easyocr_alt3, prob=0.8221631050109863)
2025-12-15 07:25:07,028 - INFO - 查找验证码输入框...
2025-12-15 07:25:07,082 - INFO - 验证码填写完成
2025-12-15 07:25:07,082 - INFO - 验证码填写完成，点击登录按钮...
2025-12-15 07:25:07,082 - INFO - 查找并点击登录按钮...
2025-12-15 07:25:07,410 - INFO - 已点击登录按钮
2025-12-15 07:25:14,431 - INFO - 开始填写登录表单...
2025-12-15 07:25:14,492 - INFO - 用户名填写完成
2025-12-15 07:25:14,550 - INFO - 密码填写完成
2025-12-15 07:25:14,551 - INFO - 验证码图片已保存到 /home/runner/work/nju_electric_monitor/nju_electric_monitor/src/../data/captcha_debug.png
2025-12-15 07:25:14,551 - INFO - 验证码识别尝试 29/30
2025-12-15 07:25:14,551 - INFO - 开始识别验证码...（easyocr + pytesseract）
2025-12-15 07:25:14,660 - INFO - easyocr 结果: ['1bc0(0.66)']
2025-12-15 07:25:14,757 - INFO - tesseract 结果: lbcD
2025-12-15 07:25:14,818 - INFO - easyocr alt1 结果: ['1bc0(0.54)']
2025-12-15 07:25:14,912 - INFO - tesseract alt1 结果: lbcD
2025-12-15 07:25:14,971 - INFO - easyocr alt2 结果: ['1hc0(0.46)']
2025-12-15 07:25:15,070 - INFO - tesseract alt2 结果: lbcD
2025-12-15 07:25:15,223 - INFO - easyocr alt3 结果: ['1bc0(0.82)']
2025-12-15 07:25:15,331 - INFO - tesseract alt3 结果: LbpcD
2025-12-15 07:25:15,391 - INFO - easyocr alt4 结果: ['1bc0(0.21)']
2025-12-15 07:25:15,494 - INFO - tesseract alt4 结果: LbcD
2025-12-15 07:25:15,553 - INFO - easyocr alt5 结果: ['1c0(0.49)']
2025-12-15 07:25:15,653 - INFO - tesseract alt5 结果: lbcD
2025-12-15 07:25:15,653 - INFO - 最终验证码识别结果: 1bc0 (engine=easyocr_alt3, prob=0.8221631050109863)
2025-12-15 07:25:15,653 - INFO - 查找验证码输入框...
2025-12-15 07:25:15,707 - INFO - 验证码填写完成
2025-12-15 07:25:15,707 - INFO - 验证码填写完成，点击登录按钮...
2025-12-15 07:25:15,707 - INFO - 查找并点击登录按钮...
2025-12-15 07:25:15,762 - INFO - 已点击登录按钮
2025-12-15 07:25:22,782 - INFO - 开始填写登录表单...
2025-12-15 07:25:22,841 - INFO - 用户名填写完成
2025-12-15 07:25:22,899 - INFO - 密码填写完成
2025-12-15 07:25:22,899 - INFO - 验证码图片已保存到 /home/runner/work/nju_electric_monitor/nju_electric_monitor/src/../data/captcha_debug.png
2025-12-15 07:25:22,899 - INFO - 验证码识别尝试 30/30
2025-12-15 07:25:22,899 - INFO - 开始识别验证码...（easyocr + pytesseract）
2025-12-15 07:25:23,010 - INFO - easyocr 结果: ['1bc0(0.66)']
2025-12-15 07:25:23,106 - INFO - tesseract 结果: lbcD
2025-12-15 07:25:23,167 - INFO - easyocr alt1 结果: ['1bc0(0.54)']
2025-12-15 07:25:23,266 - INFO - tesseract alt1 结果: lbcD
2025-12-15 07:25:23,325 - INFO - easyocr alt2 结果: ['1hc0(0.46)']
2025-12-15 07:25:23,422 - INFO - tesseract alt2 结果: lbcD
2025-12-15 07:25:23,575 - INFO - easyocr alt3 结果: ['1bc0(0.82)']
2025-12-15 07:25:23,684 - INFO - tesseract alt3 结果: LbpcD
2025-12-15 07:25:23,743 - INFO - easyocr alt4 结果: ['1bc0(0.21)']
2025-12-15 07:25:23,840 - INFO - tesseract alt4 结果: LbcD
2025-12-15 07:25:23,899 - INFO - easyocr alt5 结果: ['1c0(0.49)']
2025-12-15 07:25:23,995 - INFO - tesseract alt5 结果: lbcD
2025-12-15 07:25:23,995 - INFO - 最终验证码识别结果: 1bc0 (engine=easyocr_alt3, prob=0.8221631050109863)
2025-12-15 07:25:23,995 - INFO - 查找验证码输入框...
2025-12-15 07:25:24,049 - INFO - 验证码填写完成
2025-12-15 07:25:24,049 - INFO - 验证码填写完成，点击登录按钮...
2025-12-15 07:25:24,049 - INFO - 查找并点击登录按钮...
2025-12-15 07:25:24,378 - INFO - 已点击登录按钮
2025-12-15 07:25:31,398 - WARNING - 自动验证码识别失败，请手动输入
请手动输入验证码: 2025-12-15 07:25:31,398 - ERROR - 处理验证码时出错: EOF when reading a line
2025-12-15 07:25:31,398 - WARNING - 验证码处理失败，但继续尝试登录
2025-12-15 07:25:31,398 - INFO - 查找并点击登录按钮...
2025-12-15 07:25:31,453 - INFO - 已点击登录按钮
2025-12-15 07:25:36,453 - INFO - 等待登录成功...
2025-12-15 07:25:41,458 - INFO - 登录可能成功，继续下一步...
2025-12-15 07:25:41,458 - INFO - 查找'去充值'按钮...
2025-12-15 07:25:41,519 - INFO - 已点击充值按钮
2025-12-15 07:25:44,519 - INFO - 开始提取剩余电量信息...
2025-12-15 07:25:44,524 - INFO - 页面源码已保存到 /home/runner/work/nju_electric_monitor/nju_electric_monitor/src/../data/debug_page_source.html
2025-12-15 07:25:44,533 - WARNING - 未找到电量信息元素，尝试其他方法...
2025-12-15 07:25:44,540 - WARNING - 未找到i标签中的电量信息，尝试其他方法...
2025-12-15 07:25:44,544 - INFO - 在页面源码中查找电量信息...
2025-12-15 07:25:44,555 - WARNING - 未能提取到剩余电量信息
2025-12-15 07:25:44,555 - WARNING - 没有电量数据可保存
2025-12-15 07:25:44,555 - INFO - 监控流程完成
Wrapper end: 2025-12-15T15:25:44.636377+08:00
