Wrapper start: 2026-02-25T11:47:18.781248+08:00

=== ENVIRONMENT SUMMARY ===
Environment variable keys (count=121):
- ACCEPT_EULA
- ACTIONS_ORCHESTRATION_ID
- ACTIONS_RUNNER_ACTION_ARCHIVE_CACHE
- AGENT_TOOLSDIRECTORY
- ANDROID_HOME
- ANDROID_NDK
- ANDROID_NDK_HOME
- ANDROID_NDK_LATEST_HOME
- ANDROID_NDK_ROOT
- ANDROID_SDK_ROOT
NJU_USERNAME set: yes
NJU_PASSWORD set: yes

=== DISK USAGE (df -h) ===
Filesystem      Size  Used Avail Use% Mounted on
/dev/root       145G   62G   83G  43% /
tmpfs           7.9G   84K  7.9G   1% /dev/shm
tmpfs           3.2G  2.6M  3.2G   1% /run
tmpfs           5.0M     0  5.0M   0% /run/lock
efivarfs        128M   26K  128M   1% /sys/firmware/efi/efivars
/dev/sda16      881M   62M  758M   8% /boot
/dev/sda15      105M  6.2M   99M   6% /boot/efi
tmpfs           1.6G   12K  1.6G   1% /run/user/1001


=== KEY DIR SIZES ===
21M	/home/runner/work/nju_electric_monitor/nju_electric_monitor/src/../logs

344K	/home/runner/work/nju_electric_monitor/nju_electric_monitor/src/../data

101M	/home/runner/work/nju_electric_monitor/nju_electric_monitor/src/../models


=== CONFIG_WORKFLOW SUMMARY ===
{
  "username": "",
  "password": "",
  "auto_login": true,
  "headless_mode": true,
  "captcha_retry_count": 30,
  "captcha_confidence_threshold": 0.3,
  "save_captcha_images": true,
  "log_level": "INFO"
}

=== FONT DIAGNOSTICS ===
Found system fonts (ttf) count: 59
- /usr/share/fonts/truetype/dejavu/DejaVuSansMono.ttf
- /usr/share/fonts/truetype/liberation/LiberationSerif-BoldItalic.ttf
- /usr/share/fonts/truetype/liberation/LiberationSerif-Regular.ttf
- /usr/share/fonts/truetype/lato/Lato-Regular.ttf
- /usr/share/fonts/truetype/lato/Lato-LightItalic.ttf
- /usr/share/fonts/truetype/lato/Lato-SemiboldItalic.ttf
- /usr/share/fonts/truetype/liberation/LiberationMono-BoldItalic.ttf
- /usr/share/fonts/truetype/liberation/LiberationMono-Bold.ttf
- /usr/share/fonts/truetype/liberation/LiberationSans-Italic.ttf
- /usr/share/fonts/truetype/liberation/LiberationSerif-Bold.ttf
- /usr/share/fonts/opentype/noto/NotoSansCJK-Bold.ttc
- /usr/share/fonts/truetype/liberation/LiberationMono-Italic.ttf
- /usr/share/fonts/truetype/dejavu/DejaVuSerifCondensed-BoldItalic.ttf
- /usr/share/fonts/truetype/lato/Lato-ThinItalic.ttf
- /usr/share/fonts/truetype/dejavu/DejaVuSerifCondensed-Bold.ttf
- /usr/share/fonts/truetype/dejavu/DejaVuSans.ttf
- /usr/share/fonts/truetype/dejavu/DejaVuSansCondensed-BoldOblique.ttf
- /usr/share/fonts/opentype/noto/NotoSerifCJK-Bold.ttc
- /usr/share/fonts/truetype/lato/Lato-BlackItalic.ttf
- /usr/share/fonts/truetype/dejavu/DejaVuSans-BoldOblique.ttf
- /usr/share/fonts/truetype/dejavu/DejaVuSans-ExtraLight.ttf
- /usr/share/fonts/truetype/wqy/wqy-microhei.ttc
- /usr/share/fonts/truetype/dejavu/DejaVuMathTeXGyre.ttf
- /usr/share/fonts/truetype/dejavu/DejaVuSerifCondensed.ttf
- /usr/share/fonts/truetype/liberation/LiberationMono-Regular.ttf
- /usr/share/fonts/truetype/dejavu/DejaVuSansMono-Bold.ttf
- /usr/share/fonts/truetype/lato/Lato-Thin.ttf
- /usr/share/fonts/truetype/dejavu/DejaVuSansCondensed-Oblique.ttf
- /usr/share/fonts/truetype/liberation/LiberationSans-BoldItalic.ttf
- /usr/share/fonts/truetype/lato/Lato-Hairline.ttf
- /usr/share/fonts/truetype/dejavu/DejaVuSansMono-BoldOblique.ttf
- /usr/share/fonts/truetype/lato/Lato-Heavy.ttf
- /usr/share/fonts/truetype/lato/Lato-HairlineItalic.ttf
- /usr/share/fonts/truetype/dejavu/DejaVuSerif.ttf
- /usr/share/fonts/truetype/dejavu/DejaVuSerif-Italic.ttf
- /usr/share/fonts/truetype/liberation/LiberationSerif-Italic.ttf
- /usr/share/fonts/opentype/noto/NotoSerifCJK-Regular.ttc
- /usr/share/fonts/truetype/lato/Lato-Bold.ttf
- /usr/share/fonts/truetype/lato/Lato-BoldItalic.ttf
- /usr/share/fonts/truetype/lato/Lato-Light.ttf
- /usr/share/fonts/truetype/liberation/LiberationSans-Bold.ttf
- /usr/share/fonts/truetype/lato/Lato-HeavyItalic.ttf
- /usr/share/fonts/truetype/noto/NotoColorEmoji.ttf
- /usr/share/fonts/truetype/dejavu/DejaVuSansCondensed-Bold.ttf
- /usr/share/fonts/truetype/lato/Lato-MediumItalic.ttf
- /usr/share/fonts/truetype/dejavu/DejaVuSansMono-Oblique.ttf
- /usr/share/fonts/truetype/lato/Lato-Black.ttf
- /usr/share/fonts/opentype/noto/NotoSansCJK-Regular.ttc
- /usr/share/fonts/truetype/dejavu/DejaVuSerif-BoldItalic.ttf
- /usr/share/fonts/truetype/dejavu/DejaVuSans-Oblique.ttf

FontManager samples (name -> path):
STIXGeneral -> /opt/hostedtoolcache/Python/3.14.2/x64/lib/python3.14/site-packages/matplotlib/mpl-data/fonts/ttf/STIXGeneralBol.ttf
DejaVu Sans Mono -> /opt/hostedtoolcache/Python/3.14.2/x64/lib/python3.14/site-packages/matplotlib/mpl-data/fonts/ttf/DejaVuSansMono-Oblique.ttf
STIXNonUnicode -> /opt/hostedtoolcache/Python/3.14.2/x64/lib/python3.14/site-packages/matplotlib/mpl-data/fonts/ttf/STIXNonUni.ttf
STIXGeneral -> /opt/hostedtoolcache/Python/3.14.2/x64/lib/python3.14/site-packages/matplotlib/mpl-data/fonts/ttf/STIXGeneralBolIta.ttf
cmex10 -> /opt/hostedtoolcache/Python/3.14.2/x64/lib/python3.14/site-packages/matplotlib/mpl-data/fonts/ttf/cmex10.ttf
DejaVu Sans -> /opt/hostedtoolcache/Python/3.14.2/x64/lib/python3.14/site-packages/matplotlib/mpl-data/fonts/ttf/DejaVuSans.ttf
STIXSizeFiveSym -> /opt/hostedtoolcache/Python/3.14.2/x64/lib/python3.14/site-packages/matplotlib/mpl-data/fonts/ttf/STIXSizFiveSymReg.ttf
STIXSizeThreeSym -> /opt/hostedtoolcache/Python/3.14.2/x64/lib/python3.14/site-packages/matplotlib/mpl-data/fonts/ttf/STIXSizThreeSymReg.ttf
DejaVu Serif -> /opt/hostedtoolcache/Python/3.14.2/x64/lib/python3.14/site-packages/matplotlib/mpl-data/fonts/ttf/DejaVuSerif.ttf
cmtt10 -> /opt/hostedtoolcache/Python/3.14.2/x64/lib/python3.14/site-packages/matplotlib/mpl-data/fonts/ttf/cmtt10.ttf
STIXSizeOneSym -> /opt/hostedtoolcache/Python/3.14.2/x64/lib/python3.14/site-packages/matplotlib/mpl-data/fonts/ttf/STIXSizOneSymReg.ttf
cmsy10 -> /opt/hostedtoolcache/Python/3.14.2/x64/lib/python3.14/site-packages/matplotlib/mpl-data/fonts/ttf/cmsy10.ttf
DejaVu Serif -> /opt/hostedtoolcache/Python/3.14.2/x64/lib/python3.14/site-packages/matplotlib/mpl-data/fonts/ttf/DejaVuSerif-Bold.ttf
cmmi10 -> /opt/hostedtoolcache/Python/3.14.2/x64/lib/python3.14/site-packages/matplotlib/mpl-data/fonts/ttf/cmmi10.ttf
DejaVu Sans Mono -> /opt/hostedtoolcache/Python/3.14.2/x64/lib/python3.14/site-packages/matplotlib/mpl-data/fonts/ttf/DejaVuSansMono-Bold.ttf
STIXGeneral -> /opt/hostedtoolcache/Python/3.14.2/x64/lib/python3.14/site-packages/matplotlib/mpl-data/fonts/ttf/STIXGeneralItalic.ttf
STIXSizeFourSym -> /opt/hostedtoolcache/Python/3.14.2/x64/lib/python3.14/site-packages/matplotlib/mpl-data/fonts/ttf/STIXSizFourSymBol.ttf
STIXSizeThreeSym -> /opt/hostedtoolcache/Python/3.14.2/x64/lib/python3.14/site-packages/matplotlib/mpl-data/fonts/ttf/STIXSizThreeSymBol.ttf
STIXNonUnicode -> /opt/hostedtoolcache/Python/3.14.2/x64/lib/python3.14/site-packages/matplotlib/mpl-data/fonts/ttf/STIXNonUniBol.ttf
STIXNonUnicode -> /opt/hostedtoolcache/Python/3.14.2/x64/lib/python3.14/site-packages/matplotlib/mpl-data/fonts/ttf/STIXNonUniIta.ttf
DejaVu Sans Display -> /opt/hostedtoolcache/Python/3.14.2/x64/lib/python3.14/site-packages/matplotlib/mpl-data/fonts/ttf/DejaVuSansDisplay.ttf
DejaVu Sans -> /opt/hostedtoolcache/Python/3.14.2/x64/lib/python3.14/site-packages/matplotlib/mpl-data/fonts/ttf/DejaVuSans-Bold.ttf
DejaVu Serif Display -> /opt/hostedtoolcache/Python/3.14.2/x64/lib/python3.14/site-packages/matplotlib/mpl-data/fonts/ttf/DejaVuSerifDisplay.ttf
cmss10 -> /opt/hostedtoolcache/Python/3.14.2/x64/lib/python3.14/site-packages/matplotlib/mpl-data/fonts/ttf/cmss10.ttf
cmb10 -> /opt/hostedtoolcache/Python/3.14.2/x64/lib/python3.14/site-packages/matplotlib/mpl-data/fonts/ttf/cmb10.ttf
STIXSizeTwoSym -> /opt/hostedtoolcache/Python/3.14.2/x64/lib/python3.14/site-packages/matplotlib/mpl-data/fonts/ttf/STIXSizTwoSymReg.ttf
STIXSizeFourSym -> /opt/hostedtoolcache/Python/3.14.2/x64/lib/python3.14/site-packages/matplotlib/mpl-data/fonts/ttf/STIXSizFourSymReg.ttf
DejaVu Serif -> /opt/hostedtoolcache/Python/3.14.2/x64/lib/python3.14/site-packages/matplotlib/mpl-data/fonts/ttf/DejaVuSerif-Italic.ttf
DejaVu Sans Mono -> /opt/hostedtoolcache/Python/3.14.2/x64/lib/python3.14/site-packages/matplotlib/mpl-data/fonts/ttf/DejaVuSansMono.ttf
STIXSizeTwoSym -> /opt/hostedtoolcache/Python/3.14.2/x64/lib/python3.14/site-packages/matplotlib/mpl-data/fonts/ttf/STIXSizTwoSymBol.ttf
DejaVu Sans Mono -> /opt/hostedtoolcache/Python/3.14.2/x64/lib/python3.14/site-packages/matplotlib/mpl-data/fonts/ttf/DejaVuSansMono-BoldOblique.ttf
DejaVu Sans -> /opt/hostedtoolcache/Python/3.14.2/x64/lib/python3.14/site-packages/matplotlib/mpl-data/fonts/ttf/DejaVuSans-BoldOblique.ttf
DejaVu Sans -> /opt/hostedtoolcache/Python/3.14.2/x64/lib/python3.14/site-packages/matplotlib/mpl-data/fonts/ttf/DejaVuSans-Oblique.ttf
DejaVu Serif -> /opt/hostedtoolcache/Python/3.14.2/x64/lib/python3.14/site-packages/matplotlib/mpl-data/fonts/ttf/DejaVuSerif-BoldItalic.ttf
STIXGeneral -> /opt/hostedtoolcache/Python/3.14.2/x64/lib/python3.14/site-packages/matplotlib/mpl-data/fonts/ttf/STIXGeneral.ttf
STIXNonUnicode -> /opt/hostedtoolcache/Python/3.14.2/x64/lib/python3.14/site-packages/matplotlib/mpl-data/fonts/ttf/STIXNonUniBolIta.ttf
cmr10 -> /opt/hostedtoolcache/Python/3.14.2/x64/lib/python3.14/site-packages/matplotlib/mpl-data/fonts/ttf/cmr10.ttf
STIXSizeOneSym -> /opt/hostedtoolcache/Python/3.14.2/x64/lib/python3.14/site-packages/matplotlib/mpl-data/fonts/ttf/STIXSizOneSymBol.ttf
DejaVu Sans Mono -> /usr/share/fonts/truetype/dejavu/DejaVuSansMono.ttf
Liberation Serif -> /usr/share/fonts/truetype/liberation/LiberationSerif-BoldItalic.ttf
Liberation Serif -> /usr/share/fonts/truetype/liberation/LiberationSerif-Regular.ttf
Lato -> /usr/share/fonts/truetype/lato/Lato-Regular.ttf
Lato -> /usr/share/fonts/truetype/lato/Lato-LightItalic.ttf
Lato -> /usr/share/fonts/truetype/lato/Lato-SemiboldItalic.ttf
Liberation Mono -> /usr/share/fonts/truetype/liberation/LiberationMono-BoldItalic.ttf
Liberation Mono -> /usr/share/fonts/truetype/liberation/LiberationMono-Bold.ttf
Liberation Sans -> /usr/share/fonts/truetype/liberation/LiberationSans-Italic.ttf
Liberation Serif -> /usr/share/fonts/truetype/liberation/LiberationSerif-Bold.ttf
Noto Sans CJK JP -> /usr/share/fonts/opentype/noto/NotoSansCJK-Bold.ttc
Liberation Mono -> /usr/share/fonts/truetype/liberation/LiberationMono-Italic.ttf

Preferred font find results:
findfont('Microsoft YaHei') failed: Failed to find font Microsoft YaHei:style=normal:variant=normal:weight=normal:stretch=normal:size=10.0, and fallback to the default font was disabled
findfont('Segoe UI') failed: Failed to find font Segoe UI:style=normal:variant=normal:weight=normal:stretch=normal:size=10.0, and fallback to the default font was disabled
findfont('Arial Unicode MS') failed: Failed to find font Arial Unicode MS:style=normal:variant=normal:weight=normal:stretch=normal:size=10.0, and fallback to the default font was disabled
findfont('Noto Sans CJK SC') failed: Failed to find font Noto Sans CJK SC:style=normal:variant=normal:weight=normal:stretch=normal:size=10.0, and fallback to the default font was disabled
findfont('WenQuanYi Micro Hei') -> /usr/share/fonts/truetype/wqy/wqy-microhei.ttc
findfont('WenQuanYi Zen Hei') -> /usr/share/fonts/truetype/wqy/wqy-zenhei.ttc
findfont('DejaVu Sans') -> /opt/hostedtoolcache/Python/3.14.2/x64/lib/python3.14/site-packages/matplotlib/mpl-data/fonts/ttf/DejaVuSans.ttf

fc-list output sample (truncated to 10000 chars):
Liberation Mono - /usr/share/fonts/truetype/liberation/LiberationMono-Bold.ttf
Liberation Serif - /usr/share/fonts/truetype/liberation/LiberationSerif-BoldItalic.ttf
Lato,Lato Hairline - /usr/share/fonts/truetype/lato/Lato-Hairline.ttf
Lato,Lato Heavy - /usr/share/fonts/truetype/lato/Lato-Heavy.ttf
DejaVu Serif,DejaVu Serif Condensed - /usr/share/fonts/truetype/dejavu/DejaVuSerifCondensed-Italic.ttf
Lato,Lato Medium - /usr/share/fonts/truetype/lato/Lato-Medium.ttf
Lato,Lato Light - /usr/share/fonts/truetype/lato/Lato-LightItalic.ttf
WenQuanYi Zen Hei Sharp,文泉驛點陣正黑,文泉驿点阵正黑 - /usr/share/fonts/truetype/wqy/wqy-zenhei.ttc
WenQuanYi Micro Hei Mono,文泉驛等寬微米黑,文泉驿等宽微米黑 - /usr/share/fonts/truetype/wqy/wqy-microhei.ttc
Noto Sans Mono CJK KR - /usr/share/fonts/opentype/noto/NotoSansCJK-Bold.ttc
DejaVu Serif - /usr/share/fonts/truetype/dejavu/DejaVuSerif-Bold.ttf
Noto Sans Mono CJK JP - /usr/share/fonts/opentype/noto/NotoSansCJK-Bold.ttc
Noto Sans Mono CJK HK - /usr/share/fonts/opentype/noto/NotoSansCJK-Bold.ttc
Noto Serif CJK SC - /usr/share/fonts/opentype/noto/NotoSerifCJK-Regular.ttc
DejaVu Math TeX Gyre - /usr/share/fonts/truetype/dejavu/DejaVuMathTeXGyre.ttf
Liberation Sans - /usr/share/fonts/truetype/liberation/LiberationSans-Regular.ttf
Lato - /usr/share/fonts/truetype/lato/Lato-Italic.ttf
Liberation Sans - /usr/share/fonts/truetype/liberation/LiberationSans-Bold.ttf
Noto Serif CJK TC - /usr/share/fonts/opentype/noto/NotoSerifCJK-Regular.ttc
Noto Sans Mono CJK SC - /usr/share/fonts/opentype/noto/NotoSansCJK-Bold.ttc
Liberation Mono - /usr/share/fonts/truetype/liberation/LiberationMono-Italic.ttf
Noto Sans Mono CJK TC - /usr/share/fonts/opentype/noto/NotoSansCJK-Bold.ttc
DejaVu Sans,DejaVu Sans Condensed - /usr/share/fonts/truetype/dejavu/DejaVuSansCondensed.ttf
DejaVu Serif,DejaVu Serif Condensed - /usr/share/fonts/truetype/dejavu/DejaVuSerifCondensed.ttf
Liberation Serif - /usr/share/fonts/truetype/liberation/LiberationSerif-Italic.ttf
Lato,Lato Heavy - /usr/share/fonts/truetype/lato/Lato-HeavyItalic.ttf
Lato - /usr/share/fonts/truetype/lato/Lato-BoldItalic.ttf
Noto Serif CJK JP - /usr/share/fonts/opentype/noto/NotoSerifCJK-Regular.ttc
Lato,Lato Medium - /usr/share/fonts/truetype/lato/Lato-MediumItalic.ttf
Noto Serif CJK HK - /usr/share/fonts/opentype/noto/NotoSerifCJK-Regular.ttc
DejaVu Serif - /usr/share/fonts/truetype/dejavu/DejaVuSerif-Italic.ttf
DejaVu Sans - /usr/share/fonts/truetype/dejavu/DejaVuSans.ttf
Noto Serif CJK KR - /usr/share/fonts/opentype/noto/NotoSerifCJK-Regular.ttc
Lato,Lato Semibold - /usr/share/fonts/truetype/lato/Lato-SemiboldItalic.ttf
Lato,Lato Thin - /usr/share/fonts/truetype/lato/Lato-ThinItalic.ttf
DejaVu Sans,DejaVu Sans Condensed - /usr/share/fonts/truetype/dejavu/DejaVuSansCondensed-BoldOblique.ttf
Noto Sans CJK JP - /usr/share/fonts/opentype/noto/NotoSansCJK-Regular.ttc
Liberation Sans - /usr/share/fonts/truetype/liberation/LiberationSans-Italic.ttf
Noto Sans CJK HK - /usr/share/fonts/opentype/noto/NotoSansCJK-Regular.ttc
Lato,Lato Black - /usr/share/fonts/truetype/lato/Lato-BlackItalic.ttf
Lato,Lato Thin - /usr/share/fonts/truetype/lato/Lato-Thin.ttf
DejaVu Sans,DejaVu Sans Condensed - /usr/share/fonts/truetype/dejavu/DejaVuSansCondensed-Oblique.ttf
Noto Sans CJK KR - /usr/share/fonts/opentype/noto/NotoSansCJK-Regular.ttc
Lato,Lato Light - /usr/share/fonts/truetype/lato/Lato-Light.ttf
Noto Sans CJK TC - /usr/share/fonts/opentype/noto/NotoSansCJK-Regular.ttc
DejaVu Sans,DejaVu Sans Condensed - /usr/share/fonts/truetype/dejavu/DejaVuSansCondensed-Bold.ttf
DejaVu Sans Mono - /usr/share/fonts/truetype/dejavu/DejaVuSansMono-Oblique.ttf
Lato,Lato Hairline - /usr/share/fonts/truetype/lato/Lato-HairlineItalic.ttf
Noto Sans CJK SC - /usr/share/fonts/opentype/noto/NotoSansCJK-Regular.ttc
WenQuanYi Zen Hei,文泉驛正黑,文泉驿正黑 - /usr/share/fonts/truetype/wqy/wqy-zenhei.ttc
Lato,Lato Black - /usr/share/fonts/truetype/lato/Lato-Black.ttf
Lato - /usr/share/fonts/truetype/lato/Lato-Regular.ttf
DejaVu Sans - /usr/share/fonts/truetype/dejavu/DejaVuSans-BoldOblique.ttf
Liberation Mono - /usr/share/fonts/truetype/liberation/LiberationMono-BoldItalic.ttf
Noto Sans Mono CJK KR - /usr/share/fonts/opentype/noto/NotoSansCJK-Regular.ttc
Liberation Mono - /usr/share/fonts/truetype/liberation/LiberationMono-Regular.ttf
Noto Sans Mono CJK HK - /usr/share/fonts/opentype/noto/NotoSansCJK-Regular.ttc
DejaVu Sans,DejaVu Sans Light - /usr/share/fonts/truetype/dejavu/DejaVuSans-ExtraLight.ttf
DejaVu Serif - /usr/share/fonts/truetype/dejavu/DejaVuSerif.ttf
Noto Sans Mono CJK JP - /usr/share/fonts/opentype/noto/NotoSansCJK-Regular.ttc
Noto Serif CJK JP - /usr/share/fonts/opentype/noto/NotoSerifCJK-Bold.ttc
Noto Serif CJK HK - /usr/share/fonts/opentype/noto/NotoSerifCJK-Bold.ttc
Noto Serif CJK KR - /usr/share/fonts/opentype/noto/NotoSerifCJK-Bold.ttc
Noto Serif CJK TC - /usr/share/fonts/opentype/noto/NotoSerifCJK-Bold.ttc
Lato - /usr/share/fonts/truetype/lato/Lato-Bold.ttf
Noto Sans CJK SC - /usr/share/fonts/opentype/noto/NotoSansCJK-Bold.ttc
Noto Sans Mono CJK TC - /usr/share/fonts/opentype/noto/NotoSansCJK-Regular.ttc
Noto Sans CJK TC - /usr/share/fonts/opentype/noto/NotoSansCJK-Bold.ttc
Noto Serif CJK SC - /usr/share/fonts/opentype/noto/NotoSerifCJK-Bold.ttc
DejaVu Sans Mono - /usr/share/fonts/truetype/dejavu/DejaVuSansMono-Bold.ttf
DejaVu Serif - /usr/share/fonts/truetype/dejavu/DejaVuSerif-BoldItalic.ttf
WenQuanYi Zen Hei Mono,文泉驛等寬正黑,文泉驿等宽正黑 - /usr/share/fonts/truetype/wqy/wqy-zenhei.ttc
DejaVu Sans Mono - /usr/share/fonts/truetype/dejavu/DejaVuSansMono.ttf
Noto Sans CJK JP - /usr/share/fonts/opentype/noto/NotoSansCJK-Bold.ttc
Noto Sans CJK HK - /usr/share/fonts/opentype/noto/NotoSansCJK-Bold.ttc
Noto Sans CJK KR - /usr/share/fonts/opentype/noto/NotoSansCJK-Bold.ttc
WenQuanYi Micro Hei,文泉驛微米黑,文泉驿微米黑 - /usr/share/fonts/truetype/wqy/wqy-microhei.ttc
Noto Sans Mono CJK SC - /usr/share/fonts/opentype/noto/NotoSansCJK-Regular.ttc
Noto Color Emoji - /usr/share/fonts/truetype/noto/NotoColorEmoji.ttf
DejaVu Sans Mono - /usr/share/fonts/truetype/dejavu/DejaVuSansMono-BoldOblique.ttf
Liberation Sans - /usr/share/fonts/truetype/liberation/LiberationSans-BoldItalic.ttf
Liberation Serif - /usr/share/fonts/truetype/liberation/LiberationSerif-Regular.ttf
Lato,Lato Semibold - /usr/share/fonts/truetype/lato/Lato-Semibold.ttf
DejaVu Sans - /usr/share/fonts/truetype/dejavu/DejaVuSans-Oblique.ttf
DejaVu Serif,DejaVu Serif Condensed - /usr/share/fonts/truetype/dejavu/DejaVuSerifCondensed-Bold.ttf
DejaVu Sans - /usr/share/fonts/truetype/dejavu/DejaVuSans-Bold.ttf
Liberation Serif - /usr/share/fonts/truetype/liberation/LiberationSerif-Bold.ttf
DejaVu Serif,DejaVu Serif Condensed - /usr/share/fonts/truetype/dejavu/DejaVuSerifCondensed-BoldItalic.ttf

2026-02-25 03:47:25,664 - INFO - Matplotlib 字体设置：使用回退字体列表，首选可用字体: Noto Sans CJK JP
2026-02-25 03:47:27,097 - INFO - 使用 ChromeDriver: /usr/bin/chromedriver
2026-02-25 03:47:27,097 - WARNING - Using CPU. Note: This module is much faster with a GPU.
2026-02-25 03:47:28,570 - INFO - OCR识别器初始化成功
2026-02-25 03:47:28,571 - INFO - 开始南京大学电费监控流程（自动无头模式）
2026-02-25 03:47:28,571 - INFO - 正在打开页面: https://epay.nju.edu.cn/epay/h5/nju/electric/index
2026-02-25 03:47:35,982 - INFO - 等待登录表单加载...
2026-02-25 03:47:35,992 - INFO - 登录表单已加载
2026-02-25 03:47:35,992 - INFO - 开始填写登录表单...
2026-02-25 03:47:36,072 - INFO - 用户名填写完成
2026-02-25 03:47:36,136 - INFO - 密码填写完成
2026-02-25 03:47:36,136 - INFO - 检查是否有验证码...
2026-02-25 03:47:36,136 - INFO - 查找验证码图片...
2026-02-25 03:47:36,157 - INFO - 找到验证码图片，开始截图...
2026-02-25 03:47:36,216 - INFO - 验证码图片截取成功
2026-02-25 03:47:36,216 - INFO - 开始填写登录表单...
2026-02-25 03:47:36,282 - INFO - 用户名填写完成
2026-02-25 03:47:36,357 - INFO - 密码填写完成
2026-02-25 03:47:36,358 - INFO - 验证码图片已保存到 /home/runner/work/nju_electric_monitor/nju_electric_monitor/src/../data/captcha_debug.png
2026-02-25 03:47:36,358 - INFO - 验证码识别尝试 1/30
2026-02-25 03:47:36,358 - INFO - 开始识别验证码...（easyocr + pytesseract）
2026-02-25 03:47:36,486 - INFO - easyocr 结果: ['QV(0.08)']
2026-02-25 03:47:36,750 - INFO - tesseract 结果: QM2V
2026-02-25 03:47:36,819 - INFO - easyocr alt1 结果: ['RV(0.06)']
2026-02-25 03:47:36,919 - INFO - tesseract alt1 结果: CM2ZV
2026-02-25 03:47:36,983 - INFO - easyocr alt2 结果: ['RV(0.07)']
2026-02-25 03:47:37,091 - INFO - tesseract alt2 结果: CM2V
2026-02-25 03:47:37,282 - INFO - easyocr alt3 结果: ['(0.02)']
2026-02-25 03:47:37,390 - INFO - tesseract alt3 结果: QOM2V
2026-02-25 03:47:37,436 - INFO - easyocr alt4 结果: ['V(0.10)']
2026-02-25 03:47:37,530 - INFO - tesseract alt4 结果: QM2ZV
2026-02-25 03:47:37,594 - INFO - easyocr alt5 结果: ['4V(0.01)']
2026-02-25 03:47:37,694 - INFO - tesseract alt5 结果: OMeV
2026-02-25 03:47:37,694 - INFO - 最终验证码识别结果: QM2V (engine=tesseract, prob=0.5)
2026-02-25 03:47:37,694 - INFO - 查找验证码输入框...
2026-02-25 03:47:37,704 - ERROR - 未找到验证码输入框
2026-02-25 03:47:37,704 - WARNING - 验证码填写失败
2026-02-25 03:47:37,704 - INFO - 开始填写登录表单...
2026-02-25 03:47:37,766 - INFO - 用户名填写完成
2026-02-25 03:47:37,827 - INFO - 密码填写完成
2026-02-25 03:47:37,828 - INFO - 验证码图片已保存到 /home/runner/work/nju_electric_monitor/nju_electric_monitor/src/../data/captcha_debug.png
2026-02-25 03:47:37,828 - INFO - 验证码识别尝试 2/30
2026-02-25 03:47:37,828 - INFO - 开始识别验证码...（easyocr + pytesseract）
2026-02-25 03:47:37,952 - INFO - easyocr 结果: ['QV(0.08)']
2026-02-25 03:47:38,050 - INFO - tesseract 结果: QM2V
2026-02-25 03:47:38,116 - INFO - easyocr alt1 结果: ['RV(0.06)']
2026-02-25 03:47:38,212 - INFO - tesseract alt1 结果: CM2ZV
2026-02-25 03:47:38,278 - INFO - easyocr alt2 结果: ['RV(0.07)']
2026-02-25 03:47:38,386 - INFO - tesseract alt2 结果: CM2V
2026-02-25 03:47:38,553 - INFO - easyocr alt3 结果: ['(0.02)']
2026-02-25 03:47:38,662 - INFO - tesseract alt3 结果: QOM2V
2026-02-25 03:47:38,708 - INFO - easyocr alt4 结果: ['V(0.10)']
2026-02-25 03:47:38,802 - INFO - tesseract alt4 结果: QM2ZV
2026-02-25 03:47:38,867 - INFO - easyocr alt5 结果: ['4V(0.01)']
2026-02-25 03:47:38,967 - INFO - tesseract alt5 结果: OMeV
2026-02-25 03:47:38,967 - INFO - 最终验证码识别结果: QM2V (engine=tesseract, prob=0.5)
2026-02-25 03:47:38,967 - INFO - 查找验证码输入框...
2026-02-25 03:47:38,973 - ERROR - 未找到验证码输入框
2026-02-25 03:47:38,973 - WARNING - 验证码填写失败
2026-02-25 03:47:38,973 - INFO - 开始填写登录表单...
2026-02-25 03:47:39,034 - INFO - 用户名填写完成
2026-02-25 03:47:39,095 - INFO - 密码填写完成
2026-02-25 03:47:39,096 - INFO - 验证码图片已保存到 /home/runner/work/nju_electric_monitor/nju_electric_monitor/src/../data/captcha_debug.png
2026-02-25 03:47:39,096 - INFO - 验证码识别尝试 3/30
2026-02-25 03:47:39,096 - INFO - 开始识别验证码...（easyocr + pytesseract）
2026-02-25 03:47:39,203 - INFO - easyocr 结果: ['QV(0.08)']
2026-02-25 03:47:39,302 - INFO - tesseract 结果: QM2V
2026-02-25 03:47:39,369 - INFO - easyocr alt1 结果: ['RV(0.06)']
2026-02-25 03:47:39,464 - INFO - tesseract alt1 结果: CM2ZV
2026-02-25 03:47:39,528 - INFO - easyocr alt2 结果: ['RV(0.07)']
2026-02-25 03:47:39,626 - INFO - tesseract alt2 结果: CM2V
2026-02-25 03:47:39,791 - INFO - easyocr alt3 结果: ['(0.02)']
2026-02-25 03:47:39,895 - INFO - tesseract alt3 结果: QOM2V
2026-02-25 03:47:39,941 - INFO - easyocr alt4 结果: ['V(0.10)']
2026-02-25 03:47:40,037 - INFO - tesseract alt4 结果: QM2ZV
2026-02-25 03:47:40,102 - INFO - easyocr alt5 结果: ['4V(0.01)']
2026-02-25 03:47:40,200 - INFO - tesseract alt5 结果: OMeV
2026-02-25 03:47:40,200 - INFO - 最终验证码识别结果: QM2V (engine=tesseract, prob=0.5)
2026-02-25 03:47:40,200 - INFO - 查找验证码输入框...
2026-02-25 03:47:40,207 - ERROR - 未找到验证码输入框
2026-02-25 03:47:40,207 - WARNING - 验证码填写失败
2026-02-25 03:47:40,207 - INFO - 开始填写登录表单...
2026-02-25 03:47:40,267 - INFO - 用户名填写完成
2026-02-25 03:47:40,335 - INFO - 密码填写完成
2026-02-25 03:47:40,335 - INFO - 验证码图片已保存到 /home/runner/work/nju_electric_monitor/nju_electric_monitor/src/../data/captcha_debug.png
2026-02-25 03:47:40,336 - INFO - 验证码识别尝试 4/30
2026-02-25 03:47:40,336 - INFO - 开始识别验证码...（easyocr + pytesseract）
2026-02-25 03:47:40,439 - INFO - easyocr 结果: ['QV(0.08)']
2026-02-25 03:47:40,536 - INFO - tesseract 结果: QM2V
2026-02-25 03:47:40,601 - INFO - easyocr alt1 结果: ['RV(0.06)']
2026-02-25 03:47:40,697 - INFO - tesseract alt1 结果: CM2ZV
2026-02-25 03:47:40,764 - INFO - easyocr alt2 结果: ['RV(0.07)']
2026-02-25 03:47:40,864 - INFO - tesseract alt2 结果: CM2V
2026-02-25 03:47:41,032 - INFO - easyocr alt3 结果: ['(0.02)']
2026-02-25 03:47:41,139 - INFO - tesseract alt3 结果: QOM2V
2026-02-25 03:47:41,186 - INFO - easyocr alt4 结果: ['V(0.10)']
2026-02-25 03:47:41,280 - INFO - tesseract alt4 结果: QM2ZV
2026-02-25 03:47:41,345 - INFO - easyocr alt5 结果: ['4V(0.01)']
2026-02-25 03:47:41,448 - INFO - tesseract alt5 结果: OMeV
2026-02-25 03:47:41,448 - INFO - 最终验证码识别结果: QM2V (engine=tesseract, prob=0.5)
2026-02-25 03:47:41,448 - INFO - 查找验证码输入框...
2026-02-25 03:47:41,455 - ERROR - 未找到验证码输入框
2026-02-25 03:47:41,455 - WARNING - 验证码填写失败
2026-02-25 03:47:41,455 - INFO - 开始填写登录表单...
2026-02-25 03:47:41,515 - INFO - 用户名填写完成
2026-02-25 03:47:41,576 - INFO - 密码填写完成
2026-02-25 03:47:41,577 - INFO - 验证码图片已保存到 /home/runner/work/nju_electric_monitor/nju_electric_monitor/src/../data/captcha_debug.png
2026-02-25 03:47:41,577 - INFO - 验证码识别尝试 5/30
2026-02-25 03:47:41,577 - INFO - 开始识别验证码...（easyocr + pytesseract）
2026-02-25 03:47:41,678 - INFO - easyocr 结果: ['QV(0.08)']
2026-02-25 03:47:41,777 - INFO - tesseract 结果: QM2V
2026-02-25 03:47:41,843 - INFO - easyocr alt1 结果: ['RV(0.06)']
2026-02-25 03:47:41,941 - INFO - tesseract alt1 结果: CM2ZV
2026-02-25 03:47:42,008 - INFO - easyocr alt2 结果: ['RV(0.07)']
2026-02-25 03:47:42,104 - INFO - tesseract alt2 结果: CM2V
2026-02-25 03:47:42,271 - INFO - easyocr alt3 结果: ['(0.02)']
2026-02-25 03:47:42,378 - INFO - tesseract alt3 结果: QOM2V
2026-02-25 03:47:42,428 - INFO - easyocr alt4 结果: ['V(0.10)']
2026-02-25 03:47:42,524 - INFO - tesseract alt4 结果: QM2ZV
2026-02-25 03:47:42,590 - INFO - easyocr alt5 结果: ['4V(0.01)']
2026-02-25 03:47:42,692 - INFO - tesseract alt5 结果: OMeV
2026-02-25 03:47:42,692 - INFO - 最终验证码识别结果: QM2V (engine=tesseract, prob=0.5)
2026-02-25 03:47:42,692 - INFO - 查找验证码输入框...
2026-02-25 03:47:42,699 - ERROR - 未找到验证码输入框
2026-02-25 03:47:42,699 - WARNING - 验证码填写失败
2026-02-25 03:47:42,699 - INFO - 开始填写登录表单...
2026-02-25 03:47:42,759 - INFO - 用户名填写完成
2026-02-25 03:47:42,822 - INFO - 密码填写完成
2026-02-25 03:47:42,823 - INFO - 验证码图片已保存到 /home/runner/work/nju_electric_monitor/nju_electric_monitor/src/../data/captcha_debug.png
2026-02-25 03:47:42,823 - INFO - 验证码识别尝试 6/30
2026-02-25 03:47:42,823 - INFO - 开始识别验证码...（easyocr + pytesseract）
2026-02-25 03:47:42,926 - INFO - easyocr 结果: ['QV(0.08)']
2026-02-25 03:47:43,028 - INFO - tesseract 结果: QM2V
2026-02-25 03:47:43,094 - INFO - easyocr alt1 结果: ['RV(0.06)']
2026-02-25 03:47:43,195 - INFO - tesseract alt1 结果: CM2ZV
2026-02-25 03:47:43,261 - INFO - easyocr alt2 结果: ['RV(0.07)']
2026-02-25 03:47:43,358 - INFO - tesseract alt2 结果: CM2V
2026-02-25 03:47:43,527 - INFO - easyocr alt3 结果: ['(0.02)']
2026-02-25 03:47:43,637 - INFO - tesseract alt3 结果: QOM2V
2026-02-25 03:47:43,683 - INFO - easyocr alt4 结果: ['V(0.10)']
2026-02-25 03:47:43,782 - INFO - tesseract alt4 结果: QM2ZV
2026-02-25 03:47:43,848 - INFO - easyocr alt5 结果: ['4V(0.01)']
2026-02-25 03:47:43,953 - INFO - tesseract alt5 结果: OMeV
2026-02-25 03:47:43,953 - INFO - 最终验证码识别结果: QM2V (engine=tesseract, prob=0.5)
2026-02-25 03:47:43,953 - INFO - 查找验证码输入框...
2026-02-25 03:47:43,959 - ERROR - 未找到验证码输入框
2026-02-25 03:47:43,960 - WARNING - 验证码填写失败
2026-02-25 03:47:43,960 - INFO - 开始填写登录表单...
2026-02-25 03:47:44,019 - INFO - 用户名填写完成
2026-02-25 03:47:44,080 - INFO - 密码填写完成
2026-02-25 03:47:44,081 - INFO - 验证码图片已保存到 /home/runner/work/nju_electric_monitor/nju_electric_monitor/src/../data/captcha_debug.png
2026-02-25 03:47:44,081 - INFO - 验证码识别尝试 7/30
2026-02-25 03:47:44,081 - INFO - 开始识别验证码...（easyocr + pytesseract）
2026-02-25 03:47:44,176 - INFO - easyocr 结果: ['QV(0.08)']
2026-02-25 03:47:44,273 - INFO - tesseract 结果: QM2V
2026-02-25 03:47:44,338 - INFO - easyocr alt1 结果: ['RV(0.06)']
2026-02-25 03:47:44,435 - INFO - tesseract alt1 结果: CM2ZV
2026-02-25 03:47:44,499 - INFO - easyocr alt2 结果: ['RV(0.07)']
2026-02-25 03:47:44,597 - INFO - tesseract alt2 结果: CM2V
2026-02-25 03:47:44,762 - INFO - easyocr alt3 结果: ['(0.02)']
2026-02-25 03:47:44,867 - INFO - tesseract alt3 结果: QOM2V
2026-02-25 03:47:44,912 - INFO - easyocr alt4 结果: ['V(0.10)']
2026-02-25 03:47:45,007 - INFO - tesseract alt4 结果: QM2ZV
2026-02-25 03:47:45,072 - INFO - easyocr alt5 结果: ['4V(0.01)']
2026-02-25 03:47:45,171 - INFO - tesseract alt5 结果: OMeV
2026-02-25 03:47:45,171 - INFO - 最终验证码识别结果: QM2V (engine=tesseract, prob=0.5)
2026-02-25 03:47:45,171 - INFO - 查找验证码输入框...
2026-02-25 03:47:45,178 - ERROR - 未找到验证码输入框
2026-02-25 03:47:45,178 - WARNING - 验证码填写失败
2026-02-25 03:47:45,178 - INFO - 开始填写登录表单...
2026-02-25 03:47:45,236 - INFO - 用户名填写完成
2026-02-25 03:47:45,299 - INFO - 密码填写完成
2026-02-25 03:47:45,300 - INFO - 验证码图片已保存到 /home/runner/work/nju_electric_monitor/nju_electric_monitor/src/../data/captcha_debug.png
2026-02-25 03:47:45,300 - INFO - 验证码识别尝试 8/30
2026-02-25 03:47:45,300 - INFO - 开始识别验证码...（easyocr + pytesseract）
2026-02-25 03:47:45,394 - INFO - easyocr 结果: ['QV(0.08)']
2026-02-25 03:47:45,489 - INFO - tesseract 结果: QM2V
2026-02-25 03:47:45,554 - INFO - easyocr alt1 结果: ['RV(0.06)']
2026-02-25 03:47:45,649 - INFO - tesseract alt1 结果: CM2ZV
2026-02-25 03:47:45,714 - INFO - easyocr alt2 结果: ['RV(0.07)']
2026-02-25 03:47:45,808 - INFO - tesseract alt2 结果: CM2V
2026-02-25 03:47:45,975 - INFO - easyocr alt3 结果: ['(0.02)']
2026-02-25 03:47:46,079 - INFO - tesseract alt3 结果: QOM2V
2026-02-25 03:47:46,124 - INFO - easyocr alt4 结果: ['V(0.10)']
2026-02-25 03:47:46,221 - INFO - tesseract alt4 结果: QM2ZV
2026-02-25 03:47:46,286 - INFO - easyocr alt5 结果: ['4V(0.01)']
2026-02-25 03:47:46,384 - INFO - tesseract alt5 结果: OMeV
2026-02-25 03:47:46,384 - INFO - 最终验证码识别结果: QM2V (engine=tesseract, prob=0.5)
2026-02-25 03:47:46,384 - INFO - 查找验证码输入框...
2026-02-25 03:47:46,391 - ERROR - 未找到验证码输入框
2026-02-25 03:47:46,391 - WARNING - 验证码填写失败
2026-02-25 03:47:46,391 - INFO - 开始填写登录表单...
2026-02-25 03:47:46,450 - INFO - 用户名填写完成
2026-02-25 03:47:46,510 - INFO - 密码填写完成
2026-02-25 03:47:46,510 - INFO - 验证码图片已保存到 /home/runner/work/nju_electric_monitor/nju_electric_monitor/src/../data/captcha_debug.png
2026-02-25 03:47:46,510 - INFO - 验证码识别尝试 9/30
2026-02-25 03:47:46,510 - INFO - 开始识别验证码...（easyocr + pytesseract）
2026-02-25 03:47:46,615 - INFO - easyocr 结果: ['QV(0.08)']
2026-02-25 03:47:46,712 - INFO - tesseract 结果: QM2V
2026-02-25 03:47:46,779 - INFO - easyocr alt1 结果: ['RV(0.06)']
2026-02-25 03:47:46,875 - INFO - tesseract alt1 结果: CM2ZV
2026-02-25 03:47:46,980 - INFO - easyocr alt2 结果: ['RV(0.07)']
2026-02-25 03:47:47,074 - INFO - tesseract alt2 结果: CM2V
2026-02-25 03:47:47,239 - INFO - easyocr alt3 结果: ['(0.02)']
2026-02-25 03:47:47,345 - INFO - tesseract alt3 结果: QOM2V
2026-02-25 03:47:47,391 - INFO - easyocr alt4 结果: ['V(0.10)']
2026-02-25 03:47:47,489 - INFO - tesseract alt4 结果: QM2ZV
2026-02-25 03:47:47,555 - INFO - easyocr alt5 结果: ['4V(0.01)']
2026-02-25 03:47:47,652 - INFO - tesseract alt5 结果: OMeV
2026-02-25 03:47:47,652 - INFO - 最终验证码识别结果: QM2V (engine=tesseract, prob=0.5)
2026-02-25 03:47:47,652 - INFO - 查找验证码输入框...
2026-02-25 03:47:47,659 - ERROR - 未找到验证码输入框
2026-02-25 03:47:47,659 - WARNING - 验证码填写失败
2026-02-25 03:47:47,659 - INFO - 开始填写登录表单...
2026-02-25 03:47:47,718 - INFO - 用户名填写完成
2026-02-25 03:47:47,777 - INFO - 密码填写完成
2026-02-25 03:47:47,778 - INFO - 验证码图片已保存到 /home/runner/work/nju_electric_monitor/nju_electric_monitor/src/../data/captcha_debug.png
2026-02-25 03:47:47,778 - INFO - 验证码识别尝试 10/30
2026-02-25 03:47:47,778 - INFO - 开始识别验证码...（easyocr + pytesseract）
2026-02-25 03:47:47,872 - INFO - easyocr 结果: ['QV(0.08)']
2026-02-25 03:47:47,969 - INFO - tesseract 结果: QM2V
2026-02-25 03:47:48,034 - INFO - easyocr alt1 结果: ['RV(0.06)']
2026-02-25 03:47:48,129 - INFO - tesseract alt1 结果: CM2ZV
2026-02-25 03:47:48,195 - INFO - easyocr alt2 结果: ['RV(0.07)']
2026-02-25 03:47:48,292 - INFO - tesseract alt2 结果: CM2V
2026-02-25 03:47:48,458 - INFO - easyocr alt3 结果: ['(0.02)']
2026-02-25 03:47:48,565 - INFO - tesseract alt3 结果: QOM2V
2026-02-25 03:47:48,612 - INFO - easyocr alt4 结果: ['V(0.10)']
2026-02-25 03:47:48,708 - INFO - tesseract alt4 结果: QM2ZV
2026-02-25 03:47:48,773 - INFO - easyocr alt5 结果: ['4V(0.01)']
2026-02-25 03:47:48,872 - INFO - tesseract alt5 结果: OMeV
2026-02-25 03:47:48,872 - INFO - 最终验证码识别结果: QM2V (engine=tesseract, prob=0.5)
2026-02-25 03:47:48,872 - INFO - 查找验证码输入框...
2026-02-25 03:47:48,879 - ERROR - 未找到验证码输入框
2026-02-25 03:47:48,879 - WARNING - 验证码填写失败
2026-02-25 03:47:48,879 - INFO - 开始填写登录表单...
2026-02-25 03:47:48,939 - INFO - 用户名填写完成
2026-02-25 03:47:49,000 - INFO - 密码填写完成
2026-02-25 03:47:49,001 - INFO - 验证码图片已保存到 /home/runner/work/nju_electric_monitor/nju_electric_monitor/src/../data/captcha_debug.png
2026-02-25 03:47:49,001 - INFO - 验证码识别尝试 11/30
2026-02-25 03:47:49,001 - INFO - 开始识别验证码...（easyocr + pytesseract）
2026-02-25 03:47:49,097 - INFO - easyocr 结果: ['QV(0.08)']
2026-02-25 03:47:49,197 - INFO - tesseract 结果: QM2V
2026-02-25 03:47:49,264 - INFO - easyocr alt1 结果: ['RV(0.06)']
2026-02-25 03:47:49,359 - INFO - tesseract alt1 结果: CM2ZV
2026-02-25 03:47:49,424 - INFO - easyocr alt2 结果: ['RV(0.07)']
2026-02-25 03:47:49,521 - INFO - tesseract alt2 结果: CM2V
2026-02-25 03:47:49,687 - INFO - easyocr alt3 结果: ['(0.02)']
2026-02-25 03:47:49,795 - INFO - tesseract alt3 结果: QOM2V
2026-02-25 03:47:49,841 - INFO - easyocr alt4 结果: ['V(0.10)']
2026-02-25 03:47:49,936 - INFO - tesseract alt4 结果: QM2ZV
2026-02-25 03:47:50,001 - INFO - easyocr alt5 结果: ['4V(0.01)']
2026-02-25 03:47:50,100 - INFO - tesseract alt5 结果: OMeV
2026-02-25 03:47:50,100 - INFO - 最终验证码识别结果: QM2V (engine=tesseract, prob=0.5)
2026-02-25 03:47:50,100 - INFO - 查找验证码输入框...
2026-02-25 03:47:50,108 - ERROR - 未找到验证码输入框
2026-02-25 03:47:50,108 - WARNING - 验证码填写失败
2026-02-25 03:47:50,108 - INFO - 开始填写登录表单...
2026-02-25 03:47:50,171 - INFO - 用户名填写完成
2026-02-25 03:47:50,234 - INFO - 密码填写完成
2026-02-25 03:47:50,234 - INFO - 验证码图片已保存到 /home/runner/work/nju_electric_monitor/nju_electric_monitor/src/../data/captcha_debug.png
2026-02-25 03:47:50,234 - INFO - 验证码识别尝试 12/30
2026-02-25 03:47:50,235 - INFO - 开始识别验证码...（easyocr + pytesseract）
2026-02-25 03:47:50,333 - INFO - easyocr 结果: ['QV(0.08)']
2026-02-25 03:47:50,430 - INFO - tesseract 结果: QM2V
2026-02-25 03:47:50,496 - INFO - easyocr alt1 结果: ['RV(0.06)']
2026-02-25 03:47:50,592 - INFO - tesseract alt1 结果: CM2ZV
2026-02-25 03:47:50,657 - INFO - easyocr alt2 结果: ['RV(0.07)']
2026-02-25 03:47:50,753 - INFO - tesseract alt2 结果: CM2V
2026-02-25 03:47:50,920 - INFO - easyocr alt3 结果: ['(0.02)']
2026-02-25 03:47:51,026 - INFO - tesseract alt3 结果: QOM2V
2026-02-25 03:47:51,072 - INFO - easyocr alt4 结果: ['V(0.10)']
2026-02-25 03:47:51,169 - INFO - tesseract alt4 结果: QM2ZV
2026-02-25 03:47:51,233 - INFO - easyocr alt5 结果: ['4V(0.01)']
2026-02-25 03:47:51,335 - INFO - tesseract alt5 结果: OMeV
2026-02-25 03:47:51,335 - INFO - 最终验证码识别结果: QM2V (engine=tesseract, prob=0.5)
2026-02-25 03:47:51,336 - INFO - 查找验证码输入框...
2026-02-25 03:47:51,342 - ERROR - 未找到验证码输入框
2026-02-25 03:47:51,342 - WARNING - 验证码填写失败
2026-02-25 03:47:51,342 - INFO - 开始填写登录表单...
2026-02-25 03:47:51,403 - INFO - 用户名填写完成
2026-02-25 03:47:51,464 - INFO - 密码填写完成
2026-02-25 03:47:51,465 - INFO - 验证码图片已保存到 /home/runner/work/nju_electric_monitor/nju_electric_monitor/src/../data/captcha_debug.png
2026-02-25 03:47:51,465 - INFO - 验证码识别尝试 13/30
2026-02-25 03:47:51,465 - INFO - 开始识别验证码...（easyocr + pytesseract）
2026-02-25 03:47:51,562 - INFO - easyocr 结果: ['QV(0.08)']
2026-02-25 03:47:51,659 - INFO - tesseract 结果: QM2V
2026-02-25 03:47:51,725 - INFO - easyocr alt1 结果: ['RV(0.06)']
2026-02-25 03:47:51,821 - INFO - tesseract alt1 结果: CM2ZV
2026-02-25 03:47:51,885 - INFO - easyocr alt2 结果: ['RV(0.07)']
2026-02-25 03:47:51,982 - INFO - tesseract alt2 结果: CM2V
2026-02-25 03:47:52,147 - INFO - easyocr alt3 结果: ['(0.02)']
2026-02-25 03:47:52,257 - INFO - tesseract alt3 结果: QOM2V
2026-02-25 03:47:52,304 - INFO - easyocr alt4 结果: ['V(0.10)']
2026-02-25 03:47:52,402 - INFO - tesseract alt4 结果: QM2ZV
2026-02-25 03:47:52,467 - INFO - easyocr alt5 结果: ['4V(0.01)']
2026-02-25 03:47:52,565 - INFO - tesseract alt5 结果: OMeV
2026-02-25 03:47:52,566 - INFO - 最终验证码识别结果: QM2V (engine=tesseract, prob=0.5)
2026-02-25 03:47:52,566 - INFO - 查找验证码输入框...
2026-02-25 03:47:52,572 - ERROR - 未找到验证码输入框
2026-02-25 03:47:52,573 - WARNING - 验证码填写失败
2026-02-25 03:47:52,573 - INFO - 开始填写登录表单...
2026-02-25 03:47:52,634 - INFO - 用户名填写完成
2026-02-25 03:47:52,695 - INFO - 密码填写完成
2026-02-25 03:47:52,696 - INFO - 验证码图片已保存到 /home/runner/work/nju_electric_monitor/nju_electric_monitor/src/../data/captcha_debug.png
2026-02-25 03:47:52,696 - INFO - 验证码识别尝试 14/30
2026-02-25 03:47:52,696 - INFO - 开始识别验证码...（easyocr + pytesseract）
2026-02-25 03:47:52,790 - INFO - easyocr 结果: ['QV(0.08)']
2026-02-25 03:47:52,887 - INFO - tesseract 结果: QM2V
2026-02-25 03:47:52,954 - INFO - easyocr alt1 结果: ['RV(0.06)']
2026-02-25 03:47:53,051 - INFO - tesseract alt1 结果: CM2ZV
2026-02-25 03:47:53,116 - INFO - easyocr alt2 结果: ['RV(0.07)']
2026-02-25 03:47:53,211 - INFO - tesseract alt2 结果: CM2V
2026-02-25 03:47:53,387 - INFO - easyocr alt3 结果: ['(0.02)']
2026-02-25 03:47:53,494 - INFO - tesseract alt3 结果: QOM2V
2026-02-25 03:47:53,539 - INFO - easyocr alt4 结果: ['V(0.10)']
2026-02-25 03:47:53,634 - INFO - tesseract alt4 结果: QM2ZV
2026-02-25 03:47:53,699 - INFO - easyocr alt5 结果: ['4V(0.01)']
2026-02-25 03:47:53,798 - INFO - tesseract alt5 结果: OMeV
2026-02-25 03:47:53,798 - INFO - 最终验证码识别结果: QM2V (engine=tesseract, prob=0.5)
2026-02-25 03:47:53,798 - INFO - 查找验证码输入框...
2026-02-25 03:47:53,805 - ERROR - 未找到验证码输入框
2026-02-25 03:47:53,805 - WARNING - 验证码填写失败
2026-02-25 03:47:53,805 - INFO - 开始填写登录表单...
2026-02-25 03:47:53,865 - INFO - 用户名填写完成
2026-02-25 03:47:53,926 - INFO - 密码填写完成
2026-02-25 03:47:53,927 - INFO - 验证码图片已保存到 /home/runner/work/nju_electric_monitor/nju_electric_monitor/src/../data/captcha_debug.png
2026-02-25 03:47:53,927 - INFO - 验证码识别尝试 15/30
2026-02-25 03:47:53,927 - INFO - 开始识别验证码...（easyocr + pytesseract）
2026-02-25 03:47:54,022 - INFO - easyocr 结果: ['QV(0.08)']
2026-02-25 03:47:54,117 - INFO - tesseract 结果: QM2V
2026-02-25 03:47:54,183 - INFO - easyocr alt1 结果: ['RV(0.06)']
2026-02-25 03:47:54,282 - INFO - tesseract alt1 结果: CM2ZV
2026-02-25 03:47:54,347 - INFO - easyocr alt2 结果: ['RV(0.07)']
2026-02-25 03:47:54,443 - INFO - tesseract alt2 结果: CM2V
2026-02-25 03:47:54,608 - INFO - easyocr alt3 结果: ['(0.02)']
2026-02-25 03:47:54,715 - INFO - tesseract alt3 结果: QOM2V
2026-02-25 03:47:54,761 - INFO - easyocr alt4 结果: ['V(0.10)']
2026-02-25 03:47:54,856 - INFO - tesseract alt4 结果: QM2ZV
2026-02-25 03:47:54,921 - INFO - easyocr alt5 结果: ['4V(0.01)']
2026-02-25 03:47:55,022 - INFO - tesseract alt5 结果: OMeV
2026-02-25 03:47:55,022 - INFO - 最终验证码识别结果: QM2V (engine=tesseract, prob=0.5)
2026-02-25 03:47:55,022 - INFO - 查找验证码输入框...
2026-02-25 03:47:55,029 - ERROR - 未找到验证码输入框
2026-02-25 03:47:55,029 - WARNING - 验证码填写失败
2026-02-25 03:47:55,029 - INFO - 开始填写登录表单...
2026-02-25 03:47:55,088 - INFO - 用户名填写完成
2026-02-25 03:47:55,150 - INFO - 密码填写完成
2026-02-25 03:47:55,150 - INFO - 验证码图片已保存到 /home/runner/work/nju_electric_monitor/nju_electric_monitor/src/../data/captcha_debug.png
2026-02-25 03:47:55,150 - INFO - 验证码识别尝试 16/30
2026-02-25 03:47:55,150 - INFO - 开始识别验证码...（easyocr + pytesseract）
2026-02-25 03:47:55,247 - INFO - easyocr 结果: ['QV(0.08)']
2026-02-25 03:47:55,341 - INFO - tesseract 结果: QM2V
2026-02-25 03:47:55,407 - INFO - easyocr alt1 结果: ['RV(0.06)']
2026-02-25 03:47:55,503 - INFO - tesseract alt1 结果: CM2ZV
2026-02-25 03:47:55,570 - INFO - easyocr alt2 结果: ['RV(0.07)']
2026-02-25 03:47:55,666 - INFO - tesseract alt2 结果: CM2V
2026-02-25 03:47:55,831 - INFO - easyocr alt3 结果: ['(0.02)']
2026-02-25 03:47:55,940 - INFO - tesseract alt3 结果: QOM2V
2026-02-25 03:47:55,985 - INFO - easyocr alt4 结果: ['V(0.10)']
2026-02-25 03:47:56,081 - INFO - tesseract alt4 结果: QM2ZV
2026-02-25 03:47:56,146 - INFO - easyocr alt5 结果: ['4V(0.01)']
2026-02-25 03:47:56,246 - INFO - tesseract alt5 结果: OMeV
2026-02-25 03:47:56,246 - INFO - 最终验证码识别结果: QM2V (engine=tesseract, prob=0.5)
2026-02-25 03:47:56,247 - INFO - 查找验证码输入框...
2026-02-25 03:47:56,253 - ERROR - 未找到验证码输入框
2026-02-25 03:47:56,253 - WARNING - 验证码填写失败
2026-02-25 03:47:56,253 - INFO - 开始填写登录表单...
2026-02-25 03:47:56,314 - INFO - 用户名填写完成
2026-02-25 03:47:56,374 - INFO - 密码填写完成
2026-02-25 03:47:56,375 - INFO - 验证码图片已保存到 /home/runner/work/nju_electric_monitor/nju_electric_monitor/src/../data/captcha_debug.png
2026-02-25 03:47:56,375 - INFO - 验证码识别尝试 17/30
2026-02-25 03:47:56,375 - INFO - 开始识别验证码...（easyocr + pytesseract）
2026-02-25 03:47:56,475 - INFO - easyocr 结果: ['QV(0.08)']
2026-02-25 03:47:56,572 - INFO - tesseract 结果: QM2V
2026-02-25 03:47:56,637 - INFO - easyocr alt1 结果: ['RV(0.06)']
2026-02-25 03:47:56,737 - INFO - tesseract alt1 结果: CM2ZV
2026-02-25 03:47:56,803 - INFO - easyocr alt2 结果: ['RV(0.07)']
2026-02-25 03:47:56,900 - INFO - tesseract alt2 结果: CM2V
2026-02-25 03:47:57,070 - INFO - easyocr alt3 结果: ['(0.02)']
2026-02-25 03:47:57,178 - INFO - tesseract alt3 结果: QOM2V
2026-02-25 03:47:57,224 - INFO - easyocr alt4 结果: ['V(0.10)']
2026-02-25 03:47:57,319 - INFO - tesseract alt4 结果: QM2ZV
2026-02-25 03:47:57,384 - INFO - easyocr alt5 结果: ['4V(0.01)']
2026-02-25 03:47:57,484 - INFO - tesseract alt5 结果: OMeV
2026-02-25 03:47:57,484 - INFO - 最终验证码识别结果: QM2V (engine=tesseract, prob=0.5)
2026-02-25 03:47:57,484 - INFO - 查找验证码输入框...
2026-02-25 03:47:57,490 - ERROR - 未找到验证码输入框
2026-02-25 03:47:57,491 - WARNING - 验证码填写失败
2026-02-25 03:47:57,491 - INFO - 开始填写登录表单...
2026-02-25 03:47:57,550 - INFO - 用户名填写完成
2026-02-25 03:47:57,610 - INFO - 密码填写完成
2026-02-25 03:47:57,611 - INFO - 验证码图片已保存到 /home/runner/work/nju_electric_monitor/nju_electric_monitor/src/../data/captcha_debug.png
2026-02-25 03:47:57,611 - INFO - 验证码识别尝试 18/30
2026-02-25 03:47:57,611 - INFO - 开始识别验证码...（easyocr + pytesseract）
2026-02-25 03:47:57,707 - INFO - easyocr 结果: ['QV(0.08)']
2026-02-25 03:47:57,802 - INFO - tesseract 结果: QM2V
2026-02-25 03:47:57,868 - INFO - easyocr alt1 结果: ['RV(0.06)']
2026-02-25 03:47:57,964 - INFO - tesseract alt1 结果: CM2ZV
2026-02-25 03:47:58,029 - INFO - easyocr alt2 结果: ['RV(0.07)']
2026-02-25 03:47:58,125 - INFO - tesseract alt2 结果: CM2V
2026-02-25 03:47:58,290 - INFO - easyocr alt3 结果: ['(0.02)']
2026-02-25 03:47:58,395 - INFO - tesseract alt3 结果: QOM2V
2026-02-25 03:47:58,442 - INFO - easyocr alt4 结果: ['V(0.10)']
2026-02-25 03:47:58,537 - INFO - tesseract alt4 结果: QM2ZV
2026-02-25 03:47:58,602 - INFO - easyocr alt5 结果: ['4V(0.01)']
2026-02-25 03:47:58,703 - INFO - tesseract alt5 结果: OMeV
2026-02-25 03:47:58,703 - INFO - 最终验证码识别结果: QM2V (engine=tesseract, prob=0.5)
2026-02-25 03:47:58,703 - INFO - 查找验证码输入框...
2026-02-25 03:47:58,710 - ERROR - 未找到验证码输入框
2026-02-25 03:47:58,710 - WARNING - 验证码填写失败
2026-02-25 03:47:58,710 - INFO - 开始填写登录表单...
2026-02-25 03:47:58,769 - INFO - 用户名填写完成
2026-02-25 03:47:58,831 - INFO - 密码填写完成
2026-02-25 03:47:58,832 - INFO - 验证码图片已保存到 /home/runner/work/nju_electric_monitor/nju_electric_monitor/src/../data/captcha_debug.png
2026-02-25 03:47:58,832 - INFO - 验证码识别尝试 19/30
2026-02-25 03:47:58,832 - INFO - 开始识别验证码...（easyocr + pytesseract）
2026-02-25 03:47:58,940 - INFO - easyocr 结果: ['QV(0.08)']
2026-02-25 03:47:59,037 - INFO - tesseract 结果: QM2V
2026-02-25 03:47:59,103 - INFO - easyocr alt1 结果: ['RV(0.06)']
2026-02-25 03:47:59,197 - INFO - tesseract alt1 结果: CM2ZV
2026-02-25 03:47:59,261 - INFO - easyocr alt2 结果: ['RV(0.07)']
2026-02-25 03:47:59,355 - INFO - tesseract alt2 结果: CM2V
2026-02-25 03:47:59,521 - INFO - easyocr alt3 结果: ['(0.02)']
2026-02-25 03:47:59,628 - INFO - tesseract alt3 结果: QOM2V
2026-02-25 03:47:59,685 - INFO - easyocr alt4 结果: ['V(0.10)']
2026-02-25 03:47:59,781 - INFO - tesseract alt4 结果: QM2ZV
2026-02-25 03:47:59,846 - INFO - easyocr alt5 结果: ['4V(0.01)']
2026-02-25 03:47:59,945 - INFO - tesseract alt5 结果: OMeV
2026-02-25 03:47:59,945 - INFO - 最终验证码识别结果: QM2V (engine=tesseract, prob=0.5)
2026-02-25 03:47:59,945 - INFO - 查找验证码输入框...
2026-02-25 03:47:59,952 - ERROR - 未找到验证码输入框
2026-02-25 03:47:59,952 - WARNING - 验证码填写失败
2026-02-25 03:47:59,952 - INFO - 开始填写登录表单...
2026-02-25 03:48:00,012 - INFO - 用户名填写完成
2026-02-25 03:48:00,072 - INFO - 密码填写完成
2026-02-25 03:48:00,073 - INFO - 验证码图片已保存到 /home/runner/work/nju_electric_monitor/nju_electric_monitor/src/../data/captcha_debug.png
2026-02-25 03:48:00,073 - INFO - 验证码识别尝试 20/30
2026-02-25 03:48:00,073 - INFO - 开始识别验证码...（easyocr + pytesseract）
2026-02-25 03:48:00,168 - INFO - easyocr 结果: ['QV(0.08)']
2026-02-25 03:48:00,263 - INFO - tesseract 结果: QM2V
2026-02-25 03:48:00,329 - INFO - easyocr alt1 结果: ['RV(0.06)']
2026-02-25 03:48:00,425 - INFO - tesseract alt1 结果: CM2ZV
2026-02-25 03:48:00,489 - INFO - easyocr alt2 结果: ['RV(0.07)']
2026-02-25 03:48:00,583 - INFO - tesseract alt2 结果: CM2V
2026-02-25 03:48:00,748 - INFO - easyocr alt3 结果: ['(0.02)']
2026-02-25 03:48:00,856 - INFO - tesseract alt3 结果: QOM2V
2026-02-25 03:48:00,902 - INFO - easyocr alt4 结果: ['V(0.10)']
2026-02-25 03:48:00,997 - INFO - tesseract alt4 结果: QM2ZV
2026-02-25 03:48:01,061 - INFO - easyocr alt5 结果: ['4V(0.01)']
2026-02-25 03:48:01,163 - INFO - tesseract alt5 结果: OMeV
2026-02-25 03:48:01,163 - INFO - 最终验证码识别结果: QM2V (engine=tesseract, prob=0.5)
2026-02-25 03:48:01,163 - INFO - 查找验证码输入框...
2026-02-25 03:48:01,170 - ERROR - 未找到验证码输入框
2026-02-25 03:48:01,170 - WARNING - 验证码填写失败
2026-02-25 03:48:01,170 - INFO - 开始填写登录表单...
2026-02-25 03:48:01,231 - INFO - 用户名填写完成
2026-02-25 03:48:01,293 - INFO - 密码填写完成
2026-02-25 03:48:01,293 - INFO - 验证码图片已保存到 /home/runner/work/nju_electric_monitor/nju_electric_monitor/src/../data/captcha_debug.png
2026-02-25 03:48:01,293 - INFO - 验证码识别尝试 21/30
2026-02-25 03:48:01,293 - INFO - 开始识别验证码...（easyocr + pytesseract）
2026-02-25 03:48:01,388 - INFO - easyocr 结果: ['QV(0.08)']
2026-02-25 03:48:01,485 - INFO - tesseract 结果: QM2V
2026-02-25 03:48:01,552 - INFO - easyocr alt1 结果: ['RV(0.06)']
2026-02-25 03:48:01,649 - INFO - tesseract alt1 结果: CM2ZV
2026-02-25 03:48:01,714 - INFO - easyocr alt2 结果: ['RV(0.07)']
2026-02-25 03:48:01,810 - INFO - tesseract alt2 结果: CM2V
2026-02-25 03:48:01,977 - INFO - easyocr alt3 结果: ['(0.02)']
2026-02-25 03:48:02,083 - INFO - tesseract alt3 结果: QOM2V
2026-02-25 03:48:02,129 - INFO - easyocr alt4 结果: ['V(0.10)']
2026-02-25 03:48:02,228 - INFO - tesseract alt4 结果: QM2ZV
2026-02-25 03:48:02,293 - INFO - easyocr alt5 结果: ['4V(0.01)']
2026-02-25 03:48:02,394 - INFO - tesseract alt5 结果: OMeV
2026-02-25 03:48:02,394 - INFO - 最终验证码识别结果: QM2V (engine=tesseract, prob=0.5)
2026-02-25 03:48:02,394 - INFO - 查找验证码输入框...
2026-02-25 03:48:02,400 - ERROR - 未找到验证码输入框
2026-02-25 03:48:02,401 - WARNING - 验证码填写失败
2026-02-25 03:48:02,401 - INFO - 开始填写登录表单...
2026-02-25 03:48:02,461 - INFO - 用户名填写完成
2026-02-25 03:48:02,520 - INFO - 密码填写完成
2026-02-25 03:48:02,521 - INFO - 验证码图片已保存到 /home/runner/work/nju_electric_monitor/nju_electric_monitor/src/../data/captcha_debug.png
2026-02-25 03:48:02,521 - INFO - 验证码识别尝试 22/30
2026-02-25 03:48:02,521 - INFO - 开始识别验证码...（easyocr + pytesseract）
2026-02-25 03:48:02,624 - INFO - easyocr 结果: ['QV(0.08)']
2026-02-25 03:48:02,718 - INFO - tesseract 结果: QM2V
2026-02-25 03:48:02,784 - INFO - easyocr alt1 结果: ['RV(0.06)']
2026-02-25 03:48:02,884 - INFO - tesseract alt1 结果: CM2ZV
2026-02-25 03:48:02,948 - INFO - easyocr alt2 结果: ['RV(0.07)']
2026-02-25 03:48:03,045 - INFO - tesseract alt2 结果: CM2V
2026-02-25 03:48:03,228 - INFO - easyocr alt3 结果: ['(0.02)']
2026-02-25 03:48:03,333 - INFO - tesseract alt3 结果: QOM2V
2026-02-25 03:48:03,380 - INFO - easyocr alt4 结果: ['V(0.10)']
2026-02-25 03:48:03,475 - INFO - tesseract alt4 结果: QM2ZV
2026-02-25 03:48:03,540 - INFO - easyocr alt5 结果: ['4V(0.01)']
2026-02-25 03:48:03,643 - INFO - tesseract alt5 结果: OMeV
2026-02-25 03:48:03,643 - INFO - 最终验证码识别结果: QM2V (engine=tesseract, prob=0.5)
2026-02-25 03:48:03,643 - INFO - 查找验证码输入框...
2026-02-25 03:48:03,650 - ERROR - 未找到验证码输入框
2026-02-25 03:48:03,650 - WARNING - 验证码填写失败
2026-02-25 03:48:03,650 - INFO - 开始填写登录表单...
2026-02-25 03:48:03,710 - INFO - 用户名填写完成
2026-02-25 03:48:03,771 - INFO - 密码填写完成
2026-02-25 03:48:03,771 - INFO - 验证码图片已保存到 /home/runner/work/nju_electric_monitor/nju_electric_monitor/src/../data/captcha_debug.png
2026-02-25 03:48:03,771 - INFO - 验证码识别尝试 23/30
2026-02-25 03:48:03,772 - INFO - 开始识别验证码...（easyocr + pytesseract）
2026-02-25 03:48:03,873 - INFO - easyocr 结果: ['QV(0.08)']
2026-02-25 03:48:03,969 - INFO - tesseract 结果: QM2V
2026-02-25 03:48:04,033 - INFO - easyocr alt1 结果: ['RV(0.06)']
2026-02-25 03:48:04,132 - INFO - tesseract alt1 结果: CM2ZV
2026-02-25 03:48:04,197 - INFO - easyocr alt2 结果: ['RV(0.07)']
2026-02-25 03:48:04,293 - INFO - tesseract alt2 结果: CM2V
2026-02-25 03:48:04,459 - INFO - easyocr alt3 结果: ['(0.02)']
2026-02-25 03:48:04,568 - INFO - tesseract alt3 结果: QOM2V
2026-02-25 03:48:04,614 - INFO - easyocr alt4 结果: ['V(0.10)']
2026-02-25 03:48:04,713 - INFO - tesseract alt4 结果: QM2ZV
2026-02-25 03:48:04,779 - INFO - easyocr alt5 结果: ['4V(0.01)']
2026-02-25 03:48:04,877 - INFO - tesseract alt5 结果: OMeV
2026-02-25 03:48:04,877 - INFO - 最终验证码识别结果: QM2V (engine=tesseract, prob=0.5)
2026-02-25 03:48:04,877 - INFO - 查找验证码输入框...
2026-02-25 03:48:04,884 - ERROR - 未找到验证码输入框
2026-02-25 03:48:04,884 - WARNING - 验证码填写失败
2026-02-25 03:48:04,884 - INFO - 开始填写登录表单...
2026-02-25 03:48:04,944 - INFO - 用户名填写完成
2026-02-25 03:48:05,002 - INFO - 密码填写完成
2026-02-25 03:48:05,002 - INFO - 验证码图片已保存到 /home/runner/work/nju_electric_monitor/nju_electric_monitor/src/../data/captcha_debug.png
2026-02-25 03:48:05,002 - INFO - 验证码识别尝试 24/30
2026-02-25 03:48:05,002 - INFO - 开始识别验证码...（easyocr + pytesseract）
2026-02-25 03:48:05,096 - INFO - easyocr 结果: ['QV(0.08)']
2026-02-25 03:48:05,193 - INFO - tesseract 结果: QM2V
2026-02-25 03:48:05,258 - INFO - easyocr alt1 结果: ['RV(0.06)']
2026-02-25 03:48:05,352 - INFO - tesseract alt1 结果: CM2ZV
2026-02-25 03:48:05,415 - INFO - easyocr alt2 结果: ['RV(0.07)']
2026-02-25 03:48:05,508 - INFO - tesseract alt2 结果: CM2V
2026-02-25 03:48:05,670 - INFO - easyocr alt3 结果: ['(0.02)']
2026-02-25 03:48:05,777 - INFO - tesseract alt3 结果: QOM2V
2026-02-25 03:48:05,822 - INFO - easyocr alt4 结果: ['V(0.10)']
2026-02-25 03:48:05,917 - INFO - tesseract alt4 结果: QM2ZV
2026-02-25 03:48:05,981 - INFO - easyocr alt5 结果: ['4V(0.01)']
2026-02-25 03:48:06,081 - INFO - tesseract alt5 结果: OMeV
2026-02-25 03:48:06,082 - INFO - 最终验证码识别结果: QM2V (engine=tesseract, prob=0.5)
2026-02-25 03:48:06,082 - INFO - 查找验证码输入框...
2026-02-25 03:48:06,088 - ERROR - 未找到验证码输入框
2026-02-25 03:48:06,088 - WARNING - 验证码填写失败
2026-02-25 03:48:06,088 - INFO - 开始填写登录表单...
2026-02-25 03:48:06,148 - INFO - 用户名填写完成
2026-02-25 03:48:06,208 - INFO - 密码填写完成
2026-02-25 03:48:06,208 - INFO - 验证码图片已保存到 /home/runner/work/nju_electric_monitor/nju_electric_monitor/src/../data/captcha_debug.png
2026-02-25 03:48:06,208 - INFO - 验证码识别尝试 25/30
2026-02-25 03:48:06,208 - INFO - 开始识别验证码...（easyocr + pytesseract）
2026-02-25 03:48:06,302 - INFO - easyocr 结果: ['QV(0.08)']
2026-02-25 03:48:06,399 - INFO - tesseract 结果: QM2V
2026-02-25 03:48:06,463 - INFO - easyocr alt1 结果: ['RV(0.06)']
2026-02-25 03:48:06,559 - INFO - tesseract alt1 结果: CM2ZV
2026-02-25 03:48:06,623 - INFO - easyocr alt2 结果: ['RV(0.07)']
2026-02-25 03:48:06,718 - INFO - tesseract alt2 结果: CM2V
2026-02-25 03:48:06,882 - INFO - easyocr alt3 结果: ['(0.02)']
2026-02-25 03:48:06,989 - INFO - tesseract alt3 结果: QOM2V
2026-02-25 03:48:07,043 - INFO - easyocr alt4 结果: ['V(0.10)']
2026-02-25 03:48:07,138 - INFO - tesseract alt4 结果: QM2ZV
2026-02-25 03:48:07,202 - INFO - easyocr alt5 结果: ['4V(0.01)']
2026-02-25 03:48:07,303 - INFO - tesseract alt5 结果: OMeV
2026-02-25 03:48:07,303 - INFO - 最终验证码识别结果: QM2V (engine=tesseract, prob=0.5)
2026-02-25 03:48:07,303 - INFO - 查找验证码输入框...
2026-02-25 03:48:07,310 - ERROR - 未找到验证码输入框
2026-02-25 03:48:07,310 - WARNING - 验证码填写失败
2026-02-25 03:48:07,310 - INFO - 开始填写登录表单...
2026-02-25 03:48:07,369 - INFO - 用户名填写完成
2026-02-25 03:48:07,430 - INFO - 密码填写完成
2026-02-25 03:48:07,430 - INFO - 验证码图片已保存到 /home/runner/work/nju_electric_monitor/nju_electric_monitor/src/../data/captcha_debug.png
2026-02-25 03:48:07,430 - INFO - 验证码识别尝试 26/30
2026-02-25 03:48:07,430 - INFO - 开始识别验证码...（easyocr + pytesseract）
2026-02-25 03:48:07,535 - INFO - easyocr 结果: ['QV(0.08)']
2026-02-25 03:48:07,632 - INFO - tesseract 结果: QM2V
2026-02-25 03:48:07,697 - INFO - easyocr alt1 结果: ['RV(0.06)']
2026-02-25 03:48:07,792 - INFO - tesseract alt1 结果: CM2ZV
2026-02-25 03:48:07,855 - INFO - easyocr alt2 结果: ['RV(0.07)']
2026-02-25 03:48:07,949 - INFO - tesseract alt2 结果: CM2V
2026-02-25 03:48:08,113 - INFO - easyocr alt3 结果: ['(0.02)']
2026-02-25 03:48:08,218 - INFO - tesseract alt3 结果: QOM2V
2026-02-25 03:48:08,264 - INFO - easyocr alt4 结果: ['V(0.10)']
2026-02-25 03:48:08,357 - INFO - tesseract alt4 结果: QM2ZV
2026-02-25 03:48:08,422 - INFO - easyocr alt5 结果: ['4V(0.01)']
2026-02-25 03:48:08,521 - INFO - tesseract alt5 结果: OMeV
2026-02-25 03:48:08,521 - INFO - 最终验证码识别结果: QM2V (engine=tesseract, prob=0.5)
2026-02-25 03:48:08,521 - INFO - 查找验证码输入框...
2026-02-25 03:48:08,528 - ERROR - 未找到验证码输入框
2026-02-25 03:48:08,528 - WARNING - 验证码填写失败
2026-02-25 03:48:08,528 - INFO - 开始填写登录表单...
2026-02-25 03:48:08,590 - INFO - 用户名填写完成
2026-02-25 03:48:08,649 - INFO - 密码填写完成
2026-02-25 03:48:08,650 - INFO - 验证码图片已保存到 /home/runner/work/nju_electric_monitor/nju_electric_monitor/src/../data/captcha_debug.png
2026-02-25 03:48:08,650 - INFO - 验证码识别尝试 27/30
2026-02-25 03:48:08,650 - INFO - 开始识别验证码...（easyocr + pytesseract）
2026-02-25 03:48:08,753 - INFO - easyocr 结果: ['QV(0.08)']
2026-02-25 03:48:08,848 - INFO - tesseract 结果: QM2V
2026-02-25 03:48:08,912 - INFO - easyocr alt1 结果: ['RV(0.06)']
2026-02-25 03:48:09,009 - INFO - tesseract alt1 结果: CM2ZV
2026-02-25 03:48:09,073 - INFO - easyocr alt2 结果: ['RV(0.07)']
2026-02-25 03:48:09,173 - INFO - tesseract alt2 结果: CM2V
2026-02-25 03:48:09,337 - INFO - easyocr alt3 结果: ['(0.02)']
2026-02-25 03:48:09,446 - INFO - tesseract alt3 结果: QOM2V
2026-02-25 03:48:09,492 - INFO - easyocr alt4 结果: ['V(0.10)']
2026-02-25 03:48:09,588 - INFO - tesseract alt4 结果: QM2ZV
2026-02-25 03:48:09,652 - INFO - easyocr alt5 结果: ['4V(0.01)']
2026-02-25 03:48:09,751 - INFO - tesseract alt5 结果: OMeV
2026-02-25 03:48:09,751 - INFO - 最终验证码识别结果: QM2V (engine=tesseract, prob=0.5)
2026-02-25 03:48:09,751 - INFO - 查找验证码输入框...
2026-02-25 03:48:09,758 - ERROR - 未找到验证码输入框
2026-02-25 03:48:09,758 - WARNING - 验证码填写失败
2026-02-25 03:48:09,758 - INFO - 开始填写登录表单...
2026-02-25 03:48:09,817 - INFO - 用户名填写完成
2026-02-25 03:48:09,876 - INFO - 密码填写完成
2026-02-25 03:48:09,877 - INFO - 验证码图片已保存到 /home/runner/work/nju_electric_monitor/nju_electric_monitor/src/../data/captcha_debug.png
2026-02-25 03:48:09,877 - INFO - 验证码识别尝试 28/30
2026-02-25 03:48:09,877 - INFO - 开始识别验证码...（easyocr + pytesseract）
2026-02-25 03:48:09,970 - INFO - easyocr 结果: ['QV(0.08)']
2026-02-25 03:48:10,065 - INFO - tesseract 结果: QM2V
2026-02-25 03:48:10,129 - INFO - easyocr alt1 结果: ['RV(0.06)']
2026-02-25 03:48:10,225 - INFO - tesseract alt1 结果: CM2ZV
2026-02-25 03:48:10,288 - INFO - easyocr alt2 结果: ['RV(0.07)']
2026-02-25 03:48:10,384 - INFO - tesseract alt2 结果: CM2V
2026-02-25 03:48:10,546 - INFO - easyocr alt3 结果: ['(0.02)']
2026-02-25 03:48:10,650 - INFO - tesseract alt3 结果: QOM2V
2026-02-25 03:48:10,695 - INFO - easyocr alt4 结果: ['V(0.10)']
2026-02-25 03:48:10,789 - INFO - tesseract alt4 结果: QM2ZV
2026-02-25 03:48:10,852 - INFO - easyocr alt5 结果: ['4V(0.01)']
2026-02-25 03:48:10,955 - INFO - tesseract alt5 结果: OMeV
2026-02-25 03:48:10,956 - INFO - 最终验证码识别结果: QM2V (engine=tesseract, prob=0.5)
2026-02-25 03:48:10,956 - INFO - 查找验证码输入框...
2026-02-25 03:48:10,963 - ERROR - 未找到验证码输入框
2026-02-25 03:48:10,963 - WARNING - 验证码填写失败
2026-02-25 03:48:10,963 - INFO - 开始填写登录表单...
2026-02-25 03:48:11,021 - INFO - 用户名填写完成
2026-02-25 03:48:11,081 - INFO - 密码填写完成
2026-02-25 03:48:11,082 - INFO - 验证码图片已保存到 /home/runner/work/nju_electric_monitor/nju_electric_monitor/src/../data/captcha_debug.png
2026-02-25 03:48:11,082 - INFO - 验证码识别尝试 29/30
2026-02-25 03:48:11,082 - INFO - 开始识别验证码...（easyocr + pytesseract）
2026-02-25 03:48:11,174 - INFO - easyocr 结果: ['QV(0.08)']
2026-02-25 03:48:11,270 - INFO - tesseract 结果: QM2V
2026-02-25 03:48:11,335 - INFO - easyocr alt1 结果: ['RV(0.06)']
2026-02-25 03:48:11,430 - INFO - tesseract alt1 结果: CM2ZV
2026-02-25 03:48:11,504 - INFO - easyocr alt2 结果: ['RV(0.07)']
2026-02-25 03:48:11,604 - INFO - tesseract alt2 结果: CM2V
2026-02-25 03:48:11,767 - INFO - easyocr alt3 结果: ['(0.02)']
2026-02-25 03:48:11,872 - INFO - tesseract alt3 结果: QOM2V
2026-02-25 03:48:11,917 - INFO - easyocr alt4 结果: ['V(0.10)']
2026-02-25 03:48:12,014 - INFO - tesseract alt4 结果: QM2ZV
2026-02-25 03:48:12,078 - INFO - easyocr alt5 结果: ['4V(0.01)']
2026-02-25 03:48:12,178 - INFO - tesseract alt5 结果: OMeV
2026-02-25 03:48:12,178 - INFO - 最终验证码识别结果: QM2V (engine=tesseract, prob=0.5)
2026-02-25 03:48:12,179 - INFO - 查找验证码输入框...
2026-02-25 03:48:12,185 - ERROR - 未找到验证码输入框
2026-02-25 03:48:12,185 - WARNING - 验证码填写失败
2026-02-25 03:48:12,185 - INFO - 开始填写登录表单...
2026-02-25 03:48:12,244 - INFO - 用户名填写完成
2026-02-25 03:48:12,305 - INFO - 密码填写完成
2026-02-25 03:48:12,306 - INFO - 验证码图片已保存到 /home/runner/work/nju_electric_monitor/nju_electric_monitor/src/../data/captcha_debug.png
2026-02-25 03:48:12,306 - INFO - 验证码识别尝试 30/30
2026-02-25 03:48:12,306 - INFO - 开始识别验证码...（easyocr + pytesseract）
2026-02-25 03:48:12,399 - INFO - easyocr 结果: ['QV(0.08)']
2026-02-25 03:48:12,493 - INFO - tesseract 结果: QM2V
2026-02-25 03:48:12,557 - INFO - easyocr alt1 结果: ['RV(0.06)']
2026-02-25 03:48:12,650 - INFO - tesseract alt1 结果: CM2ZV
2026-02-25 03:48:12,713 - INFO - easyocr alt2 结果: ['RV(0.07)']
2026-02-25 03:48:12,809 - INFO - tesseract alt2 结果: CM2V
2026-02-25 03:48:12,980 - INFO - easyocr alt3 结果: ['(0.02)']
2026-02-25 03:48:13,092 - INFO - tesseract alt3 结果: QOM2V
2026-02-25 03:48:13,137 - INFO - easyocr alt4 结果: ['V(0.10)']
2026-02-25 03:48:13,234 - INFO - tesseract alt4 结果: QM2ZV
2026-02-25 03:48:13,299 - INFO - easyocr alt5 结果: ['4V(0.01)']
2026-02-25 03:48:13,398 - INFO - tesseract alt5 结果: OMeV
2026-02-25 03:48:13,398 - INFO - 最终验证码识别结果: QM2V (engine=tesseract, prob=0.5)
2026-02-25 03:48:13,398 - INFO - 查找验证码输入框...
2026-02-25 03:48:13,405 - ERROR - 未找到验证码输入框
2026-02-25 03:48:13,405 - WARNING - 验证码填写失败
2026-02-25 03:48:13,405 - WARNING - 自动验证码识别失败，请手动输入
请手动输入验证码: 2026-02-25 03:48:13,405 - ERROR - 处理验证码时出错: EOF when reading a line
2026-02-25 03:48:13,405 - WARNING - 验证码处理失败，但继续尝试登录
2026-02-25 03:48:13,405 - INFO - 查找并点击登录按钮...
2026-02-25 03:48:13,413 - ERROR - 未找到登录按钮
2026-02-25 03:48:13,414 - ERROR - 点击登录按钮失败
2026-02-25 03:48:13,414 - INFO - 等待登录成功...
2026-02-25 03:48:18,418 - INFO - 登录可能成功，继续下一步...
2026-02-25 03:48:18,418 - INFO - 查找'去充值'按钮...
2026-02-25 03:48:18,427 - ERROR - 未找到'去充值'按钮
2026-02-25 03:48:18,427 - WARNING - 点击充值按钮失败，尝试直接提取数据
2026-02-25 03:48:18,427 - INFO - 开始提取剩余电量信息...
2026-02-25 03:48:18,435 - INFO - 页面源码已保存到 /home/runner/work/nju_electric_monitor/nju_electric_monitor/src/../data/debug_page_source.html
2026-02-25 03:48:18,444 - WARNING - 未找到电量信息元素，尝试其他方法...
2026-02-25 03:48:18,452 - WARNING - 未找到i标签中的电量信息，尝试其他方法...
2026-02-25 03:48:18,461 - INFO - 在页面源码中查找电量信息...
2026-02-25 03:48:18,472 - WARNING - 未能提取到剩余电量信息
2026-02-25 03:48:18,472 - WARNING - 没有电量数据可保存
2026-02-25 03:48:18,472 - INFO - 监控流程完成
Wrapper end: 2026-02-25T11:48:18.552507+08:00
