Wrapper start: 2026-02-28T22:08:40.158271+08:00

=== ENVIRONMENT SUMMARY ===
Environment variable keys (count=121):
- ACCEPT_EULA
- ACTIONS_ORCHESTRATION_ID
- ACTIONS_RUNNER_ACTION_ARCHIVE_CACHE
- AGENT_TOOLSDIRECTORY
- ANDROID_HOME
- ANDROID_NDK
- ANDROID_NDK_HOME
- ANDROID_NDK_LATEST_HOME
- ANDROID_NDK_ROOT
- ANDROID_SDK_ROOT
NJU_USERNAME set: yes
NJU_PASSWORD set: yes

=== DISK USAGE (df -h) ===
Filesystem      Size  Used Avail Use% Mounted on
/dev/root       145G   56G   89G  39% /
tmpfs           7.9G   84K  7.9G   1% /dev/shm
tmpfs           3.2G  2.6M  3.2G   1% /run
tmpfs           5.0M     0  5.0M   0% /run/lock
efivarfs        128M   26K  128M   1% /sys/firmware/efi/efivars
/dev/sda16      881M   63M  757M   8% /boot
/dev/sda15      105M  6.2M   99M   6% /boot/efi
tmpfs           1.6G   12K  1.6G   1% /run/user/1001


=== KEY DIR SIZES ===
23M	/home/runner/work/nju_electric_monitor/nju_electric_monitor/src/../logs

352K	/home/runner/work/nju_electric_monitor/nju_electric_monitor/src/../data

101M	/home/runner/work/nju_electric_monitor/nju_electric_monitor/src/../models


=== CONFIG_WORKFLOW SUMMARY ===
{
  "username": "",
  "password": "",
  "auto_login": true,
  "headless_mode": true,
  "captcha_retry_count": 30,
  "captcha_confidence_threshold": 0.3,
  "save_captcha_images": true,
  "log_level": "INFO"
}

=== FONT DIAGNOSTICS ===
Found system fonts (ttf) count: 59
- /usr/share/fonts/truetype/lato/Lato-BlackItalic.ttf
- /usr/share/fonts/truetype/dejavu/DejaVuSans-Bold.ttf
- /usr/share/fonts/truetype/dejavu/DejaVuSerif.ttf
- /usr/share/fonts/truetype/liberation/LiberationMono-Bold.ttf
- /usr/share/fonts/truetype/dejavu/DejaVuSansCondensed.ttf
- /usr/share/fonts/opentype/noto/NotoSerifCJK-Bold.ttc
- /usr/share/fonts/truetype/lato/Lato-Bold.ttf
- /usr/share/fonts/truetype/liberation/LiberationSerif-Italic.ttf
- /usr/share/fonts/truetype/dejavu/DejaVuSans.ttf
- /usr/share/fonts/truetype/dejavu/DejaVuSans-BoldOblique.ttf
- /usr/share/fonts/truetype/liberation/LiberationSans-Bold.ttf
- /usr/share/fonts/truetype/dejavu/DejaVuSerif-BoldItalic.ttf
- /usr/share/fonts/truetype/dejavu/DejaVuSerif-Bold.ttf
- /usr/share/fonts/truetype/dejavu/DejaVuSerifCondensed-Italic.ttf
- /usr/share/fonts/opentype/noto/NotoSansCJK-Bold.ttc
- /usr/share/fonts/truetype/lato/Lato-SemiboldItalic.ttf
- /usr/share/fonts/truetype/lato/Lato-Semibold.ttf
- /usr/share/fonts/truetype/lato/Lato-Black.ttf
- /usr/share/fonts/truetype/dejavu/DejaVuMathTeXGyre.ttf
- /usr/share/fonts/truetype/wqy/wqy-microhei.ttc
- /usr/share/fonts/truetype/liberation/LiberationSerif-BoldItalic.ttf
- /usr/share/fonts/truetype/lato/Lato-BoldItalic.ttf
- /usr/share/fonts/truetype/dejavu/DejaVuSerifCondensed.ttf
- /usr/share/fonts/truetype/lato/Lato-Light.ttf
- /usr/share/fonts/truetype/liberation/LiberationSans-Regular.ttf
- /usr/share/fonts/truetype/lato/Lato-Heavy.ttf
- /usr/share/fonts/truetype/liberation/LiberationMono-BoldItalic.ttf
- /usr/share/fonts/truetype/dejavu/DejaVuSerifCondensed-BoldItalic.ttf
- /usr/share/fonts/truetype/dejavu/DejaVuSansMono-Oblique.ttf
- /usr/share/fonts/truetype/liberation/LiberationSerif-Regular.ttf
- /usr/share/fonts/truetype/lato/Lato-MediumItalic.ttf
- /usr/share/fonts/truetype/lato/Lato-HairlineItalic.ttf
- /usr/share/fonts/truetype/lato/Lato-HeavyItalic.ttf
- /usr/share/fonts/truetype/dejavu/DejaVuSansMono-Bold.ttf
- /usr/share/fonts/truetype/dejavu/DejaVuSansMono.ttf
- /usr/share/fonts/truetype/dejavu/DejaVuSansCondensed-Oblique.ttf
- /usr/share/fonts/truetype/dejavu/DejaVuSansCondensed-Bold.ttf
- /usr/share/fonts/truetype/liberation/LiberationMono-Regular.ttf
- /usr/share/fonts/truetype/lato/Lato-Hairline.ttf
- /usr/share/fonts/truetype/dejavu/DejaVuSansCondensed-BoldOblique.ttf
- /usr/share/fonts/truetype/dejavu/DejaVuSans-Oblique.ttf
- /usr/share/fonts/truetype/lato/Lato-LightItalic.ttf
- /usr/share/fonts/truetype/dejavu/DejaVuSansMono-BoldOblique.ttf
- /usr/share/fonts/truetype/lato/Lato-Italic.ttf
- /usr/share/fonts/truetype/dejavu/DejaVuSerifCondensed-Bold.ttf
- /usr/share/fonts/truetype/lato/Lato-ThinItalic.ttf
- /usr/share/fonts/truetype/dejavu/DejaVuSerif-Italic.ttf
- /usr/share/fonts/truetype/lato/Lato-Thin.ttf
- /usr/share/fonts/truetype/liberation/LiberationSans-Italic.ttf
- /usr/share/fonts/opentype/noto/NotoSerifCJK-Regular.ttc

FontManager samples (name -> path):
DejaVu Sans Mono -> /opt/hostedtoolcache/Python/3.11.14/x64/lib/python3.11/site-packages/matplotlib/mpl-data/fonts/ttf/DejaVuSansMono-Bold.ttf
STIXGeneral -> /opt/hostedtoolcache/Python/3.11.14/x64/lib/python3.11/site-packages/matplotlib/mpl-data/fonts/ttf/STIXGeneralItalic.ttf
STIXSizeFourSym -> /opt/hostedtoolcache/Python/3.11.14/x64/lib/python3.11/site-packages/matplotlib/mpl-data/fonts/ttf/STIXSizFourSymBol.ttf
STIXSizeTwoSym -> /opt/hostedtoolcache/Python/3.11.14/x64/lib/python3.11/site-packages/matplotlib/mpl-data/fonts/ttf/STIXSizTwoSymBol.ttf
DejaVu Serif -> /opt/hostedtoolcache/Python/3.11.14/x64/lib/python3.11/site-packages/matplotlib/mpl-data/fonts/ttf/DejaVuSerif.ttf
STIXSizeOneSym -> /opt/hostedtoolcache/Python/3.11.14/x64/lib/python3.11/site-packages/matplotlib/mpl-data/fonts/ttf/STIXSizOneSymBol.ttf
DejaVu Serif Display -> /opt/hostedtoolcache/Python/3.11.14/x64/lib/python3.11/site-packages/matplotlib/mpl-data/fonts/ttf/DejaVuSerifDisplay.ttf
STIXNonUnicode -> /opt/hostedtoolcache/Python/3.11.14/x64/lib/python3.11/site-packages/matplotlib/mpl-data/fonts/ttf/STIXNonUniBol.ttf
cmsy10 -> /opt/hostedtoolcache/Python/3.11.14/x64/lib/python3.11/site-packages/matplotlib/mpl-data/fonts/ttf/cmsy10.ttf
DejaVu Sans Mono -> /opt/hostedtoolcache/Python/3.11.14/x64/lib/python3.11/site-packages/matplotlib/mpl-data/fonts/ttf/DejaVuSansMono-Oblique.ttf
STIXNonUnicode -> /opt/hostedtoolcache/Python/3.11.14/x64/lib/python3.11/site-packages/matplotlib/mpl-data/fonts/ttf/STIXNonUniIta.ttf
DejaVu Serif -> /opt/hostedtoolcache/Python/3.11.14/x64/lib/python3.11/site-packages/matplotlib/mpl-data/fonts/ttf/DejaVuSerif-Italic.ttf
DejaVu Serif -> /opt/hostedtoolcache/Python/3.11.14/x64/lib/python3.11/site-packages/matplotlib/mpl-data/fonts/ttf/DejaVuSerif-BoldItalic.ttf
STIXSizeFourSym -> /opt/hostedtoolcache/Python/3.11.14/x64/lib/python3.11/site-packages/matplotlib/mpl-data/fonts/ttf/STIXSizFourSymReg.ttf
cmtt10 -> /opt/hostedtoolcache/Python/3.11.14/x64/lib/python3.11/site-packages/matplotlib/mpl-data/fonts/ttf/cmtt10.ttf
STIXSizeFiveSym -> /opt/hostedtoolcache/Python/3.11.14/x64/lib/python3.11/site-packages/matplotlib/mpl-data/fonts/ttf/STIXSizFiveSymReg.ttf
STIXGeneral -> /opt/hostedtoolcache/Python/3.11.14/x64/lib/python3.11/site-packages/matplotlib/mpl-data/fonts/ttf/STIXGeneral.ttf
STIXSizeThreeSym -> /opt/hostedtoolcache/Python/3.11.14/x64/lib/python3.11/site-packages/matplotlib/mpl-data/fonts/ttf/STIXSizThreeSymReg.ttf
DejaVu Sans Mono -> /opt/hostedtoolcache/Python/3.11.14/x64/lib/python3.11/site-packages/matplotlib/mpl-data/fonts/ttf/DejaVuSansMono-BoldOblique.ttf
DejaVu Sans Display -> /opt/hostedtoolcache/Python/3.11.14/x64/lib/python3.11/site-packages/matplotlib/mpl-data/fonts/ttf/DejaVuSansDisplay.ttf
cmr10 -> /opt/hostedtoolcache/Python/3.11.14/x64/lib/python3.11/site-packages/matplotlib/mpl-data/fonts/ttf/cmr10.ttf
DejaVu Sans -> /opt/hostedtoolcache/Python/3.11.14/x64/lib/python3.11/site-packages/matplotlib/mpl-data/fonts/ttf/DejaVuSans-Bold.ttf
STIXSizeTwoSym -> /opt/hostedtoolcache/Python/3.11.14/x64/lib/python3.11/site-packages/matplotlib/mpl-data/fonts/ttf/STIXSizTwoSymReg.ttf
STIXGeneral -> /opt/hostedtoolcache/Python/3.11.14/x64/lib/python3.11/site-packages/matplotlib/mpl-data/fonts/ttf/STIXGeneralBol.ttf
cmb10 -> /opt/hostedtoolcache/Python/3.11.14/x64/lib/python3.11/site-packages/matplotlib/mpl-data/fonts/ttf/cmb10.ttf
STIXSizeThreeSym -> /opt/hostedtoolcache/Python/3.11.14/x64/lib/python3.11/site-packages/matplotlib/mpl-data/fonts/ttf/STIXSizThreeSymBol.ttf
cmss10 -> /opt/hostedtoolcache/Python/3.11.14/x64/lib/python3.11/site-packages/matplotlib/mpl-data/fonts/ttf/cmss10.ttf
STIXNonUnicode -> /opt/hostedtoolcache/Python/3.11.14/x64/lib/python3.11/site-packages/matplotlib/mpl-data/fonts/ttf/STIXNonUni.ttf
DejaVu Sans -> /opt/hostedtoolcache/Python/3.11.14/x64/lib/python3.11/site-packages/matplotlib/mpl-data/fonts/ttf/DejaVuSans.ttf
DejaVu Sans -> /opt/hostedtoolcache/Python/3.11.14/x64/lib/python3.11/site-packages/matplotlib/mpl-data/fonts/ttf/DejaVuSans-BoldOblique.ttf
STIXSizeOneSym -> /opt/hostedtoolcache/Python/3.11.14/x64/lib/python3.11/site-packages/matplotlib/mpl-data/fonts/ttf/STIXSizOneSymReg.ttf
cmex10 -> /opt/hostedtoolcache/Python/3.11.14/x64/lib/python3.11/site-packages/matplotlib/mpl-data/fonts/ttf/cmex10.ttf
STIXNonUnicode -> /opt/hostedtoolcache/Python/3.11.14/x64/lib/python3.11/site-packages/matplotlib/mpl-data/fonts/ttf/STIXNonUniBolIta.ttf
cmmi10 -> /opt/hostedtoolcache/Python/3.11.14/x64/lib/python3.11/site-packages/matplotlib/mpl-data/fonts/ttf/cmmi10.ttf
DejaVu Sans Mono -> /opt/hostedtoolcache/Python/3.11.14/x64/lib/python3.11/site-packages/matplotlib/mpl-data/fonts/ttf/DejaVuSansMono.ttf
DejaVu Serif -> /opt/hostedtoolcache/Python/3.11.14/x64/lib/python3.11/site-packages/matplotlib/mpl-data/fonts/ttf/DejaVuSerif-Bold.ttf
STIXGeneral -> /opt/hostedtoolcache/Python/3.11.14/x64/lib/python3.11/site-packages/matplotlib/mpl-data/fonts/ttf/STIXGeneralBolIta.ttf
DejaVu Sans -> /opt/hostedtoolcache/Python/3.11.14/x64/lib/python3.11/site-packages/matplotlib/mpl-data/fonts/ttf/DejaVuSans-Oblique.ttf
Lato -> /usr/share/fonts/truetype/lato/Lato-BlackItalic.ttf
DejaVu Sans -> /usr/share/fonts/truetype/dejavu/DejaVuSans-Bold.ttf
DejaVu Serif -> /usr/share/fonts/truetype/dejavu/DejaVuSerif.ttf
Liberation Mono -> /usr/share/fonts/truetype/liberation/LiberationMono-Bold.ttf
DejaVu Sans -> /usr/share/fonts/truetype/dejavu/DejaVuSansCondensed.ttf
Noto Serif CJK JP -> /usr/share/fonts/opentype/noto/NotoSerifCJK-Bold.ttc
Lato -> /usr/share/fonts/truetype/lato/Lato-Bold.ttf
Liberation Serif -> /usr/share/fonts/truetype/liberation/LiberationSerif-Italic.ttf
DejaVu Sans -> /usr/share/fonts/truetype/dejavu/DejaVuSans.ttf
DejaVu Sans -> /usr/share/fonts/truetype/dejavu/DejaVuSans-BoldOblique.ttf
Liberation Sans -> /usr/share/fonts/truetype/liberation/LiberationSans-Bold.ttf
DejaVu Serif -> /usr/share/fonts/truetype/dejavu/DejaVuSerif-BoldItalic.ttf

Preferred font find results:
findfont('Microsoft YaHei') failed: Failed to find font Microsoft YaHei:style=normal:variant=normal:weight=normal:stretch=normal:size=10.0, and fallback to the default font was disabled
findfont('Segoe UI') failed: Failed to find font Segoe UI:style=normal:variant=normal:weight=normal:stretch=normal:size=10.0, and fallback to the default font was disabled
findfont('Arial Unicode MS') failed: Failed to find font Arial Unicode MS:style=normal:variant=normal:weight=normal:stretch=normal:size=10.0, and fallback to the default font was disabled
findfont('Noto Sans CJK SC') failed: Failed to find font Noto Sans CJK SC:style=normal:variant=normal:weight=normal:stretch=normal:size=10.0, and fallback to the default font was disabled
findfont('WenQuanYi Micro Hei') -> /usr/share/fonts/truetype/wqy/wqy-microhei.ttc
findfont('WenQuanYi Zen Hei') -> /usr/share/fonts/truetype/wqy/wqy-zenhei.ttc
findfont('DejaVu Sans') -> /opt/hostedtoolcache/Python/3.11.14/x64/lib/python3.11/site-packages/matplotlib/mpl-data/fonts/ttf/DejaVuSans.ttf

fc-list output sample (truncated to 10000 chars):
Liberation Mono - /usr/share/fonts/truetype/liberation/LiberationMono-Bold.ttf
Liberation Serif - /usr/share/fonts/truetype/liberation/LiberationSerif-BoldItalic.ttf
Lato,Lato Hairline - /usr/share/fonts/truetype/lato/Lato-Hairline.ttf
Lato,Lato Heavy - /usr/share/fonts/truetype/lato/Lato-Heavy.ttf
DejaVu Serif,DejaVu Serif Condensed - /usr/share/fonts/truetype/dejavu/DejaVuSerifCondensed-Italic.ttf
Lato,Lato Medium - /usr/share/fonts/truetype/lato/Lato-Medium.ttf
Lato,Lato Light - /usr/share/fonts/truetype/lato/Lato-LightItalic.ttf
WenQuanYi Zen Hei Sharp,文泉驛點陣正黑,文泉驿点阵正黑 - /usr/share/fonts/truetype/wqy/wqy-zenhei.ttc
WenQuanYi Micro Hei Mono,文泉驛等寬微米黑,文泉驿等宽微米黑 - /usr/share/fonts/truetype/wqy/wqy-microhei.ttc
Noto Sans Mono CJK KR - /usr/share/fonts/opentype/noto/NotoSansCJK-Bold.ttc
DejaVu Serif - /usr/share/fonts/truetype/dejavu/DejaVuSerif-Bold.ttf
Noto Sans Mono CJK JP - /usr/share/fonts/opentype/noto/NotoSansCJK-Bold.ttc
Noto Sans Mono CJK HK - /usr/share/fonts/opentype/noto/NotoSansCJK-Bold.ttc
Noto Serif CJK SC - /usr/share/fonts/opentype/noto/NotoSerifCJK-Regular.ttc
DejaVu Math TeX Gyre - /usr/share/fonts/truetype/dejavu/DejaVuMathTeXGyre.ttf
Liberation Sans - /usr/share/fonts/truetype/liberation/LiberationSans-Regular.ttf
Lato - /usr/share/fonts/truetype/lato/Lato-Italic.ttf
Liberation Sans - /usr/share/fonts/truetype/liberation/LiberationSans-Bold.ttf
Noto Serif CJK TC - /usr/share/fonts/opentype/noto/NotoSerifCJK-Regular.ttc
Noto Sans Mono CJK SC - /usr/share/fonts/opentype/noto/NotoSansCJK-Bold.ttc
Liberation Mono - /usr/share/fonts/truetype/liberation/LiberationMono-Italic.ttf
Noto Sans Mono CJK TC - /usr/share/fonts/opentype/noto/NotoSansCJK-Bold.ttc
DejaVu Sans,DejaVu Sans Condensed - /usr/share/fonts/truetype/dejavu/DejaVuSansCondensed.ttf
DejaVu Serif,DejaVu Serif Condensed - /usr/share/fonts/truetype/dejavu/DejaVuSerifCondensed.ttf
Liberation Serif - /usr/share/fonts/truetype/liberation/LiberationSerif-Italic.ttf
Lato,Lato Heavy - /usr/share/fonts/truetype/lato/Lato-HeavyItalic.ttf
Lato - /usr/share/fonts/truetype/lato/Lato-BoldItalic.ttf
Noto Serif CJK JP - /usr/share/fonts/opentype/noto/NotoSerifCJK-Regular.ttc
Lato,Lato Medium - /usr/share/fonts/truetype/lato/Lato-MediumItalic.ttf
Noto Serif CJK HK - /usr/share/fonts/opentype/noto/NotoSerifCJK-Regular.ttc
DejaVu Serif - /usr/share/fonts/truetype/dejavu/DejaVuSerif-Italic.ttf
DejaVu Sans - /usr/share/fonts/truetype/dejavu/DejaVuSans.ttf
Noto Serif CJK KR - /usr/share/fonts/opentype/noto/NotoSerifCJK-Regular.ttc
Lato,Lato Semibold - /usr/share/fonts/truetype/lato/Lato-SemiboldItalic.ttf
Lato,Lato Thin - /usr/share/fonts/truetype/lato/Lato-ThinItalic.ttf
DejaVu Sans,DejaVu Sans Condensed - /usr/share/fonts/truetype/dejavu/DejaVuSansCondensed-BoldOblique.ttf
Noto Sans CJK JP - /usr/share/fonts/opentype/noto/NotoSansCJK-Regular.ttc
Liberation Sans - /usr/share/fonts/truetype/liberation/LiberationSans-Italic.ttf
Noto Sans CJK HK - /usr/share/fonts/opentype/noto/NotoSansCJK-Regular.ttc
Lato,Lato Black - /usr/share/fonts/truetype/lato/Lato-BlackItalic.ttf
Lato,Lato Thin - /usr/share/fonts/truetype/lato/Lato-Thin.ttf
DejaVu Sans,DejaVu Sans Condensed - /usr/share/fonts/truetype/dejavu/DejaVuSansCondensed-Oblique.ttf
Noto Sans CJK KR - /usr/share/fonts/opentype/noto/NotoSansCJK-Regular.ttc
Lato,Lato Light - /usr/share/fonts/truetype/lato/Lato-Light.ttf
Noto Sans CJK TC - /usr/share/fonts/opentype/noto/NotoSansCJK-Regular.ttc
DejaVu Sans,DejaVu Sans Condensed - /usr/share/fonts/truetype/dejavu/DejaVuSansCondensed-Bold.ttf
DejaVu Sans Mono - /usr/share/fonts/truetype/dejavu/DejaVuSansMono-Oblique.ttf
Lato,Lato Hairline - /usr/share/fonts/truetype/lato/Lato-HairlineItalic.ttf
Noto Sans CJK SC - /usr/share/fonts/opentype/noto/NotoSansCJK-Regular.ttc
WenQuanYi Zen Hei,文泉驛正黑,文泉驿正黑 - /usr/share/fonts/truetype/wqy/wqy-zenhei.ttc
Lato,Lato Black - /usr/share/fonts/truetype/lato/Lato-Black.ttf
Lato - /usr/share/fonts/truetype/lato/Lato-Regular.ttf
DejaVu Sans - /usr/share/fonts/truetype/dejavu/DejaVuSans-BoldOblique.ttf
Liberation Mono - /usr/share/fonts/truetype/liberation/LiberationMono-BoldItalic.ttf
Noto Sans Mono CJK KR - /usr/share/fonts/opentype/noto/NotoSansCJK-Regular.ttc
Liberation Mono - /usr/share/fonts/truetype/liberation/LiberationMono-Regular.ttf
Noto Sans Mono CJK HK - /usr/share/fonts/opentype/noto/NotoSansCJK-Regular.ttc
DejaVu Sans,DejaVu Sans Light - /usr/share/fonts/truetype/dejavu/DejaVuSans-ExtraLight.ttf
DejaVu Serif - /usr/share/fonts/truetype/dejavu/DejaVuSerif.ttf
Noto Sans Mono CJK JP - /usr/share/fonts/opentype/noto/NotoSansCJK-Regular.ttc
Noto Serif CJK JP - /usr/share/fonts/opentype/noto/NotoSerifCJK-Bold.ttc
Noto Serif CJK HK - /usr/share/fonts/opentype/noto/NotoSerifCJK-Bold.ttc
Noto Serif CJK KR - /usr/share/fonts/opentype/noto/NotoSerifCJK-Bold.ttc
Noto Serif CJK TC - /usr/share/fonts/opentype/noto/NotoSerifCJK-Bold.ttc
Lato - /usr/share/fonts/truetype/lato/Lato-Bold.ttf
Noto Sans CJK SC - /usr/share/fonts/opentype/noto/NotoSansCJK-Bold.ttc
Noto Sans Mono CJK TC - /usr/share/fonts/opentype/noto/NotoSansCJK-Regular.ttc
Noto Sans CJK TC - /usr/share/fonts/opentype/noto/NotoSansCJK-Bold.ttc
Noto Serif CJK SC - /usr/share/fonts/opentype/noto/NotoSerifCJK-Bold.ttc
DejaVu Sans Mono - /usr/share/fonts/truetype/dejavu/DejaVuSansMono-Bold.ttf
DejaVu Serif - /usr/share/fonts/truetype/dejavu/DejaVuSerif-BoldItalic.ttf
WenQuanYi Zen Hei Mono,文泉驛等寬正黑,文泉驿等宽正黑 - /usr/share/fonts/truetype/wqy/wqy-zenhei.ttc
DejaVu Sans Mono - /usr/share/fonts/truetype/dejavu/DejaVuSansMono.ttf
Noto Sans CJK JP - /usr/share/fonts/opentype/noto/NotoSansCJK-Bold.ttc
Noto Sans CJK HK - /usr/share/fonts/opentype/noto/NotoSansCJK-Bold.ttc
Noto Sans CJK KR - /usr/share/fonts/opentype/noto/NotoSansCJK-Bold.ttc
WenQuanYi Micro Hei,文泉驛微米黑,文泉驿微米黑 - /usr/share/fonts/truetype/wqy/wqy-microhei.ttc
Noto Sans Mono CJK SC - /usr/share/fonts/opentype/noto/NotoSansCJK-Regular.ttc
Noto Color Emoji - /usr/share/fonts/truetype/noto/NotoColorEmoji.ttf
DejaVu Sans Mono - /usr/share/fonts/truetype/dejavu/DejaVuSansMono-BoldOblique.ttf
Liberation Sans - /usr/share/fonts/truetype/liberation/LiberationSans-BoldItalic.ttf
Liberation Serif - /usr/share/fonts/truetype/liberation/LiberationSerif-Regular.ttf
Lato,Lato Semibold - /usr/share/fonts/truetype/lato/Lato-Semibold.ttf
DejaVu Sans - /usr/share/fonts/truetype/dejavu/DejaVuSans-Oblique.ttf
DejaVu Serif,DejaVu Serif Condensed - /usr/share/fonts/truetype/dejavu/DejaVuSerifCondensed-Bold.ttf
DejaVu Sans - /usr/share/fonts/truetype/dejavu/DejaVuSans-Bold.ttf
Liberation Serif - /usr/share/fonts/truetype/liberation/LiberationSerif-Bold.ttf
DejaVu Serif,DejaVu Serif Condensed - /usr/share/fonts/truetype/dejavu/DejaVuSerifCondensed-BoldItalic.ttf

Running workflow script: /home/runner/work/nju_electric_monitor/nju_electric_monitor/src/nju_electric_monitor_workflow.py
[0;93m2026-02-28 14:08:40.918773052 [W:onnxruntime:Default, device_discovery.cc:131 GetPciBusId] Skipping pci_bus_id for PCI path at "/sys/devices/LNXSYSTM:00/LNXSYBUS:00/ACPI0004:00/VMBUS:00/5620e0c7-8062-4dce-aeb7-520c7ef76171" because filename ""5620e0c7-8062-4dce-aeb7-520c7ef76171"" dit not match expected pattern of [0-9a-f]+:[0-9a-f]+:[0-9a-f]+[.][0-9a-f]+[m
2026-02-28 14:08:41,559 - INFO - Matplotlib 字体设置：使用回退字体列表，首选可用字体: Noto Sans CJK JP
2026-02-28 14:08:42,817 - INFO - 使用 ChromeDriver: /usr/bin/chromedriver
2026-02-28 14:08:42,876 - INFO - ddddocr 识别器初始化成功
2026-02-28 14:08:42,876 - INFO - 开始南京大学电费监控流程（自动无头模式）
2026-02-28 14:08:42,876 - INFO - 正在打开页面: https://epay.nju.edu.cn/epay/h5/nju/electric/index
2026-02-28 14:08:51,423 - INFO - 等待登录表单加载...
2026-02-28 14:08:51,745 - INFO - 登录表单已加载
2026-02-28 14:08:51,745 - INFO - 开始填写登录表单...
2026-02-28 14:08:51,834 - INFO - 用户名填写完成
2026-02-28 14:08:51,907 - INFO - 密码填写完成
2026-02-28 14:08:51,907 - INFO - 检查是否有验证码...
2026-02-28 14:08:51,907 - INFO - 查找验证码图片...
2026-02-28 14:08:51,927 - INFO - 找到验证码图片，开始截图...
2026-02-28 14:08:52,008 - INFO - 验证码图片截取成功
2026-02-28 14:08:52,008 - INFO - 开始填写登录表单...
2026-02-28 14:08:52,077 - INFO - 用户名填写完成
2026-02-28 14:08:52,140 - INFO - 密码填写完成
2026-02-28 14:08:52,141 - INFO - 验证码图片已保存到 /home/runner/work/nju_electric_monitor/nju_electric_monitor/src/../data/captcha_debug.png
2026-02-28 14:08:52,141 - INFO - 验证码识别尝试 1/30
2026-02-28 14:08:52,141 - INFO - 开始使用 ddddocr 识别验证码...
2026-02-28 14:08:52,155 - INFO - ddddocr 最终验证码识别结果: QGT7
2026-02-28 14:08:52,155 - INFO - 查找验证码输入框...
2026-02-28 14:08:52,207 - INFO - 通过 XPath 找到 1 个验证码候选输入框，使用第一个。
2026-02-28 14:08:52,259 - INFO - 验证码填写完成
2026-02-28 14:08:52,259 - INFO - 验证码填写完成，点击登录按钮...
2026-02-28 14:08:52,259 - INFO - 查找并点击登录按钮...
2026-02-28 14:08:52,280 - INFO - 通过 ID=login_submit 找到登录按钮
2026-02-28 14:08:55,489 - INFO - 已点击登录按钮
2026-02-28 14:09:02,546 - INFO - 检测到英文验证码错误提示: 'Verification code error \n\t\t\t\t\t\tVerification code error'
2026-02-28 14:09:02,546 - WARNING - 检测到验证码错误提示，准备重试...
2026-02-28 14:09:02,555 - INFO - 查找验证码图片...
2026-02-28 14:09:02,565 - INFO - 找到验证码图片，开始截图...
2026-02-28 14:09:02,605 - INFO - 验证码图片截取成功
2026-02-28 14:09:02,605 - INFO - 开始填写登录表单...
2026-02-28 14:09:02,676 - INFO - 用户名填写完成
2026-02-28 14:09:02,739 - INFO - 密码填写完成
2026-02-28 14:09:02,740 - INFO - 验证码图片已保存到 /home/runner/work/nju_electric_monitor/nju_electric_monitor/src/../data/captcha_debug.png
2026-02-28 14:09:02,740 - INFO - 验证码识别尝试 2/30
2026-02-28 14:09:02,740 - INFO - 开始使用 ddddocr 识别验证码...
2026-02-28 14:09:02,748 - INFO - ddddocr 最终验证码识别结果: YC9Q
2026-02-28 14:09:02,749 - INFO - 查找验证码输入框...
2026-02-28 14:09:02,794 - INFO - 通过 XPath 找到 1 个验证码候选输入框，使用第一个。
2026-02-28 14:09:02,846 - INFO - 验证码填写完成
2026-02-28 14:09:02,846 - INFO - 验证码填写完成，点击登录按钮...
2026-02-28 14:09:02,846 - INFO - 查找并点击登录按钮...
2026-02-28 14:09:02,865 - INFO - 通过 ID=login_submit 找到登录按钮
2026-02-28 14:09:05,937 - INFO - 已点击登录按钮
2026-02-28 14:09:12,978 - INFO - 检测到英文验证码错误提示: 'Verification code error \n\t\t\t\t\t\tVerification code error'
2026-02-28 14:09:12,978 - WARNING - 检测到验证码错误提示，准备重试...
2026-02-28 14:09:12,987 - INFO - 查找验证码图片...
2026-02-28 14:09:12,998 - INFO - 找到验证码图片，开始截图...
2026-02-28 14:09:13,038 - INFO - 验证码图片截取成功
2026-02-28 14:09:13,038 - INFO - 开始填写登录表单...
2026-02-28 14:09:13,113 - INFO - 用户名填写完成
2026-02-28 14:09:13,174 - INFO - 密码填写完成
2026-02-28 14:09:13,175 - INFO - 验证码图片已保存到 /home/runner/work/nju_electric_monitor/nju_electric_monitor/src/../data/captcha_debug.png
2026-02-28 14:09:13,175 - INFO - 验证码识别尝试 3/30
2026-02-28 14:09:13,175 - INFO - 开始使用 ddddocr 识别验证码...
2026-02-28 14:09:13,184 - INFO - ddddocr 最终验证码识别结果: ADEW
2026-02-28 14:09:13,184 - INFO - 查找验证码输入框...
2026-02-28 14:09:13,230 - INFO - 通过 XPath 找到 1 个验证码候选输入框，使用第一个。
2026-02-28 14:09:13,282 - INFO - 验证码填写完成
2026-02-28 14:09:13,282 - INFO - 验证码填写完成，点击登录按钮...
2026-02-28 14:09:13,282 - INFO - 查找并点击登录按钮...
2026-02-28 14:09:13,301 - INFO - 通过 ID=login_submit 找到登录按钮
2026-02-28 14:09:16,154 - INFO - 已点击登录按钮
2026-02-28 14:09:23,195 - INFO - 检测到英文验证码错误提示: 'Verification code error \n\t\t\t\t\t\tVerification code error'
2026-02-28 14:09:23,195 - WARNING - 检测到验证码错误提示，准备重试...
2026-02-28 14:09:23,204 - INFO - 查找验证码图片...
2026-02-28 14:09:23,214 - INFO - 找到验证码图片，开始截图...
2026-02-28 14:09:23,271 - INFO - 验证码图片截取成功
2026-02-28 14:09:23,271 - INFO - 开始填写登录表单...
2026-02-28 14:09:23,340 - INFO - 用户名填写完成
2026-02-28 14:09:23,403 - INFO - 密码填写完成
2026-02-28 14:09:23,404 - INFO - 验证码图片已保存到 /home/runner/work/nju_electric_monitor/nju_electric_monitor/src/../data/captcha_debug.png
2026-02-28 14:09:23,404 - INFO - 验证码识别尝试 4/30
2026-02-28 14:09:23,404 - INFO - 开始使用 ddddocr 识别验证码...
2026-02-28 14:09:23,413 - INFO - ddddocr 最终验证码识别结果: NTEG
2026-02-28 14:09:23,413 - INFO - 查找验证码输入框...
2026-02-28 14:09:23,463 - INFO - 通过 XPath 找到 1 个验证码候选输入框，使用第一个。
2026-02-28 14:09:23,515 - INFO - 验证码填写完成
2026-02-28 14:09:23,515 - INFO - 验证码填写完成，点击登录按钮...
2026-02-28 14:09:23,516 - INFO - 查找并点击登录按钮...
2026-02-28 14:09:23,534 - INFO - 通过 ID=login_submit 找到登录按钮
2026-02-28 14:09:26,637 - INFO - 已点击登录按钮
2026-02-28 14:09:33,679 - INFO - 检测到英文验证码错误提示: 'Verification code error \n\t\t\t\t\t\tVerification code error'
2026-02-28 14:09:33,679 - WARNING - 检测到验证码错误提示，准备重试...
2026-02-28 14:09:33,688 - INFO - 查找验证码图片...
2026-02-28 14:09:33,699 - INFO - 找到验证码图片，开始截图...
2026-02-28 14:09:33,737 - INFO - 验证码图片截取成功
2026-02-28 14:09:33,737 - INFO - 开始填写登录表单...
2026-02-28 14:09:33,808 - INFO - 用户名填写完成
2026-02-28 14:09:33,874 - INFO - 密码填写完成
2026-02-28 14:09:33,875 - INFO - 验证码图片已保存到 /home/runner/work/nju_electric_monitor/nju_electric_monitor/src/../data/captcha_debug.png
2026-02-28 14:09:33,875 - INFO - 验证码识别尝试 5/30
2026-02-28 14:09:33,875 - INFO - 开始使用 ddddocr 识别验证码...
2026-02-28 14:09:33,884 - INFO - ddddocr 最终验证码识别结果: 95MW
2026-02-28 14:09:33,884 - INFO - 查找验证码输入框...
2026-02-28 14:09:33,937 - INFO - 通过 XPath 找到 1 个验证码候选输入框，使用第一个。
2026-02-28 14:09:33,992 - INFO - 验证码填写完成
2026-02-28 14:09:33,992 - INFO - 验证码填写完成，点击登录按钮...
2026-02-28 14:09:33,992 - INFO - 查找并点击登录按钮...
2026-02-28 14:09:34,010 - INFO - 通过 ID=login_submit 找到登录按钮
2026-02-28 14:09:34,051 - INFO - 已点击登录按钮
2026-02-28 14:09:41,094 - INFO - 检测到英文验证码错误提示: 'Verification code error \n\t\t\t\t\t\tVerification code error'
2026-02-28 14:09:41,094 - WARNING - 检测到验证码错误提示，准备重试...
2026-02-28 14:09:41,102 - INFO - 查找验证码图片...
2026-02-28 14:09:41,113 - INFO - 找到验证码图片，开始截图...
2026-02-28 14:09:41,153 - INFO - 验证码图片截取成功
2026-02-28 14:09:41,153 - INFO - 开始填写登录表单...
2026-02-28 14:09:41,222 - INFO - 用户名填写完成
2026-02-28 14:09:41,286 - INFO - 密码填写完成
2026-02-28 14:09:41,287 - INFO - 验证码图片已保存到 /home/runner/work/nju_electric_monitor/nju_electric_monitor/src/../data/captcha_debug.png
2026-02-28 14:09:41,287 - INFO - 验证码识别尝试 6/30
2026-02-28 14:09:41,287 - INFO - 开始使用 ddddocr 识别验证码...
2026-02-28 14:09:41,296 - INFO - ddddocr 最终验证码识别结果: XWM8
2026-02-28 14:09:41,296 - INFO - 查找验证码输入框...
2026-02-28 14:09:41,344 - INFO - 通过 XPath 找到 1 个验证码候选输入框，使用第一个。
2026-02-28 14:09:41,396 - INFO - 验证码填写完成
2026-02-28 14:09:41,396 - INFO - 验证码填写完成，点击登录按钮...
2026-02-28 14:09:41,396 - INFO - 查找并点击登录按钮...
2026-02-28 14:09:41,416 - INFO - 通过 ID=login_submit 找到登录按钮
2026-02-28 14:09:44,299 - INFO - 已点击登录按钮
2026-02-28 14:09:51,341 - INFO - 检测到英文验证码错误提示: 'Verification code error \n\t\t\t\t\t\tVerification code error'
2026-02-28 14:09:51,341 - WARNING - 检测到验证码错误提示，准备重试...
2026-02-28 14:09:51,350 - INFO - 查找验证码图片...
2026-02-28 14:09:51,361 - INFO - 找到验证码图片，开始截图...
2026-02-28 14:09:51,403 - INFO - 验证码图片截取成功
2026-02-28 14:09:51,403 - INFO - 开始填写登录表单...
2026-02-28 14:09:51,478 - INFO - 用户名填写完成
2026-02-28 14:09:51,543 - INFO - 密码填写完成
2026-02-28 14:09:51,543 - INFO - 验证码图片已保存到 /home/runner/work/nju_electric_monitor/nju_electric_monitor/src/../data/captcha_debug.png
2026-02-28 14:09:51,544 - INFO - 验证码识别尝试 7/30
2026-02-28 14:09:51,544 - INFO - 开始使用 ddddocr 识别验证码...
2026-02-28 14:09:51,558 - INFO - ddddocr 最终验证码识别结果: 2XB4
2026-02-28 14:09:51,558 - INFO - 查找验证码输入框...
2026-02-28 14:09:51,605 - INFO - 通过 XPath 找到 1 个验证码候选输入框，使用第一个。
2026-02-28 14:09:51,658 - INFO - 验证码填写完成
2026-02-28 14:09:51,658 - INFO - 验证码填写完成，点击登录按钮...
2026-02-28 14:09:51,658 - INFO - 查找并点击登录按钮...
2026-02-28 14:09:51,677 - INFO - 通过 ID=login_submit 找到登录按钮
2026-02-28 14:09:51,717 - INFO - 已点击登录按钮
2026-02-28 14:09:58,761 - INFO - 检测到英文验证码错误提示: 'Verification code error \n\t\t\t\t\t\tVerification code error'
2026-02-28 14:09:58,761 - WARNING - 检测到验证码错误提示，准备重试...
2026-02-28 14:09:58,769 - INFO - 查找验证码图片...
2026-02-28 14:09:58,781 - INFO - 找到验证码图片，开始截图...
2026-02-28 14:09:58,819 - INFO - 验证码图片截取成功
2026-02-28 14:09:58,819 - INFO - 开始填写登录表单...
2026-02-28 14:09:58,888 - INFO - 用户名填写完成
2026-02-28 14:09:58,953 - INFO - 密码填写完成
2026-02-28 14:09:58,953 - INFO - 验证码图片已保存到 /home/runner/work/nju_electric_monitor/nju_electric_monitor/src/../data/captcha_debug.png
2026-02-28 14:09:58,953 - INFO - 验证码识别尝试 8/30
2026-02-28 14:09:58,953 - INFO - 开始使用 ddddocr 识别验证码...
2026-02-28 14:09:58,962 - INFO - ddddocr 最终验证码识别结果: RE7C
2026-02-28 14:09:58,962 - INFO - 查找验证码输入框...
2026-02-28 14:09:59,010 - INFO - 通过 XPath 找到 1 个验证码候选输入框，使用第一个。
2026-02-28 14:09:59,065 - INFO - 验证码填写完成
2026-02-28 14:09:59,065 - INFO - 验证码填写完成，点击登录按钮...
2026-02-28 14:09:59,065 - INFO - 查找并点击登录按钮...
2026-02-28 14:09:59,085 - INFO - 通过 ID=login_submit 找到登录按钮
2026-02-28 14:10:01,915 - INFO - 已点击登录按钮
2026-02-28 14:10:08,959 - INFO - 检测到英文验证码错误提示: 'Verification code error \n\t\t\t\t\t\tVerification code error'
2026-02-28 14:10:08,959 - WARNING - 检测到验证码错误提示，准备重试...
2026-02-28 14:10:08,968 - INFO - 查找验证码图片...
2026-02-28 14:10:08,981 - INFO - 找到验证码图片，开始截图...
2026-02-28 14:10:09,019 - INFO - 验证码图片截取成功
2026-02-28 14:10:09,019 - INFO - 开始填写登录表单...
2026-02-28 14:10:09,089 - INFO - 用户名填写完成
2026-02-28 14:10:09,154 - INFO - 密码填写完成
2026-02-28 14:10:09,154 - INFO - 验证码图片已保存到 /home/runner/work/nju_electric_monitor/nju_electric_monitor/src/../data/captcha_debug.png
2026-02-28 14:10:09,155 - INFO - 验证码识别尝试 9/30
2026-02-28 14:10:09,155 - INFO - 开始使用 ddddocr 识别验证码...
2026-02-28 14:10:09,164 - INFO - ddddocr 最终验证码识别结果: D42D
2026-02-28 14:10:09,164 - INFO - 查找验证码输入框...
2026-02-28 14:10:09,213 - INFO - 通过 XPath 找到 1 个验证码候选输入框，使用第一个。
2026-02-28 14:10:09,267 - INFO - 验证码填写完成
2026-02-28 14:10:09,267 - INFO - 验证码填写完成，点击登录按钮...
2026-02-28 14:10:09,267 - INFO - 查找并点击登录按钮...
2026-02-28 14:10:09,287 - INFO - 通过 ID=login_submit 找到登录按钮
2026-02-28 14:10:12,160 - INFO - 已点击登录按钮
2026-02-28 14:10:19,207 - INFO - 检测到英文验证码错误提示: 'Verification code error \n\t\t\t\t\t\tVerification code error'
2026-02-28 14:10:19,207 - WARNING - 检测到验证码错误提示，准备重试...
2026-02-28 14:10:19,216 - INFO - 查找验证码图片...
2026-02-28 14:10:19,228 - INFO - 找到验证码图片，开始截图...
2026-02-28 14:10:19,268 - INFO - 验证码图片截取成功
2026-02-28 14:10:19,268 - INFO - 开始填写登录表单...
2026-02-28 14:10:19,339 - INFO - 用户名填写完成
2026-02-28 14:10:19,405 - INFO - 密码填写完成
2026-02-28 14:10:19,406 - INFO - 验证码图片已保存到 /home/runner/work/nju_electric_monitor/nju_electric_monitor/src/../data/captcha_debug.png
2026-02-28 14:10:19,406 - INFO - 验证码识别尝试 10/30
2026-02-28 14:10:19,406 - INFO - 开始使用 ddddocr 识别验证码...
2026-02-28 14:10:19,416 - INFO - ddddocr 最终验证码识别结果: RFTK
2026-02-28 14:10:19,416 - INFO - 查找验证码输入框...
2026-02-28 14:10:19,468 - INFO - 通过 XPath 找到 1 个验证码候选输入框，使用第一个。
2026-02-28 14:10:19,525 - INFO - 验证码填写完成
2026-02-28 14:10:19,525 - INFO - 验证码填写完成，点击登录按钮...
2026-02-28 14:10:19,525 - INFO - 查找并点击登录按钮...
2026-02-28 14:10:19,545 - INFO - 通过 ID=login_submit 找到登录按钮
2026-02-28 14:10:19,588 - INFO - 已点击登录按钮
2026-02-28 14:10:26,631 - INFO - 检测到英文验证码错误提示: 'Verification code error \n\t\t\t\t\t\tVerification code error'
2026-02-28 14:10:26,631 - WARNING - 检测到验证码错误提示，准备重试...
2026-02-28 14:10:26,640 - INFO - 查找验证码图片...
2026-02-28 14:10:26,651 - INFO - 找到验证码图片，开始截图...
2026-02-28 14:10:26,685 - INFO - 验证码图片截取成功
2026-02-28 14:10:26,685 - INFO - 开始填写登录表单...
2026-02-28 14:10:26,758 - INFO - 用户名填写完成
2026-02-28 14:10:26,822 - INFO - 密码填写完成
2026-02-28 14:10:26,823 - INFO - 验证码图片已保存到 /home/runner/work/nju_electric_monitor/nju_electric_monitor/src/../data/captcha_debug.png
2026-02-28 14:10:26,823 - INFO - 验证码识别尝试 11/30
2026-02-28 14:10:26,823 - INFO - 开始使用 ddddocr 识别验证码...
2026-02-28 14:10:26,832 - INFO - ddddocr 最终验证码识别结果: YUNM
2026-02-28 14:10:26,832 - INFO - 查找验证码输入框...
2026-02-28 14:10:26,881 - INFO - 通过 XPath 找到 1 个验证码候选输入框，使用第一个。
2026-02-28 14:10:26,940 - INFO - 验证码填写完成
2026-02-28 14:10:26,940 - INFO - 验证码填写完成，点击登录按钮...
2026-02-28 14:10:26,940 - INFO - 查找并点击登录按钮...
2026-02-28 14:10:26,959 - INFO - 通过 ID=login_submit 找到登录按钮
2026-02-28 14:10:29,509 - INFO - 已点击登录按钮
2026-02-28 14:10:36,550 - INFO - 检测到英文验证码错误提示: 'Verification code error \n\t\t\t\t\t\tVerification code error'
2026-02-28 14:10:36,550 - WARNING - 检测到验证码错误提示，准备重试...
2026-02-28 14:10:36,559 - INFO - 查找验证码图片...
2026-02-28 14:10:36,569 - INFO - 找到验证码图片，开始截图...
2026-02-28 14:10:36,601 - INFO - 验证码图片截取成功
2026-02-28 14:10:36,601 - INFO - 开始填写登录表单...
2026-02-28 14:10:36,670 - INFO - 用户名填写完成
2026-02-28 14:10:36,738 - INFO - 密码填写完成
2026-02-28 14:10:36,738 - INFO - 验证码图片已保存到 /home/runner/work/nju_electric_monitor/nju_electric_monitor/src/../data/captcha_debug.png
2026-02-28 14:10:36,739 - INFO - 验证码识别尝试 12/30
2026-02-28 14:10:36,739 - INFO - 开始使用 ddddocr 识别验证码...
2026-02-28 14:10:36,749 - INFO - ddddocr 最终验证码识别结果: HEYG
2026-02-28 14:10:36,750 - INFO - 查找验证码输入框...
2026-02-28 14:10:36,798 - INFO - 通过 XPath 找到 1 个验证码候选输入框，使用第一个。
2026-02-28 14:10:36,852 - INFO - 验证码填写完成
2026-02-28 14:10:36,852 - INFO - 验证码填写完成，点击登录按钮...
2026-02-28 14:10:36,852 - INFO - 查找并点击登录按钮...
2026-02-28 14:10:36,871 - INFO - 通过 ID=login_submit 找到登录按钮
2026-02-28 14:10:40,020 - INFO - 已点击登录按钮
2026-02-28 14:10:47,061 - INFO - 检测到英文验证码错误提示: 'Verification code error \n\t\t\t\t\t\tVerification code error'
2026-02-28 14:10:47,061 - WARNING - 检测到验证码错误提示，准备重试...
2026-02-28 14:10:47,070 - INFO - 查找验证码图片...
2026-02-28 14:10:47,080 - INFO - 找到验证码图片，开始截图...
2026-02-28 14:10:47,134 - INFO - 验证码图片截取成功
2026-02-28 14:10:47,134 - INFO - 开始填写登录表单...
2026-02-28 14:10:47,203 - INFO - 用户名填写完成
2026-02-28 14:10:47,265 - INFO - 密码填写完成
2026-02-28 14:10:47,266 - INFO - 验证码图片已保存到 /home/runner/work/nju_electric_monitor/nju_electric_monitor/src/../data/captcha_debug.png
2026-02-28 14:10:47,266 - INFO - 验证码识别尝试 13/30
2026-02-28 14:10:47,266 - INFO - 开始使用 ddddocr 识别验证码...
2026-02-28 14:10:47,279 - INFO - ddddocr 最终验证码识别结果: 9JEE
2026-02-28 14:10:47,279 - INFO - 查找验证码输入框...
2026-02-28 14:10:47,327 - INFO - 通过 XPath 找到 1 个验证码候选输入框，使用第一个。
2026-02-28 14:10:47,379 - INFO - 验证码填写完成
2026-02-28 14:10:47,379 - INFO - 验证码填写完成，点击登录按钮...
2026-02-28 14:10:47,379 - INFO - 查找并点击登录按钮...
2026-02-28 14:10:47,399 - INFO - 通过 ID=login_submit 找到登录按钮
2026-02-28 14:10:50,546 - INFO - 已点击登录按钮
2026-02-28 14:10:57,587 - INFO - 检测到英文验证码错误提示: 'Verification code error \n\t\t\t\t\t\tVerification code error'
2026-02-28 14:10:57,587 - WARNING - 检测到验证码错误提示，准备重试...
2026-02-28 14:10:57,595 - INFO - 查找验证码图片...
2026-02-28 14:10:57,606 - INFO - 找到验证码图片，开始截图...
2026-02-28 14:10:57,633 - INFO - 验证码图片截取成功
2026-02-28 14:10:57,634 - INFO - 开始填写登录表单...
2026-02-28 14:10:57,705 - INFO - 用户名填写完成
2026-02-28 14:10:57,770 - INFO - 密码填写完成
2026-02-28 14:10:57,771 - INFO - 验证码图片已保存到 /home/runner/work/nju_electric_monitor/nju_electric_monitor/src/../data/captcha_debug.png
2026-02-28 14:10:57,771 - INFO - 验证码识别尝试 14/30
2026-02-28 14:10:57,771 - INFO - 开始使用 ddddocr 识别验证码...
2026-02-28 14:10:57,780 - INFO - ddddocr 最终验证码识别结果: I9UI
2026-02-28 14:10:57,780 - INFO - 查找验证码输入框...
2026-02-28 14:10:57,828 - INFO - 通过 XPath 找到 1 个验证码候选输入框，使用第一个。
2026-02-28 14:10:57,880 - INFO - 验证码填写完成
2026-02-28 14:10:57,880 - INFO - 验证码填写完成，点击登录按钮...
2026-02-28 14:10:57,880 - INFO - 查找并点击登录按钮...
2026-02-28 14:10:57,899 - INFO - 通过 ID=login_submit 找到登录按钮
2026-02-28 14:11:01,033 - INFO - 已点击登录按钮
2026-02-28 14:11:08,073 - INFO - 检测到英文验证码错误提示: 'Verification code error \n\t\t\t\t\t\tVerification code error'
2026-02-28 14:11:08,073 - WARNING - 检测到验证码错误提示，准备重试...
2026-02-28 14:11:08,082 - INFO - 查找验证码图片...
2026-02-28 14:11:08,093 - INFO - 找到验证码图片，开始截图...
2026-02-28 14:11:08,133 - INFO - 验证码图片截取成功
2026-02-28 14:11:08,133 - INFO - 开始填写登录表单...
2026-02-28 14:11:08,204 - INFO - 用户名填写完成
2026-02-28 14:11:08,269 - INFO - 密码填写完成
2026-02-28 14:11:08,269 - INFO - 验证码图片已保存到 /home/runner/work/nju_electric_monitor/nju_electric_monitor/src/../data/captcha_debug.png
2026-02-28 14:11:08,270 - INFO - 验证码识别尝试 15/30
2026-02-28 14:11:08,270 - INFO - 开始使用 ddddocr 识别验证码...
2026-02-28 14:11:08,280 - INFO - ddddocr 最终验证码识别结果: M83E
2026-02-28 14:11:08,280 - INFO - 查找验证码输入框...
2026-02-28 14:11:08,329 - INFO - 通过 XPath 找到 1 个验证码候选输入框，使用第一个。
2026-02-28 14:11:08,383 - INFO - 验证码填写完成
2026-02-28 14:11:08,384 - INFO - 验证码填写完成，点击登录按钮...
2026-02-28 14:11:08,384 - INFO - 查找并点击登录按钮...
2026-02-28 14:11:08,402 - INFO - 通过 ID=login_submit 找到登录按钮
2026-02-28 14:11:11,467 - INFO - 已点击登录按钮
2026-02-28 14:11:18,508 - INFO - 检测到英文验证码错误提示: 'Verification code error \n\t\t\t\t\t\tVerification code error'
2026-02-28 14:11:18,508 - WARNING - 检测到验证码错误提示，准备重试...
2026-02-28 14:11:18,516 - INFO - 查找验证码图片...
2026-02-28 14:11:18,527 - INFO - 找到验证码图片，开始截图...
2026-02-28 14:11:18,566 - INFO - 验证码图片截取成功
2026-02-28 14:11:18,566 - INFO - 开始填写登录表单...
2026-02-28 14:11:18,633 - INFO - 用户名填写完成
2026-02-28 14:11:18,695 - INFO - 密码填写完成
2026-02-28 14:11:18,696 - INFO - 验证码图片已保存到 /home/runner/work/nju_electric_monitor/nju_electric_monitor/src/../data/captcha_debug.png
2026-02-28 14:11:18,696 - INFO - 验证码识别尝试 16/30
2026-02-28 14:11:18,696 - INFO - 开始使用 ddddocr 识别验证码...
2026-02-28 14:11:18,706 - INFO - ddddocr 最终验证码识别结果: SUTJ
2026-02-28 14:11:18,706 - INFO - 查找验证码输入框...
2026-02-28 14:11:18,755 - INFO - 通过 XPath 找到 1 个验证码候选输入框，使用第一个。
2026-02-28 14:11:18,807 - INFO - 验证码填写完成
2026-02-28 14:11:18,807 - INFO - 验证码填写完成，点击登录按钮...
2026-02-28 14:11:18,807 - INFO - 查找并点击登录按钮...
2026-02-28 14:11:18,826 - INFO - 通过 ID=login_submit 找到登录按钮
2026-02-28 14:11:21,900 - INFO - 已点击登录按钮
2026-02-28 14:11:28,941 - INFO - 检测到英文验证码错误提示: 'Verification code error \n\t\t\t\t\t\tVerification code error'
2026-02-28 14:11:28,941 - WARNING - 检测到验证码错误提示，准备重试...
2026-02-28 14:11:28,950 - INFO - 查找验证码图片...
2026-02-28 14:11:28,961 - INFO - 找到验证码图片，开始截图...
2026-02-28 14:11:28,999 - INFO - 验证码图片截取成功
2026-02-28 14:11:28,999 - INFO - 开始填写登录表单...
2026-02-28 14:11:29,071 - INFO - 用户名填写完成
2026-02-28 14:11:29,135 - INFO - 密码填写完成
2026-02-28 14:11:29,136 - INFO - 验证码图片已保存到 /home/runner/work/nju_electric_monitor/nju_electric_monitor/src/../data/captcha_debug.png
2026-02-28 14:11:29,136 - INFO - 验证码识别尝试 17/30
2026-02-28 14:11:29,136 - INFO - 开始使用 ddddocr 识别验证码...
2026-02-28 14:11:29,150 - INFO - ddddocr 最终验证码识别结果: PXCD
2026-02-28 14:11:29,150 - INFO - 查找验证码输入框...
2026-02-28 14:11:29,198 - INFO - 通过 XPath 找到 1 个验证码候选输入框，使用第一个。
2026-02-28 14:11:29,252 - INFO - 验证码填写完成
2026-02-28 14:11:29,252 - INFO - 验证码填写完成，点击登录按钮...
2026-02-28 14:11:29,252 - INFO - 查找并点击登录按钮...
2026-02-28 14:11:29,270 - INFO - 通过 ID=login_submit 找到登录按钮
2026-02-28 14:11:32,144 - INFO - 已点击登录按钮
2026-02-28 14:11:39,187 - INFO - 检测到英文验证码错误提示: 'Verification code error \n\t\t\t\t\t\tVerification code error'
2026-02-28 14:11:39,187 - WARNING - 检测到验证码错误提示，准备重试...
2026-02-28 14:11:39,195 - INFO - 查找验证码图片...
2026-02-28 14:11:39,207 - INFO - 找到验证码图片，开始截图...
2026-02-28 14:11:39,249 - INFO - 验证码图片截取成功
2026-02-28 14:11:39,249 - INFO - 开始填写登录表单...
2026-02-28 14:11:39,320 - INFO - 用户名填写完成
2026-02-28 14:11:39,382 - INFO - 密码填写完成
2026-02-28 14:11:39,383 - INFO - 验证码图片已保存到 /home/runner/work/nju_electric_monitor/nju_electric_monitor/src/../data/captcha_debug.png
2026-02-28 14:11:39,383 - INFO - 验证码识别尝试 18/30
2026-02-28 14:11:39,383 - INFO - 开始使用 ddddocr 识别验证码...
2026-02-28 14:11:39,392 - INFO - ddddocr 最终验证码识别结果: MHWW
2026-02-28 14:11:39,392 - INFO - 查找验证码输入框...
2026-02-28 14:11:39,443 - INFO - 通过 XPath 找到 1 个验证码候选输入框，使用第一个。
2026-02-28 14:11:39,496 - INFO - 验证码填写完成
2026-02-28 14:11:39,497 - INFO - 验证码填写完成，点击登录按钮...
2026-02-28 14:11:39,497 - INFO - 查找并点击登录按钮...
2026-02-28 14:11:39,516 - INFO - 通过 ID=login_submit 找到登录按钮
2026-02-28 14:11:42,383 - INFO - 已点击登录按钮
2026-02-28 14:11:49,423 - INFO - 检测到英文验证码错误提示: 'Verification code error \n\t\t\t\t\t\tVerification code error'
2026-02-28 14:11:49,423 - WARNING - 检测到验证码错误提示，准备重试...
2026-02-28 14:11:49,432 - INFO - 查找验证码图片...
2026-02-28 14:11:49,443 - INFO - 找到验证码图片，开始截图...
2026-02-28 14:11:49,482 - INFO - 验证码图片截取成功
2026-02-28 14:11:49,482 - INFO - 开始填写登录表单...
2026-02-28 14:11:49,551 - INFO - 用户名填写完成
2026-02-28 14:11:49,614 - INFO - 密码填写完成
2026-02-28 14:11:49,615 - INFO - 验证码图片已保存到 /home/runner/work/nju_electric_monitor/nju_electric_monitor/src/../data/captcha_debug.png
2026-02-28 14:11:49,615 - INFO - 验证码识别尝试 19/30
2026-02-28 14:11:49,615 - INFO - 开始使用 ddddocr 识别验证码...
2026-02-28 14:11:49,628 - INFO - ddddocr 最终验证码识别结果: 6JSX
2026-02-28 14:11:49,628 - INFO - 查找验证码输入框...
2026-02-28 14:11:49,677 - INFO - 通过 XPath 找到 1 个验证码候选输入框，使用第一个。
2026-02-28 14:11:49,730 - INFO - 验证码填写完成
2026-02-28 14:11:49,730 - INFO - 验证码填写完成，点击登录按钮...
2026-02-28 14:11:49,731 - INFO - 查找并点击登录按钮...
2026-02-28 14:11:49,750 - INFO - 通过 ID=login_submit 找到登录按钮
2026-02-28 14:11:52,861 - INFO - 已点击登录按钮
2026-02-28 14:11:59,904 - INFO - 检测到英文验证码错误提示: 'Verification code error \n\t\t\t\t\t\tVerification code error'
2026-02-28 14:11:59,904 - WARNING - 检测到验证码错误提示，准备重试...
2026-02-28 14:11:59,913 - INFO - 查找验证码图片...
2026-02-28 14:11:59,925 - INFO - 找到验证码图片，开始截图...
2026-02-28 14:11:59,965 - INFO - 验证码图片截取成功
2026-02-28 14:11:59,965 - INFO - 开始填写登录表单...
2026-02-28 14:12:00,036 - INFO - 用户名填写完成
2026-02-28 14:12:00,103 - INFO - 密码填写完成
2026-02-28 14:12:00,104 - INFO - 验证码图片已保存到 /home/runner/work/nju_electric_monitor/nju_electric_monitor/src/../data/captcha_debug.png
2026-02-28 14:12:00,104 - INFO - 验证码识别尝试 20/30
2026-02-28 14:12:00,104 - INFO - 开始使用 ddddocr 识别验证码...
2026-02-28 14:12:00,113 - INFO - ddddocr 最终验证码识别结果: R2BV
2026-02-28 14:12:00,113 - INFO - 查找验证码输入框...
2026-02-28 14:12:00,161 - INFO - 通过 XPath 找到 1 个验证码候选输入框，使用第一个。
2026-02-28 14:12:00,223 - INFO - 验证码填写完成
2026-02-28 14:12:00,223 - INFO - 验证码填写完成，点击登录按钮...
2026-02-28 14:12:00,223 - INFO - 查找并点击登录按钮...
2026-02-28 14:12:00,243 - INFO - 通过 ID=login_submit 找到登录按钮
2026-02-28 14:12:03,323 - INFO - 已点击登录按钮
2026-02-28 14:12:10,365 - INFO - 检测到英文验证码错误提示: 'Verification code error \n\t\t\t\t\t\tVerification code error'
2026-02-28 14:12:10,365 - WARNING - 检测到验证码错误提示，准备重试...
2026-02-28 14:12:10,373 - INFO - 查找验证码图片...
2026-02-28 14:12:10,384 - INFO - 找到验证码图片，开始截图...
2026-02-28 14:12:10,414 - INFO - 验证码图片截取成功
2026-02-28 14:12:10,414 - INFO - 开始填写登录表单...
2026-02-28 14:12:10,484 - INFO - 用户名填写完成
2026-02-28 14:12:10,548 - INFO - 密码填写完成
2026-02-28 14:12:10,549 - INFO - 验证码图片已保存到 /home/runner/work/nju_electric_monitor/nju_electric_monitor/src/../data/captcha_debug.png
2026-02-28 14:12:10,549 - INFO - 验证码识别尝试 21/30
2026-02-28 14:12:10,549 - INFO - 开始使用 ddddocr 识别验证码...
2026-02-28 14:12:10,558 - INFO - ddddocr 最终验证码识别结果: DFH3
2026-02-28 14:12:10,558 - INFO - 查找验证码输入框...
2026-02-28 14:12:10,605 - INFO - 通过 XPath 找到 1 个验证码候选输入框，使用第一个。
2026-02-28 14:12:10,657 - INFO - 验证码填写完成
2026-02-28 14:12:10,658 - INFO - 验证码填写完成，点击登录按钮...
2026-02-28 14:12:10,658 - INFO - 查找并点击登录按钮...
2026-02-28 14:12:10,677 - INFO - 通过 ID=login_submit 找到登录按钮
2026-02-28 14:12:13,261 - INFO - 已点击登录按钮
2026-02-28 14:12:20,301 - INFO - 检测到英文验证码错误提示: 'Verification code error \n\t\t\t\t\t\tVerification code error'
2026-02-28 14:12:20,301 - WARNING - 检测到验证码错误提示，准备重试...
2026-02-28 14:12:20,309 - INFO - 查找验证码图片...
2026-02-28 14:12:20,320 - INFO - 找到验证码图片，开始截图...
2026-02-28 14:12:20,346 - INFO - 验证码图片截取成功
2026-02-28 14:12:20,347 - INFO - 开始填写登录表单...
2026-02-28 14:12:20,416 - INFO - 用户名填写完成
2026-02-28 14:12:20,479 - INFO - 密码填写完成
2026-02-28 14:12:20,480 - INFO - 验证码图片已保存到 /home/runner/work/nju_electric_monitor/nju_electric_monitor/src/../data/captcha_debug.png
2026-02-28 14:12:20,480 - INFO - 验证码识别尝试 22/30
2026-02-28 14:12:20,480 - INFO - 开始使用 ddddocr 识别验证码...
2026-02-28 14:12:20,488 - INFO - ddddocr 最终验证码识别结果: 6UDF
2026-02-28 14:12:20,489 - INFO - 查找验证码输入框...
2026-02-28 14:12:20,535 - INFO - 通过 XPath 找到 1 个验证码候选输入框，使用第一个。
2026-02-28 14:12:20,587 - INFO - 验证码填写完成
2026-02-28 14:12:20,587 - INFO - 验证码填写完成，点击登录按钮...
2026-02-28 14:12:20,587 - INFO - 查找并点击登录按钮...
2026-02-28 14:12:20,606 - INFO - 通过 ID=login_submit 找到登录按钮
2026-02-28 14:12:23,705 - INFO - 已点击登录按钮
2026-02-28 14:12:30,745 - INFO - 检测到英文验证码错误提示: 'Verification code error \n\t\t\t\t\t\tVerification code error'
2026-02-28 14:12:30,745 - WARNING - 检测到验证码错误提示，准备重试...
2026-02-28 14:12:30,754 - INFO - 查找验证码图片...
2026-02-28 14:12:30,765 - INFO - 找到验证码图片，开始截图...
2026-02-28 14:12:30,796 - INFO - 验证码图片截取成功
2026-02-28 14:12:30,796 - INFO - 开始填写登录表单...
2026-02-28 14:12:30,865 - INFO - 用户名填写完成
2026-02-28 14:12:30,927 - INFO - 密码填写完成
2026-02-28 14:12:30,928 - INFO - 验证码图片已保存到 /home/runner/work/nju_electric_monitor/nju_electric_monitor/src/../data/captcha_debug.png
2026-02-28 14:12:30,928 - INFO - 验证码识别尝试 23/30
2026-02-28 14:12:30,928 - INFO - 开始使用 ddddocr 识别验证码...
2026-02-28 14:12:30,937 - INFO - ddddocr 最终验证码识别结果: DGMK
2026-02-28 14:12:30,937 - INFO - 查找验证码输入框...
2026-02-28 14:12:30,985 - INFO - 通过 XPath 找到 1 个验证码候选输入框，使用第一个。
2026-02-28 14:12:31,036 - INFO - 验证码填写完成
2026-02-28 14:12:31,036 - INFO - 验证码填写完成，点击登录按钮...
2026-02-28 14:12:31,036 - INFO - 查找并点击登录按钮...
2026-02-28 14:12:31,056 - INFO - 通过 ID=login_submit 找到登录按钮
2026-02-28 14:12:33,977 - INFO - 已点击登录按钮
2026-02-28 14:12:41,017 - INFO - 检测到英文验证码错误提示: 'Verification code error \n\t\t\t\t\t\tVerification code error'
2026-02-28 14:12:41,018 - WARNING - 检测到验证码错误提示，准备重试...
2026-02-28 14:12:41,026 - INFO - 查找验证码图片...
2026-02-28 14:12:41,037 - INFO - 找到验证码图片，开始截图...
2026-02-28 14:12:41,062 - INFO - 验证码图片截取成功
2026-02-28 14:12:41,063 - INFO - 开始填写登录表单...
2026-02-28 14:12:41,131 - INFO - 用户名填写完成
2026-02-28 14:12:41,194 - INFO - 密码填写完成
2026-02-28 14:12:41,195 - INFO - 验证码图片已保存到 /home/runner/work/nju_electric_monitor/nju_electric_monitor/src/../data/captcha_debug.png
2026-02-28 14:12:41,196 - INFO - 验证码识别尝试 24/30
2026-02-28 14:12:41,196 - INFO - 开始使用 ddddocr 识别验证码...
2026-02-28 14:12:41,205 - INFO - ddddocr 最终验证码识别结果: N434
2026-02-28 14:12:41,205 - INFO - 查找验证码输入框...
2026-02-28 14:12:41,254 - INFO - 通过 XPath 找到 1 个验证码候选输入框，使用第一个。
2026-02-28 14:12:41,307 - INFO - 验证码填写完成
2026-02-28 14:12:41,307 - INFO - 验证码填写完成，点击登录按钮...
2026-02-28 14:12:41,307 - INFO - 查找并点击登录按钮...
2026-02-28 14:12:41,326 - INFO - 通过 ID=login_submit 找到登录按钮
2026-02-28 14:12:44,175 - INFO - 已点击登录按钮
2026-02-28 14:12:51,216 - INFO - 检测到英文验证码错误提示: 'Verification code error \n\t\t\t\t\t\tVerification code error'
2026-02-28 14:12:51,216 - WARNING - 检测到验证码错误提示，准备重试...
2026-02-28 14:12:51,224 - INFO - 查找验证码图片...
2026-02-28 14:12:51,235 - INFO - 找到验证码图片，开始截图...
2026-02-28 14:12:51,262 - INFO - 验证码图片截取成功
2026-02-28 14:12:51,262 - INFO - 开始填写登录表单...
2026-02-28 14:12:51,330 - INFO - 用户名填写完成
2026-02-28 14:12:51,392 - INFO - 密码填写完成
2026-02-28 14:12:51,393 - INFO - 验证码图片已保存到 /home/runner/work/nju_electric_monitor/nju_electric_monitor/src/../data/captcha_debug.png
2026-02-28 14:12:51,393 - INFO - 验证码识别尝试 25/30
2026-02-28 14:12:51,393 - INFO - 开始使用 ddddocr 识别验证码...
2026-02-28 14:12:51,402 - INFO - ddddocr 最终验证码识别结果: JWWS
2026-02-28 14:12:51,402 - INFO - 查找验证码输入框...
2026-02-28 14:12:51,449 - INFO - 通过 XPath 找到 1 个验证码候选输入框，使用第一个。
2026-02-28 14:12:51,502 - INFO - 验证码填写完成
2026-02-28 14:12:51,502 - INFO - 验证码填写完成，点击登录按钮...
2026-02-28 14:12:51,502 - INFO - 查找并点击登录按钮...
2026-02-28 14:12:51,522 - INFO - 通过 ID=login_submit 找到登录按钮
2026-02-28 14:12:54,613 - INFO - 已点击登录按钮
2026-02-28 14:13:01,654 - INFO - 检测到英文验证码错误提示: 'Verification code error \n\t\t\t\t\t\tVerification code error'
2026-02-28 14:13:01,654 - WARNING - 检测到验证码错误提示，准备重试...
2026-02-28 14:13:01,663 - INFO - 查找验证码图片...
2026-02-28 14:13:01,674 - INFO - 找到验证码图片，开始截图...
2026-02-28 14:13:01,712 - INFO - 验证码图片截取成功
2026-02-28 14:13:01,712 - INFO - 开始填写登录表单...
2026-02-28 14:13:01,782 - INFO - 用户名填写完成
2026-02-28 14:13:01,847 - INFO - 密码填写完成
2026-02-28 14:13:01,848 - INFO - 验证码图片已保存到 /home/runner/work/nju_electric_monitor/nju_electric_monitor/src/../data/captcha_debug.png
2026-02-28 14:13:01,848 - INFO - 验证码识别尝试 26/30
2026-02-28 14:13:01,848 - INFO - 开始使用 ddddocr 识别验证码...
2026-02-28 14:13:01,856 - INFO - ddddocr 最终验证码识别结果: EY47
2026-02-28 14:13:01,856 - INFO - 查找验证码输入框...
2026-02-28 14:13:01,905 - INFO - 通过 XPath 找到 1 个验证码候选输入框，使用第一个。
2026-02-28 14:13:01,957 - INFO - 验证码填写完成
2026-02-28 14:13:01,957 - INFO - 验证码填写完成，点击登录按钮...
2026-02-28 14:13:01,957 - INFO - 查找并点击登录按钮...
2026-02-28 14:13:01,977 - INFO - 通过 ID=login_submit 找到登录按钮
2026-02-28 14:13:05,050 - INFO - 已点击登录按钮
2026-02-28 14:13:12,091 - INFO - 检测到英文验证码错误提示: 'Verification code error \n\t\t\t\t\t\tVerification code error'
2026-02-28 14:13:12,091 - WARNING - 检测到验证码错误提示，准备重试...
2026-02-28 14:13:12,100 - INFO - 查找验证码图片...
2026-02-28 14:13:12,111 - INFO - 找到验证码图片，开始截图...
2026-02-28 14:13:12,145 - INFO - 验证码图片截取成功
2026-02-28 14:13:12,145 - INFO - 开始填写登录表单...
2026-02-28 14:13:12,215 - INFO - 用户名填写完成
2026-02-28 14:13:12,279 - INFO - 密码填写完成
2026-02-28 14:13:12,280 - INFO - 验证码图片已保存到 /home/runner/work/nju_electric_monitor/nju_electric_monitor/src/../data/captcha_debug.png
2026-02-28 14:13:12,280 - INFO - 验证码识别尝试 27/30
2026-02-28 14:13:12,280 - INFO - 开始使用 ddddocr 识别验证码...
2026-02-28 14:13:12,293 - INFO - ddddocr 最终验证码识别结果: MTGT
2026-02-28 14:13:12,293 - INFO - 查找验证码输入框...
2026-02-28 14:13:12,340 - INFO - 通过 XPath 找到 1 个验证码候选输入框，使用第一个。
2026-02-28 14:13:12,392 - INFO - 验证码填写完成
2026-02-28 14:13:12,392 - INFO - 验证码填写完成，点击登录按钮...
2026-02-28 14:13:12,392 - INFO - 查找并点击登录按钮...
2026-02-28 14:13:12,412 - INFO - 通过 ID=login_submit 找到登录按钮
2026-02-28 14:13:15,480 - INFO - 已点击登录按钮
2026-02-28 14:13:22,520 - INFO - 检测到英文验证码错误提示: 'Verification code error \n\t\t\t\t\t\tVerification code error'
2026-02-28 14:13:22,520 - WARNING - 检测到验证码错误提示，准备重试...
2026-02-28 14:13:22,528 - INFO - 查找验证码图片...
2026-02-28 14:13:22,539 - INFO - 找到验证码图片，开始截图...
2026-02-28 14:13:22,578 - INFO - 验证码图片截取成功
2026-02-28 14:13:22,578 - INFO - 开始填写登录表单...
2026-02-28 14:13:22,646 - INFO - 用户名填写完成
2026-02-28 14:13:22,709 - INFO - 密码填写完成
2026-02-28 14:13:22,710 - INFO - 验证码图片已保存到 /home/runner/work/nju_electric_monitor/nju_electric_monitor/src/../data/captcha_debug.png
2026-02-28 14:13:22,710 - INFO - 验证码识别尝试 28/30
2026-02-28 14:13:22,710 - INFO - 开始使用 ddddocr 识别验证码...
2026-02-28 14:13:22,720 - INFO - ddddocr 最终验证码识别结果: 8ENS
2026-02-28 14:13:22,720 - INFO - 查找验证码输入框...
2026-02-28 14:13:22,768 - INFO - 通过 XPath 找到 1 个验证码候选输入框，使用第一个。
2026-02-28 14:13:22,821 - INFO - 验证码填写完成
2026-02-28 14:13:22,821 - INFO - 验证码填写完成，点击登录按钮...
2026-02-28 14:13:22,821 - INFO - 查找并点击登录按钮...
2026-02-28 14:13:22,841 - INFO - 通过 ID=login_submit 找到登录按钮
2026-02-28 14:13:25,910 - INFO - 已点击登录按钮
2026-02-28 14:13:32,951 - INFO - 检测到英文验证码错误提示: 'Verification code error \n\t\t\t\t\t\tVerification code error'
2026-02-28 14:13:32,951 - WARNING - 检测到验证码错误提示，准备重试...
2026-02-28 14:13:32,959 - INFO - 查找验证码图片...
2026-02-28 14:13:32,970 - INFO - 找到验证码图片，开始截图...
2026-02-28 14:13:33,010 - INFO - 验证码图片截取成功
2026-02-28 14:13:33,010 - INFO - 开始填写登录表单...
2026-02-28 14:13:33,080 - INFO - 用户名填写完成
2026-02-28 14:13:33,143 - INFO - 密码填写完成
2026-02-28 14:13:33,144 - INFO - 验证码图片已保存到 /home/runner/work/nju_electric_monitor/nju_electric_monitor/src/../data/captcha_debug.png
2026-02-28 14:13:33,144 - INFO - 验证码识别尝试 29/30
2026-02-28 14:13:33,144 - INFO - 开始使用 ddddocr 识别验证码...
2026-02-28 14:13:33,154 - INFO - ddddocr 最终验证码识别结果: FFP2
2026-02-28 14:13:33,154 - INFO - 查找验证码输入框...
2026-02-28 14:13:33,201 - INFO - 通过 XPath 找到 1 个验证码候选输入框，使用第一个。
2026-02-28 14:13:33,254 - INFO - 验证码填写完成
2026-02-28 14:13:33,254 - INFO - 验证码填写完成，点击登录按钮...
2026-02-28 14:13:33,254 - INFO - 查找并点击登录按钮...
2026-02-28 14:13:33,273 - INFO - 通过 ID=login_submit 找到登录按钮
2026-02-28 14:13:36,402 - INFO - 已点击登录按钮
2026-02-28 14:13:43,442 - INFO - 检测到英文验证码错误提示: 'Verification code error \n\t\t\t\t\t\tVerification code error'
2026-02-28 14:13:43,442 - WARNING - 检测到验证码错误提示，准备重试...
2026-02-28 14:13:43,451 - INFO - 查找验证码图片...
2026-02-28 14:13:43,462 - INFO - 找到验证码图片，开始截图...
2026-02-28 14:13:43,493 - INFO - 验证码图片截取成功
2026-02-28 14:13:43,493 - INFO - 开始填写登录表单...
2026-02-28 14:13:43,562 - INFO - 用户名填写完成
2026-02-28 14:13:43,623 - INFO - 密码填写完成
2026-02-28 14:13:43,624 - INFO - 验证码图片已保存到 /home/runner/work/nju_electric_monitor/nju_electric_monitor/src/../data/captcha_debug.png
2026-02-28 14:13:43,624 - INFO - 验证码识别尝试 30/30
2026-02-28 14:13:43,624 - INFO - 开始使用 ddddocr 识别验证码...
2026-02-28 14:13:43,633 - INFO - ddddocr 最终验证码识别结果: W4HP
2026-02-28 14:13:43,633 - INFO - 查找验证码输入框...
2026-02-28 14:13:43,681 - INFO - 通过 XPath 找到 1 个验证码候选输入框，使用第一个。
2026-02-28 14:13:43,733 - INFO - 验证码填写完成
2026-02-28 14:13:43,733 - INFO - 验证码填写完成，点击登录按钮...
2026-02-28 14:13:43,733 - INFO - 查找并点击登录按钮...
2026-02-28 14:13:43,752 - INFO - 通过 ID=login_submit 找到登录按钮
2026-02-28 14:13:46,809 - INFO - 已点击登录按钮
2026-02-28 14:13:53,850 - INFO - 检测到英文验证码错误提示: 'Verification code error \n\t\t\t\t\t\tVerification code error'
2026-02-28 14:13:53,850 - WARNING - 检测到验证码错误提示，准备重试...
2026-02-28 14:13:53,858 - INFO - 查找验证码图片...
2026-02-28 14:13:53,869 - INFO - 找到验证码图片，开始截图...
2026-02-28 14:13:53,909 - INFO - 验证码图片截取成功
2026-02-28 14:13:53,909 - WARNING - 自动验证码识别失败，请手动输入
请手动输入验证码: 2026-02-28 14:13:53,909 - ERROR - 处理验证码时出错: EOF when reading a line
2026-02-28 14:13:53,909 - ERROR - 验证码处理或登录过程失败
Wrapper end: 2026-02-28T22:13:54.097879+08:00
