Wrapper start: 2026-02-19T11:36:20.119993+08:00

=== ENVIRONMENT SUMMARY ===
Environment variable keys (count=121):
- ACCEPT_EULA
- ACTIONS_ORCHESTRATION_ID
- ACTIONS_RUNNER_ACTION_ARCHIVE_CACHE
- AGENT_TOOLSDIRECTORY
- ANDROID_HOME
- ANDROID_NDK
- ANDROID_NDK_HOME
- ANDROID_NDK_LATEST_HOME
- ANDROID_NDK_ROOT
- ANDROID_SDK_ROOT
NJU_USERNAME set: yes
NJU_PASSWORD set: yes

=== DISK USAGE (df -h) ===
Filesystem      Size  Used Avail Use% Mounted on
/dev/root       145G   63G   82G  44% /
tmpfs           7.9G   84K  7.9G   1% /dev/shm
tmpfs           3.2G  2.5M  3.2G   1% /run
tmpfs           5.0M     0  5.0M   0% /run/lock
efivarfs        128M   26K  128M   1% /sys/firmware/efi/efivars
/dev/sda16      881M   63M  757M   8% /boot
/dev/sda15      105M  6.2M   99M   6% /boot/efi
tmpfs           1.6G   12K  1.6G   1% /run/user/1001


=== KEY DIR SIZES ===
19M	/home/runner/work/nju_electric_monitor/nju_electric_monitor/src/../logs

344K	/home/runner/work/nju_electric_monitor/nju_electric_monitor/src/../data

101M	/home/runner/work/nju_electric_monitor/nju_electric_monitor/src/../models


=== CONFIG_WORKFLOW SUMMARY ===
{
  "username": "",
  "password": "",
  "auto_login": true,
  "headless_mode": true,
  "captcha_retry_count": 30,
  "captcha_confidence_threshold": 0.3,
  "save_captcha_images": true,
  "log_level": "INFO"
}

=== FONT DIAGNOSTICS ===
Found system fonts (ttf) count: 59
- /usr/share/fonts/truetype/dejavu/DejaVuSansCondensed-Bold.ttf
- /usr/share/fonts/truetype/noto/NotoColorEmoji.ttf
- /usr/share/fonts/truetype/lato/Lato-Thin.ttf
- /usr/share/fonts/truetype/lato/Lato-MediumItalic.ttf
- /usr/share/fonts/truetype/dejavu/DejaVuSansCondensed.ttf
- /usr/share/fonts/truetype/lato/Lato-Hairline.ttf
- /usr/share/fonts/truetype/lato/Lato-Heavy.ttf
- /usr/share/fonts/truetype/dejavu/DejaVuSans-Oblique.ttf
- /usr/share/fonts/truetype/dejavu/DejaVuSans.ttf
- /usr/share/fonts/opentype/noto/NotoSansCJK-Regular.ttc
- /usr/share/fonts/truetype/dejavu/DejaVuSerif-BoldItalic.ttf
- /usr/share/fonts/truetype/lato/Lato-Italic.ttf
- /usr/share/fonts/truetype/liberation/LiberationSans-Bold.ttf
- /usr/share/fonts/truetype/liberation/LiberationSans-Regular.ttf
- /usr/share/fonts/truetype/liberation/LiberationMono-Italic.ttf
- /usr/share/fonts/truetype/liberation/LiberationMono-BoldItalic.ttf
- /usr/share/fonts/truetype/dejavu/DejaVuSansMono.ttf
- /usr/share/fonts/opentype/noto/NotoSerifCJK-Bold.ttc
- /usr/share/fonts/truetype/dejavu/DejaVuSerif-Italic.ttf
- /usr/share/fonts/truetype/lato/Lato-Bold.ttf
- /usr/share/fonts/truetype/dejavu/DejaVuSans-Bold.ttf
- /usr/share/fonts/truetype/dejavu/DejaVuSerifCondensed-BoldItalic.ttf
- /usr/share/fonts/truetype/liberation/LiberationMono-Regular.ttf
- /usr/share/fonts/truetype/liberation/LiberationSerif-BoldItalic.ttf
- /usr/share/fonts/truetype/liberation/LiberationSerif-Bold.ttf
- /usr/share/fonts/truetype/lato/Lato-Medium.ttf
- /usr/share/fonts/truetype/dejavu/DejaVuSerif-Bold.ttf
- /usr/share/fonts/truetype/lato/Lato-BoldItalic.ttf
- /usr/share/fonts/truetype/dejavu/DejaVuSansMono-Oblique.ttf
- /usr/share/fonts/truetype/liberation/LiberationMono-Bold.ttf
- /usr/share/fonts/truetype/dejavu/DejaVuSansCondensed-Oblique.ttf
- /usr/share/fonts/truetype/lato/Lato-Semibold.ttf
- /usr/share/fonts/truetype/dejavu/DejaVuSerifCondensed.ttf
- /usr/share/fonts/truetype/wqy/wqy-microhei.ttc
- /usr/share/fonts/truetype/dejavu/DejaVuSans-ExtraLight.ttf
- /usr/share/fonts/truetype/lato/Lato-HeavyItalic.ttf
- /usr/share/fonts/truetype/lato/Lato-LightItalic.ttf
- /usr/share/fonts/truetype/dejavu/DejaVuSans-BoldOblique.ttf
- /usr/share/fonts/truetype/dejavu/DejaVuSerifCondensed-Italic.ttf
- /usr/share/fonts/truetype/liberation/LiberationSerif-Italic.ttf
- /usr/share/fonts/truetype/lato/Lato-ThinItalic.ttf
- /usr/share/fonts/truetype/lato/Lato-Black.ttf
- /usr/share/fonts/truetype/liberation/LiberationSerif-Regular.ttf
- /usr/share/fonts/truetype/liberation/LiberationSans-Italic.ttf
- /usr/share/fonts/truetype/liberation/LiberationSans-BoldItalic.ttf
- /usr/share/fonts/truetype/lato/Lato-HairlineItalic.ttf
- /usr/share/fonts/opentype/noto/NotoSansCJK-Bold.ttc
- /usr/share/fonts/truetype/lato/Lato-SemiboldItalic.ttf
- /usr/share/fonts/truetype/dejavu/DejaVuSerif.ttf
- /usr/share/fonts/truetype/lato/Lato-Light.ttf

FontManager samples (name -> path):
DejaVu Sans Mono -> /opt/hostedtoolcache/Python/3.14.3/x64/lib/python3.14/site-packages/matplotlib/mpl-data/fonts/ttf/DejaVuSansMono-BoldOblique.ttf
DejaVu Sans Mono -> /opt/hostedtoolcache/Python/3.14.3/x64/lib/python3.14/site-packages/matplotlib/mpl-data/fonts/ttf/DejaVuSansMono-Oblique.ttf
DejaVu Serif -> /opt/hostedtoolcache/Python/3.14.3/x64/lib/python3.14/site-packages/matplotlib/mpl-data/fonts/ttf/DejaVuSerif-BoldItalic.ttf
STIXNonUnicode -> /opt/hostedtoolcache/Python/3.14.3/x64/lib/python3.14/site-packages/matplotlib/mpl-data/fonts/ttf/STIXNonUni.ttf
DejaVu Sans Display -> /opt/hostedtoolcache/Python/3.14.3/x64/lib/python3.14/site-packages/matplotlib/mpl-data/fonts/ttf/DejaVuSansDisplay.ttf
cmr10 -> /opt/hostedtoolcache/Python/3.14.3/x64/lib/python3.14/site-packages/matplotlib/mpl-data/fonts/ttf/cmr10.ttf
cmmi10 -> /opt/hostedtoolcache/Python/3.14.3/x64/lib/python3.14/site-packages/matplotlib/mpl-data/fonts/ttf/cmmi10.ttf
DejaVu Serif -> /opt/hostedtoolcache/Python/3.14.3/x64/lib/python3.14/site-packages/matplotlib/mpl-data/fonts/ttf/DejaVuSerif.ttf
STIXSizeOneSym -> /opt/hostedtoolcache/Python/3.14.3/x64/lib/python3.14/site-packages/matplotlib/mpl-data/fonts/ttf/STIXSizOneSymReg.ttf
DejaVu Sans Mono -> /opt/hostedtoolcache/Python/3.14.3/x64/lib/python3.14/site-packages/matplotlib/mpl-data/fonts/ttf/DejaVuSansMono.ttf
STIXNonUnicode -> /opt/hostedtoolcache/Python/3.14.3/x64/lib/python3.14/site-packages/matplotlib/mpl-data/fonts/ttf/STIXNonUniIta.ttf
STIXSizeThreeSym -> /opt/hostedtoolcache/Python/3.14.3/x64/lib/python3.14/site-packages/matplotlib/mpl-data/fonts/ttf/STIXSizThreeSymBol.ttf
STIXGeneral -> /opt/hostedtoolcache/Python/3.14.3/x64/lib/python3.14/site-packages/matplotlib/mpl-data/fonts/ttf/STIXGeneralBol.ttf
STIXSizeTwoSym -> /opt/hostedtoolcache/Python/3.14.3/x64/lib/python3.14/site-packages/matplotlib/mpl-data/fonts/ttf/STIXSizTwoSymReg.ttf
DejaVu Serif -> /opt/hostedtoolcache/Python/3.14.3/x64/lib/python3.14/site-packages/matplotlib/mpl-data/fonts/ttf/DejaVuSerif-Bold.ttf
DejaVu Sans Mono -> /opt/hostedtoolcache/Python/3.14.3/x64/lib/python3.14/site-packages/matplotlib/mpl-data/fonts/ttf/DejaVuSansMono-Bold.ttf
STIXSizeThreeSym -> /opt/hostedtoolcache/Python/3.14.3/x64/lib/python3.14/site-packages/matplotlib/mpl-data/fonts/ttf/STIXSizThreeSymReg.ttf
DejaVu Sans -> /opt/hostedtoolcache/Python/3.14.3/x64/lib/python3.14/site-packages/matplotlib/mpl-data/fonts/ttf/DejaVuSans-Oblique.ttf
STIXSizeFourSym -> /opt/hostedtoolcache/Python/3.14.3/x64/lib/python3.14/site-packages/matplotlib/mpl-data/fonts/ttf/STIXSizFourSymReg.ttf
STIXGeneral -> /opt/hostedtoolcache/Python/3.14.3/x64/lib/python3.14/site-packages/matplotlib/mpl-data/fonts/ttf/STIXGeneral.ttf
STIXNonUnicode -> /opt/hostedtoolcache/Python/3.14.3/x64/lib/python3.14/site-packages/matplotlib/mpl-data/fonts/ttf/STIXNonUniBol.ttf
cmb10 -> /opt/hostedtoolcache/Python/3.14.3/x64/lib/python3.14/site-packages/matplotlib/mpl-data/fonts/ttf/cmb10.ttf
DejaVu Serif -> /opt/hostedtoolcache/Python/3.14.3/x64/lib/python3.14/site-packages/matplotlib/mpl-data/fonts/ttf/DejaVuSerif-Italic.ttf
STIXSizeTwoSym -> /opt/hostedtoolcache/Python/3.14.3/x64/lib/python3.14/site-packages/matplotlib/mpl-data/fonts/ttf/STIXSizTwoSymBol.ttf
STIXNonUnicode -> /opt/hostedtoolcache/Python/3.14.3/x64/lib/python3.14/site-packages/matplotlib/mpl-data/fonts/ttf/STIXNonUniBolIta.ttf
cmex10 -> /opt/hostedtoolcache/Python/3.14.3/x64/lib/python3.14/site-packages/matplotlib/mpl-data/fonts/ttf/cmex10.ttf
cmsy10 -> /opt/hostedtoolcache/Python/3.14.3/x64/lib/python3.14/site-packages/matplotlib/mpl-data/fonts/ttf/cmsy10.ttf
DejaVu Serif Display -> /opt/hostedtoolcache/Python/3.14.3/x64/lib/python3.14/site-packages/matplotlib/mpl-data/fonts/ttf/DejaVuSerifDisplay.ttf
STIXGeneral -> /opt/hostedtoolcache/Python/3.14.3/x64/lib/python3.14/site-packages/matplotlib/mpl-data/fonts/ttf/STIXGeneralBolIta.ttf
DejaVu Sans -> /opt/hostedtoolcache/Python/3.14.3/x64/lib/python3.14/site-packages/matplotlib/mpl-data/fonts/ttf/DejaVuSans-Bold.ttf
STIXGeneral -> /opt/hostedtoolcache/Python/3.14.3/x64/lib/python3.14/site-packages/matplotlib/mpl-data/fonts/ttf/STIXGeneralItalic.ttf
STIXSizeFiveSym -> /opt/hostedtoolcache/Python/3.14.3/x64/lib/python3.14/site-packages/matplotlib/mpl-data/fonts/ttf/STIXSizFiveSymReg.ttf
DejaVu Sans -> /opt/hostedtoolcache/Python/3.14.3/x64/lib/python3.14/site-packages/matplotlib/mpl-data/fonts/ttf/DejaVuSans-BoldOblique.ttf
STIXSizeFourSym -> /opt/hostedtoolcache/Python/3.14.3/x64/lib/python3.14/site-packages/matplotlib/mpl-data/fonts/ttf/STIXSizFourSymBol.ttf
DejaVu Sans -> /opt/hostedtoolcache/Python/3.14.3/x64/lib/python3.14/site-packages/matplotlib/mpl-data/fonts/ttf/DejaVuSans.ttf
cmtt10 -> /opt/hostedtoolcache/Python/3.14.3/x64/lib/python3.14/site-packages/matplotlib/mpl-data/fonts/ttf/cmtt10.ttf
STIXSizeOneSym -> /opt/hostedtoolcache/Python/3.14.3/x64/lib/python3.14/site-packages/matplotlib/mpl-data/fonts/ttf/STIXSizOneSymBol.ttf
cmss10 -> /opt/hostedtoolcache/Python/3.14.3/x64/lib/python3.14/site-packages/matplotlib/mpl-data/fonts/ttf/cmss10.ttf
DejaVu Sans -> /usr/share/fonts/truetype/dejavu/DejaVuSansCondensed-Bold.ttf
Lato -> /usr/share/fonts/truetype/lato/Lato-Thin.ttf
Lato -> /usr/share/fonts/truetype/lato/Lato-MediumItalic.ttf
DejaVu Sans -> /usr/share/fonts/truetype/dejavu/DejaVuSansCondensed.ttf
Lato -> /usr/share/fonts/truetype/lato/Lato-Hairline.ttf
Lato -> /usr/share/fonts/truetype/lato/Lato-Heavy.ttf
DejaVu Sans -> /usr/share/fonts/truetype/dejavu/DejaVuSans-Oblique.ttf
DejaVu Sans -> /usr/share/fonts/truetype/dejavu/DejaVuSans.ttf
Noto Sans CJK JP -> /usr/share/fonts/opentype/noto/NotoSansCJK-Regular.ttc
DejaVu Serif -> /usr/share/fonts/truetype/dejavu/DejaVuSerif-BoldItalic.ttf
Lato -> /usr/share/fonts/truetype/lato/Lato-Italic.ttf
Liberation Sans -> /usr/share/fonts/truetype/liberation/LiberationSans-Bold.ttf

Preferred font find results:
findfont('Microsoft YaHei') failed: Failed to find font Microsoft YaHei:style=normal:variant=normal:weight=normal:stretch=normal:size=10.0, and fallback to the default font was disabled
findfont('Segoe UI') failed: Failed to find font Segoe UI:style=normal:variant=normal:weight=normal:stretch=normal:size=10.0, and fallback to the default font was disabled
findfont('Arial Unicode MS') failed: Failed to find font Arial Unicode MS:style=normal:variant=normal:weight=normal:stretch=normal:size=10.0, and fallback to the default font was disabled
findfont('Noto Sans CJK SC') failed: Failed to find font Noto Sans CJK SC:style=normal:variant=normal:weight=normal:stretch=normal:size=10.0, and fallback to the default font was disabled
findfont('WenQuanYi Micro Hei') -> /usr/share/fonts/truetype/wqy/wqy-microhei.ttc
findfont('WenQuanYi Zen Hei') -> /usr/share/fonts/truetype/wqy/wqy-zenhei.ttc
findfont('DejaVu Sans') -> /opt/hostedtoolcache/Python/3.14.3/x64/lib/python3.14/site-packages/matplotlib/mpl-data/fonts/ttf/DejaVuSans.ttf

fc-list output sample (truncated to 10000 chars):
Liberation Mono - /usr/share/fonts/truetype/liberation/LiberationMono-Bold.ttf
Liberation Serif - /usr/share/fonts/truetype/liberation/LiberationSerif-BoldItalic.ttf
Lato,Lato Hairline - /usr/share/fonts/truetype/lato/Lato-Hairline.ttf
Lato,Lato Heavy - /usr/share/fonts/truetype/lato/Lato-Heavy.ttf
DejaVu Serif,DejaVu Serif Condensed - /usr/share/fonts/truetype/dejavu/DejaVuSerifCondensed-Italic.ttf
Lato,Lato Medium - /usr/share/fonts/truetype/lato/Lato-Medium.ttf
Lato,Lato Light - /usr/share/fonts/truetype/lato/Lato-LightItalic.ttf
WenQuanYi Zen Hei Sharp,文泉驛點陣正黑,文泉驿点阵正黑 - /usr/share/fonts/truetype/wqy/wqy-zenhei.ttc
WenQuanYi Micro Hei Mono,文泉驛等寬微米黑,文泉驿等宽微米黑 - /usr/share/fonts/truetype/wqy/wqy-microhei.ttc
Noto Sans Mono CJK KR - /usr/share/fonts/opentype/noto/NotoSansCJK-Bold.ttc
DejaVu Serif - /usr/share/fonts/truetype/dejavu/DejaVuSerif-Bold.ttf
Noto Sans Mono CJK JP - /usr/share/fonts/opentype/noto/NotoSansCJK-Bold.ttc
Noto Sans Mono CJK HK - /usr/share/fonts/opentype/noto/NotoSansCJK-Bold.ttc
Noto Serif CJK SC - /usr/share/fonts/opentype/noto/NotoSerifCJK-Regular.ttc
DejaVu Math TeX Gyre - /usr/share/fonts/truetype/dejavu/DejaVuMathTeXGyre.ttf
Liberation Sans - /usr/share/fonts/truetype/liberation/LiberationSans-Regular.ttf
Lato - /usr/share/fonts/truetype/lato/Lato-Italic.ttf
Liberation Sans - /usr/share/fonts/truetype/liberation/LiberationSans-Bold.ttf
Noto Serif CJK TC - /usr/share/fonts/opentype/noto/NotoSerifCJK-Regular.ttc
Noto Sans Mono CJK SC - /usr/share/fonts/opentype/noto/NotoSansCJK-Bold.ttc
Liberation Mono - /usr/share/fonts/truetype/liberation/LiberationMono-Italic.ttf
Noto Sans Mono CJK TC - /usr/share/fonts/opentype/noto/NotoSansCJK-Bold.ttc
DejaVu Sans,DejaVu Sans Condensed - /usr/share/fonts/truetype/dejavu/DejaVuSansCondensed.ttf
DejaVu Serif,DejaVu Serif Condensed - /usr/share/fonts/truetype/dejavu/DejaVuSerifCondensed.ttf
Liberation Serif - /usr/share/fonts/truetype/liberation/LiberationSerif-Italic.ttf
Lato,Lato Heavy - /usr/share/fonts/truetype/lato/Lato-HeavyItalic.ttf
Lato - /usr/share/fonts/truetype/lato/Lato-BoldItalic.ttf
Noto Serif CJK JP - /usr/share/fonts/opentype/noto/NotoSerifCJK-Regular.ttc
Lato,Lato Medium - /usr/share/fonts/truetype/lato/Lato-MediumItalic.ttf
Noto Serif CJK HK - /usr/share/fonts/opentype/noto/NotoSerifCJK-Regular.ttc
DejaVu Serif - /usr/share/fonts/truetype/dejavu/DejaVuSerif-Italic.ttf
DejaVu Sans - /usr/share/fonts/truetype/dejavu/DejaVuSans.ttf
Noto Serif CJK KR - /usr/share/fonts/opentype/noto/NotoSerifCJK-Regular.ttc
Lato,Lato Semibold - /usr/share/fonts/truetype/lato/Lato-SemiboldItalic.ttf
Lato,Lato Thin - /usr/share/fonts/truetype/lato/Lato-ThinItalic.ttf
DejaVu Sans,DejaVu Sans Condensed - /usr/share/fonts/truetype/dejavu/DejaVuSansCondensed-BoldOblique.ttf
Noto Sans CJK JP - /usr/share/fonts/opentype/noto/NotoSansCJK-Regular.ttc
Liberation Sans - /usr/share/fonts/truetype/liberation/LiberationSans-Italic.ttf
Noto Sans CJK HK - /usr/share/fonts/opentype/noto/NotoSansCJK-Regular.ttc
Lato,Lato Black - /usr/share/fonts/truetype/lato/Lato-BlackItalic.ttf
Lato,Lato Thin - /usr/share/fonts/truetype/lato/Lato-Thin.ttf
DejaVu Sans,DejaVu Sans Condensed - /usr/share/fonts/truetype/dejavu/DejaVuSansCondensed-Oblique.ttf
Noto Sans CJK KR - /usr/share/fonts/opentype/noto/NotoSansCJK-Regular.ttc
Lato,Lato Light - /usr/share/fonts/truetype/lato/Lato-Light.ttf
Noto Sans CJK TC - /usr/share/fonts/opentype/noto/NotoSansCJK-Regular.ttc
DejaVu Sans,DejaVu Sans Condensed - /usr/share/fonts/truetype/dejavu/DejaVuSansCondensed-Bold.ttf
DejaVu Sans Mono - /usr/share/fonts/truetype/dejavu/DejaVuSansMono-Oblique.ttf
Lato,Lato Hairline - /usr/share/fonts/truetype/lato/Lato-HairlineItalic.ttf
Noto Sans CJK SC - /usr/share/fonts/opentype/noto/NotoSansCJK-Regular.ttc
WenQuanYi Zen Hei,文泉驛正黑,文泉驿正黑 - /usr/share/fonts/truetype/wqy/wqy-zenhei.ttc
Lato,Lato Black - /usr/share/fonts/truetype/lato/Lato-Black.ttf
Lato - /usr/share/fonts/truetype/lato/Lato-Regular.ttf
DejaVu Sans - /usr/share/fonts/truetype/dejavu/DejaVuSans-BoldOblique.ttf
Liberation Mono - /usr/share/fonts/truetype/liberation/LiberationMono-BoldItalic.ttf
Noto Sans Mono CJK KR - /usr/share/fonts/opentype/noto/NotoSansCJK-Regular.ttc
Liberation Mono - /usr/share/fonts/truetype/liberation/LiberationMono-Regular.ttf
Noto Sans Mono CJK HK - /usr/share/fonts/opentype/noto/NotoSansCJK-Regular.ttc
DejaVu Sans,DejaVu Sans Light - /usr/share/fonts/truetype/dejavu/DejaVuSans-ExtraLight.ttf
DejaVu Serif - /usr/share/fonts/truetype/dejavu/DejaVuSerif.ttf
Noto Sans Mono CJK JP - /usr/share/fonts/opentype/noto/NotoSansCJK-Regular.ttc
Noto Serif CJK JP - /usr/share/fonts/opentype/noto/NotoSerifCJK-Bold.ttc
Noto Serif CJK HK - /usr/share/fonts/opentype/noto/NotoSerifCJK-Bold.ttc
Noto Serif CJK KR - /usr/share/fonts/opentype/noto/NotoSerifCJK-Bold.ttc
Noto Serif CJK TC - /usr/share/fonts/opentype/noto/NotoSerifCJK-Bold.ttc
Lato - /usr/share/fonts/truetype/lato/Lato-Bold.ttf
Noto Sans CJK SC - /usr/share/fonts/opentype/noto/NotoSansCJK-Bold.ttc
Noto Sans Mono CJK TC - /usr/share/fonts/opentype/noto/NotoSansCJK-Regular.ttc
Noto Sans CJK TC - /usr/share/fonts/opentype/noto/NotoSansCJK-Bold.ttc
Noto Serif CJK SC - /usr/share/fonts/opentype/noto/NotoSerifCJK-Bold.ttc
DejaVu Sans Mono - /usr/share/fonts/truetype/dejavu/DejaVuSansMono-Bold.ttf
DejaVu Serif - /usr/share/fonts/truetype/dejavu/DejaVuSerif-BoldItalic.ttf
WenQuanYi Zen Hei Mono,文泉驛等寬正黑,文泉驿等宽正黑 - /usr/share/fonts/truetype/wqy/wqy-zenhei.ttc
DejaVu Sans Mono - /usr/share/fonts/truetype/dejavu/DejaVuSansMono.ttf
Noto Sans CJK JP - /usr/share/fonts/opentype/noto/NotoSansCJK-Bold.ttc
Noto Sans CJK HK - /usr/share/fonts/opentype/noto/NotoSansCJK-Bold.ttc
Noto Sans CJK KR - /usr/share/fonts/opentype/noto/NotoSansCJK-Bold.ttc
WenQuanYi Micro Hei,文泉驛微米黑,文泉驿微米黑 - /usr/share/fonts/truetype/wqy/wqy-microhei.ttc
Noto Sans Mono CJK SC - /usr/share/fonts/opentype/noto/NotoSansCJK-Regular.ttc
Noto Color Emoji - /usr/share/fonts/truetype/noto/NotoColorEmoji.ttf
DejaVu Sans Mono - /usr/share/fonts/truetype/dejavu/DejaVuSansMono-BoldOblique.ttf
Liberation Sans - /usr/share/fonts/truetype/liberation/LiberationSans-BoldItalic.ttf
Liberation Serif - /usr/share/fonts/truetype/liberation/LiberationSerif-Regular.ttf
Lato,Lato Semibold - /usr/share/fonts/truetype/lato/Lato-Semibold.ttf
DejaVu Sans - /usr/share/fonts/truetype/dejavu/DejaVuSans-Oblique.ttf
DejaVu Serif,DejaVu Serif Condensed - /usr/share/fonts/truetype/dejavu/DejaVuSerifCondensed-Bold.ttf
DejaVu Sans - /usr/share/fonts/truetype/dejavu/DejaVuSans-Bold.ttf
Liberation Serif - /usr/share/fonts/truetype/liberation/LiberationSerif-Bold.ttf
DejaVu Serif,DejaVu Serif Condensed - /usr/share/fonts/truetype/dejavu/DejaVuSerifCondensed-BoldItalic.ttf

2026-02-19 03:36:25,115 - INFO - Matplotlib 字体设置：使用回退字体列表，首选可用字体: Noto Sans CJK JP
2026-02-19 03:36:27,162 - INFO - 使用 ChromeDriver: /usr/bin/chromedriver
2026-02-19 03:36:27,162 - WARNING - Using CPU. Note: This module is much faster with a GPU.
2026-02-19 03:36:28,660 - INFO - OCR识别器初始化成功
2026-02-19 03:36:28,660 - INFO - 开始南京大学电费监控流程（自动无头模式）
2026-02-19 03:36:28,660 - INFO - 正在打开页面: https://epay.nju.edu.cn/epay/h5/nju/electric/index
2026-02-19 03:36:38,404 - INFO - 等待登录表单加载...
2026-02-19 03:36:38,415 - INFO - 登录表单已加载
2026-02-19 03:36:38,415 - INFO - 开始填写登录表单...
2026-02-19 03:36:38,502 - INFO - 用户名填写完成
2026-02-19 03:36:38,574 - INFO - 密码填写完成
2026-02-19 03:36:38,574 - INFO - 检查是否有验证码...
2026-02-19 03:36:38,574 - INFO - 查找验证码图片...
2026-02-19 03:36:38,595 - INFO - 找到验证码图片，开始截图...
2026-02-19 03:36:38,652 - INFO - 验证码图片截取成功
2026-02-19 03:36:38,652 - INFO - 开始填写登录表单...
2026-02-19 03:36:38,725 - INFO - 用户名填写完成
2026-02-19 03:36:38,791 - INFO - 密码填写完成
2026-02-19 03:36:38,792 - INFO - 验证码图片已保存到 /home/runner/work/nju_electric_monitor/nju_electric_monitor/src/../data/captcha_debug.png
2026-02-19 03:36:38,792 - INFO - 验证码识别尝试 1/30
2026-02-19 03:36:38,792 - INFO - 开始识别验证码...（easyocr + pytesseract）
2026-02-19 03:36:38,919 - INFO - easyocr 结果: ['34(0.05)']
2026-02-19 03:36:39,051 - INFO - tesseract 结果: 3ubt
2026-02-19 03:36:39,122 - INFO - easyocr alt1 结果: ['34D(0.09)']
2026-02-19 03:36:39,220 - INFO - tesseract alt1 结果: Subt
2026-02-19 03:36:39,287 - INFO - easyocr alt2 结果: ['30(0.00)']
2026-02-19 03:36:39,389 - INFO - tesseract alt2 结果: Subt
2026-02-19 03:36:39,576 - INFO - easyocr alt3 结果: ['30(0.02)']
2026-02-19 03:36:39,687 - INFO - tesseract alt3 结果: Subt
2026-02-19 03:36:39,763 - INFO - easyocr alt4 结果: ['34(0.04)']
2026-02-19 03:36:39,864 - INFO - tesseract alt4 结果: 3ubt
2026-02-19 03:36:39,930 - INFO - easyocr alt5 结果: ['3(0.00)']
2026-02-19 03:36:40,026 - INFO - tesseract alt5 结果: 2ubt
2026-02-19 03:36:40,027 - INFO - 最终验证码识别结果: 3ubt (engine=tesseract, prob=0.5)
2026-02-19 03:36:40,027 - INFO - 查找验证码输入框...
2026-02-19 03:36:40,037 - ERROR - 未找到验证码输入框
2026-02-19 03:36:40,037 - WARNING - 验证码填写失败
2026-02-19 03:36:40,037 - INFO - 开始填写登录表单...
2026-02-19 03:36:40,101 - INFO - 用户名填写完成
2026-02-19 03:36:40,167 - INFO - 密码填写完成
2026-02-19 03:36:40,168 - INFO - 验证码图片已保存到 /home/runner/work/nju_electric_monitor/nju_electric_monitor/src/../data/captcha_debug.png
2026-02-19 03:36:40,168 - INFO - 验证码识别尝试 2/30
2026-02-19 03:36:40,168 - INFO - 开始识别验证码...（easyocr + pytesseract）
2026-02-19 03:36:40,273 - INFO - easyocr 结果: ['34(0.05)']
2026-02-19 03:36:40,370 - INFO - tesseract 结果: 3ubt
2026-02-19 03:36:40,438 - INFO - easyocr alt1 结果: ['34D(0.09)']
2026-02-19 03:36:40,538 - INFO - tesseract alt1 结果: Subt
2026-02-19 03:36:40,604 - INFO - easyocr alt2 结果: ['30(0.00)']
2026-02-19 03:36:40,701 - INFO - tesseract alt2 结果: Subt
2026-02-19 03:36:40,859 - INFO - easyocr alt3 结果: ['30(0.02)']
2026-02-19 03:36:40,969 - INFO - tesseract alt3 结果: Subt
2026-02-19 03:36:41,044 - INFO - easyocr alt4 结果: ['34(0.04)']
2026-02-19 03:36:41,141 - INFO - tesseract alt4 结果: 3ubt
2026-02-19 03:36:41,208 - INFO - easyocr alt5 结果: ['3(0.00)']
2026-02-19 03:36:41,305 - INFO - tesseract alt5 结果: 2ubt
2026-02-19 03:36:41,305 - INFO - 最终验证码识别结果: 3ubt (engine=tesseract, prob=0.5)
2026-02-19 03:36:41,305 - INFO - 查找验证码输入框...
2026-02-19 03:36:41,313 - ERROR - 未找到验证码输入框
2026-02-19 03:36:41,313 - WARNING - 验证码填写失败
2026-02-19 03:36:41,313 - INFO - 开始填写登录表单...
2026-02-19 03:36:41,378 - INFO - 用户名填写完成
2026-02-19 03:36:41,444 - INFO - 密码填写完成
2026-02-19 03:36:41,445 - INFO - 验证码图片已保存到 /home/runner/work/nju_electric_monitor/nju_electric_monitor/src/../data/captcha_debug.png
2026-02-19 03:36:41,445 - INFO - 验证码识别尝试 3/30
2026-02-19 03:36:41,445 - INFO - 开始识别验证码...（easyocr + pytesseract）
2026-02-19 03:36:41,552 - INFO - easyocr 结果: ['34(0.05)']
2026-02-19 03:36:41,652 - INFO - tesseract 结果: 3ubt
2026-02-19 03:36:41,722 - INFO - easyocr alt1 结果: ['34D(0.09)']
2026-02-19 03:36:41,823 - INFO - tesseract alt1 结果: Subt
2026-02-19 03:36:41,888 - INFO - easyocr alt2 结果: ['30(0.00)']
2026-02-19 03:36:41,989 - INFO - tesseract alt2 结果: Subt
2026-02-19 03:36:42,146 - INFO - easyocr alt3 结果: ['30(0.02)']
2026-02-19 03:36:42,259 - INFO - tesseract alt3 结果: Subt
2026-02-19 03:36:42,335 - INFO - easyocr alt4 结果: ['34(0.04)']
2026-02-19 03:36:42,437 - INFO - tesseract alt4 结果: 3ubt
2026-02-19 03:36:42,503 - INFO - easyocr alt5 结果: ['3(0.00)']
2026-02-19 03:36:42,601 - INFO - tesseract alt5 结果: 2ubt
2026-02-19 03:36:42,601 - INFO - 最终验证码识别结果: 3ubt (engine=tesseract, prob=0.5)
2026-02-19 03:36:42,601 - INFO - 查找验证码输入框...
2026-02-19 03:36:42,608 - ERROR - 未找到验证码输入框
2026-02-19 03:36:42,608 - WARNING - 验证码填写失败
2026-02-19 03:36:42,608 - INFO - 开始填写登录表单...
2026-02-19 03:36:42,674 - INFO - 用户名填写完成
2026-02-19 03:36:42,745 - INFO - 密码填写完成
2026-02-19 03:36:42,746 - INFO - 验证码图片已保存到 /home/runner/work/nju_electric_monitor/nju_electric_monitor/src/../data/captcha_debug.png
2026-02-19 03:36:42,746 - INFO - 验证码识别尝试 4/30
2026-02-19 03:36:42,746 - INFO - 开始识别验证码...（easyocr + pytesseract）
2026-02-19 03:36:42,853 - INFO - easyocr 结果: ['34(0.05)']
2026-02-19 03:36:42,954 - INFO - tesseract 结果: 3ubt
2026-02-19 03:36:43,023 - INFO - easyocr alt1 结果: ['34D(0.09)']
2026-02-19 03:36:43,119 - INFO - tesseract alt1 结果: Subt
2026-02-19 03:36:43,186 - INFO - easyocr alt2 结果: ['30(0.00)']
2026-02-19 03:36:43,284 - INFO - tesseract alt2 结果: Subt
2026-02-19 03:36:43,442 - INFO - easyocr alt3 结果: ['30(0.02)']
2026-02-19 03:36:43,557 - INFO - tesseract alt3 结果: Subt
2026-02-19 03:36:43,633 - INFO - easyocr alt4 结果: ['34(0.04)']
2026-02-19 03:36:43,734 - INFO - tesseract alt4 结果: 3ubt
2026-02-19 03:36:43,802 - INFO - easyocr alt5 结果: ['3(0.00)']
2026-02-19 03:36:43,899 - INFO - tesseract alt5 结果: 2ubt
2026-02-19 03:36:43,899 - INFO - 最终验证码识别结果: 3ubt (engine=tesseract, prob=0.5)
2026-02-19 03:36:43,899 - INFO - 查找验证码输入框...
2026-02-19 03:36:43,906 - ERROR - 未找到验证码输入框
2026-02-19 03:36:43,906 - WARNING - 验证码填写失败
2026-02-19 03:36:43,906 - INFO - 开始填写登录表单...
2026-02-19 03:36:43,970 - INFO - 用户名填写完成
2026-02-19 03:36:44,035 - INFO - 密码填写完成
2026-02-19 03:36:44,036 - INFO - 验证码图片已保存到 /home/runner/work/nju_electric_monitor/nju_electric_monitor/src/../data/captcha_debug.png
2026-02-19 03:36:44,036 - INFO - 验证码识别尝试 5/30
2026-02-19 03:36:44,036 - INFO - 开始识别验证码...（easyocr + pytesseract）
2026-02-19 03:36:44,142 - INFO - easyocr 结果: ['34(0.05)']
2026-02-19 03:36:44,242 - INFO - tesseract 结果: 3ubt
2026-02-19 03:36:44,309 - INFO - easyocr alt1 结果: ['34D(0.09)']
2026-02-19 03:36:44,407 - INFO - tesseract alt1 结果: Subt
2026-02-19 03:36:44,473 - INFO - easyocr alt2 结果: ['30(0.00)']
2026-02-19 03:36:44,573 - INFO - tesseract alt2 结果: Subt
2026-02-19 03:36:44,728 - INFO - easyocr alt3 结果: ['30(0.02)']
2026-02-19 03:36:44,839 - INFO - tesseract alt3 结果: Subt
2026-02-19 03:36:44,914 - INFO - easyocr alt4 结果: ['34(0.04)']
2026-02-19 03:36:45,014 - INFO - tesseract alt4 结果: 3ubt
2026-02-19 03:36:45,081 - INFO - easyocr alt5 结果: ['3(0.00)']
2026-02-19 03:36:45,178 - INFO - tesseract alt5 结果: 2ubt
2026-02-19 03:36:45,178 - INFO - 最终验证码识别结果: 3ubt (engine=tesseract, prob=0.5)
2026-02-19 03:36:45,178 - INFO - 查找验证码输入框...
2026-02-19 03:36:45,186 - ERROR - 未找到验证码输入框
2026-02-19 03:36:45,186 - WARNING - 验证码填写失败
2026-02-19 03:36:45,186 - INFO - 开始填写登录表单...
2026-02-19 03:36:45,250 - INFO - 用户名填写完成
2026-02-19 03:36:45,313 - INFO - 密码填写完成
2026-02-19 03:36:45,314 - INFO - 验证码图片已保存到 /home/runner/work/nju_electric_monitor/nju_electric_monitor/src/../data/captcha_debug.png
2026-02-19 03:36:45,314 - INFO - 验证码识别尝试 6/30
2026-02-19 03:36:45,314 - INFO - 开始识别验证码...（easyocr + pytesseract）
2026-02-19 03:36:45,420 - INFO - easyocr 结果: ['34(0.05)']
2026-02-19 03:36:45,522 - INFO - tesseract 结果: 3ubt
2026-02-19 03:36:45,589 - INFO - easyocr alt1 结果: ['34D(0.09)']
2026-02-19 03:36:45,691 - INFO - tesseract alt1 结果: Subt
2026-02-19 03:36:45,756 - INFO - easyocr alt2 结果: ['30(0.00)']
2026-02-19 03:36:45,854 - INFO - tesseract alt2 结果: Subt
2026-02-19 03:36:46,012 - INFO - easyocr alt3 结果: ['30(0.02)']
2026-02-19 03:36:46,122 - INFO - tesseract alt3 结果: Subt
2026-02-19 03:36:46,198 - INFO - easyocr alt4 结果: ['34(0.04)']
2026-02-19 03:36:46,303 - INFO - tesseract alt4 结果: 3ubt
2026-02-19 03:36:46,371 - INFO - easyocr alt5 结果: ['3(0.00)']
2026-02-19 03:36:46,474 - INFO - tesseract alt5 结果: 2ubt
2026-02-19 03:36:46,475 - INFO - 最终验证码识别结果: 3ubt (engine=tesseract, prob=0.5)
2026-02-19 03:36:46,475 - INFO - 查找验证码输入框...
2026-02-19 03:36:46,482 - ERROR - 未找到验证码输入框
2026-02-19 03:36:46,482 - WARNING - 验证码填写失败
2026-02-19 03:36:46,482 - INFO - 开始填写登录表单...
2026-02-19 03:36:46,544 - INFO - 用户名填写完成
2026-02-19 03:36:46,609 - INFO - 密码填写完成
2026-02-19 03:36:46,609 - INFO - 验证码图片已保存到 /home/runner/work/nju_electric_monitor/nju_electric_monitor/src/../data/captcha_debug.png
2026-02-19 03:36:46,609 - INFO - 验证码识别尝试 7/30
2026-02-19 03:36:46,609 - INFO - 开始识别验证码...（easyocr + pytesseract）
2026-02-19 03:36:46,716 - INFO - easyocr 结果: ['34(0.05)']
2026-02-19 03:36:46,816 - INFO - tesseract 结果: 3ubt
2026-02-19 03:36:46,883 - INFO - easyocr alt1 结果: ['34D(0.09)']
2026-02-19 03:36:46,985 - INFO - tesseract alt1 结果: Subt
2026-02-19 03:36:47,053 - INFO - easyocr alt2 结果: ['30(0.00)']
2026-02-19 03:36:47,154 - INFO - tesseract alt2 结果: Subt
2026-02-19 03:36:47,310 - INFO - easyocr alt3 结果: ['30(0.02)']
2026-02-19 03:36:47,422 - INFO - tesseract alt3 结果: Subt
2026-02-19 03:36:47,499 - INFO - easyocr alt4 结果: ['34(0.04)']
2026-02-19 03:36:47,598 - INFO - tesseract alt4 结果: 3ubt
2026-02-19 03:36:47,665 - INFO - easyocr alt5 结果: ['3(0.00)']
2026-02-19 03:36:47,766 - INFO - tesseract alt5 结果: 2ubt
2026-02-19 03:36:47,766 - INFO - 最终验证码识别结果: 3ubt (engine=tesseract, prob=0.5)
2026-02-19 03:36:47,766 - INFO - 查找验证码输入框...
2026-02-19 03:36:47,773 - ERROR - 未找到验证码输入框
2026-02-19 03:36:47,773 - WARNING - 验证码填写失败
2026-02-19 03:36:47,773 - INFO - 开始填写登录表单...
2026-02-19 03:36:47,836 - INFO - 用户名填写完成
2026-02-19 03:36:47,905 - INFO - 密码填写完成
2026-02-19 03:36:47,906 - INFO - 验证码图片已保存到 /home/runner/work/nju_electric_monitor/nju_electric_monitor/src/../data/captcha_debug.png
2026-02-19 03:36:47,906 - INFO - 验证码识别尝试 8/30
2026-02-19 03:36:47,906 - INFO - 开始识别验证码...（easyocr + pytesseract）
2026-02-19 03:36:48,013 - INFO - easyocr 结果: ['34(0.05)']
2026-02-19 03:36:48,114 - INFO - tesseract 结果: 3ubt
2026-02-19 03:36:48,182 - INFO - easyocr alt1 结果: ['34D(0.09)']
2026-02-19 03:36:48,295 - INFO - tesseract alt1 结果: Subt
2026-02-19 03:36:48,361 - INFO - easyocr alt2 结果: ['30(0.00)']
2026-02-19 03:36:48,460 - INFO - tesseract alt2 结果: Subt
2026-02-19 03:36:48,632 - INFO - easyocr alt3 结果: ['30(0.02)']
2026-02-19 03:36:48,744 - INFO - tesseract alt3 结果: Subt
2026-02-19 03:36:48,830 - INFO - easyocr alt4 结果: ['34(0.04)']
2026-02-19 03:36:48,928 - INFO - tesseract alt4 结果: 3ubt
2026-02-19 03:36:48,995 - INFO - easyocr alt5 结果: ['3(0.00)']
2026-02-19 03:36:49,093 - INFO - tesseract alt5 结果: 2ubt
2026-02-19 03:36:49,093 - INFO - 最终验证码识别结果: 3ubt (engine=tesseract, prob=0.5)
2026-02-19 03:36:49,093 - INFO - 查找验证码输入框...
2026-02-19 03:36:49,100 - ERROR - 未找到验证码输入框
2026-02-19 03:36:49,100 - WARNING - 验证码填写失败
2026-02-19 03:36:49,100 - INFO - 开始填写登录表单...
2026-02-19 03:36:49,163 - INFO - 用户名填写完成
2026-02-19 03:36:49,227 - INFO - 密码填写完成
2026-02-19 03:36:49,228 - INFO - 验证码图片已保存到 /home/runner/work/nju_electric_monitor/nju_electric_monitor/src/../data/captcha_debug.png
2026-02-19 03:36:49,228 - INFO - 验证码识别尝试 9/30
2026-02-19 03:36:49,228 - INFO - 开始识别验证码...（easyocr + pytesseract）
2026-02-19 03:36:49,335 - INFO - easyocr 结果: ['34(0.05)']
2026-02-19 03:36:49,432 - INFO - tesseract 结果: 3ubt
2026-02-19 03:36:49,499 - INFO - easyocr alt1 结果: ['34D(0.09)']
2026-02-19 03:36:49,598 - INFO - tesseract alt1 结果: Subt
2026-02-19 03:36:49,664 - INFO - easyocr alt2 结果: ['30(0.00)']
2026-02-19 03:36:49,764 - INFO - tesseract alt2 结果: Subt
2026-02-19 03:36:49,922 - INFO - easyocr alt3 结果: ['30(0.02)']
2026-02-19 03:36:50,034 - INFO - tesseract alt3 结果: Subt
2026-02-19 03:36:50,111 - INFO - easyocr alt4 结果: ['34(0.04)']
2026-02-19 03:36:50,212 - INFO - tesseract alt4 结果: 3ubt
2026-02-19 03:36:50,280 - INFO - easyocr alt5 结果: ['3(0.00)']
2026-02-19 03:36:50,389 - INFO - tesseract alt5 结果: 2ubt
2026-02-19 03:36:50,390 - INFO - 最终验证码识别结果: 3ubt (engine=tesseract, prob=0.5)
2026-02-19 03:36:50,390 - INFO - 查找验证码输入框...
2026-02-19 03:36:50,398 - ERROR - 未找到验证码输入框
2026-02-19 03:36:50,398 - WARNING - 验证码填写失败
2026-02-19 03:36:50,398 - INFO - 开始填写登录表单...
2026-02-19 03:36:50,462 - INFO - 用户名填写完成
2026-02-19 03:36:50,528 - INFO - 密码填写完成
2026-02-19 03:36:50,529 - INFO - 验证码图片已保存到 /home/runner/work/nju_electric_monitor/nju_electric_monitor/src/../data/captcha_debug.png
2026-02-19 03:36:50,529 - INFO - 验证码识别尝试 10/30
2026-02-19 03:36:50,529 - INFO - 开始识别验证码...（easyocr + pytesseract）
2026-02-19 03:36:50,642 - INFO - easyocr 结果: ['34(0.05)']
2026-02-19 03:36:50,740 - INFO - tesseract 结果: 3ubt
2026-02-19 03:36:50,813 - INFO - easyocr alt1 结果: ['34D(0.09)']
2026-02-19 03:36:50,910 - INFO - tesseract alt1 结果: Subt
2026-02-19 03:36:50,977 - INFO - easyocr alt2 结果: ['30(0.00)']
2026-02-19 03:36:51,078 - INFO - tesseract alt2 结果: Subt
2026-02-19 03:36:51,236 - INFO - easyocr alt3 结果: ['30(0.02)']
2026-02-19 03:36:51,348 - INFO - tesseract alt3 结果: Subt
2026-02-19 03:36:51,426 - INFO - easyocr alt4 结果: ['34(0.04)']
2026-02-19 03:36:51,523 - INFO - tesseract alt4 结果: 3ubt
2026-02-19 03:36:51,589 - INFO - easyocr alt5 结果: ['3(0.00)']
2026-02-19 03:36:51,690 - INFO - tesseract alt5 结果: 2ubt
2026-02-19 03:36:51,690 - INFO - 最终验证码识别结果: 3ubt (engine=tesseract, prob=0.5)
2026-02-19 03:36:51,690 - INFO - 查找验证码输入框...
2026-02-19 03:36:51,697 - ERROR - 未找到验证码输入框
2026-02-19 03:36:51,697 - WARNING - 验证码填写失败
2026-02-19 03:36:51,697 - INFO - 开始填写登录表单...
2026-02-19 03:36:51,762 - INFO - 用户名填写完成
2026-02-19 03:36:51,828 - INFO - 密码填写完成
2026-02-19 03:36:51,828 - INFO - 验证码图片已保存到 /home/runner/work/nju_electric_monitor/nju_electric_monitor/src/../data/captcha_debug.png
2026-02-19 03:36:51,828 - INFO - 验证码识别尝试 11/30
2026-02-19 03:36:51,828 - INFO - 开始识别验证码...（easyocr + pytesseract）
2026-02-19 03:36:51,949 - INFO - easyocr 结果: ['34(0.05)']
2026-02-19 03:36:52,050 - INFO - tesseract 结果: 3ubt
2026-02-19 03:36:52,117 - INFO - easyocr alt1 结果: ['34D(0.09)']
2026-02-19 03:36:52,218 - INFO - tesseract alt1 结果: Subt
2026-02-19 03:36:52,284 - INFO - easyocr alt2 结果: ['30(0.00)']
2026-02-19 03:36:52,383 - INFO - tesseract alt2 结果: Subt
2026-02-19 03:36:52,540 - INFO - easyocr alt3 结果: ['30(0.02)']
2026-02-19 03:36:52,650 - INFO - tesseract alt3 结果: Subt
2026-02-19 03:36:52,725 - INFO - easyocr alt4 结果: ['34(0.04)']
2026-02-19 03:36:52,824 - INFO - tesseract alt4 结果: 3ubt
2026-02-19 03:36:52,892 - INFO - easyocr alt5 结果: ['3(0.00)']
2026-02-19 03:36:52,990 - INFO - tesseract alt5 结果: 2ubt
2026-02-19 03:36:52,990 - INFO - 最终验证码识别结果: 3ubt (engine=tesseract, prob=0.5)
2026-02-19 03:36:52,990 - INFO - 查找验证码输入框...
2026-02-19 03:36:52,997 - ERROR - 未找到验证码输入框
2026-02-19 03:36:52,997 - WARNING - 验证码填写失败
2026-02-19 03:36:52,997 - INFO - 开始填写登录表单...
2026-02-19 03:36:53,060 - INFO - 用户名填写完成
2026-02-19 03:36:53,125 - INFO - 密码填写完成
2026-02-19 03:36:53,125 - INFO - 验证码图片已保存到 /home/runner/work/nju_electric_monitor/nju_electric_monitor/src/../data/captcha_debug.png
2026-02-19 03:36:53,125 - INFO - 验证码识别尝试 12/30
2026-02-19 03:36:53,125 - INFO - 开始识别验证码...（easyocr + pytesseract）
2026-02-19 03:36:53,239 - INFO - easyocr 结果: ['34(0.05)']
2026-02-19 03:36:53,340 - INFO - tesseract 结果: 3ubt
2026-02-19 03:36:53,411 - INFO - easyocr alt1 结果: ['34D(0.09)']
2026-02-19 03:36:53,512 - INFO - tesseract alt1 结果: Subt
2026-02-19 03:36:53,578 - INFO - easyocr alt2 结果: ['30(0.00)']
2026-02-19 03:36:53,679 - INFO - tesseract alt2 结果: Subt
2026-02-19 03:36:53,836 - INFO - easyocr alt3 结果: ['30(0.02)']
2026-02-19 03:36:53,950 - INFO - tesseract alt3 结果: Subt
2026-02-19 03:36:54,026 - INFO - easyocr alt4 结果: ['34(0.04)']
2026-02-19 03:36:54,125 - INFO - tesseract alt4 结果: 3ubt
2026-02-19 03:36:54,191 - INFO - easyocr alt5 结果: ['3(0.00)']
2026-02-19 03:36:54,297 - INFO - tesseract alt5 结果: 2ubt
2026-02-19 03:36:54,298 - INFO - 最终验证码识别结果: 3ubt (engine=tesseract, prob=0.5)
2026-02-19 03:36:54,298 - INFO - 查找验证码输入框...
2026-02-19 03:36:54,305 - ERROR - 未找到验证码输入框
2026-02-19 03:36:54,305 - WARNING - 验证码填写失败
2026-02-19 03:36:54,305 - INFO - 开始填写登录表单...
2026-02-19 03:36:54,369 - INFO - 用户名填写完成
2026-02-19 03:36:54,434 - INFO - 密码填写完成
2026-02-19 03:36:54,434 - INFO - 验证码图片已保存到 /home/runner/work/nju_electric_monitor/nju_electric_monitor/src/../data/captcha_debug.png
2026-02-19 03:36:54,434 - INFO - 验证码识别尝试 13/30
2026-02-19 03:36:54,435 - INFO - 开始识别验证码...（easyocr + pytesseract）
2026-02-19 03:36:54,548 - INFO - easyocr 结果: ['34(0.05)']
2026-02-19 03:36:54,646 - INFO - tesseract 结果: 3ubt
2026-02-19 03:36:54,715 - INFO - easyocr alt1 结果: ['34D(0.09)']
2026-02-19 03:36:54,820 - INFO - tesseract alt1 结果: Subt
2026-02-19 03:36:54,885 - INFO - easyocr alt2 结果: ['30(0.00)']
2026-02-19 03:36:54,983 - INFO - tesseract alt2 结果: Subt
2026-02-19 03:36:55,140 - INFO - easyocr alt3 结果: ['30(0.02)']
2026-02-19 03:36:55,251 - INFO - tesseract alt3 结果: Subt
2026-02-19 03:36:55,327 - INFO - easyocr alt4 结果: ['34(0.04)']
2026-02-19 03:36:55,425 - INFO - tesseract alt4 结果: 3ubt
2026-02-19 03:36:55,493 - INFO - easyocr alt5 结果: ['3(0.00)']
2026-02-19 03:36:55,590 - INFO - tesseract alt5 结果: 2ubt
2026-02-19 03:36:55,590 - INFO - 最终验证码识别结果: 3ubt (engine=tesseract, prob=0.5)
2026-02-19 03:36:55,590 - INFO - 查找验证码输入框...
2026-02-19 03:36:55,597 - ERROR - 未找到验证码输入框
2026-02-19 03:36:55,597 - WARNING - 验证码填写失败
2026-02-19 03:36:55,597 - INFO - 开始填写登录表单...
2026-02-19 03:36:55,661 - INFO - 用户名填写完成
2026-02-19 03:36:55,726 - INFO - 密码填写完成
2026-02-19 03:36:55,726 - INFO - 验证码图片已保存到 /home/runner/work/nju_electric_monitor/nju_electric_monitor/src/../data/captcha_debug.png
2026-02-19 03:36:55,726 - INFO - 验证码识别尝试 14/30
2026-02-19 03:36:55,727 - INFO - 开始识别验证码...（easyocr + pytesseract）
2026-02-19 03:36:55,833 - INFO - easyocr 结果: ['34(0.05)']
2026-02-19 03:36:55,933 - INFO - tesseract 结果: 3ubt
2026-02-19 03:36:56,001 - INFO - easyocr alt1 结果: ['34D(0.09)']
2026-02-19 03:36:56,099 - INFO - tesseract alt1 结果: Subt
2026-02-19 03:36:56,165 - INFO - easyocr alt2 结果: ['30(0.00)']
2026-02-19 03:36:56,262 - INFO - tesseract alt2 结果: Subt
2026-02-19 03:36:56,421 - INFO - easyocr alt3 结果: ['30(0.02)']
2026-02-19 03:36:56,532 - INFO - tesseract alt3 结果: Subt
2026-02-19 03:36:56,608 - INFO - easyocr alt4 结果: ['34(0.04)']
2026-02-19 03:36:56,707 - INFO - tesseract alt4 结果: 3ubt
2026-02-19 03:36:56,774 - INFO - easyocr alt5 结果: ['3(0.00)']
2026-02-19 03:36:56,874 - INFO - tesseract alt5 结果: 2ubt
2026-02-19 03:36:56,874 - INFO - 最终验证码识别结果: 3ubt (engine=tesseract, prob=0.5)
2026-02-19 03:36:56,874 - INFO - 查找验证码输入框...
2026-02-19 03:36:56,881 - ERROR - 未找到验证码输入框
2026-02-19 03:36:56,881 - WARNING - 验证码填写失败
2026-02-19 03:36:56,882 - INFO - 开始填写登录表单...
2026-02-19 03:36:56,945 - INFO - 用户名填写完成
2026-02-19 03:36:57,010 - INFO - 密码填写完成
2026-02-19 03:36:57,011 - INFO - 验证码图片已保存到 /home/runner/work/nju_electric_monitor/nju_electric_monitor/src/../data/captcha_debug.png
2026-02-19 03:36:57,011 - INFO - 验证码识别尝试 15/30
2026-02-19 03:36:57,011 - INFO - 开始识别验证码...（easyocr + pytesseract）
2026-02-19 03:36:57,120 - INFO - easyocr 结果: ['34(0.05)']
2026-02-19 03:36:57,221 - INFO - tesseract 结果: 3ubt
2026-02-19 03:36:57,288 - INFO - easyocr alt1 结果: ['34D(0.09)']
2026-02-19 03:36:57,390 - INFO - tesseract alt1 结果: Subt
2026-02-19 03:36:57,456 - INFO - easyocr alt2 结果: ['30(0.00)']
2026-02-19 03:36:57,556 - INFO - tesseract alt2 结果: Subt
2026-02-19 03:36:57,713 - INFO - easyocr alt3 结果: ['30(0.02)']
2026-02-19 03:36:57,824 - INFO - tesseract alt3 结果: Subt
2026-02-19 03:36:57,900 - INFO - easyocr alt4 结果: ['34(0.04)']
2026-02-19 03:36:57,999 - INFO - tesseract alt4 结果: 3ubt
2026-02-19 03:36:58,066 - INFO - easyocr alt5 结果: ['3(0.00)']
2026-02-19 03:36:58,164 - INFO - tesseract alt5 结果: 2ubt
2026-02-19 03:36:58,164 - INFO - 最终验证码识别结果: 3ubt (engine=tesseract, prob=0.5)
2026-02-19 03:36:58,164 - INFO - 查找验证码输入框...
2026-02-19 03:36:58,171 - ERROR - 未找到验证码输入框
2026-02-19 03:36:58,171 - WARNING - 验证码填写失败
2026-02-19 03:36:58,171 - INFO - 开始填写登录表单...
2026-02-19 03:36:58,239 - INFO - 用户名填写完成
2026-02-19 03:36:58,304 - INFO - 密码填写完成
2026-02-19 03:36:58,305 - INFO - 验证码图片已保存到 /home/runner/work/nju_electric_monitor/nju_electric_monitor/src/../data/captcha_debug.png
2026-02-19 03:36:58,305 - INFO - 验证码识别尝试 16/30
2026-02-19 03:36:58,305 - INFO - 开始识别验证码...（easyocr + pytesseract）
2026-02-19 03:36:58,411 - INFO - easyocr 结果: ['34(0.05)']
2026-02-19 03:36:58,509 - INFO - tesseract 结果: 3ubt
2026-02-19 03:36:58,577 - INFO - easyocr alt1 结果: ['34D(0.09)']
2026-02-19 03:36:58,674 - INFO - tesseract alt1 结果: Subt
2026-02-19 03:36:58,741 - INFO - easyocr alt2 结果: ['30(0.00)']
2026-02-19 03:36:58,842 - INFO - tesseract alt2 结果: Subt
2026-02-19 03:36:58,999 - INFO - easyocr alt3 结果: ['30(0.02)']
2026-02-19 03:36:59,112 - INFO - tesseract alt3 结果: Subt
2026-02-19 03:36:59,188 - INFO - easyocr alt4 结果: ['34(0.04)']
2026-02-19 03:36:59,287 - INFO - tesseract alt4 结果: 3ubt
2026-02-19 03:36:59,362 - INFO - easyocr alt5 结果: ['3(0.00)']
2026-02-19 03:36:59,460 - INFO - tesseract alt5 结果: 2ubt
2026-02-19 03:36:59,460 - INFO - 最终验证码识别结果: 3ubt (engine=tesseract, prob=0.5)
2026-02-19 03:36:59,460 - INFO - 查找验证码输入框...
2026-02-19 03:36:59,468 - ERROR - 未找到验证码输入框
2026-02-19 03:36:59,468 - WARNING - 验证码填写失败
2026-02-19 03:36:59,468 - INFO - 开始填写登录表单...
2026-02-19 03:36:59,532 - INFO - 用户名填写完成
2026-02-19 03:36:59,596 - INFO - 密码填写完成
2026-02-19 03:36:59,596 - INFO - 验证码图片已保存到 /home/runner/work/nju_electric_monitor/nju_electric_monitor/src/../data/captcha_debug.png
2026-02-19 03:36:59,597 - INFO - 验证码识别尝试 17/30
2026-02-19 03:36:59,597 - INFO - 开始识别验证码...（easyocr + pytesseract）
2026-02-19 03:36:59,702 - INFO - easyocr 结果: ['34(0.05)']
2026-02-19 03:36:59,801 - INFO - tesseract 结果: 3ubt
2026-02-19 03:36:59,867 - INFO - easyocr alt1 结果: ['34D(0.09)']
2026-02-19 03:36:59,964 - INFO - tesseract alt1 结果: Subt
2026-02-19 03:37:00,030 - INFO - easyocr alt2 结果: ['30(0.00)']
2026-02-19 03:37:00,126 - INFO - tesseract alt2 结果: Subt
2026-02-19 03:37:00,282 - INFO - easyocr alt3 结果: ['30(0.02)']
2026-02-19 03:37:00,392 - INFO - tesseract alt3 结果: Subt
2026-02-19 03:37:00,468 - INFO - easyocr alt4 结果: ['34(0.04)']
2026-02-19 03:37:00,566 - INFO - tesseract alt4 结果: 3ubt
2026-02-19 03:37:00,632 - INFO - easyocr alt5 结果: ['3(0.00)']
2026-02-19 03:37:00,731 - INFO - tesseract alt5 结果: 2ubt
2026-02-19 03:37:00,731 - INFO - 最终验证码识别结果: 3ubt (engine=tesseract, prob=0.5)
2026-02-19 03:37:00,731 - INFO - 查找验证码输入框...
2026-02-19 03:37:00,739 - ERROR - 未找到验证码输入框
2026-02-19 03:37:00,739 - WARNING - 验证码填写失败
2026-02-19 03:37:00,739 - INFO - 开始填写登录表单...
2026-02-19 03:37:00,802 - INFO - 用户名填写完成
2026-02-19 03:37:00,866 - INFO - 密码填写完成
2026-02-19 03:37:00,867 - INFO - 验证码图片已保存到 /home/runner/work/nju_electric_monitor/nju_electric_monitor/src/../data/captcha_debug.png
2026-02-19 03:37:00,867 - INFO - 验证码识别尝试 18/30
2026-02-19 03:37:00,867 - INFO - 开始识别验证码...（easyocr + pytesseract）
2026-02-19 03:37:00,985 - INFO - easyocr 结果: ['34(0.05)']
2026-02-19 03:37:01,085 - INFO - tesseract 结果: 3ubt
2026-02-19 03:37:01,153 - INFO - easyocr alt1 结果: ['34D(0.09)']
2026-02-19 03:37:01,252 - INFO - tesseract alt1 结果: Subt
2026-02-19 03:37:01,318 - INFO - easyocr alt2 结果: ['30(0.00)']
2026-02-19 03:37:01,415 - INFO - tesseract alt2 结果: Subt
2026-02-19 03:37:01,572 - INFO - easyocr alt3 结果: ['30(0.02)']
2026-02-19 03:37:01,683 - INFO - tesseract alt3 结果: Subt
2026-02-19 03:37:01,760 - INFO - easyocr alt4 结果: ['34(0.04)']
2026-02-19 03:37:01,859 - INFO - tesseract alt4 结果: 3ubt
2026-02-19 03:37:01,926 - INFO - easyocr alt5 结果: ['3(0.00)']
2026-02-19 03:37:02,024 - INFO - tesseract alt5 结果: 2ubt
2026-02-19 03:37:02,024 - INFO - 最终验证码识别结果: 3ubt (engine=tesseract, prob=0.5)
2026-02-19 03:37:02,024 - INFO - 查找验证码输入框...
2026-02-19 03:37:02,032 - ERROR - 未找到验证码输入框
2026-02-19 03:37:02,032 - WARNING - 验证码填写失败
2026-02-19 03:37:02,032 - INFO - 开始填写登录表单...
2026-02-19 03:37:02,096 - INFO - 用户名填写完成
2026-02-19 03:37:02,161 - INFO - 密码填写完成
2026-02-19 03:37:02,162 - INFO - 验证码图片已保存到 /home/runner/work/nju_electric_monitor/nju_electric_monitor/src/../data/captcha_debug.png
2026-02-19 03:37:02,162 - INFO - 验证码识别尝试 19/30
2026-02-19 03:37:02,162 - INFO - 开始识别验证码...（easyocr + pytesseract）
2026-02-19 03:37:02,268 - INFO - easyocr 结果: ['34(0.05)']
2026-02-19 03:37:02,367 - INFO - tesseract 结果: 3ubt
2026-02-19 03:37:02,436 - INFO - easyocr alt1 结果: ['34D(0.09)']
2026-02-19 03:37:02,534 - INFO - tesseract alt1 结果: Subt
2026-02-19 03:37:02,600 - INFO - easyocr alt2 结果: ['30(0.00)']
2026-02-19 03:37:02,700 - INFO - tesseract alt2 结果: Subt
2026-02-19 03:37:02,858 - INFO - easyocr alt3 结果: ['30(0.02)']
2026-02-19 03:37:02,969 - INFO - tesseract alt3 结果: Subt
2026-02-19 03:37:03,045 - INFO - easyocr alt4 结果: ['34(0.04)']
2026-02-19 03:37:03,145 - INFO - tesseract alt4 结果: 3ubt
2026-02-19 03:37:03,212 - INFO - easyocr alt5 结果: ['3(0.00)']
2026-02-19 03:37:03,309 - INFO - tesseract alt5 结果: 2ubt
2026-02-19 03:37:03,309 - INFO - 最终验证码识别结果: 3ubt (engine=tesseract, prob=0.5)
2026-02-19 03:37:03,309 - INFO - 查找验证码输入框...
2026-02-19 03:37:03,316 - ERROR - 未找到验证码输入框
2026-02-19 03:37:03,317 - WARNING - 验证码填写失败
2026-02-19 03:37:03,317 - INFO - 开始填写登录表单...
2026-02-19 03:37:03,381 - INFO - 用户名填写完成
2026-02-19 03:37:03,447 - INFO - 密码填写完成
2026-02-19 03:37:03,448 - INFO - 验证码图片已保存到 /home/runner/work/nju_electric_monitor/nju_electric_monitor/src/../data/captcha_debug.png
2026-02-19 03:37:03,448 - INFO - 验证码识别尝试 20/30
2026-02-19 03:37:03,448 - INFO - 开始识别验证码...（easyocr + pytesseract）
2026-02-19 03:37:03,554 - INFO - easyocr 结果: ['34(0.05)']
2026-02-19 03:37:03,655 - INFO - tesseract 结果: 3ubt
2026-02-19 03:37:03,723 - INFO - easyocr alt1 结果: ['34D(0.09)']
2026-02-19 03:37:03,821 - INFO - tesseract alt1 结果: Subt
2026-02-19 03:37:03,888 - INFO - easyocr alt2 结果: ['30(0.00)']
2026-02-19 03:37:03,984 - INFO - tesseract alt2 结果: Subt
2026-02-19 03:37:04,141 - INFO - easyocr alt3 结果: ['30(0.02)']
2026-02-19 03:37:04,256 - INFO - tesseract alt3 结果: Subt
2026-02-19 03:37:04,332 - INFO - easyocr alt4 结果: ['34(0.04)']
2026-02-19 03:37:04,431 - INFO - tesseract alt4 结果: 3ubt
2026-02-19 03:37:04,498 - INFO - easyocr alt5 结果: ['3(0.00)']
2026-02-19 03:37:04,594 - INFO - tesseract alt5 结果: 2ubt
2026-02-19 03:37:04,594 - INFO - 最终验证码识别结果: 3ubt (engine=tesseract, prob=0.5)
2026-02-19 03:37:04,594 - INFO - 查找验证码输入框...
2026-02-19 03:37:04,601 - ERROR - 未找到验证码输入框
2026-02-19 03:37:04,601 - WARNING - 验证码填写失败
2026-02-19 03:37:04,601 - INFO - 开始填写登录表单...
2026-02-19 03:37:04,667 - INFO - 用户名填写完成
2026-02-19 03:37:04,732 - INFO - 密码填写完成
2026-02-19 03:37:04,732 - INFO - 验证码图片已保存到 /home/runner/work/nju_electric_monitor/nju_electric_monitor/src/../data/captcha_debug.png
2026-02-19 03:37:04,733 - INFO - 验证码识别尝试 21/30
2026-02-19 03:37:04,733 - INFO - 开始识别验证码...（easyocr + pytesseract）
2026-02-19 03:37:04,839 - INFO - easyocr 结果: ['34(0.05)']
2026-02-19 03:37:04,937 - INFO - tesseract 结果: 3ubt
2026-02-19 03:37:05,012 - INFO - easyocr alt1 结果: ['34D(0.09)']
2026-02-19 03:37:05,111 - INFO - tesseract alt1 结果: Subt
2026-02-19 03:37:05,186 - INFO - easyocr alt2 结果: ['30(0.00)']
2026-02-19 03:37:05,305 - INFO - tesseract alt2 结果: Subt
2026-02-19 03:37:05,475 - INFO - easyocr alt3 结果: ['30(0.02)']
2026-02-19 03:37:05,585 - INFO - tesseract alt3 结果: Subt
2026-02-19 03:37:05,662 - INFO - easyocr alt4 结果: ['34(0.04)']
2026-02-19 03:37:05,762 - INFO - tesseract alt4 结果: 3ubt
2026-02-19 03:37:05,828 - INFO - easyocr alt5 结果: ['3(0.00)']
2026-02-19 03:37:05,928 - INFO - tesseract alt5 结果: 2ubt
2026-02-19 03:37:05,928 - INFO - 最终验证码识别结果: 3ubt (engine=tesseract, prob=0.5)
2026-02-19 03:37:05,929 - INFO - 查找验证码输入框...
2026-02-19 03:37:05,936 - ERROR - 未找到验证码输入框
2026-02-19 03:37:05,936 - WARNING - 验证码填写失败
2026-02-19 03:37:05,936 - INFO - 开始填写登录表单...
2026-02-19 03:37:06,002 - INFO - 用户名填写完成
2026-02-19 03:37:06,068 - INFO - 密码填写完成
2026-02-19 03:37:06,069 - INFO - 验证码图片已保存到 /home/runner/work/nju_electric_monitor/nju_electric_monitor/src/../data/captcha_debug.png
2026-02-19 03:37:06,069 - INFO - 验证码识别尝试 22/30
2026-02-19 03:37:06,069 - INFO - 开始识别验证码...（easyocr + pytesseract）
2026-02-19 03:37:06,198 - INFO - easyocr 结果: ['34(0.05)']
2026-02-19 03:37:06,298 - INFO - tesseract 结果: 3ubt
2026-02-19 03:37:06,374 - INFO - easyocr alt1 结果: ['34D(0.09)']
2026-02-19 03:37:06,476 - INFO - tesseract alt1 结果: Subt
2026-02-19 03:37:06,543 - INFO - easyocr alt2 结果: ['30(0.00)']
2026-02-19 03:37:06,643 - INFO - tesseract alt2 结果: Subt
2026-02-19 03:37:06,802 - INFO - easyocr alt3 结果: ['30(0.02)']
2026-02-19 03:37:06,912 - INFO - tesseract alt3 结果: Subt
2026-02-19 03:37:06,989 - INFO - easyocr alt4 结果: ['34(0.04)']
2026-02-19 03:37:07,089 - INFO - tesseract alt4 结果: 3ubt
2026-02-19 03:37:07,156 - INFO - easyocr alt5 结果: ['3(0.00)']
2026-02-19 03:37:07,256 - INFO - tesseract alt5 结果: 2ubt
2026-02-19 03:37:07,256 - INFO - 最终验证码识别结果: 3ubt (engine=tesseract, prob=0.5)
2026-02-19 03:37:07,256 - INFO - 查找验证码输入框...
2026-02-19 03:37:07,263 - ERROR - 未找到验证码输入框
2026-02-19 03:37:07,263 - WARNING - 验证码填写失败
2026-02-19 03:37:07,263 - INFO - 开始填写登录表单...
2026-02-19 03:37:07,327 - INFO - 用户名填写完成
2026-02-19 03:37:07,392 - INFO - 密码填写完成
2026-02-19 03:37:07,392 - INFO - 验证码图片已保存到 /home/runner/work/nju_electric_monitor/nju_electric_monitor/src/../data/captcha_debug.png
2026-02-19 03:37:07,393 - INFO - 验证码识别尝试 23/30
2026-02-19 03:37:07,393 - INFO - 开始识别验证码...（easyocr + pytesseract）
2026-02-19 03:37:07,499 - INFO - easyocr 结果: ['34(0.05)']
2026-02-19 03:37:07,599 - INFO - tesseract 结果: 3ubt
2026-02-19 03:37:07,666 - INFO - easyocr alt1 结果: ['34D(0.09)']
2026-02-19 03:37:07,766 - INFO - tesseract alt1 结果: Subt
2026-02-19 03:37:07,833 - INFO - easyocr alt2 结果: ['30(0.00)']
2026-02-19 03:37:07,934 - INFO - tesseract alt2 结果: Subt
2026-02-19 03:37:08,091 - INFO - easyocr alt3 结果: ['30(0.02)']
2026-02-19 03:37:08,201 - INFO - tesseract alt3 结果: Subt
2026-02-19 03:37:08,277 - INFO - easyocr alt4 结果: ['34(0.04)']
2026-02-19 03:37:08,375 - INFO - tesseract alt4 结果: 3ubt
2026-02-19 03:37:08,441 - INFO - easyocr alt5 结果: ['3(0.00)']
2026-02-19 03:37:08,539 - INFO - tesseract alt5 结果: 2ubt
2026-02-19 03:37:08,540 - INFO - 最终验证码识别结果: 3ubt (engine=tesseract, prob=0.5)
2026-02-19 03:37:08,540 - INFO - 查找验证码输入框...
2026-02-19 03:37:08,547 - ERROR - 未找到验证码输入框
2026-02-19 03:37:08,547 - WARNING - 验证码填写失败
2026-02-19 03:37:08,547 - INFO - 开始填写登录表单...
2026-02-19 03:37:08,610 - INFO - 用户名填写完成
2026-02-19 03:37:08,677 - INFO - 密码填写完成
2026-02-19 03:37:08,678 - INFO - 验证码图片已保存到 /home/runner/work/nju_electric_monitor/nju_electric_monitor/src/../data/captcha_debug.png
2026-02-19 03:37:08,678 - INFO - 验证码识别尝试 24/30
2026-02-19 03:37:08,678 - INFO - 开始识别验证码...（easyocr + pytesseract）
2026-02-19 03:37:08,784 - INFO - easyocr 结果: ['34(0.05)']
2026-02-19 03:37:08,882 - INFO - tesseract 结果: 3ubt
2026-02-19 03:37:08,948 - INFO - easyocr alt1 结果: ['34D(0.09)']
2026-02-19 03:37:09,048 - INFO - tesseract alt1 结果: Subt
2026-02-19 03:37:09,114 - INFO - easyocr alt2 结果: ['30(0.00)']
2026-02-19 03:37:09,213 - INFO - tesseract alt2 结果: Subt
2026-02-19 03:37:09,369 - INFO - easyocr alt3 结果: ['30(0.02)']
2026-02-19 03:37:09,478 - INFO - tesseract alt3 结果: Subt
2026-02-19 03:37:09,554 - INFO - easyocr alt4 结果: ['34(0.04)']
2026-02-19 03:37:09,650 - INFO - tesseract alt4 结果: 3ubt
2026-02-19 03:37:09,715 - INFO - easyocr alt5 结果: ['3(0.00)']
2026-02-19 03:37:09,816 - INFO - tesseract alt5 结果: 2ubt
2026-02-19 03:37:09,816 - INFO - 最终验证码识别结果: 3ubt (engine=tesseract, prob=0.5)
2026-02-19 03:37:09,816 - INFO - 查找验证码输入框...
2026-02-19 03:37:09,823 - ERROR - 未找到验证码输入框
2026-02-19 03:37:09,823 - WARNING - 验证码填写失败
2026-02-19 03:37:09,823 - INFO - 开始填写登录表单...
2026-02-19 03:37:09,885 - INFO - 用户名填写完成
2026-02-19 03:37:09,949 - INFO - 密码填写完成
2026-02-19 03:37:09,950 - INFO - 验证码图片已保存到 /home/runner/work/nju_electric_monitor/nju_electric_monitor/src/../data/captcha_debug.png
2026-02-19 03:37:09,950 - INFO - 验证码识别尝试 25/30
2026-02-19 03:37:09,950 - INFO - 开始识别验证码...（easyocr + pytesseract）
2026-02-19 03:37:10,055 - INFO - easyocr 结果: ['34(0.05)']
2026-02-19 03:37:10,159 - INFO - tesseract 结果: 3ubt
2026-02-19 03:37:10,226 - INFO - easyocr alt1 结果: ['34D(0.09)']
2026-02-19 03:37:10,322 - INFO - tesseract alt1 结果: Subt
2026-02-19 03:37:10,388 - INFO - easyocr alt2 结果: ['30(0.00)']
2026-02-19 03:37:10,486 - INFO - tesseract alt2 结果: Subt
2026-02-19 03:37:10,642 - INFO - easyocr alt3 结果: ['30(0.02)']
2026-02-19 03:37:10,751 - INFO - tesseract alt3 结果: Subt
2026-02-19 03:37:10,827 - INFO - easyocr alt4 结果: ['34(0.04)']
2026-02-19 03:37:10,927 - INFO - tesseract alt4 结果: 3ubt
2026-02-19 03:37:10,993 - INFO - easyocr alt5 结果: ['3(0.00)']
2026-02-19 03:37:11,090 - INFO - tesseract alt5 结果: 2ubt
2026-02-19 03:37:11,090 - INFO - 最终验证码识别结果: 3ubt (engine=tesseract, prob=0.5)
2026-02-19 03:37:11,090 - INFO - 查找验证码输入框...
2026-02-19 03:37:11,097 - ERROR - 未找到验证码输入框
2026-02-19 03:37:11,097 - WARNING - 验证码填写失败
2026-02-19 03:37:11,097 - INFO - 开始填写登录表单...
2026-02-19 03:37:11,160 - INFO - 用户名填写完成
2026-02-19 03:37:11,224 - INFO - 密码填写完成
2026-02-19 03:37:11,225 - INFO - 验证码图片已保存到 /home/runner/work/nju_electric_monitor/nju_electric_monitor/src/../data/captcha_debug.png
2026-02-19 03:37:11,225 - INFO - 验证码识别尝试 26/30
2026-02-19 03:37:11,225 - INFO - 开始识别验证码...（easyocr + pytesseract）
2026-02-19 03:37:11,340 - INFO - easyocr 结果: ['34(0.05)']
2026-02-19 03:37:11,440 - INFO - tesseract 结果: 3ubt
2026-02-19 03:37:11,507 - INFO - easyocr alt1 结果: ['34D(0.09)']
2026-02-19 03:37:11,605 - INFO - tesseract alt1 结果: Subt
2026-02-19 03:37:11,671 - INFO - easyocr alt2 结果: ['30(0.00)']
2026-02-19 03:37:11,769 - INFO - tesseract alt2 结果: Subt
2026-02-19 03:37:11,926 - INFO - easyocr alt3 结果: ['30(0.02)']
2026-02-19 03:37:12,035 - INFO - tesseract alt3 结果: Subt
2026-02-19 03:37:12,111 - INFO - easyocr alt4 结果: ['34(0.04)']
2026-02-19 03:37:12,208 - INFO - tesseract alt4 结果: 3ubt
2026-02-19 03:37:12,275 - INFO - easyocr alt5 结果: ['3(0.00)']
2026-02-19 03:37:12,374 - INFO - tesseract alt5 结果: 2ubt
2026-02-19 03:37:12,374 - INFO - 最终验证码识别结果: 3ubt (engine=tesseract, prob=0.5)
2026-02-19 03:37:12,374 - INFO - 查找验证码输入框...
2026-02-19 03:37:12,381 - ERROR - 未找到验证码输入框
2026-02-19 03:37:12,381 - WARNING - 验证码填写失败
2026-02-19 03:37:12,381 - INFO - 开始填写登录表单...
2026-02-19 03:37:12,444 - INFO - 用户名填写完成
2026-02-19 03:37:12,510 - INFO - 密码填写完成
2026-02-19 03:37:12,510 - INFO - 验证码图片已保存到 /home/runner/work/nju_electric_monitor/nju_electric_monitor/src/../data/captcha_debug.png
2026-02-19 03:37:12,510 - INFO - 验证码识别尝试 27/30
2026-02-19 03:37:12,510 - INFO - 开始识别验证码...（easyocr + pytesseract）
2026-02-19 03:37:12,622 - INFO - easyocr 结果: ['34(0.05)']
2026-02-19 03:37:12,723 - INFO - tesseract 结果: 3ubt
2026-02-19 03:37:12,790 - INFO - easyocr alt1 结果: ['34D(0.09)']
2026-02-19 03:37:12,892 - INFO - tesseract alt1 结果: Subt
2026-02-19 03:37:12,958 - INFO - easyocr alt2 结果: ['30(0.00)']
2026-02-19 03:37:13,056 - INFO - tesseract alt2 结果: Subt
2026-02-19 03:37:13,213 - INFO - easyocr alt3 结果: ['30(0.02)']
2026-02-19 03:37:13,321 - INFO - tesseract alt3 结果: Subt
2026-02-19 03:37:13,397 - INFO - easyocr alt4 结果: ['34(0.04)']
2026-02-19 03:37:13,497 - INFO - tesseract alt4 结果: 3ubt
2026-02-19 03:37:13,564 - INFO - easyocr alt5 结果: ['3(0.00)']
2026-02-19 03:37:13,662 - INFO - tesseract alt5 结果: 2ubt
2026-02-19 03:37:13,663 - INFO - 最终验证码识别结果: 3ubt (engine=tesseract, prob=0.5)
2026-02-19 03:37:13,663 - INFO - 查找验证码输入框...
2026-02-19 03:37:13,670 - ERROR - 未找到验证码输入框
2026-02-19 03:37:13,670 - WARNING - 验证码填写失败
2026-02-19 03:37:13,670 - INFO - 开始填写登录表单...
2026-02-19 03:37:13,737 - INFO - 用户名填写完成
2026-02-19 03:37:13,802 - INFO - 密码填写完成
2026-02-19 03:37:13,803 - INFO - 验证码图片已保存到 /home/runner/work/nju_electric_monitor/nju_electric_monitor/src/../data/captcha_debug.png
2026-02-19 03:37:13,803 - INFO - 验证码识别尝试 28/30
2026-02-19 03:37:13,803 - INFO - 开始识别验证码...（easyocr + pytesseract）
2026-02-19 03:37:13,917 - INFO - easyocr 结果: ['34(0.05)']
2026-02-19 03:37:14,016 - INFO - tesseract 结果: 3ubt
2026-02-19 03:37:14,084 - INFO - easyocr alt1 结果: ['34D(0.09)']
2026-02-19 03:37:14,187 - INFO - tesseract alt1 结果: Subt
2026-02-19 03:37:14,253 - INFO - easyocr alt2 结果: ['30(0.00)']
2026-02-19 03:37:14,352 - INFO - tesseract alt2 结果: Subt
2026-02-19 03:37:14,511 - INFO - easyocr alt3 结果: ['30(0.02)']
2026-02-19 03:37:14,621 - INFO - tesseract alt3 结果: Subt
2026-02-19 03:37:14,697 - INFO - easyocr alt4 结果: ['34(0.04)']
2026-02-19 03:37:14,800 - INFO - tesseract alt4 结果: 3ubt
2026-02-19 03:37:14,867 - INFO - easyocr alt5 结果: ['3(0.00)']
2026-02-19 03:37:14,966 - INFO - tesseract alt5 结果: 2ubt
2026-02-19 03:37:14,966 - INFO - 最终验证码识别结果: 3ubt (engine=tesseract, prob=0.5)
2026-02-19 03:37:14,966 - INFO - 查找验证码输入框...
2026-02-19 03:37:14,973 - ERROR - 未找到验证码输入框
2026-02-19 03:37:14,974 - WARNING - 验证码填写失败
2026-02-19 03:37:14,974 - INFO - 开始填写登录表单...
2026-02-19 03:37:15,038 - INFO - 用户名填写完成
2026-02-19 03:37:15,104 - INFO - 密码填写完成
2026-02-19 03:37:15,105 - INFO - 验证码图片已保存到 /home/runner/work/nju_electric_monitor/nju_electric_monitor/src/../data/captcha_debug.png
2026-02-19 03:37:15,105 - INFO - 验证码识别尝试 29/30
2026-02-19 03:37:15,105 - INFO - 开始识别验证码...（easyocr + pytesseract）
2026-02-19 03:37:15,212 - INFO - easyocr 结果: ['34(0.05)']
2026-02-19 03:37:15,314 - INFO - tesseract 结果: 3ubt
2026-02-19 03:37:15,381 - INFO - easyocr alt1 结果: ['34D(0.09)']
2026-02-19 03:37:15,479 - INFO - tesseract alt1 结果: Subt
2026-02-19 03:37:15,546 - INFO - easyocr alt2 结果: ['30(0.00)']
2026-02-19 03:37:15,643 - INFO - tesseract alt2 结果: Subt
2026-02-19 03:37:15,800 - INFO - easyocr alt3 结果: ['30(0.02)']
2026-02-19 03:37:15,911 - INFO - tesseract alt3 结果: Subt
2026-02-19 03:37:15,987 - INFO - easyocr alt4 结果: ['34(0.04)']
2026-02-19 03:37:16,087 - INFO - tesseract alt4 结果: 3ubt
2026-02-19 03:37:16,154 - INFO - easyocr alt5 结果: ['3(0.00)']
2026-02-19 03:37:16,255 - INFO - tesseract alt5 结果: 2ubt
2026-02-19 03:37:16,255 - INFO - 最终验证码识别结果: 3ubt (engine=tesseract, prob=0.5)
2026-02-19 03:37:16,255 - INFO - 查找验证码输入框...
2026-02-19 03:37:16,263 - ERROR - 未找到验证码输入框
2026-02-19 03:37:16,263 - WARNING - 验证码填写失败
2026-02-19 03:37:16,263 - INFO - 开始填写登录表单...
2026-02-19 03:37:16,325 - INFO - 用户名填写完成
2026-02-19 03:37:16,390 - INFO - 密码填写完成
2026-02-19 03:37:16,390 - INFO - 验证码图片已保存到 /home/runner/work/nju_electric_monitor/nju_electric_monitor/src/../data/captcha_debug.png
2026-02-19 03:37:16,390 - INFO - 验证码识别尝试 30/30
2026-02-19 03:37:16,390 - INFO - 开始识别验证码...（easyocr + pytesseract）
2026-02-19 03:37:16,504 - INFO - easyocr 结果: ['34(0.05)']
2026-02-19 03:37:16,609 - INFO - tesseract 结果: 3ubt
2026-02-19 03:37:16,676 - INFO - easyocr alt1 结果: ['34D(0.09)']
2026-02-19 03:37:16,774 - INFO - tesseract alt1 结果: Subt
2026-02-19 03:37:16,839 - INFO - easyocr alt2 结果: ['30(0.00)']
2026-02-19 03:37:16,940 - INFO - tesseract alt2 结果: Subt
2026-02-19 03:37:17,097 - INFO - easyocr alt3 结果: ['30(0.02)']
2026-02-19 03:37:17,207 - INFO - tesseract alt3 结果: Subt
2026-02-19 03:37:17,283 - INFO - easyocr alt4 结果: ['34(0.04)']
2026-02-19 03:37:17,383 - INFO - tesseract alt4 结果: 3ubt
2026-02-19 03:37:17,449 - INFO - easyocr alt5 结果: ['3(0.00)']
2026-02-19 03:37:17,550 - INFO - tesseract alt5 结果: 2ubt
2026-02-19 03:37:17,551 - INFO - 最终验证码识别结果: 3ubt (engine=tesseract, prob=0.5)
2026-02-19 03:37:17,551 - INFO - 查找验证码输入框...
2026-02-19 03:37:17,558 - ERROR - 未找到验证码输入框
2026-02-19 03:37:17,558 - WARNING - 验证码填写失败
2026-02-19 03:37:17,558 - WARNING - 自动验证码识别失败，请手动输入
请手动输入验证码: 2026-02-19 03:37:17,558 - ERROR - 处理验证码时出错: EOF when reading a line
2026-02-19 03:37:17,558 - WARNING - 验证码处理失败，但继续尝试登录
2026-02-19 03:37:17,558 - INFO - 查找并点击登录按钮...
2026-02-19 03:37:17,567 - ERROR - 未找到登录按钮
2026-02-19 03:37:17,567 - ERROR - 点击登录按钮失败
2026-02-19 03:37:17,567 - INFO - 等待登录成功...
2026-02-19 03:37:22,572 - INFO - 登录可能成功，继续下一步...
2026-02-19 03:37:22,572 - INFO - 查找'去充值'按钮...
2026-02-19 03:37:22,581 - ERROR - 未找到'去充值'按钮
2026-02-19 03:37:22,581 - WARNING - 点击充值按钮失败，尝试直接提取数据
2026-02-19 03:37:22,581 - INFO - 开始提取剩余电量信息...
2026-02-19 03:37:22,591 - INFO - 页面源码已保存到 /home/runner/work/nju_electric_monitor/nju_electric_monitor/src/../data/debug_page_source.html
2026-02-19 03:37:22,600 - WARNING - 未找到电量信息元素，尝试其他方法...
2026-02-19 03:37:22,609 - WARNING - 未找到i标签中的电量信息，尝试其他方法...
2026-02-19 03:37:22,618 - INFO - 在页面源码中查找电量信息...
2026-02-19 03:37:22,631 - WARNING - 未能提取到剩余电量信息
2026-02-19 03:37:22,631 - WARNING - 没有电量数据可保存
2026-02-19 03:37:22,631 - INFO - 监控流程完成
Wrapper end: 2026-02-19T11:37:22.712523+08:00
