Wrapper start: 2026-02-20T21:57:11.400470+08:00

=== ENVIRONMENT SUMMARY ===
Environment variable keys (count=121):
- ACCEPT_EULA
- ACTIONS_ORCHESTRATION_ID
- ACTIONS_RUNNER_ACTION_ARCHIVE_CACHE
- AGENT_TOOLSDIRECTORY
- ANDROID_HOME
- ANDROID_NDK
- ANDROID_NDK_HOME
- ANDROID_NDK_LATEST_HOME
- ANDROID_NDK_ROOT
- ANDROID_SDK_ROOT
NJU_USERNAME set: yes
NJU_PASSWORD set: yes

=== DISK USAGE (df -h) ===
Filesystem      Size  Used Avail Use% Mounted on
/dev/root       145G   62G   83G  43% /
tmpfs           7.9G   84K  7.9G   1% /dev/shm
tmpfs           3.2G  2.6M  3.2G   1% /run
tmpfs           5.0M     0  5.0M   0% /run/lock
efivarfs        128M   32K  128M   1% /sys/firmware/efi/efivars
/dev/sda16      881M   62M  758M   8% /boot
/dev/sda15      105M  6.2M   99M   6% /boot/efi
tmpfs           1.6G   12K  1.6G   1% /run/user/1001


=== KEY DIR SIZES ===
20M	/home/runner/work/nju_electric_monitor/nju_electric_monitor/src/../logs

344K	/home/runner/work/nju_electric_monitor/nju_electric_monitor/src/../data

101M	/home/runner/work/nju_electric_monitor/nju_electric_monitor/src/../models


=== CONFIG_WORKFLOW SUMMARY ===
{
  "username": "",
  "password": "",
  "auto_login": true,
  "headless_mode": true,
  "captcha_retry_count": 30,
  "captcha_confidence_threshold": 0.3,
  "save_captcha_images": true,
  "log_level": "INFO"
}

=== FONT DIAGNOSTICS ===
Found system fonts (ttf) count: 59
- /usr/share/fonts/truetype/dejavu/DejaVuSansMono.ttf
- /usr/share/fonts/truetype/lato/Lato-Italic.ttf
- /usr/share/fonts/opentype/noto/NotoSansCJK-Bold.ttc
- /usr/share/fonts/truetype/dejavu/DejaVuSerif.ttf
- /usr/share/fonts/truetype/dejavu/DejaVuSansCondensed-Oblique.ttf
- /usr/share/fonts/truetype/liberation/LiberationSerif-Italic.ttf
- /usr/share/fonts/truetype/lato/Lato-LightItalic.ttf
- /usr/share/fonts/truetype/lato/Lato-Regular.ttf
- /usr/share/fonts/truetype/wqy/wqy-zenhei.ttc
- /usr/share/fonts/truetype/liberation/LiberationSans-Italic.ttf
- /usr/share/fonts/truetype/dejavu/DejaVuSerif-Bold.ttf
- /usr/share/fonts/truetype/dejavu/DejaVuMathTeXGyre.ttf
- /usr/share/fonts/truetype/lato/Lato-BoldItalic.ttf
- /usr/share/fonts/truetype/liberation/LiberationMono-Italic.ttf
- /usr/share/fonts/truetype/lato/Lato-Light.ttf
- /usr/share/fonts/truetype/lato/Lato-Bold.ttf
- /usr/share/fonts/truetype/dejavu/DejaVuSansMono-Oblique.ttf
- /usr/share/fonts/truetype/lato/Lato-Black.ttf
- /usr/share/fonts/truetype/dejavu/DejaVuSans-BoldOblique.ttf
- /usr/share/fonts/truetype/dejavu/DejaVuSans-Bold.ttf
- /usr/share/fonts/truetype/lato/Lato-HeavyItalic.ttf
- /usr/share/fonts/opentype/noto/NotoSansCJK-Regular.ttc
- /usr/share/fonts/truetype/dejavu/DejaVuSansCondensed-Bold.ttf
- /usr/share/fonts/truetype/lato/Lato-MediumItalic.ttf
- /usr/share/fonts/truetype/liberation/LiberationSans-Bold.ttf
- /usr/share/fonts/opentype/noto/NotoSerifCJK-Bold.ttc
- /usr/share/fonts/truetype/dejavu/DejaVuSansCondensed.ttf
- /usr/share/fonts/truetype/liberation/LiberationMono-Regular.ttf
- /usr/share/fonts/truetype/dejavu/DejaVuSerif-Italic.ttf
- /usr/share/fonts/truetype/liberation/LiberationSerif-Regular.ttf
- /usr/share/fonts/truetype/lato/Lato-BlackItalic.ttf
- /usr/share/fonts/opentype/noto/NotoSerifCJK-Regular.ttc
- /usr/share/fonts/truetype/dejavu/DejaVuSerifCondensed.ttf
- /usr/share/fonts/truetype/dejavu/DejaVuSerifCondensed-Bold.ttf
- /usr/share/fonts/truetype/liberation/LiberationSans-Regular.ttf
- /usr/share/fonts/truetype/lato/Lato-Heavy.ttf
- /usr/share/fonts/truetype/lato/Lato-SemiboldItalic.ttf
- /usr/share/fonts/truetype/dejavu/DejaVuSerifCondensed-Italic.ttf
- /usr/share/fonts/truetype/lato/Lato-Hairline.ttf
- /usr/share/fonts/truetype/wqy/wqy-microhei.ttc
- /usr/share/fonts/truetype/dejavu/DejaVuSansMono-Bold.ttf
- /usr/share/fonts/truetype/dejavu/DejaVuSansCondensed-BoldOblique.ttf
- /usr/share/fonts/truetype/liberation/LiberationSerif-BoldItalic.ttf
- /usr/share/fonts/truetype/noto/NotoColorEmoji.ttf
- /usr/share/fonts/truetype/lato/Lato-Medium.ttf
- /usr/share/fonts/truetype/dejavu/DejaVuSerifCondensed-BoldItalic.ttf
- /usr/share/fonts/truetype/lato/Lato-HairlineItalic.ttf
- /usr/share/fonts/truetype/liberation/LiberationSerif-Bold.ttf
- /usr/share/fonts/truetype/lato/Lato-Thin.ttf
- /usr/share/fonts/truetype/dejavu/DejaVuSansMono-BoldOblique.ttf

FontManager samples (name -> path):
DejaVu Sans Mono -> /opt/hostedtoolcache/Python/3.14.2/x64/lib/python3.14/site-packages/matplotlib/mpl-data/fonts/ttf/DejaVuSansMono-Oblique.ttf
STIXSizeFiveSym -> /opt/hostedtoolcache/Python/3.14.2/x64/lib/python3.14/site-packages/matplotlib/mpl-data/fonts/ttf/STIXSizFiveSymReg.ttf
cmss10 -> /opt/hostedtoolcache/Python/3.14.2/x64/lib/python3.14/site-packages/matplotlib/mpl-data/fonts/ttf/cmss10.ttf
STIXNonUnicode -> /opt/hostedtoolcache/Python/3.14.2/x64/lib/python3.14/site-packages/matplotlib/mpl-data/fonts/ttf/STIXNonUniBol.ttf
DejaVu Sans -> /opt/hostedtoolcache/Python/3.14.2/x64/lib/python3.14/site-packages/matplotlib/mpl-data/fonts/ttf/DejaVuSans.ttf
cmr10 -> /opt/hostedtoolcache/Python/3.14.2/x64/lib/python3.14/site-packages/matplotlib/mpl-data/fonts/ttf/cmr10.ttf
STIXSizeOneSym -> /opt/hostedtoolcache/Python/3.14.2/x64/lib/python3.14/site-packages/matplotlib/mpl-data/fonts/ttf/STIXSizOneSymReg.ttf
DejaVu Sans Mono -> /opt/hostedtoolcache/Python/3.14.2/x64/lib/python3.14/site-packages/matplotlib/mpl-data/fonts/ttf/DejaVuSansMono.ttf
DejaVu Serif -> /opt/hostedtoolcache/Python/3.14.2/x64/lib/python3.14/site-packages/matplotlib/mpl-data/fonts/ttf/DejaVuSerif-BoldItalic.ttf
STIXGeneral -> /opt/hostedtoolcache/Python/3.14.2/x64/lib/python3.14/site-packages/matplotlib/mpl-data/fonts/ttf/STIXGeneral.ttf
DejaVu Serif -> /opt/hostedtoolcache/Python/3.14.2/x64/lib/python3.14/site-packages/matplotlib/mpl-data/fonts/ttf/DejaVuSerif-Bold.ttf
STIXNonUnicode -> /opt/hostedtoolcache/Python/3.14.2/x64/lib/python3.14/site-packages/matplotlib/mpl-data/fonts/ttf/STIXNonUniBolIta.ttf
cmmi10 -> /opt/hostedtoolcache/Python/3.14.2/x64/lib/python3.14/site-packages/matplotlib/mpl-data/fonts/ttf/cmmi10.ttf
STIXSizeFourSym -> /opt/hostedtoolcache/Python/3.14.2/x64/lib/python3.14/site-packages/matplotlib/mpl-data/fonts/ttf/STIXSizFourSymBol.ttf
DejaVu Serif Display -> /opt/hostedtoolcache/Python/3.14.2/x64/lib/python3.14/site-packages/matplotlib/mpl-data/fonts/ttf/DejaVuSerifDisplay.ttf
DejaVu Serif -> /opt/hostedtoolcache/Python/3.14.2/x64/lib/python3.14/site-packages/matplotlib/mpl-data/fonts/ttf/DejaVuSerif.ttf
DejaVu Sans Display -> /opt/hostedtoolcache/Python/3.14.2/x64/lib/python3.14/site-packages/matplotlib/mpl-data/fonts/ttf/DejaVuSansDisplay.ttf
cmex10 -> /opt/hostedtoolcache/Python/3.14.2/x64/lib/python3.14/site-packages/matplotlib/mpl-data/fonts/ttf/cmex10.ttf
STIXGeneral -> /opt/hostedtoolcache/Python/3.14.2/x64/lib/python3.14/site-packages/matplotlib/mpl-data/fonts/ttf/STIXGeneralBol.ttf
STIXSizeTwoSym -> /opt/hostedtoolcache/Python/3.14.2/x64/lib/python3.14/site-packages/matplotlib/mpl-data/fonts/ttf/STIXSizTwoSymBol.ttf
STIXSizeOneSym -> /opt/hostedtoolcache/Python/3.14.2/x64/lib/python3.14/site-packages/matplotlib/mpl-data/fonts/ttf/STIXSizOneSymBol.ttf
STIXSizeThreeSym -> /opt/hostedtoolcache/Python/3.14.2/x64/lib/python3.14/site-packages/matplotlib/mpl-data/fonts/ttf/STIXSizThreeSymReg.ttf
STIXSizeThreeSym -> /opt/hostedtoolcache/Python/3.14.2/x64/lib/python3.14/site-packages/matplotlib/mpl-data/fonts/ttf/STIXSizThreeSymBol.ttf
STIXSizeFourSym -> /opt/hostedtoolcache/Python/3.14.2/x64/lib/python3.14/site-packages/matplotlib/mpl-data/fonts/ttf/STIXSizFourSymReg.ttf
STIXNonUnicode -> /opt/hostedtoolcache/Python/3.14.2/x64/lib/python3.14/site-packages/matplotlib/mpl-data/fonts/ttf/STIXNonUni.ttf
cmb10 -> /opt/hostedtoolcache/Python/3.14.2/x64/lib/python3.14/site-packages/matplotlib/mpl-data/fonts/ttf/cmb10.ttf
cmtt10 -> /opt/hostedtoolcache/Python/3.14.2/x64/lib/python3.14/site-packages/matplotlib/mpl-data/fonts/ttf/cmtt10.ttf
STIXNonUnicode -> /opt/hostedtoolcache/Python/3.14.2/x64/lib/python3.14/site-packages/matplotlib/mpl-data/fonts/ttf/STIXNonUniIta.ttf
DejaVu Sans Mono -> /opt/hostedtoolcache/Python/3.14.2/x64/lib/python3.14/site-packages/matplotlib/mpl-data/fonts/ttf/DejaVuSansMono-Bold.ttf
DejaVu Sans -> /opt/hostedtoolcache/Python/3.14.2/x64/lib/python3.14/site-packages/matplotlib/mpl-data/fonts/ttf/DejaVuSans-BoldOblique.ttf
DejaVu Sans -> /opt/hostedtoolcache/Python/3.14.2/x64/lib/python3.14/site-packages/matplotlib/mpl-data/fonts/ttf/DejaVuSans-Bold.ttf
DejaVu Sans -> /opt/hostedtoolcache/Python/3.14.2/x64/lib/python3.14/site-packages/matplotlib/mpl-data/fonts/ttf/DejaVuSans-Oblique.ttf
STIXGeneral -> /opt/hostedtoolcache/Python/3.14.2/x64/lib/python3.14/site-packages/matplotlib/mpl-data/fonts/ttf/STIXGeneralItalic.ttf
STIXGeneral -> /opt/hostedtoolcache/Python/3.14.2/x64/lib/python3.14/site-packages/matplotlib/mpl-data/fonts/ttf/STIXGeneralBolIta.ttf
STIXSizeTwoSym -> /opt/hostedtoolcache/Python/3.14.2/x64/lib/python3.14/site-packages/matplotlib/mpl-data/fonts/ttf/STIXSizTwoSymReg.ttf
DejaVu Serif -> /opt/hostedtoolcache/Python/3.14.2/x64/lib/python3.14/site-packages/matplotlib/mpl-data/fonts/ttf/DejaVuSerif-Italic.ttf
DejaVu Sans Mono -> /opt/hostedtoolcache/Python/3.14.2/x64/lib/python3.14/site-packages/matplotlib/mpl-data/fonts/ttf/DejaVuSansMono-BoldOblique.ttf
cmsy10 -> /opt/hostedtoolcache/Python/3.14.2/x64/lib/python3.14/site-packages/matplotlib/mpl-data/fonts/ttf/cmsy10.ttf
DejaVu Sans Mono -> /usr/share/fonts/truetype/dejavu/DejaVuSansMono.ttf
Lato -> /usr/share/fonts/truetype/lato/Lato-Italic.ttf
Noto Sans CJK JP -> /usr/share/fonts/opentype/noto/NotoSansCJK-Bold.ttc
DejaVu Serif -> /usr/share/fonts/truetype/dejavu/DejaVuSerif.ttf
DejaVu Sans -> /usr/share/fonts/truetype/dejavu/DejaVuSansCondensed-Oblique.ttf
Liberation Serif -> /usr/share/fonts/truetype/liberation/LiberationSerif-Italic.ttf
Lato -> /usr/share/fonts/truetype/lato/Lato-LightItalic.ttf
Lato -> /usr/share/fonts/truetype/lato/Lato-Regular.ttf
WenQuanYi Zen Hei -> /usr/share/fonts/truetype/wqy/wqy-zenhei.ttc
Liberation Sans -> /usr/share/fonts/truetype/liberation/LiberationSans-Italic.ttf
DejaVu Serif -> /usr/share/fonts/truetype/dejavu/DejaVuSerif-Bold.ttf
DejaVu Math TeX Gyre -> /usr/share/fonts/truetype/dejavu/DejaVuMathTeXGyre.ttf

Preferred font find results:
findfont('Microsoft YaHei') failed: Failed to find font Microsoft YaHei:style=normal:variant=normal:weight=normal:stretch=normal:size=10.0, and fallback to the default font was disabled
findfont('Segoe UI') failed: Failed to find font Segoe UI:style=normal:variant=normal:weight=normal:stretch=normal:size=10.0, and fallback to the default font was disabled
findfont('Arial Unicode MS') failed: Failed to find font Arial Unicode MS:style=normal:variant=normal:weight=normal:stretch=normal:size=10.0, and fallback to the default font was disabled
findfont('Noto Sans CJK SC') failed: Failed to find font Noto Sans CJK SC:style=normal:variant=normal:weight=normal:stretch=normal:size=10.0, and fallback to the default font was disabled
findfont('WenQuanYi Micro Hei') -> /usr/share/fonts/truetype/wqy/wqy-microhei.ttc
findfont('WenQuanYi Zen Hei') -> /usr/share/fonts/truetype/wqy/wqy-zenhei.ttc
findfont('DejaVu Sans') -> /opt/hostedtoolcache/Python/3.14.2/x64/lib/python3.14/site-packages/matplotlib/mpl-data/fonts/ttf/DejaVuSans.ttf

fc-list output sample (truncated to 10000 chars):
Liberation Mono - /usr/share/fonts/truetype/liberation/LiberationMono-Bold.ttf
Liberation Serif - /usr/share/fonts/truetype/liberation/LiberationSerif-BoldItalic.ttf
Lato,Lato Hairline - /usr/share/fonts/truetype/lato/Lato-Hairline.ttf
Lato,Lato Heavy - /usr/share/fonts/truetype/lato/Lato-Heavy.ttf
DejaVu Serif,DejaVu Serif Condensed - /usr/share/fonts/truetype/dejavu/DejaVuSerifCondensed-Italic.ttf
Lato,Lato Medium - /usr/share/fonts/truetype/lato/Lato-Medium.ttf
Lato,Lato Light - /usr/share/fonts/truetype/lato/Lato-LightItalic.ttf
WenQuanYi Zen Hei Sharp,文泉驛點陣正黑,文泉驿点阵正黑 - /usr/share/fonts/truetype/wqy/wqy-zenhei.ttc
WenQuanYi Micro Hei Mono,文泉驛等寬微米黑,文泉驿等宽微米黑 - /usr/share/fonts/truetype/wqy/wqy-microhei.ttc
Noto Sans Mono CJK KR - /usr/share/fonts/opentype/noto/NotoSansCJK-Bold.ttc
DejaVu Serif - /usr/share/fonts/truetype/dejavu/DejaVuSerif-Bold.ttf
Noto Sans Mono CJK JP - /usr/share/fonts/opentype/noto/NotoSansCJK-Bold.ttc
Noto Sans Mono CJK HK - /usr/share/fonts/opentype/noto/NotoSansCJK-Bold.ttc
Noto Serif CJK SC - /usr/share/fonts/opentype/noto/NotoSerifCJK-Regular.ttc
DejaVu Math TeX Gyre - /usr/share/fonts/truetype/dejavu/DejaVuMathTeXGyre.ttf
Liberation Sans - /usr/share/fonts/truetype/liberation/LiberationSans-Regular.ttf
Lato - /usr/share/fonts/truetype/lato/Lato-Italic.ttf
Liberation Sans - /usr/share/fonts/truetype/liberation/LiberationSans-Bold.ttf
Noto Serif CJK TC - /usr/share/fonts/opentype/noto/NotoSerifCJK-Regular.ttc
Noto Sans Mono CJK SC - /usr/share/fonts/opentype/noto/NotoSansCJK-Bold.ttc
Liberation Mono - /usr/share/fonts/truetype/liberation/LiberationMono-Italic.ttf
Noto Sans Mono CJK TC - /usr/share/fonts/opentype/noto/NotoSansCJK-Bold.ttc
DejaVu Sans,DejaVu Sans Condensed - /usr/share/fonts/truetype/dejavu/DejaVuSansCondensed.ttf
DejaVu Serif,DejaVu Serif Condensed - /usr/share/fonts/truetype/dejavu/DejaVuSerifCondensed.ttf
Liberation Serif - /usr/share/fonts/truetype/liberation/LiberationSerif-Italic.ttf
Lato,Lato Heavy - /usr/share/fonts/truetype/lato/Lato-HeavyItalic.ttf
Lato - /usr/share/fonts/truetype/lato/Lato-BoldItalic.ttf
Noto Serif CJK JP - /usr/share/fonts/opentype/noto/NotoSerifCJK-Regular.ttc
Lato,Lato Medium - /usr/share/fonts/truetype/lato/Lato-MediumItalic.ttf
Noto Serif CJK HK - /usr/share/fonts/opentype/noto/NotoSerifCJK-Regular.ttc
DejaVu Serif - /usr/share/fonts/truetype/dejavu/DejaVuSerif-Italic.ttf
DejaVu Sans - /usr/share/fonts/truetype/dejavu/DejaVuSans.ttf
Noto Serif CJK KR - /usr/share/fonts/opentype/noto/NotoSerifCJK-Regular.ttc
Lato,Lato Semibold - /usr/share/fonts/truetype/lato/Lato-SemiboldItalic.ttf
Lato,Lato Thin - /usr/share/fonts/truetype/lato/Lato-ThinItalic.ttf
DejaVu Sans,DejaVu Sans Condensed - /usr/share/fonts/truetype/dejavu/DejaVuSansCondensed-BoldOblique.ttf
Noto Sans CJK JP - /usr/share/fonts/opentype/noto/NotoSansCJK-Regular.ttc
Liberation Sans - /usr/share/fonts/truetype/liberation/LiberationSans-Italic.ttf
Noto Sans CJK HK - /usr/share/fonts/opentype/noto/NotoSansCJK-Regular.ttc
Lato,Lato Black - /usr/share/fonts/truetype/lato/Lato-BlackItalic.ttf
Lato,Lato Thin - /usr/share/fonts/truetype/lato/Lato-Thin.ttf
DejaVu Sans,DejaVu Sans Condensed - /usr/share/fonts/truetype/dejavu/DejaVuSansCondensed-Oblique.ttf
Noto Sans CJK KR - /usr/share/fonts/opentype/noto/NotoSansCJK-Regular.ttc
Lato,Lato Light - /usr/share/fonts/truetype/lato/Lato-Light.ttf
Noto Sans CJK TC - /usr/share/fonts/opentype/noto/NotoSansCJK-Regular.ttc
DejaVu Sans,DejaVu Sans Condensed - /usr/share/fonts/truetype/dejavu/DejaVuSansCondensed-Bold.ttf
DejaVu Sans Mono - /usr/share/fonts/truetype/dejavu/DejaVuSansMono-Oblique.ttf
Lato,Lato Hairline - /usr/share/fonts/truetype/lato/Lato-HairlineItalic.ttf
Noto Sans CJK SC - /usr/share/fonts/opentype/noto/NotoSansCJK-Regular.ttc
WenQuanYi Zen Hei,文泉驛正黑,文泉驿正黑 - /usr/share/fonts/truetype/wqy/wqy-zenhei.ttc
Lato,Lato Black - /usr/share/fonts/truetype/lato/Lato-Black.ttf
Lato - /usr/share/fonts/truetype/lato/Lato-Regular.ttf
DejaVu Sans - /usr/share/fonts/truetype/dejavu/DejaVuSans-BoldOblique.ttf
Liberation Mono - /usr/share/fonts/truetype/liberation/LiberationMono-BoldItalic.ttf
Noto Sans Mono CJK KR - /usr/share/fonts/opentype/noto/NotoSansCJK-Regular.ttc
Liberation Mono - /usr/share/fonts/truetype/liberation/LiberationMono-Regular.ttf
Noto Sans Mono CJK HK - /usr/share/fonts/opentype/noto/NotoSansCJK-Regular.ttc
DejaVu Sans,DejaVu Sans Light - /usr/share/fonts/truetype/dejavu/DejaVuSans-ExtraLight.ttf
DejaVu Serif - /usr/share/fonts/truetype/dejavu/DejaVuSerif.ttf
Noto Sans Mono CJK JP - /usr/share/fonts/opentype/noto/NotoSansCJK-Regular.ttc
Noto Serif CJK JP - /usr/share/fonts/opentype/noto/NotoSerifCJK-Bold.ttc
Noto Serif CJK HK - /usr/share/fonts/opentype/noto/NotoSerifCJK-Bold.ttc
Noto Serif CJK KR - /usr/share/fonts/opentype/noto/NotoSerifCJK-Bold.ttc
Noto Serif CJK TC - /usr/share/fonts/opentype/noto/NotoSerifCJK-Bold.ttc
Lato - /usr/share/fonts/truetype/lato/Lato-Bold.ttf
Noto Sans CJK SC - /usr/share/fonts/opentype/noto/NotoSansCJK-Bold.ttc
Noto Sans Mono CJK TC - /usr/share/fonts/opentype/noto/NotoSansCJK-Regular.ttc
Noto Sans CJK TC - /usr/share/fonts/opentype/noto/NotoSansCJK-Bold.ttc
Noto Serif CJK SC - /usr/share/fonts/opentype/noto/NotoSerifCJK-Bold.ttc
DejaVu Sans Mono - /usr/share/fonts/truetype/dejavu/DejaVuSansMono-Bold.ttf
DejaVu Serif - /usr/share/fonts/truetype/dejavu/DejaVuSerif-BoldItalic.ttf
WenQuanYi Zen Hei Mono,文泉驛等寬正黑,文泉驿等宽正黑 - /usr/share/fonts/truetype/wqy/wqy-zenhei.ttc
DejaVu Sans Mono - /usr/share/fonts/truetype/dejavu/DejaVuSansMono.ttf
Noto Sans CJK JP - /usr/share/fonts/opentype/noto/NotoSansCJK-Bold.ttc
Noto Sans CJK HK - /usr/share/fonts/opentype/noto/NotoSansCJK-Bold.ttc
Noto Sans CJK KR - /usr/share/fonts/opentype/noto/NotoSansCJK-Bold.ttc
WenQuanYi Micro Hei,文泉驛微米黑,文泉驿微米黑 - /usr/share/fonts/truetype/wqy/wqy-microhei.ttc
Noto Sans Mono CJK SC - /usr/share/fonts/opentype/noto/NotoSansCJK-Regular.ttc
Noto Color Emoji - /usr/share/fonts/truetype/noto/NotoColorEmoji.ttf
DejaVu Sans Mono - /usr/share/fonts/truetype/dejavu/DejaVuSansMono-BoldOblique.ttf
Liberation Sans - /usr/share/fonts/truetype/liberation/LiberationSans-BoldItalic.ttf
Liberation Serif - /usr/share/fonts/truetype/liberation/LiberationSerif-Regular.ttf
Lato,Lato Semibold - /usr/share/fonts/truetype/lato/Lato-Semibold.ttf
DejaVu Sans - /usr/share/fonts/truetype/dejavu/DejaVuSans-Oblique.ttf
DejaVu Serif,DejaVu Serif Condensed - /usr/share/fonts/truetype/dejavu/DejaVuSerifCondensed-Bold.ttf
DejaVu Sans - /usr/share/fonts/truetype/dejavu/DejaVuSans-Bold.ttf
Liberation Serif - /usr/share/fonts/truetype/liberation/LiberationSerif-Bold.ttf
DejaVu Serif,DejaVu Serif Condensed - /usr/share/fonts/truetype/dejavu/DejaVuSerifCondensed-BoldItalic.ttf

2026-02-20 13:57:17,763 - INFO - Matplotlib 字体设置：使用回退字体列表，首选可用字体: Noto Sans CJK JP
2026-02-20 13:57:19,208 - INFO - 使用 ChromeDriver: /usr/bin/chromedriver
2026-02-20 13:57:19,208 - WARNING - Using CPU. Note: This module is much faster with a GPU.
2026-02-20 13:57:20,684 - INFO - OCR识别器初始化成功
2026-02-20 13:57:20,684 - INFO - 开始南京大学电费监控流程（自动无头模式）
2026-02-20 13:57:20,684 - INFO - 正在打开页面: https://epay.nju.edu.cn/epay/h5/nju/electric/index
2026-02-20 13:57:28,067 - INFO - 等待登录表单加载...
2026-02-20 13:57:28,078 - INFO - 登录表单已加载
2026-02-20 13:57:28,078 - INFO - 开始填写登录表单...
2026-02-20 13:57:28,188 - INFO - 用户名填写完成
2026-02-20 13:57:28,257 - INFO - 密码填写完成
2026-02-20 13:57:28,257 - INFO - 检查是否有验证码...
2026-02-20 13:57:28,257 - INFO - 查找验证码图片...
2026-02-20 13:57:28,278 - INFO - 找到验证码图片，开始截图...
2026-02-20 13:57:28,326 - INFO - 验证码图片截取成功
2026-02-20 13:57:28,326 - INFO - 开始填写登录表单...
2026-02-20 13:57:28,405 - INFO - 用户名填写完成
2026-02-20 13:57:28,479 - INFO - 密码填写完成
2026-02-20 13:57:28,480 - INFO - 验证码图片已保存到 /home/runner/work/nju_electric_monitor/nju_electric_monitor/src/../data/captcha_debug.png
2026-02-20 13:57:28,480 - INFO - 验证码识别尝试 1/30
2026-02-20 13:57:28,480 - INFO - 开始识别验证码...（easyocr + pytesseract）
2026-02-20 13:57:28,596 - INFO - easyocr 结果: ['Gfsef(0.07)']
2026-02-20 13:57:28,860 - INFO - tesseract 结果: 6Df
2026-02-20 13:57:28,930 - INFO - easyocr alt1 结果: ['Gf(0.07)']
2026-02-20 13:57:29,034 - INFO - tesseract alt1 结果: 64D4
2026-02-20 13:57:29,080 - INFO - easyocr alt2 结果: ['Gf(0.38)']
2026-02-20 13:57:29,182 - INFO - tesseract alt2 结果: 64D4
2026-02-20 13:57:29,372 - INFO - easyocr alt3 结果: ['(0.02)']
2026-02-20 13:57:29,495 - INFO - tesseract alt3 结果: 64DJ
2026-02-20 13:57:29,542 - INFO - easyocr alt4 结果: ['Gef(0.12)']
2026-02-20 13:57:29,644 - INFO - tesseract alt4 结果: 64D4
2026-02-20 13:57:29,698 - INFO - easyocr alt5 结果: ['6(0.46)']
2026-02-20 13:57:29,798 - INFO - tesseract alt5 结果: 64D4
2026-02-20 13:57:29,798 - INFO - 最终验证码识别结果: 64D4 (engine=tesseract_alt1, prob=0.5)
2026-02-20 13:57:29,798 - INFO - 查找验证码输入框...
2026-02-20 13:57:29,807 - ERROR - 未找到验证码输入框
2026-02-20 13:57:29,808 - WARNING - 验证码填写失败
2026-02-20 13:57:29,808 - INFO - 开始填写登录表单...
2026-02-20 13:57:29,869 - INFO - 用户名填写完成
2026-02-20 13:57:29,932 - INFO - 密码填写完成
2026-02-20 13:57:29,933 - INFO - 验证码图片已保存到 /home/runner/work/nju_electric_monitor/nju_electric_monitor/src/../data/captcha_debug.png
2026-02-20 13:57:29,933 - INFO - 验证码识别尝试 2/30
2026-02-20 13:57:29,933 - INFO - 开始识别验证码...（easyocr + pytesseract）
2026-02-20 13:57:30,043 - INFO - easyocr 结果: ['Gfsef(0.07)']
2026-02-20 13:57:30,138 - INFO - tesseract 结果: 6Df
2026-02-20 13:57:30,207 - INFO - easyocr alt1 结果: ['Gf(0.07)']
2026-02-20 13:57:30,316 - INFO - tesseract alt1 结果: 64D4
2026-02-20 13:57:30,375 - INFO - easyocr alt2 结果: ['Gf(0.38)']
2026-02-20 13:57:30,478 - INFO - tesseract alt2 结果: 64D4
2026-02-20 13:57:30,635 - INFO - easyocr alt3 结果: ['(0.02)']
2026-02-20 13:57:30,755 - INFO - tesseract alt3 结果: 64DJ
2026-02-20 13:57:30,802 - INFO - easyocr alt4 结果: ['Gef(0.12)']
2026-02-20 13:57:30,902 - INFO - tesseract alt4 结果: 64D4
2026-02-20 13:57:30,949 - INFO - easyocr alt5 结果: ['6(0.46)']
2026-02-20 13:57:31,052 - INFO - tesseract alt5 结果: 64D4
2026-02-20 13:57:31,052 - INFO - 最终验证码识别结果: 64D4 (engine=tesseract_alt1, prob=0.5)
2026-02-20 13:57:31,052 - INFO - 查找验证码输入框...
2026-02-20 13:57:31,059 - ERROR - 未找到验证码输入框
2026-02-20 13:57:31,059 - WARNING - 验证码填写失败
2026-02-20 13:57:31,059 - INFO - 开始填写登录表单...
2026-02-20 13:57:31,121 - INFO - 用户名填写完成
2026-02-20 13:57:31,184 - INFO - 密码填写完成
2026-02-20 13:57:31,184 - INFO - 验证码图片已保存到 /home/runner/work/nju_electric_monitor/nju_electric_monitor/src/../data/captcha_debug.png
2026-02-20 13:57:31,184 - INFO - 验证码识别尝试 3/30
2026-02-20 13:57:31,184 - INFO - 开始识别验证码...（easyocr + pytesseract）
2026-02-20 13:57:31,280 - INFO - easyocr 结果: ['Gfsef(0.07)']
2026-02-20 13:57:31,374 - INFO - tesseract 结果: 6Df
2026-02-20 13:57:31,440 - INFO - easyocr alt1 结果: ['Gf(0.07)']
2026-02-20 13:57:31,554 - INFO - tesseract alt1 结果: 64D4
2026-02-20 13:57:31,600 - INFO - easyocr alt2 结果: ['Gf(0.38)']
2026-02-20 13:57:31,705 - INFO - tesseract alt2 结果: 64D4
2026-02-20 13:57:31,861 - INFO - easyocr alt3 结果: ['(0.02)']
2026-02-20 13:57:31,980 - INFO - tesseract alt3 结果: 64DJ
2026-02-20 13:57:32,026 - INFO - easyocr alt4 结果: ['Gef(0.12)']
2026-02-20 13:57:32,127 - INFO - tesseract alt4 结果: 64D4
2026-02-20 13:57:32,174 - INFO - easyocr alt5 结果: ['6(0.46)']
2026-02-20 13:57:32,276 - INFO - tesseract alt5 结果: 64D4
2026-02-20 13:57:32,276 - INFO - 最终验证码识别结果: 64D4 (engine=tesseract_alt1, prob=0.5)
2026-02-20 13:57:32,276 - INFO - 查找验证码输入框...
2026-02-20 13:57:32,283 - ERROR - 未找到验证码输入框
2026-02-20 13:57:32,283 - WARNING - 验证码填写失败
2026-02-20 13:57:32,283 - INFO - 开始填写登录表单...
2026-02-20 13:57:32,345 - INFO - 用户名填写完成
2026-02-20 13:57:32,414 - INFO - 密码填写完成
2026-02-20 13:57:32,414 - INFO - 验证码图片已保存到 /home/runner/work/nju_electric_monitor/nju_electric_monitor/src/../data/captcha_debug.png
2026-02-20 13:57:32,415 - INFO - 验证码识别尝试 4/30
2026-02-20 13:57:32,415 - INFO - 开始识别验证码...（easyocr + pytesseract）
2026-02-20 13:57:32,510 - INFO - easyocr 结果: ['Gfsef(0.07)']
2026-02-20 13:57:32,607 - INFO - tesseract 结果: 6Df
2026-02-20 13:57:32,675 - INFO - easyocr alt1 结果: ['Gf(0.07)']
2026-02-20 13:57:32,776 - INFO - tesseract alt1 结果: 64D4
2026-02-20 13:57:32,822 - INFO - easyocr alt2 结果: ['Gf(0.38)']
2026-02-20 13:57:32,924 - INFO - tesseract alt2 结果: 64D4
2026-02-20 13:57:33,080 - INFO - easyocr alt3 结果: ['(0.02)']
2026-02-20 13:57:33,198 - INFO - tesseract alt3 结果: 64DJ
2026-02-20 13:57:33,251 - INFO - easyocr alt4 结果: ['Gef(0.12)']
2026-02-20 13:57:33,352 - INFO - tesseract alt4 结果: 64D4
2026-02-20 13:57:33,398 - INFO - easyocr alt5 结果: ['6(0.46)']
2026-02-20 13:57:33,502 - INFO - tesseract alt5 结果: 64D4
2026-02-20 13:57:33,502 - INFO - 最终验证码识别结果: 64D4 (engine=tesseract_alt1, prob=0.5)
2026-02-20 13:57:33,502 - INFO - 查找验证码输入框...
2026-02-20 13:57:33,509 - ERROR - 未找到验证码输入框
2026-02-20 13:57:33,509 - WARNING - 验证码填写失败
2026-02-20 13:57:33,509 - INFO - 开始填写登录表单...
2026-02-20 13:57:33,573 - INFO - 用户名填写完成
2026-02-20 13:57:33,635 - INFO - 密码填写完成
2026-02-20 13:57:33,636 - INFO - 验证码图片已保存到 /home/runner/work/nju_electric_monitor/nju_electric_monitor/src/../data/captcha_debug.png
2026-02-20 13:57:33,636 - INFO - 验证码识别尝试 5/30
2026-02-20 13:57:33,636 - INFO - 开始识别验证码...（easyocr + pytesseract）
2026-02-20 13:57:33,732 - INFO - easyocr 结果: ['Gfsef(0.07)']
2026-02-20 13:57:33,828 - INFO - tesseract 结果: 6Df
2026-02-20 13:57:33,894 - INFO - easyocr alt1 结果: ['Gf(0.07)']
2026-02-20 13:57:33,999 - INFO - tesseract alt1 结果: 64D4
2026-02-20 13:57:34,046 - INFO - easyocr alt2 结果: ['Gf(0.38)']
2026-02-20 13:57:34,147 - INFO - tesseract alt2 结果: 64D4
2026-02-20 13:57:34,304 - INFO - easyocr alt3 结果: ['(0.02)']
2026-02-20 13:57:34,423 - INFO - tesseract alt3 结果: 64DJ
2026-02-20 13:57:34,469 - INFO - easyocr alt4 结果: ['Gef(0.12)']
2026-02-20 13:57:34,575 - INFO - tesseract alt4 结果: 64D4
2026-02-20 13:57:34,630 - INFO - easyocr alt5 结果: ['6(0.46)']
2026-02-20 13:57:34,730 - INFO - tesseract alt5 结果: 64D4
2026-02-20 13:57:34,730 - INFO - 最终验证码识别结果: 64D4 (engine=tesseract_alt1, prob=0.5)
2026-02-20 13:57:34,730 - INFO - 查找验证码输入框...
2026-02-20 13:57:34,737 - ERROR - 未找到验证码输入框
2026-02-20 13:57:34,737 - WARNING - 验证码填写失败
2026-02-20 13:57:34,737 - INFO - 开始填写登录表单...
2026-02-20 13:57:34,797 - INFO - 用户名填写完成
2026-02-20 13:57:34,861 - INFO - 密码填写完成
2026-02-20 13:57:34,862 - INFO - 验证码图片已保存到 /home/runner/work/nju_electric_monitor/nju_electric_monitor/src/../data/captcha_debug.png
2026-02-20 13:57:34,862 - INFO - 验证码识别尝试 6/30
2026-02-20 13:57:34,862 - INFO - 开始识别验证码...（easyocr + pytesseract）
2026-02-20 13:57:34,965 - INFO - easyocr 结果: ['Gfsef(0.07)']
2026-02-20 13:57:35,062 - INFO - tesseract 结果: 6Df
2026-02-20 13:57:35,128 - INFO - easyocr alt1 结果: ['Gf(0.07)']
2026-02-20 13:57:35,230 - INFO - tesseract alt1 结果: 64D4
2026-02-20 13:57:35,275 - INFO - easyocr alt2 结果: ['Gf(0.38)']
2026-02-20 13:57:35,376 - INFO - tesseract alt2 结果: 64D4
2026-02-20 13:57:35,529 - INFO - easyocr alt3 结果: ['(0.02)']
2026-02-20 13:57:35,647 - INFO - tesseract alt3 结果: 64DJ
2026-02-20 13:57:35,693 - INFO - easyocr alt4 结果: ['Gef(0.12)']
2026-02-20 13:57:35,795 - INFO - tesseract alt4 结果: 64D4
2026-02-20 13:57:35,841 - INFO - easyocr alt5 结果: ['6(0.46)']
2026-02-20 13:57:35,938 - INFO - tesseract alt5 结果: 64D4
2026-02-20 13:57:35,938 - INFO - 最终验证码识别结果: 64D4 (engine=tesseract_alt1, prob=0.5)
2026-02-20 13:57:35,938 - INFO - 查找验证码输入框...
2026-02-20 13:57:35,945 - ERROR - 未找到验证码输入框
2026-02-20 13:57:35,945 - WARNING - 验证码填写失败
2026-02-20 13:57:35,945 - INFO - 开始填写登录表单...
2026-02-20 13:57:36,006 - INFO - 用户名填写完成
2026-02-20 13:57:36,068 - INFO - 密码填写完成
2026-02-20 13:57:36,069 - INFO - 验证码图片已保存到 /home/runner/work/nju_electric_monitor/nju_electric_monitor/src/../data/captcha_debug.png
2026-02-20 13:57:36,069 - INFO - 验证码识别尝试 7/30
2026-02-20 13:57:36,069 - INFO - 开始识别验证码...（easyocr + pytesseract）
2026-02-20 13:57:36,165 - INFO - easyocr 结果: ['Gfsef(0.07)']
2026-02-20 13:57:36,260 - INFO - tesseract 结果: 6Df
2026-02-20 13:57:36,327 - INFO - easyocr alt1 结果: ['Gf(0.07)']
2026-02-20 13:57:36,428 - INFO - tesseract alt1 结果: 64D4
2026-02-20 13:57:36,473 - INFO - easyocr alt2 结果: ['Gf(0.38)']
2026-02-20 13:57:36,656 - INFO - tesseract alt2 结果: 64D4
2026-02-20 13:57:36,816 - INFO - easyocr alt3 结果: ['(0.02)']
2026-02-20 13:57:36,945 - INFO - tesseract alt3 结果: 64DJ
2026-02-20 13:57:36,991 - INFO - easyocr alt4 结果: ['Gef(0.12)']
2026-02-20 13:57:37,094 - INFO - tesseract alt4 结果: 64D4
2026-02-20 13:57:37,142 - INFO - easyocr alt5 结果: ['6(0.46)']
2026-02-20 13:57:37,244 - INFO - tesseract alt5 结果: 64D4
2026-02-20 13:57:37,244 - INFO - 最终验证码识别结果: 64D4 (engine=tesseract_alt1, prob=0.5)
2026-02-20 13:57:37,244 - INFO - 查找验证码输入框...
2026-02-20 13:57:37,251 - ERROR - 未找到验证码输入框
2026-02-20 13:57:37,251 - WARNING - 验证码填写失败
2026-02-20 13:57:37,251 - INFO - 开始填写登录表单...
2026-02-20 13:57:37,313 - INFO - 用户名填写完成
2026-02-20 13:57:37,382 - INFO - 密码填写完成
2026-02-20 13:57:37,454 - INFO - 验证码图片已保存到 /home/runner/work/nju_electric_monitor/nju_electric_monitor/src/../data/captcha_debug.png
2026-02-20 13:57:37,455 - INFO - 验证码识别尝试 8/30
2026-02-20 13:57:37,455 - INFO - 开始识别验证码...（easyocr + pytesseract）
2026-02-20 13:57:37,560 - INFO - easyocr 结果: ['Gfsef(0.07)']
2026-02-20 13:57:37,654 - INFO - tesseract 结果: 6Df
2026-02-20 13:57:37,732 - INFO - easyocr alt1 结果: ['Gf(0.07)']
2026-02-20 13:57:37,837 - INFO - tesseract alt1 结果: 64D4
2026-02-20 13:57:37,883 - INFO - easyocr alt2 结果: ['Gf(0.38)']
2026-02-20 13:57:37,986 - INFO - tesseract alt2 结果: 64D4
2026-02-20 13:57:38,146 - INFO - easyocr alt3 结果: ['(0.02)']
2026-02-20 13:57:38,276 - INFO - tesseract alt3 结果: 64DJ
2026-02-20 13:57:38,330 - INFO - easyocr alt4 结果: ['Gef(0.12)']
2026-02-20 13:57:38,434 - INFO - tesseract alt4 结果: 64D4
2026-02-20 13:57:38,480 - INFO - easyocr alt5 结果: ['6(0.46)']
2026-02-20 13:57:38,582 - INFO - tesseract alt5 结果: 64D4
2026-02-20 13:57:38,583 - INFO - 最终验证码识别结果: 64D4 (engine=tesseract_alt1, prob=0.5)
2026-02-20 13:57:38,583 - INFO - 查找验证码输入框...
2026-02-20 13:57:38,589 - ERROR - 未找到验证码输入框
2026-02-20 13:57:38,589 - WARNING - 验证码填写失败
2026-02-20 13:57:38,589 - INFO - 开始填写登录表单...
2026-02-20 13:57:38,650 - INFO - 用户名填写完成
2026-02-20 13:57:38,712 - INFO - 密码填写完成
2026-02-20 13:57:38,713 - INFO - 验证码图片已保存到 /home/runner/work/nju_electric_monitor/nju_electric_monitor/src/../data/captcha_debug.png
2026-02-20 13:57:38,713 - INFO - 验证码识别尝试 9/30
2026-02-20 13:57:38,713 - INFO - 开始识别验证码...（easyocr + pytesseract）
2026-02-20 13:57:38,809 - INFO - easyocr 结果: ['Gfsef(0.07)']
2026-02-20 13:57:38,904 - INFO - tesseract 结果: 6Df
2026-02-20 13:57:38,969 - INFO - easyocr alt1 结果: ['Gf(0.07)']
2026-02-20 13:57:39,071 - INFO - tesseract alt1 结果: 64D4
2026-02-20 13:57:39,118 - INFO - easyocr alt2 结果: ['Gf(0.38)']
2026-02-20 13:57:39,219 - INFO - tesseract alt2 结果: 64D4
2026-02-20 13:57:39,376 - INFO - easyocr alt3 结果: ['(0.02)']
2026-02-20 13:57:39,500 - INFO - tesseract alt3 结果: 64DJ
2026-02-20 13:57:39,546 - INFO - easyocr alt4 结果: ['Gef(0.12)']
2026-02-20 13:57:39,649 - INFO - tesseract alt4 结果: 64D4
2026-02-20 13:57:39,695 - INFO - easyocr alt5 结果: ['6(0.46)']
2026-02-20 13:57:39,799 - INFO - tesseract alt5 结果: 64D4
2026-02-20 13:57:39,799 - INFO - 最终验证码识别结果: 64D4 (engine=tesseract_alt1, prob=0.5)
2026-02-20 13:57:39,800 - INFO - 查找验证码输入框...
2026-02-20 13:57:39,806 - ERROR - 未找到验证码输入框
2026-02-20 13:57:39,806 - WARNING - 验证码填写失败
2026-02-20 13:57:39,806 - INFO - 开始填写登录表单...
2026-02-20 13:57:39,866 - INFO - 用户名填写完成
2026-02-20 13:57:39,928 - INFO - 密码填写完成
2026-02-20 13:57:39,929 - INFO - 验证码图片已保存到 /home/runner/work/nju_electric_monitor/nju_electric_monitor/src/../data/captcha_debug.png
2026-02-20 13:57:39,929 - INFO - 验证码识别尝试 10/30
2026-02-20 13:57:39,929 - INFO - 开始识别验证码...（easyocr + pytesseract）
2026-02-20 13:57:40,025 - INFO - easyocr 结果: ['Gfsef(0.07)']
2026-02-20 13:57:40,122 - INFO - tesseract 结果: 6Df
2026-02-20 13:57:40,191 - INFO - easyocr alt1 结果: ['Gf(0.07)']
2026-02-20 13:57:40,298 - INFO - tesseract alt1 结果: 64D4
2026-02-20 13:57:40,344 - INFO - easyocr alt2 结果: ['Gf(0.38)']
2026-02-20 13:57:40,446 - INFO - tesseract alt2 结果: 64D4
2026-02-20 13:57:40,602 - INFO - easyocr alt3 结果: ['(0.02)']
2026-02-20 13:57:40,724 - INFO - tesseract alt3 结果: 64DJ
2026-02-20 13:57:40,769 - INFO - easyocr alt4 结果: ['Gef(0.12)']
2026-02-20 13:57:40,871 - INFO - tesseract alt4 结果: 64D4
2026-02-20 13:57:40,916 - INFO - easyocr alt5 结果: ['6(0.46)']
2026-02-20 13:57:41,019 - INFO - tesseract alt5 结果: 64D4
2026-02-20 13:57:41,019 - INFO - 最终验证码识别结果: 64D4 (engine=tesseract_alt1, prob=0.5)
2026-02-20 13:57:41,020 - INFO - 查找验证码输入框...
2026-02-20 13:57:41,026 - ERROR - 未找到验证码输入框
2026-02-20 13:57:41,026 - WARNING - 验证码填写失败
2026-02-20 13:57:41,026 - INFO - 开始填写登录表单...
2026-02-20 13:57:41,087 - INFO - 用户名填写完成
2026-02-20 13:57:41,148 - INFO - 密码填写完成
2026-02-20 13:57:41,149 - INFO - 验证码图片已保存到 /home/runner/work/nju_electric_monitor/nju_electric_monitor/src/../data/captcha_debug.png
2026-02-20 13:57:41,149 - INFO - 验证码识别尝试 11/30
2026-02-20 13:57:41,149 - INFO - 开始识别验证码...（easyocr + pytesseract）
2026-02-20 13:57:41,250 - INFO - easyocr 结果: ['Gfsef(0.07)']
2026-02-20 13:57:41,353 - INFO - tesseract 结果: 6Df
2026-02-20 13:57:41,426 - INFO - easyocr alt1 结果: ['Gf(0.07)']
2026-02-20 13:57:41,527 - INFO - tesseract alt1 结果: 64D4
2026-02-20 13:57:41,574 - INFO - easyocr alt2 结果: ['Gf(0.38)']
2026-02-20 13:57:41,679 - INFO - tesseract alt2 结果: 64D4
2026-02-20 13:57:41,835 - INFO - easyocr alt3 结果: ['(0.02)']
2026-02-20 13:57:41,952 - INFO - tesseract alt3 结果: 64DJ
2026-02-20 13:57:41,997 - INFO - easyocr alt4 结果: ['Gef(0.12)']
2026-02-20 13:57:42,099 - INFO - tesseract alt4 结果: 64D4
2026-02-20 13:57:42,144 - INFO - easyocr alt5 结果: ['6(0.46)']
2026-02-20 13:57:42,243 - INFO - tesseract alt5 结果: 64D4
2026-02-20 13:57:42,243 - INFO - 最终验证码识别结果: 64D4 (engine=tesseract_alt1, prob=0.5)
2026-02-20 13:57:42,243 - INFO - 查找验证码输入框...
2026-02-20 13:57:42,249 - ERROR - 未找到验证码输入框
2026-02-20 13:57:42,249 - WARNING - 验证码填写失败
2026-02-20 13:57:42,250 - INFO - 开始填写登录表单...
2026-02-20 13:57:42,310 - INFO - 用户名填写完成
2026-02-20 13:57:42,373 - INFO - 密码填写完成
2026-02-20 13:57:42,374 - INFO - 验证码图片已保存到 /home/runner/work/nju_electric_monitor/nju_electric_monitor/src/../data/captcha_debug.png
2026-02-20 13:57:42,374 - INFO - 验证码识别尝试 12/30
2026-02-20 13:57:42,374 - INFO - 开始识别验证码...（easyocr + pytesseract）
2026-02-20 13:57:42,480 - INFO - easyocr 结果: ['Gfsef(0.07)']
2026-02-20 13:57:42,574 - INFO - tesseract 结果: 6Df
2026-02-20 13:57:42,640 - INFO - easyocr alt1 结果: ['Gf(0.07)']
2026-02-20 13:57:42,743 - INFO - tesseract alt1 结果: 64D4
2026-02-20 13:57:42,790 - INFO - easyocr alt2 结果: ['Gf(0.38)']
2026-02-20 13:57:42,891 - INFO - tesseract alt2 结果: 64D4
2026-02-20 13:57:43,047 - INFO - easyocr alt3 结果: ['(0.02)']
2026-02-20 13:57:43,163 - INFO - tesseract alt3 结果: 64DJ
2026-02-20 13:57:43,222 - INFO - easyocr alt4 结果: ['Gef(0.12)']
2026-02-20 13:57:43,324 - INFO - tesseract alt4 结果: 64D4
2026-02-20 13:57:43,370 - INFO - easyocr alt5 结果: ['6(0.46)']
2026-02-20 13:57:43,472 - INFO - tesseract alt5 结果: 64D4
2026-02-20 13:57:43,472 - INFO - 最终验证码识别结果: 64D4 (engine=tesseract_alt1, prob=0.5)
2026-02-20 13:57:43,472 - INFO - 查找验证码输入框...
2026-02-20 13:57:43,479 - ERROR - 未找到验证码输入框
2026-02-20 13:57:43,479 - WARNING - 验证码填写失败
2026-02-20 13:57:43,479 - INFO - 开始填写登录表单...
2026-02-20 13:57:43,540 - INFO - 用户名填写完成
2026-02-20 13:57:43,602 - INFO - 密码填写完成
2026-02-20 13:57:43,603 - INFO - 验证码图片已保存到 /home/runner/work/nju_electric_monitor/nju_electric_monitor/src/../data/captcha_debug.png
2026-02-20 13:57:43,603 - INFO - 验证码识别尝试 13/30
2026-02-20 13:57:43,603 - INFO - 开始识别验证码...（easyocr + pytesseract）
2026-02-20 13:57:43,705 - INFO - easyocr 结果: ['Gfsef(0.07)']
2026-02-20 13:57:43,800 - INFO - tesseract 结果: 6Df
2026-02-20 13:57:43,866 - INFO - easyocr alt1 结果: ['Gf(0.07)']
2026-02-20 13:57:43,968 - INFO - tesseract alt1 结果: 64D4
2026-02-20 13:57:44,014 - INFO - easyocr alt2 结果: ['Gf(0.38)']
2026-02-20 13:57:44,119 - INFO - tesseract alt2 结果: 64D4
2026-02-20 13:57:44,283 - INFO - easyocr alt3 结果: ['(0.02)']
2026-02-20 13:57:44,403 - INFO - tesseract alt3 结果: 64DJ
2026-02-20 13:57:44,449 - INFO - easyocr alt4 结果: ['Gef(0.12)']
2026-02-20 13:57:44,550 - INFO - tesseract alt4 结果: 64D4
2026-02-20 13:57:44,596 - INFO - easyocr alt5 结果: ['6(0.46)']
2026-02-20 13:57:44,696 - INFO - tesseract alt5 结果: 64D4
2026-02-20 13:57:44,696 - INFO - 最终验证码识别结果: 64D4 (engine=tesseract_alt1, prob=0.5)
2026-02-20 13:57:44,697 - INFO - 查找验证码输入框...
2026-02-20 13:57:44,703 - ERROR - 未找到验证码输入框
2026-02-20 13:57:44,704 - WARNING - 验证码填写失败
2026-02-20 13:57:44,704 - INFO - 开始填写登录表单...
2026-02-20 13:57:44,767 - INFO - 用户名填写完成
2026-02-20 13:57:44,829 - INFO - 密码填写完成
2026-02-20 13:57:44,830 - INFO - 验证码图片已保存到 /home/runner/work/nju_electric_monitor/nju_electric_monitor/src/../data/captcha_debug.png
2026-02-20 13:57:44,830 - INFO - 验证码识别尝试 14/30
2026-02-20 13:57:44,830 - INFO - 开始识别验证码...（easyocr + pytesseract）
2026-02-20 13:57:44,925 - INFO - easyocr 结果: ['Gfsef(0.07)']
2026-02-20 13:57:45,023 - INFO - tesseract 结果: 6Df
2026-02-20 13:57:45,089 - INFO - easyocr alt1 结果: ['Gf(0.07)']
2026-02-20 13:57:45,192 - INFO - tesseract alt1 结果: 64D4
2026-02-20 13:57:45,238 - INFO - easyocr alt2 结果: ['Gf(0.38)']
2026-02-20 13:57:45,342 - INFO - tesseract alt2 结果: 64D4
2026-02-20 13:57:45,497 - INFO - easyocr alt3 结果: ['(0.02)']
2026-02-20 13:57:45,616 - INFO - tesseract alt3 结果: 64DJ
2026-02-20 13:57:45,661 - INFO - easyocr alt4 结果: ['Gef(0.12)']
2026-02-20 13:57:45,763 - INFO - tesseract alt4 结果: 64D4
2026-02-20 13:57:45,809 - INFO - easyocr alt5 结果: ['6(0.46)']
2026-02-20 13:57:45,908 - INFO - tesseract alt5 结果: 64D4
2026-02-20 13:57:45,908 - INFO - 最终验证码识别结果: 64D4 (engine=tesseract_alt1, prob=0.5)
2026-02-20 13:57:45,908 - INFO - 查找验证码输入框...
2026-02-20 13:57:45,915 - ERROR - 未找到验证码输入框
2026-02-20 13:57:45,915 - WARNING - 验证码填写失败
2026-02-20 13:57:45,915 - INFO - 开始填写登录表单...
2026-02-20 13:57:45,976 - INFO - 用户名填写完成
2026-02-20 13:57:46,038 - INFO - 密码填写完成
2026-02-20 13:57:46,039 - INFO - 验证码图片已保存到 /home/runner/work/nju_electric_monitor/nju_electric_monitor/src/../data/captcha_debug.png
2026-02-20 13:57:46,039 - INFO - 验证码识别尝试 15/30
2026-02-20 13:57:46,039 - INFO - 开始识别验证码...（easyocr + pytesseract）
2026-02-20 13:57:46,135 - INFO - easyocr 结果: ['Gfsef(0.07)']
2026-02-20 13:57:46,228 - INFO - tesseract 结果: 6Df
2026-02-20 13:57:46,295 - INFO - easyocr alt1 结果: ['Gf(0.07)']
2026-02-20 13:57:46,398 - INFO - tesseract alt1 结果: 64D4
2026-02-20 13:57:46,444 - INFO - easyocr alt2 结果: ['Gf(0.38)']
2026-02-20 13:57:46,543 - INFO - tesseract alt2 结果: 64D4
2026-02-20 13:57:46,699 - INFO - easyocr alt3 结果: ['(0.02)']
2026-02-20 13:57:46,818 - INFO - tesseract alt3 结果: 64DJ
2026-02-20 13:57:46,878 - INFO - easyocr alt4 结果: ['Gef(0.12)']
2026-02-20 13:57:46,981 - INFO - tesseract alt4 结果: 64D4
2026-02-20 13:57:47,028 - INFO - easyocr alt5 结果: ['6(0.46)']
2026-02-20 13:57:47,131 - INFO - tesseract alt5 结果: 64D4
2026-02-20 13:57:47,131 - INFO - 最终验证码识别结果: 64D4 (engine=tesseract_alt1, prob=0.5)
2026-02-20 13:57:47,131 - INFO - 查找验证码输入框...
2026-02-20 13:57:47,138 - ERROR - 未找到验证码输入框
2026-02-20 13:57:47,138 - WARNING - 验证码填写失败
2026-02-20 13:57:47,138 - INFO - 开始填写登录表单...
2026-02-20 13:57:47,199 - INFO - 用户名填写完成
2026-02-20 13:57:47,264 - INFO - 密码填写完成
2026-02-20 13:57:47,265 - INFO - 验证码图片已保存到 /home/runner/work/nju_electric_monitor/nju_electric_monitor/src/../data/captcha_debug.png
2026-02-20 13:57:47,265 - INFO - 验证码识别尝试 16/30
2026-02-20 13:57:47,265 - INFO - 开始识别验证码...（easyocr + pytesseract）
2026-02-20 13:57:47,361 - INFO - easyocr 结果: ['Gfsef(0.07)']
2026-02-20 13:57:47,460 - INFO - tesseract 结果: 6Df
2026-02-20 13:57:47,526 - INFO - easyocr alt1 结果: ['Gf(0.07)']
2026-02-20 13:57:47,631 - INFO - tesseract alt1 结果: 64D4
2026-02-20 13:57:47,677 - INFO - easyocr alt2 结果: ['Gf(0.38)']
2026-02-20 13:57:47,778 - INFO - tesseract alt2 结果: 64D4
2026-02-20 13:57:47,934 - INFO - easyocr alt3 结果: ['(0.02)']
2026-02-20 13:57:48,059 - INFO - tesseract alt3 结果: 64DJ
2026-02-20 13:57:48,106 - INFO - easyocr alt4 结果: ['Gef(0.12)']
2026-02-20 13:57:48,213 - INFO - tesseract alt4 结果: 64D4
2026-02-20 13:57:48,261 - INFO - easyocr alt5 结果: ['6(0.46)']
2026-02-20 13:57:48,360 - INFO - tesseract alt5 结果: 64D4
2026-02-20 13:57:48,360 - INFO - 最终验证码识别结果: 64D4 (engine=tesseract_alt1, prob=0.5)
2026-02-20 13:57:48,360 - INFO - 查找验证码输入框...
2026-02-20 13:57:48,367 - ERROR - 未找到验证码输入框
2026-02-20 13:57:48,367 - WARNING - 验证码填写失败
2026-02-20 13:57:48,367 - INFO - 开始填写登录表单...
2026-02-20 13:57:48,429 - INFO - 用户名填写完成
2026-02-20 13:57:48,491 - INFO - 密码填写完成
2026-02-20 13:57:48,492 - INFO - 验证码图片已保存到 /home/runner/work/nju_electric_monitor/nju_electric_monitor/src/../data/captcha_debug.png
2026-02-20 13:57:48,492 - INFO - 验证码识别尝试 17/30
2026-02-20 13:57:48,492 - INFO - 开始识别验证码...（easyocr + pytesseract）
2026-02-20 13:57:48,589 - INFO - easyocr 结果: ['Gfsef(0.07)']
2026-02-20 13:57:48,683 - INFO - tesseract 结果: 6Df
2026-02-20 13:57:48,749 - INFO - easyocr alt1 结果: ['Gf(0.07)']
2026-02-20 13:57:48,852 - INFO - tesseract alt1 结果: 64D4
2026-02-20 13:57:48,898 - INFO - easyocr alt2 结果: ['Gf(0.38)']
2026-02-20 13:57:49,004 - INFO - tesseract alt2 结果: 64D4
2026-02-20 13:57:49,162 - INFO - easyocr alt3 结果: ['(0.02)']
2026-02-20 13:57:49,276 - INFO - tesseract alt3 结果: 64DJ
2026-02-20 13:57:49,323 - INFO - easyocr alt4 结果: ['Gef(0.12)']
2026-02-20 13:57:49,424 - INFO - tesseract alt4 结果: 64D4
2026-02-20 13:57:49,471 - INFO - easyocr alt5 结果: ['6(0.46)']
2026-02-20 13:57:49,571 - INFO - tesseract alt5 结果: 64D4
2026-02-20 13:57:49,571 - INFO - 最终验证码识别结果: 64D4 (engine=tesseract_alt1, prob=0.5)
2026-02-20 13:57:49,571 - INFO - 查找验证码输入框...
2026-02-20 13:57:49,578 - ERROR - 未找到验证码输入框
2026-02-20 13:57:49,578 - WARNING - 验证码填写失败
2026-02-20 13:57:49,578 - INFO - 开始填写登录表单...
2026-02-20 13:57:49,639 - INFO - 用户名填写完成
2026-02-20 13:57:49,699 - INFO - 密码填写完成
2026-02-20 13:57:49,700 - INFO - 验证码图片已保存到 /home/runner/work/nju_electric_monitor/nju_electric_monitor/src/../data/captcha_debug.png
2026-02-20 13:57:49,700 - INFO - 验证码识别尝试 18/30
2026-02-20 13:57:49,700 - INFO - 开始识别验证码...（easyocr + pytesseract）
2026-02-20 13:57:49,795 - INFO - easyocr 结果: ['Gfsef(0.07)']
2026-02-20 13:57:49,890 - INFO - tesseract 结果: 6Df
2026-02-20 13:57:49,956 - INFO - easyocr alt1 结果: ['Gf(0.07)']
2026-02-20 13:57:50,059 - INFO - tesseract alt1 结果: 64D4
2026-02-20 13:57:50,105 - INFO - easyocr alt2 结果: ['Gf(0.38)']
2026-02-20 13:57:50,208 - INFO - tesseract alt2 结果: 64D4
2026-02-20 13:57:50,365 - INFO - easyocr alt3 结果: ['(0.02)']
2026-02-20 13:57:50,482 - INFO - tesseract alt3 结果: 64DJ
2026-02-20 13:57:50,529 - INFO - easyocr alt4 结果: ['Gef(0.12)']
2026-02-20 13:57:50,634 - INFO - tesseract alt4 结果: 64D4
2026-02-20 13:57:50,681 - INFO - easyocr alt5 结果: ['6(0.46)']
2026-02-20 13:57:50,780 - INFO - tesseract alt5 结果: 64D4
2026-02-20 13:57:50,780 - INFO - 最终验证码识别结果: 64D4 (engine=tesseract_alt1, prob=0.5)
2026-02-20 13:57:50,780 - INFO - 查找验证码输入框...
2026-02-20 13:57:50,787 - ERROR - 未找到验证码输入框
2026-02-20 13:57:50,787 - WARNING - 验证码填写失败
2026-02-20 13:57:50,787 - INFO - 开始填写登录表单...
2026-02-20 13:57:50,847 - INFO - 用户名填写完成
2026-02-20 13:57:50,910 - INFO - 密码填写完成
2026-02-20 13:57:50,911 - INFO - 验证码图片已保存到 /home/runner/work/nju_electric_monitor/nju_electric_monitor/src/../data/captcha_debug.png
2026-02-20 13:57:50,911 - INFO - 验证码识别尝试 19/30
2026-02-20 13:57:50,911 - INFO - 开始识别验证码...（easyocr + pytesseract）
2026-02-20 13:57:51,006 - INFO - easyocr 结果: ['Gfsef(0.07)']
2026-02-20 13:57:51,100 - INFO - tesseract 结果: 6Df
2026-02-20 13:57:51,167 - INFO - easyocr alt1 结果: ['Gf(0.07)']
2026-02-20 13:57:51,269 - INFO - tesseract alt1 结果: 64D4
2026-02-20 13:57:51,315 - INFO - easyocr alt2 结果: ['Gf(0.38)']
2026-02-20 13:57:51,417 - INFO - tesseract alt2 结果: 64D4
2026-02-20 13:57:51,572 - INFO - easyocr alt3 结果: ['(0.02)']
2026-02-20 13:57:51,689 - INFO - tesseract alt3 结果: 64DJ
2026-02-20 13:57:51,735 - INFO - easyocr alt4 结果: ['Gef(0.12)']
2026-02-20 13:57:51,835 - INFO - tesseract alt4 结果: 64D4
2026-02-20 13:57:51,880 - INFO - easyocr alt5 结果: ['6(0.46)']
2026-02-20 13:57:51,980 - INFO - tesseract alt5 结果: 64D4
2026-02-20 13:57:51,980 - INFO - 最终验证码识别结果: 64D4 (engine=tesseract_alt1, prob=0.5)
2026-02-20 13:57:51,980 - INFO - 查找验证码输入框...
2026-02-20 13:57:51,986 - ERROR - 未找到验证码输入框
2026-02-20 13:57:51,986 - WARNING - 验证码填写失败
2026-02-20 13:57:51,986 - INFO - 开始填写登录表单...
2026-02-20 13:57:52,048 - INFO - 用户名填写完成
2026-02-20 13:57:52,111 - INFO - 密码填写完成
2026-02-20 13:57:52,112 - INFO - 验证码图片已保存到 /home/runner/work/nju_electric_monitor/nju_electric_monitor/src/../data/captcha_debug.png
2026-02-20 13:57:52,112 - INFO - 验证码识别尝试 20/30
2026-02-20 13:57:52,112 - INFO - 开始识别验证码...（easyocr + pytesseract）
2026-02-20 13:57:52,208 - INFO - easyocr 结果: ['Gfsef(0.07)']
2026-02-20 13:57:52,304 - INFO - tesseract 结果: 6Df
2026-02-20 13:57:52,371 - INFO - easyocr alt1 结果: ['Gf(0.07)']
2026-02-20 13:57:52,475 - INFO - tesseract alt1 结果: 64D4
2026-02-20 13:57:52,522 - INFO - easyocr alt2 结果: ['Gf(0.38)']
2026-02-20 13:57:52,629 - INFO - tesseract alt2 结果: 64D4
2026-02-20 13:57:52,787 - INFO - easyocr alt3 结果: ['(0.02)']
2026-02-20 13:57:52,906 - INFO - tesseract alt3 结果: 64DJ
2026-02-20 13:57:52,960 - INFO - easyocr alt4 结果: ['Gef(0.12)']
2026-02-20 13:57:53,066 - INFO - tesseract alt4 结果: 64D4
2026-02-20 13:57:53,112 - INFO - easyocr alt5 结果: ['6(0.46)']
2026-02-20 13:57:53,217 - INFO - tesseract alt5 结果: 64D4
2026-02-20 13:57:53,217 - INFO - 最终验证码识别结果: 64D4 (engine=tesseract_alt1, prob=0.5)
2026-02-20 13:57:53,218 - INFO - 查找验证码输入框...
2026-02-20 13:57:53,224 - ERROR - 未找到验证码输入框
2026-02-20 13:57:53,225 - WARNING - 验证码填写失败
2026-02-20 13:57:53,225 - INFO - 开始填写登录表单...
2026-02-20 13:57:53,288 - INFO - 用户名填写完成
2026-02-20 13:57:53,349 - INFO - 密码填写完成
2026-02-20 13:57:53,350 - INFO - 验证码图片已保存到 /home/runner/work/nju_electric_monitor/nju_electric_monitor/src/../data/captcha_debug.png
2026-02-20 13:57:53,350 - INFO - 验证码识别尝试 21/30
2026-02-20 13:57:53,350 - INFO - 开始识别验证码...（easyocr + pytesseract）
2026-02-20 13:57:53,453 - INFO - easyocr 结果: ['Gfsef(0.07)']
2026-02-20 13:57:53,547 - INFO - tesseract 结果: 6Df
2026-02-20 13:57:53,614 - INFO - easyocr alt1 结果: ['Gf(0.07)']
2026-02-20 13:57:53,717 - INFO - tesseract alt1 结果: 64D4
2026-02-20 13:57:53,764 - INFO - easyocr alt2 结果: ['Gf(0.38)']
2026-02-20 13:57:53,870 - INFO - tesseract alt2 结果: 64D4
2026-02-20 13:57:54,027 - INFO - easyocr alt3 结果: ['(0.02)']
2026-02-20 13:57:54,149 - INFO - tesseract alt3 结果: 64DJ
2026-02-20 13:57:54,195 - INFO - easyocr alt4 结果: ['Gef(0.12)']
2026-02-20 13:57:54,298 - INFO - tesseract alt4 结果: 64D4
2026-02-20 13:57:54,365 - INFO - easyocr alt5 结果: ['6(0.46)']
2026-02-20 13:57:54,464 - INFO - tesseract alt5 结果: 64D4
2026-02-20 13:57:54,464 - INFO - 最终验证码识别结果: 64D4 (engine=tesseract_alt1, prob=0.5)
2026-02-20 13:57:54,465 - INFO - 查找验证码输入框...
2026-02-20 13:57:54,471 - ERROR - 未找到验证码输入框
2026-02-20 13:57:54,471 - WARNING - 验证码填写失败
2026-02-20 13:57:54,471 - INFO - 开始填写登录表单...
2026-02-20 13:57:54,533 - INFO - 用户名填写完成
2026-02-20 13:57:54,595 - INFO - 密码填写完成
2026-02-20 13:57:54,596 - INFO - 验证码图片已保存到 /home/runner/work/nju_electric_monitor/nju_electric_monitor/src/../data/captcha_debug.png
2026-02-20 13:57:54,596 - INFO - 验证码识别尝试 22/30
2026-02-20 13:57:54,596 - INFO - 开始识别验证码...（easyocr + pytesseract）
2026-02-20 13:57:54,692 - INFO - easyocr 结果: ['Gfsef(0.07)']
2026-02-20 13:57:54,789 - INFO - tesseract 结果: 6Df
2026-02-20 13:57:54,859 - INFO - easyocr alt1 结果: ['Gf(0.07)']
2026-02-20 13:57:54,961 - INFO - tesseract alt1 结果: 64D4
2026-02-20 13:57:55,008 - INFO - easyocr alt2 结果: ['Gf(0.38)']
2026-02-20 13:57:55,109 - INFO - tesseract alt2 结果: 64D4
2026-02-20 13:57:55,266 - INFO - easyocr alt3 结果: ['(0.02)']
2026-02-20 13:57:55,388 - INFO - tesseract alt3 结果: 64DJ
2026-02-20 13:57:55,435 - INFO - easyocr alt4 结果: ['Gef(0.12)']
2026-02-20 13:57:55,540 - INFO - tesseract alt4 结果: 64D4
2026-02-20 13:57:55,588 - INFO - easyocr alt5 结果: ['6(0.46)']
2026-02-20 13:57:55,689 - INFO - tesseract alt5 结果: 64D4
2026-02-20 13:57:55,689 - INFO - 最终验证码识别结果: 64D4 (engine=tesseract_alt1, prob=0.5)
2026-02-20 13:57:55,689 - INFO - 查找验证码输入框...
2026-02-20 13:57:55,696 - ERROR - 未找到验证码输入框
2026-02-20 13:57:55,696 - WARNING - 验证码填写失败
2026-02-20 13:57:55,696 - INFO - 开始填写登录表单...
2026-02-20 13:57:55,760 - INFO - 用户名填写完成
2026-02-20 13:57:55,824 - INFO - 密码填写完成
2026-02-20 13:57:55,825 - INFO - 验证码图片已保存到 /home/runner/work/nju_electric_monitor/nju_electric_monitor/src/../data/captcha_debug.png
2026-02-20 13:57:55,825 - INFO - 验证码识别尝试 23/30
2026-02-20 13:57:55,825 - INFO - 开始识别验证码...（easyocr + pytesseract）
2026-02-20 13:57:55,926 - INFO - easyocr 结果: ['Gfsef(0.07)']
2026-02-20 13:57:56,022 - INFO - tesseract 结果: 6Df
2026-02-20 13:57:56,096 - INFO - easyocr alt1 结果: ['Gf(0.07)']
2026-02-20 13:57:56,201 - INFO - tesseract alt1 结果: 64D4
2026-02-20 13:57:56,248 - INFO - easyocr alt2 结果: ['Gf(0.38)']
2026-02-20 13:57:56,350 - INFO - tesseract alt2 结果: 64D4
2026-02-20 13:57:56,506 - INFO - easyocr alt3 结果: ['(0.02)']
2026-02-20 13:57:56,626 - INFO - tesseract alt3 结果: 64DJ
2026-02-20 13:57:56,673 - INFO - easyocr alt4 结果: ['Gef(0.12)']
2026-02-20 13:57:56,773 - INFO - tesseract alt4 结果: 64D4
2026-02-20 13:57:56,821 - INFO - easyocr alt5 结果: ['6(0.46)']
2026-02-20 13:57:56,921 - INFO - tesseract alt5 结果: 64D4
2026-02-20 13:57:56,922 - INFO - 最终验证码识别结果: 64D4 (engine=tesseract_alt1, prob=0.5)
2026-02-20 13:57:56,922 - INFO - 查找验证码输入框...
2026-02-20 13:57:56,928 - ERROR - 未找到验证码输入框
2026-02-20 13:57:56,929 - WARNING - 验证码填写失败
2026-02-20 13:57:56,929 - INFO - 开始填写登录表单...
2026-02-20 13:57:56,992 - INFO - 用户名填写完成
2026-02-20 13:57:57,055 - INFO - 密码填写完成
2026-02-20 13:57:57,056 - INFO - 验证码图片已保存到 /home/runner/work/nju_electric_monitor/nju_electric_monitor/src/../data/captcha_debug.png
2026-02-20 13:57:57,056 - INFO - 验证码识别尝试 24/30
2026-02-20 13:57:57,056 - INFO - 开始识别验证码...（easyocr + pytesseract）
2026-02-20 13:57:57,152 - INFO - easyocr 结果: ['Gfsef(0.07)']
2026-02-20 13:57:57,246 - INFO - tesseract 结果: 6Df
2026-02-20 13:57:57,313 - INFO - easyocr alt1 结果: ['Gf(0.07)']
2026-02-20 13:57:57,418 - INFO - tesseract alt1 结果: 64D4
2026-02-20 13:57:57,473 - INFO - easyocr alt2 结果: ['Gf(0.38)']
2026-02-20 13:57:57,579 - INFO - tesseract alt2 结果: 64D4
2026-02-20 13:57:57,736 - INFO - easyocr alt3 结果: ['(0.02)']
2026-02-20 13:57:57,857 - INFO - tesseract alt3 结果: 64DJ
2026-02-20 13:57:57,903 - INFO - easyocr alt4 结果: ['Gef(0.12)']
2026-02-20 13:57:58,005 - INFO - tesseract alt4 结果: 64D4
2026-02-20 13:57:58,059 - INFO - easyocr alt5 结果: ['6(0.46)']
2026-02-20 13:57:58,159 - INFO - tesseract alt5 结果: 64D4
2026-02-20 13:57:58,159 - INFO - 最终验证码识别结果: 64D4 (engine=tesseract_alt1, prob=0.5)
2026-02-20 13:57:58,159 - INFO - 查找验证码输入框...
2026-02-20 13:57:58,165 - ERROR - 未找到验证码输入框
2026-02-20 13:57:58,166 - WARNING - 验证码填写失败
2026-02-20 13:57:58,166 - INFO - 开始填写登录表单...
2026-02-20 13:57:58,230 - INFO - 用户名填写完成
2026-02-20 13:57:58,294 - INFO - 密码填写完成
2026-02-20 13:57:58,295 - INFO - 验证码图片已保存到 /home/runner/work/nju_electric_monitor/nju_electric_monitor/src/../data/captcha_debug.png
2026-02-20 13:57:58,295 - INFO - 验证码识别尝试 25/30
2026-02-20 13:57:58,295 - INFO - 开始识别验证码...（easyocr + pytesseract）
2026-02-20 13:57:58,400 - INFO - easyocr 结果: ['Gfsef(0.07)']
2026-02-20 13:57:58,497 - INFO - tesseract 结果: 6Df
2026-02-20 13:57:58,563 - INFO - easyocr alt1 结果: ['Gf(0.07)']
2026-02-20 13:57:58,666 - INFO - tesseract alt1 结果: 64D4
2026-02-20 13:57:58,726 - INFO - easyocr alt2 结果: ['Gf(0.38)']
2026-02-20 13:57:58,826 - INFO - tesseract alt2 结果: 64D4
2026-02-20 13:57:58,984 - INFO - easyocr alt3 结果: ['(0.02)']
2026-02-20 13:57:59,109 - INFO - tesseract alt3 结果: 64DJ
2026-02-20 13:57:59,155 - INFO - easyocr alt4 结果: ['Gef(0.12)']
2026-02-20 13:57:59,260 - INFO - tesseract alt4 结果: 64D4
2026-02-20 13:57:59,307 - INFO - easyocr alt5 结果: ['6(0.46)']
2026-02-20 13:57:59,409 - INFO - tesseract alt5 结果: 64D4
2026-02-20 13:57:59,409 - INFO - 最终验证码识别结果: 64D4 (engine=tesseract_alt1, prob=0.5)
2026-02-20 13:57:59,409 - INFO - 查找验证码输入框...
2026-02-20 13:57:59,416 - ERROR - 未找到验证码输入框
2026-02-20 13:57:59,416 - WARNING - 验证码填写失败
2026-02-20 13:57:59,416 - INFO - 开始填写登录表单...
2026-02-20 13:57:59,479 - INFO - 用户名填写完成
2026-02-20 13:57:59,543 - INFO - 密码填写完成
2026-02-20 13:57:59,544 - INFO - 验证码图片已保存到 /home/runner/work/nju_electric_monitor/nju_electric_monitor/src/../data/captcha_debug.png
2026-02-20 13:57:59,544 - INFO - 验证码识别尝试 26/30
2026-02-20 13:57:59,544 - INFO - 开始识别验证码...（easyocr + pytesseract）
2026-02-20 13:57:59,650 - INFO - easyocr 结果: ['Gfsef(0.07)']
2026-02-20 13:57:59,744 - INFO - tesseract 结果: 6Df
2026-02-20 13:57:59,811 - INFO - easyocr alt1 结果: ['Gf(0.07)']
2026-02-20 13:57:59,921 - INFO - tesseract alt1 结果: 64D4
2026-02-20 13:57:59,967 - INFO - easyocr alt2 结果: ['Gf(0.38)']
2026-02-20 13:58:00,074 - INFO - tesseract alt2 结果: 64D4
2026-02-20 13:58:00,232 - INFO - easyocr alt3 结果: ['(0.02)']
2026-02-20 13:58:00,353 - INFO - tesseract alt3 结果: 64DJ
2026-02-20 13:58:00,399 - INFO - easyocr alt4 结果: ['Gef(0.12)']
2026-02-20 13:58:00,507 - INFO - tesseract alt4 结果: 64D4
2026-02-20 13:58:00,555 - INFO - easyocr alt5 结果: ['6(0.46)']
2026-02-20 13:58:00,655 - INFO - tesseract alt5 结果: 64D4
2026-02-20 13:58:00,656 - INFO - 最终验证码识别结果: 64D4 (engine=tesseract_alt1, prob=0.5)
2026-02-20 13:58:00,656 - INFO - 查找验证码输入框...
2026-02-20 13:58:00,662 - ERROR - 未找到验证码输入框
2026-02-20 13:58:00,662 - WARNING - 验证码填写失败
2026-02-20 13:58:00,663 - INFO - 开始填写登录表单...
2026-02-20 13:58:00,726 - INFO - 用户名填写完成
2026-02-20 13:58:00,791 - INFO - 密码填写完成
2026-02-20 13:58:00,792 - INFO - 验证码图片已保存到 /home/runner/work/nju_electric_monitor/nju_electric_monitor/src/../data/captcha_debug.png
2026-02-20 13:58:00,792 - INFO - 验证码识别尝试 27/30
2026-02-20 13:58:00,792 - INFO - 开始识别验证码...（easyocr + pytesseract）
2026-02-20 13:58:00,888 - INFO - easyocr 结果: ['Gfsef(0.07)']
2026-02-20 13:58:00,989 - INFO - tesseract 结果: 6Df
2026-02-20 13:58:01,056 - INFO - easyocr alt1 结果: ['Gf(0.07)']
2026-02-20 13:58:01,161 - INFO - tesseract alt1 结果: 64D4
2026-02-20 13:58:01,208 - INFO - easyocr alt2 结果: ['Gf(0.38)']
2026-02-20 13:58:01,313 - INFO - tesseract alt2 结果: 64D4
2026-02-20 13:58:01,470 - INFO - easyocr alt3 结果: ['(0.02)']
2026-02-20 13:58:01,591 - INFO - tesseract alt3 结果: 64DJ
2026-02-20 13:58:01,638 - INFO - easyocr alt4 结果: ['Gef(0.12)']
2026-02-20 13:58:01,741 - INFO - tesseract alt4 结果: 64D4
2026-02-20 13:58:01,788 - INFO - easyocr alt5 结果: ['6(0.46)']
2026-02-20 13:58:01,887 - INFO - tesseract alt5 结果: 64D4
2026-02-20 13:58:01,887 - INFO - 最终验证码识别结果: 64D4 (engine=tesseract_alt1, prob=0.5)
2026-02-20 13:58:01,887 - INFO - 查找验证码输入框...
2026-02-20 13:58:01,894 - ERROR - 未找到验证码输入框
2026-02-20 13:58:01,894 - WARNING - 验证码填写失败
2026-02-20 13:58:01,894 - INFO - 开始填写登录表单...
2026-02-20 13:58:01,959 - INFO - 用户名填写完成
2026-02-20 13:58:02,023 - INFO - 密码填写完成
2026-02-20 13:58:02,024 - INFO - 验证码图片已保存到 /home/runner/work/nju_electric_monitor/nju_electric_monitor/src/../data/captcha_debug.png
2026-02-20 13:58:02,024 - INFO - 验证码识别尝试 28/30
2026-02-20 13:58:02,024 - INFO - 开始识别验证码...（easyocr + pytesseract）
2026-02-20 13:58:02,120 - INFO - easyocr 结果: ['Gfsef(0.07)']
2026-02-20 13:58:02,220 - INFO - tesseract 结果: 6Df
2026-02-20 13:58:02,288 - INFO - easyocr alt1 结果: ['Gf(0.07)']
2026-02-20 13:58:02,394 - INFO - tesseract alt1 结果: 64D4
2026-02-20 13:58:02,440 - INFO - easyocr alt2 结果: ['Gf(0.38)']
2026-02-20 13:58:02,544 - INFO - tesseract alt2 结果: 64D4
2026-02-20 13:58:02,701 - INFO - easyocr alt3 结果: ['(0.02)']
2026-02-20 13:58:02,821 - INFO - tesseract alt3 结果: 64DJ
2026-02-20 13:58:02,867 - INFO - easyocr alt4 结果: ['Gef(0.12)']
2026-02-20 13:58:02,973 - INFO - tesseract alt4 结果: 64D4
2026-02-20 13:58:03,020 - INFO - easyocr alt5 结果: ['6(0.46)']
2026-02-20 13:58:03,122 - INFO - tesseract alt5 结果: 64D4
2026-02-20 13:58:03,122 - INFO - 最终验证码识别结果: 64D4 (engine=tesseract_alt1, prob=0.5)
2026-02-20 13:58:03,122 - INFO - 查找验证码输入框...
2026-02-20 13:58:03,129 - ERROR - 未找到验证码输入框
2026-02-20 13:58:03,129 - WARNING - 验证码填写失败
2026-02-20 13:58:03,129 - INFO - 开始填写登录表单...
2026-02-20 13:58:03,193 - INFO - 用户名填写完成
2026-02-20 13:58:03,258 - INFO - 密码填写完成
2026-02-20 13:58:03,259 - INFO - 验证码图片已保存到 /home/runner/work/nju_electric_monitor/nju_electric_monitor/src/../data/captcha_debug.png
2026-02-20 13:58:03,259 - INFO - 验证码识别尝试 29/30
2026-02-20 13:58:03,259 - INFO - 开始识别验证码...（easyocr + pytesseract）
2026-02-20 13:58:03,357 - INFO - easyocr 结果: ['Gfsef(0.07)']
2026-02-20 13:58:03,454 - INFO - tesseract 结果: 6Df
2026-02-20 13:58:03,519 - INFO - easyocr alt1 结果: ['Gf(0.07)']
2026-02-20 13:58:03,622 - INFO - tesseract alt1 结果: 64D4
2026-02-20 13:58:03,667 - INFO - easyocr alt2 结果: ['Gf(0.38)']
2026-02-20 13:58:03,773 - INFO - tesseract alt2 结果: 64D4
2026-02-20 13:58:03,929 - INFO - easyocr alt3 结果: ['(0.02)']
2026-02-20 13:58:04,051 - INFO - tesseract alt3 结果: 64DJ
2026-02-20 13:58:04,098 - INFO - easyocr alt4 结果: ['Gef(0.12)']
2026-02-20 13:58:04,199 - INFO - tesseract alt4 结果: 64D4
2026-02-20 13:58:04,245 - INFO - easyocr alt5 结果: ['6(0.46)']
2026-02-20 13:58:04,348 - INFO - tesseract alt5 结果: 64D4
2026-02-20 13:58:04,348 - INFO - 最终验证码识别结果: 64D4 (engine=tesseract_alt1, prob=0.5)
2026-02-20 13:58:04,348 - INFO - 查找验证码输入框...
2026-02-20 13:58:04,355 - ERROR - 未找到验证码输入框
2026-02-20 13:58:04,355 - WARNING - 验证码填写失败
2026-02-20 13:58:04,355 - INFO - 开始填写登录表单...
2026-02-20 13:58:04,417 - INFO - 用户名填写完成
2026-02-20 13:58:04,480 - INFO - 密码填写完成
2026-02-20 13:58:04,481 - INFO - 验证码图片已保存到 /home/runner/work/nju_electric_monitor/nju_electric_monitor/src/../data/captcha_debug.png
2026-02-20 13:58:04,481 - INFO - 验证码识别尝试 30/30
2026-02-20 13:58:04,481 - INFO - 开始识别验证码...（easyocr + pytesseract）
2026-02-20 13:58:04,576 - INFO - easyocr 结果: ['Gfsef(0.07)']
2026-02-20 13:58:04,671 - INFO - tesseract 结果: 6Df
2026-02-20 13:58:04,739 - INFO - easyocr alt1 结果: ['Gf(0.07)']
2026-02-20 13:58:04,842 - INFO - tesseract alt1 结果: 64D4
2026-02-20 13:58:04,888 - INFO - easyocr alt2 结果: ['Gf(0.38)']
2026-02-20 13:58:04,988 - INFO - tesseract alt2 结果: 64D4
2026-02-20 13:58:05,146 - INFO - easyocr alt3 结果: ['(0.02)']
2026-02-20 13:58:05,268 - INFO - tesseract alt3 结果: 64DJ
2026-02-20 13:58:05,314 - INFO - easyocr alt4 结果: ['Gef(0.12)']
2026-02-20 13:58:05,417 - INFO - tesseract alt4 结果: 64D4
2026-02-20 13:58:05,463 - INFO - easyocr alt5 结果: ['6(0.46)']
2026-02-20 13:58:05,562 - INFO - tesseract alt5 结果: 64D4
2026-02-20 13:58:05,562 - INFO - 最终验证码识别结果: 64D4 (engine=tesseract_alt1, prob=0.5)
2026-02-20 13:58:05,562 - INFO - 查找验证码输入框...
2026-02-20 13:58:05,569 - ERROR - 未找到验证码输入框
2026-02-20 13:58:05,569 - WARNING - 验证码填写失败
2026-02-20 13:58:05,569 - WARNING - 自动验证码识别失败，请手动输入
请手动输入验证码: 2026-02-20 13:58:05,569 - ERROR - 处理验证码时出错: EOF when reading a line
2026-02-20 13:58:05,569 - WARNING - 验证码处理失败，但继续尝试登录
2026-02-20 13:58:05,569 - INFO - 查找并点击登录按钮...
2026-02-20 13:58:05,577 - ERROR - 未找到登录按钮
2026-02-20 13:58:05,578 - ERROR - 点击登录按钮失败
2026-02-20 13:58:05,578 - INFO - 等待登录成功...
2026-02-20 13:58:10,582 - INFO - 登录可能成功，继续下一步...
2026-02-20 13:58:10,582 - INFO - 查找'去充值'按钮...
2026-02-20 13:58:10,591 - ERROR - 未找到'去充值'按钮
2026-02-20 13:58:10,591 - WARNING - 点击充值按钮失败，尝试直接提取数据
2026-02-20 13:58:10,591 - INFO - 开始提取剩余电量信息...
2026-02-20 13:58:10,600 - INFO - 页面源码已保存到 /home/runner/work/nju_electric_monitor/nju_electric_monitor/src/../data/debug_page_source.html
2026-02-20 13:58:10,609 - WARNING - 未找到电量信息元素，尝试其他方法...
2026-02-20 13:58:10,618 - WARNING - 未找到i标签中的电量信息，尝试其他方法...
2026-02-20 13:58:10,626 - INFO - 在页面源码中查找电量信息...
2026-02-20 13:58:10,638 - WARNING - 未能提取到剩余电量信息
2026-02-20 13:58:10,638 - WARNING - 没有电量数据可保存
2026-02-20 13:58:10,638 - INFO - 监控流程完成
Wrapper end: 2026-02-20T21:58:10.719710+08:00
