Wrapper start: 2026-02-26T09:17:57.998370+08:00

=== ENVIRONMENT SUMMARY ===
Environment variable keys (count=121):
- ACCEPT_EULA
- ACTIONS_ORCHESTRATION_ID
- ACTIONS_RUNNER_ACTION_ARCHIVE_CACHE
- AGENT_TOOLSDIRECTORY
- ANDROID_HOME
- ANDROID_NDK
- ANDROID_NDK_HOME
- ANDROID_NDK_LATEST_HOME
- ANDROID_NDK_ROOT
- ANDROID_SDK_ROOT
NJU_USERNAME set: yes
NJU_PASSWORD set: yes

=== DISK USAGE (df -h) ===
Filesystem      Size  Used Avail Use% Mounted on
/dev/root       145G   62G   83G  43% /
tmpfs           7.9G   84K  7.9G   1% /dev/shm
tmpfs           3.2G  2.6M  3.2G   1% /run
tmpfs           5.0M     0  5.0M   0% /run/lock
efivarfs        128M   32K  128M   1% /sys/firmware/efi/efivars
/dev/sda16      881M   63M  757M   8% /boot
/dev/sda15      105M  6.2M   99M   6% /boot/efi
tmpfs           1.6G   12K  1.6G   1% /run/user/1001


=== KEY DIR SIZES ===
22M	/home/runner/work/nju_electric_monitor/nju_electric_monitor/src/../logs

344K	/home/runner/work/nju_electric_monitor/nju_electric_monitor/src/../data

101M	/home/runner/work/nju_electric_monitor/nju_electric_monitor/src/../models


=== CONFIG_WORKFLOW SUMMARY ===
{
  "username": "",
  "password": "",
  "auto_login": true,
  "headless_mode": true,
  "captcha_retry_count": 30,
  "captcha_confidence_threshold": 0.3,
  "save_captcha_images": true,
  "log_level": "INFO"
}

=== FONT DIAGNOSTICS ===
Found system fonts (ttf) count: 59
- /usr/share/fonts/truetype/lato/Lato-HairlineItalic.ttf
- /usr/share/fonts/truetype/liberation/LiberationMono-BoldItalic.ttf
- /usr/share/fonts/truetype/liberation/LiberationMono-Regular.ttf
- /usr/share/fonts/truetype/liberation/LiberationSerif-Regular.ttf
- /usr/share/fonts/truetype/lato/Lato-Bold.ttf
- /usr/share/fonts/truetype/liberation/LiberationMono-Italic.ttf
- /usr/share/fonts/truetype/lato/Lato-Semibold.ttf
- /usr/share/fonts/truetype/dejavu/DejaVuMathTeXGyre.ttf
- /usr/share/fonts/truetype/liberation/LiberationSans-Regular.ttf
- /usr/share/fonts/truetype/lato/Lato-BoldItalic.ttf
- /usr/share/fonts/truetype/lato/Lato-BlackItalic.ttf
- /usr/share/fonts/truetype/noto/NotoColorEmoji.ttf
- /usr/share/fonts/truetype/liberation/LiberationSerif-Italic.ttf
- /usr/share/fonts/opentype/noto/NotoSansCJK-Bold.ttc
- /usr/share/fonts/truetype/lato/Lato-Medium.ttf
- /usr/share/fonts/truetype/dejavu/DejaVuSerif-BoldItalic.ttf
- /usr/share/fonts/truetype/dejavu/DejaVuSansCondensed-Bold.ttf
- /usr/share/fonts/truetype/liberation/LiberationSerif-BoldItalic.ttf
- /usr/share/fonts/truetype/wqy/wqy-zenhei.ttc
- /usr/share/fonts/opentype/noto/NotoSansCJK-Regular.ttc
- /usr/share/fonts/truetype/liberation/LiberationSans-BoldItalic.ttf
- /usr/share/fonts/truetype/dejavu/DejaVuSerifCondensed-Bold.ttf
- /usr/share/fonts/truetype/dejavu/DejaVuSans-BoldOblique.ttf
- /usr/share/fonts/truetype/dejavu/DejaVuSans-Bold.ttf
- /usr/share/fonts/truetype/dejavu/DejaVuSerifCondensed.ttf
- /usr/share/fonts/truetype/lato/Lato-Hairline.ttf
- /usr/share/fonts/truetype/liberation/LiberationSans-Bold.ttf
- /usr/share/fonts/truetype/lato/Lato-HeavyItalic.ttf
- /usr/share/fonts/truetype/dejavu/DejaVuSansCondensed-Oblique.ttf
- /usr/share/fonts/truetype/dejavu/DejaVuSansCondensed.ttf
- /usr/share/fonts/truetype/dejavu/DejaVuSansCondensed-BoldOblique.ttf
- /usr/share/fonts/truetype/lato/Lato-Black.ttf
- /usr/share/fonts/truetype/lato/Lato-MediumItalic.ttf
- /usr/share/fonts/truetype/dejavu/DejaVuSansMono-BoldOblique.ttf
- /usr/share/fonts/truetype/lato/Lato-SemiboldItalic.ttf
- /usr/share/fonts/opentype/noto/NotoSerifCJK-Regular.ttc
- /usr/share/fonts/truetype/lato/Lato-ThinItalic.ttf
- /usr/share/fonts/truetype/lato/Lato-Heavy.ttf
- /usr/share/fonts/truetype/dejavu/DejaVuSans.ttf
- /usr/share/fonts/truetype/liberation/LiberationSans-Italic.ttf
- /usr/share/fonts/opentype/noto/NotoSerifCJK-Bold.ttc
- /usr/share/fonts/truetype/dejavu/DejaVuSerifCondensed-BoldItalic.ttf
- /usr/share/fonts/truetype/liberation/LiberationSerif-Bold.ttf
- /usr/share/fonts/truetype/liberation/LiberationMono-Bold.ttf
- /usr/share/fonts/truetype/lato/Lato-Italic.ttf
- /usr/share/fonts/truetype/dejavu/DejaVuSansMono.ttf
- /usr/share/fonts/truetype/dejavu/DejaVuSans-Oblique.ttf
- /usr/share/fonts/truetype/dejavu/DejaVuSerif-Italic.ttf
- /usr/share/fonts/truetype/lato/Lato-Thin.ttf
- /usr/share/fonts/truetype/dejavu/DejaVuSansMono-Oblique.ttf

FontManager samples (name -> path):
DejaVu Sans -> /opt/hostedtoolcache/Python/3.14.3/x64/lib/python3.14/site-packages/matplotlib/mpl-data/fonts/ttf/DejaVuSans-Bold.ttf
STIXSizeOneSym -> /opt/hostedtoolcache/Python/3.14.3/x64/lib/python3.14/site-packages/matplotlib/mpl-data/fonts/ttf/STIXSizOneSymBol.ttf
DejaVu Sans Mono -> /opt/hostedtoolcache/Python/3.14.3/x64/lib/python3.14/site-packages/matplotlib/mpl-data/fonts/ttf/DejaVuSansMono.ttf
DejaVu Serif -> /opt/hostedtoolcache/Python/3.14.3/x64/lib/python3.14/site-packages/matplotlib/mpl-data/fonts/ttf/DejaVuSerif.ttf
STIXSizeThreeSym -> /opt/hostedtoolcache/Python/3.14.3/x64/lib/python3.14/site-packages/matplotlib/mpl-data/fonts/ttf/STIXSizThreeSymBol.ttf
STIXGeneral -> /opt/hostedtoolcache/Python/3.14.3/x64/lib/python3.14/site-packages/matplotlib/mpl-data/fonts/ttf/STIXGeneralItalic.ttf
DejaVu Sans Mono -> /opt/hostedtoolcache/Python/3.14.3/x64/lib/python3.14/site-packages/matplotlib/mpl-data/fonts/ttf/DejaVuSansMono-BoldOblique.ttf
cmex10 -> /opt/hostedtoolcache/Python/3.14.3/x64/lib/python3.14/site-packages/matplotlib/mpl-data/fonts/ttf/cmex10.ttf
STIXGeneral -> /opt/hostedtoolcache/Python/3.14.3/x64/lib/python3.14/site-packages/matplotlib/mpl-data/fonts/ttf/STIXGeneralBolIta.ttf
STIXNonUnicode -> /opt/hostedtoolcache/Python/3.14.3/x64/lib/python3.14/site-packages/matplotlib/mpl-data/fonts/ttf/STIXNonUniBol.ttf
STIXSizeFourSym -> /opt/hostedtoolcache/Python/3.14.3/x64/lib/python3.14/site-packages/matplotlib/mpl-data/fonts/ttf/STIXSizFourSymReg.ttf
STIXSizeTwoSym -> /opt/hostedtoolcache/Python/3.14.3/x64/lib/python3.14/site-packages/matplotlib/mpl-data/fonts/ttf/STIXSizTwoSymReg.ttf
cmsy10 -> /opt/hostedtoolcache/Python/3.14.3/x64/lib/python3.14/site-packages/matplotlib/mpl-data/fonts/ttf/cmsy10.ttf
cmtt10 -> /opt/hostedtoolcache/Python/3.14.3/x64/lib/python3.14/site-packages/matplotlib/mpl-data/fonts/ttf/cmtt10.ttf
DejaVu Serif -> /opt/hostedtoolcache/Python/3.14.3/x64/lib/python3.14/site-packages/matplotlib/mpl-data/fonts/ttf/DejaVuSerif-Italic.ttf
DejaVu Serif Display -> /opt/hostedtoolcache/Python/3.14.3/x64/lib/python3.14/site-packages/matplotlib/mpl-data/fonts/ttf/DejaVuSerifDisplay.ttf
STIXNonUnicode -> /opt/hostedtoolcache/Python/3.14.3/x64/lib/python3.14/site-packages/matplotlib/mpl-data/fonts/ttf/STIXNonUniIta.ttf
cmss10 -> /opt/hostedtoolcache/Python/3.14.3/x64/lib/python3.14/site-packages/matplotlib/mpl-data/fonts/ttf/cmss10.ttf
STIXSizeOneSym -> /opt/hostedtoolcache/Python/3.14.3/x64/lib/python3.14/site-packages/matplotlib/mpl-data/fonts/ttf/STIXSizOneSymReg.ttf
STIXNonUnicode -> /opt/hostedtoolcache/Python/3.14.3/x64/lib/python3.14/site-packages/matplotlib/mpl-data/fonts/ttf/STIXNonUniBolIta.ttf
STIXGeneral -> /opt/hostedtoolcache/Python/3.14.3/x64/lib/python3.14/site-packages/matplotlib/mpl-data/fonts/ttf/STIXGeneral.ttf
STIXNonUnicode -> /opt/hostedtoolcache/Python/3.14.3/x64/lib/python3.14/site-packages/matplotlib/mpl-data/fonts/ttf/STIXNonUni.ttf
STIXSizeThreeSym -> /opt/hostedtoolcache/Python/3.14.3/x64/lib/python3.14/site-packages/matplotlib/mpl-data/fonts/ttf/STIXSizThreeSymReg.ttf
STIXGeneral -> /opt/hostedtoolcache/Python/3.14.3/x64/lib/python3.14/site-packages/matplotlib/mpl-data/fonts/ttf/STIXGeneralBol.ttf
DejaVu Serif -> /opt/hostedtoolcache/Python/3.14.3/x64/lib/python3.14/site-packages/matplotlib/mpl-data/fonts/ttf/DejaVuSerif-Bold.ttf
DejaVu Sans Display -> /opt/hostedtoolcache/Python/3.14.3/x64/lib/python3.14/site-packages/matplotlib/mpl-data/fonts/ttf/DejaVuSansDisplay.ttf
STIXSizeFourSym -> /opt/hostedtoolcache/Python/3.14.3/x64/lib/python3.14/site-packages/matplotlib/mpl-data/fonts/ttf/STIXSizFourSymBol.ttf
cmmi10 -> /opt/hostedtoolcache/Python/3.14.3/x64/lib/python3.14/site-packages/matplotlib/mpl-data/fonts/ttf/cmmi10.ttf
DejaVu Sans -> /opt/hostedtoolcache/Python/3.14.3/x64/lib/python3.14/site-packages/matplotlib/mpl-data/fonts/ttf/DejaVuSans.ttf
DejaVu Sans -> /opt/hostedtoolcache/Python/3.14.3/x64/lib/python3.14/site-packages/matplotlib/mpl-data/fonts/ttf/DejaVuSans-Oblique.ttf
STIXSizeTwoSym -> /opt/hostedtoolcache/Python/3.14.3/x64/lib/python3.14/site-packages/matplotlib/mpl-data/fonts/ttf/STIXSizTwoSymBol.ttf
DejaVu Sans -> /opt/hostedtoolcache/Python/3.14.3/x64/lib/python3.14/site-packages/matplotlib/mpl-data/fonts/ttf/DejaVuSans-BoldOblique.ttf
DejaVu Sans Mono -> /opt/hostedtoolcache/Python/3.14.3/x64/lib/python3.14/site-packages/matplotlib/mpl-data/fonts/ttf/DejaVuSansMono-Oblique.ttf
DejaVu Sans Mono -> /opt/hostedtoolcache/Python/3.14.3/x64/lib/python3.14/site-packages/matplotlib/mpl-data/fonts/ttf/DejaVuSansMono-Bold.ttf
STIXSizeFiveSym -> /opt/hostedtoolcache/Python/3.14.3/x64/lib/python3.14/site-packages/matplotlib/mpl-data/fonts/ttf/STIXSizFiveSymReg.ttf
DejaVu Serif -> /opt/hostedtoolcache/Python/3.14.3/x64/lib/python3.14/site-packages/matplotlib/mpl-data/fonts/ttf/DejaVuSerif-BoldItalic.ttf
cmr10 -> /opt/hostedtoolcache/Python/3.14.3/x64/lib/python3.14/site-packages/matplotlib/mpl-data/fonts/ttf/cmr10.ttf
cmb10 -> /opt/hostedtoolcache/Python/3.14.3/x64/lib/python3.14/site-packages/matplotlib/mpl-data/fonts/ttf/cmb10.ttf
Lato -> /usr/share/fonts/truetype/lato/Lato-HairlineItalic.ttf
Liberation Mono -> /usr/share/fonts/truetype/liberation/LiberationMono-BoldItalic.ttf
Liberation Mono -> /usr/share/fonts/truetype/liberation/LiberationMono-Regular.ttf
Liberation Serif -> /usr/share/fonts/truetype/liberation/LiberationSerif-Regular.ttf
Lato -> /usr/share/fonts/truetype/lato/Lato-Bold.ttf
Liberation Mono -> /usr/share/fonts/truetype/liberation/LiberationMono-Italic.ttf
Lato -> /usr/share/fonts/truetype/lato/Lato-Semibold.ttf
DejaVu Math TeX Gyre -> /usr/share/fonts/truetype/dejavu/DejaVuMathTeXGyre.ttf
Liberation Sans -> /usr/share/fonts/truetype/liberation/LiberationSans-Regular.ttf
Lato -> /usr/share/fonts/truetype/lato/Lato-BoldItalic.ttf
Lato -> /usr/share/fonts/truetype/lato/Lato-BlackItalic.ttf
Liberation Serif -> /usr/share/fonts/truetype/liberation/LiberationSerif-Italic.ttf

Preferred font find results:
findfont('Microsoft YaHei') failed: Failed to find font Microsoft YaHei:style=normal:variant=normal:weight=normal:stretch=normal:size=10.0, and fallback to the default font was disabled
findfont('Segoe UI') failed: Failed to find font Segoe UI:style=normal:variant=normal:weight=normal:stretch=normal:size=10.0, and fallback to the default font was disabled
findfont('Arial Unicode MS') failed: Failed to find font Arial Unicode MS:style=normal:variant=normal:weight=normal:stretch=normal:size=10.0, and fallback to the default font was disabled
findfont('Noto Sans CJK SC') failed: Failed to find font Noto Sans CJK SC:style=normal:variant=normal:weight=normal:stretch=normal:size=10.0, and fallback to the default font was disabled
findfont('WenQuanYi Micro Hei') -> /usr/share/fonts/truetype/wqy/wqy-microhei.ttc
findfont('WenQuanYi Zen Hei') -> /usr/share/fonts/truetype/wqy/wqy-zenhei.ttc
findfont('DejaVu Sans') -> /opt/hostedtoolcache/Python/3.14.3/x64/lib/python3.14/site-packages/matplotlib/mpl-data/fonts/ttf/DejaVuSans.ttf

fc-list output sample (truncated to 10000 chars):
Liberation Mono - /usr/share/fonts/truetype/liberation/LiberationMono-Bold.ttf
Liberation Serif - /usr/share/fonts/truetype/liberation/LiberationSerif-BoldItalic.ttf
Lato,Lato Hairline - /usr/share/fonts/truetype/lato/Lato-Hairline.ttf
Lato,Lato Heavy - /usr/share/fonts/truetype/lato/Lato-Heavy.ttf
DejaVu Serif,DejaVu Serif Condensed - /usr/share/fonts/truetype/dejavu/DejaVuSerifCondensed-Italic.ttf
Lato,Lato Medium - /usr/share/fonts/truetype/lato/Lato-Medium.ttf
Lato,Lato Light - /usr/share/fonts/truetype/lato/Lato-LightItalic.ttf
WenQuanYi Zen Hei Sharp,文泉驛點陣正黑,文泉驿点阵正黑 - /usr/share/fonts/truetype/wqy/wqy-zenhei.ttc
WenQuanYi Micro Hei Mono,文泉驛等寬微米黑,文泉驿等宽微米黑 - /usr/share/fonts/truetype/wqy/wqy-microhei.ttc
Noto Sans Mono CJK KR - /usr/share/fonts/opentype/noto/NotoSansCJK-Bold.ttc
DejaVu Serif - /usr/share/fonts/truetype/dejavu/DejaVuSerif-Bold.ttf
Noto Sans Mono CJK JP - /usr/share/fonts/opentype/noto/NotoSansCJK-Bold.ttc
Noto Sans Mono CJK HK - /usr/share/fonts/opentype/noto/NotoSansCJK-Bold.ttc
Noto Serif CJK SC - /usr/share/fonts/opentype/noto/NotoSerifCJK-Regular.ttc
DejaVu Math TeX Gyre - /usr/share/fonts/truetype/dejavu/DejaVuMathTeXGyre.ttf
Liberation Sans - /usr/share/fonts/truetype/liberation/LiberationSans-Regular.ttf
Lato - /usr/share/fonts/truetype/lato/Lato-Italic.ttf
Liberation Sans - /usr/share/fonts/truetype/liberation/LiberationSans-Bold.ttf
Noto Serif CJK TC - /usr/share/fonts/opentype/noto/NotoSerifCJK-Regular.ttc
Noto Sans Mono CJK SC - /usr/share/fonts/opentype/noto/NotoSansCJK-Bold.ttc
Liberation Mono - /usr/share/fonts/truetype/liberation/LiberationMono-Italic.ttf
Noto Sans Mono CJK TC - /usr/share/fonts/opentype/noto/NotoSansCJK-Bold.ttc
DejaVu Sans,DejaVu Sans Condensed - /usr/share/fonts/truetype/dejavu/DejaVuSansCondensed.ttf
DejaVu Serif,DejaVu Serif Condensed - /usr/share/fonts/truetype/dejavu/DejaVuSerifCondensed.ttf
Liberation Serif - /usr/share/fonts/truetype/liberation/LiberationSerif-Italic.ttf
Lato,Lato Heavy - /usr/share/fonts/truetype/lato/Lato-HeavyItalic.ttf
Lato - /usr/share/fonts/truetype/lato/Lato-BoldItalic.ttf
Noto Serif CJK JP - /usr/share/fonts/opentype/noto/NotoSerifCJK-Regular.ttc
Lato,Lato Medium - /usr/share/fonts/truetype/lato/Lato-MediumItalic.ttf
Noto Serif CJK HK - /usr/share/fonts/opentype/noto/NotoSerifCJK-Regular.ttc
DejaVu Serif - /usr/share/fonts/truetype/dejavu/DejaVuSerif-Italic.ttf
DejaVu Sans - /usr/share/fonts/truetype/dejavu/DejaVuSans.ttf
Noto Serif CJK KR - /usr/share/fonts/opentype/noto/NotoSerifCJK-Regular.ttc
Lato,Lato Semibold - /usr/share/fonts/truetype/lato/Lato-SemiboldItalic.ttf
Lato,Lato Thin - /usr/share/fonts/truetype/lato/Lato-ThinItalic.ttf
DejaVu Sans,DejaVu Sans Condensed - /usr/share/fonts/truetype/dejavu/DejaVuSansCondensed-BoldOblique.ttf
Noto Sans CJK JP - /usr/share/fonts/opentype/noto/NotoSansCJK-Regular.ttc
Liberation Sans - /usr/share/fonts/truetype/liberation/LiberationSans-Italic.ttf
Noto Sans CJK HK - /usr/share/fonts/opentype/noto/NotoSansCJK-Regular.ttc
Lato,Lato Black - /usr/share/fonts/truetype/lato/Lato-BlackItalic.ttf
Lato,Lato Thin - /usr/share/fonts/truetype/lato/Lato-Thin.ttf
DejaVu Sans,DejaVu Sans Condensed - /usr/share/fonts/truetype/dejavu/DejaVuSansCondensed-Oblique.ttf
Noto Sans CJK KR - /usr/share/fonts/opentype/noto/NotoSansCJK-Regular.ttc
Lato,Lato Light - /usr/share/fonts/truetype/lato/Lato-Light.ttf
Noto Sans CJK TC - /usr/share/fonts/opentype/noto/NotoSansCJK-Regular.ttc
DejaVu Sans,DejaVu Sans Condensed - /usr/share/fonts/truetype/dejavu/DejaVuSansCondensed-Bold.ttf
DejaVu Sans Mono - /usr/share/fonts/truetype/dejavu/DejaVuSansMono-Oblique.ttf
Lato,Lato Hairline - /usr/share/fonts/truetype/lato/Lato-HairlineItalic.ttf
Noto Sans CJK SC - /usr/share/fonts/opentype/noto/NotoSansCJK-Regular.ttc
WenQuanYi Zen Hei,文泉驛正黑,文泉驿正黑 - /usr/share/fonts/truetype/wqy/wqy-zenhei.ttc
Lato,Lato Black - /usr/share/fonts/truetype/lato/Lato-Black.ttf
Lato - /usr/share/fonts/truetype/lato/Lato-Regular.ttf
DejaVu Sans - /usr/share/fonts/truetype/dejavu/DejaVuSans-BoldOblique.ttf
Liberation Mono - /usr/share/fonts/truetype/liberation/LiberationMono-BoldItalic.ttf
Noto Sans Mono CJK KR - /usr/share/fonts/opentype/noto/NotoSansCJK-Regular.ttc
Liberation Mono - /usr/share/fonts/truetype/liberation/LiberationMono-Regular.ttf
Noto Sans Mono CJK HK - /usr/share/fonts/opentype/noto/NotoSansCJK-Regular.ttc
DejaVu Sans,DejaVu Sans Light - /usr/share/fonts/truetype/dejavu/DejaVuSans-ExtraLight.ttf
DejaVu Serif - /usr/share/fonts/truetype/dejavu/DejaVuSerif.ttf
Noto Sans Mono CJK JP - /usr/share/fonts/opentype/noto/NotoSansCJK-Regular.ttc
Noto Serif CJK JP - /usr/share/fonts/opentype/noto/NotoSerifCJK-Bold.ttc
Noto Serif CJK HK - /usr/share/fonts/opentype/noto/NotoSerifCJK-Bold.ttc
Noto Serif CJK KR - /usr/share/fonts/opentype/noto/NotoSerifCJK-Bold.ttc
Noto Serif CJK TC - /usr/share/fonts/opentype/noto/NotoSerifCJK-Bold.ttc
Lato - /usr/share/fonts/truetype/lato/Lato-Bold.ttf
Noto Sans CJK SC - /usr/share/fonts/opentype/noto/NotoSansCJK-Bold.ttc
Noto Sans Mono CJK TC - /usr/share/fonts/opentype/noto/NotoSansCJK-Regular.ttc
Noto Sans CJK TC - /usr/share/fonts/opentype/noto/NotoSansCJK-Bold.ttc
Noto Serif CJK SC - /usr/share/fonts/opentype/noto/NotoSerifCJK-Bold.ttc
DejaVu Sans Mono - /usr/share/fonts/truetype/dejavu/DejaVuSansMono-Bold.ttf
DejaVu Serif - /usr/share/fonts/truetype/dejavu/DejaVuSerif-BoldItalic.ttf
WenQuanYi Zen Hei Mono,文泉驛等寬正黑,文泉驿等宽正黑 - /usr/share/fonts/truetype/wqy/wqy-zenhei.ttc
DejaVu Sans Mono - /usr/share/fonts/truetype/dejavu/DejaVuSansMono.ttf
Noto Sans CJK JP - /usr/share/fonts/opentype/noto/NotoSansCJK-Bold.ttc
Noto Sans CJK HK - /usr/share/fonts/opentype/noto/NotoSansCJK-Bold.ttc
Noto Sans CJK KR - /usr/share/fonts/opentype/noto/NotoSansCJK-Bold.ttc
WenQuanYi Micro Hei,文泉驛微米黑,文泉驿微米黑 - /usr/share/fonts/truetype/wqy/wqy-microhei.ttc
Noto Sans Mono CJK SC - /usr/share/fonts/opentype/noto/NotoSansCJK-Regular.ttc
Noto Color Emoji - /usr/share/fonts/truetype/noto/NotoColorEmoji.ttf
DejaVu Sans Mono - /usr/share/fonts/truetype/dejavu/DejaVuSansMono-BoldOblique.ttf
Liberation Sans - /usr/share/fonts/truetype/liberation/LiberationSans-BoldItalic.ttf
Liberation Serif - /usr/share/fonts/truetype/liberation/LiberationSerif-Regular.ttf
Lato,Lato Semibold - /usr/share/fonts/truetype/lato/Lato-Semibold.ttf
DejaVu Sans - /usr/share/fonts/truetype/dejavu/DejaVuSans-Oblique.ttf
DejaVu Serif,DejaVu Serif Condensed - /usr/share/fonts/truetype/dejavu/DejaVuSerifCondensed-Bold.ttf
DejaVu Sans - /usr/share/fonts/truetype/dejavu/DejaVuSans-Bold.ttf
Liberation Serif - /usr/share/fonts/truetype/liberation/LiberationSerif-Bold.ttf
DejaVu Serif,DejaVu Serif Condensed - /usr/share/fonts/truetype/dejavu/DejaVuSerifCondensed-BoldItalic.ttf

2026-02-26 01:18:03,258 - INFO - Matplotlib 字体设置：使用回退字体列表，首选可用字体: Noto Sans CJK JP
2026-02-26 01:18:04,588 - INFO - 使用 ChromeDriver: /usr/bin/chromedriver
2026-02-26 01:18:04,588 - WARNING - Using CPU. Note: This module is much faster with a GPU.
2026-02-26 01:18:06,111 - INFO - OCR识别器初始化成功
2026-02-26 01:18:06,112 - INFO - 开始南京大学电费监控流程（自动无头模式）
2026-02-26 01:18:06,112 - INFO - 正在打开页面: https://epay.nju.edu.cn/epay/h5/nju/electric/index
2026-02-26 01:18:14,764 - INFO - 等待登录表单加载...
2026-02-26 01:18:14,774 - INFO - 登录表单已加载
2026-02-26 01:18:14,774 - INFO - 开始填写登录表单...
2026-02-26 01:18:14,852 - INFO - 用户名填写完成
2026-02-26 01:18:14,915 - INFO - 密码填写完成
2026-02-26 01:18:14,915 - INFO - 检查是否有验证码...
2026-02-26 01:18:14,915 - INFO - 查找验证码图片...
2026-02-26 01:18:14,933 - INFO - 找到验证码图片，开始截图...
2026-02-26 01:18:14,982 - INFO - 验证码图片截取成功
2026-02-26 01:18:14,982 - INFO - 开始填写登录表单...
2026-02-26 01:18:15,040 - INFO - 用户名填写完成
2026-02-26 01:18:15,098 - INFO - 密码填写完成
2026-02-26 01:18:15,099 - INFO - 验证码图片已保存到 /home/runner/work/nju_electric_monitor/nju_electric_monitor/src/../data/captcha_debug.png
2026-02-26 01:18:15,099 - INFO - 验证码识别尝试 1/30
2026-02-26 01:18:15,099 - INFO - 开始识别验证码...（easyocr + pytesseract）
2026-02-26 01:18:15,181 - INFO - easyocr 结果: ['H4SV(0.31)']
2026-02-26 01:18:15,315 - INFO - tesseract 结果: v49OV
2026-02-26 01:18:15,395 - INFO - easyocr alt1 结果: ['HT(0.03)']
2026-02-26 01:18:15,478 - INFO - tesseract alt1 结果: v4OGV
2026-02-26 01:18:15,533 - INFO - easyocr alt2 结果: ['V4FI(0.07)']
2026-02-26 01:18:15,614 - INFO - tesseract alt2 结果: vAOGV
2026-02-26 01:18:15,744 - INFO - easyocr alt3 结果: ['UAFV(0.02)']
2026-02-26 01:18:15,840 - INFO - tesseract alt3 结果: VAGV
2026-02-26 01:18:15,878 - INFO - easyocr alt4 结果: ['V4T(0.12)']
2026-02-26 01:18:15,959 - INFO - tesseract alt4 结果: v4OGV
2026-02-26 01:18:16,013 - INFO - easyocr alt5 结果: ['IAFI(0.01)']
2026-02-26 01:18:16,094 - INFO - tesseract alt5 结果: v4OV
2026-02-26 01:18:16,094 - INFO - 最终验证码识别结果: VAGV (engine=tesseract_alt3, prob=0.5)
2026-02-26 01:18:16,094 - INFO - 查找验证码输入框...
2026-02-26 01:18:16,104 - ERROR - 未找到验证码输入框
2026-02-26 01:18:16,104 - WARNING - 验证码填写失败
2026-02-26 01:18:16,104 - INFO - 开始填写登录表单...
2026-02-26 01:18:16,161 - INFO - 用户名填写完成
2026-02-26 01:18:16,216 - INFO - 密码填写完成
2026-02-26 01:18:16,216 - INFO - 验证码图片已保存到 /home/runner/work/nju_electric_monitor/nju_electric_monitor/src/../data/captcha_debug.png
2026-02-26 01:18:16,216 - INFO - 验证码识别尝试 2/30
2026-02-26 01:18:16,217 - INFO - 开始识别验证码...（easyocr + pytesseract）
2026-02-26 01:18:16,277 - INFO - easyocr 结果: ['H4SV(0.31)']
2026-02-26 01:18:16,354 - INFO - tesseract 结果: v49OV
2026-02-26 01:18:16,416 - INFO - easyocr alt1 结果: ['HT(0.03)']
2026-02-26 01:18:16,497 - INFO - tesseract alt1 结果: v4OGV
2026-02-26 01:18:16,550 - INFO - easyocr alt2 结果: ['V4FI(0.07)']
2026-02-26 01:18:16,632 - INFO - tesseract alt2 结果: vAOGV
2026-02-26 01:18:16,748 - INFO - easyocr alt3 结果: ['UAFV(0.02)']
2026-02-26 01:18:16,835 - INFO - tesseract alt3 结果: VAGV
2026-02-26 01:18:16,874 - INFO - easyocr alt4 结果: ['V4T(0.12)']
2026-02-26 01:18:16,955 - INFO - tesseract alt4 结果: v4OGV
2026-02-26 01:18:17,009 - INFO - easyocr alt5 结果: ['IAFI(0.01)']
2026-02-26 01:18:17,088 - INFO - tesseract alt5 结果: v4OV
2026-02-26 01:18:17,088 - INFO - 最终验证码识别结果: VAGV (engine=tesseract_alt3, prob=0.5)
2026-02-26 01:18:17,088 - INFO - 查找验证码输入框...
2026-02-26 01:18:17,095 - ERROR - 未找到验证码输入框
2026-02-26 01:18:17,095 - WARNING - 验证码填写失败
2026-02-26 01:18:17,095 - INFO - 开始填写登录表单...
2026-02-26 01:18:17,150 - INFO - 用户名填写完成
2026-02-26 01:18:17,204 - INFO - 密码填写完成
2026-02-26 01:18:17,205 - INFO - 验证码图片已保存到 /home/runner/work/nju_electric_monitor/nju_electric_monitor/src/../data/captcha_debug.png
2026-02-26 01:18:17,205 - INFO - 验证码识别尝试 3/30
2026-02-26 01:18:17,205 - INFO - 开始识别验证码...（easyocr + pytesseract）
2026-02-26 01:18:17,274 - INFO - easyocr 结果: ['H4SV(0.31)']
2026-02-26 01:18:17,351 - INFO - tesseract 结果: v49OV
2026-02-26 01:18:17,416 - INFO - easyocr alt1 结果: ['HT(0.03)']
2026-02-26 01:18:17,500 - INFO - tesseract alt1 结果: v4OGV
2026-02-26 01:18:17,556 - INFO - easyocr alt2 结果: ['V4FI(0.07)']
2026-02-26 01:18:17,638 - INFO - tesseract alt2 结果: vAOGV
2026-02-26 01:18:17,761 - INFO - easyocr alt3 结果: ['UAFV(0.02)']
2026-02-26 01:18:17,849 - INFO - tesseract alt3 结果: VAGV
2026-02-26 01:18:17,896 - INFO - easyocr alt4 结果: ['V4T(0.12)']
2026-02-26 01:18:17,974 - INFO - tesseract alt4 结果: v4OGV
2026-02-26 01:18:18,029 - INFO - easyocr alt5 结果: ['IAFI(0.01)']
2026-02-26 01:18:18,110 - INFO - tesseract alt5 结果: v4OV
2026-02-26 01:18:18,110 - INFO - 最终验证码识别结果: VAGV (engine=tesseract_alt3, prob=0.5)
2026-02-26 01:18:18,110 - INFO - 查找验证码输入框...
2026-02-26 01:18:18,116 - ERROR - 未找到验证码输入框
2026-02-26 01:18:18,116 - WARNING - 验证码填写失败
2026-02-26 01:18:18,116 - INFO - 开始填写登录表单...
2026-02-26 01:18:18,170 - INFO - 用户名填写完成
2026-02-26 01:18:18,231 - INFO - 密码填写完成
2026-02-26 01:18:18,232 - INFO - 验证码图片已保存到 /home/runner/work/nju_electric_monitor/nju_electric_monitor/src/../data/captcha_debug.png
2026-02-26 01:18:18,232 - INFO - 验证码识别尝试 4/30
2026-02-26 01:18:18,232 - INFO - 开始识别验证码...（easyocr + pytesseract）
2026-02-26 01:18:18,293 - INFO - easyocr 结果: ['H4SV(0.31)']
2026-02-26 01:18:18,372 - INFO - tesseract 结果: v49OV
2026-02-26 01:18:18,434 - INFO - easyocr alt1 结果: ['HT(0.03)']
2026-02-26 01:18:18,515 - INFO - tesseract alt1 结果: v4OGV
2026-02-26 01:18:18,570 - INFO - easyocr alt2 结果: ['V4FI(0.07)']
2026-02-26 01:18:18,653 - INFO - tesseract alt2 结果: vAOGV
2026-02-26 01:18:18,768 - INFO - easyocr alt3 结果: ['UAFV(0.02)']
2026-02-26 01:18:18,857 - INFO - tesseract alt3 结果: VAGV
2026-02-26 01:18:18,897 - INFO - easyocr alt4 结果: ['V4T(0.12)']
2026-02-26 01:18:18,977 - INFO - tesseract alt4 结果: v4OGV
2026-02-26 01:18:19,031 - INFO - easyocr alt5 结果: ['IAFI(0.01)']
2026-02-26 01:18:19,110 - INFO - tesseract alt5 结果: v4OV
2026-02-26 01:18:19,110 - INFO - 最终验证码识别结果: VAGV (engine=tesseract_alt3, prob=0.5)
2026-02-26 01:18:19,110 - INFO - 查找验证码输入框...
2026-02-26 01:18:19,116 - ERROR - 未找到验证码输入框
2026-02-26 01:18:19,117 - WARNING - 验证码填写失败
2026-02-26 01:18:19,117 - INFO - 开始填写登录表单...
2026-02-26 01:18:19,171 - INFO - 用户名填写完成
2026-02-26 01:18:19,226 - INFO - 密码填写完成
2026-02-26 01:18:19,227 - INFO - 验证码图片已保存到 /home/runner/work/nju_electric_monitor/nju_electric_monitor/src/../data/captcha_debug.png
2026-02-26 01:18:19,227 - INFO - 验证码识别尝试 5/30
2026-02-26 01:18:19,227 - INFO - 开始识别验证码...（easyocr + pytesseract）
2026-02-26 01:18:19,287 - INFO - easyocr 结果: ['H4SV(0.31)']
2026-02-26 01:18:19,364 - INFO - tesseract 结果: v49OV
2026-02-26 01:18:19,427 - INFO - easyocr alt1 结果: ['HT(0.03)']
2026-02-26 01:18:19,508 - INFO - tesseract alt1 结果: v4OGV
2026-02-26 01:18:19,562 - INFO - easyocr alt2 结果: ['V4FI(0.07)']
2026-02-26 01:18:19,651 - INFO - tesseract alt2 结果: vAOGV
2026-02-26 01:18:19,766 - INFO - easyocr alt3 结果: ['UAFV(0.02)']
2026-02-26 01:18:19,852 - INFO - tesseract alt3 结果: VAGV
2026-02-26 01:18:19,893 - INFO - easyocr alt4 结果: ['V4T(0.12)']
2026-02-26 01:18:19,971 - INFO - tesseract alt4 结果: v4OGV
2026-02-26 01:18:20,024 - INFO - easyocr alt5 结果: ['IAFI(0.01)']
2026-02-26 01:18:20,105 - INFO - tesseract alt5 结果: v4OV
2026-02-26 01:18:20,106 - INFO - 最终验证码识别结果: VAGV (engine=tesseract_alt3, prob=0.5)
2026-02-26 01:18:20,106 - INFO - 查找验证码输入框...
2026-02-26 01:18:20,112 - ERROR - 未找到验证码输入框
2026-02-26 01:18:20,112 - WARNING - 验证码填写失败
2026-02-26 01:18:20,112 - INFO - 开始填写登录表单...
2026-02-26 01:18:20,168 - INFO - 用户名填写完成
2026-02-26 01:18:20,224 - INFO - 密码填写完成
2026-02-26 01:18:20,224 - INFO - 验证码图片已保存到 /home/runner/work/nju_electric_monitor/nju_electric_monitor/src/../data/captcha_debug.png
2026-02-26 01:18:20,224 - INFO - 验证码识别尝试 6/30
2026-02-26 01:18:20,224 - INFO - 开始识别验证码...（easyocr + pytesseract）
2026-02-26 01:18:20,286 - INFO - easyocr 结果: ['H4SV(0.31)']
2026-02-26 01:18:20,365 - INFO - tesseract 结果: v49OV
2026-02-26 01:18:20,427 - INFO - easyocr alt1 结果: ['HT(0.03)']
2026-02-26 01:18:20,510 - INFO - tesseract alt1 结果: v4OGV
2026-02-26 01:18:20,565 - INFO - easyocr alt2 结果: ['V4FI(0.07)']
2026-02-26 01:18:20,646 - INFO - tesseract alt2 结果: vAOGV
2026-02-26 01:18:20,762 - INFO - easyocr alt3 结果: ['UAFV(0.02)']
2026-02-26 01:18:20,848 - INFO - tesseract alt3 结果: VAGV
2026-02-26 01:18:20,887 - INFO - easyocr alt4 结果: ['V4T(0.12)']
2026-02-26 01:18:20,966 - INFO - tesseract alt4 结果: v4OGV
2026-02-26 01:18:21,021 - INFO - easyocr alt5 结果: ['IAFI(0.01)']
2026-02-26 01:18:21,101 - INFO - tesseract alt5 结果: v4OV
2026-02-26 01:18:21,101 - INFO - 最终验证码识别结果: VAGV (engine=tesseract_alt3, prob=0.5)
2026-02-26 01:18:21,101 - INFO - 查找验证码输入框...
2026-02-26 01:18:21,107 - ERROR - 未找到验证码输入框
2026-02-26 01:18:21,108 - WARNING - 验证码填写失败
2026-02-26 01:18:21,108 - INFO - 开始填写登录表单...
2026-02-26 01:18:21,163 - INFO - 用户名填写完成
2026-02-26 01:18:21,217 - INFO - 密码填写完成
2026-02-26 01:18:21,218 - INFO - 验证码图片已保存到 /home/runner/work/nju_electric_monitor/nju_electric_monitor/src/../data/captcha_debug.png
2026-02-26 01:18:21,218 - INFO - 验证码识别尝试 7/30
2026-02-26 01:18:21,218 - INFO - 开始识别验证码...（easyocr + pytesseract）
2026-02-26 01:18:21,281 - INFO - easyocr 结果: ['H4SV(0.31)']
2026-02-26 01:18:21,362 - INFO - tesseract 结果: v49OV
2026-02-26 01:18:21,424 - INFO - easyocr alt1 结果: ['HT(0.03)']
2026-02-26 01:18:21,506 - INFO - tesseract alt1 结果: v4OGV
2026-02-26 01:18:21,560 - INFO - easyocr alt2 结果: ['V4FI(0.07)']
2026-02-26 01:18:21,639 - INFO - tesseract alt2 结果: vAOGV
2026-02-26 01:18:21,756 - INFO - easyocr alt3 结果: ['UAFV(0.02)']
2026-02-26 01:18:21,844 - INFO - tesseract alt3 结果: VAGV
2026-02-26 01:18:21,891 - INFO - easyocr alt4 结果: ['V4T(0.12)']
2026-02-26 01:18:21,974 - INFO - tesseract alt4 结果: v4OGV
2026-02-26 01:18:22,031 - INFO - easyocr alt5 结果: ['IAFI(0.01)']
2026-02-26 01:18:22,115 - INFO - tesseract alt5 结果: v4OV
2026-02-26 01:18:22,115 - INFO - 最终验证码识别结果: VAGV (engine=tesseract_alt3, prob=0.5)
2026-02-26 01:18:22,115 - INFO - 查找验证码输入框...
2026-02-26 01:18:22,121 - ERROR - 未找到验证码输入框
2026-02-26 01:18:22,121 - WARNING - 验证码填写失败
2026-02-26 01:18:22,121 - INFO - 开始填写登录表单...
2026-02-26 01:18:22,178 - INFO - 用户名填写完成
2026-02-26 01:18:22,235 - INFO - 密码填写完成
2026-02-26 01:18:22,235 - INFO - 验证码图片已保存到 /home/runner/work/nju_electric_monitor/nju_electric_monitor/src/../data/captcha_debug.png
2026-02-26 01:18:22,235 - INFO - 验证码识别尝试 8/30
2026-02-26 01:18:22,235 - INFO - 开始识别验证码...（easyocr + pytesseract）
2026-02-26 01:18:22,297 - INFO - easyocr 结果: ['H4SV(0.31)']
2026-02-26 01:18:22,376 - INFO - tesseract 结果: v49OV
2026-02-26 01:18:22,437 - INFO - easyocr alt1 结果: ['HT(0.03)']
2026-02-26 01:18:22,518 - INFO - tesseract alt1 结果: v4OGV
2026-02-26 01:18:22,572 - INFO - easyocr alt2 结果: ['V4FI(0.07)']
2026-02-26 01:18:22,653 - INFO - tesseract alt2 结果: vAOGV
2026-02-26 01:18:22,767 - INFO - easyocr alt3 结果: ['UAFV(0.02)']
2026-02-26 01:18:22,859 - INFO - tesseract alt3 结果: VAGV
2026-02-26 01:18:22,898 - INFO - easyocr alt4 结果: ['V4T(0.12)']
2026-02-26 01:18:22,976 - INFO - tesseract alt4 结果: v4OGV
2026-02-26 01:18:23,029 - INFO - easyocr alt5 结果: ['IAFI(0.01)']
2026-02-26 01:18:23,112 - INFO - tesseract alt5 结果: v4OV
2026-02-26 01:18:23,112 - INFO - 最终验证码识别结果: VAGV (engine=tesseract_alt3, prob=0.5)
2026-02-26 01:18:23,113 - INFO - 查找验证码输入框...
2026-02-26 01:18:23,119 - ERROR - 未找到验证码输入框
2026-02-26 01:18:23,119 - WARNING - 验证码填写失败
2026-02-26 01:18:23,119 - INFO - 开始填写登录表单...
2026-02-26 01:18:23,174 - INFO - 用户名填写完成
2026-02-26 01:18:23,229 - INFO - 密码填写完成
2026-02-26 01:18:23,230 - INFO - 验证码图片已保存到 /home/runner/work/nju_electric_monitor/nju_electric_monitor/src/../data/captcha_debug.png
2026-02-26 01:18:23,230 - INFO - 验证码识别尝试 9/30
2026-02-26 01:18:23,230 - INFO - 开始识别验证码...（easyocr + pytesseract）
2026-02-26 01:18:23,290 - INFO - easyocr 结果: ['H4SV(0.31)']
2026-02-26 01:18:23,367 - INFO - tesseract 结果: v49OV
2026-02-26 01:18:23,429 - INFO - easyocr alt1 结果: ['HT(0.03)']
2026-02-26 01:18:23,510 - INFO - tesseract alt1 结果: v4OGV
2026-02-26 01:18:23,563 - INFO - easyocr alt2 结果: ['V4FI(0.07)']
2026-02-26 01:18:23,643 - INFO - tesseract alt2 结果: vAOGV
2026-02-26 01:18:23,758 - INFO - easyocr alt3 结果: ['UAFV(0.02)']
2026-02-26 01:18:23,846 - INFO - tesseract alt3 结果: VAGV
2026-02-26 01:18:23,885 - INFO - easyocr alt4 结果: ['V4T(0.12)']
2026-02-26 01:18:23,963 - INFO - tesseract alt4 结果: v4OGV
2026-02-26 01:18:24,017 - INFO - easyocr alt5 结果: ['IAFI(0.01)']
2026-02-26 01:18:24,099 - INFO - tesseract alt5 结果: v4OV
2026-02-26 01:18:24,099 - INFO - 最终验证码识别结果: VAGV (engine=tesseract_alt3, prob=0.5)
2026-02-26 01:18:24,099 - INFO - 查找验证码输入框...
2026-02-26 01:18:24,105 - ERROR - 未找到验证码输入框
2026-02-26 01:18:24,105 - WARNING - 验证码填写失败
2026-02-26 01:18:24,105 - INFO - 开始填写登录表单...
2026-02-26 01:18:24,161 - INFO - 用户名填写完成
2026-02-26 01:18:24,217 - INFO - 密码填写完成
2026-02-26 01:18:24,217 - INFO - 验证码图片已保存到 /home/runner/work/nju_electric_monitor/nju_electric_monitor/src/../data/captcha_debug.png
2026-02-26 01:18:24,217 - INFO - 验证码识别尝试 10/30
2026-02-26 01:18:24,217 - INFO - 开始识别验证码...（easyocr + pytesseract）
2026-02-26 01:18:24,279 - INFO - easyocr 结果: ['H4SV(0.31)']
2026-02-26 01:18:24,357 - INFO - tesseract 结果: v49OV
2026-02-26 01:18:24,420 - INFO - easyocr alt1 结果: ['HT(0.03)']
2026-02-26 01:18:24,503 - INFO - tesseract alt1 结果: v4OGV
2026-02-26 01:18:24,556 - INFO - easyocr alt2 结果: ['V4FI(0.07)']
2026-02-26 01:18:24,637 - INFO - tesseract alt2 结果: vAOGV
2026-02-26 01:18:24,752 - INFO - easyocr alt3 结果: ['UAFV(0.02)']
2026-02-26 01:18:24,839 - INFO - tesseract alt3 结果: VAGV
2026-02-26 01:18:24,878 - INFO - easyocr alt4 结果: ['V4T(0.12)']
2026-02-26 01:18:24,956 - INFO - tesseract alt4 结果: v4OGV
2026-02-26 01:18:25,010 - INFO - easyocr alt5 结果: ['IAFI(0.01)']
2026-02-26 01:18:25,091 - INFO - tesseract alt5 结果: v4OV
2026-02-26 01:18:25,091 - INFO - 最终验证码识别结果: VAGV (engine=tesseract_alt3, prob=0.5)
2026-02-26 01:18:25,091 - INFO - 查找验证码输入框...
2026-02-26 01:18:25,098 - ERROR - 未找到验证码输入框
2026-02-26 01:18:25,098 - WARNING - 验证码填写失败
2026-02-26 01:18:25,098 - INFO - 开始填写登录表单...
2026-02-26 01:18:25,153 - INFO - 用户名填写完成
2026-02-26 01:18:25,210 - INFO - 密码填写完成
2026-02-26 01:18:25,211 - INFO - 验证码图片已保存到 /home/runner/work/nju_electric_monitor/nju_electric_monitor/src/../data/captcha_debug.png
2026-02-26 01:18:25,211 - INFO - 验证码识别尝试 11/30
2026-02-26 01:18:25,211 - INFO - 开始识别验证码...（easyocr + pytesseract）
2026-02-26 01:18:25,285 - INFO - easyocr 结果: ['H4SV(0.31)']
2026-02-26 01:18:25,366 - INFO - tesseract 结果: v49OV
2026-02-26 01:18:25,431 - INFO - easyocr alt1 结果: ['HT(0.03)']
2026-02-26 01:18:25,512 - INFO - tesseract alt1 结果: v4OGV
2026-02-26 01:18:25,566 - INFO - easyocr alt2 结果: ['V4FI(0.07)']
2026-02-26 01:18:25,648 - INFO - tesseract alt2 结果: vAOGV
2026-02-26 01:18:25,764 - INFO - easyocr alt3 结果: ['UAFV(0.02)']
2026-02-26 01:18:25,852 - INFO - tesseract alt3 结果: VAGV
2026-02-26 01:18:25,891 - INFO - easyocr alt4 结果: ['V4T(0.12)']
2026-02-26 01:18:25,974 - INFO - tesseract alt4 结果: v4OGV
2026-02-26 01:18:26,027 - INFO - easyocr alt5 结果: ['IAFI(0.01)']
2026-02-26 01:18:26,109 - INFO - tesseract alt5 结果: v4OV
2026-02-26 01:18:26,109 - INFO - 最终验证码识别结果: VAGV (engine=tesseract_alt3, prob=0.5)
2026-02-26 01:18:26,109 - INFO - 查找验证码输入框...
2026-02-26 01:18:26,115 - ERROR - 未找到验证码输入框
2026-02-26 01:18:26,115 - WARNING - 验证码填写失败
2026-02-26 01:18:26,115 - INFO - 开始填写登录表单...
2026-02-26 01:18:26,169 - INFO - 用户名填写完成
2026-02-26 01:18:26,224 - INFO - 密码填写完成
2026-02-26 01:18:26,224 - INFO - 验证码图片已保存到 /home/runner/work/nju_electric_monitor/nju_electric_monitor/src/../data/captcha_debug.png
2026-02-26 01:18:26,224 - INFO - 验证码识别尝试 12/30
2026-02-26 01:18:26,224 - INFO - 开始识别验证码...（easyocr + pytesseract）
2026-02-26 01:18:26,286 - INFO - easyocr 结果: ['H4SV(0.31)']
2026-02-26 01:18:26,365 - INFO - tesseract 结果: v49OV
2026-02-26 01:18:26,428 - INFO - easyocr alt1 结果: ['HT(0.03)']
2026-02-26 01:18:26,509 - INFO - tesseract alt1 结果: v4OGV
2026-02-26 01:18:26,565 - INFO - easyocr alt2 结果: ['V4FI(0.07)']
2026-02-26 01:18:26,645 - INFO - tesseract alt2 结果: vAOGV
2026-02-26 01:18:26,770 - INFO - easyocr alt3 结果: ['UAFV(0.02)']
2026-02-26 01:18:26,855 - INFO - tesseract alt3 结果: VAGV
2026-02-26 01:18:26,895 - INFO - easyocr alt4 结果: ['V4T(0.12)']
2026-02-26 01:18:26,975 - INFO - tesseract alt4 结果: v4OGV
2026-02-26 01:18:27,030 - INFO - easyocr alt5 结果: ['IAFI(0.01)']
2026-02-26 01:18:27,112 - INFO - tesseract alt5 结果: v4OV
2026-02-26 01:18:27,112 - INFO - 最终验证码识别结果: VAGV (engine=tesseract_alt3, prob=0.5)
2026-02-26 01:18:27,112 - INFO - 查找验证码输入框...
2026-02-26 01:18:27,119 - ERROR - 未找到验证码输入框
2026-02-26 01:18:27,119 - WARNING - 验证码填写失败
2026-02-26 01:18:27,119 - INFO - 开始填写登录表单...
2026-02-26 01:18:27,174 - INFO - 用户名填写完成
2026-02-26 01:18:27,229 - INFO - 密码填写完成
2026-02-26 01:18:27,230 - INFO - 验证码图片已保存到 /home/runner/work/nju_electric_monitor/nju_electric_monitor/src/../data/captcha_debug.png
2026-02-26 01:18:27,230 - INFO - 验证码识别尝试 13/30
2026-02-26 01:18:27,230 - INFO - 开始识别验证码...（easyocr + pytesseract）
2026-02-26 01:18:27,298 - INFO - easyocr 结果: ['H4SV(0.31)']
2026-02-26 01:18:27,375 - INFO - tesseract 结果: v49OV
2026-02-26 01:18:27,438 - INFO - easyocr alt1 结果: ['HT(0.03)']
2026-02-26 01:18:27,520 - INFO - tesseract alt1 结果: v4OGV
2026-02-26 01:18:27,574 - INFO - easyocr alt2 结果: ['V4FI(0.07)']
2026-02-26 01:18:27,654 - INFO - tesseract alt2 结果: vAOGV
2026-02-26 01:18:27,782 - INFO - easyocr alt3 结果: ['UAFV(0.02)']
2026-02-26 01:18:27,870 - INFO - tesseract alt3 结果: VAGV
2026-02-26 01:18:27,910 - INFO - easyocr alt4 结果: ['V4T(0.12)']
2026-02-26 01:18:27,988 - INFO - tesseract alt4 结果: v4OGV
2026-02-26 01:18:28,056 - INFO - easyocr alt5 结果: ['IAFI(0.01)']
2026-02-26 01:18:28,137 - INFO - tesseract alt5 结果: v4OV
2026-02-26 01:18:28,137 - INFO - 最终验证码识别结果: VAGV (engine=tesseract_alt3, prob=0.5)
2026-02-26 01:18:28,137 - INFO - 查找验证码输入框...
2026-02-26 01:18:28,143 - ERROR - 未找到验证码输入框
2026-02-26 01:18:28,143 - WARNING - 验证码填写失败
2026-02-26 01:18:28,143 - INFO - 开始填写登录表单...
2026-02-26 01:18:28,201 - INFO - 用户名填写完成
2026-02-26 01:18:28,255 - INFO - 密码填写完成
2026-02-26 01:18:28,255 - INFO - 验证码图片已保存到 /home/runner/work/nju_electric_monitor/nju_electric_monitor/src/../data/captcha_debug.png
2026-02-26 01:18:28,255 - INFO - 验证码识别尝试 14/30
2026-02-26 01:18:28,255 - INFO - 开始识别验证码...（easyocr + pytesseract）
2026-02-26 01:18:28,318 - INFO - easyocr 结果: ['H4SV(0.31)']
2026-02-26 01:18:28,396 - INFO - tesseract 结果: v49OV
2026-02-26 01:18:28,459 - INFO - easyocr alt1 结果: ['HT(0.03)']
2026-02-26 01:18:28,543 - INFO - tesseract alt1 结果: v4OGV
2026-02-26 01:18:28,597 - INFO - easyocr alt2 结果: ['V4FI(0.07)']
2026-02-26 01:18:28,676 - INFO - tesseract alt2 结果: vAOGV
2026-02-26 01:18:28,792 - INFO - easyocr alt3 结果: ['UAFV(0.02)']
2026-02-26 01:18:28,882 - INFO - tesseract alt3 结果: VAGV
2026-02-26 01:18:28,920 - INFO - easyocr alt4 结果: ['V4T(0.12)']
2026-02-26 01:18:28,998 - INFO - tesseract alt4 结果: v4OGV
2026-02-26 01:18:29,053 - INFO - easyocr alt5 结果: ['IAFI(0.01)']
2026-02-26 01:18:29,134 - INFO - tesseract alt5 结果: v4OV
2026-02-26 01:18:29,134 - INFO - 最终验证码识别结果: VAGV (engine=tesseract_alt3, prob=0.5)
2026-02-26 01:18:29,134 - INFO - 查找验证码输入框...
2026-02-26 01:18:29,141 - ERROR - 未找到验证码输入框
2026-02-26 01:18:29,141 - WARNING - 验证码填写失败
2026-02-26 01:18:29,141 - INFO - 开始填写登录表单...
2026-02-26 01:18:29,196 - INFO - 用户名填写完成
2026-02-26 01:18:29,250 - INFO - 密码填写完成
2026-02-26 01:18:29,250 - INFO - 验证码图片已保存到 /home/runner/work/nju_electric_monitor/nju_electric_monitor/src/../data/captcha_debug.png
2026-02-26 01:18:29,250 - INFO - 验证码识别尝试 15/30
2026-02-26 01:18:29,250 - INFO - 开始识别验证码...（easyocr + pytesseract）
2026-02-26 01:18:29,313 - INFO - easyocr 结果: ['H4SV(0.31)']
2026-02-26 01:18:29,391 - INFO - tesseract 结果: v49OV
2026-02-26 01:18:29,455 - INFO - easyocr alt1 结果: ['HT(0.03)']
2026-02-26 01:18:29,536 - INFO - tesseract alt1 结果: v4OGV
2026-02-26 01:18:29,590 - INFO - easyocr alt2 结果: ['V4FI(0.07)']
2026-02-26 01:18:29,670 - INFO - tesseract alt2 结果: vAOGV
2026-02-26 01:18:29,785 - INFO - easyocr alt3 结果: ['UAFV(0.02)']
2026-02-26 01:18:29,875 - INFO - tesseract alt3 结果: VAGV
2026-02-26 01:18:29,917 - INFO - easyocr alt4 结果: ['V4T(0.12)']
2026-02-26 01:18:29,997 - INFO - tesseract alt4 结果: v4OGV
2026-02-26 01:18:30,051 - INFO - easyocr alt5 结果: ['IAFI(0.01)']
2026-02-26 01:18:30,134 - INFO - tesseract alt5 结果: v4OV
2026-02-26 01:18:30,134 - INFO - 最终验证码识别结果: VAGV (engine=tesseract_alt3, prob=0.5)
2026-02-26 01:18:30,134 - INFO - 查找验证码输入框...
2026-02-26 01:18:30,140 - ERROR - 未找到验证码输入框
2026-02-26 01:18:30,140 - WARNING - 验证码填写失败
2026-02-26 01:18:30,140 - INFO - 开始填写登录表单...
2026-02-26 01:18:30,196 - INFO - 用户名填写完成
2026-02-26 01:18:30,252 - INFO - 密码填写完成
2026-02-26 01:18:30,253 - INFO - 验证码图片已保存到 /home/runner/work/nju_electric_monitor/nju_electric_monitor/src/../data/captcha_debug.png
2026-02-26 01:18:30,253 - INFO - 验证码识别尝试 16/30
2026-02-26 01:18:30,253 - INFO - 开始识别验证码...（easyocr + pytesseract）
2026-02-26 01:18:30,315 - INFO - easyocr 结果: ['H4SV(0.31)']
2026-02-26 01:18:30,392 - INFO - tesseract 结果: v49OV
2026-02-26 01:18:30,453 - INFO - easyocr alt1 结果: ['HT(0.03)']
2026-02-26 01:18:30,535 - INFO - tesseract alt1 结果: v4OGV
2026-02-26 01:18:30,589 - INFO - easyocr alt2 结果: ['V4FI(0.07)']
2026-02-26 01:18:30,673 - INFO - tesseract alt2 结果: vAOGV
2026-02-26 01:18:30,788 - INFO - easyocr alt3 结果: ['UAFV(0.02)']
2026-02-26 01:18:30,876 - INFO - tesseract alt3 结果: VAGV
2026-02-26 01:18:30,916 - INFO - easyocr alt4 结果: ['V4T(0.12)']
2026-02-26 01:18:30,994 - INFO - tesseract alt4 结果: v4OGV
2026-02-26 01:18:31,049 - INFO - easyocr alt5 结果: ['IAFI(0.01)']
2026-02-26 01:18:31,131 - INFO - tesseract alt5 结果: v4OV
2026-02-26 01:18:31,131 - INFO - 最终验证码识别结果: VAGV (engine=tesseract_alt3, prob=0.5)
2026-02-26 01:18:31,131 - INFO - 查找验证码输入框...
2026-02-26 01:18:31,137 - ERROR - 未找到验证码输入框
2026-02-26 01:18:31,137 - WARNING - 验证码填写失败
2026-02-26 01:18:31,137 - INFO - 开始填写登录表单...
2026-02-26 01:18:31,193 - INFO - 用户名填写完成
2026-02-26 01:18:31,248 - INFO - 密码填写完成
2026-02-26 01:18:31,248 - INFO - 验证码图片已保存到 /home/runner/work/nju_electric_monitor/nju_electric_monitor/src/../data/captcha_debug.png
2026-02-26 01:18:31,248 - INFO - 验证码识别尝试 17/30
2026-02-26 01:18:31,248 - INFO - 开始识别验证码...（easyocr + pytesseract）
2026-02-26 01:18:31,309 - INFO - easyocr 结果: ['H4SV(0.31)']
2026-02-26 01:18:31,390 - INFO - tesseract 结果: v49OV
2026-02-26 01:18:31,453 - INFO - easyocr alt1 结果: ['HT(0.03)']
2026-02-26 01:18:31,535 - INFO - tesseract alt1 结果: v4OGV
2026-02-26 01:18:31,590 - INFO - easyocr alt2 结果: ['V4FI(0.07)']
2026-02-26 01:18:31,672 - INFO - tesseract alt2 结果: vAOGV
2026-02-26 01:18:31,787 - INFO - easyocr alt3 结果: ['UAFV(0.02)']
2026-02-26 01:18:31,875 - INFO - tesseract alt3 结果: VAGV
2026-02-26 01:18:31,914 - INFO - easyocr alt4 结果: ['V4T(0.12)']
2026-02-26 01:18:31,993 - INFO - tesseract alt4 结果: v4OGV
2026-02-26 01:18:32,048 - INFO - easyocr alt5 结果: ['IAFI(0.01)']
2026-02-26 01:18:32,129 - INFO - tesseract alt5 结果: v4OV
2026-02-26 01:18:32,129 - INFO - 最终验证码识别结果: VAGV (engine=tesseract_alt3, prob=0.5)
2026-02-26 01:18:32,129 - INFO - 查找验证码输入框...
2026-02-26 01:18:32,135 - ERROR - 未找到验证码输入框
2026-02-26 01:18:32,135 - WARNING - 验证码填写失败
2026-02-26 01:18:32,135 - INFO - 开始填写登录表单...
2026-02-26 01:18:32,189 - INFO - 用户名填写完成
2026-02-26 01:18:32,244 - INFO - 密码填写完成
2026-02-26 01:18:32,244 - INFO - 验证码图片已保存到 /home/runner/work/nju_electric_monitor/nju_electric_monitor/src/../data/captcha_debug.png
2026-02-26 01:18:32,245 - INFO - 验证码识别尝试 18/30
2026-02-26 01:18:32,245 - INFO - 开始识别验证码...（easyocr + pytesseract）
2026-02-26 01:18:32,321 - INFO - easyocr 结果: ['H4SV(0.31)']
2026-02-26 01:18:32,397 - INFO - tesseract 结果: v49OV
2026-02-26 01:18:32,460 - INFO - easyocr alt1 结果: ['HT(0.03)']
2026-02-26 01:18:32,543 - INFO - tesseract alt1 结果: v4OGV
2026-02-26 01:18:32,599 - INFO - easyocr alt2 结果: ['V4FI(0.07)']
2026-02-26 01:18:32,679 - INFO - tesseract alt2 结果: vAOGV
2026-02-26 01:18:32,794 - INFO - easyocr alt3 结果: ['UAFV(0.02)']
2026-02-26 01:18:32,882 - INFO - tesseract alt3 结果: VAGV
2026-02-26 01:18:32,921 - INFO - easyocr alt4 结果: ['V4T(0.12)']
2026-02-26 01:18:33,003 - INFO - tesseract alt4 结果: v4OGV
2026-02-26 01:18:33,057 - INFO - easyocr alt5 结果: ['IAFI(0.01)']
2026-02-26 01:18:33,138 - INFO - tesseract alt5 结果: v4OV
2026-02-26 01:18:33,138 - INFO - 最终验证码识别结果: VAGV (engine=tesseract_alt3, prob=0.5)
2026-02-26 01:18:33,138 - INFO - 查找验证码输入框...
2026-02-26 01:18:33,144 - ERROR - 未找到验证码输入框
2026-02-26 01:18:33,144 - WARNING - 验证码填写失败
2026-02-26 01:18:33,144 - INFO - 开始填写登录表单...
2026-02-26 01:18:33,200 - INFO - 用户名填写完成
2026-02-26 01:18:33,257 - INFO - 密码填写完成
2026-02-26 01:18:33,257 - INFO - 验证码图片已保存到 /home/runner/work/nju_electric_monitor/nju_electric_monitor/src/../data/captcha_debug.png
2026-02-26 01:18:33,258 - INFO - 验证码识别尝试 19/30
2026-02-26 01:18:33,258 - INFO - 开始识别验证码...（easyocr + pytesseract）
2026-02-26 01:18:33,318 - INFO - easyocr 结果: ['H4SV(0.31)']
2026-02-26 01:18:33,397 - INFO - tesseract 结果: v49OV
2026-02-26 01:18:33,461 - INFO - easyocr alt1 结果: ['HT(0.03)']
2026-02-26 01:18:33,543 - INFO - tesseract alt1 结果: v4OGV
2026-02-26 01:18:33,597 - INFO - easyocr alt2 结果: ['V4FI(0.07)']
2026-02-26 01:18:33,678 - INFO - tesseract alt2 结果: vAOGV
2026-02-26 01:18:33,795 - INFO - easyocr alt3 结果: ['UAFV(0.02)']
2026-02-26 01:18:33,885 - INFO - tesseract alt3 结果: VAGV
2026-02-26 01:18:33,925 - INFO - easyocr alt4 结果: ['V4T(0.12)']
2026-02-26 01:18:34,002 - INFO - tesseract alt4 结果: v4OGV
2026-02-26 01:18:34,055 - INFO - easyocr alt5 结果: ['IAFI(0.01)']
2026-02-26 01:18:34,138 - INFO - tesseract alt5 结果: v4OV
2026-02-26 01:18:34,138 - INFO - 最终验证码识别结果: VAGV (engine=tesseract_alt3, prob=0.5)
2026-02-26 01:18:34,138 - INFO - 查找验证码输入框...
2026-02-26 01:18:34,144 - ERROR - 未找到验证码输入框
2026-02-26 01:18:34,144 - WARNING - 验证码填写失败
2026-02-26 01:18:34,144 - INFO - 开始填写登录表单...
2026-02-26 01:18:34,202 - INFO - 用户名填写完成
2026-02-26 01:18:34,261 - INFO - 密码填写完成
2026-02-26 01:18:34,261 - INFO - 验证码图片已保存到 /home/runner/work/nju_electric_monitor/nju_electric_monitor/src/../data/captcha_debug.png
2026-02-26 01:18:34,262 - INFO - 验证码识别尝试 20/30
2026-02-26 01:18:34,262 - INFO - 开始识别验证码...（easyocr + pytesseract）
2026-02-26 01:18:34,328 - INFO - easyocr 结果: ['H4SV(0.31)']
2026-02-26 01:18:34,405 - INFO - tesseract 结果: v49OV
2026-02-26 01:18:34,466 - INFO - easyocr alt1 结果: ['HT(0.03)']
2026-02-26 01:18:34,548 - INFO - tesseract alt1 结果: v4OGV
2026-02-26 01:18:34,602 - INFO - easyocr alt2 结果: ['V4FI(0.07)']
2026-02-26 01:18:34,683 - INFO - tesseract alt2 结果: vAOGV
2026-02-26 01:18:34,798 - INFO - easyocr alt3 结果: ['UAFV(0.02)']
2026-02-26 01:18:34,886 - INFO - tesseract alt3 结果: VAGV
2026-02-26 01:18:34,926 - INFO - easyocr alt4 结果: ['V4T(0.12)']
2026-02-26 01:18:35,008 - INFO - tesseract alt4 结果: v4OGV
2026-02-26 01:18:35,061 - INFO - easyocr alt5 结果: ['IAFI(0.01)']
2026-02-26 01:18:35,142 - INFO - tesseract alt5 结果: v4OV
2026-02-26 01:18:35,142 - INFO - 最终验证码识别结果: VAGV (engine=tesseract_alt3, prob=0.5)
2026-02-26 01:18:35,142 - INFO - 查找验证码输入框...
2026-02-26 01:18:35,149 - ERROR - 未找到验证码输入框
2026-02-26 01:18:35,149 - WARNING - 验证码填写失败
2026-02-26 01:18:35,149 - INFO - 开始填写登录表单...
2026-02-26 01:18:35,204 - INFO - 用户名填写完成
2026-02-26 01:18:35,258 - INFO - 密码填写完成
2026-02-26 01:18:35,259 - INFO - 验证码图片已保存到 /home/runner/work/nju_electric_monitor/nju_electric_monitor/src/../data/captcha_debug.png
2026-02-26 01:18:35,259 - INFO - 验证码识别尝试 21/30
2026-02-26 01:18:35,259 - INFO - 开始识别验证码...（easyocr + pytesseract）
2026-02-26 01:18:35,320 - INFO - easyocr 结果: ['H4SV(0.31)']
2026-02-26 01:18:35,399 - INFO - tesseract 结果: v49OV
2026-02-26 01:18:35,462 - INFO - easyocr alt1 结果: ['HT(0.03)']
2026-02-26 01:18:35,544 - INFO - tesseract alt1 结果: v4OGV
2026-02-26 01:18:35,598 - INFO - easyocr alt2 结果: ['V4FI(0.07)']
2026-02-26 01:18:35,679 - INFO - tesseract alt2 结果: vAOGV
2026-02-26 01:18:35,796 - INFO - easyocr alt3 结果: ['UAFV(0.02)']
2026-02-26 01:18:35,884 - INFO - tesseract alt3 结果: VAGV
2026-02-26 01:18:35,924 - INFO - easyocr alt4 结果: ['V4T(0.12)']
2026-02-26 01:18:36,002 - INFO - tesseract alt4 结果: v4OGV
2026-02-26 01:18:36,056 - INFO - easyocr alt5 结果: ['IAFI(0.01)']
2026-02-26 01:18:36,138 - INFO - tesseract alt5 结果: v4OV
2026-02-26 01:18:36,138 - INFO - 最终验证码识别结果: VAGV (engine=tesseract_alt3, prob=0.5)
2026-02-26 01:18:36,138 - INFO - 查找验证码输入框...
2026-02-26 01:18:36,144 - ERROR - 未找到验证码输入框
2026-02-26 01:18:36,144 - WARNING - 验证码填写失败
2026-02-26 01:18:36,144 - INFO - 开始填写登录表单...
2026-02-26 01:18:36,200 - INFO - 用户名填写完成
2026-02-26 01:18:36,254 - INFO - 密码填写完成
2026-02-26 01:18:36,255 - INFO - 验证码图片已保存到 /home/runner/work/nju_electric_monitor/nju_electric_monitor/src/../data/captcha_debug.png
2026-02-26 01:18:36,255 - INFO - 验证码识别尝试 22/30
2026-02-26 01:18:36,255 - INFO - 开始识别验证码...（easyocr + pytesseract）
2026-02-26 01:18:36,318 - INFO - easyocr 结果: ['H4SV(0.31)']
2026-02-26 01:18:36,396 - INFO - tesseract 结果: v49OV
2026-02-26 01:18:36,457 - INFO - easyocr alt1 结果: ['HT(0.03)']
2026-02-26 01:18:36,541 - INFO - tesseract alt1 结果: v4OGV
2026-02-26 01:18:36,594 - INFO - easyocr alt2 结果: ['V4FI(0.07)']
2026-02-26 01:18:36,673 - INFO - tesseract alt2 结果: vAOGV
2026-02-26 01:18:36,790 - INFO - easyocr alt3 结果: ['UAFV(0.02)']
2026-02-26 01:18:36,878 - INFO - tesseract alt3 结果: VAGV
2026-02-26 01:18:36,917 - INFO - easyocr alt4 结果: ['V4T(0.12)']
2026-02-26 01:18:36,997 - INFO - tesseract alt4 结果: v4OGV
2026-02-26 01:18:37,051 - INFO - easyocr alt5 结果: ['IAFI(0.01)']
2026-02-26 01:18:37,134 - INFO - tesseract alt5 结果: v4OV
2026-02-26 01:18:37,134 - INFO - 最终验证码识别结果: VAGV (engine=tesseract_alt3, prob=0.5)
2026-02-26 01:18:37,134 - INFO - 查找验证码输入框...
2026-02-26 01:18:37,140 - ERROR - 未找到验证码输入框
2026-02-26 01:18:37,140 - WARNING - 验证码填写失败
2026-02-26 01:18:37,140 - INFO - 开始填写登录表单...
2026-02-26 01:18:37,197 - INFO - 用户名填写完成
2026-02-26 01:18:37,251 - INFO - 密码填写完成
2026-02-26 01:18:37,252 - INFO - 验证码图片已保存到 /home/runner/work/nju_electric_monitor/nju_electric_monitor/src/../data/captcha_debug.png
2026-02-26 01:18:37,252 - INFO - 验证码识别尝试 23/30
2026-02-26 01:18:37,252 - INFO - 开始识别验证码...（easyocr + pytesseract）
2026-02-26 01:18:37,313 - INFO - easyocr 结果: ['H4SV(0.31)']
2026-02-26 01:18:37,391 - INFO - tesseract 结果: v49OV
2026-02-26 01:18:37,453 - INFO - easyocr alt1 结果: ['HT(0.03)']
2026-02-26 01:18:37,536 - INFO - tesseract alt1 结果: v4OGV
2026-02-26 01:18:37,591 - INFO - easyocr alt2 结果: ['V4FI(0.07)']
2026-02-26 01:18:37,671 - INFO - tesseract alt2 结果: vAOGV
2026-02-26 01:18:37,788 - INFO - easyocr alt3 结果: ['UAFV(0.02)']
2026-02-26 01:18:37,876 - INFO - tesseract alt3 结果: VAGV
2026-02-26 01:18:37,914 - INFO - easyocr alt4 结果: ['V4T(0.12)']
2026-02-26 01:18:37,994 - INFO - tesseract alt4 结果: v4OGV
2026-02-26 01:18:38,048 - INFO - easyocr alt5 结果: ['IAFI(0.01)']
2026-02-26 01:18:38,129 - INFO - tesseract alt5 结果: v4OV
2026-02-26 01:18:38,129 - INFO - 最终验证码识别结果: VAGV (engine=tesseract_alt3, prob=0.5)
2026-02-26 01:18:38,129 - INFO - 查找验证码输入框...
2026-02-26 01:18:38,135 - ERROR - 未找到验证码输入框
2026-02-26 01:18:38,136 - WARNING - 验证码填写失败
2026-02-26 01:18:38,136 - INFO - 开始填写登录表单...
2026-02-26 01:18:38,190 - INFO - 用户名填写完成
2026-02-26 01:18:38,248 - INFO - 密码填写完成
2026-02-26 01:18:38,249 - INFO - 验证码图片已保存到 /home/runner/work/nju_electric_monitor/nju_electric_monitor/src/../data/captcha_debug.png
2026-02-26 01:18:38,249 - INFO - 验证码识别尝试 24/30
2026-02-26 01:18:38,249 - INFO - 开始识别验证码...（easyocr + pytesseract）
2026-02-26 01:18:38,311 - INFO - easyocr 结果: ['H4SV(0.31)']
2026-02-26 01:18:38,389 - INFO - tesseract 结果: v49OV
2026-02-26 01:18:38,452 - INFO - easyocr alt1 结果: ['HT(0.03)']
2026-02-26 01:18:38,535 - INFO - tesseract alt1 结果: v4OGV
2026-02-26 01:18:38,593 - INFO - easyocr alt2 结果: ['V4FI(0.07)']
2026-02-26 01:18:38,674 - INFO - tesseract alt2 结果: vAOGV
2026-02-26 01:18:38,790 - INFO - easyocr alt3 结果: ['UAFV(0.02)']
2026-02-26 01:18:38,879 - INFO - tesseract alt3 结果: VAGV
2026-02-26 01:18:38,928 - INFO - easyocr alt4 结果: ['V4T(0.12)']
2026-02-26 01:18:39,005 - INFO - tesseract alt4 结果: v4OGV
2026-02-26 01:18:39,059 - INFO - easyocr alt5 结果: ['IAFI(0.01)']
2026-02-26 01:18:39,140 - INFO - tesseract alt5 结果: v4OV
2026-02-26 01:18:39,140 - INFO - 最终验证码识别结果: VAGV (engine=tesseract_alt3, prob=0.5)
2026-02-26 01:18:39,140 - INFO - 查找验证码输入框...
2026-02-26 01:18:39,146 - ERROR - 未找到验证码输入框
2026-02-26 01:18:39,147 - WARNING - 验证码填写失败
2026-02-26 01:18:39,147 - INFO - 开始填写登录表单...
2026-02-26 01:18:39,202 - INFO - 用户名填写完成
2026-02-26 01:18:39,257 - INFO - 密码填写完成
2026-02-26 01:18:39,258 - INFO - 验证码图片已保存到 /home/runner/work/nju_electric_monitor/nju_electric_monitor/src/../data/captcha_debug.png
2026-02-26 01:18:39,258 - INFO - 验证码识别尝试 25/30
2026-02-26 01:18:39,258 - INFO - 开始识别验证码...（easyocr + pytesseract）
2026-02-26 01:18:39,318 - INFO - easyocr 结果: ['H4SV(0.31)']
2026-02-26 01:18:39,396 - INFO - tesseract 结果: v49OV
2026-02-26 01:18:39,458 - INFO - easyocr alt1 结果: ['HT(0.03)']
2026-02-26 01:18:39,539 - INFO - tesseract alt1 结果: v4OGV
2026-02-26 01:18:39,592 - INFO - easyocr alt2 结果: ['V4FI(0.07)']
2026-02-26 01:18:39,673 - INFO - tesseract alt2 结果: vAOGV
2026-02-26 01:18:39,788 - INFO - easyocr alt3 结果: ['UAFV(0.02)']
2026-02-26 01:18:39,875 - INFO - tesseract alt3 结果: VAGV
2026-02-26 01:18:39,915 - INFO - easyocr alt4 结果: ['V4T(0.12)']
2026-02-26 01:18:39,993 - INFO - tesseract alt4 结果: v4OGV
2026-02-26 01:18:40,046 - INFO - easyocr alt5 结果: ['IAFI(0.01)']
2026-02-26 01:18:40,130 - INFO - tesseract alt5 结果: v4OV
2026-02-26 01:18:40,130 - INFO - 最终验证码识别结果: VAGV (engine=tesseract_alt3, prob=0.5)
2026-02-26 01:18:40,130 - INFO - 查找验证码输入框...
2026-02-26 01:18:40,136 - ERROR - 未找到验证码输入框
2026-02-26 01:18:40,136 - WARNING - 验证码填写失败
2026-02-26 01:18:40,136 - INFO - 开始填写登录表单...
2026-02-26 01:18:40,191 - INFO - 用户名填写完成
2026-02-26 01:18:40,246 - INFO - 密码填写完成
2026-02-26 01:18:40,247 - INFO - 验证码图片已保存到 /home/runner/work/nju_electric_monitor/nju_electric_monitor/src/../data/captcha_debug.png
2026-02-26 01:18:40,247 - INFO - 验证码识别尝试 26/30
2026-02-26 01:18:40,247 - INFO - 开始识别验证码...（easyocr + pytesseract）
2026-02-26 01:18:40,309 - INFO - easyocr 结果: ['H4SV(0.31)']
2026-02-26 01:18:40,389 - INFO - tesseract 结果: v49OV
2026-02-26 01:18:40,452 - INFO - easyocr alt1 结果: ['HT(0.03)']
2026-02-26 01:18:40,533 - INFO - tesseract alt1 结果: v4OGV
2026-02-26 01:18:40,587 - INFO - easyocr alt2 结果: ['V4FI(0.07)']
2026-02-26 01:18:40,668 - INFO - tesseract alt2 结果: vAOGV
2026-02-26 01:18:40,786 - INFO - easyocr alt3 结果: ['UAFV(0.02)']
2026-02-26 01:18:40,875 - INFO - tesseract alt3 结果: VAGV
2026-02-26 01:18:40,915 - INFO - easyocr alt4 结果: ['V4T(0.12)']
2026-02-26 01:18:40,993 - INFO - tesseract alt4 结果: v4OGV
2026-02-26 01:18:41,046 - INFO - easyocr alt5 结果: ['IAFI(0.01)']
2026-02-26 01:18:41,127 - INFO - tesseract alt5 结果: v4OV
2026-02-26 01:18:41,128 - INFO - 最终验证码识别结果: VAGV (engine=tesseract_alt3, prob=0.5)
2026-02-26 01:18:41,128 - INFO - 查找验证码输入框...
2026-02-26 01:18:41,134 - ERROR - 未找到验证码输入框
2026-02-26 01:18:41,134 - WARNING - 验证码填写失败
2026-02-26 01:18:41,134 - INFO - 开始填写登录表单...
2026-02-26 01:18:41,189 - INFO - 用户名填写完成
2026-02-26 01:18:41,246 - INFO - 密码填写完成
2026-02-26 01:18:41,246 - INFO - 验证码图片已保存到 /home/runner/work/nju_electric_monitor/nju_electric_monitor/src/../data/captcha_debug.png
2026-02-26 01:18:41,246 - INFO - 验证码识别尝试 27/30
2026-02-26 01:18:41,246 - INFO - 开始识别验证码...（easyocr + pytesseract）
2026-02-26 01:18:41,313 - INFO - easyocr 结果: ['H4SV(0.31)']
2026-02-26 01:18:41,391 - INFO - tesseract 结果: v49OV
2026-02-26 01:18:41,454 - INFO - easyocr alt1 结果: ['HT(0.03)']
2026-02-26 01:18:41,534 - INFO - tesseract alt1 结果: v4OGV
2026-02-26 01:18:41,588 - INFO - easyocr alt2 结果: ['V4FI(0.07)']
2026-02-26 01:18:41,669 - INFO - tesseract alt2 结果: vAOGV
2026-02-26 01:18:41,787 - INFO - easyocr alt3 结果: ['UAFV(0.02)']
2026-02-26 01:18:41,878 - INFO - tesseract alt3 结果: VAGV
2026-02-26 01:18:41,926 - INFO - easyocr alt4 结果: ['V4T(0.12)']
2026-02-26 01:18:42,007 - INFO - tesseract alt4 结果: v4OGV
2026-02-26 01:18:42,061 - INFO - easyocr alt5 结果: ['IAFI(0.01)']
2026-02-26 01:18:42,143 - INFO - tesseract alt5 结果: v4OV
2026-02-26 01:18:42,143 - INFO - 最终验证码识别结果: VAGV (engine=tesseract_alt3, prob=0.5)
2026-02-26 01:18:42,143 - INFO - 查找验证码输入框...
2026-02-26 01:18:42,149 - ERROR - 未找到验证码输入框
2026-02-26 01:18:42,150 - WARNING - 验证码填写失败
2026-02-26 01:18:42,150 - INFO - 开始填写登录表单...
2026-02-26 01:18:42,205 - INFO - 用户名填写完成
2026-02-26 01:18:42,265 - INFO - 密码填写完成
2026-02-26 01:18:42,266 - INFO - 验证码图片已保存到 /home/runner/work/nju_electric_monitor/nju_electric_monitor/src/../data/captcha_debug.png
2026-02-26 01:18:42,266 - INFO - 验证码识别尝试 28/30
2026-02-26 01:18:42,266 - INFO - 开始识别验证码...（easyocr + pytesseract）
2026-02-26 01:18:42,328 - INFO - easyocr 结果: ['H4SV(0.31)']
2026-02-26 01:18:42,409 - INFO - tesseract 结果: v49OV
2026-02-26 01:18:42,471 - INFO - easyocr alt1 结果: ['HT(0.03)']
2026-02-26 01:18:42,551 - INFO - tesseract alt1 结果: v4OGV
2026-02-26 01:18:42,605 - INFO - easyocr alt2 结果: ['V4FI(0.07)']
2026-02-26 01:18:42,686 - INFO - tesseract alt2 结果: vAOGV
2026-02-26 01:18:42,804 - INFO - easyocr alt3 结果: ['UAFV(0.02)']
2026-02-26 01:18:42,893 - INFO - tesseract alt3 结果: VAGV
2026-02-26 01:18:42,952 - INFO - easyocr alt4 结果: ['V4T(0.12)']
2026-02-26 01:18:43,031 - INFO - tesseract alt4 结果: v4OGV
2026-02-26 01:18:43,085 - INFO - easyocr alt5 结果: ['IAFI(0.01)']
2026-02-26 01:18:43,166 - INFO - tesseract alt5 结果: v4OV
2026-02-26 01:18:43,166 - INFO - 最终验证码识别结果: VAGV (engine=tesseract_alt3, prob=0.5)
2026-02-26 01:18:43,166 - INFO - 查找验证码输入框...
2026-02-26 01:18:43,172 - ERROR - 未找到验证码输入框
2026-02-26 01:18:43,172 - WARNING - 验证码填写失败
2026-02-26 01:18:43,172 - INFO - 开始填写登录表单...
2026-02-26 01:18:43,229 - INFO - 用户名填写完成
2026-02-26 01:18:43,283 - INFO - 密码填写完成
2026-02-26 01:18:43,283 - INFO - 验证码图片已保存到 /home/runner/work/nju_electric_monitor/nju_electric_monitor/src/../data/captcha_debug.png
2026-02-26 01:18:43,283 - INFO - 验证码识别尝试 29/30
2026-02-26 01:18:43,283 - INFO - 开始识别验证码...（easyocr + pytesseract）
2026-02-26 01:18:43,347 - INFO - easyocr 结果: ['H4SV(0.31)']
2026-02-26 01:18:43,427 - INFO - tesseract 结果: v49OV
2026-02-26 01:18:43,489 - INFO - easyocr alt1 结果: ['HT(0.03)']
2026-02-26 01:18:43,574 - INFO - tesseract alt1 结果: v4OGV
2026-02-26 01:18:43,628 - INFO - easyocr alt2 结果: ['V4FI(0.07)']
2026-02-26 01:18:43,709 - INFO - tesseract alt2 结果: vAOGV
2026-02-26 01:18:43,825 - INFO - easyocr alt3 结果: ['UAFV(0.02)']
2026-02-26 01:18:43,917 - INFO - tesseract alt3 结果: VAGV
2026-02-26 01:18:43,955 - INFO - easyocr alt4 结果: ['V4T(0.12)']
2026-02-26 01:18:44,032 - INFO - tesseract alt4 结果: v4OGV
2026-02-26 01:18:44,086 - INFO - easyocr alt5 结果: ['IAFI(0.01)']
2026-02-26 01:18:44,167 - INFO - tesseract alt5 结果: v4OV
2026-02-26 01:18:44,168 - INFO - 最终验证码识别结果: VAGV (engine=tesseract_alt3, prob=0.5)
2026-02-26 01:18:44,168 - INFO - 查找验证码输入框...
2026-02-26 01:18:44,174 - ERROR - 未找到验证码输入框
2026-02-26 01:18:44,174 - WARNING - 验证码填写失败
2026-02-26 01:18:44,174 - INFO - 开始填写登录表单...
2026-02-26 01:18:44,239 - INFO - 用户名填写完成
2026-02-26 01:18:44,297 - INFO - 密码填写完成
2026-02-26 01:18:44,298 - INFO - 验证码图片已保存到 /home/runner/work/nju_electric_monitor/nju_electric_monitor/src/../data/captcha_debug.png
2026-02-26 01:18:44,298 - INFO - 验证码识别尝试 30/30
2026-02-26 01:18:44,298 - INFO - 开始识别验证码...（easyocr + pytesseract）
2026-02-26 01:18:44,371 - INFO - easyocr 结果: ['H4SV(0.31)']
2026-02-26 01:18:44,449 - INFO - tesseract 结果: v49OV
2026-02-26 01:18:44,511 - INFO - easyocr alt1 结果: ['HT(0.03)']
2026-02-26 01:18:44,593 - INFO - tesseract alt1 结果: v4OGV
2026-02-26 01:18:44,649 - INFO - easyocr alt2 结果: ['V4FI(0.07)']
2026-02-26 01:18:44,730 - INFO - tesseract alt2 结果: vAOGV
2026-02-26 01:18:44,846 - INFO - easyocr alt3 结果: ['UAFV(0.02)']
2026-02-26 01:18:44,934 - INFO - tesseract alt3 结果: VAGV
2026-02-26 01:18:44,973 - INFO - easyocr alt4 结果: ['V4T(0.12)']
2026-02-26 01:18:45,051 - INFO - tesseract alt4 结果: v4OGV
2026-02-26 01:18:45,104 - INFO - easyocr alt5 结果: ['IAFI(0.01)']
2026-02-26 01:18:45,186 - INFO - tesseract alt5 结果: v4OV
2026-02-26 01:18:45,186 - INFO - 最终验证码识别结果: VAGV (engine=tesseract_alt3, prob=0.5)
2026-02-26 01:18:45,186 - INFO - 查找验证码输入框...
2026-02-26 01:18:45,192 - ERROR - 未找到验证码输入框
2026-02-26 01:18:45,192 - WARNING - 验证码填写失败
2026-02-26 01:18:45,192 - WARNING - 自动验证码识别失败，请手动输入
请手动输入验证码: 2026-02-26 01:18:45,192 - ERROR - 处理验证码时出错: EOF when reading a line
2026-02-26 01:18:45,192 - WARNING - 验证码处理失败，但继续尝试登录
2026-02-26 01:18:45,192 - INFO - 查找并点击登录按钮...
2026-02-26 01:18:45,200 - ERROR - 未找到登录按钮
2026-02-26 01:18:45,200 - ERROR - 点击登录按钮失败
2026-02-26 01:18:45,200 - INFO - 等待登录成功...
2026-02-26 01:18:50,204 - INFO - 登录可能成功，继续下一步...
2026-02-26 01:18:50,204 - INFO - 查找'去充值'按钮...
2026-02-26 01:18:50,213 - ERROR - 未找到'去充值'按钮
2026-02-26 01:18:50,213 - WARNING - 点击充值按钮失败，尝试直接提取数据
2026-02-26 01:18:50,213 - INFO - 开始提取剩余电量信息...
2026-02-26 01:18:50,220 - INFO - 页面源码已保存到 /home/runner/work/nju_electric_monitor/nju_electric_monitor/src/../data/debug_page_source.html
2026-02-26 01:18:50,228 - WARNING - 未找到电量信息元素，尝试其他方法...
2026-02-26 01:18:50,235 - WARNING - 未找到i标签中的电量信息，尝试其他方法...
2026-02-26 01:18:50,242 - INFO - 在页面源码中查找电量信息...
2026-02-26 01:18:50,252 - WARNING - 未能提取到剩余电量信息
2026-02-26 01:18:50,252 - WARNING - 没有电量数据可保存
2026-02-26 01:18:50,252 - INFO - 监控流程完成
Wrapper end: 2026-02-26T09:18:50.331512+08:00
