Wrapper start: 2025-12-22T15:20:13.567817+08:00

=== ENVIRONMENT SUMMARY ===
Environment variable keys (count=118):
- ACCEPT_EULA
- ACTIONS_RUNNER_ACTION_ARCHIVE_CACHE
- AGENT_TOOLSDIRECTORY
- ANDROID_HOME
- ANDROID_NDK
- ANDROID_NDK_HOME
- ANDROID_NDK_LATEST_HOME
- ANDROID_NDK_ROOT
- ANDROID_SDK_ROOT
- ANT_HOME
NJU_USERNAME set: yes
NJU_PASSWORD set: yes

=== DISK USAGE (df -h) ===
Filesystem      Size  Used Avail Use% Mounted on
/dev/root        72G   64G  8.2G  89% /
tmpfs           7.9G   84K  7.9G   1% /dev/shm
tmpfs           3.2G  3.3M  3.2G   1% /run
tmpfs           5.0M     0  5.0M   0% /run/lock
/dev/sdb16      881M   62M  758M   8% /boot
/dev/sdb15      105M  6.2M   99M   6% /boot/efi
/dev/sda1        74G  4.1G   66G   6% /mnt
tmpfs           1.6G   12K  1.6G   1% /run/user/1001


=== KEY DIR SIZES ===
6.4M	/home/runner/work/nju_electric_monitor/nju_electric_monitor/src/../logs

292K	/home/runner/work/nju_electric_monitor/nju_electric_monitor/src/../data

101M	/home/runner/work/nju_electric_monitor/nju_electric_monitor/src/../models


=== CONFIG_WORKFLOW SUMMARY ===
{
  "username": "",
  "password": "",
  "auto_login": true,
  "headless_mode": true,
  "captcha_retry_count": 30,
  "captcha_confidence_threshold": 0.3,
  "save_captcha_images": true,
  "log_level": "INFO"
}

=== FONT DIAGNOSTICS ===
Found system fonts (ttf) count: 59
- /usr/share/fonts/truetype/dejavu/DejaVuSansMono.ttf
- /usr/share/fonts/truetype/lato/Lato-Heavy.ttf
- /usr/share/fonts/truetype/dejavu/DejaVuSansMono-Bold.ttf
- /usr/share/fonts/truetype/dejavu/DejaVuSansMono-BoldOblique.ttf
- /usr/share/fonts/truetype/dejavu/DejaVuSerifCondensed-Italic.ttf
- /usr/share/fonts/truetype/dejavu/DejaVuSansCondensed-Bold.ttf
- /usr/share/fonts/truetype/liberation/LiberationMono-Regular.ttf
- /usr/share/fonts/truetype/lato/Lato-Hairline.ttf
- /usr/share/fonts/truetype/liberation/LiberationMono-Italic.ttf
- /usr/share/fonts/truetype/lato/Lato-Italic.ttf
- /usr/share/fonts/truetype/liberation/LiberationSans-Italic.ttf
- /usr/share/fonts/truetype/dejavu/DejaVuSerifCondensed-Bold.ttf
- /usr/share/fonts/truetype/liberation/LiberationSerif-Bold.ttf
- /usr/share/fonts/opentype/noto/NotoSansCJK-Regular.ttc
- /usr/share/fonts/truetype/lato/Lato-Black.ttf
- /usr/share/fonts/truetype/lato/Lato-Semibold.ttf
- /usr/share/fonts/truetype/wqy/wqy-microhei.ttc
- /usr/share/fonts/truetype/lato/Lato-Bold.ttf
- /usr/share/fonts/truetype/dejavu/DejaVuSans-Oblique.ttf
- /usr/share/fonts/truetype/lato/Lato-HeavyItalic.ttf
- /usr/share/fonts/truetype/lato/Lato-ThinItalic.ttf
- /usr/share/fonts/truetype/lato/Lato-Thin.ttf
- /usr/share/fonts/truetype/dejavu/DejaVuSans-Bold.ttf
- /usr/share/fonts/truetype/dejavu/DejaVuSans.ttf
- /usr/share/fonts/truetype/dejavu/DejaVuSans-BoldOblique.ttf
- /usr/share/fonts/truetype/liberation/LiberationSerif-Italic.ttf
- /usr/share/fonts/truetype/lato/Lato-BlackItalic.ttf
- /usr/share/fonts/truetype/liberation/LiberationMono-BoldItalic.ttf
- /usr/share/fonts/truetype/dejavu/DejaVuSans-ExtraLight.ttf
- /usr/share/fonts/truetype/dejavu/DejaVuSerif.ttf
- /usr/share/fonts/truetype/dejavu/DejaVuSansCondensed-Oblique.ttf
- /usr/share/fonts/truetype/lato/Lato-Medium.ttf
- /usr/share/fonts/truetype/dejavu/DejaVuSansCondensed.ttf
- /usr/share/fonts/truetype/lato/Lato-LightItalic.ttf
- /usr/share/fonts/truetype/lato/Lato-MediumItalic.ttf
- /usr/share/fonts/truetype/wqy/wqy-zenhei.ttc
- /usr/share/fonts/truetype/dejavu/DejaVuSansCondensed-BoldOblique.ttf
- /usr/share/fonts/opentype/noto/NotoSansCJK-Bold.ttc
- /usr/share/fonts/truetype/lato/Lato-Regular.ttf
- /usr/share/fonts/truetype/dejavu/DejaVuSerifCondensed.ttf
- /usr/share/fonts/truetype/lato/Lato-Light.ttf
- /usr/share/fonts/truetype/lato/Lato-SemiboldItalic.ttf
- /usr/share/fonts/truetype/noto/NotoColorEmoji.ttf
- /usr/share/fonts/truetype/liberation/LiberationSans-Regular.ttf
- /usr/share/fonts/truetype/liberation/LiberationMono-Bold.ttf
- /usr/share/fonts/truetype/liberation/LiberationSans-BoldItalic.ttf
- /usr/share/fonts/opentype/noto/NotoSerifCJK-Regular.ttc
- /usr/share/fonts/truetype/dejavu/DejaVuSerif-Italic.ttf
- /usr/share/fonts/truetype/dejavu/DejaVuSerif-BoldItalic.ttf
- /usr/share/fonts/truetype/lato/Lato-BoldItalic.ttf

FontManager samples (name -> path):
DejaVu Sans Mono -> /opt/hostedtoolcache/Python/3.14.2/x64/lib/python3.14/site-packages/matplotlib/mpl-data/fonts/ttf/DejaVuSansMono-BoldOblique.ttf
STIXGeneral -> /opt/hostedtoolcache/Python/3.14.2/x64/lib/python3.14/site-packages/matplotlib/mpl-data/fonts/ttf/STIXGeneralItalic.ttf
DejaVu Serif -> /opt/hostedtoolcache/Python/3.14.2/x64/lib/python3.14/site-packages/matplotlib/mpl-data/fonts/ttf/DejaVuSerif-BoldItalic.ttf
cmex10 -> /opt/hostedtoolcache/Python/3.14.2/x64/lib/python3.14/site-packages/matplotlib/mpl-data/fonts/ttf/cmex10.ttf
STIXNonUnicode -> /opt/hostedtoolcache/Python/3.14.2/x64/lib/python3.14/site-packages/matplotlib/mpl-data/fonts/ttf/STIXNonUniBol.ttf
STIXSizeFourSym -> /opt/hostedtoolcache/Python/3.14.2/x64/lib/python3.14/site-packages/matplotlib/mpl-data/fonts/ttf/STIXSizFourSymReg.ttf
STIXNonUnicode -> /opt/hostedtoolcache/Python/3.14.2/x64/lib/python3.14/site-packages/matplotlib/mpl-data/fonts/ttf/STIXNonUniIta.ttf
STIXSizeThreeSym -> /opt/hostedtoolcache/Python/3.14.2/x64/lib/python3.14/site-packages/matplotlib/mpl-data/fonts/ttf/STIXSizThreeSymBol.ttf
cmsy10 -> /opt/hostedtoolcache/Python/3.14.2/x64/lib/python3.14/site-packages/matplotlib/mpl-data/fonts/ttf/cmsy10.ttf
DejaVu Sans Display -> /opt/hostedtoolcache/Python/3.14.2/x64/lib/python3.14/site-packages/matplotlib/mpl-data/fonts/ttf/DejaVuSansDisplay.ttf
cmss10 -> /opt/hostedtoolcache/Python/3.14.2/x64/lib/python3.14/site-packages/matplotlib/mpl-data/fonts/ttf/cmss10.ttf
cmb10 -> /opt/hostedtoolcache/Python/3.14.2/x64/lib/python3.14/site-packages/matplotlib/mpl-data/fonts/ttf/cmb10.ttf
DejaVu Serif -> /opt/hostedtoolcache/Python/3.14.2/x64/lib/python3.14/site-packages/matplotlib/mpl-data/fonts/ttf/DejaVuSerif-Bold.ttf
STIXSizeOneSym -> /opt/hostedtoolcache/Python/3.14.2/x64/lib/python3.14/site-packages/matplotlib/mpl-data/fonts/ttf/STIXSizOneSymBol.ttf
DejaVu Sans Mono -> /opt/hostedtoolcache/Python/3.14.2/x64/lib/python3.14/site-packages/matplotlib/mpl-data/fonts/ttf/DejaVuSansMono-Oblique.ttf
DejaVu Sans -> /opt/hostedtoolcache/Python/3.14.2/x64/lib/python3.14/site-packages/matplotlib/mpl-data/fonts/ttf/DejaVuSans-Oblique.ttf
DejaVu Serif Display -> /opt/hostedtoolcache/Python/3.14.2/x64/lib/python3.14/site-packages/matplotlib/mpl-data/fonts/ttf/DejaVuSerifDisplay.ttf
STIXSizeFiveSym -> /opt/hostedtoolcache/Python/3.14.2/x64/lib/python3.14/site-packages/matplotlib/mpl-data/fonts/ttf/STIXSizFiveSymReg.ttf
DejaVu Serif -> /opt/hostedtoolcache/Python/3.14.2/x64/lib/python3.14/site-packages/matplotlib/mpl-data/fonts/ttf/DejaVuSerif.ttf
DejaVu Sans Mono -> /opt/hostedtoolcache/Python/3.14.2/x64/lib/python3.14/site-packages/matplotlib/mpl-data/fonts/ttf/DejaVuSansMono.ttf
STIXSizeFourSym -> /opt/hostedtoolcache/Python/3.14.2/x64/lib/python3.14/site-packages/matplotlib/mpl-data/fonts/ttf/STIXSizFourSymBol.ttf
STIXGeneral -> /opt/hostedtoolcache/Python/3.14.2/x64/lib/python3.14/site-packages/matplotlib/mpl-data/fonts/ttf/STIXGeneralBol.ttf
STIXSizeThreeSym -> /opt/hostedtoolcache/Python/3.14.2/x64/lib/python3.14/site-packages/matplotlib/mpl-data/fonts/ttf/STIXSizThreeSymReg.ttf
STIXSizeTwoSym -> /opt/hostedtoolcache/Python/3.14.2/x64/lib/python3.14/site-packages/matplotlib/mpl-data/fonts/ttf/STIXSizTwoSymReg.ttf
STIXSizeTwoSym -> /opt/hostedtoolcache/Python/3.14.2/x64/lib/python3.14/site-packages/matplotlib/mpl-data/fonts/ttf/STIXSizTwoSymBol.ttf
DejaVu Sans -> /opt/hostedtoolcache/Python/3.14.2/x64/lib/python3.14/site-packages/matplotlib/mpl-data/fonts/ttf/DejaVuSans-BoldOblique.ttf
STIXNonUnicode -> /opt/hostedtoolcache/Python/3.14.2/x64/lib/python3.14/site-packages/matplotlib/mpl-data/fonts/ttf/STIXNonUniBolIta.ttf
STIXGeneral -> /opt/hostedtoolcache/Python/3.14.2/x64/lib/python3.14/site-packages/matplotlib/mpl-data/fonts/ttf/STIXGeneralBolIta.ttf
DejaVu Serif -> /opt/hostedtoolcache/Python/3.14.2/x64/lib/python3.14/site-packages/matplotlib/mpl-data/fonts/ttf/DejaVuSerif-Italic.ttf
DejaVu Sans -> /opt/hostedtoolcache/Python/3.14.2/x64/lib/python3.14/site-packages/matplotlib/mpl-data/fonts/ttf/DejaVuSans-Bold.ttf
STIXNonUnicode -> /opt/hostedtoolcache/Python/3.14.2/x64/lib/python3.14/site-packages/matplotlib/mpl-data/fonts/ttf/STIXNonUni.ttf
cmtt10 -> /opt/hostedtoolcache/Python/3.14.2/x64/lib/python3.14/site-packages/matplotlib/mpl-data/fonts/ttf/cmtt10.ttf
STIXSizeOneSym -> /opt/hostedtoolcache/Python/3.14.2/x64/lib/python3.14/site-packages/matplotlib/mpl-data/fonts/ttf/STIXSizOneSymReg.ttf
STIXGeneral -> /opt/hostedtoolcache/Python/3.14.2/x64/lib/python3.14/site-packages/matplotlib/mpl-data/fonts/ttf/STIXGeneral.ttf
cmmi10 -> /opt/hostedtoolcache/Python/3.14.2/x64/lib/python3.14/site-packages/matplotlib/mpl-data/fonts/ttf/cmmi10.ttf
DejaVu Sans -> /opt/hostedtoolcache/Python/3.14.2/x64/lib/python3.14/site-packages/matplotlib/mpl-data/fonts/ttf/DejaVuSans.ttf
DejaVu Sans Mono -> /opt/hostedtoolcache/Python/3.14.2/x64/lib/python3.14/site-packages/matplotlib/mpl-data/fonts/ttf/DejaVuSansMono-Bold.ttf
cmr10 -> /opt/hostedtoolcache/Python/3.14.2/x64/lib/python3.14/site-packages/matplotlib/mpl-data/fonts/ttf/cmr10.ttf
DejaVu Sans Mono -> /usr/share/fonts/truetype/dejavu/DejaVuSansMono.ttf
Lato -> /usr/share/fonts/truetype/lato/Lato-Heavy.ttf
DejaVu Sans Mono -> /usr/share/fonts/truetype/dejavu/DejaVuSansMono-Bold.ttf
DejaVu Sans Mono -> /usr/share/fonts/truetype/dejavu/DejaVuSansMono-BoldOblique.ttf
DejaVu Serif -> /usr/share/fonts/truetype/dejavu/DejaVuSerifCondensed-Italic.ttf
DejaVu Sans -> /usr/share/fonts/truetype/dejavu/DejaVuSansCondensed-Bold.ttf
Liberation Mono -> /usr/share/fonts/truetype/liberation/LiberationMono-Regular.ttf
Lato -> /usr/share/fonts/truetype/lato/Lato-Hairline.ttf
Liberation Mono -> /usr/share/fonts/truetype/liberation/LiberationMono-Italic.ttf
Lato -> /usr/share/fonts/truetype/lato/Lato-Italic.ttf
Liberation Sans -> /usr/share/fonts/truetype/liberation/LiberationSans-Italic.ttf
DejaVu Serif -> /usr/share/fonts/truetype/dejavu/DejaVuSerifCondensed-Bold.ttf

Preferred font find results:
findfont('Microsoft YaHei') failed: Failed to find font Microsoft YaHei:style=normal:variant=normal:weight=normal:stretch=normal:size=10.0, and fallback to the default font was disabled
findfont('Segoe UI') failed: Failed to find font Segoe UI:style=normal:variant=normal:weight=normal:stretch=normal:size=10.0, and fallback to the default font was disabled
findfont('Arial Unicode MS') failed: Failed to find font Arial Unicode MS:style=normal:variant=normal:weight=normal:stretch=normal:size=10.0, and fallback to the default font was disabled
findfont('Noto Sans CJK SC') failed: Failed to find font Noto Sans CJK SC:style=normal:variant=normal:weight=normal:stretch=normal:size=10.0, and fallback to the default font was disabled
findfont('WenQuanYi Micro Hei') -> /usr/share/fonts/truetype/wqy/wqy-microhei.ttc
findfont('WenQuanYi Zen Hei') -> /usr/share/fonts/truetype/wqy/wqy-zenhei.ttc
findfont('DejaVu Sans') -> /opt/hostedtoolcache/Python/3.14.2/x64/lib/python3.14/site-packages/matplotlib/mpl-data/fonts/ttf/DejaVuSans.ttf

fc-list output sample (truncated to 10000 chars):
Liberation Mono - /usr/share/fonts/truetype/liberation/LiberationMono-Bold.ttf
Liberation Serif - /usr/share/fonts/truetype/liberation/LiberationSerif-BoldItalic.ttf
Lato,Lato Hairline - /usr/share/fonts/truetype/lato/Lato-Hairline.ttf
Lato,Lato Heavy - /usr/share/fonts/truetype/lato/Lato-Heavy.ttf
DejaVu Serif,DejaVu Serif Condensed - /usr/share/fonts/truetype/dejavu/DejaVuSerifCondensed-Italic.ttf
Lato,Lato Medium - /usr/share/fonts/truetype/lato/Lato-Medium.ttf
Lato,Lato Light - /usr/share/fonts/truetype/lato/Lato-LightItalic.ttf
WenQuanYi Zen Hei Sharp,文泉驛點陣正黑,文泉驿点阵正黑 - /usr/share/fonts/truetype/wqy/wqy-zenhei.ttc
WenQuanYi Micro Hei Mono,文泉驛等寬微米黑,文泉驿等宽微米黑 - /usr/share/fonts/truetype/wqy/wqy-microhei.ttc
Noto Sans Mono CJK KR - /usr/share/fonts/opentype/noto/NotoSansCJK-Bold.ttc
DejaVu Serif - /usr/share/fonts/truetype/dejavu/DejaVuSerif-Bold.ttf
Noto Sans Mono CJK JP - /usr/share/fonts/opentype/noto/NotoSansCJK-Bold.ttc
Noto Sans Mono CJK HK - /usr/share/fonts/opentype/noto/NotoSansCJK-Bold.ttc
Noto Serif CJK SC - /usr/share/fonts/opentype/noto/NotoSerifCJK-Regular.ttc
DejaVu Math TeX Gyre - /usr/share/fonts/truetype/dejavu/DejaVuMathTeXGyre.ttf
Liberation Sans - /usr/share/fonts/truetype/liberation/LiberationSans-Regular.ttf
Lato - /usr/share/fonts/truetype/lato/Lato-Italic.ttf
Liberation Sans - /usr/share/fonts/truetype/liberation/LiberationSans-Bold.ttf
Noto Serif CJK TC - /usr/share/fonts/opentype/noto/NotoSerifCJK-Regular.ttc
Noto Sans Mono CJK SC - /usr/share/fonts/opentype/noto/NotoSansCJK-Bold.ttc
Liberation Mono - /usr/share/fonts/truetype/liberation/LiberationMono-Italic.ttf
Noto Sans Mono CJK TC - /usr/share/fonts/opentype/noto/NotoSansCJK-Bold.ttc
DejaVu Sans,DejaVu Sans Condensed - /usr/share/fonts/truetype/dejavu/DejaVuSansCondensed.ttf
DejaVu Serif,DejaVu Serif Condensed - /usr/share/fonts/truetype/dejavu/DejaVuSerifCondensed.ttf
Liberation Serif - /usr/share/fonts/truetype/liberation/LiberationSerif-Italic.ttf
Lato,Lato Heavy - /usr/share/fonts/truetype/lato/Lato-HeavyItalic.ttf
Lato - /usr/share/fonts/truetype/lato/Lato-BoldItalic.ttf
Noto Serif CJK JP - /usr/share/fonts/opentype/noto/NotoSerifCJK-Regular.ttc
Lato,Lato Medium - /usr/share/fonts/truetype/lato/Lato-MediumItalic.ttf
Noto Serif CJK HK - /usr/share/fonts/opentype/noto/NotoSerifCJK-Regular.ttc
DejaVu Serif - /usr/share/fonts/truetype/dejavu/DejaVuSerif-Italic.ttf
DejaVu Sans - /usr/share/fonts/truetype/dejavu/DejaVuSans.ttf
Noto Serif CJK KR - /usr/share/fonts/opentype/noto/NotoSerifCJK-Regular.ttc
Lato,Lato Semibold - /usr/share/fonts/truetype/lato/Lato-SemiboldItalic.ttf
Lato,Lato Thin - /usr/share/fonts/truetype/lato/Lato-ThinItalic.ttf
DejaVu Sans,DejaVu Sans Condensed - /usr/share/fonts/truetype/dejavu/DejaVuSansCondensed-BoldOblique.ttf
Noto Sans CJK JP - /usr/share/fonts/opentype/noto/NotoSansCJK-Regular.ttc
Liberation Sans - /usr/share/fonts/truetype/liberation/LiberationSans-Italic.ttf
Noto Sans CJK HK - /usr/share/fonts/opentype/noto/NotoSansCJK-Regular.ttc
Lato,Lato Black - /usr/share/fonts/truetype/lato/Lato-BlackItalic.ttf
Lato,Lato Thin - /usr/share/fonts/truetype/lato/Lato-Thin.ttf
DejaVu Sans,DejaVu Sans Condensed - /usr/share/fonts/truetype/dejavu/DejaVuSansCondensed-Oblique.ttf
Noto Sans CJK KR - /usr/share/fonts/opentype/noto/NotoSansCJK-Regular.ttc
Lato,Lato Light - /usr/share/fonts/truetype/lato/Lato-Light.ttf
Noto Sans CJK TC - /usr/share/fonts/opentype/noto/NotoSansCJK-Regular.ttc
DejaVu Sans,DejaVu Sans Condensed - /usr/share/fonts/truetype/dejavu/DejaVuSansCondensed-Bold.ttf
DejaVu Sans Mono - /usr/share/fonts/truetype/dejavu/DejaVuSansMono-Oblique.ttf
Lato,Lato Hairline - /usr/share/fonts/truetype/lato/Lato-HairlineItalic.ttf
Noto Sans CJK SC - /usr/share/fonts/opentype/noto/NotoSansCJK-Regular.ttc
WenQuanYi Zen Hei,文泉驛正黑,文泉驿正黑 - /usr/share/fonts/truetype/wqy/wqy-zenhei.ttc
Lato,Lato Black - /usr/share/fonts/truetype/lato/Lato-Black.ttf
Lato - /usr/share/fonts/truetype/lato/Lato-Regular.ttf
DejaVu Sans - /usr/share/fonts/truetype/dejavu/DejaVuSans-BoldOblique.ttf
Liberation Mono - /usr/share/fonts/truetype/liberation/LiberationMono-BoldItalic.ttf
Noto Sans Mono CJK KR - /usr/share/fonts/opentype/noto/NotoSansCJK-Regular.ttc
Liberation Mono - /usr/share/fonts/truetype/liberation/LiberationMono-Regular.ttf
Noto Sans Mono CJK HK - /usr/share/fonts/opentype/noto/NotoSansCJK-Regular.ttc
DejaVu Sans,DejaVu Sans Light - /usr/share/fonts/truetype/dejavu/DejaVuSans-ExtraLight.ttf
DejaVu Serif - /usr/share/fonts/truetype/dejavu/DejaVuSerif.ttf
Noto Sans Mono CJK JP - /usr/share/fonts/opentype/noto/NotoSansCJK-Regular.ttc
Noto Serif CJK JP - /usr/share/fonts/opentype/noto/NotoSerifCJK-Bold.ttc
Noto Serif CJK HK - /usr/share/fonts/opentype/noto/NotoSerifCJK-Bold.ttc
Noto Serif CJK KR - /usr/share/fonts/opentype/noto/NotoSerifCJK-Bold.ttc
Noto Serif CJK TC - /usr/share/fonts/opentype/noto/NotoSerifCJK-Bold.ttc
Lato - /usr/share/fonts/truetype/lato/Lato-Bold.ttf
Noto Sans CJK SC - /usr/share/fonts/opentype/noto/NotoSansCJK-Bold.ttc
Noto Sans Mono CJK TC - /usr/share/fonts/opentype/noto/NotoSansCJK-Regular.ttc
Noto Sans CJK TC - /usr/share/fonts/opentype/noto/NotoSansCJK-Bold.ttc
Noto Serif CJK SC - /usr/share/fonts/opentype/noto/NotoSerifCJK-Bold.ttc
DejaVu Sans Mono - /usr/share/fonts/truetype/dejavu/DejaVuSansMono-Bold.ttf
DejaVu Serif - /usr/share/fonts/truetype/dejavu/DejaVuSerif-BoldItalic.ttf
WenQuanYi Zen Hei Mono,文泉驛等寬正黑,文泉驿等宽正黑 - /usr/share/fonts/truetype/wqy/wqy-zenhei.ttc
DejaVu Sans Mono - /usr/share/fonts/truetype/dejavu/DejaVuSansMono.ttf
Noto Sans CJK JP - /usr/share/fonts/opentype/noto/NotoSansCJK-Bold.ttc
Noto Sans CJK HK - /usr/share/fonts/opentype/noto/NotoSansCJK-Bold.ttc
Noto Sans CJK KR - /usr/share/fonts/opentype/noto/NotoSansCJK-Bold.ttc
WenQuanYi Micro Hei,文泉驛微米黑,文泉驿微米黑 - /usr/share/fonts/truetype/wqy/wqy-microhei.ttc
Noto Sans Mono CJK SC - /usr/share/fonts/opentype/noto/NotoSansCJK-Regular.ttc
Noto Color Emoji - /usr/share/fonts/truetype/noto/NotoColorEmoji.ttf
DejaVu Sans Mono - /usr/share/fonts/truetype/dejavu/DejaVuSansMono-BoldOblique.ttf
Liberation Sans - /usr/share/fonts/truetype/liberation/LiberationSans-BoldItalic.ttf
Liberation Serif - /usr/share/fonts/truetype/liberation/LiberationSerif-Regular.ttf
Lato,Lato Semibold - /usr/share/fonts/truetype/lato/Lato-Semibold.ttf
DejaVu Sans - /usr/share/fonts/truetype/dejavu/DejaVuSans-Oblique.ttf
DejaVu Serif,DejaVu Serif Condensed - /usr/share/fonts/truetype/dejavu/DejaVuSerifCondensed-Bold.ttf
DejaVu Sans - /usr/share/fonts/truetype/dejavu/DejaVuSans-Bold.ttf
Liberation Serif - /usr/share/fonts/truetype/liberation/LiberationSerif-Bold.ttf
DejaVu Serif,DejaVu Serif Condensed - /usr/share/fonts/truetype/dejavu/DejaVuSerifCondensed-BoldItalic.ttf

2025-12-22 07:20:19,604 - INFO - Matplotlib 字体设置：使用回退字体列表，首选可用字体: Noto Sans CJK JP
2025-12-22 07:20:21,055 - INFO - 使用 ChromeDriver: /usr/bin/chromedriver
2025-12-22 07:20:21,055 - WARNING - Using CPU. Note: This module is much faster with a GPU.
2025-12-22 07:20:22,637 - INFO - OCR识别器初始化成功
2025-12-22 07:20:22,637 - INFO - 开始南京大学电费监控流程（自动无头模式）
2025-12-22 07:20:22,637 - INFO - 正在打开页面: https://epay.nju.edu.cn/epay/h5/nju/electric/index
2025-12-22 07:20:30,723 - INFO - 等待登录表单加载...
2025-12-22 07:20:30,734 - INFO - 登录表单已加载
2025-12-22 07:20:30,734 - INFO - 开始填写登录表单...
2025-12-22 07:20:30,800 - INFO - 用户名填写完成
2025-12-22 07:20:30,876 - INFO - 密码填写完成
2025-12-22 07:20:30,876 - INFO - 检查是否有验证码...
2025-12-22 07:20:30,876 - INFO - 查找验证码图片...
2025-12-22 07:20:30,896 - INFO - 找到验证码图片，开始截图...
2025-12-22 07:20:30,948 - INFO - 验证码图片截取成功
2025-12-22 07:20:30,948 - INFO - 开始填写登录表单...
2025-12-22 07:20:31,017 - INFO - 用户名填写完成
2025-12-22 07:20:31,082 - INFO - 密码填写完成
2025-12-22 07:20:31,083 - INFO - 验证码图片已保存到 /home/runner/work/nju_electric_monitor/nju_electric_monitor/src/../data/captcha_debug.png
2025-12-22 07:20:31,083 - INFO - 验证码识别尝试 1/30
2025-12-22 07:20:31,083 - INFO - 开始识别验证码...（easyocr + pytesseract）
2025-12-22 07:20:31,221 - INFO - easyocr 结果: ['NaDN(0.75)']
2025-12-22 07:20:31,377 - INFO - tesseract 结果: NaDy
2025-12-22 07:20:31,442 - INFO - easyocr alt1 结果: ['NaDy(0.58)']
2025-12-22 07:20:31,534 - INFO - tesseract alt1 结果: 
2025-12-22 07:20:31,605 - INFO - easyocr alt2 结果: ['NaDy(0.61)']
2025-12-22 07:20:31,706 - INFO - tesseract alt2 结果: Nady
2025-12-22 07:20:31,874 - INFO - easyocr alt3 结果: ['AaDy(0.45)']
2025-12-22 07:20:31,976 - INFO - tesseract alt3 结果: 
2025-12-22 07:20:32,036 - INFO - easyocr alt4 结果: ['AaDy(0.55)']
2025-12-22 07:20:32,128 - INFO - tesseract alt4 结果: 
2025-12-22 07:20:32,208 - INFO - easyocr alt5 结果: ['IaD(0.04)']
2025-12-22 07:20:32,308 - INFO - tesseract alt5 结果: aby
2025-12-22 07:20:32,308 - INFO - 最终验证码识别结果: NaDN (engine=easyocr, prob=0.7535159587860107)
2025-12-22 07:20:32,308 - INFO - 查找验证码输入框...
2025-12-22 07:20:32,371 - INFO - 验证码填写完成
2025-12-22 07:20:32,371 - INFO - 验证码填写完成，点击登录按钮...
2025-12-22 07:20:32,371 - INFO - 查找并点击登录按钮...
2025-12-22 07:20:32,741 - INFO - 已点击登录按钮
2025-12-22 07:20:39,770 - INFO - 开始填写登录表单...
2025-12-22 07:20:39,833 - INFO - 用户名填写完成
2025-12-22 07:20:39,895 - INFO - 密码填写完成
2025-12-22 07:20:39,896 - INFO - 验证码图片已保存到 /home/runner/work/nju_electric_monitor/nju_electric_monitor/src/../data/captcha_debug.png
2025-12-22 07:20:39,896 - INFO - 验证码识别尝试 2/30
2025-12-22 07:20:39,896 - INFO - 开始识别验证码...（easyocr + pytesseract）
2025-12-22 07:20:39,994 - INFO - easyocr 结果: ['NaDN(0.75)']
2025-12-22 07:20:40,090 - INFO - tesseract 结果: NaDy
2025-12-22 07:20:40,151 - INFO - easyocr alt1 结果: ['NaDy(0.58)']
2025-12-22 07:20:40,244 - INFO - tesseract alt1 结果: 
2025-12-22 07:20:40,316 - INFO - easyocr alt2 结果: ['NaDy(0.61)']
2025-12-22 07:20:40,411 - INFO - tesseract alt2 结果: Nady
2025-12-22 07:20:40,568 - INFO - easyocr alt3 结果: ['AaDy(0.45)']
2025-12-22 07:20:40,666 - INFO - tesseract alt3 结果: 
2025-12-22 07:20:40,726 - INFO - easyocr alt4 结果: ['AaDy(0.55)']
2025-12-22 07:20:40,819 - INFO - tesseract alt4 结果: 
2025-12-22 07:20:40,906 - INFO - easyocr alt5 结果: ['IaD(0.04)']
2025-12-22 07:20:41,004 - INFO - tesseract alt5 结果: aby
2025-12-22 07:20:41,004 - INFO - 最终验证码识别结果: NaDN (engine=easyocr, prob=0.7535159587860107)
2025-12-22 07:20:41,004 - INFO - 查找验证码输入框...
2025-12-22 07:20:41,063 - INFO - 验证码填写完成
2025-12-22 07:20:41,063 - INFO - 验证码填写完成，点击登录按钮...
2025-12-22 07:20:41,063 - INFO - 查找并点击登录按钮...
2025-12-22 07:20:41,121 - INFO - 已点击登录按钮
2025-12-22 07:20:48,142 - INFO - 开始填写登录表单...
2025-12-22 07:20:48,207 - INFO - 用户名填写完成
2025-12-22 07:20:48,271 - INFO - 密码填写完成
2025-12-22 07:20:48,271 - INFO - 验证码图片已保存到 /home/runner/work/nju_electric_monitor/nju_electric_monitor/src/../data/captcha_debug.png
2025-12-22 07:20:48,272 - INFO - 验证码识别尝试 3/30
2025-12-22 07:20:48,272 - INFO - 开始识别验证码...（easyocr + pytesseract）
2025-12-22 07:20:48,378 - INFO - easyocr 结果: ['NaDN(0.75)']
2025-12-22 07:20:48,473 - INFO - tesseract 结果: NaDy
2025-12-22 07:20:48,533 - INFO - easyocr alt1 结果: ['NaDy(0.58)']
2025-12-22 07:20:48,629 - INFO - tesseract alt1 结果: 
2025-12-22 07:20:48,689 - INFO - easyocr alt2 结果: ['NaDy(0.61)']
2025-12-22 07:20:48,783 - INFO - tesseract alt2 结果: Nady
2025-12-22 07:20:48,941 - INFO - easyocr alt3 结果: ['AaDy(0.45)']
2025-12-22 07:20:49,041 - INFO - tesseract alt3 结果: 
2025-12-22 07:20:49,101 - INFO - easyocr alt4 结果: ['AaDy(0.55)']
2025-12-22 07:20:49,192 - INFO - tesseract alt4 结果: 
2025-12-22 07:20:49,271 - INFO - easyocr alt5 结果: ['IaD(0.04)']
2025-12-22 07:20:49,375 - INFO - tesseract alt5 结果: aby
2025-12-22 07:20:49,375 - INFO - 最终验证码识别结果: NaDN (engine=easyocr, prob=0.7535159587860107)
2025-12-22 07:20:49,375 - INFO - 查找验证码输入框...
2025-12-22 07:20:49,433 - INFO - 验证码填写完成
2025-12-22 07:20:49,434 - INFO - 验证码填写完成，点击登录按钮...
2025-12-22 07:20:49,434 - INFO - 查找并点击登录按钮...
2025-12-22 07:20:49,817 - INFO - 已点击登录按钮
2025-12-22 07:20:56,838 - INFO - 开始填写登录表单...
2025-12-22 07:20:56,899 - INFO - 用户名填写完成
2025-12-22 07:20:56,957 - INFO - 密码填写完成
2025-12-22 07:20:56,958 - INFO - 验证码图片已保存到 /home/runner/work/nju_electric_monitor/nju_electric_monitor/src/../data/captcha_debug.png
2025-12-22 07:20:56,958 - INFO - 验证码识别尝试 4/30
2025-12-22 07:20:56,958 - INFO - 开始识别验证码...（easyocr + pytesseract）
2025-12-22 07:20:57,063 - INFO - easyocr 结果: ['NaDN(0.75)']
2025-12-22 07:20:57,158 - INFO - tesseract 结果: NaDy
2025-12-22 07:20:57,219 - INFO - easyocr alt1 结果: ['NaDy(0.58)']
2025-12-22 07:20:57,310 - INFO - tesseract alt1 结果: 
2025-12-22 07:20:57,370 - INFO - easyocr alt2 结果: ['NaDy(0.61)']
2025-12-22 07:20:57,465 - INFO - tesseract alt2 结果: Nady
2025-12-22 07:20:57,620 - INFO - easyocr alt3 结果: ['AaDy(0.45)']
2025-12-22 07:20:57,721 - INFO - tesseract alt3 结果: 
2025-12-22 07:20:57,780 - INFO - easyocr alt4 结果: ['AaDy(0.55)']
2025-12-22 07:20:57,874 - INFO - tesseract alt4 结果: 
2025-12-22 07:20:57,952 - INFO - easyocr alt5 结果: ['IaD(0.04)']
2025-12-22 07:20:58,050 - INFO - tesseract alt5 结果: aby
2025-12-22 07:20:58,050 - INFO - 最终验证码识别结果: NaDN (engine=easyocr, prob=0.7535159587860107)
2025-12-22 07:20:58,050 - INFO - 查找验证码输入框...
2025-12-22 07:20:58,108 - INFO - 验证码填写完成
2025-12-22 07:20:58,108 - INFO - 验证码填写完成，点击登录按钮...
2025-12-22 07:20:58,108 - INFO - 查找并点击登录按钮...
2025-12-22 07:20:58,469 - INFO - 已点击登录按钮
2025-12-22 07:21:05,490 - INFO - 开始填写登录表单...
2025-12-22 07:21:05,551 - INFO - 用户名填写完成
2025-12-22 07:21:05,610 - INFO - 密码填写完成
2025-12-22 07:21:05,611 - INFO - 验证码图片已保存到 /home/runner/work/nju_electric_monitor/nju_electric_monitor/src/../data/captcha_debug.png
2025-12-22 07:21:05,611 - INFO - 验证码识别尝试 5/30
2025-12-22 07:21:05,611 - INFO - 开始识别验证码...（easyocr + pytesseract）
2025-12-22 07:21:05,708 - INFO - easyocr 结果: ['NaDN(0.75)']
2025-12-22 07:21:05,807 - INFO - tesseract 结果: NaDy
2025-12-22 07:21:05,867 - INFO - easyocr alt1 结果: ['NaDy(0.58)']
2025-12-22 07:21:05,963 - INFO - tesseract alt1 结果: 
2025-12-22 07:21:06,022 - INFO - easyocr alt2 结果: ['NaDy(0.61)']
2025-12-22 07:21:06,121 - INFO - tesseract alt2 结果: Nady
2025-12-22 07:21:06,277 - INFO - easyocr alt3 结果: ['AaDy(0.45)']
2025-12-22 07:21:06,375 - INFO - tesseract alt3 结果: 
2025-12-22 07:21:06,434 - INFO - easyocr alt4 结果: ['AaDy(0.55)']
2025-12-22 07:21:06,525 - INFO - tesseract alt4 结果: 
2025-12-22 07:21:06,605 - INFO - easyocr alt5 结果: ['IaD(0.04)']
2025-12-22 07:21:06,712 - INFO - tesseract alt5 结果: aby
2025-12-22 07:21:06,712 - INFO - 最终验证码识别结果: NaDN (engine=easyocr, prob=0.7535159587860107)
2025-12-22 07:21:06,712 - INFO - 查找验证码输入框...
2025-12-22 07:21:06,770 - INFO - 验证码填写完成
2025-12-22 07:21:06,770 - INFO - 验证码填写完成，点击登录按钮...
2025-12-22 07:21:06,770 - INFO - 查找并点击登录按钮...
2025-12-22 07:21:07,122 - INFO - 已点击登录按钮
2025-12-22 07:21:14,143 - INFO - 开始填写登录表单...
2025-12-22 07:21:14,207 - INFO - 用户名填写完成
2025-12-22 07:21:14,267 - INFO - 密码填写完成
2025-12-22 07:21:14,268 - INFO - 验证码图片已保存到 /home/runner/work/nju_electric_monitor/nju_electric_monitor/src/../data/captcha_debug.png
2025-12-22 07:21:14,268 - INFO - 验证码识别尝试 6/30
2025-12-22 07:21:14,268 - INFO - 开始识别验证码...（easyocr + pytesseract）
2025-12-22 07:21:14,365 - INFO - easyocr 结果: ['NaDN(0.75)']
2025-12-22 07:21:14,460 - INFO - tesseract 结果: NaDy
2025-12-22 07:21:14,520 - INFO - easyocr alt1 结果: ['NaDy(0.58)']
2025-12-22 07:21:14,617 - INFO - tesseract alt1 结果: 
2025-12-22 07:21:14,676 - INFO - easyocr alt2 结果: ['NaDy(0.61)']
2025-12-22 07:21:14,771 - INFO - tesseract alt2 结果: Nady
2025-12-22 07:21:14,926 - INFO - easyocr alt3 结果: ['AaDy(0.45)']
2025-12-22 07:21:15,026 - INFO - tesseract alt3 结果: 
2025-12-22 07:21:15,086 - INFO - easyocr alt4 结果: ['AaDy(0.55)']
2025-12-22 07:21:15,177 - INFO - tesseract alt4 结果: 
2025-12-22 07:21:15,256 - INFO - easyocr alt5 结果: ['IaD(0.04)']
2025-12-22 07:21:15,356 - INFO - tesseract alt5 结果: aby
2025-12-22 07:21:15,356 - INFO - 最终验证码识别结果: NaDN (engine=easyocr, prob=0.7535159587860107)
2025-12-22 07:21:15,356 - INFO - 查找验证码输入框...
2025-12-22 07:21:15,416 - INFO - 验证码填写完成
2025-12-22 07:21:15,416 - INFO - 验证码填写完成，点击登录按钮...
2025-12-22 07:21:15,416 - INFO - 查找并点击登录按钮...
2025-12-22 07:21:15,771 - INFO - 已点击登录按钮
2025-12-22 07:21:22,792 - INFO - 开始填写登录表单...
2025-12-22 07:21:22,854 - INFO - 用户名填写完成
2025-12-22 07:21:22,915 - INFO - 密码填写完成
2025-12-22 07:21:22,916 - INFO - 验证码图片已保存到 /home/runner/work/nju_electric_monitor/nju_electric_monitor/src/../data/captcha_debug.png
2025-12-22 07:21:22,916 - INFO - 验证码识别尝试 7/30
2025-12-22 07:21:22,916 - INFO - 开始识别验证码...（easyocr + pytesseract）
2025-12-22 07:21:23,013 - INFO - easyocr 结果: ['NaDN(0.75)']
2025-12-22 07:21:23,107 - INFO - tesseract 结果: NaDy
2025-12-22 07:21:23,167 - INFO - easyocr alt1 结果: ['NaDy(0.58)']
2025-12-22 07:21:23,261 - INFO - tesseract alt1 结果: 
2025-12-22 07:21:23,320 - INFO - easyocr alt2 结果: ['NaDy(0.61)']
2025-12-22 07:21:23,414 - INFO - tesseract alt2 结果: Nady
2025-12-22 07:21:23,576 - INFO - easyocr alt3 结果: ['AaDy(0.45)']
2025-12-22 07:21:23,677 - INFO - tesseract alt3 结果: 
2025-12-22 07:21:23,736 - INFO - easyocr alt4 结果: ['AaDy(0.55)']
2025-12-22 07:21:23,826 - INFO - tesseract alt4 结果: 
2025-12-22 07:21:23,904 - INFO - easyocr alt5 结果: ['IaD(0.04)']
2025-12-22 07:21:24,273 - INFO - tesseract alt5 结果: aby
2025-12-22 07:21:24,273 - INFO - 最终验证码识别结果: NaDN (engine=easyocr, prob=0.7535159587860107)
2025-12-22 07:21:24,273 - INFO - 查找验证码输入框...
2025-12-22 07:21:24,339 - INFO - 验证码填写完成
2025-12-22 07:21:24,339 - INFO - 验证码填写完成，点击登录按钮...
2025-12-22 07:21:24,339 - INFO - 查找并点击登录按钮...
2025-12-22 07:21:24,695 - INFO - 已点击登录按钮
2025-12-22 07:21:31,716 - INFO - 开始填写登录表单...
2025-12-22 07:21:31,780 - INFO - 用户名填写完成
2025-12-22 07:21:31,842 - INFO - 密码填写完成
2025-12-22 07:21:31,843 - INFO - 验证码图片已保存到 /home/runner/work/nju_electric_monitor/nju_electric_monitor/src/../data/captcha_debug.png
2025-12-22 07:21:31,843 - INFO - 验证码识别尝试 8/30
2025-12-22 07:21:31,843 - INFO - 开始识别验证码...（easyocr + pytesseract）
2025-12-22 07:21:31,941 - INFO - easyocr 结果: ['NaDN(0.75)']
2025-12-22 07:21:32,036 - INFO - tesseract 结果: NaDy
2025-12-22 07:21:32,097 - INFO - easyocr alt1 结果: ['NaDy(0.58)']
2025-12-22 07:21:32,192 - INFO - tesseract alt1 结果: 
2025-12-22 07:21:32,251 - INFO - easyocr alt2 结果: ['NaDy(0.61)']
2025-12-22 07:21:32,349 - INFO - tesseract alt2 结果: Nady
2025-12-22 07:21:32,506 - INFO - easyocr alt3 结果: ['AaDy(0.45)']
2025-12-22 07:21:32,606 - INFO - tesseract alt3 结果: 
2025-12-22 07:21:32,666 - INFO - easyocr alt4 结果: ['AaDy(0.55)']
2025-12-22 07:21:32,758 - INFO - tesseract alt4 结果: 
2025-12-22 07:21:32,837 - INFO - easyocr alt5 结果: ['IaD(0.04)']
2025-12-22 07:21:32,938 - INFO - tesseract alt5 结果: aby
2025-12-22 07:21:32,938 - INFO - 最终验证码识别结果: NaDN (engine=easyocr, prob=0.7535159587860107)
2025-12-22 07:21:32,938 - INFO - 查找验证码输入框...
2025-12-22 07:21:32,997 - INFO - 验证码填写完成
2025-12-22 07:21:32,997 - INFO - 验证码填写完成，点击登录按钮...
2025-12-22 07:21:32,997 - INFO - 查找并点击登录按钮...
2025-12-22 07:21:33,359 - INFO - 已点击登录按钮
2025-12-22 07:21:40,380 - INFO - 开始填写登录表单...
2025-12-22 07:21:40,444 - INFO - 用户名填写完成
2025-12-22 07:21:40,506 - INFO - 密码填写完成
2025-12-22 07:21:40,506 - INFO - 验证码图片已保存到 /home/runner/work/nju_electric_monitor/nju_electric_monitor/src/../data/captcha_debug.png
2025-12-22 07:21:40,506 - INFO - 验证码识别尝试 9/30
2025-12-22 07:21:40,506 - INFO - 开始识别验证码...（easyocr + pytesseract）
2025-12-22 07:21:40,605 - INFO - easyocr 结果: ['NaDN(0.75)']
2025-12-22 07:21:40,703 - INFO - tesseract 结果: NaDy
2025-12-22 07:21:40,762 - INFO - easyocr alt1 结果: ['NaDy(0.58)']
2025-12-22 07:21:40,856 - INFO - tesseract alt1 结果: 
2025-12-22 07:21:40,916 - INFO - easyocr alt2 结果: ['NaDy(0.61)']
2025-12-22 07:21:41,011 - INFO - tesseract alt2 结果: Nady
2025-12-22 07:21:41,177 - INFO - easyocr alt3 结果: ['AaDy(0.45)']
2025-12-22 07:21:41,277 - INFO - tesseract alt3 结果: 
2025-12-22 07:21:41,336 - INFO - easyocr alt4 结果: ['AaDy(0.55)']
2025-12-22 07:21:41,428 - INFO - tesseract alt4 结果: 
2025-12-22 07:21:41,506 - INFO - easyocr alt5 结果: ['IaD(0.04)']
2025-12-22 07:21:41,608 - INFO - tesseract alt5 结果: aby
2025-12-22 07:21:41,608 - INFO - 最终验证码识别结果: NaDN (engine=easyocr, prob=0.7535159587860107)
2025-12-22 07:21:41,608 - INFO - 查找验证码输入框...
2025-12-22 07:21:41,667 - INFO - 验证码填写完成
2025-12-22 07:21:41,667 - INFO - 验证码填写完成，点击登录按钮...
2025-12-22 07:21:41,667 - INFO - 查找并点击登录按钮...
2025-12-22 07:21:42,024 - INFO - 已点击登录按钮
2025-12-22 07:21:49,046 - INFO - 开始填写登录表单...
2025-12-22 07:21:49,110 - INFO - 用户名填写完成
2025-12-22 07:21:49,173 - INFO - 密码填写完成
2025-12-22 07:21:49,173 - INFO - 验证码图片已保存到 /home/runner/work/nju_electric_monitor/nju_electric_monitor/src/../data/captcha_debug.png
2025-12-22 07:21:49,174 - INFO - 验证码识别尝试 10/30
2025-12-22 07:21:49,174 - INFO - 开始识别验证码...（easyocr + pytesseract）
2025-12-22 07:21:49,271 - INFO - easyocr 结果: ['NaDN(0.75)']
2025-12-22 07:21:49,367 - INFO - tesseract 结果: NaDy
2025-12-22 07:21:49,427 - INFO - easyocr alt1 结果: ['NaDy(0.58)']
2025-12-22 07:21:49,521 - INFO - tesseract alt1 结果: 
2025-12-22 07:21:49,580 - INFO - easyocr alt2 结果: ['NaDy(0.61)']
2025-12-22 07:21:49,677 - INFO - tesseract alt2 结果: Nady
2025-12-22 07:21:49,833 - INFO - easyocr alt3 结果: ['AaDy(0.45)']
2025-12-22 07:21:49,935 - INFO - tesseract alt3 结果: 
2025-12-22 07:21:49,994 - INFO - easyocr alt4 结果: ['AaDy(0.55)']
2025-12-22 07:21:50,085 - INFO - tesseract alt4 结果: 
2025-12-22 07:21:50,164 - INFO - easyocr alt5 结果: ['IaD(0.04)']
2025-12-22 07:21:50,269 - INFO - tesseract alt5 结果: aby
2025-12-22 07:21:50,269 - INFO - 最终验证码识别结果: NaDN (engine=easyocr, prob=0.7535159587860107)
2025-12-22 07:21:50,269 - INFO - 查找验证码输入框...
2025-12-22 07:21:50,329 - INFO - 验证码填写完成
2025-12-22 07:21:50,329 - INFO - 验证码填写完成，点击登录按钮...
2025-12-22 07:21:50,329 - INFO - 查找并点击登录按钮...
2025-12-22 07:21:50,690 - INFO - 已点击登录按钮
2025-12-22 07:21:57,710 - INFO - 开始填写登录表单...
2025-12-22 07:21:57,771 - INFO - 用户名填写完成
2025-12-22 07:21:57,831 - INFO - 密码填写完成
2025-12-22 07:21:57,831 - INFO - 验证码图片已保存到 /home/runner/work/nju_electric_monitor/nju_electric_monitor/src/../data/captcha_debug.png
2025-12-22 07:21:57,831 - INFO - 验证码识别尝试 11/30
2025-12-22 07:21:57,831 - INFO - 开始识别验证码...（easyocr + pytesseract）
2025-12-22 07:21:57,937 - INFO - easyocr 结果: ['NaDN(0.75)']
2025-12-22 07:21:58,031 - INFO - tesseract 结果: NaDy
2025-12-22 07:21:58,100 - INFO - easyocr alt1 结果: ['NaDy(0.58)']
2025-12-22 07:21:58,189 - INFO - tesseract alt1 结果: 
2025-12-22 07:21:58,247 - INFO - easyocr alt2 结果: ['NaDy(0.61)']
2025-12-22 07:21:58,339 - INFO - tesseract alt2 结果: Nady
2025-12-22 07:21:58,503 - INFO - easyocr alt3 结果: ['AaDy(0.45)']
2025-12-22 07:21:58,601 - INFO - tesseract alt3 结果: 
2025-12-22 07:21:58,659 - INFO - easyocr alt4 结果: ['AaDy(0.55)']
2025-12-22 07:21:58,748 - INFO - tesseract alt4 结果: 
2025-12-22 07:21:58,825 - INFO - easyocr alt5 结果: ['IaD(0.04)']
2025-12-22 07:21:58,921 - INFO - tesseract alt5 结果: aby
2025-12-22 07:21:58,921 - INFO - 最终验证码识别结果: NaDN (engine=easyocr, prob=0.7535159587860107)
2025-12-22 07:21:58,921 - INFO - 查找验证码输入框...
2025-12-22 07:21:58,980 - INFO - 验证码填写完成
2025-12-22 07:21:58,980 - INFO - 验证码填写完成，点击登录按钮...
2025-12-22 07:21:58,980 - INFO - 查找并点击登录按钮...
2025-12-22 07:21:59,038 - INFO - 已点击登录按钮
2025-12-22 07:22:06,059 - INFO - 开始填写登录表单...
2025-12-22 07:22:06,122 - INFO - 用户名填写完成
2025-12-22 07:22:06,183 - INFO - 密码填写完成
2025-12-22 07:22:06,183 - INFO - 验证码图片已保存到 /home/runner/work/nju_electric_monitor/nju_electric_monitor/src/../data/captcha_debug.png
2025-12-22 07:22:06,184 - INFO - 验证码识别尝试 12/30
2025-12-22 07:22:06,184 - INFO - 开始识别验证码...（easyocr + pytesseract）
2025-12-22 07:22:06,281 - INFO - easyocr 结果: ['NaDN(0.75)']
2025-12-22 07:22:06,375 - INFO - tesseract 结果: NaDy
2025-12-22 07:22:06,433 - INFO - easyocr alt1 结果: ['NaDy(0.58)']
2025-12-22 07:22:06,525 - INFO - tesseract alt1 结果: 
2025-12-22 07:22:06,585 - INFO - easyocr alt2 结果: ['NaDy(0.61)']
2025-12-22 07:22:06,677 - INFO - tesseract alt2 结果: Nady
2025-12-22 07:22:06,831 - INFO - easyocr alt3 结果: ['AaDy(0.45)']
2025-12-22 07:22:06,933 - INFO - tesseract alt3 结果: 
2025-12-22 07:22:06,991 - INFO - easyocr alt4 结果: ['AaDy(0.55)']
2025-12-22 07:22:07,081 - INFO - tesseract alt4 结果: 
2025-12-22 07:22:07,157 - INFO - easyocr alt5 结果: ['IaD(0.04)']
2025-12-22 07:22:07,258 - INFO - tesseract alt5 结果: aby
2025-12-22 07:22:07,258 - INFO - 最终验证码识别结果: NaDN (engine=easyocr, prob=0.7535159587860107)
2025-12-22 07:22:07,258 - INFO - 查找验证码输入框...
2025-12-22 07:22:07,314 - INFO - 验证码填写完成
2025-12-22 07:22:07,314 - INFO - 验证码填写完成，点击登录按钮...
2025-12-22 07:22:07,314 - INFO - 查找并点击登录按钮...
2025-12-22 07:22:07,371 - INFO - 已点击登录按钮
2025-12-22 07:22:14,391 - INFO - 开始填写登录表单...
2025-12-22 07:22:14,453 - INFO - 用户名填写完成
2025-12-22 07:22:14,513 - INFO - 密码填写完成
2025-12-22 07:22:14,514 - INFO - 验证码图片已保存到 /home/runner/work/nju_electric_monitor/nju_electric_monitor/src/../data/captcha_debug.png
2025-12-22 07:22:14,514 - INFO - 验证码识别尝试 13/30
2025-12-22 07:22:14,514 - INFO - 开始识别验证码...（easyocr + pytesseract）
2025-12-22 07:22:14,619 - INFO - easyocr 结果: ['NaDN(0.75)']
2025-12-22 07:22:14,714 - INFO - tesseract 结果: NaDy
2025-12-22 07:22:14,791 - INFO - easyocr alt1 结果: ['NaDy(0.58)']
2025-12-22 07:22:14,885 - INFO - tesseract alt1 结果: 
2025-12-22 07:22:14,956 - INFO - easyocr alt2 结果: ['NaDy(0.61)']
2025-12-22 07:22:15,049 - INFO - tesseract alt2 结果: Nady
2025-12-22 07:22:15,203 - INFO - easyocr alt3 结果: ['AaDy(0.45)']
2025-12-22 07:22:15,300 - INFO - tesseract alt3 结果: 
2025-12-22 07:22:15,358 - INFO - easyocr alt4 结果: ['AaDy(0.55)']
2025-12-22 07:22:15,454 - INFO - tesseract alt4 结果: 
2025-12-22 07:22:15,547 - INFO - easyocr alt5 结果: ['IaD(0.04)']
2025-12-22 07:22:15,650 - INFO - tesseract alt5 结果: aby
2025-12-22 07:22:15,650 - INFO - 最终验证码识别结果: NaDN (engine=easyocr, prob=0.7535159587860107)
2025-12-22 07:22:15,650 - INFO - 查找验证码输入框...
2025-12-22 07:22:15,708 - INFO - 验证码填写完成
2025-12-22 07:22:15,708 - INFO - 验证码填写完成，点击登录按钮...
2025-12-22 07:22:15,708 - INFO - 查找并点击登录按钮...
2025-12-22 07:22:15,765 - INFO - 已点击登录按钮
2025-12-22 07:22:22,787 - INFO - 开始填写登录表单...
2025-12-22 07:22:22,850 - INFO - 用户名填写完成
2025-12-22 07:22:22,911 - INFO - 密码填写完成
2025-12-22 07:22:22,912 - INFO - 验证码图片已保存到 /home/runner/work/nju_electric_monitor/nju_electric_monitor/src/../data/captcha_debug.png
2025-12-22 07:22:22,912 - INFO - 验证码识别尝试 14/30
2025-12-22 07:22:22,912 - INFO - 开始识别验证码...（easyocr + pytesseract）
2025-12-22 07:22:23,030 - INFO - easyocr 结果: ['NaDN(0.75)']
2025-12-22 07:22:23,125 - INFO - tesseract 结果: NaDy
2025-12-22 07:22:23,185 - INFO - easyocr alt1 结果: ['NaDy(0.58)']
2025-12-22 07:22:23,274 - INFO - tesseract alt1 结果: 
2025-12-22 07:22:23,333 - INFO - easyocr alt2 结果: ['NaDy(0.61)']
2025-12-22 07:22:23,431 - INFO - tesseract alt2 结果: Nady
2025-12-22 07:22:23,585 - INFO - easyocr alt3 结果: ['AaDy(0.45)']
2025-12-22 07:22:23,684 - INFO - tesseract alt3 结果: 
2025-12-22 07:22:23,742 - INFO - easyocr alt4 结果: ['AaDy(0.55)']
2025-12-22 07:22:23,834 - INFO - tesseract alt4 结果: 
2025-12-22 07:22:23,911 - INFO - easyocr alt5 结果: ['IaD(0.04)']
2025-12-22 07:22:24,009 - INFO - tesseract alt5 结果: aby
2025-12-22 07:22:24,009 - INFO - 最终验证码识别结果: NaDN (engine=easyocr, prob=0.7535159587860107)
2025-12-22 07:22:24,009 - INFO - 查找验证码输入框...
2025-12-22 07:22:24,068 - INFO - 验证码填写完成
2025-12-22 07:22:24,068 - INFO - 验证码填写完成，点击登录按钮...
2025-12-22 07:22:24,068 - INFO - 查找并点击登录按钮...
2025-12-22 07:22:24,439 - INFO - 已点击登录按钮
2025-12-22 07:22:31,460 - INFO - 开始填写登录表单...
2025-12-22 07:22:31,524 - INFO - 用户名填写完成
2025-12-22 07:22:31,589 - INFO - 密码填写完成
2025-12-22 07:22:31,589 - INFO - 验证码图片已保存到 /home/runner/work/nju_electric_monitor/nju_electric_monitor/src/../data/captcha_debug.png
2025-12-22 07:22:31,589 - INFO - 验证码识别尝试 15/30
2025-12-22 07:22:31,589 - INFO - 开始识别验证码...（easyocr + pytesseract）
2025-12-22 07:22:31,688 - INFO - easyocr 结果: ['NaDN(0.75)']
2025-12-22 07:22:31,786 - INFO - tesseract 结果: NaDy
2025-12-22 07:22:31,853 - INFO - easyocr alt1 结果: ['NaDy(0.58)']
2025-12-22 07:22:31,946 - INFO - tesseract alt1 结果: 
2025-12-22 07:22:32,006 - INFO - easyocr alt2 结果: ['NaDy(0.61)']
2025-12-22 07:22:32,102 - INFO - tesseract alt2 结果: Nady
2025-12-22 07:22:32,258 - INFO - easyocr alt3 结果: ['AaDy(0.45)']
2025-12-22 07:22:32,361 - INFO - tesseract alt3 结果: 
2025-12-22 07:22:32,421 - INFO - easyocr alt4 结果: ['AaDy(0.55)']
2025-12-22 07:22:32,511 - INFO - tesseract alt4 结果: 
2025-12-22 07:22:32,590 - INFO - easyocr alt5 结果: ['IaD(0.04)']
2025-12-22 07:22:32,691 - INFO - tesseract alt5 结果: aby
2025-12-22 07:22:32,691 - INFO - 最终验证码识别结果: NaDN (engine=easyocr, prob=0.7535159587860107)
2025-12-22 07:22:32,691 - INFO - 查找验证码输入框...
2025-12-22 07:22:32,753 - INFO - 验证码填写完成
2025-12-22 07:22:32,753 - INFO - 验证码填写完成，点击登录按钮...
2025-12-22 07:22:32,753 - INFO - 查找并点击登录按钮...
2025-12-22 07:22:33,108 - INFO - 已点击登录按钮
2025-12-22 07:22:40,130 - INFO - 开始填写登录表单...
2025-12-22 07:22:40,194 - INFO - 用户名填写完成
2025-12-22 07:22:40,258 - INFO - 密码填写完成
2025-12-22 07:22:40,259 - INFO - 验证码图片已保存到 /home/runner/work/nju_electric_monitor/nju_electric_monitor/src/../data/captcha_debug.png
2025-12-22 07:22:40,259 - INFO - 验证码识别尝试 16/30
2025-12-22 07:22:40,259 - INFO - 开始识别验证码...（easyocr + pytesseract）
2025-12-22 07:22:40,373 - INFO - easyocr 结果: ['NaDN(0.75)']
2025-12-22 07:22:40,470 - INFO - tesseract 结果: NaDy
2025-12-22 07:22:40,531 - INFO - easyocr alt1 结果: ['NaDy(0.58)']
2025-12-22 07:22:40,623 - INFO - tesseract alt1 结果: 
2025-12-22 07:22:40,684 - INFO - easyocr alt2 结果: ['NaDy(0.61)']
2025-12-22 07:22:40,780 - INFO - tesseract alt2 结果: Nady
2025-12-22 07:22:40,936 - INFO - easyocr alt3 结果: ['AaDy(0.45)']
2025-12-22 07:22:41,038 - INFO - tesseract alt3 结果: 
2025-12-22 07:22:41,099 - INFO - easyocr alt4 结果: ['AaDy(0.55)']
2025-12-22 07:22:41,196 - INFO - tesseract alt4 结果: 
2025-12-22 07:22:41,274 - INFO - easyocr alt5 结果: ['IaD(0.04)']
2025-12-22 07:22:41,375 - INFO - tesseract alt5 结果: aby
2025-12-22 07:22:41,376 - INFO - 最终验证码识别结果: NaDN (engine=easyocr, prob=0.7535159587860107)
2025-12-22 07:22:41,376 - INFO - 查找验证码输入框...
2025-12-22 07:22:41,435 - INFO - 验证码填写完成
2025-12-22 07:22:41,435 - INFO - 验证码填写完成，点击登录按钮...
2025-12-22 07:22:41,435 - INFO - 查找并点击登录按钮...
2025-12-22 07:22:41,794 - INFO - 已点击登录按钮
2025-12-22 07:22:48,814 - INFO - 开始填写登录表单...
2025-12-22 07:22:48,877 - INFO - 用户名填写完成
2025-12-22 07:22:48,939 - INFO - 密码填写完成
2025-12-22 07:22:48,940 - INFO - 验证码图片已保存到 /home/runner/work/nju_electric_monitor/nju_electric_monitor/src/../data/captcha_debug.png
2025-12-22 07:22:48,940 - INFO - 验证码识别尝试 17/30
2025-12-22 07:22:48,940 - INFO - 开始识别验证码...（easyocr + pytesseract）
2025-12-22 07:22:49,043 - INFO - easyocr 结果: ['NaDN(0.75)']
2025-12-22 07:22:49,139 - INFO - tesseract 结果: NaDy
2025-12-22 07:22:49,200 - INFO - easyocr alt1 结果: ['NaDy(0.58)']
2025-12-22 07:22:49,294 - INFO - tesseract alt1 结果: 
2025-12-22 07:22:49,353 - INFO - easyocr alt2 结果: ['NaDy(0.61)']
2025-12-22 07:22:49,453 - INFO - tesseract alt2 结果: Nady
2025-12-22 07:22:49,609 - INFO - easyocr alt3 结果: ['AaDy(0.45)']
2025-12-22 07:22:49,712 - INFO - tesseract alt3 结果: 
2025-12-22 07:22:49,772 - INFO - easyocr alt4 结果: ['AaDy(0.55)']
2025-12-22 07:22:49,863 - INFO - tesseract alt4 结果: 
2025-12-22 07:22:49,942 - INFO - easyocr alt5 结果: ['IaD(0.04)']
2025-12-22 07:22:50,047 - INFO - tesseract alt5 结果: aby
2025-12-22 07:22:50,048 - INFO - 最终验证码识别结果: NaDN (engine=easyocr, prob=0.7535159587860107)
2025-12-22 07:22:50,048 - INFO - 查找验证码输入框...
2025-12-22 07:22:50,107 - INFO - 验证码填写完成
2025-12-22 07:22:50,107 - INFO - 验证码填写完成，点击登录按钮...
2025-12-22 07:22:50,107 - INFO - 查找并点击登录按钮...
2025-12-22 07:22:50,167 - INFO - 已点击登录按钮
2025-12-22 07:22:57,187 - INFO - 开始填写登录表单...
2025-12-22 07:22:57,247 - INFO - 用户名填写完成
2025-12-22 07:22:57,304 - INFO - 密码填写完成
2025-12-22 07:22:57,305 - INFO - 验证码图片已保存到 /home/runner/work/nju_electric_monitor/nju_electric_monitor/src/../data/captcha_debug.png
2025-12-22 07:22:57,305 - INFO - 验证码识别尝试 18/30
2025-12-22 07:22:57,305 - INFO - 开始识别验证码...（easyocr + pytesseract）
2025-12-22 07:22:57,401 - INFO - easyocr 结果: ['NaDN(0.75)']
2025-12-22 07:22:57,497 - INFO - tesseract 结果: NaDy
2025-12-22 07:22:57,558 - INFO - easyocr alt1 结果: ['NaDy(0.58)']
2025-12-22 07:22:57,648 - INFO - tesseract alt1 结果: 
2025-12-22 07:22:57,708 - INFO - easyocr alt2 结果: ['NaDy(0.61)']
2025-12-22 07:22:57,805 - INFO - tesseract alt2 结果: Nady
2025-12-22 07:22:57,960 - INFO - easyocr alt3 结果: ['AaDy(0.45)']
2025-12-22 07:22:58,062 - INFO - tesseract alt3 结果: 
2025-12-22 07:22:58,121 - INFO - easyocr alt4 结果: ['AaDy(0.55)']
2025-12-22 07:22:58,211 - INFO - tesseract alt4 结果: 
2025-12-22 07:22:58,289 - INFO - easyocr alt5 结果: ['IaD(0.04)']
2025-12-22 07:22:58,387 - INFO - tesseract alt5 结果: aby
2025-12-22 07:22:58,387 - INFO - 最终验证码识别结果: NaDN (engine=easyocr, prob=0.7535159587860107)
2025-12-22 07:22:58,387 - INFO - 查找验证码输入框...
2025-12-22 07:22:58,443 - INFO - 验证码填写完成
2025-12-22 07:22:58,443 - INFO - 验证码填写完成，点击登录按钮...
2025-12-22 07:22:58,443 - INFO - 查找并点击登录按钮...
2025-12-22 07:22:58,500 - INFO - 已点击登录按钮
2025-12-22 07:23:05,520 - INFO - 开始填写登录表单...
2025-12-22 07:23:05,579 - INFO - 用户名填写完成
2025-12-22 07:23:05,637 - INFO - 密码填写完成
2025-12-22 07:23:05,638 - INFO - 验证码图片已保存到 /home/runner/work/nju_electric_monitor/nju_electric_monitor/src/../data/captcha_debug.png
2025-12-22 07:23:05,638 - INFO - 验证码识别尝试 19/30
2025-12-22 07:23:05,638 - INFO - 开始识别验证码...（easyocr + pytesseract）
2025-12-22 07:23:05,735 - INFO - easyocr 结果: ['NaDN(0.75)']
2025-12-22 07:23:05,833 - INFO - tesseract 结果: NaDy
2025-12-22 07:23:05,893 - INFO - easyocr alt1 结果: ['NaDy(0.58)']
2025-12-22 07:23:05,984 - INFO - tesseract alt1 结果: 
2025-12-22 07:23:06,043 - INFO - easyocr alt2 结果: ['NaDy(0.61)']
2025-12-22 07:23:06,143 - INFO - tesseract alt2 结果: Nady
2025-12-22 07:23:06,297 - INFO - easyocr alt3 结果: ['AaDy(0.45)']
2025-12-22 07:23:06,396 - INFO - tesseract alt3 结果: 
2025-12-22 07:23:06,455 - INFO - easyocr alt4 结果: ['AaDy(0.55)']
2025-12-22 07:23:06,545 - INFO - tesseract alt4 结果: 
2025-12-22 07:23:06,622 - INFO - easyocr alt5 结果: ['IaD(0.04)']
2025-12-22 07:23:06,724 - INFO - tesseract alt5 结果: aby
2025-12-22 07:23:06,724 - INFO - 最终验证码识别结果: NaDN (engine=easyocr, prob=0.7535159587860107)
2025-12-22 07:23:06,724 - INFO - 查找验证码输入框...
2025-12-22 07:23:06,780 - INFO - 验证码填写完成
2025-12-22 07:23:06,780 - INFO - 验证码填写完成，点击登录按钮...
2025-12-22 07:23:06,780 - INFO - 查找并点击登录按钮...
2025-12-22 07:23:07,152 - INFO - 已点击登录按钮
2025-12-22 07:23:14,172 - INFO - 开始填写登录表单...
2025-12-22 07:23:14,232 - INFO - 用户名填写完成
2025-12-22 07:23:14,290 - INFO - 密码填写完成
2025-12-22 07:23:14,290 - INFO - 验证码图片已保存到 /home/runner/work/nju_electric_monitor/nju_electric_monitor/src/../data/captcha_debug.png
2025-12-22 07:23:14,290 - INFO - 验证码识别尝试 20/30
2025-12-22 07:23:14,290 - INFO - 开始识别验证码...（easyocr + pytesseract）
2025-12-22 07:23:14,389 - INFO - easyocr 结果: ['NaDN(0.75)']
2025-12-22 07:23:14,484 - INFO - tesseract 结果: NaDy
2025-12-22 07:23:14,544 - INFO - easyocr alt1 结果: ['NaDy(0.58)']
2025-12-22 07:23:14,636 - INFO - tesseract alt1 结果: 
2025-12-22 07:23:14,695 - INFO - easyocr alt2 结果: ['NaDy(0.61)']
2025-12-22 07:23:14,789 - INFO - tesseract alt2 结果: Nady
2025-12-22 07:23:14,943 - INFO - easyocr alt3 结果: ['AaDy(0.45)']
2025-12-22 07:23:15,040 - INFO - tesseract alt3 结果: 
2025-12-22 07:23:15,100 - INFO - easyocr alt4 结果: ['AaDy(0.55)']
2025-12-22 07:23:15,190 - INFO - tesseract alt4 结果: 
2025-12-22 07:23:15,267 - INFO - easyocr alt5 结果: ['IaD(0.04)']
2025-12-22 07:23:15,365 - INFO - tesseract alt5 结果: aby
2025-12-22 07:23:15,365 - INFO - 最终验证码识别结果: NaDN (engine=easyocr, prob=0.7535159587860107)
2025-12-22 07:23:15,365 - INFO - 查找验证码输入框...
2025-12-22 07:23:15,421 - INFO - 验证码填写完成
2025-12-22 07:23:15,422 - INFO - 验证码填写完成，点击登录按钮...
2025-12-22 07:23:15,422 - INFO - 查找并点击登录按钮...
2025-12-22 07:23:15,479 - INFO - 已点击登录按钮
2025-12-22 07:23:22,500 - INFO - 开始填写登录表单...
2025-12-22 07:23:22,560 - INFO - 用户名填写完成
2025-12-22 07:23:22,619 - INFO - 密码填写完成
2025-12-22 07:23:22,620 - INFO - 验证码图片已保存到 /home/runner/work/nju_electric_monitor/nju_electric_monitor/src/../data/captcha_debug.png
2025-12-22 07:23:22,620 - INFO - 验证码识别尝试 21/30
2025-12-22 07:23:22,620 - INFO - 开始识别验证码...（easyocr + pytesseract）
2025-12-22 07:23:22,717 - INFO - easyocr 结果: ['NaDN(0.75)']
2025-12-22 07:23:22,811 - INFO - tesseract 结果: NaDy
2025-12-22 07:23:22,871 - INFO - easyocr alt1 结果: ['NaDy(0.58)']
2025-12-22 07:23:22,963 - INFO - tesseract alt1 结果: 
2025-12-22 07:23:23,022 - INFO - easyocr alt2 结果: ['NaDy(0.61)']
2025-12-22 07:23:23,115 - INFO - tesseract alt2 结果: Nady
2025-12-22 07:23:23,270 - INFO - easyocr alt3 结果: ['AaDy(0.45)']
2025-12-22 07:23:23,369 - INFO - tesseract alt3 结果: 
2025-12-22 07:23:23,428 - INFO - easyocr alt4 结果: ['AaDy(0.55)']
2025-12-22 07:23:23,516 - INFO - tesseract alt4 结果: 
2025-12-22 07:23:23,593 - INFO - easyocr alt5 结果: ['IaD(0.04)']
2025-12-22 07:23:23,691 - INFO - tesseract alt5 结果: aby
2025-12-22 07:23:23,691 - INFO - 最终验证码识别结果: NaDN (engine=easyocr, prob=0.7535159587860107)
2025-12-22 07:23:23,691 - INFO - 查找验证码输入框...
2025-12-22 07:23:23,746 - INFO - 验证码填写完成
2025-12-22 07:23:23,746 - INFO - 验证码填写完成，点击登录按钮...
2025-12-22 07:23:23,746 - INFO - 查找并点击登录按钮...
2025-12-22 07:23:24,119 - INFO - 已点击登录按钮
2025-12-22 07:23:31,140 - INFO - 开始填写登录表单...
2025-12-22 07:23:31,203 - INFO - 用户名填写完成
2025-12-22 07:23:31,264 - INFO - 密码填写完成
2025-12-22 07:23:31,265 - INFO - 验证码图片已保存到 /home/runner/work/nju_electric_monitor/nju_electric_monitor/src/../data/captcha_debug.png
2025-12-22 07:23:31,265 - INFO - 验证码识别尝试 22/30
2025-12-22 07:23:31,265 - INFO - 开始识别验证码...（easyocr + pytesseract）
2025-12-22 07:23:31,364 - INFO - easyocr 结果: ['NaDN(0.75)']
2025-12-22 07:23:31,463 - INFO - tesseract 结果: NaDy
2025-12-22 07:23:31,525 - INFO - easyocr alt1 结果: ['NaDy(0.58)']
2025-12-22 07:23:31,621 - INFO - tesseract alt1 结果: 
2025-12-22 07:23:31,682 - INFO - easyocr alt2 结果: ['NaDy(0.61)']
2025-12-22 07:23:31,777 - INFO - tesseract alt2 结果: Nady
2025-12-22 07:23:31,934 - INFO - easyocr alt3 结果: ['AaDy(0.45)']
2025-12-22 07:23:32,033 - INFO - tesseract alt3 结果: 
2025-12-22 07:23:32,092 - INFO - easyocr alt4 结果: ['AaDy(0.55)']
2025-12-22 07:23:32,184 - INFO - tesseract alt4 结果: 
2025-12-22 07:23:32,262 - INFO - easyocr alt5 结果: ['IaD(0.04)']
2025-12-22 07:23:32,363 - INFO - tesseract alt5 结果: aby
2025-12-22 07:23:32,364 - INFO - 最终验证码识别结果: NaDN (engine=easyocr, prob=0.7535159587860107)
2025-12-22 07:23:32,364 - INFO - 查找验证码输入框...
2025-12-22 07:23:32,421 - INFO - 验证码填写完成
2025-12-22 07:23:32,421 - INFO - 验证码填写完成，点击登录按钮...
2025-12-22 07:23:32,421 - INFO - 查找并点击登录按钮...
2025-12-22 07:23:32,480 - INFO - 已点击登录按钮
2025-12-22 07:23:39,501 - INFO - 开始填写登录表单...
2025-12-22 07:23:39,565 - INFO - 用户名填写完成
2025-12-22 07:23:39,626 - INFO - 密码填写完成
2025-12-22 07:23:39,627 - INFO - 验证码图片已保存到 /home/runner/work/nju_electric_monitor/nju_electric_monitor/src/../data/captcha_debug.png
2025-12-22 07:23:39,627 - INFO - 验证码识别尝试 23/30
2025-12-22 07:23:39,627 - INFO - 开始识别验证码...（easyocr + pytesseract）
2025-12-22 07:23:39,725 - INFO - easyocr 结果: ['NaDN(0.75)']
2025-12-22 07:23:39,823 - INFO - tesseract 结果: NaDy
2025-12-22 07:23:39,884 - INFO - easyocr alt1 结果: ['NaDy(0.58)']
2025-12-22 07:23:39,980 - INFO - tesseract alt1 结果: 
2025-12-22 07:23:40,039 - INFO - easyocr alt2 结果: ['NaDy(0.61)']
2025-12-22 07:23:40,134 - INFO - tesseract alt2 结果: Nady
2025-12-22 07:23:40,290 - INFO - easyocr alt3 结果: ['AaDy(0.45)']
2025-12-22 07:23:40,388 - INFO - tesseract alt3 结果: 
2025-12-22 07:23:40,448 - INFO - easyocr alt4 结果: ['AaDy(0.55)']
2025-12-22 07:23:40,543 - INFO - tesseract alt4 结果: 
2025-12-22 07:23:40,621 - INFO - easyocr alt5 结果: ['IaD(0.04)']
2025-12-22 07:23:40,723 - INFO - tesseract alt5 结果: aby
2025-12-22 07:23:40,723 - INFO - 最终验证码识别结果: NaDN (engine=easyocr, prob=0.7535159587860107)
2025-12-22 07:23:40,723 - INFO - 查找验证码输入框...
2025-12-22 07:23:40,779 - INFO - 验证码填写完成
2025-12-22 07:23:40,780 - INFO - 验证码填写完成，点击登录按钮...
2025-12-22 07:23:40,780 - INFO - 查找并点击登录按钮...
2025-12-22 07:23:41,149 - INFO - 已点击登录按钮
2025-12-22 07:23:48,171 - INFO - 开始填写登录表单...
2025-12-22 07:23:48,233 - INFO - 用户名填写完成
2025-12-22 07:23:48,294 - INFO - 密码填写完成
2025-12-22 07:23:48,295 - INFO - 验证码图片已保存到 /home/runner/work/nju_electric_monitor/nju_electric_monitor/src/../data/captcha_debug.png
2025-12-22 07:23:48,295 - INFO - 验证码识别尝试 24/30
2025-12-22 07:23:48,295 - INFO - 开始识别验证码...（easyocr + pytesseract）
2025-12-22 07:23:48,401 - INFO - easyocr 结果: ['NaDN(0.75)']
2025-12-22 07:23:48,500 - INFO - tesseract 结果: NaDy
2025-12-22 07:23:48,561 - INFO - easyocr alt1 结果: ['NaDy(0.58)']
2025-12-22 07:23:48,653 - INFO - tesseract alt1 结果: 
2025-12-22 07:23:48,714 - INFO - easyocr alt2 结果: ['NaDy(0.61)']
2025-12-22 07:23:48,808 - INFO - tesseract alt2 结果: Nady
2025-12-22 07:23:48,966 - INFO - easyocr alt3 结果: ['AaDy(0.45)']
2025-12-22 07:23:49,066 - INFO - tesseract alt3 结果: 
2025-12-22 07:23:49,126 - INFO - easyocr alt4 结果: ['AaDy(0.55)']
2025-12-22 07:23:49,216 - INFO - tesseract alt4 结果: 
2025-12-22 07:23:49,295 - INFO - easyocr alt5 结果: ['IaD(0.04)']
2025-12-22 07:23:49,396 - INFO - tesseract alt5 结果: aby
2025-12-22 07:23:49,396 - INFO - 最终验证码识别结果: NaDN (engine=easyocr, prob=0.7535159587860107)
2025-12-22 07:23:49,396 - INFO - 查找验证码输入框...
2025-12-22 07:23:49,454 - INFO - 验证码填写完成
2025-12-22 07:23:49,454 - INFO - 验证码填写完成，点击登录按钮...
2025-12-22 07:23:49,454 - INFO - 查找并点击登录按钮...
2025-12-22 07:23:49,513 - INFO - 已点击登录按钮
2025-12-22 07:23:56,534 - INFO - 开始填写登录表单...
2025-12-22 07:23:56,593 - INFO - 用户名填写完成
2025-12-22 07:23:56,651 - INFO - 密码填写完成
2025-12-22 07:23:56,652 - INFO - 验证码图片已保存到 /home/runner/work/nju_electric_monitor/nju_electric_monitor/src/../data/captcha_debug.png
2025-12-22 07:23:56,652 - INFO - 验证码识别尝试 25/30
2025-12-22 07:23:56,652 - INFO - 开始识别验证码...（easyocr + pytesseract）
2025-12-22 07:23:56,749 - INFO - easyocr 结果: ['NaDN(0.75)']
2025-12-22 07:23:56,842 - INFO - tesseract 结果: NaDy
2025-12-22 07:23:56,902 - INFO - easyocr alt1 结果: ['NaDy(0.58)']
2025-12-22 07:23:56,992 - INFO - tesseract alt1 结果: 
2025-12-22 07:23:57,052 - INFO - easyocr alt2 结果: ['NaDy(0.61)']
2025-12-22 07:23:57,146 - INFO - tesseract alt2 结果: Nady
2025-12-22 07:23:57,299 - INFO - easyocr alt3 结果: ['AaDy(0.45)']
2025-12-22 07:23:57,396 - INFO - tesseract alt3 结果: 
2025-12-22 07:23:57,454 - INFO - easyocr alt4 结果: ['AaDy(0.55)']
2025-12-22 07:23:57,547 - INFO - tesseract alt4 结果: 
2025-12-22 07:23:57,625 - INFO - easyocr alt5 结果: ['IaD(0.04)']
2025-12-22 07:23:57,727 - INFO - tesseract alt5 结果: aby
2025-12-22 07:23:57,727 - INFO - 最终验证码识别结果: NaDN (engine=easyocr, prob=0.7535159587860107)
2025-12-22 07:23:57,727 - INFO - 查找验证码输入框...
2025-12-22 07:23:57,782 - INFO - 验证码填写完成
2025-12-22 07:23:57,783 - INFO - 验证码填写完成，点击登录按钮...
2025-12-22 07:23:57,783 - INFO - 查找并点击登录按钮...
2025-12-22 07:23:58,157 - INFO - 已点击登录按钮
2025-12-22 07:24:05,177 - INFO - 开始填写登录表单...
2025-12-22 07:24:05,238 - INFO - 用户名填写完成
2025-12-22 07:24:05,295 - INFO - 密码填写完成
2025-12-22 07:24:05,296 - INFO - 验证码图片已保存到 /home/runner/work/nju_electric_monitor/nju_electric_monitor/src/../data/captcha_debug.png
2025-12-22 07:24:05,296 - INFO - 验证码识别尝试 26/30
2025-12-22 07:24:05,296 - INFO - 开始识别验证码...（easyocr + pytesseract）
2025-12-22 07:24:05,410 - INFO - easyocr 结果: ['NaDN(0.75)']
2025-12-22 07:24:05,504 - INFO - tesseract 结果: NaDy
2025-12-22 07:24:05,563 - INFO - easyocr alt1 结果: ['NaDy(0.58)']
2025-12-22 07:24:05,655 - INFO - tesseract alt1 结果: 
2025-12-22 07:24:05,713 - INFO - easyocr alt2 结果: ['NaDy(0.61)']
2025-12-22 07:24:05,809 - INFO - tesseract alt2 结果: Nady
2025-12-22 07:24:05,962 - INFO - easyocr alt3 结果: ['AaDy(0.45)']
2025-12-22 07:24:06,061 - INFO - tesseract alt3 结果: 
2025-12-22 07:24:06,120 - INFO - easyocr alt4 结果: ['AaDy(0.55)']
2025-12-22 07:24:06,214 - INFO - tesseract alt4 结果: 
2025-12-22 07:24:06,290 - INFO - easyocr alt5 结果: ['IaD(0.04)']
2025-12-22 07:24:06,394 - INFO - tesseract alt5 结果: aby
2025-12-22 07:24:06,394 - INFO - 最终验证码识别结果: NaDN (engine=easyocr, prob=0.7535159587860107)
2025-12-22 07:24:06,394 - INFO - 查找验证码输入框...
2025-12-22 07:24:06,450 - INFO - 验证码填写完成
2025-12-22 07:24:06,450 - INFO - 验证码填写完成，点击登录按钮...
2025-12-22 07:24:06,450 - INFO - 查找并点击登录按钮...
2025-12-22 07:24:06,804 - INFO - 已点击登录按钮
2025-12-22 07:24:13,823 - INFO - 开始填写登录表单...
2025-12-22 07:24:13,883 - INFO - 用户名填写完成
2025-12-22 07:24:13,941 - INFO - 密码填写完成
2025-12-22 07:24:13,941 - INFO - 验证码图片已保存到 /home/runner/work/nju_electric_monitor/nju_electric_monitor/src/../data/captcha_debug.png
2025-12-22 07:24:13,941 - INFO - 验证码识别尝试 27/30
2025-12-22 07:24:13,941 - INFO - 开始识别验证码...（easyocr + pytesseract）
2025-12-22 07:24:14,048 - INFO - easyocr 结果: ['NaDN(0.75)']
2025-12-22 07:24:14,141 - INFO - tesseract 结果: NaDy
2025-12-22 07:24:14,201 - INFO - easyocr alt1 结果: ['NaDy(0.58)']
2025-12-22 07:24:14,292 - INFO - tesseract alt1 结果: 
2025-12-22 07:24:14,350 - INFO - easyocr alt2 结果: ['NaDy(0.61)']
2025-12-22 07:24:14,443 - INFO - tesseract alt2 结果: Nady
2025-12-22 07:24:14,596 - INFO - easyocr alt3 结果: ['AaDy(0.45)']
2025-12-22 07:24:14,693 - INFO - tesseract alt3 结果: 
2025-12-22 07:24:14,752 - INFO - easyocr alt4 结果: ['AaDy(0.55)']
2025-12-22 07:24:14,842 - INFO - tesseract alt4 结果: 
2025-12-22 07:24:14,918 - INFO - easyocr alt5 结果: ['IaD(0.04)']
2025-12-22 07:24:15,016 - INFO - tesseract alt5 结果: aby
2025-12-22 07:24:15,016 - INFO - 最终验证码识别结果: NaDN (engine=easyocr, prob=0.7535159587860107)
2025-12-22 07:24:15,016 - INFO - 查找验证码输入框...
2025-12-22 07:24:15,072 - INFO - 验证码填写完成
2025-12-22 07:24:15,072 - INFO - 验证码填写完成，点击登录按钮...
2025-12-22 07:24:15,072 - INFO - 查找并点击登录按钮...
2025-12-22 07:24:15,129 - INFO - 已点击登录按钮
2025-12-22 07:24:22,149 - INFO - 开始填写登录表单...
2025-12-22 07:24:22,209 - INFO - 用户名填写完成
2025-12-22 07:24:22,267 - INFO - 密码填写完成
2025-12-22 07:24:22,267 - INFO - 验证码图片已保存到 /home/runner/work/nju_electric_monitor/nju_electric_monitor/src/../data/captcha_debug.png
2025-12-22 07:24:22,267 - INFO - 验证码识别尝试 28/30
2025-12-22 07:24:22,267 - INFO - 开始识别验证码...（easyocr + pytesseract）
2025-12-22 07:24:22,363 - INFO - easyocr 结果: ['NaDN(0.75)']
2025-12-22 07:24:22,462 - INFO - tesseract 结果: NaDy
2025-12-22 07:24:22,521 - INFO - easyocr alt1 结果: ['NaDy(0.58)']
2025-12-22 07:24:22,613 - INFO - tesseract alt1 结果: 
2025-12-22 07:24:22,671 - INFO - easyocr alt2 结果: ['NaDy(0.61)']
2025-12-22 07:24:22,766 - INFO - tesseract alt2 结果: Nady
2025-12-22 07:24:22,920 - INFO - easyocr alt3 结果: ['AaDy(0.45)']
2025-12-22 07:24:23,018 - INFO - tesseract alt3 结果: 
2025-12-22 07:24:23,076 - INFO - easyocr alt4 结果: ['AaDy(0.55)']
2025-12-22 07:24:23,166 - INFO - tesseract alt4 结果: 
2025-12-22 07:24:23,243 - INFO - easyocr alt5 结果: ['IaD(0.04)']
2025-12-22 07:24:23,341 - INFO - tesseract alt5 结果: aby
2025-12-22 07:24:23,341 - INFO - 最终验证码识别结果: NaDN (engine=easyocr, prob=0.7535159587860107)
2025-12-22 07:24:23,341 - INFO - 查找验证码输入框...
2025-12-22 07:24:23,396 - INFO - 验证码填写完成
2025-12-22 07:24:23,397 - INFO - 验证码填写完成，点击登录按钮...
2025-12-22 07:24:23,397 - INFO - 查找并点击登录按钮...
2025-12-22 07:24:23,768 - INFO - 已点击登录按钮
2025-12-22 07:24:30,789 - INFO - 开始填写登录表单...
2025-12-22 07:24:30,851 - INFO - 用户名填写完成
2025-12-22 07:24:30,911 - INFO - 密码填写完成
2025-12-22 07:24:30,912 - INFO - 验证码图片已保存到 /home/runner/work/nju_electric_monitor/nju_electric_monitor/src/../data/captcha_debug.png
2025-12-22 07:24:30,912 - INFO - 验证码识别尝试 29/30
2025-12-22 07:24:30,912 - INFO - 开始识别验证码...（easyocr + pytesseract）
2025-12-22 07:24:31,011 - INFO - easyocr 结果: ['NaDN(0.75)']
2025-12-22 07:24:31,111 - INFO - tesseract 结果: NaDy
2025-12-22 07:24:31,171 - INFO - easyocr alt1 结果: ['NaDy(0.58)']
2025-12-22 07:24:31,263 - INFO - tesseract alt1 结果: 
2025-12-22 07:24:31,322 - INFO - easyocr alt2 结果: ['NaDy(0.61)']
2025-12-22 07:24:31,421 - INFO - tesseract alt2 结果: Nady
2025-12-22 07:24:31,576 - INFO - easyocr alt3 结果: ['AaDy(0.45)']
2025-12-22 07:24:31,677 - INFO - tesseract alt3 结果: 
2025-12-22 07:24:31,736 - INFO - easyocr alt4 结果: ['AaDy(0.55)']
2025-12-22 07:24:31,826 - INFO - tesseract alt4 结果: 
2025-12-22 07:24:31,904 - INFO - easyocr alt5 结果: ['IaD(0.04)']
2025-12-22 07:24:32,003 - INFO - tesseract alt5 结果: aby
2025-12-22 07:24:32,003 - INFO - 最终验证码识别结果: NaDN (engine=easyocr, prob=0.7535159587860107)
2025-12-22 07:24:32,003 - INFO - 查找验证码输入框...
2025-12-22 07:24:32,060 - INFO - 验证码填写完成
2025-12-22 07:24:32,060 - INFO - 验证码填写完成，点击登录按钮...
2025-12-22 07:24:32,060 - INFO - 查找并点击登录按钮...
2025-12-22 07:24:32,417 - INFO - 已点击登录按钮
2025-12-22 07:24:39,438 - INFO - 开始填写登录表单...
2025-12-22 07:24:39,501 - INFO - 用户名填写完成
2025-12-22 07:24:39,564 - INFO - 密码填写完成
2025-12-22 07:24:39,565 - INFO - 验证码图片已保存到 /home/runner/work/nju_electric_monitor/nju_electric_monitor/src/../data/captcha_debug.png
2025-12-22 07:24:39,565 - INFO - 验证码识别尝试 30/30
2025-12-22 07:24:39,565 - INFO - 开始识别验证码...（easyocr + pytesseract）
2025-12-22 07:24:39,662 - INFO - easyocr 结果: ['NaDN(0.75)']
2025-12-22 07:24:39,758 - INFO - tesseract 结果: NaDy
2025-12-22 07:24:39,817 - INFO - easyocr alt1 结果: ['NaDy(0.58)']
2025-12-22 07:24:39,909 - INFO - tesseract alt1 结果: 
2025-12-22 07:24:39,968 - INFO - easyocr alt2 结果: ['NaDy(0.61)']
2025-12-22 07:24:40,066 - INFO - tesseract alt2 结果: Nady
2025-12-22 07:24:40,222 - INFO - easyocr alt3 结果: ['AaDy(0.45)']
2025-12-22 07:24:40,322 - INFO - tesseract alt3 结果: 
2025-12-22 07:24:40,380 - INFO - easyocr alt4 结果: ['AaDy(0.55)']
2025-12-22 07:24:40,472 - INFO - tesseract alt4 结果: 
2025-12-22 07:24:40,550 - INFO - easyocr alt5 结果: ['IaD(0.04)']
2025-12-22 07:24:40,650 - INFO - tesseract alt5 结果: aby
2025-12-22 07:24:40,650 - INFO - 最终验证码识别结果: NaDN (engine=easyocr, prob=0.7535159587860107)
2025-12-22 07:24:40,650 - INFO - 查找验证码输入框...
2025-12-22 07:24:40,707 - INFO - 验证码填写完成
2025-12-22 07:24:40,707 - INFO - 验证码填写完成，点击登录按钮...
2025-12-22 07:24:40,707 - INFO - 查找并点击登录按钮...
2025-12-22 07:24:41,066 - INFO - 已点击登录按钮
2025-12-22 07:24:48,087 - WARNING - 自动验证码识别失败，请手动输入
请手动输入验证码: 2025-12-22 07:24:48,087 - ERROR - 处理验证码时出错: EOF when reading a line
2025-12-22 07:24:48,087 - WARNING - 验证码处理失败，但继续尝试登录
2025-12-22 07:24:48,087 - INFO - 查找并点击登录按钮...
2025-12-22 07:24:48,146 - INFO - 已点击登录按钮
2025-12-22 07:24:53,147 - INFO - 等待登录成功...
2025-12-22 07:24:58,151 - INFO - 登录可能成功，继续下一步...
2025-12-22 07:24:58,151 - INFO - 查找'去充值'按钮...
2025-12-22 07:24:58,213 - INFO - 已点击充值按钮
2025-12-22 07:25:01,213 - INFO - 开始提取剩余电量信息...
2025-12-22 07:25:01,218 - INFO - 页面源码已保存到 /home/runner/work/nju_electric_monitor/nju_electric_monitor/src/../data/debug_page_source.html
2025-12-22 07:25:01,227 - WARNING - 未找到电量信息元素，尝试其他方法...
2025-12-22 07:25:01,235 - WARNING - 未找到i标签中的电量信息，尝试其他方法...
2025-12-22 07:25:01,239 - INFO - 在页面源码中查找电量信息...
2025-12-22 07:25:01,250 - WARNING - 未能提取到剩余电量信息
2025-12-22 07:25:01,250 - WARNING - 没有电量数据可保存
2025-12-22 07:25:01,250 - INFO - 监控流程完成
Wrapper end: 2025-12-22T15:25:01.357997+08:00
