Wrapper start: 2025-12-01T21:33:09.180029+08:00

=== ENVIRONMENT SUMMARY ===
Environment variable keys (count=118):
- ACCEPT_EULA
- ACTIONS_RUNNER_ACTION_ARCHIVE_CACHE
- AGENT_TOOLSDIRECTORY
- ANDROID_HOME
- ANDROID_NDK
- ANDROID_NDK_HOME
- ANDROID_NDK_LATEST_HOME
- ANDROID_NDK_ROOT
- ANDROID_SDK_ROOT
- ANT_HOME
NJU_USERNAME set: yes
NJU_PASSWORD set: yes

=== DISK USAGE (df -h) ===
Filesystem      Size  Used Avail Use% Mounted on
/dev/root        72G   67G  5.2G  93% /
tmpfs           7.9G   84K  7.9G   1% /dev/shm
tmpfs           3.2G  3.3M  3.2G   1% /run
tmpfs           5.0M     0  5.0M   0% /run/lock
/dev/sdb16      881M   62M  758M   8% /boot
/dev/sdb15      105M  6.2M   99M   6% /boot/efi
/dev/sda1        74G  4.1G   66G   6% /mnt
tmpfs           1.6G   12K  1.6G   1% /run/user/1001


=== KEY DIR SIZES ===
3.0M	/home/runner/work/nju_electric_monitor/nju_electric_monitor/src/../logs

272K	/home/runner/work/nju_electric_monitor/nju_electric_monitor/src/../data

101M	/home/runner/work/nju_electric_monitor/nju_electric_monitor/src/../models


=== CONFIG_WORKFLOW SUMMARY ===
{
  "username": "",
  "password": "",
  "auto_login": true,
  "headless_mode": true,
  "captcha_retry_count": 50,
  "captcha_confidence_threshold": 0.4,
  "save_captcha_images": true,
  "log_level": "INFO"
}

=== FONT DIAGNOSTICS ===
Found system fonts (ttf) count: 59
- /usr/share/fonts/truetype/dejavu/DejaVuSerifCondensed-Italic.ttf
- /usr/share/fonts/truetype/liberation/LiberationMono-Regular.ttf
- /usr/share/fonts/truetype/lato/Lato-Medium.ttf
- /usr/share/fonts/truetype/dejavu/DejaVuSansCondensed-Bold.ttf
- /usr/share/fonts/truetype/lato/Lato-HairlineItalic.ttf
- /usr/share/fonts/truetype/dejavu/DejaVuSerifCondensed-BoldItalic.ttf
- /usr/share/fonts/truetype/liberation/LiberationSans-BoldItalic.ttf
- /usr/share/fonts/truetype/dejavu/DejaVuSerifCondensed.ttf
- /usr/share/fonts/truetype/lato/Lato-SemiboldItalic.ttf
- /usr/share/fonts/truetype/liberation/LiberationSerif-Bold.ttf
- /usr/share/fonts/truetype/lato/Lato-HeavyItalic.ttf
- /usr/share/fonts/truetype/lato/Lato-BoldItalic.ttf
- /usr/share/fonts/truetype/dejavu/DejaVuSansMono-BoldOblique.ttf
- /usr/share/fonts/truetype/dejavu/DejaVuSansMono-Bold.ttf
- /usr/share/fonts/truetype/liberation/LiberationSans-Italic.ttf
- /usr/share/fonts/truetype/lato/Lato-Light.ttf
- /usr/share/fonts/truetype/dejavu/DejaVuSansMono.ttf
- /usr/share/fonts/truetype/wqy/wqy-microhei.ttc
- /usr/share/fonts/truetype/dejavu/DejaVuSansCondensed.ttf
- /usr/share/fonts/truetype/dejavu/DejaVuSans.ttf
- /usr/share/fonts/truetype/lato/Lato-Heavy.ttf
- /usr/share/fonts/truetype/dejavu/DejaVuMathTeXGyre.ttf
- /usr/share/fonts/opentype/noto/NotoSerifCJK-Bold.ttc
- /usr/share/fonts/opentype/noto/NotoSansCJK-Regular.ttc
- /usr/share/fonts/truetype/lato/Lato-Regular.ttf
- /usr/share/fonts/truetype/dejavu/DejaVuSans-Bold.ttf
- /usr/share/fonts/truetype/lato/Lato-Italic.ttf
- /usr/share/fonts/truetype/dejavu/DejaVuSans-ExtraLight.ttf
- /usr/share/fonts/truetype/liberation/LiberationSerif-Italic.ttf
- /usr/share/fonts/truetype/lato/Lato-BlackItalic.ttf
- /usr/share/fonts/truetype/dejavu/DejaVuSerif.ttf
- /usr/share/fonts/truetype/dejavu/DejaVuSerif-BoldItalic.ttf
- /usr/share/fonts/truetype/dejavu/DejaVuSans-BoldOblique.ttf
- /usr/share/fonts/truetype/dejavu/DejaVuSerif-Bold.ttf
- /usr/share/fonts/truetype/liberation/LiberationSerif-BoldItalic.ttf
- /usr/share/fonts/truetype/lato/Lato-Bold.ttf
- /usr/share/fonts/truetype/lato/Lato-Semibold.ttf
- /usr/share/fonts/truetype/dejavu/DejaVuSerifCondensed-Bold.ttf
- /usr/share/fonts/truetype/liberation/LiberationMono-Bold.ttf
- /usr/share/fonts/truetype/dejavu/DejaVuSerif-Italic.ttf
- /usr/share/fonts/truetype/lato/Lato-MediumItalic.ttf
- /usr/share/fonts/truetype/liberation/LiberationMono-BoldItalic.ttf
- /usr/share/fonts/truetype/lato/Lato-Hairline.ttf
- /usr/share/fonts/truetype/wqy/wqy-zenhei.ttc
- /usr/share/fonts/truetype/liberation/LiberationSans-Bold.ttf
- /usr/share/fonts/truetype/noto/NotoColorEmoji.ttf
- /usr/share/fonts/truetype/liberation/LiberationSerif-Regular.ttf
- /usr/share/fonts/truetype/liberation/LiberationSans-Regular.ttf
- /usr/share/fonts/truetype/lato/Lato-Thin.ttf
- /usr/share/fonts/truetype/dejavu/DejaVuSansCondensed-Oblique.ttf

FontManager samples (name -> path):
STIXSizeTwoSym -> /opt/hostedtoolcache/Python/3.14.0/x64/lib/python3.14/site-packages/matplotlib/mpl-data/fonts/ttf/STIXSizTwoSymReg.ttf
cmtt10 -> /opt/hostedtoolcache/Python/3.14.0/x64/lib/python3.14/site-packages/matplotlib/mpl-data/fonts/ttf/cmtt10.ttf
cmsy10 -> /opt/hostedtoolcache/Python/3.14.0/x64/lib/python3.14/site-packages/matplotlib/mpl-data/fonts/ttf/cmsy10.ttf
STIXSizeThreeSym -> /opt/hostedtoolcache/Python/3.14.0/x64/lib/python3.14/site-packages/matplotlib/mpl-data/fonts/ttf/STIXSizThreeSymReg.ttf
DejaVu Sans Display -> /opt/hostedtoolcache/Python/3.14.0/x64/lib/python3.14/site-packages/matplotlib/mpl-data/fonts/ttf/DejaVuSansDisplay.ttf
DejaVu Serif Display -> /opt/hostedtoolcache/Python/3.14.0/x64/lib/python3.14/site-packages/matplotlib/mpl-data/fonts/ttf/DejaVuSerifDisplay.ttf
STIXGeneral -> /opt/hostedtoolcache/Python/3.14.0/x64/lib/python3.14/site-packages/matplotlib/mpl-data/fonts/ttf/STIXGeneralBolIta.ttf
DejaVu Sans Mono -> /opt/hostedtoolcache/Python/3.14.0/x64/lib/python3.14/site-packages/matplotlib/mpl-data/fonts/ttf/DejaVuSansMono-Bold.ttf
STIXNonUnicode -> /opt/hostedtoolcache/Python/3.14.0/x64/lib/python3.14/site-packages/matplotlib/mpl-data/fonts/ttf/STIXNonUniBolIta.ttf
STIXGeneral -> /opt/hostedtoolcache/Python/3.14.0/x64/lib/python3.14/site-packages/matplotlib/mpl-data/fonts/ttf/STIXGeneralBol.ttf
cmss10 -> /opt/hostedtoolcache/Python/3.14.0/x64/lib/python3.14/site-packages/matplotlib/mpl-data/fonts/ttf/cmss10.ttf
DejaVu Serif -> /opt/hostedtoolcache/Python/3.14.0/x64/lib/python3.14/site-packages/matplotlib/mpl-data/fonts/ttf/DejaVuSerif.ttf
DejaVu Sans -> /opt/hostedtoolcache/Python/3.14.0/x64/lib/python3.14/site-packages/matplotlib/mpl-data/fonts/ttf/DejaVuSans-Bold.ttf
STIXSizeOneSym -> /opt/hostedtoolcache/Python/3.14.0/x64/lib/python3.14/site-packages/matplotlib/mpl-data/fonts/ttf/STIXSizOneSymBol.ttf
DejaVu Sans -> /opt/hostedtoolcache/Python/3.14.0/x64/lib/python3.14/site-packages/matplotlib/mpl-data/fonts/ttf/DejaVuSans.ttf
STIXSizeFourSym -> /opt/hostedtoolcache/Python/3.14.0/x64/lib/python3.14/site-packages/matplotlib/mpl-data/fonts/ttf/STIXSizFourSymBol.ttf
cmex10 -> /opt/hostedtoolcache/Python/3.14.0/x64/lib/python3.14/site-packages/matplotlib/mpl-data/fonts/ttf/cmex10.ttf
cmb10 -> /opt/hostedtoolcache/Python/3.14.0/x64/lib/python3.14/site-packages/matplotlib/mpl-data/fonts/ttf/cmb10.ttf
DejaVu Sans Mono -> /opt/hostedtoolcache/Python/3.14.0/x64/lib/python3.14/site-packages/matplotlib/mpl-data/fonts/ttf/DejaVuSansMono.ttf
STIXSizeTwoSym -> /opt/hostedtoolcache/Python/3.14.0/x64/lib/python3.14/site-packages/matplotlib/mpl-data/fonts/ttf/STIXSizTwoSymBol.ttf
STIXNonUnicode -> /opt/hostedtoolcache/Python/3.14.0/x64/lib/python3.14/site-packages/matplotlib/mpl-data/fonts/ttf/STIXNonUniIta.ttf
DejaVu Serif -> /opt/hostedtoolcache/Python/3.14.0/x64/lib/python3.14/site-packages/matplotlib/mpl-data/fonts/ttf/DejaVuSerif-Italic.ttf
STIXSizeThreeSym -> /opt/hostedtoolcache/Python/3.14.0/x64/lib/python3.14/site-packages/matplotlib/mpl-data/fonts/ttf/STIXSizThreeSymBol.ttf
DejaVu Sans Mono -> /opt/hostedtoolcache/Python/3.14.0/x64/lib/python3.14/site-packages/matplotlib/mpl-data/fonts/ttf/DejaVuSansMono-Oblique.ttf
DejaVu Sans -> /opt/hostedtoolcache/Python/3.14.0/x64/lib/python3.14/site-packages/matplotlib/mpl-data/fonts/ttf/DejaVuSans-Oblique.ttf
cmr10 -> /opt/hostedtoolcache/Python/3.14.0/x64/lib/python3.14/site-packages/matplotlib/mpl-data/fonts/ttf/cmr10.ttf
DejaVu Serif -> /opt/hostedtoolcache/Python/3.14.0/x64/lib/python3.14/site-packages/matplotlib/mpl-data/fonts/ttf/DejaVuSerif-Bold.ttf
STIXGeneral -> /opt/hostedtoolcache/Python/3.14.0/x64/lib/python3.14/site-packages/matplotlib/mpl-data/fonts/ttf/STIXGeneral.ttf
cmmi10 -> /opt/hostedtoolcache/Python/3.14.0/x64/lib/python3.14/site-packages/matplotlib/mpl-data/fonts/ttf/cmmi10.ttf
DejaVu Sans Mono -> /opt/hostedtoolcache/Python/3.14.0/x64/lib/python3.14/site-packages/matplotlib/mpl-data/fonts/ttf/DejaVuSansMono-BoldOblique.ttf
DejaVu Sans -> /opt/hostedtoolcache/Python/3.14.0/x64/lib/python3.14/site-packages/matplotlib/mpl-data/fonts/ttf/DejaVuSans-BoldOblique.ttf
DejaVu Serif -> /opt/hostedtoolcache/Python/3.14.0/x64/lib/python3.14/site-packages/matplotlib/mpl-data/fonts/ttf/DejaVuSerif-BoldItalic.ttf
STIXSizeFiveSym -> /opt/hostedtoolcache/Python/3.14.0/x64/lib/python3.14/site-packages/matplotlib/mpl-data/fonts/ttf/STIXSizFiveSymReg.ttf
STIXNonUnicode -> /opt/hostedtoolcache/Python/3.14.0/x64/lib/python3.14/site-packages/matplotlib/mpl-data/fonts/ttf/STIXNonUniBol.ttf
STIXGeneral -> /opt/hostedtoolcache/Python/3.14.0/x64/lib/python3.14/site-packages/matplotlib/mpl-data/fonts/ttf/STIXGeneralItalic.ttf
STIXNonUnicode -> /opt/hostedtoolcache/Python/3.14.0/x64/lib/python3.14/site-packages/matplotlib/mpl-data/fonts/ttf/STIXNonUni.ttf
STIXSizeFourSym -> /opt/hostedtoolcache/Python/3.14.0/x64/lib/python3.14/site-packages/matplotlib/mpl-data/fonts/ttf/STIXSizFourSymReg.ttf
STIXSizeOneSym -> /opt/hostedtoolcache/Python/3.14.0/x64/lib/python3.14/site-packages/matplotlib/mpl-data/fonts/ttf/STIXSizOneSymReg.ttf
DejaVu Serif -> /usr/share/fonts/truetype/dejavu/DejaVuSerifCondensed-Italic.ttf
Liberation Mono -> /usr/share/fonts/truetype/liberation/LiberationMono-Regular.ttf
Lato -> /usr/share/fonts/truetype/lato/Lato-Medium.ttf
DejaVu Sans -> /usr/share/fonts/truetype/dejavu/DejaVuSansCondensed-Bold.ttf
Lato -> /usr/share/fonts/truetype/lato/Lato-HairlineItalic.ttf
DejaVu Serif -> /usr/share/fonts/truetype/dejavu/DejaVuSerifCondensed-BoldItalic.ttf
Liberation Sans -> /usr/share/fonts/truetype/liberation/LiberationSans-BoldItalic.ttf
DejaVu Serif -> /usr/share/fonts/truetype/dejavu/DejaVuSerifCondensed.ttf
Lato -> /usr/share/fonts/truetype/lato/Lato-SemiboldItalic.ttf
Liberation Serif -> /usr/share/fonts/truetype/liberation/LiberationSerif-Bold.ttf
Lato -> /usr/share/fonts/truetype/lato/Lato-HeavyItalic.ttf
Lato -> /usr/share/fonts/truetype/lato/Lato-BoldItalic.ttf

Preferred font find results:
findfont('Microsoft YaHei') failed: Failed to find font Microsoft YaHei:style=normal:variant=normal:weight=normal:stretch=normal:size=10.0, and fallback to the default font was disabled
findfont('Segoe UI') failed: Failed to find font Segoe UI:style=normal:variant=normal:weight=normal:stretch=normal:size=10.0, and fallback to the default font was disabled
findfont('Arial Unicode MS') failed: Failed to find font Arial Unicode MS:style=normal:variant=normal:weight=normal:stretch=normal:size=10.0, and fallback to the default font was disabled
findfont('Noto Sans CJK SC') failed: Failed to find font Noto Sans CJK SC:style=normal:variant=normal:weight=normal:stretch=normal:size=10.0, and fallback to the default font was disabled
findfont('WenQuanYi Micro Hei') -> /usr/share/fonts/truetype/wqy/wqy-microhei.ttc
findfont('WenQuanYi Zen Hei') -> /usr/share/fonts/truetype/wqy/wqy-zenhei.ttc
findfont('DejaVu Sans') -> /opt/hostedtoolcache/Python/3.14.0/x64/lib/python3.14/site-packages/matplotlib/mpl-data/fonts/ttf/DejaVuSans.ttf

fc-list output sample (truncated to 10000 chars):
Liberation Mono - /usr/share/fonts/truetype/liberation/LiberationMono-Bold.ttf
Liberation Serif - /usr/share/fonts/truetype/liberation/LiberationSerif-BoldItalic.ttf
Lato,Lato Hairline - /usr/share/fonts/truetype/lato/Lato-Hairline.ttf
Lato,Lato Heavy - /usr/share/fonts/truetype/lato/Lato-Heavy.ttf
DejaVu Serif,DejaVu Serif Condensed - /usr/share/fonts/truetype/dejavu/DejaVuSerifCondensed-Italic.ttf
Lato,Lato Medium - /usr/share/fonts/truetype/lato/Lato-Medium.ttf
Lato,Lato Light - /usr/share/fonts/truetype/lato/Lato-LightItalic.ttf
WenQuanYi Zen Hei Sharp,文泉驛點陣正黑,文泉驿点阵正黑 - /usr/share/fonts/truetype/wqy/wqy-zenhei.ttc
WenQuanYi Micro Hei Mono,文泉驛等寬微米黑,文泉驿等宽微米黑 - /usr/share/fonts/truetype/wqy/wqy-microhei.ttc
Noto Sans Mono CJK KR - /usr/share/fonts/opentype/noto/NotoSansCJK-Bold.ttc
DejaVu Serif - /usr/share/fonts/truetype/dejavu/DejaVuSerif-Bold.ttf
Noto Sans Mono CJK JP - /usr/share/fonts/opentype/noto/NotoSansCJK-Bold.ttc
Noto Sans Mono CJK HK - /usr/share/fonts/opentype/noto/NotoSansCJK-Bold.ttc
Noto Serif CJK SC - /usr/share/fonts/opentype/noto/NotoSerifCJK-Regular.ttc
DejaVu Math TeX Gyre - /usr/share/fonts/truetype/dejavu/DejaVuMathTeXGyre.ttf
Liberation Sans - /usr/share/fonts/truetype/liberation/LiberationSans-Regular.ttf
Lato - /usr/share/fonts/truetype/lato/Lato-Italic.ttf
Liberation Sans - /usr/share/fonts/truetype/liberation/LiberationSans-Bold.ttf
Noto Serif CJK TC - /usr/share/fonts/opentype/noto/NotoSerifCJK-Regular.ttc
Noto Sans Mono CJK SC - /usr/share/fonts/opentype/noto/NotoSansCJK-Bold.ttc
Liberation Mono - /usr/share/fonts/truetype/liberation/LiberationMono-Italic.ttf
Noto Sans Mono CJK TC - /usr/share/fonts/opentype/noto/NotoSansCJK-Bold.ttc
DejaVu Sans,DejaVu Sans Condensed - /usr/share/fonts/truetype/dejavu/DejaVuSansCondensed.ttf
DejaVu Serif,DejaVu Serif Condensed - /usr/share/fonts/truetype/dejavu/DejaVuSerifCondensed.ttf
Liberation Serif - /usr/share/fonts/truetype/liberation/LiberationSerif-Italic.ttf
Lato,Lato Heavy - /usr/share/fonts/truetype/lato/Lato-HeavyItalic.ttf
Lato - /usr/share/fonts/truetype/lato/Lato-BoldItalic.ttf
Noto Serif CJK JP - /usr/share/fonts/opentype/noto/NotoSerifCJK-Regular.ttc
Lato,Lato Medium - /usr/share/fonts/truetype/lato/Lato-MediumItalic.ttf
Noto Serif CJK HK - /usr/share/fonts/opentype/noto/NotoSerifCJK-Regular.ttc
DejaVu Serif - /usr/share/fonts/truetype/dejavu/DejaVuSerif-Italic.ttf
DejaVu Sans - /usr/share/fonts/truetype/dejavu/DejaVuSans.ttf
Noto Serif CJK KR - /usr/share/fonts/opentype/noto/NotoSerifCJK-Regular.ttc
Lato,Lato Semibold - /usr/share/fonts/truetype/lato/Lato-SemiboldItalic.ttf
Lato,Lato Thin - /usr/share/fonts/truetype/lato/Lato-ThinItalic.ttf
DejaVu Sans,DejaVu Sans Condensed - /usr/share/fonts/truetype/dejavu/DejaVuSansCondensed-BoldOblique.ttf
Noto Sans CJK JP - /usr/share/fonts/opentype/noto/NotoSansCJK-Regular.ttc
Liberation Sans - /usr/share/fonts/truetype/liberation/LiberationSans-Italic.ttf
Noto Sans CJK HK - /usr/share/fonts/opentype/noto/NotoSansCJK-Regular.ttc
Lato,Lato Black - /usr/share/fonts/truetype/lato/Lato-BlackItalic.ttf
Lato,Lato Thin - /usr/share/fonts/truetype/lato/Lato-Thin.ttf
DejaVu Sans,DejaVu Sans Condensed - /usr/share/fonts/truetype/dejavu/DejaVuSansCondensed-Oblique.ttf
Noto Sans CJK KR - /usr/share/fonts/opentype/noto/NotoSansCJK-Regular.ttc
Lato,Lato Light - /usr/share/fonts/truetype/lato/Lato-Light.ttf
Noto Sans CJK TC - /usr/share/fonts/opentype/noto/NotoSansCJK-Regular.ttc
DejaVu Sans,DejaVu Sans Condensed - /usr/share/fonts/truetype/dejavu/DejaVuSansCondensed-Bold.ttf
DejaVu Sans Mono - /usr/share/fonts/truetype/dejavu/DejaVuSansMono-Oblique.ttf
Lato,Lato Hairline - /usr/share/fonts/truetype/lato/Lato-HairlineItalic.ttf
Noto Sans CJK SC - /usr/share/fonts/opentype/noto/NotoSansCJK-Regular.ttc
WenQuanYi Zen Hei,文泉驛正黑,文泉驿正黑 - /usr/share/fonts/truetype/wqy/wqy-zenhei.ttc
Lato,Lato Black - /usr/share/fonts/truetype/lato/Lato-Black.ttf
Lato - /usr/share/fonts/truetype/lato/Lato-Regular.ttf
DejaVu Sans - /usr/share/fonts/truetype/dejavu/DejaVuSans-BoldOblique.ttf
Liberation Mono - /usr/share/fonts/truetype/liberation/LiberationMono-BoldItalic.ttf
Noto Sans Mono CJK KR - /usr/share/fonts/opentype/noto/NotoSansCJK-Regular.ttc
Liberation Mono - /usr/share/fonts/truetype/liberation/LiberationMono-Regular.ttf
Noto Sans Mono CJK HK - /usr/share/fonts/opentype/noto/NotoSansCJK-Regular.ttc
DejaVu Sans,DejaVu Sans Light - /usr/share/fonts/truetype/dejavu/DejaVuSans-ExtraLight.ttf
DejaVu Serif - /usr/share/fonts/truetype/dejavu/DejaVuSerif.ttf
Noto Sans Mono CJK JP - /usr/share/fonts/opentype/noto/NotoSansCJK-Regular.ttc
Noto Serif CJK JP - /usr/share/fonts/opentype/noto/NotoSerifCJK-Bold.ttc
Noto Serif CJK HK - /usr/share/fonts/opentype/noto/NotoSerifCJK-Bold.ttc
Noto Serif CJK KR - /usr/share/fonts/opentype/noto/NotoSerifCJK-Bold.ttc
Noto Serif CJK TC - /usr/share/fonts/opentype/noto/NotoSerifCJK-Bold.ttc
Lato - /usr/share/fonts/truetype/lato/Lato-Bold.ttf
Noto Sans CJK SC - /usr/share/fonts/opentype/noto/NotoSansCJK-Bold.ttc
Noto Sans Mono CJK TC - /usr/share/fonts/opentype/noto/NotoSansCJK-Regular.ttc
Noto Sans CJK TC - /usr/share/fonts/opentype/noto/NotoSansCJK-Bold.ttc
Noto Serif CJK SC - /usr/share/fonts/opentype/noto/NotoSerifCJK-Bold.ttc
DejaVu Sans Mono - /usr/share/fonts/truetype/dejavu/DejaVuSansMono-Bold.ttf
DejaVu Serif - /usr/share/fonts/truetype/dejavu/DejaVuSerif-BoldItalic.ttf
WenQuanYi Zen Hei Mono,文泉驛等寬正黑,文泉驿等宽正黑 - /usr/share/fonts/truetype/wqy/wqy-zenhei.ttc
DejaVu Sans Mono - /usr/share/fonts/truetype/dejavu/DejaVuSansMono.ttf
Noto Sans CJK JP - /usr/share/fonts/opentype/noto/NotoSansCJK-Bold.ttc
Noto Sans CJK HK - /usr/share/fonts/opentype/noto/NotoSansCJK-Bold.ttc
Noto Sans CJK KR - /usr/share/fonts/opentype/noto/NotoSansCJK-Bold.ttc
WenQuanYi Micro Hei,文泉驛微米黑,文泉驿微米黑 - /usr/share/fonts/truetype/wqy/wqy-microhei.ttc
Noto Sans Mono CJK SC - /usr/share/fonts/opentype/noto/NotoSansCJK-Regular.ttc
Noto Color Emoji - /usr/share/fonts/truetype/noto/NotoColorEmoji.ttf
DejaVu Sans Mono - /usr/share/fonts/truetype/dejavu/DejaVuSansMono-BoldOblique.ttf
Liberation Sans - /usr/share/fonts/truetype/liberation/LiberationSans-BoldItalic.ttf
Liberation Serif - /usr/share/fonts/truetype/liberation/LiberationSerif-Regular.ttf
Lato,Lato Semibold - /usr/share/fonts/truetype/lato/Lato-Semibold.ttf
DejaVu Sans - /usr/share/fonts/truetype/dejavu/DejaVuSans-Oblique.ttf
DejaVu Serif,DejaVu Serif Condensed - /usr/share/fonts/truetype/dejavu/DejaVuSerifCondensed-Bold.ttf
DejaVu Sans - /usr/share/fonts/truetype/dejavu/DejaVuSans-Bold.ttf
Liberation Serif - /usr/share/fonts/truetype/liberation/LiberationSerif-Bold.ttf
DejaVu Serif,DejaVu Serif Condensed - /usr/share/fonts/truetype/dejavu/DejaVuSerifCondensed-BoldItalic.ttf

2025-12-01 13:33:14,521 - INFO - Matplotlib 字体设置：使用回退字体列表，首选可用字体: Noto Sans CJK JP
2025-12-01 13:33:16,525 - INFO - 使用 ChromeDriver: /usr/bin/chromedriver
2025-12-01 13:33:16,525 - WARNING - Using CPU. Note: This module is much faster with a GPU.
2025-12-01 13:33:18,118 - INFO - OCR识别器初始化成功
2025-12-01 13:33:18,118 - INFO - 开始南京大学电费监控流程（自动无头模式）
2025-12-01 13:33:18,118 - INFO - 正在打开页面: https://epay.nju.edu.cn/epay/h5/nju/electric/index
2025-12-01 13:33:30,434 - INFO - 等待登录表单加载...
2025-12-01 13:33:30,443 - INFO - 登录表单已加载
2025-12-01 13:33:30,443 - INFO - 开始填写登录表单...
2025-12-01 13:33:30,509 - INFO - 用户名填写完成
2025-12-01 13:33:30,579 - INFO - 密码填写完成
2025-12-01 13:33:30,579 - INFO - 检查是否有验证码...
2025-12-01 13:33:30,579 - INFO - 查找验证码图片...
2025-12-01 13:33:30,598 - INFO - 找到验证码图片，开始截图...
2025-12-01 13:33:30,657 - INFO - 验证码图片截取成功
2025-12-01 13:33:30,658 - INFO - 开始填写登录表单...
2025-12-01 13:33:30,722 - INFO - 用户名填写完成
2025-12-01 13:33:30,786 - INFO - 密码填写完成
2025-12-01 13:33:30,787 - INFO - 验证码图片已保存到 /home/runner/work/nju_electric_monitor/nju_electric_monitor/src/../data/captcha_debug.png
2025-12-01 13:33:30,787 - INFO - 验证码识别尝试 1/50
2025-12-01 13:33:30,787 - INFO - 开始识别验证码...
2025-12-01 13:33:30,911 - INFO - 验证码识别结果: aV2H
2025-12-01 13:33:30,911 - INFO - 查找验证码输入框...
2025-12-01 13:33:30,972 - INFO - 验证码填写完成
2025-12-01 13:33:30,972 - INFO - 验证码填写完成，点击登录按钮...
2025-12-01 13:33:30,972 - INFO - 查找并点击登录按钮...
2025-12-01 13:33:31,359 - INFO - 已点击登录按钮
2025-12-01 13:33:38,386 - INFO - 开始填写登录表单...
2025-12-01 13:33:38,447 - INFO - 用户名填写完成
2025-12-01 13:33:38,508 - INFO - 密码填写完成
2025-12-01 13:33:38,509 - INFO - 验证码图片已保存到 /home/runner/work/nju_electric_monitor/nju_electric_monitor/src/../data/captcha_debug.png
2025-12-01 13:33:38,509 - INFO - 验证码识别尝试 2/50
2025-12-01 13:33:38,509 - INFO - 开始识别验证码...
2025-12-01 13:33:38,606 - INFO - 验证码识别结果: aV2H
2025-12-01 13:33:38,606 - INFO - 查找验证码输入框...
2025-12-01 13:33:38,664 - INFO - 验证码填写完成
2025-12-01 13:33:38,664 - INFO - 验证码填写完成，点击登录按钮...
2025-12-01 13:33:38,664 - INFO - 查找并点击登录按钮...
2025-12-01 13:33:39,037 - INFO - 已点击登录按钮
2025-12-01 13:33:46,058 - INFO - 开始填写登录表单...
2025-12-01 13:33:46,118 - INFO - 用户名填写完成
2025-12-01 13:33:46,177 - INFO - 密码填写完成
2025-12-01 13:33:46,177 - INFO - 验证码图片已保存到 /home/runner/work/nju_electric_monitor/nju_electric_monitor/src/../data/captcha_debug.png
2025-12-01 13:33:46,178 - INFO - 验证码识别尝试 3/50
2025-12-01 13:33:46,178 - INFO - 开始识别验证码...
2025-12-01 13:33:46,275 - INFO - 验证码识别结果: aV2H
2025-12-01 13:33:46,275 - INFO - 查找验证码输入框...
2025-12-01 13:33:46,331 - INFO - 验证码填写完成
2025-12-01 13:33:46,331 - INFO - 验证码填写完成，点击登录按钮...
2025-12-01 13:33:46,331 - INFO - 查找并点击登录按钮...
2025-12-01 13:33:46,738 - INFO - 已点击登录按钮
2025-12-01 13:33:53,758 - INFO - 开始填写登录表单...
2025-12-01 13:33:53,817 - INFO - 用户名填写完成
2025-12-01 13:33:53,876 - INFO - 密码填写完成
2025-12-01 13:33:53,877 - INFO - 验证码图片已保存到 /home/runner/work/nju_electric_monitor/nju_electric_monitor/src/../data/captcha_debug.png
2025-12-01 13:33:53,877 - INFO - 验证码识别尝试 4/50
2025-12-01 13:33:53,877 - INFO - 开始识别验证码...
2025-12-01 13:33:53,983 - INFO - 验证码识别结果: aV2H
2025-12-01 13:33:53,983 - INFO - 查找验证码输入框...
2025-12-01 13:33:54,041 - INFO - 验证码填写完成
2025-12-01 13:33:54,041 - INFO - 验证码填写完成，点击登录按钮...
2025-12-01 13:33:54,041 - INFO - 查找并点击登录按钮...
2025-12-01 13:33:54,097 - INFO - 已点击登录按钮
2025-12-01 13:34:01,118 - INFO - 开始填写登录表单...
2025-12-01 13:34:01,179 - INFO - 用户名填写完成
2025-12-01 13:34:01,239 - INFO - 密码填写完成
2025-12-01 13:34:01,239 - INFO - 验证码图片已保存到 /home/runner/work/nju_electric_monitor/nju_electric_monitor/src/../data/captcha_debug.png
2025-12-01 13:34:01,239 - INFO - 验证码识别尝试 5/50
2025-12-01 13:34:01,240 - INFO - 开始识别验证码...
2025-12-01 13:34:01,339 - INFO - 验证码识别结果: aV2H
2025-12-01 13:34:01,339 - INFO - 查找验证码输入框...
2025-12-01 13:34:01,396 - INFO - 验证码填写完成
2025-12-01 13:34:01,396 - INFO - 验证码填写完成，点击登录按钮...
2025-12-01 13:34:01,396 - INFO - 查找并点击登录按钮...
2025-12-01 13:34:01,802 - INFO - 已点击登录按钮
2025-12-01 13:34:08,823 - INFO - 开始填写登录表单...
2025-12-01 13:34:08,884 - INFO - 用户名填写完成
2025-12-01 13:34:08,944 - INFO - 密码填写完成
2025-12-01 13:34:08,945 - INFO - 验证码图片已保存到 /home/runner/work/nju_electric_monitor/nju_electric_monitor/src/../data/captcha_debug.png
2025-12-01 13:34:08,945 - INFO - 验证码识别尝试 6/50
2025-12-01 13:34:08,945 - INFO - 开始识别验证码...
2025-12-01 13:34:09,042 - INFO - 验证码识别结果: aV2H
2025-12-01 13:34:09,042 - INFO - 查找验证码输入框...
2025-12-01 13:34:09,100 - INFO - 验证码填写完成
2025-12-01 13:34:09,100 - INFO - 验证码填写完成，点击登录按钮...
2025-12-01 13:34:09,100 - INFO - 查找并点击登录按钮...
2025-12-01 13:34:09,475 - INFO - 已点击登录按钮
2025-12-01 13:34:16,495 - INFO - 开始填写登录表单...
2025-12-01 13:34:16,556 - INFO - 用户名填写完成
2025-12-01 13:34:16,614 - INFO - 密码填写完成
2025-12-01 13:34:16,615 - INFO - 验证码图片已保存到 /home/runner/work/nju_electric_monitor/nju_electric_monitor/src/../data/captcha_debug.png
2025-12-01 13:34:16,615 - INFO - 验证码识别尝试 7/50
2025-12-01 13:34:16,615 - INFO - 开始识别验证码...
2025-12-01 13:34:16,719 - INFO - 验证码识别结果: aV2H
2025-12-01 13:34:16,719 - INFO - 查找验证码输入框...
2025-12-01 13:34:16,776 - INFO - 验证码填写完成
2025-12-01 13:34:16,776 - INFO - 验证码填写完成，点击登录按钮...
2025-12-01 13:34:16,776 - INFO - 查找并点击登录按钮...
2025-12-01 13:34:17,149 - INFO - 已点击登录按钮
2025-12-01 13:34:24,169 - INFO - 开始填写登录表单...
2025-12-01 13:34:24,231 - INFO - 用户名填写完成
2025-12-01 13:34:24,290 - INFO - 密码填写完成
2025-12-01 13:34:24,291 - INFO - 验证码图片已保存到 /home/runner/work/nju_electric_monitor/nju_electric_monitor/src/../data/captcha_debug.png
2025-12-01 13:34:24,291 - INFO - 验证码识别尝试 8/50
2025-12-01 13:34:24,291 - INFO - 开始识别验证码...
2025-12-01 13:34:24,387 - INFO - 验证码识别结果: aV2H
2025-12-01 13:34:24,387 - INFO - 查找验证码输入框...
2025-12-01 13:34:24,444 - INFO - 验证码填写完成
2025-12-01 13:34:24,445 - INFO - 验证码填写完成，点击登录按钮...
2025-12-01 13:34:24,445 - INFO - 查找并点击登录按钮...
2025-12-01 13:34:24,819 - INFO - 已点击登录按钮
2025-12-01 13:34:31,839 - INFO - 开始填写登录表单...
2025-12-01 13:34:31,899 - INFO - 用户名填写完成
2025-12-01 13:34:31,958 - INFO - 密码填写完成
2025-12-01 13:34:31,959 - INFO - 验证码图片已保存到 /home/runner/work/nju_electric_monitor/nju_electric_monitor/src/../data/captcha_debug.png
2025-12-01 13:34:31,959 - INFO - 验证码识别尝试 9/50
2025-12-01 13:34:31,959 - INFO - 开始识别验证码...
2025-12-01 13:34:32,056 - INFO - 验证码识别结果: aV2H
2025-12-01 13:34:32,056 - INFO - 查找验证码输入框...
2025-12-01 13:34:32,114 - INFO - 验证码填写完成
2025-12-01 13:34:32,114 - INFO - 验证码填写完成，点击登录按钮...
2025-12-01 13:34:32,114 - INFO - 查找并点击登录按钮...
2025-12-01 13:34:32,490 - INFO - 已点击登录按钮
2025-12-01 13:34:39,512 - INFO - 开始填写登录表单...
2025-12-01 13:34:39,572 - INFO - 用户名填写完成
2025-12-01 13:34:39,630 - INFO - 密码填写完成
2025-12-01 13:34:39,631 - INFO - 验证码图片已保存到 /home/runner/work/nju_electric_monitor/nju_electric_monitor/src/../data/captcha_debug.png
2025-12-01 13:34:39,631 - INFO - 验证码识别尝试 10/50
2025-12-01 13:34:39,632 - INFO - 开始识别验证码...
2025-12-01 13:34:39,728 - INFO - 验证码识别结果: aV2H
2025-12-01 13:34:39,728 - INFO - 查找验证码输入框...
2025-12-01 13:34:39,786 - INFO - 验证码填写完成
2025-12-01 13:34:39,786 - INFO - 验证码填写完成，点击登录按钮...
2025-12-01 13:34:39,786 - INFO - 查找并点击登录按钮...
2025-12-01 13:34:39,842 - INFO - 已点击登录按钮
2025-12-01 13:34:46,862 - INFO - 开始填写登录表单...
2025-12-01 13:34:46,922 - INFO - 用户名填写完成
2025-12-01 13:34:46,982 - INFO - 密码填写完成
2025-12-01 13:34:46,983 - INFO - 验证码图片已保存到 /home/runner/work/nju_electric_monitor/nju_electric_monitor/src/../data/captcha_debug.png
2025-12-01 13:34:46,983 - INFO - 验证码识别尝试 11/50
2025-12-01 13:34:46,983 - INFO - 开始识别验证码...
2025-12-01 13:34:47,079 - INFO - 验证码识别结果: aV2H
2025-12-01 13:34:47,079 - INFO - 查找验证码输入框...
2025-12-01 13:34:47,137 - INFO - 验证码填写完成
2025-12-01 13:34:47,137 - INFO - 验证码填写完成，点击登录按钮...
2025-12-01 13:34:47,137 - INFO - 查找并点击登录按钮...
2025-12-01 13:34:47,193 - INFO - 已点击登录按钮
2025-12-01 13:34:54,214 - INFO - 开始填写登录表单...
2025-12-01 13:34:54,275 - INFO - 用户名填写完成
2025-12-01 13:34:54,335 - INFO - 密码填写完成
2025-12-01 13:34:54,336 - INFO - 验证码图片已保存到 /home/runner/work/nju_electric_monitor/nju_electric_monitor/src/../data/captcha_debug.png
2025-12-01 13:34:54,336 - INFO - 验证码识别尝试 12/50
2025-12-01 13:34:54,336 - INFO - 开始识别验证码...
2025-12-01 13:34:54,432 - INFO - 验证码识别结果: aV2H
2025-12-01 13:34:54,432 - INFO - 查找验证码输入框...
2025-12-01 13:34:54,489 - INFO - 验证码填写完成
2025-12-01 13:34:54,490 - INFO - 验证码填写完成，点击登录按钮...
2025-12-01 13:34:54,490 - INFO - 查找并点击登录按钮...
2025-12-01 13:34:54,547 - INFO - 已点击登录按钮
2025-12-01 13:35:01,567 - INFO - 开始填写登录表单...
2025-12-01 13:35:01,628 - INFO - 用户名填写完成
2025-12-01 13:35:01,687 - INFO - 密码填写完成
2025-12-01 13:35:01,688 - INFO - 验证码图片已保存到 /home/runner/work/nju_electric_monitor/nju_electric_monitor/src/../data/captcha_debug.png
2025-12-01 13:35:01,688 - INFO - 验证码识别尝试 13/50
2025-12-01 13:35:01,688 - INFO - 开始识别验证码...
2025-12-01 13:35:01,794 - INFO - 验证码识别结果: aV2H
2025-12-01 13:35:01,794 - INFO - 查找验证码输入框...
2025-12-01 13:35:01,853 - INFO - 验证码填写完成
2025-12-01 13:35:01,853 - INFO - 验证码填写完成，点击登录按钮...
2025-12-01 13:35:01,853 - INFO - 查找并点击登录按钮...
2025-12-01 13:35:01,910 - INFO - 已点击登录按钮
2025-12-01 13:35:08,931 - INFO - 开始填写登录表单...
2025-12-01 13:35:08,991 - INFO - 用户名填写完成
2025-12-01 13:35:09,050 - INFO - 密码填写完成
2025-12-01 13:35:09,051 - INFO - 验证码图片已保存到 /home/runner/work/nju_electric_monitor/nju_electric_monitor/src/../data/captcha_debug.png
2025-12-01 13:35:09,051 - INFO - 验证码识别尝试 14/50
2025-12-01 13:35:09,051 - INFO - 开始识别验证码...
2025-12-01 13:35:09,148 - INFO - 验证码识别结果: aV2H
2025-12-01 13:35:09,148 - INFO - 查找验证码输入框...
2025-12-01 13:35:09,206 - INFO - 验证码填写完成
2025-12-01 13:35:09,206 - INFO - 验证码填写完成，点击登录按钮...
2025-12-01 13:35:09,206 - INFO - 查找并点击登录按钮...
2025-12-01 13:35:09,585 - INFO - 已点击登录按钮
2025-12-01 13:35:16,605 - INFO - 开始填写登录表单...
2025-12-01 13:35:16,667 - INFO - 用户名填写完成
2025-12-01 13:35:16,726 - INFO - 密码填写完成
2025-12-01 13:35:16,727 - INFO - 验证码图片已保存到 /home/runner/work/nju_electric_monitor/nju_electric_monitor/src/../data/captcha_debug.png
2025-12-01 13:35:16,727 - INFO - 验证码识别尝试 15/50
2025-12-01 13:35:16,727 - INFO - 开始识别验证码...
2025-12-01 13:35:16,823 - INFO - 验证码识别结果: aV2H
2025-12-01 13:35:16,823 - INFO - 查找验证码输入框...
2025-12-01 13:35:16,883 - INFO - 验证码填写完成
2025-12-01 13:35:16,883 - INFO - 验证码填写完成，点击登录按钮...
2025-12-01 13:35:16,883 - INFO - 查找并点击登录按钮...
2025-12-01 13:35:16,940 - INFO - 已点击登录按钮
2025-12-01 13:35:23,960 - INFO - 开始填写登录表单...
2025-12-01 13:35:24,021 - INFO - 用户名填写完成
2025-12-01 13:35:24,082 - INFO - 密码填写完成
2025-12-01 13:35:24,083 - INFO - 验证码图片已保存到 /home/runner/work/nju_electric_monitor/nju_electric_monitor/src/../data/captcha_debug.png
2025-12-01 13:35:24,083 - INFO - 验证码识别尝试 16/50
2025-12-01 13:35:24,083 - INFO - 开始识别验证码...
2025-12-01 13:35:24,180 - INFO - 验证码识别结果: aV2H
2025-12-01 13:35:24,180 - INFO - 查找验证码输入框...
2025-12-01 13:35:24,238 - INFO - 验证码填写完成
2025-12-01 13:35:24,238 - INFO - 验证码填写完成，点击登录按钮...
2025-12-01 13:35:24,238 - INFO - 查找并点击登录按钮...
2025-12-01 13:35:24,295 - INFO - 已点击登录按钮
2025-12-01 13:35:31,316 - INFO - 开始填写登录表单...
2025-12-01 13:35:31,378 - INFO - 用户名填写完成
2025-12-01 13:35:31,437 - INFO - 密码填写完成
2025-12-01 13:35:31,438 - INFO - 验证码图片已保存到 /home/runner/work/nju_electric_monitor/nju_electric_monitor/src/../data/captcha_debug.png
2025-12-01 13:35:31,438 - INFO - 验证码识别尝试 17/50
2025-12-01 13:35:31,438 - INFO - 开始识别验证码...
2025-12-01 13:35:31,534 - INFO - 验证码识别结果: aV2H
2025-12-01 13:35:31,535 - INFO - 查找验证码输入框...
2025-12-01 13:35:31,593 - INFO - 验证码填写完成
2025-12-01 13:35:31,593 - INFO - 验证码填写完成，点击登录按钮...
2025-12-01 13:35:31,594 - INFO - 查找并点击登录按钮...
2025-12-01 13:35:31,975 - INFO - 已点击登录按钮
2025-12-01 13:35:38,996 - INFO - 开始填写登录表单...
2025-12-01 13:35:39,056 - INFO - 用户名填写完成
2025-12-01 13:35:39,119 - INFO - 密码填写完成
2025-12-01 13:35:39,119 - INFO - 验证码图片已保存到 /home/runner/work/nju_electric_monitor/nju_electric_monitor/src/../data/captcha_debug.png
2025-12-01 13:35:39,120 - INFO - 验证码识别尝试 18/50
2025-12-01 13:35:39,120 - INFO - 开始识别验证码...
2025-12-01 13:35:39,216 - INFO - 验证码识别结果: aV2H
2025-12-01 13:35:39,216 - INFO - 查找验证码输入框...
2025-12-01 13:35:39,275 - INFO - 验证码填写完成
2025-12-01 13:35:39,275 - INFO - 验证码填写完成，点击登录按钮...
2025-12-01 13:35:39,275 - INFO - 查找并点击登录按钮...
2025-12-01 13:35:39,648 - INFO - 已点击登录按钮
2025-12-01 13:35:46,668 - INFO - 开始填写登录表单...
2025-12-01 13:35:46,731 - INFO - 用户名填写完成
2025-12-01 13:35:46,790 - INFO - 密码填写完成
2025-12-01 13:35:46,791 - INFO - 验证码图片已保存到 /home/runner/work/nju_electric_monitor/nju_electric_monitor/src/../data/captcha_debug.png
2025-12-01 13:35:46,791 - INFO - 验证码识别尝试 19/50
2025-12-01 13:35:46,791 - INFO - 开始识别验证码...
2025-12-01 13:35:46,895 - INFO - 验证码识别结果: aV2H
2025-12-01 13:35:46,895 - INFO - 查找验证码输入框...
2025-12-01 13:35:46,954 - INFO - 验证码填写完成
2025-12-01 13:35:46,954 - INFO - 验证码填写完成，点击登录按钮...
2025-12-01 13:35:46,954 - INFO - 查找并点击登录按钮...
2025-12-01 13:35:47,011 - INFO - 已点击登录按钮
2025-12-01 13:35:54,032 - INFO - 开始填写登录表单...
2025-12-01 13:35:54,096 - INFO - 用户名填写完成
2025-12-01 13:35:54,157 - INFO - 密码填写完成
2025-12-01 13:35:54,158 - INFO - 验证码图片已保存到 /home/runner/work/nju_electric_monitor/nju_electric_monitor/src/../data/captcha_debug.png
2025-12-01 13:35:54,158 - INFO - 验证码识别尝试 20/50
2025-12-01 13:35:54,158 - INFO - 开始识别验证码...
2025-12-01 13:35:54,254 - INFO - 验证码识别结果: aV2H
2025-12-01 13:35:54,254 - INFO - 查找验证码输入框...
2025-12-01 13:35:54,314 - INFO - 验证码填写完成
2025-12-01 13:35:54,315 - INFO - 验证码填写完成，点击登录按钮...
2025-12-01 13:35:54,315 - INFO - 查找并点击登录按钮...
2025-12-01 13:35:54,373 - INFO - 已点击登录按钮
2025-12-01 13:36:01,393 - INFO - 开始填写登录表单...
2025-12-01 13:36:01,454 - INFO - 用户名填写完成
2025-12-01 13:36:01,515 - INFO - 密码填写完成
2025-12-01 13:36:01,516 - INFO - 验证码图片已保存到 /home/runner/work/nju_electric_monitor/nju_electric_monitor/src/../data/captcha_debug.png
2025-12-01 13:36:01,516 - INFO - 验证码识别尝试 21/50
2025-12-01 13:36:01,516 - INFO - 开始识别验证码...
2025-12-01 13:36:01,612 - INFO - 验证码识别结果: aV2H
2025-12-01 13:36:01,612 - INFO - 查找验证码输入框...
2025-12-01 13:36:01,671 - INFO - 验证码填写完成
2025-12-01 13:36:01,671 - INFO - 验证码填写完成，点击登录按钮...
2025-12-01 13:36:01,671 - INFO - 查找并点击登录按钮...
2025-12-01 13:36:02,072 - INFO - 已点击登录按钮
2025-12-01 13:36:09,092 - INFO - 开始填写登录表单...
2025-12-01 13:36:09,152 - INFO - 用户名填写完成
2025-12-01 13:36:09,211 - INFO - 密码填写完成
2025-12-01 13:36:09,211 - INFO - 验证码图片已保存到 /home/runner/work/nju_electric_monitor/nju_electric_monitor/src/../data/captcha_debug.png
2025-12-01 13:36:09,212 - INFO - 验证码识别尝试 22/50
2025-12-01 13:36:09,212 - INFO - 开始识别验证码...
2025-12-01 13:36:09,308 - INFO - 验证码识别结果: aV2H
2025-12-01 13:36:09,308 - INFO - 查找验证码输入框...
2025-12-01 13:36:09,366 - INFO - 验证码填写完成
2025-12-01 13:36:09,366 - INFO - 验证码填写完成，点击登录按钮...
2025-12-01 13:36:09,366 - INFO - 查找并点击登录按钮...
2025-12-01 13:36:09,742 - INFO - 已点击登录按钮
2025-12-01 13:36:16,762 - INFO - 开始填写登录表单...
2025-12-01 13:36:16,821 - INFO - 用户名填写完成
2025-12-01 13:36:16,880 - INFO - 密码填写完成
2025-12-01 13:36:16,881 - INFO - 验证码图片已保存到 /home/runner/work/nju_electric_monitor/nju_electric_monitor/src/../data/captcha_debug.png
2025-12-01 13:36:16,881 - INFO - 验证码识别尝试 23/50
2025-12-01 13:36:16,881 - INFO - 开始识别验证码...
2025-12-01 13:36:16,977 - INFO - 验证码识别结果: aV2H
2025-12-01 13:36:16,978 - INFO - 查找验证码输入框...
2025-12-01 13:36:17,035 - INFO - 验证码填写完成
2025-12-01 13:36:17,035 - INFO - 验证码填写完成，点击登录按钮...
2025-12-01 13:36:17,035 - INFO - 查找并点击登录按钮...
2025-12-01 13:36:17,092 - INFO - 已点击登录按钮
2025-12-01 13:36:24,112 - INFO - 开始填写登录表单...
2025-12-01 13:36:24,172 - INFO - 用户名填写完成
2025-12-01 13:36:24,230 - INFO - 密码填写完成
2025-12-01 13:36:24,231 - INFO - 验证码图片已保存到 /home/runner/work/nju_electric_monitor/nju_electric_monitor/src/../data/captcha_debug.png
2025-12-01 13:36:24,231 - INFO - 验证码识别尝试 24/50
2025-12-01 13:36:24,231 - INFO - 开始识别验证码...
2025-12-01 13:36:24,338 - INFO - 验证码识别结果: aV2H
2025-12-01 13:36:24,338 - INFO - 查找验证码输入框...
2025-12-01 13:36:24,396 - INFO - 验证码填写完成
2025-12-01 13:36:24,396 - INFO - 验证码填写完成，点击登录按钮...
2025-12-01 13:36:24,396 - INFO - 查找并点击登录按钮...
2025-12-01 13:36:24,810 - INFO - 已点击登录按钮
2025-12-01 13:36:31,830 - INFO - 开始填写登录表单...
2025-12-01 13:36:31,889 - INFO - 用户名填写完成
2025-12-01 13:36:31,948 - INFO - 密码填写完成
2025-12-01 13:36:31,949 - INFO - 验证码图片已保存到 /home/runner/work/nju_electric_monitor/nju_electric_monitor/src/../data/captcha_debug.png
2025-12-01 13:36:31,949 - INFO - 验证码识别尝试 25/50
2025-12-01 13:36:31,949 - INFO - 开始识别验证码...
2025-12-01 13:36:32,052 - INFO - 验证码识别结果: aV2H
2025-12-01 13:36:32,052 - INFO - 查找验证码输入框...
2025-12-01 13:36:32,109 - INFO - 验证码填写完成
2025-12-01 13:36:32,109 - INFO - 验证码填写完成，点击登录按钮...
2025-12-01 13:36:32,109 - INFO - 查找并点击登录按钮...
2025-12-01 13:36:32,484 - INFO - 已点击登录按钮
2025-12-01 13:36:39,503 - INFO - 开始填写登录表单...
2025-12-01 13:36:39,564 - INFO - 用户名填写完成
2025-12-01 13:36:39,620 - INFO - 密码填写完成
2025-12-01 13:36:39,621 - INFO - 验证码图片已保存到 /home/runner/work/nju_electric_monitor/nju_electric_monitor/src/../data/captcha_debug.png
2025-12-01 13:36:39,621 - INFO - 验证码识别尝试 26/50
2025-12-01 13:36:39,621 - INFO - 开始识别验证码...
2025-12-01 13:36:39,724 - INFO - 验证码识别结果: aV2H
2025-12-01 13:36:39,724 - INFO - 查找验证码输入框...
2025-12-01 13:36:39,781 - INFO - 验证码填写完成
2025-12-01 13:36:39,781 - INFO - 验证码填写完成，点击登录按钮...
2025-12-01 13:36:39,781 - INFO - 查找并点击登录按钮...
2025-12-01 13:36:39,837 - INFO - 已点击登录按钮
2025-12-01 13:36:46,857 - INFO - 开始填写登录表单...
2025-12-01 13:36:46,917 - INFO - 用户名填写完成
2025-12-01 13:36:46,974 - INFO - 密码填写完成
2025-12-01 13:36:46,974 - INFO - 验证码图片已保存到 /home/runner/work/nju_electric_monitor/nju_electric_monitor/src/../data/captcha_debug.png
2025-12-01 13:36:46,975 - INFO - 验证码识别尝试 27/50
2025-12-01 13:36:46,975 - INFO - 开始识别验证码...
2025-12-01 13:36:47,071 - INFO - 验证码识别结果: aV2H
2025-12-01 13:36:47,071 - INFO - 查找验证码输入框...
2025-12-01 13:36:47,128 - INFO - 验证码填写完成
2025-12-01 13:36:47,128 - INFO - 验证码填写完成，点击登录按钮...
2025-12-01 13:36:47,128 - INFO - 查找并点击登录按钮...
2025-12-01 13:36:47,501 - INFO - 已点击登录按钮
2025-12-01 13:36:54,521 - INFO - 开始填写登录表单...
2025-12-01 13:36:54,581 - INFO - 用户名填写完成
2025-12-01 13:36:54,638 - INFO - 密码填写完成
2025-12-01 13:36:54,639 - INFO - 验证码图片已保存到 /home/runner/work/nju_electric_monitor/nju_electric_monitor/src/../data/captcha_debug.png
2025-12-01 13:36:54,639 - INFO - 验证码识别尝试 28/50
2025-12-01 13:36:54,639 - INFO - 开始识别验证码...
2025-12-01 13:36:54,735 - INFO - 验证码识别结果: aV2H
2025-12-01 13:36:54,735 - INFO - 查找验证码输入框...
2025-12-01 13:36:54,796 - INFO - 验证码填写完成
2025-12-01 13:36:54,796 - INFO - 验证码填写完成，点击登录按钮...
2025-12-01 13:36:54,796 - INFO - 查找并点击登录按钮...
2025-12-01 13:36:55,170 - INFO - 已点击登录按钮
2025-12-01 13:37:02,190 - INFO - 开始填写登录表单...
2025-12-01 13:37:02,250 - INFO - 用户名填写完成
2025-12-01 13:37:02,307 - INFO - 密码填写完成
2025-12-01 13:37:02,307 - INFO - 验证码图片已保存到 /home/runner/work/nju_electric_monitor/nju_electric_monitor/src/../data/captcha_debug.png
2025-12-01 13:37:02,308 - INFO - 验证码识别尝试 29/50
2025-12-01 13:37:02,308 - INFO - 开始识别验证码...
2025-12-01 13:37:02,404 - INFO - 验证码识别结果: aV2H
2025-12-01 13:37:02,404 - INFO - 查找验证码输入框...
2025-12-01 13:37:02,461 - INFO - 验证码填写完成
2025-12-01 13:37:02,461 - INFO - 验证码填写完成，点击登录按钮...
2025-12-01 13:37:02,462 - INFO - 查找并点击登录按钮...
2025-12-01 13:37:02,880 - INFO - 已点击登录按钮
2025-12-01 13:37:09,900 - INFO - 开始填写登录表单...
2025-12-01 13:37:09,960 - INFO - 用户名填写完成
2025-12-01 13:37:10,017 - INFO - 密码填写完成
2025-12-01 13:37:10,018 - INFO - 验证码图片已保存到 /home/runner/work/nju_electric_monitor/nju_electric_monitor/src/../data/captcha_debug.png
2025-12-01 13:37:10,018 - INFO - 验证码识别尝试 30/50
2025-12-01 13:37:10,018 - INFO - 开始识别验证码...
2025-12-01 13:37:10,123 - INFO - 验证码识别结果: aV2H
2025-12-01 13:37:10,124 - INFO - 查找验证码输入框...
2025-12-01 13:37:10,180 - INFO - 验证码填写完成
2025-12-01 13:37:10,180 - INFO - 验证码填写完成，点击登录按钮...
2025-12-01 13:37:10,180 - INFO - 查找并点击登录按钮...
2025-12-01 13:37:10,561 - INFO - 已点击登录按钮
2025-12-01 13:37:17,582 - INFO - 开始填写登录表单...
2025-12-01 13:37:17,641 - INFO - 用户名填写完成
2025-12-01 13:37:17,699 - INFO - 密码填写完成
2025-12-01 13:37:17,700 - INFO - 验证码图片已保存到 /home/runner/work/nju_electric_monitor/nju_electric_monitor/src/../data/captcha_debug.png
2025-12-01 13:37:17,700 - INFO - 验证码识别尝试 31/50
2025-12-01 13:37:17,700 - INFO - 开始识别验证码...
2025-12-01 13:37:17,796 - INFO - 验证码识别结果: aV2H
2025-12-01 13:37:17,796 - INFO - 查找验证码输入框...
2025-12-01 13:37:17,853 - INFO - 验证码填写完成
2025-12-01 13:37:17,853 - INFO - 验证码填写完成，点击登录按钮...
2025-12-01 13:37:17,853 - INFO - 查找并点击登录按钮...
2025-12-01 13:37:18,233 - INFO - 已点击登录按钮
2025-12-01 13:37:25,253 - INFO - 开始填写登录表单...
2025-12-01 13:37:25,312 - INFO - 用户名填写完成
2025-12-01 13:37:25,369 - INFO - 密码填写完成
2025-12-01 13:37:25,369 - INFO - 验证码图片已保存到 /home/runner/work/nju_electric_monitor/nju_electric_monitor/src/../data/captcha_debug.png
2025-12-01 13:37:25,369 - INFO - 验证码识别尝试 32/50
2025-12-01 13:37:25,369 - INFO - 开始识别验证码...
2025-12-01 13:37:25,465 - INFO - 验证码识别结果: aV2H
2025-12-01 13:37:25,465 - INFO - 查找验证码输入框...
2025-12-01 13:37:25,523 - INFO - 验证码填写完成
2025-12-01 13:37:25,523 - INFO - 验证码填写完成，点击登录按钮...
2025-12-01 13:37:25,523 - INFO - 查找并点击登录按钮...
2025-12-01 13:37:25,910 - INFO - 已点击登录按钮
2025-12-01 13:37:32,930 - INFO - 开始填写登录表单...
2025-12-01 13:37:32,988 - INFO - 用户名填写完成
2025-12-01 13:37:33,045 - INFO - 密码填写完成
2025-12-01 13:37:33,046 - INFO - 验证码图片已保存到 /home/runner/work/nju_electric_monitor/nju_electric_monitor/src/../data/captcha_debug.png
2025-12-01 13:37:33,046 - INFO - 验证码识别尝试 33/50
2025-12-01 13:37:33,046 - INFO - 开始识别验证码...
2025-12-01 13:37:33,144 - INFO - 验证码识别结果: aV2H
2025-12-01 13:37:33,144 - INFO - 查找验证码输入框...
2025-12-01 13:37:33,200 - INFO - 验证码填写完成
2025-12-01 13:37:33,200 - INFO - 验证码填写完成，点击登录按钮...
2025-12-01 13:37:33,200 - INFO - 查找并点击登录按钮...
2025-12-01 13:37:33,257 - INFO - 已点击登录按钮
2025-12-01 13:37:40,277 - INFO - 开始填写登录表单...
2025-12-01 13:37:40,336 - INFO - 用户名填写完成
2025-12-01 13:37:40,394 - INFO - 密码填写完成
2025-12-01 13:37:40,395 - INFO - 验证码图片已保存到 /home/runner/work/nju_electric_monitor/nju_electric_monitor/src/../data/captcha_debug.png
2025-12-01 13:37:40,395 - INFO - 验证码识别尝试 34/50
2025-12-01 13:37:40,395 - INFO - 开始识别验证码...
2025-12-01 13:37:40,502 - INFO - 验证码识别结果: aV2H
2025-12-01 13:37:40,502 - INFO - 查找验证码输入框...
2025-12-01 13:37:40,559 - INFO - 验证码填写完成
2025-12-01 13:37:40,559 - INFO - 验证码填写完成，点击登录按钮...
2025-12-01 13:37:40,559 - INFO - 查找并点击登录按钮...
2025-12-01 13:37:40,953 - INFO - 已点击登录按钮
2025-12-01 13:37:47,973 - INFO - 开始填写登录表单...
2025-12-01 13:37:48,033 - INFO - 用户名填写完成
2025-12-01 13:37:48,091 - INFO - 密码填写完成
2025-12-01 13:37:48,091 - INFO - 验证码图片已保存到 /home/runner/work/nju_electric_monitor/nju_electric_monitor/src/../data/captcha_debug.png
2025-12-01 13:37:48,091 - INFO - 验证码识别尝试 35/50
2025-12-01 13:37:48,091 - INFO - 开始识别验证码...
2025-12-01 13:37:48,188 - INFO - 验证码识别结果: aV2H
2025-12-01 13:37:48,188 - INFO - 查找验证码输入框...
2025-12-01 13:37:48,245 - INFO - 验证码填写完成
2025-12-01 13:37:48,245 - INFO - 验证码填写完成，点击登录按钮...
2025-12-01 13:37:48,245 - INFO - 查找并点击登录按钮...
2025-12-01 13:37:48,621 - INFO - 已点击登录按钮
2025-12-01 13:37:55,642 - INFO - 开始填写登录表单...
2025-12-01 13:37:55,701 - INFO - 用户名填写完成
2025-12-01 13:37:55,760 - INFO - 密码填写完成
2025-12-01 13:37:55,761 - INFO - 验证码图片已保存到 /home/runner/work/nju_electric_monitor/nju_electric_monitor/src/../data/captcha_debug.png
2025-12-01 13:37:55,761 - INFO - 验证码识别尝试 36/50
2025-12-01 13:37:55,761 - INFO - 开始识别验证码...
2025-12-01 13:37:55,858 - INFO - 验证码识别结果: aV2H
2025-12-01 13:37:55,858 - INFO - 查找验证码输入框...
2025-12-01 13:37:55,914 - INFO - 验证码填写完成
2025-12-01 13:37:55,914 - INFO - 验证码填写完成，点击登录按钮...
2025-12-01 13:37:55,914 - INFO - 查找并点击登录按钮...
2025-12-01 13:37:55,970 - INFO - 已点击登录按钮
2025-12-01 13:38:02,991 - INFO - 开始填写登录表单...
2025-12-01 13:38:03,050 - INFO - 用户名填写完成
2025-12-01 13:38:03,109 - INFO - 密码填写完成
2025-12-01 13:38:03,109 - INFO - 验证码图片已保存到 /home/runner/work/nju_electric_monitor/nju_electric_monitor/src/../data/captcha_debug.png
2025-12-01 13:38:03,110 - INFO - 验证码识别尝试 37/50
2025-12-01 13:38:03,110 - INFO - 开始识别验证码...
2025-12-01 13:38:03,205 - INFO - 验证码识别结果: aV2H
2025-12-01 13:38:03,205 - INFO - 查找验证码输入框...
2025-12-01 13:38:03,262 - INFO - 验证码填写完成
2025-12-01 13:38:03,262 - INFO - 验证码填写完成，点击登录按钮...
2025-12-01 13:38:03,262 - INFO - 查找并点击登录按钮...
2025-12-01 13:38:03,318 - INFO - 已点击登录按钮
2025-12-01 13:38:10,338 - INFO - 开始填写登录表单...
2025-12-01 13:38:10,397 - INFO - 用户名填写完成
2025-12-01 13:38:10,458 - INFO - 密码填写完成
2025-12-01 13:38:10,459 - INFO - 验证码图片已保存到 /home/runner/work/nju_electric_monitor/nju_electric_monitor/src/../data/captcha_debug.png
2025-12-01 13:38:10,459 - INFO - 验证码识别尝试 38/50
2025-12-01 13:38:10,459 - INFO - 开始识别验证码...
2025-12-01 13:38:10,555 - INFO - 验证码识别结果: aV2H
2025-12-01 13:38:10,556 - INFO - 查找验证码输入框...
2025-12-01 13:38:10,614 - INFO - 验证码填写完成
2025-12-01 13:38:10,614 - INFO - 验证码填写完成，点击登录按钮...
2025-12-01 13:38:10,614 - INFO - 查找并点击登录按钮...
2025-12-01 13:38:11,010 - INFO - 已点击登录按钮
2025-12-01 13:38:18,031 - INFO - 开始填写登录表单...
2025-12-01 13:38:18,090 - INFO - 用户名填写完成
2025-12-01 13:38:18,147 - INFO - 密码填写完成
2025-12-01 13:38:18,148 - INFO - 验证码图片已保存到 /home/runner/work/nju_electric_monitor/nju_electric_monitor/src/../data/captcha_debug.png
2025-12-01 13:38:18,148 - INFO - 验证码识别尝试 39/50
2025-12-01 13:38:18,148 - INFO - 开始识别验证码...
2025-12-01 13:38:18,245 - INFO - 验证码识别结果: aV2H
2025-12-01 13:38:18,245 - INFO - 查找验证码输入框...
2025-12-01 13:38:18,301 - INFO - 验证码填写完成
2025-12-01 13:38:18,301 - INFO - 验证码填写完成，点击登录按钮...
2025-12-01 13:38:18,301 - INFO - 查找并点击登录按钮...
2025-12-01 13:38:18,676 - INFO - 已点击登录按钮
2025-12-01 13:38:25,697 - INFO - 开始填写登录表单...
2025-12-01 13:38:25,756 - INFO - 用户名填写完成
2025-12-01 13:38:25,814 - INFO - 密码填写完成
2025-12-01 13:38:25,815 - INFO - 验证码图片已保存到 /home/runner/work/nju_electric_monitor/nju_electric_monitor/src/../data/captcha_debug.png
2025-12-01 13:38:25,815 - INFO - 验证码识别尝试 40/50
2025-12-01 13:38:25,815 - INFO - 开始识别验证码...
2025-12-01 13:38:25,911 - INFO - 验证码识别结果: aV2H
2025-12-01 13:38:25,911 - INFO - 查找验证码输入框...
2025-12-01 13:38:25,969 - INFO - 验证码填写完成
2025-12-01 13:38:25,969 - INFO - 验证码填写完成，点击登录按钮...
2025-12-01 13:38:25,969 - INFO - 查找并点击登录按钮...
2025-12-01 13:38:26,344 - INFO - 已点击登录按钮
2025-12-01 13:38:33,364 - INFO - 开始填写登录表单...
2025-12-01 13:38:33,424 - INFO - 用户名填写完成
2025-12-01 13:38:33,482 - INFO - 密码填写完成
2025-12-01 13:38:33,482 - INFO - 验证码图片已保存到 /home/runner/work/nju_electric_monitor/nju_electric_monitor/src/../data/captcha_debug.png
2025-12-01 13:38:33,482 - INFO - 验证码识别尝试 41/50
2025-12-01 13:38:33,482 - INFO - 开始识别验证码...
2025-12-01 13:38:33,579 - INFO - 验证码识别结果: aV2H
2025-12-01 13:38:33,579 - INFO - 查找验证码输入框...
2025-12-01 13:38:33,636 - INFO - 验证码填写完成
2025-12-01 13:38:33,636 - INFO - 验证码填写完成，点击登录按钮...
2025-12-01 13:38:33,636 - INFO - 查找并点击登录按钮...
2025-12-01 13:38:34,019 - INFO - 已点击登录按钮
2025-12-01 13:38:41,038 - INFO - 开始填写登录表单...
2025-12-01 13:38:41,099 - INFO - 用户名填写完成
2025-12-01 13:38:41,156 - INFO - 密码填写完成
2025-12-01 13:38:41,157 - INFO - 验证码图片已保存到 /home/runner/work/nju_electric_monitor/nju_electric_monitor/src/../data/captcha_debug.png
2025-12-01 13:38:41,157 - INFO - 验证码识别尝试 42/50
2025-12-01 13:38:41,157 - INFO - 开始识别验证码...
2025-12-01 13:38:41,253 - INFO - 验证码识别结果: aV2H
2025-12-01 13:38:41,253 - INFO - 查找验证码输入框...
2025-12-01 13:38:41,310 - INFO - 验证码填写完成
2025-12-01 13:38:41,310 - INFO - 验证码填写完成，点击登录按钮...
2025-12-01 13:38:41,310 - INFO - 查找并点击登录按钮...
2025-12-01 13:38:41,366 - INFO - 已点击登录按钮
2025-12-01 13:38:48,386 - INFO - 开始填写登录表单...
2025-12-01 13:38:48,446 - INFO - 用户名填写完成
2025-12-01 13:38:48,503 - INFO - 密码填写完成
2025-12-01 13:38:48,504 - INFO - 验证码图片已保存到 /home/runner/work/nju_electric_monitor/nju_electric_monitor/src/../data/captcha_debug.png
2025-12-01 13:38:48,504 - INFO - 验证码识别尝试 43/50
2025-12-01 13:38:48,504 - INFO - 开始识别验证码...
2025-12-01 13:38:48,601 - INFO - 验证码识别结果: aV2H
2025-12-01 13:38:48,601 - INFO - 查找验证码输入框...
2025-12-01 13:38:48,659 - INFO - 验证码填写完成
2025-12-01 13:38:48,659 - INFO - 验证码填写完成，点击登录按钮...
2025-12-01 13:38:48,659 - INFO - 查找并点击登录按钮...
2025-12-01 13:38:48,716 - INFO - 已点击登录按钮
2025-12-01 13:38:55,736 - INFO - 开始填写登录表单...
2025-12-01 13:38:55,796 - INFO - 用户名填写完成
2025-12-01 13:38:55,854 - INFO - 密码填写完成
2025-12-01 13:38:55,854 - INFO - 验证码图片已保存到 /home/runner/work/nju_electric_monitor/nju_electric_monitor/src/../data/captcha_debug.png
2025-12-01 13:38:55,854 - INFO - 验证码识别尝试 44/50
2025-12-01 13:38:55,855 - INFO - 开始识别验证码...
2025-12-01 13:38:55,950 - INFO - 验证码识别结果: aV2H
2025-12-01 13:38:55,950 - INFO - 查找验证码输入框...
2025-12-01 13:38:56,007 - INFO - 验证码填写完成
2025-12-01 13:38:56,007 - INFO - 验证码填写完成，点击登录按钮...
2025-12-01 13:38:56,007 - INFO - 查找并点击登录按钮...
2025-12-01 13:38:56,063 - INFO - 已点击登录按钮
2025-12-01 13:39:03,084 - INFO - 开始填写登录表单...
2025-12-01 13:39:03,144 - INFO - 用户名填写完成
2025-12-01 13:39:03,202 - INFO - 密码填写完成
2025-12-01 13:39:03,203 - INFO - 验证码图片已保存到 /home/runner/work/nju_electric_monitor/nju_electric_monitor/src/../data/captcha_debug.png
2025-12-01 13:39:03,203 - INFO - 验证码识别尝试 45/50
2025-12-01 13:39:03,203 - INFO - 开始识别验证码...
2025-12-01 13:39:03,301 - INFO - 验证码识别结果: aV2H
2025-12-01 13:39:03,301 - INFO - 查找验证码输入框...
2025-12-01 13:39:03,357 - INFO - 验证码填写完成
2025-12-01 13:39:03,357 - INFO - 验证码填写完成，点击登录按钮...
2025-12-01 13:39:03,357 - INFO - 查找并点击登录按钮...
2025-12-01 13:39:03,414 - INFO - 已点击登录按钮
2025-12-01 13:39:10,434 - INFO - 开始填写登录表单...
2025-12-01 13:39:10,499 - INFO - 用户名填写完成
2025-12-01 13:39:10,558 - INFO - 密码填写完成
2025-12-01 13:39:10,559 - INFO - 验证码图片已保存到 /home/runner/work/nju_electric_monitor/nju_electric_monitor/src/../data/captcha_debug.png
2025-12-01 13:39:10,559 - INFO - 验证码识别尝试 46/50
2025-12-01 13:39:10,559 - INFO - 开始识别验证码...
2025-12-01 13:39:10,657 - INFO - 验证码识别结果: aV2H
2025-12-01 13:39:10,657 - INFO - 查找验证码输入框...
2025-12-01 13:39:10,715 - INFO - 验证码填写完成
2025-12-01 13:39:10,715 - INFO - 验证码填写完成，点击登录按钮...
2025-12-01 13:39:10,715 - INFO - 查找并点击登录按钮...
2025-12-01 13:39:11,110 - INFO - 已点击登录按钮
2025-12-01 13:39:18,131 - INFO - 开始填写登录表单...
2025-12-01 13:39:18,191 - INFO - 用户名填写完成
2025-12-01 13:39:18,248 - INFO - 密码填写完成
2025-12-01 13:39:18,249 - INFO - 验证码图片已保存到 /home/runner/work/nju_electric_monitor/nju_electric_monitor/src/../data/captcha_debug.png
2025-12-01 13:39:18,249 - INFO - 验证码识别尝试 47/50
2025-12-01 13:39:18,249 - INFO - 开始识别验证码...
2025-12-01 13:39:18,345 - INFO - 验证码识别结果: aV2H
2025-12-01 13:39:18,345 - INFO - 查找验证码输入框...
2025-12-01 13:39:18,401 - INFO - 验证码填写完成
2025-12-01 13:39:18,401 - INFO - 验证码填写完成，点击登录按钮...
2025-12-01 13:39:18,401 - INFO - 查找并点击登录按钮...
2025-12-01 13:39:18,776 - INFO - 已点击登录按钮
2025-12-01 13:39:25,796 - INFO - 开始填写登录表单...
2025-12-01 13:39:25,858 - INFO - 用户名填写完成
2025-12-01 13:39:25,915 - INFO - 密码填写完成
2025-12-01 13:39:25,916 - INFO - 验证码图片已保存到 /home/runner/work/nju_electric_monitor/nju_electric_monitor/src/../data/captcha_debug.png
2025-12-01 13:39:25,916 - INFO - 验证码识别尝试 48/50
2025-12-01 13:39:25,916 - INFO - 开始识别验证码...
2025-12-01 13:39:26,017 - INFO - 验证码识别结果: aV2H
2025-12-01 13:39:26,017 - INFO - 查找验证码输入框...
2025-12-01 13:39:26,075 - INFO - 验证码填写完成
2025-12-01 13:39:26,075 - INFO - 验证码填写完成，点击登录按钮...
2025-12-01 13:39:26,075 - INFO - 查找并点击登录按钮...
2025-12-01 13:39:26,456 - INFO - 已点击登录按钮
2025-12-01 13:39:33,476 - INFO - 开始填写登录表单...
2025-12-01 13:39:33,536 - INFO - 用户名填写完成
2025-12-01 13:39:33,593 - INFO - 密码填写完成
2025-12-01 13:39:33,594 - INFO - 验证码图片已保存到 /home/runner/work/nju_electric_monitor/nju_electric_monitor/src/../data/captcha_debug.png
2025-12-01 13:39:33,594 - INFO - 验证码识别尝试 49/50
2025-12-01 13:39:33,594 - INFO - 开始识别验证码...
2025-12-01 13:39:33,691 - INFO - 验证码识别结果: aV2H
2025-12-01 13:39:33,691 - INFO - 查找验证码输入框...
2025-12-01 13:39:33,747 - INFO - 验证码填写完成
2025-12-01 13:39:33,747 - INFO - 验证码填写完成，点击登录按钮...
2025-12-01 13:39:33,747 - INFO - 查找并点击登录按钮...
2025-12-01 13:39:34,125 - INFO - 已点击登录按钮
2025-12-01 13:39:41,145 - INFO - 开始填写登录表单...
2025-12-01 13:39:41,205 - INFO - 用户名填写完成
2025-12-01 13:39:41,265 - INFO - 密码填写完成
2025-12-01 13:39:41,265 - INFO - 验证码图片已保存到 /home/runner/work/nju_electric_monitor/nju_electric_monitor/src/../data/captcha_debug.png
2025-12-01 13:39:41,265 - INFO - 验证码识别尝试 50/50
2025-12-01 13:39:41,265 - INFO - 开始识别验证码...
2025-12-01 13:39:41,369 - INFO - 验证码识别结果: aV2H
2025-12-01 13:39:41,369 - INFO - 查找验证码输入框...
2025-12-01 13:39:41,426 - INFO - 验证码填写完成
2025-12-01 13:39:41,426 - INFO - 验证码填写完成，点击登录按钮...
2025-12-01 13:39:41,426 - INFO - 查找并点击登录按钮...
2025-12-01 13:39:41,483 - INFO - 已点击登录按钮
2025-12-01 13:39:48,503 - WARNING - 自动验证码识别失败，请手动输入
请手动输入验证码: 2025-12-01 13:39:48,503 - ERROR - 处理验证码时出错: EOF when reading a line
2025-12-01 13:39:48,503 - WARNING - 验证码处理失败，但继续尝试登录
2025-12-01 13:39:48,503 - INFO - 查找并点击登录按钮...
2025-12-01 13:39:48,559 - INFO - 已点击登录按钮
2025-12-01 13:39:53,559 - INFO - 等待登录成功...
2025-12-01 13:39:58,564 - INFO - 登录可能成功，继续下一步...
2025-12-01 13:39:58,564 - INFO - 查找'去充值'按钮...
2025-12-01 13:39:58,627 - INFO - 已点击充值按钮
2025-12-01 13:40:01,627 - INFO - 开始提取剩余电量信息...
2025-12-01 13:40:01,632 - INFO - 页面源码已保存到 /home/runner/work/nju_electric_monitor/nju_electric_monitor/src/../data/debug_page_source.html
2025-12-01 13:40:01,641 - WARNING - 未找到电量信息元素，尝试其他方法...
2025-12-01 13:40:01,649 - WARNING - 未找到i标签中的电量信息，尝试其他方法...
2025-12-01 13:40:01,652 - INFO - 在页面源码中查找电量信息...
2025-12-01 13:40:01,664 - WARNING - 未能提取到剩余电量信息
2025-12-01 13:40:01,664 - WARNING - 没有电量数据可保存
2025-12-01 13:40:01,664 - INFO - 监控流程完成
Wrapper end: 2025-12-01T21:40:01.746414+08:00
