Wrapper start: 2026-01-28T21:43:55.104702+08:00

=== ENVIRONMENT SUMMARY ===
Environment variable keys (count=119):
- ACCEPT_EULA
- ACTIONS_RUNNER_ACTION_ARCHIVE_CACHE
- AGENT_TOOLSDIRECTORY
- ANDROID_HOME
- ANDROID_NDK
- ANDROID_NDK_HOME
- ANDROID_NDK_LATEST_HOME
- ANDROID_NDK_ROOT
- ANDROID_SDK_ROOT
- ANT_HOME
NJU_USERNAME set: yes
NJU_PASSWORD set: yes

=== DISK USAGE (df -h) ===
Filesystem      Size  Used Avail Use% Mounted on
/dev/root       145G   62G   83G  43% /
tmpfs           7.9G   84K  7.9G   1% /dev/shm
tmpfs           3.2G  2.5M  3.2G   1% /run
tmpfs           5.0M     0  5.0M   0% /run/lock
efivarfs        128M   26K  128M   1% /sys/firmware/efi/efivars
/dev/sda16      881M   62M  758M   8% /boot
/dev/sda15      105M  6.2M   99M   6% /boot/efi
tmpfs           1.6G   12K  1.6G   1% /run/user/1001


=== KEY DIR SIZES ===
14M	/home/runner/work/nju_electric_monitor/nju_electric_monitor/src/../logs

284K	/home/runner/work/nju_electric_monitor/nju_electric_monitor/src/../data

101M	/home/runner/work/nju_electric_monitor/nju_electric_monitor/src/../models


=== CONFIG_WORKFLOW SUMMARY ===
{
  "username": "",
  "password": "",
  "auto_login": true,
  "headless_mode": true,
  "captcha_retry_count": 30,
  "captcha_confidence_threshold": 0.3,
  "save_captcha_images": true,
  "log_level": "INFO"
}

=== FONT DIAGNOSTICS ===
Found system fonts (ttf) count: 59
- /usr/share/fonts/truetype/liberation/LiberationMono-Bold.ttf
- /usr/share/fonts/truetype/dejavu/DejaVuSansCondensed-BoldOblique.ttf
- /usr/share/fonts/truetype/liberation/LiberationMono-Italic.ttf
- /usr/share/fonts/truetype/liberation/LiberationSerif-BoldItalic.ttf
- /usr/share/fonts/truetype/lato/Lato-Semibold.ttf
- /usr/share/fonts/truetype/dejavu/DejaVuSans-Oblique.ttf
- /usr/share/fonts/opentype/noto/NotoSerifCJK-Regular.ttc
- /usr/share/fonts/truetype/dejavu/DejaVuSerifCondensed-Bold.ttf
- /usr/share/fonts/truetype/liberation/LiberationMono-Regular.ttf
- /usr/share/fonts/truetype/liberation/LiberationSerif-Regular.ttf
- /usr/share/fonts/truetype/liberation/LiberationSerif-Italic.ttf
- /usr/share/fonts/truetype/dejavu/DejaVuSans.ttf
- /usr/share/fonts/truetype/lato/Lato-BoldItalic.ttf
- /usr/share/fonts/opentype/noto/NotoSansCJK-Regular.ttc
- /usr/share/fonts/truetype/dejavu/DejaVuSansCondensed-Oblique.ttf
- /usr/share/fonts/truetype/lato/Lato-Medium.ttf
- /usr/share/fonts/truetype/lato/Lato-Light.ttf
- /usr/share/fonts/truetype/lato/Lato-HairlineItalic.ttf
- /usr/share/fonts/truetype/dejavu/DejaVuSansMono.ttf
- /usr/share/fonts/truetype/liberation/LiberationSans-Bold.ttf
- /usr/share/fonts/truetype/lato/Lato-SemiboldItalic.ttf
- /usr/share/fonts/truetype/dejavu/DejaVuSansMono-Oblique.ttf
- /usr/share/fonts/truetype/dejavu/DejaVuSerif-BoldItalic.ttf
- /usr/share/fonts/truetype/dejavu/DejaVuSans-BoldOblique.ttf
- /usr/share/fonts/truetype/noto/NotoColorEmoji.ttf
- /usr/share/fonts/opentype/noto/NotoSansCJK-Bold.ttc
- /usr/share/fonts/truetype/lato/Lato-Heavy.ttf
- /usr/share/fonts/truetype/dejavu/DejaVuSerif-Bold.ttf
- /usr/share/fonts/truetype/lato/Lato-Regular.ttf
- /usr/share/fonts/truetype/dejavu/DejaVuSans-Bold.ttf
- /usr/share/fonts/truetype/dejavu/DejaVuMathTeXGyre.ttf
- /usr/share/fonts/truetype/dejavu/DejaVuSansMono-Bold.ttf
- /usr/share/fonts/truetype/dejavu/DejaVuSerif.ttf
- /usr/share/fonts/truetype/lato/Lato-ThinItalic.ttf
- /usr/share/fonts/truetype/liberation/LiberationSans-Italic.ttf
- /usr/share/fonts/truetype/liberation/LiberationSans-BoldItalic.ttf
- /usr/share/fonts/truetype/dejavu/DejaVuSansMono-BoldOblique.ttf
- /usr/share/fonts/truetype/lato/Lato-Thin.ttf
- /usr/share/fonts/truetype/lato/Lato-Black.ttf
- /usr/share/fonts/truetype/lato/Lato-LightItalic.ttf
- /usr/share/fonts/truetype/lato/Lato-Italic.ttf
- /usr/share/fonts/truetype/dejavu/DejaVuSansCondensed-Bold.ttf
- /usr/share/fonts/truetype/dejavu/DejaVuSansCondensed.ttf
- /usr/share/fonts/truetype/lato/Lato-Bold.ttf
- /usr/share/fonts/truetype/lato/Lato-BlackItalic.ttf
- /usr/share/fonts/truetype/lato/Lato-HeavyItalic.ttf
- /usr/share/fonts/truetype/liberation/LiberationMono-BoldItalic.ttf
- /usr/share/fonts/truetype/dejavu/DejaVuSerifCondensed.ttf
- /usr/share/fonts/truetype/lato/Lato-Hairline.ttf
- /usr/share/fonts/opentype/noto/NotoSerifCJK-Bold.ttc

FontManager samples (name -> path):
STIXGeneral -> /opt/hostedtoolcache/Python/3.14.2/x64/lib/python3.14/site-packages/matplotlib/mpl-data/fonts/ttf/STIXGeneral.ttf
STIXGeneral -> /opt/hostedtoolcache/Python/3.14.2/x64/lib/python3.14/site-packages/matplotlib/mpl-data/fonts/ttf/STIXGeneralItalic.ttf
cmsy10 -> /opt/hostedtoolcache/Python/3.14.2/x64/lib/python3.14/site-packages/matplotlib/mpl-data/fonts/ttf/cmsy10.ttf
DejaVu Sans -> /opt/hostedtoolcache/Python/3.14.2/x64/lib/python3.14/site-packages/matplotlib/mpl-data/fonts/ttf/DejaVuSans.ttf
STIXNonUnicode -> /opt/hostedtoolcache/Python/3.14.2/x64/lib/python3.14/site-packages/matplotlib/mpl-data/fonts/ttf/STIXNonUniBolIta.ttf
cmr10 -> /opt/hostedtoolcache/Python/3.14.2/x64/lib/python3.14/site-packages/matplotlib/mpl-data/fonts/ttf/cmr10.ttf
STIXSizeTwoSym -> /opt/hostedtoolcache/Python/3.14.2/x64/lib/python3.14/site-packages/matplotlib/mpl-data/fonts/ttf/STIXSizTwoSymReg.ttf
cmss10 -> /opt/hostedtoolcache/Python/3.14.2/x64/lib/python3.14/site-packages/matplotlib/mpl-data/fonts/ttf/cmss10.ttf
STIXSizeFiveSym -> /opt/hostedtoolcache/Python/3.14.2/x64/lib/python3.14/site-packages/matplotlib/mpl-data/fonts/ttf/STIXSizFiveSymReg.ttf
STIXSizeOneSym -> /opt/hostedtoolcache/Python/3.14.2/x64/lib/python3.14/site-packages/matplotlib/mpl-data/fonts/ttf/STIXSizOneSymBol.ttf
DejaVu Serif -> /opt/hostedtoolcache/Python/3.14.2/x64/lib/python3.14/site-packages/matplotlib/mpl-data/fonts/ttf/DejaVuSerif.ttf
STIXSizeFourSym -> /opt/hostedtoolcache/Python/3.14.2/x64/lib/python3.14/site-packages/matplotlib/mpl-data/fonts/ttf/STIXSizFourSymReg.ttf
STIXSizeThreeSym -> /opt/hostedtoolcache/Python/3.14.2/x64/lib/python3.14/site-packages/matplotlib/mpl-data/fonts/ttf/STIXSizThreeSymReg.ttf
cmex10 -> /opt/hostedtoolcache/Python/3.14.2/x64/lib/python3.14/site-packages/matplotlib/mpl-data/fonts/ttf/cmex10.ttf
DejaVu Sans -> /opt/hostedtoolcache/Python/3.14.2/x64/lib/python3.14/site-packages/matplotlib/mpl-data/fonts/ttf/DejaVuSans-Bold.ttf
DejaVu Sans Mono -> /opt/hostedtoolcache/Python/3.14.2/x64/lib/python3.14/site-packages/matplotlib/mpl-data/fonts/ttf/DejaVuSansMono-Bold.ttf
DejaVu Sans Mono -> /opt/hostedtoolcache/Python/3.14.2/x64/lib/python3.14/site-packages/matplotlib/mpl-data/fonts/ttf/DejaVuSansMono.ttf
DejaVu Sans -> /opt/hostedtoolcache/Python/3.14.2/x64/lib/python3.14/site-packages/matplotlib/mpl-data/fonts/ttf/DejaVuSans-Oblique.ttf
STIXNonUnicode -> /opt/hostedtoolcache/Python/3.14.2/x64/lib/python3.14/site-packages/matplotlib/mpl-data/fonts/ttf/STIXNonUniIta.ttf
DejaVu Serif -> /opt/hostedtoolcache/Python/3.14.2/x64/lib/python3.14/site-packages/matplotlib/mpl-data/fonts/ttf/DejaVuSerif-Italic.ttf
STIXNonUnicode -> /opt/hostedtoolcache/Python/3.14.2/x64/lib/python3.14/site-packages/matplotlib/mpl-data/fonts/ttf/STIXNonUni.ttf
DejaVu Sans -> /opt/hostedtoolcache/Python/3.14.2/x64/lib/python3.14/site-packages/matplotlib/mpl-data/fonts/ttf/DejaVuSans-BoldOblique.ttf
DejaVu Sans Display -> /opt/hostedtoolcache/Python/3.14.2/x64/lib/python3.14/site-packages/matplotlib/mpl-data/fonts/ttf/DejaVuSansDisplay.ttf
cmmi10 -> /opt/hostedtoolcache/Python/3.14.2/x64/lib/python3.14/site-packages/matplotlib/mpl-data/fonts/ttf/cmmi10.ttf
DejaVu Serif Display -> /opt/hostedtoolcache/Python/3.14.2/x64/lib/python3.14/site-packages/matplotlib/mpl-data/fonts/ttf/DejaVuSerifDisplay.ttf
cmb10 -> /opt/hostedtoolcache/Python/3.14.2/x64/lib/python3.14/site-packages/matplotlib/mpl-data/fonts/ttf/cmb10.ttf
STIXGeneral -> /opt/hostedtoolcache/Python/3.14.2/x64/lib/python3.14/site-packages/matplotlib/mpl-data/fonts/ttf/STIXGeneralBol.ttf
cmtt10 -> /opt/hostedtoolcache/Python/3.14.2/x64/lib/python3.14/site-packages/matplotlib/mpl-data/fonts/ttf/cmtt10.ttf
STIXNonUnicode -> /opt/hostedtoolcache/Python/3.14.2/x64/lib/python3.14/site-packages/matplotlib/mpl-data/fonts/ttf/STIXNonUniBol.ttf
STIXSizeThreeSym -> /opt/hostedtoolcache/Python/3.14.2/x64/lib/python3.14/site-packages/matplotlib/mpl-data/fonts/ttf/STIXSizThreeSymBol.ttf
DejaVu Serif -> /opt/hostedtoolcache/Python/3.14.2/x64/lib/python3.14/site-packages/matplotlib/mpl-data/fonts/ttf/DejaVuSerif-Bold.ttf
STIXSizeFourSym -> /opt/hostedtoolcache/Python/3.14.2/x64/lib/python3.14/site-packages/matplotlib/mpl-data/fonts/ttf/STIXSizFourSymBol.ttf
DejaVu Sans Mono -> /opt/hostedtoolcache/Python/3.14.2/x64/lib/python3.14/site-packages/matplotlib/mpl-data/fonts/ttf/DejaVuSansMono-Oblique.ttf
STIXSizeOneSym -> /opt/hostedtoolcache/Python/3.14.2/x64/lib/python3.14/site-packages/matplotlib/mpl-data/fonts/ttf/STIXSizOneSymReg.ttf
STIXGeneral -> /opt/hostedtoolcache/Python/3.14.2/x64/lib/python3.14/site-packages/matplotlib/mpl-data/fonts/ttf/STIXGeneralBolIta.ttf
DejaVu Sans Mono -> /opt/hostedtoolcache/Python/3.14.2/x64/lib/python3.14/site-packages/matplotlib/mpl-data/fonts/ttf/DejaVuSansMono-BoldOblique.ttf
STIXSizeTwoSym -> /opt/hostedtoolcache/Python/3.14.2/x64/lib/python3.14/site-packages/matplotlib/mpl-data/fonts/ttf/STIXSizTwoSymBol.ttf
DejaVu Serif -> /opt/hostedtoolcache/Python/3.14.2/x64/lib/python3.14/site-packages/matplotlib/mpl-data/fonts/ttf/DejaVuSerif-BoldItalic.ttf
Liberation Mono -> /usr/share/fonts/truetype/liberation/LiberationMono-Bold.ttf
DejaVu Sans -> /usr/share/fonts/truetype/dejavu/DejaVuSansCondensed-BoldOblique.ttf
Liberation Mono -> /usr/share/fonts/truetype/liberation/LiberationMono-Italic.ttf
Liberation Serif -> /usr/share/fonts/truetype/liberation/LiberationSerif-BoldItalic.ttf
Lato -> /usr/share/fonts/truetype/lato/Lato-Semibold.ttf
DejaVu Sans -> /usr/share/fonts/truetype/dejavu/DejaVuSans-Oblique.ttf
Noto Serif CJK JP -> /usr/share/fonts/opentype/noto/NotoSerifCJK-Regular.ttc
DejaVu Serif -> /usr/share/fonts/truetype/dejavu/DejaVuSerifCondensed-Bold.ttf
Liberation Mono -> /usr/share/fonts/truetype/liberation/LiberationMono-Regular.ttf
Liberation Serif -> /usr/share/fonts/truetype/liberation/LiberationSerif-Regular.ttf
Liberation Serif -> /usr/share/fonts/truetype/liberation/LiberationSerif-Italic.ttf
DejaVu Sans -> /usr/share/fonts/truetype/dejavu/DejaVuSans.ttf

Preferred font find results:
findfont('Microsoft YaHei') failed: Failed to find font Microsoft YaHei:style=normal:variant=normal:weight=normal:stretch=normal:size=10.0, and fallback to the default font was disabled
findfont('Segoe UI') failed: Failed to find font Segoe UI:style=normal:variant=normal:weight=normal:stretch=normal:size=10.0, and fallback to the default font was disabled
findfont('Arial Unicode MS') failed: Failed to find font Arial Unicode MS:style=normal:variant=normal:weight=normal:stretch=normal:size=10.0, and fallback to the default font was disabled
findfont('Noto Sans CJK SC') failed: Failed to find font Noto Sans CJK SC:style=normal:variant=normal:weight=normal:stretch=normal:size=10.0, and fallback to the default font was disabled
findfont('WenQuanYi Micro Hei') -> /usr/share/fonts/truetype/wqy/wqy-microhei.ttc
findfont('WenQuanYi Zen Hei') -> /usr/share/fonts/truetype/wqy/wqy-zenhei.ttc
findfont('DejaVu Sans') -> /opt/hostedtoolcache/Python/3.14.2/x64/lib/python3.14/site-packages/matplotlib/mpl-data/fonts/ttf/DejaVuSans.ttf

fc-list output sample (truncated to 10000 chars):
Liberation Mono - /usr/share/fonts/truetype/liberation/LiberationMono-Bold.ttf
Liberation Serif - /usr/share/fonts/truetype/liberation/LiberationSerif-BoldItalic.ttf
Lato,Lato Hairline - /usr/share/fonts/truetype/lato/Lato-Hairline.ttf
Lato,Lato Heavy - /usr/share/fonts/truetype/lato/Lato-Heavy.ttf
DejaVu Serif,DejaVu Serif Condensed - /usr/share/fonts/truetype/dejavu/DejaVuSerifCondensed-Italic.ttf
Lato,Lato Medium - /usr/share/fonts/truetype/lato/Lato-Medium.ttf
Lato,Lato Light - /usr/share/fonts/truetype/lato/Lato-LightItalic.ttf
WenQuanYi Zen Hei Sharp,文泉驛點陣正黑,文泉驿点阵正黑 - /usr/share/fonts/truetype/wqy/wqy-zenhei.ttc
WenQuanYi Micro Hei Mono,文泉驛等寬微米黑,文泉驿等宽微米黑 - /usr/share/fonts/truetype/wqy/wqy-microhei.ttc
Noto Sans Mono CJK KR - /usr/share/fonts/opentype/noto/NotoSansCJK-Bold.ttc
DejaVu Serif - /usr/share/fonts/truetype/dejavu/DejaVuSerif-Bold.ttf
Noto Sans Mono CJK JP - /usr/share/fonts/opentype/noto/NotoSansCJK-Bold.ttc
Noto Sans Mono CJK HK - /usr/share/fonts/opentype/noto/NotoSansCJK-Bold.ttc
Noto Serif CJK SC - /usr/share/fonts/opentype/noto/NotoSerifCJK-Regular.ttc
DejaVu Math TeX Gyre - /usr/share/fonts/truetype/dejavu/DejaVuMathTeXGyre.ttf
Liberation Sans - /usr/share/fonts/truetype/liberation/LiberationSans-Regular.ttf
Lato - /usr/share/fonts/truetype/lato/Lato-Italic.ttf
Liberation Sans - /usr/share/fonts/truetype/liberation/LiberationSans-Bold.ttf
Noto Serif CJK TC - /usr/share/fonts/opentype/noto/NotoSerifCJK-Regular.ttc
Noto Sans Mono CJK SC - /usr/share/fonts/opentype/noto/NotoSansCJK-Bold.ttc
Liberation Mono - /usr/share/fonts/truetype/liberation/LiberationMono-Italic.ttf
Noto Sans Mono CJK TC - /usr/share/fonts/opentype/noto/NotoSansCJK-Bold.ttc
DejaVu Sans,DejaVu Sans Condensed - /usr/share/fonts/truetype/dejavu/DejaVuSansCondensed.ttf
DejaVu Serif,DejaVu Serif Condensed - /usr/share/fonts/truetype/dejavu/DejaVuSerifCondensed.ttf
Liberation Serif - /usr/share/fonts/truetype/liberation/LiberationSerif-Italic.ttf
Lato,Lato Heavy - /usr/share/fonts/truetype/lato/Lato-HeavyItalic.ttf
Lato - /usr/share/fonts/truetype/lato/Lato-BoldItalic.ttf
Noto Serif CJK JP - /usr/share/fonts/opentype/noto/NotoSerifCJK-Regular.ttc
Lato,Lato Medium - /usr/share/fonts/truetype/lato/Lato-MediumItalic.ttf
Noto Serif CJK HK - /usr/share/fonts/opentype/noto/NotoSerifCJK-Regular.ttc
DejaVu Serif - /usr/share/fonts/truetype/dejavu/DejaVuSerif-Italic.ttf
DejaVu Sans - /usr/share/fonts/truetype/dejavu/DejaVuSans.ttf
Noto Serif CJK KR - /usr/share/fonts/opentype/noto/NotoSerifCJK-Regular.ttc
Lato,Lato Semibold - /usr/share/fonts/truetype/lato/Lato-SemiboldItalic.ttf
Lato,Lato Thin - /usr/share/fonts/truetype/lato/Lato-ThinItalic.ttf
DejaVu Sans,DejaVu Sans Condensed - /usr/share/fonts/truetype/dejavu/DejaVuSansCondensed-BoldOblique.ttf
Noto Sans CJK JP - /usr/share/fonts/opentype/noto/NotoSansCJK-Regular.ttc
Liberation Sans - /usr/share/fonts/truetype/liberation/LiberationSans-Italic.ttf
Noto Sans CJK HK - /usr/share/fonts/opentype/noto/NotoSansCJK-Regular.ttc
Lato,Lato Black - /usr/share/fonts/truetype/lato/Lato-BlackItalic.ttf
Lato,Lato Thin - /usr/share/fonts/truetype/lato/Lato-Thin.ttf
DejaVu Sans,DejaVu Sans Condensed - /usr/share/fonts/truetype/dejavu/DejaVuSansCondensed-Oblique.ttf
Noto Sans CJK KR - /usr/share/fonts/opentype/noto/NotoSansCJK-Regular.ttc
Lato,Lato Light - /usr/share/fonts/truetype/lato/Lato-Light.ttf
Noto Sans CJK TC - /usr/share/fonts/opentype/noto/NotoSansCJK-Regular.ttc
DejaVu Sans,DejaVu Sans Condensed - /usr/share/fonts/truetype/dejavu/DejaVuSansCondensed-Bold.ttf
DejaVu Sans Mono - /usr/share/fonts/truetype/dejavu/DejaVuSansMono-Oblique.ttf
Lato,Lato Hairline - /usr/share/fonts/truetype/lato/Lato-HairlineItalic.ttf
Noto Sans CJK SC - /usr/share/fonts/opentype/noto/NotoSansCJK-Regular.ttc
WenQuanYi Zen Hei,文泉驛正黑,文泉驿正黑 - /usr/share/fonts/truetype/wqy/wqy-zenhei.ttc
Lato,Lato Black - /usr/share/fonts/truetype/lato/Lato-Black.ttf
Lato - /usr/share/fonts/truetype/lato/Lato-Regular.ttf
DejaVu Sans - /usr/share/fonts/truetype/dejavu/DejaVuSans-BoldOblique.ttf
Liberation Mono - /usr/share/fonts/truetype/liberation/LiberationMono-BoldItalic.ttf
Noto Sans Mono CJK KR - /usr/share/fonts/opentype/noto/NotoSansCJK-Regular.ttc
Liberation Mono - /usr/share/fonts/truetype/liberation/LiberationMono-Regular.ttf
Noto Sans Mono CJK HK - /usr/share/fonts/opentype/noto/NotoSansCJK-Regular.ttc
DejaVu Sans,DejaVu Sans Light - /usr/share/fonts/truetype/dejavu/DejaVuSans-ExtraLight.ttf
DejaVu Serif - /usr/share/fonts/truetype/dejavu/DejaVuSerif.ttf
Noto Sans Mono CJK JP - /usr/share/fonts/opentype/noto/NotoSansCJK-Regular.ttc
Noto Serif CJK JP - /usr/share/fonts/opentype/noto/NotoSerifCJK-Bold.ttc
Noto Serif CJK HK - /usr/share/fonts/opentype/noto/NotoSerifCJK-Bold.ttc
Noto Serif CJK KR - /usr/share/fonts/opentype/noto/NotoSerifCJK-Bold.ttc
Noto Serif CJK TC - /usr/share/fonts/opentype/noto/NotoSerifCJK-Bold.ttc
Lato - /usr/share/fonts/truetype/lato/Lato-Bold.ttf
Noto Sans CJK SC - /usr/share/fonts/opentype/noto/NotoSansCJK-Bold.ttc
Noto Sans Mono CJK TC - /usr/share/fonts/opentype/noto/NotoSansCJK-Regular.ttc
Noto Sans CJK TC - /usr/share/fonts/opentype/noto/NotoSansCJK-Bold.ttc
Noto Serif CJK SC - /usr/share/fonts/opentype/noto/NotoSerifCJK-Bold.ttc
DejaVu Sans Mono - /usr/share/fonts/truetype/dejavu/DejaVuSansMono-Bold.ttf
DejaVu Serif - /usr/share/fonts/truetype/dejavu/DejaVuSerif-BoldItalic.ttf
WenQuanYi Zen Hei Mono,文泉驛等寬正黑,文泉驿等宽正黑 - /usr/share/fonts/truetype/wqy/wqy-zenhei.ttc
DejaVu Sans Mono - /usr/share/fonts/truetype/dejavu/DejaVuSansMono.ttf
Noto Sans CJK JP - /usr/share/fonts/opentype/noto/NotoSansCJK-Bold.ttc
Noto Sans CJK HK - /usr/share/fonts/opentype/noto/NotoSansCJK-Bold.ttc
Noto Sans CJK KR - /usr/share/fonts/opentype/noto/NotoSansCJK-Bold.ttc
WenQuanYi Micro Hei,文泉驛微米黑,文泉驿微米黑 - /usr/share/fonts/truetype/wqy/wqy-microhei.ttc
Noto Sans Mono CJK SC - /usr/share/fonts/opentype/noto/NotoSansCJK-Regular.ttc
Noto Color Emoji - /usr/share/fonts/truetype/noto/NotoColorEmoji.ttf
DejaVu Sans Mono - /usr/share/fonts/truetype/dejavu/DejaVuSansMono-BoldOblique.ttf
Liberation Sans - /usr/share/fonts/truetype/liberation/LiberationSans-BoldItalic.ttf
Liberation Serif - /usr/share/fonts/truetype/liberation/LiberationSerif-Regular.ttf
Lato,Lato Semibold - /usr/share/fonts/truetype/lato/Lato-Semibold.ttf
DejaVu Sans - /usr/share/fonts/truetype/dejavu/DejaVuSans-Oblique.ttf
DejaVu Serif,DejaVu Serif Condensed - /usr/share/fonts/truetype/dejavu/DejaVuSerifCondensed-Bold.ttf
DejaVu Sans - /usr/share/fonts/truetype/dejavu/DejaVuSans-Bold.ttf
Liberation Serif - /usr/share/fonts/truetype/liberation/LiberationSerif-Bold.ttf
DejaVu Serif,DejaVu Serif Condensed - /usr/share/fonts/truetype/dejavu/DejaVuSerifCondensed-BoldItalic.ttf

2026-01-28 13:44:00,589 - INFO - Matplotlib 字体设置：使用回退字体列表，首选可用字体: Noto Sans CJK JP
2026-01-28 13:44:01,988 - INFO - 使用 ChromeDriver: /usr/bin/chromedriver
2026-01-28 13:44:01,988 - WARNING - Using CPU. Note: This module is much faster with a GPU.
2026-01-28 13:44:03,453 - INFO - OCR识别器初始化成功
2026-01-28 13:44:03,453 - INFO - 开始南京大学电费监控流程（自动无头模式）
2026-01-28 13:44:03,453 - INFO - 正在打开页面: https://epay.nju.edu.cn/epay/h5/nju/electric/index
2026-01-28 13:44:14,495 - INFO - 等待登录表单加载...
2026-01-28 13:44:14,504 - INFO - 登录表单已加载
2026-01-28 13:44:14,505 - INFO - 开始填写登录表单...
2026-01-28 13:44:14,566 - INFO - 用户名填写完成
2026-01-28 13:44:14,631 - INFO - 密码填写完成
2026-01-28 13:44:14,631 - INFO - 检查是否有验证码...
2026-01-28 13:44:14,632 - INFO - 查找验证码图片...
2026-01-28 13:44:14,650 - INFO - 找到验证码图片，开始截图...
2026-01-28 13:44:14,693 - INFO - 验证码图片截取成功
2026-01-28 13:44:14,693 - INFO - 开始填写登录表单...
2026-01-28 13:44:14,756 - INFO - 用户名填写完成
2026-01-28 13:44:14,816 - INFO - 密码填写完成
2026-01-28 13:44:14,817 - INFO - 验证码图片已保存到 /home/runner/work/nju_electric_monitor/nju_electric_monitor/src/../data/captcha_debug.png
2026-01-28 13:44:14,817 - INFO - 验证码识别尝试 1/30
2026-01-28 13:44:14,817 - INFO - 开始识别验证码...（easyocr + pytesseract）
2026-01-28 13:44:14,950 - INFO - easyocr 结果: ['A(0.46)', 'Qx(0.89)']
2026-01-28 13:44:15,163 - INFO - tesseract 结果: AQox
2026-01-28 13:44:15,227 - INFO - easyocr alt1 结果: ['AQNX(0.13)']
2026-01-28 13:44:15,324 - INFO - tesseract alt1 结果: AOOX
2026-01-28 13:44:15,383 - INFO - easyocr alt2 结果: ['AQDX(0.24)']
2026-01-28 13:44:15,478 - INFO - tesseract alt2 结果: ENO54
2026-01-28 13:44:15,659 - INFO - easyocr alt3 结果: ['A(0.20)', 'Q(0.96)']
2026-01-28 13:44:15,758 - INFO - tesseract alt3 结果: 
2026-01-28 13:44:15,836 - INFO - easyocr alt4 结果: ['AQNX(0.06)']
2026-01-28 13:44:15,932 - INFO - tesseract alt4 结果: AX
2026-01-28 13:44:16,015 - INFO - easyocr alt5 结果: ['ARa(0.01)']
2026-01-28 13:44:16,109 - INFO - tesseract alt5 结果: AOOX
2026-01-28 13:44:16,109 - INFO - 最终验证码识别结果: AQox (engine=tesseract, prob=0.5)
2026-01-28 13:44:16,109 - INFO - 查找验证码输入框...
2026-01-28 13:44:16,168 - INFO - 验证码填写完成
2026-01-28 13:44:16,168 - INFO - 验证码填写完成，点击登录按钮...
2026-01-28 13:44:16,168 - INFO - 查找并点击登录按钮...
2026-01-28 13:44:16,568 - INFO - 已点击登录按钮
2026-01-28 13:44:23,595 - INFO - 开始填写登录表单...
2026-01-28 13:44:23,654 - INFO - 用户名填写完成
2026-01-28 13:44:23,711 - INFO - 密码填写完成
2026-01-28 13:44:23,712 - INFO - 验证码图片已保存到 /home/runner/work/nju_electric_monitor/nju_electric_monitor/src/../data/captcha_debug.png
2026-01-28 13:44:23,712 - INFO - 验证码识别尝试 2/30
2026-01-28 13:44:23,712 - INFO - 开始识别验证码...（easyocr + pytesseract）
2026-01-28 13:44:23,816 - INFO - easyocr 结果: ['A(0.46)', 'Qx(0.89)']
2026-01-28 13:44:23,910 - INFO - tesseract 结果: AQox
2026-01-28 13:44:23,969 - INFO - easyocr alt1 结果: ['AQNX(0.13)']
2026-01-28 13:44:24,068 - INFO - tesseract alt1 结果: AOOX
2026-01-28 13:44:24,127 - INFO - easyocr alt2 结果: ['AQDX(0.24)']
2026-01-28 13:44:24,222 - INFO - tesseract alt2 结果: ENO54
2026-01-28 13:44:24,396 - INFO - easyocr alt3 结果: ['A(0.20)', 'Q(0.96)']
2026-01-28 13:44:24,493 - INFO - tesseract alt3 结果: 
2026-01-28 13:44:24,570 - INFO - easyocr alt4 结果: ['AQNX(0.06)']
2026-01-28 13:44:24,667 - INFO - tesseract alt4 结果: AX
2026-01-28 13:44:24,745 - INFO - easyocr alt5 结果: ['ARa(0.01)']
2026-01-28 13:44:24,856 - INFO - tesseract alt5 结果: AOOX
2026-01-28 13:44:24,856 - INFO - 最终验证码识别结果: AQox (engine=tesseract, prob=0.5)
2026-01-28 13:44:24,856 - INFO - 查找验证码输入框...
2026-01-28 13:44:24,912 - INFO - 验证码填写完成
2026-01-28 13:44:24,912 - INFO - 验证码填写完成，点击登录按钮...
2026-01-28 13:44:24,912 - INFO - 查找并点击登录按钮...
2026-01-28 13:44:24,966 - INFO - 已点击登录按钮
2026-01-28 13:44:31,986 - INFO - 开始填写登录表单...
2026-01-28 13:44:32,047 - INFO - 用户名填写完成
2026-01-28 13:44:32,105 - INFO - 密码填写完成
2026-01-28 13:44:32,105 - INFO - 验证码图片已保存到 /home/runner/work/nju_electric_monitor/nju_electric_monitor/src/../data/captcha_debug.png
2026-01-28 13:44:32,105 - INFO - 验证码识别尝试 3/30
2026-01-28 13:44:32,106 - INFO - 开始识别验证码...（easyocr + pytesseract）
2026-01-28 13:44:32,210 - INFO - easyocr 结果: ['A(0.46)', 'Qx(0.89)']
2026-01-28 13:44:32,301 - INFO - tesseract 结果: AQox
2026-01-28 13:44:32,361 - INFO - easyocr alt1 结果: ['AQNX(0.13)']
2026-01-28 13:44:32,459 - INFO - tesseract alt1 结果: AOOX
2026-01-28 13:44:32,517 - INFO - easyocr alt2 结果: ['AQDX(0.24)']
2026-01-28 13:44:32,616 - INFO - tesseract alt2 结果: ENO54
2026-01-28 13:44:32,790 - INFO - easyocr alt3 结果: ['A(0.20)', 'Q(0.96)']
2026-01-28 13:44:32,892 - INFO - tesseract alt3 结果: 
2026-01-28 13:44:32,969 - INFO - easyocr alt4 结果: ['AQNX(0.06)']
2026-01-28 13:44:33,068 - INFO - tesseract alt4 结果: AX
2026-01-28 13:44:33,148 - INFO - easyocr alt5 结果: ['ARa(0.01)']
2026-01-28 13:44:33,246 - INFO - tesseract alt5 结果: AOOX
2026-01-28 13:44:33,246 - INFO - 最终验证码识别结果: AQox (engine=tesseract, prob=0.5)
2026-01-28 13:44:33,246 - INFO - 查找验证码输入框...
2026-01-28 13:44:33,303 - INFO - 验证码填写完成
2026-01-28 13:44:33,303 - INFO - 验证码填写完成，点击登录按钮...
2026-01-28 13:44:33,303 - INFO - 查找并点击登录按钮...
2026-01-28 13:44:33,682 - INFO - 已点击登录按钮
2026-01-28 13:44:40,702 - INFO - 开始填写登录表单...
2026-01-28 13:44:40,762 - INFO - 用户名填写完成
2026-01-28 13:44:40,820 - INFO - 密码填写完成
2026-01-28 13:44:40,820 - INFO - 验证码图片已保存到 /home/runner/work/nju_electric_monitor/nju_electric_monitor/src/../data/captcha_debug.png
2026-01-28 13:44:40,820 - INFO - 验证码识别尝试 4/30
2026-01-28 13:44:40,821 - INFO - 开始识别验证码...（easyocr + pytesseract）
2026-01-28 13:44:40,925 - INFO - easyocr 结果: ['A(0.46)', 'Qx(0.89)']
2026-01-28 13:44:41,021 - INFO - tesseract 结果: AQox
2026-01-28 13:44:41,080 - INFO - easyocr alt1 结果: ['AQNX(0.13)']
2026-01-28 13:44:41,176 - INFO - tesseract alt1 结果: AOOX
2026-01-28 13:44:41,234 - INFO - easyocr alt2 结果: ['AQDX(0.24)']
2026-01-28 13:44:41,331 - INFO - tesseract alt2 结果: ENO54
2026-01-28 13:44:41,516 - INFO - easyocr alt3 结果: ['A(0.20)', 'Q(0.96)']
2026-01-28 13:44:41,617 - INFO - tesseract alt3 结果: 
2026-01-28 13:44:41,692 - INFO - easyocr alt4 结果: ['AQNX(0.06)']
2026-01-28 13:44:41,789 - INFO - tesseract alt4 结果: AX
2026-01-28 13:44:41,866 - INFO - easyocr alt5 结果: ['ARa(0.01)']
2026-01-28 13:44:41,959 - INFO - tesseract alt5 结果: AOOX
2026-01-28 13:44:41,959 - INFO - 最终验证码识别结果: AQox (engine=tesseract, prob=0.5)
2026-01-28 13:44:41,959 - INFO - 查找验证码输入框...
2026-01-28 13:44:42,013 - INFO - 验证码填写完成
2026-01-28 13:44:42,013 - INFO - 验证码填写完成，点击登录按钮...
2026-01-28 13:44:42,013 - INFO - 查找并点击登录按钮...
2026-01-28 13:44:42,068 - INFO - 已点击登录按钮
2026-01-28 13:44:49,088 - INFO - 开始填写登录表单...
2026-01-28 13:44:49,148 - INFO - 用户名填写完成
2026-01-28 13:44:49,205 - INFO - 密码填写完成
2026-01-28 13:44:49,206 - INFO - 验证码图片已保存到 /home/runner/work/nju_electric_monitor/nju_electric_monitor/src/../data/captcha_debug.png
2026-01-28 13:44:49,206 - INFO - 验证码识别尝试 5/30
2026-01-28 13:44:49,206 - INFO - 开始识别验证码...（easyocr + pytesseract）
2026-01-28 13:44:49,310 - INFO - easyocr 结果: ['A(0.46)', 'Qx(0.89)']
2026-01-28 13:44:49,406 - INFO - tesseract 结果: AQox
2026-01-28 13:44:49,466 - INFO - easyocr alt1 结果: ['AQNX(0.13)']
2026-01-28 13:44:49,564 - INFO - tesseract alt1 结果: AOOX
2026-01-28 13:44:49,623 - INFO - easyocr alt2 结果: ['AQDX(0.24)']
2026-01-28 13:44:49,726 - INFO - tesseract alt2 结果: ENO54
2026-01-28 13:44:49,899 - INFO - easyocr alt3 结果: ['A(0.20)', 'Q(0.96)']
2026-01-28 13:44:49,998 - INFO - tesseract alt3 结果: 
2026-01-28 13:44:50,074 - INFO - easyocr alt4 结果: ['AQNX(0.06)']
2026-01-28 13:44:50,176 - INFO - tesseract alt4 结果: AX
2026-01-28 13:44:50,253 - INFO - easyocr alt5 结果: ['ARa(0.01)']
2026-01-28 13:44:50,346 - INFO - tesseract alt5 结果: AOOX
2026-01-28 13:44:50,346 - INFO - 最终验证码识别结果: AQox (engine=tesseract, prob=0.5)
2026-01-28 13:44:50,347 - INFO - 查找验证码输入框...
2026-01-28 13:44:50,402 - INFO - 验证码填写完成
2026-01-28 13:44:50,402 - INFO - 验证码填写完成，点击登录按钮...
2026-01-28 13:44:50,402 - INFO - 查找并点击登录按钮...
2026-01-28 13:44:50,802 - INFO - 已点击登录按钮
2026-01-28 13:44:57,822 - INFO - 开始填写登录表单...
2026-01-28 13:44:57,880 - INFO - 用户名填写完成
2026-01-28 13:44:57,937 - INFO - 密码填写完成
2026-01-28 13:44:57,938 - INFO - 验证码图片已保存到 /home/runner/work/nju_electric_monitor/nju_electric_monitor/src/../data/captcha_debug.png
2026-01-28 13:44:57,938 - INFO - 验证码识别尝试 6/30
2026-01-28 13:44:57,938 - INFO - 开始识别验证码...（easyocr + pytesseract）
2026-01-28 13:44:58,053 - INFO - easyocr 结果: ['A(0.46)', 'Qx(0.89)']
2026-01-28 13:44:58,147 - INFO - tesseract 结果: AQox
2026-01-28 13:44:58,206 - INFO - easyocr alt1 结果: ['AQNX(0.13)']
2026-01-28 13:44:58,305 - INFO - tesseract alt1 结果: AOOX
2026-01-28 13:44:58,363 - INFO - easyocr alt2 结果: ['AQDX(0.24)']
2026-01-28 13:44:58,461 - INFO - tesseract alt2 结果: ENO54
2026-01-28 13:44:58,634 - INFO - easyocr alt3 结果: ['A(0.20)', 'Q(0.96)']
2026-01-28 13:44:58,734 - INFO - tesseract alt3 结果: 
2026-01-28 13:44:58,810 - INFO - easyocr alt4 结果: ['AQNX(0.06)']
2026-01-28 13:44:58,909 - INFO - tesseract alt4 结果: AX
2026-01-28 13:44:58,985 - INFO - easyocr alt5 结果: ['ARa(0.01)']
2026-01-28 13:44:59,083 - INFO - tesseract alt5 结果: AOOX
2026-01-28 13:44:59,083 - INFO - 最终验证码识别结果: AQox (engine=tesseract, prob=0.5)
2026-01-28 13:44:59,083 - INFO - 查找验证码输入框...
2026-01-28 13:44:59,138 - INFO - 验证码填写完成
2026-01-28 13:44:59,138 - INFO - 验证码填写完成，点击登录按钮...
2026-01-28 13:44:59,138 - INFO - 查找并点击登录按钮...
2026-01-28 13:44:59,193 - INFO - 已点击登录按钮
2026-01-28 13:45:06,213 - INFO - 开始填写登录表单...
2026-01-28 13:45:06,272 - INFO - 用户名填写完成
2026-01-28 13:45:06,330 - INFO - 密码填写完成
2026-01-28 13:45:06,331 - INFO - 验证码图片已保存到 /home/runner/work/nju_electric_monitor/nju_electric_monitor/src/../data/captcha_debug.png
2026-01-28 13:45:06,331 - INFO - 验证码识别尝试 7/30
2026-01-28 13:45:06,331 - INFO - 开始识别验证码...（easyocr + pytesseract）
2026-01-28 13:45:06,443 - INFO - easyocr 结果: ['A(0.46)', 'Qx(0.89)']
2026-01-28 13:45:06,538 - INFO - tesseract 结果: AQox
2026-01-28 13:45:06,598 - INFO - easyocr alt1 结果: ['AQNX(0.13)']
2026-01-28 13:45:06,696 - INFO - tesseract alt1 结果: AOOX
2026-01-28 13:45:06,753 - INFO - easyocr alt2 结果: ['AQDX(0.24)']
2026-01-28 13:45:06,858 - INFO - tesseract alt2 结果: ENO54
2026-01-28 13:45:07,038 - INFO - easyocr alt3 结果: ['A(0.20)', 'Q(0.96)']
2026-01-28 13:45:07,136 - INFO - tesseract alt3 结果: 
2026-01-28 13:45:07,213 - INFO - easyocr alt4 结果: ['AQNX(0.06)']
2026-01-28 13:45:07,314 - INFO - tesseract alt4 结果: AX
2026-01-28 13:45:07,396 - INFO - easyocr alt5 结果: ['ARa(0.01)']
2026-01-28 13:45:07,490 - INFO - tesseract alt5 结果: AOOX
2026-01-28 13:45:07,490 - INFO - 最终验证码识别结果: AQox (engine=tesseract, prob=0.5)
2026-01-28 13:45:07,490 - INFO - 查找验证码输入框...
2026-01-28 13:45:07,546 - INFO - 验证码填写完成
2026-01-28 13:45:07,546 - INFO - 验证码填写完成，点击登录按钮...
2026-01-28 13:45:07,546 - INFO - 查找并点击登录按钮...
2026-01-28 13:45:07,921 - INFO - 已点击登录按钮
2026-01-28 13:45:14,941 - INFO - 开始填写登录表单...
2026-01-28 13:45:15,000 - INFO - 用户名填写完成
2026-01-28 13:45:15,058 - INFO - 密码填写完成
2026-01-28 13:45:15,058 - INFO - 验证码图片已保存到 /home/runner/work/nju_electric_monitor/nju_electric_monitor/src/../data/captcha_debug.png
2026-01-28 13:45:15,058 - INFO - 验证码识别尝试 8/30
2026-01-28 13:45:15,059 - INFO - 开始识别验证码...（easyocr + pytesseract）
2026-01-28 13:45:15,162 - INFO - easyocr 结果: ['A(0.46)', 'Qx(0.89)']
2026-01-28 13:45:15,260 - INFO - tesseract 结果: AQox
2026-01-28 13:45:15,319 - INFO - easyocr alt1 结果: ['AQNX(0.13)']
2026-01-28 13:45:15,421 - INFO - tesseract alt1 结果: AOOX
2026-01-28 13:45:15,479 - INFO - easyocr alt2 结果: ['AQDX(0.24)']
2026-01-28 13:45:15,578 - INFO - tesseract alt2 结果: ENO54
2026-01-28 13:45:15,751 - INFO - easyocr alt3 结果: ['A(0.20)', 'Q(0.96)']
2026-01-28 13:45:15,847 - INFO - tesseract alt3 结果: 
2026-01-28 13:45:15,923 - INFO - easyocr alt4 结果: ['AQNX(0.06)']
2026-01-28 13:45:16,021 - INFO - tesseract alt4 结果: AX
2026-01-28 13:45:16,097 - INFO - easyocr alt5 结果: ['ARa(0.01)']
2026-01-28 13:45:16,192 - INFO - tesseract alt5 结果: AOOX
2026-01-28 13:45:16,192 - INFO - 最终验证码识别结果: AQox (engine=tesseract, prob=0.5)
2026-01-28 13:45:16,192 - INFO - 查找验证码输入框...
2026-01-28 13:45:16,247 - INFO - 验证码填写完成
2026-01-28 13:45:16,247 - INFO - 验证码填写完成，点击登录按钮...
2026-01-28 13:45:16,247 - INFO - 查找并点击登录按钮...
2026-01-28 13:45:16,626 - INFO - 已点击登录按钮
2026-01-28 13:45:23,646 - INFO - 开始填写登录表单...
2026-01-28 13:45:23,706 - INFO - 用户名填写完成
2026-01-28 13:45:23,763 - INFO - 密码填写完成
2026-01-28 13:45:23,764 - INFO - 验证码图片已保存到 /home/runner/work/nju_electric_monitor/nju_electric_monitor/src/../data/captcha_debug.png
2026-01-28 13:45:23,764 - INFO - 验证码识别尝试 9/30
2026-01-28 13:45:23,764 - INFO - 开始识别验证码...（easyocr + pytesseract）
2026-01-28 13:45:23,868 - INFO - easyocr 结果: ['A(0.46)', 'Qx(0.89)']
2026-01-28 13:45:23,963 - INFO - tesseract 结果: AQox
2026-01-28 13:45:24,022 - INFO - easyocr alt1 结果: ['AQNX(0.13)']
2026-01-28 13:45:24,119 - INFO - tesseract alt1 结果: AOOX
2026-01-28 13:45:24,177 - INFO - easyocr alt2 结果: ['AQDX(0.24)']
2026-01-28 13:45:24,274 - INFO - tesseract alt2 结果: ENO54
2026-01-28 13:45:24,448 - INFO - easyocr alt3 结果: ['A(0.20)', 'Q(0.96)']
2026-01-28 13:45:24,546 - INFO - tesseract alt3 结果: 
2026-01-28 13:45:24,622 - INFO - easyocr alt4 结果: ['AQNX(0.06)']
2026-01-28 13:45:24,719 - INFO - tesseract alt4 结果: AX
2026-01-28 13:45:24,795 - INFO - easyocr alt5 结果: ['ARa(0.01)']
2026-01-28 13:45:24,888 - INFO - tesseract alt5 结果: AOOX
2026-01-28 13:45:24,889 - INFO - 最终验证码识别结果: AQox (engine=tesseract, prob=0.5)
2026-01-28 13:45:24,889 - INFO - 查找验证码输入框...
2026-01-28 13:45:24,944 - INFO - 验证码填写完成
2026-01-28 13:45:24,944 - INFO - 验证码填写完成，点击登录按钮...
2026-01-28 13:45:24,944 - INFO - 查找并点击登录按钮...
2026-01-28 13:45:24,999 - INFO - 已点击登录按钮
2026-01-28 13:45:32,019 - INFO - 开始填写登录表单...
2026-01-28 13:45:32,078 - INFO - 用户名填写完成
2026-01-28 13:45:32,135 - INFO - 密码填写完成
2026-01-28 13:45:32,136 - INFO - 验证码图片已保存到 /home/runner/work/nju_electric_monitor/nju_electric_monitor/src/../data/captcha_debug.png
2026-01-28 13:45:32,136 - INFO - 验证码识别尝试 10/30
2026-01-28 13:45:32,136 - INFO - 开始识别验证码...（easyocr + pytesseract）
2026-01-28 13:45:32,240 - INFO - easyocr 结果: ['A(0.46)', 'Qx(0.89)']
2026-01-28 13:45:32,337 - INFO - tesseract 结果: AQox
2026-01-28 13:45:32,396 - INFO - easyocr alt1 结果: ['AQNX(0.13)']
2026-01-28 13:45:32,494 - INFO - tesseract alt1 结果: AOOX
2026-01-28 13:45:32,552 - INFO - easyocr alt2 结果: ['AQDX(0.24)']
2026-01-28 13:45:32,650 - INFO - tesseract alt2 结果: ENO54
2026-01-28 13:45:32,826 - INFO - easyocr alt3 结果: ['A(0.20)', 'Q(0.96)']
2026-01-28 13:45:32,925 - INFO - tesseract alt3 结果: 
2026-01-28 13:45:33,001 - INFO - easyocr alt4 结果: ['AQNX(0.06)']
2026-01-28 13:45:33,098 - INFO - tesseract alt4 结果: AX
2026-01-28 13:45:33,175 - INFO - easyocr alt5 结果: ['ARa(0.01)']
2026-01-28 13:45:33,270 - INFO - tesseract alt5 结果: AOOX
2026-01-28 13:45:33,270 - INFO - 最终验证码识别结果: AQox (engine=tesseract, prob=0.5)
2026-01-28 13:45:33,270 - INFO - 查找验证码输入框...
2026-01-28 13:45:33,327 - INFO - 验证码填写完成
2026-01-28 13:45:33,327 - INFO - 验证码填写完成，点击登录按钮...
2026-01-28 13:45:33,327 - INFO - 查找并点击登录按钮...
2026-01-28 13:45:33,382 - INFO - 已点击登录按钮
2026-01-28 13:45:40,402 - INFO - 开始填写登录表单...
2026-01-28 13:45:40,461 - INFO - 用户名填写完成
2026-01-28 13:45:40,520 - INFO - 密码填写完成
2026-01-28 13:45:40,520 - INFO - 验证码图片已保存到 /home/runner/work/nju_electric_monitor/nju_electric_monitor/src/../data/captcha_debug.png
2026-01-28 13:45:40,520 - INFO - 验证码识别尝试 11/30
2026-01-28 13:45:40,520 - INFO - 开始识别验证码...（easyocr + pytesseract）
2026-01-28 13:45:40,624 - INFO - easyocr 结果: ['A(0.46)', 'Qx(0.89)']
2026-01-28 13:45:40,718 - INFO - tesseract 结果: AQox
2026-01-28 13:45:40,777 - INFO - easyocr alt1 结果: ['AQNX(0.13)']
2026-01-28 13:45:40,874 - INFO - tesseract alt1 结果: AOOX
2026-01-28 13:45:40,932 - INFO - easyocr alt2 结果: ['AQDX(0.24)']
2026-01-28 13:45:41,026 - INFO - tesseract alt2 结果: ENO54
2026-01-28 13:45:41,202 - INFO - easyocr alt3 结果: ['A(0.20)', 'Q(0.96)']
2026-01-28 13:45:41,299 - INFO - tesseract alt3 结果: 
2026-01-28 13:45:41,375 - INFO - easyocr alt4 结果: ['AQNX(0.06)']
2026-01-28 13:45:41,472 - INFO - tesseract alt4 结果: AX
2026-01-28 13:45:41,548 - INFO - easyocr alt5 结果: ['ARa(0.01)']
2026-01-28 13:45:41,641 - INFO - tesseract alt5 结果: AOOX
2026-01-28 13:45:41,641 - INFO - 最终验证码识别结果: AQox (engine=tesseract, prob=0.5)
2026-01-28 13:45:41,641 - INFO - 查找验证码输入框...
2026-01-28 13:45:41,698 - INFO - 验证码填写完成
2026-01-28 13:45:41,698 - INFO - 验证码填写完成，点击登录按钮...
2026-01-28 13:45:41,698 - INFO - 查找并点击登录按钮...
2026-01-28 13:45:42,089 - INFO - 已点击登录按钮
2026-01-28 13:45:49,110 - INFO - 开始填写登录表单...
2026-01-28 13:45:49,171 - INFO - 用户名填写完成
2026-01-28 13:45:49,230 - INFO - 密码填写完成
2026-01-28 13:45:49,230 - INFO - 验证码图片已保存到 /home/runner/work/nju_electric_monitor/nju_electric_monitor/src/../data/captcha_debug.png
2026-01-28 13:45:49,230 - INFO - 验证码识别尝试 12/30
2026-01-28 13:45:49,230 - INFO - 开始识别验证码...（easyocr + pytesseract）
2026-01-28 13:45:49,334 - INFO - easyocr 结果: ['A(0.46)', 'Qx(0.89)']
2026-01-28 13:45:49,429 - INFO - tesseract 结果: AQox
2026-01-28 13:45:49,488 - INFO - easyocr alt1 结果: ['AQNX(0.13)']
2026-01-28 13:45:49,589 - INFO - tesseract alt1 结果: AOOX
2026-01-28 13:45:49,647 - INFO - easyocr alt2 结果: ['AQDX(0.24)']
2026-01-28 13:45:49,750 - INFO - tesseract alt2 结果: ENO54
2026-01-28 13:45:49,922 - INFO - easyocr alt3 结果: ['A(0.20)', 'Q(0.96)']
2026-01-28 13:45:50,019 - INFO - tesseract alt3 结果: 
2026-01-28 13:45:50,094 - INFO - easyocr alt4 结果: ['AQNX(0.06)']
2026-01-28 13:45:50,192 - INFO - tesseract alt4 结果: AX
2026-01-28 13:45:50,269 - INFO - easyocr alt5 结果: ['ARa(0.01)']
2026-01-28 13:45:50,364 - INFO - tesseract alt5 结果: AOOX
2026-01-28 13:45:50,364 - INFO - 最终验证码识别结果: AQox (engine=tesseract, prob=0.5)
2026-01-28 13:45:50,364 - INFO - 查找验证码输入框...
2026-01-28 13:45:50,422 - INFO - 验证码填写完成
2026-01-28 13:45:50,422 - INFO - 验证码填写完成，点击登录按钮...
2026-01-28 13:45:50,422 - INFO - 查找并点击登录按钮...
2026-01-28 13:45:50,477 - INFO - 已点击登录按钮
2026-01-28 13:45:57,498 - INFO - 开始填写登录表单...
2026-01-28 13:45:57,559 - INFO - 用户名填写完成
2026-01-28 13:45:57,617 - INFO - 密码填写完成
2026-01-28 13:45:57,618 - INFO - 验证码图片已保存到 /home/runner/work/nju_electric_monitor/nju_electric_monitor/src/../data/captcha_debug.png
2026-01-28 13:45:57,618 - INFO - 验证码识别尝试 13/30
2026-01-28 13:45:57,618 - INFO - 开始识别验证码...（easyocr + pytesseract）
2026-01-28 13:45:57,722 - INFO - easyocr 结果: ['A(0.46)', 'Qx(0.89)']
2026-01-28 13:45:57,822 - INFO - tesseract 结果: AQox
2026-01-28 13:45:57,881 - INFO - easyocr alt1 结果: ['AQNX(0.13)']
2026-01-28 13:45:57,981 - INFO - tesseract alt1 结果: AOOX
2026-01-28 13:45:58,039 - INFO - easyocr alt2 结果: ['AQDX(0.24)']
2026-01-28 13:45:58,137 - INFO - tesseract alt2 结果: ENO54
2026-01-28 13:45:58,311 - INFO - easyocr alt3 结果: ['A(0.20)', 'Q(0.96)']
2026-01-28 13:45:58,410 - INFO - tesseract alt3 结果: 
2026-01-28 13:45:58,485 - INFO - easyocr alt4 结果: ['AQNX(0.06)']
2026-01-28 13:45:58,584 - INFO - tesseract alt4 结果: AX
2026-01-28 13:45:58,659 - INFO - easyocr alt5 结果: ['ARa(0.01)']
2026-01-28 13:45:58,759 - INFO - tesseract alt5 结果: AOOX
2026-01-28 13:45:58,759 - INFO - 最终验证码识别结果: AQox (engine=tesseract, prob=0.5)
2026-01-28 13:45:58,759 - INFO - 查找验证码输入框...
2026-01-28 13:45:58,817 - INFO - 验证码填写完成
2026-01-28 13:45:58,817 - INFO - 验证码填写完成，点击登录按钮...
2026-01-28 13:45:58,817 - INFO - 查找并点击登录按钮...
2026-01-28 13:45:58,872 - INFO - 已点击登录按钮
2026-01-28 13:46:05,893 - INFO - 开始填写登录表单...
2026-01-28 13:46:05,955 - INFO - 用户名填写完成
2026-01-28 13:46:06,015 - INFO - 密码填写完成
2026-01-28 13:46:06,015 - INFO - 验证码图片已保存到 /home/runner/work/nju_electric_monitor/nju_electric_monitor/src/../data/captcha_debug.png
2026-01-28 13:46:06,015 - INFO - 验证码识别尝试 14/30
2026-01-28 13:46:06,015 - INFO - 开始识别验证码...（easyocr + pytesseract）
2026-01-28 13:46:06,119 - INFO - easyocr 结果: ['A(0.46)', 'Qx(0.89)']
2026-01-28 13:46:06,217 - INFO - tesseract 结果: AQox
2026-01-28 13:46:06,276 - INFO - easyocr alt1 结果: ['AQNX(0.13)']
2026-01-28 13:46:06,375 - INFO - tesseract alt1 结果: AOOX
2026-01-28 13:46:06,433 - INFO - easyocr alt2 结果: ['AQDX(0.24)']
2026-01-28 13:46:06,531 - INFO - tesseract alt2 结果: ENO54
2026-01-28 13:46:06,705 - INFO - easyocr alt3 结果: ['A(0.20)', 'Q(0.96)']
2026-01-28 13:46:06,803 - INFO - tesseract alt3 结果: 
2026-01-28 13:46:06,879 - INFO - easyocr alt4 结果: ['AQNX(0.06)']
2026-01-28 13:46:06,978 - INFO - tesseract alt4 结果: AX
2026-01-28 13:46:07,054 - INFO - easyocr alt5 结果: ['ARa(0.01)']
2026-01-28 13:46:07,149 - INFO - tesseract alt5 结果: AOOX
2026-01-28 13:46:07,149 - INFO - 最终验证码识别结果: AQox (engine=tesseract, prob=0.5)
2026-01-28 13:46:07,149 - INFO - 查找验证码输入框...
2026-01-28 13:46:07,206 - INFO - 验证码填写完成
2026-01-28 13:46:07,207 - INFO - 验证码填写完成，点击登录按钮...
2026-01-28 13:46:07,207 - INFO - 查找并点击登录按钮...
2026-01-28 13:46:07,265 - INFO - 已点击登录按钮
2026-01-28 13:46:14,285 - INFO - 开始填写登录表单...
2026-01-28 13:46:14,344 - INFO - 用户名填写完成
2026-01-28 13:46:14,402 - INFO - 密码填写完成
2026-01-28 13:46:14,402 - INFO - 验证码图片已保存到 /home/runner/work/nju_electric_monitor/nju_electric_monitor/src/../data/captcha_debug.png
2026-01-28 13:46:14,402 - INFO - 验证码识别尝试 15/30
2026-01-28 13:46:14,403 - INFO - 开始识别验证码...（easyocr + pytesseract）
2026-01-28 13:46:14,516 - INFO - easyocr 结果: ['A(0.46)', 'Qx(0.89)']
2026-01-28 13:46:14,611 - INFO - tesseract 结果: AQox
2026-01-28 13:46:14,670 - INFO - easyocr alt1 结果: ['AQNX(0.13)']
2026-01-28 13:46:14,773 - INFO - tesseract alt1 结果: AOOX
2026-01-28 13:46:14,831 - INFO - easyocr alt2 结果: ['AQDX(0.24)']
2026-01-28 13:46:14,928 - INFO - tesseract alt2 结果: ENO54
2026-01-28 13:46:15,102 - INFO - easyocr alt3 结果: ['A(0.20)', 'Q(0.96)']
2026-01-28 13:46:15,200 - INFO - tesseract alt3 结果: 
2026-01-28 13:46:15,276 - INFO - easyocr alt4 结果: ['AQNX(0.06)']
2026-01-28 13:46:15,379 - INFO - tesseract alt4 结果: AX
2026-01-28 13:46:15,456 - INFO - easyocr alt5 结果: ['ARa(0.01)']
2026-01-28 13:46:15,549 - INFO - tesseract alt5 结果: AOOX
2026-01-28 13:46:15,550 - INFO - 最终验证码识别结果: AQox (engine=tesseract, prob=0.5)
2026-01-28 13:46:15,550 - INFO - 查找验证码输入框...
2026-01-28 13:46:15,605 - INFO - 验证码填写完成
2026-01-28 13:46:15,605 - INFO - 验证码填写完成，点击登录按钮...
2026-01-28 13:46:15,605 - INFO - 查找并点击登录按钮...
2026-01-28 13:46:15,660 - INFO - 已点击登录按钮
2026-01-28 13:46:22,680 - INFO - 开始填写登录表单...
2026-01-28 13:46:22,739 - INFO - 用户名填写完成
2026-01-28 13:46:22,795 - INFO - 密码填写完成
2026-01-28 13:46:22,796 - INFO - 验证码图片已保存到 /home/runner/work/nju_electric_monitor/nju_electric_monitor/src/../data/captcha_debug.png
2026-01-28 13:46:22,796 - INFO - 验证码识别尝试 16/30
2026-01-28 13:46:22,796 - INFO - 开始识别验证码...（easyocr + pytesseract）
2026-01-28 13:46:22,908 - INFO - easyocr 结果: ['A(0.46)', 'Qx(0.89)']
2026-01-28 13:46:23,003 - INFO - tesseract 结果: AQox
2026-01-28 13:46:23,062 - INFO - easyocr alt1 结果: ['AQNX(0.13)']
2026-01-28 13:46:23,161 - INFO - tesseract alt1 结果: AOOX
2026-01-28 13:46:23,219 - INFO - easyocr alt2 结果: ['AQDX(0.24)']
2026-01-28 13:46:23,318 - INFO - tesseract alt2 结果: ENO54
2026-01-28 13:46:23,491 - INFO - easyocr alt3 结果: ['A(0.20)', 'Q(0.96)']
2026-01-28 13:46:23,589 - INFO - tesseract alt3 结果: 
2026-01-28 13:46:23,664 - INFO - easyocr alt4 结果: ['AQNX(0.06)']
2026-01-28 13:46:23,762 - INFO - tesseract alt4 结果: AX
2026-01-28 13:46:23,838 - INFO - easyocr alt5 结果: ['ARa(0.01)']
2026-01-28 13:46:23,932 - INFO - tesseract alt5 结果: AOOX
2026-01-28 13:46:23,932 - INFO - 最终验证码识别结果: AQox (engine=tesseract, prob=0.5)
2026-01-28 13:46:23,933 - INFO - 查找验证码输入框...
2026-01-28 13:46:23,987 - INFO - 验证码填写完成
2026-01-28 13:46:23,987 - INFO - 验证码填写完成，点击登录按钮...
2026-01-28 13:46:23,987 - INFO - 查找并点击登录按钮...
2026-01-28 13:46:24,042 - INFO - 已点击登录按钮
2026-01-28 13:46:31,062 - INFO - 开始填写登录表单...
2026-01-28 13:46:31,120 - INFO - 用户名填写完成
2026-01-28 13:46:31,176 - INFO - 密码填写完成
2026-01-28 13:46:31,177 - INFO - 验证码图片已保存到 /home/runner/work/nju_electric_monitor/nju_electric_monitor/src/../data/captcha_debug.png
2026-01-28 13:46:31,177 - INFO - 验证码识别尝试 17/30
2026-01-28 13:46:31,177 - INFO - 开始识别验证码...（easyocr + pytesseract）
2026-01-28 13:46:31,281 - INFO - easyocr 结果: ['A(0.46)', 'Qx(0.89)']
2026-01-28 13:46:31,375 - INFO - tesseract 结果: AQox
2026-01-28 13:46:31,434 - INFO - easyocr alt1 结果: ['AQNX(0.13)']
2026-01-28 13:46:31,532 - INFO - tesseract alt1 结果: AOOX
2026-01-28 13:46:31,599 - INFO - easyocr alt2 结果: ['AQDX(0.24)']
2026-01-28 13:46:31,696 - INFO - tesseract alt2 结果: ENO54
2026-01-28 13:46:31,877 - INFO - easyocr alt3 结果: ['A(0.20)', 'Q(0.96)']
2026-01-28 13:46:31,984 - INFO - tesseract alt3 结果: 
2026-01-28 13:46:32,060 - INFO - easyocr alt4 结果: ['AQNX(0.06)']
2026-01-28 13:46:32,156 - INFO - tesseract alt4 结果: AX
2026-01-28 13:46:32,233 - INFO - easyocr alt5 结果: ['ARa(0.01)']
2026-01-28 13:46:32,328 - INFO - tesseract alt5 结果: AOOX
2026-01-28 13:46:32,328 - INFO - 最终验证码识别结果: AQox (engine=tesseract, prob=0.5)
2026-01-28 13:46:32,328 - INFO - 查找验证码输入框...
2026-01-28 13:46:32,384 - INFO - 验证码填写完成
2026-01-28 13:46:32,384 - INFO - 验证码填写完成，点击登录按钮...
2026-01-28 13:46:32,384 - INFO - 查找并点击登录按钮...
2026-01-28 13:46:32,766 - INFO - 已点击登录按钮
2026-01-28 13:46:39,785 - INFO - 开始填写登录表单...
2026-01-28 13:46:39,844 - INFO - 用户名填写完成
2026-01-28 13:46:39,901 - INFO - 密码填写完成
2026-01-28 13:46:39,901 - INFO - 验证码图片已保存到 /home/runner/work/nju_electric_monitor/nju_electric_monitor/src/../data/captcha_debug.png
2026-01-28 13:46:39,901 - INFO - 验证码识别尝试 18/30
2026-01-28 13:46:39,901 - INFO - 开始识别验证码...（easyocr + pytesseract）
2026-01-28 13:46:40,005 - INFO - easyocr 结果: ['A(0.46)', 'Qx(0.89)']
2026-01-28 13:46:40,099 - INFO - tesseract 结果: AQox
2026-01-28 13:46:40,158 - INFO - easyocr alt1 结果: ['AQNX(0.13)']
2026-01-28 13:46:40,254 - INFO - tesseract alt1 结果: AOOX
2026-01-28 13:46:40,312 - INFO - easyocr alt2 结果: ['AQDX(0.24)']
2026-01-28 13:46:40,408 - INFO - tesseract alt2 结果: ENO54
2026-01-28 13:46:40,595 - INFO - easyocr alt3 结果: ['A(0.20)', 'Q(0.96)']
2026-01-28 13:46:40,694 - INFO - tesseract alt3 结果: 
2026-01-28 13:46:40,769 - INFO - easyocr alt4 结果: ['AQNX(0.06)']
2026-01-28 13:46:40,865 - INFO - tesseract alt4 结果: AX
2026-01-28 13:46:40,940 - INFO - easyocr alt5 结果: ['ARa(0.01)']
2026-01-28 13:46:41,041 - INFO - tesseract alt5 结果: AOOX
2026-01-28 13:46:41,041 - INFO - 最终验证码识别结果: AQox (engine=tesseract, prob=0.5)
2026-01-28 13:46:41,041 - INFO - 查找验证码输入框...
2026-01-28 13:46:41,095 - INFO - 验证码填写完成
2026-01-28 13:46:41,095 - INFO - 验证码填写完成，点击登录按钮...
2026-01-28 13:46:41,095 - INFO - 查找并点击登录按钮...
2026-01-28 13:46:41,477 - INFO - 已点击登录按钮
2026-01-28 13:46:48,497 - INFO - 开始填写登录表单...
2026-01-28 13:46:48,555 - INFO - 用户名填写完成
2026-01-28 13:46:48,611 - INFO - 密码填写完成
2026-01-28 13:46:48,611 - INFO - 验证码图片已保存到 /home/runner/work/nju_electric_monitor/nju_electric_monitor/src/../data/captcha_debug.png
2026-01-28 13:46:48,611 - INFO - 验证码识别尝试 19/30
2026-01-28 13:46:48,611 - INFO - 开始识别验证码...（easyocr + pytesseract）
2026-01-28 13:46:48,729 - INFO - easyocr 结果: ['A(0.46)', 'Qx(0.89)']
2026-01-28 13:46:48,829 - INFO - tesseract 结果: AQox
2026-01-28 13:46:48,888 - INFO - easyocr alt1 结果: ['AQNX(0.13)']
2026-01-28 13:46:48,987 - INFO - tesseract alt1 结果: AOOX
2026-01-28 13:46:49,053 - INFO - easyocr alt2 结果: ['AQDX(0.24)']
2026-01-28 13:46:49,149 - INFO - tesseract alt2 结果: ENO54
2026-01-28 13:46:49,323 - INFO - easyocr alt3 结果: ['A(0.20)', 'Q(0.96)']
2026-01-28 13:46:49,425 - INFO - tesseract alt3 结果: 
2026-01-28 13:46:49,501 - INFO - easyocr alt4 结果: ['AQNX(0.06)']
2026-01-28 13:46:49,600 - INFO - tesseract alt4 结果: AX
2026-01-28 13:46:49,676 - INFO - easyocr alt5 结果: ['ARa(0.01)']
2026-01-28 13:46:49,774 - INFO - tesseract alt5 结果: AOOX
2026-01-28 13:46:49,774 - INFO - 最终验证码识别结果: AQox (engine=tesseract, prob=0.5)
2026-01-28 13:46:49,774 - INFO - 查找验证码输入框...
2026-01-28 13:46:49,828 - INFO - 验证码填写完成
2026-01-28 13:46:49,829 - INFO - 验证码填写完成，点击登录按钮...
2026-01-28 13:46:49,829 - INFO - 查找并点击登录按钮...
2026-01-28 13:46:50,199 - INFO - 已点击登录按钮
2026-01-28 13:46:57,218 - INFO - 开始填写登录表单...
2026-01-28 13:46:57,276 - INFO - 用户名填写完成
2026-01-28 13:46:57,333 - INFO - 密码填写完成
2026-01-28 13:46:57,334 - INFO - 验证码图片已保存到 /home/runner/work/nju_electric_monitor/nju_electric_monitor/src/../data/captcha_debug.png
2026-01-28 13:46:57,334 - INFO - 验证码识别尝试 20/30
2026-01-28 13:46:57,334 - INFO - 开始识别验证码...（easyocr + pytesseract）
2026-01-28 13:46:57,437 - INFO - easyocr 结果: ['A(0.46)', 'Qx(0.89)']
2026-01-28 13:46:57,531 - INFO - tesseract 结果: AQox
2026-01-28 13:46:57,590 - INFO - easyocr alt1 结果: ['AQNX(0.13)']
2026-01-28 13:46:57,686 - INFO - tesseract alt1 结果: AOOX
2026-01-28 13:46:57,744 - INFO - easyocr alt2 结果: ['AQDX(0.24)']
2026-01-28 13:46:57,840 - INFO - tesseract alt2 结果: ENO54
2026-01-28 13:46:58,014 - INFO - easyocr alt3 结果: ['A(0.20)', 'Q(0.96)']
2026-01-28 13:46:58,113 - INFO - tesseract alt3 结果: 
2026-01-28 13:46:58,188 - INFO - easyocr alt4 结果: ['AQNX(0.06)']
2026-01-28 13:46:58,286 - INFO - tesseract alt4 结果: AX
2026-01-28 13:46:58,361 - INFO - easyocr alt5 结果: ['ARa(0.01)']
2026-01-28 13:46:58,456 - INFO - tesseract alt5 结果: AOOX
2026-01-28 13:46:58,456 - INFO - 最终验证码识别结果: AQox (engine=tesseract, prob=0.5)
2026-01-28 13:46:58,456 - INFO - 查找验证码输入框...
2026-01-28 13:46:58,511 - INFO - 验证码填写完成
2026-01-28 13:46:58,511 - INFO - 验证码填写完成，点击登录按钮...
2026-01-28 13:46:58,511 - INFO - 查找并点击登录按钮...
2026-01-28 13:46:58,887 - INFO - 已点击登录按钮
2026-01-28 13:47:05,906 - INFO - 开始填写登录表单...
2026-01-28 13:47:05,964 - INFO - 用户名填写完成
2026-01-28 13:47:06,020 - INFO - 密码填写完成
2026-01-28 13:47:06,021 - INFO - 验证码图片已保存到 /home/runner/work/nju_electric_monitor/nju_electric_monitor/src/../data/captcha_debug.png
2026-01-28 13:47:06,021 - INFO - 验证码识别尝试 21/30
2026-01-28 13:47:06,021 - INFO - 开始识别验证码...（easyocr + pytesseract）
2026-01-28 13:47:06,124 - INFO - easyocr 结果: ['A(0.46)', 'Qx(0.89)']
2026-01-28 13:47:06,219 - INFO - tesseract 结果: AQox
2026-01-28 13:47:06,278 - INFO - easyocr alt1 结果: ['AQNX(0.13)']
2026-01-28 13:47:06,377 - INFO - tesseract alt1 结果: AOOX
2026-01-28 13:47:06,435 - INFO - easyocr alt2 结果: ['AQDX(0.24)']
2026-01-28 13:47:06,536 - INFO - tesseract alt2 结果: ENO54
2026-01-28 13:47:06,710 - INFO - easyocr alt3 结果: ['A(0.20)', 'Q(0.96)']
2026-01-28 13:47:06,806 - INFO - tesseract alt3 结果: 
2026-01-28 13:47:06,882 - INFO - easyocr alt4 结果: ['AQNX(0.06)']
2026-01-28 13:47:06,983 - INFO - tesseract alt4 结果: AX
2026-01-28 13:47:07,058 - INFO - easyocr alt5 结果: ['ARa(0.01)']
2026-01-28 13:47:07,151 - INFO - tesseract alt5 结果: AOOX
2026-01-28 13:47:07,151 - INFO - 最终验证码识别结果: AQox (engine=tesseract, prob=0.5)
2026-01-28 13:47:07,151 - INFO - 查找验证码输入框...
2026-01-28 13:47:07,205 - INFO - 验证码填写完成
2026-01-28 13:47:07,205 - INFO - 验证码填写完成，点击登录按钮...
2026-01-28 13:47:07,205 - INFO - 查找并点击登录按钮...
2026-01-28 13:47:07,260 - INFO - 已点击登录按钮
2026-01-28 13:47:14,280 - INFO - 开始填写登录表单...
2026-01-28 13:47:14,339 - INFO - 用户名填写完成
2026-01-28 13:47:14,396 - INFO - 密码填写完成
2026-01-28 13:47:14,397 - INFO - 验证码图片已保存到 /home/runner/work/nju_electric_monitor/nju_electric_monitor/src/../data/captcha_debug.png
2026-01-28 13:47:14,397 - INFO - 验证码识别尝试 22/30
2026-01-28 13:47:14,397 - INFO - 开始识别验证码...（easyocr + pytesseract）
2026-01-28 13:47:14,501 - INFO - easyocr 结果: ['A(0.46)', 'Qx(0.89)']
2026-01-28 13:47:14,597 - INFO - tesseract 结果: AQox
2026-01-28 13:47:14,655 - INFO - easyocr alt1 结果: ['AQNX(0.13)']
2026-01-28 13:47:14,750 - INFO - tesseract alt1 结果: AOOX
2026-01-28 13:47:14,808 - INFO - easyocr alt2 结果: ['AQDX(0.24)']
2026-01-28 13:47:14,904 - INFO - tesseract alt2 结果: ENO54
2026-01-28 13:47:15,078 - INFO - easyocr alt3 结果: ['A(0.20)', 'Q(0.96)']
2026-01-28 13:47:15,176 - INFO - tesseract alt3 结果: 
2026-01-28 13:47:15,252 - INFO - easyocr alt4 结果: ['AQNX(0.06)']
2026-01-28 13:47:15,354 - INFO - tesseract alt4 结果: AX
2026-01-28 13:47:15,430 - INFO - easyocr alt5 结果: ['ARa(0.01)']
2026-01-28 13:47:15,524 - INFO - tesseract alt5 结果: AOOX
2026-01-28 13:47:15,525 - INFO - 最终验证码识别结果: AQox (engine=tesseract, prob=0.5)
2026-01-28 13:47:15,525 - INFO - 查找验证码输入框...
2026-01-28 13:47:15,579 - INFO - 验证码填写完成
2026-01-28 13:47:15,580 - INFO - 验证码填写完成，点击登录按钮...
2026-01-28 13:47:15,580 - INFO - 查找并点击登录按钮...
2026-01-28 13:47:15,963 - INFO - 已点击登录按钮
2026-01-28 13:47:22,983 - INFO - 开始填写登录表单...
2026-01-28 13:47:23,042 - INFO - 用户名填写完成
2026-01-28 13:47:23,098 - INFO - 密码填写完成
2026-01-28 13:47:23,099 - INFO - 验证码图片已保存到 /home/runner/work/nju_electric_monitor/nju_electric_monitor/src/../data/captcha_debug.png
2026-01-28 13:47:23,099 - INFO - 验证码识别尝试 23/30
2026-01-28 13:47:23,099 - INFO - 开始识别验证码...（easyocr + pytesseract）
2026-01-28 13:47:23,202 - INFO - easyocr 结果: ['A(0.46)', 'Qx(0.89)']
2026-01-28 13:47:23,297 - INFO - tesseract 结果: AQox
2026-01-28 13:47:23,357 - INFO - easyocr alt1 结果: ['AQNX(0.13)']
2026-01-28 13:47:23,453 - INFO - tesseract alt1 结果: AOOX
2026-01-28 13:47:23,512 - INFO - easyocr alt2 结果: ['AQDX(0.24)']
2026-01-28 13:47:23,614 - INFO - tesseract alt2 结果: ENO54
2026-01-28 13:47:23,787 - INFO - easyocr alt3 结果: ['A(0.20)', 'Q(0.96)']
2026-01-28 13:47:23,885 - INFO - tesseract alt3 结果: 
2026-01-28 13:47:23,960 - INFO - easyocr alt4 结果: ['AQNX(0.06)']
2026-01-28 13:47:24,060 - INFO - tesseract alt4 结果: AX
2026-01-28 13:47:24,136 - INFO - easyocr alt5 结果: ['ARa(0.01)']
2026-01-28 13:47:24,231 - INFO - tesseract alt5 结果: AOOX
2026-01-28 13:47:24,231 - INFO - 最终验证码识别结果: AQox (engine=tesseract, prob=0.5)
2026-01-28 13:47:24,231 - INFO - 查找验证码输入框...
2026-01-28 13:47:24,286 - INFO - 验证码填写完成
2026-01-28 13:47:24,286 - INFO - 验证码填写完成，点击登录按钮...
2026-01-28 13:47:24,286 - INFO - 查找并点击登录按钮...
2026-01-28 13:47:24,341 - INFO - 已点击登录按钮
2026-01-28 13:47:31,360 - INFO - 开始填写登录表单...
2026-01-28 13:47:31,420 - INFO - 用户名填写完成
2026-01-28 13:47:31,476 - INFO - 密码填写完成
2026-01-28 13:47:31,477 - INFO - 验证码图片已保存到 /home/runner/work/nju_electric_monitor/nju_electric_monitor/src/../data/captcha_debug.png
2026-01-28 13:47:31,477 - INFO - 验证码识别尝试 24/30
2026-01-28 13:47:31,477 - INFO - 开始识别验证码...（easyocr + pytesseract）
2026-01-28 13:47:31,581 - INFO - easyocr 结果: ['A(0.46)', 'Qx(0.89)']
2026-01-28 13:47:31,677 - INFO - tesseract 结果: AQox
2026-01-28 13:47:31,736 - INFO - easyocr alt1 结果: ['AQNX(0.13)']
2026-01-28 13:47:31,835 - INFO - tesseract alt1 结果: AOOX
2026-01-28 13:47:31,893 - INFO - easyocr alt2 结果: ['AQDX(0.24)']
2026-01-28 13:47:31,992 - INFO - tesseract alt2 结果: ENO54
2026-01-28 13:47:32,165 - INFO - easyocr alt3 结果: ['A(0.20)', 'Q(0.96)']
2026-01-28 13:47:32,267 - INFO - tesseract alt3 结果: 
2026-01-28 13:47:32,343 - INFO - easyocr alt4 结果: ['AQNX(0.06)']
2026-01-28 13:47:32,445 - INFO - tesseract alt4 结果: AX
2026-01-28 13:47:32,522 - INFO - easyocr alt5 结果: ['ARa(0.01)']
2026-01-28 13:47:32,616 - INFO - tesseract alt5 结果: AOOX
2026-01-28 13:47:32,616 - INFO - 最终验证码识别结果: AQox (engine=tesseract, prob=0.5)
2026-01-28 13:47:32,617 - INFO - 查找验证码输入框...
2026-01-28 13:47:32,671 - INFO - 验证码填写完成
2026-01-28 13:47:32,671 - INFO - 验证码填写完成，点击登录按钮...
2026-01-28 13:47:32,671 - INFO - 查找并点击登录按钮...
2026-01-28 13:47:32,726 - INFO - 已点击登录按钮
2026-01-28 13:47:39,747 - INFO - 开始填写登录表单...
2026-01-28 13:47:39,805 - INFO - 用户名填写完成
2026-01-28 13:47:39,861 - INFO - 密码填写完成
2026-01-28 13:47:39,862 - INFO - 验证码图片已保存到 /home/runner/work/nju_electric_monitor/nju_electric_monitor/src/../data/captcha_debug.png
2026-01-28 13:47:39,862 - INFO - 验证码识别尝试 25/30
2026-01-28 13:47:39,862 - INFO - 开始识别验证码...（easyocr + pytesseract）
2026-01-28 13:47:39,971 - INFO - easyocr 结果: ['A(0.46)', 'Qx(0.89)']
2026-01-28 13:47:40,067 - INFO - tesseract 结果: AQox
2026-01-28 13:47:40,125 - INFO - easyocr alt1 结果: ['AQNX(0.13)']
2026-01-28 13:47:40,223 - INFO - tesseract alt1 结果: AOOX
2026-01-28 13:47:40,281 - INFO - easyocr alt2 结果: ['AQDX(0.24)']
2026-01-28 13:47:40,381 - INFO - tesseract alt2 结果: ENO54
2026-01-28 13:47:40,555 - INFO - easyocr alt3 结果: ['A(0.20)', 'Q(0.96)']
2026-01-28 13:47:40,659 - INFO - tesseract alt3 结果: 
2026-01-28 13:47:40,736 - INFO - easyocr alt4 结果: ['AQNX(0.06)']
2026-01-28 13:47:40,834 - INFO - tesseract alt4 结果: AX
2026-01-28 13:47:40,911 - INFO - easyocr alt5 结果: ['ARa(0.01)']
2026-01-28 13:47:41,006 - INFO - tesseract alt5 结果: AOOX
2026-01-28 13:47:41,006 - INFO - 最终验证码识别结果: AQox (engine=tesseract, prob=0.5)
2026-01-28 13:47:41,007 - INFO - 查找验证码输入框...
2026-01-28 13:47:41,062 - INFO - 验证码填写完成
2026-01-28 13:47:41,062 - INFO - 验证码填写完成，点击登录按钮...
2026-01-28 13:47:41,062 - INFO - 查找并点击登录按钮...
2026-01-28 13:47:41,454 - INFO - 已点击登录按钮
2026-01-28 13:47:48,473 - INFO - 开始填写登录表单...
2026-01-28 13:47:48,532 - INFO - 用户名填写完成
2026-01-28 13:47:48,588 - INFO - 密码填写完成
2026-01-28 13:47:48,588 - INFO - 验证码图片已保存到 /home/runner/work/nju_electric_monitor/nju_electric_monitor/src/../data/captcha_debug.png
2026-01-28 13:47:48,588 - INFO - 验证码识别尝试 26/30
2026-01-28 13:47:48,589 - INFO - 开始识别验证码...（easyocr + pytesseract）
2026-01-28 13:47:48,692 - INFO - easyocr 结果: ['A(0.46)', 'Qx(0.89)']
2026-01-28 13:47:48,793 - INFO - tesseract 结果: AQox
2026-01-28 13:47:48,859 - INFO - easyocr alt1 结果: ['AQNX(0.13)']
2026-01-28 13:47:48,957 - INFO - tesseract alt1 结果: AOOX
2026-01-28 13:47:49,015 - INFO - easyocr alt2 结果: ['AQDX(0.24)']
2026-01-28 13:47:49,112 - INFO - tesseract alt2 结果: ENO54
2026-01-28 13:47:49,286 - INFO - easyocr alt3 结果: ['A(0.20)', 'Q(0.96)']
2026-01-28 13:47:49,385 - INFO - tesseract alt3 结果: 
2026-01-28 13:47:49,461 - INFO - easyocr alt4 结果: ['AQNX(0.06)']
2026-01-28 13:47:49,557 - INFO - tesseract alt4 结果: AX
2026-01-28 13:47:49,634 - INFO - easyocr alt5 结果: ['ARa(0.01)']
2026-01-28 13:47:49,728 - INFO - tesseract alt5 结果: AOOX
2026-01-28 13:47:49,728 - INFO - 最终验证码识别结果: AQox (engine=tesseract, prob=0.5)
2026-01-28 13:47:49,728 - INFO - 查找验证码输入框...
2026-01-28 13:47:49,784 - INFO - 验证码填写完成
2026-01-28 13:47:49,785 - INFO - 验证码填写完成，点击登录按钮...
2026-01-28 13:47:49,785 - INFO - 查找并点击登录按钮...
2026-01-28 13:47:49,840 - INFO - 已点击登录按钮
2026-01-28 13:47:56,859 - INFO - 开始填写登录表单...
2026-01-28 13:47:56,918 - INFO - 用户名填写完成
2026-01-28 13:47:56,974 - INFO - 密码填写完成
2026-01-28 13:47:56,975 - INFO - 验证码图片已保存到 /home/runner/work/nju_electric_monitor/nju_electric_monitor/src/../data/captcha_debug.png
2026-01-28 13:47:56,975 - INFO - 验证码识别尝试 27/30
2026-01-28 13:47:56,975 - INFO - 开始识别验证码...（easyocr + pytesseract）
2026-01-28 13:47:57,079 - INFO - easyocr 结果: ['A(0.46)', 'Qx(0.89)']
2026-01-28 13:47:57,175 - INFO - tesseract 结果: AQox
2026-01-28 13:47:57,234 - INFO - easyocr alt1 结果: ['AQNX(0.13)']
2026-01-28 13:47:57,333 - INFO - tesseract alt1 结果: AOOX
2026-01-28 13:47:57,401 - INFO - easyocr alt2 结果: ['AQDX(0.24)']
2026-01-28 13:47:57,500 - INFO - tesseract alt2 结果: ENO54
2026-01-28 13:47:57,675 - INFO - easyocr alt3 结果: ['A(0.20)', 'Q(0.96)']
2026-01-28 13:47:57,774 - INFO - tesseract alt3 结果: 
2026-01-28 13:47:57,850 - INFO - easyocr alt4 结果: ['AQNX(0.06)']
2026-01-28 13:47:57,947 - INFO - tesseract alt4 结果: AX
2026-01-28 13:47:58,023 - INFO - easyocr alt5 结果: ['ARa(0.01)']
2026-01-28 13:47:58,118 - INFO - tesseract alt5 结果: AOOX
2026-01-28 13:47:58,118 - INFO - 最终验证码识别结果: AQox (engine=tesseract, prob=0.5)
2026-01-28 13:47:58,118 - INFO - 查找验证码输入框...
2026-01-28 13:47:58,173 - INFO - 验证码填写完成
2026-01-28 13:47:58,173 - INFO - 验证码填写完成，点击登录按钮...
2026-01-28 13:47:58,173 - INFO - 查找并点击登录按钮...
2026-01-28 13:47:58,565 - INFO - 已点击登录按钮
2026-01-28 13:48:05,585 - INFO - 开始填写登录表单...
2026-01-28 13:48:05,643 - INFO - 用户名填写完成
2026-01-28 13:48:05,700 - INFO - 密码填写完成
2026-01-28 13:48:05,700 - INFO - 验证码图片已保存到 /home/runner/work/nju_electric_monitor/nju_electric_monitor/src/../data/captcha_debug.png
2026-01-28 13:48:05,700 - INFO - 验证码识别尝试 28/30
2026-01-28 13:48:05,700 - INFO - 开始识别验证码...（easyocr + pytesseract）
2026-01-28 13:48:05,804 - INFO - easyocr 结果: ['A(0.46)', 'Qx(0.89)']
2026-01-28 13:48:05,900 - INFO - tesseract 结果: AQox
2026-01-28 13:48:05,959 - INFO - easyocr alt1 结果: ['AQNX(0.13)']
2026-01-28 13:48:06,055 - INFO - tesseract alt1 结果: AOOX
2026-01-28 13:48:06,113 - INFO - easyocr alt2 结果: ['AQDX(0.24)']
2026-01-28 13:48:06,213 - INFO - tesseract alt2 结果: ENO54
2026-01-28 13:48:06,386 - INFO - easyocr alt3 结果: ['A(0.20)', 'Q(0.96)']
2026-01-28 13:48:06,485 - INFO - tesseract alt3 结果: 
2026-01-28 13:48:06,561 - INFO - easyocr alt4 结果: ['AQNX(0.06)']
2026-01-28 13:48:06,657 - INFO - tesseract alt4 结果: AX
2026-01-28 13:48:06,733 - INFO - easyocr alt5 结果: ['ARa(0.01)']
2026-01-28 13:48:06,828 - INFO - tesseract alt5 结果: AOOX
2026-01-28 13:48:06,828 - INFO - 最终验证码识别结果: AQox (engine=tesseract, prob=0.5)
2026-01-28 13:48:06,828 - INFO - 查找验证码输入框...
2026-01-28 13:48:06,883 - INFO - 验证码填写完成
2026-01-28 13:48:06,883 - INFO - 验证码填写完成，点击登录按钮...
2026-01-28 13:48:06,883 - INFO - 查找并点击登录按钮...
2026-01-28 13:48:06,938 - INFO - 已点击登录按钮
2026-01-28 13:48:13,957 - INFO - 开始填写登录表单...
2026-01-28 13:48:14,016 - INFO - 用户名填写完成
2026-01-28 13:48:14,073 - INFO - 密码填写完成
2026-01-28 13:48:14,073 - INFO - 验证码图片已保存到 /home/runner/work/nju_electric_monitor/nju_electric_monitor/src/../data/captcha_debug.png
2026-01-28 13:48:14,073 - INFO - 验证码识别尝试 29/30
2026-01-28 13:48:14,073 - INFO - 开始识别验证码...（easyocr + pytesseract）
2026-01-28 13:48:14,176 - INFO - easyocr 结果: ['A(0.46)', 'Qx(0.89)']
2026-01-28 13:48:14,273 - INFO - tesseract 结果: AQox
2026-01-28 13:48:14,332 - INFO - easyocr alt1 结果: ['AQNX(0.13)']
2026-01-28 13:48:14,431 - INFO - tesseract alt1 结果: AOOX
2026-01-28 13:48:14,489 - INFO - easyocr alt2 结果: ['AQDX(0.24)']
2026-01-28 13:48:14,587 - INFO - tesseract alt2 结果: ENO54
2026-01-28 13:48:14,761 - INFO - easyocr alt3 结果: ['A(0.20)', 'Q(0.96)']
2026-01-28 13:48:14,859 - INFO - tesseract alt3 结果: 
2026-01-28 13:48:14,934 - INFO - easyocr alt4 结果: ['AQNX(0.06)']
2026-01-28 13:48:15,033 - INFO - tesseract alt4 结果: AX
2026-01-28 13:48:15,108 - INFO - easyocr alt5 结果: ['ARa(0.01)']
2026-01-28 13:48:15,204 - INFO - tesseract alt5 结果: AOOX
2026-01-28 13:48:15,204 - INFO - 最终验证码识别结果: AQox (engine=tesseract, prob=0.5)
2026-01-28 13:48:15,204 - INFO - 查找验证码输入框...
2026-01-28 13:48:15,259 - INFO - 验证码填写完成
2026-01-28 13:48:15,259 - INFO - 验证码填写完成，点击登录按钮...
2026-01-28 13:48:15,259 - INFO - 查找并点击登录按钮...
2026-01-28 13:48:15,643 - INFO - 已点击登录按钮
2026-01-28 13:48:22,662 - INFO - 开始填写登录表单...
2026-01-28 13:48:22,721 - INFO - 用户名填写完成
2026-01-28 13:48:22,777 - INFO - 密码填写完成
2026-01-28 13:48:22,777 - INFO - 验证码图片已保存到 /home/runner/work/nju_electric_monitor/nju_electric_monitor/src/../data/captcha_debug.png
2026-01-28 13:48:22,777 - INFO - 验证码识别尝试 30/30
2026-01-28 13:48:22,777 - INFO - 开始识别验证码...（easyocr + pytesseract）
2026-01-28 13:48:22,880 - INFO - easyocr 结果: ['A(0.46)', 'Qx(0.89)']
2026-01-28 13:48:22,976 - INFO - tesseract 结果: AQox
2026-01-28 13:48:23,036 - INFO - easyocr alt1 结果: ['AQNX(0.13)']
2026-01-28 13:48:23,132 - INFO - tesseract alt1 结果: AOOX
2026-01-28 13:48:23,190 - INFO - easyocr alt2 结果: ['AQDX(0.24)']
2026-01-28 13:48:23,287 - INFO - tesseract alt2 结果: ENO54
2026-01-28 13:48:23,460 - INFO - easyocr alt3 结果: ['A(0.20)', 'Q(0.96)']
2026-01-28 13:48:23,559 - INFO - tesseract alt3 结果: 
2026-01-28 13:48:23,634 - INFO - easyocr alt4 结果: ['AQNX(0.06)']
2026-01-28 13:48:23,733 - INFO - tesseract alt4 结果: AX
2026-01-28 13:48:23,808 - INFO - easyocr alt5 结果: ['ARa(0.01)']
2026-01-28 13:48:23,906 - INFO - tesseract alt5 结果: AOOX
2026-01-28 13:48:23,906 - INFO - 最终验证码识别结果: AQox (engine=tesseract, prob=0.5)
2026-01-28 13:48:23,906 - INFO - 查找验证码输入框...
2026-01-28 13:48:23,962 - INFO - 验证码填写完成
2026-01-28 13:48:23,962 - INFO - 验证码填写完成，点击登录按钮...
2026-01-28 13:48:23,962 - INFO - 查找并点击登录按钮...
2026-01-28 13:48:24,329 - INFO - 已点击登录按钮
2026-01-28 13:48:31,348 - WARNING - 自动验证码识别失败，请手动输入
请手动输入验证码: 2026-01-28 13:48:31,348 - ERROR - 处理验证码时出错: EOF when reading a line
2026-01-28 13:48:31,348 - WARNING - 验证码处理失败，但继续尝试登录
2026-01-28 13:48:31,348 - INFO - 查找并点击登录按钮...
2026-01-28 13:48:31,403 - INFO - 已点击登录按钮
2026-01-28 13:48:36,403 - INFO - 等待登录成功...
2026-01-28 13:48:41,408 - INFO - 登录可能成功，继续下一步...
2026-01-28 13:48:41,408 - INFO - 查找'去充值'按钮...
2026-01-28 13:48:41,470 - INFO - 已点击充值按钮
2026-01-28 13:48:44,470 - INFO - 开始提取剩余电量信息...
2026-01-28 13:48:44,474 - INFO - 页面源码已保存到 /home/runner/work/nju_electric_monitor/nju_electric_monitor/src/../data/debug_page_source.html
2026-01-28 13:48:44,483 - WARNING - 未找到电量信息元素，尝试其他方法...
2026-01-28 13:48:44,491 - WARNING - 未找到i标签中的电量信息，尝试其他方法...
2026-01-28 13:48:44,494 - INFO - 在页面源码中查找电量信息...
2026-01-28 13:48:44,505 - WARNING - 未能提取到剩余电量信息
2026-01-28 13:48:44,505 - WARNING - 没有电量数据可保存
2026-01-28 13:48:44,505 - INFO - 监控流程完成
Wrapper end: 2026-01-28T21:48:44.612560+08:00
