Wrapper start: 2025-12-03T10:34:06.619354+08:00

=== ENVIRONMENT SUMMARY ===
Environment variable keys (count=118):
- ACCEPT_EULA
- ACTIONS_RUNNER_ACTION_ARCHIVE_CACHE
- AGENT_TOOLSDIRECTORY
- ANDROID_HOME
- ANDROID_NDK
- ANDROID_NDK_HOME
- ANDROID_NDK_LATEST_HOME
- ANDROID_NDK_ROOT
- ANDROID_SDK_ROOT
- ANT_HOME
NJU_USERNAME set: yes
NJU_PASSWORD set: yes

=== DISK USAGE (df -h) ===
Filesystem      Size  Used Avail Use% Mounted on
/dev/root        72G   67G  5.2G  93% /
tmpfs           7.9G   84K  7.9G   1% /dev/shm
tmpfs           3.2G  3.3M  3.2G   1% /run
tmpfs           5.0M     0  5.0M   0% /run/lock
/dev/sdb16      881M   62M  758M   8% /boot
/dev/sdb15      105M  6.2M   99M   6% /boot/efi
/dev/sda1        74G  4.1G   66G   6% /mnt
tmpfs           1.6G   12K  1.6G   1% /run/user/1001


=== KEY DIR SIZES ===
3.3M	/home/runner/work/nju_electric_monitor/nju_electric_monitor/src/../logs

268K	/home/runner/work/nju_electric_monitor/nju_electric_monitor/src/../data

101M	/home/runner/work/nju_electric_monitor/nju_electric_monitor/src/../models


=== CONFIG_WORKFLOW SUMMARY ===
{
  "username": "",
  "password": "",
  "auto_login": true,
  "headless_mode": true,
  "captcha_retry_count": 30,
  "captcha_confidence_threshold": 0.3,
  "save_captcha_images": true,
  "log_level": "INFO"
}

=== FONT DIAGNOSTICS ===
Found system fonts (ttf) count: 59
- /usr/share/fonts/truetype/lato/Lato-Black.ttf
- /usr/share/fonts/truetype/dejavu/DejaVuSansCondensed-Oblique.ttf
- /usr/share/fonts/truetype/dejavu/DejaVuSerifCondensed.ttf
- /usr/share/fonts/opentype/noto/NotoSerifCJK-Regular.ttc
- /usr/share/fonts/truetype/dejavu/DejaVuSansCondensed.ttf
- /usr/share/fonts/truetype/dejavu/DejaVuMathTeXGyre.ttf
- /usr/share/fonts/truetype/wqy/wqy-microhei.ttc
- /usr/share/fonts/truetype/lato/Lato-HairlineItalic.ttf
- /usr/share/fonts/truetype/dejavu/DejaVuSerif.ttf
- /usr/share/fonts/truetype/dejavu/DejaVuSans.ttf
- /usr/share/fonts/truetype/noto/NotoColorEmoji.ttf
- /usr/share/fonts/truetype/dejavu/DejaVuSans-Bold.ttf
- /usr/share/fonts/truetype/lato/Lato-Bold.ttf
- /usr/share/fonts/truetype/liberation/LiberationSerif-Italic.ttf
- /usr/share/fonts/truetype/lato/Lato-Hairline.ttf
- /usr/share/fonts/truetype/dejavu/DejaVuSansMono-BoldOblique.ttf
- /usr/share/fonts/truetype/lato/Lato-LightItalic.ttf
- /usr/share/fonts/truetype/lato/Lato-Italic.ttf
- /usr/share/fonts/truetype/dejavu/DejaVuSerif-BoldItalic.ttf
- /usr/share/fonts/truetype/lato/Lato-HeavyItalic.ttf
- /usr/share/fonts/truetype/lato/Lato-BoldItalic.ttf
- /usr/share/fonts/truetype/liberation/LiberationMono-Italic.ttf
- /usr/share/fonts/truetype/dejavu/DejaVuSerif-Italic.ttf
- /usr/share/fonts/truetype/lato/Lato-Medium.ttf
- /usr/share/fonts/truetype/liberation/LiberationMono-BoldItalic.ttf
- /usr/share/fonts/truetype/liberation/LiberationSans-BoldItalic.ttf
- /usr/share/fonts/truetype/liberation/LiberationSerif-Bold.ttf
- /usr/share/fonts/truetype/dejavu/DejaVuSerif-Bold.ttf
- /usr/share/fonts/truetype/lato/Lato-Semibold.ttf
- /usr/share/fonts/opentype/noto/NotoSansCJK-Regular.ttc
- /usr/share/fonts/truetype/dejavu/DejaVuSerifCondensed-Italic.ttf
- /usr/share/fonts/truetype/lato/Lato-Regular.ttf
- /usr/share/fonts/truetype/dejavu/DejaVuSans-ExtraLight.ttf
- /usr/share/fonts/truetype/lato/Lato-ThinItalic.ttf
- /usr/share/fonts/truetype/liberation/LiberationSerif-BoldItalic.ttf
- /usr/share/fonts/truetype/lato/Lato-BlackItalic.ttf
- /usr/share/fonts/truetype/lato/Lato-Light.ttf
- /usr/share/fonts/truetype/dejavu/DejaVuSerifCondensed-BoldItalic.ttf
- /usr/share/fonts/truetype/dejavu/DejaVuSansMono-Bold.ttf
- /usr/share/fonts/truetype/dejavu/DejaVuSansMono-Oblique.ttf
- /usr/share/fonts/truetype/wqy/wqy-zenhei.ttc
- /usr/share/fonts/truetype/liberation/LiberationMono-Regular.ttf
- /usr/share/fonts/truetype/dejavu/DejaVuSans-BoldOblique.ttf
- /usr/share/fonts/truetype/liberation/LiberationSerif-Regular.ttf
- /usr/share/fonts/truetype/liberation/LiberationSans-Regular.ttf
- /usr/share/fonts/truetype/lato/Lato-MediumItalic.ttf
- /usr/share/fonts/truetype/dejavu/DejaVuSansMono.ttf
- /usr/share/fonts/truetype/dejavu/DejaVuSansCondensed-BoldOblique.ttf
- /usr/share/fonts/truetype/liberation/LiberationSans-Bold.ttf
- /usr/share/fonts/opentype/noto/NotoSansCJK-Bold.ttc

FontManager samples (name -> path):
cmb10 -> /opt/hostedtoolcache/Python/3.14.0/x64/lib/python3.14/site-packages/matplotlib/mpl-data/fonts/ttf/cmb10.ttf
STIXNonUnicode -> /opt/hostedtoolcache/Python/3.14.0/x64/lib/python3.14/site-packages/matplotlib/mpl-data/fonts/ttf/STIXNonUniBol.ttf
DejaVu Sans -> /opt/hostedtoolcache/Python/3.14.0/x64/lib/python3.14/site-packages/matplotlib/mpl-data/fonts/ttf/DejaVuSans.ttf
STIXGeneral -> /opt/hostedtoolcache/Python/3.14.0/x64/lib/python3.14/site-packages/matplotlib/mpl-data/fonts/ttf/STIXGeneralItalic.ttf
cmtt10 -> /opt/hostedtoolcache/Python/3.14.0/x64/lib/python3.14/site-packages/matplotlib/mpl-data/fonts/ttf/cmtt10.ttf
STIXNonUnicode -> /opt/hostedtoolcache/Python/3.14.0/x64/lib/python3.14/site-packages/matplotlib/mpl-data/fonts/ttf/STIXNonUniIta.ttf
DejaVu Serif Display -> /opt/hostedtoolcache/Python/3.14.0/x64/lib/python3.14/site-packages/matplotlib/mpl-data/fonts/ttf/DejaVuSerifDisplay.ttf
DejaVu Sans Mono -> /opt/hostedtoolcache/Python/3.14.0/x64/lib/python3.14/site-packages/matplotlib/mpl-data/fonts/ttf/DejaVuSansMono-BoldOblique.ttf
DejaVu Serif -> /opt/hostedtoolcache/Python/3.14.0/x64/lib/python3.14/site-packages/matplotlib/mpl-data/fonts/ttf/DejaVuSerif-Italic.ttf
DejaVu Sans -> /opt/hostedtoolcache/Python/3.14.0/x64/lib/python3.14/site-packages/matplotlib/mpl-data/fonts/ttf/DejaVuSans-Bold.ttf
STIXSizeFiveSym -> /opt/hostedtoolcache/Python/3.14.0/x64/lib/python3.14/site-packages/matplotlib/mpl-data/fonts/ttf/STIXSizFiveSymReg.ttf
STIXSizeThreeSym -> /opt/hostedtoolcache/Python/3.14.0/x64/lib/python3.14/site-packages/matplotlib/mpl-data/fonts/ttf/STIXSizThreeSymBol.ttf
DejaVu Serif -> /opt/hostedtoolcache/Python/3.14.0/x64/lib/python3.14/site-packages/matplotlib/mpl-data/fonts/ttf/DejaVuSerif-BoldItalic.ttf
cmr10 -> /opt/hostedtoolcache/Python/3.14.0/x64/lib/python3.14/site-packages/matplotlib/mpl-data/fonts/ttf/cmr10.ttf
STIXSizeThreeSym -> /opt/hostedtoolcache/Python/3.14.0/x64/lib/python3.14/site-packages/matplotlib/mpl-data/fonts/ttf/STIXSizThreeSymReg.ttf
DejaVu Sans -> /opt/hostedtoolcache/Python/3.14.0/x64/lib/python3.14/site-packages/matplotlib/mpl-data/fonts/ttf/DejaVuSans-Oblique.ttf
STIXSizeOneSym -> /opt/hostedtoolcache/Python/3.14.0/x64/lib/python3.14/site-packages/matplotlib/mpl-data/fonts/ttf/STIXSizOneSymReg.ttf
DejaVu Sans Mono -> /opt/hostedtoolcache/Python/3.14.0/x64/lib/python3.14/site-packages/matplotlib/mpl-data/fonts/ttf/DejaVuSansMono-Bold.ttf
cmex10 -> /opt/hostedtoolcache/Python/3.14.0/x64/lib/python3.14/site-packages/matplotlib/mpl-data/fonts/ttf/cmex10.ttf
STIXNonUnicode -> /opt/hostedtoolcache/Python/3.14.0/x64/lib/python3.14/site-packages/matplotlib/mpl-data/fonts/ttf/STIXNonUni.ttf
cmss10 -> /opt/hostedtoolcache/Python/3.14.0/x64/lib/python3.14/site-packages/matplotlib/mpl-data/fonts/ttf/cmss10.ttf
DejaVu Sans Mono -> /opt/hostedtoolcache/Python/3.14.0/x64/lib/python3.14/site-packages/matplotlib/mpl-data/fonts/ttf/DejaVuSansMono.ttf
DejaVu Sans Mono -> /opt/hostedtoolcache/Python/3.14.0/x64/lib/python3.14/site-packages/matplotlib/mpl-data/fonts/ttf/DejaVuSansMono-Oblique.ttf
STIXNonUnicode -> /opt/hostedtoolcache/Python/3.14.0/x64/lib/python3.14/site-packages/matplotlib/mpl-data/fonts/ttf/STIXNonUniBolIta.ttf
STIXSizeTwoSym -> /opt/hostedtoolcache/Python/3.14.0/x64/lib/python3.14/site-packages/matplotlib/mpl-data/fonts/ttf/STIXSizTwoSymReg.ttf
STIXSizeOneSym -> /opt/hostedtoolcache/Python/3.14.0/x64/lib/python3.14/site-packages/matplotlib/mpl-data/fonts/ttf/STIXSizOneSymBol.ttf
STIXGeneral -> /opt/hostedtoolcache/Python/3.14.0/x64/lib/python3.14/site-packages/matplotlib/mpl-data/fonts/ttf/STIXGeneral.ttf
STIXGeneral -> /opt/hostedtoolcache/Python/3.14.0/x64/lib/python3.14/site-packages/matplotlib/mpl-data/fonts/ttf/STIXGeneralBol.ttf
STIXSizeTwoSym -> /opt/hostedtoolcache/Python/3.14.0/x64/lib/python3.14/site-packages/matplotlib/mpl-data/fonts/ttf/STIXSizTwoSymBol.ttf
STIXSizeFourSym -> /opt/hostedtoolcache/Python/3.14.0/x64/lib/python3.14/site-packages/matplotlib/mpl-data/fonts/ttf/STIXSizFourSymReg.ttf
STIXSizeFourSym -> /opt/hostedtoolcache/Python/3.14.0/x64/lib/python3.14/site-packages/matplotlib/mpl-data/fonts/ttf/STIXSizFourSymBol.ttf
DejaVu Sans -> /opt/hostedtoolcache/Python/3.14.0/x64/lib/python3.14/site-packages/matplotlib/mpl-data/fonts/ttf/DejaVuSans-BoldOblique.ttf
DejaVu Serif -> /opt/hostedtoolcache/Python/3.14.0/x64/lib/python3.14/site-packages/matplotlib/mpl-data/fonts/ttf/DejaVuSerif-Bold.ttf
cmmi10 -> /opt/hostedtoolcache/Python/3.14.0/x64/lib/python3.14/site-packages/matplotlib/mpl-data/fonts/ttf/cmmi10.ttf
DejaVu Sans Display -> /opt/hostedtoolcache/Python/3.14.0/x64/lib/python3.14/site-packages/matplotlib/mpl-data/fonts/ttf/DejaVuSansDisplay.ttf
DejaVu Serif -> /opt/hostedtoolcache/Python/3.14.0/x64/lib/python3.14/site-packages/matplotlib/mpl-data/fonts/ttf/DejaVuSerif.ttf
STIXGeneral -> /opt/hostedtoolcache/Python/3.14.0/x64/lib/python3.14/site-packages/matplotlib/mpl-data/fonts/ttf/STIXGeneralBolIta.ttf
cmsy10 -> /opt/hostedtoolcache/Python/3.14.0/x64/lib/python3.14/site-packages/matplotlib/mpl-data/fonts/ttf/cmsy10.ttf
Lato -> /usr/share/fonts/truetype/lato/Lato-Black.ttf
DejaVu Sans -> /usr/share/fonts/truetype/dejavu/DejaVuSansCondensed-Oblique.ttf
DejaVu Serif -> /usr/share/fonts/truetype/dejavu/DejaVuSerifCondensed.ttf
Noto Serif CJK JP -> /usr/share/fonts/opentype/noto/NotoSerifCJK-Regular.ttc
DejaVu Sans -> /usr/share/fonts/truetype/dejavu/DejaVuSansCondensed.ttf
DejaVu Math TeX Gyre -> /usr/share/fonts/truetype/dejavu/DejaVuMathTeXGyre.ttf
WenQuanYi Micro Hei -> /usr/share/fonts/truetype/wqy/wqy-microhei.ttc
Lato -> /usr/share/fonts/truetype/lato/Lato-HairlineItalic.ttf
DejaVu Serif -> /usr/share/fonts/truetype/dejavu/DejaVuSerif.ttf
DejaVu Sans -> /usr/share/fonts/truetype/dejavu/DejaVuSans.ttf
DejaVu Sans -> /usr/share/fonts/truetype/dejavu/DejaVuSans-Bold.ttf
Lato -> /usr/share/fonts/truetype/lato/Lato-Bold.ttf

Preferred font find results:
findfont('Microsoft YaHei') failed: Failed to find font Microsoft YaHei:style=normal:variant=normal:weight=normal:stretch=normal:size=10.0, and fallback to the default font was disabled
findfont('Segoe UI') failed: Failed to find font Segoe UI:style=normal:variant=normal:weight=normal:stretch=normal:size=10.0, and fallback to the default font was disabled
findfont('Arial Unicode MS') failed: Failed to find font Arial Unicode MS:style=normal:variant=normal:weight=normal:stretch=normal:size=10.0, and fallback to the default font was disabled
findfont('Noto Sans CJK SC') failed: Failed to find font Noto Sans CJK SC:style=normal:variant=normal:weight=normal:stretch=normal:size=10.0, and fallback to the default font was disabled
findfont('WenQuanYi Micro Hei') -> /usr/share/fonts/truetype/wqy/wqy-microhei.ttc
findfont('WenQuanYi Zen Hei') -> /usr/share/fonts/truetype/wqy/wqy-zenhei.ttc
findfont('DejaVu Sans') -> /opt/hostedtoolcache/Python/3.14.0/x64/lib/python3.14/site-packages/matplotlib/mpl-data/fonts/ttf/DejaVuSans.ttf

fc-list output sample (truncated to 10000 chars):
Liberation Mono - /usr/share/fonts/truetype/liberation/LiberationMono-Bold.ttf
Liberation Serif - /usr/share/fonts/truetype/liberation/LiberationSerif-BoldItalic.ttf
Lato,Lato Hairline - /usr/share/fonts/truetype/lato/Lato-Hairline.ttf
Lato,Lato Heavy - /usr/share/fonts/truetype/lato/Lato-Heavy.ttf
DejaVu Serif,DejaVu Serif Condensed - /usr/share/fonts/truetype/dejavu/DejaVuSerifCondensed-Italic.ttf
Lato,Lato Medium - /usr/share/fonts/truetype/lato/Lato-Medium.ttf
Lato,Lato Light - /usr/share/fonts/truetype/lato/Lato-LightItalic.ttf
WenQuanYi Zen Hei Sharp,文泉驛點陣正黑,文泉驿点阵正黑 - /usr/share/fonts/truetype/wqy/wqy-zenhei.ttc
WenQuanYi Micro Hei Mono,文泉驛等寬微米黑,文泉驿等宽微米黑 - /usr/share/fonts/truetype/wqy/wqy-microhei.ttc
Noto Sans Mono CJK KR - /usr/share/fonts/opentype/noto/NotoSansCJK-Bold.ttc
DejaVu Serif - /usr/share/fonts/truetype/dejavu/DejaVuSerif-Bold.ttf
Noto Sans Mono CJK JP - /usr/share/fonts/opentype/noto/NotoSansCJK-Bold.ttc
Noto Sans Mono CJK HK - /usr/share/fonts/opentype/noto/NotoSansCJK-Bold.ttc
Noto Serif CJK SC - /usr/share/fonts/opentype/noto/NotoSerifCJK-Regular.ttc
DejaVu Math TeX Gyre - /usr/share/fonts/truetype/dejavu/DejaVuMathTeXGyre.ttf
Liberation Sans - /usr/share/fonts/truetype/liberation/LiberationSans-Regular.ttf
Lato - /usr/share/fonts/truetype/lato/Lato-Italic.ttf
Liberation Sans - /usr/share/fonts/truetype/liberation/LiberationSans-Bold.ttf
Noto Serif CJK TC - /usr/share/fonts/opentype/noto/NotoSerifCJK-Regular.ttc
Noto Sans Mono CJK SC - /usr/share/fonts/opentype/noto/NotoSansCJK-Bold.ttc
Liberation Mono - /usr/share/fonts/truetype/liberation/LiberationMono-Italic.ttf
Noto Sans Mono CJK TC - /usr/share/fonts/opentype/noto/NotoSansCJK-Bold.ttc
DejaVu Sans,DejaVu Sans Condensed - /usr/share/fonts/truetype/dejavu/DejaVuSansCondensed.ttf
DejaVu Serif,DejaVu Serif Condensed - /usr/share/fonts/truetype/dejavu/DejaVuSerifCondensed.ttf
Liberation Serif - /usr/share/fonts/truetype/liberation/LiberationSerif-Italic.ttf
Lato,Lato Heavy - /usr/share/fonts/truetype/lato/Lato-HeavyItalic.ttf
Lato - /usr/share/fonts/truetype/lato/Lato-BoldItalic.ttf
Noto Serif CJK JP - /usr/share/fonts/opentype/noto/NotoSerifCJK-Regular.ttc
Lato,Lato Medium - /usr/share/fonts/truetype/lato/Lato-MediumItalic.ttf
Noto Serif CJK HK - /usr/share/fonts/opentype/noto/NotoSerifCJK-Regular.ttc
DejaVu Serif - /usr/share/fonts/truetype/dejavu/DejaVuSerif-Italic.ttf
DejaVu Sans - /usr/share/fonts/truetype/dejavu/DejaVuSans.ttf
Noto Serif CJK KR - /usr/share/fonts/opentype/noto/NotoSerifCJK-Regular.ttc
Lato,Lato Semibold - /usr/share/fonts/truetype/lato/Lato-SemiboldItalic.ttf
Lato,Lato Thin - /usr/share/fonts/truetype/lato/Lato-ThinItalic.ttf
DejaVu Sans,DejaVu Sans Condensed - /usr/share/fonts/truetype/dejavu/DejaVuSansCondensed-BoldOblique.ttf
Noto Sans CJK JP - /usr/share/fonts/opentype/noto/NotoSansCJK-Regular.ttc
Liberation Sans - /usr/share/fonts/truetype/liberation/LiberationSans-Italic.ttf
Noto Sans CJK HK - /usr/share/fonts/opentype/noto/NotoSansCJK-Regular.ttc
Lato,Lato Black - /usr/share/fonts/truetype/lato/Lato-BlackItalic.ttf
Lato,Lato Thin - /usr/share/fonts/truetype/lato/Lato-Thin.ttf
DejaVu Sans,DejaVu Sans Condensed - /usr/share/fonts/truetype/dejavu/DejaVuSansCondensed-Oblique.ttf
Noto Sans CJK KR - /usr/share/fonts/opentype/noto/NotoSansCJK-Regular.ttc
Lato,Lato Light - /usr/share/fonts/truetype/lato/Lato-Light.ttf
Noto Sans CJK TC - /usr/share/fonts/opentype/noto/NotoSansCJK-Regular.ttc
DejaVu Sans,DejaVu Sans Condensed - /usr/share/fonts/truetype/dejavu/DejaVuSansCondensed-Bold.ttf
DejaVu Sans Mono - /usr/share/fonts/truetype/dejavu/DejaVuSansMono-Oblique.ttf
Lato,Lato Hairline - /usr/share/fonts/truetype/lato/Lato-HairlineItalic.ttf
Noto Sans CJK SC - /usr/share/fonts/opentype/noto/NotoSansCJK-Regular.ttc
WenQuanYi Zen Hei,文泉驛正黑,文泉驿正黑 - /usr/share/fonts/truetype/wqy/wqy-zenhei.ttc
Lato,Lato Black - /usr/share/fonts/truetype/lato/Lato-Black.ttf
Lato - /usr/share/fonts/truetype/lato/Lato-Regular.ttf
DejaVu Sans - /usr/share/fonts/truetype/dejavu/DejaVuSans-BoldOblique.ttf
Liberation Mono - /usr/share/fonts/truetype/liberation/LiberationMono-BoldItalic.ttf
Noto Sans Mono CJK KR - /usr/share/fonts/opentype/noto/NotoSansCJK-Regular.ttc
Liberation Mono - /usr/share/fonts/truetype/liberation/LiberationMono-Regular.ttf
Noto Sans Mono CJK HK - /usr/share/fonts/opentype/noto/NotoSansCJK-Regular.ttc
DejaVu Sans,DejaVu Sans Light - /usr/share/fonts/truetype/dejavu/DejaVuSans-ExtraLight.ttf
DejaVu Serif - /usr/share/fonts/truetype/dejavu/DejaVuSerif.ttf
Noto Sans Mono CJK JP - /usr/share/fonts/opentype/noto/NotoSansCJK-Regular.ttc
Noto Serif CJK JP - /usr/share/fonts/opentype/noto/NotoSerifCJK-Bold.ttc
Noto Serif CJK HK - /usr/share/fonts/opentype/noto/NotoSerifCJK-Bold.ttc
Noto Serif CJK KR - /usr/share/fonts/opentype/noto/NotoSerifCJK-Bold.ttc
Noto Serif CJK TC - /usr/share/fonts/opentype/noto/NotoSerifCJK-Bold.ttc
Lato - /usr/share/fonts/truetype/lato/Lato-Bold.ttf
Noto Sans CJK SC - /usr/share/fonts/opentype/noto/NotoSansCJK-Bold.ttc
Noto Sans Mono CJK TC - /usr/share/fonts/opentype/noto/NotoSansCJK-Regular.ttc
Noto Sans CJK TC - /usr/share/fonts/opentype/noto/NotoSansCJK-Bold.ttc
Noto Serif CJK SC - /usr/share/fonts/opentype/noto/NotoSerifCJK-Bold.ttc
DejaVu Sans Mono - /usr/share/fonts/truetype/dejavu/DejaVuSansMono-Bold.ttf
DejaVu Serif - /usr/share/fonts/truetype/dejavu/DejaVuSerif-BoldItalic.ttf
WenQuanYi Zen Hei Mono,文泉驛等寬正黑,文泉驿等宽正黑 - /usr/share/fonts/truetype/wqy/wqy-zenhei.ttc
DejaVu Sans Mono - /usr/share/fonts/truetype/dejavu/DejaVuSansMono.ttf
Noto Sans CJK JP - /usr/share/fonts/opentype/noto/NotoSansCJK-Bold.ttc
Noto Sans CJK HK - /usr/share/fonts/opentype/noto/NotoSansCJK-Bold.ttc
Noto Sans CJK KR - /usr/share/fonts/opentype/noto/NotoSansCJK-Bold.ttc
WenQuanYi Micro Hei,文泉驛微米黑,文泉驿微米黑 - /usr/share/fonts/truetype/wqy/wqy-microhei.ttc
Noto Sans Mono CJK SC - /usr/share/fonts/opentype/noto/NotoSansCJK-Regular.ttc
Noto Color Emoji - /usr/share/fonts/truetype/noto/NotoColorEmoji.ttf
DejaVu Sans Mono - /usr/share/fonts/truetype/dejavu/DejaVuSansMono-BoldOblique.ttf
Liberation Sans - /usr/share/fonts/truetype/liberation/LiberationSans-BoldItalic.ttf
Liberation Serif - /usr/share/fonts/truetype/liberation/LiberationSerif-Regular.ttf
Lato,Lato Semibold - /usr/share/fonts/truetype/lato/Lato-Semibold.ttf
DejaVu Sans - /usr/share/fonts/truetype/dejavu/DejaVuSans-Oblique.ttf
DejaVu Serif,DejaVu Serif Condensed - /usr/share/fonts/truetype/dejavu/DejaVuSerifCondensed-Bold.ttf
DejaVu Sans - /usr/share/fonts/truetype/dejavu/DejaVuSans-Bold.ttf
Liberation Serif - /usr/share/fonts/truetype/liberation/LiberationSerif-Bold.ttf
DejaVu Serif,DejaVu Serif Condensed - /usr/share/fonts/truetype/dejavu/DejaVuSerifCondensed-BoldItalic.ttf

2025-12-03 02:34:12,462 - INFO - Matplotlib 字体设置：使用回退字体列表，首选可用字体: Noto Sans CJK JP
2025-12-03 02:34:14,021 - INFO - 使用 ChromeDriver: /usr/bin/chromedriver
2025-12-03 02:34:14,022 - WARNING - Using CPU. Note: This module is much faster with a GPU.
2025-12-03 02:34:15,678 - INFO - OCR识别器初始化成功
2025-12-03 02:34:15,679 - INFO - 开始南京大学电费监控流程（自动无头模式）
2025-12-03 02:34:15,679 - INFO - 正在打开页面: https://epay.nju.edu.cn/epay/h5/nju/electric/index
2025-12-03 02:34:28,104 - INFO - 等待登录表单加载...
2025-12-03 02:34:28,114 - INFO - 登录表单已加载
2025-12-03 02:34:28,114 - INFO - 开始填写登录表单...
2025-12-03 02:34:28,178 - INFO - 用户名填写完成
2025-12-03 02:34:28,246 - INFO - 密码填写完成
2025-12-03 02:34:28,246 - INFO - 检查是否有验证码...
2025-12-03 02:34:28,246 - INFO - 查找验证码图片...
2025-12-03 02:34:28,265 - INFO - 找到验证码图片，开始截图...
2025-12-03 02:34:28,323 - INFO - 验证码图片截取成功
2025-12-03 02:34:28,323 - INFO - 开始填写登录表单...
2025-12-03 02:34:28,388 - INFO - 用户名填写完成
2025-12-03 02:34:28,448 - INFO - 密码填写完成
2025-12-03 02:34:28,448 - INFO - 验证码图片已保存到 /home/runner/work/nju_electric_monitor/nju_electric_monitor/src/../data/captcha_debug.png
2025-12-03 02:34:28,449 - INFO - 验证码识别尝试 1/30
2025-12-03 02:34:28,449 - INFO - 开始识别验证码...（easyocr + pytesseract）
2025-12-03 02:34:28,582 - INFO - easyocr 结果: ['720(0.28)']
2025-12-03 02:34:28,848 - INFO - tesseract 结果: Z72Q
2025-12-03 02:34:28,913 - INFO - easyocr alt1 结果: ['720(0.58)']
2025-12-03 02:34:29,013 - INFO - tesseract alt1 结果: ZEZO
2025-12-03 02:34:29,072 - INFO - easyocr alt2 结果: ['2720(0.78)']
2025-12-03 02:34:29,170 - INFO - tesseract alt2 结果: ZEZO
2025-12-03 02:34:29,332 - INFO - easyocr alt3 结果: ['720(0.50)']
2025-12-03 02:34:29,440 - INFO - tesseract alt3 结果: Z720
2025-12-03 02:34:29,500 - INFO - easyocr alt4 结果: ['720(0.66)']
2025-12-03 02:34:29,596 - INFO - tesseract alt4 结果: 2720
2025-12-03 02:34:29,656 - INFO - easyocr alt5 结果: ['720(0.54)']
2025-12-03 02:34:29,749 - INFO - tesseract alt5 结果: 
2025-12-03 02:34:29,750 - INFO - 最终验证码识别结果: 2720 (engine=easyocr_alt2, prob=0.7776398062705994)
2025-12-03 02:34:29,750 - INFO - 查找验证码输入框...
2025-12-03 02:34:29,808 - INFO - 验证码填写完成
2025-12-03 02:34:29,808 - INFO - 验证码填写完成，点击登录按钮...
2025-12-03 02:34:29,808 - INFO - 查找并点击登录按钮...
2025-12-03 02:34:30,202 - INFO - 已点击登录按钮
2025-12-03 02:34:37,230 - INFO - 开始填写登录表单...
2025-12-03 02:34:37,289 - INFO - 用户名填写完成
2025-12-03 02:34:37,348 - INFO - 密码填写完成
2025-12-03 02:34:37,348 - INFO - 验证码图片已保存到 /home/runner/work/nju_electric_monitor/nju_electric_monitor/src/../data/captcha_debug.png
2025-12-03 02:34:37,348 - INFO - 验证码识别尝试 2/30
2025-12-03 02:34:37,349 - INFO - 开始识别验证码...（easyocr + pytesseract）
2025-12-03 02:34:37,445 - INFO - easyocr 结果: ['720(0.28)']
2025-12-03 02:34:37,546 - INFO - tesseract 结果: Z72Q
2025-12-03 02:34:37,606 - INFO - easyocr alt1 结果: ['720(0.58)']
2025-12-03 02:34:37,705 - INFO - tesseract alt1 结果: ZEZO
2025-12-03 02:34:37,764 - INFO - easyocr alt2 结果: ['2720(0.78)']
2025-12-03 02:34:37,863 - INFO - tesseract alt2 结果: ZEZO
2025-12-03 02:34:38,026 - INFO - easyocr alt3 结果: ['720(0.50)']
2025-12-03 02:34:38,136 - INFO - tesseract alt3 结果: Z720
2025-12-03 02:34:38,196 - INFO - easyocr alt4 结果: ['720(0.66)']
2025-12-03 02:34:38,292 - INFO - tesseract alt4 结果: 2720
2025-12-03 02:34:38,351 - INFO - easyocr alt5 结果: ['720(0.54)']
2025-12-03 02:34:38,444 - INFO - tesseract alt5 结果: 
2025-12-03 02:34:38,444 - INFO - 最终验证码识别结果: 2720 (engine=easyocr_alt2, prob=0.7776398062705994)
2025-12-03 02:34:38,444 - INFO - 查找验证码输入框...
2025-12-03 02:34:38,501 - INFO - 验证码填写完成
2025-12-03 02:34:38,501 - INFO - 验证码填写完成，点击登录按钮...
2025-12-03 02:34:38,501 - INFO - 查找并点击登录按钮...
2025-12-03 02:34:38,869 - INFO - 已点击登录按钮
2025-12-03 02:34:45,889 - INFO - 开始填写登录表单...
2025-12-03 02:34:45,950 - INFO - 用户名填写完成
2025-12-03 02:34:46,008 - INFO - 密码填写完成
2025-12-03 02:34:46,009 - INFO - 验证码图片已保存到 /home/runner/work/nju_electric_monitor/nju_electric_monitor/src/../data/captcha_debug.png
2025-12-03 02:34:46,009 - INFO - 验证码识别尝试 3/30
2025-12-03 02:34:46,009 - INFO - 开始识别验证码...（easyocr + pytesseract）
2025-12-03 02:34:46,106 - INFO - easyocr 结果: ['720(0.28)']
2025-12-03 02:34:46,202 - INFO - tesseract 结果: Z72Q
2025-12-03 02:34:46,262 - INFO - easyocr alt1 结果: ['720(0.58)']
2025-12-03 02:34:46,363 - INFO - tesseract alt1 结果: ZEZO
2025-12-03 02:34:46,434 - INFO - easyocr alt2 结果: ['2720(0.78)']
2025-12-03 02:34:46,534 - INFO - tesseract alt2 结果: ZEZO
2025-12-03 02:34:46,697 - INFO - easyocr alt3 结果: ['720(0.50)']
2025-12-03 02:34:46,806 - INFO - tesseract alt3 结果: Z720
2025-12-03 02:34:46,871 - INFO - easyocr alt4 结果: ['720(0.66)']
2025-12-03 02:34:46,969 - INFO - tesseract alt4 结果: 2720
2025-12-03 02:34:47,029 - INFO - easyocr alt5 结果: ['720(0.54)']
2025-12-03 02:34:47,125 - INFO - tesseract alt5 结果: 
2025-12-03 02:34:47,125 - INFO - 最终验证码识别结果: 2720 (engine=easyocr_alt2, prob=0.7776398062705994)
2025-12-03 02:34:47,125 - INFO - 查找验证码输入框...
2025-12-03 02:34:47,183 - INFO - 验证码填写完成
2025-12-03 02:34:47,183 - INFO - 验证码填写完成，点击登录按钮...
2025-12-03 02:34:47,183 - INFO - 查找并点击登录按钮...
2025-12-03 02:34:47,570 - INFO - 已点击登录按钮
2025-12-03 02:34:54,590 - INFO - 开始填写登录表单...
2025-12-03 02:34:54,651 - INFO - 用户名填写完成
2025-12-03 02:34:54,711 - INFO - 密码填写完成
2025-12-03 02:34:54,712 - INFO - 验证码图片已保存到 /home/runner/work/nju_electric_monitor/nju_electric_monitor/src/../data/captcha_debug.png
2025-12-03 02:34:54,712 - INFO - 验证码识别尝试 4/30
2025-12-03 02:34:54,712 - INFO - 开始识别验证码...（easyocr + pytesseract）
2025-12-03 02:34:54,810 - INFO - easyocr 结果: ['720(0.28)']
2025-12-03 02:34:54,911 - INFO - tesseract 结果: Z72Q
2025-12-03 02:34:54,980 - INFO - easyocr alt1 结果: ['720(0.58)']
2025-12-03 02:34:55,083 - INFO - tesseract alt1 结果: ZEZO
2025-12-03 02:34:55,144 - INFO - easyocr alt2 结果: ['2720(0.78)']
2025-12-03 02:34:55,246 - INFO - tesseract alt2 结果: ZEZO
2025-12-03 02:34:55,402 - INFO - easyocr alt3 结果: ['720(0.50)']
2025-12-03 02:34:55,513 - INFO - tesseract alt3 结果: Z720
2025-12-03 02:34:55,586 - INFO - easyocr alt4 结果: ['720(0.66)']
2025-12-03 02:34:55,689 - INFO - tesseract alt4 结果: 2720
2025-12-03 02:34:55,760 - INFO - easyocr alt5 结果: ['720(0.54)']
2025-12-03 02:34:55,851 - INFO - tesseract alt5 结果: 
2025-12-03 02:34:55,851 - INFO - 最终验证码识别结果: 2720 (engine=easyocr_alt2, prob=0.7776398062705994)
2025-12-03 02:34:55,851 - INFO - 查找验证码输入框...
2025-12-03 02:34:55,907 - INFO - 验证码填写完成
2025-12-03 02:34:55,907 - INFO - 验证码填写完成，点击登录按钮...
2025-12-03 02:34:55,907 - INFO - 查找并点击登录按钮...
2025-12-03 02:34:55,964 - INFO - 已点击登录按钮
2025-12-03 02:35:02,985 - INFO - 开始填写登录表单...
2025-12-03 02:35:03,046 - INFO - 用户名填写完成
2025-12-03 02:35:03,107 - INFO - 密码填写完成
2025-12-03 02:35:03,108 - INFO - 验证码图片已保存到 /home/runner/work/nju_electric_monitor/nju_electric_monitor/src/../data/captcha_debug.png
2025-12-03 02:35:03,108 - INFO - 验证码识别尝试 5/30
2025-12-03 02:35:03,108 - INFO - 开始识别验证码...（easyocr + pytesseract）
2025-12-03 02:35:03,206 - INFO - easyocr 结果: ['720(0.28)']
2025-12-03 02:35:03,303 - INFO - tesseract 结果: Z72Q
2025-12-03 02:35:03,372 - INFO - easyocr alt1 结果: ['720(0.58)']
2025-12-03 02:35:03,476 - INFO - tesseract alt1 结果: ZEZO
2025-12-03 02:35:03,536 - INFO - easyocr alt2 结果: ['2720(0.78)']
2025-12-03 02:35:03,637 - INFO - tesseract alt2 结果: ZEZO
2025-12-03 02:35:03,795 - INFO - easyocr alt3 结果: ['720(0.50)']
2025-12-03 02:35:03,909 - INFO - tesseract alt3 结果: Z720
2025-12-03 02:35:03,969 - INFO - easyocr alt4 结果: ['720(0.66)']
2025-12-03 02:35:04,066 - INFO - tesseract alt4 结果: 2720
2025-12-03 02:35:04,126 - INFO - easyocr alt5 结果: ['720(0.54)']
2025-12-03 02:35:04,218 - INFO - tesseract alt5 结果: 
2025-12-03 02:35:04,218 - INFO - 最终验证码识别结果: 2720 (engine=easyocr_alt2, prob=0.7776398062705994)
2025-12-03 02:35:04,218 - INFO - 查找验证码输入框...
2025-12-03 02:35:04,273 - INFO - 验证码填写完成
2025-12-03 02:35:04,273 - INFO - 验证码填写完成，点击登录按钮...
2025-12-03 02:35:04,273 - INFO - 查找并点击登录按钮...
2025-12-03 02:35:04,329 - INFO - 已点击登录按钮
2025-12-03 02:35:11,349 - INFO - 开始填写登录表单...
2025-12-03 02:35:11,409 - INFO - 用户名填写完成
2025-12-03 02:35:11,468 - INFO - 密码填写完成
2025-12-03 02:35:11,469 - INFO - 验证码图片已保存到 /home/runner/work/nju_electric_monitor/nju_electric_monitor/src/../data/captcha_debug.png
2025-12-03 02:35:11,469 - INFO - 验证码识别尝试 6/30
2025-12-03 02:35:11,469 - INFO - 开始识别验证码...（easyocr + pytesseract）
2025-12-03 02:35:11,577 - INFO - easyocr 结果: ['720(0.28)']
2025-12-03 02:35:11,673 - INFO - tesseract 结果: Z72Q
2025-12-03 02:35:11,747 - INFO - easyocr alt1 结果: ['720(0.58)']
2025-12-03 02:35:11,848 - INFO - tesseract alt1 结果: ZEZO
2025-12-03 02:35:11,908 - INFO - easyocr alt2 结果: ['2720(0.78)']
2025-12-03 02:35:12,010 - INFO - tesseract alt2 结果: ZEZO
2025-12-03 02:35:12,166 - INFO - easyocr alt3 结果: ['720(0.50)']
2025-12-03 02:35:12,276 - INFO - tesseract alt3 结果: Z720
2025-12-03 02:35:12,337 - INFO - easyocr alt4 结果: ['720(0.66)']
2025-12-03 02:35:12,432 - INFO - tesseract alt4 结果: 2720
2025-12-03 02:35:12,492 - INFO - easyocr alt5 结果: ['720(0.54)']
2025-12-03 02:35:12,584 - INFO - tesseract alt5 结果: 
2025-12-03 02:35:12,584 - INFO - 最终验证码识别结果: 2720 (engine=easyocr_alt2, prob=0.7776398062705994)
2025-12-03 02:35:12,584 - INFO - 查找验证码输入框...
2025-12-03 02:35:12,639 - INFO - 验证码填写完成
2025-12-03 02:35:12,639 - INFO - 验证码填写完成，点击登录按钮...
2025-12-03 02:35:12,639 - INFO - 查找并点击登录按钮...
2025-12-03 02:35:12,695 - INFO - 已点击登录按钮
2025-12-03 02:35:19,716 - INFO - 开始填写登录表单...
2025-12-03 02:35:19,775 - INFO - 用户名填写完成
2025-12-03 02:35:19,834 - INFO - 密码填写完成
2025-12-03 02:35:19,835 - INFO - 验证码图片已保存到 /home/runner/work/nju_electric_monitor/nju_electric_monitor/src/../data/captcha_debug.png
2025-12-03 02:35:19,835 - INFO - 验证码识别尝试 7/30
2025-12-03 02:35:19,835 - INFO - 开始识别验证码...（easyocr + pytesseract）
2025-12-03 02:35:19,932 - INFO - easyocr 结果: ['720(0.28)']
2025-12-03 02:35:20,033 - INFO - tesseract 结果: Z72Q
2025-12-03 02:35:20,092 - INFO - easyocr alt1 结果: ['720(0.58)']
2025-12-03 02:35:20,190 - INFO - tesseract alt1 结果: ZEZO
2025-12-03 02:35:20,254 - INFO - easyocr alt2 结果: ['2720(0.78)']
2025-12-03 02:35:20,375 - INFO - tesseract alt2 结果: ZEZO
2025-12-03 02:35:20,532 - INFO - easyocr alt3 结果: ['720(0.50)']
2025-12-03 02:35:20,642 - INFO - tesseract alt3 结果: Z720
2025-12-03 02:35:20,701 - INFO - easyocr alt4 结果: ['720(0.66)']
2025-12-03 02:35:20,800 - INFO - tesseract alt4 结果: 2720
2025-12-03 02:35:20,859 - INFO - easyocr alt5 结果: ['720(0.54)']
2025-12-03 02:35:20,950 - INFO - tesseract alt5 结果: 
2025-12-03 02:35:20,950 - INFO - 最终验证码识别结果: 2720 (engine=easyocr_alt2, prob=0.7776398062705994)
2025-12-03 02:35:20,950 - INFO - 查找验证码输入框...
2025-12-03 02:35:21,006 - INFO - 验证码填写完成
2025-12-03 02:35:21,006 - INFO - 验证码填写完成，点击登录按钮...
2025-12-03 02:35:21,006 - INFO - 查找并点击登录按钮...
2025-12-03 02:35:23,403 - INFO - 已点击登录按钮
2025-12-03 02:35:30,423 - INFO - 开始填写登录表单...
2025-12-03 02:35:30,484 - INFO - 用户名填写完成
2025-12-03 02:35:30,544 - INFO - 密码填写完成
2025-12-03 02:35:30,545 - INFO - 验证码图片已保存到 /home/runner/work/nju_electric_monitor/nju_electric_monitor/src/../data/captcha_debug.png
2025-12-03 02:35:30,545 - INFO - 验证码识别尝试 8/30
2025-12-03 02:35:30,545 - INFO - 开始识别验证码...（easyocr + pytesseract）
2025-12-03 02:35:30,642 - INFO - easyocr 结果: ['720(0.28)']
2025-12-03 02:35:30,743 - INFO - tesseract 结果: Z72Q
2025-12-03 02:35:30,844 - INFO - easyocr alt1 结果: ['720(0.58)']
2025-12-03 02:35:31,055 - INFO - tesseract alt1 结果: ZEZO
2025-12-03 02:35:31,154 - INFO - easyocr alt2 结果: ['2720(0.78)']
2025-12-03 02:35:31,262 - INFO - tesseract alt2 结果: ZEZO
2025-12-03 02:35:31,416 - INFO - easyocr alt3 结果: ['720(0.50)']
2025-12-03 02:35:31,523 - INFO - tesseract alt3 结果: Z720
2025-12-03 02:35:31,582 - INFO - easyocr alt4 结果: ['720(0.66)']
2025-12-03 02:35:31,678 - INFO - tesseract alt4 结果: 2720
2025-12-03 02:35:31,737 - INFO - easyocr alt5 结果: ['720(0.54)']
2025-12-03 02:35:31,830 - INFO - tesseract alt5 结果: 
2025-12-03 02:35:31,830 - INFO - 最终验证码识别结果: 2720 (engine=easyocr_alt2, prob=0.7776398062705994)
2025-12-03 02:35:31,830 - INFO - 查找验证码输入框...
2025-12-03 02:35:31,886 - INFO - 验证码填写完成
2025-12-03 02:35:31,886 - INFO - 验证码填写完成，点击登录按钮...
2025-12-03 02:35:31,886 - INFO - 查找并点击登录按钮...
2025-12-03 02:35:31,942 - INFO - 已点击登录按钮
2025-12-03 02:35:38,963 - INFO - 开始填写登录表单...
2025-12-03 02:35:39,023 - INFO - 用户名填写完成
2025-12-03 02:35:39,082 - INFO - 密码填写完成
2025-12-03 02:35:39,083 - INFO - 验证码图片已保存到 /home/runner/work/nju_electric_monitor/nju_electric_monitor/src/../data/captcha_debug.png
2025-12-03 02:35:39,083 - INFO - 验证码识别尝试 9/30
2025-12-03 02:35:39,083 - INFO - 开始识别验证码...（easyocr + pytesseract）
2025-12-03 02:35:39,180 - INFO - easyocr 结果: ['720(0.28)']
2025-12-03 02:35:39,277 - INFO - tesseract 结果: Z72Q
2025-12-03 02:35:39,345 - INFO - easyocr alt1 结果: ['720(0.58)']
2025-12-03 02:35:39,443 - INFO - tesseract alt1 结果: ZEZO
2025-12-03 02:35:39,502 - INFO - easyocr alt2 结果: ['2720(0.78)']
2025-12-03 02:35:39,602 - INFO - tesseract alt2 结果: ZEZO
2025-12-03 02:35:39,758 - INFO - easyocr alt3 结果: ['720(0.50)']
2025-12-03 02:35:39,868 - INFO - tesseract alt3 结果: Z720
2025-12-03 02:35:39,927 - INFO - easyocr alt4 结果: ['720(0.66)']
2025-12-03 02:35:40,028 - INFO - tesseract alt4 结果: 2720
2025-12-03 02:35:40,087 - INFO - easyocr alt5 结果: ['720(0.54)']
2025-12-03 02:35:40,183 - INFO - tesseract alt5 结果: 
2025-12-03 02:35:40,183 - INFO - 最终验证码识别结果: 2720 (engine=easyocr_alt2, prob=0.7776398062705994)
2025-12-03 02:35:40,183 - INFO - 查找验证码输入框...
2025-12-03 02:35:40,239 - INFO - 验证码填写完成
2025-12-03 02:35:40,239 - INFO - 验证码填写完成，点击登录按钮...
2025-12-03 02:35:40,239 - INFO - 查找并点击登录按钮...
2025-12-03 02:35:40,296 - INFO - 已点击登录按钮
2025-12-03 02:35:47,316 - INFO - 开始填写登录表单...
2025-12-03 02:35:47,376 - INFO - 用户名填写完成
2025-12-03 02:35:47,434 - INFO - 密码填写完成
2025-12-03 02:35:47,435 - INFO - 验证码图片已保存到 /home/runner/work/nju_electric_monitor/nju_electric_monitor/src/../data/captcha_debug.png
2025-12-03 02:35:47,435 - INFO - 验证码识别尝试 10/30
2025-12-03 02:35:47,435 - INFO - 开始识别验证码...（easyocr + pytesseract）
2025-12-03 02:35:47,544 - INFO - easyocr 结果: ['720(0.28)']
2025-12-03 02:35:47,642 - INFO - tesseract 结果: Z72Q
2025-12-03 02:35:47,702 - INFO - easyocr alt1 结果: ['720(0.58)']
2025-12-03 02:35:47,801 - INFO - tesseract alt1 结果: ZEZO
2025-12-03 02:35:47,859 - INFO - easyocr alt2 结果: ['2720(0.78)']
2025-12-03 02:35:47,963 - INFO - tesseract alt2 结果: ZEZO
2025-12-03 02:35:48,118 - INFO - easyocr alt3 结果: ['720(0.50)']
2025-12-03 02:35:48,226 - INFO - tesseract alt3 结果: Z720
2025-12-03 02:35:48,292 - INFO - easyocr alt4 结果: ['720(0.66)']
2025-12-03 02:35:48,389 - INFO - tesseract alt4 结果: 2720
2025-12-03 02:35:48,449 - INFO - easyocr alt5 结果: ['720(0.54)']
2025-12-03 02:35:48,545 - INFO - tesseract alt5 结果: 
2025-12-03 02:35:48,545 - INFO - 最终验证码识别结果: 2720 (engine=easyocr_alt2, prob=0.7776398062705994)
2025-12-03 02:35:48,545 - INFO - 查找验证码输入框...
2025-12-03 02:35:48,602 - INFO - 验证码填写完成
2025-12-03 02:35:48,602 - INFO - 验证码填写完成，点击登录按钮...
2025-12-03 02:35:48,602 - INFO - 查找并点击登录按钮...
2025-12-03 02:35:48,658 - INFO - 已点击登录按钮
2025-12-03 02:35:55,679 - INFO - 开始填写登录表单...
2025-12-03 02:35:55,741 - INFO - 用户名填写完成
2025-12-03 02:35:55,801 - INFO - 密码填写完成
2025-12-03 02:35:55,802 - INFO - 验证码图片已保存到 /home/runner/work/nju_electric_monitor/nju_electric_monitor/src/../data/captcha_debug.png
2025-12-03 02:35:55,802 - INFO - 验证码识别尝试 11/30
2025-12-03 02:35:55,802 - INFO - 开始识别验证码...（easyocr + pytesseract）
2025-12-03 02:35:55,900 - INFO - easyocr 结果: ['720(0.28)']
2025-12-03 02:35:55,996 - INFO - tesseract 结果: Z72Q
2025-12-03 02:35:56,056 - INFO - easyocr alt1 结果: ['720(0.58)']
2025-12-03 02:35:56,155 - INFO - tesseract alt1 结果: ZEZO
2025-12-03 02:35:56,215 - INFO - easyocr alt2 结果: ['2720(0.78)']
2025-12-03 02:35:56,315 - INFO - tesseract alt2 结果: ZEZO
2025-12-03 02:35:56,470 - INFO - easyocr alt3 结果: ['720(0.50)']
2025-12-03 02:35:56,579 - INFO - tesseract alt3 结果: Z720
2025-12-03 02:35:56,646 - INFO - easyocr alt4 结果: ['720(0.66)']
2025-12-03 02:35:56,745 - INFO - tesseract alt4 结果: 2720
2025-12-03 02:35:56,805 - INFO - easyocr alt5 结果: ['720(0.54)']
2025-12-03 02:35:56,901 - INFO - tesseract alt5 结果: 
2025-12-03 02:35:56,901 - INFO - 最终验证码识别结果: 2720 (engine=easyocr_alt2, prob=0.7776398062705994)
2025-12-03 02:35:56,901 - INFO - 查找验证码输入框...
2025-12-03 02:35:56,959 - INFO - 验证码填写完成
2025-12-03 02:35:56,960 - INFO - 验证码填写完成，点击登录按钮...
2025-12-03 02:35:56,960 - INFO - 查找并点击登录按钮...
2025-12-03 02:35:57,331 - INFO - 已点击登录按钮
2025-12-03 02:36:04,352 - INFO - 开始填写登录表单...
2025-12-03 02:36:04,413 - INFO - 用户名填写完成
2025-12-03 02:36:04,472 - INFO - 密码填写完成
2025-12-03 02:36:04,473 - INFO - 验证码图片已保存到 /home/runner/work/nju_electric_monitor/nju_electric_monitor/src/../data/captcha_debug.png
2025-12-03 02:36:04,473 - INFO - 验证码识别尝试 12/30
2025-12-03 02:36:04,473 - INFO - 开始识别验证码...（easyocr + pytesseract）
2025-12-03 02:36:04,578 - INFO - easyocr 结果: ['720(0.28)']
2025-12-03 02:36:04,678 - INFO - tesseract 结果: Z72Q
2025-12-03 02:36:04,737 - INFO - easyocr alt1 结果: ['720(0.58)']
2025-12-03 02:36:04,846 - INFO - tesseract alt1 结果: ZEZO
2025-12-03 02:36:04,909 - INFO - easyocr alt2 结果: ['2720(0.78)']
2025-12-03 02:36:05,006 - INFO - tesseract alt2 结果: ZEZO
2025-12-03 02:36:05,161 - INFO - easyocr alt3 结果: ['720(0.50)']
2025-12-03 02:36:05,270 - INFO - tesseract alt3 结果: Z720
2025-12-03 02:36:05,342 - INFO - easyocr alt4 结果: ['720(0.66)']
2025-12-03 02:36:05,438 - INFO - tesseract alt4 结果: 2720
2025-12-03 02:36:05,497 - INFO - easyocr alt5 结果: ['720(0.54)']
2025-12-03 02:36:05,594 - INFO - tesseract alt5 结果: 
2025-12-03 02:36:05,594 - INFO - 最终验证码识别结果: 2720 (engine=easyocr_alt2, prob=0.7776398062705994)
2025-12-03 02:36:05,594 - INFO - 查找验证码输入框...
2025-12-03 02:36:05,651 - INFO - 验证码填写完成
2025-12-03 02:36:05,651 - INFO - 验证码填写完成，点击登录按钮...
2025-12-03 02:36:05,651 - INFO - 查找并点击登录按钮...
2025-12-03 02:36:05,709 - INFO - 已点击登录按钮
2025-12-03 02:36:12,730 - INFO - 开始填写登录表单...
2025-12-03 02:36:12,791 - INFO - 用户名填写完成
2025-12-03 02:36:12,851 - INFO - 密码填写完成
2025-12-03 02:36:12,852 - INFO - 验证码图片已保存到 /home/runner/work/nju_electric_monitor/nju_electric_monitor/src/../data/captcha_debug.png
2025-12-03 02:36:12,852 - INFO - 验证码识别尝试 13/30
2025-12-03 02:36:12,852 - INFO - 开始识别验证码...（easyocr + pytesseract）
2025-12-03 02:36:12,950 - INFO - easyocr 结果: ['720(0.28)']
2025-12-03 02:36:13,051 - INFO - tesseract 结果: Z72Q
2025-12-03 02:36:13,129 - INFO - easyocr alt1 结果: ['720(0.58)']
2025-12-03 02:36:13,230 - INFO - tesseract alt1 结果: ZEZO
2025-12-03 02:36:13,289 - INFO - easyocr alt2 结果: ['2720(0.78)']
2025-12-03 02:36:13,389 - INFO - tesseract alt2 结果: ZEZO
2025-12-03 02:36:13,547 - INFO - easyocr alt3 结果: ['720(0.50)']
2025-12-03 02:36:13,657 - INFO - tesseract alt3 结果: Z720
2025-12-03 02:36:13,717 - INFO - easyocr alt4 结果: ['720(0.66)']
2025-12-03 02:36:13,813 - INFO - tesseract alt4 结果: 2720
2025-12-03 02:36:13,874 - INFO - easyocr alt5 结果: ['720(0.54)']
2025-12-03 02:36:13,967 - INFO - tesseract alt5 结果: 
2025-12-03 02:36:13,967 - INFO - 最终验证码识别结果: 2720 (engine=easyocr_alt2, prob=0.7776398062705994)
2025-12-03 02:36:13,967 - INFO - 查找验证码输入框...
2025-12-03 02:36:14,025 - INFO - 验证码填写完成
2025-12-03 02:36:14,025 - INFO - 验证码填写完成，点击登录按钮...
2025-12-03 02:36:14,025 - INFO - 查找并点击登录按钮...
2025-12-03 02:36:14,421 - INFO - 已点击登录按钮
2025-12-03 02:36:21,441 - INFO - 开始填写登录表单...
2025-12-03 02:36:21,504 - INFO - 用户名填写完成
2025-12-03 02:36:21,564 - INFO - 密码填写完成
2025-12-03 02:36:21,565 - INFO - 验证码图片已保存到 /home/runner/work/nju_electric_monitor/nju_electric_monitor/src/../data/captcha_debug.png
2025-12-03 02:36:21,565 - INFO - 验证码识别尝试 14/30
2025-12-03 02:36:21,565 - INFO - 开始识别验证码...（easyocr + pytesseract）
2025-12-03 02:36:21,663 - INFO - easyocr 结果: ['720(0.28)']
2025-12-03 02:36:21,760 - INFO - tesseract 结果: Z72Q
2025-12-03 02:36:21,830 - INFO - easyocr alt1 结果: ['720(0.58)']
2025-12-03 02:36:21,929 - INFO - tesseract alt1 结果: ZEZO
2025-12-03 02:36:21,989 - INFO - easyocr alt2 结果: ['2720(0.78)']
2025-12-03 02:36:22,090 - INFO - tesseract alt2 结果: ZEZO
2025-12-03 02:36:22,245 - INFO - easyocr alt3 结果: ['720(0.50)']
2025-12-03 02:36:22,354 - INFO - tesseract alt3 结果: Z720
2025-12-03 02:36:22,422 - INFO - easyocr alt4 结果: ['720(0.66)']
2025-12-03 02:36:22,520 - INFO - tesseract alt4 结果: 2720
2025-12-03 02:36:22,579 - INFO - easyocr alt5 结果: ['720(0.54)']
2025-12-03 02:36:22,671 - INFO - tesseract alt5 结果: 
2025-12-03 02:36:22,671 - INFO - 最终验证码识别结果: 2720 (engine=easyocr_alt2, prob=0.7776398062705994)
2025-12-03 02:36:22,671 - INFO - 查找验证码输入框...
2025-12-03 02:36:22,728 - INFO - 验证码填写完成
2025-12-03 02:36:22,728 - INFO - 验证码填写完成，点击登录按钮...
2025-12-03 02:36:22,728 - INFO - 查找并点击登录按钮...
2025-12-03 02:36:23,102 - INFO - 已点击登录按钮
2025-12-03 02:36:30,123 - INFO - 开始填写登录表单...
2025-12-03 02:36:30,182 - INFO - 用户名填写完成
2025-12-03 02:36:30,241 - INFO - 密码填写完成
2025-12-03 02:36:30,242 - INFO - 验证码图片已保存到 /home/runner/work/nju_electric_monitor/nju_electric_monitor/src/../data/captcha_debug.png
2025-12-03 02:36:30,242 - INFO - 验证码识别尝试 15/30
2025-12-03 02:36:30,242 - INFO - 开始识别验证码...（easyocr + pytesseract）
2025-12-03 02:36:30,337 - INFO - easyocr 结果: ['720(0.28)']
2025-12-03 02:36:30,434 - INFO - tesseract 结果: Z72Q
2025-12-03 02:36:30,493 - INFO - easyocr alt1 结果: ['720(0.58)']
2025-12-03 02:36:30,596 - INFO - tesseract alt1 结果: ZEZO
2025-12-03 02:36:30,654 - INFO - easyocr alt2 结果: ['2720(0.78)']
2025-12-03 02:36:30,754 - INFO - tesseract alt2 结果: ZEZO
2025-12-03 02:36:30,911 - INFO - easyocr alt3 结果: ['720(0.50)']
2025-12-03 02:36:31,024 - INFO - tesseract alt3 结果: Z720
2025-12-03 02:36:31,104 - INFO - easyocr alt4 结果: ['720(0.66)']
2025-12-03 02:36:31,200 - INFO - tesseract alt4 结果: 2720
2025-12-03 02:36:31,259 - INFO - easyocr alt5 结果: ['720(0.54)']
2025-12-03 02:36:31,352 - INFO - tesseract alt5 结果: 
2025-12-03 02:36:31,352 - INFO - 最终验证码识别结果: 2720 (engine=easyocr_alt2, prob=0.7776398062705994)
2025-12-03 02:36:31,352 - INFO - 查找验证码输入框...
2025-12-03 02:36:31,408 - INFO - 验证码填写完成
2025-12-03 02:36:31,408 - INFO - 验证码填写完成，点击登录按钮...
2025-12-03 02:36:31,408 - INFO - 查找并点击登录按钮...
2025-12-03 02:36:31,781 - INFO - 已点击登录按钮
2025-12-03 02:36:38,801 - INFO - 开始填写登录表单...
2025-12-03 02:36:38,864 - INFO - 用户名填写完成
2025-12-03 02:36:38,922 - INFO - 密码填写完成
2025-12-03 02:36:38,923 - INFO - 验证码图片已保存到 /home/runner/work/nju_electric_monitor/nju_electric_monitor/src/../data/captcha_debug.png
2025-12-03 02:36:38,923 - INFO - 验证码识别尝试 16/30
2025-12-03 02:36:38,923 - INFO - 开始识别验证码...（easyocr + pytesseract）
2025-12-03 02:36:39,020 - INFO - easyocr 结果: ['720(0.28)']
2025-12-03 02:36:39,121 - INFO - tesseract 结果: Z72Q
2025-12-03 02:36:39,194 - INFO - easyocr alt1 结果: ['720(0.58)']
2025-12-03 02:36:39,294 - INFO - tesseract alt1 结果: ZEZO
2025-12-03 02:36:39,355 - INFO - easyocr alt2 结果: ['2720(0.78)']
2025-12-03 02:36:39,455 - INFO - tesseract alt2 结果: ZEZO
2025-12-03 02:36:39,610 - INFO - easyocr alt3 结果: ['720(0.50)']
2025-12-03 02:36:39,718 - INFO - tesseract alt3 结果: Z720
2025-12-03 02:36:39,776 - INFO - easyocr alt4 结果: ['720(0.66)']
2025-12-03 02:36:39,874 - INFO - tesseract alt4 结果: 2720
2025-12-03 02:36:39,932 - INFO - easyocr alt5 结果: ['720(0.54)']
2025-12-03 02:36:40,029 - INFO - tesseract alt5 结果: 
2025-12-03 02:36:40,029 - INFO - 最终验证码识别结果: 2720 (engine=easyocr_alt2, prob=0.7776398062705994)
2025-12-03 02:36:40,029 - INFO - 查找验证码输入框...
2025-12-03 02:36:40,087 - INFO - 验证码填写完成
2025-12-03 02:36:40,087 - INFO - 验证码填写完成，点击登录按钮...
2025-12-03 02:36:40,087 - INFO - 查找并点击登录按钮...
2025-12-03 02:36:40,459 - INFO - 已点击登录按钮
2025-12-03 02:36:47,479 - INFO - 开始填写登录表单...
2025-12-03 02:36:47,541 - INFO - 用户名填写完成
2025-12-03 02:36:47,601 - INFO - 密码填写完成
2025-12-03 02:36:47,601 - INFO - 验证码图片已保存到 /home/runner/work/nju_electric_monitor/nju_electric_monitor/src/../data/captcha_debug.png
2025-12-03 02:36:47,601 - INFO - 验证码识别尝试 17/30
2025-12-03 02:36:47,601 - INFO - 开始识别验证码...（easyocr + pytesseract）
2025-12-03 02:36:47,711 - INFO - easyocr 结果: ['720(0.28)']
2025-12-03 02:36:47,809 - INFO - tesseract 结果: Z72Q
2025-12-03 02:36:47,900 - INFO - easyocr alt1 结果: ['720(0.58)']
2025-12-03 02:36:48,004 - INFO - tesseract alt1 结果: ZEZO
2025-12-03 02:36:48,063 - INFO - easyocr alt2 结果: ['2720(0.78)']
2025-12-03 02:36:48,165 - INFO - tesseract alt2 结果: ZEZO
2025-12-03 02:36:48,320 - INFO - easyocr alt3 结果: ['720(0.50)']
2025-12-03 02:36:48,434 - INFO - tesseract alt3 结果: Z720
2025-12-03 02:36:48,493 - INFO - easyocr alt4 结果: ['720(0.66)']
2025-12-03 02:36:48,593 - INFO - tesseract alt4 结果: 2720
2025-12-03 02:36:48,652 - INFO - easyocr alt5 结果: ['720(0.54)']
2025-12-03 02:36:48,746 - INFO - tesseract alt5 结果: 
2025-12-03 02:36:48,746 - INFO - 最终验证码识别结果: 2720 (engine=easyocr_alt2, prob=0.7776398062705994)
2025-12-03 02:36:48,746 - INFO - 查找验证码输入框...
2025-12-03 02:36:48,803 - INFO - 验证码填写完成
2025-12-03 02:36:48,803 - INFO - 验证码填写完成，点击登录按钮...
2025-12-03 02:36:48,803 - INFO - 查找并点击登录按钮...
2025-12-03 02:36:48,860 - INFO - 已点击登录按钮
2025-12-03 02:36:55,880 - INFO - 开始填写登录表单...
2025-12-03 02:36:55,943 - INFO - 用户名填写完成
2025-12-03 02:36:56,004 - INFO - 密码填写完成
2025-12-03 02:36:56,004 - INFO - 验证码图片已保存到 /home/runner/work/nju_electric_monitor/nju_electric_monitor/src/../data/captcha_debug.png
2025-12-03 02:36:56,005 - INFO - 验证码识别尝试 18/30
2025-12-03 02:36:56,005 - INFO - 开始识别验证码...（easyocr + pytesseract）
2025-12-03 02:36:56,108 - INFO - easyocr 结果: ['720(0.28)']
2025-12-03 02:36:56,209 - INFO - tesseract 结果: Z72Q
2025-12-03 02:36:56,269 - INFO - easyocr alt1 结果: ['720(0.58)']
2025-12-03 02:36:56,370 - INFO - tesseract alt1 结果: ZEZO
2025-12-03 02:36:56,428 - INFO - easyocr alt2 结果: ['2720(0.78)']
2025-12-03 02:36:56,530 - INFO - tesseract alt2 结果: ZEZO
2025-12-03 02:36:56,685 - INFO - easyocr alt3 结果: ['720(0.50)']
2025-12-03 02:36:56,795 - INFO - tesseract alt3 结果: Z720
2025-12-03 02:36:56,855 - INFO - easyocr alt4 结果: ['720(0.66)']
2025-12-03 02:36:56,956 - INFO - tesseract alt4 结果: 2720
2025-12-03 02:36:57,015 - INFO - easyocr alt5 结果: ['720(0.54)']
2025-12-03 02:36:57,109 - INFO - tesseract alt5 结果: 
2025-12-03 02:36:57,109 - INFO - 最终验证码识别结果: 2720 (engine=easyocr_alt2, prob=0.7776398062705994)
2025-12-03 02:36:57,109 - INFO - 查找验证码输入框...
2025-12-03 02:36:57,167 - INFO - 验证码填写完成
2025-12-03 02:36:57,167 - INFO - 验证码填写完成，点击登录按钮...
2025-12-03 02:36:57,167 - INFO - 查找并点击登录按钮...
2025-12-03 02:36:57,224 - INFO - 已点击登录按钮
2025-12-03 02:37:04,246 - INFO - 开始填写登录表单...
2025-12-03 02:37:04,308 - INFO - 用户名填写完成
2025-12-03 02:37:04,370 - INFO - 密码填写完成
2025-12-03 02:37:04,371 - INFO - 验证码图片已保存到 /home/runner/work/nju_electric_monitor/nju_electric_monitor/src/../data/captcha_debug.png
2025-12-03 02:37:04,371 - INFO - 验证码识别尝试 19/30
2025-12-03 02:37:04,371 - INFO - 开始识别验证码...（easyocr + pytesseract）
2025-12-03 02:37:04,467 - INFO - easyocr 结果: ['720(0.28)']
2025-12-03 02:37:04,563 - INFO - tesseract 结果: Z72Q
2025-12-03 02:37:04,623 - INFO - easyocr alt1 结果: ['720(0.58)']
2025-12-03 02:37:04,724 - INFO - tesseract alt1 结果: ZEZO
2025-12-03 02:37:04,783 - INFO - easyocr alt2 结果: ['2720(0.78)']
2025-12-03 02:37:04,887 - INFO - tesseract alt2 结果: ZEZO
2025-12-03 02:37:05,059 - INFO - easyocr alt3 结果: ['720(0.50)']
2025-12-03 02:37:05,168 - INFO - tesseract alt3 结果: Z720
2025-12-03 02:37:05,234 - INFO - easyocr alt4 结果: ['720(0.66)']
2025-12-03 02:37:05,331 - INFO - tesseract alt4 结果: 2720
2025-12-03 02:37:05,390 - INFO - easyocr alt5 结果: ['720(0.54)']
2025-12-03 02:37:05,483 - INFO - tesseract alt5 结果: 
2025-12-03 02:37:05,483 - INFO - 最终验证码识别结果: 2720 (engine=easyocr_alt2, prob=0.7776398062705994)
2025-12-03 02:37:05,483 - INFO - 查找验证码输入框...
2025-12-03 02:37:05,542 - INFO - 验证码填写完成
2025-12-03 02:37:05,542 - INFO - 验证码填写完成，点击登录按钮...
2025-12-03 02:37:05,542 - INFO - 查找并点击登录按钮...
2025-12-03 02:37:05,936 - INFO - 已点击登录按钮
2025-12-03 02:37:12,957 - INFO - 开始填写登录表单...
2025-12-03 02:37:13,017 - INFO - 用户名填写完成
2025-12-03 02:37:13,075 - INFO - 密码填写完成
2025-12-03 02:37:13,075 - INFO - 验证码图片已保存到 /home/runner/work/nju_electric_monitor/nju_electric_monitor/src/../data/captcha_debug.png
2025-12-03 02:37:13,075 - INFO - 验证码识别尝试 20/30
2025-12-03 02:37:13,075 - INFO - 开始识别验证码...（easyocr + pytesseract）
2025-12-03 02:37:13,172 - INFO - easyocr 结果: ['720(0.28)']
2025-12-03 02:37:13,273 - INFO - tesseract 结果: Z72Q
2025-12-03 02:37:13,333 - INFO - easyocr alt1 结果: ['720(0.58)']
2025-12-03 02:37:13,433 - INFO - tesseract alt1 结果: ZEZO
2025-12-03 02:37:13,501 - INFO - easyocr alt2 结果: ['2720(0.78)']
2025-12-03 02:37:13,602 - INFO - tesseract alt2 结果: ZEZO
2025-12-03 02:37:13,771 - INFO - easyocr alt3 结果: ['720(0.50)']
2025-12-03 02:37:13,881 - INFO - tesseract alt3 结果: Z720
2025-12-03 02:37:13,940 - INFO - easyocr alt4 结果: ['720(0.66)']
2025-12-03 02:37:14,035 - INFO - tesseract alt4 结果: 2720
2025-12-03 02:37:14,093 - INFO - easyocr alt5 结果: ['720(0.54)']
2025-12-03 02:37:14,187 - INFO - tesseract alt5 结果: 
2025-12-03 02:37:14,187 - INFO - 最终验证码识别结果: 2720 (engine=easyocr_alt2, prob=0.7776398062705994)
2025-12-03 02:37:14,187 - INFO - 查找验证码输入框...
2025-12-03 02:37:14,244 - INFO - 验证码填写完成
2025-12-03 02:37:14,244 - INFO - 验证码填写完成，点击登录按钮...
2025-12-03 02:37:14,244 - INFO - 查找并点击登录按钮...
2025-12-03 02:37:14,629 - INFO - 已点击登录按钮
2025-12-03 02:37:21,648 - INFO - 开始填写登录表单...
2025-12-03 02:37:21,708 - INFO - 用户名填写完成
2025-12-03 02:37:21,766 - INFO - 密码填写完成
2025-12-03 02:37:21,767 - INFO - 验证码图片已保存到 /home/runner/work/nju_electric_monitor/nju_electric_monitor/src/../data/captcha_debug.png
2025-12-03 02:37:21,767 - INFO - 验证码识别尝试 21/30
2025-12-03 02:37:21,767 - INFO - 开始识别验证码...（easyocr + pytesseract）
2025-12-03 02:37:21,863 - INFO - easyocr 结果: ['720(0.28)']
2025-12-03 02:37:21,962 - INFO - tesseract 结果: Z72Q
2025-12-03 02:37:22,023 - INFO - easyocr alt1 结果: ['720(0.58)']
2025-12-03 02:37:22,122 - INFO - tesseract alt1 结果: ZEZO
2025-12-03 02:37:22,181 - INFO - easyocr alt2 结果: ['2720(0.78)']
2025-12-03 02:37:22,280 - INFO - tesseract alt2 结果: ZEZO
2025-12-03 02:37:22,435 - INFO - easyocr alt3 结果: ['720(0.50)']
2025-12-03 02:37:22,545 - INFO - tesseract alt3 结果: Z720
2025-12-03 02:37:22,604 - INFO - easyocr alt4 结果: ['720(0.66)']
2025-12-03 02:37:22,704 - INFO - tesseract alt4 结果: 2720
2025-12-03 02:37:22,762 - INFO - easyocr alt5 结果: ['720(0.54)']
2025-12-03 02:37:22,859 - INFO - tesseract alt5 结果: 
2025-12-03 02:37:22,859 - INFO - 最终验证码识别结果: 2720 (engine=easyocr_alt2, prob=0.7776398062705994)
2025-12-03 02:37:22,859 - INFO - 查找验证码输入框...
2025-12-03 02:37:22,915 - INFO - 验证码填写完成
2025-12-03 02:37:22,915 - INFO - 验证码填写完成，点击登录按钮...
2025-12-03 02:37:22,915 - INFO - 查找并点击登录按钮...
2025-12-03 02:37:23,306 - INFO - 已点击登录按钮
2025-12-03 02:37:30,325 - INFO - 开始填写登录表单...
2025-12-03 02:37:30,386 - INFO - 用户名填写完成
2025-12-03 02:37:30,444 - INFO - 密码填写完成
2025-12-03 02:37:30,445 - INFO - 验证码图片已保存到 /home/runner/work/nju_electric_monitor/nju_electric_monitor/src/../data/captcha_debug.png
2025-12-03 02:37:30,445 - INFO - 验证码识别尝试 22/30
2025-12-03 02:37:30,445 - INFO - 开始识别验证码...（easyocr + pytesseract）
2025-12-03 02:37:30,542 - INFO - easyocr 结果: ['720(0.28)']
2025-12-03 02:37:30,645 - INFO - tesseract 结果: Z72Q
2025-12-03 02:37:30,704 - INFO - easyocr alt1 结果: ['720(0.58)']
2025-12-03 02:37:30,804 - INFO - tesseract alt1 结果: ZEZO
2025-12-03 02:37:30,863 - INFO - easyocr alt2 结果: ['2720(0.78)']
2025-12-03 02:37:30,966 - INFO - tesseract alt2 结果: ZEZO
2025-12-03 02:37:31,120 - INFO - easyocr alt3 结果: ['720(0.50)']
2025-12-03 02:37:31,228 - INFO - tesseract alt3 结果: Z720
2025-12-03 02:37:31,288 - INFO - easyocr alt4 结果: ['720(0.66)']
2025-12-03 02:37:31,385 - INFO - tesseract alt4 结果: 2720
2025-12-03 02:37:31,444 - INFO - easyocr alt5 结果: ['720(0.54)']
2025-12-03 02:37:31,538 - INFO - tesseract alt5 结果: 
2025-12-03 02:37:31,538 - INFO - 最终验证码识别结果: 2720 (engine=easyocr_alt2, prob=0.7776398062705994)
2025-12-03 02:37:31,538 - INFO - 查找验证码输入框...
2025-12-03 02:37:31,593 - INFO - 验证码填写完成
2025-12-03 02:37:31,593 - INFO - 验证码填写完成，点击登录按钮...
2025-12-03 02:37:31,593 - INFO - 查找并点击登录按钮...
2025-12-03 02:37:32,003 - INFO - 已点击登录按钮
2025-12-03 02:37:39,023 - INFO - 开始填写登录表单...
2025-12-03 02:37:39,084 - INFO - 用户名填写完成
2025-12-03 02:37:39,142 - INFO - 密码填写完成
2025-12-03 02:37:39,143 - INFO - 验证码图片已保存到 /home/runner/work/nju_electric_monitor/nju_electric_monitor/src/../data/captcha_debug.png
2025-12-03 02:37:39,143 - INFO - 验证码识别尝试 23/30
2025-12-03 02:37:39,143 - INFO - 开始识别验证码...（easyocr + pytesseract）
2025-12-03 02:37:39,245 - INFO - easyocr 结果: ['720(0.28)']
2025-12-03 02:37:39,349 - INFO - tesseract 结果: Z72Q
2025-12-03 02:37:39,409 - INFO - easyocr alt1 结果: ['720(0.58)']
2025-12-03 02:37:39,512 - INFO - tesseract alt1 结果: ZEZO
2025-12-03 02:37:39,572 - INFO - easyocr alt2 结果: ['2720(0.78)']
2025-12-03 02:37:39,673 - INFO - tesseract alt2 结果: ZEZO
2025-12-03 02:37:39,829 - INFO - easyocr alt3 结果: ['720(0.50)']
2025-12-03 02:37:39,939 - INFO - tesseract alt3 结果: Z720
2025-12-03 02:37:40,000 - INFO - easyocr alt4 结果: ['720(0.66)']
2025-12-03 02:37:40,096 - INFO - tesseract alt4 结果: 2720
2025-12-03 02:37:40,156 - INFO - easyocr alt5 结果: ['720(0.54)']
2025-12-03 02:37:40,250 - INFO - tesseract alt5 结果: 
2025-12-03 02:37:40,250 - INFO - 最终验证码识别结果: 2720 (engine=easyocr_alt2, prob=0.7776398062705994)
2025-12-03 02:37:40,250 - INFO - 查找验证码输入框...
2025-12-03 02:37:40,307 - INFO - 验证码填写完成
2025-12-03 02:37:40,307 - INFO - 验证码填写完成，点击登录按钮...
2025-12-03 02:37:40,307 - INFO - 查找并点击登录按钮...
2025-12-03 02:37:40,674 - INFO - 已点击登录按钮
2025-12-03 02:37:47,694 - INFO - 开始填写登录表单...
2025-12-03 02:37:47,755 - INFO - 用户名填写完成
2025-12-03 02:37:47,814 - INFO - 密码填写完成
2025-12-03 02:37:47,815 - INFO - 验证码图片已保存到 /home/runner/work/nju_electric_monitor/nju_electric_monitor/src/../data/captcha_debug.png
2025-12-03 02:37:47,815 - INFO - 验证码识别尝试 24/30
2025-12-03 02:37:47,815 - INFO - 开始识别验证码...（easyocr + pytesseract）
2025-12-03 02:37:47,921 - INFO - easyocr 结果: ['720(0.28)']
2025-12-03 02:37:48,020 - INFO - tesseract 结果: Z72Q
2025-12-03 02:37:48,080 - INFO - easyocr alt1 结果: ['720(0.58)']
2025-12-03 02:37:48,183 - INFO - tesseract alt1 结果: ZEZO
2025-12-03 02:37:48,243 - INFO - easyocr alt2 结果: ['2720(0.78)']
2025-12-03 02:37:48,345 - INFO - tesseract alt2 结果: ZEZO
2025-12-03 02:37:48,500 - INFO - easyocr alt3 结果: ['720(0.50)']
2025-12-03 02:37:48,609 - INFO - tesseract alt3 结果: Z720
2025-12-03 02:37:48,669 - INFO - easyocr alt4 结果: ['720(0.66)']
2025-12-03 02:37:48,767 - INFO - tesseract alt4 结果: 2720
2025-12-03 02:37:48,826 - INFO - easyocr alt5 结果: ['720(0.54)']
2025-12-03 02:37:48,921 - INFO - tesseract alt5 结果: 
2025-12-03 02:37:48,921 - INFO - 最终验证码识别结果: 2720 (engine=easyocr_alt2, prob=0.7776398062705994)
2025-12-03 02:37:48,921 - INFO - 查找验证码输入框...
2025-12-03 02:37:48,977 - INFO - 验证码填写完成
2025-12-03 02:37:48,978 - INFO - 验证码填写完成，点击登录按钮...
2025-12-03 02:37:48,978 - INFO - 查找并点击登录按钮...
2025-12-03 02:37:49,370 - INFO - 已点击登录按钮
2025-12-03 02:37:56,390 - INFO - 开始填写登录表单...
2025-12-03 02:37:56,450 - INFO - 用户名填写完成
2025-12-03 02:37:56,509 - INFO - 密码填写完成
2025-12-03 02:37:56,510 - INFO - 验证码图片已保存到 /home/runner/work/nju_electric_monitor/nju_electric_monitor/src/../data/captcha_debug.png
2025-12-03 02:37:56,510 - INFO - 验证码识别尝试 25/30
2025-12-03 02:37:56,510 - INFO - 开始识别验证码...（easyocr + pytesseract）
2025-12-03 02:37:56,605 - INFO - easyocr 结果: ['720(0.28)']
2025-12-03 02:37:56,704 - INFO - tesseract 结果: Z72Q
2025-12-03 02:37:56,763 - INFO - easyocr alt1 结果: ['720(0.58)']
2025-12-03 02:37:56,864 - INFO - tesseract alt1 结果: ZEZO
2025-12-03 02:37:56,923 - INFO - easyocr alt2 结果: ['2720(0.78)']
2025-12-03 02:37:57,023 - INFO - tesseract alt2 结果: ZEZO
2025-12-03 02:37:57,177 - INFO - easyocr alt3 结果: ['720(0.50)']
2025-12-03 02:37:57,285 - INFO - tesseract alt3 结果: Z720
2025-12-03 02:37:57,344 - INFO - easyocr alt4 结果: ['720(0.66)']
2025-12-03 02:37:57,440 - INFO - tesseract alt4 结果: 2720
2025-12-03 02:37:57,511 - INFO - easyocr alt5 结果: ['720(0.54)']
2025-12-03 02:37:57,604 - INFO - tesseract alt5 结果: 
2025-12-03 02:37:57,604 - INFO - 最终验证码识别结果: 2720 (engine=easyocr_alt2, prob=0.7776398062705994)
2025-12-03 02:37:57,604 - INFO - 查找验证码输入框...
2025-12-03 02:37:57,659 - INFO - 验证码填写完成
2025-12-03 02:37:57,659 - INFO - 验证码填写完成，点击登录按钮...
2025-12-03 02:37:57,659 - INFO - 查找并点击登录按钮...
2025-12-03 02:37:58,031 - INFO - 已点击登录按钮
2025-12-03 02:38:05,051 - INFO - 开始填写登录表单...
2025-12-03 02:38:05,112 - INFO - 用户名填写完成
2025-12-03 02:38:05,171 - INFO - 密码填写完成
2025-12-03 02:38:05,171 - INFO - 验证码图片已保存到 /home/runner/work/nju_electric_monitor/nju_electric_monitor/src/../data/captcha_debug.png
2025-12-03 02:38:05,172 - INFO - 验证码识别尝试 26/30
2025-12-03 02:38:05,172 - INFO - 开始识别验证码...（easyocr + pytesseract）
2025-12-03 02:38:05,269 - INFO - easyocr 结果: ['720(0.28)']
2025-12-03 02:38:05,371 - INFO - tesseract 结果: Z72Q
2025-12-03 02:38:05,432 - INFO - easyocr alt1 结果: ['720(0.58)']
2025-12-03 02:38:05,532 - INFO - tesseract alt1 结果: ZEZO
2025-12-03 02:38:05,592 - INFO - easyocr alt2 结果: ['2720(0.78)']
2025-12-03 02:38:05,692 - INFO - tesseract alt2 结果: ZEZO
2025-12-03 02:38:05,850 - INFO - easyocr alt3 结果: ['720(0.50)']
2025-12-03 02:38:05,959 - INFO - tesseract alt3 结果: Z720
2025-12-03 02:38:06,018 - INFO - easyocr alt4 结果: ['720(0.66)']
2025-12-03 02:38:06,118 - INFO - tesseract alt4 结果: 2720
2025-12-03 02:38:06,178 - INFO - easyocr alt5 结果: ['720(0.54)']
2025-12-03 02:38:06,277 - INFO - tesseract alt5 结果: 
2025-12-03 02:38:06,277 - INFO - 最终验证码识别结果: 2720 (engine=easyocr_alt2, prob=0.7776398062705994)
2025-12-03 02:38:06,277 - INFO - 查找验证码输入框...
2025-12-03 02:38:06,332 - INFO - 验证码填写完成
2025-12-03 02:38:06,332 - INFO - 验证码填写完成，点击登录按钮...
2025-12-03 02:38:06,332 - INFO - 查找并点击登录按钮...
2025-12-03 02:38:06,389 - INFO - 已点击登录按钮
2025-12-03 02:38:13,409 - INFO - 开始填写登录表单...
2025-12-03 02:38:13,472 - INFO - 用户名填写完成
2025-12-03 02:38:13,530 - INFO - 密码填写完成
2025-12-03 02:38:13,530 - INFO - 验证码图片已保存到 /home/runner/work/nju_electric_monitor/nju_electric_monitor/src/../data/captcha_debug.png
2025-12-03 02:38:13,530 - INFO - 验证码识别尝试 27/30
2025-12-03 02:38:13,530 - INFO - 开始识别验证码...（easyocr + pytesseract）
2025-12-03 02:38:13,627 - INFO - easyocr 结果: ['720(0.28)']
2025-12-03 02:38:13,724 - INFO - tesseract 结果: Z72Q
2025-12-03 02:38:13,783 - INFO - easyocr alt1 结果: ['720(0.58)']
2025-12-03 02:38:13,889 - INFO - tesseract alt1 结果: ZEZO
2025-12-03 02:38:13,948 - INFO - easyocr alt2 结果: ['2720(0.78)']
2025-12-03 02:38:14,047 - INFO - tesseract alt2 结果: ZEZO
2025-12-03 02:38:14,202 - INFO - easyocr alt3 结果: ['720(0.50)']
2025-12-03 02:38:14,313 - INFO - tesseract alt3 结果: Z720
2025-12-03 02:38:14,371 - INFO - easyocr alt4 结果: ['720(0.66)']
2025-12-03 02:38:14,469 - INFO - tesseract alt4 结果: 2720
2025-12-03 02:38:14,528 - INFO - easyocr alt5 结果: ['720(0.54)']
2025-12-03 02:38:14,621 - INFO - tesseract alt5 结果: 
2025-12-03 02:38:14,621 - INFO - 最终验证码识别结果: 2720 (engine=easyocr_alt2, prob=0.7776398062705994)
2025-12-03 02:38:14,621 - INFO - 查找验证码输入框...
2025-12-03 02:38:14,677 - INFO - 验证码填写完成
2025-12-03 02:38:14,677 - INFO - 验证码填写完成，点击登录按钮...
2025-12-03 02:38:14,677 - INFO - 查找并点击登录按钮...
2025-12-03 02:38:15,051 - INFO - 已点击登录按钮
2025-12-03 02:38:22,072 - INFO - 开始填写登录表单...
2025-12-03 02:38:22,134 - INFO - 用户名填写完成
2025-12-03 02:38:22,195 - INFO - 密码填写完成
2025-12-03 02:38:22,195 - INFO - 验证码图片已保存到 /home/runner/work/nju_electric_monitor/nju_electric_monitor/src/../data/captcha_debug.png
2025-12-03 02:38:22,195 - INFO - 验证码识别尝试 28/30
2025-12-03 02:38:22,195 - INFO - 开始识别验证码...（easyocr + pytesseract）
2025-12-03 02:38:22,307 - INFO - easyocr 结果: ['720(0.28)']
2025-12-03 02:38:22,409 - INFO - tesseract 结果: Z72Q
2025-12-03 02:38:22,469 - INFO - easyocr alt1 结果: ['720(0.58)']
2025-12-03 02:38:22,574 - INFO - tesseract alt1 结果: ZEZO
2025-12-03 02:38:22,634 - INFO - easyocr alt2 结果: ['2720(0.78)']
2025-12-03 02:38:22,734 - INFO - tesseract alt2 结果: ZEZO
2025-12-03 02:38:22,891 - INFO - easyocr alt3 结果: ['720(0.50)']
2025-12-03 02:38:23,002 - INFO - tesseract alt3 结果: Z720
2025-12-03 02:38:23,062 - INFO - easyocr alt4 结果: ['720(0.66)']
2025-12-03 02:38:23,158 - INFO - tesseract alt4 结果: 2720
2025-12-03 02:38:23,235 - INFO - easyocr alt5 结果: ['720(0.54)']
2025-12-03 02:38:23,330 - INFO - tesseract alt5 结果: 
2025-12-03 02:38:23,330 - INFO - 最终验证码识别结果: 2720 (engine=easyocr_alt2, prob=0.7776398062705994)
2025-12-03 02:38:23,330 - INFO - 查找验证码输入框...
2025-12-03 02:38:23,385 - INFO - 验证码填写完成
2025-12-03 02:38:23,386 - INFO - 验证码填写完成，点击登录按钮...
2025-12-03 02:38:23,386 - INFO - 查找并点击登录按钮...
2025-12-03 02:38:23,767 - INFO - 已点击登录按钮
2025-12-03 02:38:30,787 - INFO - 开始填写登录表单...
2025-12-03 02:38:30,847 - INFO - 用户名填写完成
2025-12-03 02:38:30,904 - INFO - 密码填写完成
2025-12-03 02:38:30,905 - INFO - 验证码图片已保存到 /home/runner/work/nju_electric_monitor/nju_electric_monitor/src/../data/captcha_debug.png
2025-12-03 02:38:30,905 - INFO - 验证码识别尝试 29/30
2025-12-03 02:38:30,905 - INFO - 开始识别验证码...（easyocr + pytesseract）
2025-12-03 02:38:31,003 - INFO - easyocr 结果: ['720(0.28)']
2025-12-03 02:38:31,100 - INFO - tesseract 结果: Z72Q
2025-12-03 02:38:31,160 - INFO - easyocr alt1 结果: ['720(0.58)']
2025-12-03 02:38:31,263 - INFO - tesseract alt1 结果: ZEZO
2025-12-03 02:38:31,331 - INFO - easyocr alt2 结果: ['2720(0.78)']
2025-12-03 02:38:31,431 - INFO - tesseract alt2 结果: ZEZO
2025-12-03 02:38:31,587 - INFO - easyocr alt3 结果: ['720(0.50)']
2025-12-03 02:38:31,697 - INFO - tesseract alt3 结果: Z720
2025-12-03 02:38:31,756 - INFO - easyocr alt4 结果: ['720(0.66)']
2025-12-03 02:38:31,851 - INFO - tesseract alt4 结果: 2720
2025-12-03 02:38:31,910 - INFO - easyocr alt5 结果: ['720(0.54)']
2025-12-03 02:38:32,002 - INFO - tesseract alt5 结果: 
2025-12-03 02:38:32,002 - INFO - 最终验证码识别结果: 2720 (engine=easyocr_alt2, prob=0.7776398062705994)
2025-12-03 02:38:32,002 - INFO - 查找验证码输入框...
2025-12-03 02:38:32,058 - INFO - 验证码填写完成
2025-12-03 02:38:32,058 - INFO - 验证码填写完成，点击登录按钮...
2025-12-03 02:38:32,058 - INFO - 查找并点击登录按钮...
2025-12-03 02:38:32,429 - INFO - 已点击登录按钮
2025-12-03 02:38:39,449 - INFO - 开始填写登录表单...
2025-12-03 02:38:39,508 - INFO - 用户名填写完成
2025-12-03 02:38:39,565 - INFO - 密码填写完成
2025-12-03 02:38:39,566 - INFO - 验证码图片已保存到 /home/runner/work/nju_electric_monitor/nju_electric_monitor/src/../data/captcha_debug.png
2025-12-03 02:38:39,566 - INFO - 验证码识别尝试 30/30
2025-12-03 02:38:39,566 - INFO - 开始识别验证码...（easyocr + pytesseract）
2025-12-03 02:38:39,663 - INFO - easyocr 结果: ['720(0.28)']
2025-12-03 02:38:39,761 - INFO - tesseract 结果: Z72Q
2025-12-03 02:38:39,821 - INFO - easyocr alt1 结果: ['720(0.58)']
2025-12-03 02:38:39,921 - INFO - tesseract alt1 结果: ZEZO
2025-12-03 02:38:39,980 - INFO - easyocr alt2 结果: ['2720(0.78)']
2025-12-03 02:38:40,080 - INFO - tesseract alt2 结果: ZEZO
2025-12-03 02:38:40,234 - INFO - easyocr alt3 结果: ['720(0.50)']
2025-12-03 02:38:40,347 - INFO - tesseract alt3 结果: Z720
2025-12-03 02:38:40,406 - INFO - easyocr alt4 结果: ['720(0.66)']
2025-12-03 02:38:40,503 - INFO - tesseract alt4 结果: 2720
2025-12-03 02:38:40,562 - INFO - easyocr alt5 结果: ['720(0.54)']
2025-12-03 02:38:40,659 - INFO - tesseract alt5 结果: 
2025-12-03 02:38:40,659 - INFO - 最终验证码识别结果: 2720 (engine=easyocr_alt2, prob=0.7776398062705994)
2025-12-03 02:38:40,659 - INFO - 查找验证码输入框...
2025-12-03 02:38:40,714 - INFO - 验证码填写完成
2025-12-03 02:38:40,714 - INFO - 验证码填写完成，点击登录按钮...
2025-12-03 02:38:40,715 - INFO - 查找并点击登录按钮...
2025-12-03 02:38:40,771 - INFO - 已点击登录按钮
2025-12-03 02:38:47,791 - WARNING - 自动验证码识别失败，请手动输入
请手动输入验证码: 2025-12-03 02:38:47,791 - ERROR - 处理验证码时出错: EOF when reading a line
2025-12-03 02:38:47,791 - WARNING - 验证码处理失败，但继续尝试登录
2025-12-03 02:38:47,791 - INFO - 查找并点击登录按钮...
2025-12-03 02:38:47,847 - INFO - 已点击登录按钮
2025-12-03 02:38:52,847 - INFO - 等待登录成功...
2025-12-03 02:38:57,852 - INFO - 登录可能成功，继续下一步...
2025-12-03 02:38:57,852 - INFO - 查找'去充值'按钮...
2025-12-03 02:38:57,914 - INFO - 已点击充值按钮
2025-12-03 02:39:00,914 - INFO - 开始提取剩余电量信息...
2025-12-03 02:39:00,919 - INFO - 页面源码已保存到 /home/runner/work/nju_electric_monitor/nju_electric_monitor/src/../data/debug_page_source.html
2025-12-03 02:39:00,928 - WARNING - 未找到电量信息元素，尝试其他方法...
2025-12-03 02:39:00,936 - WARNING - 未找到i标签中的电量信息，尝试其他方法...
2025-12-03 02:39:00,939 - INFO - 在页面源码中查找电量信息...
2025-12-03 02:39:00,951 - WARNING - 未能提取到剩余电量信息
2025-12-03 02:39:00,951 - WARNING - 没有电量数据可保存
2025-12-03 02:39:00,951 - INFO - 监控流程完成
Wrapper end: 2025-12-03T10:39:01.074265+08:00
