Wrapper start: 2026-01-30T21:50:19.310771+08:00

=== ENVIRONMENT SUMMARY ===
Environment variable keys (count=119):
- ACCEPT_EULA
- ACTIONS_RUNNER_ACTION_ARCHIVE_CACHE
- AGENT_TOOLSDIRECTORY
- ANDROID_HOME
- ANDROID_NDK
- ANDROID_NDK_HOME
- ANDROID_NDK_LATEST_HOME
- ANDROID_NDK_ROOT
- ANDROID_SDK_ROOT
- ANT_HOME
NJU_USERNAME set: yes
NJU_PASSWORD set: yes

=== DISK USAGE (df -h) ===
Filesystem      Size  Used Avail Use% Mounted on
/dev/root       145G   62G   83G  43% /
tmpfs           7.9G   84K  7.9G   1% /dev/shm
tmpfs           3.2G  2.5M  3.2G   1% /run
tmpfs           5.0M     0  5.0M   0% /run/lock
efivarfs        128M   32K  128M   1% /sys/firmware/efi/efivars
/dev/sda16      881M   62M  758M   8% /boot
/dev/sda15      105M  6.2M   99M   6% /boot/efi
tmpfs           1.6G   12K  1.6G   1% /run/user/1001


=== KEY DIR SIZES ===
14M	/home/runner/work/nju_electric_monitor/nju_electric_monitor/src/../logs

284K	/home/runner/work/nju_electric_monitor/nju_electric_monitor/src/../data

101M	/home/runner/work/nju_electric_monitor/nju_electric_monitor/src/../models


=== CONFIG_WORKFLOW SUMMARY ===
{
  "username": "",
  "password": "",
  "auto_login": true,
  "headless_mode": true,
  "captcha_retry_count": 30,
  "captcha_confidence_threshold": 0.3,
  "save_captcha_images": true,
  "log_level": "INFO"
}

=== FONT DIAGNOSTICS ===
Found system fonts (ttf) count: 59
- /usr/share/fonts/truetype/lato/Lato-ThinItalic.ttf
- /usr/share/fonts/truetype/wqy/wqy-zenhei.ttc
- /usr/share/fonts/truetype/lato/Lato-Medium.ttf
- /usr/share/fonts/truetype/lato/Lato-Italic.ttf
- /usr/share/fonts/truetype/dejavu/DejaVuSerif.ttf
- /usr/share/fonts/truetype/lato/Lato-HairlineItalic.ttf
- /usr/share/fonts/truetype/liberation/LiberationMono-BoldItalic.ttf
- /usr/share/fonts/truetype/lato/Lato-Bold.ttf
- /usr/share/fonts/truetype/liberation/LiberationSerif-Bold.ttf
- /usr/share/fonts/truetype/lato/Lato-Black.ttf
- /usr/share/fonts/truetype/dejavu/DejaVuSansMono-Bold.ttf
- /usr/share/fonts/truetype/liberation/LiberationSans-Regular.ttf
- /usr/share/fonts/truetype/dejavu/DejaVuSerifCondensed.ttf
- /usr/share/fonts/truetype/liberation/LiberationSans-Italic.ttf
- /usr/share/fonts/truetype/liberation/LiberationSerif-Italic.ttf
- /usr/share/fonts/truetype/lato/Lato-MediumItalic.ttf
- /usr/share/fonts/truetype/liberation/LiberationMono-Regular.ttf
- /usr/share/fonts/truetype/lato/Lato-LightItalic.ttf
- /usr/share/fonts/truetype/lato/Lato-BlackItalic.ttf
- /usr/share/fonts/truetype/dejavu/DejaVuSerifCondensed-BoldItalic.ttf
- /usr/share/fonts/truetype/lato/Lato-HeavyItalic.ttf
- /usr/share/fonts/truetype/dejavu/DejaVuSerifCondensed-Bold.ttf
- /usr/share/fonts/truetype/dejavu/DejaVuSans-ExtraLight.ttf
- /usr/share/fonts/truetype/dejavu/DejaVuSerif-BoldItalic.ttf
- /usr/share/fonts/truetype/dejavu/DejaVuSans.ttf
- /usr/share/fonts/truetype/dejavu/DejaVuSerifCondensed-Italic.ttf
- /usr/share/fonts/opentype/noto/NotoSansCJK-Regular.ttc
- /usr/share/fonts/truetype/liberation/LiberationSerif-BoldItalic.ttf
- /usr/share/fonts/truetype/lato/Lato-Hairline.ttf
- /usr/share/fonts/opentype/noto/NotoSansCJK-Bold.ttc
- /usr/share/fonts/truetype/lato/Lato-Regular.ttf
- /usr/share/fonts/truetype/dejavu/DejaVuSansCondensed-Oblique.ttf
- /usr/share/fonts/truetype/wqy/wqy-microhei.ttc
- /usr/share/fonts/truetype/liberation/LiberationMono-Italic.ttf
- /usr/share/fonts/truetype/dejavu/DejaVuSans-Oblique.ttf
- /usr/share/fonts/truetype/lato/Lato-Semibold.ttf
- /usr/share/fonts/truetype/liberation/LiberationSans-Bold.ttf
- /usr/share/fonts/truetype/liberation/LiberationSans-BoldItalic.ttf
- /usr/share/fonts/opentype/noto/NotoSerifCJK-Regular.ttc
- /usr/share/fonts/truetype/dejavu/DejaVuSansMono.ttf
- /usr/share/fonts/truetype/lato/Lato-Thin.ttf
- /usr/share/fonts/truetype/dejavu/DejaVuSansMono-BoldOblique.ttf
- /usr/share/fonts/truetype/dejavu/DejaVuSerif-Bold.ttf
- /usr/share/fonts/truetype/dejavu/DejaVuSansCondensed.ttf
- /usr/share/fonts/truetype/lato/Lato-BoldItalic.ttf
- /usr/share/fonts/truetype/dejavu/DejaVuSansCondensed-BoldOblique.ttf
- /usr/share/fonts/truetype/dejavu/DejaVuSansMono-Oblique.ttf
- /usr/share/fonts/truetype/dejavu/DejaVuSans-BoldOblique.ttf
- /usr/share/fonts/truetype/lato/Lato-SemiboldItalic.ttf
- /usr/share/fonts/truetype/dejavu/DejaVuMathTeXGyre.ttf

FontManager samples (name -> path):
STIXSizeFourSym -> /opt/hostedtoolcache/Python/3.14.2/x64/lib/python3.14/site-packages/matplotlib/mpl-data/fonts/ttf/STIXSizFourSymBol.ttf
STIXNonUnicode -> /opt/hostedtoolcache/Python/3.14.2/x64/lib/python3.14/site-packages/matplotlib/mpl-data/fonts/ttf/STIXNonUni.ttf
STIXSizeFiveSym -> /opt/hostedtoolcache/Python/3.14.2/x64/lib/python3.14/site-packages/matplotlib/mpl-data/fonts/ttf/STIXSizFiveSymReg.ttf
STIXGeneral -> /opt/hostedtoolcache/Python/3.14.2/x64/lib/python3.14/site-packages/matplotlib/mpl-data/fonts/ttf/STIXGeneralItalic.ttf
cmex10 -> /opt/hostedtoolcache/Python/3.14.2/x64/lib/python3.14/site-packages/matplotlib/mpl-data/fonts/ttf/cmex10.ttf
DejaVu Sans -> /opt/hostedtoolcache/Python/3.14.2/x64/lib/python3.14/site-packages/matplotlib/mpl-data/fonts/ttf/DejaVuSans-Bold.ttf
DejaVu Sans Mono -> /opt/hostedtoolcache/Python/3.14.2/x64/lib/python3.14/site-packages/matplotlib/mpl-data/fonts/ttf/DejaVuSansMono-Bold.ttf
DejaVu Sans -> /opt/hostedtoolcache/Python/3.14.2/x64/lib/python3.14/site-packages/matplotlib/mpl-data/fonts/ttf/DejaVuSans.ttf
STIXSizeTwoSym -> /opt/hostedtoolcache/Python/3.14.2/x64/lib/python3.14/site-packages/matplotlib/mpl-data/fonts/ttf/STIXSizTwoSymBol.ttf
DejaVu Serif Display -> /opt/hostedtoolcache/Python/3.14.2/x64/lib/python3.14/site-packages/matplotlib/mpl-data/fonts/ttf/DejaVuSerifDisplay.ttf
STIXSizeThreeSym -> /opt/hostedtoolcache/Python/3.14.2/x64/lib/python3.14/site-packages/matplotlib/mpl-data/fonts/ttf/STIXSizThreeSymBol.ttf
DejaVu Serif -> /opt/hostedtoolcache/Python/3.14.2/x64/lib/python3.14/site-packages/matplotlib/mpl-data/fonts/ttf/DejaVuSerif.ttf
cmmi10 -> /opt/hostedtoolcache/Python/3.14.2/x64/lib/python3.14/site-packages/matplotlib/mpl-data/fonts/ttf/cmmi10.ttf
DejaVu Serif -> /opt/hostedtoolcache/Python/3.14.2/x64/lib/python3.14/site-packages/matplotlib/mpl-data/fonts/ttf/DejaVuSerif-Bold.ttf
DejaVu Sans -> /opt/hostedtoolcache/Python/3.14.2/x64/lib/python3.14/site-packages/matplotlib/mpl-data/fonts/ttf/DejaVuSans-Oblique.ttf
DejaVu Sans Mono -> /opt/hostedtoolcache/Python/3.14.2/x64/lib/python3.14/site-packages/matplotlib/mpl-data/fonts/ttf/DejaVuSansMono-Oblique.ttf
DejaVu Sans Mono -> /opt/hostedtoolcache/Python/3.14.2/x64/lib/python3.14/site-packages/matplotlib/mpl-data/fonts/ttf/DejaVuSansMono-BoldOblique.ttf
STIXGeneral -> /opt/hostedtoolcache/Python/3.14.2/x64/lib/python3.14/site-packages/matplotlib/mpl-data/fonts/ttf/STIXGeneralBol.ttf
cmb10 -> /opt/hostedtoolcache/Python/3.14.2/x64/lib/python3.14/site-packages/matplotlib/mpl-data/fonts/ttf/cmb10.ttf
DejaVu Sans Display -> /opt/hostedtoolcache/Python/3.14.2/x64/lib/python3.14/site-packages/matplotlib/mpl-data/fonts/ttf/DejaVuSansDisplay.ttf
STIXNonUnicode -> /opt/hostedtoolcache/Python/3.14.2/x64/lib/python3.14/site-packages/matplotlib/mpl-data/fonts/ttf/STIXNonUniBolIta.ttf
cmtt10 -> /opt/hostedtoolcache/Python/3.14.2/x64/lib/python3.14/site-packages/matplotlib/mpl-data/fonts/ttf/cmtt10.ttf
STIXSizeOneSym -> /opt/hostedtoolcache/Python/3.14.2/x64/lib/python3.14/site-packages/matplotlib/mpl-data/fonts/ttf/STIXSizOneSymReg.ttf
STIXSizeOneSym -> /opt/hostedtoolcache/Python/3.14.2/x64/lib/python3.14/site-packages/matplotlib/mpl-data/fonts/ttf/STIXSizOneSymBol.ttf
STIXSizeTwoSym -> /opt/hostedtoolcache/Python/3.14.2/x64/lib/python3.14/site-packages/matplotlib/mpl-data/fonts/ttf/STIXSizTwoSymReg.ttf
STIXGeneral -> /opt/hostedtoolcache/Python/3.14.2/x64/lib/python3.14/site-packages/matplotlib/mpl-data/fonts/ttf/STIXGeneralBolIta.ttf
STIXGeneral -> /opt/hostedtoolcache/Python/3.14.2/x64/lib/python3.14/site-packages/matplotlib/mpl-data/fonts/ttf/STIXGeneral.ttf
DejaVu Serif -> /opt/hostedtoolcache/Python/3.14.2/x64/lib/python3.14/site-packages/matplotlib/mpl-data/fonts/ttf/DejaVuSerif-BoldItalic.ttf
STIXNonUnicode -> /opt/hostedtoolcache/Python/3.14.2/x64/lib/python3.14/site-packages/matplotlib/mpl-data/fonts/ttf/STIXNonUniIta.ttf
cmsy10 -> /opt/hostedtoolcache/Python/3.14.2/x64/lib/python3.14/site-packages/matplotlib/mpl-data/fonts/ttf/cmsy10.ttf
STIXSizeThreeSym -> /opt/hostedtoolcache/Python/3.14.2/x64/lib/python3.14/site-packages/matplotlib/mpl-data/fonts/ttf/STIXSizThreeSymReg.ttf
STIXNonUnicode -> /opt/hostedtoolcache/Python/3.14.2/x64/lib/python3.14/site-packages/matplotlib/mpl-data/fonts/ttf/STIXNonUniBol.ttf
DejaVu Serif -> /opt/hostedtoolcache/Python/3.14.2/x64/lib/python3.14/site-packages/matplotlib/mpl-data/fonts/ttf/DejaVuSerif-Italic.ttf
DejaVu Sans Mono -> /opt/hostedtoolcache/Python/3.14.2/x64/lib/python3.14/site-packages/matplotlib/mpl-data/fonts/ttf/DejaVuSansMono.ttf
cmr10 -> /opt/hostedtoolcache/Python/3.14.2/x64/lib/python3.14/site-packages/matplotlib/mpl-data/fonts/ttf/cmr10.ttf
STIXSizeFourSym -> /opt/hostedtoolcache/Python/3.14.2/x64/lib/python3.14/site-packages/matplotlib/mpl-data/fonts/ttf/STIXSizFourSymReg.ttf
DejaVu Sans -> /opt/hostedtoolcache/Python/3.14.2/x64/lib/python3.14/site-packages/matplotlib/mpl-data/fonts/ttf/DejaVuSans-BoldOblique.ttf
cmss10 -> /opt/hostedtoolcache/Python/3.14.2/x64/lib/python3.14/site-packages/matplotlib/mpl-data/fonts/ttf/cmss10.ttf
Lato -> /usr/share/fonts/truetype/lato/Lato-ThinItalic.ttf
WenQuanYi Zen Hei -> /usr/share/fonts/truetype/wqy/wqy-zenhei.ttc
Lato -> /usr/share/fonts/truetype/lato/Lato-Medium.ttf
Lato -> /usr/share/fonts/truetype/lato/Lato-Italic.ttf
DejaVu Serif -> /usr/share/fonts/truetype/dejavu/DejaVuSerif.ttf
Lato -> /usr/share/fonts/truetype/lato/Lato-HairlineItalic.ttf
Liberation Mono -> /usr/share/fonts/truetype/liberation/LiberationMono-BoldItalic.ttf
Lato -> /usr/share/fonts/truetype/lato/Lato-Bold.ttf
Liberation Serif -> /usr/share/fonts/truetype/liberation/LiberationSerif-Bold.ttf
Lato -> /usr/share/fonts/truetype/lato/Lato-Black.ttf
DejaVu Sans Mono -> /usr/share/fonts/truetype/dejavu/DejaVuSansMono-Bold.ttf
Liberation Sans -> /usr/share/fonts/truetype/liberation/LiberationSans-Regular.ttf

Preferred font find results:
findfont('Microsoft YaHei') failed: Failed to find font Microsoft YaHei:style=normal:variant=normal:weight=normal:stretch=normal:size=10.0, and fallback to the default font was disabled
findfont('Segoe UI') failed: Failed to find font Segoe UI:style=normal:variant=normal:weight=normal:stretch=normal:size=10.0, and fallback to the default font was disabled
findfont('Arial Unicode MS') failed: Failed to find font Arial Unicode MS:style=normal:variant=normal:weight=normal:stretch=normal:size=10.0, and fallback to the default font was disabled
findfont('Noto Sans CJK SC') failed: Failed to find font Noto Sans CJK SC:style=normal:variant=normal:weight=normal:stretch=normal:size=10.0, and fallback to the default font was disabled
findfont('WenQuanYi Micro Hei') -> /usr/share/fonts/truetype/wqy/wqy-microhei.ttc
findfont('WenQuanYi Zen Hei') -> /usr/share/fonts/truetype/wqy/wqy-zenhei.ttc
findfont('DejaVu Sans') -> /opt/hostedtoolcache/Python/3.14.2/x64/lib/python3.14/site-packages/matplotlib/mpl-data/fonts/ttf/DejaVuSans.ttf

fc-list output sample (truncated to 10000 chars):
Liberation Mono - /usr/share/fonts/truetype/liberation/LiberationMono-Bold.ttf
Liberation Serif - /usr/share/fonts/truetype/liberation/LiberationSerif-BoldItalic.ttf
Lato,Lato Hairline - /usr/share/fonts/truetype/lato/Lato-Hairline.ttf
Lato,Lato Heavy - /usr/share/fonts/truetype/lato/Lato-Heavy.ttf
DejaVu Serif,DejaVu Serif Condensed - /usr/share/fonts/truetype/dejavu/DejaVuSerifCondensed-Italic.ttf
Lato,Lato Medium - /usr/share/fonts/truetype/lato/Lato-Medium.ttf
Lato,Lato Light - /usr/share/fonts/truetype/lato/Lato-LightItalic.ttf
WenQuanYi Zen Hei Sharp,文泉驛點陣正黑,文泉驿点阵正黑 - /usr/share/fonts/truetype/wqy/wqy-zenhei.ttc
WenQuanYi Micro Hei Mono,文泉驛等寬微米黑,文泉驿等宽微米黑 - /usr/share/fonts/truetype/wqy/wqy-microhei.ttc
Noto Sans Mono CJK KR - /usr/share/fonts/opentype/noto/NotoSansCJK-Bold.ttc
DejaVu Serif - /usr/share/fonts/truetype/dejavu/DejaVuSerif-Bold.ttf
Noto Sans Mono CJK JP - /usr/share/fonts/opentype/noto/NotoSansCJK-Bold.ttc
Noto Sans Mono CJK HK - /usr/share/fonts/opentype/noto/NotoSansCJK-Bold.ttc
Noto Serif CJK SC - /usr/share/fonts/opentype/noto/NotoSerifCJK-Regular.ttc
DejaVu Math TeX Gyre - /usr/share/fonts/truetype/dejavu/DejaVuMathTeXGyre.ttf
Liberation Sans - /usr/share/fonts/truetype/liberation/LiberationSans-Regular.ttf
Lato - /usr/share/fonts/truetype/lato/Lato-Italic.ttf
Liberation Sans - /usr/share/fonts/truetype/liberation/LiberationSans-Bold.ttf
Noto Serif CJK TC - /usr/share/fonts/opentype/noto/NotoSerifCJK-Regular.ttc
Noto Sans Mono CJK SC - /usr/share/fonts/opentype/noto/NotoSansCJK-Bold.ttc
Liberation Mono - /usr/share/fonts/truetype/liberation/LiberationMono-Italic.ttf
Noto Sans Mono CJK TC - /usr/share/fonts/opentype/noto/NotoSansCJK-Bold.ttc
DejaVu Sans,DejaVu Sans Condensed - /usr/share/fonts/truetype/dejavu/DejaVuSansCondensed.ttf
DejaVu Serif,DejaVu Serif Condensed - /usr/share/fonts/truetype/dejavu/DejaVuSerifCondensed.ttf
Liberation Serif - /usr/share/fonts/truetype/liberation/LiberationSerif-Italic.ttf
Lato,Lato Heavy - /usr/share/fonts/truetype/lato/Lato-HeavyItalic.ttf
Lato - /usr/share/fonts/truetype/lato/Lato-BoldItalic.ttf
Noto Serif CJK JP - /usr/share/fonts/opentype/noto/NotoSerifCJK-Regular.ttc
Lato,Lato Medium - /usr/share/fonts/truetype/lato/Lato-MediumItalic.ttf
Noto Serif CJK HK - /usr/share/fonts/opentype/noto/NotoSerifCJK-Regular.ttc
DejaVu Serif - /usr/share/fonts/truetype/dejavu/DejaVuSerif-Italic.ttf
DejaVu Sans - /usr/share/fonts/truetype/dejavu/DejaVuSans.ttf
Noto Serif CJK KR - /usr/share/fonts/opentype/noto/NotoSerifCJK-Regular.ttc
Lato,Lato Semibold - /usr/share/fonts/truetype/lato/Lato-SemiboldItalic.ttf
Lato,Lato Thin - /usr/share/fonts/truetype/lato/Lato-ThinItalic.ttf
DejaVu Sans,DejaVu Sans Condensed - /usr/share/fonts/truetype/dejavu/DejaVuSansCondensed-BoldOblique.ttf
Noto Sans CJK JP - /usr/share/fonts/opentype/noto/NotoSansCJK-Regular.ttc
Liberation Sans - /usr/share/fonts/truetype/liberation/LiberationSans-Italic.ttf
Noto Sans CJK HK - /usr/share/fonts/opentype/noto/NotoSansCJK-Regular.ttc
Lato,Lato Black - /usr/share/fonts/truetype/lato/Lato-BlackItalic.ttf
Lato,Lato Thin - /usr/share/fonts/truetype/lato/Lato-Thin.ttf
DejaVu Sans,DejaVu Sans Condensed - /usr/share/fonts/truetype/dejavu/DejaVuSansCondensed-Oblique.ttf
Noto Sans CJK KR - /usr/share/fonts/opentype/noto/NotoSansCJK-Regular.ttc
Lato,Lato Light - /usr/share/fonts/truetype/lato/Lato-Light.ttf
Noto Sans CJK TC - /usr/share/fonts/opentype/noto/NotoSansCJK-Regular.ttc
DejaVu Sans,DejaVu Sans Condensed - /usr/share/fonts/truetype/dejavu/DejaVuSansCondensed-Bold.ttf
DejaVu Sans Mono - /usr/share/fonts/truetype/dejavu/DejaVuSansMono-Oblique.ttf
Lato,Lato Hairline - /usr/share/fonts/truetype/lato/Lato-HairlineItalic.ttf
Noto Sans CJK SC - /usr/share/fonts/opentype/noto/NotoSansCJK-Regular.ttc
WenQuanYi Zen Hei,文泉驛正黑,文泉驿正黑 - /usr/share/fonts/truetype/wqy/wqy-zenhei.ttc
Lato,Lato Black - /usr/share/fonts/truetype/lato/Lato-Black.ttf
Lato - /usr/share/fonts/truetype/lato/Lato-Regular.ttf
DejaVu Sans - /usr/share/fonts/truetype/dejavu/DejaVuSans-BoldOblique.ttf
Liberation Mono - /usr/share/fonts/truetype/liberation/LiberationMono-BoldItalic.ttf
Noto Sans Mono CJK KR - /usr/share/fonts/opentype/noto/NotoSansCJK-Regular.ttc
Liberation Mono - /usr/share/fonts/truetype/liberation/LiberationMono-Regular.ttf
Noto Sans Mono CJK HK - /usr/share/fonts/opentype/noto/NotoSansCJK-Regular.ttc
DejaVu Sans,DejaVu Sans Light - /usr/share/fonts/truetype/dejavu/DejaVuSans-ExtraLight.ttf
DejaVu Serif - /usr/share/fonts/truetype/dejavu/DejaVuSerif.ttf
Noto Sans Mono CJK JP - /usr/share/fonts/opentype/noto/NotoSansCJK-Regular.ttc
Noto Serif CJK JP - /usr/share/fonts/opentype/noto/NotoSerifCJK-Bold.ttc
Noto Serif CJK HK - /usr/share/fonts/opentype/noto/NotoSerifCJK-Bold.ttc
Noto Serif CJK KR - /usr/share/fonts/opentype/noto/NotoSerifCJK-Bold.ttc
Noto Serif CJK TC - /usr/share/fonts/opentype/noto/NotoSerifCJK-Bold.ttc
Lato - /usr/share/fonts/truetype/lato/Lato-Bold.ttf
Noto Sans CJK SC - /usr/share/fonts/opentype/noto/NotoSansCJK-Bold.ttc
Noto Sans Mono CJK TC - /usr/share/fonts/opentype/noto/NotoSansCJK-Regular.ttc
Noto Sans CJK TC - /usr/share/fonts/opentype/noto/NotoSansCJK-Bold.ttc
Noto Serif CJK SC - /usr/share/fonts/opentype/noto/NotoSerifCJK-Bold.ttc
DejaVu Sans Mono - /usr/share/fonts/truetype/dejavu/DejaVuSansMono-Bold.ttf
DejaVu Serif - /usr/share/fonts/truetype/dejavu/DejaVuSerif-BoldItalic.ttf
WenQuanYi Zen Hei Mono,文泉驛等寬正黑,文泉驿等宽正黑 - /usr/share/fonts/truetype/wqy/wqy-zenhei.ttc
DejaVu Sans Mono - /usr/share/fonts/truetype/dejavu/DejaVuSansMono.ttf
Noto Sans CJK JP - /usr/share/fonts/opentype/noto/NotoSansCJK-Bold.ttc
Noto Sans CJK HK - /usr/share/fonts/opentype/noto/NotoSansCJK-Bold.ttc
Noto Sans CJK KR - /usr/share/fonts/opentype/noto/NotoSansCJK-Bold.ttc
WenQuanYi Micro Hei,文泉驛微米黑,文泉驿微米黑 - /usr/share/fonts/truetype/wqy/wqy-microhei.ttc
Noto Sans Mono CJK SC - /usr/share/fonts/opentype/noto/NotoSansCJK-Regular.ttc
Noto Color Emoji - /usr/share/fonts/truetype/noto/NotoColorEmoji.ttf
DejaVu Sans Mono - /usr/share/fonts/truetype/dejavu/DejaVuSansMono-BoldOblique.ttf
Liberation Sans - /usr/share/fonts/truetype/liberation/LiberationSans-BoldItalic.ttf
Liberation Serif - /usr/share/fonts/truetype/liberation/LiberationSerif-Regular.ttf
Lato,Lato Semibold - /usr/share/fonts/truetype/lato/Lato-Semibold.ttf
DejaVu Sans - /usr/share/fonts/truetype/dejavu/DejaVuSans-Oblique.ttf
DejaVu Serif,DejaVu Serif Condensed - /usr/share/fonts/truetype/dejavu/DejaVuSerifCondensed-Bold.ttf
DejaVu Sans - /usr/share/fonts/truetype/dejavu/DejaVuSans-Bold.ttf
Liberation Serif - /usr/share/fonts/truetype/liberation/LiberationSerif-Bold.ttf
DejaVu Serif,DejaVu Serif Condensed - /usr/share/fonts/truetype/dejavu/DejaVuSerifCondensed-BoldItalic.ttf

2026-01-30 13:50:23,762 - INFO - Matplotlib 字体设置：使用回退字体列表，首选可用字体: Noto Sans CJK JP
2026-01-30 13:50:25,175 - INFO - 使用 ChromeDriver: /usr/bin/chromedriver
2026-01-30 13:50:25,175 - WARNING - Using CPU. Note: This module is much faster with a GPU.
2026-01-30 13:50:26,697 - INFO - OCR识别器初始化成功
2026-01-30 13:50:26,697 - INFO - 开始南京大学电费监控流程（自动无头模式）
2026-01-30 13:50:26,697 - INFO - 正在打开页面: https://epay.nju.edu.cn/epay/h5/nju/electric/index
2026-01-30 13:50:38,911 - INFO - 等待登录表单加载...
2026-01-30 13:50:38,921 - INFO - 登录表单已加载
2026-01-30 13:50:38,921 - INFO - 开始填写登录表单...
2026-01-30 13:50:38,982 - INFO - 用户名填写完成
2026-01-30 13:50:39,049 - INFO - 密码填写完成
2026-01-30 13:50:39,049 - INFO - 检查是否有验证码...
2026-01-30 13:50:39,049 - INFO - 查找验证码图片...
2026-01-30 13:50:39,068 - INFO - 找到验证码图片，开始截图...
2026-01-30 13:50:39,115 - INFO - 验证码图片截取成功
2026-01-30 13:50:39,115 - INFO - 开始填写登录表单...
2026-01-30 13:50:39,183 - INFO - 用户名填写完成
2026-01-30 13:50:39,242 - INFO - 密码填写完成
2026-01-30 13:50:39,243 - INFO - 验证码图片已保存到 /home/runner/work/nju_electric_monitor/nju_electric_monitor/src/../data/captcha_debug.png
2026-01-30 13:50:39,243 - INFO - 验证码识别尝试 1/30
2026-01-30 13:50:39,243 - INFO - 开始识别验证码...（easyocr + pytesseract）
2026-01-30 13:50:39,380 - INFO - easyocr 结果: ['5(1.00)', 'NHpP(0.33)']
2026-01-30 13:50:39,739 - INFO - tesseract 结果: 5NHp
2026-01-30 13:50:39,808 - INFO - easyocr alt1 结果: ['5NHD(0.85)']
2026-01-30 13:50:39,903 - INFO - tesseract alt1 结果: 5NHp
2026-01-30 13:50:39,965 - INFO - easyocr alt2 结果: ['5NHD(0.89)']
2026-01-30 13:50:40,056 - INFO - tesseract alt2 结果: 5Nep
2026-01-30 13:50:40,235 - INFO - easyocr alt3 结果: ['5(1.00)', 'NHD(0.79)']
2026-01-30 13:50:40,343 - INFO - tesseract alt3 结果: 5NHp
2026-01-30 13:50:40,404 - INFO - easyocr alt4 结果: ['5NHP(0.29)']
2026-01-30 13:50:40,502 - INFO - tesseract alt4 结果: 5Nap
2026-01-30 13:50:40,563 - INFO - easyocr alt5 结果: ['5NHD(0.30)']
2026-01-30 13:50:40,658 - INFO - tesseract alt5 结果: 5No
2026-01-30 13:50:40,658 - INFO - 最终验证码识别结果: 5NHD (engine=easyocr_alt2, prob=0.8891639331540876)
2026-01-30 13:50:40,658 - INFO - 查找验证码输入框...
2026-01-30 13:50:40,716 - INFO - 验证码填写完成
2026-01-30 13:50:40,716 - INFO - 验证码填写完成，点击登录按钮...
2026-01-30 13:50:40,716 - INFO - 查找并点击登录按钮...
2026-01-30 13:50:41,108 - INFO - 已点击登录按钮
2026-01-30 13:50:48,136 - INFO - 开始填写登录表单...
2026-01-30 13:50:48,196 - INFO - 用户名填写完成
2026-01-30 13:50:48,255 - INFO - 密码填写完成
2026-01-30 13:50:48,255 - INFO - 验证码图片已保存到 /home/runner/work/nju_electric_monitor/nju_electric_monitor/src/../data/captcha_debug.png
2026-01-30 13:50:48,256 - INFO - 验证码识别尝试 2/30
2026-01-30 13:50:48,256 - INFO - 开始识别验证码...（easyocr + pytesseract）
2026-01-30 13:50:48,364 - INFO - easyocr 结果: ['5(1.00)', 'NHpP(0.33)']
2026-01-30 13:50:48,455 - INFO - tesseract 结果: 5NHp
2026-01-30 13:50:48,517 - INFO - easyocr alt1 结果: ['5NHD(0.85)']
2026-01-30 13:50:48,608 - INFO - tesseract alt1 结果: 5NHp
2026-01-30 13:50:48,669 - INFO - easyocr alt2 结果: ['5NHD(0.89)']
2026-01-30 13:50:48,764 - INFO - tesseract alt2 结果: 5Nep
2026-01-30 13:50:48,935 - INFO - easyocr alt3 结果: ['5(1.00)', 'NHD(0.79)']
2026-01-30 13:50:49,047 - INFO - tesseract alt3 结果: 5NHp
2026-01-30 13:50:49,107 - INFO - easyocr alt4 结果: ['5NHP(0.29)']
2026-01-30 13:50:49,210 - INFO - tesseract alt4 结果: 5Nap
2026-01-30 13:50:49,271 - INFO - easyocr alt5 结果: ['5NHD(0.30)']
2026-01-30 13:50:49,369 - INFO - tesseract alt5 结果: 5No
2026-01-30 13:50:49,369 - INFO - 最终验证码识别结果: 5NHD (engine=easyocr_alt2, prob=0.8891639331540876)
2026-01-30 13:50:49,369 - INFO - 查找验证码输入框...
2026-01-30 13:50:49,424 - INFO - 验证码填写完成
2026-01-30 13:50:49,424 - INFO - 验证码填写完成，点击登录按钮...
2026-01-30 13:50:49,424 - INFO - 查找并点击登录按钮...
2026-01-30 13:50:49,823 - INFO - 已点击登录按钮
2026-01-30 13:50:56,843 - INFO - 开始填写登录表单...
2026-01-30 13:50:56,902 - INFO - 用户名填写完成
2026-01-30 13:50:56,960 - INFO - 密码填写完成
2026-01-30 13:50:56,961 - INFO - 验证码图片已保存到 /home/runner/work/nju_electric_monitor/nju_electric_monitor/src/../data/captcha_debug.png
2026-01-30 13:50:56,961 - INFO - 验证码识别尝试 3/30
2026-01-30 13:50:56,961 - INFO - 开始识别验证码...（easyocr + pytesseract）
2026-01-30 13:50:57,070 - INFO - easyocr 结果: ['5(1.00)', 'NHpP(0.33)']
2026-01-30 13:50:57,165 - INFO - tesseract 结果: 5NHp
2026-01-30 13:50:57,227 - INFO - easyocr alt1 结果: ['5NHD(0.85)']
2026-01-30 13:50:57,325 - INFO - tesseract alt1 结果: 5NHp
2026-01-30 13:50:57,385 - INFO - easyocr alt2 结果: ['5NHD(0.89)']
2026-01-30 13:50:57,481 - INFO - tesseract alt2 结果: 5Nep
2026-01-30 13:50:57,652 - INFO - easyocr alt3 结果: ['5(1.00)', 'NHD(0.79)']
2026-01-30 13:50:57,759 - INFO - tesseract alt3 结果: 5NHp
2026-01-30 13:50:57,820 - INFO - easyocr alt4 结果: ['5NHP(0.29)']
2026-01-30 13:50:57,915 - INFO - tesseract alt4 结果: 5Nap
2026-01-30 13:50:57,977 - INFO - easyocr alt5 结果: ['5NHD(0.30)']
2026-01-30 13:50:58,070 - INFO - tesseract alt5 结果: 5No
2026-01-30 13:50:58,070 - INFO - 最终验证码识别结果: 5NHD (engine=easyocr_alt2, prob=0.8891639331540876)
2026-01-30 13:50:58,070 - INFO - 查找验证码输入框...
2026-01-30 13:50:58,126 - INFO - 验证码填写完成
2026-01-30 13:50:58,126 - INFO - 验证码填写完成，点击登录按钮...
2026-01-30 13:50:58,126 - INFO - 查找并点击登录按钮...
2026-01-30 13:50:58,508 - INFO - 已点击登录按钮
2026-01-30 13:51:05,528 - INFO - 开始填写登录表单...
2026-01-30 13:51:05,585 - INFO - 用户名填写完成
2026-01-30 13:51:05,643 - INFO - 密码填写完成
2026-01-30 13:51:05,643 - INFO - 验证码图片已保存到 /home/runner/work/nju_electric_monitor/nju_electric_monitor/src/../data/captcha_debug.png
2026-01-30 13:51:05,643 - INFO - 验证码识别尝试 4/30
2026-01-30 13:51:05,643 - INFO - 开始识别验证码...（easyocr + pytesseract）
2026-01-30 13:51:05,754 - INFO - easyocr 结果: ['5(1.00)', 'NHpP(0.33)']
2026-01-30 13:51:05,847 - INFO - tesseract 结果: 5NHp
2026-01-30 13:51:05,910 - INFO - easyocr alt1 结果: ['5NHD(0.85)']
2026-01-30 13:51:06,002 - INFO - tesseract alt1 结果: 5NHp
2026-01-30 13:51:06,064 - INFO - easyocr alt2 结果: ['5NHD(0.89)']
2026-01-30 13:51:06,160 - INFO - tesseract alt2 结果: 5Nep
2026-01-30 13:51:06,331 - INFO - easyocr alt3 结果: ['5(1.00)', 'NHD(0.79)']
2026-01-30 13:51:06,437 - INFO - tesseract alt3 结果: 5NHp
2026-01-30 13:51:06,498 - INFO - easyocr alt4 结果: ['5NHP(0.29)']
2026-01-30 13:51:06,594 - INFO - tesseract alt4 结果: 5Nap
2026-01-30 13:51:06,656 - INFO - easyocr alt5 结果: ['5NHD(0.30)']
2026-01-30 13:51:06,751 - INFO - tesseract alt5 结果: 5No
2026-01-30 13:51:06,751 - INFO - 最终验证码识别结果: 5NHD (engine=easyocr_alt2, prob=0.8891639331540876)
2026-01-30 13:51:06,751 - INFO - 查找验证码输入框...
2026-01-30 13:51:06,807 - INFO - 验证码填写完成
2026-01-30 13:51:06,807 - INFO - 验证码填写完成，点击登录按钮...
2026-01-30 13:51:06,807 - INFO - 查找并点击登录按钮...
2026-01-30 13:51:07,191 - INFO - 已点击登录按钮
2026-01-30 13:51:14,210 - INFO - 开始填写登录表单...
2026-01-30 13:51:14,268 - INFO - 用户名填写完成
2026-01-30 13:51:14,324 - INFO - 密码填写完成
2026-01-30 13:51:14,325 - INFO - 验证码图片已保存到 /home/runner/work/nju_electric_monitor/nju_electric_monitor/src/../data/captcha_debug.png
2026-01-30 13:51:14,325 - INFO - 验证码识别尝试 5/30
2026-01-30 13:51:14,325 - INFO - 开始识别验证码...（easyocr + pytesseract）
2026-01-30 13:51:14,434 - INFO - easyocr 结果: ['5(1.00)', 'NHpP(0.33)']
2026-01-30 13:51:14,525 - INFO - tesseract 结果: 5NHp
2026-01-30 13:51:14,587 - INFO - easyocr alt1 结果: ['5NHD(0.85)']
2026-01-30 13:51:14,679 - INFO - tesseract alt1 结果: 5NHp
2026-01-30 13:51:14,739 - INFO - easyocr alt2 结果: ['5NHD(0.89)']
2026-01-30 13:51:14,839 - INFO - tesseract alt2 结果: 5Nep
2026-01-30 13:51:15,008 - INFO - easyocr alt3 结果: ['5(1.00)', 'NHD(0.79)']
2026-01-30 13:51:15,121 - INFO - tesseract alt3 结果: 5NHp
2026-01-30 13:51:15,181 - INFO - easyocr alt4 结果: ['5NHP(0.29)']
2026-01-30 13:51:15,282 - INFO - tesseract alt4 结果: 5Nap
2026-01-30 13:51:15,342 - INFO - easyocr alt5 结果: ['5NHD(0.30)']
2026-01-30 13:51:15,436 - INFO - tesseract alt5 结果: 5No
2026-01-30 13:51:15,437 - INFO - 最终验证码识别结果: 5NHD (engine=easyocr_alt2, prob=0.8891639331540876)
2026-01-30 13:51:15,437 - INFO - 查找验证码输入框...
2026-01-30 13:51:15,492 - INFO - 验证码填写完成
2026-01-30 13:51:15,492 - INFO - 验证码填写完成，点击登录按钮...
2026-01-30 13:51:15,492 - INFO - 查找并点击登录按钮...
2026-01-30 13:51:15,861 - INFO - 已点击登录按钮
2026-01-30 13:51:22,881 - INFO - 开始填写登录表单...
2026-01-30 13:51:22,940 - INFO - 用户名填写完成
2026-01-30 13:51:22,997 - INFO - 密码填写完成
2026-01-30 13:51:22,998 - INFO - 验证码图片已保存到 /home/runner/work/nju_electric_monitor/nju_electric_monitor/src/../data/captcha_debug.png
2026-01-30 13:51:22,998 - INFO - 验证码识别尝试 6/30
2026-01-30 13:51:22,998 - INFO - 开始识别验证码...（easyocr + pytesseract）
2026-01-30 13:51:23,107 - INFO - easyocr 结果: ['5(1.00)', 'NHpP(0.33)']
2026-01-30 13:51:23,202 - INFO - tesseract 结果: 5NHp
2026-01-30 13:51:23,265 - INFO - easyocr alt1 结果: ['5NHD(0.85)']
2026-01-30 13:51:23,362 - INFO - tesseract alt1 结果: 5NHp
2026-01-30 13:51:23,423 - INFO - easyocr alt2 结果: ['5NHD(0.89)']
2026-01-30 13:51:23,517 - INFO - tesseract alt2 结果: 5Nep
2026-01-30 13:51:23,688 - INFO - easyocr alt3 结果: ['5(1.00)', 'NHD(0.79)']
2026-01-30 13:51:23,797 - INFO - tesseract alt3 结果: 5NHp
2026-01-30 13:51:23,859 - INFO - easyocr alt4 结果: ['5NHP(0.29)']
2026-01-30 13:51:23,958 - INFO - tesseract alt4 结果: 5Nap
2026-01-30 13:51:24,019 - INFO - easyocr alt5 结果: ['5NHD(0.30)']
2026-01-30 13:51:24,117 - INFO - tesseract alt5 结果: 5No
2026-01-30 13:51:24,117 - INFO - 最终验证码识别结果: 5NHD (engine=easyocr_alt2, prob=0.8891639331540876)
2026-01-30 13:51:24,117 - INFO - 查找验证码输入框...
2026-01-30 13:51:24,172 - INFO - 验证码填写完成
2026-01-30 13:51:24,172 - INFO - 验证码填写完成，点击登录按钮...
2026-01-30 13:51:24,172 - INFO - 查找并点击登录按钮...
2026-01-30 13:51:24,611 - INFO - 已点击登录按钮
2026-01-30 13:51:31,632 - INFO - 开始填写登录表单...
2026-01-30 13:51:31,692 - INFO - 用户名填写完成
2026-01-30 13:51:31,749 - INFO - 密码填写完成
2026-01-30 13:51:31,749 - INFO - 验证码图片已保存到 /home/runner/work/nju_electric_monitor/nju_electric_monitor/src/../data/captcha_debug.png
2026-01-30 13:51:31,749 - INFO - 验证码识别尝试 7/30
2026-01-30 13:51:31,749 - INFO - 开始识别验证码...（easyocr + pytesseract）
2026-01-30 13:51:31,891 - INFO - easyocr 结果: ['5(1.00)', 'NHpP(0.33)']
2026-01-30 13:51:31,983 - INFO - tesseract 结果: 5NHp
2026-01-30 13:51:32,044 - INFO - easyocr alt1 结果: ['5NHD(0.85)']
2026-01-30 13:51:32,137 - INFO - tesseract alt1 结果: 5NHp
2026-01-30 13:51:32,201 - INFO - easyocr alt2 结果: ['5NHD(0.89)']
2026-01-30 13:51:32,298 - INFO - tesseract alt2 结果: 5Nep
2026-01-30 13:51:32,469 - INFO - easyocr alt3 结果: ['5(1.00)', 'NHD(0.79)']
2026-01-30 13:51:32,576 - INFO - tesseract alt3 结果: 5NHp
2026-01-30 13:51:32,657 - INFO - easyocr alt4 结果: ['5NHP(0.29)']
2026-01-30 13:51:32,751 - INFO - tesseract alt4 结果: 5Nap
2026-01-30 13:51:32,813 - INFO - easyocr alt5 结果: ['5NHD(0.30)']
2026-01-30 13:51:32,908 - INFO - tesseract alt5 结果: 5No
2026-01-30 13:51:32,908 - INFO - 最终验证码识别结果: 5NHD (engine=easyocr_alt2, prob=0.8891639331540876)
2026-01-30 13:51:32,908 - INFO - 查找验证码输入框...
2026-01-30 13:51:32,964 - INFO - 验证码填写完成
2026-01-30 13:51:32,964 - INFO - 验证码填写完成，点击登录按钮...
2026-01-30 13:51:32,964 - INFO - 查找并点击登录按钮...
2026-01-30 13:51:33,023 - INFO - 已点击登录按钮
2026-01-30 13:51:40,043 - INFO - 开始填写登录表单...
2026-01-30 13:51:40,102 - INFO - 用户名填写完成
2026-01-30 13:51:40,159 - INFO - 密码填写完成
2026-01-30 13:51:40,159 - INFO - 验证码图片已保存到 /home/runner/work/nju_electric_monitor/nju_electric_monitor/src/../data/captcha_debug.png
2026-01-30 13:51:40,159 - INFO - 验证码识别尝试 8/30
2026-01-30 13:51:40,160 - INFO - 开始识别验证码...（easyocr + pytesseract）
2026-01-30 13:51:40,269 - INFO - easyocr 结果: ['5(1.00)', 'NHpP(0.33)']
2026-01-30 13:51:40,360 - INFO - tesseract 结果: 5NHp
2026-01-30 13:51:40,423 - INFO - easyocr alt1 结果: ['5NHD(0.85)']
2026-01-30 13:51:40,524 - INFO - tesseract alt1 结果: 5NHp
2026-01-30 13:51:40,586 - INFO - easyocr alt2 结果: ['5NHD(0.89)']
2026-01-30 13:51:40,685 - INFO - tesseract alt2 结果: 5Nep
2026-01-30 13:51:40,855 - INFO - easyocr alt3 结果: ['5(1.00)', 'NHD(0.79)']
2026-01-30 13:51:40,964 - INFO - tesseract alt3 结果: 5NHp
2026-01-30 13:51:41,025 - INFO - easyocr alt4 结果: ['5NHP(0.29)']
2026-01-30 13:51:41,119 - INFO - tesseract alt4 结果: 5Nap
2026-01-30 13:51:41,179 - INFO - easyocr alt5 结果: ['5NHD(0.30)']
2026-01-30 13:51:41,282 - INFO - tesseract alt5 结果: 5No
2026-01-30 13:51:41,282 - INFO - 最终验证码识别结果: 5NHD (engine=easyocr_alt2, prob=0.8891639331540876)
2026-01-30 13:51:41,282 - INFO - 查找验证码输入框...
2026-01-30 13:51:41,338 - INFO - 验证码填写完成
2026-01-30 13:51:41,338 - INFO - 验证码填写完成，点击登录按钮...
2026-01-30 13:51:41,338 - INFO - 查找并点击登录按钮...
2026-01-30 13:51:41,740 - INFO - 已点击登录按钮
2026-01-30 13:51:48,761 - INFO - 开始填写登录表单...
2026-01-30 13:51:48,820 - INFO - 用户名填写完成
2026-01-30 13:51:48,877 - INFO - 密码填写完成
2026-01-30 13:51:48,878 - INFO - 验证码图片已保存到 /home/runner/work/nju_electric_monitor/nju_electric_monitor/src/../data/captcha_debug.png
2026-01-30 13:51:48,878 - INFO - 验证码识别尝试 9/30
2026-01-30 13:51:48,878 - INFO - 开始识别验证码...（easyocr + pytesseract）
2026-01-30 13:51:48,999 - INFO - easyocr 结果: ['5(1.00)', 'NHpP(0.33)']
2026-01-30 13:51:49,093 - INFO - tesseract 结果: 5NHp
2026-01-30 13:51:49,155 - INFO - easyocr alt1 结果: ['5NHD(0.85)']
2026-01-30 13:51:49,247 - INFO - tesseract alt1 结果: 5NHp
2026-01-30 13:51:49,308 - INFO - easyocr alt2 结果: ['5NHD(0.89)']
2026-01-30 13:51:49,401 - INFO - tesseract alt2 结果: 5Nep
2026-01-30 13:51:49,571 - INFO - easyocr alt3 结果: ['5(1.00)', 'NHD(0.79)']
2026-01-30 13:51:49,679 - INFO - tesseract alt3 结果: 5NHp
2026-01-30 13:51:49,740 - INFO - easyocr alt4 结果: ['5NHP(0.29)']
2026-01-30 13:51:49,837 - INFO - tesseract alt4 结果: 5Nap
2026-01-30 13:51:49,898 - INFO - easyocr alt5 结果: ['5NHD(0.30)']
2026-01-30 13:51:49,999 - INFO - tesseract alt5 结果: 5No
2026-01-30 13:51:50,000 - INFO - 最终验证码识别结果: 5NHD (engine=easyocr_alt2, prob=0.8891639331540876)
2026-01-30 13:51:50,000 - INFO - 查找验证码输入框...
2026-01-30 13:51:50,056 - INFO - 验证码填写完成
2026-01-30 13:51:50,056 - INFO - 验证码填写完成，点击登录按钮...
2026-01-30 13:51:50,056 - INFO - 查找并点击登录按钮...
2026-01-30 13:51:50,443 - INFO - 已点击登录按钮
2026-01-30 13:51:57,463 - INFO - 开始填写登录表单...
2026-01-30 13:51:57,523 - INFO - 用户名填写完成
2026-01-30 13:51:57,580 - INFO - 密码填写完成
2026-01-30 13:51:57,581 - INFO - 验证码图片已保存到 /home/runner/work/nju_electric_monitor/nju_electric_monitor/src/../data/captcha_debug.png
2026-01-30 13:51:57,581 - INFO - 验证码识别尝试 10/30
2026-01-30 13:51:57,581 - INFO - 开始识别验证码...（easyocr + pytesseract）
2026-01-30 13:51:57,690 - INFO - easyocr 结果: ['5(1.00)', 'NHpP(0.33)']
2026-01-30 13:51:57,782 - INFO - tesseract 结果: 5NHp
2026-01-30 13:51:57,845 - INFO - easyocr alt1 结果: ['5NHD(0.85)']
2026-01-30 13:51:57,943 - INFO - tesseract alt1 结果: 5NHp
2026-01-30 13:51:58,004 - INFO - easyocr alt2 结果: ['5NHD(0.89)']
2026-01-30 13:51:58,103 - INFO - tesseract alt2 结果: 5Nep
2026-01-30 13:51:58,272 - INFO - easyocr alt3 结果: ['5(1.00)', 'NHD(0.79)']
2026-01-30 13:51:58,381 - INFO - tesseract alt3 结果: 5NHp
2026-01-30 13:51:58,441 - INFO - easyocr alt4 结果: ['5NHP(0.29)']
2026-01-30 13:51:58,539 - INFO - tesseract alt4 结果: 5Nap
2026-01-30 13:51:58,600 - INFO - easyocr alt5 结果: ['5NHD(0.30)']
2026-01-30 13:51:58,695 - INFO - tesseract alt5 结果: 5No
2026-01-30 13:51:58,695 - INFO - 最终验证码识别结果: 5NHD (engine=easyocr_alt2, prob=0.8891639331540876)
2026-01-30 13:51:58,695 - INFO - 查找验证码输入框...
2026-01-30 13:51:58,751 - INFO - 验证码填写完成
2026-01-30 13:51:58,751 - INFO - 验证码填写完成，点击登录按钮...
2026-01-30 13:51:58,751 - INFO - 查找并点击登录按钮...
2026-01-30 13:51:59,134 - INFO - 已点击登录按钮
2026-01-30 13:52:06,155 - INFO - 开始填写登录表单...
2026-01-30 13:52:06,214 - INFO - 用户名填写完成
2026-01-30 13:52:06,271 - INFO - 密码填写完成
2026-01-30 13:52:06,272 - INFO - 验证码图片已保存到 /home/runner/work/nju_electric_monitor/nju_electric_monitor/src/../data/captcha_debug.png
2026-01-30 13:52:06,272 - INFO - 验证码识别尝试 11/30
2026-01-30 13:52:06,272 - INFO - 开始识别验证码...（easyocr + pytesseract）
2026-01-30 13:52:06,380 - INFO - easyocr 结果: ['5(1.00)', 'NHpP(0.33)']
2026-01-30 13:52:06,477 - INFO - tesseract 结果: 5NHp
2026-01-30 13:52:06,539 - INFO - easyocr alt1 结果: ['5NHD(0.85)']
2026-01-30 13:52:06,633 - INFO - tesseract alt1 结果: 5NHp
2026-01-30 13:52:06,694 - INFO - easyocr alt2 结果: ['5NHD(0.89)']
2026-01-30 13:52:06,789 - INFO - tesseract alt2 结果: 5Nep
2026-01-30 13:52:06,959 - INFO - easyocr alt3 结果: ['5(1.00)', 'NHD(0.79)']
2026-01-30 13:52:07,068 - INFO - tesseract alt3 结果: 5NHp
2026-01-30 13:52:07,128 - INFO - easyocr alt4 结果: ['5NHP(0.29)']
2026-01-30 13:52:07,230 - INFO - tesseract alt4 结果: 5Nap
2026-01-30 13:52:07,290 - INFO - easyocr alt5 结果: ['5NHD(0.30)']
2026-01-30 13:52:07,390 - INFO - tesseract alt5 结果: 5No
2026-01-30 13:52:07,390 - INFO - 最终验证码识别结果: 5NHD (engine=easyocr_alt2, prob=0.8891639331540876)
2026-01-30 13:52:07,390 - INFO - 查找验证码输入框...
2026-01-30 13:52:07,447 - INFO - 验证码填写完成
2026-01-30 13:52:07,447 - INFO - 验证码填写完成，点击登录按钮...
2026-01-30 13:52:07,447 - INFO - 查找并点击登录按钮...
2026-01-30 13:52:07,502 - INFO - 已点击登录按钮
2026-01-30 13:52:14,522 - INFO - 开始填写登录表单...
2026-01-30 13:52:14,585 - INFO - 用户名填写完成
2026-01-30 13:52:14,643 - INFO - 密码填写完成
2026-01-30 13:52:14,644 - INFO - 验证码图片已保存到 /home/runner/work/nju_electric_monitor/nju_electric_monitor/src/../data/captcha_debug.png
2026-01-30 13:52:14,644 - INFO - 验证码识别尝试 12/30
2026-01-30 13:52:14,644 - INFO - 开始识别验证码...（easyocr + pytesseract）
2026-01-30 13:52:14,752 - INFO - easyocr 结果: ['5(1.00)', 'NHpP(0.33)']
2026-01-30 13:52:14,846 - INFO - tesseract 结果: 5NHp
2026-01-30 13:52:14,908 - INFO - easyocr alt1 结果: ['5NHD(0.85)']
2026-01-30 13:52:15,001 - INFO - tesseract alt1 结果: 5NHp
2026-01-30 13:52:15,062 - INFO - easyocr alt2 结果: ['5NHD(0.89)']
2026-01-30 13:52:15,161 - INFO - tesseract alt2 结果: 5Nep
2026-01-30 13:52:15,331 - INFO - easyocr alt3 结果: ['5(1.00)', 'NHD(0.79)']
2026-01-30 13:52:15,435 - INFO - tesseract alt3 结果: 5NHp
2026-01-30 13:52:15,495 - INFO - easyocr alt4 结果: ['5NHP(0.29)']
2026-01-30 13:52:15,591 - INFO - tesseract alt4 结果: 5Nap
2026-01-30 13:52:15,660 - INFO - easyocr alt5 结果: ['5NHD(0.30)']
2026-01-30 13:52:15,754 - INFO - tesseract alt5 结果: 5No
2026-01-30 13:52:15,754 - INFO - 最终验证码识别结果: 5NHD (engine=easyocr_alt2, prob=0.8891639331540876)
2026-01-30 13:52:15,754 - INFO - 查找验证码输入框...
2026-01-30 13:52:15,812 - INFO - 验证码填写完成
2026-01-30 13:52:15,812 - INFO - 验证码填写完成，点击登录按钮...
2026-01-30 13:52:15,812 - INFO - 查找并点击登录按钮...
2026-01-30 13:52:15,868 - INFO - 已点击登录按钮
2026-01-30 13:52:22,889 - INFO - 开始填写登录表单...
2026-01-30 13:52:22,950 - INFO - 用户名填写完成
2026-01-30 13:52:23,008 - INFO - 密码填写完成
2026-01-30 13:52:23,009 - INFO - 验证码图片已保存到 /home/runner/work/nju_electric_monitor/nju_electric_monitor/src/../data/captcha_debug.png
2026-01-30 13:52:23,009 - INFO - 验证码识别尝试 13/30
2026-01-30 13:52:23,009 - INFO - 开始识别验证码...（easyocr + pytesseract）
2026-01-30 13:52:23,129 - INFO - easyocr 结果: ['5(1.00)', 'NHpP(0.33)']
2026-01-30 13:52:23,221 - INFO - tesseract 结果: 5NHp
2026-01-30 13:52:23,284 - INFO - easyocr alt1 结果: ['5NHD(0.85)']
2026-01-30 13:52:23,376 - INFO - tesseract alt1 结果: 5NHp
2026-01-30 13:52:23,438 - INFO - easyocr alt2 结果: ['5NHD(0.89)']
2026-01-30 13:52:23,531 - INFO - tesseract alt2 结果: 5Nep
2026-01-30 13:52:23,702 - INFO - easyocr alt3 结果: ['5(1.00)', 'NHD(0.79)']
2026-01-30 13:52:23,814 - INFO - tesseract alt3 结果: 5NHp
2026-01-30 13:52:23,876 - INFO - easyocr alt4 结果: ['5NHP(0.29)']
2026-01-30 13:52:23,970 - INFO - tesseract alt4 结果: 5Nap
2026-01-30 13:52:24,032 - INFO - easyocr alt5 结果: ['5NHD(0.30)']
2026-01-30 13:52:24,126 - INFO - tesseract alt5 结果: 5No
2026-01-30 13:52:24,126 - INFO - 最终验证码识别结果: 5NHD (engine=easyocr_alt2, prob=0.8891639331540876)
2026-01-30 13:52:24,126 - INFO - 查找验证码输入框...
2026-01-30 13:52:24,183 - INFO - 验证码填写完成
2026-01-30 13:52:24,183 - INFO - 验证码填写完成，点击登录按钮...
2026-01-30 13:52:24,183 - INFO - 查找并点击登录按钮...
2026-01-30 13:52:24,625 - INFO - 已点击登录按钮
2026-01-30 13:52:31,646 - INFO - 开始填写登录表单...
2026-01-30 13:52:31,710 - INFO - 用户名填写完成
2026-01-30 13:52:31,770 - INFO - 密码填写完成
2026-01-30 13:52:31,771 - INFO - 验证码图片已保存到 /home/runner/work/nju_electric_monitor/nju_electric_monitor/src/../data/captcha_debug.png
2026-01-30 13:52:31,771 - INFO - 验证码识别尝试 14/30
2026-01-30 13:52:31,771 - INFO - 开始识别验证码...（easyocr + pytesseract）
2026-01-30 13:52:31,892 - INFO - easyocr 结果: ['5(1.00)', 'NHpP(0.33)']
2026-01-30 13:52:31,989 - INFO - tesseract 结果: 5NHp
2026-01-30 13:52:32,050 - INFO - easyocr alt1 结果: ['5NHD(0.85)']
2026-01-30 13:52:32,146 - INFO - tesseract alt1 结果: 5NHp
2026-01-30 13:52:32,207 - INFO - easyocr alt2 结果: ['5NHD(0.89)']
2026-01-30 13:52:32,302 - INFO - tesseract alt2 结果: 5Nep
2026-01-30 13:52:32,472 - INFO - easyocr alt3 结果: ['5(1.00)', 'NHD(0.79)']
2026-01-30 13:52:32,579 - INFO - tesseract alt3 结果: 5NHp
2026-01-30 13:52:32,639 - INFO - easyocr alt4 结果: ['5NHP(0.29)']
2026-01-30 13:52:32,736 - INFO - tesseract alt4 结果: 5Nap
2026-01-30 13:52:32,796 - INFO - easyocr alt5 结果: ['5NHD(0.30)']
2026-01-30 13:52:32,892 - INFO - tesseract alt5 结果: 5No
2026-01-30 13:52:32,892 - INFO - 最终验证码识别结果: 5NHD (engine=easyocr_alt2, prob=0.8891639331540876)
2026-01-30 13:52:32,892 - INFO - 查找验证码输入框...
2026-01-30 13:52:32,951 - INFO - 验证码填写完成
2026-01-30 13:52:32,951 - INFO - 验证码填写完成，点击登录按钮...
2026-01-30 13:52:32,951 - INFO - 查找并点击登录按钮...
2026-01-30 13:52:33,341 - INFO - 已点击登录按钮
2026-01-30 13:52:40,361 - INFO - 开始填写登录表单...
2026-01-30 13:52:40,421 - INFO - 用户名填写完成
2026-01-30 13:52:40,478 - INFO - 密码填写完成
2026-01-30 13:52:40,479 - INFO - 验证码图片已保存到 /home/runner/work/nju_electric_monitor/nju_electric_monitor/src/../data/captcha_debug.png
2026-01-30 13:52:40,479 - INFO - 验证码识别尝试 15/30
2026-01-30 13:52:40,479 - INFO - 开始识别验证码...（easyocr + pytesseract）
2026-01-30 13:52:40,587 - INFO - easyocr 结果: ['5(1.00)', 'NHpP(0.33)']
2026-01-30 13:52:40,680 - INFO - tesseract 结果: 5NHp
2026-01-30 13:52:40,742 - INFO - easyocr alt1 结果: ['5NHD(0.85)']
2026-01-30 13:52:40,841 - INFO - tesseract alt1 结果: 5NHp
2026-01-30 13:52:40,911 - INFO - easyocr alt2 结果: ['5NHD(0.89)']
2026-01-30 13:52:41,006 - INFO - tesseract alt2 结果: 5Nep
2026-01-30 13:52:41,175 - INFO - easyocr alt3 结果: ['5(1.00)', 'NHD(0.79)']
2026-01-30 13:52:41,282 - INFO - tesseract alt3 结果: 5NHp
2026-01-30 13:52:41,344 - INFO - easyocr alt4 结果: ['5NHP(0.29)']
2026-01-30 13:52:41,439 - INFO - tesseract alt4 结果: 5Nap
2026-01-30 13:52:41,500 - INFO - easyocr alt5 结果: ['5NHD(0.30)']
2026-01-30 13:52:41,600 - INFO - tesseract alt5 结果: 5No
2026-01-30 13:52:41,600 - INFO - 最终验证码识别结果: 5NHD (engine=easyocr_alt2, prob=0.8891639331540876)
2026-01-30 13:52:41,600 - INFO - 查找验证码输入框...
2026-01-30 13:52:41,657 - INFO - 验证码填写完成
2026-01-30 13:52:41,657 - INFO - 验证码填写完成，点击登录按钮...
2026-01-30 13:52:41,657 - INFO - 查找并点击登录按钮...
2026-01-30 13:52:42,058 - INFO - 已点击登录按钮
2026-01-30 13:52:49,078 - INFO - 开始填写登录表单...
2026-01-30 13:52:49,136 - INFO - 用户名填写完成
2026-01-30 13:52:49,194 - INFO - 密码填写完成
2026-01-30 13:52:49,194 - INFO - 验证码图片已保存到 /home/runner/work/nju_electric_monitor/nju_electric_monitor/src/../data/captcha_debug.png
2026-01-30 13:52:49,194 - INFO - 验证码识别尝试 16/30
2026-01-30 13:52:49,194 - INFO - 开始识别验证码...（easyocr + pytesseract）
2026-01-30 13:52:49,303 - INFO - easyocr 结果: ['5(1.00)', 'NHpP(0.33)']
2026-01-30 13:52:49,398 - INFO - tesseract 结果: 5NHp
2026-01-30 13:52:49,460 - INFO - easyocr alt1 结果: ['5NHD(0.85)']
2026-01-30 13:52:49,553 - INFO - tesseract alt1 结果: 5NHp
2026-01-30 13:52:49,613 - INFO - easyocr alt2 结果: ['5NHD(0.89)']
2026-01-30 13:52:49,710 - INFO - tesseract alt2 结果: 5Nep
2026-01-30 13:52:49,879 - INFO - easyocr alt3 结果: ['5(1.00)', 'NHD(0.79)']
2026-01-30 13:52:49,990 - INFO - tesseract alt3 结果: 5NHp
2026-01-30 13:52:50,050 - INFO - easyocr alt4 结果: ['5NHP(0.29)']
2026-01-30 13:52:50,147 - INFO - tesseract alt4 结果: 5Nap
2026-01-30 13:52:50,207 - INFO - easyocr alt5 结果: ['5NHD(0.30)']
2026-01-30 13:52:50,304 - INFO - tesseract alt5 结果: 5No
2026-01-30 13:52:50,304 - INFO - 最终验证码识别结果: 5NHD (engine=easyocr_alt2, prob=0.8891639331540876)
2026-01-30 13:52:50,304 - INFO - 查找验证码输入框...
2026-01-30 13:52:50,359 - INFO - 验证码填写完成
2026-01-30 13:52:50,359 - INFO - 验证码填写完成，点击登录按钮...
2026-01-30 13:52:50,359 - INFO - 查找并点击登录按钮...
2026-01-30 13:52:50,415 - INFO - 已点击登录按钮
2026-01-30 13:52:57,435 - INFO - 开始填写登录表单...
2026-01-30 13:52:57,494 - INFO - 用户名填写完成
2026-01-30 13:52:57,551 - INFO - 密码填写完成
2026-01-30 13:52:57,551 - INFO - 验证码图片已保存到 /home/runner/work/nju_electric_monitor/nju_electric_monitor/src/../data/captcha_debug.png
2026-01-30 13:52:57,551 - INFO - 验证码识别尝试 17/30
2026-01-30 13:52:57,551 - INFO - 开始识别验证码...（easyocr + pytesseract）
2026-01-30 13:52:57,660 - INFO - easyocr 结果: ['5(1.00)', 'NHpP(0.33)']
2026-01-30 13:52:57,752 - INFO - tesseract 结果: 5NHp
2026-01-30 13:52:57,814 - INFO - easyocr alt1 结果: ['5NHD(0.85)']
2026-01-30 13:52:57,910 - INFO - tesseract alt1 结果: 5NHp
2026-01-30 13:52:57,970 - INFO - easyocr alt2 结果: ['5NHD(0.89)']
2026-01-30 13:52:58,066 - INFO - tesseract alt2 结果: 5Nep
2026-01-30 13:52:58,235 - INFO - easyocr alt3 结果: ['5(1.00)', 'NHD(0.79)']
2026-01-30 13:52:58,341 - INFO - tesseract alt3 结果: 5NHp
2026-01-30 13:52:58,401 - INFO - easyocr alt4 结果: ['5NHP(0.29)']
2026-01-30 13:52:58,497 - INFO - tesseract alt4 结果: 5Nap
2026-01-30 13:52:58,558 - INFO - easyocr alt5 结果: ['5NHD(0.30)']
2026-01-30 13:52:58,653 - INFO - tesseract alt5 结果: 5No
2026-01-30 13:52:58,653 - INFO - 最终验证码识别结果: 5NHD (engine=easyocr_alt2, prob=0.8891639331540876)
2026-01-30 13:52:58,653 - INFO - 查找验证码输入框...
2026-01-30 13:52:58,709 - INFO - 验证码填写完成
2026-01-30 13:52:58,709 - INFO - 验证码填写完成，点击登录按钮...
2026-01-30 13:52:58,709 - INFO - 查找并点击登录按钮...
2026-01-30 13:52:58,763 - INFO - 已点击登录按钮
2026-01-30 13:53:05,783 - INFO - 开始填写登录表单...
2026-01-30 13:53:05,842 - INFO - 用户名填写完成
2026-01-30 13:53:05,897 - INFO - 密码填写完成
2026-01-30 13:53:05,898 - INFO - 验证码图片已保存到 /home/runner/work/nju_electric_monitor/nju_electric_monitor/src/../data/captcha_debug.png
2026-01-30 13:53:05,898 - INFO - 验证码识别尝试 18/30
2026-01-30 13:53:05,898 - INFO - 开始识别验证码...（easyocr + pytesseract）
2026-01-30 13:53:06,007 - INFO - easyocr 结果: ['5(1.00)', 'NHpP(0.33)']
2026-01-30 13:53:06,101 - INFO - tesseract 结果: 5NHp
2026-01-30 13:53:06,163 - INFO - easyocr alt1 结果: ['5NHD(0.85)']
2026-01-30 13:53:06,255 - INFO - tesseract alt1 结果: 5NHp
2026-01-30 13:53:06,316 - INFO - easyocr alt2 结果: ['5NHD(0.89)']
2026-01-30 13:53:06,411 - INFO - tesseract alt2 结果: 5Nep
2026-01-30 13:53:06,580 - INFO - easyocr alt3 结果: ['5(1.00)', 'NHD(0.79)']
2026-01-30 13:53:06,686 - INFO - tesseract alt3 结果: 5NHp
2026-01-30 13:53:06,748 - INFO - easyocr alt4 结果: ['5NHP(0.29)']
2026-01-30 13:53:06,845 - INFO - tesseract alt4 结果: 5Nap
2026-01-30 13:53:06,906 - INFO - easyocr alt5 结果: ['5NHD(0.30)']
2026-01-30 13:53:07,001 - INFO - tesseract alt5 结果: 5No
2026-01-30 13:53:07,001 - INFO - 最终验证码识别结果: 5NHD (engine=easyocr_alt2, prob=0.8891639331540876)
2026-01-30 13:53:07,001 - INFO - 查找验证码输入框...
2026-01-30 13:53:07,057 - INFO - 验证码填写完成
2026-01-30 13:53:07,057 - INFO - 验证码填写完成，点击登录按钮...
2026-01-30 13:53:07,057 - INFO - 查找并点击登录按钮...
2026-01-30 13:53:07,112 - INFO - 已点击登录按钮
2026-01-30 13:53:14,132 - INFO - 开始填写登录表单...
2026-01-30 13:53:14,192 - INFO - 用户名填写完成
2026-01-30 13:53:14,248 - INFO - 密码填写完成
2026-01-30 13:53:14,249 - INFO - 验证码图片已保存到 /home/runner/work/nju_electric_monitor/nju_electric_monitor/src/../data/captcha_debug.png
2026-01-30 13:53:14,249 - INFO - 验证码识别尝试 19/30
2026-01-30 13:53:14,249 - INFO - 开始识别验证码...（easyocr + pytesseract）
2026-01-30 13:53:14,358 - INFO - easyocr 结果: ['5(1.00)', 'NHpP(0.33)']
2026-01-30 13:53:14,450 - INFO - tesseract 结果: 5NHp
2026-01-30 13:53:14,512 - INFO - easyocr alt1 结果: ['5NHD(0.85)']
2026-01-30 13:53:14,604 - INFO - tesseract alt1 结果: 5NHp
2026-01-30 13:53:14,664 - INFO - easyocr alt2 结果: ['5NHD(0.89)']
2026-01-30 13:53:14,759 - INFO - tesseract alt2 结果: 5Nep
2026-01-30 13:53:14,928 - INFO - easyocr alt3 结果: ['5(1.00)', 'NHD(0.79)']
2026-01-30 13:53:15,041 - INFO - tesseract alt3 结果: 5NHp
2026-01-30 13:53:15,102 - INFO - easyocr alt4 结果: ['5NHP(0.29)']
2026-01-30 13:53:15,197 - INFO - tesseract alt4 结果: 5Nap
2026-01-30 13:53:15,258 - INFO - easyocr alt5 结果: ['5NHD(0.30)']
2026-01-30 13:53:15,354 - INFO - tesseract alt5 结果: 5No
2026-01-30 13:53:15,354 - INFO - 最终验证码识别结果: 5NHD (engine=easyocr_alt2, prob=0.8891639331540876)
2026-01-30 13:53:15,354 - INFO - 查找验证码输入框...
2026-01-30 13:53:15,408 - INFO - 验证码填写完成
2026-01-30 13:53:15,409 - INFO - 验证码填写完成，点击登录按钮...
2026-01-30 13:53:15,409 - INFO - 查找并点击登录按钮...
2026-01-30 13:53:15,464 - INFO - 已点击登录按钮
2026-01-30 13:53:22,484 - INFO - 开始填写登录表单...
2026-01-30 13:53:22,544 - INFO - 用户名填写完成
2026-01-30 13:53:22,600 - INFO - 密码填写完成
2026-01-30 13:53:22,601 - INFO - 验证码图片已保存到 /home/runner/work/nju_electric_monitor/nju_electric_monitor/src/../data/captcha_debug.png
2026-01-30 13:53:22,601 - INFO - 验证码识别尝试 20/30
2026-01-30 13:53:22,601 - INFO - 开始识别验证码...（easyocr + pytesseract）
2026-01-30 13:53:22,709 - INFO - easyocr 结果: ['5(1.00)', 'NHpP(0.33)']
2026-01-30 13:53:22,802 - INFO - tesseract 结果: 5NHp
2026-01-30 13:53:22,864 - INFO - easyocr alt1 结果: ['5NHD(0.85)']
2026-01-30 13:53:22,960 - INFO - tesseract alt1 结果: 5NHp
2026-01-30 13:53:23,033 - INFO - easyocr alt2 结果: ['5NHD(0.89)']
2026-01-30 13:53:23,127 - INFO - tesseract alt2 结果: 5Nep
2026-01-30 13:53:23,297 - INFO - easyocr alt3 结果: ['5(1.00)', 'NHD(0.79)']
2026-01-30 13:53:23,408 - INFO - tesseract alt3 结果: 5NHp
2026-01-30 13:53:23,471 - INFO - easyocr alt4 结果: ['5NHP(0.29)']
2026-01-30 13:53:23,571 - INFO - tesseract alt4 结果: 5Nap
2026-01-30 13:53:23,632 - INFO - easyocr alt5 结果: ['5NHD(0.30)']
2026-01-30 13:53:23,732 - INFO - tesseract alt5 结果: 5No
2026-01-30 13:53:23,732 - INFO - 最终验证码识别结果: 5NHD (engine=easyocr_alt2, prob=0.8891639331540876)
2026-01-30 13:53:23,732 - INFO - 查找验证码输入框...
2026-01-30 13:53:23,787 - INFO - 验证码填写完成
2026-01-30 13:53:23,788 - INFO - 验证码填写完成，点击登录按钮...
2026-01-30 13:53:23,788 - INFO - 查找并点击登录按钮...
2026-01-30 13:53:24,190 - INFO - 已点击登录按钮
2026-01-30 13:53:31,210 - INFO - 开始填写登录表单...
2026-01-30 13:53:31,268 - INFO - 用户名填写完成
2026-01-30 13:53:31,324 - INFO - 密码填写完成
2026-01-30 13:53:31,325 - INFO - 验证码图片已保存到 /home/runner/work/nju_electric_monitor/nju_electric_monitor/src/../data/captcha_debug.png
2026-01-30 13:53:31,325 - INFO - 验证码识别尝试 21/30
2026-01-30 13:53:31,325 - INFO - 开始识别验证码...（easyocr + pytesseract）
2026-01-30 13:53:31,436 - INFO - easyocr 结果: ['5(1.00)', 'NHpP(0.33)']
2026-01-30 13:53:31,528 - INFO - tesseract 结果: 5NHp
2026-01-30 13:53:31,590 - INFO - easyocr alt1 结果: ['5NHD(0.85)']
2026-01-30 13:53:31,688 - INFO - tesseract alt1 结果: 5NHp
2026-01-30 13:53:31,749 - INFO - easyocr alt2 结果: ['5NHD(0.89)']
2026-01-30 13:53:31,842 - INFO - tesseract alt2 结果: 5Nep
2026-01-30 13:53:32,012 - INFO - easyocr alt3 结果: ['5(1.00)', 'NHD(0.79)']
2026-01-30 13:53:32,124 - INFO - tesseract alt3 结果: 5NHp
2026-01-30 13:53:32,185 - INFO - easyocr alt4 结果: ['5NHP(0.29)']
2026-01-30 13:53:32,281 - INFO - tesseract alt4 结果: 5Nap
2026-01-30 13:53:32,343 - INFO - easyocr alt5 结果: ['5NHD(0.30)']
2026-01-30 13:53:32,443 - INFO - tesseract alt5 结果: 5No
2026-01-30 13:53:32,443 - INFO - 最终验证码识别结果: 5NHD (engine=easyocr_alt2, prob=0.8891639331540876)
2026-01-30 13:53:32,443 - INFO - 查找验证码输入框...
2026-01-30 13:53:32,498 - INFO - 验证码填写完成
2026-01-30 13:53:32,498 - INFO - 验证码填写完成，点击登录按钮...
2026-01-30 13:53:32,498 - INFO - 查找并点击登录按钮...
2026-01-30 13:53:32,884 - INFO - 已点击登录按钮
2026-01-30 13:53:39,904 - INFO - 开始填写登录表单...
2026-01-30 13:53:39,963 - INFO - 用户名填写完成
2026-01-30 13:53:40,019 - INFO - 密码填写完成
2026-01-30 13:53:40,020 - INFO - 验证码图片已保存到 /home/runner/work/nju_electric_monitor/nju_electric_monitor/src/../data/captcha_debug.png
2026-01-30 13:53:40,020 - INFO - 验证码识别尝试 22/30
2026-01-30 13:53:40,020 - INFO - 开始识别验证码...（easyocr + pytesseract）
2026-01-30 13:53:40,134 - INFO - easyocr 结果: ['5(1.00)', 'NHpP(0.33)']
2026-01-30 13:53:40,225 - INFO - tesseract 结果: 5NHp
2026-01-30 13:53:40,295 - INFO - easyocr alt1 结果: ['5NHD(0.85)']
2026-01-30 13:53:40,396 - INFO - tesseract alt1 结果: 5NHp
2026-01-30 13:53:40,457 - INFO - easyocr alt2 结果: ['5NHD(0.89)']
2026-01-30 13:53:40,552 - INFO - tesseract alt2 结果: 5Nep
2026-01-30 13:53:40,722 - INFO - easyocr alt3 结果: ['5(1.00)', 'NHD(0.79)']
2026-01-30 13:53:40,828 - INFO - tesseract alt3 结果: 5NHp
2026-01-30 13:53:40,889 - INFO - easyocr alt4 结果: ['5NHP(0.29)']
2026-01-30 13:53:40,987 - INFO - tesseract alt4 结果: 5Nap
2026-01-30 13:53:41,048 - INFO - easyocr alt5 结果: ['5NHD(0.30)']
2026-01-30 13:53:41,145 - INFO - tesseract alt5 结果: 5No
2026-01-30 13:53:41,145 - INFO - 最终验证码识别结果: 5NHD (engine=easyocr_alt2, prob=0.8891639331540876)
2026-01-30 13:53:41,145 - INFO - 查找验证码输入框...
2026-01-30 13:53:41,200 - INFO - 验证码填写完成
2026-01-30 13:53:41,200 - INFO - 验证码填写完成，点击登录按钮...
2026-01-30 13:53:41,200 - INFO - 查找并点击登录按钮...
2026-01-30 13:53:41,601 - INFO - 已点击登录按钮
2026-01-30 13:53:48,621 - INFO - 开始填写登录表单...
2026-01-30 13:53:48,681 - INFO - 用户名填写完成
2026-01-30 13:53:48,737 - INFO - 密码填写完成
2026-01-30 13:53:48,738 - INFO - 验证码图片已保存到 /home/runner/work/nju_electric_monitor/nju_electric_monitor/src/../data/captcha_debug.png
2026-01-30 13:53:48,738 - INFO - 验证码识别尝试 23/30
2026-01-30 13:53:48,738 - INFO - 开始识别验证码...（easyocr + pytesseract）
2026-01-30 13:53:48,848 - INFO - easyocr 结果: ['5(1.00)', 'NHpP(0.33)']
2026-01-30 13:53:48,940 - INFO - tesseract 结果: 5NHp
2026-01-30 13:53:49,002 - INFO - easyocr alt1 结果: ['5NHD(0.85)']
2026-01-30 13:53:49,096 - INFO - tesseract alt1 结果: 5NHp
2026-01-30 13:53:49,157 - INFO - easyocr alt2 结果: ['5NHD(0.89)']
2026-01-30 13:53:49,252 - INFO - tesseract alt2 结果: 5Nep
2026-01-30 13:53:49,421 - INFO - easyocr alt3 结果: ['5(1.00)', 'NHD(0.79)']
2026-01-30 13:53:49,527 - INFO - tesseract alt3 结果: 5NHp
2026-01-30 13:53:49,587 - INFO - easyocr alt4 结果: ['5NHP(0.29)']
2026-01-30 13:53:49,685 - INFO - tesseract alt4 结果: 5Nap
2026-01-30 13:53:49,745 - INFO - easyocr alt5 结果: ['5NHD(0.30)']
2026-01-30 13:53:49,840 - INFO - tesseract alt5 结果: 5No
2026-01-30 13:53:49,841 - INFO - 最终验证码识别结果: 5NHD (engine=easyocr_alt2, prob=0.8891639331540876)
2026-01-30 13:53:49,841 - INFO - 查找验证码输入框...
2026-01-30 13:53:49,895 - INFO - 验证码填写完成
2026-01-30 13:53:49,895 - INFO - 验证码填写完成，点击登录按钮...
2026-01-30 13:53:49,895 - INFO - 查找并点击登录按钮...
2026-01-30 13:53:49,950 - INFO - 已点击登录按钮
2026-01-30 13:53:56,970 - INFO - 开始填写登录表单...
2026-01-30 13:53:57,028 - INFO - 用户名填写完成
2026-01-30 13:53:57,085 - INFO - 密码填写完成
2026-01-30 13:53:57,085 - INFO - 验证码图片已保存到 /home/runner/work/nju_electric_monitor/nju_electric_monitor/src/../data/captcha_debug.png
2026-01-30 13:53:57,086 - INFO - 验证码识别尝试 24/30
2026-01-30 13:53:57,086 - INFO - 开始识别验证码...（easyocr + pytesseract）
2026-01-30 13:53:57,193 - INFO - easyocr 结果: ['5(1.00)', 'NHpP(0.33)']
2026-01-30 13:53:57,284 - INFO - tesseract 结果: 5NHp
2026-01-30 13:53:57,346 - INFO - easyocr alt1 结果: ['5NHD(0.85)']
2026-01-30 13:53:57,439 - INFO - tesseract alt1 结果: 5NHp
2026-01-30 13:53:57,500 - INFO - easyocr alt2 结果: ['5NHD(0.89)']
2026-01-30 13:53:57,596 - INFO - tesseract alt2 结果: 5Nep
2026-01-30 13:53:57,765 - INFO - easyocr alt3 结果: ['5(1.00)', 'NHD(0.79)']
2026-01-30 13:53:57,878 - INFO - tesseract alt3 结果: 5NHp
2026-01-30 13:53:57,938 - INFO - easyocr alt4 结果: ['5NHP(0.29)']
2026-01-30 13:53:58,036 - INFO - tesseract alt4 结果: 5Nap
2026-01-30 13:53:58,097 - INFO - easyocr alt5 结果: ['5NHD(0.30)']
2026-01-30 13:53:58,191 - INFO - tesseract alt5 结果: 5No
2026-01-30 13:53:58,191 - INFO - 最终验证码识别结果: 5NHD (engine=easyocr_alt2, prob=0.8891639331540876)
2026-01-30 13:53:58,192 - INFO - 查找验证码输入框...
2026-01-30 13:53:58,247 - INFO - 验证码填写完成
2026-01-30 13:53:58,247 - INFO - 验证码填写完成，点击登录按钮...
2026-01-30 13:53:58,247 - INFO - 查找并点击登录按钮...
2026-01-30 13:53:58,651 - INFO - 已点击登录按钮
2026-01-30 13:54:05,671 - INFO - 开始填写登录表单...
2026-01-30 13:54:05,729 - INFO - 用户名填写完成
2026-01-30 13:54:05,787 - INFO - 密码填写完成
2026-01-30 13:54:05,788 - INFO - 验证码图片已保存到 /home/runner/work/nju_electric_monitor/nju_electric_monitor/src/../data/captcha_debug.png
2026-01-30 13:54:05,788 - INFO - 验证码识别尝试 25/30
2026-01-30 13:54:05,788 - INFO - 开始识别验证码...（easyocr + pytesseract）
2026-01-30 13:54:05,896 - INFO - easyocr 结果: ['5(1.00)', 'NHpP(0.33)']
2026-01-30 13:54:05,988 - INFO - tesseract 结果: 5NHp
2026-01-30 13:54:06,050 - INFO - easyocr alt1 结果: ['5NHD(0.85)']
2026-01-30 13:54:06,146 - INFO - tesseract alt1 结果: 5NHp
2026-01-30 13:54:06,206 - INFO - easyocr alt2 结果: ['5NHD(0.89)']
2026-01-30 13:54:06,307 - INFO - tesseract alt2 结果: 5Nep
2026-01-30 13:54:06,476 - INFO - easyocr alt3 结果: ['5(1.00)', 'NHD(0.79)']
2026-01-30 13:54:06,584 - INFO - tesseract alt3 结果: 5NHp
2026-01-30 13:54:06,644 - INFO - easyocr alt4 结果: ['5NHP(0.29)']
2026-01-30 13:54:06,745 - INFO - tesseract alt4 结果: 5Nap
2026-01-30 13:54:06,806 - INFO - easyocr alt5 结果: ['5NHD(0.30)']
2026-01-30 13:54:06,904 - INFO - tesseract alt5 结果: 5No
2026-01-30 13:54:06,904 - INFO - 最终验证码识别结果: 5NHD (engine=easyocr_alt2, prob=0.8891639331540876)
2026-01-30 13:54:06,904 - INFO - 查找验证码输入框...
2026-01-30 13:54:06,959 - INFO - 验证码填写完成
2026-01-30 13:54:06,959 - INFO - 验证码填写完成，点击登录按钮...
2026-01-30 13:54:06,959 - INFO - 查找并点击登录按钮...
2026-01-30 13:54:07,014 - INFO - 已点击登录按钮
2026-01-30 13:54:14,034 - INFO - 开始填写登录表单...
2026-01-30 13:54:14,093 - INFO - 用户名填写完成
2026-01-30 13:54:14,149 - INFO - 密码填写完成
2026-01-30 13:54:14,150 - INFO - 验证码图片已保存到 /home/runner/work/nju_electric_monitor/nju_electric_monitor/src/../data/captcha_debug.png
2026-01-30 13:54:14,150 - INFO - 验证码识别尝试 26/30
2026-01-30 13:54:14,150 - INFO - 开始识别验证码...（easyocr + pytesseract）
2026-01-30 13:54:14,259 - INFO - easyocr 结果: ['5(1.00)', 'NHpP(0.33)']
2026-01-30 13:54:14,353 - INFO - tesseract 结果: 5NHp
2026-01-30 13:54:14,415 - INFO - easyocr alt1 结果: ['5NHD(0.85)']
2026-01-30 13:54:14,509 - INFO - tesseract alt1 结果: 5NHp
2026-01-30 13:54:14,569 - INFO - easyocr alt2 结果: ['5NHD(0.89)']
2026-01-30 13:54:14,662 - INFO - tesseract alt2 结果: 5Nep
2026-01-30 13:54:14,832 - INFO - easyocr alt3 结果: ['5(1.00)', 'NHD(0.79)']
2026-01-30 13:54:14,945 - INFO - tesseract alt3 结果: 5NHp
2026-01-30 13:54:15,015 - INFO - easyocr alt4 结果: ['5NHP(0.29)']
2026-01-30 13:54:15,113 - INFO - tesseract alt4 结果: 5Nap
2026-01-30 13:54:15,174 - INFO - easyocr alt5 结果: ['5NHD(0.30)']
2026-01-30 13:54:15,271 - INFO - tesseract alt5 结果: 5No
2026-01-30 13:54:15,271 - INFO - 最终验证码识别结果: 5NHD (engine=easyocr_alt2, prob=0.8891639331540876)
2026-01-30 13:54:15,271 - INFO - 查找验证码输入框...
2026-01-30 13:54:15,326 - INFO - 验证码填写完成
2026-01-30 13:54:15,326 - INFO - 验证码填写完成，点击登录按钮...
2026-01-30 13:54:15,326 - INFO - 查找并点击登录按钮...
2026-01-30 13:54:15,382 - INFO - 已点击登录按钮
2026-01-30 13:54:22,402 - INFO - 开始填写登录表单...
2026-01-30 13:54:22,462 - INFO - 用户名填写完成
2026-01-30 13:54:22,519 - INFO - 密码填写完成
2026-01-30 13:54:22,520 - INFO - 验证码图片已保存到 /home/runner/work/nju_electric_monitor/nju_electric_monitor/src/../data/captcha_debug.png
2026-01-30 13:54:22,520 - INFO - 验证码识别尝试 27/30
2026-01-30 13:54:22,520 - INFO - 开始识别验证码...（easyocr + pytesseract）
2026-01-30 13:54:22,628 - INFO - easyocr 结果: ['5(1.00)', 'NHpP(0.33)']
2026-01-30 13:54:22,722 - INFO - tesseract 结果: 5NHp
2026-01-30 13:54:22,783 - INFO - easyocr alt1 结果: ['5NHD(0.85)']
2026-01-30 13:54:22,877 - INFO - tesseract alt1 结果: 5NHp
2026-01-30 13:54:22,937 - INFO - easyocr alt2 结果: ['5NHD(0.89)']
2026-01-30 13:54:23,031 - INFO - tesseract alt2 结果: 5Nep
2026-01-30 13:54:23,201 - INFO - easyocr alt3 结果: ['5(1.00)', 'NHD(0.79)']
2026-01-30 13:54:23,308 - INFO - tesseract alt3 结果: 5NHp
2026-01-30 13:54:23,369 - INFO - easyocr alt4 结果: ['5NHP(0.29)']
2026-01-30 13:54:23,464 - INFO - tesseract alt4 结果: 5Nap
2026-01-30 13:54:23,524 - INFO - easyocr alt5 结果: ['5NHD(0.30)']
2026-01-30 13:54:23,620 - INFO - tesseract alt5 结果: 5No
2026-01-30 13:54:23,620 - INFO - 最终验证码识别结果: 5NHD (engine=easyocr_alt2, prob=0.8891639331540876)
2026-01-30 13:54:23,620 - INFO - 查找验证码输入框...
2026-01-30 13:54:23,674 - INFO - 验证码填写完成
2026-01-30 13:54:23,674 - INFO - 验证码填写完成，点击登录按钮...
2026-01-30 13:54:23,674 - INFO - 查找并点击登录按钮...
2026-01-30 13:54:23,729 - INFO - 已点击登录按钮
2026-01-30 13:54:30,749 - INFO - 开始填写登录表单...
2026-01-30 13:54:30,810 - INFO - 用户名填写完成
2026-01-30 13:54:30,868 - INFO - 密码填写完成
2026-01-30 13:54:30,868 - INFO - 验证码图片已保存到 /home/runner/work/nju_electric_monitor/nju_electric_monitor/src/../data/captcha_debug.png
2026-01-30 13:54:30,868 - INFO - 验证码识别尝试 28/30
2026-01-30 13:54:30,868 - INFO - 开始识别验证码...（easyocr + pytesseract）
2026-01-30 13:54:30,980 - INFO - easyocr 结果: ['5(1.00)', 'NHpP(0.33)']
2026-01-30 13:54:31,074 - INFO - tesseract 结果: 5NHp
2026-01-30 13:54:31,136 - INFO - easyocr alt1 结果: ['5NHD(0.85)']
2026-01-30 13:54:31,228 - INFO - tesseract alt1 结果: 5NHp
2026-01-30 13:54:31,289 - INFO - easyocr alt2 结果: ['5NHD(0.89)']
2026-01-30 13:54:31,386 - INFO - tesseract alt2 结果: 5Nep
2026-01-30 13:54:31,557 - INFO - easyocr alt3 结果: ['5(1.00)', 'NHD(0.79)']
2026-01-30 13:54:31,667 - INFO - tesseract alt3 结果: 5NHp
2026-01-30 13:54:31,729 - INFO - easyocr alt4 结果: ['5NHP(0.29)']
2026-01-30 13:54:31,830 - INFO - tesseract alt4 结果: 5Nap
2026-01-30 13:54:31,892 - INFO - easyocr alt5 结果: ['5NHD(0.30)']
2026-01-30 13:54:31,988 - INFO - tesseract alt5 结果: 5No
2026-01-30 13:54:31,988 - INFO - 最终验证码识别结果: 5NHD (engine=easyocr_alt2, prob=0.8891639331540876)
2026-01-30 13:54:31,988 - INFO - 查找验证码输入框...
2026-01-30 13:54:32,044 - INFO - 验证码填写完成
2026-01-30 13:54:32,044 - INFO - 验证码填写完成，点击登录按钮...
2026-01-30 13:54:32,044 - INFO - 查找并点击登录按钮...
2026-01-30 13:54:32,450 - INFO - 已点击登录按钮
2026-01-30 13:54:39,470 - INFO - 开始填写登录表单...
2026-01-30 13:54:39,529 - INFO - 用户名填写完成
2026-01-30 13:54:39,586 - INFO - 密码填写完成
2026-01-30 13:54:39,587 - INFO - 验证码图片已保存到 /home/runner/work/nju_electric_monitor/nju_electric_monitor/src/../data/captcha_debug.png
2026-01-30 13:54:39,587 - INFO - 验证码识别尝试 29/30
2026-01-30 13:54:39,587 - INFO - 开始识别验证码...（easyocr + pytesseract）
2026-01-30 13:54:39,697 - INFO - easyocr 结果: ['5(1.00)', 'NHpP(0.33)']
2026-01-30 13:54:39,796 - INFO - tesseract 结果: 5NHp
2026-01-30 13:54:39,858 - INFO - easyocr alt1 结果: ['5NHD(0.85)']
2026-01-30 13:54:39,950 - INFO - tesseract alt1 结果: 5NHp
2026-01-30 13:54:40,011 - INFO - easyocr alt2 结果: ['5NHD(0.89)']
2026-01-30 13:54:40,107 - INFO - tesseract alt2 结果: 5Nep
2026-01-30 13:54:40,277 - INFO - easyocr alt3 结果: ['5(1.00)', 'NHD(0.79)']
2026-01-30 13:54:40,388 - INFO - tesseract alt3 结果: 5NHp
2026-01-30 13:54:40,449 - INFO - easyocr alt4 结果: ['5NHP(0.29)']
2026-01-30 13:54:40,548 - INFO - tesseract alt4 结果: 5Nap
2026-01-30 13:54:40,609 - INFO - easyocr alt5 结果: ['5NHD(0.30)']
2026-01-30 13:54:40,705 - INFO - tesseract alt5 结果: 5No
2026-01-30 13:54:40,705 - INFO - 最终验证码识别结果: 5NHD (engine=easyocr_alt2, prob=0.8891639331540876)
2026-01-30 13:54:40,705 - INFO - 查找验证码输入框...
2026-01-30 13:54:40,760 - INFO - 验证码填写完成
2026-01-30 13:54:40,760 - INFO - 验证码填写完成，点击登录按钮...
2026-01-30 13:54:40,760 - INFO - 查找并点击登录按钮...
2026-01-30 13:54:41,168 - INFO - 已点击登录按钮
2026-01-30 13:54:48,188 - INFO - 开始填写登录表单...
2026-01-30 13:54:48,246 - INFO - 用户名填写完成
2026-01-30 13:54:48,302 - INFO - 密码填写完成
2026-01-30 13:54:48,303 - INFO - 验证码图片已保存到 /home/runner/work/nju_electric_monitor/nju_electric_monitor/src/../data/captcha_debug.png
2026-01-30 13:54:48,303 - INFO - 验证码识别尝试 30/30
2026-01-30 13:54:48,303 - INFO - 开始识别验证码...（easyocr + pytesseract）
2026-01-30 13:54:48,411 - INFO - easyocr 结果: ['5(1.00)', 'NHpP(0.33)']
2026-01-30 13:54:48,503 - INFO - tesseract 结果: 5NHp
2026-01-30 13:54:48,565 - INFO - easyocr alt1 结果: ['5NHD(0.85)']
2026-01-30 13:54:48,659 - INFO - tesseract alt1 结果: 5NHp
2026-01-30 13:54:48,719 - INFO - easyocr alt2 结果: ['5NHD(0.89)']
2026-01-30 13:54:48,818 - INFO - tesseract alt2 结果: 5Nep
2026-01-30 13:54:48,986 - INFO - easyocr alt3 结果: ['5(1.00)', 'NHD(0.79)']
2026-01-30 13:54:49,095 - INFO - tesseract alt3 结果: 5NHp
2026-01-30 13:54:49,155 - INFO - easyocr alt4 结果: ['5NHP(0.29)']
2026-01-30 13:54:49,251 - INFO - tesseract alt4 结果: 5Nap
2026-01-30 13:54:49,311 - INFO - easyocr alt5 结果: ['5NHD(0.30)']
2026-01-30 13:54:49,408 - INFO - tesseract alt5 结果: 5No
2026-01-30 13:54:49,408 - INFO - 最终验证码识别结果: 5NHD (engine=easyocr_alt2, prob=0.8891639331540876)
2026-01-30 13:54:49,408 - INFO - 查找验证码输入框...
2026-01-30 13:54:49,462 - INFO - 验证码填写完成
2026-01-30 13:54:49,463 - INFO - 验证码填写完成，点击登录按钮...
2026-01-30 13:54:49,463 - INFO - 查找并点击登录按钮...
2026-01-30 13:54:49,910 - INFO - 已点击登录按钮
2026-01-30 13:54:56,929 - WARNING - 自动验证码识别失败，请手动输入
请手动输入验证码: 2026-01-30 13:54:56,930 - ERROR - 处理验证码时出错: EOF when reading a line
2026-01-30 13:54:56,930 - WARNING - 验证码处理失败，但继续尝试登录
2026-01-30 13:54:56,930 - INFO - 查找并点击登录按钮...
2026-01-30 13:54:56,984 - INFO - 已点击登录按钮
2026-01-30 13:55:01,984 - INFO - 等待登录成功...
2026-01-30 13:55:06,989 - INFO - 登录可能成功，继续下一步...
2026-01-30 13:55:06,989 - INFO - 查找'去充值'按钮...
2026-01-30 13:55:07,050 - INFO - 已点击充值按钮
2026-01-30 13:55:10,050 - INFO - 开始提取剩余电量信息...
2026-01-30 13:55:10,055 - INFO - 页面源码已保存到 /home/runner/work/nju_electric_monitor/nju_electric_monitor/src/../data/debug_page_source.html
2026-01-30 13:55:10,064 - WARNING - 未找到电量信息元素，尝试其他方法...
2026-01-30 13:55:10,072 - WARNING - 未找到i标签中的电量信息，尝试其他方法...
2026-01-30 13:55:10,075 - INFO - 在页面源码中查找电量信息...
2026-01-30 13:55:10,086 - WARNING - 未能提取到剩余电量信息
2026-01-30 13:55:10,086 - WARNING - 没有电量数据可保存
2026-01-30 13:55:10,086 - INFO - 监控流程完成
Wrapper end: 2026-01-30T21:55:10.197904+08:00
