Wrapper start: 2026-03-01T19:12:13.891544+08:00

=== ENVIRONMENT SUMMARY ===
Environment variable keys (count=121):
- ACCEPT_EULA
- ACTIONS_ORCHESTRATION_ID
- ACTIONS_RUNNER_ACTION_ARCHIVE_CACHE
- AGENT_TOOLSDIRECTORY
- ANDROID_HOME
- ANDROID_NDK
- ANDROID_NDK_HOME
- ANDROID_NDK_LATEST_HOME
- ANDROID_NDK_ROOT
- ANDROID_SDK_ROOT
NJU_USERNAME set: yes
NJU_PASSWORD set: yes

=== DISK USAGE (df -h) ===
Filesystem      Size  Used Avail Use% Mounted on
/dev/root       145G   56G   89G  39% /
tmpfs           7.9G   84K  7.9G   1% /dev/shm
tmpfs           3.2G  2.6M  3.2G   1% /run
tmpfs           5.0M     0  5.0M   0% /run/lock
efivarfs        128M   32K  128M   1% /sys/firmware/efi/efivars
/dev/sda16      881M   63M  757M   8% /boot
/dev/sda15      105M  6.2M   99M   6% /boot/efi
tmpfs           1.6G   12K  1.6G   1% /run/user/1001


=== KEY DIR SIZES ===
24M	/home/runner/work/nju_electric_monitor/nju_electric_monitor/src/../logs

332K	/home/runner/work/nju_electric_monitor/nju_electric_monitor/src/../data

101M	/home/runner/work/nju_electric_monitor/nju_electric_monitor/src/../models


=== CONFIG_WORKFLOW SUMMARY ===
{
  "username": "",
  "password": "",
  "auto_login": true,
  "headless_mode": true,
  "captcha_retry_count": 5,
  "save_captcha_images": true,
  "log_level": "INFO",
  "test_mode": false
}

=== FONT DIAGNOSTICS ===
Found system fonts (ttf) count: 59
- /usr/share/fonts/truetype/dejavu/DejaVuSansCondensed-Oblique.ttf
- /usr/share/fonts/truetype/lato/Lato-BoldItalic.ttf
- /usr/share/fonts/truetype/dejavu/DejaVuSerifCondensed-Italic.ttf
- /usr/share/fonts/truetype/dejavu/DejaVuSansMono.ttf
- /usr/share/fonts/truetype/lato/Lato-Italic.ttf
- /usr/share/fonts/truetype/dejavu/DejaVuSerifCondensed-BoldItalic.ttf
- /usr/share/fonts/truetype/liberation/LiberationMono-BoldItalic.ttf
- /usr/share/fonts/truetype/lato/Lato-Hairline.ttf
- /usr/share/fonts/truetype/dejavu/DejaVuSerif-Bold.ttf
- /usr/share/fonts/truetype/lato/Lato-ThinItalic.ttf
- /usr/share/fonts/opentype/noto/NotoSansCJK-Regular.ttc
- /usr/share/fonts/truetype/dejavu/DejaVuSerifCondensed.ttf
- /usr/share/fonts/truetype/lato/Lato-Semibold.ttf
- /usr/share/fonts/opentype/noto/NotoSerifCJK-Regular.ttc
- /usr/share/fonts/truetype/dejavu/DejaVuSansMono-Oblique.ttf
- /usr/share/fonts/truetype/dejavu/DejaVuSansCondensed-BoldOblique.ttf
- /usr/share/fonts/truetype/lato/Lato-Bold.ttf
- /usr/share/fonts/truetype/wqy/wqy-microhei.ttc
- /usr/share/fonts/truetype/dejavu/DejaVuSansMono-BoldOblique.ttf
- /usr/share/fonts/truetype/dejavu/DejaVuSerifCondensed-Bold.ttf
- /usr/share/fonts/truetype/wqy/wqy-zenhei.ttc
- /usr/share/fonts/truetype/lato/Lato-Medium.ttf
- /usr/share/fonts/truetype/lato/Lato-MediumItalic.ttf
- /usr/share/fonts/truetype/liberation/LiberationMono-Regular.ttf
- /usr/share/fonts/truetype/liberation/LiberationSerif-Regular.ttf
- /usr/share/fonts/truetype/liberation/LiberationSerif-BoldItalic.ttf
- /usr/share/fonts/truetype/dejavu/DejaVuSans-ExtraLight.ttf
- /usr/share/fonts/truetype/lato/Lato-Thin.ttf
- /usr/share/fonts/truetype/dejavu/DejaVuMathTeXGyre.ttf
- /usr/share/fonts/truetype/liberation/LiberationSans-Bold.ttf
- /usr/share/fonts/truetype/lato/Lato-HeavyItalic.ttf
- /usr/share/fonts/truetype/liberation/LiberationSans-Italic.ttf
- /usr/share/fonts/truetype/dejavu/DejaVuSansMono-Bold.ttf
- /usr/share/fonts/truetype/lato/Lato-Light.ttf
- /usr/share/fonts/truetype/lato/Lato-HairlineItalic.ttf
- /usr/share/fonts/opentype/noto/NotoSerifCJK-Bold.ttc
- /usr/share/fonts/truetype/dejavu/DejaVuSerif-BoldItalic.ttf
- /usr/share/fonts/truetype/dejavu/DejaVuSerif.ttf
- /usr/share/fonts/truetype/dejavu/DejaVuSans-Bold.ttf
- /usr/share/fonts/truetype/lato/Lato-Black.ttf
- /usr/share/fonts/truetype/lato/Lato-Heavy.ttf
- /usr/share/fonts/truetype/dejavu/DejaVuSansCondensed-Bold.ttf
- /usr/share/fonts/truetype/liberation/LiberationSans-BoldItalic.ttf
- /usr/share/fonts/truetype/liberation/LiberationSerif-Bold.ttf
- /usr/share/fonts/truetype/liberation/LiberationSans-Regular.ttf
- /usr/share/fonts/truetype/lato/Lato-Regular.ttf
- /usr/share/fonts/truetype/liberation/LiberationMono-Bold.ttf
- /usr/share/fonts/truetype/dejavu/DejaVuSansCondensed.ttf
- /usr/share/fonts/truetype/lato/Lato-LightItalic.ttf
- /usr/share/fonts/truetype/noto/NotoColorEmoji.ttf

FontManager samples (name -> path):
STIXNonUnicode -> /opt/hostedtoolcache/Python/3.11.14/x64/lib/python3.11/site-packages/matplotlib/mpl-data/fonts/ttf/STIXNonUniIta.ttf
cmr10 -> /opt/hostedtoolcache/Python/3.11.14/x64/lib/python3.11/site-packages/matplotlib/mpl-data/fonts/ttf/cmr10.ttf
DejaVu Serif -> /opt/hostedtoolcache/Python/3.11.14/x64/lib/python3.11/site-packages/matplotlib/mpl-data/fonts/ttf/DejaVuSerif-BoldItalic.ttf
DejaVu Serif -> /opt/hostedtoolcache/Python/3.11.14/x64/lib/python3.11/site-packages/matplotlib/mpl-data/fonts/ttf/DejaVuSerif-Bold.ttf
DejaVu Serif -> /opt/hostedtoolcache/Python/3.11.14/x64/lib/python3.11/site-packages/matplotlib/mpl-data/fonts/ttf/DejaVuSerif-Italic.ttf
cmtt10 -> /opt/hostedtoolcache/Python/3.11.14/x64/lib/python3.11/site-packages/matplotlib/mpl-data/fonts/ttf/cmtt10.ttf
DejaVu Sans -> /opt/hostedtoolcache/Python/3.11.14/x64/lib/python3.11/site-packages/matplotlib/mpl-data/fonts/ttf/DejaVuSans-Bold.ttf
DejaVu Serif Display -> /opt/hostedtoolcache/Python/3.11.14/x64/lib/python3.11/site-packages/matplotlib/mpl-data/fonts/ttf/DejaVuSerifDisplay.ttf
STIXSizeTwoSym -> /opt/hostedtoolcache/Python/3.11.14/x64/lib/python3.11/site-packages/matplotlib/mpl-data/fonts/ttf/STIXSizTwoSymBol.ttf
STIXGeneral -> /opt/hostedtoolcache/Python/3.11.14/x64/lib/python3.11/site-packages/matplotlib/mpl-data/fonts/ttf/STIXGeneralBolIta.ttf
DejaVu Sans -> /opt/hostedtoolcache/Python/3.11.14/x64/lib/python3.11/site-packages/matplotlib/mpl-data/fonts/ttf/DejaVuSans-Oblique.ttf
STIXGeneral -> /opt/hostedtoolcache/Python/3.11.14/x64/lib/python3.11/site-packages/matplotlib/mpl-data/fonts/ttf/STIXGeneralItalic.ttf
STIXSizeFourSym -> /opt/hostedtoolcache/Python/3.11.14/x64/lib/python3.11/site-packages/matplotlib/mpl-data/fonts/ttf/STIXSizFourSymBol.ttf
DejaVu Serif -> /opt/hostedtoolcache/Python/3.11.14/x64/lib/python3.11/site-packages/matplotlib/mpl-data/fonts/ttf/DejaVuSerif.ttf
DejaVu Sans Display -> /opt/hostedtoolcache/Python/3.11.14/x64/lib/python3.11/site-packages/matplotlib/mpl-data/fonts/ttf/DejaVuSansDisplay.ttf
cmmi10 -> /opt/hostedtoolcache/Python/3.11.14/x64/lib/python3.11/site-packages/matplotlib/mpl-data/fonts/ttf/cmmi10.ttf
DejaVu Sans Mono -> /opt/hostedtoolcache/Python/3.11.14/x64/lib/python3.11/site-packages/matplotlib/mpl-data/fonts/ttf/DejaVuSansMono-Bold.ttf
STIXGeneral -> /opt/hostedtoolcache/Python/3.11.14/x64/lib/python3.11/site-packages/matplotlib/mpl-data/fonts/ttf/STIXGeneral.ttf
DejaVu Sans Mono -> /opt/hostedtoolcache/Python/3.11.14/x64/lib/python3.11/site-packages/matplotlib/mpl-data/fonts/ttf/DejaVuSansMono-Oblique.ttf
STIXSizeThreeSym -> /opt/hostedtoolcache/Python/3.11.14/x64/lib/python3.11/site-packages/matplotlib/mpl-data/fonts/ttf/STIXSizThreeSymBol.ttf
STIXSizeThreeSym -> /opt/hostedtoolcache/Python/3.11.14/x64/lib/python3.11/site-packages/matplotlib/mpl-data/fonts/ttf/STIXSizThreeSymReg.ttf
DejaVu Sans Mono -> /opt/hostedtoolcache/Python/3.11.14/x64/lib/python3.11/site-packages/matplotlib/mpl-data/fonts/ttf/DejaVuSansMono-BoldOblique.ttf
cmsy10 -> /opt/hostedtoolcache/Python/3.11.14/x64/lib/python3.11/site-packages/matplotlib/mpl-data/fonts/ttf/cmsy10.ttf
STIXSizeOneSym -> /opt/hostedtoolcache/Python/3.11.14/x64/lib/python3.11/site-packages/matplotlib/mpl-data/fonts/ttf/STIXSizOneSymBol.ttf
STIXNonUnicode -> /opt/hostedtoolcache/Python/3.11.14/x64/lib/python3.11/site-packages/matplotlib/mpl-data/fonts/ttf/STIXNonUni.ttf
cmex10 -> /opt/hostedtoolcache/Python/3.11.14/x64/lib/python3.11/site-packages/matplotlib/mpl-data/fonts/ttf/cmex10.ttf
STIXGeneral -> /opt/hostedtoolcache/Python/3.11.14/x64/lib/python3.11/site-packages/matplotlib/mpl-data/fonts/ttf/STIXGeneralBol.ttf
STIXSizeFourSym -> /opt/hostedtoolcache/Python/3.11.14/x64/lib/python3.11/site-packages/matplotlib/mpl-data/fonts/ttf/STIXSizFourSymReg.ttf
DejaVu Sans -> /opt/hostedtoolcache/Python/3.11.14/x64/lib/python3.11/site-packages/matplotlib/mpl-data/fonts/ttf/DejaVuSans-BoldOblique.ttf
STIXSizeFiveSym -> /opt/hostedtoolcache/Python/3.11.14/x64/lib/python3.11/site-packages/matplotlib/mpl-data/fonts/ttf/STIXSizFiveSymReg.ttf
STIXNonUnicode -> /opt/hostedtoolcache/Python/3.11.14/x64/lib/python3.11/site-packages/matplotlib/mpl-data/fonts/ttf/STIXNonUniBol.ttf
cmb10 -> /opt/hostedtoolcache/Python/3.11.14/x64/lib/python3.11/site-packages/matplotlib/mpl-data/fonts/ttf/cmb10.ttf
STIXNonUnicode -> /opt/hostedtoolcache/Python/3.11.14/x64/lib/python3.11/site-packages/matplotlib/mpl-data/fonts/ttf/STIXNonUniBolIta.ttf
STIXSizeTwoSym -> /opt/hostedtoolcache/Python/3.11.14/x64/lib/python3.11/site-packages/matplotlib/mpl-data/fonts/ttf/STIXSizTwoSymReg.ttf
DejaVu Sans -> /opt/hostedtoolcache/Python/3.11.14/x64/lib/python3.11/site-packages/matplotlib/mpl-data/fonts/ttf/DejaVuSans.ttf
cmss10 -> /opt/hostedtoolcache/Python/3.11.14/x64/lib/python3.11/site-packages/matplotlib/mpl-data/fonts/ttf/cmss10.ttf
STIXSizeOneSym -> /opt/hostedtoolcache/Python/3.11.14/x64/lib/python3.11/site-packages/matplotlib/mpl-data/fonts/ttf/STIXSizOneSymReg.ttf
DejaVu Sans Mono -> /opt/hostedtoolcache/Python/3.11.14/x64/lib/python3.11/site-packages/matplotlib/mpl-data/fonts/ttf/DejaVuSansMono.ttf
DejaVu Sans -> /usr/share/fonts/truetype/dejavu/DejaVuSansCondensed-Oblique.ttf
Lato -> /usr/share/fonts/truetype/lato/Lato-BoldItalic.ttf
DejaVu Serif -> /usr/share/fonts/truetype/dejavu/DejaVuSerifCondensed-Italic.ttf
DejaVu Sans Mono -> /usr/share/fonts/truetype/dejavu/DejaVuSansMono.ttf
Lato -> /usr/share/fonts/truetype/lato/Lato-Italic.ttf
DejaVu Serif -> /usr/share/fonts/truetype/dejavu/DejaVuSerifCondensed-BoldItalic.ttf
Liberation Mono -> /usr/share/fonts/truetype/liberation/LiberationMono-BoldItalic.ttf
Lato -> /usr/share/fonts/truetype/lato/Lato-Hairline.ttf
DejaVu Serif -> /usr/share/fonts/truetype/dejavu/DejaVuSerif-Bold.ttf
Lato -> /usr/share/fonts/truetype/lato/Lato-ThinItalic.ttf
Noto Sans CJK JP -> /usr/share/fonts/opentype/noto/NotoSansCJK-Regular.ttc
DejaVu Serif -> /usr/share/fonts/truetype/dejavu/DejaVuSerifCondensed.ttf

Preferred font find results:
findfont('Microsoft YaHei') failed: Failed to find font Microsoft YaHei:style=normal:variant=normal:weight=normal:stretch=normal:size=10.0, and fallback to the default font was disabled
findfont('Segoe UI') failed: Failed to find font Segoe UI:style=normal:variant=normal:weight=normal:stretch=normal:size=10.0, and fallback to the default font was disabled
findfont('Arial Unicode MS') failed: Failed to find font Arial Unicode MS:style=normal:variant=normal:weight=normal:stretch=normal:size=10.0, and fallback to the default font was disabled
findfont('Noto Sans CJK SC') failed: Failed to find font Noto Sans CJK SC:style=normal:variant=normal:weight=normal:stretch=normal:size=10.0, and fallback to the default font was disabled
findfont('WenQuanYi Micro Hei') -> /usr/share/fonts/truetype/wqy/wqy-microhei.ttc
findfont('WenQuanYi Zen Hei') -> /usr/share/fonts/truetype/wqy/wqy-zenhei.ttc
findfont('DejaVu Sans') -> /opt/hostedtoolcache/Python/3.11.14/x64/lib/python3.11/site-packages/matplotlib/mpl-data/fonts/ttf/DejaVuSans.ttf

fc-list output sample (truncated to 10000 chars):
Liberation Mono - /usr/share/fonts/truetype/liberation/LiberationMono-Bold.ttf
Liberation Serif - /usr/share/fonts/truetype/liberation/LiberationSerif-BoldItalic.ttf
Lato,Lato Hairline - /usr/share/fonts/truetype/lato/Lato-Hairline.ttf
Lato,Lato Heavy - /usr/share/fonts/truetype/lato/Lato-Heavy.ttf
DejaVu Serif,DejaVu Serif Condensed - /usr/share/fonts/truetype/dejavu/DejaVuSerifCondensed-Italic.ttf
Lato,Lato Medium - /usr/share/fonts/truetype/lato/Lato-Medium.ttf
Lato,Lato Light - /usr/share/fonts/truetype/lato/Lato-LightItalic.ttf
WenQuanYi Zen Hei Sharp,文泉驛點陣正黑,文泉驿点阵正黑 - /usr/share/fonts/truetype/wqy/wqy-zenhei.ttc
WenQuanYi Micro Hei Mono,文泉驛等寬微米黑,文泉驿等宽微米黑 - /usr/share/fonts/truetype/wqy/wqy-microhei.ttc
Noto Sans Mono CJK KR - /usr/share/fonts/opentype/noto/NotoSansCJK-Bold.ttc
DejaVu Serif - /usr/share/fonts/truetype/dejavu/DejaVuSerif-Bold.ttf
Noto Sans Mono CJK JP - /usr/share/fonts/opentype/noto/NotoSansCJK-Bold.ttc
Noto Sans Mono CJK HK - /usr/share/fonts/opentype/noto/NotoSansCJK-Bold.ttc
Noto Serif CJK SC - /usr/share/fonts/opentype/noto/NotoSerifCJK-Regular.ttc
DejaVu Math TeX Gyre - /usr/share/fonts/truetype/dejavu/DejaVuMathTeXGyre.ttf
Liberation Sans - /usr/share/fonts/truetype/liberation/LiberationSans-Regular.ttf
Lato - /usr/share/fonts/truetype/lato/Lato-Italic.ttf
Liberation Sans - /usr/share/fonts/truetype/liberation/LiberationSans-Bold.ttf
Noto Serif CJK TC - /usr/share/fonts/opentype/noto/NotoSerifCJK-Regular.ttc
Noto Sans Mono CJK SC - /usr/share/fonts/opentype/noto/NotoSansCJK-Bold.ttc
Liberation Mono - /usr/share/fonts/truetype/liberation/LiberationMono-Italic.ttf
Noto Sans Mono CJK TC - /usr/share/fonts/opentype/noto/NotoSansCJK-Bold.ttc
DejaVu Sans,DejaVu Sans Condensed - /usr/share/fonts/truetype/dejavu/DejaVuSansCondensed.ttf
DejaVu Serif,DejaVu Serif Condensed - /usr/share/fonts/truetype/dejavu/DejaVuSerifCondensed.ttf
Liberation Serif - /usr/share/fonts/truetype/liberation/LiberationSerif-Italic.ttf
Lato,Lato Heavy - /usr/share/fonts/truetype/lato/Lato-HeavyItalic.ttf
Lato - /usr/share/fonts/truetype/lato/Lato-BoldItalic.ttf
Noto Serif CJK JP - /usr/share/fonts/opentype/noto/NotoSerifCJK-Regular.ttc
Lato,Lato Medium - /usr/share/fonts/truetype/lato/Lato-MediumItalic.ttf
Noto Serif CJK HK - /usr/share/fonts/opentype/noto/NotoSerifCJK-Regular.ttc
DejaVu Serif - /usr/share/fonts/truetype/dejavu/DejaVuSerif-Italic.ttf
DejaVu Sans - /usr/share/fonts/truetype/dejavu/DejaVuSans.ttf
Noto Serif CJK KR - /usr/share/fonts/opentype/noto/NotoSerifCJK-Regular.ttc
Lato,Lato Semibold - /usr/share/fonts/truetype/lato/Lato-SemiboldItalic.ttf
Lato,Lato Thin - /usr/share/fonts/truetype/lato/Lato-ThinItalic.ttf
DejaVu Sans,DejaVu Sans Condensed - /usr/share/fonts/truetype/dejavu/DejaVuSansCondensed-BoldOblique.ttf
Noto Sans CJK JP - /usr/share/fonts/opentype/noto/NotoSansCJK-Regular.ttc
Liberation Sans - /usr/share/fonts/truetype/liberation/LiberationSans-Italic.ttf
Noto Sans CJK HK - /usr/share/fonts/opentype/noto/NotoSansCJK-Regular.ttc
Lato,Lato Black - /usr/share/fonts/truetype/lato/Lato-BlackItalic.ttf
Lato,Lato Thin - /usr/share/fonts/truetype/lato/Lato-Thin.ttf
DejaVu Sans,DejaVu Sans Condensed - /usr/share/fonts/truetype/dejavu/DejaVuSansCondensed-Oblique.ttf
Noto Sans CJK KR - /usr/share/fonts/opentype/noto/NotoSansCJK-Regular.ttc
Lato,Lato Light - /usr/share/fonts/truetype/lato/Lato-Light.ttf
Noto Sans CJK TC - /usr/share/fonts/opentype/noto/NotoSansCJK-Regular.ttc
DejaVu Sans,DejaVu Sans Condensed - /usr/share/fonts/truetype/dejavu/DejaVuSansCondensed-Bold.ttf
DejaVu Sans Mono - /usr/share/fonts/truetype/dejavu/DejaVuSansMono-Oblique.ttf
Lato,Lato Hairline - /usr/share/fonts/truetype/lato/Lato-HairlineItalic.ttf
Noto Sans CJK SC - /usr/share/fonts/opentype/noto/NotoSansCJK-Regular.ttc
WenQuanYi Zen Hei,文泉驛正黑,文泉驿正黑 - /usr/share/fonts/truetype/wqy/wqy-zenhei.ttc
Lato,Lato Black - /usr/share/fonts/truetype/lato/Lato-Black.ttf
Lato - /usr/share/fonts/truetype/lato/Lato-Regular.ttf
DejaVu Sans - /usr/share/fonts/truetype/dejavu/DejaVuSans-BoldOblique.ttf
Liberation Mono - /usr/share/fonts/truetype/liberation/LiberationMono-BoldItalic.ttf
Noto Sans Mono CJK KR - /usr/share/fonts/opentype/noto/NotoSansCJK-Regular.ttc
Liberation Mono - /usr/share/fonts/truetype/liberation/LiberationMono-Regular.ttf
Noto Sans Mono CJK HK - /usr/share/fonts/opentype/noto/NotoSansCJK-Regular.ttc
DejaVu Sans,DejaVu Sans Light - /usr/share/fonts/truetype/dejavu/DejaVuSans-ExtraLight.ttf
DejaVu Serif - /usr/share/fonts/truetype/dejavu/DejaVuSerif.ttf
Noto Sans Mono CJK JP - /usr/share/fonts/opentype/noto/NotoSansCJK-Regular.ttc
Noto Serif CJK JP - /usr/share/fonts/opentype/noto/NotoSerifCJK-Bold.ttc
Noto Serif CJK HK - /usr/share/fonts/opentype/noto/NotoSerifCJK-Bold.ttc
Noto Serif CJK KR - /usr/share/fonts/opentype/noto/NotoSerifCJK-Bold.ttc
Noto Serif CJK TC - /usr/share/fonts/opentype/noto/NotoSerifCJK-Bold.ttc
Lato - /usr/share/fonts/truetype/lato/Lato-Bold.ttf
Noto Sans CJK SC - /usr/share/fonts/opentype/noto/NotoSansCJK-Bold.ttc
Noto Sans Mono CJK TC - /usr/share/fonts/opentype/noto/NotoSansCJK-Regular.ttc
Noto Sans CJK TC - /usr/share/fonts/opentype/noto/NotoSansCJK-Bold.ttc
Noto Serif CJK SC - /usr/share/fonts/opentype/noto/NotoSerifCJK-Bold.ttc
DejaVu Sans Mono - /usr/share/fonts/truetype/dejavu/DejaVuSansMono-Bold.ttf
DejaVu Serif - /usr/share/fonts/truetype/dejavu/DejaVuSerif-BoldItalic.ttf
WenQuanYi Zen Hei Mono,文泉驛等寬正黑,文泉驿等宽正黑 - /usr/share/fonts/truetype/wqy/wqy-zenhei.ttc
DejaVu Sans Mono - /usr/share/fonts/truetype/dejavu/DejaVuSansMono.ttf
Noto Sans CJK JP - /usr/share/fonts/opentype/noto/NotoSansCJK-Bold.ttc
Noto Sans CJK HK - /usr/share/fonts/opentype/noto/NotoSansCJK-Bold.ttc
Noto Sans CJK KR - /usr/share/fonts/opentype/noto/NotoSansCJK-Bold.ttc
WenQuanYi Micro Hei,文泉驛微米黑,文泉驿微米黑 - /usr/share/fonts/truetype/wqy/wqy-microhei.ttc
Noto Sans Mono CJK SC - /usr/share/fonts/opentype/noto/NotoSansCJK-Regular.ttc
Noto Color Emoji - /usr/share/fonts/truetype/noto/NotoColorEmoji.ttf
DejaVu Sans Mono - /usr/share/fonts/truetype/dejavu/DejaVuSansMono-BoldOblique.ttf
Liberation Sans - /usr/share/fonts/truetype/liberation/LiberationSans-BoldItalic.ttf
Liberation Serif - /usr/share/fonts/truetype/liberation/LiberationSerif-Regular.ttf
Lato,Lato Semibold - /usr/share/fonts/truetype/lato/Lato-Semibold.ttf
DejaVu Sans - /usr/share/fonts/truetype/dejavu/DejaVuSans-Oblique.ttf
DejaVu Serif,DejaVu Serif Condensed - /usr/share/fonts/truetype/dejavu/DejaVuSerifCondensed-Bold.ttf
DejaVu Sans - /usr/share/fonts/truetype/dejavu/DejaVuSans-Bold.ttf
Liberation Serif - /usr/share/fonts/truetype/liberation/LiberationSerif-Bold.ttf
DejaVu Serif,DejaVu Serif Condensed - /usr/share/fonts/truetype/dejavu/DejaVuSerifCondensed-BoldItalic.ttf

Running workflow script: /home/runner/work/nju_electric_monitor/nju_electric_monitor/src/nju_electric_monitor_workflow.py
[0;93m2026-03-01 11:12:14.731996433 [W:onnxruntime:Default, device_discovery.cc:131 GetPciBusId] Skipping pci_bus_id for PCI path at "/sys/devices/LNXSYSTM:00/LNXSYBUS:00/ACPI0004:00/MSFT1000:00/5620e0c7-8062-4dce-aeb7-520c7ef76171" because filename ""5620e0c7-8062-4dce-aeb7-520c7ef76171"" dit not match expected pattern of [0-9a-f]+:[0-9a-f]+:[0-9a-f]+[.][0-9a-f]+[m
2026-03-01 11:12:15,255 - INFO - Matplotlib 字体设置：使用回退字体列表，首选可用字体: Noto Sans CJK JP
2026-03-01 11:12:16,498 - INFO - 使用 ChromeDriver: /usr/bin/chromedriver
2026-03-01 11:12:16,567 - INFO - ddddocr 识别器初始化成功
2026-03-01 11:12:16,567 - INFO - 开始南京大学电费监控流程（自动无头模式）
2026-03-01 11:12:16,567 - INFO - 已初始化并清空验证码图片目录: /home/runner/work/nju_electric_monitor/nju_electric_monitor/src/../data/captcha_workflow
2026-03-01 11:12:16,567 - INFO - 正在打开页面: https://epay.nju.edu.cn/epay/h5/nju/electric/index
2026-03-01 11:12:25,944 - INFO - 等待登录表单加载...
2026-03-01 11:12:26,006 - INFO - 登录表单已加载
2026-03-01 11:12:26,006 - INFO - 开始填写登录表单...
2026-03-01 11:12:26,161 - INFO - 用户名填写完成
2026-03-01 11:12:26,235 - INFO - 密码填写完成
2026-03-01 11:12:26,235 - INFO - 开始处理验证码（两层嵌套重试）...
2026-03-01 11:12:26,236 - INFO - 外层页面重试 1/5
2026-03-01 11:12:26,236 - INFO - 等待登录表单加载...
2026-03-01 11:12:26,244 - INFO - 登录表单已加载
2026-03-01 11:12:26,244 - INFO - 开始填写登录表单...
2026-03-01 11:12:26,314 - INFO - 用户名填写完成
2026-03-01 11:12:26,377 - INFO - 密码填写完成
2026-03-01 11:12:26,377 - INFO - 查找验证码图片...
2026-03-01 11:12:26,397 - INFO - 找到验证码图片，开始截图...
2026-03-01 11:12:26,443 - INFO - 验证码图片截取成功
2026-03-01 11:12:26,443 - INFO - 验证码图片已保存到 /home/runner/work/nju_electric_monitor/nju_electric_monitor/src/../data/captcha_debug.png
2026-03-01 11:12:26,444 - INFO - 验证码图片已保存到 /home/runner/work/nju_electric_monitor/nju_electric_monitor/src/../data/captcha_workflow/captcha_outer1.png
2026-03-01 11:12:26,444 - INFO - 验证码识别（同一图片）尝试 1/3，外层 1/5
2026-03-01 11:12:26,444 - INFO - 开始使用 ddddocr 识别验证码...
2026-03-01 11:12:26,454 - INFO - ddddocr 最终验证码识别结果: YFSB
2026-03-01 11:12:26,454 - INFO - 已将验证码图片重命名为: /home/runner/work/nju_electric_monitor/nju_electric_monitor/src/../data/captcha_workflow/YFSB.png
2026-03-01 11:12:26,454 - INFO - 查找验证码输入框...
2026-03-01 11:12:26,513 - INFO - 通过 XPath 找到 1 个验证码候选输入框，使用第一个。
2026-03-01 11:12:26,568 - INFO - 验证码填写完成
2026-03-01 11:12:26,568 - INFO - 验证码填写完成，点击登录按钮...
2026-03-01 11:12:26,568 - INFO - 查找并点击登录按钮...
2026-03-01 11:12:26,590 - INFO - 通过 ID=login_submit 找到登录按钮
2026-03-01 11:12:26,978 - INFO - 已点击登录按钮
2026-03-01 11:12:35,045 - INFO - 检测到英文验证码错误提示: 'Verification code error \n\t\t\t\t\t\tVerification code error'
2026-03-01 11:12:35,045 - WARNING - 检测到验证码错误提示，将重新加载页面获取新验证码
2026-03-01 11:12:35,045 - INFO - 本轮登录未成功，等待 5 秒后进行下一轮验证码重试...
2026-03-01 11:12:40,045 - INFO - 外层页面重试 2/5
2026-03-01 11:12:45,196 - INFO - 等待登录表单加载...
2026-03-01 11:12:45,203 - INFO - 登录表单已加载
2026-03-01 11:12:45,203 - INFO - 开始填写登录表单...
2026-03-01 11:12:45,269 - INFO - 用户名填写完成
2026-03-01 11:12:45,331 - INFO - 密码填写完成
2026-03-01 11:12:45,331 - INFO - 查找验证码图片...
2026-03-01 11:12:45,344 - INFO - 找到验证码图片，开始截图...
2026-03-01 11:12:45,389 - INFO - 验证码图片截取成功
2026-03-01 11:12:45,390 - INFO - 验证码图片已保存到 /home/runner/work/nju_electric_monitor/nju_electric_monitor/src/../data/captcha_debug.png
2026-03-01 11:12:45,390 - INFO - 验证码图片已保存到 /home/runner/work/nju_electric_monitor/nju_electric_monitor/src/../data/captcha_workflow/captcha_outer2.png
2026-03-01 11:12:45,390 - INFO - 验证码识别（同一图片）尝试 1/3，外层 2/5
2026-03-01 11:12:45,390 - INFO - 开始使用 ddddocr 识别验证码...
2026-03-01 11:12:45,406 - INFO - ddddocr 最终验证码识别结果: CSQD
2026-03-01 11:12:45,407 - INFO - 已将验证码图片重命名为: /home/runner/work/nju_electric_monitor/nju_electric_monitor/src/../data/captcha_workflow/CSQD.png
2026-03-01 11:12:45,407 - INFO - 查找验证码输入框...
2026-03-01 11:12:45,458 - INFO - 通过 XPath 找到 1 个验证码候选输入框，使用第一个。
2026-03-01 11:12:45,511 - INFO - 验证码填写完成
2026-03-01 11:12:45,511 - INFO - 验证码填写完成，点击登录按钮...
2026-03-01 11:12:45,511 - INFO - 查找并点击登录按钮...
2026-03-01 11:12:45,530 - INFO - 通过 ID=login_submit 找到登录按钮
2026-03-01 11:12:48,659 - INFO - 已点击登录按钮
2026-03-01 11:12:56,708 - INFO - 检测到英文验证码错误提示: 'Verification code error \n\t\t\t\t\t\tVerification code error'
2026-03-01 11:12:56,708 - WARNING - 检测到验证码错误提示，将重新加载页面获取新验证码
2026-03-01 11:12:56,708 - INFO - 本轮登录未成功，等待 5 秒后进行下一轮验证码重试...
2026-03-01 11:13:01,708 - INFO - 外层页面重试 3/5
2026-03-01 11:13:06,548 - INFO - 等待登录表单加载...
2026-03-01 11:13:06,555 - INFO - 登录表单已加载
2026-03-01 11:13:06,555 - INFO - 开始填写登录表单...
2026-03-01 11:13:06,621 - INFO - 用户名填写完成
2026-03-01 11:13:06,684 - INFO - 密码填写完成
2026-03-01 11:13:06,684 - INFO - 查找验证码图片...
2026-03-01 11:13:06,697 - INFO - 找到验证码图片，开始截图...
2026-03-01 11:13:06,738 - INFO - 验证码图片截取成功
2026-03-01 11:13:06,739 - INFO - 验证码图片已保存到 /home/runner/work/nju_electric_monitor/nju_electric_monitor/src/../data/captcha_debug.png
2026-03-01 11:13:06,740 - INFO - 验证码图片已保存到 /home/runner/work/nju_electric_monitor/nju_electric_monitor/src/../data/captcha_workflow/captcha_outer3.png
2026-03-01 11:13:06,740 - INFO - 验证码识别（同一图片）尝试 1/3，外层 3/5
2026-03-01 11:13:06,740 - INFO - 开始使用 ddddocr 识别验证码...
2026-03-01 11:13:06,750 - INFO - ddddocr 最终验证码识别结果: DA3I
2026-03-01 11:13:06,750 - INFO - 已将验证码图片重命名为: /home/runner/work/nju_electric_monitor/nju_electric_monitor/src/../data/captcha_workflow/DA3I.png
2026-03-01 11:13:06,750 - INFO - 查找验证码输入框...
2026-03-01 11:13:06,800 - INFO - 通过 XPath 找到 1 个验证码候选输入框，使用第一个。
2026-03-01 11:13:06,853 - INFO - 验证码填写完成
2026-03-01 11:13:06,853 - INFO - 验证码填写完成，点击登录按钮...
2026-03-01 11:13:06,853 - INFO - 查找并点击登录按钮...
2026-03-01 11:13:06,872 - INFO - 通过 ID=login_submit 找到登录按钮
2026-03-01 11:13:09,791 - INFO - 已点击登录按钮
2026-03-01 11:13:17,839 - INFO - 检测到英文验证码错误提示: 'Verification code error \n\t\t\t\t\t\tVerification code error'
2026-03-01 11:13:17,839 - WARNING - 检测到验证码错误提示，将重新加载页面获取新验证码
2026-03-01 11:13:17,839 - INFO - 本轮登录未成功，等待 5 秒后进行下一轮验证码重试...
2026-03-01 11:13:22,839 - INFO - 外层页面重试 4/5
2026-03-01 11:13:28,307 - INFO - 等待登录表单加载...
2026-03-01 11:13:28,314 - INFO - 登录表单已加载
2026-03-01 11:13:28,314 - INFO - 开始填写登录表单...
2026-03-01 11:13:28,381 - INFO - 用户名填写完成
2026-03-01 11:13:28,445 - INFO - 密码填写完成
2026-03-01 11:13:28,445 - INFO - 查找验证码图片...
2026-03-01 11:13:28,458 - INFO - 找到验证码图片，开始截图...
2026-03-01 11:13:28,504 - INFO - 验证码图片截取成功
2026-03-01 11:13:28,505 - INFO - 验证码图片已保存到 /home/runner/work/nju_electric_monitor/nju_electric_monitor/src/../data/captcha_debug.png
2026-03-01 11:13:28,505 - INFO - 验证码图片已保存到 /home/runner/work/nju_electric_monitor/nju_electric_monitor/src/../data/captcha_workflow/captcha_outer4.png
2026-03-01 11:13:28,505 - INFO - 验证码识别（同一图片）尝试 1/3，外层 4/5
2026-03-01 11:13:28,505 - INFO - 开始使用 ddddocr 识别验证码...
2026-03-01 11:13:28,515 - INFO - ddddocr 最终验证码识别结果: JUGM
2026-03-01 11:13:28,515 - INFO - 已将验证码图片重命名为: /home/runner/work/nju_electric_monitor/nju_electric_monitor/src/../data/captcha_workflow/JUGM.png
2026-03-01 11:13:28,515 - INFO - 查找验证码输入框...
2026-03-01 11:13:28,564 - INFO - 通过 XPath 找到 1 个验证码候选输入框，使用第一个。
2026-03-01 11:13:28,618 - INFO - 验证码填写完成
2026-03-01 11:13:28,618 - INFO - 验证码填写完成，点击登录按钮...
2026-03-01 11:13:28,618 - INFO - 查找并点击登录按钮...
2026-03-01 11:13:28,637 - INFO - 通过 ID=login_submit 找到登录按钮
2026-03-01 11:13:31,810 - INFO - 已点击登录按钮
2026-03-01 11:13:39,859 - INFO - 检测到英文验证码错误提示: 'Verification code error \n\t\t\t\t\t\tVerification code error'
2026-03-01 11:13:39,859 - WARNING - 检测到验证码错误提示，将重新加载页面获取新验证码
2026-03-01 11:13:39,859 - INFO - 本轮登录未成功，等待 5 秒后进行下一轮验证码重试...
2026-03-01 11:13:44,859 - INFO - 外层页面重试 5/5
2026-03-01 11:13:49,738 - INFO - 等待登录表单加载...
2026-03-01 11:13:49,745 - INFO - 登录表单已加载
2026-03-01 11:13:49,745 - INFO - 开始填写登录表单...
2026-03-01 11:13:49,813 - INFO - 用户名填写完成
2026-03-01 11:13:49,878 - INFO - 密码填写完成
2026-03-01 11:13:49,878 - INFO - 查找验证码图片...
2026-03-01 11:13:49,892 - INFO - 找到验证码图片，开始截图...
2026-03-01 11:13:49,936 - INFO - 验证码图片截取成功
2026-03-01 11:13:49,937 - INFO - 验证码图片已保存到 /home/runner/work/nju_electric_monitor/nju_electric_monitor/src/../data/captcha_debug.png
2026-03-01 11:13:49,937 - INFO - 验证码图片已保存到 /home/runner/work/nju_electric_monitor/nju_electric_monitor/src/../data/captcha_workflow/captcha_outer5.png
2026-03-01 11:13:49,937 - INFO - 验证码识别（同一图片）尝试 1/3，外层 5/5
2026-03-01 11:13:49,937 - INFO - 开始使用 ddddocr 识别验证码...
2026-03-01 11:13:49,947 - INFO - ddddocr 最终验证码识别结果: CJRM
2026-03-01 11:13:49,947 - INFO - 已将验证码图片重命名为: /home/runner/work/nju_electric_monitor/nju_electric_monitor/src/../data/captcha_workflow/CJRM.png
2026-03-01 11:13:49,947 - INFO - 查找验证码输入框...
2026-03-01 11:13:49,996 - INFO - 通过 XPath 找到 1 个验证码候选输入框，使用第一个。
2026-03-01 11:13:50,052 - INFO - 验证码填写完成
2026-03-01 11:13:50,052 - INFO - 验证码填写完成，点击登录按钮...
2026-03-01 11:13:50,052 - INFO - 查找并点击登录按钮...
2026-03-01 11:13:50,072 - INFO - 通过 ID=login_submit 找到登录按钮
2026-03-01 11:13:52,972 - INFO - 已点击登录按钮
2026-03-01 11:14:01,019 - INFO - 检测到英文验证码错误提示: 'Verification code error \n\t\t\t\t\t\tVerification code error'
2026-03-01 11:14:01,020 - WARNING - 检测到验证码错误提示，将重新加载页面获取新验证码
2026-03-01 11:14:01,020 - ERROR - 自动验证码识别失败，且当前为非交互环境，无法手动输入验证码，本次监控流程失败
2026-03-01 11:14:01,020 - ERROR - 验证码处理或登录过程失败
监控流程失败，未能成功获取电量数据
Workflow script exited with code 1
Wrapper end: 2026-03-01T19:14:01.205759+08:00
