Wrapper start: 2026-03-02T09:55:37.770193+08:00

=== ENVIRONMENT SUMMARY ===
Environment variable keys (count=121):
- ACCEPT_EULA
- ACTIONS_ORCHESTRATION_ID
- ACTIONS_RUNNER_ACTION_ARCHIVE_CACHE
- AGENT_TOOLSDIRECTORY
- ANDROID_HOME
- ANDROID_NDK
- ANDROID_NDK_HOME
- ANDROID_NDK_LATEST_HOME
- ANDROID_NDK_ROOT
- ANDROID_SDK_ROOT
NJU_USERNAME set: yes
NJU_PASSWORD set: yes

=== DISK USAGE (df -h) ===
Filesystem      Size  Used Avail Use% Mounted on
/dev/root       145G   56G   89G  39% /
tmpfs           7.9G   84K  7.9G   1% /dev/shm
tmpfs           3.2G  2.6M  3.2G   1% /run
tmpfs           5.0M     0  5.0M   0% /run/lock
efivarfs        128M   26K  128M   1% /sys/firmware/efi/efivars
/dev/sda16      881M   63M  757M   8% /boot
/dev/sda15      105M  6.2M   99M   6% /boot/efi
tmpfs           1.6G   12K  1.6G   1% /run/user/1001


=== KEY DIR SIZES ===
24M	/home/runner/work/nju_electric_monitor/nju_electric_monitor/src/../logs

304K	/home/runner/work/nju_electric_monitor/nju_electric_monitor/src/../data

101M	/home/runner/work/nju_electric_monitor/nju_electric_monitor/src/../models


=== CONFIG_WORKFLOW SUMMARY ===
{
  "username": "",
  "password": "",
  "auto_login": true,
  "headless_mode": true,
  "captcha_retry_count": 5,
  "save_captcha_images": true,
  "log_level": "INFO",
  "test_mode": false
}

=== FONT DIAGNOSTICS ===
Found system fonts (ttf) count: 59
- /usr/share/fonts/truetype/liberation/LiberationSerif-Regular.ttf
- /usr/share/fonts/truetype/lato/Lato-Bold.ttf
- /usr/share/fonts/truetype/liberation/LiberationMono-Bold.ttf
- /usr/share/fonts/truetype/dejavu/DejaVuSansMono-Oblique.ttf
- /usr/share/fonts/truetype/lato/Lato-LightItalic.ttf
- /usr/share/fonts/truetype/lato/Lato-Heavy.ttf
- /usr/share/fonts/truetype/liberation/LiberationMono-Italic.ttf
- /usr/share/fonts/truetype/lato/Lato-BoldItalic.ttf
- /usr/share/fonts/opentype/noto/NotoSansCJK-Regular.ttc
- /usr/share/fonts/truetype/lato/Lato-Light.ttf
- /usr/share/fonts/truetype/dejavu/DejaVuSerif-Italic.ttf
- /usr/share/fonts/truetype/dejavu/DejaVuSansCondensed-Oblique.ttf
- /usr/share/fonts/truetype/lato/Lato-Black.ttf
- /usr/share/fonts/truetype/lato/Lato-Regular.ttf
- /usr/share/fonts/truetype/dejavu/DejaVuSansMono-BoldOblique.ttf
- /usr/share/fonts/truetype/noto/NotoColorEmoji.ttf
- /usr/share/fonts/truetype/dejavu/DejaVuSerif-Bold.ttf
- /usr/share/fonts/truetype/lato/Lato-HairlineItalic.ttf
- /usr/share/fonts/truetype/liberation/LiberationSans-BoldItalic.ttf
- /usr/share/fonts/truetype/liberation/LiberationMono-BoldItalic.ttf
- /usr/share/fonts/truetype/dejavu/DejaVuSerif.ttf
- /usr/share/fonts/truetype/liberation/LiberationSerif-BoldItalic.ttf
- /usr/share/fonts/truetype/dejavu/DejaVuSansCondensed.ttf
- /usr/share/fonts/opentype/noto/NotoSerifCJK-Bold.ttc
- /usr/share/fonts/truetype/lato/Lato-ThinItalic.ttf
- /usr/share/fonts/truetype/dejavu/DejaVuSans-ExtraLight.ttf
- /usr/share/fonts/truetype/dejavu/DejaVuSerif-BoldItalic.ttf
- /usr/share/fonts/truetype/dejavu/DejaVuSans-Bold.ttf
- /usr/share/fonts/truetype/dejavu/DejaVuMathTeXGyre.ttf
- /usr/share/fonts/truetype/lato/Lato-Hairline.ttf
- /usr/share/fonts/truetype/dejavu/DejaVuSansCondensed-Bold.ttf
- /usr/share/fonts/truetype/wqy/wqy-zenhei.ttc
- /usr/share/fonts/truetype/dejavu/DejaVuSansMono-Bold.ttf
- /usr/share/fonts/truetype/dejavu/DejaVuSans-Oblique.ttf
- /usr/share/fonts/truetype/liberation/LiberationMono-Regular.ttf
- /usr/share/fonts/truetype/lato/Lato-Thin.ttf
- /usr/share/fonts/truetype/lato/Lato-Semibold.ttf
- /usr/share/fonts/truetype/liberation/LiberationSans-Regular.ttf
- /usr/share/fonts/truetype/lato/Lato-MediumItalic.ttf
- /usr/share/fonts/truetype/dejavu/DejaVuSans-BoldOblique.ttf
- /usr/share/fonts/truetype/dejavu/DejaVuSerifCondensed-Bold.ttf
- /usr/share/fonts/truetype/lato/Lato-BlackItalic.ttf
- /usr/share/fonts/truetype/liberation/LiberationSans-Italic.ttf
- /usr/share/fonts/truetype/dejavu/DejaVuSerifCondensed-Italic.ttf
- /usr/share/fonts/truetype/wqy/wqy-microhei.ttc
- /usr/share/fonts/opentype/noto/NotoSerifCJK-Regular.ttc
- /usr/share/fonts/opentype/noto/NotoSansCJK-Bold.ttc
- /usr/share/fonts/truetype/dejavu/DejaVuSans.ttf
- /usr/share/fonts/truetype/dejavu/DejaVuSansCondensed-BoldOblique.ttf
- /usr/share/fonts/truetype/lato/Lato-Medium.ttf

FontManager samples (name -> path):
STIXNonUnicode -> /opt/hostedtoolcache/Python/3.11.14/x64/lib/python3.11/site-packages/matplotlib/mpl-data/fonts/ttf/STIXNonUni.ttf
STIXSizeFourSym -> /opt/hostedtoolcache/Python/3.11.14/x64/lib/python3.11/site-packages/matplotlib/mpl-data/fonts/ttf/STIXSizFourSymReg.ttf
STIXNonUnicode -> /opt/hostedtoolcache/Python/3.11.14/x64/lib/python3.11/site-packages/matplotlib/mpl-data/fonts/ttf/STIXNonUniBolIta.ttf
DejaVu Sans -> /opt/hostedtoolcache/Python/3.11.14/x64/lib/python3.11/site-packages/matplotlib/mpl-data/fonts/ttf/DejaVuSans.ttf
STIXGeneral -> /opt/hostedtoolcache/Python/3.11.14/x64/lib/python3.11/site-packages/matplotlib/mpl-data/fonts/ttf/STIXGeneralBolIta.ttf
STIXSizeTwoSym -> /opt/hostedtoolcache/Python/3.11.14/x64/lib/python3.11/site-packages/matplotlib/mpl-data/fonts/ttf/STIXSizTwoSymReg.ttf
DejaVu Sans Display -> /opt/hostedtoolcache/Python/3.11.14/x64/lib/python3.11/site-packages/matplotlib/mpl-data/fonts/ttf/DejaVuSansDisplay.ttf
DejaVu Sans Mono -> /opt/hostedtoolcache/Python/3.11.14/x64/lib/python3.11/site-packages/matplotlib/mpl-data/fonts/ttf/DejaVuSansMono.ttf
cmtt10 -> /opt/hostedtoolcache/Python/3.11.14/x64/lib/python3.11/site-packages/matplotlib/mpl-data/fonts/ttf/cmtt10.ttf
STIXNonUnicode -> /opt/hostedtoolcache/Python/3.11.14/x64/lib/python3.11/site-packages/matplotlib/mpl-data/fonts/ttf/STIXNonUniBol.ttf
DejaVu Sans Mono -> /opt/hostedtoolcache/Python/3.11.14/x64/lib/python3.11/site-packages/matplotlib/mpl-data/fonts/ttf/DejaVuSansMono-Bold.ttf
DejaVu Serif -> /opt/hostedtoolcache/Python/3.11.14/x64/lib/python3.11/site-packages/matplotlib/mpl-data/fonts/ttf/DejaVuSerif-BoldItalic.ttf
STIXSizeThreeSym -> /opt/hostedtoolcache/Python/3.11.14/x64/lib/python3.11/site-packages/matplotlib/mpl-data/fonts/ttf/STIXSizThreeSymBol.ttf
DejaVu Sans Mono -> /opt/hostedtoolcache/Python/3.11.14/x64/lib/python3.11/site-packages/matplotlib/mpl-data/fonts/ttf/DejaVuSansMono-Oblique.ttf
cmb10 -> /opt/hostedtoolcache/Python/3.11.14/x64/lib/python3.11/site-packages/matplotlib/mpl-data/fonts/ttf/cmb10.ttf
STIXGeneral -> /opt/hostedtoolcache/Python/3.11.14/x64/lib/python3.11/site-packages/matplotlib/mpl-data/fonts/ttf/STIXGeneralBol.ttf
STIXGeneral -> /opt/hostedtoolcache/Python/3.11.14/x64/lib/python3.11/site-packages/matplotlib/mpl-data/fonts/ttf/STIXGeneralItalic.ttf
DejaVu Sans Mono -> /opt/hostedtoolcache/Python/3.11.14/x64/lib/python3.11/site-packages/matplotlib/mpl-data/fonts/ttf/DejaVuSansMono-BoldOblique.ttf
DejaVu Sans -> /opt/hostedtoolcache/Python/3.11.14/x64/lib/python3.11/site-packages/matplotlib/mpl-data/fonts/ttf/DejaVuSans-Oblique.ttf
cmss10 -> /opt/hostedtoolcache/Python/3.11.14/x64/lib/python3.11/site-packages/matplotlib/mpl-data/fonts/ttf/cmss10.ttf
DejaVu Sans -> /opt/hostedtoolcache/Python/3.11.14/x64/lib/python3.11/site-packages/matplotlib/mpl-data/fonts/ttf/DejaVuSans-BoldOblique.ttf
STIXNonUnicode -> /opt/hostedtoolcache/Python/3.11.14/x64/lib/python3.11/site-packages/matplotlib/mpl-data/fonts/ttf/STIXNonUniIta.ttf
DejaVu Serif -> /opt/hostedtoolcache/Python/3.11.14/x64/lib/python3.11/site-packages/matplotlib/mpl-data/fonts/ttf/DejaVuSerif-Italic.ttf
cmmi10 -> /opt/hostedtoolcache/Python/3.11.14/x64/lib/python3.11/site-packages/matplotlib/mpl-data/fonts/ttf/cmmi10.ttf
STIXSizeFourSym -> /opt/hostedtoolcache/Python/3.11.14/x64/lib/python3.11/site-packages/matplotlib/mpl-data/fonts/ttf/STIXSizFourSymBol.ttf
STIXSizeOneSym -> /opt/hostedtoolcache/Python/3.11.14/x64/lib/python3.11/site-packages/matplotlib/mpl-data/fonts/ttf/STIXSizOneSymBol.ttf
cmr10 -> /opt/hostedtoolcache/Python/3.11.14/x64/lib/python3.11/site-packages/matplotlib/mpl-data/fonts/ttf/cmr10.ttf
STIXSizeOneSym -> /opt/hostedtoolcache/Python/3.11.14/x64/lib/python3.11/site-packages/matplotlib/mpl-data/fonts/ttf/STIXSizOneSymReg.ttf
STIXSizeTwoSym -> /opt/hostedtoolcache/Python/3.11.14/x64/lib/python3.11/site-packages/matplotlib/mpl-data/fonts/ttf/STIXSizTwoSymBol.ttf
DejaVu Serif -> /opt/hostedtoolcache/Python/3.11.14/x64/lib/python3.11/site-packages/matplotlib/mpl-data/fonts/ttf/DejaVuSerif-Bold.ttf
DejaVu Serif Display -> /opt/hostedtoolcache/Python/3.11.14/x64/lib/python3.11/site-packages/matplotlib/mpl-data/fonts/ttf/DejaVuSerifDisplay.ttf
DejaVu Sans -> /opt/hostedtoolcache/Python/3.11.14/x64/lib/python3.11/site-packages/matplotlib/mpl-data/fonts/ttf/DejaVuSans-Bold.ttf
STIXGeneral -> /opt/hostedtoolcache/Python/3.11.14/x64/lib/python3.11/site-packages/matplotlib/mpl-data/fonts/ttf/STIXGeneral.ttf
STIXSizeThreeSym -> /opt/hostedtoolcache/Python/3.11.14/x64/lib/python3.11/site-packages/matplotlib/mpl-data/fonts/ttf/STIXSizThreeSymReg.ttf
cmsy10 -> /opt/hostedtoolcache/Python/3.11.14/x64/lib/python3.11/site-packages/matplotlib/mpl-data/fonts/ttf/cmsy10.ttf
DejaVu Serif -> /opt/hostedtoolcache/Python/3.11.14/x64/lib/python3.11/site-packages/matplotlib/mpl-data/fonts/ttf/DejaVuSerif.ttf
STIXSizeFiveSym -> /opt/hostedtoolcache/Python/3.11.14/x64/lib/python3.11/site-packages/matplotlib/mpl-data/fonts/ttf/STIXSizFiveSymReg.ttf
cmex10 -> /opt/hostedtoolcache/Python/3.11.14/x64/lib/python3.11/site-packages/matplotlib/mpl-data/fonts/ttf/cmex10.ttf
Liberation Serif -> /usr/share/fonts/truetype/liberation/LiberationSerif-Regular.ttf
Lato -> /usr/share/fonts/truetype/lato/Lato-Bold.ttf
Liberation Mono -> /usr/share/fonts/truetype/liberation/LiberationMono-Bold.ttf
DejaVu Sans Mono -> /usr/share/fonts/truetype/dejavu/DejaVuSansMono-Oblique.ttf
Lato -> /usr/share/fonts/truetype/lato/Lato-LightItalic.ttf
Lato -> /usr/share/fonts/truetype/lato/Lato-Heavy.ttf
Liberation Mono -> /usr/share/fonts/truetype/liberation/LiberationMono-Italic.ttf
Lato -> /usr/share/fonts/truetype/lato/Lato-BoldItalic.ttf
Noto Sans CJK JP -> /usr/share/fonts/opentype/noto/NotoSansCJK-Regular.ttc
Lato -> /usr/share/fonts/truetype/lato/Lato-Light.ttf
DejaVu Serif -> /usr/share/fonts/truetype/dejavu/DejaVuSerif-Italic.ttf
DejaVu Sans -> /usr/share/fonts/truetype/dejavu/DejaVuSansCondensed-Oblique.ttf

Preferred font find results:
findfont('Microsoft YaHei') failed: Failed to find font Microsoft YaHei:style=normal:variant=normal:weight=normal:stretch=normal:size=10.0, and fallback to the default font was disabled
findfont('Segoe UI') failed: Failed to find font Segoe UI:style=normal:variant=normal:weight=normal:stretch=normal:size=10.0, and fallback to the default font was disabled
findfont('Arial Unicode MS') failed: Failed to find font Arial Unicode MS:style=normal:variant=normal:weight=normal:stretch=normal:size=10.0, and fallback to the default font was disabled
findfont('Noto Sans CJK SC') failed: Failed to find font Noto Sans CJK SC:style=normal:variant=normal:weight=normal:stretch=normal:size=10.0, and fallback to the default font was disabled
findfont('WenQuanYi Micro Hei') -> /usr/share/fonts/truetype/wqy/wqy-microhei.ttc
findfont('WenQuanYi Zen Hei') -> /usr/share/fonts/truetype/wqy/wqy-zenhei.ttc
findfont('DejaVu Sans') -> /opt/hostedtoolcache/Python/3.11.14/x64/lib/python3.11/site-packages/matplotlib/mpl-data/fonts/ttf/DejaVuSans.ttf

fc-list output sample (truncated to 10000 chars):
Liberation Mono - /usr/share/fonts/truetype/liberation/LiberationMono-Bold.ttf
Liberation Serif - /usr/share/fonts/truetype/liberation/LiberationSerif-BoldItalic.ttf
Lato,Lato Hairline - /usr/share/fonts/truetype/lato/Lato-Hairline.ttf
Lato,Lato Heavy - /usr/share/fonts/truetype/lato/Lato-Heavy.ttf
DejaVu Serif,DejaVu Serif Condensed - /usr/share/fonts/truetype/dejavu/DejaVuSerifCondensed-Italic.ttf
Lato,Lato Medium - /usr/share/fonts/truetype/lato/Lato-Medium.ttf
Lato,Lato Light - /usr/share/fonts/truetype/lato/Lato-LightItalic.ttf
WenQuanYi Zen Hei Sharp,文泉驛點陣正黑,文泉驿点阵正黑 - /usr/share/fonts/truetype/wqy/wqy-zenhei.ttc
WenQuanYi Micro Hei Mono,文泉驛等寬微米黑,文泉驿等宽微米黑 - /usr/share/fonts/truetype/wqy/wqy-microhei.ttc
Noto Sans Mono CJK KR - /usr/share/fonts/opentype/noto/NotoSansCJK-Bold.ttc
DejaVu Serif - /usr/share/fonts/truetype/dejavu/DejaVuSerif-Bold.ttf
Noto Sans Mono CJK JP - /usr/share/fonts/opentype/noto/NotoSansCJK-Bold.ttc
Noto Sans Mono CJK HK - /usr/share/fonts/opentype/noto/NotoSansCJK-Bold.ttc
Noto Serif CJK SC - /usr/share/fonts/opentype/noto/NotoSerifCJK-Regular.ttc
DejaVu Math TeX Gyre - /usr/share/fonts/truetype/dejavu/DejaVuMathTeXGyre.ttf
Liberation Sans - /usr/share/fonts/truetype/liberation/LiberationSans-Regular.ttf
Lato - /usr/share/fonts/truetype/lato/Lato-Italic.ttf
Liberation Sans - /usr/share/fonts/truetype/liberation/LiberationSans-Bold.ttf
Noto Serif CJK TC - /usr/share/fonts/opentype/noto/NotoSerifCJK-Regular.ttc
Noto Sans Mono CJK SC - /usr/share/fonts/opentype/noto/NotoSansCJK-Bold.ttc
Liberation Mono - /usr/share/fonts/truetype/liberation/LiberationMono-Italic.ttf
Noto Sans Mono CJK TC - /usr/share/fonts/opentype/noto/NotoSansCJK-Bold.ttc
DejaVu Sans,DejaVu Sans Condensed - /usr/share/fonts/truetype/dejavu/DejaVuSansCondensed.ttf
DejaVu Serif,DejaVu Serif Condensed - /usr/share/fonts/truetype/dejavu/DejaVuSerifCondensed.ttf
Liberation Serif - /usr/share/fonts/truetype/liberation/LiberationSerif-Italic.ttf
Lato,Lato Heavy - /usr/share/fonts/truetype/lato/Lato-HeavyItalic.ttf
Lato - /usr/share/fonts/truetype/lato/Lato-BoldItalic.ttf
Noto Serif CJK JP - /usr/share/fonts/opentype/noto/NotoSerifCJK-Regular.ttc
Lato,Lato Medium - /usr/share/fonts/truetype/lato/Lato-MediumItalic.ttf
Noto Serif CJK HK - /usr/share/fonts/opentype/noto/NotoSerifCJK-Regular.ttc
DejaVu Serif - /usr/share/fonts/truetype/dejavu/DejaVuSerif-Italic.ttf
DejaVu Sans - /usr/share/fonts/truetype/dejavu/DejaVuSans.ttf
Noto Serif CJK KR - /usr/share/fonts/opentype/noto/NotoSerifCJK-Regular.ttc
Lato,Lato Semibold - /usr/share/fonts/truetype/lato/Lato-SemiboldItalic.ttf
Lato,Lato Thin - /usr/share/fonts/truetype/lato/Lato-ThinItalic.ttf
DejaVu Sans,DejaVu Sans Condensed - /usr/share/fonts/truetype/dejavu/DejaVuSansCondensed-BoldOblique.ttf
Noto Sans CJK JP - /usr/share/fonts/opentype/noto/NotoSansCJK-Regular.ttc
Liberation Sans - /usr/share/fonts/truetype/liberation/LiberationSans-Italic.ttf
Noto Sans CJK HK - /usr/share/fonts/opentype/noto/NotoSansCJK-Regular.ttc
Lato,Lato Black - /usr/share/fonts/truetype/lato/Lato-BlackItalic.ttf
Lato,Lato Thin - /usr/share/fonts/truetype/lato/Lato-Thin.ttf
DejaVu Sans,DejaVu Sans Condensed - /usr/share/fonts/truetype/dejavu/DejaVuSansCondensed-Oblique.ttf
Noto Sans CJK KR - /usr/share/fonts/opentype/noto/NotoSansCJK-Regular.ttc
Lato,Lato Light - /usr/share/fonts/truetype/lato/Lato-Light.ttf
Noto Sans CJK TC - /usr/share/fonts/opentype/noto/NotoSansCJK-Regular.ttc
DejaVu Sans,DejaVu Sans Condensed - /usr/share/fonts/truetype/dejavu/DejaVuSansCondensed-Bold.ttf
DejaVu Sans Mono - /usr/share/fonts/truetype/dejavu/DejaVuSansMono-Oblique.ttf
Lato,Lato Hairline - /usr/share/fonts/truetype/lato/Lato-HairlineItalic.ttf
Noto Sans CJK SC - /usr/share/fonts/opentype/noto/NotoSansCJK-Regular.ttc
WenQuanYi Zen Hei,文泉驛正黑,文泉驿正黑 - /usr/share/fonts/truetype/wqy/wqy-zenhei.ttc
Lato,Lato Black - /usr/share/fonts/truetype/lato/Lato-Black.ttf
Lato - /usr/share/fonts/truetype/lato/Lato-Regular.ttf
DejaVu Sans - /usr/share/fonts/truetype/dejavu/DejaVuSans-BoldOblique.ttf
Liberation Mono - /usr/share/fonts/truetype/liberation/LiberationMono-BoldItalic.ttf
Noto Sans Mono CJK KR - /usr/share/fonts/opentype/noto/NotoSansCJK-Regular.ttc
Liberation Mono - /usr/share/fonts/truetype/liberation/LiberationMono-Regular.ttf
Noto Sans Mono CJK HK - /usr/share/fonts/opentype/noto/NotoSansCJK-Regular.ttc
DejaVu Sans,DejaVu Sans Light - /usr/share/fonts/truetype/dejavu/DejaVuSans-ExtraLight.ttf
DejaVu Serif - /usr/share/fonts/truetype/dejavu/DejaVuSerif.ttf
Noto Sans Mono CJK JP - /usr/share/fonts/opentype/noto/NotoSansCJK-Regular.ttc
Noto Serif CJK JP - /usr/share/fonts/opentype/noto/NotoSerifCJK-Bold.ttc
Noto Serif CJK HK - /usr/share/fonts/opentype/noto/NotoSerifCJK-Bold.ttc
Noto Serif CJK KR - /usr/share/fonts/opentype/noto/NotoSerifCJK-Bold.ttc
Noto Serif CJK TC - /usr/share/fonts/opentype/noto/NotoSerifCJK-Bold.ttc
Lato - /usr/share/fonts/truetype/lato/Lato-Bold.ttf
Noto Sans CJK SC - /usr/share/fonts/opentype/noto/NotoSansCJK-Bold.ttc
Noto Sans Mono CJK TC - /usr/share/fonts/opentype/noto/NotoSansCJK-Regular.ttc
Noto Sans CJK TC - /usr/share/fonts/opentype/noto/NotoSansCJK-Bold.ttc
Noto Serif CJK SC - /usr/share/fonts/opentype/noto/NotoSerifCJK-Bold.ttc
DejaVu Sans Mono - /usr/share/fonts/truetype/dejavu/DejaVuSansMono-Bold.ttf
DejaVu Serif - /usr/share/fonts/truetype/dejavu/DejaVuSerif-BoldItalic.ttf
WenQuanYi Zen Hei Mono,文泉驛等寬正黑,文泉驿等宽正黑 - /usr/share/fonts/truetype/wqy/wqy-zenhei.ttc
DejaVu Sans Mono - /usr/share/fonts/truetype/dejavu/DejaVuSansMono.ttf
Noto Sans CJK JP - /usr/share/fonts/opentype/noto/NotoSansCJK-Bold.ttc
Noto Sans CJK HK - /usr/share/fonts/opentype/noto/NotoSansCJK-Bold.ttc
Noto Sans CJK KR - /usr/share/fonts/opentype/noto/NotoSansCJK-Bold.ttc
WenQuanYi Micro Hei,文泉驛微米黑,文泉驿微米黑 - /usr/share/fonts/truetype/wqy/wqy-microhei.ttc
Noto Sans Mono CJK SC - /usr/share/fonts/opentype/noto/NotoSansCJK-Regular.ttc
Noto Color Emoji - /usr/share/fonts/truetype/noto/NotoColorEmoji.ttf
DejaVu Sans Mono - /usr/share/fonts/truetype/dejavu/DejaVuSansMono-BoldOblique.ttf
Liberation Sans - /usr/share/fonts/truetype/liberation/LiberationSans-BoldItalic.ttf
Liberation Serif - /usr/share/fonts/truetype/liberation/LiberationSerif-Regular.ttf
Lato,Lato Semibold - /usr/share/fonts/truetype/lato/Lato-Semibold.ttf
DejaVu Sans - /usr/share/fonts/truetype/dejavu/DejaVuSans-Oblique.ttf
DejaVu Serif,DejaVu Serif Condensed - /usr/share/fonts/truetype/dejavu/DejaVuSerifCondensed-Bold.ttf
DejaVu Sans - /usr/share/fonts/truetype/dejavu/DejaVuSans-Bold.ttf
Liberation Serif - /usr/share/fonts/truetype/liberation/LiberationSerif-Bold.ttf
DejaVu Serif,DejaVu Serif Condensed - /usr/share/fonts/truetype/dejavu/DejaVuSerifCondensed-BoldItalic.ttf

Running workflow script: /home/runner/work/nju_electric_monitor/nju_electric_monitor/src/nju_electric_monitor_workflow.py
[0;93m2026-03-02 01:55:39.547877656 [W:onnxruntime:Default, device_discovery.cc:131 GetPciBusId] Skipping pci_bus_id for PCI path at "/sys/devices/LNXSYSTM:00/LNXSYBUS:00/ACPI0004:00/VMBUS:00/5620e0c7-8062-4dce-aeb7-520c7ef76171" because filename ""5620e0c7-8062-4dce-aeb7-520c7ef76171"" dit not match expected pattern of [0-9a-f]+:[0-9a-f]+:[0-9a-f]+[.][0-9a-f]+[m
2026-03-02 01:55:40,209 - INFO - Matplotlib 字体设置：使用回退字体列表，首选可用字体: Noto Sans CJK JP
2026-03-02 01:55:41,475 - INFO - 使用 ChromeDriver: /usr/bin/chromedriver
2026-03-02 01:55:41,541 - INFO - ddddocr 识别器初始化成功
2026-03-02 01:55:41,541 - INFO - 开始南京大学电费监控流程（自动无头模式）
2026-03-02 01:55:41,542 - INFO - 已初始化并清空验证码图片目录: /home/runner/work/nju_electric_monitor/nju_electric_monitor/src/../data/captcha_workflow
2026-03-02 01:55:41,542 - INFO - 正在打开页面: https://epay.nju.edu.cn/epay/h5/nju/electric/index
2026-03-02 01:55:49,095 - INFO - 等待登录表单加载...
2026-03-02 01:55:49,105 - INFO - 登录表单已加载
2026-03-02 01:55:49,105 - INFO - 开始填写登录表单...
2026-03-02 01:55:49,192 - INFO - 用户名填写完成
2026-03-02 01:55:49,261 - INFO - 密码填写完成
2026-03-02 01:55:49,261 - INFO - 开始处理验证码（两层嵌套重试）...
2026-03-02 01:55:49,261 - INFO - 外层页面重试 1/5
2026-03-02 01:55:49,261 - INFO - 等待登录表单加载...
2026-03-02 01:55:49,267 - INFO - 登录表单已加载
2026-03-02 01:55:49,268 - INFO - 开始填写登录表单...
2026-03-02 01:55:49,333 - INFO - 用户名填写完成
2026-03-02 01:55:49,396 - INFO - 密码填写完成
2026-03-02 01:55:49,396 - INFO - 查找验证码图片...
2026-03-02 01:55:49,416 - INFO - 找到验证码图片，开始截图...
2026-03-02 01:55:49,472 - INFO - 验证码图片截取成功
2026-03-02 01:55:49,473 - INFO - 验证码图片已保存到 /home/runner/work/nju_electric_monitor/nju_electric_monitor/src/../data/captcha_debug.png
2026-03-02 01:55:49,474 - INFO - 验证码图片已保存到 /home/runner/work/nju_electric_monitor/nju_electric_monitor/src/../data/captcha_workflow/captcha_outer1.png
2026-03-02 01:55:49,474 - INFO - 验证码识别（同一图片）尝试 1/3，外层 1/5
2026-03-02 01:55:49,474 - INFO - 开始使用 ddddocr 识别验证码...
2026-03-02 01:55:49,484 - INFO - ddddocr 最终验证码识别结果: S9SU
2026-03-02 01:55:49,484 - INFO - 已将验证码图片重命名为: /home/runner/work/nju_electric_monitor/nju_electric_monitor/src/../data/captcha_workflow/S9SU.png
2026-03-02 01:55:49,484 - INFO - 查找验证码输入框...
2026-03-02 01:55:49,538 - INFO - 通过 XPath 找到 1 个验证码候选输入框，使用第一个。
2026-03-02 01:55:49,591 - INFO - 验证码填写完成
2026-03-02 01:55:49,591 - INFO - 验证码填写完成，点击登录按钮...
2026-03-02 01:55:49,591 - INFO - 查找并点击登录按钮...
2026-03-02 01:55:49,613 - INFO - 通过 ID=login_submit 找到登录按钮
2026-03-02 01:55:49,663 - INFO - 已点击登录按钮
2026-03-02 01:55:57,729 - INFO - 检测到英文验证码错误提示: 'Verification code error \n\t\t\t\t\t\tVerification code error'
2026-03-02 01:55:57,729 - WARNING - 检测到验证码错误提示，将重新加载页面获取新验证码
2026-03-02 01:55:57,729 - INFO - 本轮登录未成功，等待 5 秒后进行下一轮验证码重试...
2026-03-02 01:56:02,729 - INFO - 外层页面重试 2/5
2026-03-02 01:56:07,000 - INFO - 等待登录表单加载...
2026-03-02 01:56:07,006 - INFO - 登录表单已加载
2026-03-02 01:56:07,006 - INFO - 开始填写登录表单...
2026-03-02 01:56:07,073 - INFO - 用户名填写完成
2026-03-02 01:56:07,138 - INFO - 密码填写完成
2026-03-02 01:56:07,138 - INFO - 查找验证码图片...
2026-03-02 01:56:07,152 - INFO - 找到验证码图片，开始截图...
2026-03-02 01:56:07,185 - INFO - 验证码图片截取成功
2026-03-02 01:56:07,186 - INFO - 验证码图片已保存到 /home/runner/work/nju_electric_monitor/nju_electric_monitor/src/../data/captcha_debug.png
2026-03-02 01:56:07,187 - INFO - 验证码图片已保存到 /home/runner/work/nju_electric_monitor/nju_electric_monitor/src/../data/captcha_workflow/captcha_outer2.png
2026-03-02 01:56:07,187 - INFO - 验证码识别（同一图片）尝试 1/3，外层 2/5
2026-03-02 01:56:07,187 - INFO - 开始使用 ddddocr 识别验证码...
2026-03-02 01:56:07,196 - INFO - ddddocr 最终验证码识别结果: MDB4
2026-03-02 01:56:07,196 - INFO - 已将验证码图片重命名为: /home/runner/work/nju_electric_monitor/nju_electric_monitor/src/../data/captcha_workflow/MDB4.png
2026-03-02 01:56:07,196 - INFO - 查找验证码输入框...
2026-03-02 01:56:07,249 - INFO - 通过 XPath 找到 1 个验证码候选输入框，使用第一个。
2026-03-02 01:56:07,303 - INFO - 验证码填写完成
2026-03-02 01:56:07,303 - INFO - 验证码填写完成，点击登录按钮...
2026-03-02 01:56:07,303 - INFO - 查找并点击登录按钮...
2026-03-02 01:56:07,322 - INFO - 通过 ID=login_submit 找到登录按钮
2026-03-02 01:56:07,861 - INFO - 已点击登录按钮
2026-03-02 01:56:15,908 - INFO - 检测到英文验证码错误提示: 'Verification code error \n\t\t\t\t\t\tVerification code error'
2026-03-02 01:56:15,908 - WARNING - 检测到验证码错误提示，将重新加载页面获取新验证码
2026-03-02 01:56:15,908 - INFO - 本轮登录未成功，等待 5 秒后进行下一轮验证码重试...
2026-03-02 01:56:20,909 - INFO - 外层页面重试 3/5
2026-03-02 01:56:25,144 - INFO - 等待登录表单加载...
2026-03-02 01:56:25,151 - INFO - 登录表单已加载
2026-03-02 01:56:25,151 - INFO - 开始填写登录表单...
2026-03-02 01:56:25,218 - INFO - 用户名填写完成
2026-03-02 01:56:25,281 - INFO - 密码填写完成
2026-03-02 01:56:25,281 - INFO - 查找验证码图片...
2026-03-02 01:56:25,295 - INFO - 找到验证码图片，开始截图...
2026-03-02 01:56:25,335 - INFO - 验证码图片截取成功
2026-03-02 01:56:25,336 - INFO - 验证码图片已保存到 /home/runner/work/nju_electric_monitor/nju_electric_monitor/src/../data/captcha_debug.png
2026-03-02 01:56:25,336 - INFO - 验证码图片已保存到 /home/runner/work/nju_electric_monitor/nju_electric_monitor/src/../data/captcha_workflow/captcha_outer3.png
2026-03-02 01:56:25,336 - INFO - 验证码识别（同一图片）尝试 1/3，外层 3/5
2026-03-02 01:56:25,336 - INFO - 开始使用 ddddocr 识别验证码...
2026-03-02 01:56:25,346 - INFO - ddddocr 最终验证码识别结果: C8RV
2026-03-02 01:56:25,346 - INFO - 已将验证码图片重命名为: /home/runner/work/nju_electric_monitor/nju_electric_monitor/src/../data/captcha_workflow/C8RV.png
2026-03-02 01:56:25,346 - INFO - 查找验证码输入框...
2026-03-02 01:56:25,398 - INFO - 通过 XPath 找到 1 个验证码候选输入框，使用第一个。
2026-03-02 01:56:25,453 - INFO - 验证码填写完成
2026-03-02 01:56:25,453 - INFO - 验证码填写完成，点击登录按钮...
2026-03-02 01:56:25,453 - INFO - 查找并点击登录按钮...
2026-03-02 01:56:25,472 - INFO - 通过 ID=login_submit 找到登录按钮
2026-03-02 01:56:28,168 - INFO - 已点击登录按钮
2026-03-02 01:56:36,217 - INFO - 检测到英文验证码错误提示: 'Verification code error \n\t\t\t\t\t\tVerification code error'
2026-03-02 01:56:36,217 - WARNING - 检测到验证码错误提示，将重新加载页面获取新验证码
2026-03-02 01:56:36,217 - INFO - 本轮登录未成功，等待 5 秒后进行下一轮验证码重试...
2026-03-02 01:56:41,217 - INFO - 外层页面重试 4/5
2026-03-02 01:56:45,518 - INFO - 等待登录表单加载...
2026-03-02 01:56:45,525 - INFO - 登录表单已加载
2026-03-02 01:56:45,525 - INFO - 开始填写登录表单...
2026-03-02 01:56:45,591 - INFO - 用户名填写完成
2026-03-02 01:56:45,656 - INFO - 密码填写完成
2026-03-02 01:56:45,656 - INFO - 查找验证码图片...
2026-03-02 01:56:45,670 - INFO - 找到验证码图片，开始截图...
2026-03-02 01:56:45,718 - INFO - 验证码图片截取成功
2026-03-02 01:56:45,718 - INFO - 验证码图片已保存到 /home/runner/work/nju_electric_monitor/nju_electric_monitor/src/../data/captcha_debug.png
2026-03-02 01:56:45,719 - INFO - 验证码图片已保存到 /home/runner/work/nju_electric_monitor/nju_electric_monitor/src/../data/captcha_workflow/captcha_outer4.png
2026-03-02 01:56:45,719 - INFO - 验证码识别（同一图片）尝试 1/3，外层 4/5
2026-03-02 01:56:45,719 - INFO - 开始使用 ddddocr 识别验证码...
2026-03-02 01:56:45,729 - INFO - ddddocr 最终验证码识别结果: JND7
2026-03-02 01:56:45,729 - INFO - 已将验证码图片重命名为: /home/runner/work/nju_electric_monitor/nju_electric_monitor/src/../data/captcha_workflow/JND7.png
2026-03-02 01:56:45,729 - INFO - 查找验证码输入框...
2026-03-02 01:56:45,779 - INFO - 通过 XPath 找到 1 个验证码候选输入框，使用第一个。
2026-03-02 01:56:45,836 - INFO - 验证码填写完成
2026-03-02 01:56:45,836 - INFO - 验证码填写完成，点击登录按钮...
2026-03-02 01:56:45,836 - INFO - 查找并点击登录按钮...
2026-03-02 01:56:45,857 - INFO - 通过 ID=login_submit 找到登录按钮
2026-03-02 01:56:50,174 - INFO - 已点击登录按钮
2026-03-02 01:56:58,200 - INFO - 未检测到验证码错误提示，验证码可能通过
2026-03-02 01:56:58,200 - INFO - 等待登录成功...
2026-03-02 01:56:58,210 - INFO - 检测到已跳转到电费页面: https://epay.nju.edu.cn/epay/h5/nju/electric/index
2026-03-02 01:56:58,210 - INFO - 查找'去充值'按钮...
2026-03-02 01:56:58,233 - INFO - 通过文本包含 '去充值' 找到充值按钮
2026-03-02 01:56:59,729 - INFO - 已点击充值按钮
2026-03-02 01:57:02,730 - INFO - 开始提取剩余电量信息...
2026-03-02 01:57:02,746 - INFO - 找到电量信息元素（已省略具体文本以保护隐私）
2026-03-02 01:57:02,747 - WARNING - 未在元素中找到标准格式的电量信息
2026-03-02 01:57:02,761 - INFO - 找到 i 标签中的电量信息（已省略具体文本）
2026-03-02 01:57:02,761 - WARNING - i标签中未找到标准格式的电量信息
2026-03-02 01:57:02,761 - WARNING - 未找到i标签中的电量信息
2026-03-02 01:57:02,763 - INFO - 在页面源码中查找电量信息...
2026-03-02 01:57:02,764 - INFO - 从页面源码中提取到剩余电量: 25.05 度
2026-03-02 01:57:02,777 - INFO - 数据已保存: 25.05 度
2026-03-02 01:57:03,029 - INFO - 电量变化曲线图已保存到: /home/runner/work/nju_electric_monitor/nju_electric_monitor/src/../data/electricity_trend.png
2026-03-02 01:57:03,261 - INFO - 最近20次电量变化曲线图已保存到: /home/runner/work/nju_electric_monitor/nju_electric_monitor/src/../data/recent_20_changes.png
2026-03-02 01:57:03,261 - INFO - 监控流程完成
Wrapper end: 2026-03-02T09:57:03.481245+08:00
